--------------------------------------------
[ 1.40644136 -0.39846083  0.33796068 -0.02586073  0.63005414  1.15882118] -237.2823312574663
[ 0.14529913  0.42809637  0.25585413 -1.60157668 -1.71732465 -0.17124792] -228.72092657903184
[-0.86309648  3.0008278  -0.33992384 -0.83738633  0.24840912 -2.32637709] -221.33353386248072
[-1.58725357 -0.58254559 -0.22478388 -0.53418701 -0.41813935 -0.58730961] -212.8705989843546
[ 0.39323891  0.89961166 -0.40244936  0.54322838 -0.13392048  1.7245746 ] -218.8140305864361
[ 0.48404585  0.45086106  0.28747994 -1.87064668 -1.09833069  1.10435331] -227.0570021610018
[-0.61802272  0.29152597  0.92019838  0.99760529 -0.10534022 -0.11571213] -210.41577497843957
[-2.08837099  1.89458659 -0.17250222 -1.07512695 -1.70493623 -1.28272746] -224.75781805420522
[-1.57178546  1.55685946 -0.23318112  0.67607224  0.64657204 -0.32315154] -221.79258311361775
[-2.59580929  1.9027609  -0.43836062  1.79404855  0.60921232 -2.07458772] -230.82167141699952
[-0.28591793  0.81383602  0.1060198  -0.95447287 -0.67144494  0.30961805] -215.23626968584432
[0.57742524 0.09878519 0.11446221 1.03874684 1.56031495 0.84327489] -239.939980824835
[-1.42192193  1.44563624 -0.10076111 -0.5466585  -0.88862343 -0.75122687] -212.32390268124374
[ 0.11079422  0.39943791  0.21928112 -1.12002926 -1.30292514 -0.25899281] -220.3581011927612
[-0.27326453 -1.9116604   0.51242549  0.29921501 -1.42187365  2.43336083] -218.81707767288611
[-1.37517481 -0.08063661  0.05093533  1.05493935  0.08981112  1.26342777] -215.87026312657048
[-1.35841949  2.84080297 -0.3960391  -0.1123968   0.71265454 -1.81890356] -224.85651879502623
[-0.54455327 -0.72354456  0.28530934  0.19631206 -0.8882416   1.37029473] -212.5638632803875
[-2.33752033 -0.51152118  0.74808866 -0.47204894 -0.82673899 -1.22821062] -214.72727605368024
[-0.88988844  0.32509891  0.52708841 -1.49275601 -1.35598729 -1.59760992] -223.94469526291712
[-1.25385322  0.02079727  0.1699736   0.41801551 -0.27163849  0.54816835] -211.40148174014297
[-2.30179041 -0.83371997  0.49332186  0.97415234 -0.46146242 -0.56428344] -212.7762672609889
[-0.23827805  0.38423763 -0.23366925  0.9737955  -0.18440951  1.19485429] -213.53869211958965
[-0.76308862  0.16029793  0.01177022  0.61233439 -0.34499188  0.58908806] -211.07502084817918
[-0.71382315  0.70287655  0.81805464  1.41810737 -0.56862667  0.94608585] -209.7839868819806
[-0.27710795  1.34558762  1.3394739   2.39425457 -0.64387032  1.71278357] -213.7069902650871
[ 0.53003611  1.46624977  0.20819316  0.05775303 -0.56102501  1.4265161 ] -216.57522984012232
[-1.59383378 -0.25872754  0.42203969  0.74505251 -0.48635307 -0.06658355] -209.95175558109665
[-1.57696121e+00  1.51101337e+00  4.61782465e-01  1.01850680e+00
 -2.82986511e-04 -9.87021497e-01] -213.8426170662681
[-0.80265525 -0.16490508  0.32942762  0.40186074 -0.66625195  0.78096567] -210.248772022258
[-0.49317032 -1.19501454  0.99124916  2.07765044  0.07422268  1.64523095] -215.028373003648
[-1.18973403  0.78547354  0.17224146  0.10941873 -0.64791191 -0.15211242] -209.81422398520613
[-0.63986597  0.48471652  0.72127041  1.01011084 -0.66818674  0.11240881] -208.61363088994474
[-0.33287234  0.71667615  0.99691882  1.3061585  -0.86646087 -0.10547095] -208.94211005497462
[-1.08955635  0.4533554   1.11597385  0.94838411 -0.70256497 -0.08740399] -208.63711008777167
[-1.39180012  0.3760705   0.27280417  0.54670615 -1.14129154  0.62683226] -210.04442566432678
[-1.40354922  1.01282674  0.84470045  1.1907325  -0.73872635 -0.32122335] -210.14732632011942
[-1.25332573  0.71839378  0.71588224  0.99351456 -0.72060775 -0.0456761 ] -209.1569862102079
[-0.76824621  0.58595892  1.04901659  1.19482323 -0.12345882 -0.39125939] -210.02886262423058
[-0.92413469  0.53348682  0.85496349  1.03279396 -0.377917   -0.13673648] -209.1895167568664
[-0.34297952  1.48482841  1.04408901  1.09239068 -0.74225194  0.27877211] -209.5239692010879
[-0.46482778  0.67374562  1.58450309  2.05568177 -0.61213978  0.50792915] -210.34641912747804
[-1.00850747  0.75754156  0.52530687  0.59598449 -0.63896888  0.01289798] -209.02147221710544
[-1.03896675  0.77456428  0.84110731  0.47295217 -0.71487243 -0.90133173] -209.02639666652396
[-1.64180613 -0.24414229  0.54741238  0.59218936 -0.53212064 -0.62738595] -209.7786187419656
[-0.66768617  1.05258573  0.91991985  0.96734035 -0.68971912  0.0522326 ] -208.84760302431872
[-0.97516812  0.88023228  0.75819002  0.62996821 -1.00038962 -0.14888766] -209.0156712157689
[-0.55325789  0.74927147  0.91137386  0.5480655  -0.7509595  -0.2743519 ] -208.88971504897546
[-0.6057139   0.68467004  0.80957097  1.09366566 -0.76872385  0.79029701] -209.11070107977284
[-0.93065354  0.75209072  0.83322323  0.62813054 -0.72833528 -0.47842455] -208.69266024276385
[-0.61022188  0.69987581  1.22801021  0.98134869 -0.8744162  -0.28770687] -208.6573754580642
[-0.52191248  0.51706628  1.15173378  1.06449179 -0.47100431 -0.1721943 ] -208.7985796176842
[-0.93337425  0.57062535  1.07866991  1.31853661 -0.62711604 -0.01267753] -208.85756030849154
[-0.83834516  0.61528688  1.0368459   1.12591883 -0.65807691 -0.07809612] -208.591705216703
[-0.87583228  0.1215448   1.10909927  0.95212125 -0.67780902 -0.38270494] -208.40823441596427
[-0.97990534 -0.34397566  1.20368898  0.9445117  -0.67185397 -0.6001737 ] -208.65236132790335
[-1.13957925  0.52522377  0.86307384  0.81751296 -0.96545873 -0.22844825] -208.8872316325597
[-0.67632917  0.51910565  1.07956879  1.00274708 -0.59461792 -0.18625779] -208.5275987829565
[-0.6460634   0.21253763  1.26369958  1.37874639 -0.6635553   0.17517092] -208.61935974409397
[-0.97844223  0.10230648  0.88080906  1.15799414 -0.44718741  0.13874584] -209.07216589494203
[-0.70227697  0.55048348  1.14120992  1.02551005 -0.76760901 -0.18109369] -208.45425033710072
[-0.37001463  0.38120292  1.00125745  1.21666738 -0.64072    -0.09278695] -208.6337845596209
[-0.54990006  0.39924104  1.02993655  1.14959656 -0.65618124 -0.09144121] -208.48727805561185
[-0.78145314  0.68425516  0.7756107   0.70992181 -0.67727164 -0.44423256] -208.64322852479702
[-0.67991083  0.33046702  1.14167736  1.21154025 -0.66698439  0.02032005] -208.47979149166852
[-0.80099886  0.36065977  1.45817552  1.1457005  -0.67223942 -0.41216671] -208.53192950141664
[-0.5900709   0.14521371  1.28304324  1.0364864  -0.68707009 -0.33301864] -208.46608593452186
[-0.55710788  0.32802546  0.80333619  0.98030003 -0.67785114  0.02743464] -208.58997798522978
[-0.74002611  0.35250119  1.29446569  1.10435038 -0.67364235 -0.30226638] -208.43223011561696
[-0.70300988  0.11404476  1.25357521  1.15712121 -0.78181411 -0.23714382] -208.4390816207233
[-0.8804756   0.13884394  1.37775369  1.01277996 -0.76212841 -0.38052793] -208.46160666622558
[-0.81731975  0.14374361  1.34470498  0.88458284 -0.78303994 -0.62590518] -208.55050215175925
[-0.71426306  0.28378617  1.19243427  1.1298009  -0.69599828 -0.14123626] -208.4072087510785
[-0.94855707  0.37518774  1.17313611  1.09074152 -0.7659303  -0.20863903] -208.51261827677726
[-0.67969244  0.20270722  1.25556646  1.05005018 -0.70678514 -0.30192374] -208.4053026255826
[-0.59122465  0.40284526  1.03769659  1.12687137 -0.67242422 -0.13492834] -208.45231103623925
[-0.73240584 -0.05800701  1.23973591  1.14792838 -0.63521537 -0.31897413] -208.4532051881518
[-0.72487362  0.09411561  1.21510441  1.1173238  -0.66831378 -0.28450402] -208.40482468445333
[-0.88800782 -0.01327868  1.40238518  1.04338454 -0.72903    -0.41499804] -208.4833576260196
[-0.66542044  0.29881428  1.12886874  1.10599966 -0.68657567 -0.20494577] -208.4017981419249
[-0.76369277  0.33711166  1.14493773  0.99609418 -0.58789396 -0.30204988] -208.47181046029604
[-0.7181806   0.16981149  1.22641584  1.11686445 -0.73333408 -0.25337033] -208.39812985710037
[-0.71939471  0.03775866  1.08136397  1.05303636 -0.71596297 -0.22062864] -208.40190865441357
[-0.53144268  0.24078634  1.25748529  1.23890387 -0.72451428 -0.08616465] -208.49356521845445
[-0.78973488  0.15135519  1.14619578  1.0238169  -0.68948534 -0.30856986] -208.38377780280018
[-0.71816917  0.03440131  1.15873747  1.02589622 -0.70415405 -0.3834112 ] -208.4198488372867
[-0.71523959  0.22143995  1.18401007  1.10382473 -0.69803722 -0.20177999] -208.3906967820135
[-0.76458884  0.12172451  1.07175314  1.12357179 -0.69045121 -0.18934247] -208.38946691415367
[-0.73264606  0.23951908  1.06443144  1.05838083 -0.73630172 -0.17504167] -208.37982093538227
[-0.73653228  0.31222081  0.98909495  1.02890935 -0.77029568 -0.12031049] -208.39603417597348
[-0.7425421   0.3631295   1.19252769  1.12444976 -0.6954321  -0.22372139] -208.41666363253816
[-0.72518156  0.11910137  1.1091549   1.07088971 -0.71083025 -0.22140183] -208.38482430120524
[-0.81643674  0.04216958  1.13845165  1.05978315 -0.73290427 -0.24488962] -208.39207165982617
[-0.79642862  0.12862507  1.01158315  1.02989125 -0.68600259 -0.19363815] -208.3918782988333
[-0.69150311  0.28508547  1.05725784  1.07700859 -0.67079851 -0.18503504] -208.40214177248814
[-0.78520333  0.10289856  1.1181532   1.06408951 -0.71737783 -0.22992597] -208.38111085563955
[-0.70776947  0.19005448  1.21964969  1.11829991 -0.7281586  -0.24838245] -208.3970636938017
[-0.77426383  0.14398242  1.06359979  1.05199341 -0.69654159 -0.20732422] -208.38161963241865
[-0.80863325  0.07142042  1.00708602  1.02708933 -0.71562542 -0.24208868] -208.389247797704
[-0.77396546  0.15436784  1.09778723  0.97518145 -0.73160284 -0.27210828] -208.3826990434572
[-0.71836513  0.23232106  1.19268809  1.05436128 -0.71175443 -0.2293686 ] -208.38578464948148
[-0.74093216  0.1920959   1.14628757  1.04754329 -0.71272218 -0.23254862] -208.37895349831936
[-0.80706702  0.20897163  1.10299676  1.00277875 -0.71718024 -0.25377105] -208.37627060946747
[-0.84800975  0.25390675  1.09991769  0.96872328 -0.72035524 -0.26995566] -208.38442015353633
[-0.74829107  0.19592329  1.05155622  1.04283885 -0.7477568  -0.14833674] -208.38096028190378
[-0.75550236  0.20676245  1.08455443  1.11402677 -0.71102394 -0.14354114] -208.3871486175427
[-0.76934969  0.16746649  1.09447903  1.00989278 -0.72645812 -0.2399665 ] -208.3768405886026
[-0.75356595  0.22497589  1.12903495  1.02318126 -0.75605737 -0.21920596] -208.3807969184664
[-0.73208065  0.3067522   1.07810879  0.99744908 -0.74811431 -0.19303087] -208.3847586110858
[-0.77192266  0.15386197  1.1081421   1.0474294  -0.72506195 -0.2207022 ] -208.37646036592872
[-0.77687011  0.19970703  1.16356773  1.02022993 -0.71017039 -0.29874192] -208.37972650795166
[-0.77936329  0.16223148  1.09759992  1.03890374 -0.68657416 -0.25438469] -208.38159345075303
[-0.76001528  0.20928979  1.1211762   1.02711188 -0.73868657 -0.22800064] -208.3765268612504
[-0.80940624  0.13761186  1.18111836  0.99328117 -0.70712477 -0.31620197] -208.38655055166717
[-0.75183611  0.21404227  1.09360317  1.04210592 -0.72900748 -0.21033175] -208.37578441668748
[-0.75683753  0.18220232  1.05866054  1.03872408 -0.73953512 -0.16303166] -208.3787674357248
[-0.79807727  0.18651559  1.04673169  1.00847098 -0.74592098 -0.20605264] -208.37734111586153
[-0.79591848  0.19784692  1.13038244  1.00720582 -0.72123666 -0.28990993] -208.37732181648937
[-0.75395914  0.19731077  1.17019487  1.03703721 -0.70662269 -0.27484138] -208.38033960222293
[-0.78704774  0.18921438  1.07759749  1.01561253 -0.73609641 -0.22324983] -208.3751324516806
[-0.75316102  0.18310192  1.06894914  1.0411046  -0.73626026 -0.16876405] -208.3782681869863
[-0.78522911  0.19416067  1.11502411  1.01568052 -0.72499256 -0.25962346] -208.3753483688598
[-0.78502295  0.22238041  1.11170091  1.04034689 -0.73055028 -0.22525981] -208.37593001171817
[-0.80269325  0.18492066  1.08184532  1.02753946 -0.71560974 -0.23631205] -208.37586178311886
[-0.80104273  0.25070137  1.08611382  1.00059196 -0.72608362 -0.24881378] -208.37647442059088
[-0.77920268  0.17807182  1.10263503  1.03572004 -0.72531737 -0.22773009] -208.37502562908193
[-0.75661026  0.18529178  1.09113858  1.05622303 -0.7366777  -0.20706462] -208.3766571993032
[-0.79445283  0.20305166  1.10003222  1.01613982 -0.72205461 -0.24209444] -208.37493738393215
[-0.78179762  0.16544008  1.07854486  1.01058588 -0.72047577 -0.2411874 ] -208.37638948091643
[-0.78421662  0.20814533  1.1034119   1.03290664 -0.72803166 -0.22924171] -208.3748504674514
[-0.75796845  0.21064139  1.11558932  1.02518236 -0.73955695 -0.22777837] -208.37659595965798
[-0.79151205  0.19135084  1.09028132  1.02695019 -0.72159654 -0.23417863] -208.37479848549157
[-0.8220509   0.17395596  1.10272419  1.00556399 -0.7236889  -0.26170764] -208.3776709863046
[-0.76938981  0.2040207   1.09588342  1.03297044 -0.72767783 -0.22317572] -208.37468898217634
[-0.78337813  0.19712424  1.07492301  1.0377527  -0.72859891 -0.20026668] -208.3752173505689
[-0.78384088  0.19638335  1.08494829  1.03223466 -0.72769732 -0.21510587] -208.37468980379643
[-0.78049055  0.20446018  1.1147999   1.04336139 -0.71469537 -0.23392566] -208.3757286992566
[-0.78540844  0.19302583  1.08689809  1.02254975 -0.73074615 -0.22591879] -208.3746417769071
[-0.7904042   0.22058742  1.08451672  1.01886379 -0.727284   -0.22884163] -208.37476013178227
[-0.7738045   0.20145282  1.08194769  1.039352   -0.73228989 -0.21005968] -208.3749551152009
[-0.78929075  0.20265195  1.09551109  1.02194287 -0.72461343 -0.23408575] -208.37461331217924
[-0.78573208  0.19452803  1.07593441  1.01893059 -0.72517344 -0.22452709] -208.37471313398584
[-0.77651     0.21238159  1.08428268  1.02221384 -0.73280085 -0.21637298] -208.3747232412069
[-0.77298646  0.18040973  1.08996928  1.03141693 -0.72895234 -0.21755377] -208.37507721998432
[-0.78604976  0.210543    1.08587986  1.02200207 -0.72770109 -0.22601966] -208.37451338212904
[-0.79006057  0.1880027   1.0907357   1.02799628 -0.72173557 -0.23323798] -208.3748007102489
[-0.77989764  0.20628686  1.08589594  1.02365945 -0.73003453 -0.22058923] -208.37455208700413
[-0.77889367  0.20977586  1.10240449  1.03285582 -0.73098335 -0.22377125] -208.3748621214099
[-0.78402248  0.19833999  1.08255193  1.0224119  -0.72662592 -0.22433813] -208.37452327395025
[-0.78084542  0.20857276  1.09259182  1.0162775  -0.72810232 -0.23626988] -208.37455931371005
[-0.79911502  0.20245277  1.08055948  1.00997741 -0.72826331 -0.23256476] -208.37498693743723
[-0.77682111  0.20362871  1.09205244  1.02722218 -0.7278242  -0.22552298] -208.37449854967352
[-0.78023395  0.21698193  1.09126293  1.02195558 -0.72422102 -0.22968976] -208.3745482833574
[-0.77333271  0.21213247  1.08123388  1.0225667  -0.73022293 -0.22005747] -208.37464313677768
[-0.78530124  0.20502208  1.09194179  1.02209882 -0.7260158  -0.23057868] -208.3744864374542
[-0.78326331  0.20502809  1.08393647  1.0301725  -0.72603853 -0.21597626] -208.37464624974362
[-0.78144989  0.2076866   1.09042798  1.01975125 -0.72758638 -0.23119648] -208.37448479099848
[-0.7847285   0.20778057  1.09214303  1.02148782 -0.72329027 -0.23519267] -208.37452764534208
[-0.78589038  0.19401839  1.08706941  1.02303577 -0.72879354 -0.22792644] -208.37457453530195
[-0.78164806  0.21124104  1.09021455  1.02222563 -0.72536415 -0.22924893] -208.37448678615524
[-0.78036901  0.20437324  1.08554648  1.02374947 -0.73041557 -0.22044229] -208.3745606530971
[-0.78363863  0.20692874  1.0904939   1.02205323 -0.7250716  -0.23150507] -208.3744797469413
[-0.78094708  0.21667673  1.09778491  1.02270583 -0.72656182 -0.2336858 ] -208.37457453847856
[-0.78325363  0.20292418  1.08636017  1.02248538 -0.72660989 -0.22667505] -208.3744695417426
[-0.77798776  0.20193412  1.09461709  1.02327676 -0.72512292 -0.23222273] -208.37451291204556
[-0.78000326  0.20408634  1.09243278  1.02295809 -0.72576746 -0.23067197] -208.3744718524605
[-0.78827712  0.20900094  1.08857128  1.01663529 -0.72431422 -0.23443574] -208.37457841965926
[-0.77968511  0.20497177  1.09118215  1.02457546 -0.72694671 -0.22775117] -208.3744642158788
[-0.78279587  0.19929886  1.0907317   1.02241512 -0.7273018  -0.23021054] -208.37446983717146
[-0.77830756  0.20361008  1.08860111  1.02264735 -0.72707881 -0.22875808] -208.37447315605752
[-0.78111146  0.19958672  1.08950595  1.02596029 -0.72533905 -0.22732748] -208.3744635208682
[-0.78094225  0.19553679  1.08904494  1.02906481 -0.72421538 -0.22539298] -208.3745239769068
[-0.77808033  0.19789725  1.08911073  1.02496067 -0.72794298 -0.22562636] -208.37450805548565
[-0.78224905  0.20467086  1.0901481   1.02278009 -0.72578944 -0.23003539] -208.3744496918813
[-0.78472524  0.2015695   1.09151918  1.02441079 -0.72550598 -0.22879912] -208.3744915340983
[-0.77991198  0.20309993  1.08933063  1.02308821 -0.7266856  -0.22876834] -208.37446354840222
[-0.78299911  0.20076444  1.08665346  1.02414343 -0.72712337 -0.22625069] -208.37445439408071
[-0.78027425  0.20604044  1.08699512  1.0252625  -0.72552955 -0.22539217] -208.3744649922407
[-0.77882336  0.20345388  1.0915783   1.02611794 -0.72586135 -0.22850003] -208.37445833506658
[-0.78131911  0.19947543  1.09247108  1.02362597 -0.72705228 -0.23081887] -208.37447019264653
[-0.78053547  0.20439919  1.08836411  1.02485337 -0.72591023 -0.22674884] -208.3744519647023
[-0.78219169  0.20035324  1.0873447   1.02440565 -0.72528964 -0.22812576] -208.37445641933002
[-0.78272474  0.20130951  1.08853425  1.02633205 -0.72508543 -0.22689439] -208.37447566922026
[-0.78061517  0.20265233  1.08913153  1.02389917 -0.72628556 -0.22829985] -208.37443587163665
[-0.78135982  0.20584459  1.08823411  1.02277293 -0.72674748 -0.22865938] -208.37444662799902
[-0.78449341  0.20277433  1.08504704  1.02150027 -0.72652056 -0.22753994] -208.37447476507245
[-0.78024087  0.20328399  1.08994548  1.02496352 -0.72602615 -0.22826001] -208.37444893887476
[-0.7804748   0.2068519   1.09014757  1.02339852 -0.72733777 -0.22795897] -208.37445434848698
[-0.77882595  0.20846985  1.09200351  1.02341244 -0.72557551 -0.23040345] -208.37445380691707
[-0.78080064  0.20292171  1.08912805  1.02416199 -0.72477368 -0.22951001] -208.37444121646124
[-0.78310772  0.19945437  1.08631362  1.02439792 -0.72626867 -0.22676771] -208.37446021403272
[-0.77989639  0.20621598  1.09058104  1.02365881 -0.7257488  -0.22949452] -208.37445050363354
[-0.78118519  0.20413063  1.090692    1.0225588  -0.72588014 -0.23133754] -208.37445615704672
[-0.7806979   0.20433205  1.08894608  1.02427973 -0.72590271 -0.22789602] -208.3744529770586
[-0.7807079   0.20278702  1.08912979  1.02403058 -0.72552962 -0.22890493] -208.37443721777922
[-0.7809875   0.20424846  1.08868282  1.02333605 -0.72651652 -0.22847961] -208.37444954348535
[-0.78042802  0.20296816  1.08953851  1.02443135 -0.72615585 -0.22827993] -208.37445681262466
[-0.78143211  0.2036616   1.08963982  1.02333963 -0.7260375  -0.22916762] -208.37443647122532
[-0.78025578  0.20443416  1.08985628  1.02377899 -0.72601718 -0.22889719] -208.37445080491017
[-0.78057532  0.20352576  1.08874782  1.02437627 -0.7260979  -0.22752435] -208.3744616073834
[-0.78090018  0.20339148  1.08991176  1.02322899 -0.72608285 -0.2298187 ] -208.37445594137444
[-0.78120486  0.20409018  1.0892455   1.02277312 -0.72600055 -0.22957604] -208.3744529817929
[-0.78083426  0.20389977  1.08865015  1.02382353 -0.72604613 -0.22795638] -208.37445395267395
[-0.78085074  0.2037727   1.08896555  1.02367489 -0.72605531 -0.22842196] -208.37445142099423
[-0.78041154  0.20309523  1.0892231   1.02457998 -0.72614667 -0.22781435] -208.37445798633064
[-0.78100653  0.20384145  1.0892399   1.02322484 -0.72603708 -0.22913562] -208.37445104396218
[-0.78081759  0.20343564  1.08959449  1.02352819 -0.72608584 -0.22920631] -208.37444789561278
[-0.78059882  0.20323162  1.08943835  1.02407937 -0.72612032 -0.22851622] -208.37445470815015
[-0.7809046   0.20368899  1.08928951  1.02343847 -0.72605789 -0.22898077] -208.3744501370324
[-0.78156584  0.20239052  1.08863304  1.02341171 -0.7261538  -0.22878252] -208.37443176946798
[-0.78222087  0.20136871  1.08802141  1.02322807 -0.72622211 -0.22872518] -208.37444539700016
[-0.78113743  0.20270286  1.08898099  1.02374331 -0.72614505 -0.22863285] -208.37443088523648
[-0.78125385  0.2022098   1.08882672  1.02389573 -0.72618863 -0.22845889] -208.3744396600577
[-0.78110452  0.2016282   1.08968706  1.02398148 -0.7255626  -0.22918508] -208.3744470815267
[-0.78137007  0.20183854  1.08880625  1.02394043 -0.72581887 -0.2284513 ] -208.37444241357414
[-0.78117166  0.20371609  1.08842007  1.02347346 -0.72642753 -0.22822795] -208.37443424435514
[-0.78083997  0.2041316   1.08917216  1.02335885 -0.72637415 -0.22888727] -208.3744511259093
[-0.78123755  0.2024118   1.08889773  1.02379504 -0.72595769 -0.2285603 ] -208.37443336777062
[-0.78167868  0.20305805  1.08877127  1.02319019 -0.72680609 -0.22831876] -208.3744361800213
[-0.78103666  0.20198229  1.08797172  1.02383133 -0.7265544  -0.22777312] -208.37443768865955
[-0.78133325  0.20324177  1.08922279  1.02346255 -0.72616672 -0.228819  ] -208.37443326047756
[-0.78067495  0.20264708  1.08899078  1.02407155 -0.7255727  -0.22878872] -208.37443603053015
[-0.78092588  0.20274982  1.0889359   1.02385121 -0.72588104 -0.22867123] -208.37443605855157
[-0.78135164  0.20254669  1.08880701  1.02357751 -0.72614942 -0.22870768] -208.37443588727734
[-0.78123534  0.20297232  1.08910189  1.02360293 -0.72615589 -0.22872592] -208.37443705079946
[-0.78118749  0.20255733  1.08893936  1.02376917 -0.72605137 -0.22859657] -208.3744359547439
[-0.78115455  0.20320948  1.08870053  1.02360838 -0.72628629 -0.2284304 ] -208.37443464678455
[-0.7808763   0.2026776   1.08905626  1.02382124 -0.7262153  -0.22846635] -208.3744348041624
[-0.78140806  0.20288046  1.08887613  1.02346675 -0.72647557 -0.22847581] -208.37442938657225
[-0.78113648  0.20255249  1.08868487  1.02372586 -0.72628511 -0.2283773 ] -208.3744396865009
[-0.78121063  0.20286736  1.08899763  1.02363366 -0.72618819 -0.22863877] -208.3744337297401
[-0.78119204  0.20307082  1.08886683  1.02351444 -0.72643524 -0.22852071] -208.3744352161604
[-0.7809747   0.20325616  1.08901911  1.02368509 -0.72643246 -0.22834728] -208.37443372094526
[-0.78106184  0.20279382  1.08901006  1.02380503 -0.72614571 -0.22847644] -208.37443452011885
[-0.78143943  0.20322579  1.08880522  1.02349284 -0.72634246 -0.22853416] -208.37443056874167
[-0.78125615  0.20269934  1.08919585  1.02366717 -0.72629019 -0.2286047 ] -208.3744348542454
[-0.78117995  0.20308194  1.08882436  1.02362308 -0.72628726 -0.22847397] -208.37443603361208
[-0.78142375  0.20305312  1.08884067  1.02347979 -0.72640901 -0.22850498] -208.3744359064351
[-0.78127275  0.20279166  1.08892856  1.02360503 -0.72631031 -0.22855433] -208.37443490017554
[-0.78119138  0.20306831  1.08894762  1.02357592 -0.72645401 -0.22841154] -208.3744326557005
[-0.78130934  0.20287391  1.08893688  1.02355021 -0.72633188 -0.22855729] -208.37443273240885
[-0.78123495  0.20283714  1.08894309  1.02363589 -0.72631064 -0.22847612] -208.37443898239124
[-0.7812813   0.20304497  1.08878833  1.02353757 -0.72638093 -0.2284531 ] -208.37443169886683
[-0.78139391  0.203067    1.08882964  1.02343586 -0.7264766  -0.22850956] -208.37443743394033
[-0.78135417  0.20300954  1.088858    1.02348587 -0.72643511 -0.2285012 ] -208.3744304033097
[-0.78118192  0.20283649  1.08893783  1.02359399 -0.72638693 -0.22847944] -208.3744320282776
[-0.78130264  0.2031129   1.08885304  1.02346507 -0.72651117 -0.22840513] -208.37442838904028
[-0.78131759  0.20327351  1.08881528  1.02339509 -0.72661159 -0.22833053] -208.37443327485715
[-0.78126381  0.20311031  1.08881677  1.02349152 -0.72654935 -0.22835145] -208.37443520186943
[-0.78129796  0.20293301  1.08890685  1.02353553 -0.72638625 -0.22850583] -208.37442695427828
[-0.7814173   0.20287081  1.08879244  1.02345234 -0.72640464 -0.22852863] -208.37443384930944
[-0.78124786  0.20301894  1.08890882  1.02354502 -0.72644167 -0.22844081] -208.3744334508582
[-0.7813003   0.20302295  1.08887994  1.0235003  -0.72644871 -0.22845548] -208.37443540199592
[-0.78135301  0.20290673  1.08889149  1.02350114 -0.72643091 -0.22849082] -208.37443230801972
[-0.78132606  0.20297127  1.08888243  1.0235107  -0.72641068 -0.22850351] -208.37443700737953
[-0.78128963  0.20298899  1.08884759  1.02353655 -0.72638359 -0.22847946] -208.37443148540504
[-0.78123994  0.20288475  1.08892234  1.02356476 -0.72638659 -0.22849263] -208.37443307521164
[-0.78124467  0.20300066  1.08892723  1.02355573 -0.72642013 -0.22845868] -208.37443333868646
--------------------------------------------
[ 0.56074579 -0.76199409  0.79353947  1.7137257  -0.27515633  0.68810439] -2.434225754038167
[ 1.78931484  0.48634973  0.69690586  0.0679396   1.53276069 -0.43284686] -31.471772462330193
[-1.79188065  1.31157481  0.41444619  1.28783048 -0.67056841 -0.80546995] -1.7000499014779802
[ 0.52601033 -1.02092234 -1.11148169 -0.24571237 -0.65067197  1.29333774] -6.99126717149786
[0.11861399 0.24281309 0.15986699 1.32343737 1.00650785 0.26339776] -14.687792514403826
[-0.71304137  0.34200719 -1.08329109 -0.13988404 -0.53871955  1.13600301] -4.56336217535423
[-1.07698241 -0.89675078  0.4939995  -1.59857737 -1.23392176 -1.41906032] -9.988085425109759
[-2.58149295 -0.74744044 -0.80787939  0.71233366 -2.32027074  0.8182844 ] -16.146024760732008
[-1.488791   -0.43899289 -0.43168308  0.55123515 -1.35701288  0.50550159] -3.065346290286639
[-1.44659376 -0.73117246 -0.46802389 -0.80056485 -2.58185815  0.20274107] -24.692927177877166
[-2.72687949e-01 -6.83294739e-04  2.89427342e-03  7.92436813e-01
  1.09416349e-01  2.48233583e-01] -5.323461009333008
[ 0.01710079  0.70708058 -0.96585814  2.91845462  0.10635082  2.44096377] -6.574293284045003
[-1.75552846  1.40725311  0.68816423  2.62031194 -0.22455802  0.11110773] -2.5369329660477367
[-1.83749533 -0.08735896  1.09388147 -0.64323594 -1.09188377 -1.81313699] -5.08793125220301
[-2.06930906  0.59151302  0.48879146  1.00422429 -1.49538267 -0.30753032] -3.9932162397641475
[-0.58177291  0.90447935 -0.80389241  2.98905045 -0.42858218  2.25570914] -5.490056907007636
[-1.52356473  0.16060061  0.619438    0.26483566 -0.92605837 -0.79592546] -0.7762808421308813
[-1.97640133  0.41464433  1.94085651  2.62060511 -1.11085935 -1.33740702] -6.468341032991123
[-1.02888136  0.36016648 -0.32725419  0.55023825 -0.6817545   0.5176505 ] -1.5218016372028567
[-0.27332441  0.08802299  0.09675875  1.32516811  0.11701316  0.38118659] -4.407157189641569
[-1.6203129   0.46564051  0.39078329  1.08446024 -1.09228371 -0.13535109] -1.223357288926269
[-0.8976831   1.42007338  1.29138875  1.95589895  0.06688644 -0.64546288] -2.0924922802445307
[-0.34499719 -0.42189921  0.37261627 -0.33464885 -0.96842027 -0.50325922] -1.3498516454914125
[-2.96318576  1.86071295  0.1269333  -0.11085412 -1.14890995 -1.47737709] -7.191111817590436
[-0.3202371  -0.10631733  0.62688793  1.25758075 -0.49359473  0.14673402] -0.6449715368393715
[-1.31227488 -0.83015142 -0.59241625 -0.5858001  -1.67777977  0.12025582] -8.201797358245077
[-1.00133104  0.85751718  0.8204375   1.32047419 -0.36928012 -0.45403321] -0.7216551374142041
[-0.15456079 -0.8730054   0.41985674  0.09314959 -0.83989549  0.39740846] -1.5130145178460146
[-0.62611989 -0.33265436  1.4105941   0.67837894 -0.88142307 -0.96579267] -0.7543294424438124
[-1.65762682  1.08063454  0.99372896  1.33054405 -0.7371246  -1.29995101] -1.6344122714711287
[-0.5303273  -0.38459542  0.56332479  0.40249821 -0.81420277 -0.0269314 ] -0.4660496585764561
[-1.52896713  0.64196295  1.10453893  2.00405818 -0.55719399 -0.24050738] -0.8317714937671395
[-0.22320283 -0.18680263  1.32429047  0.89148173 -0.2549673  -0.6434676 ] -1.3187650926250643
[-1.27103538  0.30252973  0.62416008  1.03621561 -0.88295461 -0.26238022] -0.3342359883105183
[-0.22857135 -0.47626947  0.45040854 -0.35073039 -0.8986439  -0.54560226] -1.319014275928774
[-1.20386818  0.36240484  0.94100633  1.41536103 -0.64255647 -0.3167811 ] -0.21081304891111102
[-0.12740824  0.07236093  1.04269891  1.77200059 -0.43527888  0.1695306 ] -0.4402211947521567
[-0.85861586  0.700621    0.12891109  1.72299785 -0.33119945  0.7178389 ] -1.803245541164722
[-0.68424388 -0.07433552  1.09017334  0.93953367 -0.74386717 -0.54488478] -0.12200215697240382
[-0.37770898 -0.8001681   0.80897963  0.95392243 -0.96820476  0.17579558] -0.8994671938301302
[-0.84542553  0.44309586  0.81757303  1.22883625 -0.51901128 -0.29657601] -0.24046369368594367
[-1.23386574  0.34680414  1.0660909   1.00723437 -0.85236232 -0.57274166] -0.2809556501021076
[-1.25828835  0.86888208  1.29724274  2.06389563 -0.54447414 -0.58101299] -0.957669440491981
[-0.71231756 -0.07122604  0.74680428  0.81784756 -0.74677061 -0.1654518 ] -0.11823481745698453
[-1.85617719  0.3640634   0.71923708  0.37634225 -1.0272286  -0.88913579] -1.422975929858425
[-0.55960047  0.14528655  0.96183345  1.423086   -0.58326631 -0.095136  ] -0.13577272324000667
[-0.47540508  0.08148022  1.2503337   1.24108402 -0.47965677 -0.40147689] -0.27784699904196813
[-0.2597545  -0.0512355   0.86981715  1.34801514 -0.38601388 -0.0340272 ] -0.6691684447689534
[-0.99033793  0.24729423  1.01702246  1.09242957 -0.73577521 -0.43806305] -0.06582890318056647
[-1.18985944  0.26935976  0.60780393  1.06461401 -0.84409224 -0.21748735] -0.2582476065586104
[-1.01124585  0.22238987  0.76843638  1.10873151 -0.75298337 -0.26348474] -0.0968237353136997
[-0.87511243 -0.16582455  1.02418572  1.03682687 -0.88272844 -0.31135781] -0.2181607530795242
[-0.86769071 -0.01359445  0.97253254  1.08482921 -0.79179915 -0.30766236] -0.08225042023648226
[-0.40461062 -0.21046663  0.91126115  0.74012481 -0.80893081 -0.28811314] -0.24569906285227636
[-1.00405379  0.21918697  0.93357004  1.24655198 -0.68415005 -0.30961411] -0.08018308797529858
[-1.19702943  0.03128514  0.8810129   0.67355517 -0.90184888 -0.58125094] -0.3069108284032168
[-0.71895771  0.1167862   0.94162831  1.23570329 -0.66291195 -0.21666474] -0.06062085351153409
[-1.0839573   0.31461444  0.70315799  1.25583071 -0.71426295 -0.02209549] -0.192093693849796
[-0.78417224  0.02290197  0.99341951  1.01860793 -0.73646611 -0.41418745] -0.05595022865930953
[-1.07983518  0.34288098  1.12873213  1.44443693 -0.70792467 -0.48444035] -0.2202292064065328
[-0.80419697  0.03230071  0.84228624  0.97449491 -0.73705913 -0.24519894] -0.0542390996218251
[-0.7118906  -0.01409799  1.13171666  1.10880745 -0.69640383 -0.38031214] -0.06502869187652435
[-0.80351237  0.22171848  0.98068186  1.14070249 -0.62578961 -0.36035112] -0.06231722391105336
[-0.60030215 -0.01021911  1.03534831  0.94369657 -0.71398523 -0.3753117 ] -0.07727675281775721
[-0.70124006  0.04713241  1.00990374  1.01941042 -0.70652643 -0.3588873 ] -0.04672974574294142
[-0.51765205 -0.10504697  0.94952298  1.07347927 -0.65261048 -0.22047085] -0.1480845907042078
[-0.87216646  0.15920893  1.00014759  1.08769199 -0.71498403 -0.383665  ] -0.03736019601925236
[-0.84952467  0.21411423  0.79097243  1.0500629  -0.69817526 -0.27933937] -0.0625433361895475
[-0.81511615  0.15706117  0.87615848  1.06474903 -0.6977324  -0.30458256] -0.043933557426050575
[-0.76177082 -0.04325468  0.9071661   0.99285003 -0.7927704  -0.28071088] -0.08087988800001193
[-0.79307699  0.15547519  0.96230292  1.10373938 -0.66753481 -0.34044106] -0.042608363111924
[-0.87103191  0.07457393  0.95311118  0.85386126 -0.75718902 -0.46565604] -0.053772285773950615
[-0.83477061  0.18568214  0.88788388  1.01604107 -0.69054249 -0.28528951] -0.039515273771147934
[-0.82493709  0.22741055  1.05421636  1.07400281 -0.67444394 -0.46764155] -0.04800522115719994
[-0.74273721  0.23608287  0.97709314  1.26801697 -0.62673235 -0.24784629] -0.06681304980465988
[-0.83895823  0.11495117  0.95910667  0.95740019 -0.72457485 -0.4112036 ] -0.036476497444958386
[-0.79350574  0.04575979  0.84428474  1.00900788 -0.72618774 -0.22704813] -0.05462012497574319
[-0.81707925  0.18199786  1.00173345  1.05775408 -0.68737989 -0.4074932 ] -0.036694853056098736
[-0.95581584  0.27099307  0.88587393  1.07638149 -0.68772306 -0.35200434] -0.05819007969639337
[-0.764884    0.10309758  0.97889629  1.03365319 -0.70182559 -0.35716656] -0.036038026974486013
[-0.82519569  0.14307645  1.05386512  1.0206776  -0.69788148 -0.42383708] -0.033884660809753345
[-0.83023546  0.13608409  1.14271844  0.99864188 -0.69795602 -0.48346433] -0.04616980260529347
[-0.8579411   0.14052952  0.99824142  0.95399999 -0.73819463 -0.41577726] -0.032888881530783634
[-0.89037315  0.13305668  1.01621066  0.8791303  -0.77352455 -0.45344536] -0.04767084625927202
[-0.82397097  0.09527169  1.1094463   1.02101794 -0.731071   -0.51442472] -0.0663028752796995
[-0.8320707   0.16307953  0.94327449  1.01728529 -0.70067462 -0.34257331] -0.030963439174206693
[-0.77320986  0.1230351   0.97822489  0.92589812 -0.70185966 -0.402352  ] -0.03651431766087591
[-0.81367394  0.08059192  0.96880284  0.91188404 -0.73429039 -0.37681007] -0.03238169941079169
[-0.87103136  0.12540695  0.98917072  1.03906865 -0.73062086 -0.37343729] -0.034350581415773
[-0.81597403  0.13697615  1.01831028  1.0347894  -0.70992101 -0.35199692] -0.02615827413900483
[-0.80448193  0.14798864  1.04791209  1.073484   -0.70259409 -0.32239359] -0.02507352576323257
[-0.90324757  0.16379343  1.02152593  0.97181333 -0.73292644 -0.39444297] -0.026754026049734918
[-0.80783895  0.15427954  1.02203657  0.94397944 -0.70489969 -0.38517414] -0.025292800459001067
[-0.84788904  0.14034441  0.94673266  0.93680443 -0.73997847 -0.3218867 ] -0.023033726762881655
[-0.85923571  0.13897839  0.89316643  0.89486785 -0.76102696 -0.27091151] -0.02773350317353409
[-0.81179295  0.14282964  0.98518677  0.99775019 -0.70025993 -0.29864967] -0.02390473539580259
[-0.8554331   0.22351314  1.02008667  1.06848818 -0.69282069 -0.31156338] -0.02523832396863776
[-0.84482381  0.16117007  1.07121908  0.98015457 -0.72381848 -0.3354635 ] -0.01595260551512862
[-0.85120037  0.16021535  1.13519137  0.96158921 -0.73539041 -0.3319086 ] -0.015862889142124803
[-0.75629788  0.15926348  1.03085611  1.02221849 -0.69238799 -0.26274906] -0.025608401302989275
[-0.7930353   0.16039597  1.02852357  1.0096172  -0.7025226  -0.29567254] -0.020431943652727436
[-0.84677194  0.17081617  1.0325078   1.07193163 -0.71962238 -0.24218403] -0.019942940966824144
[-0.79629074  0.08401692  1.03859808  0.94857071 -0.74063527 -0.29266832] -0.020434646520551627
[-0.84451152  0.13821751  1.007668    0.90193713 -0.74354227 -0.2719297 ] -0.011572521618477502
[-0.86452631  0.13333195  0.98754596  0.81616369 -0.76401636 -0.24669775] -0.01096470094223455
[-0.85477829  0.14021062  1.0711797   0.91714211 -0.76712857 -0.27835631] -0.013451548981915966
[-0.82097862  0.14265124  1.15111617  0.97153375 -0.73646006 -0.24060915] -0.014060403968008221
[-0.8808062   0.21852351  1.09675677  0.96742182 -0.73441152 -0.25247447] -0.009406610915855314
[-0.92306393  0.28577681  1.12583611  0.97684738 -0.73129964 -0.23237754] -0.01584211275325836
[-0.91331861  0.16152031  1.12957569  0.89231021 -0.78315383 -0.2350709 ] -0.012952260293853842
[-0.88176419  0.14800148  1.15794742  0.77012196 -0.78723121 -0.28618837] -0.014352792869332855
[-0.8875237   0.15453102  1.0628492   0.81664196 -0.78874343 -0.18122371] -0.009003084469367699
[-0.90568537  0.15168886  1.02667811  0.74416834 -0.81541994 -0.10588127] -0.020391346532244344
[-0.85887972  0.1689214   1.00839374  1.02361588 -0.73740671 -0.19195573] -0.01766577458072915
[-0.87604307  0.15323146  1.120559    0.83349544 -0.77477508 -0.26263021] -0.008491496905939633
[-0.93802011  0.17779838  1.00503927  0.77619133 -0.80094953 -0.2448753 ] -0.015502770815139627
[-0.85023899  0.15143803  1.11459695  0.92269814 -0.75258243 -0.24167569] -0.008742037482703729
[-0.90270734  0.18398148  1.09944815  0.83243498 -0.76543232 -0.19490127] -0.0034535051573826303
[-0.92667187  0.20586691  1.11358238  0.79008142 -0.76458419 -0.15317375] -0.004661764777676984
[-0.84062993  0.17015884  1.03100965  0.83730847 -0.74349988 -0.2247968 ] -0.007579116922957502
[-0.88145677  0.21062284  1.18752728  0.92050325 -0.75579853 -0.20586963] -0.012010461370742163
[-0.86875893  0.15265467  1.03754129  0.84224858 -0.7619619  -0.23649072] -0.006233999289316604
[-0.86116112  0.10347499  1.05857797  0.72752071 -0.79458683 -0.194765  ] -0.013941464492024595
[-0.87589493  0.18976138  1.08721207  0.90744654 -0.74945535 -0.2380471 ] -0.005592873557027494
[-0.85056736  0.17921093  1.1006065   0.90856876 -0.72715889 -0.28495688] -0.007931600951864157
[-0.88796153  0.19156156  1.04419528  0.79780278 -0.75484538 -0.23893197] -0.003527879652108712
[-0.86613027  0.20254482  1.01277865  0.87510793 -0.72600949 -0.21007804] -0.01077852876317114
[-0.87356487  0.1655598   1.09361391  0.84389856 -0.76258368 -0.24949217] -0.004862245313503691
[-0.89927182  0.17201498  1.03040028  0.77847788 -0.78543395 -0.1759298 ] -0.007783817667192492
[-0.8870957   0.17381397  1.04795184  0.8110006  -0.77086518 -0.20318657] -0.004825555427813827
[-0.92469784  0.18228545  1.10564453  0.84096888 -0.77821472 -0.22888647] -0.006202946705946413
[-0.91521515  0.20966655  1.12181397  0.83560221 -0.76517031 -0.21465779] -0.0038124142121482643
[-0.85611534  0.1891628   1.05910054  0.83509302 -0.74456935 -0.21751916] -0.005264781622339131
[-0.89832504  0.18148734  1.06816249  0.74449751 -0.77170006 -0.20151587] -0.003437176822771451
[-0.9095401   0.17735032  1.0586377   0.66302299 -0.78282242 -0.18325026] -0.006723820286434076
[-0.93217454  0.17952743  1.09929467  0.78665253 -0.78562962 -0.21670939] -0.0053096012817142125
[-0.87513014  0.18675396  1.06914908  0.8229829  -0.75483442 -0.21731672] -0.0034778566829919404
[-0.91524676  0.21019515  1.05662636  0.7708751  -0.7650322  -0.17401123] -0.004198516379360615
[-0.91109962  0.21406804  1.10517994  0.79039789 -0.75480638 -0.21059172] -0.0022737286873187133
[-0.92310158  0.23419508  1.13379399  0.78009653 -0.74677698 -0.21429429] -0.003795594851761633
[-0.88156618  0.17897783  1.11268995  0.83703099 -0.75723075 -0.25196055] -0.0037869328578873053
[-0.87038147  0.16927686  1.04446099  0.77278015 -0.75444613 -0.22374824] -0.004792428188200886
[-0.90400673  0.19956912  1.10247573  0.81989669 -0.76248926 -0.2169304 ] -0.002648409904913883
[-0.91151062  0.20682934  1.05018027  0.76563992 -0.76413852 -0.17476877] -0.0044555075108640005
[-0.88905229  0.18594071  1.09706253  0.81918323 -0.75895769 -0.2326626 ] -0.002650115427173901
[-0.90547886  0.19237199  1.13629736  0.81199495 -0.76789467 -0.18570755] -0.004345011744962584
[-0.89234086  0.19176417  1.0672208   0.80135082 -0.7581077  -0.22562587] -0.002578727116078586
[-0.92404716  0.19884966  1.1107008   0.77960415 -0.76899672 -0.21009253] -0.002118537569787267
[-0.94850567  0.20489751  1.13147666  0.75791477 -0.77607786 -0.20648044] -0.003037677675306492
[-0.90358323  0.2065782   1.08415261  0.75254178 -0.75958695 -0.23757173] -0.00227209871925763
[-0.90971825  0.21743596  1.12076831  0.84316067 -0.74928151 -0.24297574] -0.0032824689098089263
[-0.90686995  0.2084488   1.10761685  0.81849488 -0.75488615 -0.23261078] -0.002295291268171071
[-0.92493022  0.22048529  1.09538638  0.76824551 -0.76066669 -0.21181174] -0.0020129880014319217
[-0.94286919  0.23775759  1.09454831  0.74277665 -0.76152119 -0.20138631] -0.0029190834447138836
[-0.91695028  0.21382893  1.08761007  0.75031499 -0.7565276  -0.22583772] -0.001920068885631438
[-0.92342206  0.22095883  1.08017724  0.71552413 -0.75354677 -0.23029137] -0.002869690580641109
[-0.93681929  0.22898881  1.12966142  0.75184891 -0.76038246 -0.21721287] -0.002537642497003055
[-0.92569968  0.21968265  1.11405126  0.76422439 -0.75981377 -0.21931612] -0.0019520971499587378
[-0.92856678  0.21604878  1.09141017  0.71661468 -0.76524656 -0.20579641] -0.0024297975117475294
[-0.91229416  0.2103488   1.10356518  0.79302483 -0.75747625 -0.22590718] -0.00189272753780417
[-0.92473529  0.2091898   1.09330883  0.74558732 -0.76621628 -0.23292062] -0.001829278491056408
[-0.93155313  0.20675068  1.08737328  0.72318204 -0.77192123 -0.24408508] -0.00257529645207737
[-0.93930237  0.21755018  1.11738823  0.78112528 -0.76364548 -0.20439024] -0.002178168880804888
[-0.93037259  0.21480718  1.10907933  0.77397941 -0.76263085 -0.21268561] -0.0017993295474290948
[-0.92094692  0.23059789  1.09029955  0.752188   -0.75211377 -0.2327338 ] -0.002605270594035418
[-0.9232721   0.20678672  1.10560049  0.77275011 -0.76477598 -0.21575285] -0.001750343595480995
[-0.91951114  0.20439607  1.10901867  0.76504817 -0.76181355 -0.2323283 ] -0.0015769141660224506
[-0.9168016   0.19635146  1.11583482  0.7634495  -0.76238698 -0.24258657] -0.0017606432476957759
[-0.91667884  0.20010319  1.08867626  0.76934389 -0.76333307 -0.22916131] -0.0016063083533171328
[-0.92533775  0.20138166  1.11547285  0.78959626 -0.76888773 -0.22374757] -0.002399837195133056
[-0.91904715  0.21071711  1.09457576  0.7601353  -0.75961763 -0.22531518] -0.0016248989150254496
[-0.93224488  0.20498456  1.09652127  0.73592324 -0.76865287 -0.22348077] -0.0016549035270797424
[-0.92230694  0.20474181  1.10784843  0.78013938 -0.76072503 -0.21332072] -0.00159205810265683
[-0.9139811   0.1957693   1.09166763  0.75380063 -0.76367519 -0.23376743] -0.0016526915930476236
[-0.91798458  0.20011729  1.09050219  0.74871343 -0.76116314 -0.23670505] -0.001512217668382729
[-0.91534083  0.19678258  1.08295303  0.73669509 -0.75935672 -0.24718116] -0.0018204094497563644
[-0.90425837  0.20029703  1.09757505  0.7898037  -0.75478967 -0.23338522] -0.0017627738304549587
[-0.92524825  0.20381268  1.09678471  0.74939335 -0.76518707 -0.22595688] -0.0015027269092292074
[-0.92627787  0.21219342  1.10413437  0.77045722 -0.7602713  -0.22049505] -0.0015360999964917816
[-0.92362206  0.1977377   1.10441245  0.76756318 -0.76454676 -0.22734059] -0.001425518865535266
[-0.92590951  0.191248    1.10933079  0.77127711 -0.76701132 -0.22835329] -0.0015892659840202332
[-0.92830478  0.20756313  1.11555735  0.75776102 -0.76123589 -0.22288755] -0.0014529475334101034
[-0.92467596  0.20386496  1.09895482  0.73950607 -0.7640142  -0.24191709] -0.0016502891150724003
[-0.92289919  0.20452259  1.10562503  0.76998106 -0.76154733 -0.22046981] -0.0014433053833472812
[-0.9286011   0.20425287  1.09665336  0.75624158 -0.76283694 -0.21895669] -0.0012885772266025266
[-0.93314608  0.20418127  1.0904707   0.75183828 -0.76334864 -0.21227088] -0.0013017962198692092
[-0.92260878  0.19380868  1.09904398  0.74609398 -0.7652344  -0.23027714] -0.0013997849416011688
[-0.93244347  0.20378193  1.11552344  0.76696463 -0.76569966 -0.2119245 ] -0.0016305832847888818
[-0.92159931  0.20103345  1.0967575   0.75327623 -0.76229727 -0.23050992] -0.001371008439846048
[-0.92396349  0.19916013  1.10923184  0.76757899 -0.76071246 -0.22419035] -0.001244319455125958
[-0.92332111  0.19683386  1.11545541  0.77667182 -0.75847515 -0.22330708] -0.0012676911787538206
[-0.91945987  0.19260867  1.0883507   0.76248399 -0.76448916 -0.22769394] -0.001430855835560726
[-0.92371901  0.19167791  1.09252492  0.74776493 -0.76515834 -0.23251973] -0.0013422972655088292
[-0.92857805  0.20328157  1.11119065  0.75035564 -0.76243956 -0.22690419] -0.0013044592528602505
[-0.92606786  0.2000005   1.0973883   0.73954061 -0.76167956 -0.22711208] -0.001246327806953783
[-0.92823416  0.20599347  1.10220487  0.75882534 -0.75980697 -0.22312051] -0.0012152928471741314
[-0.93104684  0.21208587  1.10378531  0.76519102 -0.75709326 -0.21954219] -0.0013572869679135146
[-0.93145525  0.20042203  1.10630715  0.7534928  -0.76191401 -0.2204246 ] -0.0010895842178463033
[-0.93638322  0.20011633  1.11108197  0.75360109 -0.76172238 -0.21538194] -0.0010487050618207257
[-0.93355695  0.21259038  1.11672541  0.76094949 -0.75790762 -0.21270219] -0.001579159504542528
[-0.92617849  0.19690603  1.09857504  0.75106107 -0.76334566 -0.22756534] -0.0011836491205499777
[-0.92789806  0.19886154  1.09385448  0.75859392 -0.76092843 -0.21853811] -0.00110553608183905
[-0.92764065  0.19609313  1.10745881  0.7534921  -0.75989488 -0.22634609] -0.0010090862313635947
[-0.92716043  0.19201325  1.11286154  0.75211735 -0.75842385 -0.2300408 ] -0.000972244200095227
[-0.93053809  0.19768308  1.11188161  0.77438532 -0.75996702 -0.21916694] -0.0011153766293088376
[-0.93483399  0.1980311   1.10092133  0.7486157  -0.76068565 -0.2204142 ] -0.0008870658088452105
[-0.94026924  0.19746658  1.09676608  0.73913406 -0.76067224 -0.21852613] -0.0008073709428585932
[-0.93457502  0.18835547  1.10613537  0.75080559 -0.76187955 -0.21995257] -0.0007772633401724757
[-0.93774546  0.17953646  1.10810062  0.74679572 -0.76291584 -0.21836861] -0.0006874568627603586
[-0.94048634  0.19165305  1.11294039  0.75714808 -0.75819759 -0.21244216] -0.0007885070011036104
[-0.93944282  0.18886599  1.09998675  0.72807809 -0.76098643 -0.21859898] -0.000755194769950955
[-0.94593111  0.18435569  1.12005796  0.73369755 -0.76004434 -0.21924809] -0.0006311292409923476
[-0.95494764  0.17710276  1.13315971  0.72124936 -0.7596023  -0.21960309] -0.0007557423081032476
[-0.94062858  0.17784735  1.10582248  0.73205586 -0.75869105 -0.22369298] -0.000516675114722574
[-0.94275126  0.16671286  1.10319273  0.72128324 -0.75717539 -0.2278485 ] -0.0005677367041896775
[-0.95434076  0.18122845  1.10169655  0.72685243 -0.76207865 -0.20691818] -0.0005478918422213004
[-0.94592245  0.17036242  1.11943551  0.73574185 -0.76029907 -0.21456354] -0.0006203878467714685
[-0.94751739  0.16907907  1.10542623  0.71059242 -0.7634742  -0.22135463] -0.0006596911177338314
[-0.95125242  0.16527049  1.12019304  0.73383385 -0.76151463 -0.21611637] -0.0005519269927602812
[-0.95745211  0.16984469  1.11610997  0.7107956  -0.75911814 -0.21559599] -0.0005121954251843633
[-0.96730544  0.16499881  1.12011464  0.69279554 -0.75721929 -0.21420969] -0.000738707937929265
[-0.95099176  0.1805573   1.12234561  0.74706663 -0.75710776 -0.21069042] -0.0006433825825354685
[-0.95012317  0.17768774  1.11811576  0.73794808 -0.75869937 -0.21335647] -0.0005163953696248782
[-0.95397538  0.16305803  1.10706647  0.72537834 -0.76008929 -0.21083309] -0.00048787658972278627
[-0.95799751  0.1524092   1.10057072  0.72121874 -0.76011177 -0.20662558] -0.0006978338930827626
[-0.95666836  0.1746165   1.10356591  0.71987953 -0.75976465 -0.21427415] -0.0003654254007502609
[-0.96204132  0.17674354  1.09563112  0.71194837 -0.75949743 -0.21412946] -0.0004054534343694009
[-0.95314369  0.18282376  1.09726601  0.7171361  -0.75796576 -0.21210725] -0.0006204657425478649
[-0.95172524  0.16965881  1.11446128  0.72965941 -0.76062741 -0.21511409] -0.0004453736907523933
[-0.94918352  0.16300925  1.12001741  0.72505318 -0.75691798 -0.22403741] -0.0005556867486447161
[-0.95305145  0.17667365  1.10627677  0.72640262 -0.76078849 -0.21119799] -0.0004492069969905966
[-0.96703666  0.16599912  1.11604291  0.71796533 -0.76100473 -0.20309762] -0.0005616660800102297
[-0.9472306   0.17488529  1.10837758  0.72853323 -0.75926947 -0.21854414] -0.00043714919669141355
[-0.95657788  0.16522459  1.10050357  0.70893483 -0.76118644 -0.21516334] -0.0005006363443167397
[-0.94895752  0.1715276   1.09730722  0.73546706 -0.76145711 -0.21277961] -0.0004537609281553655
[-0.94729164  0.17824871  1.11184818  0.74617189 -0.75947903 -0.21241768] -0.0004963077323862295
[-0.9496132   0.17499268  1.10901203  0.73686263 -0.75990588 -0.21310409] -0.0004267417389616437
[-0.94844008  0.18439348  1.1059338   0.73355648 -0.76051504 -0.21750494] -0.0004457167804778638
[-0.95328545  0.18021254  1.11856856  0.72283091 -0.7588332  -0.21713353] -0.0005088397490757473
[-0.95003951  0.17369883  1.10262256  0.73230802 -0.76080113 -0.21386809] -0.0004075099532923784
[-0.94818755  0.17407488  1.10838095  0.73386382 -0.75950604 -0.21960518] -0.00036449329969513104
[-0.94575559  0.17277549  1.10943305  0.73759442 -0.75886482 -0.22380877] -0.0003624316454688838
[-0.95190409  0.16248239  1.10989034  0.72805593 -0.75922941 -0.21539951] -0.0004484685650381988
[-0.94930608  0.17891571  1.10692293  0.73218134 -0.76019363 -0.21697858] -0.0003967240074758614
[-0.94781254  0.18030269  1.09885007  0.73279365 -0.75897245 -0.21841185] -0.0004013401310993106
[-0.95250116  0.17688201  1.10175793  0.73533997 -0.76023138 -0.21493771] -0.000332077226275325
[-0.95513644  0.17788036  1.09844811  0.73874334 -0.76071234 -0.21313449] -0.0003318941295932224
[-0.95195964  0.17773719  1.09760219  0.72763747 -0.75986379 -0.22038788] -0.000321684825282451
[-0.95313286  0.17910944  1.09189727  0.72302489 -0.75984275 -0.22402977] -0.00035502341544642855
[-0.95217338  0.18037715  1.1023182   0.73063523 -0.7586561  -0.22179715] -0.0002841503360661292
[-0.95324031  0.1837163   1.10216601  0.72979883 -0.75758358 -0.22576169] -0.00027138215200000495
[-0.9562096   0.17491116  1.10719599  0.72915133 -0.76002182 -0.21970334] -0.00023667366912427518
[-0.96040814  0.17221539  1.11136895  0.72733018 -0.7605465  -0.22034908] -0.00020714628510503324
[-0.95841675  0.1740647   1.10060514  0.72814658 -0.75891826 -0.22226011] -0.00016940020863455174
[-0.96297208  0.1716392   1.09744625  0.7261292  -0.75828057 -0.22490087] -0.000116517324154293
[-0.95315571  0.17737148  1.10192227  0.74253161 -0.75885255 -0.22850677] -0.0001767590621345132
[-0.96653518  0.18074448  1.09355155  0.72646246 -0.75974829 -0.22053816] -0.00019269827977747386
[-0.96095392  0.17659432  1.1029043   0.72121991 -0.75757942 -0.23368033] -0.0001410830247047512
[-0.9671288   0.17635654  1.10551759  0.73018659 -0.75766651 -0.23085775] -3.3836332889803206e-05
[-0.97471339  0.17566622  1.10947529  0.73146116 -0.75656787 -0.23609268] -2.8279586797073332e-05
[-0.97300582  0.16769406  1.10339019  0.72857934 -0.75960816 -0.22892761] -4.157750798136217e-05
[-0.97003723  0.17768786  1.09152766  0.73146438 -0.75633245 -0.23719973] -0.00012307629453845942
[-0.96507754  0.16813989  1.10867044  0.73399941 -0.75599205 -0.24256451] -0.00011574605678936939
[-0.98243095  0.1684357   1.10254911  0.71508618 -0.75593428 -0.2392818 ] -8.013522323605066e-05
[-0.98179175  0.16649333  1.10144868  0.73435331 -0.75665904 -0.23597541] -7.69840558407323e-05
[-0.97662662  0.16166827  1.11613233  0.72507182 -0.75801487 -0.2320479 ] -0.00011215267784309798
[-0.98824327  0.16439329  1.11644243  0.73005454 -0.75597819 -0.2467291 ] -0.0002811658954011783
[-0.96928988  0.16982772  1.1021953   0.72711053 -0.75770497 -0.23035793] -2.5160013805389906e-05
[-0.98754193  0.16845521  1.10305985  0.71988804 -0.75883768 -0.2249966 ] -7.515306391906664e-05
[-0.97963129  0.17718914  1.09124048  0.7270877  -0.75708913 -0.23316278] -0.00012773466570554926
[-0.97737779  0.16554849  1.10990937  0.72557579 -0.75778343 -0.23232662] -3.373620940518597e-05
[-0.97214257  0.1694593   1.10727712  0.74056987 -0.7597861  -0.22361048] -9.638685510666837e-05
[-0.97985885  0.1686916   1.10373111  0.7214571  -0.75689724 -0.23536397] -2.5589794940893814e-05
[-0.97213747  0.17213444  1.10913835  0.71700401 -0.75914074 -0.22671307] -6.495881057819923e-05
[-0.96125247  0.17139897  1.10955335  0.73050794 -0.75706312 -0.23826402] -0.00011631561006226675
[-0.98096957  0.16919115  1.10468323  0.72254301 -0.75839404 -0.22831346] -2.064866018360361e-05
[-0.97960096  0.16673864  1.10198981  0.7352383  -0.75651116 -0.23708103] -6.86416135584691e-05
[-0.97400334  0.17078549  1.10735122  0.72156258 -0.75848335 -0.22930506] -2.1204386587328293e-05
[-0.97906511  0.1722095   1.10905831  0.72132406 -0.75566881 -0.2349923 ] -2.7983488684885675e-05
[-0.9752556   0.1765754   1.10225545  0.72291036 -0.75678866 -0.23248185] -2.6953040064927464e-05
[-0.97810073  0.16676074  1.10028291  0.71417473 -0.75807782 -0.22751217] -6.705238865017623e-05
[-0.97556022  0.17343985  1.1071772   0.72713955 -0.75694536 -0.23394756] -7.019332034264879e-06
[-0.97258071  0.17062757  1.10007285  0.72625032 -0.75940239 -0.22826431] -3.8320244924028425e-05
[-0.97744401  0.17181402  1.10681195  0.72255562 -0.75660221 -0.2333103 ] -9.702581259678132e-06
[-0.9771197   0.16467454  1.10839454  0.72454577 -0.7582204  -0.23105091] -3.6664959527894714e-05
[-0.97572162  0.17360019  1.10379023  0.72331921 -0.75714659 -0.23212411] -9.485493980058025e-06
[-0.97113736  0.17419453  1.10693859  0.72661973 -0.75819493 -0.22708883] -2.5297551086921575e-05
[-0.97331773  0.1728188   1.10613672  0.72532908 -0.75787051 -0.22915762] -9.786723504680668e-06
[-0.98304895  0.17405544  1.10978822  0.72037249 -0.75744238 -0.23169477] -3.023780836242139e-05
[-0.97272965  0.17088465  1.10409353  0.72542602 -0.75763932 -0.23069214] -9.099967702439504e-06
[-0.97791093  0.17313073  1.1035464   0.72720825 -0.75638266 -0.23321   ] -8.53617331364517e-06
[-0.96992515  0.17603826  1.10583545  0.7277829  -0.75580151 -0.23583378] -3.457225682651656e-05
[-0.97820846  0.17090293  1.10497128  0.72385298 -0.75774591 -0.23019354] -5.806821908797073e-06
[-0.97920723  0.17177198  1.10399347  0.7245048  -0.75628351 -0.23533493] -1.6588280028086783e-05
[-0.97479011  0.1725571   1.10560091  0.72512301 -0.75747376 -0.23070195] -3.96927639411178e-06
[-0.97419632  0.17302446  1.10291457  0.72813405 -0.75784233 -0.2303128 ] -6.3845427233516e-06
[-0.97541027  0.17104638  1.1056444   0.72897541 -0.75752985 -0.23089522] -1.9014727248345465e-06
[-0.9752546   0.16976948  1.10657149  0.7318035  -0.75772148 -0.23028077] -9.602547174990265e-06
[-0.97929579  0.17381583  1.10585806  0.72805173 -0.75700063 -0.23239488] -9.360477596509975e-06
[-0.97437118  0.17161745  1.10453466  0.72608245 -0.75747965 -0.23111782] -3.192993132498875e-06
[-0.9729346   0.17106533  1.10673461  0.72589423 -0.75862296 -0.22917962] -1.625552662594973e-05
[-0.97666684  0.17261438  1.10434345  0.72687975 -0.75694274 -0.23220241] -2.385277041885311e-06
[-0.97565417  0.17048105  1.10215923  0.72587633 -0.75805939 -0.22786036] -1.4180076617969005e-05
[-0.97558371  0.17270015  1.10592271  0.72682374 -0.75722386 -0.23242576] -2.1904806323998577e-06
[-0.97748054  0.17078833  1.10742457  0.72444506 -0.75695626 -0.23219943] -5.072776084867884e-06
[-0.97322576  0.17287167  1.10618562  0.72892349 -0.75678947 -0.23298732] -3.7352835824996533e-06
[-0.97253542  0.17368071  1.10331934  0.72982422 -0.75752351 -0.23124406] -6.273707791898932e-06
[-0.97624426  0.17151142  1.10639826  0.72578985 -0.75709808 -0.23196059] -1.8892411770129346e-06
[-0.97571057  0.17156339  1.10540879  0.72936855 -0.75688079 -0.23316109] -2.2317826774292917e-06
[-0.97810319  0.17081272  1.10456514  0.72571643 -0.75759552 -0.23093364] -4.6109885931008045e-06
[-0.97444512  0.17235693  1.1057805   0.72812172 -0.75699098 -0.2324739 ] -1.4172177495417005e-06
[-0.97698241  0.17231344  1.10663138  0.72923723 -0.75674245 -0.23325516] -4.122454194024191e-06
[-0.97502399  0.17179144  1.10505884  0.72687114 -0.75729535 -0.23165216] -1.2756872778366863e-06
[-0.97413913  0.17104219  1.10706105  0.72843706 -0.7573969  -0.23198716] -3.987646843884665e-06
[-0.97603492  0.17222133  1.10502285  0.72726907 -0.75705628 -0.2321486 ] -1.0053676077953776e-06
[-0.97520352  0.1723125   1.10586706  0.72524843 -0.75751734 -0.23069098] -3.2678950682981704e-06
[-0.97558381  0.17175066  1.10552336  0.72833852 -0.75703993 -0.23254356] -1.0149556271814725e-06
[-0.97533041  0.17085925  1.10522003  0.72829816 -0.75711296 -0.23146559] -6.868097658120645e-07
[-0.97520376  0.16993879  1.10486869  0.72903537 -0.7570575  -0.2309855 ] -2.2664025094548462e-06
[-0.97547723  0.17245063  1.10535688  0.72592075 -0.756668   -0.23318625] -3.945160327208322e-06
[-0.97542701  0.17139745  1.10557252  0.72821174 -0.75731439 -0.23146797] -7.079537914082299e-07
[-0.97437082  0.1719476   1.10432777  0.7299136  -0.75717189 -0.23195667] -1.4748853122158487e-06
[-0.97483918  0.17183855  1.10484539  0.72888267 -0.75715343 -0.23195765] -7.344072571734182e-07
[-0.97630132  0.1709293   1.10463383  0.72783538 -0.75733313 -0.23127128] -1.6219091319976452e-06
[-0.97490917  0.17200002  1.10549383  0.72805014 -0.75707652 -0.23217324] -7.373766715629411e-07
[-0.97568417  0.17156431  1.10550049  0.72947896 -0.75695582 -0.23226671] -9.510911372063743e-07
[-0.97515781  0.17154297  1.10502835  0.72839173 -0.7571832  -0.23128302] -3.2725757251125565e-07
[-0.97494482  0.17143912  1.10478084  0.72841833 -0.75725484 -0.23065275] -7.059521776194435e-07
[-0.97441434  0.17084618  1.10553069  0.72983539 -0.75720916 -0.23138947] -1.4560116588513431e-06
[-0.97562977  0.17187754  1.10514981  0.72791065 -0.7570945  -0.23195881] -4.841468513916307e-07
[-0.97474694  0.17160762  1.10493616  0.72710274 -0.75735585 -0.23116872] -1.3062265508159469e-06
[-0.97544987  0.17157514  1.10535941  0.7288849  -0.75705583 -0.23199221] -4.807090301367753e-07
[-0.97570218  0.17103028  1.104898    0.72880981 -0.75722825 -0.23120184] -9.541004198110525e-07
[-0.97510742  0.17175759  1.10534487  0.72824006 -0.75711445 -0.23193039] -4.6535801288063646e-07
[-0.97586158  0.17116476  1.10571294  0.72776308 -0.75713834 -0.23140835] -4.837748094464255e-07
[-0.97541861  0.1715283   1.10503262  0.72828445 -0.7569187  -0.23187815] -3.4886733655695534e-07
[-0.97554461  0.17228952  1.10532263  0.72819346 -0.75705538 -0.23201807] -5.311789517459545e-07
[-0.97549106  0.17193195  1.10529698  0.72821964 -0.75706978 -0.23187995] -3.372436085554249e-07
[-0.97519902  0.17128936  1.10544191  0.72868396 -0.7570656  -0.23149855] -2.7010800610060766e-07
[-0.97498364  0.17099526  1.10558796  0.72907062 -0.75705116 -0.23126841] -5.327627338366427e-07
[-0.97474635  0.17204368  1.10478844  0.7291385  -0.75699751 -0.23207908] -6.19351072999923e-07
[-0.97558277  0.17138449  1.10548181  0.72810694 -0.75710314 -0.23157603] -2.906741460882871e-07
[-0.97520237  0.17156975  1.10518278  0.72775735 -0.7570958  -0.23135648] -2.9846918790958375e-07
[-0.97557646  0.17132469  1.10514327  0.7282413  -0.75703096 -0.231227  ] -2.486909010084842e-07
[-0.97581098  0.17110824  1.10504247  0.72824192 -0.75698921 -0.23087531] -5.853295530913161e-07
[-0.97531789  0.1714861   1.10549242  0.72818252 -0.75726412 -0.23106219] -3.970666015906531e-07
[-0.97539343  0.17151775  1.10514757  0.72825897 -0.75700506 -0.23167416] -2.2181955582685396e-07
[-0.97521289  0.17094438  1.10517825  0.72826044 -0.75709147 -0.23099181] -5.920537207943229e-07
[-0.97542152  0.17168506  1.1052673   0.72822984 -0.7570752  -0.23165791] -1.9325622322490028e-07
[-0.97563404  0.17138073  1.10552653  0.72803439 -0.75694205 -0.23171369] -2.703780948550691e-07
[-0.97573338  0.17129094  1.10548669  0.72876111 -0.7569782  -0.2317593 ] -4.0196092905920164e-07
[-0.97533512  0.17150005  1.10525875  0.72800829 -0.7570664  -0.23145719] -2.06852389922646e-07
[-0.97527042  0.17151472  1.1051133   0.72837865 -0.75695862 -0.23150013] -1.6866268022535043e-07
[-0.97511424  0.17157984  1.10492904  0.72851451 -0.75688636 -0.23146218] -2.3830567567680683e-07
[-0.97509795  0.17156315  1.10493084  0.72856594 -0.75712523 -0.23129129] -2.7259501722976925e-07
[-0.97550002  0.17142633  1.10537761  0.72816728 -0.75698784 -0.23160809] -1.9277037391311107e-07
[-0.97563331  0.17170017  1.10499402  0.72774415 -0.75697576 -0.23154295] -3.1901841013098857e-07
[-0.97530759  0.17139206  1.10532994  0.72844901 -0.75704314 -0.23150965] -1.875787409901141e-07
[-0.97516624  0.1716873   1.10535488  0.72825605 -0.75701447 -0.23190871] -3.0792620183816236e-07
[-0.9754739   0.17141534  1.10519618  0.72824499 -0.75702683 -0.23139743] -1.8396607442367278e-07
[-0.97537609  0.1714601   1.10536679  0.72823372 -0.75704762 -0.2313693 ] -1.3908548018511376e-07
[-0.97536742  0.17143128  1.1054764   0.72822109 -0.7570689  -0.23121687] -1.52141667851084e-07
[-0.97544806  0.17146449  1.10529162  0.72855954 -0.75698002 -0.23155698] -1.4673890498748744e-07
[-0.97537051  0.17120596  1.10529118  0.72844789 -0.75693949 -0.23132262] -2.6779476719075677e-07
[-0.97540877  0.17156528  1.10527327  0.72828435 -0.75704127 -0.23157409] -1.518673430461254e-07
[-0.97526159  0.171511    1.10514609  0.72854947 -0.75704466 -0.2313611 ] -1.4073163912219226e-07
[-0.97543869  0.17158492  1.10513247  0.72830123 -0.75698987 -0.23141003] -1.2935944159250365e-07
[-0.97550424  0.17168135  1.10503374  0.72822734 -0.75696323 -0.23136023] -1.6348543245728303e-07
[-0.97526064  0.17161817  1.105245    0.728524   -0.75699386 -0.23152645] -9.2155313301103e-08
[-0.975154    0.17171958  1.10526942  0.7286635  -0.75697737 -0.23159097] -7.98304210512766e-08
[-0.97542532  0.17158707  1.10537992  0.72848528 -0.75706832 -0.23145402] -1.1318673031978501e-07
[-0.97529249  0.17154377  1.1052555   0.72864656 -0.75699468 -0.23134005] -8.212041268988856e-08
[-0.97520133  0.17167099  1.10522511  0.72840039 -0.75706082 -0.23128484] -8.525892105502558e-08
[-0.97536772  0.17167781  1.10539698  0.72836076 -0.75700156 -0.2314553 ] -5.571166613913552e-08
[-0.97542078  0.17176121  1.10552243  0.7282664  -0.75698001 -0.2315024 ] -6.080433506784913e-08
[-0.97525042  0.17180128  1.10518634  0.72871885 -0.75698325 -0.23147577] -5.3024236388476065e-08
[-0.97518759  0.17197187  1.10509612  0.72896142 -0.75695106 -0.231529  ] -9.016966361975618e-08
[-0.97512507  0.17174858  1.10543862  0.72879056 -0.75703879 -0.23145695] -6.774207476179745e-08
[-0.97503836  0.17180026  1.10521074  0.72870826 -0.7569505  -0.23141394] -4.7190325019652497e-08
[-0.97484488  0.17190686  1.10512615  0.72881974 -0.7568916  -0.23139389] -1.1507854985008633e-07
[-0.97520802  0.17175944  1.10536075  0.72889578 -0.75692123 -0.23162615] -6.83633691044799e-08
[-0.97508871  0.17195854  1.10536545  0.72873267 -0.75696289 -0.23166631] -8.397450307526337e-08
[-0.97524154  0.17164747  1.10528299  0.72866809 -0.75698673 -0.23142161] -5.132302306067831e-08
[-0.97525637  0.1717587   1.10535606  0.72871726 -0.75698333 -0.23135894] -1.375994906826913e-08
[-0.97530756  0.17177826  1.10539938  0.72874414 -0.7569863  -0.23124293] -1.025653420924211e-08
[-0.97523554  0.17172512  1.1052776   0.72843444 -0.75706115 -0.23119602] -5.906227117503082e-08
[-0.97535531  0.17172815  1.10514606  0.72842096 -0.75695104 -0.23127824] -7.653899416336534e-08
[-0.97518263  0.17174347  1.10536548  0.72869816 -0.75701686 -0.23141227] -3.622291755650191e-08
[-0.97522721  0.17175774  1.10533637  0.72886498 -0.75691392 -0.23161126] -6.520916422404471e-08
[-0.97523345  0.17173327  1.10529229  0.72854207 -0.75702434 -0.23129983] -3.417222969263906e-08
[-0.97505027  0.17182353  1.10518209  0.7289991  -0.7569811  -0.23130015] -4.3700586143191855e-08
[-0.97510085  0.17170748  1.10539131  0.72873442 -0.7569987  -0.23122114] -2.819315083311805e-08
[-0.97506283  0.17188129  1.10533078  0.72880729 -0.7569992  -0.23120847] -1.8450740457865847e-08
[-0.97527417  0.1717555   1.10544304  0.72880014 -0.75705166 -0.23114766] -4.605814524977973e-08
[-0.97521522  0.17176669  1.10538496  0.72877717 -0.75702637 -0.23121423] -2.323567977715364e-08
[-0.97531724  0.17171329  1.10553931  0.72843532 -0.75703616 -0.23123281] -3.8587404359498627e-08
[-0.9752505   0.17174085  1.10545001  0.72857626 -0.75702239 -0.23124965] -2.0291332118904092e-08
[-0.97520751  0.17179247  1.1053841   0.72869563 -0.75700225 -0.23106648] -3.288457168396755e-08
[-0.97514803  0.17182241  1.10548789  0.72890289 -0.7569874  -0.23110114] -3.1014922578353876e-08
[-0.97515416  0.17177319  1.10543068  0.72881843 -0.75700454 -0.23134604] -2.0161953577017025e-08
[-0.97521567  0.17172684  1.10530782  0.72858301 -0.75702511 -0.23139302] -4.493108094623038e-08
[-0.97516494  0.17179852  1.10544287  0.72882292 -0.75699683 -0.23117411] -1.593851447163639e-08
[-0.97528422  0.17187213  1.10542158  0.72878099 -0.75701318 -0.23125734] -1.269152356768998e-08
[-0.97519285  0.17184805  1.10544013  0.72873951 -0.75698111 -0.23127861] -1.8552658256096435e-09
[-0.97518166  0.17188873  1.10546772  0.72872068 -0.75695848 -0.2313108 ] -2.9201053530585916e-09
[-0.97513835  0.17190963  1.1053718   0.72899483 -0.75697133 -0.23125286] -1.4480267824067628e-08
[-0.97522943  0.17192277  1.1053715   0.72881146 -0.75697811 -0.2311254 ] -2.0296188535312685e-08
[-0.97517297  0.17181058  1.10541588  0.72881669 -0.75699793 -0.23129088] -9.633820701178906e-09
[-0.97535747  0.1717911   1.10549977  0.72882573 -0.75698303 -0.23129044] -2.0092412493076243e-08
[-0.97513649  0.17185874  1.10537303  0.7288119  -0.75699516 -0.23122896] -8.901314187883924e-09
[-0.97524587  0.17189395  1.1053644   0.72880643 -0.75698485 -0.23134309] -7.612262565261187e-09
[-0.9753083   0.17177761  1.105433    0.72857172 -0.75701485 -0.23129441] -1.3717246693092966e-08
[-0.97526581  0.17181061  1.1054177   0.7286775  -0.75700397 -0.23128402] -7.23644945423038e-09
[-0.9751563   0.17179461  1.10538193  0.72875107 -0.75696993 -0.23129883] -6.803350601920638e-09
[-0.97508254  0.17189392  1.10539831  0.72879023 -0.75699134 -0.23133187] -1.1006521322152822e-08
[-0.9752513   0.17180718  1.10539911  0.72875566 -0.75698756 -0.23126517] -5.299381856273584e-09
--------------------------------------------
[-1.01434478  1.65928046 -0.72008564  0.70247581 -0.71735877  1.30578141] -208.50579404749814
[ 0.52504983  1.30497495 -0.13542546 -0.00477502 -0.31380986 -1.82363157] -212.30099906943565
[-0.80339863  0.23546028 -0.84041583 -1.50371012  0.68220675 -1.7196597 ] -214.9145602547747
[-0.24684298  1.30607989 -1.59476917  0.15802684 -1.03392699 -0.10144134] -210.07576862871522
[-0.69834306  0.48652865 -0.62454268  0.29689974 -0.51465691  1.27056342] -209.07975126537167
[ 0.87707414  0.30052768 -0.63930965  2.06389481  1.57703595  0.06746318] -211.63690298293784
[ 1.51681212  0.47766546 -0.39330614  0.45668856  0.24564422  0.83477257] -216.51613285229823
[-1.97041395  1.28661851 -1.12487666  0.11424879 -0.35248083 -1.1684141 ] -209.87326493143203
[-0.03920831  1.87920977 -0.77258725  2.61396712 -1.13393922  1.5697667 ] -210.74189278011224
[-1.55574281  1.0011067  -1.68996489  1.98794606 -0.41129906  2.80487132] -211.3605129668317
[-2.71870611  2.23908031 -1.53629912 -0.10604002 -2.96492321  1.82624596] -213.2941161288906
[-0.02187092  0.78516584 -0.86355701  1.5214111   0.44154616  0.50715887] -209.03248330968907
[ 0.22540147  1.46652101 -0.21017458 -0.18560292 -0.69230646 -1.67706633] -211.6899243286987
[-1.11045674  1.11746028 -1.32001731  1.44455881 -0.48155091  1.68438691] -208.99224382279067
[-1.64821584  0.33450144 -1.31002891 -1.20142675  0.24779647 -0.40375498] -212.50621401337602
[-0.44146019  1.49303269 -0.90694767  1.66011865 -0.7885053   1.07638628] -208.8022573769744
[-1.50545356  0.96994892 -0.25857316  1.7552108   0.22959147  1.66006227] -211.27258281521122
[-0.56149563  1.22204715 -1.26072017  0.55732283 -0.71804737  0.33893456] -208.70409845804676
[ 0.68775684  0.96788651 -0.77374683  1.94668019 -0.5737102   3.22948459] -210.34477545033408
[-1.30587125  1.20693551 -1.03709421  0.57235664 -0.40778817 -0.06893943] -208.67559835589975
[-0.78682344  2.00811199 -1.41159799  1.8558482  -0.37591121  0.34400612] -209.77379447853409
[-0.72046316  0.86692449 -0.82130651  0.68663686 -0.47997049  1.03892409] -208.47378991843766
[-1.69615966  1.73672768 -1.15850015  0.35307877 -1.63928649  1.28466574] -209.51967894569552
[-0.44044311  1.0230563  -0.9372928   1.22932802 -0.078662    0.70153559] -208.48347937013077
[-0.38423597  1.37296525 -0.57446501  0.35818746 -0.58189312 -0.22017941] -208.9819678652416
[-0.56579116  1.30908901 -0.76085309  0.6297803  -0.55680757  0.25596217] -208.51845837152922
[-1.09467617  0.93607829 -0.93883647 -0.2008185  -0.19770616  0.11434652] -209.43303007852248
[-0.60476419  1.35379409 -0.91491987  1.19488436 -0.64080551  0.83587634] -208.41737458760488
[-0.98906359  1.25097947 -0.4697972   1.11449783 -0.2424168   1.0174455 ] -208.66094315760196
[-0.13908541  1.28077243 -0.50432416  1.28017775 -0.49755221  1.7874478 ] -208.66309862008492
[-0.43078187  1.2623132  -0.63751667  1.10322247 -0.4751112   1.32335099] -208.43226342815387
[-0.26979917  1.24050638 -1.12752765  0.73427811 -0.74048838  0.80303137] -208.85397661390846
[-0.80924748  1.2483612  -0.63422982  1.0194429  -0.36693469  0.96384196] -208.41140862599096
[-0.7742237   1.16215423 -0.79426401  1.34888318 -0.36280665  1.80047462] -208.6020964799065
[-0.6178993   1.27235532 -0.76920582  0.80955602 -0.50830734  0.64209029] -208.3907519237453
[-0.19352158  0.68298773 -0.85140486  1.31188107 -0.13257165  0.52942501] -208.74727890666722
[-0.80913898  1.41520728 -0.75291544  0.85482712 -0.57116199  1.11169231] -208.37463734764623
[-0.89032188  1.44992889 -0.57273858  0.66019523 -0.93543507  1.27038974] -208.42354644115153
[-0.66692141  1.8003955  -0.60586889  1.19407251 -0.68594811  1.01015645] -208.5501898353914
[-0.70707772  1.10029224 -0.7674471   0.81349577 -0.53146489  1.03173218] -208.3774192799339
[-1.04870131  1.3509998  -0.83296887  0.68091133 -0.70959197  0.62852328] -208.47859673090977
[-0.58526173  1.28448485 -0.68637972  0.99764469 -0.53373139  1.14964406] -208.37015793666285
[-0.48747458  1.1082361  -0.93562735  1.23642173 -0.11536687  0.64123598] -208.46770048953874
[-0.78961006  1.36450569 -0.66346077  0.80425185 -0.73041802  1.1131013 ] -208.3684739292082
[-0.83464757  1.20794144 -0.50962636  0.57152176 -0.43986726  1.16815769] -208.4312530856527
[-0.66223503  1.31733092 -0.81359649  1.03904371 -0.59057095  0.91894668] -208.36953354492968
[-0.58116012  1.33636424 -0.8501053   0.75349682 -0.7882835   1.02522698] -208.4359798724312
[-0.75222564  1.27036196 -0.68819869  0.95295638 -0.4722719   0.97918822] -208.36652687659816
[-0.81728376  1.31170566 -0.68812692  1.01118383 -0.63489904  1.45934463] -208.4110465216434
[-0.66774541  1.2821929  -0.74893609  0.85996297 -0.53995526  0.84640387] -208.36229205837114
[-0.71499456  1.5444023  -0.6837153   1.02273314 -0.61457161  1.00792663] -208.40237607388966
[-0.70905693  1.21131975 -0.74651415  0.86580511 -0.55224157  1.02578079] -208.358710335918
[-0.57957262  1.16152475 -0.69611319  0.98506111 -0.56856771  0.89932933] -208.37711558919696
[-0.75174739  1.35178665 -0.73871488  0.88738562 -0.57051342  1.05860157] -208.35997305091024
[-0.85894509  1.31468111 -0.78009397  0.80549053 -0.61825898  0.83103008] -208.380288578859
[-0.65368257  1.29203391 -0.70980828  0.94960615 -0.55486329  1.06999057] -208.35830925547143
[-0.77912097  1.2734027  -0.61828113  0.73427898 -0.54951687  1.11207543] -208.3755513841844
[-0.69145652  1.30634887 -0.76476765  0.96285253 -0.58030743  0.96722887] -208.3585770996535
[-0.6190281   1.20684232 -0.80218581  1.02193773 -0.35963294  0.86929666] -208.3716780360867
[-0.74696457  1.32508985 -0.69814203  0.85867332 -0.63772175  1.05215014] -208.3583265951444
[-0.65465882  1.31922869 -0.78076234  0.84180552 -0.67292901  1.02753038] -208.36821955880308
[-0.72783394  1.28257864 -0.7113396   0.92516867 -0.52243617  0.99127376] -208.3580188544911
[-0.75916856  1.30752632 -0.70749277  0.95653416 -0.59940595  1.20860469] -208.36934682201905
[-0.6906012   1.28852626 -0.73857526  0.88410577 -0.55481793  0.93695408] -208.35657008584025
[-0.65478452  1.21684578 -0.71766745  0.92801823 -0.56361597  0.95585784] -208.3595910366043
[-0.67902523  1.250581   -0.7229293   0.91786008 -0.56534033  0.98154377] -208.3564389941566
[-0.68746441  1.37039975 -0.70200656  0.96695039 -0.58625406  0.97393293] -208.36250461886485
[-0.7036588   1.25108975 -0.73538725  0.89109143 -0.56074469  1.01281883] -208.35592826963634
[-0.70913225  1.25695094 -0.67395959  0.84598261 -0.55166729  1.04768151] -208.3581611747028
[-0.64101343  1.21549698 -0.7325244   0.94593158 -0.46556816  0.9612707 ] -208.361134505831
[-0.72047678  1.29769163 -0.70673762  0.88048789 -0.59468335  1.02943028] -208.35592941019144
[-0.75656017  1.25043882 -0.7198346   0.83195933 -0.56169997  0.92991017] -208.3605022838559
[-0.67940197  1.28163514 -0.71231486  0.92019444 -0.55657246  1.03497047] -208.35599247768346
[-0.69120039  1.29374987 -0.76846837  0.96032015 -0.56653102  0.94798221] -208.35813569801357
[-0.69568335  1.28455014 -0.74484118  0.93173576 -0.56281509  0.97290704] -208.35613102410676
[-0.66178184  1.26877933 -0.74225556  0.88332312 -0.60922178  0.99826773] -208.3609931764424
[-0.71132091  1.27912881 -0.71906859  0.91470728 -0.54413257  0.99302225] -208.3558419629017
[-0.70592115  1.25969923 -0.70851767  0.93458653 -0.57327823  1.0712768 ] -208.35601933751113
[-0.72646242  1.30068391 -0.71935976  0.9064077  -0.5654018   1.05659812] -208.35672117312467
[-0.69088453  1.26310672 -0.72203692  0.91499698 -0.5653557   1.00030736] -208.35566743724888
[-0.7082047   1.25956696 -0.68984646  0.88695242 -0.56877391  1.07436829] -208.35555320270697
[-0.71446537  1.24707538 -0.6623491   0.86456075 -0.57175333  1.12509892] -208.3566742202389
[-0.69872808  1.28437378 -0.71994623  0.86822362 -0.55680933  0.97702902] -208.35679654619352
[-0.70412288  1.26586787 -0.71137481  0.9179958  -0.56916101  1.04771486] -208.35545002326958
[-0.73348757  1.25718211 -0.71583569  0.88188282 -0.57771129  1.01758348] -208.3563724125724
[-0.69292337  1.27552188 -0.71319507  0.91061654 -0.56185717  1.03062372] -208.35549855068336
[-0.68322828  1.2337357  -0.72356541  0.93163226 -0.52865833  1.02352149] -208.35605698063117
[-0.71116466  1.28170265 -0.71094457  0.89327398 -0.5781771   1.02795308] -208.35550436225154
[-0.70254822  1.29054188 -0.68676822  0.92175624 -0.56840779  1.04517769] -208.35599539012983
[-0.70338115  1.26095279 -0.72323249  0.89875763 -0.56266047  1.02090854] -208.35549244774757
[-0.69223952  1.25644415 -0.70447485  0.89282384 -0.59119587  1.0742697 ] -208.35606885730118
[-0.70655056  1.27345765 -0.71542016  0.90923642 -0.5558984   1.01333411] -208.3554472726932
[-0.71789791  1.27591654 -0.69930094  0.89061395 -0.56682032  1.07132685] -208.3556292557628
[-0.71114457  1.27271409 -0.70498493  0.89670971 -0.56645416  1.05357197] -208.35543179786723
[-0.7015577   1.28383868 -0.73653755  0.92191094 -0.56262885  0.99033381] -208.35576667968493
[-0.70654295  1.26563489 -0.70151923  0.89569205 -0.56723765  1.05335967] -208.35538076170008
[-0.69705717  1.25634707 -0.71229766  0.9163954  -0.54957919  1.04521788] -208.35541509287776
[-0.71667639  1.25613623 -0.70974803  0.90097913 -0.56180646  1.04741196] -208.35548603060673
[-0.71065035  1.26909981 -0.69521578  0.91357854 -0.56071849  1.06596161] -208.35563458716092
[-0.70519845  1.26298954 -0.71622832  0.90246286 -0.56217497  1.03217181] -208.35536236952754
[-0.69352914  1.2762008  -0.71086034  0.91185161 -0.56169533  1.03437814] -208.35547570930805
[-0.69931595  1.27118466 -0.71058226  0.90913349 -0.56172311  1.0376366 ] -208.3553755393205
[-0.70448033  1.26824143 -0.70896938  0.89188084 -0.55186149  1.03071582] -208.3554703295869
[-0.70421225  1.26646126 -0.71077345  0.91146706 -0.56483613  1.0434651 ] -208.35536232794033
[-0.70127321  1.25831952 -0.70337513  0.90138377 -0.56810334  1.07514023] -208.3553371970369
[-0.69863454  1.25075046 -0.69735262  0.89745745 -0.57420581  1.10604329] -208.35547230009655
[-0.69338876  1.2542649  -0.71327375  0.9154685  -0.5580973   1.04209179] -208.355473213628
[-0.70670561  1.26810179 -0.70705714  0.90139941 -0.56436495  1.05070193] -208.35533557713413
[-0.71069231  1.27455015 -0.70421418  0.89078415 -0.57990086  1.0522739 ] -208.3555277823852
[-0.70046595  1.26089784 -0.71027679  0.90999259 -0.55715961  1.04698188] -208.35533471011573
[-0.69918086  1.26368331 -0.7179118   0.91625434 -0.55888305  1.04200618] -208.35541611447442
[-0.70470243  1.265147   -0.70561737  0.90083262 -0.565149    1.0505213 ] -208.3553314973132
[-0.70820335  1.25612099 -0.7071938   0.90004594 -0.56553955  1.06202415] -208.35534221217713
[-0.70332248  1.26202659 -0.69853625  0.90591094 -0.56620922  1.07743972] -208.35526911021137
[-0.7023845   1.26154512 -0.68969021  0.90763498 -0.56822634  1.10007367] -208.35524174934093
[-0.70369944  1.25691616 -0.69696337  0.89562938 -0.56467813  1.08501596] -208.3553746830887
[-0.70408405  1.26407499 -0.70732093  0.90750764 -0.56479663  1.05385281] -208.3553083228937
[-0.69833523  1.26990776 -0.70058539  0.90953773 -0.56372707  1.06373312] -208.35532309740336
[-0.70428604  1.27157197 -0.70347415  0.91091788 -0.55970453  1.04681468] -208.3554050684993
[-0.70202642  1.26163264 -0.70339989  0.9037673  -0.56600364  1.06805884] -208.35529814411856
[-0.69729391  1.25963332 -0.69857306  0.91169154 -0.56398915  1.07703862] -208.35530124165425
[-0.70247622  1.26641576 -0.69145216  0.90366468 -0.573471    1.09077757] -208.35525581914908
[-0.69749768  1.26258953 -0.69138984  0.91376867 -0.56825561  1.10065692] -208.3552784309289
[-0.70358569  1.25538936 -0.69335664  0.90647388 -0.57118705  1.09975302] -208.355232780824
[-0.70621093  1.24813016 -0.68974226  0.90494195 -0.57491703  1.11776297] -208.3552316030461
[-0.69854584  1.25590719 -0.68076154  0.90764873 -0.57349096  1.13093672] -208.3551901065096
[-0.69577674  1.2518233  -0.66748185  0.90771928 -0.57783812  1.16947867] -208.35514185239055
[-0.70483025  1.25774551 -0.67914568  0.90214074 -0.57891477  1.13856426] -208.3552236758577
[-0.70103235  1.25445049 -0.66623411  0.9095228  -0.58120399  1.17104585] -208.3551548717585
[-0.70673931  1.25078058 -0.66985892  0.89810615 -0.58326814  1.16191075] -208.35526359872176
[-0.70442891  1.25373282 -0.67524165  0.90202178 -0.57951501  1.14659729] -208.35520693474572
[-0.70241167  1.2427267  -0.6643931   0.9076625  -0.58006742  1.19039667] -208.35512359888537
[-0.70237939  1.23088216 -0.65086357  0.9096614  -0.58336563  1.24020621] -208.3550882222879
[-0.70250169  1.23737636 -0.65321283  0.90436768 -0.59035851  1.22781141] -208.35513631610064
[-0.69743885  1.24720672 -0.6409843   0.90686927 -0.58881498  1.24680493] -208.3550724592389
[-0.69305281  1.246745   -0.61660531  0.90783294 -0.59576395  1.31132591] -208.3550352551724
[-0.69489371  1.23392453 -0.6307341   0.91156788 -0.59043364  1.28359085] -208.35501191461677
[-0.68992544  1.22201404 -0.6065283   0.91628145 -0.59619307  1.35610414] -208.35496241659146
[-0.69046057  1.2273643  -0.61173367  0.91644007 -0.59539275  1.34539344] -208.35498162061742
[-0.6903332   1.2176179  -0.6025744   0.91124481 -0.59843336  1.37906075] -208.3549769428694
[-0.6937743   1.2088433  -0.57969085  0.9142235  -0.6086643   1.45048862] -208.35503785308183
[-0.68414021  1.21377921 -0.56945254  0.92086038 -0.60224584  1.46638162] -208.35497950511393
[-0.67818278  1.21457242 -0.54466479  0.91929965 -0.61553212  1.52937861] -208.35497725537942
[-0.68159071  1.238521   -0.60416216  0.9164296  -0.59252273  1.34539287] -208.3550264487839
[-0.67849149  1.19787795 -0.56309998  0.92568572 -0.60434267  1.49591123] -208.35495545259354
[-0.67121083  1.17344443 -0.53634731  0.93461211 -0.60863204  1.5882039 ] -208.3550385150422
[-0.68892052  1.19255428 -0.56185573  0.92017443 -0.61152387  1.51201706] -208.3549885834246
[-0.68708807  1.20404596 -0.57243234  0.91923822 -0.60677359  1.47036101] -208.35494860884197
[-0.6789265   1.19593819 -0.54118378  0.92109667 -0.61244747  1.55367235] -208.35496194161007
[-0.68350895  1.20357628 -0.57404199  0.91675512 -0.60899492  1.46178108] -208.35494924821805
[-0.69124177  1.19911769 -0.60862213  0.91746768 -0.59352957  1.37625158] -208.35494499190227
[-0.69777126  1.19139033 -0.64060081  0.9165517  -0.5825283   1.29968806] -208.35500813778947
[-0.67939421  1.18990547 -0.55272844  0.92759682 -0.60899374  1.52563305] -208.35494654810526
[-0.67629155  1.17480647 -0.53084125  0.92633196 -0.61550092  1.60509929] -208.35497654930055
[-0.68651697  1.21021215 -0.58760654  0.91879408 -0.60102003  1.41835293] -208.35493763576827
[-0.68982066  1.20564031 -0.61166003  0.92074921 -0.59543738  1.36242462] -208.35494061722764
[-0.69403205  1.206288   -0.60593052  0.91451466 -0.60057374  1.37569019] -208.35498050927006
[-0.68237663  1.19998047 -0.57380761  0.92289295 -0.60340044  1.46585597] -208.35493642799813
[-0.68863715  1.19939107 -0.59491038  0.9254912  -0.59405666  1.41117864] -208.35494838933485
[-0.68557439  1.19736976 -0.60401271  0.92509243 -0.59203902  1.38287125] -208.35494679688452
[-0.68300439  1.20135088 -0.58456878  0.91870652 -0.6040834   1.43261783] -208.35495336823993
[-0.68722896  1.19988102 -0.59232498  0.92379503 -0.59656335  1.41653844] -208.3549358167083
[-0.68661867  1.20420928 -0.57157054  0.91867283 -0.60760915  1.47214761] -208.35495056640795
[-0.68583546  1.19907964 -0.59590216  0.92348753 -0.59593155  1.40519034] -208.35493305852873
[-0.69494594  1.21473162 -0.63724604  0.91479868 -0.58630036  1.28923824] -208.35499904929316
[-0.68328214  1.19611201 -0.57385784  0.92439728 -0.6033204   1.46653435] -208.35492557368653
[-0.68044517  1.20451751 -0.56976425  0.92723768 -0.60502814  1.46871397] -208.35497853214
[-0.68854262  1.20046765 -0.59890766  0.91991018 -0.59640421  1.39936718] -208.3549308977185
[-0.68144027  1.19627067 -0.56247557  0.92367647 -0.60344262  1.49485512] -208.35493412625843
[-0.68305172  1.18705167 -0.57815207  0.92725907 -0.59866749  1.46442753] -208.35492317117775
[-0.6813191   1.17547142 -0.57342484  0.93149156 -0.59749122  1.48746483] -208.3549237488614
[-0.68741709  1.19297375 -0.59339915  0.92461557 -0.59470943  1.41644834] -208.35491257007462
[-0.68993732  1.18947039 -0.60319492  0.92547687 -0.59036393  1.39174453] -208.35491609190768
[-0.68262748  1.19077077 -0.57523984  0.923987   -0.60092856  1.46573585] -208.35492391843636
[-0.6888119   1.19254783 -0.60934401  0.92420907 -0.59321126  1.37771275] -208.35492169584768
[-0.68540886  1.18756158 -0.58039803  0.92463853 -0.59981557  1.45821833] -208.35491657666898
[-0.68165711  1.18187156 -0.57122265  0.92979199 -0.60048002  1.48365854] -208.35493025238858
[-0.68337849  1.18652058 -0.57814391  0.92732154 -0.59946107  1.4625857 ] -208.3549169530352
[-0.6869497   1.18303005 -0.59770116  0.92627965 -0.5922774   1.41517515] -208.3549133546845
[-0.68904511  1.18579105 -0.60380627  0.92745414 -0.59178552  1.39912008] -208.3549045989052
[-0.69225393  1.18330118 -0.61808948  0.92918771 -0.587214    1.3658122 ] -208.3549147281497
[-0.69061866  1.18908995 -0.60944544  0.92424709 -0.59175259  1.37865925] -208.35491309407672
[-0.68546074  1.18244116 -0.57828731  0.92730977 -0.59672259  1.46568954] -208.3549126342983
[-0.69158823  1.1871086  -0.60953521  0.92419337 -0.58955996  1.3818512 ] -208.3549074815148
[-0.69161766  1.1859166  -0.61699348  0.926728   -0.58578693  1.36076286] -208.35491763099634
[-0.68696106  1.18715034 -0.58954689  0.9251609  -0.59630841  1.43385446] -208.35490935088373
[-0.69008059  1.19182156 -0.59697226  0.92471397 -0.59466877  1.41003247] -208.35492067285875
[-0.68773243  1.18522793 -0.59751894  0.92588823 -0.59287524  1.41388948] -208.3549112389748
[-0.68544956  1.18447433 -0.58125249  0.92729356 -0.59556779  1.45829178] -208.3549116397043
[-0.69060376  1.19180084 -0.61339901  0.92422549 -0.59021286  1.36879558] -208.3549231373961
[-0.68674649  1.18478108 -0.58706523  0.9265387  -0.59509516  1.44146605] -208.3549132965056
[-0.69031667  1.18644982 -0.60667074  0.92582376 -0.59067274  1.39048564] -208.3549115777333
[-0.68800309  1.18647069 -0.59667658  0.92630752 -0.59404696  1.41648727] -208.35491147851636
[-0.68838877  1.18550949 -0.6006626   0.92667118 -0.59233038  1.40650478] -208.35490954209408
[-0.68724734  1.18513269 -0.59252938  0.92737385 -0.59367665  1.42870593] -208.35490685847543
[-0.6882311   1.1893824  -0.59860271  0.92603485 -0.59324747  1.40778421] -208.3549185325776
[-0.68725293  1.1841161  -0.59104679  0.92738195 -0.59425406  1.43240481] -208.3549093754018
[-0.6885202   1.18177421 -0.59852807  0.92763595 -0.59234129  1.41678529] -208.3549064650114
[-0.6858358   1.18314825 -0.58774582  0.92845111 -0.59547221  1.44285042] -208.35491079578304
[-0.68742696  1.1820199  -0.59476306  0.92868187 -0.59257308  1.4256365 ] -208.35490798534173
[-0.69012463  1.18496623 -0.6060329   0.92661521 -0.59018144  1.39353538] -208.35490974421984
[-0.68905243  1.18451173 -0.60146113  0.92707418 -0.59150414  1.40586414] -208.35491144620661
[-0.68878266  1.18378263 -0.60116717  0.92754504 -0.5920634   1.40795269] -208.35490864541526
[-0.68814622  1.18546187 -0.59816782  0.92741399 -0.59273109  1.41391301] -208.35491016027666
[-0.68823604  1.18390548 -0.59928466  0.92806801 -0.5921793   1.41237829] -208.3549124953948
[-0.68814902  1.18495357 -0.59742653  0.92741805 -0.59301979  1.41576245] -208.35491167951955
[-0.68871694  1.18565027 -0.60223443  0.92706266 -0.59205795  1.40281243] -208.35491087309512
[-0.68744046  1.18446965 -0.59577604  0.92795262 -0.59362886  1.42098525] -208.3549143111075
[-0.68958487  1.18537864 -0.60491958  0.92703467 -0.59098348  1.39632773] -208.35490902849597
[-0.6892389   1.18643386 -0.60328927  0.92657484 -0.59203444  1.3995845 ] -208.3549054844913
[-0.68968922  1.1858792  -0.60710166  0.92694374 -0.59086551  1.3908077 ] -208.3549110443723
[-0.68930417  1.18564779 -0.60468287  0.92706232 -0.59140408  1.39704639] -208.35491248908224
[-0.68914201  1.18611246 -0.60354777  0.92701449 -0.59190998  1.39935229] -208.35491437955673
[-0.68891388  1.18478684 -0.60248672  0.92749959 -0.59192446  1.40353638] -208.35491098807032
[-0.68931499  1.18558484 -0.60436293  0.92724441 -0.5913845   1.39772391] -208.35490981752235
[-0.68859567  1.18562646 -0.60098704  0.92743407 -0.5922583   1.40651654] -208.35490798826237
[-0.68888103  1.18572066 -0.60302035  0.9272584  -0.59192173  1.40096626] -208.35491107864036
[-0.68859707  1.18537231 -0.6006164   0.92743609 -0.59240265  1.40744126] -208.35491407228864
[-0.68864058  1.18484826 -0.60154547  0.92776107 -0.59198241  1.40574919] -208.35491077375175
[-0.68920002  1.18541372 -0.60478653  0.9274478  -0.59134965  1.39709619] -208.3549097510776
[-0.68902239  1.18496307 -0.6029713   0.92768862 -0.59163988  1.40228117] -208.35491110521767
[-0.68891637  1.18553126 -0.60300809  0.92736596 -0.59185127  1.40129499] -208.35491297409897
[-0.68882039  1.18570875 -0.60239666  0.9274441  -0.59202191  1.40281831] -208.35491131028843
[-0.68912257  1.18560238 -0.6042964   0.92745097 -0.59156758  1.39810814] -208.35491225277028
[-0.68918005  1.18568794 -0.6040846   0.92734927 -0.59158501  1.39842199] -208.35490969214413
[-0.68884284  1.18531965 -0.60267587  0.92760761 -0.59188396  1.40243463] -208.3549111640024
[-0.6889795   1.18528894 -0.60314649  0.92747686 -0.59185499  1.40132823] -208.3549081466866
[-0.68896307  1.18575585 -0.60341331  0.92735627 -0.59185362  1.40004317] -208.3549155809875
[-0.68903375  1.18537706 -0.60338878  0.92757138 -0.5917127   1.40070063] -208.35491197798567
[-0.68884465  1.18545541 -0.60220316  0.92751682 -0.59204711  1.40349983] -208.35491399158184
[-0.68905309  1.18556564 -0.60377309  0.92746743 -0.59168747  1.39945606] -208.35491375688883
[-0.68901231  1.18553999 -0.60347638  0.9274655  -0.59182025  1.40022416] -208.3549105609567
[-0.68911258  1.18573949 -0.60394543  0.9274017  -0.59168526  1.39877104] -208.35491423153138
[-0.68894398  1.18555535 -0.60324107  0.92753087 -0.59183474  1.40077736] -208.3549130329399
[-0.68893275  1.1857499  -0.60310146  0.92744912 -0.59190371  1.4009692 ] -208.35491124562301
[-0.68903943  1.18558405 -0.60359753  0.92751276 -0.59174911  1.39991036] -208.35490968565594
[-0.68908384  1.18569671 -0.60405133  0.92745255 -0.59167655  1.39861411] -208.35491131876057
[-0.68890656  1.18556619 -0.60314591  0.92755328 -0.5919047   1.40110071] -208.3549118221994
[-0.68906269  1.18575395 -0.60381856  0.92743158 -0.59177854  1.39920218] -208.35491120203739
[-0.68915215  1.18580569 -0.60413793  0.92736861 -0.59166653  1.39824598] -208.35491188883657
[-0.68896796  1.18562607 -0.60339392  0.92750711 -0.59184516  1.40038703] -208.3549062352882
[-0.68893624  1.18565162 -0.60301337  0.92748752 -0.59195088  1.40132356] -208.35491418945256
[-0.68904694  1.18568544 -0.60379184  0.92746129 -0.59174513  1.39929147] -208.35491392029596
[-0.68900653  1.18570856 -0.60360009  0.92748062 -0.59181534  1.39975356] -208.354910135182
[-0.68904227  1.18568755 -0.6037019   0.92748345 -0.59176731  1.39951522] -208.3549106822617
[-0.68902871  1.18566552 -0.60364132  0.92745982 -0.59180288  1.39967212] -208.35490885132498
[-0.6890539   1.1857725  -0.60381241  0.92744286 -0.59178203  1.39916113] -208.35491181460088
[-0.68898893  1.18577047 -0.60345386  0.92745163 -0.59184461  1.40004464] -208.35491531472118
[-0.68906448  1.18574388 -0.6039288   0.92745335 -0.59173103  1.3988671 ] -208.35491863312302
[-0.68899068  1.18572133 -0.60340982  0.92747083 -0.5918682   1.40022182] -208.3549180119042
[-0.68900913  1.18572697 -0.60353956  0.92746646 -0.59183391  1.39988314] -208.35491223531042
[-0.68907295  1.18568024 -0.60391332  0.92747749 -0.59175105  1.39899044] -208.35491005576253
[-0.68907403  1.18570817 -0.60395221  0.92746633 -0.59173413  1.39885438] -208.35491353257336
[-0.68902535  1.18572227 -0.60364272  0.92746643 -0.59180896  1.39962595] -208.35491055566288
[-0.68901975  1.1856459  -0.6036228   0.92749779 -0.59179499  1.39973132] -208.35490995807672
[-0.68902386  1.18571696 -0.60370695  0.92746198 -0.59181893  1.39944927] -208.35491132364535
[-0.68903767  1.1856949  -0.60370316  0.92747808 -0.59178022  1.39949873] -208.35491372183887
[-0.68903691  1.18572828 -0.6037238   0.92745698 -0.5917942   1.3993961 ] -208.3549130208568
[-0.68903243  1.18571847 -0.60371453  0.92747596 -0.59179025  1.3994257 ] -208.35491202667208
[-0.68905903  1.18573564 -0.60385979  0.92746581 -0.59176828  1.39905526] -208.3549066011288
[-0.68902582  1.1857498  -0.60370318  0.92746738 -0.59180043  1.39943682] -208.35491249537137
[-0.68903523  1.18575666 -0.6037245   0.92746028 -0.59179724  1.39937302] -208.35491187798985
[-0.68904369  1.1857393  -0.60375408  0.92746879 -0.59177641  1.39931765] -208.3549124821208
[-0.68904353  1.18576869 -0.60379699  0.92747381 -0.59177851  1.39918008] -208.3549155686054
[-0.68903857  1.18573838 -0.60374209  0.92746119 -0.59179028  1.39934209] -208.35491072485416
[-0.68905887  1.18574337 -0.60383057  0.92746134 -0.5917689   1.39910778] -208.35491584335202
[-0.68903408  1.18574819 -0.60373503  0.92746587 -0.59179254  1.39935456] -208.35491094990059
[-0.68903779  1.18575683 -0.60377332  0.92745896 -0.59179829  1.39923926] -208.35491029404494
[-0.68905085  1.18579045 -0.60383247  0.92744612 -0.59178713  1.39906905] -208.3549069209589
[-0.68905325  1.18576353 -0.6038585   0.92745708 -0.59177677  1.39902042] -208.35490900573026
[-0.68906078  1.1857771  -0.60388912  0.92744856 -0.59177621  1.3989275 ] -208.35491096427097
[-0.68904076  1.18575542 -0.60377355  0.92746154 -0.59178846  1.39924779] -208.35491407280347
[-0.68905207  1.18576334 -0.60383303  0.92745997 -0.5917769   1.39908767] -208.35490945968576
[-0.68904798  1.18579075 -0.60381937  0.92745013 -0.59178632  1.39909457] -208.3549144786034
[-0.68904918  1.18577729 -0.60383238  0.92745561 -0.59178114  1.39907025] -208.35491678384545
[-0.68904145  1.18577394 -0.60378979  0.92745655 -0.5917919   1.39917967] -208.35491533890385
[-0.68904184  1.18576472 -0.60377418  0.92745766 -0.5917879   1.39923109] -208.35491327234467
[-0.6890396   1.18576962 -0.60377065  0.92746    -0.59178903  1.39923732] -208.35491344462454
[-0.68904017  1.18577385 -0.60376538  0.92745721 -0.59179138  1.39924655] -208.3549145790152
[-0.68904747  1.18577717 -0.60379983  0.92745649 -0.59178044  1.39915942] -208.35491177917262
[-0.68905119  1.18577836 -0.60383573  0.92745559 -0.59177733  1.3990635 ] -208.354910005991
[-0.68904445  1.18575734 -0.60378719  0.92746449 -0.59177938  1.39920513] -208.35490979116366
[-0.68905445  1.18577437 -0.60384143  0.92745611 -0.59177346  1.39905165] -208.35490963291906
[-0.68905641  1.18578249 -0.60386031  0.92745794 -0.59176978  1.39899806] -208.35491607157834
[-0.68904548  1.18576916 -0.60379571  0.92745773 -0.59178337  1.39917283] -208.35490659386332
