 TTanhReionization_zreFromOptDepth: Did not converge to optical depth
 tau =   1.08447514319070      optical_depth =    1.08689848573381     
   25.4394531250000        25.4333496093750     
 (If running a chain, have you put a constraint on tau?)
 TTanhReionization_zreFromOptDepth: Did not converge to optical depth
 tau =   1.04496018391765      optical_depth =    1.04698120887934     
   25.4394531250000        25.4333496093750     
 (If running a chain, have you put a constraint on tau?)
 TTanhReionization_zreFromOptDepth: Did not converge to optical depth
 tau =   1.04349182981956      optical_depth =    1.04567895791912     
   25.4394531250000        25.4333496093750     
 (If running a chain, have you put a constraint on tau?)
 TTanhReionization_zreFromOptDepth: Did not converge to optical depth
 tau =   1.04449240315281      optical_depth =    1.04698239349543     
   25.4394531250000        25.4333496093750     
 (If running a chain, have you put a constraint on tau?)
 TTanhReionization_zreFromOptDepth: Did not converge to optical depth
 tau =   1.04379036071168      optical_depth =    1.04698417041957     
   25.4394531250000        25.4333496093750     
 (If running a chain, have you put a constraint on tau?)
 TTanhReionization_zreFromOptDepth: Did not converge to optical depth
 tau =   1.04041720650808      optical_depth =    1.04334650970105     
   25.4394531250000        25.4333496093750     
 (If running a chain, have you put a constraint on tau?)
[-0.82070092 -0.93912378 -0.5227346   0.54200774  0.07247402  0.42810327] -304.04454827681195
[ 0.77403836  0.23151417 -1.54488246 -1.45164875  0.32564758  1.95263339] -300.32507788411255
[-0.00434141 -0.00557562 -0.08740318  0.45919067  1.59378039 -0.09902606] -307.586612854605
[ 1.44832222 -0.71684641  0.46391243  0.15333481  0.79345936  0.84230297] -282.8450832150846
[ 1.64438342  0.80077461  0.36020661 -0.22954178 -0.0760244  -0.22988512] -274.81928108433584
[ 1.16522414  2.20932033  0.52550349 -0.28397632 -0.24715556  0.87001698] -283.8778064460484
[-1.35271594 -0.24006701  0.65276317 -2.19790726 -1.31156296  0.99406797] -340.85032670914455
[ 2.75502454  0.76675478 -0.92122907  1.92769604  2.13229009  0.26064717] -268.9636605760531
[ 4.80889478  1.27016567 -1.70822519  3.99049769  3.85421661 -0.10606322] -249.7658963609502
[ 3.01106208  0.95751049 -0.72133673  0.44770045 -0.01957452  1.35139548] -265.91368237158815
[ 5.10467591  2.52327006 -0.35220601  0.33344763  1.471049    1.13203022] -271.5779054996997
[ 4.95348249  2.11655075  1.06750066  2.92213624  1.59967592 -0.66603428] -246.930035884965
[ 7.04320455  3.05906904  2.37369223  5.10902874  2.23669009 -1.97536811] -325.1022018568582
[ 5.8250495   0.10782139 -0.82221956  2.823168    2.78808955 -0.09543497] -253.62169499879425
[ 7.0008605   3.30887739 -1.18933918  3.27580127  2.41235136 -0.38030026] -266.66666182765164
[ 8.59029167  2.62729064 -1.60214861  4.82712555  4.11129371  0.64174944] -299.59226412286284
[ 3.38086048  1.25740362 -0.1303822   1.03462505  0.97080513 -0.01197648] -259.84908861424174
[ 4.55539403  0.48283971 -0.81579472  4.49786194  2.39747235 -1.10150146] -252.32743725187007
[ 1.84405395 -1.24478019  0.14585327  1.96286186  1.45121032  0.17042862] -270.9320321015591
[ 5.71165886  2.170463   -0.85554107  2.94756642  2.1720661  -0.24261804] -250.11985987227789
[ 6.7340513   1.51090422 -0.36688396  5.62425133  4.61368307 -2.09260497] -275.7894826887338
[ 3.94180938  1.09585892 -0.63272354  1.74183817  1.13873988  0.49039537] -254.13206720961966
[ 6.55123587  1.15716286 -1.12528561  5.27306444  3.67928168 -0.56177572] -269.84331450325686
[ 4.17345433  1.23234343 -0.37910805  2.0942349   1.64792426 -0.14942629] -251.24050116275484
[ 6.06750194  1.36420239 -0.53840577  4.68331689  3.68107505 -1.27742146] -253.8394945867058
[ 5.5360788   1.29711652 -0.56198521  3.94794721  3.04549126 -0.83546725] -246.68209637839763
[ 4.08793827  2.74867164 -0.26216496  3.97691346  2.11752595 -0.93826855] -258.5785305291341
[ 5.39077169  0.76803395 -0.68220591  3.11160437  2.62044865 -0.30614336] -247.13777819847812
[ 5.63605296  2.46871807 -0.22406021  1.84013367  2.58246859  0.33291732] -257.0453829070634
[ 4.82555876  0.9793093  -0.66786109  3.83342987  2.44372141 -0.74289677] -246.70200670412896
[ 6.2353608   1.63486964 -0.75699789  4.82349237  3.59728239 -0.81698135] -259.2039991249406
[ 4.68893095  1.33297498 -0.47358051  2.77654927  2.13526379 -0.31631505] -247.11193327507632
[ 4.35624696  0.41758739 -0.15324469  3.91315513  3.06087312 -0.74835527] -244.54332288881287
[ 3.678541   -0.45885041  0.1979035   4.39594949  3.50527663 -1.00122389] -248.10248485228382
[ 5.10812843  1.03369197  1.21776628  2.84444301  1.11427477 -1.09900744] -247.32371176280958
[ 5.03332002  1.09281039  0.48626841  3.13095668  1.79926023 -0.85077139] -244.87566618320133
[ 4.40710097  1.64408249  0.58123844  3.7297871   2.07431326 -1.08046998] -248.8863466350742
[ 5.14485401  0.98704609 -0.36634482  3.26615005  2.4839148  -0.49972502] -244.98372433223255
[ 5.26091607  0.96383183  0.40835826  4.22804246  2.67571512 -1.13143494] -247.40580140343985
[ 4.83192723  1.24068919 -0.25309582  3.13942257  2.27037663 -0.52009503] -245.18797504107846
[ 4.95584611 -0.11169779 -1.57292174  4.15488426  3.4348699  -0.73306929] -248.32811690943623
[ 4.95407339  1.55948862  0.40739506  3.23032325  2.05847441 -0.68279303] -244.9340891995974
[ 5.12660804  1.21893677  0.52085873  3.04255509  2.46240874 -0.63617223] -243.57698229291313
[ 5.27713268  1.33875051  1.11521864  2.6471177   2.47175241 -0.58280995] -244.57241901589498
[ 4.27959774  0.87506963  0.77593084  2.62624038  1.66627805 -0.47717007] -245.6072334404024
[ 4.59371801  0.98058135  0.44145183  2.95666708  2.01108135 -0.56674436] -244.34771743845488
[ 4.90434625  0.84479434  0.69855732  3.37384653  2.35496093 -0.80809207] -242.71881978764932
[ 4.94055576  0.64684692  1.17438389  3.49105851  2.39725308 -0.9520906 ] -242.0100151118887
[ 4.52332005  0.98503772  1.32538257  3.32208853  2.11253551 -0.97925061] -243.72777718168396
[ 4.57051622  0.22111157  0.85763852  3.38850376  2.55599626 -0.89500179] -242.92184710089793
[ 4.33700166  0.39722352  0.90255521  3.57371936  3.06745579 -0.7417669 ] -244.4506329577725
[ 5.00765963  1.06565856  1.8940016   2.67837564  1.80803713 -0.84198689] -243.32509896092617
[ 5.25045758  1.30883411  1.16868384  2.71936351  1.38164824 -0.88198192] -245.67030208399876
[ 4.56536564  0.62512616  0.96908737  3.3601304   2.6460039  -0.77682066] -243.0524461615991
[ 4.98429044  0.60699122  1.80566574  3.47090356  2.64966352 -1.12702989] -241.40307632254118
[ 5.17957666  0.42019615  2.48777269  3.7280218   2.9689546  -1.40717265] -240.98596092189922
[ 5.2734406   0.41425432  1.30919836  3.2407932   2.8336824  -0.85716432] -242.01431503301663
[ 4.7190968  -0.08787221  2.37650208  3.58640602  2.60756705 -1.27390674] -241.8294653408932
[ 4.7418576  -0.31910426  1.1641927   4.25326225  3.52844864 -1.21206536] -241.72218666765656
[ 5.24298224 -0.19331534  2.15414205  3.86921812  2.98463011 -1.42231317] -240.44542095636425
[ 5.58179054 -0.60253609  2.74666939  4.12376197  3.15394321 -1.74505942] -240.75955254657651
[ 5.46198699  0.07255696  2.69775874  4.00108287  3.2175157  -1.4799025 ] -240.3598587715967
[ 5.90772238e+00 -1.72034631e-03  3.61781885e+00  4.30737242e+00
  3.54827541e+00 -1.77235286e+00] -241.6748383291116
[ 4.82191142 -0.23448491  2.70905235  4.40222332  3.06777399 -1.72531935] -243.60288364959356
[ 5.1605583   0.25206951  1.65916186  3.53115073  2.8922053  -1.07420308] -240.874282383075
[ 5.22813043 -0.59866998  3.00545948  4.16532208  3.66918739 -1.67109724] -241.1332199082083
[ 5.61926728 -0.03421677  2.01299376  4.2629466   3.81274686 -1.48167793] -240.01236826466757
[ 6.06935252 -0.00738905  1.8312396   4.60121689  4.41533676 -1.58556352] -240.74176520364702
[ 5.88897637  0.29197776  3.50823683  3.59931848  2.98663135 -1.63339016] -241.1575555602373
[ 5.60219668  0.13920726  2.9222258   3.76280442  3.12208567 -1.52805896] -240.4125576556678
[ 5.52739228  0.81750257  1.63922548  3.5530861   2.66352536 -1.12667886] -241.46321168865612
[ 5.3029459  -0.24462684  2.66390098  4.01226309  3.41777188 -1.53499264] -240.42035375254224
[ 5.61706914 -0.42297123  2.21562171  4.08513348  3.5133639  -1.4332101 ] -239.87685573151757
[ 5.83581538 -0.84455491  2.07954621  4.26368932  3.78556855 -1.44622883] -240.22579868014049
[ 5.78825777 -0.47985816  3.22971915  4.46666546  3.79716607 -1.88584868] -240.92327610074463
[ 5.31748317  0.06908759  2.05180118  3.76502941  3.11844549 -1.27711448] -240.26528672243575
[ 5.73066748  0.05299433  2.70062534  4.09386851  3.74934639 -1.48933904] -239.81421170269192
[ 5.9745101   0.17614916  2.97386699  4.20619371  4.13170453 -1.52285197] -239.83105002617594
[ 5.81327768  0.20351289  2.20310786  3.97802535  3.42672946 -1.36144169] -239.96407385999234
[ 5.58438724 -0.158886    1.70507707  4.29922432  3.82396359 -1.31283629] -239.94798514877442
[ 5.765397   -0.16938336  1.59865023  4.16032635  3.93068287 -1.30530401] -240.41432966432393
[ 5.5378395   0.01207188  2.42298161  4.04089374  3.39580749 -1.43625288] -239.9561190605342
[ 5.98335294 -0.18491923  2.3683346   4.48833458  4.12220707 -1.56113816] -239.96716329446443
[ 5.80293071 -0.13184901  2.52558897  4.06554672  3.53105911 -1.38306146] -239.6098493054074
[ 5.89476243 -0.18066513  2.78188657  3.96684679  3.39021523 -1.33375323] -239.58245309484482
[ 5.40931489  0.02027147  2.30809879  3.66632948  2.97760161 -1.22780625] -240.13173986514894
[ 5.83984342 -0.13362155  2.35327565  4.28283331  3.83605571 -1.47780518] -239.743766017559
[ 5.58824538 -0.48053879  2.52338145  4.27824137  3.80952131 -1.46629055] -239.75321762477103
[ 5.88048553 -0.45330134  2.33697431  4.29448885  3.97834789 -1.40149192] -239.64835022273581
[ 5.93263722 -0.3804819   3.26551127  4.03457978  3.60165321 -1.55446038] -239.92125178765275
[ 5.84557473 -0.32508293  2.87540272  4.10074092  3.65723081 -1.49405436] -239.69331305498383
[ 5.97612385 -0.08376725  2.97489364  4.2538731   3.96020854 -1.45436798] -239.51567806504488
[ 6.15565121  0.08583474  3.35452961  4.33824291  4.18363087 -1.46494693] -239.65899587406534
[ 5.9443443  -0.60531999  2.58131278  4.29847293  3.79451344 -1.38658204] -239.52693560619252
[ 6.20546604 -0.1133806   2.7778671   4.12084393  3.72933589 -1.38306102] -239.72832824497684
[ 6.0757422  -0.45355086  3.0895034   4.06225553  3.66722823 -1.339965  ] -239.49604303670375
[ 6.1936916  -0.61351552  3.45761727  3.95196664  3.58281449 -1.27104491] -239.79446449570196
[ 5.66687831 -0.5871819   2.7687907   4.20471544  3.75324549 -1.42034382] -239.67427646739768
[ 5.96720415 -0.4628459   2.63571775  4.25947663  3.85735546 -1.2847803 ] -239.25962920117797
[ 6.02801886 -0.53172738  2.51587526  4.33884448  3.95741779 -1.18014327] -239.17444501231438
[ 6.26628075 -0.18226209  2.65802462  4.20021178  3.82939822 -1.27842399] -239.59515567086459
[ 6.18127193 -0.22579623  3.19685777  4.07901269  3.55464593 -1.25625325] -239.49694333533736
[ 5.76714044 -0.51134686  3.05541852  4.13289005  3.6120115  -1.37193093] -239.52214294454055
[ 6.09611811 -0.62317105  3.02273389  4.42160281  4.12512658 -1.3293276 ] -239.2594624301182
[ 6.0971275  -0.20446655  3.37044805  4.13101996  3.83103275 -1.25741398] -239.31787285284298
[ 6.38432704 -0.19614625  3.00135215  4.29597947  4.08654178 -1.23389277] -239.32397069479515
[ 6.31141136 -0.66118553  3.09069653  4.18903188  3.78045581 -1.07796397] -239.21677927389948
[ 6.14964309 -0.66428631  2.83334532  4.40056535  4.26128838 -1.21664894] -239.33234012261454
[ 6.27980645 -0.50677683  2.85531366  4.53009245  4.34672614 -1.09183184] -238.9030675394963
[ 6.38183857 -0.53338981  2.7382188   4.76401092  4.68647509 -0.96776527] -238.82411057437804
[ 6.28330406 -0.25240921  3.0797629   4.31293115  3.89439488 -1.13218668] -239.12212049645296
[ 6.01494578 -0.7393036   2.937893    4.4231676   4.00509253 -1.08104082] -238.84918837321055
[ 6.27475141 -0.90926231  2.42461207  4.68550966  4.31862148 -0.99872856] -239.24704655977632
[ 6.33530524 -0.58592156  2.5729523   4.48289576  4.08902594 -0.81661526] -238.8310723701177
[ 6.17685654 -0.19205005  3.22052085  4.15145094  3.8189992  -1.08650987] -238.98134558819788
[ 6.09534499 -0.28374834  2.59771117  4.63540174  4.37001267 -1.01012308] -238.74222616735142
[ 5.9873118  -0.09502975  2.3512185   4.85858666  4.6647911  -0.97620263] -238.99535078409758
[ 6.40117953 -0.33054681  3.19981108  4.58444155  4.33058231 -0.85127038] -238.51549114241237
[ 6.58775986 -0.22995653  3.541779    4.70724008  4.51716458 -0.68683394] -238.54343206289363
[ 6.18518616 -0.63591085  2.6759395   4.70085835  4.53900103 -0.80558822] -238.46639585125584
[ 6.13612722 -0.82766167  2.47402779  4.89482194  4.86130411 -0.64228899] -238.60199196018635
[ 6.29441021 -0.84422361  2.35365443  5.04547436  4.85439732 -0.75762448] -238.91650949847238
[ 6.2650218  -0.68118022  2.57037103  4.82196851  4.59554779 -0.83984582] -238.65496988161135
[ 6.53967965 -0.2775956   2.51377496  4.90669134  4.86512242 -0.68269519] -238.85736609949276
[ 6.14612925 -0.6238766   2.83186349  4.54404853  4.2201     -0.98145441] -238.64394656957384
[ 6.15626152 -0.44362932  2.96501939  4.86734744  4.82488036 -1.00206714] -238.69634070770763
[ 6.03453584 -0.4662409   2.87535309  4.62067779  4.2735663  -0.86235108] -238.3512007305447
[ 5.86088448 -0.43266644  2.94392024  4.54901122  4.0671119  -0.80964399] -238.37839544303128
[ 6.30075971 -0.77671322  3.10840802  4.74437899  4.55787993 -0.77073594] -238.33021400897982
[ 6.40346707 -1.02319566  3.36375644  4.79886761  4.65181356 -0.65104237] -238.34131085782232
[ 6.28800924 -0.72786021  2.78889601  4.4714438   4.0140121  -0.70168148] -238.50327839751628
[ 6.18691145 -0.50586931  3.25638603  4.39998116  4.04949943 -0.81784802] -238.39256623386368
[ 6.31939807 -0.52383717  3.13640109  4.62987867  4.36808037 -0.62170396] -238.06292273170337
[ 6.40603248 -0.47381746  3.28866989  4.67279374  4.44207055 -0.44182873] -237.85248125056182
[ 6.06596543 -0.86492384  2.7980731   4.61893639  4.2947608  -0.61540744] -238.24639009745505
[ 6.10512112 -0.51329831  3.2120472   4.78109834  4.70491392 -0.73623833] -238.25102722104353
[ 6.18125585 -0.56437683  3.50370628  4.57843046  4.23522928 -0.60921496] -238.10708851851464
[ 6.17764536 -0.71392088  3.00569983  4.93879074  4.78664083 -0.52741081] -237.98135616534086
[ 6.37772414 -0.83610928  3.43018168  4.82413177  4.7335988  -0.37126099] -237.88126155927662
[ 6.13715508 -0.54543565  3.30438464  4.72701483  4.50785813 -0.32971782] -237.69289220707373
[ 6.05535276 -0.42979686  3.40237295  4.71833275  4.48284723 -0.10920875] -237.6259300117748
[ 6.31620422 -0.78101674  3.26418738  4.66937361  4.28680191 -0.15520557] -237.60685566631574
[ 6.42174577 -0.91487595  3.29025747  4.61351124  4.07774591  0.13531081] -237.64420350209988
[ 6.43877284 -0.40142218  3.83353291  4.84834797  4.69430207 -0.12263583] -237.70048721935666
[ 6.40932142 -0.64765096  3.23784193  4.9788264   4.90685785  0.03336473] -237.37281235570006
[ 6.5233542  -0.68928802  3.10490975  5.17902437  5.24267214  0.35465458] -237.29111452748506
[ 6.52816818 -0.48989597  3.76891835  4.69854399  4.50745674  0.24558238] -237.373073813617
[ 6.37823742 -0.25230313  3.45734873  4.77134038  4.48511808  0.29504701] -237.2799079514807
[6.37849406 0.03959995 3.47093225 4.74494468 4.36087772 0.62820101] -237.48335165514047
[ 6.34066406 -0.54075684  3.6550868   4.95552728  4.7909955   0.61124   ] -237.18984051657878
[ 6.30797986 -0.57422653  3.83829525  5.09689404  4.96545798  1.13777437] -237.45526466690913
[ 6.27522078 -0.65959701  3.05074175  4.81569949  4.57099513  0.53667238] -237.16201236270143
[ 6.19344475 -0.78868442  2.65934617  4.79937526  4.50934167  0.86632649] -237.47819292053077
[ 6.7319302  -0.70782238  3.36469131  4.97817029  4.8118326   0.73853902] -237.26243023671276
[ 6.60965406 -0.33220438  3.53637819  5.13006166  5.18288815  1.0824507 ] -237.04499205353216
[ 6.75637898 -0.1077982   3.67247359  5.36040569  5.63093128  1.70127883] -237.44308398383384
[ 6.42485206 -0.57076128  2.95413382  5.2447305   5.18737713  0.96061885] -237.10638209677268
[ 6.39683199 -0.33186031  3.56788378  4.78615216  4.43373006  1.05353474] -237.19055751290557
[ 6.54814696 -0.79536427  3.25228981  5.19877342  5.17415478  1.36597155] -237.24349243051094
[ 6.13319311 -0.36902565  3.30748007  5.06547788  4.96821432  1.13162373] -237.39426425608988
[ 6.58224592 -0.62312319  3.3503885   4.99999719  4.85092803  0.8368102 ] -237.0559351100258
[ 6.32834266 -0.22407007  3.45258113  4.77861601  4.49814989  0.32780407] -237.26613676598296
[ 6.49319589 -0.65254072  3.30236264  5.09373407  5.00515356  1.10642968] -237.0607759662635
[ 6.51177893 -0.79446749  3.04848012  5.29376457  5.42904911  0.65787253] -237.30657825045168
[ 6.42556873 -0.44751211  3.43803286  4.91305526  4.68255982  0.95461919] -237.03756939101063
[ 6.59624842 -0.55448939  2.88892579  5.11023211  5.03563844  1.214627  ] -237.22072907883916
[ 6.40456015 -0.54418998  3.46354655  4.99420349  4.85215624  0.76208675] -237.04476089522652
[ 6.70480482 -0.39718021  3.63087244  5.30956123  5.34935918  1.36433274] -237.2341267144023
[ 6.38261679 -0.59399281  3.19577442  4.93916493  4.76558614  0.74358747] -237.03766910146842
[ 6.54109512 -0.49375978  3.80802723  4.77867503  4.59238019  0.86804248] -237.2145871415992
[ 6.45391282 -0.5515109   3.16760717  5.12821663  5.03862789  0.93747476] -237.0149713127261
[ 6.45965694 -0.37830374  3.41487992  4.94116565  4.78576187  0.66591334] -237.03737135182755
[ 6.32974391 -0.32611478  3.3883512   5.01529202  4.91826534  0.87856721] -237.07620790902072
[ 6.51912042 -0.54887109  3.35987917  5.0038209   4.86776236  0.84724945] -237.01001627298743
[ 6.27215789 -0.68925583  3.14352851  4.84314729  4.48126329  0.55452629] -237.1139660499557
[ 6.52528002 -0.42146724  3.43816577  5.05833307  5.00748194  0.9504696 ] -237.00309188153048
[ 6.51749175 -0.43636265  3.20789989  5.00038199  4.86377044  0.93768451] -237.00390623371345
[ 6.58439344 -0.33401644  3.47971384  5.07582624  4.98306863  1.02088281] -237.06120812232408
[ 6.43306095 -0.52899872  3.26675928  4.97333026  4.81995677  0.81291131] -237.00322627011525
[ 6.54393891 -0.50765934  3.1803642   5.12202757  5.11189393  0.76261513] -237.04053400471886
[ 6.45516127 -0.46254892  3.3736157   4.96529834  4.78989335  0.90661817] -237.00440100403063
[ 6.50835214 -0.60494944  3.18976241  5.10196141  5.01006905  1.13155593] -237.0537348836737
[ 6.47183074 -0.43496516  3.35860054  4.98136459  4.84183866  0.78232399] -237.00294674033947
[ 6.52006889 -0.39289369  3.50069961  4.86595975  4.69160661  0.80827758] -237.04279006431955
[ 6.47045184 -0.5118566   3.25088028  5.06265241  4.95187257  0.90517546] -236.9945254356413
[ 6.43863844 -0.38319534  3.27209464  5.00996599  4.89050888  0.91781157] -236.99039972798798
[ 6.39839745 -0.30035746  3.22820238  5.01303854  4.90188215  0.95309262] -237.0042787766803
[ 6.49708998 -0.44306632  3.22451777  5.06337776  5.0019164   0.86217397] -236.99294309740029
[ 6.4279589  -0.47148714  3.39577287  5.0492927   4.97408797  0.80593745] -237.0206757191236
[ 6.49510854 -0.44514378  3.25486814  5.01260967  4.89134982  0.90474775] -236.98973283573426
[ 6.53307223 -0.35089943  3.33294977  5.08943758  5.04169933  0.9613228 ] -237.0049578630646
[ 6.45806377 -0.48447389  3.2833069   5.00235709  4.87539241  0.85001418] -236.98995860596273
[ 6.41844775 -0.47943312  3.10992366  4.9857761   4.81014431  0.79027938] -237.00650210735202
[ 6.49857195 -0.43595871  3.35610524  5.04019383  4.95814753  0.91042204] -236.99100402134434
[ 6.48081077 -0.46626639  3.18865712  5.08235432  5.01455721  1.00112434] -237.00013436675815
[ 6.47856576 -0.45844108  3.23114297  5.05710689  4.97137757  0.94642425] -236.99037164779395
[ 6.48489431 -0.37156977  3.28979827  4.999218    4.91102497  0.89202245] -236.98306469814997
[ 6.49211554 -0.30142636  3.30925727  4.96750079  4.89060116  0.88544595] -236.98917832805805
[ 6.45419095 -0.41652787  3.33792095  4.97710606  4.83068399  0.94497344] -236.9966651705071
[ 6.48636522 -0.43643171  3.25286857  5.04180984  4.9591083   0.88287384] -236.98716314100517
[ 6.44864006 -0.42379315  3.17192126  5.00082866  4.87477312  0.88754264] -236.9903081567547
[ 6.51190745 -0.49008912  3.22254072  5.02801073  4.93716651  0.87006347] -236.99939647298828
[ 6.45695569 -0.40991878  3.25970616  5.01447717  4.90217329  0.90587454] -236.98762092201756
[ 6.46477677 -0.39866928  3.27301346  4.96665992  4.83322973  0.82793422] -236.9902669053589
[ 6.50008137 -0.42494259  3.36593257  5.01154856  4.91598639  0.86694636] -236.99141698425345
[ 6.46150039 -0.42408051  3.22042409  5.00350864  4.88507644  0.88239357] -236.98498624076402
[ 6.48285254 -0.45853687  3.24731058  5.05800022  4.97481201  0.94470789] -236.9900058165781
[ 6.47833359 -0.44356997  3.2537363   5.03516514  4.93941644  0.91551447] -236.98669339057767
[ 6.49632214 -0.35909761  3.22716028  5.03323907  4.95399068  0.94446136] -236.98699361022395
[ 6.45968191 -0.36974568  3.24636309  5.02986295  4.95891355  0.90296566] -236.98784147077527
[ 6.46853856 -0.3885952   3.24848935  5.02554963  4.94202262  0.90341118] -236.9868357685894
[ 6.50169571 -0.39786281  3.23778612  5.03168626  4.96137319  0.90101775] -236.98608965031272
[ 6.47739635 -0.35849358  3.23959624  5.00097908  4.90519314  0.93006643] -236.98310663722125
[ 6.46113083 -0.43562634  3.26944985  4.99879652  4.89404492  0.86368059] -236.98838788632207
[ 6.48752431 -0.37822979  3.23773267  5.02462843  4.93900424  0.92426617] -236.98489498105496
[ 6.49524299 -0.40267361  3.24453521  5.00617889  4.90500686  0.91168243] -236.98582714528362
[ 6.49108443 -0.33406672  3.23622123  4.98690129  4.89614317  0.89830179] -236.9842151979457
[ 6.46418521 -0.35850852  3.25164978  4.97545184  4.85244308  0.91189319] -236.98741673215596
[ 6.49231809 -0.38802424  3.24125203  5.01762766  4.93414066  0.90373661] -236.98447307532493
[ 6.46966297 -0.34881459  3.2438063   5.00477548  4.91852068  0.89857991] -236.98550344735028
[ 6.47605797 -0.36227935  3.24398853  5.00512633  4.91514223  0.90185554] -236.982952962464
[ 6.5082581  -0.30680731  3.27577224  5.00798496  4.94847303  0.9343561 ] -236.98684012762325
[ 6.47318982 -0.39476221  3.23426112  5.00462772  4.90092559  0.8953842 ] -236.98359265577582
[ 6.47745601 -0.35816883  3.25730647  4.98019826  4.88185235  0.88285617] -236.98541998955423
[ 6.48500724 -0.37321455  3.24262612  5.01352089  4.92471627  0.91391367] -236.98385735616588
[ 6.47022528 -0.34343783  3.25424513  4.98583011  4.88357446  0.90677808] -236.9860058337315
[ 6.48679489 -0.37687763  3.24450031  5.00967827  4.92149911  0.90449698] -236.98362199321227
[ 6.4700291  -0.41166565  3.26203563  5.0241488   4.93002393  0.91427796] -236.98444678051285
[ 6.48582059 -0.35346645  3.24267483  4.99621317  4.90461336  0.90229583] -236.98310839600703
[ 6.4763774  -0.36593511  3.25564698  4.99175997  4.89474987  0.89479347] -236.9856234963287
[ 6.48284978 -0.37139469  3.24588133  5.00808066  4.91722467  0.90913362] -236.9834103532329
[ 6.47327472 -0.36044439  3.25423313  4.99507005  4.89654221  0.90575571] -236.98585789636942
[ 6.48341484 -0.37276932  3.24693351  5.00602621  4.91525988  0.90481166] -236.9832727652979
[ 6.49028813 -0.33522885  3.26869645  5.00058676  4.92189383  0.91801098] -236.98340056970477
[ 6.48310762 -0.34654108  3.26468127  4.99463586  4.90715114  0.90722068] -236.98261610486247
[ 6.48323654 -0.33411428  3.27408124  4.98791346  4.90211437  0.90626421] -236.98592192795797
[ 6.47327576 -0.38647767  3.24052777  5.00014612  4.89756774  0.89474655] -236.9831319927249
[ 6.47676936 -0.35350665  3.26015545  4.99274664  4.89830431  0.90459083] -236.98541856382968
[ 6.48175347 -0.36795365  3.250239    5.00270632  4.91102099  0.90475645] -236.98306371773808
[ 6.48973434 -0.33362363  3.26979828  4.99948013  4.92048087  0.91799258] -236.98344185387936
[ 6.47739041 -0.37326416  3.2478454   4.99997962  4.90329602  0.90055806] -236.98291855428727
[ 6.47437945 -0.37323408  3.26937474  5.00466857  4.91299614  0.90986404] -236.98600670445333
[ 6.48296031 -0.35840836  3.24934981  4.99832702  4.90670905  0.90418788] -236.98268691702506
[ 6.48465835 -0.36817854  3.27570452  4.99901864  4.91292166  0.87346726] -236.98294725522473
[ 6.47708174 -0.35397194  3.22080457  5.00071326  4.90772206  0.90532617] -236.98315350179413
[ 6.48294116 -0.36717032  3.27254985  4.99959182  4.91019924  0.89534838] -236.98260618613642
[ 6.48061847 -0.35732695  3.26780079  4.99618678  4.90745212  0.88945615] -236.98251677094157
[ 6.48005096 -0.3520136   3.27658169  4.992927    4.90566769  0.88180599] -236.9857350497375
[ 6.48783413 -0.36135046  3.28198869  4.99078691  4.90076752  0.88822393] -236.9829879539052
[ 6.47900201 -0.36204712  3.25348857  5.00154148  4.91154855  0.89844764] -236.98241709899625
[ 6.47734831 -0.35340745  3.24286737  4.99773555  4.90253039  0.924939  ] -236.98588308263894
[ 6.48283084 -0.36448577  3.26749523  4.99869787  4.91032384  0.8863352 ] -236.98258806801132
[ 6.48642973 -0.34539571  3.27727644  4.99634731  4.91449863  0.89310725] -236.9829039282074
[ 6.4841699  -0.35236282  3.26991868  4.99725539  4.91169797  0.89496995] -236.98266527606862
[ 6.48126303 -0.35823633  3.28262832  4.99764271  4.91274857  0.88640478] -236.98577708962944
[ 6.48253599 -0.35836535  3.25766944  4.99815594  4.90821893  0.89974211] -236.98254164851733
[ 6.4795088  -0.36628271  3.25797637  4.99901452  4.90659997  0.89721343] -236.982850131995
[ 6.48300462 -0.35584279  3.2669331   4.99769517  4.91042347  0.89553082] -236.98256113949202
[ 6.48053674 -0.37520502  3.26396438  5.00265382  4.91223758  0.88106609] -236.9831434399415
[ 6.4824649  -0.35370707  3.26450205  4.99664035  4.90842275  0.90068203] -236.98254012496528
[ 6.48054445 -0.35008804  3.25341321  4.99671405  4.90859731  0.89471627] -236.98251549308432
[ 6.47989264 -0.34797334  3.25377382  4.99694672  4.90789721  0.90652314] -236.98554993600783
[ 6.48209629 -0.36035766  3.26406488  4.99826008  4.90971718  0.89138218] -236.9825045780407
[ 6.47941608 -0.35812127  3.25337988  4.99813772  4.90756214  0.89594463] -236.98240634964438
[ 6.4776218  -0.35926051  3.24660326  4.99835899  4.90613148  0.89615154] -236.9824007004155
[ 6.47824665 -0.3558971   3.25895482  4.99774463  4.90907087  0.89053649] -236.98534511446755
[ 6.48146365 -0.35774829  3.25799078  4.99805311  4.90843192  0.8974407 ] -236.9824847566148
[ 6.47798399 -0.36190246  3.24995178  4.99973114  4.90887011  0.88851613] -236.98289818085865
[ 6.48134467 -0.35575591  3.26086448  4.99741305  4.90853459  0.89764056] -236.98246363913196
[ 6.48007249 -0.3577589   3.24434094  5.00059348  4.91020155  0.90247015] -236.9825676189112
[ 6.48048197 -0.35743494  3.26193583  4.99728845  4.90813948  0.89270965] -236.9824434819546
[ 6.48012569 -0.36744677  3.26156939  5.00025767  4.90890375  0.89654116] -236.9828922632517
[ 6.48043976 -0.35442772  3.25545226  4.99759995  4.90867392  0.89517249] -236.98246083517697
[ 6.47802167 -0.3552005   3.24804685  4.9984916   4.90743613  0.90113868] -236.9854229935935
[ 6.48107763 -0.35906837  3.26006037  4.99831796  4.90914692  0.89382131] -236.98245238625245
[ 6.47852563 -0.3582499   3.25481081  4.99878684  4.90895973  0.89387369] -236.98237095916622
[ 6.47705662 -0.35850071  3.25322082  4.99915371  4.90922364  0.89209018] -236.9853072291185
[ 6.47770493 -0.36107361  3.24991921  4.99988484  4.90899877  0.89241821] -236.98239450841888
[ 6.47769824 -0.3646171   3.25348709  5.00045957  4.90896772  0.89396819] -236.9828194722626
[ 6.47975438 -0.35697507  3.25496097  4.99831486  4.90874737  0.89487141] -236.98241672615342
[ 6.47661928 -0.35927868  3.24717918  4.99974053  4.90836154  0.89566941] -236.98534914031495
[ 6.47996304 -0.35912095  3.25684007  4.9986736   4.90895058  0.89428333] -236.98241828529044
[ 6.47704196 -0.36147412  3.24360514  5.00123175  4.90963935  0.89730563] -236.9829012862324
[ 6.47962197 -0.35844473  3.25735316  4.99827428  4.90851445  0.89385864] -236.98241458446157
[ 6.4774472  -0.3595627   3.24887192  4.99971349  4.90868288  0.89559038] -236.98237964552405
[ 6.47788996 -0.35580838  3.25068454  4.99623629  4.90512968  0.89047366] -236.98536366154843
[ 6.478724   -0.36048744  3.25278756  5.00021518  4.90994383  0.89645414] -236.98239409069632
[ 6.47679413 -0.36205123  3.24848767  5.00009635  4.90832967  0.89457746] -236.98282104955277
[ 6.47901432 -0.35824411  3.25334264  4.99876023  4.90864295  0.89479792] -236.9823980830581
[ 6.47672399 -0.36051469  3.24475865  5.00029892  4.90860543  0.89590332] -236.98286208488963
[ 6.47889747 -0.35896222  3.25420453  4.99878044  4.90853719  0.89436981] -236.9823935532122
[ 6.47914938 -0.35959948  3.25804229  5.00035469  4.9117903   0.89301651] -236.98241850065904
[ 6.4780037  -0.35934525  3.24946302  4.99885791  4.90754619  0.89536778] -236.98237633299695
[ 6.47741999 -0.36098294  3.25000971  4.99998601  4.90891325  0.89456008] -236.98282613906693
[ 6.47861574 -0.35892881  3.25250941  4.99906667  4.90871052  0.89473846] -236.9823875889391
[ 6.47903298 -0.3574385   3.25429653  4.99858867  4.90846134  0.89771321] -236.98238918226428
[ 6.47811691 -0.35700836  3.25193118  4.99771616  4.90702212  0.89409697] -236.98534013156257
[ 6.47857223 -0.35961767  3.25257346  4.99959043  4.9092134   0.89586485] -236.98239750814406
[ 6.47826466 -0.35879758  3.25213691  4.99882238  4.90825296  0.89462074] -236.98237665147985
[ 6.47798641 -0.3589063   3.25184136  4.99925017  4.9088213   0.89473203] -236.98238240008854
[ 6.47857068 -0.35858936  3.25366011  4.99892676  4.90883513  0.89430608] -236.98238177664246
[ 6.47877931 -0.3578442   3.25455367  4.99868776  4.90871054  0.89579345] -236.98237877898362
[ 6.47871155 -0.35860606  3.25450767  4.99878364  4.90874846  0.89412175] -236.9823838792538
[ 6.47862481 -0.35936867  3.25379918  4.99950101  4.90945178  0.89516391] -236.98238446290986
[ 6.47832127 -0.35762913  3.25337099  4.9982515   4.90799093  0.89398533] -236.98535480510023
[ 6.47854893 -0.35893379  3.25369214  4.99918864  4.90908657  0.89486927] -236.98236743044282
[ 6.47818032 -0.35850098  3.25239067  4.99910387  4.90880695  0.89527667] -236.98236355232777
[ 6.47791471 -0.35844844  3.25133216  4.99926399  4.90883619  0.89585413] -236.98533683452783
[ 6.4789701  -0.35806564  3.25524007  4.99858858  4.90872932  0.89484793] -236.98238157354893
[ 6.47851897 -0.358208    3.25394798  4.99879926  4.90868023  0.8954545 ] -236.98237020151214
[ 6.47796918 -0.35877918  3.25193732  4.99920767  4.90876967  0.89511484] -236.98534592409808
[ 6.47871987 -0.35824402  3.25441438  4.99874335  4.90873941  0.89491466] -236.98237955556576
[ 6.47821941 -0.3586008   3.25276301  4.9990529   4.90875958  0.89504811] -236.9823603613778
[ 6.47796918 -0.35877918  3.25193732  4.99920767  4.90876967  0.89511484] -236.98534592409808
[ 6.47797333 -0.35925281  3.25202683  4.99923021  4.9088048   0.89392088] -236.9823622720976
[ 6.47839087 -0.35845118  3.2544069   4.99923153  4.90944633  0.8948603 ] -236.98534322554187
[ 6.47829621 -0.35871098  3.25270441  4.99892467  4.9085513   0.89468063] -236.98237026977603
[ 6.47805343 -0.35915255  3.25103087  4.999313    4.90860341  0.89587633] -236.98236901817359
[ 6.47820191 -0.35883866  3.25257942  4.99930463  4.90902921  0.89546796] -236.9823680367551
[ 6.47787348 -0.35955186  3.25087966  4.99959848  4.90901661  0.89469857] -236.982373570478
[ 6.47835759 -0.35854397  3.2531809   4.99899907  4.90876432  0.89526552] -236.98237101032944
[ 6.47809637 -0.35892681  3.25239492  4.99914155  4.90878219  0.8944845 ] -236.9823607052099
[ 6.47819986 -0.35855089  3.25257684  4.99907839  4.90878326  0.89516239] -236.98236612513585
[ 6.47838417 -0.35876729  3.25322757  4.99912077  4.90892307  0.89495869] -236.98236864345336
[ 6.47821066 -0.35871973  3.25267122  4.99917876  4.9088944   0.89525804] -236.98236799838494
[ 6.47813642 -0.35887667  3.25189694  4.99918295  4.9086815   0.89546222] -236.98237551231935
[ 6.47836919 -0.3584044   3.25335549  4.99892608  4.9087199   0.89525131] -236.98237442414438
[ 6.4783568  -0.35844663  3.25376608  4.9989832   4.90893931  0.89459212] -236.98238052907945
[ 6.47819151 -0.35876916  3.25236422  4.99913301  4.90874595  0.8952447 ] -236.98236997403728
[ 6.47806481 -0.35904049  3.2519771   4.99930905  4.90890958  0.89480083] -236.98236772073236
[ 6.47820025 -0.35876617  3.25283933  4.99916079  4.90893808  0.89465949] -236.98237200898845
[ 6.4781937  -0.35876842  3.252483    4.99913996  4.90879398  0.8950984 ] -236.9823640213338
[ 6.4779441  -0.35876842  3.25172779  4.99917943  4.90871792  0.89499206] -236.98533889862634
[ 6.47827415 -0.35876757  3.25285263  4.99913543  4.90887179  0.89496703] -236.9823592802457
[ 6.47813877 -0.35883193  3.25234462  4.99910699  4.90873907  0.89459572] -236.9823560402627
[ 6.47810283 -0.35888802  3.25218132  4.99907111  4.9086614   0.89426456] -236.9823718272694
[ 6.47830928 -0.35844164  3.25316124  4.99890936  4.90866704  0.89498455] -236.98236367483074
[ 6.47821069 -0.35889483  3.2527563   4.99908368  4.90875462  0.89456371] -236.98236851563954
[ 6.47820257 -0.35863687  3.2526217   4.99907971  4.9087761   0.89501272] -236.98237454742886
[ 6.47820646 -0.35879975  3.25259862  4.99912121  4.90880543  0.89478138] -236.98236892324732
[ 6.47817909 -0.35871636  3.25255381  4.99907995  4.90874932  0.89482192] -236.98236345176417
[ 6.47811757 -0.35887937  3.25236977  4.99912427  4.90876063  0.89454011] -236.9823612422058
[ 6.47822403 -0.35863679  3.25275293  4.99900818  4.90870305  0.89479013] -236.98236423983576
[ 6.47816623 -0.35880017  3.25241381  4.99912348  4.90876652  0.89484706] -236.9823707683791
[ 6.47816932 -0.35869141  3.25246073  4.99909269  4.90876117  0.89487905] -236.98237264638283
[ 6.47817473 -0.35886338  3.25255046  4.99909534  4.90874684  0.89457971] -236.9823662337921
[ 6.47818065 -0.35877569  3.25264293  4.99905517  4.90873492  0.8945226 ] -236.9823628322694
[ 6.47813182 -0.35876808  3.25247288  4.99903542  4.90867252  0.89450202] -236.98236818046394
[ 6.47815048 -0.358776    3.25250432  4.99905687  4.90870575  0.89457186] -236.9823651555251
[ 6.47815546 -0.35867533  3.25250566  4.99904847  4.90871741  0.89470106] -236.98237087723098
[ 6.47816991 -0.35881637  3.25253926  4.99908362  4.90873948  0.89461005] -236.98236660763388
[ 6.47812817 -0.35885565  3.25235719  4.99911563  4.90874985  0.89456791] -236.982363445236
[ 6.47815971 -0.35880381  3.25249377  4.99908108  4.908737    0.89455916] -236.98236620929887
[ 6.47815893 -0.35877414  3.25244921  4.99909347  4.9087442   0.89470882] -236.98236101687414
[ 6.4781814  -0.35873436  3.25254877  4.99905759  4.90872106  0.89469293] -236.98237108113304
[ 6.47814463 -0.35880396  3.25242447  4.99908193  4.90872241  0.89458379] -236.9823720314313
[ 6.47815675 -0.35884765  3.25244754  4.99910117  4.90874296  0.89458772] -236.98236449942726
[ 6.47816329 -0.35881188  3.2524559   4.99910338  4.90875563  0.89465363] -236.98236939644568
[ 6.47812048 -0.35890733  3.25230064  4.99914299  4.9087685   0.89453139] -236.98237162402398
[ 6.47816617 -0.3587776   3.25248674  4.99907894  4.90873292  0.89465254] -236.98237366676574
[ 6.47814885 -0.35880304  3.25239691  4.99910023  4.90874163  0.89465227] -236.98237011546664
[ 6.47813347 -0.35884379  3.2523509   4.99911131  4.90874446  0.89458181] -236.98235501838673
[ 6.47814776 -0.35883979  3.25239608  4.99910408  4.90874101  0.89459172] -236.98235500475275
[ 6.47814924 -0.35881787  3.25241919  4.99909404  4.90873803  0.89457744] -236.98236886382583
[ 6.47815103 -0.3588219   3.25240026  4.99910519  4.90874735  0.89462467] -236.98236554161758
[ 6.47816008 -0.35878314  3.25244669  4.99908229  4.90873006  0.89464432] -236.98236279194353
--------------------------------------------
[ 0.76790058  0.08527425 -0.27448663 -0.69449295 -0.6931192  -0.84493546] -2.3721400350254216
[-1.34580299  0.22672954 -0.07339826  0.19562275 -0.58328857  0.28045064] -4.357625966252296
[-1.04602491  0.24912125 -1.16542189  2.04864106  0.40322424  0.84014012] -7.7415694918709
[-0.50150072 -0.60104338  0.11706146  0.53973063 -1.74687079 -0.0771496 ] -12.180109389783851
[ 0.04301041 -0.12766143 -0.47205514 -1.41928449 -1.34998466  1.34201075] -9.44887966347999
[-0.25235494 -1.2572768  -0.58007841 -1.38840079  0.6234892  -1.25709144] -4.539487900677878
[ 1.76262226  0.20334914  0.02792281 -0.04009208 -0.43537068  1.01640907] -2.7418215850107193
[ 0.47795085  0.39422204 -0.96290063 -0.97239946  1.0685209   0.53614417] -16.054166648170828
[-0.25663783 -0.35222703 -0.15292907  0.16169811 -1.04302287  0.07617384] -4.12986638498114
[-0.16644302 -0.15401512 -0.26740868  1.51360986  0.77395537 -1.30496183] -4.6136741611305006
[ 1.21578626 -0.66517659  0.72529581 -2.13265942 -0.85567648 -1.51812518] -7.686604367280617
[ 0.65033347 -0.43660213  0.25261639 -1.0873343  -0.5409513  -0.92855885] -1.9470200456016762
[ 6.08463200e-01 -3.56235889e-01  6.24287356e-04 -2.46460961e+00
 -1.66470984e+00  7.52444429e-01] -19.629777610437117
[ 0.02728354 -0.20457031 -0.20040044  0.51905499  0.16428907 -0.79061026] -2.0817912272035466
[ 0.78758795  1.09792795  0.43985334  1.07321963 -1.66731039  0.86006777] -11.794807109934666
[ 0.00763078 -0.66847561 -0.32509547 -0.77299568  0.05078931 -0.72780164] -2.0182512271758912
[ 2.33218059 -0.6844801  -0.15072588 -0.83367672 -0.24917332 -1.01355841] -3.0683469603669846
[ 2.1059549  -0.21627456 -0.07046067 -1.13154369  0.47517749 -1.17252569] -6.633243094058628
[ 0.33401036 -0.31823891 -0.13231197 -0.16161234 -0.66347278 -0.23600104] -1.6396803531122122
[-1.14892027  0.23805891 -0.06652589  0.0878526  -0.45677187  0.17639235] -3.6046667589537913
[ 1.46190538 -0.45384535 -0.12967588 -0.60329439 -0.30107296 -0.71607072] -1.5041649819387044
[-0.6796009  -0.86883516 -0.29770748 -0.89346615 -0.22580861 -2.4310684 ] -4.9577789385865225
[ 1.15206647 -0.06469694 -0.05348476 -0.25343559 -0.38298016  0.1545397 ] -1.4100775082395778
[ 0.44317609 -0.80075067  0.07836926 -0.09204616  0.13531959 -0.23656548] -2.1240817140792134
[ 0.52435721 -0.57924444 -0.00984472 -0.24265786 -0.0717901  -0.38865797] -1.3210516155470504
[ 1.34948435 -0.63579748  0.06780163 -1.55949838 -0.80078173 -0.15690658] -3.516588815522025
[ 3.57833740e-01 -3.12377103e-01 -1.33349919e-01 -5.83351943e-04
 -7.69786327e-02 -6.32184342e-01] -1.2910348333230246
[ 1.48587143 -0.05319268  0.25641185 -0.00997693 -0.72987128 -0.18784277] -1.4278701740613957
[ 1.12168139 -0.15726301 -0.32003485  0.66348081 -0.201104    0.2598198 ] -1.3465643221381811
[ 1.70056152 -0.2219676   0.00231921  0.01278991  0.07554039 -0.26746439] -2.2447470625132246
[ 0.67564815 -0.29417108 -0.09865417 -0.11801178 -0.47871948 -0.24386688] -1.0556919493601251
[ 0.31058075 -0.0331364   0.01002369  0.61623282 -0.34607493  0.37000657] -1.4583176297273601
[ 0.59841191 -0.13831364 -0.0249012   0.31135102 -0.33482444  0.09848725] -1.0786487126943902
[-0.00920514 -0.46216272 -0.46983506  0.13002468  0.21440568 -0.06277804] -3.3674154515968544
[ 1.11210229 -0.15543519  0.07485012  0.02502347 -0.49380204 -0.15657659] -0.918609831933894
[ 0.31127842 -0.48090455 -0.11716015  0.46630303 -0.16942608 -0.50886595] -0.9785115442299928
[ 0.07152918 -0.49621899  0.21701484 -0.5163393  -0.34074292 -0.87037463] -1.245522243023193
[ 0.51791068 -0.04656241 -0.01755545  0.29857222 -0.55970776 -0.38246908] -1.1759716985685853
[ 0.73779313 -0.22482485  0.14454792  0.15621624 -0.71542894 -0.05570429] -1.3755868761965797
[ 0.45282359 -0.29048904 -0.06387546  0.03861655 -0.23659121 -0.48806433] -0.9678189582145162
[ 1.15119583  0.02759369 -0.29944694  0.85695747 -0.41694741  0.30992278] -1.3225948542624488
[ 0.34144584 -0.36526582  0.08789939 -0.17301511 -0.35979405 -0.57530028] -0.9414799352988411
[ 0.64599271 -0.52829736 -0.02972504 -0.11514983 -0.13134467 -0.24225985] -1.2120564838511265
[ 0.54993119 -0.16699615 -0.02059785  0.19514171 -0.45261699 -0.34741677] -0.9369419216249384
[ 0.54933125 -0.44610697 -0.02094484 -0.16666506 -0.39549218 -0.87185085] -0.9855625805212602
[ 0.42998938 -0.34089483  0.07871125  0.24647998 -0.2238547  -0.73882471] -0.7784026128298898
[ 0.30716    -0.3642567   0.16739396  0.42872586 -0.0964223  -0.98630362] -0.8903046159702245
[ 0.51652565 -0.15388822  0.03422061  0.43284827 -0.24986951 -0.0664987 ] -0.9675663467762464
[ 0.82299423 -0.0100852   0.18089617 -0.21127141 -0.50275009 -0.28202784] -1.027569538752324
[ 0.43920737 -0.36319971 -0.04264607  0.29690942 -0.25275708 -0.45215642] -0.8496219875208777
[ 0.67691032 -0.2247376   0.13468795  0.3025127  -0.44097358 -0.29086016] -0.7457594253244653
[ 0.78895368 -0.19186188  0.23396965  0.43446078 -0.54316476 -0.19225808] -0.834584583618443
[ 0.66666981 -0.38495488  0.07008099 -0.13516421 -0.49139664 -0.78721295] -0.9883494183643775
[ 0.55406169 -0.21165489  0.0431857   0.29084515 -0.31025129 -0.24667726] -0.8257095267112892
[ 0.91262157 -0.12237363  0.00149764  0.62531925 -0.36495785 -0.16887036] -0.7168622884664811
[ 1.19820944e+00 -9.27539961e-04 -4.17032349e-02  1.02448643e+00
 -3.67539747e-01  3.43446082e-02] -0.8588567946142895
[ 0.82503302 -0.30576913  0.11736004  0.40055495 -0.24291519 -0.3372384 ] -0.6180223325823088
[ 0.96258393 -0.37515562  0.18633899  0.50326157 -0.13806429 -0.33214921] -0.6160154666926629
[ 0.21302247 -0.39057024  0.05907503  0.73008589 -0.08315088 -0.58660278] -0.9721504019250704
[ 0.88733233 -0.21421895  0.07090635  0.20128908 -0.39113925 -0.26408314] -0.7316799729538461
[ 1.03529237 -0.13314546  0.21442203  0.42632649 -0.37032324 -0.22833185] -0.5903868340097571
[ 1.33333487 -0.01811834  0.34295608  0.49103502 -0.42910632 -0.11641957] -0.6502955691481733
[ 1.08084828 -0.25852048  0.18566903  0.47755121 -0.33285301 -0.42769588] -0.4775228484861389
[ 1.34424157 -0.28195328  0.2569107   0.57090423 -0.34415387 -0.51820519] -0.4170771587241298
[ 1.50967132 -0.10963336  0.2095433   0.6300578  -0.45934933  0.1379914 ] -0.8397825207852723
[ 0.69990986 -0.28307946  0.11141926  0.34237443 -0.28272836 -0.51962068] -0.6154880580846442
[ 1.27041689 -0.24523787  0.14581038  0.58731232 -0.18948204 -0.38622665] -0.5117875101530914
[ 1.18768973 -0.26609616  0.23455998  0.81721036 -0.17209729 -0.45371818] -0.3374468085317325
[ 1.33786843 -0.29203476  0.31638679  1.125171   -0.06257632 -0.54853569] -0.2082657940285954
[ 1.30414945 -0.41449518  0.40893174  0.55979743 -0.09748486 -0.67548607] -0.4023179368922207
[ 1.36804226 -0.17482638  0.29828798  0.70070039 -0.31085194 -0.62665284] -0.3857053540156776
[ 1.85342713 -0.23081819  0.43549727  0.98102952 -0.1755624  -0.47485875] -0.30862556152323994
[ 1.79075621 -0.41330976  0.40618626  1.08197847 -0.02304723 -0.84832321] -0.2700618364751726
[ 1.72907812 -0.35724131  0.56158987  1.08588136 -0.14841016 -0.84446061] -0.21065224095757645
[ 1.7835323  -0.34562192  0.55204928  1.27394849  0.07150957 -0.82123387] -0.16337933402011812
[ 2.00317766 -0.37745623  0.69961857  1.62547061  0.27934129 -0.9727482 ] -0.19495031764140885
[ 1.9834187  -0.19012225  0.44773408  1.52310565 -0.11882797 -0.71253559] -0.49349325983288794
[ 1.47396676 -0.35840195  0.41863232  0.80062448 -0.10282064 -0.68474845] -0.2634188071648692
[ 1.95483405 -0.49098291  0.59849262  1.41551071  0.16388288 -0.78073402] -0.18839035118867617
[ 1.5032515  -0.52171269  0.51561511  1.28000865  0.14174177 -1.03448653] -0.26289532690478945
[ 1.47008752 -0.37535542  0.58140241  1.24506976  0.04415627 -0.72307651] -0.10833751538031411
[ 1.30975317 -0.35637825  0.66901048  1.3266154   0.07775802 -0.66045316] -0.11593487096396113
[ 1.78558388 -0.43591438  0.62321304  1.67457218  0.17292197 -0.89942729] -0.10412974383116728
[ 1.94139244 -0.4746706   0.72550339  2.11154602  0.31079327 -1.00676671] -0.27580214501391404
[ 1.85040993 -0.24400422  0.56209623  1.32670918 -0.06124703 -0.50466947] -0.1550717371971561
[ 1.66502725 -0.37072989  0.51629025  1.60111241  0.25795928 -0.58143168] -0.16730811453201966
[ 2.16528988 -0.46216815  0.82812781  1.72046991  0.27897062 -0.88832192] -0.16263551500545564
[ 1.6184762  -0.25361508  0.62256705  1.53178326  0.09087401 -0.69198622] -0.06196872833832671
[ 1.45029727 -0.13493116  0.63460426  1.58991953  0.05436958 -0.64761232] -0.11625709691795158
[ 1.89276598 -0.33482983  0.74019502  1.32307185 -0.05889747 -0.92814008] -0.21361786287128623
[ 1.72196193 -0.36175488  0.57226644  1.53160227  0.17874509 -0.66810878] -0.09526300902513131
[ 1.75373748 -0.36531546  0.71117505  1.73612036  0.16329741 -0.6372962 ] -0.026191980132590633
[ 1.73884007 -0.37516224  0.79073793  1.9672063   0.20919133 -0.54532736] -0.054069917400250696
[ 1.23479577 -0.21648499  0.39611226  1.29481576 -0.08272139 -0.48653291] -0.18563227826840903
[ 1.93266635 -0.40074736  0.72012392  1.61405637  0.18854762 -0.78787466] -0.08068321211467085
[ 1.57709452 -0.48689665  0.71481974  1.78435889  0.34076115 -0.96458709] -0.1704097264601732
[ 1.78208108 -0.30472732  0.60027711  1.44112161  0.03925502 -0.61964887] -0.07745542592979072
[ 2.06141479 -0.33200274  0.70180513  1.93134892  0.23372411 -0.71170417] -0.14641926965566063
[ 1.61791933 -0.36451725  0.61150309  1.41663955  0.09154823 -0.72023342] -0.06892668375948335
[ 1.69003025 -0.24764474  0.65609118  1.41586896  0.07783382 -0.47562209] -0.07777121022442542
[ 1.7430083  -0.28376753  0.73497936  1.5202611   0.03837361 -0.64277838] -0.053934622119560294
[ 1.46908453 -0.20578176  0.59207369  1.40654191 -0.02148692 -0.47464706] -0.09344496922319037
[ 1.8167709  -0.35200596  0.68811136  1.56217776  0.13603899 -0.70956776] -0.05217141510605138
[ 1.75396752 -0.39367147  0.66677982  1.65349892  0.1086286  -0.86488153] -0.09784776479229301
[ 1.70601456 -0.28415142  0.65876334  1.47527645  0.08553252 -0.57293695] -0.05076647516250761
[ 1.63656118 -0.32973024  0.74208931  1.63963122  0.16263324 -0.70528411] -0.03145689447650889
[ 1.80693687 -0.25834465  0.77439207  1.73844384  0.13403503 -0.59971645] -0.052653505733265056
[ 1.86920023 -0.37082334  0.81393645  1.69218699  0.14909625 -0.59720706] -0.02208780231238415
[ 1.99456225 -0.42942747  0.90962115  1.77238885  0.17820737 -0.54981748] -0.03299234132643496
[ 1.78673211 -0.3696895   0.72784317  1.76101777  0.2385042  -0.63122446] -0.02703717450597319
[ 1.71606862 -0.43222733  0.67291416  1.55035968  0.17766583 -0.68478907] -0.060481948871700046
[ 1.78421981 -0.30181532  0.74902259  1.6914228   0.14494273 -0.6209846 ] -0.030957514090866504
[ 1.69538423 -0.3218358   0.77949861  1.76970744  0.1786298  -0.54541003] -0.017031993821923767
[ 1.63469089 -0.30675071  0.82519223  1.87347228  0.1999252  -0.46333116] -0.035876161746400646
[ 1.80259711 -0.4022518   0.84909172  1.95475241  0.26016869 -0.6728652 ] -0.039044951868560204
[ 1.77845148 -0.37272671  0.80150962  1.83488342  0.21650965 -0.64788314] -0.021448245645678973
[ 1.91934727 -0.37100513  0.78557252  1.8554817   0.20102677 -0.52138439] -0.0351168414229607
[ 1.7072577  -0.34004897  0.75296011  1.69359384  0.17223162 -0.65930918] -0.021180720135533338
[ 1.7460346  -0.41166461  0.77995174  1.80441381  0.22781358 -0.61845875] -0.011880142060700304
[ 1.726942   -0.46658925  0.79541632  1.86090931  0.269249   -0.61719583] -0.016767107113605444
[ 1.72995646 -0.35778213  0.81850069  1.74928418  0.13068857 -0.60396366] -0.02685663027392154
[ 1.74415037 -0.36075897  0.79583631  1.75221758  0.15764248 -0.61077886] -0.01798139772433729
[ 1.75975539 -0.36063733  0.86338923  1.77954733  0.20401038 -0.58905281] -0.00939753844840972
[ 1.76276434 -0.35829827  0.93949632  1.80126081  0.22436687 -0.56493112] -0.012853750949206908
[ 1.60781102 -0.35173412  0.77711209  1.85260082  0.23651625 -0.62642386] -0.030393379508806058
[ 1.80385293 -0.36605104  0.80473036  1.73229044  0.17095125 -0.60451126] -0.014258585146214586
[ 1.70702693 -0.34760553  0.7906125   1.67570673  0.15391672 -0.56129049] -0.01058497940884299
[ 1.77814378 -0.38280213  0.8517128   1.81103393  0.19208978 -0.51719156] -0.008573222153446419
[ 1.81358683 -0.40417871  0.90108915  1.86975398  0.20201886 -0.44613275] -0.016172575469917124
[ 1.75258225 -0.36943984  0.82746211  1.77201565  0.21816136 -0.53452611] -0.009039029729572153
[ 1.8204144  -0.42423103  0.85978764  1.75529519  0.21035123 -0.59626696] -0.006839366674805101
[ 1.88292948 -0.47542864  0.89993216  1.74808907  0.22621194 -0.62169543] -0.015357194160033324
[ 1.71746619 -0.39940912  0.85290832  1.80038044  0.2311631  -0.53441763] -0.008944846155098685
[ 1.76576171 -0.34971038  0.90200579  1.72691261  0.17541728 -0.49245643] -0.010424906164862139
[ 1.82434764 -0.41447108  0.92847613  1.87268832  0.25648099 -0.52668001] -0.008630956977852794
[ 1.7851415  -0.43395312  0.82590629  1.87007434  0.26200166 -0.60692193] -0.011089321706055014
[ 1.77060666 -0.37077107  0.88298091  1.76270305  0.19706337 -0.52107281] -0.006612823075544853
[ 1.79476492 -0.42640408  0.87105341  1.81182486  0.23109289 -0.48766555] -0.00630160598318665
[ 1.81226968 -0.45928746  0.87488549  1.82796363  0.24463414 -0.43697192] -0.012733475695905445
[ 1.81599895 -0.43658966  0.92151097  1.83262628  0.22125242 -0.52657206] -0.0054612582154523245
[ 1.8477073  -0.47016457  0.9685354   1.8629316   0.22279796 -0.52259504] -0.011344695989219226
[ 1.88395926 -0.4190139   0.91893231  1.81501011  0.20494713 -0.52406535] -0.011226779915154285
[ 1.75908946 -0.40431031  0.86941431  1.80403786  0.2246091  -0.53182956] -0.0053656479558418435
[ 1.75532508 -0.40056502  0.82367722  1.71981874  0.16900528 -0.53351949] -0.003856836291034029
[ 1.7208138  -0.39361198  0.77127776  1.64338394  0.12526743 -0.53693923] -0.007926903661408366
[ 1.7939227  -0.43815493  0.89109535  1.75106806  0.22570165 -0.54845059] -0.00910863757208376
[ 1.78208851 -0.39664033  0.86155844  1.79604247  0.20049275 -0.52500632] -0.004882726908430152
[ 1.73887679 -0.38752913  0.88361078  1.82038923  0.20415405 -0.44562163] -0.010758894924141978
[ 1.80003    -0.41505555  0.86574343  1.7715687   0.20880193 -0.55860563] -0.004172226212836369
[ 1.79849231 -0.45575058  0.85467168  1.81593659  0.22135475 -0.53332673] -0.0032407655673488164
[ 1.81243514 -0.49824034  0.84051706  1.84255336  0.23350044 -0.53945369] -0.005656610167161761
[ 1.77557652 -0.40989973  0.86113861  1.76818535  0.18407919 -0.58195438] -0.0053452147447805775
[ 1.74086834 -0.39081751  0.79055693  1.72590361  0.18152858 -0.56150864] -0.0067087179625068185
[ 1.7972163  -0.42514662  0.88877246  1.80594562  0.21132146 -0.53530621] -0.0036241304864750587
[ 1.81048679 -0.4300423   0.84910629  1.75512796  0.17374268 -0.55741002] -0.005116826543958024
[ 1.80563648 -0.43116707  0.85337123  1.78662801  0.21082709 -0.49910375] -0.004364551468964859
[ 1.76910944 -0.41139942  0.86682519  1.81018541  0.23352507 -0.50421269] -0.006871279356217106
[ 1.80014245 -0.42538158  0.85353602  1.76889232  0.18868828 -0.54411069] -0.0033772808076007925
[ 1.80352569 -0.45438181  0.8516989   1.76022086  0.20284019 -0.54298452] -0.003327073971542511
[ 1.77927413 -0.42759332  0.85932867  1.76083293  0.18984354 -0.583514  ] -0.003513129713371641
[ 1.77796199 -0.44788409  0.84481822  1.77231365  0.18554923 -0.53231492] -0.0019027772780809066
[ 1.76692799 -0.46429836  0.83435562  1.77268613  0.17392289 -0.51916956] -0.002328727809253901
[ 1.83021254 -0.47814766  0.89393143  1.84156192  0.23086054 -0.55699953] -0.005206050787836947
[ 1.77404695 -0.41996068  0.84124077  1.75025453  0.18446909 -0.5393895 ] -0.0026249363204427965
[ 1.78059821 -0.4518374   0.81299229  1.73687135  0.17959356 -0.55657391] -0.0032743253712523147
[ 1.79898173 -0.45747206  0.82699062  1.77399684  0.19765483 -0.49938608] -0.004055463255661959
[ 1.78420103 -0.43506301  0.85124416  1.76412391  0.19179636 -0.56248202] -0.002579726950739892
[ 1.77279961 -0.46291094  0.83201932  1.76434797  0.19984612 -0.54491318] -0.0026331442287627596
[ 1.75917435 -0.43675375  0.82729658  1.77439514  0.18469619 -0.54668223] -0.0027032422620531208
[ 1.77496054 -0.43427029  0.87077128  1.81025258  0.20964368 -0.52979562] -0.002891359076843736
[ 1.74922251 -0.423197    0.83445843  1.72929267  0.16397881 -0.55186576] -0.002303555091444677
[ 1.76417494 -0.44098621  0.80625455  1.70799004  0.16046825 -0.56275359] -0.003357848336836335
[ 1.77226414 -0.43594927  0.8546421   1.78468695  0.19734982 -0.53803511] -0.002124877298764613
[ 1.7843244  -0.43823458  0.85884442  1.74727809  0.18963362 -0.54298459] -0.0020854972368225056
[ 1.77454073 -0.40385193  0.86306338  1.7516353   0.17107953 -0.54411079] -0.004396649108640953
[ 1.77323489 -0.44814619  0.83978034  1.7611698   0.19265447 -0.54471258] -0.0019027700371682897
[ 1.77302271 -0.45619737  0.85335512  1.76936716  0.18918501 -0.55140883] -0.0014628344232155948
[ 1.77251059 -0.47431572  0.85941229  1.77892347  0.19154297 -0.55741849] -0.0015796196034029695
[ 1.75914251 -0.44813983  0.84405538  1.75724553  0.1809873  -0.52462524] -0.0012590738763382727
[ 1.74661325 -0.45467824  0.840461    1.75380635  0.17558277 -0.50569685] -0.0014409750106499676
[ 1.7974277  -0.4683201   0.86404009  1.80139439  0.21447435 -0.52616133] -0.002697085312071193
[ 1.76127381 -0.43447778  0.84185385  1.7473181   0.17660269 -0.54543965] -0.0016897403292162067
[ 1.77072263 -0.45507735  0.83959368  1.73354383  0.17418762 -0.54246016] -0.0013269068263120774
[ 1.75412845 -0.45840629  0.82897444  1.76637461  0.17675515 -0.53733586] -0.0017904904387335268
[ 1.75254634 -0.45226417  0.83771938  1.73935936  0.17790818 -0.54967919] -0.001122764103020461
[ 1.73983852 -0.45445421  0.83416996  1.72288221  0.17408765 -0.55836133] -0.0012688120903408013
[ 1.75037726 -0.45337474  0.84207028  1.74323306  0.16588751 -0.53893706] -0.001089314159519643
[ 1.73894844 -0.45598901  0.84321525  1.73426469  0.15250404 -0.5360493 ] -0.0015334045758859677
[ 1.76823331 -0.44143745  0.85724146  1.73031441  0.17816429 -0.54684751] -0.0014003439970434015
[ 1.76340778 -0.46768586  0.84949125  1.74370302  0.17883728 -0.53921301] -0.0008197079789558409
[ 1.76447476 -0.4842899   0.85330995  1.74189547  0.17995457 -0.53609969] -0.0010234431930379183
[ 1.7484539  -0.44979576  0.83670203  1.71309925  0.16280571 -0.52917857] -0.0010632881417360677
[ 1.74665017 -0.46734178  0.82596921  1.74641361  0.16870691 -0.52785023] -0.001207047603842951
[ 1.73613669 -0.45779003  0.8390755   1.74747411  0.17085668 -0.52736761] -0.0008497997655925828
[ 1.7400482  -0.46794429  0.83295383  1.72051526  0.16068013 -0.54611665] -0.0005874538773245075
[ 1.73050104 -0.47784652  0.82740306  1.70215013  0.15052654 -0.55686236] -0.0006816346217605481
[ 1.75033989 -0.44894317  0.85336821  1.72271441  0.17028492 -0.54898047] -0.0007674006961737968
[ 1.74370823 -0.46291378  0.84683432  1.72422034  0.15854256 -0.5269186 ] -0.00047509041969292067
[ 1.73928917 -0.46823858  0.85139179  1.71665083  0.14885976 -0.5155383 ] -0.0006809682804771349
[ 1.7436543  -0.46498289  0.84407144  1.71400907  0.16811491 -0.53365457] -0.0009290024617384396
[ 1.74397779 -0.47362424  0.85189616  1.74444616  0.17296645 -0.54490507] -0.00042196212175127053
[ 1.74173974 -0.48553849  0.85949322  1.76011962  0.17804682 -0.55276832] -0.000811139541058854
[ 1.74888522 -0.46131757  0.84713499  1.75368203  0.16927443 -0.54417923] -0.0011291265578659028
[ 1.74496203 -0.46406656  0.84483732  1.72392731  0.16840479 -0.53628574] -0.0005605184717878354
[ 1.75934462 -0.4706026   0.85405153  1.71236806  0.16571536 -0.55343891] -0.0007175286079061461
[ 1.73071914 -0.46167902  0.84515588  1.70569417  0.15336079 -0.54633546] -0.0002536222314581544
[ 1.71437483 -0.45867561  0.84298819  1.68668974  0.14062255 -0.54989669] -0.00038466180824462814
[ 1.73724679 -0.48466699  0.83854147  1.72100935  0.15627178 -0.53568634] -0.0004236901492938811
[ 1.72087611 -0.4676957   0.83268813  1.73423614  0.15769347 -0.52531038] -0.0008631192616327251
[ 1.74972749 -0.46987587  0.84871068  1.71783508  0.16370989 -0.54640678] -0.0003984154494575091
[ 1.74339896 -0.47099787  0.85903811  1.72519554  0.16373863 -0.53272934] -0.00020620940908048694
[ 1.74507434 -0.47252466  0.87208025  1.72753568  0.16526788 -0.52603569] -0.00035547422478771464
[ 1.7379641  -0.47718603  0.85188822  1.72220624  0.15445858 -0.54137479] -0.00028698658787294003
[ 1.73730319 -0.48309623  0.85157585  1.72124184  0.16295947 -0.55556067] -0.0002767320403127861
[ 1.74378344 -0.46081943  0.8642135   1.72453032  0.16745949 -0.5534177 ] -0.0003813107166908999
[ 1.73698765 -0.46759391  0.85496458  1.6944549   0.14892917 -0.54703651] -0.00017778806502628607
[ 1.73349258 -0.46457874  0.8564988   1.66945927  0.13691053 -0.54810223] -0.0004629529122727987
[ 1.72699134 -0.47058163  0.86023469  1.71327259  0.15325882 -0.54574472] -0.00010750898891346278
[ 1.71562326 -0.4709345   0.8659967   1.71099134  0.14803328 -0.54541369] -0.00033972483378068817
[ 1.72733802 -0.48289213  0.84340561  1.70282477  0.14477566 -0.53617613] -0.00023775758329811086
[ 1.72961533 -0.46842757  0.85290336  1.69868836  0.15454894 -0.54648615] -0.00018968828690247864
[ 1.72771362 -0.45762781  0.85365823  1.69213494  0.14324453 -0.52927544] -0.00039908143245067664
[ 1.7349058  -0.47672913  0.85209644  1.71396511  0.15803074 -0.54898936] -0.00011203912903376558
[ 1.73569322 -0.48406172  0.86239173  1.71043959  0.15439986 -0.53938527] -6.37722468967649e-05
[ 1.73818026 -0.49525307  0.87100965  1.71281231  0.15491939 -0.53591018] -0.0002674414424415676
[ 1.74185941 -0.46323847  0.87047069  1.71584726  0.16619305 -0.55061431] -0.0004145348446035127
[ 1.73096837 -0.47797872  0.85017188  1.70608039  0.15013001 -0.53978568] -7.780170371269757e-05
[ 1.72165495 -0.47745969  0.85188279  1.68710478  0.14269388 -0.55641322] -0.00012122852830136232
[ 1.73278511 -0.4830407   0.85767735  1.70975076  0.14793189 -0.54596543] -0.00020253413739836854
[ 1.73040778 -0.47208085  0.85409686  1.70145396  0.15289467 -0.54635597] -7.177186030011796e-05
[ 1.7232195  -0.48537     0.85532688  1.71631724  0.15487349 -0.54518823] -9.387313598474922e-05
[ 1.73907372 -0.47814099  0.85955671  1.73340485  0.16516865 -0.53206986] -0.0002185227860181391
[ 1.72600964 -0.47763001  0.85380127  1.6986798   0.14831257 -0.55032738] -3.83016933448385e-05
[ 1.72285748 -0.47917185  0.85991133  1.70144941  0.1465924  -0.53993972] -3.105593407317624e-05
[ 1.71683332 -0.48039321  0.86381877  1.69519156  0.14087324 -0.53541491] -0.0001516664663563751
[ 1.72939399 -0.48818276  0.85166529  1.69820088  0.14914218 -0.54124937] -0.0001287153192097325
[ 1.727592   -0.47498191  0.85809234  1.70950466  0.15222966 -0.54462088] -3.313710016096215e-05
[ 1.73462333 -0.46993169  0.85749492  1.69288536  0.14664623 -0.54161674] -0.00012627973469823284
[ 1.72607046 -0.48151042  0.85586889  1.71045927  0.15281668 -0.54429536] -2.853612099664691e-05
[ 1.72524183 -0.4785002   0.86454892  1.70458184  0.15228527 -0.54852251] -3.552905134795455e-05
[ 1.72408043 -0.48653786  0.86410797  1.71025089  0.14931747 -0.5426744 ] -0.00011437532653391226
[ 1.72882594 -0.4756951   0.85659964  1.7036532   0.15200037 -0.54543558] -1.7704590930106624e-05
[ 1.71650589 -0.47176811  0.8538824   1.69900313  0.14701246 -0.55166187] -9.395928897233122e-05
[ 1.73089639 -0.48098832  0.8602644   1.70758048  0.15255301 -0.54245442] -1.7101612296507216e-05
[ 1.72781839 -0.47931925  0.86462723  1.71372982  0.15451323 -0.53809545] -5.726325103701004e-05
[ 1.72646183 -0.47805232  0.85650776  1.7024423   0.14986274 -0.5472694 ] -1.1960323734794083e-05
[ 1.72899288 -0.47829977  0.8511992   1.7071146   0.14973301 -0.5394826 ] -6.943361162690189e-05
[ 1.72617959 -0.47845009  0.86121149  1.70521503  0.15164721 -0.54626254] -1.0182548394587572e-05
[ 1.7261719  -0.48297413  0.85869549  1.7007619   0.14959448 -0.54393146] -1.2603603122003126e-05
[ 1.73201122 -0.48005161  0.85647123  1.70858798  0.15623242 -0.54994319] -7.349922885107003e-05
[ 1.72514592 -0.47939179  0.8590513   1.70323405  0.14900241 -0.54244059] -6.598697933022718e-06
[ 1.72849006 -0.47700683  0.86157447  1.69716971  0.14873673 -0.5449693 ] -2.0898606767136043e-05
[ 1.72788516 -0.47813273  0.86014807  1.7004921   0.14975671 -0.54480082] -6.68903175264837e-06
[ 1.72542099 -0.48363469  0.86202653  1.70292209  0.14880514 -0.54361749] -2.0324593855281946e-05
[ 1.7279747  -0.47768     0.85795636  1.70347042  0.15120157 -0.54498106] -6.317373193300522e-06
[ 1.72237664 -0.4772387   0.85759243  1.69762479  0.14780203 -0.54744086] -8.227056028547425e-06
[ 1.72583605 -0.47334109  0.85879365  1.70339767  0.15016308 -0.54713363] -2.84367289239274e-05
[ 1.72608793 -0.48056587  0.85872003  1.70142084  0.14973663 -0.544732  ] -3.0013263349255203e-06
[ 1.72542149 -0.47910074  0.8617188   1.70137678  0.14985278 -0.54294989] -7.586729891872289e-06
[ 1.72545102 -0.47891985  0.85718417  1.69732464  0.14747017 -0.54285254] -7.213062024907281e-06
[ 1.73027877 -0.48069162  0.86066715  1.70481482  0.15120473 -0.54014477] -1.8642166284691303e-05
[ 1.72435217 -0.47810193  0.85836111  1.6994223   0.1486527  -0.54561684] -1.7924171765630728e-06
[ 1.72687748 -0.47849665  0.85542155  1.70041134  0.14875395 -0.54552472] -1.1985176092389803e-05
[ 1.72578549 -0.47894971  0.86014449  1.70113542  0.14957807 -0.5435936 ] -2.2943393878630953e-06
[ 1.72695943 -0.4786875   0.86094294  1.70573374  0.1518392  -0.5458691 ] -9.241563301743797e-06
[ 1.72582813 -0.47886176  0.85812387  1.69942691  0.14856242 -0.54360668] -2.3959847732231336e-06
[ 1.72383962 -0.47971763  0.85730431  1.70221121  0.14915455 -0.54352277] -1.9502798139147474e-06
[ 1.72614343 -0.47856718  0.85781875  1.69912831  0.14995957 -0.54624373] -1.2233674669675041e-05
[ 1.72539529 -0.47918564  0.85874316  1.70220762  0.1492417  -0.54339137] -1.4097652490104489e-06
[ 1.72245484 -0.48078085  0.85917596  1.69847102  0.14710713 -0.54317336] -4.939889070531638e-06
[ 1.72383481 -0.48000563  0.85887106  1.69972087  0.14813074 -0.54362529] -1.264603239056014e-06
[ 1.72359057 -0.47770823  0.85846264  1.69995393  0.14803677 -0.54305352] -3.0816030974849564e-06
[ 1.72546359 -0.47985146  0.85865568  1.70105412  0.14931166 -0.54431238] -8.908604309193287e-07
[ 1.72372886 -0.47974224  0.85923607  1.70249026  0.14946072 -0.54441407] -2.326591091224027e-06
[ 1.72425368 -0.47952212  0.85895802  1.70172443  0.14923614 -0.54421222] -6.956321432299869e-07
[ 1.7232609  -0.47984509  0.85681996  1.70097809  0.14833109 -0.54463336] -3.3795084306127973e-06
[ 1.72515434 -0.47917356  0.85931336  1.70109609  0.14926633 -0.54385354] -5.852665617871981e-07
[ 1.72564501 -0.47889582  0.86032982  1.69953059  0.14879187 -0.54481444] -3.2614129962785205e-06
[ 1.72429097 -0.47951217  0.85806069  1.70154106  0.14906388 -0.54384569] -4.987168770094419e-07
[ 1.72511205 -0.4809816   0.85917288  1.70302576  0.14943078 -0.54212999] -5.069065187271848e-06
[ 1.72454214 -0.47882185  0.85856405  1.70032316  0.14884722 -0.54474513] -3.064016867790035e-07
[ 1.72378455 -0.47977663  0.85873112  1.69961229  0.14871029 -0.54480671] -1.1837941620140067e-06
[ 1.72532828 -0.4788803   0.85855658  1.70206285  0.15001444 -0.5449666 ] -9.369718584440283e-07
[ 1.72589312 -0.47881052  0.85863834  1.70298828  0.1498696  -0.54383848] -1.3307391798069058e-06
[ 1.72431169 -0.4795351   0.85870793  1.70045628  0.14900012 -0.54456465] -3.7182709672005007e-07
[ 1.72401052 -0.47992513  0.85886333  1.7000022   0.14822735 -0.5435446 ] -1.187890058269307e-06
[ 1.72499884 -0.4791415   0.85863327  1.70154768  0.14956767 -0.5446111 ] -3.175149891183122e-07
[ 1.72372029 -0.47871731  0.85875676  1.70117545  0.14901546 -0.5442984 ] -6.613777866802505e-07
[ 1.72475241 -0.47877838  0.85838733  1.70032215  0.14901742 -0.54442728] -3.0822902393286227e-07
[ 1.72562984 -0.47960354  0.85846545  1.70058669  0.14923875 -0.54438406] -1.2176903639752872e-06
[ 1.72419768 -0.47893887  0.85868393  1.70102826  0.14907128 -0.54431982] -1.5935694899430123e-07
[ 1.7238769  -0.47906907  0.85769904  1.70064345  0.14892287 -0.54498435] -5.384405913591001e-07
[ 1.72419626 -0.47909519  0.85810262  1.70075661  0.14900873 -0.54470165] -1.681707431067604e-07
[ 1.72470871 -0.47859145  0.85896568  1.69993699  0.14910693 -0.54527752] -1.4226871836569278e-06
[ 1.7243954  -0.47928199  0.85828694  1.70114004  0.14907464 -0.54420365] -9.095474055825437e-08
[ 1.72471589 -0.47848416  0.85817812  1.70124969  0.14919554 -0.54443822] -3.1426431230704757e-07
[ 1.72393442 -0.47865864  0.85810106  1.70005895  0.14850394 -0.54433414] -3.417824244161741e-07
[ 1.72473274 -0.47902079  0.85850022  1.7011755   0.14930174 -0.54454186] -1.25675581871537e-07
[ 1.72422299 -0.47949486  0.85866358  1.70033222  0.14891148 -0.54454157] -3.411627222486134e-07
[ 1.72459266 -0.47873683  0.85829948  1.70102032  0.14912452 -0.54446406] -1.22610041803256e-07
[ 1.72413322 -0.4791868   0.85842508  1.70149248  0.1491253  -0.54456477] -5.100385006573679e-07
[ 1.72459761 -0.47888048  0.85839677  1.70061473  0.14904439 -0.54446165] -1.0299644542545101e-07
[ 1.72436198 -0.47916287  0.8581926   1.70158866  0.14936121 -0.54415243] -1.4691142849471346e-07
[ 1.72476309 -0.47891209  0.85868402  1.70143256  0.14931719 -0.54401284] -1.0483483044459735e-07
[ 1.72495015 -0.47905948  0.85810275  1.70129568  0.14933662 -0.54429235] -1.7670423976947688e-07
[ 1.7243858  -0.47896902  0.85853863  1.70109512  0.14913762 -0.54431295] -5.8799515604580465e-08
[ 1.72479379 -0.47877087  0.85870942  1.70057077  0.14897215 -0.54451324] -2.6508878674475514e-07
[ 1.72446993 -0.47906487  0.8583218   1.70133419  0.14926395 -0.54424263] -4.464066504517021e-08
[ 1.72433543 -0.47892764  0.85834233  1.70103682  0.14901903 -0.54402407] -5.811780629492523e-08
[ 1.72438976 -0.4792752   0.85855735  1.7011975   0.14916109 -0.54395521] -1.0160765579273281e-07
[ 1.72409488 -0.47922098  0.85813059  1.7007069   0.14891638 -0.54438721] -7.614656411360166e-08
[ 1.72409279 -0.47936609  0.85832912  1.70155545  0.14914652 -0.54391358] -3.550344344026015e-07
[ 1.72447141 -0.47900188  0.85837985  1.70084991  0.14906992 -0.54432464] -1.659771989226574e-08
[ 1.72432786 -0.47888026  0.85810937  1.70085682  0.14899943 -0.54454317] -1.383393237515815e-07
[ 1.72437428 -0.47917647  0.85844535  1.70111233  0.14912067 -0.5441022 ] -3.6849201041589995e-08
[ 1.72431518 -0.47883829  0.85843258  1.70090505  0.14910121 -0.54426092] -3.4679858269400686e-08
[ 1.72468913 -0.47877175  0.8586896   1.70140424  0.14932109 -0.54403526] -1.2102426446596256e-07
[ 1.72424344 -0.47910867  0.85827034  1.70088123  0.14901755 -0.54429922] -2.542095987749213e-08
[ 1.72435076 -0.47907025  0.85819212  1.70094473  0.14905983 -0.54410494] -1.4494387714135835e-08
[ 1.72433324 -0.47912087  0.85801887  1.70086953  0.14902094 -0.54400094] -7.2564056838253e-08
[ 1.72440624 -0.47915917  0.85833835  1.70097233  0.14919201 -0.54442078] -6.624022742592942e-08
[ 1.72435313 -0.47898553  0.85834134  1.7010207   0.14906228 -0.54412324] -1.9038905149438518e-08
[ 1.7242328  -0.4789955   0.85836539  1.70057046  0.14887987 -0.54416242] -2.7907179226393266e-08
[ 1.72428129 -0.47882358  0.85821519  1.7006117   0.14894288 -0.54432293] -4.8340713374679837e-08
[ 1.72435104 -0.47908824  0.85838781  1.70098717  0.14907622 -0.54415738] -1.1403591783394382e-08
[ 1.72435235 -0.47924506  0.85821304  1.70084636  0.14895402 -0.5441297 ] -4.804517776973308e-08
[ 1.72432447 -0.47893999  0.8583777   1.70089037  0.14906441 -0.54422811] -9.127299631921327e-09
[ 1.72446528 -0.47906936  0.85828433  1.70128757  0.14923687 -0.54425009] -3.900721973104107e-08
[ 1.72429092 -0.47901396  0.85834513  1.70074974  0.14896912 -0.54418434] -9.886747655700208e-09
[ 1.72447047 -0.47892461  0.85840431  1.70093297  0.14908304 -0.544075  ] -1.1581029272501834e-08
[ 1.72439989 -0.47902746  0.8583543   1.70076427  0.14904524 -0.54423489] -1.2540616140036509e-08
[ 1.72425777 -0.47901962  0.85830727  1.70090651  0.14902937 -0.54400358] -2.4119577002424176e-08
[ 1.724418   -0.47900632  0.85836171  1.70086406  0.14905978 -0.54424437] -3.6827264395731368e-09
[ 1.72440083 -0.47892994  0.85855153  1.7007848   0.14903944 -0.54426975] -3.553446610203409e-08
[ 1.72436328 -0.47903518  0.85828198  1.70090475  0.14905473 -0.54414614] -2.676083501044713e-09
[ 1.7243395  -0.47897531  0.85836524  1.70101209  0.1490572  -0.54411022] -2.2826052479370718e-08
[ 1.72438479 -0.47901442  0.85835704  1.70082623  0.14904823 -0.54420372] -2.5928664669024416e-09
[ 1.72424037 -0.47910809  0.85829948  1.7008078   0.14900779 -0.54431303] -2.2090492137305046e-08
[ 1.72441294 -0.47897048  0.8583781   1.70090168  0.14906423 -0.5441345 ] -2.9410931771941553e-09
[ 1.72438043 -0.4789052   0.85831274  1.7007251   0.14901061 -0.54422302] -1.3142023626883225e-08
[ 1.72435838 -0.47904248  0.85836904  1.70092166  0.14905982 -0.54417379] -3.703360573216901e-09
--------------------------------------------
[ 1.0777289   0.65522439 -0.5475902   1.01476911 -1.01792866 -0.41568166] -229.94030254373487
[ 1.19822587 -1.42708092 -0.00794171 -2.1458188  -2.30485844 -0.47655106] -246.58225523765492
[-0.34310143 -0.39271493 -2.01751417  0.57841857 -0.35968648 -1.03363122] -238.37365653803718
[-0.04407203 -0.643855    0.56516399 -0.19857463  0.05643978 -0.53016778] -233.94250230969075
[ 0.38201829  0.29058343 -0.88325215 -1.25348972  0.73357614 -0.84099769] -241.09295955697988
[ 1.95531109 -1.36278506  0.5369903  -0.0391118  -0.07630685  0.32082992] -230.18431590507865
[ 0.82949538 -1.51518362 -0.86340243  0.4284169  -0.13653333 -0.70937706] -286.675204093911
[ 0.57920818  0.55497425  0.07868778 -1.10968599 -0.85305485 -0.28268944] -244.43330302630739
[ 0.00413846  1.12755661 -0.74789644  1.80992732  1.7992048  -0.4508949 ] -250.57858724004538
[ 0.89970402 -0.78842154 -0.19293039 -1.15688227 -1.27884263 -0.47013702] -228.38728220714486
[ 0.7299881  -1.30229716 -0.92506532  0.75806241  0.20547194 -0.70723904] -291.460196149402
[ 0.61690316  0.0906564  -0.17225049 -0.64274889 -0.58842315 -0.38882684] -229.27522484667816
[ 1.00547294e+00 -1.10454868e+00  2.73875168e-01  1.10544642e+00
 -1.82182547e+00  1.79282229e-03] -246.52716273870203
[ 0.53788195 -0.05819959 -0.59397032 -0.66375569  0.09472574 -0.63030006] -234.50176875302026
[ 2.02425379 -0.3097452   1.88265179 -1.14051996 -0.57709211  0.32887008] -411.42702844813357
[ 0.24873737 -0.3719725  -1.04247268  0.14868394 -0.41403789 -0.6930059 ] -231.7483575624339
[ 1.04688888 -0.74885151  0.30960717  0.37246751 -1.2010922  -0.09536303] -237.03653678325594
[ 0.66513369 -0.23086257 -0.36807595 -0.40469989 -0.22922875 -0.4965658 ] -230.59005161077033
[ 1.86524477 -0.02553196 -1.16060712 -0.16142197 -1.25802909 -0.18429466] -229.21770267344885
[ 2.11127116 -0.18193428  0.40765139 -0.61204918 -1.06888182  0.14811388] -248.5585808759296
[ 0.71437082 -0.32446295 -0.67994166 -0.04149934 -0.57774887 -0.48272596] -229.64423261680133
[ 1.71128723 -0.35424433 -0.37070057  0.0624015  -1.36986434 -0.04371293] -227.62834221272882
[ 2.234364   -0.41593522 -0.37201288  0.29595219 -1.94018213  0.1827135 ] -234.9444351644632
[ 0.33976855  1.1138584  -1.57833045 -0.26934882 -1.95397207 -0.98262294] -249.89285395439902
[ 1.55142545 -0.7436242   0.00816011 -0.09667106 -0.54572315 -0.0050333 ] -228.43839732699598
[ 1.37524958 -1.37043391 -0.30849984 -1.69370979 -0.85494842 -0.10922857] -237.27681462693883
[ 1.15210907  0.14880981 -0.48781761  0.33764939 -0.9771836  -0.33906839] -226.93689634357415
[ 1.88452041 -0.23298899 -0.11210703 -0.51105843 -1.42827312  0.00570158] -234.48889549195917
[ 1.00690822 -0.30159446 -0.537983   -0.15888911 -0.79037993 -0.36061907] -227.48149889627314
[ 2.11198976 -0.77885863 -0.74170903  0.25147771 -1.48491777 -0.07879495] -229.86281614579585
[ 0.99067481 -0.12672236 -0.31461513 -0.41919224 -0.8125468  -0.31131887] -227.10663781710085
[ 0.57212483 -0.69640039  0.52864493 -0.31577263 -0.66681773 -0.32566854] -234.44186177993384
[ 1.54196478 -0.19324907 -0.73829411 -0.20000964 -1.11022625 -0.21963813] -226.80601624303057
[ 0.88279059  0.20515022 -0.88894039 -0.41496973 -1.56729137 -0.57646484] -229.56343695414898
[ 1.38426674 -0.50643059 -0.21611501 -0.17624573 -0.80111521 -0.14789118] -227.1791014015828
[ 1.69603293  0.34394454 -0.69557809  0.97212033 -0.67492941 -0.00394584] -227.52055598261077
[ 0.87936495  0.14249696 -0.62610041  0.05607617 -0.35226273 -0.41711423] -228.58789561778735
[ 1.50330666 -0.23005901 -0.43455053  0.06082017 -1.11546394 -0.13706326] -226.4314507648486
[ 0.83037716 -0.74702643 -0.21421371 -1.15740938 -1.1940425  -0.50125379] -228.03756893769784
[ 1.47961899  0.07120179 -0.57523699  0.4397379  -0.80470768 -0.12827283] -226.56480411447077
[ 1.67707213  0.02277798 -0.38422679  0.1731424  -1.08336789 -0.06713181] -226.76984695598065
[ 1.39731541  0.40401698 -0.76213205  0.30696172 -1.16671685 -0.25293991] -226.00791667327334
[ 1.40383975  0.85924076 -1.03514056  0.54856544 -1.34951767 -0.30546427] -226.66244689145944
[ 1.92645421  0.20122185 -0.81280423  0.79195955 -1.27334193 -0.07005257] -225.49228589195147
[ 2.39434391  0.36519395 -1.06189878  1.39753545 -1.5037395   0.05058058] -225.6753623884518
[ 2.02313499 -0.05683964 -0.74793063  0.18655465 -1.20742458  0.04736889] -226.57299341205245
[ 1.79366935  0.33068906 -0.5006663   0.85306843 -1.10678137  0.01694096] -226.55669842531125
[ 1.69742774  0.21729903 -0.89354678  0.70655841 -1.14144423 -0.10754109] -225.82292648604962
[ 1.24279579  0.3882962  -0.57838167  0.86648075 -0.99539409 -0.27367845] -226.93243184854663
[ 1.82805019  0.05444432 -0.70554339  0.35653617 -1.15441696 -0.03289295] -225.90182478722116
[ 1.90245553  0.25466895 -0.79451076  0.58556358 -1.51468074 -0.06624345] -226.07857649703365
[ 1.62466723 -0.03015835 -0.96702962  0.08306477 -1.34857351 -0.23918537] -226.11489607226505
[ 1.95548344  0.59722327 -1.21063841  0.8827279  -1.41759414 -0.11922186] -224.787058562462
[ 2.18157183  1.01086441 -1.59868235  1.29368177 -1.56865924 -0.11030116] -224.36881962365146
[ 2.01975774  0.7443302  -0.88871024  1.2640223  -1.25784647  0.02586166] -225.0606931622609
[ 1.78107018  0.62272331 -1.09262891  0.98767639 -1.00612782 -0.11637856] -225.8687272857856
[ 2.41412855  0.5462774  -1.23517326  1.49318314 -1.30056203  0.11583835] -228.10285828464933
[ 1.6515187   0.43958208 -0.88039235  0.60351708 -1.20017815 -0.16074534] -225.20365668643316
[ 1.92454994  1.0242293  -1.3500449   1.52593566 -1.32811565 -0.14682607] -224.13937083119342
[ 1.97279981  1.5091218  -1.67229566  2.1106354  -1.414965   -0.20379264] -223.40937701315417
[ 2.03543983  0.75141647 -1.15618162  1.26911511 -1.61268386 -0.09247849] -224.775150469409
[ 2.23175297  1.33487991 -1.4428087   1.73775199 -1.63444732 -0.09629508] -223.81297377405576
[ 2.10449275  1.7288431  -1.73355274  1.96761499 -1.62291808 -0.14253111] -223.45366099397944
[ 2.53041961  1.92023655 -1.95035142  2.61075678 -1.83699518 -0.04576693] -223.13152828411543
[ 2.96987007  2.66056378 -2.48533096  3.61437663 -2.1554037   0.01172228] -223.9500975343077
[ 2.3324012   2.00745722 -2.29591393  2.39916305 -1.97237642 -0.25625013] -222.48350652295306
[ 2.48872293  2.63902072 -2.99951578  2.96673342 -2.32964139 -0.39730603] -222.62957018998344
[ 2.41570623  2.41905119 -2.40835331  2.77075288 -1.73743656 -0.19250053] -223.01547774246967
[ 2.34761902  2.62899884 -2.2357429   3.23854327 -1.83772028 -0.20207765] -223.79934845332437
[ 2.33605991  2.73635632 -2.65592796  3.2947368  -1.83968985 -0.25134458] -223.0117518839031
[ 2.21634081  1.47802321 -2.00305544  1.8126767  -1.63707341 -0.16198432] -223.63529399255157
[ 2.24916036  1.76576712 -2.0612273   2.16914334 -1.68723513 -0.17200765] -222.97233551197843
[ 2.50768962  2.39048696 -2.61447045  3.15078109 -1.87331463 -0.23135638] -222.93282448695246
[ 2.81767917  2.90399665 -2.9897858   3.35447591 -2.23405092 -0.17928276] -223.12824157522695
[ 2.35581255  2.82080194 -3.05820816  3.10226092 -1.94437265 -0.38181375] -222.87379157117562
[ 1.91459745  1.80931026 -2.04158124  2.27447011 -1.45075749 -0.31580825] -222.84866495295887
[ 2.14953414  2.09100875 -2.50075637  2.69276555 -1.85181217 -0.34369305] -222.40660658722885
[ 2.01644809  1.92698753 -2.5469579   2.65377189 -1.90899997 -0.41928931] -222.8174549598408
[ 2.1670052   1.55858776 -2.20145786  1.96812455 -1.75359965 -0.31563182] -223.0569551246931
[ 2.29379623  2.44191418 -2.54231043  2.96308374 -1.8181673  -0.26741639] -222.58682800428394
[ 2.26878337  2.75455932 -2.95651956  3.35836481 -1.94969843 -0.42677166] -223.10961834610384
[ 2.25406612  2.01296517 -2.28505037  2.46644871 -1.75285095 -0.23569866] -222.60664438589035
[ 1.92571294  2.00399888 -2.29346971  2.14861627 -1.72346436 -0.36887036] -223.00810362926012
[ 2.36219545  2.29386494 -2.53422027  2.90023988 -1.83585206 -0.26573487] -222.53185837080323
[ 2.07971765  1.39803823 -1.67506937  2.1297961  -1.61623281 -0.17972003] -223.33640939322777
[ 2.28678882  2.46511101 -2.71242347  2.85914471 -1.86233769 -0.33129032] -222.4542532487287
[ 2.64499653  2.62813016 -2.91531037  3.15247844 -2.24704137 -0.25088623] -222.34223096185667
[ 3.01019607  3.03754012 -3.35217494  3.5914826  -2.64518331 -0.21842522] -222.82601471442024
[ 2.43583801  2.62953025 -2.88192791  3.18917641 -2.10967805 -0.33605834] -222.43796694433965
[ 2.44345515  2.26311993 -2.73787367  2.76790561 -2.14153196 -0.32722126] -222.2864347647803
[ 2.51828461  2.1737228  -2.83565529  2.67031655 -2.30321429 -0.35712369] -222.39734011750215
[ 2.4021425   2.40092084 -2.81384831  2.78663804 -2.22574049 -0.34939824] -222.44681589135186
[ 2.45518385  2.8184831  -3.22479944  3.41687321 -2.17367083 -0.38993234] -222.83119528259274
[ 2.36309686  2.21021369 -2.52813531  2.65359059 -2.02270002 -0.28967068] -222.33004078125845
[ 2.52623224  2.27586353 -2.74686051  2.8883735  -2.33716366 -0.30101894] -222.1770903628121
[ 2.64595395  2.18123978 -2.76407904  2.9029879  -2.57457664 -0.28588326] -222.39706547014964
[ 2.45224181  2.29836793 -2.62310641  2.99479199 -2.01090192 -0.2667846 ] -222.27262168874597
[ 2.42401424  1.95937108 -2.46875297  2.52745881 -2.09403898 -0.25703325] -222.44975314037248
[ 2.43288207  2.46199046 -2.77863418  3.02374701 -2.10576828 -0.31630207] -222.2973759193599
[ 2.31334246  2.22364485 -2.61120489  2.80312337 -1.99799835 -0.31783684] -222.3257372612851
[ 2.19875367  1.9496033  -2.42662795  2.55803226 -1.95831336 -0.3553919 ] -222.47752026490076
[ 2.53343581  2.45849845 -2.79313977  3.00386689 -2.17485937 -0.27701265] -222.2695081582769
[ 2.53743299  2.45028136 -2.90213784  3.17367887 -2.23337449 -0.3123881 ] -222.25350430025222
[ 2.66188423  2.5123957  -2.9160459   3.14766459 -2.33653487 -0.2824057 ] -222.2459557353088
[ 2.61867868  2.29085184 -2.79442053  2.96834681 -2.30568714 -0.27264168] -222.3175610957697
[ 2.47933122  2.4192058  -2.78258076  3.00989696 -2.155748   -0.30538697] -222.2525901570954
[ 2.62006428  2.541751   -2.85008339  3.30485199 -2.27466215 -0.25444439] -222.25410459782017
[ 2.66721845  2.58763068 -3.04050965  3.18131894 -2.49321226 -0.31076765] -222.2543043162828
[ 2.63061865  2.47054424 -2.95293292  3.23139473 -2.43537244 -0.31179127] -222.23064270614745
[ 2.48463609  2.3023832  -2.67637079  3.07063461 -2.09773961 -0.27837747] -222.3106195510848
[ 2.62157286  2.51631881 -2.94947494  3.15364786 -2.3943441  -0.30267011] -222.21647919462742
[ 2.53229311  2.33978549 -2.89992757  2.89670018 -2.35618371 -0.35077597] -222.32565230415
[ 2.59812149  2.49125962 -2.86254444  3.20281404 -2.29504254 -0.27852729] -222.21862135653387
[ 2.63515391  2.44491454 -2.83467532  3.03758502 -2.41802738 -0.28154533] -222.2038508972702
[ 2.74519658  2.48455968 -2.97159725  3.21059629 -2.58308033 -0.28059924] -222.20668199092904
[ 2.59041434  2.3820911  -2.85664922  3.09380589 -2.48447527 -0.30297836] -222.33290035086065
[ 2.64401676  2.47981955 -2.90119673  3.13419991 -2.37351997 -0.28754886] -222.203283379304
[ 2.62614596  2.42703433 -2.80251681  2.97767748 -2.36502022 -0.26551199] -222.19877201311502
[ 2.66798461  2.38491053 -2.87289608  2.93121265 -2.52867601 -0.29443754] -222.25702470635954
[ 2.61558727  2.46467235 -2.86513235  3.13491369 -2.35345091 -0.28250485] -222.19994707860803
[ 2.64253805  2.34263585 -2.75785139  2.97413411 -2.41574339 -0.26357296] -222.21450230734797
[ 2.63729675  2.38605659 -2.80575727  3.01901254 -2.41039357 -0.27334725] -222.20204966619914
[ 2.48294772  2.34156062 -2.68044909  2.85332443 -2.1694449  -0.2832265 ] -222.2529573596466
[ 2.67963436  2.44880991 -2.89881021  3.12127832 -2.47967147 -0.28125606] -222.19734828755753
[ 2.6078172   2.38250421 -2.83874931  3.05423346 -2.35504589 -0.28218399] -222.21123043992026
[ 2.62831973  2.42931196 -2.83569382  3.04174713 -2.402282   -0.28170499] -222.199846993866
[ 2.59372201  2.33076333 -2.75039359  2.92680097 -2.40914063 -0.2742325 ] -222.25419630733833
[ 2.63144307  2.4425555  -2.86349595  3.08235018 -2.38242514 -0.28421977] -222.19601528835827
[ 2.5984908   2.44335927 -2.86507927  3.06310089 -2.36294423 -0.29205828] -222.20736084325765
[ 2.62759526  2.40038226 -2.82058777  3.03003463 -2.39853123 -0.27802501] -222.2010629678906
[ 2.60819228  2.4290336  -2.85024877  3.0520788  -2.37480657 -0.28738053] -222.20354982554275
[ 2.62274452  2.40754509 -2.82800302  3.03554567 -2.39260007 -0.28036389] -222.20118157746722
[ 2.57883766  2.35920951 -2.80517823  2.98536184 -2.3597944  -0.29261936] -222.2244722384466
[ 2.6029333   2.36233672 -2.82283536  3.00482591 -2.40841757 -0.2911375 ] -222.22649188526296
[ 2.5761891   2.35144893 -2.77468866  2.93302549 -2.35109194 -0.28326546] -222.22603019974386
[ 2.57090976  2.37026794 -2.80599643  3.0116436  -2.34530728 -0.2917619 ] -222.22325338422445
[ 2.56721226  2.35244856 -2.79855464  2.97022615 -2.35598511 -0.29419974] -222.2330903129245
[ 2.56349545  2.33793732 -2.79342745  2.96609185 -2.34953049 -0.29330566] -222.23389681334683
[ 2.56694059  2.34159993 -2.79288988  2.96583397 -2.35457857 -0.29281974] -222.23330658925804
[ 2.55253495  2.31753652 -2.77601937  2.93686767 -2.34847903 -0.29681915] -222.24912478246964
[ 2.55121067  2.31365623 -2.76077459  2.9106995  -2.3441278  -0.2921422 ] -222.25007036095727
[ 2.56458277  2.31910012 -2.78484794  2.94659971 -2.37279061 -0.29607822] -222.25148925647247
[ 2.54672225  2.31415605 -2.77270758  2.92929983 -2.34657438 -0.29760934] -222.25455437491848
[ 2.54658641  2.30873173 -2.7698752   2.92710373 -2.34587112 -0.29691934] -222.2546782422261
[ 2.54738543  2.29328232 -2.76059992  2.8963061  -2.35710006 -0.29713865] -222.26596224538252
[ 2.54768182  2.30072818 -2.76455706  2.90973171 -2.35313391 -0.29695159] -222.26062104061916
[ 2.54827461  2.31561988 -2.77247134  2.93658294 -2.34520162 -0.29657748] -222.251770926764
[ 2.54993275  2.30991238 -2.76801858  2.92237065 -2.35224125 -0.29649577] -222.2562321904554
[ 2.547423    2.30902689 -2.76941104  2.92592046 -2.34746365 -0.29681345] -222.25506499056414
[ 2.53938359  2.29670002 -2.76143994  2.91262059 -2.34282134 -0.29891905] -222.2651483234014
[ 2.53872145  2.29475988 -2.75381755  2.8995365  -2.34064573 -0.29658057] -222.2658536386221
[ 2.54540751  2.29748183 -2.76585423  2.9174866  -2.35497713 -0.29854858] -222.16924843797693
[ 2.53725342  2.2957417  -2.75966592  2.91247822 -2.34118264 -0.29879821] -222.26714805646682
[ 2.53647725  2.29500979 -2.75978405  2.90883666 -2.34186902 -0.29931414] -222.26838616965318
[ 2.53640933  2.29229763 -2.75836785  2.90773862 -2.34151739 -0.29896914] -222.26840671827654
[ 2.53808249  2.29288795 -2.75743955  2.90537207 -2.34470245 -0.29875736] -222.26940018662347
[ 2.53682762  2.29244521 -2.75813578  2.90714698 -2.34231365 -0.2989162 ] -222.2686653220516
[ 2.53581987  2.28667268 -2.75635737  2.90293005 -2.3460704  -0.29978376] -222.27364514620365
[ 2.54239555  2.29709092 -2.76364708  2.9150536  -2.34889924 -0.29873382] -222.265995091259
[ 2.54206448  2.29612085 -2.75983589  2.90851155 -2.34781143 -0.29756458] -222.26650086808073
[ 2.54133046  2.29661176 -2.76276008  2.91498241 -2.34807989 -0.2986734 ] -222.26702819643003
[ 2.54094238  2.29624581 -2.76281914  2.91316163 -2.34842308 -0.29893136] -222.268283835086
[ 2.54090842  2.29488973 -2.76211104  2.91261261 -2.34824726 -0.29875886] -222.26812446408775
[ 2.54852972  2.30614096 -2.76931845  2.92433942 -2.35274228 -0.29728644] -222.25801825307724
[ 2.54593634  2.29986621 -2.76502312  2.91783376 -2.35182933 -0.29759053] -222.16704072477876
[ 2.54843332  2.30167641 -2.76612511  2.92016983 -2.35353246 -0.29692011] -222.25952774896908
[ 2.54764627  2.30288112 -2.76670191  2.92012317 -2.35319917 -0.29737358] -222.2601086833784
[ 2.54932949  2.30324886 -2.76736681  2.91946696 -2.35507298 -0.29702578] -222.25946587710627
[ 2.55101715  2.30611578 -2.77280131  2.92958962 -2.35776195 -0.297955  ] -222.25854125334237
[ 2.55355994  2.30815399 -2.77204152  2.92789291 -2.35962838 -0.29652615] -222.25686093720282
[ 2.55028044  2.30412143 -2.77076657  2.92541325 -2.35747151 -0.29760391] -222.25956128029588
[ 2.5496219   2.30381135 -2.76975041  2.92409073 -2.35640343 -0.29754633] -222.25967725154504
[ 2.54567192  2.29867402 -2.76543867  2.91766018 -2.35340323 -0.29806956] -222.16801175416342
[ 2.54974814  2.3040101  -2.76853232  2.92286334 -2.35572885 -0.29705834] -222.2591616555969
[ 2.54723303  2.30300358 -2.76717078  2.92108659 -2.35228581 -0.29743848] -222.25973829117507
[ 2.54847674  2.302991   -2.76891221  2.92371169 -2.35479564 -0.29777276] -222.25998701277993
[ 2.54763291  2.30155754 -2.76619497  2.91865036 -2.35345116 -0.29730815] -222.26047292922374
[ 2.5467913   2.30137366 -2.76586251  2.91897847 -2.35251425 -0.29748206] -222.26080770742675
[ 2.54810839  2.30199382 -2.76789485  2.92162351 -2.35465042 -0.29759722] -222.2605052223607
[ 2.54777912  2.30183878 -2.76738676  2.92096225 -2.35411638 -0.29756843] -222.26057709616256
[ 2.54580413  2.29927011 -2.76523089  2.91774697 -2.35261628 -0.29783004] -222.16741175110815
[ 2.54784224  2.30193816 -2.76677772  2.92034855 -2.35377909 -0.29732444] -222.26032152204246
[ 2.54658468  2.3014349  -2.76609695  2.91946018 -2.35205757 -0.29751451] -222.26061384925032
[ 2.54720654  2.3014286  -2.76696767  2.92077273 -2.35331249 -0.29768165] -222.2607400597433
[ 2.54678463  2.30071187 -2.76560904  2.91824206 -2.35264024 -0.29744934] -222.26097752639902
[ 2.54636382  2.30061994 -2.76544281  2.91840611 -2.35217179 -0.29753629] -222.26113438464813
[ 2.54702236  2.30093001 -2.76645898  2.91972864 -2.35323988 -0.29759387] -222.26098570585438
[ 2.54685773  2.30085249 -2.76620494  2.919398   -2.35297286 -0.29757948] -222.26102979860264
[ 2.54587023  2.29956816 -2.76512701  2.91779037 -2.35222281 -0.29771029] -222.1671332642859
[ 2.54688929  2.30090218 -2.76590042  2.91909116 -2.35280421 -0.29745748] -222.26089987190488
[ 2.54626051  2.30065055 -2.76556003  2.91864697 -2.35194345 -0.29755252] -222.26104328213896
[ 2.54657144  2.30064741 -2.76599539  2.91930324 -2.35257091 -0.29763609] -222.26111164222996
[ 2.54636048  2.30028904 -2.76531608  2.91803791 -2.35223479 -0.29751994] -222.26122800000164
[ 2.54615008  2.30024307 -2.76523297  2.91811994 -2.35200056 -0.29756341] -222.2613156534121
[ 2.54647935  2.30039811 -2.76574105  2.9187812  -2.3525346  -0.2975922 ] -222.26123492505957
[ 2.54639703  2.30035935 -2.76561403  2.91861588 -2.35240109 -0.297585  ] -222.26126645815512
[ 2.54590329  2.29971719 -2.76507506  2.91781207 -2.35202607 -0.29765041] -222.16718914892718
[ 2.54641281  2.3003842  -2.76546177  2.91846246 -2.35231677 -0.29752401] -222.2611830123433
[ 2.54609842  2.30025838 -2.76529158  2.91824037 -2.35188639 -0.29757152] -222.16692245089098
[ 2.54625389  2.30025681 -2.76550925  2.9185685  -2.35220012 -0.29761331] -222.16697772518768
[ 2.54614841  2.30007763 -2.7651696   2.91793584 -2.35203206 -0.29755523] -222.1670177768071
[ 2.54604321  2.30005464 -2.76512804  2.91797685 -2.35191495 -0.29757697] -222.16702492771932
[ 2.54571504  2.29969275 -2.76493712  2.91766    -2.3516462  -0.29766198] -222.16689096622264
[ 2.54536615  2.29934703 -2.76467479  2.91725877 -2.35131092 -0.29773097] -222.16695231642416
[ 2.54616182  2.30035162 -2.76527784  2.91825971 -2.35181028 -0.29753944] -222.26113084020758
[ 2.54596792  2.29987579 -2.76512576  2.91792398 -2.35197212 -0.29762267] -222.16709301089412
[ 2.54609718  2.30019301 -2.76522714  2.9181478  -2.35186423 -0.29756718] -222.1669168315052
[ 2.54618238  2.30031153 -2.76539779  2.91834269 -2.35201865 -0.29759154] -222.1669295473459
[ 2.5461219   2.30020873 -2.76538279  2.91832155 -2.3519676  -0.29760995] -222.1669323103684
[ 2.54600786  2.30022945 -2.76541229  2.91849113 -2.35182901 -0.29764993] -222.16691766314617
[ 2.54582037  2.30004114 -2.76504031  2.91783268 -2.35153724 -0.29760406] -222.16693127105938
[ 2.54585185  2.30003336 -2.76505263  2.91791667 -2.3516263  -0.29760545] -222.16697177343977
[ 2.54605439  2.30016489 -2.76530025  2.91822033 -2.35188228 -0.29760883] -222.16694717436286
[ 2.54590611  2.29994288 -2.76508213  2.9179039  -2.35175522 -0.29761458] -222.16701002243855
[ 2.54586145  2.2999611  -2.7651747   2.91807557 -2.3517376  -0.29765596] -222.16701135894934
[ 2.54590673  2.29997557 -2.76511435  2.91795018 -2.3517663  -0.29761675] -222.16701586099424
[ 2.54594871  2.30000214 -2.76516745  2.91800135 -2.35183243 -0.29762676] -222.16701151046755
[ 2.54576771  2.29986695 -2.76498871  2.91774634 -2.35159172 -0.29763302] -222.16701040424562
[ 2.54591847  2.29995074 -2.76515995  2.91799078 -2.3518069  -0.29763597] -222.16699592113244
[ 2.5457991   2.29982996 -2.76505568  2.91784246 -2.35169039 -0.29765934] -222.1670329759088
[ 2.54587982  2.29993917 -2.76509968  2.91792325 -2.35174732 -0.2976274 ] -222.16701719392
[ 2.54581675  2.29982175 -2.76504853  2.91782539 -2.35172655 -0.29764898] -222.16704608763175
[ 2.54581057  2.29981782 -2.76500962  2.91778195 -2.35170071 -0.29763828] -222.16704006810235
[ 2.54574137  2.29977985 -2.76496292  2.91770317 -2.35161896 -0.2976475 ] -222.16705311426995
[ 2.54578824  2.29982693 -2.76505591  2.91786778 -2.3516919  -0.29765897] -222.16704783153259
[ 2.54583187  2.29984745 -2.76505228  2.91783067 -2.35173931 -0.29764437] -222.16704760909323
[ 2.54581089  2.29983416 -2.76502573  2.91780509 -2.35170625 -0.29763937] -222.16704007192817
[ 2.54584975  2.29983377 -2.76508015  2.91788713 -2.35178468 -0.29764982] -222.16705625572234
[ 2.54576847  2.29979333 -2.76499222  2.91774916 -2.35166039 -0.29764808] -222.1670627595579
[ 2.54576281  2.29975529 -2.76497337  2.91772098 -2.35167346 -0.29765013] -222.16707198898837
[ 2.54576296  2.29976346 -2.76498142  2.91773255 -2.35167623 -0.29765068] -222.16707424821385
[ 2.5457659   2.29975725 -2.76499282  2.9177427  -2.35168638 -0.29765548] -222.16705890766414
[ 2.54577346  2.2997701  -2.7649947   2.91774534 -2.35169276 -0.29765318] -222.16706762227128
[ 2.54575164  2.29975984 -2.76499651  2.91776389 -2.35166905 -0.29766048] -222.16707518804552
[ 2.54572821  2.2997363  -2.76495002  2.91768159 -2.35163258 -0.29765474] -222.16707120343605
[ 2.54575115  2.29973188 -2.76494664  2.91766382 -2.35166681 -0.29764826] -222.16707348146934
[ 2.54573589  2.29971773 -2.76495013  2.91767226 -2.3516565  -0.29765725] -222.1670735383085
[ 2.54574266  2.29972917 -2.76495795  2.91768733 -2.35166143 -0.29765561] -222.16708802337124
[ 2.54574047  2.299725   -2.76496497  2.91770135 -2.35166629 -0.29765873] -222.16707531110424
[ 2.54574425  2.29973143 -2.76496591  2.91770267 -2.35166948 -0.29765758] -222.1670882559316
[ 2.54572162  2.29971453 -2.76494357  2.91767079 -2.35163939 -0.29765836] -222.1670728067241
[ 2.54573892  2.29972402 -2.76495524  2.91769049 -2.35165983 -0.29765606] -222.16707472447825
[ 2.54573309  2.29971232 -2.76494188  2.91766191 -2.35165651 -0.29765512] -222.1670845146373
[ 2.545739    2.29972811 -2.76495927  2.91769627 -2.35166121 -0.29765633] -222.1670763330129
[ 2.54571847  2.29970082 -2.76493477  2.9176576  -2.35164033 -0.29765795] -222.1668794176448
[ 2.54570558  2.29968551 -2.7649192   2.91763507 -2.35162576 -0.29765813] -222.16688072742514
[ 2.54572475  2.29971609 -2.76495644  2.91769693 -2.35164791 -0.29766135] -222.16708656812966
[ 2.54573101  2.29971326 -2.76494552  2.91767067 -2.35165436 -0.29765668] -222.16708496971674
[ 2.54571675  2.29969679 -2.76493594  2.9176588  -2.35164327 -0.29765997] -222.1668865742743
[ 2.54572004  2.29970767 -2.76493917  2.9176642  -2.35163986 -0.29765816] -222.16687103713238
[ 2.54572869  2.29971242 -2.76494501  2.91767405 -2.35165008 -0.297657  ] -222.16707903083235
[ 2.54572947  2.29971291 -2.76494987  2.91767948 -2.35165331 -0.29765834] -222.16708178714893
[ 2.54572873  2.29971446 -2.76494702  2.91767694 -2.35165077 -0.29765714] -222.1670778804549
[ 2.54572578  2.29970657 -2.76493832  2.91765976 -2.35164842 -0.29765653] -222.16688360437925
[ 2.54571669  2.2997     -2.76493021  2.91765097 -2.3516376  -0.29765724] -222.16688285655025
[ 2.54571346  2.29969635 -2.76493014  2.91764871 -2.35163667 -0.29765866] -222.1668930481882
[ 2.54570833  2.29968827 -2.7649225   2.91763641 -2.35163128 -0.29765903] -222.16688669149454
