[ 0.23250363  1.56667141  0.26233772 -1.00295374 -0.08758437  0.06836209] -439.22755474780024
[-0.27165984  0.25047877  0.30791823 -0.64692787 -0.51429248  0.571838  ] -446.70733533464835
[-1.90476215 -0.30030503  0.19940467 -1.38811236  2.75984368 -0.94745467] -494.8024100816625
[-1.10760963 -0.70511814  1.10560055  1.03863411 -0.30701913 -0.84883296] -441.7046410518772
[-0.84541687 -2.72227334 -0.15176831  0.97526518  0.04694301 -1.02499549] -439.49166414586404
[-0.5537093  -0.0057041  -0.30486235  0.93567208  1.0346081   0.21443849] -422.92441327560806
[-1.04235865  0.0848571   1.34535322 -1.5240756   0.28518381  0.20303759] -470.17821314830843
[ 0.70867859 -0.21005773  0.65545502  1.31331709 -2.6072307   0.67540391] -452.1336192203222
[ 0.42995418 -0.69352481 -0.7204596   2.39507788 -1.096709   -0.31763291] -414.43681314600826
[ 1.16611059 -1.08271577 -1.75336601  4.35465462 -1.78765541 -0.57796815] -443.2422984563839
[-1.4139912  -0.55976567 -0.48919961 -0.08172787  2.29921274 -1.1210115 ] -464.4773396849596
[ 0.17801114 -0.29748472  0.36929136  0.96455585 -1.38061984  0.22630006] -431.9417314667038
[-0.28376245 -1.20295667 -0.12120511  2.41567832 -0.08250126 -1.13262491] -412.0102163608899
[-0.28981375 -1.92967439 -0.33576677  3.94698142  0.13339435 -1.98485636] -411.46743176699584
[ 0.82478597 -0.65554518 -1.3993432   1.69956545 -0.14297011 -0.09062842] -398.77223124698736
[ 1.79098376 -0.63075869 -2.65181508  2.03003111 -0.06094561  0.28847385] -387.7651166814051
[ 1.44139342  2.05878157 -0.97532326  2.11452302 -0.53289513  0.52335723] -392.94429824746237
[ 0.76643619 -2.06612645 -1.80198296  5.13190086 -0.54680467 -0.41833531] -418.18605512597446
[ 1.01707035 -0.79151757 -2.6326947   4.55350628  1.02416919 -0.79115173] -379.24165053071806
[ 1.43659996 -1.038534   -4.13368773  6.34798149  2.2265637  -1.29987762] -388.6798364287954
[ 2.27238402 -1.34523602 -2.7344851   5.78833478 -1.39453839 -1.1144869 ] -477.9274634262779
[ 0.15281403 -0.34058708 -0.91226804  2.14883776  0.42732148 -0.11779286] -398.304043069795
[ 0.74769781  1.29036613 -0.94079286  0.59775163  0.5115831  -0.38153229] -405.65865112494583
[ 1.19009436  0.57906147 -2.09576064  2.73546585  1.59758479 -0.50353448] -374.10720727274776
[ 1.57016446  1.2153546  -2.78341116  2.90565984  2.94473169 -0.59648527] -370.76787017737735
[ 2.52985503  2.86355405 -3.29633492  0.83645512  1.30459389  1.62647934] -389.80142428272745
[ 2.08639588  0.1679095  -3.47648952  4.26525275  1.19074207  0.69249247] -365.4959345453365
[ 2.75574491 -0.39331882 -4.74433786  6.09900331  1.53032156  1.22950486] -391.16359484223426
[ 3.32580694  1.96836156 -4.35975484  3.41963828  1.52947722  0.69884815] -362.63713666265994
[ 4.91230339  3.12283588 -6.08349824  4.05503855  2.08055509  1.10716866] -383.1170188130501
[ 2.66536538 -0.46114709 -5.42484348  3.88899144  3.17715128  0.11619505] -363.85231502728027
[ 1.62207389 -2.37415328 -3.81333467  6.18457144  1.96384806 -1.49035517] -383.8100475410855
[ 2.30464187  0.53902793 -4.84502772  6.37584223  4.00431878 -0.74529268] -362.0658928881256
[ 2.56147093  1.12392125 -5.94163403  8.54874779  6.03695097 -1.26217594] -422.784218208394
[ 2.7010744   3.25348292 -4.0274058   2.28505883  2.65968202  1.2818905 ] -369.8193293330124
[ 3.86741262  3.01918071 -5.67294947  3.15997485  4.14453183  1.27370114] -364.98449324411536
[ 4.08006791  1.61358391 -6.48541246  4.89259296  2.62390271  1.70243015] -370.79096266184234
[ 2.19764032  1.31491193 -3.70891148  3.40239312  2.86452445 -0.02175642] -358.5807544206282
[ 2.7813466  -1.07073474 -5.13525304  5.88563873  2.9772332  -0.61049459] -363.4233621550753
[ 3.62767537  1.60195727 -6.23909048  4.44557347  5.04167018 -0.45542559] -356.34705797937966
[ 4.39831512  2.31898116 -7.62039096  4.53573383  6.96713423 -1.02938462] -377.9112010675379
[ 1.76674621 -1.72172176 -4.23134421  5.97938424  2.38692653 -1.61300983] -375.4141462240241
[ 3.34224602  1.8339551  -5.31254816  3.8648272   3.70513051  0.5520234 ] -353.59868442412943
[ 3.19442032  2.52364011 -4.44201842  5.2423129   3.53030016 -0.31022762] -355.1115146855173
[ 3.21613034  4.33135271 -4.50053066  3.03122367  3.9145739   0.51655101] -359.79744975244466
[ 2.63511114  2.07992012 -5.32295413  5.36775258  6.1573621  -0.85355745] -347.9532085481275
[ 2.28976324  2.1356994  -5.80455378  6.34180972  8.47130454 -1.62976026] -358.4742431076297
[ 3.76643263  4.02288448 -4.99699006  2.07551875  4.40020166  0.55449512] -387.322272489258
[ 2.67008956  1.40999207 -4.8830183   5.30076136  4.1032895  -0.42034573] -348.1157856167509
[ 2.67293057 -0.74322718 -5.468983    6.17664987  4.55285173 -1.01964748] -351.9839578728768
[ 3.84985068  1.58716723 -6.84729268  6.73023267  6.16567695 -0.81397041] -361.04703994408163
[ 2.61069291  1.38297576 -4.49350678  4.23435301  3.68981257 -0.21980991] -350.2025440120418
[ 2.08082147  1.22712806 -3.73525245  5.6166455   3.53791201 -0.30176268] -353.9852305384733
[ 2.1428769  -0.12672547 -5.29673585  4.9446836   5.05181931 -0.444139  ] -358.2703874118435
[ 2.93153447  1.86104872 -4.65569778  5.16790557  3.91067995 -0.34370546] -347.90140414134044
[ 3.54004675  1.38109347 -6.31031694  4.42077103  5.16846344 -0.46658487] -358.8810406045044
[ 2.44562779  1.26561941 -4.37901857  5.31767688  3.94554987 -0.34296822] -347.5553951687437
[ 1.97974946  0.5848212  -4.4218447   6.65687256  5.08138473 -1.61870148] -358.02005672813476
[ 3.00162188  1.52167162 -5.08987229  4.56283854  4.04919406  0.00934218] -347.66961989744897
[ 2.75862868  3.91696974 -4.13903962  3.80711278  4.06577762  0.29596594] -351.69245726949583
[ 2.73720415  2.75192051 -4.47152547  4.39949705  4.18754615 -0.03293741] -347.3661334301508
[ 2.86303676  2.24708173 -5.10718873  5.80445765  5.09472797 -0.44158079] -346.84824340337184
[ 2.98920868  2.67913471 -5.41402971  6.58950998  5.79718567 -0.55246622] -356.51939908649456
[ 2.86795583  2.4990953  -4.79240069  4.90594807  5.01173054 -0.24812333] -343.9949012665557
[ 2.96688897  3.04364691 -4.74709188  4.70854142  5.46595106 -0.16201213] -345.047923463058
[ 2.98054915  1.96889231 -4.17561371  4.68502201  2.57578074  0.38689977] -354.98615694629234
[ 2.72147064  2.05216317 -5.03611903  5.19706994  5.26196676 -0.54344315] -344.9964046528127
[ 2.61410455  2.25146853 -4.96967715  4.89459047  5.27289184 -0.18953144] -347.2392026169191
[ 2.4148447   2.83411126 -4.49543758  5.61024148  5.54227698 -0.60887029] -346.15962101220924
[ 2.96057776  3.61299409 -5.24509765  4.95292467  6.17816354 -0.34519391] -347.9163236778357
[ 2.57436528  1.85246308 -4.59553834  5.22648883  4.50370329 -0.34352465] -345.2093647165527
[ 2.61472177  1.82687384 -5.19392837  6.14676843  6.04155298 -0.7587538 ] -344.52040964854785
[ 2.73802711  2.18579426 -4.7705271   6.06906766  5.21242767 -0.79190056] -348.90024733104144
[ 2.64508519  2.23504996 -4.91988963  5.18820977  5.25777579 -0.34012372] -344.7360494584686
[ 2.41644438  2.18617048 -4.57058248  4.95378451  5.44494081 -0.50603219] -347.8419014094547
[ 2.75138866  2.23185391 -4.97303717  5.59178937  5.18228118 -0.45769364] -344.6147336289303
[ 2.97681776  1.3983885  -5.34153349  5.14184998  4.8773932  -0.28835047] -344.99391424036236
[ 2.95144801  2.22867848 -5.49009779  5.49738969  6.0405302  -0.53530472] -343.98228722970833
[ 3.13998937  2.41678618 -5.93737752  5.63284012  6.80894365 -0.63119476] -345.6012101479009
[ 2.88100177  2.08781683 -5.20084335  5.62691516  5.54178787 -0.33267341] -342.58861246175326
[ 2.96076733  2.10564366 -5.28320552  5.84183778  5.68169842 -0.22728855] -342.15133245375307
[ 2.6203045   2.97734323 -4.87598623  5.91546438  6.19446317 -0.56741212] -344.7664673697842
[ 2.70943282  2.58260454 -4.99237305  5.72206078  5.86519568 -0.4976467 ] -343.5186698262751
[ 2.97348628  2.25653329 -5.32179123  6.04705494  6.01655387 -0.56814653] -343.2519258822906
[ 2.94121535  2.26795579 -5.38489504  5.79523052  6.37013938 -0.48739424] -341.86147376225114
[ 3.03612869  2.28600673 -5.59082398  5.8969511   6.96406847 -0.50224454] -341.9554993621316
[ 3.18671343  2.81996318 -5.2276594   5.12307216  5.62039638 -0.09588089] -342.43104951618426
[ 3.0397319   2.25469768 -5.77427332  6.43626722  6.85310743 -0.55576388] -343.4818716404832
[ 2.9856677   2.53378757 -5.1713014   6.15778478  6.09516685 -0.27540221] -342.7053256601463
[ 3.31976118  2.16358918 -5.72866892  6.07835502  6.34715844 -0.23897873] -341.1267367177855
[ 3.62492536  1.9540815  -6.09681686  6.25650214  6.58813981 -0.10964474] -341.68177869724263
[ 3.08280518  2.46112654 -4.93156718  5.24484451  5.19059701 -0.0752665 ] -341.2587411366387
[ 3.18549044  2.52748869 -5.25397459  5.36665332  5.75183162  0.10140949] -340.40500238223285
[ 3.29149252  2.66296639 -5.22006628  5.02645251  5.6194705   0.4361875 ] -341.1878958151908
[ 3.23991661  2.24813478 -5.43202216  4.99221299  5.55877356 -0.06573093] -344.1259887656482
[ 3.04922992  2.46237437 -5.23648159  5.86639183  5.96106853 -0.22298439] -341.1682297827666
[ 2.99304303  1.8427629  -5.37860488  6.27469883  6.14710142 -0.28762008] -341.63361778514627
[ 3.22974771  2.46945549 -5.35485855  5.70022024  6.24093371 -0.17632293] -339.5368824440695
[ 3.3642379   2.65136141 -5.39068507  5.62941147  6.52055136 -0.15084012] -339.01892814315283
[ 3.39030721  2.43494524 -5.25509903  5.69155447  5.60263008  0.19596747] -339.7294047143871
[ 3.47090091  3.05753224 -5.22022058  5.01770471  5.6441776   0.15738916] -341.087882048519
[ 3.51050401  2.6379705  -5.76347608  5.97184576  6.75187553  0.02258746] -339.1154670517352
[ 3.69783729  2.69525471 -5.63422651  5.38544975  6.24500635  0.25216263] -339.60572865977116
[ 3.55333141  3.17126175 -5.11055836  4.94251814  5.82486575  0.43187075] -340.0002566350457
[ 3.42966851  2.31522852 -5.58245264  5.97810626  6.58807597  0.12699673] -337.6914758581538
[ 3.4090523   1.94407666 -5.76356866  6.45830704  7.06002515  0.11180052] -337.4504405717019
[ 3.7895996   2.6508014  -5.71856331  5.99304222  6.91648645  0.18644008] -336.98693251540567
[ 4.09165418  2.71245776 -5.95085767  6.30623667  7.49881386  0.22895537] -336.8709302345951
[ 3.60119956  1.85409368 -6.14207931  6.87175025  7.40143503 -0.21165964] -341.9913537124339
[ 3.56529845  2.84196973 -5.3684386   5.42482617  6.21900807  0.27098815] -338.21739366620346
[ 3.82255417  2.72608502 -6.0353185   6.03380448  7.82913003  0.04925054] -338.59035263186286
[ 3.55659638  2.47605231 -5.78988835  6.55602745  7.71479499 -0.07458199] -337.04146230149433
[ 3.75929379  2.4793638  -5.66944287  6.16435866  7.52889895  0.12260337] -335.07026185615933
[ 3.88368868  2.40006045 -5.62242627  6.26061511  7.91741066  0.17261132] -333.4456193503012
[ 4.07871015  2.38220591 -6.11948095  6.71719417  8.22584289  0.40384809] -335.2076551854909
[ 3.70577921  2.19285592 -5.50290167  6.54059772  7.04950185  0.32195662] -335.7021149084307
[ 4.00986185  1.86059994 -6.21460259  7.52149988  8.93645507  0.1172085 ] -338.6592817707493
[ 3.6764393   2.59662728 -5.5799796   5.9489946   6.89836982  0.23254324] -336.1309410182408
[ 4.25523699  2.97600988 -5.75827617  6.3182482   8.04155287  0.3166437 ] -333.75633315123923
[ 4.34057312  2.61068675 -5.72141909  6.14126804  7.49570233  0.63343477] -333.3505274511906
[ 4.7325615   2.67800397 -5.68718446  5.93388834  7.386156    0.98744315] -333.42435001119594
[ 3.8884883   2.34035764 -5.48397025  6.33606927  7.71064628  0.46472388] -331.5138726007185
[ 3.78690536  2.15430757 -5.25052654  6.35098557  7.81656248  0.58260813] -329.6704337944683
[ 4.34052521  2.30874821 -5.74503063  6.82730834  8.61715454  0.57782431] -330.47780863198153
[ 4.5227673   2.75115034 -5.90281821  6.33127542  8.98857341  0.57370015] -333.231433781885
[ 4.29785541  2.68478182 -5.21401802  6.02603939  8.06647588  0.54842603] -329.7801223267201
[ 4.1355347   1.99390183 -5.39380341  6.32758243  8.25907356  0.71289121] -329.35472602060184
[ 4.07568356  1.50284781 -5.21156703  6.33224954  8.36783391  0.91101497] -329.0849550441702
[ 4.57108131  2.27078039 -5.39270024  6.40909367  8.53335686  1.10305813] -326.9599045312718
[ 4.91477762  2.20614036 -5.27783722  6.48333295  8.84132996  1.56828153] -324.72451765089517
[ 4.30559836  1.92530529 -5.14584679  6.64246236  9.40360773  0.95385027] -326.33267160568664
[ 4.05101454  1.50956002 -4.71212387  6.55618396  8.04908142  1.1403016 ] -322.7367271260288
[ 3.81513816  0.88876486 -4.1167767   6.66863823  7.57933543  1.42360232] -319.7868187883445
[ 4.05812762  1.47863436 -4.32716013  6.00726101  8.07456059  1.41810345] -326.6217690578988
[ 4.02088815  0.70055159 -4.56255345  6.8022705   8.62793416  1.73739419] -321.2172689045671
[ 4.60983246  0.74644052 -4.29672057  6.62775262  9.14830477  2.08814078] -320.7723273255851
[ 4.4991039   1.14576451 -4.03073126  6.74498968  8.8571903   2.15210921] -315.2022383832861
[ 4.71081407  0.96722287 -3.44031338  6.95135975  9.10186849  2.77265633] -309.4192391671729
[ 4.73422199  0.99950746 -4.61952257  7.38467779  9.4928996   2.09653836] -315.43484697285066
[ 4.62962579  0.24423727 -3.62539451  6.99688158  8.1936164   2.94168757] -311.660402532701
[ 3.92539593 -0.6905655  -2.94258984  7.32719388  8.53998966  2.78505832] -311.3383249662861
[ 4.78745465  0.35131756 -3.11788573  7.18323079  8.72407063  2.96516703] -307.0563551376596
[ 5.1707379   0.17670055 -2.39555188  7.37371093  8.77213886  3.57905346] -303.0963513657957
[ 4.38547882  0.11551532 -2.74999571  7.60640143  8.07831137  3.11139134] -310.3783044593576
[ 5.37028667 -0.28455887 -2.47434593  7.87810356  9.81360603  4.33852614] -300.9988842407727
[ 6.14786093 -0.87122074 -1.65313054  8.48283622 10.93074134  5.79598805] -298.1766056205857
[ 4.92241582 -1.01887755 -0.98280271  7.52811681  8.37932245  4.89873999] -300.55653980809916
[ 5.12460869 -0.68464562 -1.09606685  8.09299143  9.74050766  4.70594159] -296.36668986838
[ 5.37210014 -1.14908706  0.16859698  8.64104635 10.51395328  5.58806861] -293.34258006369043
[ 6.3110733   0.09731663 -0.74180924  8.20062995 10.05212227  5.79690761] -300.0415931702869
[ 6.49285523 -0.71483042 -0.26500788  8.11949857 11.17173752  6.36574668] -292.2808741633758
[ 7.54654344 -1.13000328  0.97748604  8.37604714 12.7184506   7.99292434] -293.9105388248996
[ 6.7615337  -2.1272224   1.48374495  9.16391986 10.83813675  7.90217846] -302.8277039981773
[ 6.83187515 -2.10467439  1.73208239  9.33830499 11.85653234  8.53682301] -297.3609119091806
[ 5.26452649  0.20676455 -2.06443529  7.60622443 10.12999965  4.42524618] -298.5854097772881
[ 7.21768126 -0.49303293  0.04156819  9.26806336 13.17237302  7.27085339] -294.882238710863
[ 6.13122643 -1.80601029  0.06170053  8.95136136 12.53965678  6.86400103] -290.85226622519366
[ 6.04130299 -2.75767375  0.46345542  9.32672706 13.78342403  7.39754774] -296.4404849364771
[ 7.46667322 -2.58638316  2.09303851  9.99414585 13.26499844  9.04858074] -302.1095417091706
[ 5.81506317 -0.49152238 -1.02506684  8.20320479 10.91374935  5.58107982] -292.9914121627715
[ 6.4724062  -1.38183175  1.89108834  9.02432358 12.45859276  7.60620279] -287.549823740165
[ 6.63467884 -1.63713726  3.66319778  9.29506726 13.22251848  8.51131017] -289.0978066856026
[ 5.668569    0.09256945 -1.44112262  8.06419435 11.73348857  4.5551611 ] -293.31150791616767
[ 4.76639213 -1.32387122 -0.24483868  7.7331463   9.93801973  4.91589995] -300.44034352281886
[ 6.60485898 -0.7007425  -0.03003353  8.8843341  12.3637847   6.68211503] -289.7999472162819
[ 7.02289286 -0.5183689  -0.43807765  8.44125923 13.21304995  6.96336687] -292.856076345723
[ 7.17786529 -1.96367153  1.50599028  9.14379953 12.48670179  8.79900964] -294.1704746962174
[ 6.04589307 -0.4214908  -0.7043444   8.33409564 11.92179187  5.61612323] -290.23713685981124
[ 7.10831442 -1.35623584  1.19684197  9.04841937 13.64245518  7.78477206] -287.1784881604488
[ 7.75494004 -1.78859258  2.30779638  9.47102667 15.00680809  8.88661818] -287.51115186249217
[ 5.92895858 -1.6086783   1.15482599  9.01275164 11.48628966  6.67628673] -290.6384906212174
[ 6.27103066 -1.71016608  1.45503418  9.63226333 13.63245279  7.37742028] -286.80756184757473
[ 6.16011838 -2.20783391  2.31505521 10.38864571 14.86281043  7.88325709] -289.67813094925765
[ 6.67926088 -0.58703813  1.59277032  9.02736786 12.62879887  7.05030568] -286.7065521048154
[ 6.9532781   0.02244795  2.35830522  9.06537112 12.67336992  7.14345801] -289.79421337307707
[ 7.13162949 -0.4438234   0.6456263   8.97084965 14.0630024   7.36269296] -285.3735412262176
[ 7.73296494  0.13860405  0.39102646  8.94989866 15.35135877  7.70589608] -287.27723450646005
[ 7.37660713 -1.63845511  2.95478692  9.86175699 14.34123703  9.00504637] -290.0092597126901
[ 7.04392862 -1.33421403  2.04000409  9.47984165 13.73637574  8.15781559] -286.8564443806665
[ 6.96399778 -1.57036057  2.9704886   9.51002105 14.35677455  8.43095476] -285.27041977641943
[ 7.14356718 -2.00516961  4.47074967  9.82286453 15.35326947  9.30537462] -288.7047664827246
[ 7.26031441 -0.95211427  1.40916682  9.53193073 14.89469375  7.78178431] -283.6834713745122
[ 7.65426852 -0.73725553  1.16820607  9.7857343  16.11274424  7.86957507] -283.58674686806523
[ 6.80639089 -0.7713834   2.09386788  9.75360658 14.53426102  7.63148272] -285.06690808017686
[ 6.79159745 -0.60579501  1.26866036  9.41343927 14.70630222  7.08299491] -282.06188331797944
[ 6.66543187 -0.2415855   0.88298849  9.38023809 15.19126546  6.54558457] -281.5067799755014
[ 7.69596248  0.2596839   1.66294837  9.17700918 15.32982939  7.58611164] -281.3830925810572
[ 8.40842838  1.24460889  1.76690547  8.94938211 16.17851769  7.69045732] -282.44904118725816
[ 7.6266328  -0.58120337  1.54860491  9.83178509 17.23382681  8.09182823] -281.49385795211555
[ 7.33926529 -0.77021142  2.7967418  10.17528178 16.85656476  8.02248604] -280.4063360554178
[ 7.44308319 -0.93340543  3.87229955 10.77749784 18.25334594  8.35238258] -282.917790814411
[ 7.63198617  0.62304213  0.41396391  9.85786395 17.39605601  6.818068  ] -282.61443152755834
[ 8.06479148  0.28887347  0.73061664  9.64903088 18.1725012   7.34640179] -283.3439599215158
[ 7.35375484  0.5967886   1.51041531  9.57133535 17.28060364  6.93391835] -278.77217307109305
[ 7.20349801  1.26381066  1.68151993  9.46413588 17.86453333  6.46608999] -279.83032618051226
[ 6.70621967 -0.32670203  2.20793763  9.68214026 14.92354749  7.31959715] -282.73930922316424
[ 7.04586262 -0.17280815  1.83860738  9.67386292 15.73578591  7.32629831] -280.3011708413134
[ 6.94365046 -0.92615412  2.99947151  9.41197352 15.14656931  8.01734105] -283.08506527175786
[ 7.45990224  0.23574307  1.06034081  9.74639134 16.83368434  7.11788626] -280.2287813796138
[ 8.17502822  0.09758304  2.58956437 10.01165047 17.89883282  8.4805917 ] -279.69357799304885
[ 7.39662577  0.66346305  2.27093444  9.62005859 16.07794014  7.06393587] -280.20067974392447
[ 7.22751719 -0.04283117  2.359253   10.42251763 18.23130781  7.39559387] -279.35944280816807
[ 7.54696501  1.22952423  1.07962996  9.50665699 17.16282013  6.75025542] -279.38240645800914
[ 8.0074018   1.09956509  1.78477192  9.95234055 18.75927704  7.25442885] -278.20391540082693
[ 8.48817139  1.73575171  1.75785419 10.09157936 20.27102261  7.21849412] -279.447168915039
[ 7.77586203  0.97895454  2.80451552  9.94846185 18.30324286  7.50835509] -277.27066264097704
[ 7.93384193  1.35056028  3.67660288 10.04949711 19.03802212  7.70358951] -277.6319803223341
[ 7.9655506   0.6563984   1.77178226 10.18426236 19.80075463  7.71044522] -278.4601852172342
[ 7.11732227  1.40855019  1.18055828  9.85020778 18.61383588  6.0370739 ] -279.7382272023005
[ 7.91060173  0.42532483  2.23731285  9.9712898  18.07758359  7.86971225] -278.1809507404673
[7.86659773e+00 8.54252670e-03 3.07638699e+00 1.05100789e+01
 1.96547697e+01 8.14056246e+00] -277.43429961321
[ 8.39907239  1.2980225   2.03580862  9.62340529 19.06076935  7.74354687] -279.0411952336976
[ 8.10618359  0.96280908  2.11666971  9.82318337 18.85340396  7.65655862] -277.73239253935685
[ 8.52364432  0.78040956  3.08673111 10.55853691 20.5357403   8.44610248] -278.61682606007594
[ 8.23117195  0.73450432  2.69265216 10.31173652 19.72195614  8.06805645] -277.5415980220902
[ 8.00038902  0.74683507  3.13232079  9.98810129 17.98932314  7.78877935] -278.4637592584299
[ 7.9742602   0.67900756  2.11191689 10.13522209 19.34789676  7.73002876] -277.5534286118265
[ 7.94749061  0.16348253  3.22837946 10.28098362 19.2270073   8.40332903] -277.5502852579012
[ 8.05658697  0.75044203  3.10619406 10.36526564 20.29184199  7.96591788] -276.78461517667915
[ 8.12957959  0.91300062  3.54063466 10.56225356 21.39897119  8.0140207 ] -277.29771293790986
[ 7.84447291  0.14216875  3.55667865 10.69406615 19.99550096  8.28219127] -278.40694125870374
[ 8.04075592  0.757649    2.47667195 10.04090407 19.13892821  7.81296678] -277.09697145852056
[ 7.99856153  0.45218408  3.68301649 10.35058809 19.43135198  8.23636715] -277.416109621116
[ 8.04235477  1.06394297  2.7180996  10.22802806 19.62035634  7.50741291] -277.0328610038133
[ 7.69573437  0.60273406  3.26230937 10.16937234 19.0915409   7.65580431] -277.0401536983145
[ 8.00335414  1.5267597   2.94054867  9.85746116 18.97098437  7.42171225] -276.7257275839381
[ 8.07173234  2.28586829  2.87262952  9.53115232 18.62909169  7.06228714] -277.356853525421
[ 7.87298786  1.44131002  2.0864299   9.85257628 19.04094624  7.05435593] -277.21832309848514
[ 8.12806264  1.06865805  2.72556899 10.22274066 20.41495649  7.63103493] -276.82999964576555
[ 8.11596174  0.48208525  3.65670098 10.44201436 20.13525653  8.27726042] -276.9933008574013
[ 7.97326229  1.07389169  3.65980195 10.38739    20.36938399  7.67341412] -277.0976759948768
[ 8.02388251  0.83670967  2.77245445 10.12752555 19.44654216  7.77807862] -276.7075931025729
[ 8.42766655  1.30679849  2.71087954 10.24497281 20.53510506  7.8713347 ] -277.0940423466034
[ 7.87871741  0.77875017  3.12445192 10.18827245 19.45243194  7.70968691] -276.6863317226109
[ 8.02650037  0.75052532  3.39054009 10.17306522 19.95031482  8.08715076] -277.23729968108404
[ 8.03839117  0.98558856  2.88620972 10.21428735 19.70284596  7.65234737] -276.66728924473995
[ 7.92703654  1.50021747  2.19510829  9.88316991 19.29127778  7.1089989 ] -277.13624550669874
[ 8.06873044  0.73661831  3.29130281 10.30230325 19.92426184  7.98519504] -276.6637452700775
[ 7.89515824  0.80296476  3.31481821 10.12896447 18.84801293  7.87327776] -277.25226685254245
[ 8.06983654  1.00223473  2.8728813  10.19929661 20.0232206   7.69159564] -276.6008700419597
[ 7.97105044  1.20511169  2.85642223  9.93111649 18.88158696  7.44695406] -276.6254534397338
[ 8.01351537  0.32157801  2.99402546 10.46347274 20.17264545  7.99957363] -276.913129513137
[ 8.00589444  1.22546428  2.95391787 10.00896406 19.27139964  7.56617759] -276.57985209342513
[ 7.98699097  1.14121291  3.2226075  10.15388785 19.63870682  7.57257358] -276.58486732595424
[ 8.16824725  1.31999332  2.90332856 10.08167941 19.69490867  7.59526086] -276.6174623351805
[ 8.05185886  1.22462318  3.14727703 10.01146188 19.44184889  7.63357155] -276.45836384311417
[ 8.0585927   1.3441405   3.27781069  9.91004914 19.31135035  7.62418364] -276.4958377108554
[ 8.01589573  1.63626173  2.69417536  9.82649885 19.05962869  7.18351605] -276.73358926899994
[ 8.05552176  0.96152916  3.14202094 10.18335215 19.70810355  7.78477529] -276.53306904653107
[ 8.14173284  1.08657417  3.22425551 10.28176417 20.37780909  7.83436412] -276.5830896826066
[ 7.93569789  0.89388616  3.28432483 10.19789616 19.79212086  7.7657584 ] -276.7303063032315
[ 8.11010991  1.21346653  2.99857763 10.1107336  19.71921172  7.63788524] -276.51739052295443
[ 8.04753305  1.28205535  3.35667086 10.05075795 19.36247264  7.65152016] -276.68484949176485
[ 8.06426067  1.07218988  2.99382869 10.16216195 19.85803361  7.68157677] -276.51556652834404
[ 8.15613519  1.1200695   2.93068506 10.09892475 19.82009534  7.8068766 ] -276.5919805803253
[ 8.02927703  1.13592705  3.14962689 10.14014707 19.68405395  7.63114934] -276.51813902495996
[ 7.96390805  1.19115919  2.90416084  9.92384274 18.84974136  7.47734781] -276.61312789105375
[ 8.09727664  1.11272043  3.14423184 10.19228381 19.99579216  7.74511004] -276.5164350370848
[ 8.13020718  1.0146878   3.23793647 10.25774943 20.19761499  7.80517848] -276.48195583577933
[ 8.105475    1.29634246  3.08180524 10.10816043 19.92408155  7.59338185] -276.46853868800275
[ 8.15711906  1.17541637  3.05159208 10.14070329 20.02814035  7.73441864] -276.48813596974855
[ 8.09195589  1.08519352  3.22031283 10.18010666 20.0959588   7.75986053] -276.5430584417031
[ 8.10557141  1.18139827  3.05401143 10.12807686 19.81339849  7.66837907] -276.4778118326458
[ 8.10755408  1.20883223  3.04458514 10.07715414 19.75858047  7.62705874] -276.4266192078784
[ 8.1126928   1.25688814  2.99476179 10.0195893  19.63997462  7.5680331 ] -276.4036348540032
[ 8.1567141   1.31092886  3.19529932 10.05975178 19.82365268  7.65274413] -276.3913027465031
[ 8.20294081  1.43029835  3.29603464 10.0085467  19.80646222  7.63832781] -276.37023892314755
[ 8.07912962  1.29266303  3.21901679 10.03715824 19.57965323  7.56787198] -276.40435137419183
[ 8.08901566  1.54605001  3.02636583  9.84658171 19.20419135  7.41800996] -276.48784610236197
[ 8.1199093   1.14752835  3.18504381 10.1549575  19.94925908  7.70838635] -276.4297143921798
[ 8.11843073  1.36804956  3.25396834  9.98521448 19.63369471  7.56814515] -276.3701822783763
[ 8.12486039  1.46137521  3.3539468   9.91378329 19.54384282  7.51802819] -276.37852856764835
[ 8.12284571  1.27700774  3.28356222  9.96414894 19.42621603  7.63473013] -276.34138372885064
[ 8.13153106  1.26734038  3.38444072  9.89214319 19.17728327  7.65540427] -276.3348834381475
[ 8.20301925  1.36296609  3.29714499 10.0210746  19.82026015  7.601818  ] -276.28121613029975
[ 8.27859944  1.43213754  3.37207897 10.02588096 20.00946579  7.58594122] -276.22838125536055
[ 8.18786553  1.53493065  3.32172327  9.83455346 19.33291887  7.48618815] -276.3049434165297
[ 8.2648905   1.47055185  3.32198578  9.88481779 19.62027992  7.59947459] -276.2955911186256
[ 8.28205989  1.57754797  3.65531545  9.85746289 19.55339364  7.60979397] -276.3264989949029
[ 8.2181849   1.45322097  3.47380287  9.81814423 19.30254984  7.52998798] -276.22761948070263
[ 8.22580694  1.46468228  3.56268699  9.72294299 19.05059365  7.47581806] -276.21693366139584
[ 8.33848706  1.54768066  3.61877539  9.75405261 19.28095034  7.56939494] -276.2262354373565
[ 8.39437206  1.7418366   3.56641457  9.80109371 19.77191747  7.45346604] -276.2728878284703
[ 8.28128062  1.48639188  3.2659062   9.81698428 19.46864837  7.44696704] -276.19658471421644
[ 8.28089099  1.44081384  3.07120158  9.79674497 19.42627574  7.36555357] -276.2544568577469
[ 8.40661335  1.51282962  3.5808927   9.83403732 19.73436632  7.55749914] -276.1646424726399
[ 8.51598726  1.50177911  3.71047741  9.83377924 19.93509004  7.59315464] -276.1934512707685
[ 8.37682933  1.59130102  3.66693249  9.76684617 19.48503406  7.4302209 ] -276.1029885502952
[ 8.43279874  1.6516756   3.83940584  9.70786036 19.41741112  7.34559405] -276.07168702882217
[ 8.26015666  1.2899626   3.51350079  9.81949246 19.21522773  7.54027211] -276.0746867757822
[ 8.36978168  1.55227001  3.754977    9.52590905 18.71293339  7.39257389] -276.2681571524352
[ 8.301395    1.46217066  3.46780348  9.90088798 19.68533269  7.53759939] -276.1442276296332
[ 8.29753005  1.40822355  3.45795661  9.84668252 19.57624296  7.39852166] -276.0368636967902
[ 8.27705154  1.338495    3.37754722  9.89299747 19.72388926  7.31308501] -276.01079615818605
[ 8.4272917   1.44915951  3.45233176  9.93447696 20.03103151  7.43785419] -276.0259288199152
[ 8.42048838  1.41503911  3.81125439  9.87959991 19.80043784  7.4636676 ] -275.94518938905054
[ 8.49009226  1.37936272  4.08392849  9.91090772 19.96633257  7.47201788] -275.9159833959768
[ 8.32298195  1.34411241  3.66394649  9.88817034 19.61204198  7.32464174] -275.83680167076034
[ 8.28116625  1.2597538   3.70547339  9.91523685 19.55087981  7.20821303] -275.73342552083585
[ 8.42145738  1.32729908  3.85625902  9.82610263 19.61625798  7.23474603] -275.7392921310079
[ 8.51646263  1.51195264  3.92481445  9.90970153 20.22003969  7.13023129] -275.84567951589645
[ 8.37170851  1.10366532  3.62737894 10.08861403 20.28539915  7.25312176] -275.7422721840472
[ 8.35868782  1.19101668  4.07280208  9.91337645 19.75656798  7.09928415] -275.683326380328
[ 8.32438589  1.06194526  4.38303724  9.90282619 19.61933621  6.92999912] -275.7596141707241
[ 8.53614007  1.25252175  4.37933823  9.96164893 20.07460312  7.15278636] -275.6905176436874
[ 8.33844863  1.1693737   3.77142688  9.96065242 19.86825001  6.88744299] -275.5443107435155
[ 8.26262682  1.06437919  3.61517607  9.98552477 19.81920873  6.59515555] -275.5196592296852
[ 8.22746632  0.88759263  3.82732813  9.98713302 19.48093256  7.05087101] -275.50299027859927
[ 8.08296817  0.57541263  3.77858498 10.02584876 19.111379    7.01119087] -275.55568179261945
[ 8.32413972  1.22385573  4.19141337  9.77439351 19.14741758  6.86056362] -275.6324814122516
[ 8.24195162  0.96574084  4.07425141 10.01966855 19.66027862  6.75421187] -275.55669442915513
[ 8.36917121  0.93528181  4.34796304  9.96534489 19.76212306  6.62941116] -275.50658809285966
[ 8.0585411   0.83676721  3.66363981  9.9201648  19.13423972  6.51037942] -275.4979782637152
[ 7.81974161  0.62888994  3.30579059  9.89942274 18.66405801  6.18917595] -275.7171185617991
[ 8.13594444  0.78018912  3.83378853  9.97070007 19.24483211  6.36758006] -275.44212878389294
[ 8.02457275  0.57477534  3.71428175  9.99936187 18.98896418  6.00172802] -275.6374765797247
[ 8.10776079  0.5994612   3.59596896 10.17511852 19.88645402  6.44197274] -275.5888328550904
[ 8.16185552  0.75555983  3.74483006 10.07493727 19.70169491  6.54662046] -275.4677939291843
[ 8.16325018  0.78751576  3.60332381  9.94826639 19.38739841  6.47912735] -275.40102660560984
[ 8.12389946  0.69840322  3.36786001  9.91256532 19.25095831  6.34158509] -275.5004698621336
[ 8.10944944  0.5965896   4.05844839  9.96999071 19.08453153  6.5995076 ] -275.4643137298572
[ 7.91633113  0.61278958  3.22915653  9.99171919 18.91575336  6.55528414] -275.6407651420543
[ 8.25596119  0.85465875  4.06826141  9.97193847 19.55053063  6.6108794 ] -275.4171790569107
[ 8.0675343   0.64950079  3.83010254  9.96486622 19.2201432   5.98716042] -275.5685337876973
[ 8.18748332  0.82806967  3.82802173  9.98156632 19.41573522  6.78494336] -275.42492637338256
[ 8.27944026  0.69742703  4.04858484 10.05230161 19.66066789  6.61917333] -275.3363542612008
[ 8.38988985  0.62775695  4.24105736 10.11837001 19.92388198  6.67357028] -275.32442419457294
[ 8.25213728  0.73603344  4.13280368  9.91200672 19.16727505  6.62524889] -275.3391605594737
[ 8.35210598  0.94148497  3.84397045  9.99762528 19.81201961  6.58094218] -275.35874278953634
[ 8.39766483  0.81165072  4.07202429 10.005891   19.84078152  6.88399043] -275.36578431766685
[ 8.41618645  0.75829719  4.15912527 10.00313297 19.81156051  6.49964281] -275.30049465495426
[ 8.53053802  0.72341095  4.32467703 10.0139163  20.00947315  6.35699254] -275.36594540482827
[ 8.401117    0.6995876   3.94917354 10.02315899 19.76377506  6.63662791] -275.241541584698
[ 8.47369491  0.62205202  3.8896296  10.04876925 19.87039728  6.64950216] -275.2462116927092
[ 8.57311695  0.7374212   4.52939439 10.07179526 20.05236616  6.82088015] -275.3605780369478
[ 8.39718635  0.68854306  4.21315061 10.03613875 19.66951127  6.39498032] -275.3233577272329
[ 8.16309069  0.74647987  3.65036591  9.95834898 19.33030833  6.31612398] -275.373144862521
[ 8.47061038  0.73968587  4.30963727 10.04343369 19.87185171  6.69469111] -275.29225835110066
[ 8.42360312  0.47514974  4.49101212 10.04778843 19.59059891  6.59397826] -275.32039488454615
[ 8.5807271   0.59364002  4.3215817  10.17866756 20.37645143  6.539248  ] -275.35031094590175
[ 8.33428474  0.70043509  4.17999819  9.97867193 19.46956915  6.60374867] -275.2845585527371
[ 8.4244395   0.72614256  4.19297497  9.92573824 19.46840689  6.46765275] -275.23286702344467
[ 8.44171433  0.77533537  4.16893378  9.82942236 19.24066935  6.36469399] -275.24192132501463
[ 8.42622739  0.67788962  4.21415651  9.97116934 19.65574281  6.77046685] -275.29061235738817
[ 8.40068537  0.95886291  3.8440098   9.93397996 19.75636979  6.63029844] -275.35868769811407
[ 8.41787368  0.59607803  4.32926154 10.01933631 19.63204163  6.60305831] -275.2634515381234
[ 8.40866445  0.6216424   4.23260874  9.98403653 19.47556857  6.75910572] -275.23708490461775
[ 8.33359187  0.6009059   4.05642056  9.92393676 19.283183    6.58552896] -275.2132058308434
[ 8.26508261  0.53151592  3.9298122   9.86418829 18.98884865  6.53094788] -275.22805388988536
[ 8.34709636  0.6370409   4.09932267  9.98045692 19.37510529  6.44810725] -275.24681901436514
[ 8.44330955  0.59336404  4.10658915  9.97354932 19.52979101  6.56294496] -275.1841284889411
[ 8.49782196  0.53982852  4.06988463  9.97098801 19.55990194  6.54254311] -275.190739340458
[ 8.36819923  0.69681644  3.88310167  9.91762261 19.33323498  6.55026421] -275.20373731793507
[ 8.44601084  0.67577874  4.04096687  9.93555723 19.57621454  6.73926758] -275.2577757860296
[ 8.37182498  0.64672536  4.08473372  9.969232   19.42538261  6.52089733] -275.20989085575843
[ 8.38222619  0.5956113   4.23630273  9.87487949 19.07474729  6.51217007] -275.2210080728977
[ 8.36586599  0.66487947  3.95409886  9.87761628 19.22934669  6.30738038] -275.21783017811697
[ 8.33056643  0.53995827  3.91410726  9.9198739  19.15682163  6.54540922] -275.1826102536203
[ 8.2836299   0.44686613  3.7746734   9.91694173 19.001029    6.58428746] -275.21586819274876
[ 8.35555983  0.65193852  3.76338101  9.98573079 19.57783935  6.51197162] -275.2516013951355
[ 8.3755596   0.60969311  4.1180723   9.90259232 19.2005203   6.51212046] -275.1914312272251
[ 8.37515123  0.5642749   4.10024269  9.99131936 19.41363116  6.785008  ] -275.2147352731966
[ 8.37282992  0.58942604  4.06370673  9.96289359 19.36756004  6.6656011 ] -275.1923300681375
[ 8.4205047   0.62442186  4.00034972  9.95798449 19.38792052  6.53355013] -275.1911412442236
[ 8.39849816  0.57116789  3.94390856  9.90894008 19.23323355  6.60239936] -275.1836355206964
[ 8.41222356  0.47919397  4.16580957  9.95765529 19.29204737  6.59041086] -275.17774521623846
[ 8.43423573  0.37038273  4.30716352  9.97767163 19.27145357  6.61048419] -275.20449528704984
[ 8.42072408  0.54984033  4.01923878  9.91063821 19.23255142  6.45001057] -275.1793832114487
[ 8.43304923  0.50962235  3.93192871  9.97362145 19.4102682   6.58278791] -275.18497179526616
[ 8.39228564  0.4566271   4.02684429  9.9234416  19.23031721  6.57777083] -275.1837862039413
[ 8.36615325  0.55376152  4.12690382  9.89107802 19.14798587  6.52686069] -275.19164444058947
[ 8.41632524  0.52065714  3.98067249  9.95298559 19.34469762  6.56880611] -275.1743830464314
[ 8.34689816  0.44578419  3.91027116  9.88429557 18.96676526  6.54865735] -275.1924323261069
[ 8.4192067   0.55646908  4.05750965  9.95123588 19.38903457  6.55937306] -275.173467387549
[ 8.40689575  0.6158018   4.00023781  9.94366806 19.31914485  6.5276989 ] -275.18809308518775
[ 8.39593817  0.49642077  4.02019267  9.92849821 19.25252412  6.56525284] -275.1742137275028
[ 8.3998299   0.4763453   4.10860158  9.96468895 19.32265869  6.4906882 ] -275.1737861849544
[ 8.49084945  0.48635059  4.20323433  9.96869348 19.45434964  6.52943799] -275.1787585130055
[ 8.42406692  0.45530528  4.15943465  9.99728092 19.45255258  6.65131245] -275.17988174865184
[ 8.42155979  0.52620657  4.05428775  9.93229889 19.28755171  6.50033604] -275.1718756906783
[ 8.330845    0.53208035  3.92579024  9.92709413 19.17515506  6.56218438] -275.1823687127756
[ 8.45084834  0.49778303  4.13387331  9.95829364 19.38455099  6.53762459] -275.1726633668926
[ 8.42234582  0.54543333  3.95256958  9.9383451  19.36829186  6.48361608] -275.18669342614834
[ 8.41475413  0.49575381  4.11249957  9.95282774 19.3111085   6.56371217] -275.1708400070204
[ 8.41772044  0.49566905  4.18164902  9.94296218 19.30444524  6.50352286] -275.17947770018014
[ 8.41667404  0.51441012  4.03091662  9.95047974 19.33463452  6.55248529] -275.1706177935762
[ 8.44501946  0.52590186  4.14570349  9.97477674 19.42398888  6.50282027] -275.18111201092756
[ 8.40820849  0.50379104  4.05157038  9.94006784 19.29539031  6.5496447 ] -275.17044298950464
[ 8.4439206   0.55512592  4.03828417  9.93037896 19.34476484  6.59703709] -275.17649322135634
[ 8.41085257  0.49604045  4.09102223  9.95611145 19.32818523  6.51727542] -275.170922498409
[ 8.42175908  0.45485926  4.10054697  9.94545722 19.25810585  6.51431968] -275.1706283779089
[ 8.38042103  0.49923739  4.01307453  9.93412066 19.22044105  6.52829984] -275.16982183995475
[ 8.34520738  0.49996457  3.95267515  9.92203416 19.13838608  6.52363747] -275.17567513640324
[ 8.39599665  0.46182412  4.07892235  9.96072266 19.2950701   6.57490966] -275.17025225501953
[ 8.4017519   0.48058479  4.03815457  9.93844717 19.24339821  6.5771817 ] -275.170540755986
[ 8.39351627  0.4758151   3.99189557  9.93693735 19.23790485  6.53523479] -275.17226743475067
[ 8.40944466  0.49076913  4.08234857  9.94885515 19.29280759  6.55659282] -275.16945543507245
[ 8.38240651  0.5286796   3.99778204  9.94544052 19.30247474  6.59871833] -275.17492399880257
[ 8.41192094  0.47331435  4.07485573  9.94545304 19.26919807  6.53541934] -275.1691113531653
[ 8.38590719  0.45543016  4.08205876  9.93874243 19.20413392  6.55486406] -275.17048733244127
[ 8.39554776  0.4808706   4.08945553  9.95087343 19.28228213  6.52272845] -275.17102160173386
[ 8.40020086  0.48065625  4.05097981  9.94155373 19.25311919  6.56356838] -275.16955377706245
[ 8.41615702  0.51443393  4.0351917   9.95151526 19.33787485  6.54794752] -275.1705172287222
[ 8.39346965  0.4701811   4.07034199  9.94193564 19.23756915  6.55313493] -275.1687516004138
[ 8.38894277  0.45486973  4.07193729  9.95081245 19.22734474  6.55433029] -275.16976801761933
[ 8.39880332  0.49451853  4.04225696  9.92685423 19.20508983  6.52220554] -275.17051405200283
[ 8.39669832  0.46999772  4.069756    9.95225555 19.27257504  6.56173363] -275.1696375889253
[ 8.41980471  0.44735871  4.1269986   9.9595012  19.29709688  6.57995996] -275.1708729134839
[ 8.39026695  0.48626772  4.04155555  9.94046579 19.23960501  6.54121487] -275.16854982793126
[ 8.41172435  0.50219235  4.0580086   9.93936052 19.29427994  6.5495577 ] -275.17017407941717
[ 8.39463817  0.46670039  4.06845512  9.94794947 19.24407854  6.55313715] -275.1685518829489
[ 8.40328209  0.48596526  4.05975626  9.93648205 19.23955082  6.53928887] -275.1693692135283
[ 8.40080662  0.4770764   4.08145793  9.94549332 19.25448387  6.52936094] -275.16994729131187
[ 8.4003523   0.47976128  4.05859934  9.94253863 19.25346036  6.55501652] -275.1693416479833
[ 8.38853204  0.46329423  4.04217276  9.9360864  19.20167973  6.53581107] -275.1687740366649
[ 8.38977793  0.4605411   4.05890391  9.9483276  19.24231281  6.55195576] -275.1684559438704
[ 8.38302584  0.44782903  4.05847774  9.95425038 19.2436938   6.55828921] -275.16922360956306
[ 8.38918292  0.46033835  4.06016235  9.94420069 19.22468741  6.53520785] -275.1685952255166
[ 8.37003494  0.46245995  4.03900816  9.94086882 19.19411281  6.55473453] -275.17109304881035
[ 8.40144944  0.47060075  4.06589384  9.94430699 19.25042676  6.54024814] -275.16933886420446
[ 8.39002244  0.47340441  4.05022973  9.9443967  19.24095891  6.54658532] -275.16833182662253
[ 8.39220805  0.46362075  4.06367951  9.94813854 19.24319567  6.55254645] -275.16840637834184
[ 8.38948042  0.46043972  4.05953313  9.94626414 19.23350011  6.5435818 ] -275.1685144208924
[ 8.39162379  0.4653611   4.06462295  9.94513162 19.23994098  6.55254534] -275.1685247145491
[ 8.38915498  0.46191767  4.05053834  9.942207   19.22199627  6.54388341] -275.1685229146979
[ 8.40084943  0.46692772  4.06687982  9.94689032 19.25575544  6.54368755] -275.1694126241809
[ 8.37990643  0.46150053  4.04895603  9.94459821 19.21821281  6.55334515] -275.16956477238364
[ 8.39561368  0.46557092  4.06239887  9.9463173  19.24636978  6.54610195] -275.16806742872535
[ 8.39046205  0.46313709  4.05047155  9.94675214 19.2361702   6.54233955] -275.1682660866327
[ 8.39336654  0.466987    4.0645339   9.9511918  19.25883956  6.55048686] -275.1683108225034
[ 8.39433647  0.47064737  4.05720603  9.94877721 19.2557822   6.55309016] -275.16813797999646
[ 8.39555848  0.47391474  4.05726929  9.94686362 19.2514593   6.54509434] -275.1693877175839
[ 8.39122306  0.46388451  4.05849525  9.94796161 19.24459943  6.5502404 ] -275.1683015367465
[ 8.39280003  0.47092302  4.0507656   9.94699372 19.25104435  6.54373496] -275.1680929174212
[ 8.39591151  0.46031223  4.064394    9.95160123 19.25664294  6.54874598] -275.16968600120254
[ 8.39149471  0.47013136  4.0537708   9.94619783 19.24487991  6.54712548] -275.1682239143798
[ 8.39194346  0.46777776  4.04650213  9.94314146 19.23410907  6.54372397] -275.16822078789323
[ 8.39432707  0.472178    4.04854307  9.94476494 19.24485241  6.54179829] -275.16803890075846
[ 8.39587907  0.47632474  4.04356698  9.94316661 19.2449789   6.53757723] -275.16803080212173
[ 8.39689376  0.4773213   4.05426526  9.94477924 19.25621787  6.5481117 ] -275.16930306836946
[ 8.39206997  0.46668314  4.05141997  9.94625891 19.24118212  6.54378259] -275.1681343464088
[ 8.39605286  0.46917762  4.0501824   9.94535391 19.24627556  6.54221148] -275.1695637300709
[ 8.39263424  0.46989293  4.0528737   9.94598685 19.24522883  6.54589698] -275.16817674426824
[ 8.39583436  0.47223628  4.05957492  9.94935874 19.26075299  6.54633732] -275.1693113416045
[ 8.39291619  0.46889239  4.04977033  9.94469578 19.24077005  6.54437731] -275.1680638980217
[ 8.39523756  0.4697876   4.0521689   9.94608299 19.24814698  6.54365776] -275.16795060642005
[ 8.39653922  0.46973494  4.0518165   9.94613107 19.24960605  6.54253814] -275.16954136980206
[ 8.3938357   0.46874657  4.04615752  9.94239456 19.23504853  6.53332044] -275.16973743773775
[ 8.39421128  0.47017217  4.0544439   9.94718155 19.25059878  6.54814773] -275.16806981136097
[ 8.39681596  0.47387381  4.05295155  9.9452204  19.2527875   6.54408306] -275.1691839460058
[ 8.39325647  0.46848081  4.05180287  9.94599928 19.24408346  6.54385771] -275.1680866213632
[ 8.39623805  0.46881986  4.05395169  9.94415412 19.24060497  6.5441716 ] -275.1696491025276
[ 8.39365954  0.47039723  4.05156212  9.94628382 19.24843451  6.54384412] -275.1680641840185
[ 8.39591597  0.47190088  4.05283417  9.9452434  19.2490162   6.54404433] -275.1679462794595
[ 8.39724572  0.47361091  4.05334982  9.94486545 19.25148257  6.54413764] -275.1691796668187
[ 8.39552939  0.47078575  4.04965655  9.94341508 19.24197336  6.5383865 ] -275.16962273301596
[ 8.39454081  0.47032556  4.05324707  9.94623993 19.24844243  6.54570742] -275.16805151979855
[ 8.39376936  0.47697187  4.03865098  9.94425355 19.24689324  6.54030078] -275.1681239939675
[ 8.3951526   0.46842116  4.0564619   9.94580136 19.24650065  6.54465166] -275.1680152375491
[ 8.39622119  0.47148688  4.05112099  9.94412621 19.24418389  6.54282778] -275.1696156061283
[ 8.39429995  0.47066964  4.05145184  9.94574441 19.24737185  6.54359004] -275.16803911316754
[ 8.3974258   0.47358414  4.05347329  9.94606379 19.25404895  6.54203217] -275.1691462157362
[ 8.39404359  0.47006533  4.05069607  9.94503778 19.24408978  6.54379103] -275.1680502958195
[ 8.39563544  0.47206422  4.04914622  9.94411892 19.24492569  6.54006325] -275.1679847910941
[ 8.39666328  0.47299075  4.0511806   9.94501478 19.24955698  6.54073706] -275.16919668581727
[ 8.39469851  0.47079668  4.0508172   9.94503203 19.24545658  6.54302753] -275.16801567385
[ 8.39653977  0.47242878  4.05021328  9.94407069 19.24563648  6.54075055] -275.1695821554588
[ 8.39485991  0.47110943  4.0511422   9.94532598 19.24693801  6.54288017] -275.16801469640495
[ 8.39462093  0.46503525  4.06062321  9.94736828 19.24868247  6.548531  ] -275.16808956787696
[ 8.39556453  0.47350237  4.04783104  9.94421703 19.24590479  6.54031568] -275.16797742503013
[ 8.39609016  0.4714652   4.05237761  9.94523119 19.2483542   6.54217674] -275.1692247111009
[ 8.39504642  0.47096381  4.0512073   9.94508182 19.24618098  6.54281484] -275.1679933005313
[ 8.39560068  0.47468827  4.04498137  9.94422202 19.24720357  6.53994035] -275.1679739944971
[ 8.3961403   0.47319295  4.04824747  9.94432941 19.24685473  6.5407319 ] -275.1692365244987
[ 8.39518     0.47163031  4.05041852  9.94507684 19.24691719  6.5423431 ] -275.167995788026
[ 8.3958202   0.47267207  4.04897115  9.94457855 19.24687555  6.54126897] -275.1679718854392
[ 8.3962117   0.47390799  4.04743698  9.94440582 19.24784328  6.54028194] -275.1692373921227
[ 8.39533774  0.47169986  4.05026472  9.94491282 19.24659656  6.54218161] -275.16798825928015
[ 8.39592038  0.47317194  4.04837956  9.94457482 19.24742771  6.54091516] -275.1679448578126
[ 8.3962117   0.47390799  4.04743698  9.94440582 19.24784328  6.54028194] -275.1692323484483
[ 8.39571767  0.47317683  4.04924251  9.94552068 19.24993257  6.54331749] -275.16793951206654
[ 8.39575878  0.47373313  4.04929066  9.94622157 19.25243601  6.54494461] -275.1679656067392
[ 8.39583962  0.47163016  4.05102818  9.94585713 19.25029607  6.54406568] -275.16793133726037
[ 8.39597716  0.47069406  4.05262675  9.94667718 19.25249171  6.54594068] -275.1679159883166
[ 8.39592897  0.46911285  4.0564263   9.94667052 19.25076     6.54644111] -275.16794771622676
[ 8.3957457   0.46994265  4.05492158  9.94701131 19.25238284  6.54683654] -275.1679503469693
[ 8.39649772  0.4728788   4.05264139  9.94581631 19.25252336  6.54550735] -275.1692025852159
[ 8.3955526   0.4705604   4.05228702  9.94601632 19.24924107  6.54412015] -275.16796363225217
[ 8.39584741  0.47193544  4.05093463  9.94609893 19.25121214  6.54462908] -275.1679465480321
[ 8.39594877  0.471933    4.05050316  9.945626   19.24995971  6.54342792] -275.16794469115814
[ 8.39594656  0.47129747  4.05273046  9.94596029 19.25075395  6.5449925 ] -275.1679350101087
[ 8.39595306  0.46990346  4.05452653  9.94667385 19.25162585  6.54619089] -275.16792516634075
[ 8.39586143  0.47031835  4.05377416  9.94684424 19.25243727  6.54638861] -275.1679336499378
[ 8.39560736  0.47024083  4.05239782  9.94638009 19.25031934  6.54479922] -275.1679387168533
[ 8.39591737  0.46952695  4.054585    9.94662162 19.25131714  6.54595086] -275.1679398110794
[ 8.39580554  0.46872737  4.05637708  9.94742642 19.25302205  6.547993  ] -275.16793624327266
[ 8.39579967  0.4708669   4.05289261  9.94669907 19.25223292  6.54615078] -275.1679293324099
[ 8.39617378  0.47036171  4.05524471  9.94704693 19.25386858  6.54775294] -275.16920877957733
[ 8.39574897  0.47027105  4.05310954  9.9465468  19.25120665  6.54553765] -275.16791857969304
[ 8.39595674  0.47238973  4.05017627  9.94570739 19.25056074  6.5437407 ] -275.16794594516284
[ 8.39584334  0.46964296  4.05482688  9.94699666 19.25240672  6.54692993] -275.1679460112996
[ 8.39586306  0.47048256  4.05286815  9.94661199 19.25184918  6.54573916] -275.1679403875103
[ 8.39596511  0.47029876  4.05357664  9.94667551 19.25205878  6.54606579] -275.16791071500626
[ 8.39588841  0.47078048  4.05275968  9.94668813 19.25236231  6.54604573] -275.1679244504205
[ 8.39591929  0.47050621  4.05320046  9.94676071 19.25246449  6.54616464] -275.1679381066137
[ 8.39596186  0.47099576  4.0526786   9.94631873 19.25162283  6.54546659] -275.1679187820447
[ 8.39589135  0.46971072  4.05450192  9.9470518  19.25275688  6.54696684] -275.1679216109867
[ 8.39600467  0.47051277  4.05357987  9.9467787  19.25273649  6.54647759] -275.1679365090725
[ 8.39597689  0.47049131  4.05337403  9.94663597 19.25221184  6.54615643] -275.16791994362603
[ 8.39588226  0.47047759  4.052926    9.94657041 19.25176496  6.54573642] -275.16794765703736
[ 8.39597407  0.47050398  4.0534164   9.94672663 19.25249361  6.5462923 ] -275.16792341510296
[ 8.39602707  0.47011772  4.0539651   9.94667382 19.2521829   6.54625048] -275.16792439828896
[ 8.3959924   0.47028341  4.05366375  9.94667739 19.25222775  6.54619929] -275.1679401499741
[ 8.39597113  0.47049641  4.05310169  9.94667635 19.25227524  6.54600323] -275.1679027705476
[ 8.39596349  0.47064726  4.05312762  9.94649712 19.2518408   6.54576619] -275.16790705532384
[ 8.395971    0.47039504  4.05347533  9.94665574 19.25213531  6.54611111] -275.1679140922761
[ 8.39592823  0.47000474  4.05403928  9.94686366 19.25240783  6.54651631] -275.16793727948107
[ 8.39596959  0.47040137  4.05349652  9.94670107 19.25227619  6.54617904] -275.1679129100544
[ 8.39592676  0.47053962  4.05316816  9.94668182 19.25221055  6.54605576] -275.1679220223288
[ 8.39599413  0.47092141  4.05260938  9.94643221 19.2518578   6.54554406] -275.167950558186
[ 8.39594471  0.47023391  4.0536818   9.9467558  19.25227032  6.54627325] -275.1679557232771
[ 8.39596731  0.47057184  4.05311466  9.94658673 19.25205802  6.54588471] -275.16793057699346
[ 8.39596812  0.47039758  4.05333917  9.94667593 19.25216701  6.54603451] -275.1679359760774
[ 8.39597036  0.47044889  4.05329911  9.94668871 19.25227572  6.54609114] -275.1679040917758
[ 8.39597107  0.47044572  4.05328851  9.94666604 19.25220528  6.54605717] -275.1679261090868
[ 8.39594895  0.47051801  4.05313493  9.94667908 19.25224289  6.54602949] -275.1679221157067
[ 8.39594968  0.47025057  4.05357049  9.94677    19.25234153  6.54625977] -275.16793987359443
[ 8.39598263  0.47070891  4.05285554  9.94655428 19.25206652  6.54577365] -275.16792668665227
[ 8.39596903  0.47066568  4.05292565  9.9466078  19.25220755  6.54591195] -275.16793774539383
[ 8.39596835  0.47046461  4.05323579  9.9466589  19.25217714  6.54600387] -275.16792014314603
[ 8.39597019  0.47045568  4.05319053  9.94672105 19.25235624  6.54610147] -275.16791234638833
[ 8.39595072  0.4702342   4.05356132  9.9468091  19.25244432  6.54632181] -275.16791641941177
[ 8.3959555   0.47042688  4.05321927  9.94674502 19.25238524  6.5461265 ] -275.16793632064685
[ 8.39596718  0.47044101  4.0532712   9.94668579 19.25225027  6.5460745 ] -275.16791704101234
[ 8.39598369  0.47032892  4.05341829  9.94673421 19.25235008  6.54616918] -275.16793183803634
[ 8.39595763  0.47047074  4.05320577  9.94669286 19.25226969  6.54606442] -275.16792725823024
[ 8.39597075  0.47047265  4.0532004   9.94668253 19.25227548  6.54604718] -275.1679118105018
[ 8.39597066  0.47047605  4.05314611  9.9466987  19.25231574  6.54605235] -275.1679285274874
[ 8.39596093  0.4703653   4.05333151  9.94674272 19.25235978  6.54616252] -275.16790423500703
[ 8.39596915  0.47046871  4.05318645  9.94668107 19.25226275  6.54603887] -275.16796806336174
[ 8.39596974  0.47048051  4.05316874  9.94666762 19.25222619  6.54600355] -275.1679064624038
[ 8.39596004  0.47050721  4.05311831  9.94667771 19.25225907  6.54601636] -275.16793384775303
[ 8.39596526  0.470464    4.05316914  9.94670081 19.25230775  6.5460562 ] -275.16792299111836
[ 8.39597612  0.47041109  4.05325422  9.94671186 19.25232766  6.54609198] -275.16792285987356
[ 8.39596732  0.47042061  4.05326245  9.94669526 19.25227496  6.54606921] -275.1679202856152
[ 8.3959734   0.47041819  4.05327053  9.9466913  19.25227202  6.54606969] -275.1679171836374
[ 8.39596164  0.47047346  4.05319089  9.9466734  19.25223357  6.54602648] -275.1679270939168
[ 8.3959725   0.47042669  4.05323839  9.94670224 19.25230414  6.54607561] -275.1679265977227
[ 8.39596603  0.47043086  4.0532166   9.94670953 19.25231751  6.54608288] -275.1679121483331
[ 8.39597044  0.47048846  4.05313522  9.94667198 19.25225072  6.54600339] -275.1679135035301
[ 8.39597094  0.47048453  4.05315105  9.94667944 19.25227536  6.54602521] -275.1679160592525
[ 8.39597227  0.4704573   4.05318611  9.94668382 19.25227363  6.54603646] -275.1679266166015
[ 8.39596922  0.47045851  4.05318207  9.9466858  19.2522751   6.54603622] -275.167933832409
[ 8.39597363  0.47045375  4.05317796  9.9466941  19.25230145  6.54604761] -275.16792525865105
[ 8.39597225  0.47047859  4.0531408   9.94668594 19.25228954  6.54603004] -275.167925448132
[ 8.39596921  0.4704869   4.05312166  9.94668862 19.25229631  6.54602766] -275.16796960266714
[ 8.3959715   0.4704647   4.05317     9.94668502 19.2522793   6.54603426] -275.1679166468787
[ 8.39596897  0.47046098  4.0531767   9.9466862  19.25227699  6.54603549] -275.1679623220427
[ 8.39597143  0.47047419  4.05314978  9.946686   19.2522864   6.5460314 ] -275.1679228012751
[ 8.39596687  0.47049263  4.05313015  9.94667534 19.25226006  6.54601252] -275.16792496278623
[ 8.39596856  0.47048291  4.05314211  9.94668003 19.25227041  6.54602129] -275.16793063874945
[ 8.39596858  0.47046363  4.05315915  9.94669294 19.25229638  6.54604305] -275.1679752390922
[ 8.39597079  0.47049243  4.05311846  9.94667416 19.25226298  6.54600331] -275.1679134793487
[ 8.39597104  0.47049047  4.05312637  9.94667789 19.2522753   6.54601422] -275.16792044298467
[ 8.39597132  0.47048056  4.05313585  9.94668068 19.25227727  6.54601875] -275.16791791373885
[ 8.39597128  0.4704853   4.05312574  9.94668117 19.25228082  6.54601732] -275.16792611954537
[ 8.39597238  0.47047508  4.05313983  9.94668522 19.25228835  6.54602542] -275.1679201301252
