[-0.49456381 -1.14827022 -0.18014908  0.78309534 -1.22258066  0.29061069] -281.84964495714064
[ 1.46573468  0.89013494 -1.09685067 -0.33207004  0.19326379  0.69830929] -250.3330264606834
[ 1.35879937 -0.27730354  2.04648296  2.03335978  0.3275155  -0.53441039] -277.28822897378063
[ 1.38216586 -0.56258735 -1.28796554 -1.30956365 -0.75732691  0.57200173] -250.35245591405544
[ 2.03325226  0.56807095 -1.21480267  0.90554752  1.79493886 -1.50939062] -262.4023778605892
[ 1.38881714  0.75999495 -0.67090624  1.55222557  1.03538985 -0.62803222] -268.7325943884849
[ 0.85620684  0.12151565 -0.59200117 -0.59787006 -0.05289912  1.01384075] -247.32353586837127
[ 3.32288919  1.64821208 -0.75853203 -0.0325523   2.06954131 -0.41983784] -262.56141456341294
[ 2.12422261  1.41908395 -3.92016907 -1.9714541   1.10012042  0.44337408] -256.09654789095725
[ 2.33934     0.60148179 -2.28586748 -2.66487978  0.41382293  0.89413135] -244.22617066493794
[ 2.81460143  0.52222521 -3.09334811 -4.77343246  0.10303948  1.65521313] -264.6469954775862
[ 0.07741823 -0.63564544 -2.7073535  -1.9575444  -1.17223465  1.1239267 ] -269.13658430893685
[ 2.51152145  1.0772477  -1.2457374  -0.51380033  1.25909732 -0.03389671] -251.2758263190896
[ 1.52647823  0.61422127 -2.26139444 -3.36876017 -1.07624605  2.70531078] -265.91218158190446
[ 1.90655875  0.57960853 -1.47645061 -0.1630294   1.07714263 -0.45571527] -250.8773129251352
[ 1.36295325 -0.51661686  1.25854477  0.11104968 -0.38908688  0.45284963] -252.77827130978997
[ 1.55327059 -0.03269166 -0.03613369 -0.40957627 -0.01678505  0.45048074] -246.0509731607172
[ 0.65623746 -0.5447604  -1.01268566 -1.31186274 -0.9733579   1.09157957] -255.54235113389248
[ 2.04770045  0.67174568 -1.18747446 -0.71331593  0.70098351  0.24747236] -246.01025201269215
[ 1.30824739 -0.01640885 -0.68564706 -1.84606251 -0.91678958  1.74779401] -251.2237107758034
[ 1.75698091  0.43060419 -1.27874973 -0.58378768  0.57865958  0.09516205] -246.1098885523019
[ 1.95757863  1.45685088 -0.87106019 -0.45760293  1.36300879  0.56113046] -253.13929758075602
[ 1.52601905 -0.0577278  -1.18373921 -1.09657347 -0.22724299  0.56928391] -245.0475252986717
[ 1.89410461 -0.31182566 -1.09113791 -1.68993103  0.27224917  0.39181443] -239.35946593675115
[ 2.10828957 -0.91280595 -1.08828152 -2.36886152  0.31174186  0.238567  ] -238.5198471531872
[ 2.92099335  0.11201976 -1.76141419 -2.01446149  0.63995907 -0.18214161] -244.83414541803685
[ 2.40822343 -0.30326358 -1.23555379 -2.50543514  0.02883354  0.64410253] -241.7408955135273
[ 2.89691803  0.06984163 -2.87797653 -3.37826618  0.63948436  0.35332444] -249.67785908664897
[ 1.88918245 -0.00705834 -0.7465944  -1.15174874  0.1472823   0.42619167] -241.64957674767888
[ 2.34964883 -0.86086371 -1.57967574 -3.22067079 -0.26285128  0.61590592] -249.9645429368215
[ 2.12318755  0.28859333 -1.28552478 -1.34015464  0.46002482  0.33958075] -242.15460914101786
[ 3.0703864  -0.01594987 -1.61733952 -2.91860697  0.89446449  0.21752665] -244.22783867750334
[ 1.72520978 -0.22835397 -0.99163964 -2.30210078  0.11209757  1.10217493] -238.9707115019178
[ 1.12742453 -0.17118571 -0.92714769 -1.19245323 -0.40319682  0.99738942] -245.98993570172638
[ 2.58464593 -0.05475883 -1.44479156 -2.48706854  0.57004916  0.41249235] -240.79120445193536
[ 1.94023957 -1.00736424  0.02173892 -1.38691001  0.12952015  0.16023839] -238.13442966406893
[ 1.74068935 -1.81178725  1.17554212 -0.74792512 -0.01263125 -0.20670808] -240.5973589787302
[ 2.09540936 -1.12646163 -0.54284922 -2.72722026 -0.02684996  0.6550082 ] -240.7881971929224
[ 1.70610212 -0.80900407 -0.36191868 -1.63586814  0.38578016  0.35412165] -236.65680541223557
[ 1.35504147 -1.06187432  0.07489888 -1.20108464  0.56425347  0.2091312 ] -236.7803732301313
[ 2.16411633 -1.37252456 -0.72265284 -3.15092767  0.34683068  0.54800917] -239.56227676872123
[ 1.32847632 -1.76407931  0.21625723 -2.03689426 -0.15034235  0.60688077] -240.104364260678
[ 1.56206853 -0.90491574 -0.43264962 -1.56663386  0.40539265  0.34832243] -236.61235955016872
[ 1.29539812 -0.79414279 -0.37754983 -0.98634066  0.62151395  0.19497955] -238.63389565333628
[ 2.40686565  0.0190898  -1.40805836 -2.1002064   0.71413003  0.31026376] -240.45422196577024
[ 1.59807365 -1.31828703 -0.18982166 -2.05272229  0.06577575  0.53272651] -237.59035235044774
[ 1.38254475 -0.35438578 -0.2915379  -0.62010453  0.12327203  0.36404113] -243.23290949788205
[ 1.96872343 -1.11798986 -0.6148741  -2.51822189  0.29094102  0.50201716] -237.15646708605846
[ 1.90262251 -1.79510166  0.10303741 -1.54097179  0.41761962 -0.39017721] -236.25949621833806
[ 1.99132887 -2.57847551  0.65037594 -1.1604073   0.57038064 -1.13635328] -237.47824663653694
[ 1.45098704 -1.40474825  0.59678561 -1.1982478   0.25326792  0.26384931] -237.05483584917135
[ 1.45595286 -1.4426513  -0.3215526  -2.11731192  0.47673889  0.37671489] -234.81928743037423
[ 1.21380951 -1.66029484 -0.49319836 -2.48251288  0.65034826  0.48495314] -234.20269174077933
[ 1.67003073 -1.24573111 -0.21111758 -1.59476316  0.73534079 -0.01169769] -235.26517843301286
[ 1.19981672 -1.48860869  0.34852036 -0.82144399  0.65830879 -0.15222662] -237.88298899404927
[ 1.77649676 -1.21064457 -0.37402549 -2.09402741  0.38278296  0.33845622] -235.69651056835554
[ 1.82605636 -1.13714908 -1.18674305 -2.44001128  0.73915356  0.1108102 ] -236.25259257703485
[ 1.61092601 -1.84227492 -0.50298022 -2.27043865  0.72443245 -0.06056595] -234.4185149324888
[ 1.77124543 -2.05881632 -0.4556928  -2.57427453  0.81116657 -0.19106286] -234.77147411058502
[ 1.38689909 -1.25653528 -1.17762325 -2.94437084  0.93012191  0.61380823] -234.70111737785726
[ 1.31707949 -1.95428327  0.11519715 -2.21345122  0.67224409  0.28048683] -233.29186577247077
[ 1.06259105 -2.36285036  0.76616725 -2.10017118  0.63878936  0.36532514] -233.4011827074591
[ 1.2135     -2.12866734 -0.5344462  -2.59924301  1.12510174  0.03351768] -232.87532725407462
[ 0.93200162 -2.58767873 -0.61465656 -2.85185081  1.49626113 -0.11895159] -232.68710483742368
[ 1.07395631 -2.54089668 -0.83186709 -3.51753648  1.02618401  0.34792029] -238.10710242370502
[ 1.52101213 -1.5695225  -0.36630496 -2.07545649  0.8080516   0.07820681] -233.84277468460994
[ 0.88933052 -1.56471353 -0.55749593 -2.37175243  0.94931991  0.61704202] -233.0130445897137
[ 1.10782067 -2.46972064  0.37114362 -1.81078332  0.8367639  -0.18675114] -233.43561770801787
[ 0.71609197 -2.09312958 -0.01212479 -2.33149707  1.07989718  0.44556131] -232.16415860638676
[ 0.26867495 -2.2185569   0.23330292 -2.36202627  1.25762954  0.69862494] -232.26471950258772
[ 0.94730262 -2.41938791  0.1384512  -2.06908424  1.29716434 -0.1130884 ] -232.43101289582205
[ 0.4488635  -2.79344872  0.17980986 -2.47401654  1.30249859  0.22989287] -232.13312631123063
[-0.08721081 -3.40541183  0.45286727 -2.67329656  1.54972208  0.3057359 ] -233.42750913476016
[ 0.64240257 -2.00115993 -0.62141664 -2.95976745  1.42903118  0.63373216] -231.88890336064384
[ 0.40969352 -1.76687958 -1.11769677 -3.53425952  1.72516481  1.04397381] -232.7040695171315
[ 0.20825145 -2.53222286 -0.6110081  -2.80587163  1.84581335  0.28424263] -232.41163990006717
[ 0.40897405 -3.24429572  0.04384758 -2.79227681  1.86756867 -0.16324569] -232.17304302527225
[ 0.19196044 -2.44020284  0.3205096  -2.29232043  1.44439664  0.55798321] -232.2702829339232
[-0.07512129 -2.61543197 -0.37191204 -3.14949907  1.69257086  0.77581056] -232.58168574801448
[ 0.69169664 -2.46839893  0.01086039 -2.33918794  1.39601597  0.10913634] -231.91251460135518
[ 0.82507828 -2.48132238  0.58483677 -2.25715045  0.99398939  0.32011077] -232.10642837160955
[ 1.05240857 -2.58704891 -0.25857187 -2.75897832  1.24527035 -0.03292063] -232.559581181158
[ 0.40707247 -2.47691436  0.17573923 -2.4089849   1.39461507  0.41025725] -231.7779609887854
[ 0.83476109 -1.52716224  0.06205402 -2.13125797  0.66444712  0.87947593] -233.5637904318372
[ 0.51542081 -2.81501235  0.04839919 -2.6270221   1.56678828  0.09743471] -231.68536799424157
[ 0.46075279 -2.91895598  0.13820106 -2.69054606  1.61441565  0.15462673] -231.5400061200125
[ 0.33308319 -3.33186918  0.21336399 -2.87007056  1.88167488  0.00915944] -231.84161025340677
[ 0.73194435 -2.26047259 -0.06760319 -2.6202031   1.49578659  0.34520645] -231.37042626690547
[ 0.87348477 -1.99398452 -0.19130972 -2.69329638  1.5924306   0.40286324] -231.61294765113206
[ 0.32468493 -2.49898234 -0.69011009 -2.95808674  1.97156152  0.26335378] -232.36638003306265
[ 0.69997994 -2.48573737  0.26610005 -2.43238452  1.23838243  0.30592152] -231.60468585056475
[ 0.46082767 -2.51768527 -0.03105383 -2.90711477  1.51699043  0.53992327] -231.2981821339068
[ 0.34539318 -2.54232843 -0.05201094 -3.19107818  1.57747766  0.75531673] -231.56945149428037
[ 0.44959677 -3.15709937  0.79801081 -2.26898437  1.51329497 -0.01594218] -232.15944293849492
[ 0.59420112 -2.29014479 -0.26655978 -2.78707168  1.45009712  0.47131357] -231.49375496094353
[ 0.74730309 -2.61908842 -0.14657806 -2.94579584  1.5662051   0.22788483] -231.4319099189671
[ 0.71624884 -2.21568245 -0.08423044 -2.83401655  1.39383749  0.58419075] -231.15417563457686
[ 0.81666285 -1.91601751 -0.15054526 -2.93751378  1.30736209  0.82756876] -231.20984651822644
[ 0.53711267 -2.45493913 -0.41870813 -3.16253148  1.7740617   0.46846034] -231.36295955588906
[ 0.80179313 -1.86704824 -0.47644554 -3.06169841  1.45124383  0.72436634] -231.52929114414619
[ 0.71653304 -2.13002517 -0.32278389 -2.96891032  1.49203678  0.58193144] -231.30965486903685
[ 0.7091221  -2.44248622 -0.09042607 -3.02578567  1.62954224  0.44455212] -230.988476780727
[ 7.66582588e-01 -2.51865693e+00 -2.35921601e-03 -3.14514267e+00
  1.71926480e+00  4.31171392e-01] -230.8489787738134
[ 0.56244663 -2.08006543 -0.16233484 -2.93351046  1.56445417  0.75574305] -231.0196215186069
[ 0.52130613 -2.37854554 -0.27288692 -3.36353899  1.65776186  0.77526696] -231.38644061149947
[ 0.67928479 -2.28999083 -0.11892413 -2.80603707  1.53628041  0.45272158] -231.15056361391316
[ 0.76352851 -2.12909623  0.17814602 -2.70237914  1.30022632  0.64676681] -231.0409084885218
[ 0.5997733  -2.45370054  0.24919841 -2.80715656  1.51831442  0.55490751] -230.7994198661768
[ 0.54139343 -2.61553822  0.53518956 -2.72627968  1.53145324  0.54139554] -230.75957091967834
[ 0.88233393 -2.0986581   0.14621615 -2.80867376  1.49818171  0.59740644] -230.76034132083882
[ 0.68227446 -2.36165279  0.27620829 -2.87332437  1.65611606  0.55754419] -230.60487052785044
[ 0.66528727 -2.43463796  0.45642765 -2.89297828  1.78725535  0.54422091] -230.56917790420647
[ 0.71457266 -2.33556013  0.5026859  -2.93028426  1.59733145  0.71951314] -230.30478471386675
[ 0.73221659 -2.35834478  0.81349091 -2.99240785  1.62785697  0.85290892] -230.06714727864244
[ 0.61989164 -2.57287091  0.41739739 -3.13061843  1.94259575  0.59418194] -230.36304293501573
[ 0.84012185 -2.78617021  0.95112232 -2.96518977  1.80441511  0.431352  ] -230.34433956840758
[ 0.66049898 -2.43674979  1.10897388 -2.69357325  1.67798791  0.75598386] -230.56063275171226
[ 0.47080266 -2.96944586  1.28131776 -2.99167533  1.9590064   0.64260795] -230.47836983674708
[ 0.7882129  -2.57053495  1.14105375 -3.16253462  2.06825259  0.73235632] -230.38495383566496
[ 0.70529427 -2.79673421  1.44802435 -3.08568814  1.90611623  0.79224275] -230.13442102124085
[ 0.72501432 -2.91461718  0.90849495 -3.41579813  2.09142644  0.5925661 ] -230.19577623114503
[ 0.99944787 -2.36364489  0.6118768  -3.25907032  1.85454797  0.68926139] -230.17463161222435
[ 0.75244928 -2.69359244  0.57574849 -3.12038959  1.6740669   0.58514805] -230.346659113783
[ 0.96495643 -2.73149699  1.35218856 -3.14889617  1.71021412  0.72031113] -230.09834701569608
[ 0.9032345  -2.62341031  1.4526508  -3.1686272   1.99079205  0.77439938] -230.27352932377946
[ 0.83659947 -2.47657924  1.24445313 -3.3916395   1.92256949  1.04254455] -229.7836869147437
[ 0.83483828 -2.32178376  1.39111853 -3.60486437  1.98164667  1.34814083] -229.7778792272159
[ 0.75068809 -2.53879696  0.7224139  -3.33361446  1.73314409  0.89074432] -230.05637421177653
[ 0.93746619 -2.12231668  1.20454273 -3.05904897  1.51308225  1.17197034] -229.97918530811614
[ 0.64237208 -2.59284624  1.6987162  -3.149103    1.63613881  1.23617804] -230.31385199616003
[ 0.91017892 -2.42094522  0.88358665 -3.23157849  1.79994568  0.82599055] -229.90407117083225
[ 1.00482056 -2.03449392  0.67442274 -3.3711153   1.54918036  1.14444595] -230.16649817310164
[ 0.78017584 -2.60617414  1.25462395 -3.15704493  1.81688227  0.88029355] -229.90294896347487
[ 0.68356488 -2.05795686  0.737737   -3.31062352  1.78063852  1.26970504] -229.86837568895746
[ 0.90008748 -2.33097976  1.25118334 -3.57318373  1.91392285  1.27603929] -229.7386044696058
[ 0.98402292 -2.31729725  1.47002955 -3.86357166  2.05695579  1.48760448] -229.95874559513467
[ 0.93141577 -2.08125518  1.51851684 -3.31183354  1.86889533  1.36663555] -230.08550832290425
[ 0.79587001 -2.42441151  0.92143963 -3.32816923  1.7670819   1.00971713] -229.8198513908235
[ 0.69743895 -2.59843374  0.9420203  -3.67610578  2.17362372  1.03132512] -229.8316178203115
[ 0.65381289 -2.35896803  1.28245427 -3.65175203  2.01131963  1.44574977] -229.74293971590643
[ 0.74169499 -2.09133709  0.92069374 -3.89118796  2.0591955   1.57993218] -229.88048673625477
[ 0.7513152  -2.22004635  1.0041763  -3.7076522   1.99861719  1.40502252] -229.74080130164555
[ 0.86088939 -2.69358419  1.52639379 -3.86995226  2.1680988   1.23562651] -230.08645006630042
[ 0.72789601 -2.21686369  0.9349012  -3.45045571  1.87750359  1.26118541] -229.7229005969072
[ 0.85716767 -2.0259173   1.31973746 -3.42925331  1.6764069   1.55062653] -229.92464719844736
[ 0.73737113 -2.45530463  1.03644959 -3.61439266  2.04931951  1.16115047] -229.72705824704784
[ 0.73923698 -2.21023723  1.37865478 -3.87259767  2.17702792  1.6227123 ] -229.857123072481
[ 0.78171175 -2.37086794  1.03574342 -3.46427634  1.8695684   1.16296592] -229.72708317227617
[ 0.68255987 -2.32922637  0.7905175  -3.54903985  1.92510372  1.22256364] -229.74236369993073
[ 0.87316759 -2.28212822  0.73520284 -3.4679148   1.86669213  1.05055932] -229.8230050472918
[ 0.70865157 -2.33975808  1.14564141 -3.60579272  1.97516275  1.34695215] -229.70258777466873
[ 0.85311784 -2.31538044  1.34551425 -3.5895446   1.96959438  1.31520829] -229.76786493792176
[ 0.72519936 -2.32576489  0.92926669 -3.55916604  1.93622639  1.2457248 ] -229.70835219478388
[ 0.77565723 -2.45979998  1.10688559 -3.38143687  1.87528398  1.07965016] -229.72743560524276
[ 0.58540821 -2.39180665  0.81177929 -3.45198972  1.94709869  1.14317034] -229.77615398887994
[ 0.82141766 -2.34618648  1.14133233 -3.54288523  1.92221681  1.24282206] -229.70498545029182
[ 0.72509193 -2.22511526  0.96755929 -3.6975527   2.00138184  1.39395011] -229.73779909325376
[ 0.76301591 -2.4011288   1.07205401 -3.46046582  1.90680844  1.15822515] -229.70490577440236
[ 0.71280546 -2.32413425  1.05080499 -3.61344305  2.01951076  1.30905409] -229.6836192734101
[ 0.67835231 -2.3007674   1.05833578 -3.68802641  2.09448194  1.38209818] -229.69070585364787
[ 0.74895752 -2.1959741   1.05488396 -3.46301019  1.8298234   1.36017075] -229.71647692456392
[ 0.76545315 -2.42745184  1.1964266  -3.63113198  1.98574593  1.29313092] -229.71445795059327
[ 0.74989018 -2.52550068  1.12362472 -3.67461809  2.08540029  1.17179898] -229.7529510557293
[ 0.74919069 -2.27835575  1.07206915 -3.51591217  1.89371763  1.31307781] -229.6930297464278
[ 0.72797373 -2.24432424  0.9406296  -3.4680897   1.89880167  1.24548776] -229.71637304558513
[ 0.7560833  -2.38166994  1.13247735 -3.59037141  1.96400986  1.28122013] -229.6957789406472
[ 0.77852216 -2.36464621  1.27552639 -3.55045743  1.95758237  1.30472567] -229.70804549418975
[ 0.76519146 -2.35492588  1.18896147 -3.55263458  1.95224337  1.28997545] -229.6942721092229
[ 0.6635618  -2.34713775  1.07933713 -3.56998803  1.9816008   1.3233462 ] -229.68707265418678
[ 0.68881218 -2.27419841  1.15104315 -3.68891483  2.02193995  1.46298346] -229.7088723160189
[ 0.74446498 -2.3693962   1.0918013  -3.51757808  1.93559132  1.23441473] -229.69109382986355
[ 0.75511433 -2.34544851  1.05950905 -3.51418305  1.94039516  1.23674398] -229.67872831571322
[ 0.7783457  -2.34829373  1.01644287 -3.46837821  1.92301136  1.1816399 ] -229.68272815871362
[ 0.70735961 -2.29146284  1.04835035 -3.50420824  1.94367648  1.28765062] -229.68790262929224
[ 0.67897416 -2.29705255  0.94499586 -3.52580296  1.95258734  1.27812036] -229.68989065938925
[ 0.67156942 -2.37985496  1.01953041 -3.5658223   2.03073633  1.24336552] -229.68726907147717
[ 0.65199661 -2.29230075  0.97570797 -3.5802378   2.02057764  1.3250122 ] -229.6852867903268
[ 0.70849492 -2.36306046  1.13275078 -3.59015787  2.02624505  1.29693718] -229.68395393555448
[ 0.6804879  -2.39251605  1.05752976 -3.64040246  2.06267876  1.29050244] -229.6822818503383
[ 0.71925092 -2.3083443   1.09901615 -3.60364845  1.98626639  1.35049984] -229.67938272138488
[ 0.74582158 -2.32813036  1.0457691  -3.61070287  2.03695712  1.27957037] -229.68490827436736
[ 0.78866176 -2.39491056  1.17275198 -3.61060811  2.00344011  1.2627571 ] -229.69864320581317
[ 0.6861629  -2.3179532   1.02496897 -3.58783038  2.01629325  1.30944843] -229.67807811780605
[ 0.67495056 -2.35568857  1.09575747 -3.57251889  1.98017267  1.31815828] -229.68726200456487
[ 0.72810382 -2.33501991  1.05826619 -3.60115687  2.02276101  1.28921735] -229.67892214142128
[ 0.71881353 -2.31141161  0.98394759 -3.59673022  1.9897234   1.2982182 ] -229.67826914183092
[ 0.71650567 -2.34609695  1.04360758 -3.56787409  1.98652856  1.28248932] -229.66820687962831
[ 0.71835578 -2.3570783   1.04000887 -3.54508961  1.97003746  1.26920694] -229.66209676053103
[ 0.76144585 -2.26590256  1.03104251 -3.50914374  1.91248013  1.29394247] -229.67750809749347
[ 0.73674782 -2.33592706  0.96689825 -3.51439617  1.96429708  1.21509261] -229.67908057666625
[ 0.73237359 -2.32903137  0.99992772 -3.53670924  1.96978941  1.24894442] -229.67405714250836
[ 0.72931817 -2.30725528  0.98820205 -3.49540521  1.91014526  1.2629508 ] -229.67564879742127
[ 0.69370895 -2.2840956   0.96319019 -3.57611975  1.98242782  1.32415977] -229.67059052284412
[ 0.72164156 -2.30902716  1.03183251 -3.48670242  1.93066771  1.27133274] -229.66847402959516
[ 0.7661184  -2.29951022  0.99309898 -3.46189294  1.87555601  1.24739729] -229.67015047928274
[ 0.69239296 -2.36276341  0.97437759 -3.52482932  1.96706109  1.24738818] -229.66339621201968
[ 0.71221225 -2.33991341  1.01260991 -3.54837588  1.9883679   1.27319231] -229.65918445772263
[ 0.70365929 -2.35624248  1.02481383 -3.57486122  2.02747922  1.27831307] -229.65824011556404
[ 0.69958539 -2.32720768  1.0091796  -3.51978918  1.9479537   1.29698824] -229.65119953929656
[ 0.68319129 -2.32629584  1.01380554 -3.51132915  1.93703584  1.32101015] -229.6437218229591
[ 0.73474414 -2.3862102   1.06278892 -3.4587818   1.92018463  1.22072302] -229.65345945547557
[ 0.6518766  -2.39969558  1.05611011 -3.57197157  2.04193264  1.28859408] -229.65509963472957
[ 0.67309847 -2.42040145  1.02546912 -3.57558514  2.02390925  1.2704124 ] -229.64212615939744
[ 0.64882692 -2.47608859  1.02228742 -3.6200265   2.07053002  1.26995224] -229.64113791081454
[ 0.68782505 -2.40444025  1.09889397 -3.56919063  2.02200552  1.30187832] -229.63614100522742
[ 0.68554109 -2.42527867  1.16115216 -3.59137129  2.04947773  1.32912339] -229.6324989543378
[ 0.65092399 -2.43285882  1.0736438  -3.56435757  2.04550923  1.30003171] -229.6234878642281
[ 0.6172081  -2.47074908  1.09046126 -3.57399154  2.08324512  1.3154441 ] -229.6143436616076
[ 0.63680343 -2.47186351  1.11072131 -3.53429606  2.0066561   1.30330259] -229.6184993836742
[ 0.68356172 -2.45246639  1.09762876 -3.52462721  1.98044384  1.29792442] -229.59929501208717
[ 0.69940427 -2.47885179  1.11838809 -3.50095503  1.94969944  1.30258958] -229.57796790287713
[ 0.58891422 -2.49683229  1.10948301 -3.65187472  2.11203012  1.39308433] -229.5974367264167
[ 0.60904139 -2.61359214  1.19035887 -3.6461759   2.15351034  1.31682193] -229.61533738880752
[ 0.63014391 -2.5096339   1.23790081 -3.54619502  2.04767626  1.38350307] -229.58293815845784
[ 0.57496402 -2.58856223  1.12461895 -3.55979147  2.06812806  1.34245848] -229.56793313122455
[ 0.51967549 -2.67020401  1.10635234 -3.54400156  2.07745323  1.34912602] -229.55908848844348
[ 0.58465903 -2.60809089  1.17359349 -3.62010186  2.13454873  1.38355376] -229.55171200196756
[ 0.55858684 -2.67620459  1.20502958 -3.66300477  2.19849504  1.42367935] -229.53789667471565
[ 0.59560289 -2.48723308  1.09884616 -3.51383165  2.0026894   1.40565355] -229.534813093128
[ 0.58888363 -2.42405355  1.0530898  -3.44765952  1.92727893  1.45006937] -229.53053546907486
[ 0.57799469 -2.61451096  1.18628661 -3.54390533  2.02096589  1.45190647] -229.50396780395013
[ 0.55838798 -2.6863919   1.23419929 -3.52886222  1.98982627  1.52013765] -229.49211343519582
[ 0.59611316 -2.65161429  1.20883696 -3.42501799  1.95144627  1.41661735] -229.47434067106184
[ 0.59971262 -2.72900529  1.25851394 -3.31158962  1.87115434  1.42838385] -229.45883086660015
[ 0.5447397  -2.71193648  1.0872902  -3.45249589  1.95695949  1.44115887] -229.45131246477547
[ 0.5020376  -2.81308777  1.0119849  -3.40564633  1.91160111  1.46998676] -229.45451102036154
[ 0.42392448 -2.82041348  1.19643696 -3.48158283  2.05735633  1.56826212] -229.46013577774636
[ 0.57173627 -2.67913108  1.23850092 -3.41773006  1.92290357  1.59477105] -229.38676803054253
[ 0.59776666 -2.68359462  1.3045752  -3.35459431  1.84562874  1.71759357] -229.35122863397388
[ 0.54588486 -2.67559385  1.17300556 -3.19592336  1.68423966  1.61818913] -229.54944405494382
[ 0.55541134 -2.6760519   1.19702357 -3.54623442  2.0699312   1.47230679] -229.45797828059955
[ 0.50443063 -3.01174434  1.37292326 -3.44412691  2.00300653  1.59921158] -229.44927222213414
[ 0.5169405  -2.8578568   1.23805509 -3.33467911  1.94485261  1.55550127] -229.3601501977063
[ 0.68240934 -2.73631633  1.28969013 -3.33299059  1.83982131  1.5031232 ] -229.36551474296115
[ 0.53418677 -2.83016153  1.23800521 -3.51011745  2.01557895  1.66791457] -229.32539893875762
[ 0.50142384 -2.88073966  1.22775084 -3.60938137  2.08779125  1.78767993] -229.3047475866162
[ 0.56049221 -2.95134417  1.309738   -3.29652164  1.82275545  1.72911601] -229.3372277581977
[ 0.57641469 -2.99526216  1.49362064 -3.33826875  1.89099247  1.85624966] -229.32061961887456
[ 0.64071845 -2.68996024  1.24822004 -3.31135168  1.80760741  1.7838763 ] -229.23216216968856
[ 0.70886236 -2.52906819  1.18586843 -3.24496406  1.70990786  1.87620865] -229.2235860020553
[ 0.47155741 -2.89630554  1.29684594 -3.39314582  1.92748815  2.0043265 ] -229.2579653736659
[ 0.62189856 -2.78758131  1.36807793 -3.41094621  1.8166687   2.10155683] -229.25913321917713
[ 0.54911636 -2.99650572  1.32272539 -3.40981497  1.90623921  2.0674523 ] -229.17811703649855
[ 0.52479121 -3.15296128  1.33180049 -3.4374253   1.93654445  2.24238166] -229.17541823520602
[ 0.57449048 -2.79596187  1.32491676 -3.51485553  1.96704218  2.2270184 ] -229.163515956161
[ 0.58148961 -2.71827072  1.33250613 -3.62402247  2.03918554  2.47596959] -229.2232678630004
[ 0.5579266  -2.68561045  1.08479949 -3.53197068  1.92415506  2.22347433] -229.13600483449738
[ 0.54868255 -2.53078459  0.88038892 -3.62882165  1.94073635  2.40708667] -229.20253964341396
[ 0.6517517  -2.73508989  1.30301884 -3.2350545   1.67281088  2.43730886] -229.22752275266072
[ 0.54122803 -2.8107511   1.14100539 -3.37485909  1.89598083  2.2353493 ] -229.06769706374536
[ 0.50089276 -2.82233599  1.02746912 -3.35681554  1.93563689  2.30224553] -229.049504410357
[ 0.70134762 -2.67737035  1.1224451  -3.38054938  1.78787762  2.43188598] -229.045043908667
[ 0.81624273 -2.56790276  1.03524468 -3.37425117  1.71807235  2.64566571] -229.10313602308176
[ 0.53768531 -2.81934615  1.05608096 -3.587139    2.08091047  1.99709599] -229.0766304332793
[ 0.42351563 -3.12212718  1.12996887 -3.69128775  2.16748103  2.59849198] -229.1698685666431
[ 0.57382825 -2.48795605  0.91675961 -3.58344732  2.0178233   2.35102241] -229.16298716887673
[ 0.72520804 -2.30739978  1.04752147 -3.29363807  1.73700081  1.91242224] -229.29139648308887
[ 0.49893873 -2.91844533  1.10935702 -3.59187533  2.05986098  2.42697454] -229.07088701926185
[ 0.54904928 -2.6743929   0.78072034 -3.49574356  1.96837926  2.35054787] -229.0208370428058
[ 0.53632868 -2.61360842  0.50862213 -3.48618757  1.9690478   2.4123126 ] -229.09506584521932
[ 0.54145185 -3.04454434  1.14353107 -3.39791717  1.90111679  2.22638567] -229.0384056461453
[ 0.55186192 -2.96653457  0.99506837 -3.40470931  1.98710561  2.35490419] -228.9419555757657
[ 0.54882958 -3.10699663  0.95020281 -3.34107862  2.01858089  2.42061912] -228.95638079989237
[ 0.57682875 -2.88186167  1.00344938 -3.2887311   1.79908191  2.70055194] -229.08023760398356
[ 0.54747117 -2.83497503  1.04292306 -3.51253702  2.01045333  2.17295998] -229.00863690849084
[ 0.6317528  -2.75493907  0.92802867 -3.25754867  1.80366219  2.18600186] -228.95205586872132
[ 0.67341879 -2.82858277  0.97676975 -3.4595195   1.88389471  2.27198298] -228.9244684959347
[ 0.7596818  -2.83170616  0.95142007 -3.51087148  1.85802361  2.2568517 ] -228.94025022078424
[ 0.46365431 -3.02395255  0.83323532 -3.46210902  2.06365968  2.08904154] -228.97471715289643
[ 0.59761757 -2.64991463  0.70871744 -3.46613852  2.00460147  2.24876047] -229.02298641479163
[ 0.58357614 -2.74857205  0.81742085 -3.44908318  1.9787303   2.24316677] -228.9590798355568
[ 0.60152909 -3.04479244  1.08376167 -3.35275868  1.94078935  2.08880457] -228.92185317045397
[ 0.627769   -3.22999221  1.23528233 -3.28126624  1.92699439  1.95793293] -228.9895441278165
[ 0.62112652 -2.95414945  0.83517181 -3.28270576  1.87549394  2.23834066] -228.86059339141352
[ 0.65795419 -3.01373666  0.73129619 -3.16779013  1.80801425  2.271031  ] -228.84448029068238
[ 0.76971    -2.76176664  1.01087984 -3.23502747  1.73707246  2.38292226] -228.9168314933678
[ 0.71183279 -3.04154533  1.09118065 -3.1767014   1.74144922  2.27538219] -228.87865902234614
[ 0.69034946 -3.13071373  1.03495683 -3.34128683  1.89577967  2.36234054] -228.84423381953386
[ 0.7196478  -3.31860107  1.08842091 -3.38315591  1.94183842  2.45050987] -228.88246155559577
[ 0.81640285 -2.97384462  0.98121327 -3.17298536  1.68189428  2.19591699] -228.8252245721487
[ 0.94867332 -2.97749964  0.97428572 -3.05712339  1.52928861  2.11642339] -228.87060092502347
[ 0.74250734 -3.16021704  1.00099306 -3.02266379  1.7177717   2.25348287] -228.8530781393703
[ 0.86138979 -2.98248223  0.86641161 -3.01939298  1.58653785  2.49155404] -228.86732367321872
[ 0.72376881 -3.3390799   0.89113736 -3.06524604  1.74007654  2.23364695] -228.82891973172264
[ 0.7856247  -3.1584794   0.74415545 -3.08642031  1.73524221  2.32727527] -228.79696878241563
[ 0.82252065 -3.21694643  0.57064286 -3.04127976  1.7321387   2.35322182] -228.8522993876206
[ 0.61081267 -3.27620822  0.92817244 -3.26607117  1.9397217   2.05634383] -228.86930066970302
[ 0.79874551 -3.05591373  0.88185182 -3.08106253  1.67483381  2.38275149] -228.8169008891765
[ 0.74844116 -3.06370564  0.75387725 -3.28226661  1.79417522  2.33750455] -228.79634702938145
[ 0.75140807 -3.01544993  0.63031934 -3.41206802  1.83237697  2.37951539] -228.85924738174248
[ 0.86315664 -3.22684234  1.03110114 -3.17529909  1.69931966  2.34211426] -228.82059748660268
[ 0.88836376 -3.14190814  0.72615527 -2.94647315  1.54606756  2.24406263] -228.81796685700644
[ 0.90980939 -2.86781806  0.8149807  -3.18292298  1.63710104  2.37622811] -228.82837128803024
[ 0.86329925 -2.98563352  0.83401987 -3.15350374  1.66284491  2.34058282] -228.79535033085915
[ 0.83280748 -3.23698297  0.67584033 -3.06868978  1.68893351  2.46218002] -228.8260797560653
[ 0.82050401 -3.03962921  0.90487003 -3.14691147  1.68365409  2.26248275] -228.79396921451675
[ 0.77183616 -2.92158086  0.58387543 -3.05691351  1.66628628  2.28943891] -228.85873194132193
[ 0.84032652 -3.15052697  0.91929471 -3.1457027   1.69106131  2.32894542] -228.78972058800477
[ 0.73061662 -3.00938801  0.95320111 -3.3521493   1.86786962  2.4157848 ] -228.83260700697636
[ 0.84892697 -3.10877811  0.78291673 -3.04789219  1.62651808  2.28699318] -228.79062765188894
[ 0.83696203 -3.11300388  0.76452619 -3.20650314  1.72299813  2.24517651] -228.77878624337458
[ 0.85607029 -3.14154896  0.70586338 -3.26922345  1.74708028  2.17638902] -228.80909600522943
[ 0.86719529 -2.99527971  0.90901281 -3.24117297  1.65850837  2.27328646] -228.8488323305773
[ 0.80601734 -3.11767948  0.78536979 -3.12510848  1.71605875  2.31377807] -228.77995152325676
[ 0.92357088 -3.10804475  0.90978853 -2.99294063  1.57353654  2.25514837] -228.80003328262623
[ 0.79222359 -3.07479041  0.79285507 -3.20993511  1.73901555  2.3169155 ] -228.78411444494498
[ 0.78502091 -3.21583584  0.81592431 -3.14051395  1.73025705  2.24418099] -228.78197935942123
[ 0.81598844 -3.22057569  0.71542556 -3.14497372  1.7249822   2.31618048] -228.78348604245915
[ 0.77658597 -3.18869265  0.81488182 -3.27635351  1.81493958  2.30139915] -228.78362691177296
[ 0.76393958 -3.15966568  0.64369954 -3.22209327  1.79168911  2.25026481] -228.78826757409135
[ 0.78303631 -3.157381    0.71259833 -3.20299563  1.76653216  2.26993496] -228.77812279722676
[ 0.80898008 -3.26293243  0.74338693 -3.1555477   1.75290708  2.24663455] -228.7796390454417
[ 0.83541573 -3.17377679  0.69752856 -3.04886069  1.65630554  2.24389604] -228.786282231332
[ 0.79129341 -3.18496369  0.7855435  -3.21948031  1.77528107  2.28702337] -228.77629910541435
[ 0.78778158 -3.13002308  0.82035745 -3.20507601  1.76302921  2.21939567] -228.773447050178
[ 0.77367815 -3.08474677  0.8728234  -3.23512716  1.78205271  2.17100327] -228.78385017027023
[ 0.81966934 -3.10615868  0.72133643 -3.23105647  1.76867841  2.28313339] -228.77467563664572
[ 0.80322358 -3.20047478  0.73054649 -3.28177794  1.8004166   2.20332141] -228.79584014758265
[ 0.8053189  -3.1383783   0.77166397 -3.16427584  1.73714821  2.28616391] -228.77204449538087
[ 0.79904045 -3.01370378  0.78195502 -3.25424811  1.75831532  2.28364139] -228.78596806855117
[ 0.80649517 -3.20062527  0.75302896 -3.1802228   1.75425914  2.25588626] -228.77342617908135
[ 0.76090288 -3.19283946  0.75698335 -3.19453255  1.79864461  2.28866935] -228.77906640928612
[ 0.81794724 -3.13296278  0.76264048 -3.20351049  1.74190975  2.25604972] -228.7735090982653
[ 0.82646557 -3.14032293  0.82559193 -3.19821168  1.7469031   2.25928248] -228.7692948363027
[ 0.8481802  -3.1317939   0.88208873 -3.1958197   1.73708858  2.25395623] -228.7703532532845
[ 0.82993253 -3.09786     0.76599624 -3.17463746  1.72869487  2.2329471 ] -228.76837655497349
[ 0.84925208 -3.05430815  0.75622261 -3.15221603  1.70540177  2.20590897] -228.7696334169064
[ 0.80497765 -3.17389877  0.84508992 -3.14425496  1.72196968  2.22010832] -228.7761416248717
[ 0.81599642 -3.1230937   0.7522748  -3.20935609  1.75700123  2.26737712] -228.77043904512905
[ 0.80604948 -3.14380498  0.80033063 -3.17374947  1.75376884  2.2509678 ] -228.76742810138
[ 0.8001006  -3.14922609  0.81917571 -3.15886896  1.75969839  2.24842684] -228.76896759448246
[ 0.84230444 -3.15133865  0.73593806 -3.16174177  1.72956259  2.29814588] -228.77155998410544
[ 0.83552728 -3.06430759  0.79756959 -3.18043464  1.73010048  2.27574184] -228.77010589900297
[ 0.84677301 -3.10186431  0.78756978 -3.20176786  1.74486216  2.24199017] -228.76570610193298
[ 0.86750006 -3.08360732  0.79552269 -3.22051387  1.74871913  2.2199033 ] -228.76627703896852
[ 0.81127699 -3.07241252  0.84050627 -3.21764396  1.75754764  2.21128962] -228.77226508687056
[ 0.83454758 -3.13160712  0.76208011 -3.17571732  1.73655885  2.27643182] -228.76866466307567
[ 0.84376873 -3.10349527  0.82743796 -3.15881671  1.72329487  2.24507661] -228.76584174719298
[ 0.82698502 -3.17534395  0.7920993  -3.18053219  1.74792709  2.22649015] -228.76693955569823
[ 0.83621988 -3.11100228  0.75291274 -3.15686199  1.73146579  2.23201874] -228.76647250413058
[ 0.8286953  -3.11284981  0.81336878 -3.17307124  1.74011235  2.20006504] -228.76520291669812
[ 0.82576916 -3.10347116  0.83901311 -3.17174821  1.7418891   2.16188165] -228.76716365694992
[ 0.83289794 -3.15159354  0.82524349 -3.17362903  1.75178216  2.23258906] -228.76410066585854
[ 0.83438065 -3.17846032  0.85486712 -3.17312482  1.76332581  2.23241004] -228.76523062290482
[ 0.86573047 -3.10824474  0.79921339 -3.17447687  1.72604597  2.20844213] -228.76332930259045
[ 0.89557097 -3.09046462  0.79865476 -3.17484058  1.71218453  2.18717929] -228.7651270500213
[ 0.85771009 -3.05433937  0.80981608 -3.16567571  1.72459401  2.22690376] -228.7658037614426
[ 0.85563864 -3.0997934   0.86797042 -3.19228382  1.73876472  2.21967018] -228.76570393818372
[ 0.85204643 -3.10606646  0.80695602 -3.2014848   1.75209225  2.19814351] -228.76329783470953
[ 0.85618527 -3.10735205  0.79671505 -3.22281884  1.76649095  2.17467695] -228.7651709890635
[ 0.83621717 -3.17246472  0.82362455 -3.20656216  1.75995919  2.2067296 ] -228.76833999245994
[ 0.85233686 -3.08387071  0.8132682  -3.17589732  1.73343531  2.22186022] -228.76377052294518
[ 0.84900887 -3.11894191  0.85443698 -3.16184651  1.7358821   2.18493321] -228.76338131016007
[ 0.83793332 -3.12739565  0.7695252  -3.16118477  1.74101866  2.19567421] -228.76395253931744
[ 0.867956   -3.11918786  0.80951231 -3.17643519  1.73997313  2.21381574] -228.76147119957395
[ 0.88758635 -3.12235688  0.80758408 -3.17811717  1.73990352  2.22069109] -228.76212822045431
[ 0.87543937 -3.06964223  0.79239387 -3.17681279  1.72436697  2.17503394] -228.76412397108408
[ 0.8435333  -3.13110572  0.81703109 -3.17442497  1.74492837  2.21820028] -228.7627122363641
[ 0.87227066 -3.09507681  0.86394746 -3.19367045  1.73643371  2.21945749] -228.76455937952483
[ 0.84651766 -3.11931594  0.79313077 -3.16930619  1.73987242  2.20162003] -228.7626061067962
[ 0.85592738 -3.15041683  0.81349199 -3.17676085  1.74616277  2.18652474] -228.7624561883387
[ 0.86156154 -3.12583727  0.75867487 -3.19578312  1.74714287  2.22398226] -228.76519380670808
[ 0.85214704 -3.12066575  0.83049645 -3.17033066  1.73869729  2.19469548] -228.76221800770458
[ 0.84031213 -3.14067478  0.82432616 -3.18177068  1.76119611  2.19589113] -228.7622255486851
[ 0.85008474 -3.15438917  0.82237357 -3.14819138  1.73818444  2.20543896] -228.76248069306297
[ 0.86078168 -3.13711106  0.81407933 -3.16650668  1.74310036  2.18112841] -228.76124744928327
[ 0.86940587 -3.14011373  0.81260345 -3.16254754  1.74218635  2.16259247] -228.7613162047184
[ 0.862552   -3.15483254  0.8449625  -3.17069229  1.74923228  2.19087813] -228.76169982288152
[ 0.86314067 -3.11990711  0.82324935 -3.1993074   1.75460287  2.18220558] -228.76244140629353
[ 0.85970246 -3.11370953  0.83538338 -3.17825345  1.74943791  2.19968008] -228.76136561804444
[ 0.8513431  -3.1421534   0.8296707  -3.14868892  1.73927616  2.20982407] -228.76243076172724
[ 0.85429249 -3.13659183  0.82806536 -3.16134354  1.74310783  2.20291945] -228.76159057537924
[ 0.87883176 -3.12002474  0.82984029 -3.15941659  1.72665349  2.1984813 ] -228.76119444661927
[ 0.89809158 -3.10969973  0.83259736 -3.14823955  1.70938217  2.19977638] -228.76205978065929
[ 0.87589176 -3.1398201   0.82345127 -3.16721859  1.74513771  2.20093889] -228.76105135510394
[ 0.88776412 -3.14939728  0.81992868 -3.16566255  1.74835792  2.2040606 ] -228.76225909746742
[ 0.86993338 -3.10064917  0.80181481 -3.16569906  1.73323786  2.20810983] -228.76171679771215
[ 0.86439735 -3.1412867   0.83417558 -3.16944398  1.74523367  2.19518605] -228.76114646027415
[ 0.88156118 -3.12045484  0.82074869 -3.17774796  1.74007092  2.19349071] -228.76122283107057
[ 0.87243273 -3.13828113  0.8430472  -3.16309389  1.74323822  2.1758194 ] -228.7610453537809
[ 0.87467109 -3.14782777  0.85981464 -3.15642324  1.74487077  2.15682124] -228.76206303448217
[ 0.88492969 -3.15194999  0.81973074 -3.15622245  1.73170688  2.18200151] -228.76142045888375
[ 0.86600927 -3.12326965  0.83147022 -3.1727457   1.74500515  2.19526044] -228.7609604087187
[ 0.885593   -3.12393466  0.84683176 -3.17004889  1.73867936  2.20526385] -228.76134077983824
[ 0.86698451 -3.13381696  0.82226744 -3.16739223  1.74199511  2.18716227] -228.76091553185915
[ 0.85995462 -3.14504492  0.84066864 -3.15535571  1.7423502   2.19079208] -228.76156270957952
[ 0.87615954 -3.12660236  0.82572868 -3.1721499   1.74064074  2.19281605] -228.76086174176768
[ 0.86179328 -3.14766755  0.83020651 -3.17793151  1.76043005  2.18391307] -228.76146355296075
[ 0.87457214 -3.12693545  0.82993184 -3.16404532  1.73509763  2.19483924] -228.76086321523712
[ 0.8796193  -3.12162185  0.82445664 -3.16610456  1.73847118  2.18709271] -228.76082555077414
[ 0.88723028 -3.11178943  0.81959716 -3.16443485  1.73508993  2.18304604] -228.7610418914568
[ 0.8693674  -3.11702236  0.83551607 -3.16795861  1.73634497  2.17672448] -228.76129110754098
[ 0.87426067 -3.13412067  0.82646747 -3.1674036   1.74293952  2.19488529] -228.7608146314905
[ 0.87343575 -3.11717451  0.81039356 -3.17351988  1.73814489  2.20819926] -228.76130665848504
[ 0.87268348 -3.13300448  0.83488379 -3.16570039  1.74196489  2.18391437] -228.76082737546355
[ 0.88208395 -3.13543094  0.8231084  -3.16151963  1.73536454  2.18497621] -228.76085516250345
[ 0.88614185 -3.12542162  0.83259151 -3.16491556  1.73616439  2.19234568] -228.7609485829871
[ 0.87177385 -3.13171812  0.82484845 -3.16677307  1.74053743  2.18845812] -228.7608101374504
[ 0.87762145 -3.13389736  0.82323263 -3.16917173  1.74487514  2.18254168] -228.76086141968307
[ 0.87652136 -3.13666211  0.82660378 -3.16007443  1.74074349  2.18114008] -228.7608169268181
[ 0.87469275 -3.1302887   0.83022354 -3.16002016  1.73513188  2.19094725] -228.76080753504303
[ 0.8732284  -3.12848437  0.833719   -3.15544438  1.73026025  2.19515004] -228.76100940714326
[ 0.86776652 -3.12704104  0.83271949 -3.16717244  1.74456493  2.19050307] -228.7608657050868
[ 0.87850459 -3.13333346  0.82551117 -3.16293283  1.73766463  2.18635792] -228.76077012876888
[ 0.87910736 -3.12957716  0.8178199  -3.16206916  1.73653116  2.19237942] -228.76084774747025
[ 0.87428945 -3.13214765  0.83061782 -3.16479258  1.74060646  2.18603063] -228.76077109294715
[ 0.87039492 -3.14446839  0.83030078 -3.16122766  1.74073663  2.18884705] -228.76097542539551
[ 0.87731321 -3.12733349  0.82591767 -3.16488534  1.73903754  2.1875313 ] -228.7607683183177
[ 0.87375681 -3.12631858  0.82792493 -3.16886143  1.73789566  2.19693009] -228.76088961802282
[ 0.87583022 -3.13407623  0.82693407 -3.16227118  1.74003153  2.18508758] -228.76075982120827
[ 0.87654069 -3.12884522  0.82821677 -3.15982146  1.7347303   2.17991898] -228.7607981264527
[ 0.88061646 -3.13029012  0.83095856 -3.15813478  1.73519668  2.18349976] -228.76076792413255
[ 0.87967212 -3.13172003  0.82582848 -3.16425923  1.74062384  2.17852814] -228.76079899374753
[ 0.87842728 -3.13136219  0.82692724 -3.16319946  1.73925085  2.18163292] -228.76074926150636
[ 0.87845305 -3.1340025   0.82740541 -3.16558393  1.74253226  2.19012772] -228.76083729003363
[ 0.87701878 -3.13013454  0.82801393 -3.16126208  1.73668079  2.18247117] -228.7607452556764
[ 0.88161406 -3.13002903  0.8241364  -3.15943597  1.73534756  2.18282958] -228.76076224706026
[ 0.87843541 -3.12774174  0.82878479 -3.1601301   1.73751702  2.18132618] -228.76075296966178
[ 0.88000087 -3.1338778   0.82933399 -3.15659252  1.73563727  2.17808443] -228.7608066545944
[ 0.87798512 -3.12896956  0.82677175 -3.16281213  1.73818747  2.18516958] -228.76072273355365
[ 0.8758205  -3.13048097  0.8228975  -3.16490219  1.74047505  2.18267257] -228.7607437914943
[ 0.87289171 -3.13089271  0.82930669 -3.16542307  1.74203335  2.18329042] -228.76076220887924
[ 0.8750723  -3.13067679  0.82801412 -3.1639263   1.7403619   2.18317521] -228.76074929817034
[ 0.8784229  -3.12571237  0.82686904 -3.16313958  1.73745949  2.18039496] -228.76073688082442
[ 0.87581355 -3.13137041  0.82437974 -3.16628381  1.73995484  2.18384596] -228.76078717192726
[ 0.87777995 -3.1286489   0.82768352 -3.16166853  1.73812647  2.18195612] -228.76076621605975
[ 0.87820401 -3.12734097  0.8268204  -3.16297586  1.73782348  2.18278227] -228.76072483011535
[ 0.87690281 -3.12972527  0.82483462 -3.16385716  1.73933126  2.18392108] -228.76073572544325
[ 0.87750195 -3.12955205  0.82739284 -3.16203711  1.73743413  2.18382037] -228.760723238151
[ 0.8782062  -3.13016588  0.8268495  -3.1630058   1.73871916  2.18340125] -228.76073682431175
[ 0.87652871 -3.12982318  0.82739294 -3.16336922  1.73927469  2.18417239] -228.76073110716317
[ 0.87821027 -3.12835565  0.82777827 -3.16147112  1.73785224  2.18324788] -228.76077303009086
[ 0.87689933 -3.13016999  0.82557575 -3.16454797  1.73907115  2.18450777] -228.7607446357104
[ 0.87722707 -3.1297164   0.82612638 -3.16377876  1.73876643  2.1841928 ] -228.76073225847784
[ 0.87657702 -3.12820993  0.82626348 -3.16327095  1.73822     2.18461825] -228.76071443190804
[ 0.87576244 -3.12723196  0.82597047 -3.16340352  1.73797041  2.18522675] -228.76072357560827
[ 0.87777182 -3.12814543  0.82875464 -3.16222418  1.73723747  2.18433081] -228.76077149763745
[ 0.87712006 -3.12933031  0.82581463 -3.16344892  1.73880781  2.18402351] -228.7607239734879
[ 0.87741189 -3.1280256   0.82735897 -3.16219263  1.7378161   2.18400266] -228.76076772243056
[ 0.87727327 -3.1292937   0.82643452 -3.16338223  1.73852885  2.18414526] -228.7607333819518
[ 0.87728107 -3.12858975  0.82651761 -3.16304154  1.73820373  2.18489391] -228.76072431417046
[ 0.87703949 -3.12888099  0.82682816 -3.16265403  1.73782706  2.18421931] -228.7607181889063
[ 0.87684854 -3.12877012  0.82603905 -3.16335993  1.7385139   2.18432088] -228.76071929316993
[ 0.87739052 -3.12777545  0.82654194 -3.1631234   1.73802174  2.18370026] -228.76076837434834
[ 0.87655287 -3.12901655  0.82682821 -3.16332008  1.73874734  2.18439532] -228.76072297514224
[ 0.87690205 -3.12896317  0.82619493 -3.16352485  1.73849321  2.18440552] -228.76072727117034
[ 0.87634316 -3.12970139  0.82634854 -3.16326706  1.73864668  2.18525081] -228.76072130663857
[ 0.87664534 -3.12875974  0.82674676 -3.16277968  1.73822636  2.1848273 ] -228.7607214225404
[ 0.8760544  -3.12918983  0.82650045 -3.1631757   1.73852338  2.18431671] -228.76073173962615
[ 0.8769744  -3.12873977  0.82651332 -3.16307508  1.73828365  2.18474961] -228.7607175463354
[ 0.87692312 -3.12867076  0.8260849  -3.16281549  1.73782521  2.1849334 ] -228.76071890436958
[ 0.87692324 -3.12889791  0.82594573 -3.16336784  1.73821247  2.18453678] -228.7607292890213
[ 0.87671481 -3.12879429  0.8265465  -3.16292672  1.73822289  2.18475467] -228.7607209864232
[ 0.8773493  -3.1276539   0.82640993 -3.16276701  1.73765089  2.1839479 ] -228.76076370796608
[ 0.8765947  -3.12918952  0.82636389 -3.16314204  1.73839773  2.18492508] -228.76072564452224
[ 0.87677571 -3.12847485  0.8263884  -3.16317301  1.73825182  2.18468393] -228.76071566869913
[ 0.87680826 -3.12854546  0.82654582 -3.16296249  1.73802353  2.18441878] -228.7607228996553
[ 0.87675007 -3.12844035  0.82617419 -3.16304322  1.7380226   2.18477582] -228.7607166706188
[ 0.87671278 -3.12849003  0.82615127 -3.16331544  1.73836695  2.18446956] -228.76072614235392
[ 0.87664592 -3.12850211  0.82640499 -3.16309883  1.73822144  2.18468646] -228.7607191288442
[ 0.87646009 -3.12895566  0.82630601 -3.163269    1.73843334  2.18493453] -228.76072312058753
[ 0.87662624 -3.12855276  0.82654303 -3.16295706  1.73802396  2.18490303] -228.76072522589624
[ 0.87664788 -3.12853708  0.82644509 -3.16304665  1.73810971  2.18479466] -228.76072268324614
[ 0.87694153 -3.1279476   0.82643464 -3.16292938  1.7378497   2.18439144] -228.7607180283781
[ 0.87663779 -3.12815851  0.82615778 -3.16322486  1.73820156  2.18489808] -228.7607183747779
[ 0.8767948  -3.1280407   0.82616274 -3.1632001   1.738146    2.18455667] -228.76071520722618
[ 0.87684639 -3.12792187  0.82612209 -3.16318167  1.73800911  2.1846216 ] -228.76072291625792
[ 0.87669604 -3.12835705  0.82633426 -3.16311954  1.73816836  2.18467025] -228.7607190579261
[ 0.87679627 -3.12806693  0.82619281 -3.16316096  1.7380622   2.18463782] -228.7607213688622
[ 0.8767211  -3.12828452  0.8262989  -3.1631299   1.73814182  2.18466214] -228.76072087031258
[ 0.87668591 -3.12812532  0.82621311 -3.16323552  1.738183    2.18458746] -228.76072125859437
[ 0.87667637 -3.12834239  0.82632594 -3.16322198  1.73823591  2.18465109] -228.76071800282824
[ 0.87666355 -3.12832514  0.82621883 -3.16315708  1.7381213   2.18469704] -228.7607212615627
[ 0.87675928 -3.12807876  0.82634906 -3.16310016  1.73803485  2.18450484] -228.760718029105
[ 0.87660741 -3.12818422  0.82621063 -3.1632479   1.73821078  2.18475816] -228.76072188982823
[ 0.87663653 -3.12828349  0.82629887 -3.16319524  1.73819418  2.18464425] -228.76072982410122
[ 0.87668665 -3.12813843  0.82622814 -3.16321596  1.7381411   2.18462803] -228.76072076982405
[ 0.87674219 -3.12822244  0.82632223 -3.16315265  1.73810127  2.18447074] -228.76072331663605
[ 0.8766411  -3.12819377  0.82623853 -3.16322409  1.7381834   2.18468631] -228.7607253988242
[ 0.8766267  -3.12827616  0.82629471 -3.16324646  1.73822795  2.18463467] -228.76072548583
[ 0.87666815 -3.12814435  0.82630627 -3.16318556  1.73812742  2.18456155] -228.76071967702205
[ 0.87663184 -3.12817418  0.82624581 -3.16324345  1.73818055  2.18462314] -228.76072318457523
[ 0.87663147 -3.12816762  0.82623829 -3.16325323  1.7382015   2.18460285] -228.76072101714644
[ 0.87662029 -3.12826753  0.82624116 -3.16321401  1.73817065  2.18465764] -228.76072088145855
[ 0.87659221 -3.12819708  0.82623705 -3.16325943  1.73821539  2.1846882 ] -228.76072088446014
