[-0.21985101 -1.6508607  -1.57283293  0.906552    0.95931571  1.76814227] -330.65809576530603
[-0.60713234 -0.77400062 -0.61664257  0.45718042  0.15845076 -0.42300736] -320.57930508563413
[ 0.57586092  2.39509627 -1.69453521  1.95109414  1.43089794  0.83112954] -307.2641694440098
[ 1.17418746 -0.12673459  0.37040096 -0.52677421  0.33486575  0.48929996] -327.1962291563131
[ 2.04097349 -0.42655331 -2.29929564  0.42397145  1.06282918  1.12560277] -331.04685327479496
[-1.13649244  0.75952102  0.94449255  1.07222516 -0.03870372 -1.40686528] -318.95875456578153
[-1.28416275  1.12771775  0.17777063  0.92634482 -2.25450149  2.79653327] -348.5602581375206
[ 1.89334477 -1.06889506 -1.80057491  0.50173817  3.55705336 -2.00176597] -373.6679931207076
[-0.48978587  0.57856454 -0.31681575  0.82019316 -0.80161278  1.59695846] -321.16093731834445
[-2.27537792  0.82041529  1.33731799  1.13618544 -0.38175795 -0.17371691] -336.2089425691404
[ 0.96188564 -0.11481116 -1.39014223  0.60202495  0.70168239  0.80077285] -318.5956907527745
[ 0.3793588   2.55673919  0.67175218  0.55209587 -0.36412226 -1.13871288] -312.8315330288836
[-1.27962256  1.92710434 -1.1710313   2.34504543  0.02733169 -0.40254151] -318.1617319486813
[ 0.12107187  1.67131846 -0.76855311  1.50636216  1.44012505 -2.17670001] -308.18556361611394
[ 0.48115308  3.83898999 -0.51936313  2.21910215  0.90728627 -0.74129841] -303.46938784130475
[ 1.02529579  6.1454853  -0.47072341  3.10006301  1.28170402 -0.90044393] -313.6840520569561
[ 1.54972836  3.33195801 -2.56845015  1.98634974  1.41977074  0.46441514] -302.3408574153729
[ 2.89283876  4.61817651 -4.32492151  2.44341203  2.14900797  1.40005534] -308.5754995562141
[-0.35270215  5.35521325 -0.62658468  2.91799155  0.91874741 -1.85534223] -322.4858262201314
[ 0.63323869  1.25269494 -1.19925284  1.1810166   0.75594865  0.13674408] -308.01515679135974
[ 2.52642646  3.08849462 -0.85510279  0.78696145  1.83597043 -0.472266  ] -314.64585920470046
[ 1.57491421  2.79814705 -0.93408492  1.17648245  1.38381075 -0.45483488] -306.18721622073633
[ 1.26596358  2.53932906 -3.2331653   2.78803988  2.81006872  0.4918647 ] -307.55905288441306
[ 1.90588107  3.71408664 -2.61439741  2.26099949  1.46246931  2.4193734 ] -305.49976954591745
[ 1.81792838  4.95317407 -2.65541253  2.94633935  2.38215259  0.86680575] -300.72113447021235
[ 2.41027323  6.80341363 -3.38349237  3.82900072  3.19525456  1.23183658] -308.20150959222997
[ 1.36919176  4.47115496 -0.42891582  1.39208256  0.18539381  0.63666547] -306.79658531802295
[ 2.32373804  5.3074073  -1.54567278  2.04269111  1.14939655  0.23257929] -302.15181757300525
[ 1.84858929  3.5100994  -3.18354449  2.8185722   2.71623493  0.29234795] -301.28012536762094
[ 1.73409187  5.42042476 -3.42819525  3.58153556  1.96195938  1.63290925] -306.1815811444678
[ 1.69429745  4.76485533 -2.80466767  2.98027228  1.81742222  1.11097322] -300.86636615067204
[ 1.33259713  4.85474139 -1.81130617  2.73677613  2.00161846 -1.67743242] -300.24253273871597
[ 1.04595515  5.42506877 -1.40976055  2.97466445  2.27119304 -3.72583533] -308.5273823769902
[ 3.0411398   5.06842184 -4.33698813  2.95123145  2.9215789   1.17119471] -306.0760847986725
[ 1.12114976  4.14634796 -1.47376938  2.40213448  1.41085943 -0.26317513] -299.84248480346196
[ 1.82970499  5.84691714 -1.92300752  3.32257877  2.40612399 -0.27704892] -301.6829193459728
[ 0.89101763  4.05130446 -3.07156314  3.69286663  3.09540732 -0.21508913] -302.4390866776739
[ 1.96555794  4.99338159 -1.92714537  2.45523499  1.63589924  0.12066218] -299.5731801304134
[ 1.43033499  3.22728277 -2.69560768  2.12386437  1.58193831  0.42710943] -302.3639245720245
[ 1.72986249  5.19200855 -2.11615756  3.02290017  2.20007757 -0.10100933] -299.2784490705888
[ 1.3718751   6.1247369  -1.07927507  2.69598026  1.09977491 -0.27340653] -309.44657046726985
[ 1.72941074  4.16375877 -2.65747713  2.78792422  2.31211992  0.15090933] -298.7036270249934
[ 1.53787136  4.66961545 -1.40908838  2.47016416  2.16348685 -1.41205309] -299.37086714082716
[ 1.32088809  4.38677717 -1.14290214  2.34537203  1.5258679  -1.92750523] -299.4213861997343
[ 1.80231633  4.32922177 -1.76420715  2.42446722  1.74781851  0.53337533] -298.7921798774069
[ 2.24081922  5.09857314 -2.19855653  2.76655312  2.45089724 -0.61536514] -297.9106827276928
[ 2.80065395  5.57468574 -2.5609501   2.94876244  2.97091614 -0.79146015] -298.9758777575172
[ 1.48816481  4.28660336 -1.83565093  2.81722532  2.49752341 -1.24454489] -297.94116196397704
[ 2.18859356  4.85981651 -2.85081042  3.0843727   2.93143994  1.03127597] -300.4442947296096
[ 1.53781446  4.505037   -1.56987921  2.5301222   1.87726091 -1.18780993] -298.1075820349783
[ 1.97159132  4.52211875 -2.63822112  2.97956659  2.19841234  0.59057155] -297.6876494938767
[ 2.1884513   4.4483704  -3.25278749  3.23426781  2.21587508  1.59188387] -299.3033969428472
[ 1.86017647  3.77642905 -2.10517313  2.41238605  2.16126654 -0.48994525] -298.08853087976354
[ 1.80700934  4.45495159 -2.57077887  3.00679194  2.75134161 -1.46543678] -297.5673655031747
[ 1.80935584  4.5178165  -2.97406473  3.29795431  3.25310317 -2.46484283] -299.4120262213467
[ 1.90578113  4.71747886 -1.64860946  2.71629086  2.33344743 -1.62175281] -297.1042153626584
[ 1.99396633  4.9943389  -1.14417563  2.68047418  2.34411118 -2.50808389] -298.52719950643973
[ 2.22003297  4.44701458 -2.7624508   3.03614909  2.92036862 -0.42768118] -297.1208880986116
[ 2.01762313  5.39915104 -2.44624944  3.36180626  2.88939701 -1.10479116] -298.6319695661113
[ 1.89953813  4.18210955 -2.19044221  2.6497411   2.34329916 -0.64365673] -297.2013054435996
[ 2.52675923  4.85414547 -2.8340354   2.90113892  2.50173205 -0.14989548] -297.6513990154519
[ 1.86941816  3.96069979 -2.68295609  2.99667305  2.56530317 -0.62391867] -296.12685036582434
[ 1.68371763  3.39176311 -2.92515587  3.11173301  2.62250613 -0.62819543] -296.0713416498796
[ 2.04268816  4.16036897 -2.33893642  2.82771505  2.95915266 -2.23611102] -298.06557317505985
[ 1.98936553  4.43168131 -2.56339994  2.94160371  2.38859742 -0.11609909] -296.7559188604107
[ 1.30838901  3.68752086 -2.05291032  2.91963099  2.61812141 -1.48437853] -297.8382692144352
[ 2.22216668  4.56248932 -2.63875413  2.90576194  2.53082939 -0.48351624] -296.748981526044
[ 2.16652468  4.12256065 -2.33882527  2.78030129  2.29500777  0.15846961] -296.2449272722419
[ 2.16299141  4.37555306 -2.76862295  3.1808722   2.68695309 -0.39593498] -295.50012743540685
[ 2.29471804  4.47227481 -3.05771333  3.44643775  2.85878006 -0.27207411] -295.26489399980056
[ 1.86739159  4.11906811 -2.2950352   2.93122709  2.08935411 -0.56004151] -295.1878157958426
[ 1.6910709   3.95509487 -2.0613274   2.87876609  1.67384686 -0.62622168] -295.34257569439285
[ 2.16884692  3.64913358 -3.62435179  3.32273074  2.59491086  0.98793389] -297.5697434369198
[ 1.97154758  4.45039254 -2.14254504  2.86790083  2.39881329 -0.96933114] -295.96291651265767
[ 2.0793232   3.94116821 -2.56927634  3.07285026  2.54316616 -0.80213051] -294.42144835671934
[ 2.12430204  3.69591166 -2.57221453  3.13847354  2.62045053 -1.14514622] -293.57463512286404
[ 1.81390051  3.52150098 -2.47174228  3.18626257  2.4308079  -0.6552567 ] -293.4669364278746
[ 1.60976743  3.00100681 -2.38823636  3.32651288  2.38079716 -0.74112692] -292.39199501110033
[ 1.68395675  3.58757836 -2.78814151  3.49379374  2.69522599 -1.59710806] -293.9937737068938
[ 2.16684352  4.38364765 -2.15613945  3.2897156   2.39196758 -1.13341389] -294.0267930613467
[ 1.94411221  3.30276993 -2.94328175  3.67415271  2.61337853 -0.84697244] -292.0141758905273
[ 1.93039453  2.72895862 -3.3436501   4.07727864  2.72066115 -0.78579308] -291.3963536017975
[ 1.49950058  2.69978226 -2.12342572  3.30589609  2.10737212 -1.71546912] -291.8755875549832
[ 1.80419669  2.57989368 -2.82890069  3.94599641  2.88280407 -1.81264425] -290.7094577377445
[ 1.77259924  1.81030647 -3.09583344  4.45338107  3.27952904 -2.43894562] -290.7691841777687
[ 1.38386249  1.71406281 -3.19205019  3.80626817  2.74380276 -1.465682  ] -292.6299156848215
[ 1.76671783  1.88562692 -2.69468436  3.70634817  2.4567366  -0.95817914] -289.751788579102
[ 1.80809837  1.03465119 -2.64795579  3.81262538  2.33749191 -0.63871468] -289.1043450085463
[ 1.22097132  0.8902068  -2.93585842  4.28638565  2.43719252 -1.24133046] -290.6435218207939
[ 1.90711382  2.59743697 -2.23062551  3.77863018  2.21163688 -0.84601085] -289.5178267307575
[ 1.78032434  1.1759697  -2.98190238  4.40909123  2.51825572 -1.60552723] -289.66886867494895
[ 1.98419912  0.96925673 -3.53287191  4.79743975  2.92864196 -0.59453773] -289.5938495082778
[ 1.57124002  0.35351307 -2.37572147  4.26611089  2.38467987 -1.46046198] -288.2609513694551
[ 1.39166277 -0.83420971 -1.89175715  4.36052701  2.21668924 -1.79779643] -289.3266448167564
[ 1.61978564 -0.23954886 -2.73941113  4.50409796  2.05649555 -0.31621672] -289.70515333708823
[ 2.33594912  1.07355281 -2.56697098  4.23627948  2.37520811 -0.57915927] -287.64041301004295
[ 2.89343802  1.16522581 -2.38252725  4.21122639  2.34421591 -0.24807367] -288.3727487703726
[ 2.17585596  2.64100902 -2.70593821  3.92929435  2.8621426  -1.59192052] -289.5122687394033
[ 2.14716113  1.7138369  -2.3714589   3.86436878  2.51501139 -0.29807445] -287.6907516353749
[ 1.99760702  2.16874325 -1.43335171  3.1649966   1.96674829 -1.21024285] -289.0520159512778
[ 2.10485672  0.3976651  -2.46984018  3.97926165  2.60212384 -1.08018041] -288.21871374242687
[ 1.81244817 -0.39368824 -1.91582813  3.84525325  1.86494521 -0.16369069] -289.2388782592657
[ 1.90330012  0.36498607 -2.11335565  3.86626352  2.11424456 -0.52074815] -287.97087637038453
[ 2.21193967  0.98944787 -1.7956105   3.97980159  2.31518012 -1.07757435] -286.2605421175739
[ 2.41386032  0.96684621 -1.36943786  4.06338969  2.30402422 -1.29700419] -285.78060853408505
[ 2.16118212 -0.54527653 -2.98890997  4.92689473  2.79834904 -0.53496663] -288.5601685302393
[ 2.12028834  0.13322841 -2.6000204   4.4864202   2.59044885 -0.70378569] -287.2452183729552
[ 2.77056522  1.19652543 -2.12130652  3.89921688  2.44900712 -0.03252207] -287.2549007388306
[ 2.45885136  1.41866017 -1.91100993  4.15938454  2.18052424 -0.0635842 ] -287.10642749672246
[ 2.84559171  1.80256391 -2.20004588  4.37008967  2.69049676 -0.47062847] -287.2717296432707
[ 2.8345409   0.48328875 -1.88480495  4.54055804  2.34822504 -0.75082017] -287.8478297416566
[ 2.31900607  1.40619986 -2.24979541  4.03341609  2.47331481 -0.41126088] -286.7489322956104
[ 2.64010523  1.23445519 -1.58356769  4.10102621  2.52073056 -0.41376923] -285.24772158294826
[ 2.79218328  1.31490639 -1.09186605  4.03339958  2.59349178 -0.33107421] -284.5359212858546
[ 2.11265982  0.34289159 -1.58109951  3.85498599  2.17310691 -0.47578194] -286.7367158295283
[ 1.96838451  0.66438545 -1.47976987  4.31111515  2.32262982 -1.06164163] -285.83863340368566
[ 2.56802678  1.90473481 -0.62763914  3.66547681  2.09191508 -0.50966333] -286.0799737257922
[ 2.26585556  0.78132793 -0.88885936  3.82787657  2.47230329 -1.29855787] -285.29503232208873
[ 2.38798402  0.58549759 -0.09642852  3.88533184  2.17917556 -1.24664684] -285.0294453709919
[ 2.686105    1.72967454 -0.27023409  4.07387722  2.48140634 -1.43908075] -285.41179040868406
[ 2.27009745  0.10947789 -1.10455944  4.39951987  2.6924286  -1.71500517] -284.8518430714129
[ 2.9703107   1.16485807 -0.12735857  3.78334977  2.58498011 -1.38081471] -284.81379563131765
[ 2.71031836  0.92840126  0.17633585  3.93772859  2.69723767 -1.17338899] -283.89788206434423
[ 2.85854737  0.90917878  0.94922271  3.87489804  2.89384439 -1.11158139] -284.36883515809967
[ 2.44614479 -0.10151816 -0.77401127  3.88185819  2.59179933 -0.94274851] -286.09916150117067
[ 2.62611495  1.27187636 -0.39617838  4.02587246  2.50900459 -1.31499769] -284.4551674295664
[ 2.98648069  1.0103446   0.00884099  4.19385747  2.61313614 -1.08875133] -284.0747652240052
[ 3.06385113  1.34779059 -0.74850002  4.23924407  3.0509174  -1.08803052] -283.62070649420394
[ 3.40178468  1.7289371  -1.07453577  4.41620019  3.48678831 -1.00872236] -284.01868129800965
[ 3.44632225  2.2365812   0.37831738  3.67163078  2.65716063 -0.41068065] -285.64359719355195
[ 2.56415365  0.64125372 -0.73384023  4.2175476   2.6836116  -1.38892404] -284.03001775971813
[ 2.61072332  1.00666624 -0.80104405  4.43253348  2.79748628 -0.74757422] -283.4522736152131
[ 2.43092962  0.92757032 -1.13788679  4.75712534  2.90373937 -0.43095398] -283.8927449126888
[ 2.72836408  0.7538712   0.26040411  4.31552831  2.85697278 -1.93614806] -284.0582943871564
[ 2.92851546  0.62423284 -0.21642273  4.41960738  3.05744937 -1.1592747 ] -282.79269040062854
[ 3.07971572  0.30041108 -0.12654491  4.61647484  3.33167177 -1.0814132 ] -282.34143304175234
[ 2.59922806  0.6491201  -0.66657074  4.39249483  3.19282969 -1.38307501] -283.1254718224394
[ 2.81429933  0.87067646 -1.22712547  4.29647949  3.06094536 -0.3513206 ] -283.6871563922142
[ 3.06189165  1.05976819 -0.39730954  4.42077084  3.36008445 -0.55267681] -282.2685352307127
[ 3.31076064  1.26902543 -0.2290442   4.52238246  3.69832087 -0.1345532 ] -281.95398915544024
[ 3.11587437  0.88616204 -1.44261231  4.89547447  3.68015278 -0.42193326] -282.8244384898788
[ 3.11241842  0.9490487  -0.11097994  4.73638856  3.52284758 -1.2675392 ] -282.2462452472095
[ 2.87905571  0.3390206  -0.37709869  4.95933881  3.69018559 -0.59066551] -281.3728510856439
[ 2.78665801 -0.1653644  -0.19139803  5.31938617  4.00981969 -0.341983  ] -281.1933101115014
[ 3.39082842  0.28946808 -0.12133933  5.06166696  4.34772785 -0.79592474] -281.28028742623053
[ 3.66619047  0.52713021 -0.07406883  5.32476299  4.33735049  0.03529281] -281.0739130544048
[4.19967167 0.46613526 0.22218212 5.79089707 4.90961088 0.74447671] -282.4290149685385
[ 3.33298285  0.17041099  1.1581539   4.96487953  4.0690933  -0.77344025] -281.50090759697264
[ 3.45356389  0.71282859  0.27031943  5.36001405  4.66338149 -0.01130266] -280.2257251304908
[3.64048797 0.91903734 0.46875161 5.73178366 5.32923635 0.52375261] -280.15472694372056
[3.59688437 0.05418718 0.44799831 5.5718987  5.07433527 0.77192061] -281.00322140840285
[ 3.49391672 -0.67073563  0.7917434   6.13574354  5.35753344 -0.05890745] -280.92835173013214
[ 3.52533913  0.1474966  -0.71759152  6.08353448  5.41624107  0.8181572 ] -281.072651626732
[ 3.51233047 -0.01888431  0.36315097  6.32736955  5.49377759  1.37866899] -281.3743117639164
[ 3.42120393e+00  2.12379981e-01 -2.16752339e-04  5.37809261e+00
  4.63424028e+00 -2.52276305e-01] -280.521108568246
[4.32801619 0.56186296 0.49693677 6.08921915 6.03982594 0.95462949] -280.97919449934744
[ 3.66909231 -0.11905406  0.56994277  6.33866106  6.27978697  0.88379924] -281.0160934130033
[3.85786136 0.17172932 1.64264356 5.66493176 5.48874502 0.12281554] -281.23213282713573
[ 3.60846969  0.15355478 -0.12753275  5.9788838   5.43436706  0.64432178] -280.422884701122
[ 3.69390065  0.5291496   0.12261742  5.28987943  4.34339248 -0.02265233] -280.97090625637793
[ 3.79844735  0.51422917  0.13610159  5.96263537  5.30519658 -0.17563135] -281.0322758940923
[3.64727511 0.16919768 0.37002413 5.66958286 5.1320506  0.53503262] -280.40014980704643
[ 2.84040183 -0.12433505  0.04485892  5.30543615  4.03711413 -0.49820585] -281.07532451133534
[3.9561126  0.39031346 0.38391731 5.8932734  5.53914799 0.59142066] -280.3699584206151
[ 3.56192136 -0.13790039  0.50627822  6.3059072   6.13213276  0.68376697] -280.84324652290024
[ 3.7845735   1.23959658 -0.25800282  5.5167643   5.37619157  0.96758023] -281.0352679712016
[ 3.56658092 -0.19315258  0.52930685  5.98099873  5.36219798  0.19771447] -280.34901026611544
[3.71812205 0.68834395 0.03513857 5.23829783 4.34494733 0.06288831] -281.0160984251052
[3.60097153 0.06866069 0.38849331 6.03900485 5.6853364  0.5285473 ] -280.3274299405235
[3.91876201 0.29015715 0.67120357 6.38641649 6.19320518 1.25920612] -280.8363150821492
[3.54559345 0.23182427 0.16763833 5.63017358 5.02398151 0.1255943 ] -280.2283762552972
[3.7105375  0.37507217 0.89690993 5.66938856 5.25628322 0.18969887] -280.25418788361077
[3.69281954 0.42805411 0.57498165 5.97862473 5.60001055 0.18387678] -280.1187155404027
[3.71559176 0.55748233 0.67746041 6.13314567 5.83399052 0.00829886] -280.4126398615598
[ 3.2962177   0.21951854  0.62477658  5.78338464  5.21320068 -0.00835921] -280.3190960341392
[3.59562832 0.94054162 0.51121029 5.62978794 5.34048493 0.31665575] -280.1531832116966
[ 3.55945663  0.96935533  0.69292948  5.43537619  4.90239601 -0.0848076 ] -280.2633428727506
[3.95195677 1.06844307 0.47936384 5.57499358 5.27093018 0.42661612] -280.41293673773004
[3.46015247 0.43174967 0.5884234  5.73128687 5.22763305 0.10038462] -280.1127230532462
[3.65561645 0.1394044  0.37637558 6.02163893 5.69014719 0.56479525] -280.2871712410444
[3.58349659 0.7618676  0.61379101 5.58194187 5.09933381 0.07759311] -280.10091543064476
[3.46218861 0.86261937 0.07802216 5.75847766 5.28394351 0.25292019] -280.13262572361776
[3.59933105 1.2161323  0.77742171 5.84046067 5.60289923 0.35946672] -280.49053741436353
[3.55902785 0.47790128 0.32008417 5.68274535 5.16871094 0.18406241] -280.0636774325793
[ 3.47728316  0.38187387  0.42675262  5.72250449  5.24413591 -0.15192166] -280.10663890262134
[ 3.48269442  0.17414701  0.35614138  5.85540571  5.20077099 -0.10101727] -280.17962210449383
[3.56739485 0.74894297 0.47244306 5.68619239 5.30555644 0.2122375 ] -280.0603995568545
[ 3.65120288  0.21417713  0.92080314  5.70262091  5.26451672 -0.0508426 ] -280.3067884429524
[3.50944218 0.70050881 0.28871741 5.74451347 5.27908682 0.17697949] -280.041201098181
[3.35944615 0.73956062 0.32842224 5.40443675 4.84147511 0.01590171] -280.2234165368281
[3.6094762  0.50593074 0.5133418  5.83507774 5.41037669 0.14188301] -280.04576917490937
[3.6418878  0.76059208 0.28995329 5.68637156 5.27476715 0.11322667] -280.0560438953312
[3.67962533 0.93670728 0.40602429 5.68310964 5.2684747  0.45391572] -280.14604457295974
[ 3.52786870e+00  5.20582225e-01  4.21570537e-01  5.71265577e+00
  5.25022061e+00 -4.62312468e-04] -280.0459293771287
[3.55486927 0.4762851  0.15491241 5.86724355 5.46357241 0.19838248] -280.0704572182576
[3.5620261  0.54768073 0.26963206 5.79591813 5.37251276 0.16818513] -280.03405687814706
[3.58033742 0.78351124 0.43180188 5.80416434 5.46212922 0.08662076] -280.0639489126811
[3.56435524 0.55430377 0.3480136  5.7131001  5.24206551 0.15970199] -280.0349624672117
[3.57095723 0.44758981 0.2379665  5.80968654 5.30412006 0.04093383] -280.06755638486777
[3.56828544 0.67360468 0.41382392 5.71706592 5.30519735 0.16941158] -280.0351349744089
[3.47193015 0.4069449  0.46174648 5.81973882 5.34505276 0.15867297] -280.0839797751595
[3.59939839 0.67218028 0.33290159 5.71971338 5.29233855 0.12458824] -280.0310626431065
[3.60979248 0.69748744 0.30057292 5.79580714 5.38363861 0.31404547] -280.0470065326526
[3.54834965 0.56480853 0.39132113 5.73344362 5.28357511 0.07816463] -280.03069624122793
[3.50780947 0.73176486 0.16812811 5.63950714 5.18121534 0.15046068] -280.06523945548116
[3.58405951 0.56238927 0.42703837 5.78618509 5.35308635 0.14402743] -280.02887078519666
[3.63271593 0.49114694 0.43885948 5.74396194 5.33717173 0.10438018] -280.05051260169574
[3.54026062 0.64816834 0.32625293 5.74437559 5.29360804 0.15882966] -280.0289137493616
[3.56453106 0.50957229 0.28456264 5.78051271 5.30719809 0.10842078] -280.03710834345793
[3.56734685 0.63259658 0.3815086  5.73292762 5.30569753 0.15416388] -280.0292487986307
[3.56945846 0.65497081 0.36153796 5.79108771 5.39154061 0.11628433] -280.0316252575841
[3.57426506 0.69735721 0.4705548  5.70665953 5.26743598 0.09050093] -280.0416873776079
[3.56508584 0.58509985 0.31986275 5.77360348 5.34624356 0.14876408] -280.0269040338383
[3.56537516 0.56677681 0.36475716 5.70566188 5.23330911 0.15322831] -280.03422374969676
[3.56843763 0.63292231 0.36234276 5.76973125 5.35198273 0.12552033] -280.02753917553935
[3.52511498 0.53648134 0.40320726 5.79370884 5.35239256 0.1452351 ] -280.03862297961615
[3.58082754 0.63825555 0.35047801 5.73821224 5.30735205 0.12974996] -280.026630835541
[3.58698968 0.66833544 0.33117334 5.78156814 5.36908165 0.20885382] -280.030135718042
[3.57732967 0.64245371 0.34621029 5.76953701 5.34770501 0.17618152] -280.0267622677548
[3.57132009 0.60383309 0.32921977 5.79428727 5.36096172 0.14019378] -280.0282713241262
[3.60875948 0.57348292 0.38546439 5.79947652 5.39550243 0.12931603] -280.027990030795
[3.5731939  0.66295987 0.27082094 5.76209751 5.35016282 0.13921447] -280.03029130309153
[3.58134311 0.58753192 0.38798402 5.78016319 5.35235547 0.14282419] -280.0261180581072
[3.58927433 0.61608233 0.38822763 5.7492873  5.3394187  0.14392493] -280.0271173317219
[3.5453399  0.6606323  0.3329041  5.7273683  5.28618341 0.1596723 ] -280.03073659972273
[3.59290458 0.59527026 0.37232431 5.78144947 5.36817268 0.1369051 ] -280.0257842062142
[3.59381739 0.58864223 0.35935291 5.76101965 5.33509976 0.16726293] -280.0268306798744
[3.57449505 0.59633551 0.32384312 5.78537438 5.34622414 0.15663767] -280.02756163483315
[3.58557951 0.61114562 0.37213151 5.75830907 5.34112006 0.14710311] -280.0255761547324
[3.60551476 0.63599992 0.40963093 5.75596006 5.33769145 0.15124485] -280.02780149548465
[3.57519307 0.59782486 0.34230479 5.76919263 5.34410553 0.14938428] -280.0255457607599
[3.5705751  0.63551841 0.36445807 5.77126822 5.35183718 0.12678645] -280.0277747057889
[3.58800682 0.60036128 0.3606292  5.76358179 5.33928411 0.15714381] -280.02571362431894
[3.59062187 0.56767612 0.38240699 5.76076579 5.33642496 0.11152196] -280.0275143109098
[3.58065272 0.62375931 0.35525946 5.7673442  5.344885   0.16001663] -280.025545633886
[3.58706574 0.5670422  0.37973309 5.80180121 5.3892889  0.16804242] -280.02742035713624
[3.58238709 0.62045221 0.35779178 5.75410948 5.32783626 0.13932307] -280.0253826580389
[3.58689815 0.62873926 0.332163   5.75116569 5.33611242 0.15380114] -280.02672120937854
[3.58273187 0.59783376 0.37402876 5.77291382 5.34829471 0.14556843] -280.0253885711335
[3.57194578 0.62185542 0.34839085 5.7470342  5.31366922 0.16260801] -280.0263371110004
[3.58766488 0.60191655 0.36634095 5.77284565 5.35454681 0.14333083] -280.025308892128
[3.57672956 0.61728283 0.36198989 5.76798983 5.34764535 0.13776497] -280.02518421572245
[3.57109093 0.62574361 0.36267023 5.77019384 5.35182596 0.12807555] -280.02712216799245
[3.57620689 0.60854422 0.34710704 5.77648947 5.34798449 0.14469296] -280.0257557313865
[3.58323635 0.61049527 0.36587539 5.76285417 5.34283617 0.14650057] -280.0251258754933
[3.58927442 0.62608845 0.38479062 5.76349309 5.3445759  0.14145056] -280.02578302025813
[3.57871341 0.60489076 0.35292625 5.76776774 5.34422313 0.14740085] -280.025153528558
[3.58316833 0.59386448 0.37105821 5.76548269 5.34357581 0.12661294] -280.02542803599164
[3.58253943 0.60133819 0.36710852 5.76594807 5.34390311 0.13496386] -280.0251858614914
[3.58102504 0.62095818 0.34998216 5.75759116 5.33870224 0.13752629] -280.02516726523146
[3.5809158  0.59850838 0.36361594 5.77755606 5.36278267 0.14317272] -280.0255196439854
[3.58201927 0.61496626 0.35924782 5.75997113 5.33657287 0.14028548] -280.0250521560445
[3.57375614 0.62139395 0.35270239 5.75452838 5.3300808  0.13814985] -280.0251563956912
[3.57595382 0.62865756 0.34713278 5.7576194  5.33611708 0.14757881] -280.02521718356786
[3.58089303 0.60816803 0.36211459 5.7638659  5.3419566  0.1381176 ] -280.02509622401334
[3.58315151 0.60967465 0.35229298 5.754203   5.33047859 0.14489524] -280.0256515136825
[3.57833505 0.61538079 0.35956566 5.76454312 5.34335366 0.13954754] -280.02506819776187
[3.57795938 0.60414017 0.3674952  5.76691898 5.34097217 0.14580767] -280.02512961254206
[3.58662936 0.59795315 0.36970591 5.77411197 5.35322406 0.14773672] -280.02537338972667
[3.57697444 0.61553375 0.35695327 5.75942428 5.33586662 0.14054657] -280.0250479159576
[3.58109243 0.61800399 0.37082439 5.75809145 5.33629623 0.13620096] -280.02508257559714
[3.58289081 0.62337586 0.35736517 5.7559977  5.33798854 0.1345919 ] -280.025390383039
[3.57919224 0.60894909 0.36496269 5.76418866 5.34022626 0.14300373] -280.02507726313553
[3.5762658  0.61650536 0.35868075 5.76050735 5.33525457 0.13273339] -280.0250509601002
[3.57706671 0.62161171 0.36129694 5.75837609 5.33390014 0.13932162] -280.0250507045087
[3.5755254  0.61297833 0.34941132 5.76424542 5.3387618  0.14227848] -280.0251274534271
[3.57970067 0.61674758 0.36547113 5.75962994 5.33691263 0.13772034] -280.02501984361896
[3.57759508 0.62463272 0.3554425  5.75662864 5.33372723 0.13371458] -280.02505063234025
[3.57820561 0.621285   0.35946514 5.75363602 5.32739103 0.13522646] -280.0252708852592
[3.57830269 0.61685684 0.35954053 5.76181635 5.339363   0.13846727] -280.0250067787234
[3.57328253 0.62232973 0.35988056 5.75882309 5.33510186 0.13388244] -280.02512506468986
[3.57983508 0.61680712 0.359406   5.75968412 5.33620511 0.13868472] -280.0250475615517
[3.58022576 0.62089121 0.36068937 5.75801246 5.336737   0.14341831] -280.02505943190215
[3.57725579 0.61760182 0.35918291 5.75988362 5.33562518 0.13540462] -280.02498562313696
[3.57948787 0.61444823 0.3573685  5.76064622 5.33866645 0.13552441] -280.0250333555179
[3.57959044 0.60803239 0.36386495 5.76373287 5.34048577 0.14173473] -280.0250338087395
[3.58108307 0.61463092 0.36465807 5.76237343 5.3398861  0.1352988 ] -280.0250477043815
[3.58005592 0.61485662 0.36273187 5.76163614 5.33888123 0.13661074] -280.02504570211033
[3.57829604 0.61270737 0.36331396 5.76276427 5.34043964 0.13646931] -280.02505106110925
[3.57945032 0.61578219 0.36038299 5.76045416 5.33726374 0.13813087] -280.0249992311125
[3.57787335 0.61496639 0.35920513 5.76041825 5.33722436 0.13905001] -280.024999494418
[3.57776646 0.62410196 0.35651878 5.75721664 5.33453269 0.13303111] -280.02507232230727
[3.57913444 0.61204978 0.36202841 5.76210381 5.3389975  0.13955882] -280.02503877063043
[3.57835306 0.61669201 0.35978295 5.76016889 5.33644446 0.13676774] -280.02502131926235
[3.57756457 0.61628411 0.35919402 5.76015094 5.33642477 0.13722731] -280.0250330285272
[3.57777924 0.61722933 0.35936172 5.76084999 5.33749409 0.13693594] -280.0250282434755
[3.57847823 0.6171747  0.36232702 5.75975678 5.3362689  0.13656248] -280.02499787612584
[3.57837183 0.61602503 0.3582757  5.76026492 5.33714582 0.13546451] -280.0250392626693
[3.57842311 0.61281711 0.36152393 5.76180825 5.33805547 0.13856967] -280.02503057519
[3.5775795  0.61657467 0.36218181 5.7606079  5.33629181 0.13835808] -280.0250257801318
[3.57839174 0.61641244 0.36225942 5.76087421 5.33696854 0.1369722 ] -280.02504740696793
[3.57777136 0.61631619 0.35996037 5.76033175 5.33656071 0.13716353] -280.0249891923324
[3.57731595 0.6210458  0.35940833 5.75872473 5.33483958 0.13516113] -280.02501508883614
[3.57780539 0.61790573 0.36158608 5.75897457 5.33451613 0.13620325] -280.02501634726724
[3.57808042 0.61900408 0.35856741 5.75867222 5.33512651 0.13406284] -280.02499923550164
[3.57721599 0.61965744 0.36056109 5.75861234 5.33453454 0.13475154] -280.025040723211
[3.57806879 0.61743336 0.35997748 5.75977975 5.33596698 0.13626369] -280.02499491682954
[3.57785146 0.61828626 0.35822176 5.76007505 5.3369465  0.13533618] -280.02504870318296
[3.57781691 0.61800086 0.360745   5.75924969 5.33512372 0.13598648] -280.02502505496057
[3.57751357 0.61695901 0.35957164 5.76010769 5.33609295 0.13628408] -280.02503657601875
[3.57766229 0.61751759 0.35958019 5.75983169 5.33579608 0.13583416] -280.0250304834524
[3.57786701 0.61738826 0.36075496 5.7598202  5.33594704 0.13598355] -280.02503631903323
[3.57766811 0.61830295 0.35887516 5.75927792 5.33537585 0.13473373] -280.02503963880196
[3.57728587 0.61932381 0.35929562 5.75930418 5.33523238 0.13528287] -280.0250403714305
[3.57753059 0.61775378 0.36038449 5.7594291  5.33507065 0.13580394] -280.02503352650535
[3.57787992 0.61585066 0.36015417 5.7601459  5.3360702  0.13606515] -280.02499863026276
[3.57756828 0.61605409 0.36100096 5.76046148 5.33615819 0.1370581 ] -280.0250308873153
[3.57774105 0.61709639 0.36078092 5.75974964 5.33546284 0.13576576] -280.0249973069133
[3.57734563 0.61656985 0.35960625 5.76001361 5.33544734 0.13599369] -280.0250321482449
[3.5776204  0.6158097  0.35971731 5.76059955 5.33644929 0.13623656] -280.0250250804662
[3.57789695 0.61674024 0.36053257 5.76021035 5.33640659 0.13612776] -280.0249834865824
[3.5781726  0.61682543 0.36099573 5.76030873 5.33688621 0.13619479] -280.02502032795684
[3.57778385 0.61748471 0.35898173 5.75967877 5.33577854 0.13475323] -280.0250045353303
[3.57773036 0.61601025 0.360203   5.76025759 5.3361348  0.13561687] -280.02499375154406
[3.57780891 0.617785   0.36022779 5.75937575 5.33537676 0.13500791] -280.0250424143331
[3.57766753 0.61630352 0.35984493 5.7602936  5.33618116 0.13592939] -280.0250383910874
[3.57757637 0.61717103 0.35985774 5.76004699 5.33601588 0.13576619] -280.0249937416734
[3.57781365 0.61637524 0.36036779 5.76023397 5.33627069 0.13587231] -280.0249791026518
[3.577819   0.61691832 0.36065675 5.75998    5.33593471 0.13594676] -280.0250136954674
[3.57788843 0.61629545 0.36034337 5.76017813 5.3362384  0.13609645] -280.02503365666587
[3.5778404  0.61711247 0.35975715 5.75994456 5.33609256 0.1354405 ] -280.0250382952306
[3.57775867 0.61627497 0.36012494 5.76040495 5.33642794 0.13618216] -280.02505197124054
[3.57785293 0.61726262 0.36038018 5.75979305 5.33589167 0.13556783] -280.0250315196167
[3.57777538 0.61647515 0.36095565 5.76020293 5.33616009 0.13635194] -280.02503249359904
[3.57768966 0.61735208 0.36057352 5.75997764 5.33598815 0.13578114] -280.025041417288
[3.57783874 0.61655961 0.36040091 5.760128   5.33617583 0.13601763] -280.02503835099833
[3.5778553  0.61655774 0.36045018 5.76022216 5.33633864 0.13600004] -280.0249897787202
[3.57769501 0.61677314 0.36011276 5.76014048 5.33614329 0.13581925] -280.02503990268735
[3.57781633 0.61664678 0.36051227 5.76010699 5.3361027  0.13590954] -280.0249978997349
[3.57783329 0.61681893 0.36037398 5.76001351 5.33608118 0.13572007] -280.02498880271537
[3.57779452 0.6164252  0.36066172 5.76021845 5.33621539 0.13611213] -280.0250287189883
[3.57785104 0.61633535 0.36035558 5.76020605 5.33625454 0.13598438] -280.02498826044086
[3.5779597  0.61627994 0.36079441 5.76019323 5.33627776 0.1360469 ] -280.02499690085546
[3.57791525 0.61657946 0.36028968 5.76010685 5.33622645 0.13573229] -280.0250122089651
[3.57788507 0.61654089 0.36038269 5.76013475 5.33622369 0.13582725] -280.0249928965032
[3.57791636 0.61632258 0.36039594 5.76022757 5.33637947 0.13590745] -280.025022143471
[3.57784133 0.61656573 0.36048318 5.76013713 5.33617189 0.13590901] -280.0250220774187
[3.57783235 0.61635529 0.36036168 5.76022001 5.33626262 0.13592835] -280.02499324476156
[3.57782347 0.61659709 0.36037088 5.76012374 5.33617594 0.13579619] -280.0250007646823
[3.57783448 0.61646649 0.36040898 5.76022807 5.33630467 0.13593617] -280.02502769392305
[3.57784936 0.61645807 0.36037524 5.76018436 5.33624719 0.13584978] -280.0249837771374
[3.57788668 0.61632759 0.3605811  5.7602136  5.33627423 0.13595961] -280.0250385828914
[3.57781499 0.61651101 0.36044003 5.76017048 5.3361867  0.13589092] -280.0250458364968
[3.57786501 0.61634891 0.36038186 5.76023077 5.33632508 0.13588988] -280.02503193182747
[3.5777861  0.61653944 0.36017438 5.76019337 5.3362545  0.13579795] -280.02503063359217
[3.57778146 0.61658163 0.36030445 5.76016374 5.33618012 0.13583704] -280.02499197544205
[3.57785883 0.61640516 0.36055529 5.76019126 5.33622591 0.13594199] -280.02502066756404
[3.57781857 0.61645767 0.36036946 5.76014429 5.33614949 0.13580572] -280.02502323315883
[3.57782254 0.61645987 0.36037934 5.76016524 5.33618828 0.13583833] -280.02502091901323
[3.5778305  0.61646428 0.3603991  5.76020712 5.33626587 0.13590356] -280.02501171787594
[3.57778477 0.6165387  0.36017109 5.76018639 5.33624157 0.13578708] -280.02502477394324
[3.57784031 0.61643855 0.36045924 5.76019004 5.33622982 0.13590327] -280.02502345683735
[3.57783151 0.61641665 0.36037151 5.76020917 5.33625894 0.13586105] -280.02503033811155
[3.57779756 0.61647843 0.36033612 5.76019885 5.33622541 0.13585468] -280.0250310483077
[3.577823   0.61636527 0.36036473 5.76022699 5.33626666 0.13590033] -280.02501980033463
[3.57781856 0.61648616 0.36036934 5.76017886 5.33622332 0.13583425] -280.02500602906036
[3.57782208 0.61641976 0.36038344 5.76022055 5.33626828 0.13588794] -280.0250129689893
[3.57783624 0.6163902  0.36046154 5.76021261 5.3362483  0.13590715] -280.02499444097816
[3.57785079 0.61633933 0.36043666 5.76022853 5.33628665 0.13589967] -280.02502325237134
[3.57782327 0.61637533 0.36042299 5.76022467 5.33626236 0.13590617] -280.02499538241267
[3.57779481 0.61646466 0.36035328 5.76020402 5.33622655 0.13586972] -280.0250395313009
[3.57783679 0.61637066 0.36041582 5.7602224  5.33627163 0.13589218] -280.0249855214786
[3.5778272  0.61644052 0.36044224 5.76020403 5.3362482  0.13586634] -280.0250316253487
[3.57782405 0.61638408 0.36038411 5.76022125 5.33626204 0.13589183] -280.02498282349836
[3.57782878 0.61637413 0.36042375 5.76021071 5.3362445  0.13588003] -280.0250393925879
[3.57782375 0.61640836 0.36039352 5.76021809 5.33626234 0.13588596] -280.02503523829733
[3.57781885 0.61637966 0.36037595 5.76022761 5.33626637 0.13588207] -280.02502671414067
[3.57782522 0.61637295 0.3603918  5.76022819 5.33627116 0.13588225] -280.02501228342317
[3.57782495 0.61638272 0.36041466 5.76022329 5.3362595  0.13588973] -280.0249843717702
[3.57781846 0.61637529 0.36039539 5.76022932 5.33626653 0.13588924] -280.02502038044145
[3.57781611 0.6164307  0.36036856 5.76020641 5.336247   0.13585328] -280.0250173261702
[3.57781787 0.6163975  0.36037562 5.76022726 5.33626949 0.13588012] -280.0250150051802
