[ 0.6661623  -0.23014741  0.33305959  1.32637775  0.99149348 -0.94474995] -261.80021491620664
[-1.30358181  0.65066063  0.11703965  1.04822144  1.41656759  0.27877337] -291.6753346235687
[-1.30238772  0.33771212 -0.23841994 -0.00442441 -0.0475858   0.77914609] -293.1389193375723
[ 1.01732185  0.012682   -0.69195678  1.47034022 -0.28951909 -1.60398027] -275.2793553183904
[-2.07741817 -1.53847567 -1.25126261  1.38658221  2.18039677 -2.22626231] -301.15812193052125
[-1.67571044  0.38273174 -0.26679263 -1.1264128   1.1550121  -0.92690231] -293.01707933517446
[-0.40781502  0.21771358  2.89220193  1.357131   -1.40306592 -0.62278798] -321.02058559211076
[-1.15072298 -0.34599244 -3.55831284  0.0097638   3.2051876  -0.92520382] -305.49708140111125
[-0.96499599 -0.20506594 -1.94568414  0.3466056   2.05312422 -0.84959986] -282.9400266208225
[ 0.88968756  1.85466672  0.35367785 -0.36634628 -0.42069927  1.137158  ] -277.1281793664644
[ 0.84534888  0.48413046 -0.46179888  0.90401972  1.68291215 -1.7489131 ] -261.1457191486795
[ 1.91921719  0.55733963 -0.57348834  1.35824179  2.54816112 -3.01294269] -257.6789251364217
[ 2.4169808   0.49731346 -0.53565809  2.85422631  0.94469725 -0.73821149] -263.3921949195788
[ 3.28503971  0.17826886 -1.13705629  1.28159369  0.52585165 -2.28288212] -259.86550353651927
[ 4.36313246  1.16177369  1.19521013  2.29487222 -0.61979584 -1.63226965] -301.7722500104609
[ 0.36703612  0.13664397 -1.16046058  0.83367226  1.3848942  -1.04526731] -263.79658378273933
[ 2.33423176 -1.47063321 -1.60886468  3.40783028  2.45589214 -4.34650261] -261.9579155067844
[ 2.64556744 -0.1230869  -0.86886602  2.21697381  3.23984903 -2.51953845] -252.7200884950291
[ 3.45969024 -0.19097136 -0.95732064  2.5902906   5.00453309 -2.97731755] -266.42501114116106
[ 4.05536361 -0.33362583 -0.30316403  3.31474228  2.18375402 -3.56967514] -263.3022038900515
[ 2.55154653 -0.97127509 -0.8504685   1.44769356  3.0369699  -4.82055216] -262.442091677626
[ 0.41189137 -0.35288555 -1.26539738  0.36482801  2.08231842 -2.40604753] -266.8520637943626
[ 3.14449555 -0.33844076 -0.54372237  2.57726371  2.15839512 -3.27876824] -253.1393528125743
[ 2.11335812  0.49570849 -0.6158442   2.60840012  0.93624428 -0.64124253] -261.0912678629584
[2.25704834 1.65051385 0.47355881 0.38178668 1.01077275 0.11979462] -256.03923807531476
[ 4.45541315  1.03691513 -1.4215324   2.14837551  2.48159784 -2.92710985] -256.70051959590063
[ 3.78890235  0.49146145 -0.74119133  0.71301161  3.05196489 -3.99257305] -263.7860754931037
[ 2.53224417  0.49464673 -0.64718098  2.13455299  1.46517443 -1.47907516] -252.73044170327444
[ 2.3662889   0.91436037 -0.05668748  2.32413781  3.77546512 -2.0829978 ] -258.6757269884497
[ 2.59597661  0.73033749 -0.32677968  2.06350178  2.96306175 -2.13296888] -252.27032551213247
[ 3.9576979   0.59295555 -0.5380192   2.48257637  1.89145585 -1.05961263] -250.5171495532178
[ 4.97693826  0.61076351 -0.52028463  3.04474367  1.56310322 -0.0829476 ] -263.34209492291546
[ 1.25559685 -0.03460648  0.60452925  1.80384294  1.76130514 -0.52294639] -256.12325024349843
[ 2.05555093  0.23327392  0.09801383  1.88997608  1.94137832 -1.12398726] -250.796044757744
[ 3.38679586 -1.12061851 -1.41574361  4.07316157  3.54233209 -3.98444483] -259.61926896950115
[ 2.53948522e+00  9.57730759e-01  1.23320091e-03  1.30463040e+00
  1.64366258e+00 -9.06265242e-01] -250.53209082945307
[ 2.29767854  1.30039327 -0.21681058  1.45347343  2.2231322   0.20495236] -252.9934318039195
[ 2.50938279  0.89068477 -0.29853853  1.734421    2.20694793 -0.66597779] -249.87719954609562
[ 2.90230946e+00  5.99318466e-01  2.86218554e-03  1.76280682e+00
  3.16361072e+00 -1.32370826e+00] -252.23142308536856
[2.87456686 1.45785389 0.51512329 1.52899701 1.36352335 0.1153651 ] -251.66481510668171
[3.01702111 0.84693496 0.25367127 1.50430079 1.10713117 0.47824019] -250.12538804415726
[2.74892548 1.06049281 0.00763244 1.71882706 0.22108901 0.26962905] -261.81997510282594
[ 2.86396346  0.71461205  0.00405475  1.75181188  2.4279803  -0.92537393] -248.468749780828
[ 2.77313362 -0.04578988 -0.67498484  2.0269085   2.37599536 -1.51635732] -247.67784647829552
[ 2.72241699 -0.79761177 -1.27003891  2.27586424  2.88223137 -2.33221853] -250.1460238597832
[ 3.83134378  1.08576881 -0.51554162  1.71157357  1.94301275 -0.40779498] -247.93126106222502
[ 3.778029    0.40399133 -0.59101926  2.43256697  2.34051187 -0.45936024] -245.82427218946714
[ 4.39730089  0.12712161 -0.88714549  2.99653525  2.68893652 -0.23590775] -247.00349638948006
[ 2.29992669  0.70577846 -0.06943354  1.23795119  2.24240394 -0.10592873] -252.18739753026094
[ 3.5432551   0.62116128 -0.42087279  2.17142008  1.97919288 -0.82119165] -247.43528264700856
[ 3.4160148   0.37654116 -1.08597204  2.43859988  3.31741586 -2.0769255 ] -249.77856137170116
[ 4.22586379  0.16141015 -0.79624007  2.44320596  2.58775507 -1.40302342] -247.36690861650087
[3.58918145 0.60384342 0.08777076 1.74056244 1.23406688 0.23255831] -248.80702630998886
[ 3.54588979  0.54701786 -0.20566494  1.9150718   1.75490413 -0.34481264] -246.80069130336827
[ 4.36854156  0.20990779 -1.07216259  2.4817704   1.89914373 -0.72547282] -250.80032278787314
[ 3.24010799  0.58843599 -0.26499959  1.93430151  2.29577115 -0.87539865] -246.67516884618536
[ 3.20408265 -0.32702658 -0.46905221  2.59625137  2.5016974  -1.39891966] -245.7868283007204
[ 2.89045209 -1.03342427 -0.4458075   3.03859027  2.78103973 -1.894482  ] -246.85501026018702
[ 4.40594249  0.71078656 -0.24096477  2.4706974   2.11061547 -0.25121144] -248.41438127033024
[ 3.18133583  0.14335423 -0.56647983  2.13785572  2.30965039 -1.20007085] -246.38167682450873
[ 3.51518125 -0.11543362 -0.54361251  2.3149977   2.61757047 -1.07267017] -245.2239550671933
[ 3.50114433 -0.48373107 -0.60498237  2.38678651  2.93675926 -1.19840943] -245.58735262590142
[ 2.59567838  0.25203625 -0.08403604  2.00047573  2.01894673 -0.38072065] -247.4498172246427
[ 3.81831744  0.18406668 -0.61818906  2.3325234   2.44555299 -1.14744773] -246.0631560427562
[ 3.3664616  -0.25455518 -0.81211921  2.66776043  3.08201396 -1.70647647] -246.71470483485416
[ 3.41131865 -0.05416192 -0.66050564  2.47958827  2.7502365  -1.36606051] -245.91539429212338
[ 3.72931362 -0.51017262 -0.88461992  2.83029296  2.69263539 -1.3394444 ] -245.75874434409266
[ 3.97074504 -0.28293314 -0.68918637  2.85755117  2.80641782 -1.06123006] -245.28402970255706
[ 3.38457263 -0.47931219 -0.66114291  2.83789274  2.7908035  -1.08511395] -244.9196046759824
[ 3.16770023 -0.81100162 -0.68261983  3.09057742  2.96342875 -1.05394706] -245.02854475455325
[ 3.78265608 -0.38280035 -0.61903875  2.8102627   2.49964231 -0.77285232] -245.00660353558297
[ 3.41748809 -1.10321749 -0.69786496  2.98318258  2.96241042 -1.78404994] -245.62819801068918
[ 4.06256959 -0.63092989 -0.89610293  2.94847525  2.95479589 -0.97286729] -245.06641897141748
[ 3.64842394 -0.48803628 -0.48436289  2.75382775  2.85124475 -0.91015017] -244.15265567735884
[ 3.6079791  -0.47696811 -0.28423438  2.71559514  2.93054942 -0.69550306] -243.78765017048357
[ 4.02374647  0.31375839 -0.53324099  2.51174232  2.57084938 -0.10269567] -244.92244026014424
[ 3.48815667 -0.30762878 -0.48993778  2.52210412  2.64831917 -0.5060041 ] -244.14635939922823
[ 3.93471226 -0.53919336 -0.61762007  3.13369306  2.8474161  -0.30567529] -244.08950337845232
[ 3.34470482  0.00688176 -0.17230203  2.56195478  2.4743974  -0.18308085] -244.453987086258
[ 3.47863457 -0.11135375 -0.30045397  2.61739802  2.92113601 -0.18650532] -244.24375786975938
[ 3.05584021 -0.94961653 -0.30865606  2.95113697  2.96669115 -0.88459852] -244.59769308819324
[ 3.58543658 -0.31331406 -0.06325852  2.66273462  2.80536626  0.16465824] -243.32831720881896
[ 3.68586855 -0.230315    0.23568367  2.57515556  2.81264764  0.78954434] -243.50547519459022
[ 4.09070112  0.3690911  -0.33394619  2.45335628  2.57570364  0.31389506] -244.56763119316804
[ 3.8319859   0.03941419 -0.32762366  2.57780145  2.67345051  0.01427166] -243.8961201128008
[ 3.96426354 -0.57656305 -0.5220741   2.84782069  3.13434843 -0.32183844] -243.64527681940268
[ 3.99221011 -0.61339731 -0.46779554  2.869185    2.75868062 -0.36352501] -243.5500171545399
[ 4.15070583e+00 -5.19045113e-01 -2.70930976e-01  3.08017254e+00
  3.06828460e+00  3.46679786e-03] -243.02389603196733
[ 4.4819804  -0.62475328 -0.16142757  3.35920675  3.27826732  0.25820225] -243.15043123617417
[ 3.77614809 -0.28076446 -0.02768565  2.45074342  2.94281052 -0.09381464] -243.86030370191895
[ 3.86026185 -0.96609823 -0.21770273  2.96428235  3.20656277 -0.44979037] -243.06725929364035
[ 3.94413758 -0.87436416 -0.58097976  3.26252003  3.02512018 -0.46036264] -243.68207081987674
[ 4.2243594  -0.81062587 -0.42334616  3.1799766   3.06890486  0.21970592] -243.0014867735411
[ 4.53254955 -0.97745475 -0.49290205  3.41216733  3.13808258  0.67731041] -243.6666804260966
[ 3.98160819 -0.39198371 -0.07405625  2.60553724  2.988929    0.21125502] -243.31849766917605
[ 3.96726378 -0.62825838  0.01637738  2.93947543  2.83122761  0.25042864] -242.4772629961985
[ 3.9687639  -0.65410605  0.28560311  2.9853028   2.6796672   0.53656218] -242.44802825107936
[ 3.9315018  -0.6049937   0.21323169  2.95681705  3.18055761  0.59214427] -242.59409608652211
[ 4.45363041 -1.0023035  -0.09914191  3.26129491  3.25893576  0.20645636] -242.60576622884136
[ 4.21479954 -1.12707377 -0.09670608  3.53707818  3.16537527  0.15826004] -242.7864142085524
[ 4.45432511 -0.60661777  0.08727263  3.369265    2.93401233  1.0219889 ] -243.45516948195973
[ 4.00877767 -0.87622811 -0.14145889  3.06552802  3.13842516 -0.08184555] -242.52699795942166
[ 4.11657175 -1.17273189  0.18365823  3.24849331  3.09567068  0.54029428] -241.81775702240364
[ 4.09950471 -1.49957527  0.41095284  3.3326537   3.10936372  0.80870801] -241.58246670126277
[ 4.00129994 -1.11080093  0.61417308  3.19958162  3.10853671  0.52038918] -241.64066746158932
[ 3.93969327 -0.78892875  0.52449272  2.72998119  2.99312012  0.70254478] -242.58944507796622
[ 3.52955002 -0.84257411  0.73480676  2.82865988  2.81095442  0.81971126] -242.80919499480962
[ 4.22261031 -0.96237115  0.10934526  3.15313615  3.14694042  0.35977009] -242.0664576816792
[ 4.1487148  -1.35900972  0.38780434  3.19857744  2.87812683  0.35656529] -241.74811356508062
[ 4.21019717 -1.36510166  0.03098053  3.58161206  3.02723323  0.13083829] -242.9508261300156
[ 4.00731924 -0.93297198  0.40111467  2.94288891  3.0016484   0.55961816] -241.974582530014
[ 4.14062664 -1.29671692  0.87778999  3.20518552  2.83633593  1.12904986] -241.72224609392768
[ 4.23792798 -1.73304261  0.64812361  3.35870498  3.34731681  0.70813802] -241.60688411185924
[ 3.98918746 -1.681668    1.00397426  3.25939457  2.94683571  1.00105276] -241.54702687665662
[ 3.87247603 -2.04131642  1.45128876  3.31252378  2.84678335  1.32169409] -242.13084706756499
[ 4.1984346  -1.96063251  0.91315804  3.57514371  3.07385684  0.94834955] -241.53348975236935
[ 4.29399227 -2.47446277  1.16917972  3.89127111  3.10996106  1.14271525] -242.23218858576433
[ 4.07361231 -1.73513569  1.10158626  3.44497725  3.26262174  1.34866384] -241.85559992170474
[ 4.12993918 -1.45304121  0.56624982  3.2601774   2.97425056  0.60458993] -241.4932843500363
[ 4.07813799 -1.84953659  0.50775389  3.4566998   3.35038418  0.40135929] -241.58809280656476
[ 4.24307736 -2.2816978   0.73589774  3.54800977  3.15879923  0.97034334] -241.62982996191514
[ 4.182633   -1.98897358  0.70546657  3.46090273  3.1462336   0.8578548 ] -241.4590259999428
[ 3.98801766 -1.74476644  0.72106153  3.42295232  2.8529914   0.83250009] -241.69664563450564
[ 4.1754504  -1.73597357  0.66635809  3.37476681  3.22373545  0.73922854] -241.44407783057815
[ 4.18024513 -1.59041812  0.91429932  3.29764651  2.80770778  1.25190191] -241.76072516902883
[ 4.10366477 -1.78475697  0.60939025  3.41693648  3.21471508  0.61399494] -241.43616741731284
[ 4.16026509 -2.03544001  1.07724617  3.44978686  3.08384536  0.77964882] -241.36293653328102
[ 4.19064529 -2.30337237  1.41039284  3.50835345  3.07108618  0.76511923] -241.5083869432824
[ 4.32760822 -1.97127129  0.50864873  3.58651009  3.29204326  0.51350277] -241.60458643001957
[ 4.07379265 -1.75406882  0.88014287  3.34117345  3.0331376   0.87916526] -241.4101676444452
[ 4.07681377 -1.62345221  0.58845989  3.19277087  3.15144904  0.54314455] -241.58542281263948
[ 4.16802939 -1.87633743  0.8319835   3.4795505   3.09325489  0.8470483 ] -241.4049826933075
[ 4.15800593 -2.27214225  1.023946    3.58086155  3.29072344  0.96772363] -241.58464938953244
[ 4.13695586 -1.65781647  0.68067387  3.34034843  3.05336878  0.69537335] -241.39286064598863
[ 4.09008638 -1.62582418  0.87646501  3.33995145  3.08778546  0.66029828] -241.34487788592838
[ 4.04381307 -1.44424947  0.96196423  3.27947581  3.05856138  0.56152001] -241.4037384963659
[ 4.06881432 -1.84210772  0.98560913  3.41448224  2.96496693  0.75261445] -241.43695612408618
[ 4.09547334 -1.81557419  0.90579637  3.40455339  3.02965906  0.74926797] -241.37433923668948
[ 4.13786947 -1.80359672  1.14137902  3.36818489  2.91230197  0.92293905] -241.48748261569412
[ 4.11221595 -1.78946691  0.74238744  3.40474858  3.1391118   0.69123097] -241.37289447768433
[ 4.18054936 -1.84608424  0.82470791  3.46513962  3.12920419  0.59512397] -241.3461705476858
[ 4.09048594 -1.71373123  0.87044209  3.32195895  3.08106999  0.54326616] -241.32298527232396
[ 4.05171421 -1.63242813  0.88967139  3.24316317  3.07497754  0.39137508] -241.35558650608385
[ 4.10606949 -1.95089044  1.0850078   3.45503118  3.13018984  0.6442387 ] -241.33804963156678
[ 4.15108406 -1.83823815  0.91962244  3.40765216  3.18740982  0.55533433] -241.307176730994
[ 4.17888943 -1.84957013  0.92653547  3.40920155  3.26628519  0.45836751] -241.33276627781393
[ 4.1472975  -1.88060251  1.1421097   3.40842483  3.09405642  0.56807245] -241.30799368224072
[ 4.09492581 -1.58301691  0.82887215  3.3495992   3.15272654  0.40912914] -241.34562586169443
[ 4.04610037 -1.68468356  1.08279848  3.29573297  3.1152085   0.53165571] -241.36572015077928
[ 4.14693711 -1.80573407  0.88923056  3.42278796  3.12570527  0.57925691] -241.3134689860618
[ 4.14906101 -2.02198995  1.09875372  3.43566964  3.08267905  0.7743598 ] -241.3598869292606
[ 4.10845961 -1.69276017  0.89634254  3.37111681  3.13521467  0.5004368 ] -241.31342031837184
[ 4.16002485 -2.00149468  1.0577867   3.45570584  3.16342988  0.46990351] -241.3121968911785
[ 4.16202687 -1.69329649  0.84017021  3.340851    3.1321055   0.42785135] -241.3114218928693
[ 4.2014574  -1.92364413  1.04464529  3.48022059  3.19823719  0.49035229] -241.29448712541245
[ 4.25694313 -2.02860058  1.13174689  3.55935141  3.25682079  0.46389536] -241.3249375561896
[ 4.16317965 -1.87094464  1.07766174  3.39853579  3.17777923  0.42472667] -241.2910283343412
[ 4.17130093 -1.90354992  1.17187733  3.3864097   3.20381621  0.34746155] -241.31382151102918
[ 4.21989716 -2.04331336  1.13098948  3.45934659  3.18245801  0.47831006] -241.30903806644562
[ 4.18828936 -1.74851841  0.99394625  3.37597114  3.16058551  0.51164554] -241.2776856441605
[ 4.20242162 -1.62203027  0.96202603  3.33610379  3.15916332  0.53251656] -241.28741702675407
[ 4.19504151 -2.0751239   1.26282143  3.5025327   3.20140322  0.5816291 ] -241.34026697914143
[ 4.17028053 -1.78875335  0.94583301  3.38127143  3.14942993  0.46629579] -241.28796457712454
[ 4.12063234 -1.6402537   0.91028333  3.35801205  3.14004136  0.52716563] -241.31141908195127
[ 4.19508096 -1.94254845  1.07581294  3.43401296  3.17185385  0.49052395] -241.29000903410412
[ 4.20915983 -1.8236132   0.87706419  3.41746319  3.25437543  0.41155374] -241.32033584133998
[ 4.16276308 -1.86635518  1.07584832  3.41068442  3.13413617  0.52894277] -241.28889602007877
[ 4.20926626 -1.8753499   1.15162675  3.41924661  3.14326414  0.41549468] -241.29122279439457
[ 4.16149588 -1.77384584  1.06226438  3.32635353  3.11411242  0.45552417] -241.28334370148923
[ 4.13776356 -1.78830539  0.92549547  3.35636314  3.15936823  0.54372496] -241.30964633070573
[ 4.19139059 -1.85358877  1.09509393  3.40352574  3.14729016  0.44755225] -241.28110210820483
[ 4.19325381 -1.78692536  1.00527121  3.37873729  3.11469012  0.54210149] -241.28105055632992
[ 4.16074346 -1.66344719  0.98360609  3.32483489  3.10156092  0.49349672] -241.28943093958566
[ 4.16932784 -1.7332225   1.00665781  3.35212941  3.11913415  0.49275353] -241.28108579969486
[ 4.19524959 -1.6952629   0.96050721  3.32864509  3.13427793  0.44301482] -241.2846600564494
[ 4.19605516 -1.74170125  1.09541392  3.34051597  3.1139335   0.49790148] -241.27383561014918
[ 4.20894248 -1.7181752   1.17020437  3.32013825  3.09618528  0.51370433] -241.27923398814627
[ 4.17135462 -1.85067115  1.12570863  3.39709927  3.12230402  0.539478  ] -241.2870961767855
[ 4.18927585 -1.73411496  1.00180756  3.34575864  3.13128445  0.46713061] -241.2777317067318
[ 4.21436832 -1.75884457  1.00379918  3.4058592   3.14819355  0.53083746] -241.2796987104661
[ 4.19213286 -1.64752025  0.94053805  3.3294648   3.11531693  0.56657112] -241.29102913636956
[ 4.19157616 -1.80207164  1.05645496  3.38501051  3.13929686  0.47730697] -241.27602798889257
[ 4.22161172 -1.79083623  1.04557322  3.39182151  3.15019384  0.51622099] -241.27161061524038
[ 4.24775366 -1.81964309  1.06503093  3.41166756  3.16572368  0.52795472] -241.27069535619557
[ 4.21585236 -1.74803928  1.06687972  3.37619039  3.17164906  0.46215744] -241.2698222148523
[ 4.22715163 -1.72859624  1.09768398  3.37491694  3.20012854  0.42218541] -241.271974218671
[ 4.19523253 -1.7725183   1.08937861  3.33917887  3.14596414  0.45052813] -241.27630464390626
[ 4.22231056 -1.81004903  1.12056057  3.39708618  3.16776646  0.50870081] -241.26911729129014
[ 4.23882791 -1.84801606  1.17993707  3.42274995  3.18600747  0.52948591] -241.2721350429396
[ 4.23463744 -1.81615579  1.17062665  3.37391202  3.14085906  0.46320431] -241.27254874433555
[ 4.24082925 -1.80670172  1.10227698  3.42228201  3.15377873  0.52854711] -241.27586126052458
[ 4.26090332 -1.77869175  1.15047463  3.3888742   3.16527331  0.51884832] -241.26518566090664
[ 4.29556691 -1.7670018   1.19748446  3.39080604  3.17826154  0.539619  ] -241.2648626348463
[ 4.22989611 -1.76082836  1.13638844  3.34111071  3.15895236  0.47129881] -241.27104173311136
[ 4.28595052 -1.83220453  1.15690967  3.42307499  3.21380389  0.49307688] -241.26516838269092
[ 4.26447259 -1.76309957  1.07712462  3.40606661  3.21119328  0.53773158] -241.2642346328185
[ 4.27939017 -1.73657147  1.0303736   3.4221439   3.24636039  0.57499522] -241.27174361745074
[ 4.28073942 -1.81918408  1.09160822  3.46051988  3.21051361  0.55178134] -241.27201751726759
[ 4.24260694 -1.77541729  1.12519338  3.370963    3.17184267  0.49141944] -241.2657656333223
[ 4.2611663  -1.74562741  1.18301988  3.37639484  3.20578195  0.482947  ] -241.26728795581926
[ 4.30817225 -1.81642726  1.21988447  3.41194017  3.2112342   0.55567414] -241.26776866108023
[ 4.33033461 -1.75654359  1.19931159  3.39599571  3.22960605  0.52478854] -241.26535694206746
[ 4.25186037 -1.73020414  1.09313006  3.3758269   3.19226226  0.46752001] -241.26553545817362
[ 4.29576435 -1.7958629   1.10003139  3.41118291  3.19320794  0.53510482] -241.26710743944102
[ 4.28711484 -1.78330402  1.12077851  3.40248589  3.19635145  0.52206537] -241.26452352274572
[ 4.32915967 -1.76870193  1.15638625  3.42712238  3.23531681  0.53684769] -241.26377283062018
[ 4.37243604 -1.76534426  1.17198269  3.45520206  3.26705388  0.55956181] -241.2680168483992
[ 4.34567267 -1.82674768  1.20953497  3.43935697  3.22924874  0.58385634] -241.26771479653002
[ 4.27531345 -1.75434002  1.12223129  3.39170942  3.20150888  0.49660409] -241.26229263625564
[ 4.24885805 -1.7996737   1.07766001  3.4177594   3.18253923  0.517193  ] -241.26789401608224
[ 4.30996547 -1.76732612  1.1688987   3.40143663  3.21783934  0.52288965] -241.26321981899986
[ 4.30124712 -1.70238663  1.12405827  3.38346733  3.19968654  0.55884225] -241.26282170925376
[ 4.29352414 -1.74605097  1.05900808  3.41329004  3.24237056  0.51870787] -241.26778158135735
[ 4.29505621 -1.76176409  1.16286537  3.39642704  3.19428879  0.53439122] -241.26192234875327
[ 4.30462334 -1.72256877  1.14974299  3.39959058  3.2235931   0.54037013] -241.2608577000678
[ 4.31337759 -1.69220114  1.16422523  3.39814292  3.23721393  0.54952251] -241.26246999513296
[ 4.34064916 -1.72926295  1.21760301  3.39385118  3.21288455  0.52558343] -241.26714075975073
[ 4.28351674 -1.75464042  1.11224421  3.40301275  3.21161609  0.53469454] -241.26322148536673
[ 4.26074777 -1.71897342  1.12362736  3.36475887  3.18086077  0.52574961] -241.26425755312872
[ 4.3120567  -1.7562698   1.14819653  3.4115315   3.2217028   0.53407317] -241.26267327705273
[ 4.31590403 -1.73357806  1.1797535   3.39170808  3.20792373  0.52769563] -241.26187891466424
[ 4.29143481 -1.709643    1.12671729  3.39004135  3.19839527  0.54110251] -241.26245006915434
[ 4.29688239 -1.77700129  1.17244405  3.41020199  3.21611765  0.49923667] -241.2637418909511
[ 4.30015594 -1.72104029  1.13615472  3.390151    3.20379432  0.54394085] -241.26176471952215
[ 4.2821059  -1.71137494  1.14429186  3.37501099  3.1881319   0.52729498] -241.2626938257627
[ 4.304569   -1.74504609  1.14722036  3.40240137  3.21331008  0.53237862] -241.2625540496043
[ 4.2895936  -1.72259866  1.14526803  3.38414112  3.19652462  0.52898952] -241.26184807630685
[ 4.30211404 -1.76232029  1.17195468  3.39453439  3.21081588  0.51622797] -241.26349600655624
[ 4.29410462 -1.72281233  1.13802664  3.39116461  3.20150042  0.53488387] -241.26162795570278
[ 4.32449913 -1.70711404  1.18170579  3.39268472  3.20769945  0.57348631] -241.2635718757731
[ 4.28760987 -1.74253353  1.13709992  3.39195324  3.20305652  0.51582465] -241.26145356557788
[ 4.30227425 -1.69327978  1.13248323  3.38647583  3.21784211  0.52951033] -241.26230486558117
[ 4.29686072 -1.74464302  1.15526983  3.39393924  3.20017712  0.533171  ] -241.2614294786058
[ 4.27507867 -1.72515413  1.10743387  3.39193851  3.20162498  0.53803105] -241.2623343394266
[ 4.30569769 -1.73147208  1.16167359  3.39176569  3.20634904  0.53027948] -241.26158819867868
[ 4.30675713 -1.73909134  1.14738787  3.402047    3.21629889  0.53716714] -241.262509685675
[ 4.29388448 -1.72672183  1.14579799  3.38861759  3.20146819  0.53103393] -241.26155852375177
[ 4.2941043  -1.74254355  1.1597156   3.39552599  3.20825381  0.5179135 ] -241.26138042319664
[ 4.30015551 -1.7473486   1.16507334  3.39596616  3.21279884  0.52131369] -241.2612759171938
[ 4.28671505 -1.74398102  1.14255963  3.39676524  3.21010016  0.52292948] -241.26128076680388
[ 4.29613845 -1.75448433  1.15735578  3.40262923  3.21785833  0.51947356] -241.26098335648658
[ 4.30525592 -1.74265623  1.17280581  3.40285224  3.22120394  0.53589914] -241.26107771789796
[ 4.29880347 -1.73988448  1.16048122  3.40383724  3.23109227  0.51946217] -241.26127794684632
[ 4.30312628 -1.74109759  1.15629065  3.40502091  3.2306284   0.53523588] -241.26104164848334
[ 4.31598594 -1.73869898  1.17802364  3.40653354  3.2356248   0.53432204] -241.2630715536393
[ 4.29403277 -1.74266051  1.15142563  3.39920732  3.21648132  0.52577762] -241.26099892260564
[ 4.30230729 -1.74372086  1.15708352  3.39791824  3.20976237  0.53989451] -241.26103381794337
[ 4.30167251 -1.7350475   1.14982812  3.40644001  3.22704365  0.54423659] -241.2608330018913
[ 4.30243101 -1.72889695  1.14220552  3.41167693  3.23416605  0.55569804] -241.26110753112755
[ 4.29537763 -1.73720362  1.13443642  3.40074986  3.22058512  0.53243029] -241.26096798799273
[ 4.29492438 -1.73746427  1.14366684  3.3971575   3.2078129   0.53215835] -241.26104652251007
[ 4.30107581 -1.74018926  1.1531347   3.40305506  3.22492452  0.5344665 ] -241.26090560610643
[ 4.29533288 -1.7336638   1.1415577   3.40597244  3.23373298  0.52569039] -241.26131789360912
[ 4.30056369 -1.74120659  1.15320206  3.39993179  3.21575502  0.53634348] -241.2608654123179
[ 4.30578436 -1.73423951  1.14780773  3.40492486  3.22677193  0.54332923] -241.26085854823484
[ 4.30689399 -1.71566742  1.1386949   3.40226815  3.22836612  0.55758518] -241.26139392511354
[ 4.29882734 -1.7447801   1.15269056  3.40253896  3.22048528  0.52900146] -241.26081769047215
[ 4.30880472 -1.73547363  1.16769897  3.40474389  3.22560605  0.5434855 ] -241.2611070432673
[ 4.2987344  -1.73677112  1.14275206  3.40174837  3.22184035  0.5351941 ] -241.26085630731828
[ 4.30232607 -1.7313486   1.14553981  3.40200313  3.22023859  0.54169183] -241.26084029446426
[ 4.30342565 -1.72704527  1.14291836  3.40581684  3.23090261  0.54159763] -241.2610857991495
[ 4.30127918 -1.73766626  1.15063114  3.40140305  3.21954192  0.53765702] -241.2608186890854
[ 4.29670325 -1.73515461  1.14925383  3.39964984  3.2174757   0.53272115] -241.2609289332274
[ 4.30351409 -1.73446829  1.14816926  3.4036061   3.22444787  0.54067721] -241.26082065063548
[ 4.29749452 -1.75079186  1.14679399  3.40632263  3.22093945  0.5357826 ] -241.26238500808645
[ 4.30284113 -1.72962454  1.14900574  3.40127359  3.22292969  0.53922325] -241.26088649566458
[ 4.30005326 -1.74122318  1.15166085  3.40197101  3.2200136   0.53332924] -241.26080351827974
[ 4.30117071 -1.73962419  1.15042991  3.40307253  3.22246658  0.53483933] -241.26080252153116
[ 4.30024992 -1.7399138   1.15125934  3.40448948  3.22376446  0.53661903] -241.26076729652075
[ 4.3005767  -1.73806435  1.14911519  3.40227104  3.22036193  0.53534664] -241.26076775981556
[ 4.29878087 -1.74077561  1.14772131  3.40214366  3.22116282  0.53209778] -241.26074610132852
[ 4.30172534 -1.73367443  1.15121678  3.40106477  3.22203919  0.5346858 ] -241.26084758906532
[ 4.29816093 -1.74778598  1.14974228  3.40443079  3.22071236  0.53239203] -241.26070626803283
[ 4.29637873 -1.75484175  1.14900503  3.40611381  3.22004895  0.53124515] -241.26248290734756
[ 4.30083679 -1.73768227  1.14728573  3.40358721  3.22234197  0.53920656] -241.26078016482174
[ 4.29987205 -1.74005889  1.14685707  3.4046939   3.22358978  0.53683789] -241.2607620967377
[ 4.29832171 -1.74180277  1.14689706  3.40413284  3.2215112   0.53599397] -241.26076361318027
[ 4.29781727 -1.7451182   1.14991168  3.40380003  3.22135888  0.53055589] -241.26078693962097
[ 4.30008191 -1.73954125  1.14794222  3.40364042  3.2220962   0.53704389] -241.26076272773682
[ 4.29791243 -1.74522841  1.14769124  3.40557266  3.22391701  0.53498155] -241.26078645402555
[ 4.29991064 -1.73985537  1.1487592   3.40309645  3.2212507   0.53525537] -241.26077318220274
[ 4.2984709  -1.7442808   1.14873179  3.40328723  3.22093759  0.53224491] -241.26078346635157
[ 4.29901649 -1.74392243  1.14829967  3.40456235  3.22215107  0.53461496] -241.26076117418208
[ 4.29912142 -1.74366362  1.14884225  3.40403561  3.22140428  0.53471796] -241.26077248122786
[ 4.29824132 -1.74479438  1.14831967  3.40428182  3.22111178  0.534193  ] -241.26077531291313
[ 4.29920543 -1.74384989  1.15050081  3.40446014  3.22223841  0.53450553] -241.26077263112595
[ 4.29936882 -1.74292517  1.14942873  3.40335092  3.22053715  0.53386934] -241.2607491555219
[ 4.2992339  -1.74469969  1.14964601  3.40508665  3.22178076  0.5358527 ] -241.26075095284452
[ 4.29979434 -1.74415455  1.15050025  3.40436034  3.22182957  0.53445784] -241.2607682640115
[ 4.29902654 -1.74520059  1.14831892  3.40414874  3.22056665  0.53412941] -241.26076208056318
[ 4.29907892 -1.74589919  1.14980304  3.40461099  3.22112157  0.5337208 ] -241.2607446527778
[ 4.29816753 -1.7459898   1.14791263  3.40436981  3.22046029  0.53373524] -241.26072370179318
[ 4.29864899 -1.74520683  1.14995853  3.40465509  3.22168775  0.53393228] -241.2607496467157
[ 4.29853654 -1.74691312  1.15053074  3.4042724   3.21994889  0.53321917] -241.26076471214506
[ 4.2988965  -1.7446701   1.14885744  3.40448986  3.22160053  0.53426601] -241.2607505476518
[ 4.29820666 -1.746126    1.14892154  3.40354918  3.22025912  0.53145253] -241.2607852834607
[ 4.29897709 -1.74505627  1.14946489  3.40470228  3.22140035  0.53475266] -241.2607585969591
[ 4.29816423 -1.74688789  1.14882746  3.4044003   3.22058633  0.53306364] -241.26075664593856
[ 4.29861992 -1.74684258  1.14977266  3.40452089  3.22091697  0.53305642] -241.26076489927618
[ 4.29876487 -1.74535557  1.1495855   3.40389086  3.22062476  0.53313069] -241.260783346458
[ 4.29840496 -1.74649641  1.14985041  3.40454294  3.22120006  0.53316216] -241.26078543348896
[ 4.29852872 -1.74622804  1.14929986  3.40446033  3.22115645  0.53332902] -241.26076585110974
[ 4.29869742 -1.74624284  1.14969414  3.40475872  3.22124656  0.53412237] -241.26075049296642
[ 4.29857374 -1.7466179   1.14912356  3.40427769  3.22054775  0.53320257] -241.26076097330434
[ 4.29815011 -1.7481795   1.14923448  3.40505872  3.22109738  0.533258  ] -241.26076411066995
[ 4.29826007 -1.74795752  1.14949833  3.40468871  3.22054601  0.53303598] -241.26075506008556
[ 4.2980489  -1.74771463  1.14893409  3.40468409  3.22066183  0.53330178] -241.26078737526055
[ 4.29847717 -1.74706059  1.14956301  3.40456169  3.22085318  0.53311776] -241.2607622806046
[ 4.29862774 -1.74600474  1.14958178  3.40398058  3.22040002  0.53305345] -241.26077019686042
[ 4.29826952 -1.74763581  1.1493213   3.40478919  3.22092304  0.53320686] -241.26076533552086
[ 4.29842917 -1.74701441  1.14971821  3.40459476  3.22097946  0.5332572 ] -241.26076368715408
[ 4.2982105  -1.74787175  1.1496203   3.40455975  3.22062919  0.53271401] -241.26077565576503
[ 4.29816258 -1.74733693  1.14928487  3.40441555  3.22064935  0.53272784] -241.2607745391762
[ 4.29836733 -1.74720194  1.14943292  3.40435424  3.22063006  0.5327973 ] -241.26077868427774
[ 4.29831905 -1.74742329  1.14965265  3.40449624  3.22078277  0.53275489] -241.26077164042547
[ 4.29815552 -1.74798274  1.14948838  3.40474476  3.22090487  0.53282501] -241.2607774323982
[ 4.29811192 -1.74793643  1.14973598  3.40472638  3.22092261  0.5327597 ] -241.26077853937565
[ 4.29817577 -1.74775281  1.14966021  3.40463334  3.22084947  0.5327691 ] -241.26077458722693
[ 4.29833048 -1.74707898  1.14973779  3.40429872  3.22062933  0.53271334] -241.26076541369184
[ 4.2983155  -1.74692572  1.14964503  3.40439672  3.22090506  0.53282413] -241.26076551117706
[ 4.2983968  -1.74676896  1.14960006  3.40424425  3.22070331  0.53278738] -241.26075817027896
[ 4.29848806 -1.74699551  1.15008047  3.40440495  3.22092142  0.53284849] -241.2607718576378
[ 4.29840669 -1.74708087  1.14988157  3.4044076   3.2208534   0.53281833] -241.260770008719
[ 4.29836081 -1.74679502  1.149789    3.4042947   3.22081154  0.53284257] -241.26077752242267
[ 4.29832949 -1.74726622  1.14968673  3.40444586  3.22078996  0.53277681] -241.26078447865618
[ 4.29827886 -1.74727747  1.14967117  3.40433752  3.22070784  0.53258971] -241.2607694950023
[ 4.29829505 -1.74740019  1.14973024  3.40451278  3.22084591  0.53282462] -241.26077328157425
[ 4.2982457  -1.74743248  1.14974003  3.40436476  3.22067085  0.53255269] -241.26077722339576
[ 4.29823821 -1.74735585  1.14969365  3.40441376  3.22080871  0.53260808] -241.26075450097477
[ 4.29828381 -1.74743342  1.14981192  3.4044192   3.22078288  0.53260518] -241.26076852294733
[ 4.29823999 -1.74760463  1.14969746  3.40446352  3.22074757  0.53257346] -241.2607768539429
[ 4.29825325 -1.74752004  1.14970887  3.40449443  3.22086425  0.53264501] -241.26078591047505
[ 4.29824759 -1.74745437  1.14973224  3.40439718  3.2207192   0.53257577] -241.26069523686064
[ 4.2982615  -1.74729779  1.14976304  3.40437356  3.22077807  0.532625  ] -241.2607851531152
[ 4.29824537 -1.74752792  1.14971386  3.40444103  3.22075519  0.53258635] -241.2607681756013
[ 4.29818987 -1.74754481  1.1497248   3.40430038  3.22064948  0.53229442] -241.26078795570714
[ 4.29826876 -1.74743635  1.14972888  3.40445968  3.22079681  0.53269207] -241.26078531501335
[ 4.29820426 -1.74762017  1.14973726  3.40441399  3.22071578  0.5324839 ] -241.26079123388175
[ 4.2982429  -1.74740511  1.14971295  3.40440547  3.22076396  0.53259192] -241.26076189633469
[ 4.29824648 -1.74749115  1.14972305  3.4044191   3.2207372   0.53258106] -241.26077009293115
[ 4.2982657  -1.7474439   1.14977208  3.40440819  3.22075104  0.53259047] -241.26076820905632
[ 4.29826323 -1.74736592  1.14970171  3.40436735  3.22071352  0.53258274] -241.26069954030953
[ 4.29827132 -1.74742728  1.14973124  3.40445498  3.22078256  0.53270019] -241.26077565422602
[ 4.29830815 -1.7472424   1.1497205   3.40440343  3.22077337  0.53272348] -241.260780551956
[ 4.29828217 -1.74733684  1.14972469  3.40440607  3.22075897  0.53266359] -241.2607672184023
[ 4.2982447  -1.74740515  1.14972433  3.40434614  3.22069874  0.53249499] -241.2607749804543
[ 4.29825136 -1.74741068  1.14972606  3.40437335  3.22071969  0.53254629] -241.26077325153824
[ 4.29826467 -1.74742175  1.14972952  3.40442777  3.2207616   0.53264889] -241.26077796290875
[ 4.29825468 -1.74741345  1.14972692  3.40438695  3.22073017  0.53257194] -241.26076743821838
[ 4.29827228 -1.74731538  1.14973382  3.4043713   3.22074176  0.53261109] -241.2607869108538
[ 4.29825293 -1.74744721  1.14972574  3.40440715  3.22073834  0.53258856] -241.2607816069681
[ 4.29825541 -1.74741014  1.14971698  3.40438226  3.22071636  0.53257925] -241.26077307912323
[ 4.29824525 -1.74742974  1.1497226   3.40440132  3.22074158  0.53258384] -241.26077050159253
[ 4.29826488 -1.74739561  1.14972847  3.40440162  3.22073909  0.53261968] -241.26076414984792
[ 4.29825114 -1.74743391  1.14972958  3.40439207  3.22072468  0.53257385] -241.26076902699418
[ 4.29825665 -1.74744913  1.14975216  3.40440268  3.22073512  0.53258312] -241.2607756935222
[ 4.29824703 -1.74747276  1.14972765  3.40440814  3.2207282   0.53257841] -241.26076242118043
