[ 1.14494527 -0.3662808   1.26355571  0.77341669  0.79860807  0.78243948] -254.6657358232627
[ 0.49936934 -1.17844782 -0.1931672   0.25966803  1.15359653 -0.08264435] -259.7308047567286
[-1.63242355  0.35403684 -1.11772092  0.9878023   0.54913652  1.33199727] -300.10667796021517
[ 1.38339338 -0.01073298  0.71478206 -0.97577022 -0.6229555  -1.79975752] -262.80272148659765
[-0.42837736  1.53186042  2.64624426 -2.48121049 -0.47628625  1.3041386 ] -286.0879299982632
[ 0.02540643 -1.06931606  1.16828007  0.169568    0.9205625  -0.7571837 ] -261.7987203897722
[-0.52566039 -0.74485467  0.5611883   0.67189227  0.50108604  0.6947467 ] -271.8812598998373
[ 2.33211577 -0.96662748  3.17134866 -1.51528088  0.20906728 -1.28475087] -251.47099732191498
[ 4.31438543 -1.62695963  5.31588345 -2.76682247  0.03903265 -2.59312494] -268.3732933073804
[ 2.04823396 -2.97728035 -0.41758172  2.27570846  1.46294123 -2.11985536] -253.6808623220275
[ 3.00348177 -1.44470716  1.34121756 -0.34278891  0.80618733 -2.44866415] -247.69432923476273
[ 4.76805285 -1.79463341  1.73123219 -0.8501295   0.95873797 -4.02036957] -260.01874649489554
[ 1.63445747 -2.65682024  1.39643563  1.51586735  2.40660981 -0.17046213] -261.09743049872395
[ 3.52879476 -2.12740522  1.01898947  0.81929558  1.35844092 -1.01746209] -245.94474832013805
[ 5.28048893 -2.6564498   0.94434417  1.14415937  1.57738012 -1.14760128] -253.86314274286414
[ 2.55118949 -0.36342936  0.66501853 -0.75919436 -0.47699602 -1.88651698] -255.662448292438
[ 4.37021767 -1.57012897  2.54068327  0.15738416  0.2324864  -2.57562564] -249.13119284188966
[ 2.92474024 -2.78738063  2.30771912  1.48177272  2.0995731  -1.00145589] -249.1738480963324
[ 4.92424945 -3.59156247  2.05723641  0.18528036  1.25762401 -4.26504414] -261.67745855720125
[ 2.08977132 -1.17260121  1.46197589  0.62638261  0.91336206 -0.47943143] -246.2330792787875
[ 4.03480655 -0.3790032   4.36489305 -1.8667867   0.4100978  -0.81594133] -252.25826644212339
[ 3.5381634  -1.02857249  3.16927435 -0.83116291  0.67330866 -1.14191984] -246.18818986732967
[ 4.15294062 -2.41030442  0.77527123  2.15224196  1.81871888 -1.60343547] -246.95613052307613
[ 3.96971627 -0.4638592   1.12808481 -0.62132189 -0.16540502 -2.08739031] -252.71413987701473
[ 3.18598425 -2.20650027  2.01281054  0.95599907  1.53332857 -1.2729395 ] -245.06427545150746
[ 2.12949437 -1.89323462  0.71916307  0.96927164  2.13529574 -0.07899185] -256.29842555404014
[ 3.81003684 -1.65090538  2.08530322  0.36035603  0.70818873 -1.95146719] -244.7211587785996
[ 3.76508196 -2.08738917  2.16665734  1.70382636  1.52892861 -0.04022102] -242.62208702747412
[ 4.14588206 -2.40873017  2.57937724  2.72713399  1.89029925  1.16400054] -243.8751481191198
[ 2.48633689 -1.0141535   3.19639904 -0.94067638  0.41980031 -0.36437822] -247.42986066265848
[ 3.73628969 -2.06126669  1.38055318  1.37901238  1.46898923 -1.29367116] -244.21511864187067
[ 5.09834565 -2.54807852  2.48255349  0.83605956  1.51036618 -1.7597955 ] -249.13078499507967
[ 2.8419149  -1.51647054  1.71712029  0.67880184  1.06261309 -0.79952245] -243.8281433892294
[ 3.41787073 -2.85473993  0.29120366  2.79692666  1.88018773 -0.98317463] -248.28153707022543
[ 3.50809024 -1.48511435  2.44975668  0.07585948  0.97502842 -1.10223354] -243.92278814655612
[ 3.42033787 -1.54181025  2.91841095  0.89865614  1.0672513  -1.13588953] -242.39112283328708
[ 3.36610942 -1.24901276  3.86812168  0.93833643  0.9216565  -1.19510325] -243.4348342363401
[ 3.84126625 -1.24115186  2.22645668  0.74283834  0.73700456 -0.8347288 ] -242.39032915701472
[ 4.16890725 -0.75847765  2.33327975  0.63625798  0.33884256 -0.61562345] -243.91977558804388
[ 3.22762346 -1.66016224  2.20101515  1.46597548  1.57174967  0.21604503] -243.97775636383287
[ 3.1318152  -1.11609945  3.17925251  0.47630684  0.84520265  0.06148772] -243.25463318665544
[ 3.60854535 -1.33584963  2.68486967  0.05945419  0.50025987 -1.49974756] -244.11832077649717
[ 3.32285393 -1.57908409  2.32197878  1.11434516  1.30387722 -0.21290312] -242.77700809867898
[ 3.26633313 -1.54222077  2.3935355   1.79573208  1.20659739  0.11497447] -242.6877373689912
[ 4.07398121 -1.51944798  3.35164364  1.5650998   1.16700749  0.11709569] -241.5174981127451
[ 4.69001437 -1.5209367   4.16890531  2.00824877  1.21920469  0.57540475] -242.84676664111618
[ 4.09813625 -2.05426859  1.94697512  2.13052578  1.4916862  -0.7253785 ] -242.79761388350664
[ 3.85655599 -1.8197263   2.25504447  1.71697105  1.33006532 -0.52866194] -241.8793230448747
[ 4.08499821 -1.67149802  2.78193741  1.69336276  1.041741   -0.55624059] -241.90900752660085
[ 4.41440736 -1.75145376  2.83984799  0.97785274  1.0840687  -1.10785654] -242.68771301606733
[ 4.1273888  -1.69914551  2.72826987  1.18232257  1.11470088 -0.80214878] -241.83727124893935
[ 4.03642748 -1.07687081  3.25393033  0.89592386  0.62366157 -1.20663696] -243.05953552466806
[ 3.83291834 -1.83475958  2.43847559  1.50185073  1.30261185 -0.33182501] -241.778213405892
[ 4.5186984  -1.72009951  2.34219827  1.90215894  1.16379239  0.15705305] -242.48097607345701
[ 3.694928   -1.58638256  2.77435778  1.14953184  1.09138658 -0.81265388] -241.7576067278566
[ 4.0489906  -2.1358348   3.21678624  2.19354124  1.61216647 -0.13674938] -242.06869377911445
[ 3.99705951 -1.91216406  2.96920385  1.83086552  1.393376   -0.31124423] -241.62137294301672
[ 3.77594574 -1.78571064  2.72372765  1.28885107  1.4246417  -0.33357213] -242.25368608139408
[ 4.00773509 -1.70005118  2.76738497  1.59223484  1.13746617 -0.50057348] -241.56625908334695
[ 4.054781   -1.59759066  3.42140076  1.22366405  1.07211767 -0.35178796] -241.56311913766623
[ 3.75974558 -1.68431983  3.17921899  1.77209302  1.27328771  0.07181916] -241.8416549933513
[ 4.035478   -1.69543909  2.84100715  1.32976518  1.15434758 -0.5836568 ] -241.54618959981465
[ 4.12173593 -1.5022656   3.60319046  1.39520301  1.03595531 -0.48244855] -241.7288346613123
[ 4.40199558 -1.72260363  3.54358583  1.82941229  1.2287035   0.10844878] -241.73794125150673
[ 4.22522869 -1.68854836  3.35127882  1.65944218  1.19437427 -0.12182689] -241.4994785345636
[ 4.00968524 -1.86881485  2.6307826   1.67182085  1.33694108 -0.10154934] -241.62784929331585
[ 4.03769791 -1.77717753  2.87388457  1.60266639  1.26169464 -0.19677414] -241.46014730272748
[ 4.14790779 -1.41392087  3.23299612  1.16009196  0.93562661 -0.23459696] -241.54804119933002
[ 4.18395644 -1.53065699  3.59001872  1.25467501  1.12425658  0.04339112] -241.64544510833937
[ 4.05179043 -1.65770263  2.97304341  1.50784488  1.13416378 -0.36458233] -241.43602496283455
[ 4.13591367 -1.65315484  2.78655047  1.71797274  1.21028712 -0.10965919] -241.49229926416416
[ 4.03878885 -1.91656927  2.82613989  1.9675051   1.43833168 -0.18520426] -241.69237606825098
[ 4.12062805 -1.53958297  3.13128207  1.36194525  1.06130288 -0.22224879] -241.4189501030207
[ 4.17960199 -1.58309901  3.31488717  1.80855856  1.18859581  0.28432492] -241.69013147137838
[ 4.071509   -1.66735407  2.95947716  1.44946353  1.16290964 -0.36666137] -241.42229818166
[ 4.1402747  -1.80839215  2.67352853  1.53467853  1.17456995 -0.57767992] -241.65867159417405
[ 4.09055458 -1.59168403  3.18211486  1.55749448  1.1688981  -0.05659822] -241.41456877824322
[ 3.94413586 -1.60700366  2.61750536  1.40635358  1.13871112 -0.31701445] -241.48176609973513
[ 3.96952494 -1.62701346  3.12588533  1.24394996  1.0989396  -0.39830058] -241.49329606462365
[ 4.09431649 -1.64661949  2.87138419  1.59946705  1.18245024 -0.18181953] -241.4213766287125
[ 4.21136296 -1.68636991  3.37955672  1.61994028  1.18509531 -0.14588034] -241.49588940981667
[ 4.01094264 -1.62684522  2.8080182   1.45975025  1.15030717 -0.27423093] -241.41949082106981
[ 4.10888249 -1.46608527  3.10122206  1.37598876  1.02498263 -0.29193958] -241.45761725560533
[ 4.09108634 -1.54385834  3.04438768  1.43265817  1.08416063 -0.26814822] -241.410915063421
[ 4.1078886  -1.54761208  3.02584464  1.44574802  1.13584578 -0.09198669] -241.37890645392838
[ 4.13593769 -1.4925668   3.05224526  1.41469959  1.13668678  0.04431113] -241.3965863955985
[ 4.10029657e+00 -1.49804664e+00  3.06153339e+00  1.50289088e+00
  1.09807863e+00  1.65058050e-03] -241.41180409673598
[ 4.07948244 -1.46925693  3.21300943  1.3206953   1.05041416 -0.12203455] -241.42896848323167
[ 4.09060798 -1.60227885  2.9567905   1.52977411  1.14944122 -0.16687329] -241.39427212913373
[ 4.18941141 -1.48084241  3.32596618  1.48375338  1.08226858  0.00616272] -241.4766767846323
[ 4.05555983 -1.59034452  2.93750519  1.46575103  1.13329752 -0.20413251] -241.38903734046886
[ 4.05803658 -1.58502518  2.93811002  1.61616032  1.19527108 -0.03978066] -241.41074906140446
[ 4.07727072 -1.53070451  2.80594228  1.44016636  1.09646685 -0.19982538] -241.41278638887297
[ 4.08059169 -1.54594939  2.89998543  1.46949839  1.11457466 -0.16401859] -241.39210985614258
[ 4.06096043 -1.64030948  2.87267443  1.48363914  1.172785   -0.31329723] -241.41109178824348
[ 4.07079447 -1.60474377  2.91988917  1.48845207  1.15410841 -0.23456028] -241.39192278681782
[ 4.06340671 -1.61479292  2.84832063  1.57246982  1.21001892 -0.03230246] -241.40877059770503
[ 4.09824651 -1.58354867  2.9246685   1.37440417  1.10382442 -0.25817728] -241.41030265901082
[ 4.08819403 -1.58391779  2.92802888  1.4348432   1.12668609 -0.20357812] -241.3911572280596
[ 4.10113882 -1.54348921  3.0410273   1.37221913  1.06129897 -0.32274737] -241.4283032997585
[ 4.07283974 -1.596967    2.8964973   1.52240715  1.17283893 -0.10491369] -241.3891301490624
[ 4.06801481 -1.55423266  2.91245971  1.41245918  1.12967591 -0.16752334] -241.38474704833897
[ 4.07383881 -1.61332322  2.97342287  1.45372183  1.16957622 -0.17154629] -241.38752602307352
[ 4.0846508  -1.55738865  2.97136369  1.4231914   1.13519841 -0.07999993] -241.38418200614362
[ 4.06607017 -1.56937158  2.97766892  1.47291633  1.16545817 -0.06978936] -241.3836298244573
[ 4.07916793 -1.54712391  3.03625771  1.36885545  1.11684507 -0.15674569] -241.3880401119594
[ 4.10431721 -1.53933951  3.02816732  1.39321304  1.15090233 -0.04173125] -241.39609857488338
[ 4.06774917 -1.57759327  2.96017073  1.44761654  1.13769872 -0.1635322 ] -241.38159717576437
[ 4.07690285 -1.59271658  2.90405248  1.51636231  1.174306   -0.09138025] -241.38769524072293
[ 4.07746912 -1.58131841  2.93710379  1.4794856   1.15994077 -0.10772161] -241.38213890628293
[ 4.08344209 -1.515849    2.95478095  1.44008386  1.11836303 -0.05530475] -241.38142586433787
[ 4.09440851 -1.562145    3.0298512   1.49055474  1.15449238 -0.02192151] -241.38499487577292
[ 4.07461323 -1.55621075  2.94180758  1.43198307  1.13588003 -0.13112288] -241.38058166060236
[ 4.07442666 -1.55859638  2.96109518  1.48275307  1.14919709 -0.1264859 ] -241.37754157999254
[ 4.06931459 -1.55920024  2.95596092  1.51253391  1.15619643 -0.14972888] -241.38046436617967
[ 4.09579279 -1.54302171  2.94926537  1.43630705  1.11351697 -0.15559532] -241.3847644875366
[ 4.07350082 -1.56278411  2.97056803  1.46376401  1.15247287 -0.09124085] -241.37888499553534
[ 4.08307107 -1.52489678  3.00098525  1.42449726  1.11654507 -0.11216948] -241.37804377858495
[ 4.09789832 -1.51105643  2.99152315  1.4486599   1.1317359  -0.03923799] -241.37873831388453
[ 4.08702415 -1.57120318  3.00916033  1.45905125  1.15552921 -0.14210984] -241.37681558769938
[ 4.08881519 -1.59888026  3.03635001  1.46853495  1.17411231 -0.18551238] -241.38121117015976
[ 4.09998998 -1.53583891  3.04458461  1.47617477  1.14456195 -0.06995403] -241.37791074979648
[ 4.06408173 -1.54051318  2.96679421  1.47255207  1.14750159 -0.10174601] -241.37766965120764
[ 4.09532982 -1.5179175   3.02081288  1.45746543  1.1292174  -0.10599357] -241.37597544888345
[ 4.10624431 -1.4954842   3.0459353   1.45431614  1.11758967 -0.11336993] -241.37968041975196
[ 4.07007615 -1.57193221  3.009621    1.47550472  1.14911487 -0.18024829] -241.378922207101
[ 4.09094278 -1.52627538  2.99604762  1.4553711   1.13608064 -0.07449056] -241.37621133004765
[ 4.0875273  -1.55855139  2.99851302  1.50995864  1.17081756 -0.09475715] -241.3760953153166
[ 4.06645417 -1.5551801   2.93955646  1.46954242  1.15155255 -0.14524031] -241.37862905802146
[ 4.09160603 -1.5406742   3.01832758  1.47451668  1.1463096  -0.0887756 ] -241.37584512527144
[ 4.11153718 -1.55055949  3.03452465  1.47381999  1.14821558 -0.10912487] -241.37647317637752
[ 4.11356242 -1.52979734  3.06470018  1.46064129  1.14619291 -0.07859797] -241.3766419782258
[ 4.10981102 -1.50338859  3.03514832  1.48487313  1.13674868 -0.0418034 ] -241.38017003691542
[ 4.09272087 -1.55424953  3.01565732  1.46550672  1.15083408 -0.11703323] -241.37526569595101
[ 4.07632557 -1.55294516  2.96326084  1.4849049   1.14763205 -0.11812703] -241.37739145075201
[ 4.10425321 -1.53558429  3.03934034  1.46670719  1.14655269 -0.08848023] -241.37549737349468
[ 4.07592282 -1.52719128  2.9950416   1.46935526  1.14505508 -0.08071858] -241.37486511967916
[ 4.05811564 -1.51550717  2.97530007  1.4671229   1.14347483 -0.06651544] -241.38120611987324
[ 4.09151057 -1.55178069  3.0331833   1.49246554  1.16018149 -0.11742889] -241.37494692564562
[ 4.0962538  -1.51724777  3.04227465  1.43204697  1.12189923 -0.10471955] -241.37730347540662
[ 4.08970893 -1.54822549  3.00945343  1.49048072  1.15858797 -0.09724775] -241.374914779126
[ 4.08657766 -1.56798432  3.01618831  1.49554528  1.17328957 -0.09056786] -241.37704579853514
[ 4.09314178 -1.53043421  3.01965674  1.46698539  1.14023545 -0.10213714] -241.37501089984016
[ 4.09081336 -1.54181429  3.01911667  1.47598359  1.15417266 -0.11223967] -241.373387233661
[ 4.09041703 -1.54238434  3.01951121  1.47671705  1.15810419 -0.12397171] -241.3724508597086
[ 4.07355412 -1.54917088  2.99149419  1.4871297   1.15778006 -0.12436554] -241.37437091954243
[ 4.07869755 -1.52881276  3.00712283  1.49553783  1.155814   -0.09825664] -241.37428086591763
[ 4.0734619  -1.5520876   2.99894545  1.50357664  1.17160548 -0.11185923] -241.37458443612672
[ 4.06907688 -1.53084342  2.97400627  1.4818002   1.15546743 -0.09471092] -241.37567029759077
[ 4.08590215 -1.54654637  3.01838904  1.4897992   1.15900298 -0.1117494 ] -241.37421500799238
[ 4.0696096  -1.53383892  3.00071468  1.48355784  1.15719929 -0.11972595] -241.37473782828755
[ 4.08129129 -1.55708902  3.01701754  1.50941749  1.17478025 -0.14925758] -241.37431886345786
[ 4.09149842 -1.5581914   3.01677874  1.5038348   1.16849637 -0.12009408] -241.3747656909553
[ 4.0750818  -1.53992704  3.0047307   1.48862708  1.16002356 -0.11981798] -241.37312598219648
[ 4.08818608 -1.5358892   3.02047639  1.47883281  1.15022953 -0.13061372] -241.37334664646838
[ 4.09297118 -1.5343787   3.03758838  1.49251412  1.1615381  -0.12019014] -241.37281352772632
[ 4.0891273  -1.51889045  3.01892198  1.46459187  1.14012386 -0.08560896] -241.3744493504962
[ 4.0832503  -1.54753938  3.01749365  1.49821109  1.16611615 -0.13334542] -241.3733688712272
[ 4.09323863 -1.55340891  3.03227362  1.47936262  1.16252417 -0.14830615] -241.37324543102798
[ 4.08847953 -1.53796281  3.02563561  1.48162239  1.16050892 -0.14699897] -241.37160442897607
[ 4.08976822 -1.53367104  3.02925889  1.47753398  1.16126189 -0.16462376] -241.37084495959695
[ 4.09330402 -1.53234703  3.03045275  1.46631813  1.15177766 -0.13582907] -241.37194159256237
[ 4.09007421 -1.54281648  3.03079546  1.48152485  1.16818033 -0.14029922] -241.3712039876494
[ 4.08396685 -1.52176596  3.01850551  1.48171578  1.15777107 -0.11993781] -241.37086989528555
[ 4.10508537 -1.52919414  3.05064004  1.47014755  1.15952086 -0.14846592] -241.37090487143087
[ 4.09123406 -1.5330143   3.02213291  1.45880499  1.15733389 -0.15751902] -241.37045803592142
[ 4.0903655  -1.5323321   3.01440517  1.44195043  1.15523179 -0.17618346] -241.3710675119434
[ 4.09406054 -1.52188531  3.04108397  1.46863138  1.16051105 -0.16491988] -241.36957797332792
[ 4.0958823  -1.5116358   3.05187035  1.46458855  1.16171448 -0.18539397] -241.36912818608914
[ 4.09203298 -1.52501888  3.03728164  1.47845377  1.17014985 -0.16958416] -241.36887170036218
[ 4.09139746 -1.5213548   3.04069608  1.48452159  1.17933595 -0.18646171] -241.36819516217983
[ 4.09570388 -1.50739553  3.04023913  1.46424597  1.15746572 -0.18050151] -241.36880007694384
[ 4.07756555 -1.51375167  3.01692758  1.47365607  1.16544014 -0.18301334] -241.36834450428756
[ 4.0965503  -1.51850842  3.04853614  1.45940126  1.16974629 -0.23256663] -241.37082767505734
[ 4.09300963 -1.50154914  3.0442085   1.45753883  1.1690836  -0.21052831] -241.36751901972676
[ 4.09463034 -1.48548819  3.05168331  1.44754126  1.17299445 -0.23348058] -241.3673506702603
[ 4.08558756 -1.50570501  3.02598032  1.47171821  1.16168192 -0.14289008] -241.36757562316058
[ 4.08902164 -1.48209603  3.05366601  1.47661889  1.17554366 -0.21306138] -241.3672538892837
[ 4.08791543 -1.4566369   3.06943257  1.48552584  1.18464854 -0.24083256] -241.3698429060963
[ 4.08208651 -1.49362794  3.02452713  1.47484545  1.1757728  -0.1944089 ] -241.36560714994246
[ 4.07518862 -1.48462401  3.01085552  1.4799739   1.18280196 -0.19891637] -241.36669773784985
[ 4.07772581 -1.49327902  3.03092102  1.47872119  1.18612392 -0.20393716] -241.36780266916585
[ 4.09591756 -1.48009866  3.05889704  1.47099947  1.18504409 -0.20839993] -241.36524274338814
[ 4.10509356 -1.46327215  3.07988177  1.46967117  1.19484606 -0.22109322] -241.36550783014252
[ 4.08359234 -1.45874349  3.04119553  1.45562657  1.173051   -0.2122643 ] -241.3644649261045
[ 4.07968978 -1.42743783  3.04144525  1.44117905  1.16990852 -0.22516559] -241.36653275864722
[ 4.0992195  -1.47530742  3.05439543  1.45372876  1.16190538 -0.19756457] -241.366316498608
[ 4.09590174 -1.4527489   3.06880784  1.45473525  1.18642187 -0.27683647] -241.36972199227847
[ 4.0881661  -1.49246598  3.0366872   1.46747247  1.16786691 -0.17637668] -241.36579490221217
[ 4.08470421 -1.47529165  3.03810613  1.48555594  1.17340017 -0.16721134] -241.36571085805775
[ 4.08887377 -1.47641568  3.0309368   1.45945733  1.17013646 -0.17234719] -241.36376549399247
[ 4.08879984 -1.4735755   3.0195722   1.45087654  1.16743286 -0.15199009] -241.36340766318514
[ 4.07520268 -1.48262699  3.01859965  1.48139672  1.18561722 -0.17265251] -241.3661814431112
[ 4.08120689 -1.4807971   3.02754859  1.47447973  1.17968926 -0.17888052] -241.36402848949564
[ 4.08393635 -1.4615788   3.03326168  1.46998876  1.18359648 -0.19467501] -241.36295839488923
[ 4.08182147 -1.4461352   3.03154892  1.4712469   1.19146127 -0.20382418] -241.36436930150805
[ 4.08714228 -1.47418217  3.03022792  1.44671623  1.181462   -0.21299491] -241.3643354105174
[ 4.09144524 -1.44936397  3.04570719  1.44805032  1.18098576 -0.19199269] -241.36244968979668
[ 4.0961246  -1.42723198  3.05629723  1.43465275  1.18359225 -0.19078458] -241.36261912087187
[ 4.07612342 -1.45264835  3.00694066  1.44424658  1.1703617  -0.17253258] -241.3641052103901
[ 4.08595899 -1.47197181  3.01322389  1.45582616  1.18145835 -0.1554243 ] -241.3627774940627
[ 4.08201463 -1.45579633  3.01852348  1.46777313  1.17304614 -0.13550349] -241.36474698602967
[ 4.08586037 -1.46958571  3.02730181  1.45198046  1.17935803 -0.19362206] -241.36310482313533
[ 4.09627914 -1.48297595  3.04859779  1.47282074  1.18714522 -0.18299564] -241.36385013455103
[ 4.09621975 -1.45555348  3.03500626  1.4420346   1.18030297 -0.17801941] -241.36228240150146
[ 4.10372618 -1.44293167  3.0387351   1.42581203  1.18060983 -0.17758885] -241.36313344035443
[ 4.08112771 -1.44423381  3.00942656  1.43343154  1.17056627 -0.17224554] -241.36389016025313
[ 4.09249128 -1.47329041  3.03880498  1.46297344  1.18300048 -0.18030812] -241.36296280693153
[ 4.08983749 -1.45353922  3.04486307  1.45940803  1.19546784 -0.21269044] -241.36308579829253
[ 4.09410266 -1.45218018  3.04298721  1.46077998  1.1889126  -0.1774146 ] -241.3616675856686
[ 4.09822381 -1.44347742  3.05082992  1.46517973  1.19368988 -0.16931087] -241.36154235127822
[ 4.09292099 -1.46487274  3.0274149   1.4552763   1.17221014 -0.14388636] -241.36265069995758
[ 4.09041043 -1.44231566  3.0296763   1.44914518  1.18108071 -0.1641281 ] -241.36132232102105
[ 4.08937001 -1.42682828  3.02511196  1.44223105  1.18012083 -0.15603808] -241.361002421888
[ 4.10077658 -1.44244377  3.03250303  1.43287729  1.17932616 -0.13688223] -241.36314718168447
[ 4.08814641 -1.45679504  3.03307202  1.46071089  1.1825289  -0.18022682] -241.36191931179914
[ 4.09948307 -1.42699183  3.05915686  1.44866814  1.18182114 -0.18440044] -241.36183232080907
[ 4.09470844 -1.42146393  3.0555465   1.44701528  1.19427303 -0.20944307] -241.3624960137981
[ 4.09426158 -1.43231613  3.0485136   1.44908053  1.1887573  -0.1930539 ] -241.36170295052324
[ 4.09712297 -1.43129009  3.03818968  1.45458467  1.18808791 -0.16169049] -241.36051235964115
[ 4.09996184 -1.42225316  3.03443092  1.45785184  1.19163899 -0.14653939] -241.36011412823248
[ 4.09359582 -1.41400047  3.04869883  1.46587281  1.19254938 -0.16517042] -241.3610070322752
[ 4.10348564 -1.39849406  3.05584201  1.44891714  1.19366361 -0.15794422] -241.36037925960812
[ 4.09348316 -1.41879801  3.02865222  1.46104289  1.19831885 -0.14495185] -241.36063166354188
[ 4.09844518 -1.40896766  3.03267501  1.46461796  1.19456987 -0.12026438] -241.36090194493102
[ 4.09455673 -1.38630313  3.02430706  1.4483315   1.18993063 -0.12765858] -241.3601891836112
[ 4.09950503 -1.40654763  3.01830757  1.44179132  1.19019822 -0.11929508] -241.36174117542288
[ 4.09507312 -1.41213726  3.04110101  1.45985244  1.19196159 -0.15370159] -241.36045960344532
[ 4.10563188 -1.38882281  3.04722412  1.47130687  1.20657368 -0.12764858] -241.3603384838853
[ 4.09895228 -1.39996848  3.04451077  1.4511496   1.19612591 -0.16588368] -241.3598672799167
[ 4.09920583 -1.39546889  3.05042864  1.44441542  1.19690392 -0.18869333] -241.3606574438902
[ 4.10573734 -1.38386163  3.05381975  1.4514269   1.19164595 -0.14817349] -241.35993959568032
[ 4.10770211 -1.38109716  3.04561053  1.44980885  1.197898   -0.13758106] -241.36004237207754
[ 4.10069509 -1.3889414   3.02745904  1.46104138  1.19760745 -0.12655071] -241.35964982775394
[ 4.09929981 -1.38416507  3.01326755  1.46710349  1.19957937 -0.11085396] -241.36006310136636
[ 4.09690325 -1.39865217  3.02948857  1.43522982  1.18170862 -0.15648038] -241.35971443610197
[ 4.10876057 -1.4052882   3.05413279  1.45383797  1.19561101 -0.16607766] -241.35964053333583
[ 4.11586248 -1.41478074  3.06904566  1.4565912   1.1984512  -0.1852872 ] -241.36045044641446
[ 4.10628837 -1.36368319  3.05057623  1.44297967  1.19522666 -0.15370961] -241.3604736988676
[ 4.10154347 -1.40761067  3.03846725  1.4541338   1.19253591 -0.14833194] -241.36003701388785
[ 4.09649522 -1.41367702  3.03701552  1.45246431  1.18718028 -0.16625156] -241.36003491147738
[ 4.10097111 -1.38918563  3.0436749   1.44758286  1.19075717 -0.16147389] -241.35959561275445
[ 4.10068493 -1.37997312  3.04627873  1.44430739  1.1898678  -0.16804486] -241.35978174621593
[ 4.10751132 -1.37495548  3.04734642  1.4476252   1.19730509 -0.14196171] -241.3601692178338
[ 4.09924924 -1.40399664  3.03959825  1.45125453  1.18971148 -0.1601791 ] -241.35935986756894
[ 4.09610651 -1.41148255  3.02580169  1.44860515  1.1921946  -0.16404165] -241.35989863202454
[ 4.09851421 -1.40457732  3.03280621  1.44931059  1.19205744 -0.16007461] -241.3598736993912
[ 4.10332963 -1.39076686  3.04681523  1.45072146  1.19178311 -0.15214053] -241.35969777030385
[ 4.10435068 -1.39230849  3.03587883  1.44873974  1.18626704 -0.14175041] -241.35919417757344
[ 4.10704989 -1.38847849  3.03156286  1.44753481  1.1813376  -0.12968377] -241.35914523296708
[ 4.10978193 -1.39023357  3.05159245  1.46876118  1.20056065 -0.1422215 ] -241.35941350226742
[ 4.10550631 -1.39794112  3.0358582   1.45928278  1.19341201 -0.14325501] -241.35884409401382
[ 4.10659465 -1.40152825  3.03037968  1.46356343  1.19422646 -0.13881225] -241.35859255440218
[ 4.11010737 -1.4039622   3.05618794  1.44980355  1.18646067 -0.17293201] -241.35973516866684
[ 4.10304816 -1.3926966   3.03464126  1.45823192  1.19482075 -0.13814604] -241.35921699808452
[ 4.10013776 -1.38341819  3.02301701  1.45847161  1.18819369 -0.12409452] -241.35943791184116
[ 4.10764943 -1.39759828  3.02658894  1.4683563   1.19219305 -0.1162385 ] -241.3592539294043
[ 4.11098668 -1.40809242  3.04843747  1.46076245  1.19608964 -0.1509992 ] -241.35911776829172
[ 4.10174409 -1.40722999  3.01881036  1.44780663  1.18223235 -0.13579812] -241.3596512639423
[ 4.10777247 -1.39448267  3.04339693  1.46352254  1.19597857 -0.14061566] -241.35916378751068
[ 4.11511785 -1.3902956   3.0320708   1.46940262  1.19517054 -0.11131937] -241.35911808256165
[ 4.10920713 -1.39425973  3.0469074   1.45264962  1.19368147 -0.15362026] -241.35922251655882
[ 4.1088177  -1.39509437  3.04182778  1.45657629  1.19330937 -0.14427482] -241.35901541832868
[ 4.11573158 -1.39996067  3.04125058  1.46222213  1.19054997 -0.13375565] -241.3586173731753
[ 4.11366031 -1.40000059  3.03177946  1.45649803  1.18758262 -0.12899937] -241.35877087957508
[ 4.11658637 -1.40984548  3.04368573  1.47547351  1.20430526 -0.13970312] -241.35868798026124
[ 4.10900792 -1.41454499  3.04704943  1.45562933  1.19351723 -0.16752876] -241.3591750922595
[ 4.11359037 -1.39635795  3.03581546  1.46595929  1.19475721 -0.12537172] -241.35869635174558
[ 4.11400699 -1.39283669  3.02647542  1.46600178  1.19215399 -0.11930644] -241.35855607533952
[ 4.11551715 -1.38520882  3.0154944   1.46862145  1.19018617 -0.10346007] -241.35903883176454
[ 4.11790572 -1.40508217  3.02796766  1.47332977  1.19454914 -0.11770803] -241.35865145946002
[ 4.11447825 -1.40186981  3.03674539  1.47901861  1.20259806 -0.12921971] -241.35873046919664
[ 4.11427376 -1.4014025   3.0355039   1.47338846  1.1988442  -0.12916462] -241.35862348648277
[ 4.114776   -1.40719397  3.03260553  1.47203373  1.19678579 -0.13411166] -241.35830196253735
[ 4.11536881 -1.41261198  3.03100057  1.47507095  1.19780008 -0.13848162] -241.35814105250128
[ 4.11137413 -1.39462861  3.02050687  1.46238533  1.18506935 -0.11937309] -241.35864428059944
[ 4.10787759 -1.3959074   3.03373802  1.46088093  1.19166555 -0.1419232 ] -241.35859364465986
[ 4.11324366 -1.40678722  3.04560919  1.4713239   1.20334406 -0.14777484] -241.35877979317928
[ 4.11184152 -1.39766826  3.02678245  1.46461997  1.18963803 -0.12647353] -241.35857621757833
[ 4.10953328 -1.39876858  3.027705    1.45739793  1.1865005  -0.13708628] -241.358481059259
[ 4.10600936 -1.39981305  3.01744314  1.46695621  1.1934449  -0.13360545] -241.35822783881343
[ 4.11324061 -1.40516821  3.01952407  1.4703225   1.19292244 -0.12266533] -241.3583628790003
[ 4.11673887 -1.40076067  3.01926387  1.46989301  1.18992686 -0.12039397] -241.35817623331545
[ 4.11312446 -1.40565146  3.02035491  1.47059415  1.19461156 -0.13070617] -241.358047764006
[ 4.11376593 -1.40964306  3.01714114  1.47358125  1.19709832 -0.13282249] -241.3578849737269
[ 4.11087864 -1.41608517  3.01755051  1.47173883  1.19374371 -0.1423786 ] -241.3585178889986
[ 4.11166072 -1.41027305  3.01978174  1.47030457  1.19334628 -0.13661056] -241.35798430080106
[ 4.11606149 -1.41398809  3.01367984  1.48464489  1.20167913 -0.1244402 ] -241.35878674695522
[ 4.11116533 -1.40257346  3.02419871  1.46420967  1.19029516 -0.13392476] -241.35824340729135
[ 4.1116624  -1.40672355  3.02341898  1.46968272  1.19438143 -0.14261429] -241.35788791770582
[ 4.11390337 -1.41070166  3.01848444  1.4776199   1.1983708  -0.13425137] -241.35789052523373
[ 4.12169067 -1.41709161  3.02558711  1.47842793  1.19686302 -0.13478598] -241.35799823879842
[ 4.11261176 -1.42158763  3.02587412  1.47833609  1.20269312 -0.15279481] -241.35857370769952
[ 4.1157071  -1.40596741  3.02091644  1.47200378  1.19311842 -0.12849418] -241.35807610025725
[ 4.11409459 -1.40752146  3.01077604  1.47213577  1.19325934 -0.131378  ] -241.35780073611002
[ 4.11345748 -1.4049762   3.00066378  1.47066818  1.19098897 -0.12782619] -241.35785174365648
[ 4.1132188  -1.41468405  3.01748005  1.47524693  1.19798797 -0.14232672] -241.35833381886852
[ 4.11508502 -1.40814657  3.02005734  1.47281457  1.19433581 -0.13195231] -241.3579505404212
[ 4.10503334 -1.40057818  3.01096612  1.46695166  1.19340097 -0.13509036] -241.35805870971055
[ 4.11752634 -1.41296325  3.02193186  1.47555886  1.19599751 -0.13486207] -241.35790052186894
[ 4.11701849 -1.40829347  3.0174882   1.47682645  1.19780146 -0.13268295] -241.35776861643745
[ 4.11969737 -1.40730369  3.01634143  1.48008739  1.20002905 -0.13071914] -241.35774402022773
[ 4.11513165 -1.41013898  3.01597396  1.47674073  1.19870967 -0.13693014] -241.35768526741128
[ 4.11515496 -1.41113519  3.01393227  1.4787038   1.2008966  -0.13941906] -241.35758724385863
[ 4.11189987 -1.40471295  3.0114329   1.47504475  1.198681   -0.13553937] -241.3576853545413
[ 4.11485501 -1.40497831  3.01252982  1.47212533  1.19641112 -0.13657941] -241.35758000299222
[ 4.11533083 -1.40211663  3.00955251  1.46937805  1.19543127 -0.13774343] -241.3574718845467
[ 4.11831878 -1.40742078  3.00297311  1.47996095  1.20075044 -0.12659288] -241.35774017084256
[ 4.11773286 -1.40376051  3.00452828  1.47818899  1.19925091 -0.13430814] -241.3574518766542
[ 4.11971633 -1.40081923  2.99822186  1.48049286  1.20032721 -0.13505096] -241.3571842966872
[ 4.11927813 -1.40364803  3.00670865  1.48242016  1.20544585 -0.13697695] -241.357207983799
[ 4.11353559 -1.40264725  2.99793234  1.47524613  1.20048174 -0.13972174] -241.35732631498757
[ 4.11331978 -1.40093898  3.0096204   1.47380097  1.19967079 -0.1482243 ] -241.35725106780686
[ 4.120212   -1.40238881  3.00055644  1.47830258  1.20207015 -0.14350611] -241.35694663852186
[ 4.12436807 -1.40122674  2.9951182   1.47993149  1.20376473 -0.14748947] -241.35687224459042
[ 4.12002795 -1.39266376  2.99178572  1.47505275  1.2008106  -0.14231656] -241.35693727351173
[ 4.12141779 -1.39853137  2.99024321  1.48627008  1.20806903 -0.14551656] -241.35725017642946
[ 4.12584043 -1.39662879  2.99930034  1.48407664  1.20554766 -0.14546986] -241.3571582682487
[ 4.13022978 -1.39690032  2.98417226  1.48894702  1.20831757 -0.13604916] -241.35762241285272
[ 4.11754728 -1.39992932  3.00325836  1.47758748  1.20183249 -0.14518051] -241.35694423432847
[ 4.12084161 -1.39977392  3.00788783  1.47358372  1.19784048 -0.13864488] -241.35707133306698
[ 4.12350243 -1.39336589  2.99181545  1.47448815  1.19792853 -0.14774046] -241.35692584698057
[ 4.12432626 -1.39371024  2.99816678  1.47441389  1.20224762 -0.15389629] -241.3567131886754
[ 4.12663122 -1.39015575  2.99813924  1.47137441  1.20320782 -0.16331895] -241.35670251799482
[ 4.11846576 -1.39574301  2.99670127  1.46659603  1.19624722 -0.14942709] -241.35686456449378
[ 4.12267263 -1.39125424  2.98438492  1.47475972  1.20342332 -0.15984614] -241.35680271972
[ 4.12767541 -1.38820715  2.98272324  1.46981337  1.19996159 -0.15819905] -241.35699850792318
[ 4.12007931 -1.39699877  2.99812458  1.47564396  1.20136476 -0.14843514] -241.35679942459114
[ 4.12521186 -1.39691771  2.99630884  1.47254517  1.2011682  -0.16310252] -241.35674413238962
[ 4.12230719 -1.39739952  2.9977769   1.47246211  1.20513015 -0.16279931] -241.35672106974943
[ 4.12075459 -1.38826292  2.99536038  1.46452897  1.19974909 -0.16815358] -241.3567604612569
[ 4.12741984 -1.3912533   2.99333035  1.47717541  1.20843389 -0.17245813] -241.35678802852738
[ 4.12479537 -1.39574175  3.00862851  1.46981695  1.20292798 -0.16624307] -241.3567191826761
[ 4.12896071 -1.38957821  2.99839016  1.46699038  1.20550761 -0.18359004] -241.35701298482942
[ 4.12229966 -1.39514363  2.99819098  1.47348056  1.20240047 -0.15722387] -241.35669957319595
[ 4.11991346 -1.39662046  3.0048046   1.46422731  1.19642735 -0.15448897] -241.35689203293768
[ 4.12554325 -1.39259509  2.99619891  1.47393838  1.20543225 -0.16796584] -241.3567070406128
[ 4.12817493 -1.40105489  3.00305408  1.48001023  1.20700653 -0.15873094] -241.3567399314841
[ 4.12470535 -1.39377917  3.00435404  1.47448238  1.20753354 -0.1623248 ] -241.35670182618432
[ 4.12058575 -1.38721674  2.99804211  1.4651747   1.20187087 -0.16789434] -241.35673734099188
[ 4.12248305 -1.39067628  2.9992951   1.46888358  1.20315479 -0.16560349] -241.3566922092841
[ 4.12651211 -1.38863104  3.00382536  1.47152998  1.20308881 -0.1647607 ] -241.35667882385692
[ 4.12861457 -1.3842468   3.0068496   1.47106392  1.20206814 -0.16574139] -241.35673548620738
[ 4.12459617 -1.38791857  2.9913727   1.47474615  1.20534458 -0.16082281] -241.35672718463437
[ 4.12474557 -1.39378596  3.00431456  1.47104925  1.20353213 -0.16488801] -241.35669011832988
[ 4.12358241 -1.39146219  3.00650752  1.46966167  1.20220693 -0.1580741 ] -241.3567155880832
[ 4.12505304 -1.39231186  2.99877606  1.47286921  1.20462592 -0.1654929 ] -241.35668256856476
[ 4.12196837 -1.39462023  3.00477946  1.47272392  1.20490407 -0.16344564] -241.35668929777827
[ 4.12298192 -1.39127716  2.99870647  1.46902979  1.19970186 -0.1648134 ] -241.3566963230926
[ 4.12561502 -1.38862388  3.00504136  1.46854802  1.20393539 -0.17244418] -241.3567141615561
[ 4.1231285  -1.39351369  2.99990357  1.47224743  1.2027842  -0.16102895] -241.35666873210593
[ 4.12498163 -1.39323586  3.0049249   1.47407133  1.20766145 -0.16359316] -241.35669725112717
[ 4.12348185 -1.39176684  3.00026108  1.47029018  1.20169176 -0.16450834] -241.3566900276561
[ 4.12581343 -1.39420026  3.00465826  1.4746864   1.20372084 -0.16243802] -241.3566787076908
[ 4.12390686 -1.39122869  2.99975337  1.47373312  1.2034064  -0.16233684] -241.35665759782196
[ 4.1234875  -1.38995005  2.99747278  1.47507505  1.20334354 -0.16106126] -241.3566614959205
[ 4.12531226 -1.39306842  3.00363762  1.47563984  1.20581833 -0.16199268] -241.3566622874625
[ 4.12794037 -1.38969776  2.99873863  1.47417808  1.20291076 -0.16257106] -241.35671096301874
[ 4.12346137 -1.39338961  3.00326925  1.47308746  1.20440574 -0.16322699] -241.3566506960467
[ 4.12432514 -1.39236537  3.00623975  1.47410554  1.20311552 -0.15976849] -241.3566705692315
[ 4.12213708 -1.39729097  3.00199525  1.47630327  1.20466154 -0.15883663] -241.35669294751676
[ 4.12541835 -1.39079602  3.00336783  1.47272331  1.20348199 -0.16327968] -241.35665887697132
[ 4.12270406 -1.39058701  3.00073221  1.47249249  1.20394988 -0.16143985] -241.3566612033332
[ 4.12365199 -1.39182911  2.99731487  1.47253568  1.20483333 -0.16466651] -241.35668500690142
[ 4.12415685 -1.39223131  3.00400853  1.47371307  1.20354497 -0.16099299] -241.35666300445558
[ 4.12519142 -1.39025333  3.00501936  1.47488234  1.20541824 -0.16339407] -241.35666367064687
[ 4.12467569 -1.39106842  3.00374042  1.47422361  1.20475973 -0.16280279] -241.35665996192847
[ 4.12433601 -1.39114808  3.00082504  1.47358687  1.20506239 -0.16403328] -241.35666627234065
[ 4.12420164 -1.3919605   3.00321266  1.47368152  1.20392433 -0.16175307] -241.35665665095874
[ 4.1228104  -1.38994166  3.00105429  1.47100733  1.2021577  -0.16295373] -241.35666552623695
[ 4.12468679 -1.39228673  3.00299179  1.47448171  1.20490317 -0.16223294] -241.35665311025986
[ 4.12607951 -1.39298965  3.0047129   1.47481775  1.2043439  -0.16377092] -241.35666655159426
[ 4.12354792 -1.39118767  3.00172738  1.47307381  1.20404839 -0.16202262] -241.3566637996211
[ 4.12407408 -1.39283817  3.00313052  1.47378458  1.20465446 -0.16272997] -241.35666740866995
[ 4.12383151 -1.39267506  3.00324095  1.47338449  1.20416503 -0.16249003] -241.3566588512058
[ 4.12368411 -1.39230915  3.00151131  1.47341029  1.20390607 -0.16278192] -241.3566574621585
[ 4.12443986 -1.39209282  3.00331854  1.47290538  1.20394387 -0.16325334] -241.35664883872215
[ 4.12406853 -1.39222901  3.00350483  1.47365553  1.20458274 -0.16301489] -241.35664610267756
[ 4.12308272 -1.39198831  3.00200073  1.47278997  1.20417781 -0.16233342] -241.35664781865228
[ 4.12344862 -1.39205648  3.00248469  1.47262646  1.2037393  -0.16297023] -241.35666365910205
[ 4.12360498 -1.3922519   3.00264615  1.47291599  1.20396809 -0.16291016] -241.356651647622
[ 4.12361568 -1.39207855  3.00217598  1.47287038  1.20416307 -0.16335021] -241.3566503942148
[ 4.12374027 -1.39236759  3.00412718  1.47266462  1.2045077  -0.16324776] -241.3566599665464
[ 4.12369815 -1.39232376  3.00216528  1.47322387  1.20405648 -0.16289838] -241.35666222708412
[ 4.12357562 -1.39210866  3.00275278  1.47322275  1.20438028 -0.16267416] -241.35665295727196
[ 4.12425419 -1.39216092  3.00341169  1.47328046  1.2042633  -0.16313411] -241.3566597038546
[ 4.12384211 -1.39215378  3.00284041  1.47326296  1.2043729  -0.16318255] -241.3566626694228
[ 4.12376495 -1.39280931  3.00338704  1.47337149  1.20449424 -0.16312094] -241.35666685174837
[ 4.12383676 -1.39224046  3.00307549  1.47328576  1.20427541 -0.16296253] -241.35666807300925
[ 4.12387632 -1.39226908  3.00250807  1.47353291  1.2042444  -0.1628984 ] -241.3566673125581
[ 4.12395715 -1.39233646  3.00305945  1.47348961  1.20450387 -0.16304583] -241.35664902024328
[ 4.12394453 -1.3923303   3.00381066  1.47322802  1.20462137 -0.16315909] -241.3566705731985
[ 4.12389337 -1.39228439  3.00283372  1.47345669  1.20433865 -0.16296358] -241.35665157834146
[ 4.12409871 -1.3916151   3.00274725  1.47341784  1.20431967 -0.1628841 ] -241.3566490566935
[ 4.12410709 -1.39209107  3.00326283  1.473578    1.20442326 -0.162723  ] -241.35665572465564
[ 4.12364596 -1.39206065  3.00264194  1.47365968  1.20458619 -0.1626344 ] -241.35665491287048
[ 4.12363936 -1.39212036  3.00258382  1.47338937  1.20448053 -0.16301598] -241.35666399863237
[ 4.12399016 -1.39209839  3.00309308  1.47353084  1.20443758 -0.16279625] -241.35666267510877
[ 4.12401284 -1.39228274  3.00328214  1.47357257  1.20454331 -0.16303036] -241.35664667296848
[ 4.12408362 -1.39192205  3.00312604  1.47353669  1.2044512  -0.16294949] -241.3566635444463
[ 4.12398095 -1.3922567   3.00316928  1.47355611  1.20446069 -0.16298923] -241.35666336558023
[ 4.12382207 -1.39216884  3.00312881  1.47343914  1.20448151 -0.16284452] -241.356652899504
[ 4.12385725 -1.39214483  3.00307339  1.47365761  1.20458446 -0.16282465] -241.3566509604081
[ 4.12408781 -1.39216004  3.00338383  1.47361677  1.204503   -0.16286895] -241.35666513764085
[ 4.12385395 -1.39217469  3.00304433  1.47352245  1.20453163 -0.16301544] -241.3566534567664
[ 4.12378158 -1.39249688  3.00327488  1.47359779  1.20461024 -0.16295687] -241.35665815925643
[ 4.12381779 -1.3922423   3.00326685  1.47359225  1.2046506  -0.16290634] -241.35667163130938
[ 4.12394016 -1.3922531   3.00319367  1.47356515  1.20450817 -0.16296851] -241.35666011933873
[ 4.12385858 -1.3922459   3.00324246  1.47358322  1.20460313 -0.16292706] -241.35666037039098
[ 4.12391976 -1.3922513   3.00320587  1.47356966  1.20453191 -0.16295815] -241.35665452820862
[ 4.12406322 -1.39192025  3.00313824  1.4735412   1.20447494 -0.16293913] -241.35665656284462
[ 4.12399281 -1.39206441  3.0031724   1.47355535  1.20450877 -0.16294357] -241.35665654511197
[ 4.12385199 -1.39235273  3.00324072  1.47358364  1.20457642 -0.16295244] -241.3566655983855
[ 4.12395761 -1.39213649  3.00318948  1.47356242  1.20452568 -0.16294578] -241.35666763429438
[ 4.12404068 -1.39225588  3.00339349  1.47361405  1.20456302 -0.16302262] -241.35666976943537
[ 4.12396289 -1.39218692  3.00328911  1.47365657  1.2045836  -0.16291977] -241.35665514953467
[ 4.1239453  -1.39219893  3.00331682  1.47354734  1.20453212 -0.16292971] -241.35667232531588
[ 4.12396124 -1.39220185  3.00327458  1.47358899  1.20455719 -0.16301516] -241.35666115611258
[ 4.12399415 -1.39224016  3.00335535  1.4736126   1.20455732 -0.16298652] -241.35665706846876
[ 4.12403067 -1.39214671  3.00333862  1.47360544  1.20454575 -0.16297923] -241.35664992356644
[ 4.12407408 -1.39222125  3.00340184  1.47369706  1.20459775 -0.16304969] -241.35665799879854
[ 4.12398983 -1.39215276  3.00332796  1.47365801  1.20457843 -0.1629658 ] -241.35665459746573
[ 4.12407881 -1.39219042  3.00346465  1.47370608  1.20459134 -0.1629568 ] -241.35666165826132
[ 4.12399063 -1.39219899  3.0033221   1.47361826  1.20456573 -0.16300057] -241.3566415550095
[ 4.12393815 -1.3921636   3.00331082  1.47357175  1.2045401  -0.1629059 ] -241.35666800867023
[ 4.1240401  -1.39220684  3.00337908  1.47366573  1.20458334 -0.16301374] -241.35665873686867
[ 4.12402958 -1.392214    3.00341347  1.4736369   1.20457423 -0.16300773] -241.3566568995995
[ 4.12401065 -1.39217285  3.00333036  1.47361185  1.20455574 -0.1629899 ] -241.35666041071374
[ 4.12399023 -1.39217588  3.00332503  1.47363814  1.20457208 -0.16298318] -241.3566522777341
[ 4.12397676 -1.39219296  3.0033056   1.47363742  1.20457466 -0.16296017] -241.35665029602467
[ 4.12399239 -1.39221958  3.00333872  1.47361543  1.20456152 -0.16299355] -241.35666091972388
[ 4.12403236 -1.39221012  3.00336197  1.47365766  1.20458174 -0.16302513] -241.35665541043568
