[ 2.04295687  1.72215127  0.72004676  0.52591723 -0.86119191 -0.68976339] -284.74687427456536
[ 0.34481682 -0.56880494  2.16246811  3.33877343  1.00658876  0.1029354 ] -315.20814232353104
[ 0.29309706 -0.45653415 -1.08346535  0.5110576  -0.62375358 -1.44656124] -302.34816095330893
[ 1.15765457  0.53992177 -0.22066482 -0.06922538  0.83136557 -0.8783324 ] -341.89322034590003
[ 0.88514878  0.00713545 -1.10677689 -1.73432371  0.89102347 -0.47903198] -360.4376686287677
[-0.03618499  0.29597571 -1.32423592 -1.42285985  0.40380044  0.06028421] -345.3088847900332
[ 0.73548386 -0.57780782 -1.08629592  0.73093072 -0.63612422 -0.24738623] -299.32926117355544
[ 0.62745929  0.31116516  0.82939451  2.93918829 -0.85079512 -0.55390923] -276.9258545839894
[ 0.49861454  0.46318001  1.79748021  5.27594429 -1.72170441 -0.59134786] -296.08842594930314
[ 1.77000781  0.02738806  1.76473035  4.08174048 -0.7817706  -1.29795658] -263.41621164359725
[ 2.67310421 -0.10690576  3.30921348  6.83404064 -1.37455612 -1.97707697] -337.2029843068731
[ 0.780286   -0.38740258  1.32295763  4.11176129 -1.7470478  -0.49921469] -272.95383537083455
[ 1.73828015  0.78179159 -1.34001211  0.96142511 -2.84014983 -1.68119919] -270.8365676631227
[ 2.27172761  1.08229604  1.82040576  3.93926344 -1.94860625 -0.2099152 ] -264.36290431028385
[ 2.34142205  1.75693766  2.79213689  4.78883456 -2.37372962 -1.39659986] -296.9420504158321
[ 1.9399375   1.17325129  1.82252869  3.7743586  -1.93932827 -1.10929645] -267.40137057445355
[ 0.99960925 -0.72598808  1.35328818  6.07666184 -2.50804071 -1.09406706] -317.441520975842
[ 1.78211997  1.11011643  0.87835712  1.91360338 -1.27290411 -0.79083931] -267.5252830408562
[ 2.79999372  0.95131512  1.2602613   3.32152914 -2.6591405  -1.30889791] -266.17791579605336
[ 3.32040292  2.09612208  0.7457994   1.88554543 -2.06691873 -1.63348685] -260.3622196490877
[ 4.59046137  3.33788442  0.45722028  0.77243749 -2.22685419 -2.20062293] -271.74799723208486
[ 2.88978303  1.36503809  4.10403965  5.34392172 -0.71607299 -0.43559824] -280.7926043053309
[ 2.02615587  0.92760321  0.02100083  2.05704926 -2.30913062 -1.36979895] -262.21035717522494
[ 2.92728851  0.97587551  1.59988499  4.43955873 -2.62872755 -1.51894467] -284.08716268462047
[ 2.0684121   1.0765562   1.05873909  2.54509222 -1.61185997 -0.97286565] -260.62241613440676
[ 2.81229584  0.88050895  0.40111689  2.16904805 -1.85314729 -1.15501059] -258.3054547636279
[ 3.24847501  0.73413777 -0.30958901  1.36639278 -1.8100568  -1.17786766] -264.33002281972597
[ 1.95634032  1.07884306  0.6770028   2.23771715 -0.86467065 -0.90411337] -266.75298959693913
[ 2.58908037  0.9831971   1.11444668  3.05057615 -2.21052304 -1.20770177] -260.13694037775196
[ 2.5903907   0.91482916 -0.11846135  1.32375376 -1.6625105  -2.3356916 ] -267.3425470389149
[ 2.35139338  1.04042932  1.33568898  3.28538602 -1.87708231 -0.7413593 ] -259.2597126264719
[ 3.28590568  2.30741756 -0.20579973  0.91582523 -3.19445005 -1.0621178 ] -268.5000269396622
[ 2.14898228  0.59739544  1.27209783  3.29026167 -1.38494046 -1.23899688] -259.2035845322447
[ 3.07069976  1.29713315  1.95496213  3.35158725 -1.35902665 -0.94667473] -256.2620454753228
[ 3.59297171  1.48189812  2.92194278  3.99885624 -0.88397466 -0.73511262] -257.7068061963698
[ 3.36253942  1.22170582  1.21596488  3.13237597 -1.97201952 -1.33487773] -258.1901486945502
[ 2.1245941  -0.08933216  1.6856264   4.20753294 -1.4853277  -0.57472015] -261.24716166664405
[ 3.02145071  1.54975852  0.98075615  2.46604231 -1.92152097 -1.36879518] -257.9176582274052
[ 3.00004009  1.21244663  1.27241561  2.84765761 -1.24538936 -1.05420303] -255.61685118012102
[ 3.20551995  1.32707139  1.35140008  2.74619834 -0.76282252 -0.97745366] -256.49407290254777
[ 3.45394266  1.21255351  1.03008218  2.46693826 -1.36826577 -1.62482675] -256.8331392197808
[ 4.09134055  1.86064009  1.01300145  2.18762148 -1.85484939 -1.25579912] -258.076306415688
[ 3.85437522  1.90423696  2.08794391  3.31502624 -1.38720993 -1.37338158] -257.7844420053665
[ 3.46807691  1.79055047  1.56375559  2.41258175 -1.07340117 -1.20634907] -257.266843054527
[ 2.53152124  1.12825299  1.95030374  3.43232299 -0.93008856 -1.26894433] -258.55694518917164
[ 3.70138572  1.67754332  1.24732702  2.49879686 -1.62365918 -1.25908542] -256.27660399559403
[ 3.82805607  1.48172949  2.071406    3.16482035 -0.76412972 -1.11937835] -253.98395982756
[ 4.23135876  1.44771497  2.61673092  3.51420937 -0.18543409 -0.99466994] -253.28841328935187
[ 3.12079275  0.97507706  1.14048057  2.3822308  -0.89784881 -0.98855473] -259.101041777813
[ 3.6709796   1.67194698  1.85107808  3.08182738 -1.26486965 -1.27717487] -255.440440483136
[ 3.57472528  1.04922905  1.76044305  3.50775716 -1.2754804  -1.17919584] -254.9077248077134
[ 3.62912041  1.57278452  2.53757009  3.80034028 -0.94968734 -0.61217453] -255.6789433631533
[ 3.35758892  1.07287512  2.75040627  4.20232949 -0.46963665 -0.76227889] -255.95715760612373
[ 4.08390459  1.37853261  2.30791921  3.63311985 -0.43780585 -1.0132243 ] -252.79116008247573
[ 4.590507    1.41923233  2.48439776  3.77388615  0.02280455 -1.04649909] -252.30244262024738
[ 4.20798813  1.71824304  1.42380557  2.63956316 -1.16304878 -1.29236021] -255.41404932381596
[ 4.12941254  1.26681982  1.2653869   2.65462666 -0.75411857 -1.66919313] -256.44072599494496
[ 3.75419345  1.49629335  2.21952429  3.51391188 -0.90079515 -0.87642918] -253.97847707574036
[ 5.00987732  1.72177328  2.84624428  3.82939409 -0.34355181 -1.16790668] -255.76549357284216
[ 3.5024994   1.33977829  1.66587278  3.09309173 -1.01992997 -1.08262894] -254.0864716487641
[ 4.28277774  1.15155003  2.20584671  3.5989791  -0.24242496 -0.8800862 ] -251.86892947701273
[ 4.5886768   0.89135155  2.38323103  3.85755497  0.26879738 -0.68154186] -251.12807001052317
[ 3.87266543  0.82962347  2.95292771  4.44724059  0.13303622 -0.66129474] -253.3589300591998
[ 4.60524166  1.42543561  3.01378511  3.89220773  0.71497338 -0.60182541] -252.96990067502736
[ 5.0450483   1.1634388   3.5576595   4.57324517  1.03772407 -0.53812446] -252.36334199657506
[ 5.22363921  0.89597223  3.45005305  4.50553612  1.56476232 -0.63155599] -252.65324060497537
[ 5.55549182  1.58475836  2.88235808  3.59163924  1.00817298 -0.83677751] -255.6304126139007
[ 4.29337203  1.01840719  2.9352853   4.23334026  0.35182041 -0.70516543] -252.0311959818342
[ 5.21746958  0.82356426  3.32473966  4.76438075  1.50572813 -0.40690081] -251.08432863298188
[ 5.71052499  0.51148891  3.67874403  5.38946644  2.35130924 -0.11301625] -251.52346650846883
[ 5.04766265  0.64521985  3.03133699  4.67710674  0.86890557 -0.73477047] -251.45892624479308
[ 4.37060625  1.0910991   2.45549703  4.12096856 -0.21283561 -0.73944472] -252.0345853377681
[ 4.32438313  0.7995193   1.98050309  3.90250064 -0.1026506  -0.899983  ] -250.86246038175366
[ 3.96405055  0.61755954  1.19192489  3.56712837 -0.67283793 -1.08091227] -251.57510663202711
[ 4.69021648  0.33715475  2.88579995  4.74473116  0.87045054 -0.34276968] -250.0965298261457
[ 4.74007121 -0.20388404  3.08650104  5.23015366  1.29427354  0.00909503] -250.0234943877712
[ 5.03327222  0.23362694  3.12503534  4.76737711  1.60846043 -0.40031079] -251.21342051215103
[ 5.35713984  0.04472543  2.70849709  4.8330177   1.46268441 -0.33297187] -250.0198460057764
[ 5.88902375 -0.44211546  2.59510298  5.13285642  2.0181164  -0.14687509] -251.1338355871371
[ 4.70600828  0.21774796  2.5048321   4.44122154  1.14352552 -0.16943396] -250.5697760617724
[ 4.61131073  0.62404788  2.20439933  4.24223264  0.24899237 -0.4269347 ] -249.58759347363343
[ 4.40032999  0.81925835  1.74408132  3.9796604  -0.43074166 -0.44024665] -250.3341313681247
[ 5.06345079 -0.12277795  2.88659307  5.28028068  1.58205374 -0.06083458] -249.45645236387992
[ 5.30083778 -0.6298427   3.13827409  5.99164354  2.23868192  0.24951906] -250.85601877794488
[ 4.38331842 -0.37043808  1.79903558  4.54542153  0.37056487 -0.22012022] -248.86969031894552
[ 3.96624283 -0.96743925  1.03618353  4.43594192 -0.19701676 -0.12672992] -249.55419922166658
[ 5.29604996 -0.7363789   3.08278297  5.62160861  2.13668208  0.4995829 ] -249.42143131541465
[ 5.11110536 -0.47264985  2.75110426  5.47635007  1.22155815 -0.00796052] -250.67476622432577
[ 4.80728255  0.04514851  2.56640014  4.70000367  1.16303368 -0.1290656 ] -249.43376193997028
[ 5.09944622  0.031993    1.99606835  4.51070129  1.0270635  -0.23254305] -249.46567541272236
[ 4.39647972 -0.22086061  2.13659606  4.80039844  0.71344567  0.14300012] -248.40521604662845
[ 3.91614965 -0.35365362  1.85064555  4.78408881  0.33882631  0.38098612] -248.74986260662936
[ 5.07069848 -1.08181922  2.61809273  5.57723877  2.08195548  0.42694123] -249.4447301602546
[ 4.57298042 -0.86103509  3.03376517  5.66428262  1.655515    0.45237767] -250.18425905450687
[ 4.96782977 -0.19126402  2.25549255  4.79909662  1.18417638 -0.06131287] -248.85241003707583
[ 4.57710218 -0.72909282  1.9328736   4.73430854  0.96789898  0.28050977] -249.22194127409392
[ 4.40532238  0.34752392  1.97296757  4.1563737   0.09664507 -0.25607652] -249.21765336543868
[ 4.53475158 -0.67865201  1.82684931  4.85239881  0.660104    0.25759333] -248.18262696561408
[ 4.3984861  -1.04055227  1.45707389  4.92859638  0.40863916  0.45092279] -248.264916206531
[ 3.79221805  0.12211769  0.89182192  3.6743906  -0.80573709 -0.45171837] -250.49206047830688
[ 4.92009198 -0.52175475  2.53504271  5.13480411  1.40107729  0.26175759] -248.64569796777187
[ 4.62549577  0.1839443   2.24245432  4.6951892   0.50743878 -0.23889596] -249.12165610572848
[ 4.8706667  -0.94719897  2.29218927  5.4527292   1.51562393  0.30341719] -248.5887872909484
[ 4.73221695 -1.16066711  2.03928084  5.16642704  1.44089193  0.46700767] -249.29061279199107
[ 4.65217607 -0.15220855  2.19166095  4.81299866  0.74080207 -0.06242005] -248.54551960065297
[ 5.06401352 -0.53354156  2.61357471  5.40538708  1.70117825  0.50079865] -248.34429420852769
[ 4.51156342 -0.82680813  2.27647845  5.35380882  1.05990069  0.52936181] -248.4796452236866
[ 4.42312502 -0.59800186  1.9107402   5.09110289  0.72927425  0.29549277] -248.17998177983125
[ 4.17464154 -0.63612541  1.59858895  5.06925228  0.39337273  0.31236036] -248.53553043933587
[ 4.32336974 -0.0561586   2.02644396  4.6526357   0.35261105  0.25119169] -248.2837503904941
[ 4.43225827 -0.81913237  2.07189994  5.23891192  0.9980359   0.72156617] -248.02524152316187
[ 4.32229937 -1.15259428  2.01201944  5.45186855  1.12665282  1.11355928] -248.3029957224369
[ 4.54643586 -0.1419742   1.91888961  4.6598028   0.65831568  0.19385243] -248.0438896295496
[ 4.71150495 -0.72162626  1.98620318  5.16634796  0.98639404  0.59716489] -247.75045081834674
[ 4.86901757 -0.97200909  1.91100675  5.34932272  1.12286822  0.82424727] -247.77421445703834
[ 3.92646829 -0.47164021  1.3001007   4.48167961 -0.23959994  0.27148844] -248.7241571792745
[ 4.77962721 -0.51806622  2.2852062   5.17446021  1.2159837   0.4434711 ] -248.00049708041726
[ 4.81919789 -1.10299237  1.97348553  5.4083725   1.39675814  0.58518854] -248.1487423752826
[ 4.70263149 -0.62194575  2.22195892  5.39393395  1.33481657  0.6879853 ] -247.8083013622455
[ 4.90742687 -0.7105772   2.24180759  5.25617355  1.46749376  0.78091671] -247.88355750831445
[ 4.54076366 -0.07478163  2.26850296  4.88817097  0.82358841  0.55646366] -247.8683194473032
[ 4.81163496 -1.01340227  2.43963665  5.71286339  1.61712177  1.06867018] -248.23671080422247
[ 4.61273564 -0.35983122  2.04907637  4.92306795  0.89801721  0.41255687] -247.8192635686134
[ 4.98597167 -0.18314373  2.27901846  5.02847294  1.24406199  0.43795334] -247.8070378574618
[ 4.70738421 -0.37256904  2.06364962  5.04426223  1.03547363  0.71420916] -247.43172769981138
[ 4.67126271 -0.29982045  1.95287133  4.97916323  0.94521859  0.84957819] -247.21672721361256
[ 4.50086317 -0.04313915  2.01073615  4.87021211  0.60987184  0.3996507 ] -247.8461977419172
[ 4.85422621 -0.66838722  1.89811852  5.23222841  1.18253834  0.57183277] -247.59871987432967
[ 5.01191439 -0.90844573  2.11834611  5.37085937  1.58714374  0.78603975] -247.96256678834482
[ 4.62862597 -0.25946579  2.03763864  4.99537393  0.85418981  0.49624797] -247.6223727832049
[ 4.9053387  -0.55829851  2.07619332  5.34210553  1.28438924  0.80103062] -247.4379430525924
[ 4.88301192 -0.27496824  1.85472224  4.85396339  0.83078077  0.56328395] -247.4966097997521
[ 4.56535182 -0.74437843  1.65623061  5.16125454  0.78377493  0.85509279] -247.40884569402766
[ 4.79110083 -0.21347996  1.83905504  5.02168172  0.97390319  0.78185721] -247.04389207244492
[4.83089877 0.04059319 1.76548096 4.9493486  0.96765777 0.87420337] -246.80225933671124
[ 4.94140407 -0.57562077  1.69690035  5.17731397  1.14393006  1.00875926] -247.06895887945115
[ 4.74486312 -0.13577718  1.76934775  4.92215467  0.80271212  1.07881662] -246.83403610721908
[ 4.67002781 -0.48279915  1.78428587  5.32315013  1.14511347  1.25920966] -246.861827831972
[ 4.56926406 -0.17430242  1.46551231  4.82868952  0.64507974  1.17418935] -246.76024420295647
[4.40122675 0.01769563 1.16017181 4.57198151 0.32542499 1.36076871] -246.9031089306292
[4.91055503 0.20180284 1.82190225 4.8986855  1.09946231 1.2264927 ] -246.64362177056285
[5.08315663 0.67489348 1.90473807 4.76740098 1.257306   1.41219265] -246.85398288071437
[ 4.88440824 -0.07554737  1.48160516  5.0539509   0.98943323  1.35764546] -246.43069115596728
[4.990981   0.03658917 1.24597208 5.09134473 1.01154056 1.6116791 ] -246.35193184969486
[4.63079252 0.40432291 1.58726672 4.82714374 0.74659192 1.39943767] -246.46623892142705
[4.88909036 0.60720865 1.43420815 4.51597212 0.612568   1.19572994] -246.80450085796406
[4.8623308  0.50784863 1.33743308 4.7815734  0.89158798 1.41509408] -246.30841355264414
[4.92106464 0.82966154 1.12147574 4.71128276 0.93602592 1.58323281] -246.3139928910176
[ 4.7091837  -0.26825721  1.64031431  5.2762897   1.17473876  1.37130215] -246.51496455739294
[4.72680361 0.19540812 1.26731929 4.9518936  0.88867599 1.85852831] -246.22747542529862
[4.67475602 0.27281558 1.01823846 4.9531661  0.8491851  2.35069079] -246.40658426114086
[5.04095149 0.53354057 1.5012236  5.11362071 1.29245277 1.78665532] -246.0970066852271
[5.2767952  0.88746206 1.51907924 5.2560863  1.61613928 2.09288831] -246.25565181967843
[4.74312601 0.26801455 1.03794078 5.11526979 0.90240035 1.92107285] -246.18567529391282
[4.95581144 0.91683186 1.01873753 4.68399228 0.73634443 1.95952029] -246.47208346640957
[4.89415451 0.62055959 1.17413173 4.83206664 0.84594301 1.81246576] -246.22653420005528
[5.12198995 0.31633063 0.93407346 5.13477921 1.1976083  2.0690608 ] -246.31621345776367
[4.80547112 0.77731153 1.1714019  4.88505639 0.99468224 2.00927994] -246.13851956869922
[4.5689559  0.65123037 1.56241    4.75838096 0.74097249 1.53197128] -246.51629121796265
[4.98373143 0.40005556 1.09115759 5.04067965 1.08344934 1.93478842] -246.1301618522303
[4.86908192 0.42378135 1.07695855 5.19795553 1.11094659 2.35916946] -246.1990820131443
[5.05203522 0.81234627 1.08361876 5.10965597 1.18794878 2.0826156 ] -246.21358090509318
[4.93731123 0.45112369 1.14663533 5.3220127  1.34468368 2.21872811] -246.0817238263786
[4.95888959 0.36640573 1.13288713 5.56698574 1.59405401 2.42185928] -246.27002261589786
[4.74118918 0.13892948 1.25815382 5.11520895 1.05492288 1.9939491 ] -246.14206872708976
[4.88151156 0.43254378 1.32521245 4.9993272  1.1132505  1.59565512] -246.07614416149622
[4.88772638 0.436925   1.4493394  4.90001304 1.11440246 1.21389796] -246.30665241905268
[5.05359599 0.64315365 1.45998746 5.04336541 1.39208012 1.92527916] -246.12430725880955
[5.15966843 0.94031345 1.30705229 5.0194784  1.35194334 1.82951293] -246.1624402879616
[4.84580899 0.33927547 1.27037844 5.09127632 1.12917799 1.95284006] -246.0493146098084
[5.10883245 0.15591938 1.42679639 5.31837094 1.45701589 1.79536879] -246.1461112861942
[4.88131145 0.62196349 1.23525052 4.99338503 1.11026566 1.95580215] -246.05145346383466
[4.89643213 0.60714465 1.55507167 5.14698281 1.37718756 1.87686488] -246.07287663785297
[4.77417963 0.35204357 1.21793655 5.17883618 1.06359259 1.87023606] -246.10951102497725
[4.84403372 0.42482109 1.27844928 5.14496849 1.14571448 1.88399683] -246.03239618551112
[4.72118487 0.42541682 1.1024423  5.11903014 1.11430719 2.04130707] -246.01842548638544
[4.56130156 0.37135495 0.90305165 5.12173486 1.02523439 2.16863294] -246.14614218648214
[4.75278302 0.49926475 1.44229956 4.84297729 0.98528412 1.55009393] -246.27641743995613
[4.89117917 0.46315895 1.22055139 5.20225385 1.25483379 2.05156956] -246.00057461110927
[4.81180522 0.52804971 1.22883541 5.233305   1.26391172 2.32513839] -246.10610723873356
[4.86408498 0.45642026 1.30111819 5.05782165 1.1509158  1.77802594] -246.01785229116373
[4.78610226 0.30320738 0.91432503 5.05592902 0.92455074 2.01098232] -246.14392249235112
[4.86884967 0.53116033 1.39488501 5.12421936 1.26402836 1.91039424] -246.01492775344565
[4.79706902 0.25812082 1.28735768 5.25313824 1.24272688 1.91690908] -246.02680458073178
[4.81632482 0.51375729 1.25788951 5.20920093 1.26166417 1.90789419] -245.9876341085525
[4.80158273 0.6009982  1.25164505 5.26816323 1.32790726 1.88542125] -246.02736328109083
[4.80886379 0.45785707 1.24296542 5.17691957 1.28377758 1.98470319] -245.9659364210794
[4.79127882 0.47437506 1.22522349 5.19289512 1.35280913 2.03505637] -245.97244156002935
[4.85976008 0.69113609 1.21925959 5.04334359 1.20044875 1.97438899] -246.0019243121712
[4.98183596 0.61241318 1.44311407 5.15222285 1.3575823  1.82768497] -246.01674130108117
[4.87818619 0.63340737 1.29177014 5.2448984  1.38986251 2.10751911] -245.99678030749016
[4.72588528 0.48441253 1.09932628 5.18138905 1.19395609 2.15113812] -246.02548321982283
[4.91784829 0.58041302 1.35716713 5.1595144  1.31667574 1.90854826] -245.98578548524108
[4.85520445 0.58208293 1.13498271 5.22115755 1.30505916 2.06781352] -245.9652679772823
[4.84838184 0.60754423 1.00503156 5.26962665 1.32557456 2.14652316] -245.9984129584509
[4.86277549 0.38575612 1.28251584 5.36130464 1.4035089  2.03496029] -246.03290232359112
[4.86051393 0.6147911  1.23507365 5.12283385 1.25121379 1.98953181] -245.97466470824077
[4.82113465 0.66427731 1.2860648  5.17592105 1.3479172  1.93710046] -245.96802684100024
[4.81511045 0.50431886 1.21294427 5.11028406 1.1989067  1.82434471] -245.9591463305697
[4.78357259 0.43977461 1.17353133 5.04297689 1.1034288  1.68275751] -245.99194768887466
[4.87656704 0.62082281 1.23184315 5.11300923 1.30618589 1.9961198 ] -245.9671972746982
[4.76128314 0.56763701 1.09079088 5.14719404 1.24767769 2.02465624] -245.953705758753
[4.68300057 0.56124901 0.95760275 5.14103387 1.21317867 2.08271023] -245.987562312252
[4.78554057 0.5175409  1.16479009 5.19199465 1.31196095 1.95538083] -245.93159186261195
[4.74805389 0.4689158  1.1296483  5.22657505 1.34233454 1.93830534] -245.92714128578345
[4.80055961 0.40293419 1.06166011 5.15579212 1.21339666 2.0082138 ] -245.9605077331152
[4.71979141 0.37375915 1.05915408 5.2329649  1.22419822 1.9532258 ] -245.96871650035968
[4.83737313 0.55905689 1.18867088 5.14299815 1.28568897 1.9853963 ] -245.94633736393314
[4.79699777 0.57045815 1.02993363 5.15774742 1.24724366 1.96487344] -245.9246906168845
[4.79106476 0.6267587  0.92341774 5.14816134 1.2289767  1.95495857] -245.92825258023592
[4.73125489 0.44235737 1.10289998 5.09237272 1.20669025 1.84744975] -245.96950132184543
[4.82421706 0.54715154 1.12696203 5.18896135 1.28046693 2.01272258] -245.94124360797662
[4.79378554 0.66957857 1.19798989 5.16879457 1.32070951 1.9085524 ] -245.94558647255712
[4.77212639 0.62328046 1.04172093 5.23380613 1.3758004  2.12049073] -245.94552332495127
[4.82956812 0.57851013 1.14751768 5.22576684 1.36973697 1.95212402] -245.91174856768083
[4.8637106  0.58394668 1.17588108 5.26505324 1.43076661 1.91585791] -245.9083242291036
[4.76225729 0.59538684 1.04537441 5.27064777 1.38008491 1.9682045 ] -245.92513826340536
[4.79533546 0.46013459 0.98518357 5.27880242 1.36485617 2.06493243] -245.92176041060648
[4.82473096 0.45205074 1.12260674 5.22878961 1.30611721 1.83447468] -245.9214957662987
[4.7728116  0.4964794  1.03591388 5.28691049 1.41000077 1.88282686] -245.89133659008107
[4.74710888 0.47114332 0.99038981 5.33588506 1.47476769 1.81787899] -245.89164845564042
[4.85722734 0.58390301 1.0019828  5.2694086  1.37068857 1.93875127] -245.92759203669073
[4.77534725 0.4976626  1.09773193 5.23728344 1.34942305 1.93841682] -245.90955584868195
[4.84738726 0.42485722 1.10370921 5.21421444 1.32271758 1.89892288] -245.91049135445022
[4.82944328 0.40125226 1.14374184 5.34593713 1.48071681 1.88027042] -245.9056577200586
[4.84247486 0.49194837 1.24134465 5.24726036 1.4017245  1.71865742] -245.92289142153427
[4.80712031 0.46808804 1.04922384 5.2709169  1.37407326 1.97836368] -245.90415114882293
[4.80720914 0.50537798 1.07946052 5.3113156  1.48311548 1.99707818] -245.89255100443273
[4.77116013 0.55941177 1.09027516 5.35825783 1.51998107 1.96534841] -245.92650940337342
[4.82833048 0.45849585 1.10035069 5.25022528 1.37203345 1.91552926] -245.89715005822532
[4.86086122 0.4735508  1.09712536 5.33950278 1.50081241 1.91822528] -245.8905729090075
[4.9036182  0.46149491 1.09682207 5.39061245 1.5765071  1.90812951] -245.89834917367574
[4.77154807 0.35046809 0.9927243  5.33654948 1.44281745 1.94157331] -245.90251077478075
[4.78651699 0.51623447 0.97452436 5.25253639 1.38023413 1.99759511] -245.89461742028408
[4.80197219 0.4654475  1.04414253 5.32142977 1.48893131 1.90591232] -245.87634255162538
[4.79939813 0.46412723 1.04160187 5.3466862  1.54636034 1.86968664] -245.8724037485813
[4.84682778 0.62095382 1.1169346  5.2591761  1.45470142 1.91874046] -245.88749701050125
[4.79621114 0.56707871 1.01483617 5.3484839  1.55304139 1.94585491] -245.8829228271444
[4.84125601 0.52628818 1.15409977 5.3781553  1.60244314 1.84654234] -245.8959323521689
[4.80020175 0.5187479  1.01941821 5.28394111 1.43578638 1.95983191] -245.88332902744037
[4.81822807 0.5416013  1.02914951 5.31025126 1.48378543 1.83464384] -245.8752488483461
[4.86776443 0.56554052 1.07044136 5.34243663 1.58149502 1.93283416] -245.86805100685635
[4.91524084 0.60007108 1.08770509 5.3701997  1.66724215 1.95783782] -245.86949227386052
[4.78201588 0.61913235 1.00033521 5.29082229 1.51757758 1.90230536] -245.87461555725267
[4.77444535 0.47112219 0.94165951 5.3816977  1.5846473  1.89631181] -245.87846701579005
[4.81248592 0.55745287 1.01325633 5.38951821 1.65318264 1.834047  ] -245.8740666967781
[4.82190145 0.50591344 1.01731176 5.33865353 1.56930804 1.81075469] -245.85946512813788
[4.83474661 0.47533081 1.01854956 5.33373835 1.57744136 1.74320458] -245.85973066324593
[4.85948594 0.61346705 1.11570583 5.29109167 1.53258905 1.83177875] -245.8709820350747
[4.82945585 0.56694319 1.05706794 5.35615159 1.64971879 1.89249169] -245.86926574401184
[4.88148136 0.47201575 1.10479315 5.39735699 1.65997371 1.82155895] -245.8719277131223
[4.8740098  0.50521619 1.12238431 5.30127399 1.52663235 1.88565463] -245.86846074709092
[4.91196815 0.61223815 1.12096625 5.3289686  1.62687865 1.85533765] -245.86638152871922
[4.84004718 0.65109043 1.063166   5.25550168 1.50223359 1.91472491] -245.87066109806653
[4.85556301 0.52218026 1.03474004 5.34990367 1.61949977 1.93215383] -245.86041591489396
[4.88017371 0.44158681 1.07780456 5.41696099 1.68894395 1.85501731] -245.87002332300332
[4.87014208 0.49396272 1.07414492 5.37659616 1.64226636 1.86994421] -245.86227935232355
[4.90432712 0.50140724 1.08959493 5.32312594 1.5389746  1.8697347 ] -245.87155571348313
[4.84817367 0.5505592  1.06519969 5.34789518 1.62203275 1.88680244] -245.86167047705953
[4.85116113 0.57824858 1.00521703 5.39354393 1.69386118 1.87695437] -245.86345872824194
[4.85187207 0.52216026 1.03541854 5.36941706 1.67645389 1.81114824] -245.85941617692248
[4.84392589 0.50047013 1.01790713 5.38290727 1.72393333 1.75030527] -245.87190398277826
[4.78763632 0.44543667 0.95637774 5.39636791 1.64759534 1.87391494] -245.87691914773643
[4.88088519 0.57053778 1.07981912 5.34581843 1.63205782 1.85998198] -245.85857791426952
[4.85835136 0.47685598 1.09699433 5.31588408 1.5600117  1.84664076] -245.8633241193486
[4.8565538  0.50220413 1.07405    5.33529904 1.59347407 1.85421916] -245.85885059674703
[4.83484098 0.56388897 1.0280348  5.31906614 1.59534242 1.84840924] -245.85651731276485
[4.81719044 0.59885209 1.00497975 5.29030113 1.57188044 1.83764175] -245.8588683548428
[4.85236517 0.51173574 1.02459173 5.33815745 1.60667925 1.81875327] -245.85366468773094
[4.85446092 0.49232402 1.00428775 5.33328858 1.59900251 1.78472868] -245.85344459541227
[4.84460846 0.53016261 1.04490062 5.33061059 1.60237982 1.72426016] -245.86050384244012
[4.85282437 0.52417584 1.03728019 5.3450804  1.61521978 1.88018041] -245.85649460256374
[4.88857766 0.55251689 1.06898504 5.34400302 1.66787546 1.86880121] -245.8576105718811
[4.87084224 0.54638895 1.0620671  5.30476814 1.55787013 1.88762532] -245.8573110846923
[4.87092332 0.58107336 1.01944133 5.32870919 1.62898197 1.85568978] -245.85176107480999
[4.87810808 0.62050797 0.99213699 5.32541427 1.64673592 1.85642509] -245.85154367907336
[4.84566623 0.52939643 0.98444484 5.31138842 1.59529091 1.84874135] -245.85426077958334
[4.82366995 0.5397105  0.96709885 5.3023323  1.53527843 1.83323549] -245.8525302299276
[4.82568127 0.5436123  0.94236071 5.34075523 1.6377532  1.79628143] -245.85618230862667
[4.85862929 0.51935339 0.94783497 5.33368693 1.61441783 1.81812158] -245.85130066924125
[4.87052344 0.49708559 0.90773506 5.34099733 1.62395554 1.80297775] -245.85699506825355
[4.84258087 0.55745902 0.90877452 5.30387485 1.59427316 1.76566412] -245.85338876736412
[4.87535717 0.54263815 0.9924986  5.29590656 1.55724639 1.83935734] -245.85126254805263
[4.90019513 0.54215107 1.01756754 5.27348222 1.51699299 1.8608953 ] -245.85911751862255
[4.8652692  0.56126792 0.95309906 5.32011274 1.58702717 1.78376942] -245.85141882429122
[4.86007726 0.62132163 0.91619324 5.29382063 1.57932379 1.84746234] -245.85090839165264
[4.86288544 0.68582044 0.87214599 5.27408666 1.56948443 1.87882916] -245.8581971284859
[4.87778945 0.57747416 1.01417939 5.31988296 1.57907002 1.89379296] -245.8541447550211
[4.85138301 0.56246281 0.93512574 5.30787688 1.59047237 1.79769633] -245.84990854709582
[4.90593805 0.60280678 0.94519735 5.3232737  1.65646273 1.81437521] -245.85326943758696
[4.84423697 0.55548457 0.96162347 5.30756765 1.56557451 1.82852042] -245.8498597105971
[4.84020956 0.50033485 0.90998803 5.29424286 1.51795143 1.78188405] -245.85564339442686
[4.86863345 0.59046469 0.97159975 5.31762142 1.6145398  1.83778983] -245.8491644472944
[4.85416986 0.56930716 0.95519287 5.29871395 1.58683106 1.87254652] -245.85288355683474
[4.86249436 0.56327773 0.95362251 5.31476304 1.58697814 1.8059637 ] -245.84940325500605
[4.86209812 0.62586314 0.96238613 5.2788318  1.55029383 1.83414174] -245.8504316107938
[4.84095055 0.63032004 0.90768502 5.31092059 1.60514776 1.81116745] -245.8521586074261
[4.86675552 0.56455862 0.9712952  5.29966006 1.56922173 1.83230987] -245.8495640173273
[4.85845655 0.53271555 1.00235769 5.31495298 1.579703   1.79801163] -245.8508961484838
[4.85886173 0.55486707 0.98081658 5.3096699  1.5796082  1.81037431] -245.84937048872692
[4.85535689 0.50450869 0.96230829 5.34022119 1.61850442 1.80340974] -245.85211389639105
[4.86041282 0.59552453 0.96236667 5.29417914 1.56734648 1.82645874] -245.8493077401475
[4.86908194 0.5789296  0.998649   5.3066102  1.57061725 1.84944262] -245.85092116979723
[4.85580774 0.56657951 0.95100655 5.30756021 1.58550859 1.81063291] -245.84908764987085
[4.8800849  0.58960614 0.96861228 5.30691694 1.60215981 1.81265603] -245.84939363361997
[4.86200948 0.58888127 0.95804625 5.31724349 1.60949194 1.8023153 ] -245.84912405515036
[4.86610901 0.59869668 0.97719352 5.30296732 1.59924013 1.82744534] -245.84933307649166
[4.84385984 0.57539844 0.96506416 5.30949689 1.58308524 1.82568278] -245.8497862165554
[4.87102863 0.58605422 0.96772525 5.30756193 1.59739117 1.81591272] -245.84911781954645
[4.86913865 0.62053322 0.94849608 5.30604127 1.6115645  1.82981064] -245.84983670773605
[4.86143096 0.57128361 0.97273646 5.30876274 1.58759728 1.81523339] -245.84890736148407
[4.86033202 0.56756593 0.95063346 5.31467565 1.58805162 1.80866896] -245.84930157349305
[4.86600128 0.56141855 0.96154924 5.330296   1.62684699 1.80372563] -245.8499179023559
[4.86180993 0.58699803 0.96216231 5.30320836 1.58222161 1.82077546] -245.84883968725106
[4.86657471 0.59585451 0.9771254  5.30597706 1.60419851 1.82555092] -245.8493349340127
[4.86189269 0.57463808 0.95725644 5.31250101 1.59208834 1.81288945] -245.8489121183151
[4.85602636 0.56768021 0.951378   5.30132449 1.57022651 1.78812991] -245.849698568489
[4.86548168 0.58476857 0.96654432 5.31354719 1.60346148 1.82537485] -245.84856395209562
[4.86380773 0.56789274 0.9677642  5.30047032 1.57326421 1.83129095] -245.84910664736253
[4.85238161 0.56466596 0.95809817 5.30778801 1.57732267 1.82281962] -245.84912049934889
[4.86636688 0.58070715 0.96531848 5.30761845 1.59237404 1.81763944] -245.84875329562206
[4.86045556 0.58709891 0.95724399 5.31726233 1.60781957 1.80289088] -245.84907605515954
[4.87000482 0.59525195 0.97608078 5.31340648 1.60301218 1.82096825] -245.84913995220015
[4.85935701 0.57374762 0.95727511 5.30902178 1.58988449 1.81321674] -245.84888499439884
[4.86499082 0.57028211 0.96985372 5.30095751 1.57472284 1.83215223] -245.8490490313298
[4.86385701 0.57448631 0.96670128 5.30503371 1.58299702 1.82483689] -245.84882243961994
[4.86420846 0.58269235 0.97298954 5.30322974 1.58742363 1.82613615] -245.8488792726542
[4.86559603 0.58984973 0.95759389 5.30512367 1.59185681 1.82742646] -245.84887764767998
[4.86974965 0.5927531  0.9731615  5.30356526 1.59022704 1.83417968] -245.84924654788216
[4.86195517 0.57849899 0.96124671 5.30765765 1.58997013 1.81845748] -245.8487907462581
[4.8641471  0.58241057 0.95353279 5.31083327 1.59353673 1.81870071] -245.84882329605455
[4.86227656 0.57277347 0.96757474 5.31084254 1.58966352 1.81450182] -245.84886948933905
[4.86310643 0.57704254 0.96507953 5.30941282 1.59021185 1.81773298] -245.8487864471842
[4.86649482 0.57230668 0.96397872 5.314826   1.60196214 1.82013866] -245.848816176014
[4.86494022 0.57352617 0.97609022 5.308532   1.59345549 1.82269272] -245.84887121848345
[4.86434538 0.58018947 0.95917215 5.31025795 1.59351642 1.81969872] -245.84877024485692
[4.86539311 0.58335149 0.96041202 5.31607297 1.60750166 1.81484381] -245.848644826377
[4.86238806 0.58921273 0.96194568 5.30669634 1.59038305 1.8177771 ] -245.8488829012478
[4.86546813 0.57653319 0.96347046 5.31279359 1.59906737 1.81954827] -245.84875906999446
[4.8680987  0.58236515 0.96541894 5.31557668 1.60540748 1.81982188] -245.8488538981088
[4.86349105 0.57946553 0.96228977 5.3096374  1.59382946 1.81879858] -245.84876341364307
[4.86707565 0.58462926 0.9606562  5.31389636 1.60637163 1.82090158] -245.84891734083067
[4.86409873 0.57893922 0.9639737  5.31053371 1.59425179 1.81852513] -245.84876884705307
[4.86575448 0.58106558 0.9681641  5.31314315 1.60331218 1.81854465] -245.84856499814123
[4.86655304 0.58302462 0.96475935 5.31373721 1.60559694 1.81972474] -245.84861005380301
[4.86818139 0.58368467 0.96726648 5.31600011 1.60994176 1.81976001] -245.84892517152454
[4.86466364 0.58052031 0.96353394 5.31122808 1.59785754 1.81903894] -245.8487667681208
[4.86561808 0.58291707 0.96735421 5.31334517 1.60338683 1.82195975] -245.84861302441428
[4.86601736 0.58389659 0.96565183 5.3136422  1.60452921 1.82254979] -245.8486069293058
[4.86543739 0.58406003 0.96347817 5.31481008 1.60548157 1.82010933] -245.84858719625376
[4.86592428 0.58273786 0.9659314  5.31058282 1.59791776 1.82150715] -245.84879345319942
[4.8654749  0.58065088 0.96500739 5.31317039 1.60126442 1.82246156] -245.8487642917042
[4.86448636 0.58211705 0.96441704 5.3115923  1.59864547 1.82208671] -245.8487623433569
[4.86491432 0.58339887 0.96488625 5.31611962 1.6076719  1.82334019] -245.8486067513244
[4.86517683 0.58640185 0.96576988 5.31451513 1.60646106 1.82267865] -245.8486407698389
[4.86639552 0.58636395 0.96681118 5.3170675  1.61168521 1.82325081] -245.84873624018738
[4.86591823 0.58530222 0.96621264 5.3156987  1.60842527 1.82295978] -245.84864408840662
[4.86496365 0.58317877 0.96501558 5.3129611  1.60190541 1.82237774] -245.84852768657595
[4.86448636 0.58211705 0.96441704 5.3115923  1.59864547 1.82208671] -245.8487623433569
[4.865634   0.58100479 0.9652069  5.31362665 1.60235107 1.82255857] -245.84850190620838
[4.86586259 0.57830626 0.96492541 5.31318242 1.60029607 1.82249853] -245.84875074019874
[4.86519806 0.58385214 0.96290681 5.31489044 1.60508005 1.82347707] -245.84856374971045
[4.86452567 0.5828578  0.96369417 5.3150095  1.60412128 1.82319612] -245.84857252813254
[4.86549917 0.58317516 0.96406239 5.31216203 1.59979505 1.82235771] -245.8488043786386
[4.86506053 0.58334294 0.96468029 5.31513022 1.60570269 1.82309457] -245.8485751272839
[4.86485047 0.58227497 0.96587119 5.31357829 1.60205909 1.82658364] -245.84852891563182
[4.86515731 0.58263607 0.96506603 5.31274083 1.60062343 1.82476143] -245.84877840082646
[4.86508472 0.58316623 0.96477672 5.31453288 1.60443287 1.82351128] -245.84856469740714
[4.86587852 0.58322403 0.966413   5.31270268 1.6023087  1.82476493] -245.8488196568446
[4.86486388 0.58294935 0.96437388 5.31443279 1.60366814 1.82358832] -245.84854260204304
[4.86524585 0.58284331 0.96519616 5.31314595 1.6017422  1.82447545] -245.84851331024768
[4.8647703  0.58059921 0.96297919 5.31399789 1.6021405  1.82231208] -245.84853500959196
[4.86491133 0.58043133 0.96664082 5.31235711 1.59954209 1.82382153] -245.84876136746823
[4.86512637 0.58299694 0.96384031 5.31425711 1.60369556 1.82356319] -245.84856063604008
[4.86498301 0.58128653 0.96570732 5.31299044 1.60092658 1.82373541] -245.8487767232256
[4.86509053 0.58256933 0.96430706 5.31394044 1.60300331 1.82360624] -245.84854315810435
[4.86501885 0.58171413 0.96524057 5.31330711 1.60161882 1.82369236] -245.8485318273605
[4.86529716 0.58092237 0.96546265 5.31243953 1.60027089 1.82374495] -245.8487489673649
[4.8649722  0.58244261 0.96464607 5.31393448 1.60281883 1.82362748] -245.84854271947304
[4.86543993 0.58192405 0.96520153 5.3133863  1.60204663 1.82351701] -245.84853698694764
[4.86529883 0.58209178 0.96511124 5.31329388 1.60212824 1.82246815] -245.84851935776373
[4.86524223 0.58163988 0.96553904 5.31360247 1.60220508 1.8245711 ] -245.8485318455365
[4.86532643 0.58135946 0.96522373 5.31346688 1.60198494 1.82312546] -245.84851372942194
[4.86520215 0.580802   0.96409304 5.31381227 1.60224579 1.82243532] -245.84851944206122
[4.86524894 0.58197707 0.96479039 5.31402972 1.6030096  1.82307345] -245.84853088672054
[4.86521093 0.58103428 0.96478658 5.31389099 1.60259494 1.82256034] -245.84853647349814
[4.86526818 0.58125672 0.96489032 5.31376482 1.60245786 1.82279951] -245.84852513947305
[4.86541727 0.58119073 0.96423283 5.31372894 1.60252076 1.82091572] -245.84852140540582
[4.86546668 0.58059142 0.96479563 5.31320142 1.60155328 1.82169413] -245.84848839038546
[4.86557554 0.5798986  0.96479826 5.31278727 1.60082512 1.82100447] -245.8487683246394
[4.8655136  0.58109    0.96466414 5.31327853 1.6018035  1.82159961] -245.84849623886902
[4.86539662 0.58112242 0.9654654  5.31316427 1.60150151 1.82371137] -245.8485309792036
[4.86541211 0.58117365 0.96454097 5.31358777 1.60226595 1.82161463] -245.84852468013392
[4.86549014 0.58084071 0.96472989 5.31323998 1.60167839 1.82164687] -245.8485064724446
[4.86555034 0.58079811 0.96500127 5.31341404 1.60195217 1.82212635] -245.84852040678362
[4.86539655 0.58097544 0.96500968 5.31333415 1.60176911 1.8224098 ] -245.84851265717958
[4.86538275 0.5813416  0.96495344 5.31324765 1.60184076 1.82208114] -245.8485234533401
[4.86533441 0.58069671 0.96444434 5.31350685 1.60189953 1.82206473] -245.84851765662978
[4.86544197 0.58089107 0.96451423 5.31346518 1.60203702 1.82130492] -245.84852361292886
[4.86543165 0.58085692 0.96513052 5.31318285 1.6015274  1.82270275] -245.8485048493889
[4.86550717 0.58024484 0.96475034 5.31337878 1.6016192  1.82213373] -245.84852063899794
[4.86547607 0.58051903 0.96480111 5.313346   1.60167459 1.82212059] -245.84850307819173
[4.86531483 0.58069531 0.96463579 5.31318971 1.60141526 1.8220866 ] -245.84878019781036
[4.86549146 0.58077241 0.9649099  5.31335796 1.60181795 1.82211641] -245.84852153730898
[4.86547137 0.58055522 0.96479837 5.31327371 1.60161394 1.82190736] -245.84852033952015
[4.86544916 0.58072417 0.96496307 5.31319214 1.60154034 1.82219844] -245.84851097575552
[4.86547841 0.58071607 0.96476276 5.3132207  1.60161584 1.8216705 ] -245.84852372624076
[4.86543161 0.58078343 0.96490266 5.31326779 1.6016612  1.82205196] -245.84851198527264
[4.86540054 0.58064407 0.96461999 5.31335413 1.60172641 1.82187943] -245.84851325457208
[4.86550851 0.58069476 0.96489845 5.31330773 1.60175273 1.82191024] -245.84851183181627
[4.86543088 0.58061496 0.96489663 5.31331161 1.6016668  1.82221002] -245.84851463449712
[4.86542442 0.58079571 0.96489377 5.31327123 1.60168631 1.82207405] -245.84851188267805
[4.86546276 0.58079623 0.96479456 5.31321987 1.60163996 1.82172606] -245.8485135859303
[4.86545479 0.58075091 0.96482008 5.31324281 1.60164667 1.82184705] -245.8484813127975
[4.86551118 0.58080274 0.9651379  5.31314024 1.60155377 1.82204586] -245.84877320436416
[4.8654282  0.58068373 0.96474946 5.31330066 1.60168325 1.82192104] -245.84851095152575
[4.86547897 0.58063014 0.96480417 5.31323754 1.60162633 1.82182969] -245.8485101985785
[4.86550435 0.58056267 0.96478318 5.31322287 1.60158122 1.82172615] -245.8485267718062
[4.8654444  0.58073745 0.96486612 5.31325914 1.60166004 1.82198707] -245.84851839613953
[4.86546073 0.58067117 0.96480786 5.31322211 1.60159998 1.82177059] -245.84850616725444
[4.86546688 0.58069053 0.96481212 5.31324017 1.6016365  1.82183837] -245.84851303111589
[4.8654415  0.58071732 0.96478477 5.31327173 1.60166496 1.82188405] -245.84851667248108
[4.86545198 0.58073754 0.96489158 5.31321747 1.6015935  1.82202275] -245.8485313330555
[4.86548165 0.58072284 0.96485926 5.31327527 1.6016997  1.82187865] -245.8485134697678
[4.86543961 0.58077331 0.96485692 5.31325702 1.60166649 1.82196055] -245.84852645982568
[4.86546308 0.58070448 0.96475543 5.31328557 1.60171126 1.82170367] -245.84852162601862
[4.86548327 0.58064577 0.96475625 5.31325554 1.6016532  1.82168024] -245.84850679048415
[4.86546653 0.58069503 0.96485802 5.31321698 1.60158907 1.82192931] -245.84850072140074
[4.86549645 0.58067476 0.96485309 5.31321256 1.60161008 1.82176403] -245.8485134635073
[4.86546124 0.58065322 0.96477654 5.31318812 1.60154547 1.82173122] -245.8485026603703
[4.86543469 0.58069412 0.9647572  5.31324268 1.60161355 1.8218349 ] -245.84851340777078
[4.86545013 0.58068928 0.96478117 5.31323515 1.60161268 1.82181718] -245.84851375420777
[4.86546066 0.58072297 0.96483905 5.31322989 1.60161787 1.82188818] -245.84851667804352
[4.86545801 0.58070206 0.96479831 5.31321546 1.60159607 1.82178914] -245.84850703753037
[4.86545776 0.58071104 0.96481397 5.31323246 1.60162332 1.82180882] -245.84851667792645
[4.86546903 0.58069834 0.96478816 5.31324917 1.60164993 1.82176365] -245.84851687908838
[4.86546084 0.58072072 0.9648161  5.31324149 1.60164158 1.82184271] -245.84852117901985
[4.86547562 0.58071283 0.96483658 5.31322768 1.60162837 1.82180554] -245.84851205724118
