[-0.9765483  -0.13682707  0.25930984 -0.8982029   0.62951791 -2.23096156] -265.32992396338017
[-0.98122134  1.23971993  0.94028781 -0.30065714 -0.20373409  0.35361525] -283.35773231515486
[ 0.80143992  0.17182249 -1.50577308  1.60778502 -0.46425817 -3.03489441] -294.5407350940527
[-0.93509425 -0.04398329 -0.89770556 -0.97394684 -0.01448995 -1.51521402] -271.1776065997182
[-0.94580272 -1.31424601  1.12391699 -0.62642823 -0.04976994 -0.56784182] -270.40070545106227
[ 1.67561452 -0.20214317  1.23676563 -1.10734011  1.00164673  0.81163843] -254.275364666908
[ 1.04149627  0.63248526 -0.64162715 -0.07376893  1.45681979 -1.5120736 ] -258.33917416617896
[-1.17529186 -0.11348727  2.17942227 -2.9345664   1.40425499  1.48128197] -263.09239179463964
[ 0.54267922 -1.63245378  0.1464062  -1.904094    1.67972727 -1.53133879] -247.59905530963184
[ 1.3046295  -3.06854064 -0.25053461 -2.70581243  2.62145795 -2.4738158 ] -253.07025515669133
[ 0.98914329 -0.87824073  2.33243682 -1.54085335  2.0552222   0.33211556] -256.92271447948065
[ 1.64483377  0.53735709  0.71365421 -2.19318033  2.79216624 -0.31527084] -267.27295729619016
[ 0.99717465  0.07445631  0.81621991 -1.80149231  2.0816822  -0.37841358] -255.4412917989782
[ 2.333487   -0.56963406  1.76389805 -2.22250213  2.59693315  1.96536489] -273.59531532494645
[-0.14903948 -0.24502882  0.63545689 -1.22927771  1.12137172 -1.18187995] -254.37405430558485
[ 2.87431468 -0.63682104 -0.67086951  0.38229094  1.72790164 -2.63459928] -259.06521087076715
[ 1.86191305 -0.5059876   0.04170344 -0.4469234   1.64698998 -1.60562897] -253.32667156560018
[ 0.93099882 -1.76228452  2.37795678 -2.60289136  1.73872691  0.32757118] -250.78557683892677
[ 0.9639703  -0.54623979 -0.58093387 -1.48981961  1.03482607 -1.51813279] -250.26761609355407
[ 0.94487083 -1.70583554  0.46956512 -1.12528976  0.65941403 -1.18751004] -250.66479159501816
[ 2.45572173 -1.87328598  0.59503087 -1.6628417   1.46573861 -0.38592038] -252.20044642607905
[ 0.89110346 -2.47321923 -0.22018946 -1.9699465   1.74016089 -2.77862503] -248.86351055589645
[ 0.38120174 -2.82511869  0.88757511 -3.13803758  1.12587461 -0.75235632] -258.25018488156235
[ 1.49173522 -1.08577037  0.25317135 -1.11970194  1.51671114 -1.3923108 ] -249.73553731032288
[-0.53393577 -1.1953151   0.2202945  -1.74107269  1.32411683 -2.30752838] -253.0120635896034
[ 1.70830735 -1.70379326  0.50134678 -1.68239945  1.43033316 -0.86632238] -248.8556991999529
[ 1.24988998 -1.28681947 -2.18816808 -0.49419239  0.94833061 -3.41898445] -256.64405430081314
[ 1.01072161 -1.64341826  1.23642557 -2.07571662  1.54112784 -0.60906773] -248.1269806398698
[ 1.25796822 -1.32246269 -0.02415626 -2.28860295  2.32154809 -1.71108913] -251.5871800137344
[ 1.02314518 -1.60999233  0.34613477 -1.41611805  1.07494755 -1.31840481] -248.4187653775203
[ 1.25859371 -2.83664262  1.33536561 -1.89950591  1.95950988 -1.31389039] -248.92381087020198
[ 0.65311496 -2.88073613  0.8619918  -2.52955823  1.62522439 -1.41357224] -248.67160756666112
[ 0.68443021 -1.14456171 -0.37799372 -1.95977171  1.07099715 -1.52521993] -249.50387245987767
[ 1.11505284 -2.41362239  0.90702578 -1.91457236  1.7373817  -1.36672278] -247.69831267643443
[ 1.12657026 -1.48811948  1.55329975 -1.87087307  1.28941974  0.41014879] -250.00685047164188
[ 0.94997016 -2.2269443   0.22318285 -1.94517814  1.6274756  -1.98143157] -247.63050373719278
[ 0.05658731 -2.43192913  0.73904221 -2.24601302  1.66496162 -1.87385693] -248.59673731599145
[ 0.91293715 -1.10538394  0.33741399 -1.30433916  1.48331613 -1.4800353 ] -248.9145483062608
[ 0.71807051 -2.43689808  0.73084735 -2.22325347  1.58974733 -1.430188  ] -247.5332692294285
[ 1.7299592  -1.55584725  0.45763196 -1.58029786  1.41850748 -0.87186097] -249.04813421411674
[ 0.47493028 -2.21290866  0.66868965 -2.07958423  1.60334808 -1.62335794] -247.51214134827154
[ 0.58066302 -2.57875616  0.95805769 -2.63134822  2.18465506 -1.52896412] -247.72571818911203
[ 0.44973374 -2.85710953 -0.0250224  -2.15696019  1.93298384 -2.54493334] -248.44294973565798
[ 0.87047464 -1.94684108  0.92106358 -2.09602751  1.63909184 -1.09303413] -247.4341879472211
[ 0.97639619 -1.71113327  0.24101411 -1.42288835  1.10760222 -1.47972695] -248.32606754426928
[ 0.67959632 -2.36185044  0.77879679 -2.32923325  1.91539185 -1.51665483] -247.34250738997335
[ 0.2968542  -1.85900972  0.24930302 -2.27788451  1.61421229 -1.69194564] -247.85852642117635
[ 0.91050318 -2.27496922  0.74259509 -2.0054004   1.70658935 -1.44802849] -247.34487616104445
[ 0.44878122 -2.06169612  1.10628337 -2.26735281  1.75048963 -0.89943582] -247.55099632828353
[ 0.82477282 -2.79926742  1.50301908 -2.42952322  1.72182542 -1.13889429] -248.27213589493206
[ 0.61320262 -1.92415719  0.48555942 -2.0354513   1.69025181 -1.43322766] -247.2692499067801
[ 0.97347796 -2.32417877  0.33623392 -1.98896391  1.63098378 -1.94872787] -247.63328739183106
[ 0.57995541 -2.12731678  0.91377101 -2.19775558  1.72061317 -1.16175883] -247.3112754118342
[ 0.65815031 -1.84578305  0.77264449 -2.02456396  1.83534804 -1.32849929] -247.5889487113596
[ 0.70309046 -2.28911932  0.74129663 -2.17358109  1.6511475  -1.40476583] -247.30493820215835
[ 0.97734393 -2.09517602  0.85900453 -2.19956548  1.83768042 -1.06246532] -247.660462396084
[ 0.60053369 -2.1834755   0.71626837 -2.10957954  1.66193117 -1.48313478] -247.291226487558
[ 0.49181925 -2.44012174  0.53836553 -2.18763955  1.80954978 -1.72282268] -247.3228421235111
[ 0.3122294  -2.16704444  0.64875749 -2.33901304  1.77637241 -1.45942637] -247.42714283934404
[ 0.76093474 -2.24798803  0.71913569 -2.08880356  1.72403511 -1.45087796] -247.2489657570368
[ 0.57024907 -2.04220908  0.59266875 -1.93503696  1.50378433 -1.36887442] -247.4212498244354
[ 0.65225951 -2.2819401   0.73226478 -2.23068418  1.81248997 -1.47970973] -247.24620288022558
[ 0.81150622 -1.91121057  0.89773311 -2.09097887  1.61060647 -1.08166892] -247.41703692308525
[ 0.57174099 -2.30789395  0.62820742 -2.16347438  1.75981395 -1.56253424] -247.23848974507283
[ 0.72063193 -2.28420791  0.42713976 -2.06943577  1.71261    -1.77632457] -247.3307372051349
[ 0.61512454 -2.16653957  0.7921132  -2.16567563  1.71861238 -1.31540027] -247.24421061526445
[ 0.56817491 -2.08154546  0.61655299 -2.09097511  1.80456396 -1.50352905] -247.27144511044094
[ 0.65994541 -2.1532126   0.6083428  -2.14877517  1.84132456 -1.43195819] -247.25572310872067
[ 0.72289436 -2.27903169  0.70532145 -2.1866463   1.7109453  -1.38770696] -247.2389516211494
[ 0.71443056 -2.55471145  0.90956903 -2.29256844  1.83215528 -1.44283478] -247.40113161921337
[ 0.63850961 -2.08179576  0.59156182 -2.09973059  1.72572768 -1.43562944] -247.21363059008868
[ 0.6605425  -2.30185043  0.78119199 -2.16289637  1.64255024 -1.44532801] -247.34884896544045
[ 0.66009468 -2.19037205  0.6515551  -2.15230547  1.79163098 -1.43530064] -247.21554387822172
[ 0.52593983 -2.18786968  0.64787223 -2.24403529  1.78237164 -1.42121579] -247.21319397574104
[ 0.40844237 -2.1578105   0.6122405  -2.32165116  1.8115399  -1.40638471] -247.25708305938076
[ 0.5925085  -2.1225608   0.60661229 -2.10660504  1.68387734 -1.37288605] -247.20607409369634
[ 0.56263299 -2.04287115  0.54378604 -2.04456547  1.61957102 -1.31947422] -247.2491866355204
[ 0.62210479 -2.22330174  0.48493024 -2.15192339  1.76617658 -1.55635744] -247.20250306549934
[ 0.62559491 -2.25168283  0.33133876 -2.14504728  1.78995868 -1.67683603] -247.25213243214176
[ 0.48073844 -2.09223297  0.49825825 -2.11937842  1.79225409 -1.54026758] -247.24882979270487
[ 0.66235538 -2.23233201  0.65355565 -2.16982933  1.7312725  -1.42584711] -247.20588867017335
[ 0.6620966  -2.0381834   0.58382168 -2.14466866  1.73387162 -1.31987793] -247.2036215968402
[ 0.57441022 -2.10497574  0.53789621 -2.15329196  1.68280147 -1.40863728] -247.21567600591595
[ 0.63867357 -2.16902298  0.62314037 -2.1525521   1.7644236  -1.4286348 ] -247.19688317840073
[ 0.59604995 -2.24262777  0.60841567 -2.22347402  1.76160341 -1.40597694] -247.18771726896105
[ 0.57482012 -2.32304378  0.61684259 -2.28534573  1.77954128 -1.39115068] -247.20818629854793
[ 0.73198977 -2.15480655  0.53895307 -2.07231556  1.69803671 -1.41531097] -247.1967997830929
[ 0.71191485 -2.23086402  0.55765994 -2.19831598  1.8012508  -1.47778234] -247.2225557545232
[ 0.62236009 -2.1496366   0.5943742  -2.12953278  1.7132207  -1.39911013] -247.18902011357363
[ 0.6287362  -2.09352767  0.49098943 -2.1216595   1.74783838 -1.41590895] -247.18440143675406
[ 0.61192661 -2.02412551  0.40970632 -2.09757459  1.75612132 -1.41093987] -247.20804823201019
[ 0.61787485 -2.30612438  0.52977931 -2.13915045  1.74989485 -1.55388848] -247.20801563592522
[ 0.65104116 -2.10516864  0.57031109 -2.14328911  1.73787743 -1.37838057] -247.18780235656175
[ 0.66751212 -2.08162833  0.65713104 -2.12901762  1.70815683 -1.25808334] -247.2037939324539
[ 0.63345662 -2.18788339  0.52798044 -2.14619695  1.75167164 -1.48178892] -247.18688888863412
[ 0.64920436 -2.1421939   0.48720092 -2.12627054  1.70565916 -1.40352402] -247.1725010900288
[ 0.65446976 -2.12877937  0.4192312  -2.11312977  1.67627694 -1.39096863] -247.1741946856469
[ 0.52829303 -2.15220611  0.55413751 -2.22449208  1.77458686 -1.41291887] -247.18724935549162
[ 0.60656702 -2.15823256  0.48530415 -2.19892796  1.77985826 -1.43372263] -247.17215066951303
[ 0.59867049 -2.16253054  0.43076913 -2.23362555  1.81317704 -1.45102888] -247.1777054957706
[ 0.56306123 -2.22038849  0.48103162 -2.20371791  1.76919515 -1.47289954] -247.17854342193172
[ 0.60705621 -2.07551627  0.40046569 -2.11694763  1.74799974 -1.46761071] -247.1924361774272
[ 0.59880151 -2.2008499   0.55642817 -2.19684242  1.7582025  -1.42138538] -247.17648860818633
[ 0.69831596 -2.18215253  0.4555074  -2.10671302  1.72955483 -1.46349094] -247.18535580274823
[ 0.61477214 -2.14456496  0.45750679 -2.17184683  1.74509778 -1.38852157] -247.15971487495636
[ 0.6054299  -2.12290575  0.42226997 -2.18467177  1.74181085 -1.3418879 ] -247.1521280707645
[ 0.51895079 -2.1305469   0.51890069 -2.23731702  1.77129993 -1.3662852 ] -247.17643877503485
[ 0.5519354  -2.23151149  0.49272242 -2.26092303  1.7608369  -1.39732594] -247.180813319978
[ 0.5711356  -2.19701554  0.49228917 -2.22610715  1.75758727 -1.40197169] -247.16867093201907
[ 0.62030183 -2.09685969  0.50643274 -2.18632771  1.73561084 -1.31669273] -247.16437756875146
[ 0.59172832 -2.08173488  0.41437105 -2.1896983   1.73907294 -1.33330934] -247.15928235986118
[ 0.69583823 -2.13576721  0.41705531 -2.13335079  1.71523318 -1.37741757] -247.17116970300367
[ 0.58112927 -2.12197797  0.42537321 -2.24675735  1.78406529 -1.3314766 ] -247.15355791246088
[ 0.61528736 -2.09385446  0.407293   -2.19004307  1.71126853 -1.26719598] -247.15328714574383
[ 0.49916587 -2.10234888  0.47228774 -2.27451766  1.77457206 -1.28676051] -247.16848123551932
[ 0.59987859 -2.00954501  0.39038673 -2.19789813  1.73787957 -1.22380266] -247.16869226172292
[ 0.57832135 -2.15014791  0.46681356 -2.2190549   1.75266035 -1.35742943] -247.157794375373
[ 0.69823347 -2.12014467  0.40856344 -2.13100004  1.71359087 -1.36257015] -247.1715332282972
[ 0.54893277 -2.10679783  0.45635666 -2.23863825  1.75932677 -1.30571292] -247.15740880513027
[ 0.55330783 -2.12894658  0.3577264  -2.23662683  1.7604574  -1.32897799] -247.15047860812427
[ 0.51981083 -2.14499002  0.28337324 -2.26177639  1.77288068 -1.33512063] -247.15697472956685
[ 0.56907451 -2.15980862  0.43090656 -2.24889909  1.76412345 -1.3109176 ] -247.14733866822885
[ 0.5577476  -2.19884549  0.43917431 -2.27849949  1.7766487  -1.29972173] -247.14762766678078
[ 0.5793992  -2.09461583  0.36649504 -2.22949056  1.75435708 -1.27129356] -247.14752790673924
[ 0.61894325 -2.13390524  0.34699806 -2.20685797  1.7460341  -1.31153696] -247.14764020856873
[ 0.59935141 -2.12270085  0.35185647 -2.18543908  1.70861852 -1.27912673] -247.14830662078788
[ 0.55988134 -2.16043983  0.35145784 -2.2406187   1.78053194 -1.34738427] -247.1465045548679
[ 0.53217832 -2.19373252  0.32354026 -2.26590652  1.81516364 -1.38747841] -247.1542699668273
[ 0.55455594 -2.1438999   0.31287682 -2.26463898  1.76289664 -1.27452447] -247.1462087365456
[ 0.52911897 -2.15439697  0.25818024 -2.30462258  1.77343954 -1.24084276] -247.15487212514608
[ 0.60709405 -2.14284351  0.36247052 -2.2220213   1.74506318 -1.2692832 ] -247.14123730733436
[ 0.63398717 -2.14979198  0.36484258 -2.21471853  1.73736607 -1.23943581] -247.14136879239584
[ 0.56363135 -2.15580346  0.37187848 -2.28540312  1.80905028 -1.31585329] -247.14858760468567
[ 0.5904214  -2.1309765   0.35686197 -2.21043009  1.73372646 -1.28830837] -247.14469578659677
[ 0.53453223 -2.14362283  0.38002485 -2.26517493  1.76753215 -1.2757002 ] -247.14553357935063
[ 0.55912062 -2.1992479   0.36503781 -2.25443714  1.76360086 -1.31741248] -247.14503380252557
[ 0.56612735 -2.14720154  0.27867005 -2.23687462  1.75366029 -1.2799534 ] -247.1443687354133
[ 0.57740253 -2.14215756  0.33385617 -2.24390698  1.72829459 -1.22100977] -247.1459070287954
[ 0.59034345 -2.15811671  0.37943031 -2.21297604  1.73439586 -1.27603133] -247.1399240596419
[ 0.6082372  -2.16522512  0.41270706 -2.18714458  1.72014547 -1.27678476] -247.14015656216924
[ 0.5718105  -2.16517877  0.37364234 -2.22339772  1.77103168 -1.34788655] -247.1445377644396
[ 0.6271069  -2.17089882  0.32534615 -2.18820404  1.73296062 -1.31725824] -247.14469682973808
[ 0.6251806  -2.10582405  0.32710263 -2.17686413  1.72667851 -1.27549456] -247.1475360343203
[ 0.57563562 -2.17589194  0.35555402 -2.23504389  1.75437027 -1.306933  ] -247.14189801675434
[ 0.54003723 -2.13583751  0.37686359 -2.25871052  1.76445529 -1.27220704] -247.1447128072463
[ 0.60533948 -2.16213349  0.33822551 -2.20583066  1.74083429 -1.30599544] -247.14208584465274
[ 0.58169542 -2.18614549  0.33913561 -2.23495132  1.76605873 -1.30705261] -247.1388739458278
[ 0.57733244 -2.21372998  0.33027243 -2.24721193  1.78222487 -1.31642472] -247.1390631852333
[ 0.60360129 -2.15893212  0.31085301 -2.22583488  1.72709586 -1.23386311] -247.14269979067768
[ 0.62177575 -2.18081955  0.41655294 -2.20867808  1.73561244 -1.28643283] -247.14139604844036
[ 0.59035997 -2.17638478  0.4196033  -2.21399888  1.76501573 -1.35004636] -247.14530111880217
[ 0.60029096 -2.16329529  0.33804058 -2.22287588  1.73657583 -1.26290892] -247.1401784019267
[ 0.58693894 -2.17357067  0.39216915 -2.23968484  1.74985781 -1.26355185] -247.13857028393465
[ 0.57773866 -2.17928926  0.41914097 -2.25661194  1.75436957 -1.24233006] -247.13956154929298
[ 0.62041057 -2.15903847  0.38704569 -2.2120186   1.73481768 -1.24815392] -247.13852569165272
[ 0.64279805 -2.15061173  0.40279152 -2.20050595  1.72504139 -1.21876438] -247.14070741341132
[ 0.57381538 -2.1468505   0.31621101 -2.23949792  1.75331059 -1.25589445] -247.13958141829588
[ 0.57740419 -2.18616219  0.35487359 -2.23198024  1.74660899 -1.26858116] -247.13652120821945
[ 0.56255925 -2.20782154  0.35107513 -2.23695971  1.7473819  -1.26823014] -247.13654399549273
[ 0.57657836 -2.17333272  0.38491454 -2.23416044  1.75844073 -1.27684619] -247.13604217973545
[ 0.56472206 -2.17835144  0.40835153 -2.23980272  1.76937318 -1.28381482] -247.13588356181216
[ 0.5779854  -2.18525621  0.35316522 -2.2530025   1.7722798  -1.26631827] -247.13528885577583
[ 0.57180638 -2.19882595  0.34003267 -2.27301573  1.79122177 -1.26146173] -247.1357665396874
[ 0.59590348 -2.20932433  0.42870258 -2.23098215  1.75968814 -1.28992976] -247.13706147303995
[ 0.59275946 -2.17775562  0.43563364 -2.2342057   1.74481647 -1.23306399] -247.1370245266712
[ 0.58945612 -2.19172541  0.39708826 -2.22764579  1.75933694 -1.26640212] -247.1324317139392
[ 0.59071471 -2.20080279  0.39954782 -2.22162627  1.7640765  -1.26782725] -247.1302561101084
[ 0.54608586 -2.22017906  0.40637911 -2.25851459  1.78413001 -1.28835783] -247.1343682685401
[ 0.55398708 -2.17351144  0.35728105 -2.24872852  1.76740684 -1.24605801] -247.13254591248713
[ 0.54420697 -2.20366543  0.32423246 -2.25034591  1.78980864 -1.30725512] -247.13579872964243
[ 0.54849651 -2.20109326  0.3947788  -2.25869327  1.802416   -1.28462927] -247.13306474590476
[ 0.55577012 -2.21648461  0.33677663 -2.25716764  1.79066609 -1.2696671 ] -247.13079392413897
[ 0.58013958 -2.19544369  0.42507708 -2.24889835  1.77051644 -1.23369745] -247.13155293066674
[ 0.54707921 -2.21724875  0.42011495 -2.24487371  1.7874575  -1.2637607 ] -247.12837689006324
[ 0.53162612 -2.23324502  0.45358981 -2.24080931  1.79504635 -1.26248191] -247.12877950531578
[ 0.57930988 -2.18134912  0.37147967 -2.23481465  1.77671645 -1.2335221 ] -247.1290382588151
[ 0.58717035 -2.19385354  0.3753136  -2.22667645  1.74986394 -1.22021493] -247.12853125554895
[ 0.59274087 -2.22821606  0.41882219 -2.2292905   1.77902547 -1.25017183] -247.12777936691916
[ 0.61211777 -2.25556837  0.44959277 -2.21957149  1.78483478 -1.25222874] -247.1309064012491
[ 0.5707888  -2.21720793  0.34894121 -2.22258472  1.77875221 -1.26802385] -247.12635864218944
[ 0.56611341 -2.22809005  0.31087327 -2.20942791  1.78287009 -1.28518705] -247.1278221543665
[ 0.60016449 -2.19640812  0.44129652 -2.2027878   1.75463127 -1.23150645] -247.12858107486556
[ 0.56836983 -2.21062505  0.39244155 -2.23204968  1.77807244 -1.22123937] -247.12369374020335
[ 0.55719739 -2.21553619  0.38888842 -2.23726138  1.78507041 -1.19794543] -247.12192335121725
[ 0.57240383 -2.2414744   0.42631262 -2.21967686  1.76821715 -1.24368563] -247.12374001634956
[ 0.54229566 -2.24143751  0.35150115 -2.25733341  1.79483096 -1.249761  ] -247.12549760306268
[ 0.54033157 -2.2598534   0.40954658 -2.24366375  1.81458728 -1.27090122] -247.1258947487734
[ 0.57817349 -2.25065975  0.36122245 -2.22506317  1.78603699 -1.22973562] -247.12223508574465
[ 0.52765604 -2.24717367  0.34331528 -2.23923726  1.7968062  -1.23651242] -247.12088902605225
[ 0.49511362 -2.25665247  0.30556182 -2.24421064  1.80569656 -1.22968272] -247.12330964016158
[ 0.53523052 -2.26817038  0.41132096 -2.25149389  1.80309745 -1.2081566 ] -247.11993302137972
[ 0.51745139 -2.2936516   0.44251084 -2.26594847  1.81527008 -1.17822297] -247.12186144577518
[ 0.56398741 -2.22829723  0.35130704 -2.23302491  1.76343243 -1.18436435] -247.1212952479199
[ 0.5692539  -2.24233303  0.40928778 -2.21125241  1.77272259 -1.18370568] -247.11815747288153
[ 0.58273302 -2.24278079  0.43818109 -2.18821192  1.7616684  -1.15067803] -247.11965336395986
[ 0.53809576 -2.24258234  0.32880135 -2.24610081  1.80083821 -1.16978774] -247.12072067342822
[ 0.51896685 -2.23070453  0.3830845  -2.24772705  1.78795211 -1.16375512] -247.1198070108748
[ 0.52719944 -2.2708842   0.35348389 -2.2390174   1.78987926 -1.18414854] -247.11675980002576
[ 0.51220046 -2.29855821  0.33578162 -2.23989541  1.79228368 -1.17725009] -247.1170584433033
[ 0.50814676 -2.27231882  0.39179088 -2.24525137  1.82033284 -1.19765768] -247.12072484420574
[ 0.53797504 -2.2618241   0.41594117 -2.24104372  1.79480128 -1.13255803] -247.11859401319614
[ 0.56742707 -2.23318071  0.37551567 -2.23362706  1.76276413 -1.14971289] -247.12044526934685
[ 0.54725518 -2.2597833   0.45407664 -2.2286197   1.7695674  -1.17089121] -247.1210471490172
[ 0.54038561 -2.24688258  0.36012018 -2.24173053  1.79302051 -1.17006361] -247.11833078668116
[ 0.50891004 -2.27375223  0.40223048 -2.24379461  1.81772693 -1.19774964] -247.12042057845375
[ 0.5235393  -2.26360935  0.39555178 -2.24125272  1.80398623 -1.18574045] -247.11785926339957
[ 0.53720952 -2.23724222  0.3611688  -2.22251406  1.77768987 -1.13183388] -247.11736437901484
[ 0.55955409 -2.2768873   0.38210003 -2.21787656  1.78941447 -1.16559495] -247.11649461126913
[ 0.57984771 -2.29997869  0.3816078  -2.20295131  1.79014565 -1.16651486] -247.1188920858287
[ 0.54773892 -2.2507888   0.33796298 -2.21683751  1.78076969 -1.20780434] -247.1173766492076
[ 0.54777944 -2.26703239  0.38639824 -2.20785302  1.77846686 -1.18287901] -247.11439761086996
[ 0.55147635 -2.27710729  0.39953728 -2.19091427  1.77119004 -1.18928671] -247.11350551901353
[ 0.51298531 -2.28317336  0.33398047 -2.23155176  1.79825393 -1.17109727] -247.11609907087916
[ 0.5551819  -2.26841837  0.3271927  -2.19831779  1.76507952 -1.16418144] -247.1147166200421
[ 0.53346329 -2.28711545  0.38119141 -2.21655977  1.78306601 -1.12757659] -247.11444926493834
[ 0.54274394 -2.31728644  0.36465979 -2.20889846  1.78793787 -1.20212795] -247.11425384494305
[ 0.55793552 -2.29911187  0.37607001 -2.18235547  1.77510136 -1.15580643] -247.1129606424831
[ 0.57330357 -2.3132257   0.38736307 -2.1540245   1.76771241 -1.14163537] -247.1151010395532
[ 0.52504135 -2.30051696  0.34544386 -2.19165594  1.77079511 -1.17109718] -247.1124191588797
[ 0.50778498 -2.31233178  0.32711577 -2.17854564  1.76148543 -1.1738483 ] -247.11467151306277
[ 0.57562881 -2.3000121   0.39738454 -2.16468214  1.7528027  -1.16559483] -247.11286064631656
[ 0.54024785 -2.32529833  0.4275696  -2.18670422  1.78188484 -1.17298178] -247.11389028183874
[ 0.56422799 -2.31932888  0.38903028 -2.1585104   1.76350464 -1.2247217 ] -247.1131844604871
[ 0.56210869 -2.2898387   0.4136854  -2.14937569  1.75048836 -1.15770159] -247.11321144905298
[ 0.57189172 -2.27000694  0.34614753 -2.15912708  1.74607589 -1.18175436] -247.11365249830936
[ 0.56398075 -2.28382978  0.36650305 -2.16602137  1.75502813 -1.17956122] -247.1124086369937
[ 0.56483135 -2.32043881  0.36316844 -2.1466194   1.75138339 -1.16220761] -247.11181188328501
[ 0.57150885 -2.34210456  0.34498401 -2.12447197  1.74148007 -1.14866806] -247.11325860682544
[ 0.55510657 -2.31790743  0.33218133 -2.18723922  1.77238342 -1.19529473] -247.11385936258978
[ 0.56035816 -2.29685588  0.39330938 -2.15884157  1.75596212 -1.16709988] -247.11188765005403
[ 0.55169733 -2.28092626  0.35826281 -2.1782149   1.75685297 -1.10906734] -247.11378874647812
[ 0.56109532 -2.30972822  0.38133841 -2.16343653  1.76184172 -1.19580811] -247.1118069392189
[ 0.55904306 -2.30468205  0.37297922 -2.14806352  1.74083636 -1.19131652] -247.11209615271278
[ 0.53582119 -2.30533846  0.34352957 -2.1601973   1.75914624 -1.19010201] -247.11201033882742
[ 0.59000193 -2.30644078  0.39483216 -2.12273728  1.73727088 -1.1909346 ] -247.11399577986285
[ 0.54128149 -2.30199791  0.35779094 -2.17442628  1.76241405 -1.17605654] -247.11165872324887
[ 0.54349611 -2.32918399  0.37086894 -2.1511735   1.75549983 -1.18130234] -247.11134857135968
[ 0.53325378 -2.3518611   0.37305189 -2.14374956  1.75573569 -1.1821729 ] -247.11210450867685
[ 0.54325148 -2.31649905  0.36368934 -2.17016801  1.77457942 -1.16620898] -247.1121310392997
[ 0.55509517 -2.3076363   0.37065675 -2.15358964  1.74927213 -1.18503963] -247.1117211045927
[ 0.57289801 -2.31660857  0.40218138 -2.15583167  1.75297817 -1.16573603] -247.11219730420137
[ 0.54509039 -2.30815599  0.35819252 -2.15910589  1.75760422 -1.18401051] -247.11153151170657
[ 0.54327179 -2.32885786  0.34069595 -2.15727551  1.75670966 -1.19437504] -247.1120755950925
[ 0.55608657 -2.30485638  0.38015602 -2.15845006  1.75614901 -1.17391867] -247.11121218442972
[ 0.53588366 -2.30008079  0.37649943 -2.17344123  1.76287693 -1.20317099] -247.11265430162433
[ 0.55759443 -2.3153493   0.36650118 -2.15332486  1.75425678 -1.17244846] -247.11145311939146
[ 0.53845273 -2.31266507  0.3533837  -2.15325355  1.74989029 -1.16178393] -247.1116314227769
[ 0.53890541 -2.31643325  0.35830769 -2.16298841  1.76266593 -1.16480052] -247.11129299490617
[ 0.55192705 -2.32688342  0.37134575 -2.13833914  1.74960797 -1.17003161] -247.11148023179967
[ 0.55924726 -2.32095571  0.38174033 -2.1545404   1.76203763 -1.18705343] -247.11196604439385
[ 0.54365136 -2.31473773  0.36047286 -2.15357526  1.75292712 -1.16810131] -247.11130313549629
[ 0.55212991 -2.3276587   0.37769163 -2.14684451  1.75276466 -1.15952378] -247.11136898943786
[ 0.54536088 -2.3091897   0.36665369 -2.17044639  1.76181314 -1.17000008] -247.1113690625689
[ 0.53561565 -2.31867061  0.37154909 -2.16116785  1.75968312 -1.16676711] -247.11131848387498
[ 0.54460079 -2.32799052  0.37302839 -2.14095347  1.75141675 -1.16813782] -247.1114789623602
[ 0.54517086 -2.31388991  0.36824736 -2.16307316  1.75921404 -1.16953452] -247.1112600946242
[ 0.53551207 -2.30493193  0.35884236 -2.1699649   1.76261503 -1.18195104] -247.11165642280463
[ 0.54797545 -2.321977    0.37297931 -2.15262461  1.75522725 -1.1651306 ] -247.11122378365525
[ 0.54563899 -2.3010043   0.36636851 -2.16611962  1.75978899 -1.1547819 ] -247.11161694874488
[ 0.54403183 -2.32213907  0.36974383 -2.15491003  1.75657212 -1.17467223] -247.11123357788117
[ 0.55632484 -2.31267383  0.3650866  -2.15403933  1.7545687  -1.17195217] -247.1114437875226
[ 0.54079295 -2.31717142  0.36993347 -2.15938572  1.75840452 -1.16806337] -247.11123551605343
[ 0.54733632 -2.31741795  0.37931637 -2.16356873  1.7631505  -1.17060533] -247.1113851768718
[ 0.5445726  -2.31540778  0.36518374 -2.15607363  1.75548297 -1.16872731] -247.11123732435064
[ 0.55397134 -2.3153806   0.38377356 -2.15185066  1.75101737 -1.17521505] -247.11153217056966
[ 0.54267189 -2.31617009  0.36467416 -2.16020397  1.75975379 -1.16740415] -247.11122119208727
[ 0.5468729  -2.31868401  0.37264281 -2.15080951  1.75464918 -1.16977092] -247.1112694542556
[ 0.54559637 -2.31508843  0.36934623 -2.16000725  1.75807283 -1.16959362] -247.11125738701725
[ 0.54644739 -2.31748548  0.37154395 -2.15387542  1.75579039 -1.16971182] -247.11122054521374
[ 0.54809609 -2.3178587   0.37782651 -2.15707631  1.75848273 -1.1709063 ] -247.11131849452704
[ 0.54545347 -2.31602051  0.36834443 -2.1563243   1.75623291 -1.16927206] -247.1112235407908
[ 0.55342926 -2.31571143  0.3725471  -2.15274374  1.75483731 -1.17197313] -247.1113572825022
[ 0.54395202 -2.31680642  0.37058688 -2.15772522  1.75751271 -1.16904081] -247.11122991348296
[ 0.55016377 -2.30896622  0.37301775 -2.15815783  1.75698323 -1.16348714] -247.1114121015687
[ 0.54556481 -2.31884586  0.37056231 -2.15572198  1.7566749  -1.17187596] -247.1112207121684
[ 0.55078117 -2.31497869  0.37216652 -2.15467489  1.75576337 -1.1700636 ] -247.11131647965004
[ 0.54565931 -2.31634949  0.37098179 -2.15696264  1.75707538 -1.16929651] -247.11122683324155
[ 0.54907389 -2.31543562  0.37177161 -2.15543747  1.7562007  -1.16980791] -247.11129695164084
[ 0.54651295 -2.31612102  0.37117924 -2.15658135  1.75685671 -1.16942436] -247.1112709452878
[ 0.55126698 -2.31117093  0.37584999 -2.15616274  1.7559697  -1.17181525] -247.1113924993952
[ 0.55082569 -2.31185112  0.37535917 -2.15708602  1.75641195 -1.17289731] -247.11137890665037
[ 0.54937923 -2.31051323  0.37241509 -2.15932701  1.7579514  -1.17066141] -247.1113583634237
[ 0.55077002 -2.31043844  0.37425023 -2.15738718  1.75619096 -1.17159536] -247.11138143520878
[ 0.55203101 -2.31341669  0.37656767 -2.15553733  1.75568813 -1.16952463] -247.11136730314345
[ 0.55087294 -2.31060293  0.37556891 -2.15770635  1.75661219 -1.17160759] -247.11138677895127
[ 0.55205484 -2.30938867  0.37558904 -2.15900191  1.75703151 -1.17158641] -247.11142509087568
[ 0.55146394 -2.31072536  0.37578475 -2.15687253  1.75623515 -1.17175804] -247.11139799289825
[ 0.5527329  -2.3076848   0.37628556 -2.15888853  1.7570502  -1.17229004] -247.1114778152398
[ 0.55405879 -2.30913653  0.37836185 -2.15699369  1.75591857 -1.17172165] -247.1114924681044
[ 0.55345613 -2.30835375  0.3777576  -2.15776804  1.75628048 -1.17340799] -247.11148989280252
[ 0.55342829 -2.30764741  0.37720313 -2.15791862  1.75616998 -1.17275702] -247.1114925747433
[ 0.55347975 -2.30772965  0.37786246 -2.1580782   1.7563806  -1.17276313] -247.11150264398356
[ 0.55367677 -2.30801365  0.37800301 -2.1573064   1.75605935 -1.17286696] -247.11150458719035
[ 0.5540707  -2.30712252  0.37787253 -2.15872598  1.75659026 -1.17275254] -247.11109553825514
[ 0.55426767 -2.30667696  0.3778073  -2.15943577  1.75685571 -1.17269533] -247.11110729389983
[ 0.55446471 -2.30720414  0.37801643 -2.1581701   1.7563389  -1.17285284] -247.11110327039967
[ 0.55486164 -2.30713863  0.37894687 -2.15841352  1.75660582 -1.17289089] -247.11112561300425
[ 0.55449876 -2.30498354  0.37798316 -2.15981172  1.75708632 -1.17431601] -247.11116224091978
[ 0.55544896 -2.30464293  0.37866259 -2.1597186   1.75699303 -1.17293234] -247.111192004667
[ 0.55707755 -2.30429791  0.38092698 -2.15887479  1.75620424 -1.17426439] -247.1112681913944
[ 0.55599138 -2.30514463  0.37976662 -2.15887823  1.75641573 -1.1737708 ] -247.1112061180227
[ 0.55369215 -2.30722242  0.37692671 -2.159456    1.75719435 -1.17258647] -247.11151013611524
[ 0.55548796 -2.30544789  0.3793487  -2.15870154  1.75641034 -1.17358562] -247.11117717356294
[ 0.55361952 -2.30703525  0.3771768  -2.15896893  1.75692583 -1.17267261] -247.11151233682563
[ 0.55539842 -2.30561729  0.37911917 -2.1589009   1.75654326 -1.17349625] -247.11117080574996
[ 0.5541451  -2.30786175  0.37843302 -2.15785599  1.75619861 -1.17369905] -247.11152410176402
[ 0.555123   -2.30544763  0.3786052  -2.15925295  1.75679442 -1.17312401] -247.1111686240603
[ 0.55398444 -2.3070567   0.37749909 -2.15905685  1.75690932 -1.1728919 ] -247.11109536953182
[ 0.55323268 -2.3078611   0.37657429 -2.15923451  1.75715881 -1.17254504] -247.1114896905061
[ 0.55360266 -2.3073671   0.37718859 -2.15890947  1.75689843 -1.17277981] -247.11151662539544
[ 0.55494948 -2.30605474  0.37863652 -2.15890305  1.75663205 -1.17331714] -247.11114639463977
[ 0.55382025 -2.30773913  0.377713   -2.15844079  1.75659314 -1.17321642] -247.11150529423873
[ 0.55479731 -2.30602051  0.37838215 -2.15904991  1.7567441  -1.17314712] -247.11114104354468
[ 0.554544   -2.30854887  0.37846804 -2.15762809  1.75618716 -1.1716348 ] -247.11151303238174
[ 0.55451007 -2.30587487  0.37810438 -2.15926581  1.75686153 -1.17364571] -247.1111414393418
[ 0.55394681 -2.30741772  0.37763729 -2.15865768  1.75671793 -1.17274319] -247.11151724743542
[ 0.55469881 -2.30639549  0.37838672 -2.1588417   1.75665352 -1.17317365] -247.11112928970346
[ 0.55444913 -2.30777112  0.37826355 -2.15815355  1.75641911 -1.17225727] -247.11109016450555
[ 0.55441867 -2.30871924  0.37834314 -2.15759742  1.7561979  -1.17156306] -247.1115009499061
[ 0.55404584 -2.30820903  0.37794624 -2.15807066  1.75642821 -1.17245925] -247.1115031350716
[ 0.55460944 -2.30656764  0.37827317 -2.1588051   1.75666513 -1.17297515] -247.11112273871993
[ 0.55411454 -2.30789143  0.37790383 -2.15826666  1.75652266 -1.17236654] -247.11151042740707
[ 0.55455274 -2.30676947  0.37826599 -2.15869794  1.7566208  -1.17297188] -247.11112721863176
[ 0.55426061 -2.30751745  0.37802455 -2.15841042  1.75655538 -1.17256832] -247.11108961428147
[ 0.55411454 -2.30789143  0.37790383 -2.15826666  1.75652266 -1.17236654] -247.11151042740707
[ 0.55375138 -2.30727456  0.37703624 -2.15869382  1.75655354 -1.17254178] -247.1115116126238
[ 0.55458407 -2.30717261  0.37846921 -2.15848359  1.75659275 -1.17280361] -247.11111529955576
[ 0.55399512 -2.30804721  0.37777528 -2.15819507  1.75647011 -1.17240035] -247.11150519857688
[ 0.55445586 -2.30693753  0.3781487  -2.15865259  1.75661637 -1.17283145] -247.11110208361077
[ 0.55397775 -2.30736387  0.37747241 -2.15857291  1.75655036 -1.17258116] -247.11151760546025
[ 0.55443249 -2.30722043  0.37822001 -2.15850592  1.75658215 -1.172748  ] -247.11110181620964
[ 0.55408637 -2.30733777  0.37799305 -2.15899833  1.7568853  -1.17249699] -247.1110957963034
[ 0.55397206 -2.3077378   0.37780889 -2.1586311   1.75669746 -1.17240689] -247.11151114184295
[ 0.55433491 -2.3071376   0.37806375 -2.15864722  1.75663665 -1.17272531] -247.1111034553369
[ 0.55435487 -2.30764428  0.37814405 -2.15828199  1.75648724 -1.1724128 ] -247.111099659029
[ 0.55412253 -2.30728707  0.37776182 -2.15873364  1.75673235 -1.17273011] -247.11109148222152
[ 0.55416566 -2.30731998  0.37794854 -2.1585682   1.75657282 -1.17266043] -247.1110895185026
[ 0.55417349 -2.30742761  0.3780088  -2.15870438  1.75672034 -1.17253265] -247.11108878696132
[ 0.55434655 -2.30736894  0.37812228 -2.15845817  1.75656877 -1.17265816] -247.1110910836916
[ 0.55435823 -2.30722749  0.37808663 -2.15853151  1.75658587 -1.17269988] -247.111098395228
[ 0.55412082 -2.30707189  0.37784016 -2.15885346  1.75675793 -1.17287039] -247.11110020894822
[ 0.55429636 -2.30750119  0.37806808 -2.15842485  1.75655491 -1.1725272 ] -247.11109717899618
[ 0.55409683 -2.30757992  0.3778914  -2.15856838  1.75664898 -1.17252574] -247.1115142191113
[ 0.55429288 -2.3073156   0.37803782 -2.15854073  1.75660165 -1.17265635] -247.1111015805795
[ 0.55416957 -2.3073738   0.37797867 -2.15863629  1.75664658 -1.17259654] -247.11109297418903
[ 0.55421705 -2.30747253  0.37801668 -2.1585574   1.75663786 -1.17255049] -247.11109439395432
[ 0.55426002 -2.30739827  0.37806554 -2.15858128  1.75664455 -1.17259541] -247.11109776527383
[ 0.55414801 -2.30735734  0.37788531 -2.15871901  1.75672634 -1.17263138] -247.1110875474228
[ 0.55423492 -2.3074644   0.37803844 -2.15856462  1.75663763 -1.17252993] -247.11108948043608
[ 0.55426586 -2.30732755  0.37804771 -2.15861794  1.75665311 -1.17261627] -247.1110994407244
[ 0.55413516 -2.30750377  0.3779501  -2.15863638  1.75668466 -1.1725292 ] -247.11151663706622
[ 0.55423319 -2.3073716   0.37802331 -2.15862255  1.75666099 -1.1725945 ] -247.1110981384919
[ 0.55416784 -2.30745971  0.3779745  -2.15863177  1.75667677 -1.17255097] -247.11151973775375
[ 0.55421685 -2.30739363  0.37801111 -2.15862486  1.75666494 -1.17258362] -247.11109933388718
[ 0.55416075 -2.30739247  0.37794706 -2.15871169  1.75672334 -1.17258202] -247.11109095736032
[ 0.55419147 -2.30741087  0.37796188 -2.15864181  1.75668198 -1.17258065] -247.11108636101392
[ 0.55415879 -2.30736557  0.37793199 -2.15867765  1.75668646 -1.17261396] -247.11109991168078
[ 0.55418253 -2.30741493  0.37795099 -2.1586382   1.7566821  -1.17259093] -247.1110892919059
[ 0.55420401 -2.30737781  0.37797543 -2.15865014  1.75668545 -1.17261339] -247.1110951504194
[ 0.5541906  -2.30736447  0.37795431 -2.15867078  1.75669367 -1.17261294] -247.1110967215891
