 Warning: xe at redshift zero is < 1
 Check input parameters an Reionization_xe
 function in the Reionization module
 Warning: xe at redshift zero is < 1
 Check input parameters an Reionization_xe
 function in the Reionization module
 Warning: xe at redshift zero is < 1
 Check input parameters an Reionization_xe
 function in the Reionization module
 Warning: xe at redshift zero is < 1
 Check input parameters an Reionization_xe
 function in the Reionization module
 Warning: xe at redshift zero is < 1
 Check input parameters an Reionization_xe
 function in the Reionization module
 Warning: xe at redshift zero is < 1
 Check input parameters an Reionization_xe
 function in the Reionization module
 Warning: xe at redshift zero is < 1
 Check input parameters an Reionization_xe
 function in the Reionization module
 Warning: xe at redshift zero is < 1
 Check input parameters an Reionization_xe
 function in the Reionization module
 Warning: xe at redshift zero is < 1
 Check input parameters an Reionization_xe
 function in the Reionization module
 Warning: xe at redshift zero is < 1
 Check input parameters an Reionization_xe
 function in the Reionization module
 Warning: xe at redshift zero is < 1
 Check input parameters an Reionization_xe
 function in the Reionization module
 Warning: xe at redshift zero is < 1
 Check input parameters an Reionization_xe
 function in the Reionization module
 Warning: xe at redshift zero is < 1
 Check input parameters an Reionization_xe
 function in the Reionization module
 Warning: xe at redshift zero is < 1
 Check input parameters an Reionization_xe
 function in the Reionization module
 Warning: xe at redshift zero is < 1
 Check input parameters an Reionization_xe
 function in the Reionization module
 Warning: xe at redshift zero is < 1
 Check input parameters an Reionization_xe
 function in the Reionization module
 Warning: xe at redshift zero is < 1
 Check input parameters an Reionization_xe
 function in the Reionization module
 Warning: xe at redshift zero is < 1
 Check input parameters an Reionization_xe
 function in the Reionization module
 Warning: xe at redshift zero is < 1
 Check input parameters an Reionization_xe
 function in the Reionization module
 Warning: xe at redshift zero is < 1
 Check input parameters an Reionization_xe
 function in the Reionization module
 Warning: xe at redshift zero is < 1
 Check input parameters an Reionization_xe
 function in the Reionization module
 Warning: xe at redshift zero is < 1
 Check input parameters an Reionization_xe
 function in the Reionization module
 Warning: xe at redshift zero is < 1
 Check input parameters an Reionization_xe
 function in the Reionization module
 Warning: xe at redshift zero is < 1
 Check input parameters an Reionization_xe
 function in the Reionization module
 Warning: xe at redshift zero is < 1
 Check input parameters an Reionization_xe
 function in the Reionization module
 Warning: xe at redshift zero is < 1
 Check input parameters an Reionization_xe
 function in the Reionization module
 Warning: xe at redshift zero is < 1
 Check input parameters an Reionization_xe
 function in the Reionization module
 Warning: xe at redshift zero is < 1
 Check input parameters an Reionization_xe
 function in the Reionization module
 Warning: xe at redshift zero is < 1
 Check input parameters an Reionization_xe
 function in the Reionization module
 Warning: xe at redshift zero is < 1
 Check input parameters an Reionization_xe
 function in the Reionization module
 Warning: xe at redshift zero is < 1
 Check input parameters an Reionization_xe
 function in the Reionization module
 Warning: xe at redshift zero is < 1
 Check input parameters an Reionization_xe
 function in the Reionization module
 Warning: xe at redshift zero is < 1
 Check input parameters an Reionization_xe
 function in the Reionization module
 Warning: xe at redshift zero is < 1
 Check input parameters an Reionization_xe
 function in the Reionization module
 Warning: xe at redshift zero is < 1
 Check input parameters an Reionization_xe
 function in the Reionization module
 Warning: xe at redshift zero is < 1
 Check input parameters an Reionization_xe
 function in the Reionization module
 Warning: xe at redshift zero is < 1
 Check input parameters an Reionization_xe
 function in the Reionization module
 Warning: xe at redshift zero is < 1
 Check input parameters an Reionization_xe
 function in the Reionization module
 Warning: xe at redshift zero is < 1
 Check input parameters an Reionization_xe
 function in the Reionization module
 Warning: xe at redshift zero is < 1
 Check input parameters an Reionization_xe
 function in the Reionization module
 Warning: xe at redshift zero is < 1
 Check input parameters an Reionization_xe
 function in the Reionization module
 Warning: xe at redshift zero is < 1
 Check input parameters an Reionization_xe
 function in the Reionization module
 Warning: xe at redshift zero is < 1
 Check input parameters an Reionization_xe
 function in the Reionization module
 Warning: xe at redshift zero is < 1
 Check input parameters an Reionization_xe
 function in the Reionization module
 Warning: xe at redshift zero is < 1
 Check input parameters an Reionization_xe
 function in the Reionization module
 Warning: xe at redshift zero is < 1
 Check input parameters an Reionization_xe
 function in the Reionization module
 Warning: xe at redshift zero is < 1
 Check input parameters an Reionization_xe
 function in the Reionization module
 Warning: xe at redshift zero is < 1
 Check input parameters an Reionization_xe
 function in the Reionization module
 Warning: xe at redshift zero is < 1
 Check input parameters an Reionization_xe
 function in the Reionization module
 Warning: xe at redshift zero is < 1
 Check input parameters an Reionization_xe
 function in the Reionization module
 Warning: xe at redshift zero is < 1
 Check input parameters an Reionization_xe
 function in the Reionization module
 Warning: xe at redshift zero is < 1
 Check input parameters an Reionization_xe
 function in the Reionization module
 Warning: xe at redshift zero is < 1
 Check input parameters an Reionization_xe
 function in the Reionization module
 Warning: xe at redshift zero is < 1
 Check input parameters an Reionization_xe
 function in the Reionization module
 Warning: xe at redshift zero is < 1
 Check input parameters an Reionization_xe
 function in the Reionization module
 Warning: xe at redshift zero is < 1
 Check input parameters an Reionization_xe
 function in the Reionization module
 Warning: xe at redshift zero is < 1
 Check input parameters an Reionization_xe
 function in the Reionization module
 Warning: xe at redshift zero is < 1
 Check input parameters an Reionization_xe
 function in the Reionization module
 Warning: xe at redshift zero is < 1
 Check input parameters an Reionization_xe
 function in the Reionization module
 Warning: xe at redshift zero is < 1
 Check input parameters an Reionization_xe
 function in the Reionization module
 Warning: xe at redshift zero is < 1
 Check input parameters an Reionization_xe
 function in the Reionization module
 Warning: xe at redshift zero is < 1
 Check input parameters an Reionization_xe
 function in the Reionization module
 Warning: xe at redshift zero is < 1
 Check input parameters an Reionization_xe
 function in the Reionization module
 Warning: xe at redshift zero is < 1
 Check input parameters an Reionization_xe
 function in the Reionization module
 Warning: xe at redshift zero is < 1
 Check input parameters an Reionization_xe
 function in the Reionization module
 Warning: xe at redshift zero is < 1
 Check input parameters an Reionization_xe
 function in the Reionization module
 Warning: xe at redshift zero is < 1
 Check input parameters an Reionization_xe
 function in the Reionization module
 Warning: xe at redshift zero is < 1
 Check input parameters an Reionization_xe
 function in the Reionization module
 Warning: xe at redshift zero is < 1
 Check input parameters an Reionization_xe
 function in the Reionization module
 Warning: xe at redshift zero is < 1
 Check input parameters an Reionization_xe
 function in the Reionization module
 Warning: xe at redshift zero is < 1
 Check input parameters an Reionization_xe
 function in the Reionization module
 Warning: xe at redshift zero is < 1
 Check input parameters an Reionization_xe
 function in the Reionization module
 Warning: xe at redshift zero is < 1
 Check input parameters an Reionization_xe
 function in the Reionization module
 Warning: xe at redshift zero is < 1
 Check input parameters an Reionization_xe
 function in the Reionization module
 Warning: xe at redshift zero is < 1
 Check input parameters an Reionization_xe
 function in the Reionization module
 Warning: xe at redshift zero is < 1
 Check input parameters an Reionization_xe
 function in the Reionization module
 Warning: xe at redshift zero is < 1
 Check input parameters an Reionization_xe
 function in the Reionization module
 Warning: xe at redshift zero is < 1
 Check input parameters an Reionization_xe
 function in the Reionization module
 Warning: xe at redshift zero is < 1
 Check input parameters an Reionization_xe
 function in the Reionization module
 Warning: xe at redshift zero is < 1
 Check input parameters an Reionization_xe
 function in the Reionization module
 Warning: xe at redshift zero is < 1
 Check input parameters an Reionization_xe
 function in the Reionization module
 Warning: xe at redshift zero is < 1
 Check input parameters an Reionization_xe
 function in the Reionization module
 Warning: xe at redshift zero is < 1
 Check input parameters an Reionization_xe
 function in the Reionization module
 Warning: xe at redshift zero is < 1
 Check input parameters an Reionization_xe
 function in the Reionization module
 Warning: xe at redshift zero is < 1
 Check input parameters an Reionization_xe
 function in the Reionization module
 Warning: xe at redshift zero is < 1
 Check input parameters an Reionization_xe
 function in the Reionization module
 Warning: xe at redshift zero is < 1
 Check input parameters an Reionization_xe
 function in the Reionization module
 Warning: xe at redshift zero is < 1
 Check input parameters an Reionization_xe
 function in the Reionization module
 Warning: xe at redshift zero is < 1
 Check input parameters an Reionization_xe
 function in the Reionization module
 Warning: xe at redshift zero is < 1
 Check input parameters an Reionization_xe
 function in the Reionization module
 Warning: xe at redshift zero is < 1
 Check input parameters an Reionization_xe
 function in the Reionization module
 Warning: xe at redshift zero is < 1
 Check input parameters an Reionization_xe
 function in the Reionization module
 Warning: xe at redshift zero is < 1
 Check input parameters an Reionization_xe
 function in the Reionization module
 Warning: xe at redshift zero is < 1
 Check input parameters an Reionization_xe
 function in the Reionization module
 Warning: xe at redshift zero is < 1
 Check input parameters an Reionization_xe
 function in the Reionization module
 Warning: xe at redshift zero is < 1
 Check input parameters an Reionization_xe
 function in the Reionization module
 Warning: xe at redshift zero is < 1
 Check input parameters an Reionization_xe
 function in the Reionization module
 Warning: xe at redshift zero is < 1
 Check input parameters an Reionization_xe
 function in the Reionization module
 Warning: xe at redshift zero is < 1
 Check input parameters an Reionization_xe
 function in the Reionization module
 Warning: xe at redshift zero is < 1
 Check input parameters an Reionization_xe
 function in the Reionization module
 Warning: xe at redshift zero is < 1
 Check input parameters an Reionization_xe
 function in the Reionization module
 Warning: xe at redshift zero is < 1
 Check input parameters an Reionization_xe
 function in the Reionization module
[ 0.1981568  -0.48402016 -0.46669817 -0.05290888 -0.85728253  1.88115705] -253.03230474518085
[ 0.6301554  -0.15661006 -0.24291853 -1.03738448  0.55309607 -0.59172398] -249.37945824432745
[ 1.84516925 -0.91658435 -1.40437137  1.36366939 -0.18545477  0.07920145] -273.8556502249685
[ 0.6119759   0.2755287  -0.13958349 -0.0013894  -0.88035544 -0.0951503 ] -254.2839155880066
[-0.69580847 -0.82336369  1.84540696  0.90422528  0.52775553 -1.65268507] -274.6668566672988
[-0.18308446 -0.19020646 -0.15757861  1.44267683 -0.25717044  0.34949493] -273.14592477213023
[ 0.36714331 -1.78502825 -1.41296372  0.83295776 -0.85559801 -0.83738953] -265.3878847635552
[ 1.85231387 -0.26227651 -3.12011159 -0.05501821 -1.3553439   1.91454828] -264.2707265254656
[-0.68628231  0.04904677 -0.44224667 -0.98735818 -1.03209665  0.79444403] -244.5068473491165
[-1.9520081   0.53186233  0.03881568 -2.16287196 -1.45541758  1.15206531] -251.2829072581795
[ 1.17423878 -0.59758005 -1.78392878 -1.87637729 -1.21868971  0.67246691] -245.48518198218403
[ 0.89304284  1.39305782 -0.65219869 -2.1697699  -0.74129271  2.36263686] -238.15055621826374
[ 1.15599261  2.98210085 -0.27181618 -3.67113373 -0.68414006  3.96265005] -237.4633414610599
[-0.82423481  0.95176519  2.00438099 -2.48716578 -0.01781221  0.29339964] -233.6845470046848
[-2.16250914  1.55878604  4.56662728 -3.70323956  0.65095363 -0.51717468] -242.13715889095906
[-0.06263375  0.63937215 -0.26149229 -3.36938672 -0.20528625  2.43261487] -228.5226556918959
[-0.39993858  0.82129387 -0.3224467  -5.05338537  0.13224834  3.69649745] -288.7286656769533
[ 0.26425517  1.77338512  0.13402435 -4.42335984 -0.01102708  0.64012679] -228.7319870670126
[-0.28971017  2.08930674  0.03589234 -4.5675427  -1.60944672  3.52362475] -261.295218278309
[ 0.40018901  0.40486914 -0.17321582 -1.91992403  0.01246037  0.4371132 ] -236.73779972512511
[-1.09181014  2.86442645  2.1138069  -3.74306547  0.57272242  2.18098261] -230.08898396814322
[ 0.63353501  3.15625953  1.62414265 -5.55065368  0.92106904  2.52118503] -227.7241990399415
[ 1.29344367  4.70986591  2.65733731 -7.83230143  1.89765188  3.38455553] -796.7818035156398
[-1.38289244  0.28125834  2.08569844 -3.49338478  1.10818216 -1.12750934] -228.85035592361095
[-1.22144933  2.81728645  2.7400695  -5.76908138  0.77682232  1.87648667] -670.0704854809647
[-0.00522058  1.00797347  0.55510551 -2.88221337  0.20355086  0.79695657] -229.4481792998774
[ 0.27597923  2.28912649  0.07938087 -5.33352217  0.88088259  2.18805254] -223.48917470505873
[ 0.82608625  2.95780714 -0.8831192  -6.75670037  1.33022999  3.13537898] -452.39059046995465
[ 0.99948436  0.18469858 -0.70818706 -4.60777472  0.39306802  0.30282621] -232.22059384274735
[-0.56898652  2.19449449  1.40830841 -3.95924278  0.52780882  1.71144351] -225.29283295805277
[-0.27502719  2.43665857  1.1349153  -5.82763662  0.87032557  1.99168123] -415.66900757679025
[-0.07267223  1.36514474  0.70005796 -3.61856918  0.37024454  1.09563773] -225.72772812023842
[ 1.53938475  3.52466916 -0.85755779 -5.25819335 -0.28028494  4.65719616] -240.00916638135334
[-0.65232314  1.09211105  1.34988438 -3.93458692  0.76106539  0.31866704] -224.08755398732944
[-0.41328897  1.80545103  1.49940298 -4.16529397  1.09628845  2.78240678] -226.78680622246367
[-0.20328512  3.32815696  2.48188471 -5.48456952  1.72440586  1.10651601] -240.23198544463466
[-0.09779659  1.31156835  0.42435196 -3.89818242  0.27713678  2.10109015] -225.12537239001173
[-1.14323109  0.19637252  0.19631953 -2.7524788   0.38340648  0.87791422] -228.46026745345125
[ 0.18934349  2.41628778  1.26718687 -4.85110996  0.7866534   2.11036733] -224.50071870569818
[ 0.10447038  1.75079327  0.24365384 -4.36644384  0.10497538  0.39267932] -227.6587027229709
[-0.28384913  1.79178659  1.18546569 -4.21558144  0.84846019  2.18497491] -224.30532246901743
[-0.30653866  2.3333135   1.20480144 -5.11217271  0.99042452  2.44256076] -228.42376288580783
[-0.13113884  1.60718693  0.82624383 -3.99197007  0.52528953  1.43236849] -224.36833944488603
[ 0.33572485  1.30819458  0.30252945 -4.78240821  0.83202047  1.73372997] -223.75108982089225
[ 0.00904208  2.18999612  1.24587841 -5.13821051  1.26765375  1.22162994] -222.31962587381827
[ 0.06246141  2.62921001  1.65664163 -5.75822455  1.76291223  0.78189983] -282.8984829684713
[-0.33819847  1.00984615  0.39594067 -4.28098315  0.91847057  0.91610697] -222.12860287371942
[-0.60196945  0.30662533 -0.03968243 -3.99591974  0.98437916  0.31897679] -222.84690221063968
[-0.08673602  1.61983339  0.69344933 -5.23646073  1.31089479  1.42201863] -237.97693606292412
[-0.12003813  1.61034855  0.7930452  -4.30309273  0.72169084  1.42978103] -223.21642560781615
[ 0.12057794  1.37475439  0.20342063 -5.04201979  0.94546768  0.41768091] -222.74395575911984
[ 0.74668564  2.16864438 -0.34315264 -5.6921586   1.09432992  2.31699342] -229.75254869120678
[-0.30257095  1.36124438  0.92662513 -4.37397984  0.84438152  0.81824863] -222.6197551035694
[-0.45412762  1.97024411  0.91223418 -4.70819452  1.02749518  0.59677003] -221.85486634470334
[-0.84905386  2.30126888  1.21708655 -4.67108767  1.12523254  0.02829006] -222.16784885400568
[-0.63775095  0.88301807  1.41300054 -3.948638    1.02750392 -0.38798003] -224.58758963948324
[ 0.04754669  1.93759939  0.41278579 -4.98730113  0.91753793  1.54404439] -222.47558474044536
[-0.18587198  1.67087963  0.57258307 -5.20713691  1.25197803  0.40837927] -243.29387636502497
[-0.13649659  1.62548132  0.73792967 -4.52910378  0.85426264  1.17443059] -222.47839025919637
[-0.51217956  1.99004944  1.34037731 -4.29723785  0.99779951  1.67272927] -223.452391025799
[-0.03761144  1.52857815  0.4876598  -4.8558243   0.95855064  0.731443  ] -222.58452521106508
[-7.10838552e-04  2.05933737e+00  4.70851046e-01 -5.12589262e+00
  1.13694205e+00  1.24322634e+00] -221.60950189124105
[ 0.15021922  2.40838386  0.24296401 -5.50184901  1.28322232  1.4557152 ] -234.58121226966043
[-0.25337015  2.06892334  0.90421345 -4.73407093  1.08223673  1.50062642] -221.891905862638
[-0.19344284  2.11983417  0.70937151 -5.12911384  1.26251609  1.16637078] -224.47085771781389
[-0.15073316  1.74906953  0.73079013 -4.67910629  0.956326    1.17241563] -222.0664318308104
[-0.44357941  1.74487282  1.14051684 -4.56818487  1.21217017  0.67288072] -221.83392129501019
[-0.55594863  1.34410165  0.2723037  -4.22726695  0.84355982  0.81237877] -221.97195731491254
[-0.28129146  2.63567013  1.08102911 -5.06658892  1.16777275  1.08332567] -221.97702422391907
[-0.51227621  2.19198027  0.86292598 -4.79762664  1.20039956  0.79732035] -221.8457786744141
[-0.45871282  1.15748306  0.43998595 -4.32048993  0.99982842  0.79107521] -221.71076851902166
[-0.15164372  2.38684534  1.30460545 -5.19088622  1.37613088  1.05492092] -225.20401226949713
[-0.4548724   1.60478757  0.53037914 -4.46817177  0.97670259  0.87301431] -221.5662227163255
[-0.52138962  1.50731173  0.54808427 -4.59544919  1.10227593  0.15746923] -221.69003439961864
[-0.34305281  1.45168016  0.41868023 -4.58374382  1.18194439  0.91489202] -221.18992042199065
[-0.2875154   1.19239818  0.17190325 -4.52151848  1.259169    1.07395301] -221.41097994095097
[-0.22849642  0.9831773   0.31990651 -4.42301742  1.00288829  0.75353226] -222.0841995483073
[-0.44133126  1.88977953  0.72717111 -4.70397434  1.15102174  0.78637333] -221.17615174388953
[-0.29644384  1.47858699 -0.09546626 -4.69772235  0.97073487  0.91580276] -221.5533709085116
[-0.22722077  2.17301139  0.42658056 -5.07116144  1.17337877  0.83918412] -222.2698972370279
[-0.40083981  1.41136514  0.4366346  -4.50815781  1.04321601  0.80310244] -221.41343502141595
[-0.12436071  1.79120052  0.28133236 -4.76710505  1.05124462  1.68800116] -221.67447317159323
[-0.22361793  1.72022832  0.34802033 -4.72419108  1.06400245  1.30536818] -221.35285542138217
[-0.71934185  1.12613853  0.31762201 -4.1027611   0.9922653   0.622958  ] -221.90428037837773
[-0.18036859  1.82603766  0.43254379 -4.87010974  1.10077286  1.08815926] -221.34538983159464
[-0.17367902  1.65443836  0.22548213 -4.89446128  1.19386152  1.06488502] -221.55346461509586
[-0.24397736  1.64202566  0.30170638 -4.7878889   1.13957179  1.01691734] -221.0864614131642
[-0.31461875  1.8351185   0.98371841 -4.69496621  1.25610821  1.05580143] -221.60723448134715
[-0.30098757  1.56771987  0.17432991 -4.69703332  1.04207821  0.95080243] -221.27060447183905
[-0.1769387   1.95445859  0.36418265 -4.94748926  1.18324781  1.21773508] -221.65424318693996
[-0.34486453  1.5471385   0.41852161 -4.61799067  1.07822396  0.9067606 ] -221.26435644484854
[-0.39457611  1.5878988   0.47629734 -4.69605585  1.16720187  0.58260014] -221.11092573795014
[-0.50922796  1.40270985  0.40635841 -4.49211923  1.15257446  0.63128936] -221.14053911339317
[-0.45802244  1.6060243   0.74191512 -4.59689095  1.2481012   0.66214184] -221.20776384095655
[-0.45186478  1.64623426  0.60552125 -4.66890036  1.26858119  0.62464408] -220.98403652952635
[-0.50536491  1.69578214  0.69902107 -4.69435521  1.36375981  0.48358582] -221.01053021198726
[-0.33665432  1.60075179  0.23666312 -4.71400321  1.10553062  0.85676359] -221.08326510755708
[-0.44949112  1.80478647  0.49922565 -4.77057014  1.14621616  0.58463726] -221.95669018724152
[-0.36966239  1.53995674  0.43881658 -4.6304504   1.17301233  0.83232833] -221.0855960356555
[-0.32732304  1.25007951  0.09461658 -4.62583165  1.18446901  0.72847429] -221.11876335340747
[-0.19879138  1.6862724   0.31151534 -4.88225757  1.19354781  0.91595323] -221.6009671395776
[-0.43161881  1.47360049  0.38264764 -4.58965381  1.1628178   0.70245533] -221.05501285167804
[-0.41546155  1.91340974  0.71926753 -4.73648587  1.15443619  0.81009532] -221.16713557039805
[-0.34935767  1.41591206  0.25077932 -4.6534952   1.1769608   0.74887954] -221.03208523210415
[-0.33313567  1.51826153  0.26241409 -4.65207478  1.17495631  1.01139593] -220.99447888667916
[-0.51345385  1.42287996  0.42390762 -4.51497035  1.21438123  0.57523826] -221.0753723891992
[-0.43569931  1.48592329  0.28182776 -4.6339155   1.19473031  0.67413058] -220.91407182602174
[-0.46871778  1.45890657  0.20333336 -4.63564806  1.2055893   0.5950317 ] -220.85847110579832
[-0.51272853  1.37784651  0.47287131 -4.52424431  1.29556492  0.56245136] -221.03888735901793
[-0.33568723  1.54070718  0.30194804 -4.72636848  1.21377555  0.83971439] -220.86584039940604
[-0.38554508  1.51235555  0.31630814 -4.69725659  1.2823249   0.75825034] -220.7931321981912
[-0.36250821  1.53173308  0.28313839 -4.75105797  1.34207845  0.78614784] -220.7337372652929
[-0.25436191  1.65940506  0.16284017 -4.83827064  1.16508227  0.9728198 ] -221.1589473647277
[-0.44813688  1.44823614  0.39536352 -4.60275089  1.26294426  0.66504347] -220.9127321488106
[-0.45065918  1.63211419  0.4331269  -4.69210498  1.31234755  0.75844626] -220.68412448997893
[-0.50130993  1.74021526  0.52430069 -4.71140987  1.38004092  0.76322962] -220.67205726763396
[-0.52293927  1.6037493   0.50878766 -4.71330376  1.38271358  0.41320777] -220.90626383379896
[-0.42790165  1.46161492  0.13343597 -4.71127932  1.32713283  0.72948085] -220.6556715364341
[-0.41592008  1.36930525 -0.10260668 -4.7324688   1.35640865  0.78189924] -220.8568690952381
[-0.42488448  1.66407263  0.25628451 -4.81360493  1.35416595  0.71056059] -220.4017717410916
[-0.41325827  1.77199087  0.186745   -4.91903195  1.39977679  0.73331915] -221.09943408050844
[-0.31739716  1.52866724  0.05869266 -4.73648578  1.22488075  1.06151389] -220.79214539488072
[-0.4985525   1.58769605  0.18444715 -4.72679349  1.39752052  0.70894044] -220.8458223450956
[-0.37546686  1.71242649  0.27676643 -4.84789573  1.46968384  0.99159271] -220.74617475185946
[-0.30460359  1.62521382  0.32642573 -4.79711771  1.30180706  0.97190139] -220.79628993528078
[-0.35309082  1.61583438  0.29093108 -4.77953666  1.32573542  0.90616116] -220.76442651524826
[-0.49765683  1.71329834  0.52959304 -4.80177571  1.50806505  0.5675437 ] -220.50865563473073
[-0.51015183  1.6586192   0.37690859 -4.76613786  1.46798692  0.61002395] -220.5380494832902
[-0.53267078  1.54409132  0.42445396 -4.67052615  1.32347287  0.39740281] -221.04744015768392
[-0.41476784  1.6703427   0.31368831 -4.80355334  1.43313109  0.84304524] -220.8359911882412
[-0.46127065  1.68868549  0.39293877 -4.80769032  1.4311155   0.63905214] -220.43489450687144
[-0.46751815  1.66134591  0.31659655 -4.78987139  1.41107643  0.66029227] -220.45197707292252
[-0.42639306  1.56284377  0.19486024 -4.76244212  1.34064939  0.72002072] -220.83740025624203
[-0.46309721  1.70214394  0.3902926  -4.7625074   1.36710343  0.7368951 ] -220.9943825833234
[-0.39369634  1.59790286  0.26971145 -4.78233145  1.3481222   0.74835422] -221.17338684800814
[-0.40017567  1.68824956  0.26652547 -4.83075033  1.41192489  0.85107665] -220.52359589262875
[-0.48741673  1.72454424  0.33612126 -4.80662405  1.42388967  0.69094494] -220.34068002532538
[-0.53427693  1.78786494  0.36932617 -4.81877035  1.4617734   0.66224031] -220.36629736353768
[-0.42612238  1.62776992  0.197483   -4.84115365  1.42383718  0.68708734] -220.36051160328014
[-0.46273629  1.78871215  0.39378962 -4.8674561   1.47802048  0.69298392] -220.52312869093137
[-0.50980722  1.69679389  0.36454577 -4.81138315  1.42877684  0.50923042] -220.5087447331455
[-0.46293691  1.56569188  0.22753367 -4.7559864   1.34626671  0.60607198] -220.55985755337215
[-0.46278645  1.73295708  0.35222563 -4.83958868  1.44508204  0.67125594] -220.39679793601428
[-0.40019239  1.66966454  0.25267081 -4.82146119  1.40094541  0.84383399] -220.58140595683392
[-0.48240351  1.69001155  0.33657703 -4.81390266  1.42181899  0.59288131] -220.38962934450538
[-0.44744324  1.71466773  0.30728019 -4.85098337  1.42222667  0.67030182] -220.4508781231916
[-0.45246197  1.70133727  0.30960928 -4.83570537  1.41943911  0.66779943] -220.38141746475702
[-0.45075452  1.69154541  0.20316146 -4.84250279  1.39829548  0.70112437] -220.35965464201877
[-0.49576404  1.72531587  0.32210805 -4.8462208   1.48995487  0.62647052] -220.53407524204934
[-0.44260437  1.67938344  0.27274039 -4.8217589   1.38811318  0.68953807] -220.35033232085507
[-0.45113472  1.63857354  0.19967184 -4.8142938   1.38004916  0.67186922] -220.31222048874045
[-0.44530885  1.59138176  0.12339495 -4.80164636  1.34753272  0.67217586] -220.29766987109625
[-0.41915276  1.64864247  0.14425976 -4.83589438  1.37855012  0.77667536] -220.29691534879012
[-0.38752738  1.62795793  0.04810112 -4.84689024  1.35691569  0.86857239] -220.29966168987983
[-0.43799123  1.61975181  0.116111   -4.81415467  1.36730034  0.73804922] -220.2846388991985
[-0.43075586  1.57895908  0.01936186 -4.80337932  1.34123095  0.77317411] -220.3000184725861
[-0.46828711  1.69064646  0.20111327 -4.79970673  1.34405666  0.7357486 ] -220.3002894499948
[-0.44949916  1.62657131  0.19475208 -4.78409224  1.35151875  0.73325298] -220.45312421257242
[-0.45044068  1.67530189  0.20105912 -4.82790015  1.3866013   0.70915652] -220.30513952817725
[-0.46026142  1.63737277  0.10127939 -4.80688322  1.36119709  0.75137876] -220.24220028039085
[-0.46908994  1.61636744  0.01554889 -4.79944538  1.34773904  0.78229911] -220.20308157306812
[-0.40934013  1.55615303 -0.06895893 -4.81962518  1.30003706  0.78042328] -220.27640996657064
[-0.43261599  1.5656791  -0.0239028  -4.79559075  1.30847068  0.78596729] -220.2932216491529
[-0.40287919  1.50867875 -0.09896232 -4.82241217  1.33915333  0.77611477] -220.2923407319983
[-0.41171423  1.58037577 -0.09536309 -4.82739448  1.33288414  0.87433381] -220.2478858218983
[-0.43539081  1.5003595  -0.19610217 -4.79031316  1.28664474  0.80238713] -220.25826362428933
[-0.42285252  1.56154967 -0.0853394  -4.8288576   1.34944886  0.79856849] -220.2560995370823
[-0.4592471   1.63617366 -0.00573891 -4.80418465  1.32219806  0.81590558] -220.21055784356165
[-0.43122035  1.53057454 -0.26142887 -4.80911881  1.27901697  0.87992325] -220.22465737182998
[-0.46716486  1.58564716 -0.14051558 -4.80014618  1.33927355  0.87071584] -220.17392078445087
[-0.49607722  1.60039423 -0.17629391 -4.79040668  1.35889179  0.91586212] -220.13996387025662
[-0.46134297  1.6747856  -0.00676959 -4.82948937  1.37674822  0.88657699] -220.17274221804456
[-0.48671142  1.65134075 -0.09134242 -4.79115553  1.32304388  0.9197318 ] -220.18587421126745
[-0.52284877  1.65616963 -0.07997852 -4.78053899  1.33632852  0.85909914] -220.1152302115267
[-0.57841604  1.69406657 -0.07228623 -4.75711125  1.3380507   0.8514818 ] -220.07535321200373
[-0.55240788  1.7604682   0.14913481 -4.78147881  1.4098736   0.84402922] -220.187291404847
[-0.55543473  1.69630061 -0.05493057 -4.77884436  1.39591768  0.91742143] -220.08413024725917
[-0.57437348  1.74275121 -0.09971153 -4.77671662  1.38643625  0.99606868] -220.08018808611547
[-0.4983774   1.59274478 -0.31624623 -4.7930958   1.31648924  0.98501839] -220.11847924014938
[-0.56796253  1.68234025 -0.15073693 -4.78406584  1.40113408  0.931078  ] -220.0322182275804
[-0.60858809  1.69784    -0.18043419 -4.78052099  1.44017919  0.9367511 ] -220.00472818610814
[-0.64241268  1.6665802  -0.29319797 -4.72940919  1.3685734   0.98095752] -220.03668541719807
[-0.65645692  1.76303356 -0.16264167 -4.74815939  1.38965703  0.97337085] -219.9835540877363
[-0.73664677  1.84435323 -0.15581554 -4.72703574  1.40503964  1.00212522] -219.96833112366974
[-0.73357986  1.85455249  0.03078755 -4.72345026  1.46157638  0.90991686] -220.046061268805
[-0.73590424  1.80374729 -0.2019554  -4.71923699  1.40403417  0.97501229] -219.96338753929135
[-0.82613899  1.85747063 -0.27546781 -4.68943331  1.40809242  1.00380772] -219.9722591307877
[-0.77080908  1.77762871 -0.19125573 -4.70220485  1.41938158  0.88934625] -219.95796732221964
[-0.86902688  1.79506746 -0.23702782 -4.66494896  1.43585425  0.83598503] -220.00362927769663
[-0.83089753  1.85416741 -0.25833752 -4.70350809  1.49487742  1.04655461] -219.95774479814506
[-0.95713828  1.93421782 -0.35136317 -4.67670651  1.57329077  1.14409102] -220.05274237906787
[-0.70817293  1.69355313 -0.45778633 -4.7305217   1.38245209  1.03366547] -219.9655778453988
[-0.8212602   1.89051639 -0.1886636  -4.72493359  1.48008129  0.98019413] -220.03820832100277
[-0.68712456  1.72256425 -0.26706438 -4.72829029  1.39645037  0.98076667] -219.9674629822683
[-0.88126361  1.867498   -0.33030411 -4.65641156  1.39389924  1.0390724 ] -220.01892206561004
[-0.67675697  1.7402545  -0.21790167 -4.74949363  1.4286092   0.96233143] -219.9582352157598
[-0.73324167  1.6862852  -0.37561813 -4.71738278  1.4368953   0.96043369] -219.94457268636972
[-0.73153912  1.60725119 -0.48551942 -4.7125563   1.45282313  0.93958793] -219.97506272597587
[-0.79813625  1.79598117 -0.30055388 -4.71249239  1.45896621  0.97501458] -219.963932102047
[-0.80707564  1.85913497 -0.05742111 -4.70425122  1.49846921  0.90256548] -219.99838740904025
[-0.73289861  1.73494859 -0.35769503 -4.72395408  1.41145637  1.00089047] -219.94390916813163
[-0.69536645  1.73636273 -0.23370061 -4.72610109  1.40611847  0.96984167] -219.968882316059
[-0.7724438   1.78107656 -0.28384057 -4.71589456  1.44575428  0.97372135] -219.9463263539875
[-0.76977831  1.7210397  -0.35959415 -4.71824234  1.47495721  0.96941364] -219.95732159563417
[-0.8599327   1.77812755 -0.3908787  -4.6775686   1.46583152  0.98445525] -219.96403335189876
[-0.7225509   1.74972276 -0.26114593 -4.73151237  1.43791478  0.96786238] -219.9440267608066
[-0.74979453  1.73145136 -0.44082138 -4.73462655  1.48123687  1.08361247] -219.95229519700985
[-0.66267175  1.61400732 -0.43456754 -4.74369614  1.40119418  0.93875672] -220.0086544787009
[-0.78884108  1.79412738 -0.30239503 -4.7135551   1.47145661  1.01960514] -219.93969477711832
[-0.73014522  1.77149759 -0.31424454 -4.72739948  1.41994752  1.03262819] -219.94574563504014
[-0.74357923  1.77443467 -0.19082502 -4.70860624  1.39323808  0.90143461] -219.960375938478
[-0.74824071  1.74219719 -0.37832229 -4.72812147  1.45923717  1.038068  ] -219.9415202545987
[-0.71286227  1.71184968 -0.37929975 -4.73141387  1.43321497  1.03277461] -219.9447527964766
[-0.74939986  1.70154601 -0.37058085 -4.72124708  1.46344421  0.97391658] -219.948208731203
[-0.73495888  1.75400969 -0.32832862 -4.72586138  1.4308217   1.01795029] -219.94018190232165
[-0.77404835  1.77524726 -0.28853526 -4.71538186  1.449379    0.96882872] -219.94742669077218
[-0.72815879  1.72769907 -0.35660863 -4.72740586  1.43725598  1.01678814] -219.93988063967396
[-0.75197465  1.81461636 -0.28588037 -4.73275398  1.4458189   1.05995445] -219.94314102217118
[-0.77247334  1.77281    -0.40859739 -4.71903825  1.44743413  1.08322312] -219.94384460712803
[-0.7753172   1.80020464 -0.32901575 -4.72495794  1.48588513  1.07763924] -219.93776855690544
[-0.7965265   1.83283267 -0.31467611 -4.72545987  1.52309951  1.11601362] -219.9438684176862
[-0.73669043  1.77147478 -0.25158617 -4.731847    1.46272437  0.9934453 ] -219.93988184936617
[-0.75209438  1.71528789 -0.36287178 -4.71782894  1.46997475  0.99454425] -219.93579858162298
[-0.75215424  1.66562366 -0.40136749 -4.71036642  1.48205268  0.96183916] -219.94096232501343
[-0.75711288  1.7787373  -0.2652797  -4.7190306   1.46013567  1.00192278] -219.93967720712396
[-0.77777938  1.77516733 -0.29425707 -4.71901377  1.49832247  1.016698  ] -219.93359351448942
[-0.79918963  1.78574615 -0.27722129 -4.71558996  1.53207286  1.01607185] -219.9359101931338
[-0.78974414  1.75893309 -0.38522315 -4.70875041  1.47828584  1.04895388] -219.9372697691531
[-0.81880423  1.81312014 -0.28973886 -4.70697306  1.51743084  1.03633296] -219.94352839289988
[-0.75082015  1.74905434 -0.33989119 -4.72229766  1.4572997   1.02167434] -219.93548896316705
[-0.74544829  1.73166749 -0.35645119 -4.72373801  1.47851124  1.03420569] -219.93495532392922
[-0.7732883   1.73136763 -0.42395701 -4.71983164  1.49595737  1.06264902] -219.93864518535497
[-0.76924444  1.74321005 -0.38428768 -4.71963138  1.48700195  1.04746746] -219.93475127865068
[-0.75305972  1.69090209 -0.37864494 -4.71212878  1.47058019  0.9768753 ] -219.93678384394502
[-0.72640465  1.70949664 -0.3202448  -4.72946244  1.47561093  0.98153447] -219.9370347560467
[-0.74223952  1.72185575 -0.33648939 -4.72428443  1.47627966  0.99838932] -219.93426834921505
[-0.75948233  1.78784553 -0.31277116 -4.73013595  1.4852164   1.06078439] -219.93551524301958
[-0.76291033  1.7876456  -0.3118441  -4.72853813  1.49090239  1.06519548] -219.9341257950948
[-0.75666504  1.71502132 -0.36163571 -4.71569851  1.47755607  1.00042571] -219.93320858027406
[-0.75525639  1.67860922 -0.38606798 -4.70847979  1.4737259   0.97024638] -219.93690641997958
[-0.76727552  1.74246817 -0.34176386 -4.72133708  1.5122249   1.03245288] -219.92916529324668
[-0.7755032   1.73917509 -0.34270019 -4.72085679  1.5396875   1.03784215] -219.92641512844656
[-0.78266568  1.76235756 -0.3206202  -4.71893633  1.51140543  1.02113368] -219.93306366687588
[-0.76334327  1.75719751 -0.2715612  -4.72281127  1.51104922  0.99909399] -219.93072701938016
[-0.79738278  1.79033239 -0.29771677 -4.71766717  1.53336137  1.04840701] -219.93246203220957
[-0.78820279  1.72543813 -0.31765294 -4.70978982  1.53289163  0.9760047 ] -219.92975475001245
[-0.77680821  1.72134    -0.34303861 -4.71623952  1.5369946   1.01093775] -219.92607136588092
[-0.77632262  1.69442634 -0.36742938 -4.7148524   1.55633066  1.00805762] -219.9247126114477
[-0.80447507  1.77462102 -0.27759119 -4.71927275  1.5840192   1.029754  ] -219.92968291571668
[-0.78574423  1.7313726  -0.3042637  -4.71614707  1.57437443  1.01191948] -219.92291319312181
[-0.78728351  1.71588011 -0.29608545 -4.71475244  1.60585893  1.00731237] -219.92190039004913
[-0.76766071  1.67858034 -0.32662334 -4.71644465  1.57658435  0.97094793] -219.9242140302938
[-0.80313936  1.6855095  -0.37113296 -4.70917835  1.62074153  1.01087894] -219.9212240255492
[-0.82303741  1.6496655  -0.42091884 -4.70236188  1.67558769  1.01677141] -219.92403932627013
[-0.78325871  1.70395934 -0.34286789 -4.72199597  1.62818243  1.04559297] -219.91696504740457
[-0.78078667  1.69321994 -0.35547537 -4.72809905  1.67582782  1.08038711] -219.9150886195016
[-0.75909028  1.62764276 -0.40889104 -4.71545514  1.60765773  1.00872137] -219.93367916379617
[-0.79312887  1.73787645 -0.31041615 -4.71831835  1.58992884  1.02449584] -219.9219996383437
[-0.79393738  1.6626558  -0.33302069 -4.71302496  1.66873655  0.99618446] -219.91583866146505
[-0.79898955  1.69681438 -0.29682194 -4.71842019  1.68956201  1.02201126] -219.91472830303368
[-0.81032301  1.6980084  -0.26151823 -4.72020409  1.75617768  1.02898808] -219.9152743753625
[-0.8180944   1.71873839 -0.32769417 -4.71748646  1.70696755  1.07614206] -219.9153534227389
[-0.80094808  1.65306292 -0.34966071 -4.71533547  1.73263597  1.03980956] -219.9184146962379
[-0.8113483   1.6541202  -0.38184983 -4.71909572  1.75896488  1.06782542] -219.91122528582397
[-0.8233807   1.62324024 -0.42473202 -4.72126736  1.83551785  1.09808195] -219.91074324006044
[-0.80223956  1.66373439 -0.32466867 -4.72869948  1.81567438  1.09332653] -219.91278121555573
[-0.80486134  1.69973812 -0.33781025 -4.72699703  1.73145943  1.0822349 ] -219.90762321942958
[-0.80681797  1.72307572 -0.33188502 -4.73282782  1.73087116  1.10344757] -219.90781896420256
[-0.81551336  1.70250601 -0.35604679 -4.7339649   1.81626647  1.15454348] -219.91094470212627
[-0.79049599  1.64101264 -0.37082417 -4.73499622  1.81446844  1.10071968] -219.90646634520508
[-0.77669678  1.60214976 -0.39238917 -4.7437511   1.86821888  1.11300849] -219.9069167198857
[-0.83104017  1.64912866 -0.34815925 -4.72668268  1.8918217   1.10325216] -219.90279037586535
[-0.85616692  1.62708302 -0.34450119 -4.7259745   1.99981864  1.11468468] -219.90146973220783
[-0.83189641  1.62229042 -0.42270576 -4.73887964  1.98150639  1.19251915] -219.90605100049046
[-0.83853201  1.64155576 -0.42753805 -4.73199374  1.91067135  1.15426808] -219.90406698710174
[-0.8329311   1.58246739 -0.41999036 -4.72607126  1.94154757  1.09295934] -219.9028092301066
[-0.82824722  1.64814221 -0.34972457 -4.7403701   1.95763942  1.14771333] -219.89353224431298
[-0.83068048  1.6605932  -0.31222085 -4.74992147  2.0187002   1.17252901] -219.88852519409227
[-0.85537296  1.55859602 -0.42811655 -4.74228191  2.15744477  1.19365841] -219.90034295084774
[-0.89136397  1.5898493  -0.41420008 -4.73671128  2.1887612   1.20615321] -219.8993410461324
[-0.86978607  1.59775781 -0.35948327 -4.73210508  2.09080819  1.11889844] -219.89300974435162
[-0.87356849  1.56389315 -0.33196604 -4.7390281   2.22168884  1.14535961] -219.89265536457197
[-0.8927152   1.61679011 -0.3101723  -4.74926951  2.28419305  1.22413512] -219.8957730969735
[-0.88166214  1.56874351 -0.3742185  -4.75713128  2.32071344  1.23889325] -219.8828644697898
[-0.89440975  1.53957376 -0.38907716 -4.77270968  2.48116085  1.30099754] -219.8773829465256
[-0.89546836  1.63088975 -0.27759002 -4.75096647  2.27099267  1.19569923] -219.88635534081465
[-0.86084548  1.61331662 -0.2459698  -4.76128882  2.26708673  1.17971977] -219.87831545794316
[-0.84887101  1.58521799 -0.32859675 -4.75273702  2.16595278  1.14693275] -219.87699738838757
[-0.82694891  1.56943193 -0.33780897 -4.75447077  2.10683264  1.10833156] -219.88203634396996
[-0.86482845  1.60007035 -0.26899027 -4.77677877  2.38438583  1.2615142 ] -219.87147895524657
[-0.86234964  1.60122662 -0.22374376 -4.79911561  2.53117465  1.33282209] -219.87095189415592
[-0.85730641  1.6463795  -0.2604334  -4.78988492  2.35666712  1.29754052] -219.86464630488234
[-0.84917538  1.68762268 -0.22466708 -4.81531334  2.42415626  1.37363097] -219.86467983901036
[-0.90906974  1.54494155 -0.26291611 -4.79231271  2.6723114   1.31204162] -219.86198572682005
[-0.94826436  1.48711572 -0.23826375 -4.81350832  2.99911699  1.38179792] -219.86411119514173
[-0.84881565  1.54599559 -0.29265564 -4.80504979  2.55379184  1.32765219] -219.852614610684
[-0.8254893   1.50354852 -0.30018846 -4.83209145  2.69519142  1.39362867] -219.84677772480666
[-0.87165314  1.52697935 -0.34234875 -4.81832831  2.70039934  1.41493462] -219.85044074824032
[-0.83050333  1.59652408 -0.18366525 -4.82211366  2.55940472  1.33163588] -219.84716287185825
[-0.86991951  1.55464855 -0.19583517 -4.86521187  3.00576344  1.54726839] -219.85320314704924
[-0.85896417  1.5231139  -0.29138528 -4.84086536  2.79873783  1.43286114] -219.83426148002025
[-0.85727143  1.48405753 -0.32520604 -4.86174023  2.93251942  1.48288067] -219.8329141927624
[-0.86399573  1.42385369 -0.27628653 -4.87404782  3.16519613  1.52992277] -219.83064797131132
[-0.86734039  1.31259079 -0.28421309 -4.91612926  3.56946063  1.64611389] -219.8386363493177
[-0.79720774  1.48492903 -0.27826061 -4.89886507  3.01384676  1.58804872] -219.8338915011388
[-0.81212071  1.45198218 -0.37281671 -4.83718364  2.68308916  1.36641539] -219.84765186079582
[-0.79054295  1.45465233 -0.23645912 -4.89035231  2.98268319  1.48257608] -219.82175178665858
[-0.74998785  1.41848881 -0.1835143  -4.92636431  3.12382511  1.51639681] -219.8241687244606
[-0.84288278  1.53053954 -0.16053862 -4.88921987  3.09985806  1.56981554] -219.84039474942094
[-0.82862665  1.3640028  -0.3419812  -4.92665859  3.4036936   1.68398827] -219.83663600816664
[-0.83468646  1.41046313 -0.23938892 -4.94820319  3.5040743   1.71878201] -219.81495360158317
[-0.83928504  1.36392043 -0.20898915 -5.00625906  3.90851574  1.88135868] -219.82027074035588
[-0.81456087  1.34344662 -0.40532218 -4.91073587  3.23414641  1.59225063] -219.8500284239588
[-0.8358023   1.48376631 -0.22173451 -4.89459887  3.13343014  1.57542431] -219.82494599256094
[-0.83120889  1.54990454 -0.18379737 -4.86261058  2.84022305  1.44188992] -219.82608292489917
[-0.87396151  1.45063682 -0.21603021 -4.87831926  3.17219531  1.48910987] -219.81926418742304
[-0.81946118  1.44036807 -0.13269285 -4.92097044  3.33341462  1.59635432] -219.82641370775733
[-0.79789203  1.50607671 -0.1337478  -4.92430373  3.15681074  1.57145607] -219.81509670555974
[-0.83523686  1.5114652  -0.27769313 -4.8784922   2.92972429  1.49672511] -219.8290703956943
[-0.8234051   1.45814236 -0.16894292 -4.91035088  3.23249204  1.57144701] -219.8173477062111
[-0.8208879   1.37134134 -0.22163712 -4.9527655   3.5536722   1.6943752 ] -219.81378771445796
[-0.8157274   1.28205974 -0.240557   -4.99784297  3.91039677  1.82061784] -219.82703990393227
[-0.81132301  1.40000458 -0.18366752 -4.94016609  3.40054578  1.6004911 ] -219.80929503486084
[-0.79908337  1.35812371 -0.16463402 -4.9629497   3.5341036   1.6130245 ] -219.8178868354367
[-0.86350906  1.41090265 -0.15134571 -4.96101724  3.69058027  1.73264434] -219.80935092557235
[-0.77660635  1.40167343 -0.15021312 -5.00061628  3.67386313  1.80728871] -219.82164039193054
[-0.84962272  1.43839597 -0.19957594 -4.90889351  3.29761227  1.56865458] -219.81100932203202
[-0.83590196  1.38758577 -0.20751142 -4.96809887  3.63527315  1.72402075] -219.8129590670781
[-0.874085    1.30015444 -0.26729441 -4.9687444   3.87044191  1.77486659] -219.82263824744425
[-0.81694028  1.45459614 -0.16713445 -4.9354139   3.33521854  1.6223087 ] -219.80927073379425
[-0.83137518  1.41047902 -0.13756847 -4.94058185  3.4668931   1.59538288] -219.80807523105875
[-0.82971954  1.41048697 -0.08665825 -4.93677118  3.4483025   1.53368332] -219.8160787782163
[-0.84866951  1.4626467  -0.12729738 -4.93195832  3.38836884  1.58679225] -219.8173021651073
[-0.8278333   1.39416768 -0.19805219 -4.94756371  3.51234636  1.66747946] -219.80853160820945
[-0.83096589  1.44859625 -0.13827001 -4.90977989  3.26579229  1.5382996 ] -219.81305626991218
[-0.83466794  1.40283839 -0.19020107 -4.95351913  3.54290293  1.67759046] -219.8086220195766
[-0.8122602   1.38593351 -0.14308053 -4.98386045  3.68521673  1.72997774] -219.80834141869684
[-0.78129091  1.40510379 -0.1885557  -4.93935114  3.29046088  1.56509911] -219.8151313300814
[-0.84295452  1.40945293 -0.16064821 -4.95560071  3.59055042  1.69075803] -219.8065509903882
[-0.84402079  1.41915131 -0.14856079 -4.96534716  3.64383024  1.72734132] -219.80773036613812
[-0.84743037  1.35274481 -0.15890263 -4.98007711  3.81202806  1.7405346 ] -219.80802518053386
[-0.83395685  1.3878047  -0.12540321 -4.97082454  3.69405203  1.70623421] -219.8059433073412
[-0.8336013   1.38028786 -0.09300428 -4.97947724  3.76962659  1.72055609] -219.80711733701332
[-0.84283267  1.39435442 -0.09333576 -4.98453357  3.78517717  1.72926347] -219.80914281414516
[-0.83158314  1.39421436 -0.17187308 -4.95680617  3.58055406  1.68292546] -219.80670116917668
[-0.86484675  1.40534887 -0.15790493 -4.93921872  3.57741925  1.6510811 ] -219.80835530558466
[-0.82540684  1.39078735 -0.14678663 -4.97270002  3.65826736  1.71025358] -219.80666884645012
[-0.84374233  1.37423947 -0.16648971 -4.99320339  3.85953429  1.82396619] -219.81170070010117
[-0.83446697  1.40141913 -0.14479878 -4.95373723  3.5650534   1.65252871] -219.80620948510185
[-0.823366    1.44819846 -0.14045427 -4.94492817  3.43207445  1.64947917] -219.8084100351658
[-0.84141428  1.37660822 -0.15429054 -4.97128987  3.71703965  1.71777074] -219.8066874486668
[-0.82590674  1.36761092 -0.15270603 -4.96163902  3.6246754   1.65948226] -219.8066976996514
[-0.83645226  1.38368006 -0.12300472 -4.97179096  3.70265869  1.69608371] -219.80649761253443
[-0.84564383  1.41563988 -0.13227133 -4.97034209  3.68453179  1.73172741] -219.80755285730586
[-0.83084101  1.37961816 -0.14759736 -4.96381479  3.6396395   1.67754354] -219.80611951573883
[-0.82661187  1.40764589 -0.12845576 -4.95819955  3.56636748  1.66002985] -219.80631919851925
[-0.84302099  1.39908628 -0.12984938 -4.9519559   3.59450648  1.65080578] -219.8058674139767
[-0.85182806  1.40323574 -0.12138075 -4.94158385  3.56262605  1.62108188] -219.80723411905416
[-0.82549546  1.37696514 -0.10572153 -4.96784028  3.66354211  1.6569839 ] -219.80679984445246
[-0.83858976  1.40133099 -0.14691654 -4.9586606   3.60879834  1.6823145 ] -219.80613083572695
[-0.83271022  1.40862166 -0.15133562 -4.94727324  3.52014705  1.64706848] -219.80628603286019
[-0.84458339  1.38498108 -0.1535112  -4.95722256  3.64103146  1.67880189] -219.80564280626274
[-0.85356916  1.37364868 -0.16603892 -4.95673406  3.67836345  1.68818791] -219.80667449367067
[-0.84244276  1.37612512 -0.13135653 -4.9714653   3.72754669  1.70234106] -219.806043979283
[-0.84334462  1.37489631 -0.13341262 -4.97091066  3.73680477  1.71348495] -219.80559248236867
[-0.84778345  1.3616349  -0.12771954 -4.97949738  3.82268045  1.74396307] -219.80658917937367
[-0.84080679  1.3661729  -0.12679356 -4.97007065  3.73572863  1.69408931] -219.80587125024093
[-0.85187745  1.38340397 -0.11917815 -4.96700175  3.73691719  1.70437552] -219.80634162857407
[-0.83610012  1.38056461 -0.14049255 -4.96461153  3.66395892  1.68425154] -219.8058740841707
[-0.83816149  1.38837684 -0.13846431 -4.95706665  3.62781408  1.67354817] -219.80611824714316
[-0.84137245  1.37918805 -0.13313348 -4.96786564  3.70261354  1.69514284] -219.8057647441742
[-0.84911927  1.37382504 -0.14699439 -4.95672111  3.66416257  1.66595789] -219.80626389455338
[-0.83774745  1.38430979 -0.130801   -4.96729868  3.68657967  1.69616513] -219.80574476841028
[-0.84752511  1.38231352 -0.12867453 -4.96382983  3.70179593  1.69191176] -219.80572288080035
[-0.84505788  1.40208544 -0.14300051 -4.95629045  3.61871531  1.68134814] -219.8058473299848
[-0.84352265  1.37017179 -0.1443284  -4.97585003  3.76800707  1.73481246] -219.80608091787525
[-0.8431464   1.39185765 -0.13346913 -4.95792944  3.63788163  1.67180745] -219.80544994132603
[-0.84084859  1.36376336 -0.12800015 -4.97206182  3.75018702  1.70108987] -219.80592187600877
[-0.84400556  1.39250492 -0.13925042 -4.96023329  3.65158324  1.68628357] -219.80554479478096
[-0.84541173  1.39109971 -0.13990616 -4.95794252  3.6492787   1.68434208] -219.80579605258401
[-0.84238227  1.38216596 -0.13482665 -4.96538486  3.68927983  1.69244265] -219.80542205781404
[-0.85058166  1.38526336 -0.14358051 -4.95787153  3.66621262  1.68207896] -219.80597174959755
[-0.84095601  1.38454818 -0.13399588 -4.96494189  3.6814879   1.69264359] -219.80530741474917
[-0.83861431  1.38800452 -0.14748077 -4.96171106  3.64422701  1.68657627] -219.80590531997342
[-0.84529741  1.38373627 -0.13337609 -4.96330014  3.6874037   1.69057789] -219.8055334287629
[-0.84179403  1.38492202 -0.1159324  -4.9703442   3.7204489   1.70361148] -219.80559569513193
[-0.84249137  1.38493678 -0.1253271  -4.96706379  3.70059454  1.69740908] -219.80546944941148
[-0.84274838  1.39835362 -0.1333358  -4.95537381  3.61260551  1.66356979] -219.80572846074838
[-0.84319556  1.38076064 -0.13339342 -4.96702645  3.70575495  1.70100616] -219.8054493763959
[-0.84181744  1.37683024 -0.12554567 -4.96831557  3.71588428  1.6956787 ] -219.80538204239375
[-0.83936561  1.38329688 -0.12880986 -4.96692052  3.68955734  1.69308465] -219.8058221313089
[-0.84381446  1.38362642 -0.13223453 -4.96420524  3.68794211  1.69120458] -219.80545006769705
[-0.84261268  1.38165958 -0.13916133 -4.96220402  3.67214903  1.6841853 ] -219.8053767916258
[-0.84088899  1.38231433 -0.13456283 -4.9643955   3.6795371   1.68805003] -219.80571404388624
[-0.84308309  1.3832984  -0.13281661 -4.9642528   3.68584086  1.69041594] -219.80540559534333
[-0.84153595  1.37123001 -0.13311072 -4.97277909  3.74558399  1.71365   ] -219.80592845667732
[-0.84274379  1.38670074 -0.13337953 -4.96164185  3.66480722  1.68226809] -219.80539133882544
[-0.8413362   1.38430707 -0.1331818  -4.96188722  3.66406142  1.67820526] -219.80531723267222
[-0.8418008   1.38361544 -0.13120029 -4.96236293  3.67213041  1.68202298] -219.80531317149055
[-0.84067255  1.38258869 -0.13267156 -4.96286502  3.67099923  1.68125203] -219.80567455148667
[-0.84248046  1.38312097 -0.13278035 -4.96390586  3.68213045  1.68812496] -219.80535996321163
[-0.84092407  1.37799308 -0.13190891 -4.96623064  3.69780728  1.69135218] -219.8057011176801
[-0.84228886  1.38452383 -0.13301188 -4.96278905  3.67305723  1.68453911] -219.8053423334494
[-0.84200755  1.39042812 -0.14223151 -4.95771476  3.63245454  1.67422836] -219.80537666076964
[-0.84101061  1.38852162 -0.12963924 -4.96232988  3.66295829  1.68240279] -219.80543707823028
[-0.84221216  1.38337509 -0.13678081 -4.96223549  3.66985134  1.68373967] -219.80535256191163
[-0.84168394  1.37740208 -0.12475216 -4.96832605  3.71511838  1.69553016] -219.80539002215122
[-0.84192665  1.38717161 -0.13786167 -4.96036758  3.6531205   1.67955381] -219.80533165903066
[-0.84102644  1.38605943 -0.1358971  -4.96095553  3.65577249  1.67877651] -219.80526606945475
[-0.84029943  1.38752867 -0.13745547 -4.95948036  3.6425935   1.67410228] -219.805810558801
[-0.84089949  1.3867001  -0.13160207 -4.96219924  3.66335864  1.68150741] -219.80541772821834
[-0.84188399  1.38420634 -0.13548612 -4.96222643  3.66822817  1.68318161] -219.80531449209533
[-0.84068784  1.38544553 -0.13619575 -4.96145814  3.65854306  1.68025548] -219.80580662348814
[-0.8418886   1.38475425 -0.13380784 -4.96245632  3.66942869  1.6834682 ] -219.80532054517516
[-0.84103736  1.38199197 -0.12999468 -4.96457586  3.68391586  1.68654557] -219.80529161730024
[-0.84079166  1.38348856 -0.13277745 -4.96319363  3.67243673  1.68365697] -219.8056898732828
[-0.84161437  1.38443783 -0.13355024 -4.96264065  3.6701807   1.68351539] -219.805315503564
[-0.84143679  1.38397933 -0.1335263  -4.96401388  3.67984376  1.69068995] -219.80532217653104
[-0.84136135  1.38422513 -0.13326793 -4.96241888  3.668007    1.68132643] -219.80530196396575
[-0.84107428  1.38377767 -0.13306376 -4.96318652  3.67299991  1.68465017] -219.80528222604178
[-0.84053475  1.38386627 -0.13032042 -4.96392078  3.67654302  1.68547347] -219.80567576429755
[-0.84154668  1.38412132 -0.1341947  -4.96265001  3.67030688  1.68375457] -219.80530187981256
[-0.84053324  1.3846258  -0.13560439 -4.96387997  3.67203294  1.6872093 ] -219.805845718767
[-0.84148391  1.38386803 -0.13230132 -4.96274219  3.67210604  1.68331956] -219.80528277175713
[-0.841554    1.38346634 -0.13224394 -4.96056777  3.65954816  1.67348068] -219.80532580633582
[-0.8411055   1.38427772 -0.1335579  -4.96384836  3.67600297  1.68785286] -219.80529703790052
[-0.84106338  1.38380691 -0.13306855 -4.96356727  3.67569438  1.68697331] -219.80528513965507
[-0.84071694  1.38380592 -0.1317664  -4.9636419   3.67519033  1.68561808] -219.8056785444952
[-0.84133925  1.38404247 -0.13358762 -4.96289798  3.67152775  1.68422045] -219.80529089705666
[-0.84123603  1.38357111 -0.13241311 -4.96212675  3.66800251  1.68030899] -219.80526938742543
[-0.8413704   1.38638324 -0.13678247 -4.96058289  3.65478516  1.67953743] -219.80529813800672
[-0.84112062  1.38308979 -0.13169163 -4.96357762  3.67663319  1.68479353] -219.80528070148188
[-0.84099564  1.38401518 -0.13255753 -4.96248731  3.66887509  1.68205357] -219.80525453540452
[-0.84082384  1.38400153 -0.13204248 -4.96228197  3.66754877  1.68097013] -219.80526877982308
[-0.84124893  1.38432015 -0.13290626 -4.96145803  3.66243536  1.6776608 ] -219.8052886698542
[-0.84110977  1.38393522 -0.13302798 -4.96303996  3.67237963  1.68464518] -219.80527250729068
[-0.84070368  1.38428144 -0.13391572 -4.96238238  3.66611489  1.68175643] -219.8056725946247
[-0.84128885  1.38397138 -0.13270492 -4.96265223  3.67060826  1.68292878] -219.80529047093353
[-0.84101104  1.3850373  -0.13422731 -4.96172142  3.66232379  1.68041504] -219.80527068574588
[-0.84111584  1.38379314 -0.13248532 -4.96230703  3.6684388   1.68118128] -219.80527287231024
[-0.8410527   1.3839752  -0.13279275 -4.96276364  3.67062736  1.68334938] -219.80526163806024
[-0.84105813  1.38355248 -0.13212458 -4.96303246  3.67275414  1.68342355] -219.80527229485293
[-0.84103496  1.38389642 -0.13281064 -4.96283692  3.6709375   1.68335187] -219.80526940078184
[-0.84123977  1.3839416  -0.13242942 -4.96261475  3.67049057  1.68268657] -219.80527772388342
[-0.84084966  1.38414831 -0.13323662 -4.96243484  3.66749499  1.681905  ] -219.80525389130693
[-0.8406546   1.38425166 -0.13364022 -4.96234489  3.66599721  1.68151422] -219.805672053058
[-0.84088487  1.38441515 -0.13343116 -4.96278516  3.66923216  1.68365152] -219.80525577057858
[-0.84088483  1.38494337 -0.13422743 -4.9619773   3.66374283  1.68148524] -219.80525990575325
[-0.84088985  1.38342724 -0.13212473 -4.96337364  3.67464619  1.68485049] -219.80528491769624
[-0.84098074  1.38463479 -0.13370167 -4.96213447  3.66540439  1.6815239 ] -219.8052720968314
[-0.84092265  1.38408174 -0.13289708 -4.96246108  3.66818504  1.68197929] -219.80525609796004
[-0.84086727  1.38428173 -0.13333389 -4.96261     3.66836358  1.68277826] -219.80526004994073
[-0.84086724  1.38454584 -0.13373203 -4.96220607  3.66561891  1.68169512] -219.80525725146103
[-0.84095118  1.38406175 -0.13301469 -4.96259924  3.66906118  1.68262719] -219.80526699083055
[-0.84094231  1.38402236 -0.13302363 -4.96263588  3.66921625  1.68262844] -219.8052645448008
[-0.84093035  1.38459281 -0.13373197 -4.96207813  3.66490939  1.68116002] -219.80526276668363
[-0.84084198  1.38449584 -0.13363705 -4.96220943  3.66553488  1.68142152] -219.80525771888816
[-0.84081741  1.38469306 -0.13383258 -4.96203064  3.66415268  1.68101797] -219.80529305325874
[-0.84091108  1.38419004 -0.13322587 -4.96248457  3.66795036  1.68222582] -219.8052605124691
[-0.84082295  1.38398836 -0.13295554 -4.96272387  3.66947319  1.68284165] -219.80539937845293
[-0.8409035   1.38444169 -0.13353786 -4.96223956  3.66605034  1.68158043] -219.80525933223134
[-0.84083968  1.38447501 -0.13356564 -4.96223576  3.66579889  1.68156072] -219.80526606292753
[-0.84089323  1.38426128 -0.13331081 -4.96242237  3.66741249  1.68205954] -219.80525914187677
[-0.84089216  1.3843765  -0.13344993 -4.96204778  3.66506864  1.6807687 ] -219.80525531699658
[-0.84085214  1.38419481 -0.13321664 -4.96235429  3.66705464  1.68169596] -219.8052689399195
[-0.84089066  1.38437997 -0.13345756 -4.96226825  3.66630142  1.68160931] -219.80527172643926
[-0.84087091  1.38426241 -0.13334327 -4.96224131  3.66628182  1.68133685] -219.80526711260964
[-0.84088616  1.38411502 -0.13306685 -4.96244796  3.66784002  1.68194214] -219.80525906394809
[-0.84085845  1.38434707 -0.13348433 -4.96232046  3.66655695  1.68180006] -219.80526750457696
[-0.84084582  1.38432207 -0.13343684 -4.96232213  3.66651494  1.68166326] -219.80526464694924
[-0.84087145  1.38420479 -0.13327372 -4.9624286   3.66745374  1.68198227] -219.80527308726434
[-0.84087658  1.384295   -0.13338724 -4.9623372   3.66677267  1.68174271] -219.80526563859993
[-0.84085774  1.38429183 -0.133378   -4.9622727   3.66636672  1.68148107] -219.80526723514197
[-0.8408705   1.38413114 -0.13313195 -4.96236493  3.6672001   1.68155695] -219.80527004769255
[-0.84086147  1.38429309 -0.13339623 -4.96233157  3.66671774  1.68173928] -219.80525360407424
[-0.84087245  1.3841868  -0.13324435 -4.96243231  3.66750734  1.68196201] -219.80524954294188
[-0.84087981  1.38413428 -0.13317753 -4.96251212  3.66807765  1.68220248] -219.80526657679346
[-0.8408598   1.38419103 -0.13324611 -4.96252736  3.66800075  1.68231462] -219.80526387256103
[-0.84084854  1.38412377 -0.13315509 -4.96249486  3.66791926  1.68209939] -219.8052587063398
[-0.84088021  1.3840306  -0.13301158 -4.9625675   3.66864509  1.68232422] -219.80526557272572
[-0.84085442  1.38424921 -0.13333052 -4.96238348  3.66704748  1.6818285 ] -219.80526758539594
[-0.84086696  1.38423994 -0.13332029 -4.96238194  3.66711254  1.68185065] -219.8052581888444
[-0.84086106  1.38416755 -0.13324049 -4.96243358  3.66750117  1.68193351] -219.80525600119236
[-0.8408605   1.38415529 -0.13319972 -4.96246358  3.6677133   1.6820307 ] -219.8052527791566
[-0.8408793   1.38415091 -0.1331556  -4.96244013  3.66767368  1.68195208] -219.80526265518992
[-0.84086613  1.38418891 -0.13324523 -4.96247984  3.66775404  1.68213832] -219.80527606833394
[-0.84085914  1.38425444 -0.1333406  -4.96237722  3.66701114  1.68181264] -219.80526881735747
[-0.84086701  1.38419606 -0.13325512 -4.96236309  3.66708568  1.68170888] -219.8052659346719
[-0.84087662  1.38411108 -0.13313126 -4.96246099  3.66785343  1.68199997] -219.80526603871462
[-0.84087225  1.38414692 -0.1331836  -4.96244005  3.66764286  1.68195314] -219.80527450333577
[-0.84086647  1.38417104 -0.13322204 -4.96244795  3.66761032  1.68199636] -219.80525229266735
[-0.84086675  1.38417718 -0.13324242 -4.96243294  3.66750425  1.68194776] -219.8052596835199
[-0.84086971  1.38421337 -0.13328232 -4.96240713  3.66730994  1.68190633] -219.80526508373978
[-0.84087588  1.38416886 -0.13319998 -4.96243622  3.66759051  1.68195705] -219.80526245312535
[-0.84086973  1.38419143 -0.13324974 -4.9623977   3.66729651  1.68183545] -219.8052657267725
[-0.84086579  1.38422062 -0.13329247 -4.96240477  3.66725924  1.68188732] -219.80527425698656
[-0.84087454  1.38414894 -0.13318781 -4.96244665  3.66768038  1.68198099] -219.80525692534647
[-0.8408722   1.38416396 -0.1332099  -4.96247003  3.66777107  1.68208139] -219.80527475586405
[-0.84087035  1.38418456 -0.13323978 -4.96241578  3.66741515  1.68189693] -219.80526580679515
[-0.84086946  1.38417892 -0.1332332  -4.96244013  3.66755883  1.68197919] -219.80526568768158
[-0.84087349  1.38416787 -0.13321608 -4.96243948  3.66759386  1.6819715 ] -219.80526423727065
[-0.8408696   1.38418199 -0.13324339 -4.96243263  3.6675058   1.68195489] -219.8052732023399
[-0.84087416  1.38417783 -0.13322217 -4.96243427  3.66754892  1.68195953] -219.8052596277785
[-0.84087108  1.38420009 -0.13326334 -4.96241972  3.66740864  1.68193417] -219.80527267980986
[-0.84087109  1.38418912 -0.13324705 -4.962415    3.66740192  1.68189873] -219.8052716282854
[-0.84087431  1.38418489 -0.13323201 -4.96242768  3.66750071  1.68194682] -219.8052602657389
[-0.84087391  1.38416172 -0.13320161 -4.96244324  3.66762856  1.68197176] -219.80525742998068
[-0.84087484  1.38416356 -0.13320276 -4.96245736  3.66771082  1.68203154] -219.80525680808125
[-0.84087826  1.38416863 -0.13320646 -4.96243798  3.66760457  1.68196854] -219.805271170523
[-0.84087166  1.38417635 -0.13322651 -4.96243959  3.66757026  1.68197652] -219.80527285099345
[-0.84087365  1.38417518 -0.13322356 -4.96244484  3.66760908  1.68199678] -219.8052717761473
[-0.84087318  1.38417426 -0.13322298 -4.96243777  3.66756795  1.68196688] -219.80525835420906
[-0.84087331  1.38418231 -0.13323326 -4.96243329  3.66752813  1.68196077] -219.80525388119412
[-0.84087338  1.38418584 -0.13323818 -4.96242999  3.66750402  1.68195442] -219.80525455441696
[-0.84087297  1.38417733 -0.13323022 -4.96243589  3.6675506   1.68196676] -219.8052558693324
[-0.84087096  1.38418286 -0.13323877 -4.96243622  3.66753308  1.6819706 ] -219.805267144664
[-0.84087177  1.38418796 -0.1332457  -4.96242366  3.66745463  1.68193037] -219.8052710709513
[-0.84087224  1.38418476 -0.13324016 -4.96242895  3.66749324  1.68194697] -219.8052699231285
