[ 2.60503005 -0.43853663  1.70115993 -0.99872703 -0.53410844  0.0705964 ] -256.77485978629716
[ 0.46189257 -0.624362   -0.01387475 -1.11364269  0.26740155 -0.75611189] -255.55976161277508
[ 1.3634021  -1.45256706  0.32998118  0.04301091  0.25036753  0.34585181] -243.76237640192784
[-0.69422933  0.85110189 -1.32549661  0.50883646  0.90047805 -1.45167998] -247.69261251341413
[ 1.02118582  0.86056804 -1.73072756 -1.36743821  0.66031197  0.17456335] -247.6574319835269
[ 0.97000729 -0.55998246 -0.86123056 -0.8418004  -0.93606156  1.42815946] -263.21595780637614
[1.00099591 0.14059753 0.73331042 1.86522367 0.44952707 0.49312487] -232.69103570161778
[ 0.94941841  0.33891639  0.75934809  0.48755477  1.6007208  -1.80271127] -235.68580277810042
[-1.23747489  0.47662156 -2.11697968  1.13990867  1.91037743 -1.06958411] -255.8440780062167
[-0.27684866  0.24783201 -1.16244477  0.60524975  1.29925596 -0.78453898] -242.48294211260577
[ 0.65941551  0.95317827 -0.78480167  1.82778847  1.45281891 -0.25235151] -228.53918931669256
[ 7.58176972e-01  1.74194840e+00 -1.17026512e+00  3.29850405e+00
  2.04552759e+00 -4.71326441e-04] -229.23667449725346
[ 2.26675236 -0.48826016  0.70705184  0.64495999  1.00385603  0.84299273] -230.5536216916505
[ 0.96652606 -0.94733571  1.92487592  3.19203407  1.35853679 -0.5604408 ] -235.30575886792775
[ 0.49201776  1.53420983  0.39579876  2.83125933  2.137871   -1.0338268 ] -232.3801217543746
[2.38855732 0.26260337 2.40763923 3.01102369 1.36852091 0.01346805] -226.46837798139268
[3.72126031 0.26998905 4.19268123 4.21391066 1.40315338 0.41247156] -250.358959360099
[1.64200323 0.14608132 1.03527674 3.96987497 0.9896561  1.63703345] -238.59560737016474
[ 1.12256462  0.29070762  0.82833025  1.35813482  1.44795463 -0.94277509] -228.96112402049587
[ 1.67690844  1.84501453 -0.49576631  0.65409592  1.26164605  0.26731822] -225.74903848924205
[ 2.03209962  3.24118965 -1.70608743 -0.61487315  1.21320068  0.68119773] -234.8172942222515
[ 1.86774276  1.32522029  0.28610695  1.57719706  2.4413621  -0.86151634] -223.37117559414148
[ 2.30111619  1.91753167  0.06250522  1.43318376  3.43727962 -1.53883694] -230.2223098005767
[ 2.8352959  -0.13805519  0.58705467  0.19314066  0.85418188  0.72287215] -232.71441360045185
[ 1.0778373   1.11614357  0.44361274  2.17172966  1.81694872 -0.59465206] -225.3447879836825
[ 0.66425629  2.41921605  0.18798856  2.88836322  2.25922774 -1.63316231] -233.1053685177548
[1.86612834 0.23860889 0.57728602 1.2058108  1.31769896 0.22395397] -225.09028162716362
[ 2.05629861  1.62288202 -0.01697127  2.12441371  1.77171059  0.5415152 ] -217.96563638356056
[ 2.5231656   2.28896922 -0.43962203  2.50755316  1.93358857  1.28366035] -215.61036558354718
[3.14069775 1.40567502 1.71122053 1.88134829 1.92710286 0.36309558] -217.1707080976469
[ 1.66226941  2.47727381 -1.71335993  0.32155461  2.19759485  0.21381852] -233.5929594946253
[2.20698534 0.81627098 1.37738944 2.33865642 1.57578939 0.06355567] -220.2446410852243
[ 2.5506106   0.55194813  1.81443086  3.24000254  2.40918415 -0.1079525 ] -218.0318642575073
[3.64060617 1.09275393 1.33199119 2.07845977 2.0512933  0.91625097] -215.7693493263671
[3.44380773 2.25500363 1.4498863  3.33526162 2.7950745  0.32841061] -214.66557401392606
[4.23264743 3.26320101 1.88618644 4.39998703 3.53376227 0.38063892] -229.22268548031036
[3.9675483  1.47832002 2.12899181 3.54989687 1.78931549 1.81052323] -225.64471690397627
[ 2.39269415  1.36349522  0.74682817  2.07037202  2.27835045 -0.19350645] -217.37459205790077
[3.69020866 2.16967741 0.82752223 2.69900938 2.88907522 0.79976385] -211.25631372072777
[4.43182031 2.84638062 0.55258863 2.87918586 3.54571813 1.16786795] -210.25797193301494
[ 3.97365331  3.19881109 -0.03013327  1.67739103  2.43452512  1.3965455 ] -215.55947963743833
[4.65855614 2.99903596 0.77848228 2.71602789 2.61741704 2.01211676] -214.1844332977717
[ 4.41650534  3.48797646 -0.49682283  3.18327815  3.19876936  2.00518847] -213.009535534845
[ 4.17522998  4.59930506 -0.72719816  3.35443947  3.45707095  1.81501224] -215.70127340167096
[ 4.04157402  3.72266728 -0.21240082  3.03544454  3.10562653  1.59032192] -212.435772338872
[5.79880668 3.88098913 1.12015546 3.10130987 3.96545499 1.54982338] -215.33863355061928
[4.95670344 3.19853994 1.09409627 4.40611162 3.9748284  1.48803086] -222.5973972537568
[4.21941584 3.1987433  0.25092412 2.35957118 2.81960094 1.41941684] -212.36625381323637
[ 2.60508645  2.28894663 -0.34593623  2.73494654  2.06194718  1.29128413] -215.1866026166219
[3.40351651 2.68695725 0.02058669 2.82653738 2.53782413 1.35591894] -212.3431777736166
[ 4.94665499  4.05891666 -1.15210028  2.33142005  3.14657755  2.85519969] -217.4919240228338
[3.81951955 2.70598189 0.79938965 3.08430123 2.88295026 0.96010788] -212.01154030862665
[ 3.45222771  3.21719965 -0.47372714  3.07341155  3.41274608  0.8208239 ] -210.88126167236447
[3.37285264 2.6380002  0.80927654 2.56953909 2.90271933 0.43296401] -212.062157843813
[3.52487683 2.04175369 0.86541365 2.56207088 2.92822642 0.46204458] -211.92480182126909
[3.11552201 2.18001447 0.60691856 3.30544415 3.25046051 0.31382558] -211.6573502910217
[3.83542318 2.52281959 1.03269994 2.99811355 3.76978278 0.02995902] -210.7397554945309
[4.02027722 2.5333831  0.31848456 3.39796998 3.69390873 0.81857896] -209.4104117042564
[4.34398951 2.48107455 0.07308857 3.81218542 4.08950343 1.01138644] -209.5395010574502
[3.64052954 2.40786848 0.16806975 2.9877641  3.98399729 0.24425879] -211.24248523829306
[ 3.97372316  3.19413495 -0.13040222  3.65189218  4.29064475  0.66972682] -209.5548318241767
[ 4.66914503  3.39391433 -0.11768072  3.02400159  4.31513874  0.93657957] -210.73614416517157
[4.48700933 3.49474226 0.22591794 3.3537608  3.69198245 1.23691995] -211.27228741798788
[3.85214949 2.67958693 0.18253179 3.07926328 3.91099358 0.49242408] -209.95843551926077
[4.80861842 2.50620686 1.0864678  3.27006393 4.42931616 0.55088823] -209.97820015684957
[ 4.74982137  3.19504934 -0.40203666  3.43601206  4.29212392  1.51539618] -210.01004980236166
[3.94299162 2.25766627 0.65355869 3.54746084 3.73909635 0.8017145 ] -209.41378582510012
[4.01737345 2.60896186 0.01694602 3.91503489 4.57297636 0.44837498] -209.02090668622577
[ 3.81015002  2.49025247 -0.25087528  4.43295941  5.08660548  0.0886285 ] -210.5068115879582
[ 3.45522309  2.06493065  1.11123221  3.51788298  3.92018806 -0.25482699] -211.17857404698083
[ 4.4261718   2.91251967 -0.02371944  3.45647979  4.19913995  1.07284039] -209.06680961180402
[ 3.26894383  2.88921073 -0.74733467  3.74596973  3.70627041  0.88366501] -211.6530157415471
[4.42369977 2.60195783 0.62801718 3.38904038 4.24855472 0.63408243] -209.05074580256377
[4.41592952 2.68995429 0.30509647 4.04002941 4.33711338 0.98934861] -210.2014333262756
[3.9930945  2.68217877 0.21317296 3.31945481 4.01752353 0.61665521] -209.19669593150374
[4.30081296 2.00475422 0.73255554 3.35658805 3.8664218  0.79435534] -209.20123388620644
[ 4.45081827  2.85691888 -0.02507308  3.39739512  4.46041202  0.6599146 ] -209.32513149688373
[4.51704636 2.6890473  0.19548184 3.54669437 4.76110073 0.59016202] -209.1543691296113
[4.10858134 2.30955433 0.61255778 3.59703564 4.09482701 0.72557552] -208.8004678512292
[3.93746287 2.03587206 0.93137321 3.69685589 3.91203451 0.75840598] -209.33076659784797
[ 4.19450945  3.26331904 -0.1850701   3.71799191  4.7649523   0.56820818] -209.26621338712476
[4.27423708 2.31939542 0.50314913 3.44693901 4.09105442 0.73781855] -208.8656065416146
[4.5959421  2.4649667  0.43097121 3.79761988 4.63836087 0.78629608] -208.58058996962703
[4.8973659  2.35636067 0.53987033 4.03670242 4.94877955 0.87111651] -208.8472786568921
[4.09828882 2.38340463 0.52715879 3.65402216 3.85387039 0.8781673 ] -209.42860836956555
[4.41235697 2.61263664 0.27840108 3.57352632 4.53429314 0.66216334] -208.7666895520741
[4.18455844 2.05997126 0.84706691 3.78325225 4.52754889 0.25859658] -208.92900980166837
[4.10731669 2.18987091 0.26834686 3.98209562 4.57113218 0.57219259] -208.60780876796477
[4.54362409 2.0431699  0.9632183  3.47845468 4.24609581 0.79917257] -209.04997029444255
[4.14893611 2.46751387 0.25351409 3.80588984 4.49125622 0.53607438] -208.68455605960557
[ 4.36456499  2.72800803 -0.06475353  3.61778318  4.27942573  1.08144357] -208.8076086866422
[4.30499565 2.60478807 0.08986336 4.01104448 4.77871063 0.71676328] -208.61937785874835
[4.1948113  2.15510214 0.70930499 3.97128741 4.75676763 0.25157815] -208.8304160608872
[4.32212657 2.58478156 0.1287611  3.70615924 4.3987612  0.87397722] -208.5959452932504
[ 4.52197669  2.66529825 -0.12927188  4.02840949  5.04267774  0.65691344] -208.75889404061033
[4.25474096 2.37976982 0.06899384 4.20354653 4.77267314 0.71857566] -208.9598718840985
[4.37295297 2.55441993 0.22604927 3.73103137 4.59388814 0.67626642] -208.56791725659338
[4.09544667 2.29014877 0.59510718 3.64953732 4.11469201 0.73027655] -208.7949462536284
[4.41534419 2.57151088 0.05182289 3.93369145 4.81068131 0.67525422] -208.57651824089115
[4.55728995 2.52259882 0.1450908  3.91465751 4.77258855 0.89750889] -208.4818676259876
[4.76146687 2.55014129 0.09087916 3.96904134 4.91325472 1.07822615] -208.63221322250564
[4.4853285  2.35792819 0.32715068 3.67737387 4.48309346 0.77706853] -208.60529683797654
[4.8090114  2.82886445 0.16826845 3.60474882 4.66132566 0.98993119] -209.11127308046662
[4.28274037 2.34961929 0.24332726 3.88775892 4.59368055 0.67662724] -208.4793488490954
[4.36347021 2.65803753 0.0815235  3.97959891 4.78622675 0.75157483] -208.60515916778408
[4.39393479 2.5830102  0.14293029 3.90404265 4.71044343 0.75794825] -208.5252625667644
[4.55060822 2.43059371 0.28463614 4.01677469 4.97445308 0.61598981] -208.51844321111346
[ 4.26168139  2.53895091 -0.06635233  3.99836565  4.84688415  0.6469022 ] -208.57579282682804
[4.39105837 2.42155341 0.27340426 3.88385215 4.68663133 0.74849339] -208.40208810686926
[4.37891547 2.34657468 0.38419494 3.8589325  4.62460634 0.78511297] -208.35436309857405
[4.58379919 2.38998797 0.5417619  3.77270023 4.57633588 0.82291567] -208.543137224494
[4.54280969 2.31970829 0.35459784 4.05392413 4.82348114 0.84243453] -208.43653285271873
[ 4.3183003   2.4607137  -0.0235028   4.10599657  4.92341515  0.70229157] -208.5405633942616
[4.38467502 2.44303226 0.11781337 4.02267248 4.83664533 0.73244759] -208.4536091603605
[4.50507812 2.22103215 0.3669565  4.01419742 4.83137491 0.75875876] -208.3496469608714
[4.56064978 2.04004313 0.4789696  4.0692748  4.89184064 0.75916401] -208.33690833629993
[4.35175187 2.24326511 0.29002847 3.91896543 4.53982777 0.94844193] -208.34250627909964
[4.27655745 2.05814877 0.47788636 4.02251858 4.66410537 0.68390053] -208.39854874154494
[4.54904606 2.13397146 0.45783627 4.09433705 4.86648831 0.90720662] -208.26498613146322
[4.68219891 2.02614754 0.56509077 4.19762612 5.0028922  1.0224963 ] -208.27505343741657
[4.50190175 1.93753822 0.69669112 3.98331168 4.63347119 0.90963927] -208.34306739282485
[4.33013111 1.93347217 0.57393774 3.92852255 4.58329874 0.82205392] -208.29339060934518
[4.61424123 2.15347281 0.48266636 3.92859609 4.71573896 1.02663904] -208.2984277599594
[4.59032514 1.80067962 0.60918157 4.11540337 4.78561553 1.00593529] -208.31572761856165
[4.49681331 2.16409655 0.26751555 4.03505475 4.82746546 0.91350766] -208.24340733639644
[4.49426909 2.27737571 0.05292776 4.06092629 4.92446259 0.91544186] -208.29850306915677
[4.695317   1.83198013 0.66667389 4.13809744 5.01698811 0.86306025] -208.34071888940912
[4.60942572 1.93480138 0.57251254 4.08331444 4.89769803 0.88440567] -208.27214328150714
[4.50267774 2.00012153 0.50891375 3.99246795 4.6669277  1.09408539] -208.18923045259177
[4.47369171 1.98016073 0.52388582 3.95406452 4.55447123 1.26154607] -208.1867005601701
[4.43412458 2.29931207 0.35026985 3.89255976 4.69610471 0.9325177 ] -208.2238390850904
[4.3501696  1.99513197 0.4326529  4.06735494 4.75943653 0.88044018] -208.18327409557463
[4.21813379 1.91596155 0.40764617 4.13673436 4.78128532 0.80734074] -208.250766159227
[4.64095922 2.23568589 0.29428656 4.11370594 4.95058935 1.10448738] -208.2342389577329
[4.37217577 2.33465151 0.20296978 3.96904455 4.65382051 1.1154962 ] -208.20489822945314
[4.37359867 2.20237478 0.23269055 3.91625777 4.61414095 1.16212512] -208.1406569325099
[4.28587498 2.23657644 0.12011769 3.82721813 4.48796727 1.28958437] -208.19814264941826
[4.38475988 2.1850091  0.41140294 3.93594107 4.58205564 1.23869656] -208.11260522640598
[4.32873316 2.19546538 0.48334664 3.88638424 4.45935072 1.401291  ] -208.14575814640227
[4.15521418 2.0965275  0.42367072 3.79803493 4.33608717 1.09245323] -208.2876824753013
[4.51952296 2.20089629 0.3266326  4.03478819 4.79696381 1.10147884] -208.15251380697387
[4.39051496 2.00009605 0.35980835 4.06659058 4.62419151 1.32074329] -208.13104759583106
[4.45857682 1.85323813 0.55938794 4.02262114 4.65659938 1.20618048] -208.12018194488178
[4.35202258 2.16542138 0.25030594 4.06045337 4.78999138 1.04167541] -208.0977581656892
[4.29118802 2.25805171 0.113516   4.1136478  4.90775145 0.93174008] -208.17021734298757
[4.47616235 2.20721327 0.28075654 3.94486244 4.59521102 1.47652639] -208.1392398757056
[4.29235546 2.00355462 0.37148482 3.94745394 4.49043282 1.38050357] -208.11409776924643
[4.41119868 1.93580274 0.51169163 4.07638308 4.63201963 1.39265012] -208.09259566592675
[4.42999868 1.80251671 0.65119216 4.15644574 4.64095897 1.50791261] -208.16725014912188
[4.28698044 1.84049406 0.540604   4.09161862 4.6632191  1.05029008] -208.1552810902791
[4.42886688 2.11553347 0.34571841 3.98155148 4.61221304 1.36996731] -208.09308949715304
[4.38541181 2.08609043 0.45685554 3.94154412 4.63024578 1.2224812 ] -208.05960647286832
[4.38286023 2.12908762 0.50537914 3.87902089 4.63327292 1.17335015] -208.08801729645046
[4.29296161 2.31056578 0.22309849 3.95848788 4.58905338 1.34247757] -208.11045678407947
[4.45938502 2.26258635 0.3615395  4.03733307 4.78809346 1.15547915] -208.08094908108203
[4.39185564 2.10699095 0.30500023 4.08264326 4.76514992 1.26954703] -208.01695138207143
[4.39540353 2.06798188 0.25179887 4.15599436 4.85669706 1.28497227] -207.99395859472062
[4.51780122 1.90057297 0.50287148 4.12593194 4.84736674 1.14659758] -208.07092766590148
[4.51399979 1.95743456 0.55985253 4.04579264 4.66555387 1.4823738 ] -208.0744763398749
[4.46553314 1.95462283 0.53581811 4.14610825 4.86111248 1.19155072] -208.00304354690786
[4.50131283 2.14062694 0.37788705 4.07451838 4.91767017 1.10183479] -208.02443506249568
[4.46710242 1.77319018 0.53348836 4.1259635  4.80478857 1.3211243 ] -208.00975688736406
[4.39685519 2.01692718 0.32638727 4.14422754 4.97373974 0.94047982] -208.07148000608876
[4.42614134 2.00205403 0.38475359 4.11961882 4.89669327 1.07595332] -208.01544764802927
[4.36250047 2.10761579 0.3439957  4.06198386 4.80836904 1.25270795] -207.95632997376583
[4.28485009 2.21113721 0.26455781 4.03000982 4.78887018 1.30576314] -207.96514642886578
[4.48725277 1.92927345 0.35239168 4.28651827 5.08486441 1.18689992] -207.9770977823194
[4.36666506 1.80428579 0.42286172 4.22421064 4.85317144 1.33590137] -207.98159754453047
[4.42201112 1.87693595 0.42869789 4.21397414 4.85964106 1.44843219] -207.95067685465634
[4.41994601 1.81437691 0.45067004 4.2611518  4.84111496 1.63467163] -207.99164716168934
[4.36601961 2.14038172 0.24503296 4.23696634 4.96982993 1.24569718] -208.00373398944063
[4.39129031 2.04858383 0.31714681 4.20921563 4.92856959 1.26455396] -207.9662336294495
[4.34284128 1.9902694  0.16981278 4.23785738 4.93599172 1.39960517] -207.95230129603863
[4.39545014 1.8510062  0.42650332 4.25525895 4.96683869 1.34439458] -207.91444237846866
[4.39547345 1.74251836 0.51385555 4.30489125 5.0219095  1.37410574] -207.9121402949267
[4.4337914  2.09411314 0.28577175 4.21393621 5.02661033 1.30620027] -207.90104464713502
[4.46735457 2.23902682 0.21722676 4.20879899 5.11332978 1.29134972] -207.9128558388969
[4.29538324 2.02407204 0.33403514 4.12743455 4.77549934 1.49496851] -207.93557796724974
[4.35937667 1.89659106 0.37490946 4.17747683 4.88077075 1.49411932] -207.89470357270338
[4.34341986 1.82059468 0.40379079 4.16160744 4.85687132 1.608902  ] -207.92322856685587
[4.38712525 1.76721752 0.35836516 4.36320626 5.0251052  1.58643578] -207.9267870884908
[4.42154577 1.81021329 0.59539887 4.2291157  4.92718701 1.50181544] -207.89210998983432
[4.46089801 1.72018524 0.80819192 4.22474486 4.92278465 1.55292058] -207.948389427335
[4.34222081 1.90130585 0.39208075 4.25804613 5.02605298 1.47078283] -207.8579581346944
[4.30232565 1.9134908  0.37377219 4.28008212 5.10925894 1.48195814] -207.8739762460778
[4.48446121 1.7132477  0.50609203 4.3881229  5.19371258 1.41618462] -207.88307876827182
[4.42516451 1.95211228 0.53100431 4.16065675 5.00030918 1.26796696] -207.88758936892154
[4.42671334 2.04667609 0.38123018 4.17089359 4.99630477 1.44491741] -207.8467557009475
[4.44233329 2.19875495 0.31491749 4.10389476 4.98350241 1.48032324] -207.86892343834458
[4.38603604 1.67926895 0.64113346 4.2475011  4.98150209 1.55906192] -207.92663089948036
[4.42185256 1.99040209 0.37461217 4.22232743 5.01533327 1.36941568] -207.86593202257137
[4.48127606 1.90806138 0.55189665 4.29891067 5.17219585 1.32957499] -207.84368232838995
[4.54222575 1.91379653 0.64039024 4.35962758 5.31790841 1.24730283] -207.8684497755892
[4.43901706 2.02705517 0.3169065  4.27053679 5.20744921 1.26446539] -207.87499010602167
[4.44001583 1.91013715 0.30993512 4.37562242 5.20337371 1.49714668] -207.8438846448419
[4.36590401 2.21463154 0.26946175 4.14398944 5.01319068 1.37591637] -207.87852254694107
[4.39554331 2.08928558 0.32861932 4.2050228  5.05832116 1.38598344] -207.8478496168653
[4.39685691 1.92156754 0.46255157 4.23973756 4.94974471 1.56814162] -207.86209556466304
[4.40568953 1.93527577 0.43415902 4.29375029 5.11999779 1.5294333 ] -207.8167768253766
[4.39760801 1.9077126  0.46393245 4.32946173 5.17233004 1.60944211] -207.8154411471587
[4.43093555 1.99949201 0.34667992 4.30624822 5.25978147 1.3444742 ] -207.84857999726705
[4.51514323 2.05248242 0.40201712 4.30400702 5.26138269 1.39973011] -207.81516267723651
[4.60160444 2.1280707  0.40698531 4.32698746 5.37904754 1.36420376] -207.8385845395815
[4.45449772 1.97195973 0.46586369 4.25505786 5.02818794 1.54445738] -207.83098431884972
[4.50954142 1.84305754 0.52967241 4.37296162 5.21960384 1.5557728 ] -207.81246644857197
[4.56654047 1.71994352 0.63019896 4.45693103 5.30024519 1.64066748] -207.8531072567989
[4.50598075 1.81779418 0.5265423  4.47444684 5.35605325 1.53379062] -207.82708028131637
[4.51466656 1.92355213 0.67003976 4.30265949 5.1998775  1.49377599] -207.80391706954134
[4.55199192 1.93025963 0.85009208 4.26617802 5.19812939 1.49209065] -207.84622321950968
[4.4845365  1.93079149 0.46745927 4.38062085 5.24028257 1.71608135] -207.79271033053953
[4.48616672 1.94215655 0.42524057 4.42147594 5.27432593 1.90933452] -207.82517381012093
[4.52132777 1.85317039 0.55402408 4.46632799 5.45498869 1.55840694] -207.8086472148586
[4.47496042 2.01912801 0.50250606 4.24423272 5.16010186 1.57727915] -207.7985074836182
[4.60911729 1.96634806 0.57797379 4.36080817 5.33974901 1.49090667] -207.7989204145403
[4.52290676 1.79286679 0.69854133 4.4051966  5.27681847 1.73101085] -207.82254862664857
[4.51708411 1.98757851 0.47614818 4.32930441 5.26524163 1.4825503 ] -207.78984377391043
[4.5310228  2.05046533 0.55304463 4.32168959 5.33380991 1.55056067] -207.77828188694653
[4.54176349 2.15416922 0.56473074 4.29605358 5.39091294 1.54795461] -207.80461157570514
[4.52246812 2.10611745 0.52836648 4.18011042 5.05803214 1.5453111 ] -207.812686854711
[4.52161286 1.91640716 0.54760968 4.3947736  5.35574955 1.55513298] -207.78594935326328
[4.53144477 2.03335405 0.37154077 4.37448363 5.36510068 1.63039438] -207.7854756018604
[4.4111032  2.01289346 0.39479574 4.32089343 5.23367973 1.67975961] -207.8113822757487
[4.55961377 1.97798441 0.53217927 4.35082949 5.31323169 1.5381199 ] -207.78095006903223
[4.57347785 1.94639897 0.48015454 4.47300113 5.46437015 1.58033404] -207.7925406047133
[4.59354888 2.03993798 0.51943309 4.36740643 5.4588853  1.39628275] -207.82400243579474
[4.5117896  1.95807811 0.48045272 4.37731725 5.29493325 1.6361317 ] -207.77581357327142
[4.48404478 2.02822355 0.50683721 4.24313152 5.17831875 1.55062927] -207.80006704392275
[4.55111958 1.96685512 0.48682521 4.41553373 5.3928573  1.57290785] -207.7797614442566
[4.55178368 1.98013621 0.51440258 4.41557135 5.41998583 1.67853219] -207.7732085091458
[4.56913346 1.97641507 0.53352979 4.45870482 5.49735792 1.77652314] -207.7849644572327
[4.55731187 2.07255059 0.43187205 4.35703474 5.35089    1.64708258] -207.77073183697686
[4.57516138 2.1506223  0.37400324 4.33816531 5.34846022 1.69305738] -207.78166485161896
[4.55610233 1.9686692  0.62805138 4.37150842 5.33680198 1.57738392] -207.77381604248455
[4.52676285 2.02093378 0.49937025 4.40205554 5.39652773 1.6827464 ] -207.76792021916356
[4.5103374  2.04240847 0.48296574 4.42766857 5.43817576 1.75505965] -207.78180409347502
[4.52713813 2.05008929 0.548906   4.33285857 5.3181256  1.6845713 ] -207.7693532500558
[4.54594002 1.96635374 0.48130704 4.4304257  5.37194489 1.7515887 ] -207.77686132576096
[4.54221072 1.98738163 0.49924143 4.40324167 5.36241114 1.70133169] -207.76889195786248
[4.5753136  2.06850879 0.56016185 4.38343952 5.43331418 1.687751  ] -207.76778654134068
[4.6070756  2.12372413 0.60001641 4.38650065 5.50250464 1.71356065] -207.7826859313282
[4.53740462 2.09119756 0.38993334 4.39322537 5.42361618 1.78328781] -207.78872701261037
[4.5514279  1.99930129 0.56852187 4.37693766 5.35850553 1.62885989] -207.76577545053397
[4.54160468 2.08611891 0.5216219  4.33628455 5.3199389  1.66558209] -207.76044271798153
[4.53651518 2.13911026 0.52523156 4.29664115 5.26991544 1.65910704] -207.7621823139403
[4.53084075 1.99822731 0.63406905 4.38790443 5.3787177  1.70319821] -207.774428909134
[4.55069409 2.05396977 0.4824213  4.36475216 5.35784692 1.66111149] -207.76473070313006
[4.56886649 2.0219821  0.49487353 4.4227118  5.42472254 1.65788955] -207.76654505996612
[4.56267915 2.09622325 0.54308214 4.35881874 5.40120746 1.62664845] -207.7651045555668
[4.59009911 2.08776759 0.55752395 4.3455926  5.36865077 1.62653443] -207.76347835060648
[4.54647688 2.04661218 0.49585305 4.35159299 5.31030987 1.6011243 ] -207.76569564389288
[4.54546079 2.1013489  0.56146787 4.28861443 5.28076395 1.612064  ] -207.7695363214084
[4.56301506 2.0418238  0.51152212 4.38918746 5.38873289 1.64643316] -207.76278429710075
[4.56676176 2.13820387 0.46881961 4.33847184 5.35705674 1.64695142] -207.7642209967466
[4.57847441 2.12142355 0.53247729 4.3594428  5.4208347  1.68996271] -207.76859299737222
[4.55447626 2.06531502 0.50500911 4.35355544 5.33794107 1.6233339 ] -207.7620430747142
[4.55953783 2.06150974 0.47255719 4.35046261 5.30884831 1.66333371] -207.76636977453376
[4.56189382 2.08754487 0.5254509  4.35672971 5.37811767 1.63581977] -207.76203128565177
[4.57525614 2.11495492 0.54756123 4.34185504 5.35896576 1.6204401 ] -207.75984812578187
[4.58753716 2.14544749 0.58013119 4.33040648 5.35952518 1.60010441] -207.7617755274097
[4.56201994 2.02297117 0.58741012 4.36926309 5.36039228 1.62576307] -207.7632749169797
[4.52932285 2.05180864 0.50866785 4.37003249 5.34604542 1.64592294] -207.7608378669576
[4.546503   2.12621755 0.45253424 4.34661847 5.34952162 1.65341426] -207.7632408424602
[4.55038223 2.10040596 0.48625321 4.35227963 5.35223929 1.64650146] -207.7607261883746
[4.54129693 2.12689231 0.51999928 4.31439149 5.30901648 1.63276693] -207.761418101624
[4.54544263 2.12392684 0.53150901 4.33696886 5.35016677 1.65901053] -207.76024784083071
[4.53254133 2.11382432 0.5130866  4.32720765 5.3006732  1.65425492] -207.75886850912207
[4.51786508 2.12696405 0.50690444 4.31244662 5.26195097 1.66347249] -207.764306794801
[4.55021968 2.07012089 0.51623398 4.37381791 5.3669933  1.66447042] -207.75902477175333
[4.56915938 2.15130864 0.53008747 4.31943872 5.33694699 1.6574969 ] -207.7610010372702
[4.53928198 2.07668364 0.51402275 4.35738405 5.34377081 1.64881643] -207.75920159722546
[4.54439991 2.09480389 0.56175861 4.33889306 5.32793029 1.65769004] -207.75832727714027
[4.54140875 2.09200285 0.59951131 4.33219978 5.31577579 1.66328433] -207.7600844119595
[4.55410921 2.11198592 0.53976883 4.35575764 5.36289447 1.63597872] -207.75699333925718
[4.56036148 2.12491943 0.54884229 4.36549418 5.38437226 1.62117703] -207.7573030502707
[4.55316013 2.07019768 0.53263498 4.36133625 5.33690918 1.63487301] -207.75854804743508
[4.51598128 2.06425053 0.51160736 4.36294382 5.32075799 1.67825441] -207.76353209557655
[4.56043742 2.10227882 0.53857276 4.34712723 5.34941382 1.63489368] -207.75804734844647
[4.55900725 2.11105354 0.55332917 4.34399587 5.33783394 1.64523716] -207.75652570171846
[4.56886988 2.12823848 0.57298238 4.33730177 5.33486551 1.64344753] -207.7567102679147
[4.55099873 2.1312605  0.563483   4.31762132 5.30489167 1.62317209] -207.75873612531376
[4.57482956 2.09336913 0.58342919 4.36103614 5.37261792 1.62302665] -207.75796538818872
[4.56431576 2.06330249 0.53968152 4.38509408 5.39097487 1.654061  ] -207.75896497108923
[4.55432799 2.114271   0.55753263 4.33448951 5.32641247 1.63089431] -207.75754267877164
[4.56254365 2.13905641 0.57882874 4.33243023 5.35545846 1.64103384] -207.75930783702026
[4.55550601 2.08741237 0.54418342 4.35410975 5.3415465  1.63641322] -207.75729690534257
[4.5750059  2.11198637 0.54384672 4.35994565 5.36897608 1.61112454] -207.75888361839068
[4.55205141 2.09909951 0.55728064 4.34415621 5.33819174 1.64604866] -207.75736705165147
[4.55617305 2.10345166 0.57326853 4.35072114 5.34375187 1.63763923] -207.75630349403997
[4.55404087 2.10403809 0.59061642 4.35251809 5.34092089 1.63901201] -207.75636514482068
[4.53556208 2.1157222  0.52502522 4.33337389 5.31092574 1.65437712] -207.75768762183782
[4.54537895 2.11013393 0.53962621 4.34028946 5.32634879 1.6465395 ] -207.75696984024947
[4.55308064 2.09344131 0.54495297 4.36185384 5.35710996 1.65172452] -207.75624355752274
[4.55245696 2.08302647 0.53866315 4.37553601 5.37245871 1.66213962] -207.75692734831023
[4.5557003  2.10672674 0.54109574 4.35808635 5.35163677 1.63846212] -207.75608554279322
[4.55752474 2.11054035 0.53300329 4.36505143 5.35835929 1.63466885] -207.75679255571225
[4.55231046 2.124852   0.55316373 4.34945835 5.35164544 1.64878053] -207.75583607290181
[4.55071268 2.14357182 0.55765388 4.34713265 5.3566949  1.65496418] -207.7560760315676
[4.55310767 2.10456714 0.56204329 4.3457107  5.32654778 1.6534823 ] -207.7562218931951
[4.56441417 2.10456353 0.56965827 4.36298596 5.3631598  1.64523578] -207.75573181756926
[4.57393177 2.10177833 0.58467429 4.37433421 5.38156531 1.64458393] -207.75626213396956
[4.55258818 2.10148059 0.56139834 4.36560958 5.3601166  1.64653766] -207.75566899179003
[4.54937864 2.09669412 0.56543292 4.37641644 5.37125792 1.64718792] -207.75619898138245
[4.55422742 2.10842544 0.53750225 4.36384712 5.35965358 1.65710174] -207.7556431160203
[4.5532546  2.11091233 0.5196191  4.37041012 5.36760444 1.666833  ] -207.75623842089692
[4.55770209 2.1234305  0.56333423 4.35337885 5.34714336 1.64480886] -207.7555240188605
[4.56001281 2.1384251  0.57252486 4.34914135 5.34216006 1.64135104] -207.7558843301974
[4.55920653 2.11859246 0.54667423 4.37207804 5.38457073 1.64015993] -207.75619075793176
[4.55768182 2.11508613 0.55051649 4.36548621 5.370065   1.64349052] -207.7559929271597
[4.55727441 2.11921933 0.57076203 4.362169   5.36562449 1.65685625] -207.75518870176143
[4.55806147 2.12546563 0.58559517 4.36421033 5.37261835 1.66605332] -207.75567099181217
[4.55515709 2.11223767 0.56808979 4.35366342 5.34571609 1.65628309] -207.75530507780232
[4.56147733 2.09826702 0.57041791 4.37109296 5.3621592  1.65349394] -207.75579717944953
[4.55918561 2.10491327 0.56610436 4.36568431 5.35953076 1.65231558] -207.7555859283356
[4.54763076 2.11867207 0.55273873 4.3584648  5.34943516 1.65939861] -207.7551940280305
[4.55780428 2.1274855  0.55811212 4.35345958 5.34891788 1.66238372] -207.75510056489037
[4.56041233 2.14048795 0.55646901 4.34738458 5.34331853 1.67030674] -207.75509418360426
[4.55822668 2.13122816 0.58833047 4.34973453 5.34393588 1.65622131] -207.75560953514554
[4.55722687 2.12552748 0.57562341 4.35326268 5.3478653  1.65644141] -207.75526321214318
[4.55261558 2.14161174 0.56290137 4.3437568  5.34017021 1.66238274] -207.75535420634887
[4.55240359 2.12915491 0.56552722 4.35285491 5.35023324 1.67574742] -207.75524631116957
[4.55741944 2.1068214  0.56683536 4.36550966 5.36056072 1.66262844] -207.75540429251743
[4.55381654 2.13291415 0.56388487 4.34919502 5.34526784 1.66244416] -207.75524578957766
[4.55443108 2.14308763 0.5602453  4.35411358 5.35486543 1.67078178] -207.75496164380243
[4.55406808 2.15851261 0.55632306 4.35433866 5.35944009 1.67803113] -207.75515455065556
[4.55142937 2.1356512  0.54758564 4.35479795 5.35504959 1.67540357] -207.75519499452588
[4.55592791 2.13418921 0.55170131 4.3558534  5.35428711 1.65598296] -207.75509588415434
[4.55521875 2.13085498 0.54928247 4.36173276 5.36225892 1.66713248] -207.75486311230227
[4.55591985 2.12982539 0.54198127 4.36800163 5.37075447 1.66947663] -207.75521979544695
[4.55886904 2.12651918 0.56614731 4.35844142 5.35488029 1.65141603] -207.75515114510253
[4.56641375 2.14611402 0.56546375 4.35476678 5.36230976 1.66476013] -207.75493933539605
[4.55981654 2.15453166 0.54567436 4.34859517 5.34501553 1.66993712] -207.75540463795753
[4.55790994 2.12804741 0.56449011 4.35877554 5.36047225 1.66012647] -207.75494442479413
[4.55790221 2.14774122 0.54973667 4.35243413 5.35762371 1.67828082] -207.7551186974238
[4.55814392 2.14243571 0.55383933 4.35393595 5.35693785 1.67156462] -207.7549561219962
[4.56158201 2.14282003 0.56489535 4.354383   5.35910047 1.67890778] -207.75488469303363
[4.55748748 2.13729864 0.56293643 4.36518462 5.3753297  1.66745101] -207.75519046936287
[4.55968112 2.13969062 0.55808586 4.35183459 5.35132132 1.66959281] -207.7549738859418
[4.5582187  2.13809597 0.56131957 4.36073461 5.36732691 1.66816494] -207.7551249089576
[4.55931551 2.13929196 0.55889429 4.3540596  5.35532272 1.66923584] -207.75489024177438
[4.56509688 2.13343374 0.5587098  4.35843763 5.36393523 1.66646066] -207.754801487658
[4.57042978 2.1286068  0.55794205 4.36059966 5.36847013 1.6643001 ] -207.7553287266799
[4.5637017  2.13108501 0.56673926 4.36011582 5.36419526 1.6639765 ] -207.7548039729238
[4.56586626 2.14648583 0.5568382  4.35572298 5.36190188 1.676698  ] -207.75484402494692
[4.55717996 2.12854316 0.55298937 4.36005048 5.3599284  1.67604362] -207.75484810333973
[4.56356634 2.13178229 0.55759052 4.36275463 5.36845067 1.67383717] -207.7549466106996
[4.56037822 2.13741454 0.55856835 4.35623336 5.35860471 1.67038617] -207.7548214378872
[4.56089857 2.12645239 0.54948047 4.36304801 5.36450766 1.66132469] -207.75520839013262
[4.56141115 2.13872812 0.56104163 4.35654925 5.36045227 1.67451201] -207.75480582181723
[4.56932597 2.14104182 0.56901306 4.35397042 5.36074699 1.67555985] -207.75487333148027
[4.55874556 2.13340169 0.55421512 4.35979217 5.36188094 1.66923932] -207.75479405420634
[4.56788663 2.14497315 0.56571474 4.35556659 5.36372836 1.6643806 ] -207.7548696528046
[4.55985663 2.13265066 0.55617072 4.35892951 5.36087839 1.67312787] -207.75479344650913
[4.55719712 2.12241875 0.56164343 4.36096293 5.36141372 1.66253618] -207.75495617439626
[4.56369897 2.14046906 0.5580395  4.35703297 5.36177984 1.67315754] -207.7547860977504
[4.56379207 2.13250822 0.55973699 4.3607191  5.36576927 1.66977179] -207.75497905397899
[4.56123168 2.13618796 0.55886051 4.35735479 5.36039585 1.67023258] -207.75480076893578
[4.56269932 2.13034792 0.55653667 4.36067171 5.3639029  1.66421948] -207.7550904527713
[4.56173319 2.13663307 0.55991539 4.35757987 5.36131493 1.67193888] -207.75478036121982
[4.55975261 2.13984039 0.54856442 4.35625983 5.3591998  1.67740912] -207.75492711889135
[4.56271442 2.13327385 0.56219555 4.35915182 5.3629464  1.66733465] -207.75477708299198
[4.55756327 2.13743836 0.5577558  4.35817608 5.35913022 1.67521628] -207.75476918246855
[4.55379646 2.13944067 0.5572788  4.3580453  5.35672771 1.67959409] -207.75484685476493
[4.56020566 2.13510094 0.55723685 4.35953268 5.36224772 1.6731056 ] -207.7547435890815
[4.55969265 2.13455742 0.55642502 4.36062163 5.36317366 1.67454211] -207.75502564266736
[4.5631785  2.13845362 0.56288948 4.3570088  5.36088489 1.67538762] -207.75475996375857
[4.56317471 2.14113898 0.56317347 4.35723123 5.36188961 1.67225233] -207.75475524786214
[4.55915762 2.13354388 0.56301601 4.35919386 5.36102475 1.67192091] -207.75474824663982
[4.56026487 2.13635014 0.56217366 4.35918496 5.36139293 1.67313359] -207.7547016835769
[4.5595307  2.13620867 0.5633028  4.3599875  5.36143194 1.67373095] -207.7546852685833
[4.5582224  2.14068763 0.56026259 4.35789157 5.35925664 1.67986991] -207.75475303454357
[4.56359326 2.13760621 0.56553794 4.35877247 5.36311497 1.67353949] -207.75470434624415
[4.55811629 2.13630847 0.56128707 4.36052763 5.36210365 1.67275211] -207.75469968941837
[4.55643393 2.13201295 0.56037428 4.36140401 5.36117028 1.67605399] -207.75471893262633
[4.56079009 2.12957275 0.56332239 4.36191449 5.36444113 1.66716444] -207.75504769373205
[4.55886432 2.13790891 0.56102754 4.3588973  5.36055276 1.67669354] -207.75471602841344
[4.5597571  2.13817151 0.55990615 4.36051334 5.36251569 1.67670431] -207.75497851477434
[4.55930749 2.13470078 0.56223854 4.35952373 5.36139748 1.67311676] -207.75471913759066
[4.55840966 2.13648106 0.56735254 4.36017153 5.3610093  1.67552335] -207.7547019482165
[4.55900857 2.13747464 0.56405551 4.36039642 5.36173015 1.67631438] -207.75498463037732
[4.55923276 2.13539425 0.56269279 4.3597419  5.36148065 1.67391617] -207.75470019051838
[4.56281507 2.14128957 0.56669261 4.35796211 5.36206081 1.67266454] -207.75472319338732
[4.55802921 2.13433211 0.56195386 4.36054353 5.36139291 1.67520663] -207.7546988706908
[4.56010631 2.13420135 0.56634813 4.36101756 5.36295838 1.67152935] -207.75499567871162
[4.55917482 2.13698202 0.56235769 4.35942736 5.36115417 1.6754025 ] -207.754699548341
[4.55390455 2.13429598 0.56077765 4.36136068 5.35974257 1.67530441] -207.7547814113184
[4.56117108 2.13677865 0.56434786 4.35941952 5.36227187 1.67398072] -207.75469286380502
[4.56000862 2.13552033 0.55796148 4.35971096 5.36226909 1.67280634] -207.754728209524
[4.5588094  2.13624088 0.56500478 4.36005639 5.36132425 1.6748441 ] -207.75469557621304
[4.55904441 2.13688935 0.5633919  4.36024541 5.36174561 1.67472283] -207.75467830557963
[4.55895024 2.1376369  0.56374146 4.36049717 5.36187809 1.67512616] -207.7549875666819
[4.56047025 2.13616875 0.56549923 4.35936561 5.36100327 1.6765438 ] -207.75468950036546
[4.55984354 2.13522412 0.56547579 4.36044529 5.36190245 1.67427384] -207.75467817257015
[4.5601779  2.13434517 0.56703484 4.36095426 5.36227659 1.67370952] -207.75498754557475
[4.56159392 2.13817137 0.56705359 4.35929638 5.36183355 1.67415878] -207.75468509245414
[4.5617419  2.13690609 0.56468561 4.35953019 5.36207197 1.67429288] -207.75467312596305
[4.56320815 2.1372387  0.56452603 4.35926709 5.36244584 1.67401727] -207.7546736656435
[4.55957049 2.1364108  0.56545511 4.36020394 5.36105772 1.67526031] -207.75467776136844
[4.5599714  2.13710138 0.56428904 4.3605373  5.36234448 1.6722694 ] -207.75498598438355
[4.56034554 2.13640191 0.56519668 4.35965853 5.36133857 1.6754752 ] -207.75469074325844
[4.5606562  2.13665845 0.56507036 4.35986706 5.36156485 1.67477659] -207.75467312457494
[4.56079272 2.13606511 0.5650807  4.35998774 5.36198721 1.67428336] -207.75467111105743
[4.56039316 2.13689772 0.56403876 4.3598878  5.36190879 1.67450785] -207.7546769445248
[4.56166791 2.13753873 0.5658696  4.35941328 5.36195276 1.67422583] -207.75467736316685
[4.5606363  2.13655738 0.56399421 4.35975885 5.36175195 1.67401191] -207.75467553352112
[4.56110608 2.13653742 0.56509242 4.3594479  5.36153762 1.67541834] -207.7546843886123
[4.56085665 2.13700374 0.56448733 4.36003374 5.36220823 1.67328114] -207.75498984648488
[4.56104372 2.136654   0.56494115 4.35959436 5.36170527 1.67488404] -207.75467156558855
[4.56008675 2.13570752 0.56340066 4.36012871 5.36171059 1.67469305] -207.7546769158865
[4.56125937 2.13595179 0.56501881 4.3597345  5.36168849 1.67447276] -207.75466885723048
[4.56169248 2.13547883 0.56550883 4.35965785 5.36157834 1.67445521] -207.75468084114016
[4.56195665 2.13722342 0.56619628 4.35936218 5.36187933 1.67421413] -207.7546812063806
[4.56055423 2.1360865  0.56409957 4.35993708 5.36175277 1.67457332] -207.75467230632142
[4.56137975 2.1362166  0.56563786 4.35979146 5.36183824 1.6750824 ] -207.75467230663946
[4.56015343 2.13563805 0.56526387 4.36010722 5.3614403  1.67506461] -207.75467800953842
[4.56134478 2.13658908 0.56483018 4.35967444 5.36191406 1.67448581] -207.75467714497358
[4.56102605 2.13600845 0.56504975 4.35986112 5.36183785 1.67437806] -207.75467339619908
[4.56115155 2.1363029  0.56497998 4.35966443 5.36169688 1.6746784 ] -207.75468015214398
[4.5609068  2.13601914 0.56455919 4.35983579 5.36172063 1.67452304] -207.75467196557256
[4.56131956 2.1360842  0.56532833 4.35976298 5.36176336 1.67477758] -207.75467836200244
[4.56095779 2.13630512 0.56504458 4.35980078 5.36162667 1.67462467] -207.75467477423754
[4.56150064 2.13642894 0.56485221 4.35963234 5.36188023 1.67438282] -207.75467002249076
[4.56117185 2.13596298 0.56497098 4.35987808 5.36180887 1.67437458] -207.75467118572757
[4.56095461 2.13614128 0.56450351 4.35981789 5.36175755 1.67414106] -207.75466903402878
[4.56131532 2.13586575 0.5646069  4.35978579 5.36193787 1.67413276] -207.7546753728933
[4.56104717 2.13619528 0.56493516 4.35979703 5.36170447 1.6745017 ] -207.75467723436122
[4.56110699 2.13604654 0.56476116 4.3597762  5.36172302 1.67430691] -207.75467273606372
[4.56138001 2.13619037 0.56493551 4.35968342 5.36178436 1.67442779] -207.7546745751132
[4.56121561 2.13595739 0.56499489 4.35980629 5.36174868 1.67442367] -207.75468293234064
[4.56108309 2.13598547 0.564789   4.35978515 5.36170456 1.6744979 ] -207.7546711045158
[4.56114271 2.13598012 0.56503428 4.35979781 5.36176317 1.67442541] -207.75468400055053
[4.56110858 2.13612846 0.5650317  4.35976764 5.36165758 1.67454871] -207.7546796255934
[4.56124184 2.13610655 0.56480941 4.35971992 5.36167239 1.67446717] -207.75467573559467
[4.56117768 2.136179   0.56478696 4.35968265 5.36166146 1.67448341] -207.75467765036112
[4.56130775 2.13602478 0.56466858 4.35969297 5.36175385 1.67433659] -207.75467303363624
[4.561282   2.13592283 0.56487386 4.3597814  5.36178077 1.67435296] -207.75467830679722
[4.56120376 2.13611496 0.56480869 4.35970734 5.36169129 1.6744508 ] -207.7546773374578
[4.56125592 2.13598687 0.56485213 4.35975671 5.36175094 1.67438557] -207.75467830991676
[4.5612168  2.13608294 0.56481955 4.35971968 5.3617062  1.67443449] -207.7546791844634
[4.56117123 2.13596863 0.5649039  4.35975982 5.36169653 1.67448533] -207.75466920737196
[4.56118318 2.13599917 0.56488998 4.35975535 5.36170576 1.67438983] -207.75467910865996
[4.56128356 2.13598829 0.5648437  4.35971374 5.36172117 1.67440467] -207.75467503537715
[4.56131969 2.13607108 0.56497716 4.35970896 5.36173643 1.67445027] -207.7546638324021
[4.56125061 2.13602917 0.56491411 4.35972721 5.36168044 1.67446996] -207.75467055503637
[4.56123157 2.13603338 0.56491375 4.35972092 5.36168989 1.67446178] -207.75468044159948
[4.56125765 2.13596933 0.56493547 4.35974561 5.36171972 1.67442916] -207.75467703787467
[4.56133086 2.1359936  0.5649744  4.35970793 5.3617085  1.67451422] -207.75467075375002
[4.56128079 2.13603152 0.56494188 4.35970512 5.3616908  1.67450324] -207.75467127941462
[4.56125396 2.13602698 0.56506639 4.35973411 5.36167923 1.67456058] -207.75467528110994
[4.56127616 2.13599796 0.56489937 4.35971883 5.36171068 1.67444365] -207.7546811723441
[4.56128953 2.13601144 0.56499798 4.35972173 5.36171246 1.67446151] -207.75467110637956
[4.56124546 2.13601986 0.56494053 4.35973439 5.36171648 1.6744678 ] -207.75467975410368
[4.56128515 2.13605013 0.56494563 4.35971809 5.36170843 1.67446012] -207.75466896867158
[4.56132527 2.13603234 0.56497578 4.35970845 5.36172246 1.67448225] -207.7546728365185
[4.56130024 2.1360513  0.56495952 4.35970704 5.36171362 1.67447676] -207.75468133175212
[4.56130163 2.13602968 0.56491043 4.35971135 5.3617288  1.67442747] -207.75467279184284
