[-1.621779   -0.87559338 -0.77384423  0.57908639  0.0233257   0.3265239 ] -292.1792700106143
[ 0.44804173 -1.95442733 -2.1232405  -0.45199675  1.12039054  1.0525881 ] -302.0530970624491
[-0.68081199  0.92998309  2.0958466   1.11058905 -0.11376127 -0.72133502] -294.1032646508177
[0.01108023 0.42861305 1.34844243 2.01683419 0.23133469 0.12431561] -287.94712334074205
[ 0.11968854  1.73678252 -1.62815538  1.38840619 -0.39560635  0.32663442] -272.4251338538279
[-0.75865068  2.05968016 -1.09631099 -0.46065546  0.27789798 -1.19649271] -290.94475544163566
[ 1.65965844 -1.23596563  0.21518799 -0.08019077  0.2481162  -0.99240655] -273.31897555092866
[-0.87164656  2.96892727  2.17696264  1.97001995 -1.0299549  -1.76350821] -308.44195263060186
[ 0.11811966 -0.72358868 -1.04818972  0.15350742  0.58280418  0.34856402] -286.3675601854197
[ 0.52351772 -0.46667374 -3.09013656  0.08840694  0.43638541  0.36704792] -281.796499933848
[ 2.17958364  1.47520927 -0.99254318  0.45634978  0.436985   -0.667303  ] -272.01840009967725
[ 4.08026496  2.6506106  -1.10189265  0.39498148  0.64381466 -1.16421645] -274.44395134008244
[ 2.29586676 -1.6548879  -0.63548715  1.80176005  0.23544173  1.03211018] -264.49840197072103
[ 3.82312548 -3.51217193 -0.40507523  2.9329678   0.2142136   2.14641163] -262.49666292630013
[ 2.7968176  -1.33741578 -3.66474646 -0.37035173  0.27629799  0.38533387] -284.2296358010878
[ 3.58267747 -0.38982309 -2.14029989  1.31835532 -0.17734024  0.17334208] -257.6581763372889
[ 5.31495638 -0.22294029 -2.68635498  1.90077927 -0.55741245  0.08573111] -261.69137503802614
[ 1.16593283  0.53986825  0.98440571  2.40511682 -0.02204678  0.0659083 ] -269.5888513562398
[ 3.65337108  0.00464021  1.76797657  2.71859478 -0.33494493 -0.01618563] -255.28100092995825
[ 5.21829776  0.24029718  4.19703313  4.0336887  -0.7206101  -0.20780241] -287.44384388111854
[ 3.18180124  1.18746738 -1.01975179  3.820121   -0.34102943  1.66867582] -258.7605869674508
[ 5.74247537 -1.96838582  1.02639278  3.16209564  0.32088543  0.79698197] -259.57651142643766
[ 4.87021086 -2.85467761  1.06375923  4.99606734 -0.55040579  2.27901439] -271.4730000810193
[ 4.19755405 -1.77220589  0.54968363  3.86113795 -0.30355809  1.54243504] -254.47134179332852
[ 6.89440207 -2.69002797 -1.05809702  3.53264068 -0.1852111   2.03797867] -275.1439991709709
[ 2.59805014 -0.2676058   0.47378003  2.68699778 -0.06283786  0.55892589] -255.6957530002017
[ 3.82885098  2.44353426  0.62433567  2.92279969 -0.51382197 -0.57168657] -262.96892437193327
[ 3.82455685 -2.02324538 -0.1477225   2.93042577  0.03220471  1.46688708] -253.97708369184465
[ 1.2701949   0.88146163 -1.1985041   2.61644856 -0.71672071  1.00104479] -259.2765225390997
[ 2.38826502  0.16899977 -0.64227988  2.75286033 -0.45731918  0.95002908] -252.69473725512026
[ 3.56635697 -2.61388077  0.97346444  1.60266964 -0.09356909 -0.11019797] -262.34478731540287
[ 3.27794017  0.23713034 -0.52144773  3.26575816 -0.27916435  1.22395737] -251.937591314061
[ 3.06390163 -0.82760583  2.63362992  4.75356961 -0.29119967  1.73534086] -275.72192620722177
[ 3.45298351 -0.49926877 -0.94681744  2.17715889 -0.20580509  0.56384178] -251.61824653972644
[ 4.33350676 -1.02704411 -0.45398248  3.21498084 -0.45335778  1.35139568] -250.99961849596284
[ 5.20123506 -1.40676326 -0.91786373  3.47897237 -0.64861774  1.74763058] -256.81858461180735
[ 3.50489771 -1.64318489 -2.48883204  3.34884587 -0.22072167  2.38236764] -253.20260791251852
[ 2.72982929  0.17666821 -2.28337765  2.03553868 -0.22449636  1.1037245 ] -253.29263777412507
[ 2.7379173   1.16101223 -2.29785657  2.66795515 -0.64582618  1.05821827] -251.5125704589673
[ 3.83534087 -0.71078668 -0.16702773  3.77364774 -0.52956839  1.40621211] -254.3189167116357
[ 3.00620718 -0.04519552 -1.75429017  2.47006594 -0.30076437  1.1793464 ] -250.66762830660804
[ 2.89404227  1.64172953  0.28327395  2.1674139  -0.56002398 -0.27343811] -254.6678004169094
[ 3.35218385 -0.82195628 -1.79580554  3.05348788 -0.30554725  1.7184162 ] -250.41727838565498
[ 4.33198124 -0.5007738  -1.94778676  2.86360863 -0.27283583  1.41502949] -251.71785595368235
[ 3.79365311 -0.81487242 -2.54406525  2.21666095 -0.44888115  1.2047919 ] -252.5649329293549
[ 3.40686841 -0.02587035 -1.02710211  3.00348386 -0.32159355  1.219166  ] -250.05847477715267
[ 2.4312411   0.08133287 -0.81083134  2.66543556 -0.47146224  0.94843196] -251.94061885000957
[ 3.8567962  -0.35524713 -1.66354791  2.81406536 -0.32249243  1.29838011] -250.0311641009529
[ 3.44484305  0.12783505 -2.05071082  3.56418745 -0.57738876  2.04446578] -252.9065809596816
[ 3.4509484  -0.34249282 -1.22279078  2.52391603 -0.29870101  0.93399778] -249.98623610693525
[ 4.3975863  -2.0336143  -0.34131643  3.02537815 -0.02165928  1.50868245] -253.77104895740595
[ 3.15283455  0.3623556  -1.80872153  2.7573109  -0.48978446  1.17083432] -249.78817875585597
[ 2.40843944  0.61757527 -2.6367702   2.32579581 -0.22626991  1.15531792] -253.92794289847146
[ 3.85223993 -0.61588926 -0.99967941  2.99268459 -0.39658581  1.30237624] -249.6654223383367
[ 4.01774993 -0.55450457 -1.08492559  3.24491693 -0.4108038   1.36837715] -250.56748243363572
[ 3.76486424 -0.4271773  -1.25226674  3.05120418 -0.38329394  1.32111946] -249.79453507502083
[ 3.80933339  0.35384919 -0.86223062  2.66073376 -0.43193649  0.6968751 ] -249.71996425313816
[ 3.88880383 -0.31566356 -1.57597688  2.59648775 -0.45267116  1.02202833] -249.6612695593959
[ 4.12977154 -0.46056016 -1.85041427  2.39298969 -0.51820997  0.92345949] -250.6852124136938
[ 3.44954524  0.02690775 -0.91034075  2.71338038 -0.49516519  0.85069697] -249.3087580021162
[ 3.24591977  0.21798519 -0.53373717  2.66303789 -0.58150157  0.6268554 ] -249.82893960539477
[ 3.85492533  0.13728696 -1.24694786  3.06668449 -0.58444468  1.18731236] -250.3944213232877
[ 3.55194263 -0.22254787 -1.22883005  2.65960815 -0.37013693  0.99732642] -249.4596733649744
[ 3.47003562  0.29018125 -1.20965968  2.40886432 -0.49546607  0.69225967] -249.1828091359507
[ 3.32262131  0.64886053 -1.18835615  2.08769439 -0.55155213  0.37782977] -249.47189600030816
[ 4.187799   -0.52340976 -0.4535176   2.58660875 -0.39086943  0.68301993] -250.15517221130196
[ 3.41157566  0.14091426 -1.46992055  2.71463536 -0.4650557   1.04888072] -249.33440928708455
[ 3.39871425 -0.58588167 -1.60257182  2.70115309 -0.45975713  1.27431435] -249.37574104193698
[ 3.20463248  0.39385932 -1.66608717  2.2720251  -0.51616492  0.65945925] -249.44415724186535
[ 2.94001146  0.33014124 -1.11982646  2.56006771 -0.48124415  0.8189508 ] -250.02279997845164
[ 3.65160574 -0.15421236 -1.46193928  2.58738274 -0.45981441  0.97125895] -249.25219796115923
[ 3.3100937   0.25980406 -1.54467636  2.47287218 -0.59367088  0.83496354] -248.93537319043963
[ 3.18916923  0.50098002 -1.70259952  2.3795042  -0.70543786  0.7537821 ] -248.88065031857903
[ 3.65224943 -0.32089623 -1.11959003  2.8962816  -0.51073387  1.20427167] -249.22594888342607
[ 3.5426794   0.74717323 -1.02211145  2.53219645 -0.5841339   0.56606901] -249.70206581529382
[ 3.43470553 -0.25261794 -1.45745673  2.65891393 -0.49085132  1.09725302] -249.082746175793
[ 3.53752794 -0.11080009 -1.15060811  2.50014036 -0.58743388  0.80762674] -248.7454502607978
[ 3.60050408 -0.23665727 -0.99095189  2.39289286 -0.64862296  0.68699975] -248.60821676184696
[ 3.54987797 -0.08464859 -1.73705829  2.39456618 -0.60847697  0.95124475] -248.8756665515713
[ 3.31390821  0.11965944 -1.2771661   2.45629162 -0.69338194  0.82401137] -248.5177723370132
[ 3.14505945  0.25659534 -1.18477951  2.39074607 -0.81016571  0.75038759] -248.43436452648373
[ 3.1442012   0.4788405  -1.64124518  1.97888092 -0.7422731   0.43970395] -248.76203831632117
[ 3.21780353 -0.06935057 -1.69503736  2.32297039 -0.8398099   0.86753072] -248.07540415447917
[ 3.09168749 -0.24911648 -1.9377262   2.28002343 -1.01198182  0.95516624] -247.7590408244538
[ 3.13879427  0.47461578 -1.60733014  1.94662396 -1.01813482  0.41517511] -247.9256398423455
[ 3.36753892 -0.28777026 -1.33043089  2.08174026 -0.9077806   0.64577702] -247.7931337218182
[ 2.9460505   0.23015113 -1.16042964  1.96240299 -1.10450936  0.3464918 ] -247.74856291276762
[ 2.64413677  0.38755099 -0.87211532  1.7463214  -1.35252556  0.04411533] -248.18986140673832
[ 3.28567704 -0.41623442 -1.09597091  2.3725956  -1.09145866  0.82696189] -247.61297394758682
[ 3.35641496 -0.86377188 -0.82333378  2.56945295 -1.26605145  1.02059086] -248.121904805181
[ 2.72443181  0.2394043  -1.78127054  1.95181791 -1.3327207   0.62632014] -247.4135965762252
[ 2.28639568  0.47743508 -2.17642987  1.73128043 -1.67476956  0.59598033] -248.00397005739168
[ 3.03966723 -0.25957866 -1.78627326  1.80765532 -1.34536295  0.52157648] -246.99499526420914
[ 2.98697112 -0.51766565 -2.08702013  1.51610994 -1.61296156  0.40717093] -247.05826380296
[ 3.01289006 -0.72233058 -1.42337035  2.20545455 -1.24646988  0.89225608] -247.15067249622123
[ 2.66592913 -0.10479798 -1.73124941  2.11157633 -1.46972052  0.74381385] -247.52354665979044
[ 2.7998611  -0.09534559 -1.05512851  1.85714414 -1.51809887  0.36397384] -247.26338606666909
[ 2.89676829 -0.6831121  -1.79732468  2.13967829 -1.5634345   0.97847562] -247.14924349124104
[ 2.4275055  -0.12568578 -2.095568    1.65184657 -1.73381047  0.54851012] -247.0932893367446
[ 2.96777887 -0.44408483 -1.58172903  1.75962259 -1.4435786   0.56655691] -246.68510848278717
[ 3.11870374 -0.61372826 -1.50696884  1.58364572 -1.43050764  0.47792843] -246.81639738947905
[ 2.99039187 -1.01611681 -1.46519407  1.85531592 -1.61753106  0.66412955] -246.88945711626778
[ 2.97847284 -0.98829067 -2.32802462  1.94938028 -1.46529695  1.02652775] -247.45357283736473
[ 2.84451403 -0.31858186 -1.37335253  1.88020317 -1.50489839  0.52961232] -246.88524164834212
[ 2.70931853 -0.22672277 -1.94311018  1.49265274 -1.82306877  0.37736425] -246.8786050309234
[ 2.76295705 -0.11381146 -1.61775101  1.34275381 -1.59264892  0.09077425] -246.83923595078858
[ 3.34403703 -0.66727968 -1.16023536  1.72755461 -1.37521909  0.36816113] -247.1781944176992
[ 2.65663838 -0.26108426 -1.86173484  1.67077358 -1.64416263  0.50342287] -246.7822997829022
[ 2.60419902 -0.53388867 -1.49468396  1.52611862 -1.86326651  0.38904357] -246.78802638952425
[ 2.52474343  0.38339219 -1.82559312  1.36872559 -1.67301021  0.15479517] -247.1922038676122
[ 2.87397976 -0.66623956 -1.55529383  1.73366833 -1.63140085  0.53679595] -246.69155941392532
[ 2.68044317 -0.43002866 -1.97808175  1.29499339 -1.82781037  0.29170695] -246.76319310876735
[ 2.80601355 -0.58965638 -1.41998129  1.61665737 -1.51122052  0.41540258] -246.63760114005075
[ 2.85436105 -0.77112319 -1.15841685  1.67865968 -1.35529639  0.43442175] -246.90031633208847
[ 2.76672719 -0.86118266 -1.67941723  1.85785749 -1.71449757  0.81020203] -246.7667034428576
[ 2.97966129 -0.55020344 -1.86406203  1.7850723  -1.39429033  0.65231886] -246.883272033349
[ 2.69806458 -0.53796736 -1.58702848  1.59085704 -1.74602246  0.45486239] -246.63837915143762
[ 2.94103066 -0.91530223 -1.40544236  1.61377849 -1.64734749  0.52175273] -246.65383171568388
[ 2.889043   -0.33324369 -1.49643502  1.34533492 -1.55462919  0.11882381] -246.81595214514772
[ 2.79730614 -0.72919791 -1.63367168  1.72972684 -1.67453048  0.63735747] -246.62267401412535
[ 3.01428135 -0.86412077 -1.08296714  2.05311017 -1.3902231   0.75253573] -246.9442081121712
[ 2.76390271 -0.53855169 -1.7543031   1.48452258 -1.71841355  0.40691415] -246.61118641608547
[ 2.78405242 -0.58534724 -1.57209148  1.53138664 -1.61563685  0.46415279] -246.49876037886114
[ 2.73908874 -0.54490108 -1.58049031  1.43024579 -1.60775486  0.42783121] -246.4599488648035
[ 2.61402326 -0.84110739 -1.54524337  1.39564011 -1.85818452  0.38814994] -246.6519690106458
[ 2.53176901 -0.34515838 -1.76813038  1.46877143 -1.72469463  0.38841985] -246.64160800312567
[ 2.83135832 -0.25403688 -1.70262504  1.71128691 -1.46936098  0.52211261] -246.70256306775474
[ 2.66835703 -0.69433976 -1.58458879  1.47455181 -1.76097863  0.42164061] -246.55920744338957
[ 2.95914191 -0.86637968 -1.4185575   1.64008239 -1.61494553  0.53291629] -246.64562798727974
[ 2.63861223 -0.4754637  -1.68073716  1.51159917 -1.69725736  0.42454396] -246.5631538363513
[ 2.77302889 -0.65273614 -1.63089563  1.49157748 -1.57736267  0.4563676 ] -246.5525070198754
[ 2.65408504 -0.62207372 -1.86824759  1.42408386 -1.834212    0.50948241] -246.5622709272474
[ 2.61505207 -0.44682412 -1.73274918  1.20913339 -1.72412921  0.2449025 ] -246.56987697027176
[ 2.59883862 -0.60689449 -1.60493312  1.36254125 -1.68215136  0.42134195] -246.43451967956443
[ 2.51630657 -0.64106589 -1.53024814  1.30155058 -1.66402026  0.42855585] -246.4290584735707
[ 2.7147741  -0.76336931 -1.55898669  1.66873618 -1.65639938  0.64457138] -246.5024447747753
[ 2.71660122 -0.83069826 -1.57041522  1.4186494  -1.66965191  0.53827239] -246.43205987211053
[ 2.72196715 -0.75362977 -1.28362733  1.50435322 -1.47784391  0.4629306 ] -246.62921179438572
[ 2.67105556 -0.65496273 -1.72209253  1.4441512  -1.74511997  0.49784446] -246.46557274010107
[ 2.70859467 -0.66823805 -1.61312071  1.44375173 -1.54579105  0.57617369] -246.44434777548233
[ 2.58244474 -0.71500896 -1.5608889   1.41078414 -1.71888315  0.58138206] -246.31224271447905
[ 2.48715266 -0.74614537 -1.52588554  1.37038747 -1.78964339  0.64388929] -246.26291556098812
[ 2.56482571 -0.59863448 -1.62176413  1.13417588 -1.6842611   0.39295092] -246.41316831304175
[ 2.57313429 -0.68826498 -1.42521549  1.25543575 -1.57525421  0.50471333] -246.43721634373674
[ 2.44978296 -0.8461146  -1.51505944  1.21107115 -1.70178578  0.60035395] -246.34270062377004
[ 2.39400647 -0.78206982 -1.44974194  1.12000501 -1.81574784  0.46007155] -246.36729990816588
[ 2.46975757 -0.79331116 -1.64582264  1.26317741 -1.86644921  0.51665133] -246.40320570876628
[ 2.24400943 -0.63841551 -1.52575872  1.04813977 -1.83765062  0.47588524] -246.38813812158946
[ 2.35353837 -0.82716442 -1.56442933  1.08076832 -1.90115905  0.60137824] -246.2750275947426
[ 2.23459011 -0.94577248 -1.45380174  1.2303405  -1.95321753  0.70645895] -246.45674099842668
[ 2.48226681 -0.68541898 -1.57977353  1.15821703 -1.75150021  0.47132793] -246.32327231538943
[ 2.333828   -0.71513174 -1.40772685  1.06635217 -1.73271308  0.56765074] -246.31692807334355
[ 2.58951566 -0.89559947 -1.48844682  1.28746062 -1.7265325   0.63900533] -246.2734143886188
[ 2.50468835 -0.78978838 -1.57736524  1.27141391 -1.71869683  0.7144636 ] -246.193583792229
[ 2.56002928 -0.79364766 -1.64117688  1.34711836 -1.67017133  0.84165963] -246.17176141740578
[ 2.48566063 -0.70825462 -1.55408688  1.22569684 -1.82212073  0.65461644] -246.14215042682034
[ 2.50359946 -0.63932463 -1.57360061  1.23300969 -1.8822882   0.68174768] -246.1075999961828
[ 2.46028766 -0.85358545 -1.48731515  1.30348184 -1.81600231  0.85378237] -246.0889133775716
[ 2.44929809 -0.93766869 -1.44108596  1.37611425 -1.84825336  1.0450096 ] -246.06095821523206
[ 2.64721651 -0.89805167 -1.67048153  1.49860073 -1.87330286  0.91657918] -246.25632941388145
[ 2.72539885 -0.80964808 -1.54912978  1.62346205 -1.6955715   0.98791866] -246.15832411811712
[ 2.53471596 -0.71256257 -1.64533994  1.52877023 -1.85987772  1.06659602] -246.11228199090326
[ 2.65293339 -0.85082239 -1.64771936  1.49863763 -1.82017827  1.2026143 ] -245.98750073520148
[ 2.73582375 -0.9031609  -1.70863627  1.56276271 -1.83544571  1.48197681] -245.99946806381047
[ 2.49477517 -0.683173   -1.49553599  1.37043668 -1.7188106   1.02526945] -245.9616177686788
[ 2.41855449 -0.57573366 -1.40806321  1.30635465 -1.64156447  1.07961458] -246.0407827330764
[ 2.56021102 -0.75075212 -1.47629366  1.52969182 -1.93815522  1.16139227] -246.10170265669998
[ 2.33977884 -0.71511972 -1.54406206  1.22209138 -1.99361629  1.07295778] -245.98389268951706
[ 2.4654827  -0.81305762 -1.4140926   1.21455692 -1.8738896   0.99640101] -245.90476374625644
[ 2.43086607 -0.86330515 -1.29846893  1.05745026 -1.88089554  0.9613035 ] -245.9311000602072
[ 2.48389361 -0.94420655 -1.4326626   1.50416653 -1.84867957  1.48613379] -245.9854406019029
[ 2.40184291 -0.89726387 -1.51542586  1.19897597 -1.76298734  1.11473637] -246.02671075867877
[ 2.49693745 -0.69687903 -1.57541353  1.29350746 -1.8244672   1.25436129] -245.78294285475354
[ 2.52075713 -0.5764842  -1.64257732  1.25220406 -1.81257412  1.35903714] -245.70433836828389
[ 2.5840307  -0.63035729 -1.54345745  1.48838843 -1.92626214  1.26606812] -245.92842133146004
[ 2.30997266 -0.6033104  -1.37640997  1.18531037 -1.9044325   1.19934146] -245.84432955632434
[ 2.42103879 -0.39629419 -1.57271586  1.07349608 -1.89451551  0.82022453] -245.87155503210488
[ 2.59224021 -0.51910584 -1.47086767  1.30603946 -1.7165452   1.14915612] -245.75810001267877
[ 2.46973223 -0.49636352 -1.51117097  1.13622843 -1.99059576  1.23814001] -245.6615421768205
[ 2.45721076 -0.40295877 -1.51898847  1.01912431 -2.12648834  1.3445753 ] -245.67933218053534
[ 2.3423772  -0.50451463 -1.45248735  0.90089001 -1.80458876  0.98803197] -245.88043059624363
[ 2.41989004 -0.21896664 -1.59465045  1.07016589 -1.83386102  1.25490941] -245.65370411261983
[ 2.39709372  0.07807885 -1.68492937  0.99797037 -1.81384673  1.38416361] -245.72283954860166
[ 2.56883315 -0.43232696 -1.6036434   1.44025809 -1.91291928  1.35223759] -245.80778616220726
[ 2.53943635 -0.55255833 -1.49372407  1.38990602 -1.82912711  1.69738272] -245.6949241402047
[ 2.72699038 -0.32862476 -1.72913465  1.34629028 -1.79410832  1.48427954] -245.63680067894026
[ 2.93549924 -0.19128194 -1.90549699  1.42678024 -1.73894624  1.62674858] -245.8246956019147
[ 2.52084896 -0.4650408  -1.54373164  1.06001996 -1.7460179   1.37539739] -245.72408342799721
[ 2.47364482 -0.36024024 -1.70079536  1.11223209 -1.95221621  1.65389261] -245.57205351996495
[ 2.41434713 -0.28080743 -1.8157592   1.0153284  -2.07005172  1.90626086] -245.66376890137403
[ 2.52930135 -0.37937176 -1.68028596  1.37565563 -1.99147628  1.52048308] -245.78745160678656
[ 2.52296206 -0.44362354 -1.57787022  1.13892888 -1.80738249  1.41166882] -245.61911495454987
[ 2.53012816 -0.22364148 -1.55987126  1.14571313 -1.92318952  1.55438723] -245.50933467530567
[ 2.53481368 -0.04722012 -1.51851823  1.09246766 -1.97849722  1.65206227] -245.5000533535076
[ 2.50990806 -0.07912127 -1.71698923  0.90886506 -1.95642656  1.20093484] -245.58591941546285
[ 2.59300412  0.00376466 -1.76814841  1.08675485 -1.78356819  1.64777581] -245.65133695078123
[ 2.70055099 -0.19938845 -1.74250158  1.15834705 -1.92353865  1.76196189] -245.5272468801865
[ 2.56328588 -0.48983745 -1.56045468  1.16562215 -2.0204883   1.40715751] -245.60429159304593
[ 2.37473145 -0.21118559 -1.54324178  0.84586402 -2.08540816  1.54494644] -245.55170470560577
[ 2.52934957 -0.0187075  -1.6829634   0.95553713 -2.16480921  1.66198303] -245.62752917914833
[ 2.52455894 -0.33739453 -1.60414352  1.09308094 -1.89673917  1.47424737] -245.52500746996407
[ 2.47611677  0.07832072 -1.71494188  0.90466345 -1.91045369  1.68885763] -245.58941359750543
[ 2.49790905 -0.06371882 -1.67632008  0.96990313 -1.93796234  1.6184326 ] -245.51450478836648
[ 2.52549492 -0.32726131 -1.54485096  1.18176657 -1.96836069  2.03424622] -245.61212954891087
[ 2.51380477 -0.14115628 -1.67395466  0.97709044 -1.95941009  1.40926268] -245.51179995793737
[ 2.57514481  0.02688564 -1.55209792  0.93335233 -1.974969    1.49974513] -245.45157042508635
[ 2.6258948   0.22044857 -1.47774921  0.84391245 -1.9863454   1.42267139] -245.48242011234655
[ 2.74086263 -0.04281193 -1.71260355  1.22888317 -1.80496401  1.59362421] -245.56186563729568
[ 2.46626425 -0.16909218 -1.58558222  0.9416188  -2.01529712  1.55711588] -245.49032900027453
[ 2.3369475  -0.04451032 -1.4610373   0.84415738 -1.99741967  1.30832676] -245.61459368657728
[ 2.60965012 -0.16066892 -1.67213551  1.07979963 -1.94200891  1.6485531 ] -245.47941321703345
[ 2.54130329  0.1524043  -1.62205936  0.90499639 -2.03930906  1.65414319] -245.5116272893499
[ 2.58241793 -0.04923036 -1.53179589  1.00653862 -2.03186812  1.52186149] -245.47134516982024
[ 2.58939325  0.05884907 -1.48677505  1.00916738 -2.03457305  1.76856434] -245.4782365942772
[ 2.57792472 -0.26589659 -1.49357558  1.11598509 -1.95309542  1.56182422] -245.46145639369422
[ 2.59878468 -0.13916433 -1.5888025   0.93635295 -2.00543998  1.53382579] -245.44163540565057
[ 2.63077018 -0.18513643 -1.62394464  0.8582956  -2.01891136  1.47470755] -245.4725310475227
[ 2.71150759 -0.00731632 -1.52281193  1.08544653 -1.96535437  1.62100881] -245.4343534163842
[ 2.83412926  0.07357161 -1.49142678  1.1573604  -1.940383    1.65295527] -245.46777295200388
[ 2.6020742   0.03537795 -1.38648411  0.949148   -2.04642441  1.52039015] -245.45754407174803
[ 2.62655806 -0.19196374 -1.53841426  0.9997738  -1.95781072  1.31765419] -245.47172712198528
[ 2.61726686 -0.12926054 -1.52550446  1.00212219 -1.9770013   1.43038173] -245.4428063327362
[ 2.64514969 -0.11056103 -1.49129628  1.00093041 -1.94222671  1.53386379] -245.41173883082755
[ 2.67651558 -0.14122637 -1.47104648  0.9981263  -1.897406    1.53986494] -245.41794199765573
[ 2.67205122  0.15788371 -1.52875682  0.85313238 -2.01737651  1.48458091] -245.46125724197927
[ 2.64851959  0.05193864 -1.51996151  0.91884556 -2.00130623  1.50389174] -245.43411023116414
[ 2.66338354 -0.1378706  -1.68034075  1.00986866 -1.90900812  1.52051551] -245.47975598259612
[ 2.61740154 -0.00793419 -1.45994827  0.96432816 -2.01207034  1.52042149] -245.43096673772746
[ 2.70439851 -0.14098489 -1.48401039  1.03598961 -1.99283064  1.54805265] -245.41647286374118
[ 2.69132034  0.01125316 -1.4967725   0.97850888 -1.99607479  1.65663969] -245.41221571762375
[ 2.74064774  0.07129612 -1.4027978   1.0583301  -1.96451438  1.5941336 ] -245.42146267576595
[ 2.63763822 -0.03434775 -1.42878366  0.90019771 -2.00431999  1.49799218] -245.40978555093017
[ 2.60070353 -0.04786346 -1.38176952  0.8075733  -2.0238028   1.43648387] -245.43074076180915
[ 2.69699909 -0.12236483 -1.40124146  1.06058273 -1.96937271  1.61314273] -245.39683411638063
[ 2.72123883 -0.20951656 -1.34188143  1.13145132 -1.95340595  1.66776822] -245.40438754012158
[ 2.75464966 -0.10063555 -1.44168576  1.04718498 -1.94437607  1.62752005] -245.39434515883696
[ 2.82327372 -0.14698624 -1.4325545   1.08861339 -1.91052894  1.68106934] -245.40854297619836
[ 2.63607076 -0.23717641 -1.51179889  0.94946801 -1.98521926  1.56493676] -245.42098351275249
[ 2.66221501 -0.16005828 -1.48454861  0.97668353 -1.98004304  1.57223597] -245.40389376470188
[ 2.65825883 -0.0312532  -1.4307657   0.95203981 -1.95264046  1.61907883] -245.3987132987306
[ 2.66031649 -0.19766005 -1.39600132  1.00069751 -1.9349182   1.49797149] -245.40174851734506
[ 2.71154273 -0.10487885 -1.36971255  0.97819835 -1.98633012  1.60878329] -245.3822756319989
[ 2.74473926 -0.10203776 -1.30892069  0.96683232 -2.00838183  1.64624305] -245.3821072844075
[ 2.75475456 -0.20365548 -1.39227085  1.10114258 -1.92559078  1.69407186] -245.3976694469204
[ 2.76102429 -0.09247734 -1.30574664  1.06614311 -1.93171698  1.66044003] -245.3822534741355
[ 2.79649207 -0.01981468 -1.36420905  1.06394434 -1.97577474  1.78886069] -245.40457817461873
[ 2.69436038 -0.1531987  -1.38805325  1.01650921 -1.94513234  1.57069379] -245.38759568344616
[ 2.81058358 -0.22687002 -1.31520719  1.13409184 -1.95554978  1.65162501] -245.404159983843
[ 2.69634002 -0.08015741 -1.40187607  0.99755281 -1.95336779  1.62721537] -245.38669822062158
[ 2.69461634 -0.01330172 -1.35690377  0.95045914 -1.99185846  1.55434648] -245.39255888015987
[ 2.75157756 -0.058238   -1.33315394  0.95431113 -1.95557177  1.61567686] -245.3794076880754
[ 2.7788668  -0.02617458 -1.29911017  0.90117532 -1.9486713   1.61694393] -245.39053189945236
[ 2.69290295 -0.06583476 -1.25653236  0.93675092 -1.98430032  1.5973518 ] -245.38227119490156
[ 2.75236515 -0.1706796  -1.30785722  1.02890736 -1.93429855  1.68486049] -245.3815308068055
[ 2.77195602 -0.03660958 -1.24997572  0.96699    -1.97741341  1.70656874] -245.3801713189688
[ 2.79518173 -0.09513494 -1.18551945  0.9757588  -1.97719316  1.67649829] -245.38020510292682
[ 2.83271171 -0.11922432 -1.30719219  1.04956331 -1.94389158  1.73274401] -245.3880914362484
[ 2.72785514 -0.07918215 -1.26919732  0.96495402 -1.97419813  1.63119986] -245.37619354989985
[ 2.753534   -0.08815    -1.2457948   0.88644143 -2.0106353   1.65990907] -245.38569982976173
[ 2.75915171 -0.09139551 -1.29075868  1.02121769 -1.95144656  1.66030729] -245.37652336144217
[ 2.77462318 -0.07504217 -1.23656675  1.00388069 -1.91499203  1.67879413] -245.38462390999325
[ 2.75221024 -0.09528886 -1.29083221  0.97609441 -1.98503438  1.65438082] -245.37649008271643
[ 2.76694566  0.01872992 -1.23195522  0.92420132 -2.00598726  1.6300168 ] -245.39054778625433
[ 2.75601027 -0.12332722 -1.28888172  1.00273085 -1.95222073  1.67114956] -245.37580783416792
[ 2.71107192 -0.06621216 -1.38874707  0.98634057 -1.9547685   1.63659609] -245.38404913216064
[ 2.77415428 -0.08790425 -1.23632636  0.97840424 -1.971587    1.66652274] -245.376143977946
[ 2.73503038 -0.14183574 -1.31974102  0.99891411 -1.95260611  1.59317696] -245.37716173408324
[ 2.74989311 -0.14807324 -1.23209183  1.02646065 -1.9734592   1.67656888] -245.37917717731295
[ 2.75031422 -0.12561443 -1.25735736  1.00842327 -1.96898734  1.66134588] -245.37567456912595
[ 2.77153491 -0.0590684  -1.2247102   0.98502738 -1.98188526  1.72179175] -245.3815272791694
[ 2.74415651 -0.12114391 -1.29598331  0.99544243 -1.9599259   1.62533066] -245.37492152572497
[ 2.74241517 -0.11942477 -1.25543407  0.95413205 -1.98587126  1.64300255] -245.3759996282382
[ 2.74609163 -0.12357671 -1.24356117  0.99193455 -1.95256241  1.64513627] -245.37525029441215
[ 2.77652555 -0.15448161 -1.25665068  1.01206844 -1.95618675  1.67296269] -245.37643248683693
[ 2.74002275 -0.09800701 -1.26606066  0.97673263 -1.96969529  1.64164057] -245.37490525383402
[ 2.71884924 -0.1491271  -1.29943307  0.99806101 -1.95816731  1.62934576] -245.37655010352378
[ 2.76032802 -0.10320996 -1.25210304  0.98331844 -1.96823208  1.65722849] -245.37481036712512
[ 2.75655929 -0.11220165 -1.27921501  1.032062   -1.93800331  1.65760793] -245.37732493702956
[ 2.7459512  -0.11761899 -1.26137931  0.97361454 -1.97390428  1.64665389] -245.37480737519448
[ 2.73961117 -0.10639645 -1.2365999   0.97375776 -1.9788817   1.62129569] -245.3764697505098
[ 2.7519105  -0.11909453 -1.27581126  0.99548758 -1.95888597  1.65868609] -245.3747697084347
[ 2.74583931 -0.10193594 -1.27427556  0.96375345 -1.95874797  1.63021278] -245.37520233111258
[ 2.7499778  -0.09676007 -1.29830987  0.97084847 -1.97723475  1.6414479 ] -245.3755968913046
[ 2.74706317 -0.11687255 -1.25724835  0.98666303 -1.95873049  1.64421417] -245.37462916867915
[ 2.75063807 -0.12337971 -1.26191975  1.0066661  -1.97104337  1.66103851] -245.37576264123285
[ 2.747039   -0.10729688 -1.27118661  0.97448161 -1.96182182  1.63791921] -245.37454552051514
[ 2.7532817  -0.09955607 -1.23194643  0.96799018 -1.9704974   1.67011682] -245.37603919525222
[ 2.74643781 -0.11574695 -1.27997409  0.98857937 -1.96256878  1.6365272 ] -245.37449244804773
[ 2.75955382 -0.12860627 -1.26650689  0.99064889 -1.95835252  1.65210246] -245.37474753331833
[ 2.73899048 -0.13186876 -1.2852658   0.98650657 -1.95652254  1.63480585] -245.3750087928253
[ 2.75499363 -0.11037466 -1.26039373  0.98411547 -1.96530469  1.65162283] -245.37452051652113
[ 2.75638144 -0.11504496 -1.275661    0.99971078 -1.94798381  1.64703676] -245.3750447604793
[ 2.74855876 -0.11697548 -1.26494973  0.9801386  -1.96742416  1.64674961] -245.3744949075471
[ 2.7493049  -0.11286307 -1.25760854  0.97272141 -1.96584818  1.63102573] -245.37453293104193
[ 2.73824527 -0.09810359 -1.26394679  0.97158427 -1.96888019  1.6305838 ] -245.37491527741403
[ 2.75422668 -0.1209806  -1.26586687  0.98588274 -1.96098444  1.64672279] -245.37446493398895
[ 2.75312376 -0.11120666 -1.27607817  0.97531004 -1.96925353  1.63930829] -245.37457670190986
[ 2.75160861 -0.11262313 -1.27137072  0.97814828 -1.96662277  1.64053476] -245.37443310513692
[ 2.75467113 -0.12255775 -1.26220128  0.98871368 -1.96776252  1.64647509] -245.37454737086063
[ 2.74894703 -0.1111121  -1.26894028  0.97803963 -1.96330699  1.64005818] -245.37442158498482
[ 2.75228594 -0.11640791 -1.2795566   0.99224662 -1.96288909  1.65637939] -245.37466097402373
[ 2.75005016 -0.11374928 -1.26309555  0.97760271 -1.96510841  1.63736415] -245.37438730693952
[ 2.74494939 -0.12002118 -1.27767202  0.97868164 -1.96336716  1.6310294 ] -245.3744426503355
[ 2.75018113 -0.1144356  -1.27735678  0.98217286 -1.95989535  1.63066255] -245.37443602766552
[ 2.75354986 -0.11522702 -1.26145998  0.97159658 -1.9638596   1.63893008] -245.3746415254978
[ 2.74821582 -0.11561696 -1.27534556  0.98433367 -1.96289148  1.63712792] -245.37446425357925
[ 2.74375737 -0.10820549 -1.27872677  0.97377686 -1.96607962  1.6255362 ] -245.37458699137443
[ 2.75160935 -0.11778682 -1.26908184  0.98285627 -1.96225823  1.64142614] -245.37436862023236
[ 2.75089941 -0.11429241 -1.26716016  0.97483346 -1.96396149  1.63656381] -245.37444826803744
[ 2.75022851 -0.11462355 -1.26920651  0.97720851 -1.96369399  1.63670484] -245.37441129099184
[ 2.75592555 -0.10808897 -1.26201187  0.97999445 -1.96359476  1.64455414] -245.3744311652038
[ 2.75260861 -0.11155902 -1.25721215  0.97577709 -1.9682997   1.64955152] -245.3745894511293
[ 2.750788   -0.11371645 -1.27232062  0.98057392 -1.96199644  1.63538479] -245.37436781162396
[ 2.75090759 -0.11373592 -1.26351484  0.98061021 -1.96003017  1.63796266] -245.37442043302994
[ 2.744918   -0.1201524  -1.27337467  0.9789693  -1.96186999  1.63174611] -245.37442773941254
[ 2.74766989 -0.11713654 -1.27053397  0.97922559 -1.96230118  1.63494812] -245.3744272609209
[ 2.75317366 -0.11110483 -1.26485257  0.97973816 -1.96316357  1.64135213] -245.37438401206896
[ 2.75330539 -0.11712685 -1.26508371  0.9814903  -1.96210994  1.63667339] -245.37436224740682
[ 2.75548457 -0.12013423 -1.26315542  0.98321563 -1.96151142  1.63498099] -245.3743899511452
[ 2.7521441  -0.11563334 -1.27103209  0.97921308 -1.96608002  1.63833916] -245.37445744272966
[ 2.75121672 -0.11421028 -1.26539416  0.98026093 -1.96154263  1.63805678] -245.37438186776745
[ 2.75315259 -0.11460796 -1.26406964  0.98363225 -1.96169909  1.64004763] -245.37434081597812
[ 2.75461463 -0.11460016 -1.2615012   0.98684412 -1.96070164  1.64171902] -245.3743536259079
[ 2.75436508 -0.11576845 -1.27050529  0.98524789 -1.95914822  1.64028281] -245.37441839984737
[ 2.75112889 -0.11425407 -1.26494799  0.97951401 -1.96361836  1.63809381] -245.374371702798
[ 2.75055999 -0.11946265 -1.26878007  0.98303773 -1.96124467  1.63520871] -245.37439868724394
[ 2.75252024 -0.11319429 -1.26583445  0.98056305 -1.96268384  1.63981628] -245.3743827942734
[ 2.75121341 -0.11737319 -1.2677982   0.98221284 -1.96172439  1.63674457] -245.37436825347564
[ 2.75251583 -0.11741151 -1.26903984  0.9831656  -1.96292618  1.63806666] -245.3743415294247
[ 2.75306597 -0.11842019 -1.27084996  0.98512971 -1.96061973  1.63802058] -245.3744059951458
[ 2.75161316 -0.1152956  -1.26642348  0.98091793 -1.9628687   1.6380755 ] -245.37434426972268
[ 2.75258677 -0.11405703 -1.26582998  0.98114134 -1.96218335  1.63357137] -245.37433454833095
[ 2.75307548 -0.11219214 -1.26420406  0.98028388 -1.96214591  1.62964398] -245.37435585807765
[ 2.75344051 -0.11336528 -1.26645756  0.98142761 -1.96287018  1.63719521] -245.374335315938
[ 2.75475008 -0.11690496 -1.25998078  0.98335109 -1.96288938  1.63915846] -245.3743499710337
[ 2.75271425 -0.11342059 -1.26551672  0.98305498 -1.96303568  1.63869822] -245.37432633681044
[ 2.75241868 -0.11156746 -1.26573323  0.98383732 -1.96349856  1.63971064] -245.374327411527
[ 2.75059095 -0.11248103 -1.27246496  0.98109548 -1.96230502  1.63605974] -245.37437475366664
[ 2.7537103  -0.11579898 -1.26310183  0.98278719 -1.96274329  1.63838378] -245.3743491761458
[ 2.75163074 -0.11358701 -1.26934391  0.98165938 -1.96245111  1.63683442] -245.37434471667802
[ 2.75215063 -0.11414    -1.26778339  0.98194133 -1.96252415  1.63722176] -245.37435360901287
[ 2.75265051 -0.11373881 -1.26567335  0.98209816 -1.96260952  1.6361348 ] -245.3743281514158
[ 2.75307738 -0.11339293 -1.26598714  0.98224129 -1.96295293  1.63794672] -245.3743250791953
[ 2.75293342 -0.11401427 -1.26479318  0.98334361 -1.96236739  1.63937293] -245.3743326719302
[ 2.75261504 -0.11541605 -1.26727828  0.98311029 -1.96298093  1.63838244] -245.37433154575666
[ 2.7521637  -0.1143581  -1.2659701   0.98198646 -1.96295219  1.63838686] -245.37433787247613
[ 2.75321227 -0.11460978 -1.26430927  0.98292108 -1.96288949  1.638541  ] -245.37434078583257
[ 2.75217249 -0.1135038  -1.26743032  0.98235718 -1.9627434   1.63776632] -245.37432616939705
[ 2.75322399 -0.11347073 -1.26625623  0.98341538 -1.96261109  1.63771361] -245.3743204486534
[ 2.75375413 -0.11302704 -1.26639929  0.98412984 -1.96244054  1.63737699] -245.37434666956815
[ 2.75255113 -0.11363336 -1.26792084  0.98208215 -1.96327713  1.63617445] -245.37433016543662
[ 2.75284821 -0.11163736 -1.26564992  0.98197276 -1.96276232  1.63642893] -245.37433780451096
[ 2.75267333 -0.11447138 -1.26687119  0.9828259  -1.96292628  1.63789407] -245.37433292246342
[ 2.75315068 -0.11343183 -1.26612168  0.98282834 -1.96278201  1.63783017] -245.37433447191626
[ 2.75269824 -0.11348726 -1.26684327  0.98288628 -1.96267724  1.63773997] -245.3743250177457
[ 2.75296912 -0.11344566 -1.26588648  0.98323518 -1.96282339  1.63820592] -245.37432210545253
[ 2.75293725 -0.11360477 -1.26596479  0.98275677 -1.9626103   1.6369242 ] -245.3743243697669
[ 2.75288756 -0.11355204 -1.26708853  0.98274876 -1.96294411  1.63694403] -245.37431090202875
[ 2.75291951 -0.11444339 -1.26676726  0.98326283 -1.96279601  1.63804803] -245.37433944603794
[ 2.7530361  -0.11255404 -1.26595307  0.98269407 -1.9626867   1.63707127] -245.37431981608657
[ 2.75276674 -0.113273   -1.26654244  0.98308381 -1.96266893  1.63703617] -245.3743166463654
[ 2.75324201 -0.11314615 -1.26572057  0.98309171 -1.96277093  1.63689177] -245.37431770409933
[ 2.75310459 -0.11287577 -1.26651765  0.98333287 -1.96289142  1.63769672] -245.3743300023561
[ 2.75297909 -0.11342252 -1.26610301  0.98290079 -1.96268058  1.63711733] -245.3743277504364
[ 2.75282715 -0.11341252 -1.26681549  0.98291629 -1.96280652  1.6369901 ] -245.37431605437678
[ 2.75306479 -0.1133491  -1.26640455  0.98292024 -1.96285752  1.6369179 ] -245.37432064005714
[ 2.75296183 -0.11305304 -1.2665208   0.98272142 -1.96281541  1.63700765] -245.37432989412105
[ 2.75305578 -0.11351138 -1.26667238  0.98308207 -1.9627776   1.63732882] -245.37432503786965
[ 2.75292834 -0.11349885 -1.2664875   0.98299197 -1.96288375  1.63757497] -245.37432616225266
[ 2.75291241 -0.11357841 -1.26652666  0.98275277 -1.96277721  1.63693412] -245.37432504645608
[ 2.75293018 -0.11391439 -1.2668109   0.98308262 -1.96286683  1.63722233] -245.3743235136158
[ 2.75296428 -0.1136071  -1.266952    0.98284228 -1.96279285  1.63653746] -245.37432123052193
[ 2.7529975  -0.11353711 -1.26705462  0.98311132 -1.9629046   1.6370461 ] -245.374329539577
[ 2.75293368 -0.11356808 -1.26665865  0.9828424  -1.96280906  1.63696211] -245.37432475582597
[ 2.75281344 -0.11362303 -1.26690433  0.98270212 -1.9629147   1.63652915] -245.37431939062162
[ 2.75289545 -0.11358465 -1.26699995  0.98289503 -1.96291845  1.63675155] -245.37431374015546
[ 2.75288738 -0.11312842 -1.26691071  0.98259229 -1.96287789  1.6363344 ] -245.37432687306108
[ 2.75291948 -0.1137179  -1.26683586  0.98296003 -1.96286959  1.63700035] -245.3743238698136
[ 2.75289151 -0.11356835 -1.26704424  0.9828219  -1.96293128  1.63684779] -245.3743199680531
[ 2.75285736 -0.11348228 -1.26695201  0.98283252 -1.96287532  1.63696706] -245.37433231087476
[ 2.7528505  -0.11358754 -1.26699643  0.98272544 -1.9629294   1.63673659] -245.37433076689268
[ 2.75297618 -0.11345057 -1.26674654  0.9828345  -1.96290082  1.63693096] -245.37432449077326
[ 2.75292592 -0.11357957 -1.26702027  0.98279552 -1.96286848  1.63674074] -245.37434507764974
[ 2.75290887 -0.11373322 -1.26694972  0.98291569 -1.96290547  1.63708318] -245.37432527874074
[ 2.75286474 -0.1135451  -1.26690556  0.98283075 -1.96296032  1.6370958 ] -245.37432707451896
[ 2.75293576 -0.11366332 -1.26695833  0.98279316 -1.96298182  1.63691239] -245.374329337951
[ 2.75297104 -0.11358333 -1.26690121  0.98292281 -1.9629452   1.63720146] -245.37432509356015
[ 2.75289754 -0.11348088 -1.26692027  0.98289831 -1.96288058  1.63712202] -245.37432362194897
[ 2.75297949 -0.1135777  -1.26697795  0.98288324 -1.9628755   1.63694735] -245.37433056880587
[ 2.75289342 -0.11355325 -1.26692366  0.98284387 -1.96293912  1.63705868] -245.3743272805966
[ 2.75288953 -0.11356019 -1.26706639  0.98278533 -1.9629377   1.63689591] -245.3743153971728
[ 2.75289255 -0.11351646 -1.2670044   0.98282354 -1.96291235  1.63703302] -245.37432488768076
[ 2.75293187 -0.11350131 -1.26691754  0.98279163 -1.96292246  1.6369375 ] -245.37431566266267
[ 2.7529293  -0.11356769 -1.26699487  0.98283579 -1.96294466  1.63707274] -245.37434468503454
[ 2.75289822 -0.11364263 -1.26701913  0.98283223 -1.96292479  1.6370136 ] -245.37431504918086
[ 2.75287615 -0.11354857 -1.26699705  0.98278976 -1.96295222  1.63701991] -245.37431878961155
[ 2.75286266 -0.11353938 -1.26703614  0.98275463 -1.96291988  1.63687525] -245.3743358716003
[ 2.75287932 -0.11354646 -1.26702582  0.98277492 -1.96292608  1.63692462] -245.3743441443264
[ 2.75289289 -0.11359734 -1.26705383  0.98279049 -1.96293445  1.63697882] -245.37432476519626
[ 2.75288855 -0.11355612 -1.26707746  0.98276705 -1.9629409   1.63691997] -245.37431632912705
[ 2.75290972 -0.11352668 -1.26700304  0.9827702  -1.96293329  1.63694076] -245.3743256540483
[ 2.75288186 -0.11355031 -1.26704279  0.98276926 -1.96294816  1.63698197] -245.37433020975766
[ 2.75289006 -0.11353425 -1.26704647  0.98278615 -1.96292823  1.63698853] -245.3743196260765
[ 2.75290843 -0.11355987 -1.2670417   0.98279227 -1.96294438  1.63700839] -245.3743180673808
