[ 0.63831175 -0.19573458 -1.08479699  1.04283581  0.24336548 -0.24848206] -255.79904187478954
[ 1.00451393 -0.58619896 -0.97677573 -2.47649297  0.74182442 -0.14640273] -262.5680287647476
[ 1.56159299  0.12766074 -1.54316689  1.1648602  -0.66724564 -0.1180278 ] -244.70583479595064
[-0.22550091  0.26799109  1.02075983  0.44210761 -0.90688128 -0.50274366] -260.5720558632519
[-2.31616613 -0.49397287  0.08073987  0.07065842  0.79757918 -0.44420158] -304.2684222477278
[-2.07963793 -0.75033882  1.34060982 -0.93299491  1.39265489  0.60989772] -302.05404932132154
[-0.17931194  0.67843006 -0.13865184  2.02153003 -0.67292285  0.95915904] -265.9049321651453
[ 2.55615543  0.34124271 -0.5414138   0.34995684 -0.75398084  0.62866841] -236.07293144421615
[ 4.99231621  0.7588505  -0.85249064  0.48960605 -1.52976085  1.16510341] -242.25295570858407
[ 3.86489168  0.96146917 -2.42862496  1.78126075 -2.06460179 -0.41917399] -263.06149551119444
[ 3.31263357 -0.37295334 -1.71268767 -1.25335395 -0.46291704 -1.22787965] -253.6400173869182
[-0.91565609 -1.10079996  0.81593121 -2.0246229   1.46265682 -0.11911518] -280.72406663397004
[ 2.66975473  0.44590189 -1.61748592  0.82978984 -1.18278714 -0.34415928] -241.82326716580667
[ 2.49980192  0.79090179 -0.84948809  3.33522509 -1.98530657 -0.45780528] -282.1256996443085
[ 1.37833593 -0.24192377 -0.94495382 -1.02356346  0.06004167 -0.22425337] -250.92294409705366
[ 4.26442904 -0.23325987 -3.50226153 -0.07193252 -0.01429322 -0.00863425] -262.6668793835983
[ 0.89698158  0.14267835 -0.10999551  0.31359758 -0.68373427 -0.37921631] -247.03604314012102
[ 3.48683966  0.34327011 -1.07177088 -0.91574012 -1.47357323 -0.30647394] -244.7524353677505
[ 0.87058654  0.75923001 -0.23024126  1.49298757 -1.10417611  0.98005889] -249.1773735277123
[ 2.63563438  0.96191837 -0.7597376   2.10204743 -2.01520742  0.37787003] -255.23224889746572
[ 1.69266054  0.05903676 -0.89864976 -0.24216074 -0.4587706  -0.07372252] -243.42942372614718
[ 3.41740844 -0.27263316 -1.69725299 -0.99288637 -0.63585446 -1.1777027 ] -251.32060037685056
[ 1.50729201  0.50126422 -0.5969942   0.87151909 -0.9870957   0.44061849] -241.80402931539243
[ 3.59445021  0.46344713 -1.97983164  0.37247745 -1.15741678  0.45485077] -241.35962120819178
[ 1.04046232  0.30291437 -1.32074319  2.03122102 -0.26219233  0.63588329] -250.1236011319737
[ 2.87524532  0.33318117 -1.13401396 -0.17899984 -1.17072801 -0.07088463] -240.0010601116424
[ 3.40359309  0.58703056 -0.71296287 -0.49733266 -1.23634738  0.46315155] -238.24652505031764
[ 3.84283639  0.83165246 -1.29558437  0.82463098 -1.70401468  0.59780429] -242.118234511409
[ 3.30529243  0.63849854 -1.19635071  0.55793305 -1.39270366  0.42992259] -238.58551704479487
[ 3.0775881   0.50898622 -0.43636981 -0.33793853 -1.04997032  1.12626834] -235.6578639977717
[ 3.28150478  0.54052838  0.15418824 -0.92180271 -0.98356192  1.86148216] -236.18515037890865
[ 4.76348284  0.45619789 -1.40332007 -0.78282031 -1.26661997  0.57004052] -248.2124638912838
[ 2.32133972  0.48999764 -0.79857566  0.45793424 -1.05697677  0.472974  ] -237.5759886209591
[ 2.25195449  0.50286515  0.37326937 -0.25529309 -1.06281888  0.56184932] -236.5329377246042
[ 2.76339576  0.68969243  0.02987946  0.27075312 -1.01353794  1.29849603] -233.35201951914144
[ 2.70747099  0.86794806  0.61182616  0.4956296  -0.93494291  1.98318636] -232.09878467279236
[ 2.13407484  0.46085824  0.69494184 -0.48694758 -0.63897537  1.31544341] -237.13808564174693
[ 1.61260143  0.47026878  0.68085557  0.57177982 -0.59620765  1.56631174] -238.8559775716125
[ 2.95584518  0.55784011 -0.36450826 -0.23005454 -1.07631245  0.73894159] -235.68660711619478
[ 2.90635662  0.58991586  0.9111575  -0.61281667 -0.78202349  1.64514515] -234.44705088559843
[ 3.35104876  0.66207446 -0.51028812  0.29010879 -1.24770759  0.91257632] -234.84191284976828
[ 3.59953386  0.67313732 -0.48313481  0.24025492 -0.88549366  1.78307941] -233.42834580218133
[ 3.64312574  0.9453913   0.45097469 -0.40156231 -1.2381693   2.10106398] -232.74047007084897
[ 3.47252951  0.85797763  0.54589679  0.1212798  -0.96978997  2.44483159] -231.15257745403707
[ 3.73087168  1.00804638  1.00109932  0.29694698 -0.91652873  3.29777659] -230.46594647202983
[ 3.56854778  1.07318491  1.09691472  0.44079229 -0.95165157  2.78134093] -229.69834922302508
[ 3.81402763  1.35528425  1.86355699  0.8301577  -0.90249219  3.60887722] -229.27250354593463
[ 3.44941342  1.1511666   1.96211474 -0.00723871 -0.6388425   3.89379991] -233.45677746672237
[ 4.07512448  1.41040878  0.8909882   1.09754606 -1.05679961  3.91078267] -230.08386818935563
[ 3.74063804  0.9355721  -0.51701122  0.86022969 -1.33929963  1.66778883] -234.1106915821184
[ 3.52221957  1.09726797  1.34233325  0.20962839 -0.81395678  3.33729714] -230.87392581325548
[ 3.56474616  1.55497826  2.53672768  0.60252722 -1.06880285  4.29658191] -231.7125875001504
[ 3.49502777  1.48591993  2.29786918  1.57904096 -0.65967173  4.71043666] -232.8111556886204
[ 3.60610125  1.08052346  0.91269831  0.09358851 -1.0935449   2.75340715] -230.50587843907957
[ 4.73022594  1.63422165  2.23730842  0.54783535 -1.01576545  5.08505453] -231.91391617009248
[ 4.2245372   1.44265325  1.83093786  0.53478391 -0.99555981  4.30958749] -230.2896870295551
[ 4.0928811   0.90974977  0.07714363  0.41835663 -0.85749116  2.77599417] -231.5981420650279
[ 3.96084737  1.07105689  0.69203964  0.46439928 -0.91031908  3.15614111] -230.15087012724132
[ 4.28161696  1.35872303  1.05477352  0.89617909 -1.144458    3.6748936 ] -229.90153224820074
[ 4.42290719  1.46820074  1.53176687  1.27974917 -0.8818409   4.56594575] -230.16446301780724
[ 4.52881527  1.6940626   1.62025504  1.40399143 -1.04729446  4.44429935] -230.87070133990306
[ 3.93035757  1.17955044  1.15588825  0.57370809 -0.94922017  3.58440728] -229.72482512571756
[ 3.93708987  1.1717548   0.56539997  1.17912921 -0.95281683  3.19076172] -229.79504638062573
[ 3.57678077  1.04739199  0.54244866  0.40062398 -1.09019439  2.47600879] -230.36149908041682
[ 4.21137559  1.36299855  1.28443731  1.05996787 -0.93392927  4.04346151] -229.55933883168692
[ 4.12235     1.54184972  1.57964177  1.41449673 -1.06958627  4.18158689] -230.65095066678813
[ 4.00122303  1.1887551   0.91394017  0.70192364 -0.95013588  3.41250255] -229.54694572095622
[ 3.98343907  1.12861328  1.38834387  0.64947581 -0.88755117  3.26085195] -229.08087985610487
[ 3.93759636  0.98771553  1.63702171  0.42544068 -0.80292696  2.93588659] -229.34047328567954
[ 3.67755396  1.10359577  1.33574866  0.76860835 -0.71425718  3.35872714] -229.51916363008854
[ 3.93556908  1.26784434  2.08190512  0.34881794 -0.82637845  3.8988475 ] -230.5182223873852
[ 3.93670967  1.19577718  0.94452625  0.9715514  -0.92120724  3.36778316] -229.26885684799367
[ 3.94441874  1.26545761  1.42096284  1.0868535  -0.82063748  3.4329939 ] -228.8233867583909
[ 3.95144932  1.3084112   1.55350013  1.34342621 -0.75634613  3.35728721] -228.80420969205758
[ 3.57675864  1.06381371  1.38210138  0.69507983 -0.77673399  2.74521491] -229.20726267221
[ 3.64542307  1.19641003  1.90865226  1.05084279 -0.70272676  3.15374464] -229.07119652915037
[ 3.95838184  1.31250744  1.67781163  1.07823623 -0.93476198  3.13919255] -228.7791454394149
[ 4.09879578  1.41696328  1.84884311  1.23305017 -1.04501439  3.02942526] -229.36608972227762
[ 3.87002624  1.04656003  1.08808819  1.09937972 -0.75728357  2.73248092] -228.717015296543
[ 3.89802554  0.89219791  0.70035379  1.23399073 -0.68467926  2.29428278] -229.16782036867056
[ 3.72511638  1.15632805  2.0549729   1.00059547 -0.6839273   2.76180756] -228.7093330419991
[ 3.61931974  1.13660348  2.61019622  1.01511751 -0.56528732  2.45881976] -229.3663606136311
[ 4.13452     1.31912963  1.84168828  1.37890558 -0.79746498  3.38990671] -228.76841876879897
[ 3.77819989  1.31783551  1.98656059  1.66765286 -0.65661907  2.91728791] -229.5762094877506
[ 3.93212927  1.17591884  1.53789805  0.90402007 -0.82981815  3.17496094] -228.6626621066749
[ 4.21178462  1.24320837  1.34266747  1.21734496 -0.88380728  3.03146732] -228.76044145510798
[ 3.9925368   1.10947292  1.62754204  0.88273447 -0.87267495  2.71931813] -228.47014826258558
[ 4.01308053  1.01000378  1.66456299  0.6523886  -0.93083936  2.40033359] -228.71379383363893
[ 3.99698926  1.0376985   1.48647401  1.08275719 -0.67356343  2.79745465] -228.30510988647114
[ 4.01629298  0.90029403  1.3908052   1.08501768 -0.54296415  2.62658569] -228.37382915259687
[ 3.77500752  0.93726593  1.20419261  0.68337172 -0.76955991  2.34925647] -229.0244105175956
[ 4.04464188  1.22366371  1.68231436  1.20502211 -0.79048871  3.12974415] -228.4657980833552
[ 3.64202866  1.00667231  1.81642905  0.84082471 -0.65211142  2.7404548 ] -228.990620890522
[ 4.06934563  1.18407435  1.46110786  1.1232149  -0.82588332  2.95871419] -228.46990075321148
[ 4.05022684  1.24915876  2.19534822  0.96673502 -0.80150171  3.11485228] -228.45094998569616
[ 4.30350684  1.17033431  1.27525528  1.05423245 -0.91404946  3.20320722] -228.8550017605173
[ 3.869714    1.15982961  1.86004349  1.01400472 -0.74145784  2.87215748] -228.44678035062486
[ 4.07568887  1.14538045  1.89971194  1.1874694  -0.73870517  2.68911935] -228.21939712862655
[ 4.14746866  1.13011125  2.08061889  1.32919406 -0.69314868  2.44619855] -228.30515534911612
[ 4.0429987   1.22379554  1.90079126  1.31033331 -0.65119177  3.1346959 ] -228.3201601989966
[ 3.95740755  1.1624345   2.21378656  1.13222568 -0.6397529   2.95396041] -228.38663670132684
[ 3.95303319  1.10243541  2.16973747  1.02615299 -0.62490223  2.72433587] -228.30593087057028
[ 3.91505035  1.02803258  1.64816669  1.28424608 -0.55502273  2.6090556 ] -228.2481928664513
[ 4.11067531  1.07342938  1.91284582  1.32705684 -0.55292157  2.76404978] -228.0204093764165
[ 4.23115596  1.03022926  1.93924698  1.4835829  -0.45865344  2.70999594] -227.92952378859408
[ 4.11423122  1.02675608  1.46758955  1.32595494 -0.59426003  2.60092536] -228.16771836814445
[ 4.05238426  0.89971522  1.63618429  1.15305453 -0.5638439   2.24226635] -228.18010877091297
[ 4.17546678  0.95350195  1.18938702  1.47953535 -0.56978067  2.49193654] -228.49802251288835
[ 4.00864159  1.06520205  1.92464986  1.13949858 -0.61112184  2.66623604] -228.12517481734508
[ 4.13539482  1.02740671  2.0187091   1.44184495 -0.50030561  2.37507823] -228.07142510918248
[ 4.29078189  1.03686401  1.98053055  1.29288902 -0.60060726  2.48548482] -227.96558136632277
[ 4.20184104  0.883344    1.75592483  1.42480558 -0.37089219  2.3375429 ] -227.9485657522398
[ 4.27496458  1.12355215  2.059366    1.54980413 -0.48143622  2.81615474] -228.02122033779906
[ 4.2666954   1.02877665  2.42521955  1.45152011 -0.41341216  2.52923887] -227.96151883465677
[ 4.45830298  0.97818888  2.13501581  1.74198365 -0.33064712  2.41826246] -228.0676363867387
[ 4.4391858   0.99957827  2.07972548  1.53968351 -0.38491052  2.72381501] -227.78422720525126
[ 4.59108129  0.98566405  2.11023367  1.58860279 -0.32721298  2.8981834 ] -227.772768150713
[ 4.16053708  1.05128783  1.95515805  1.18841786 -0.55342429  2.84060443] -227.98735127181763
[ 4.30573297  0.88183645  1.99607188  1.26013529 -0.42663122  2.45086204] -227.87375766750904
[ 4.46855911  0.89761698  2.11391777  1.64542736 -0.31237879  2.29649823] -227.9267566849873
[ 4.39757337  0.86562512  2.13300768  1.65846899 -0.16911966  2.5886223 ] -227.79774727572638
[ 4.46528585  0.81932864  1.59091472  1.56882086 -0.27488393  2.56466273] -227.9707389964122
[ 4.31634301  0.97641465  2.21664334  1.4808453  -0.3787801   2.53809483] -227.83188167396804
[ 4.56830753  0.99578484  2.41378228  1.6142153  -0.32003321  2.82320934] -227.81003187755798
[ 4.65137647  0.8374181   2.38863856  1.59898211 -0.18606521  2.48849411] -227.75692150213055
[ 4.86148672  0.74101252  2.61333435  1.65668172 -0.0497711   2.3777432 ] -227.9246097336057
[ 4.47491244  0.94996409  2.30554136  1.4216559  -0.29023534  2.96599045] -227.82649796913307
[ 4.69413174  0.98845383  2.52654375  1.86078817 -0.13051761  2.9833361 ] -227.929054615208
[ 4.40283266  0.9084908   2.12868985  1.41029851 -0.35260282  2.58398056] -227.76061298950518
[ 4.71235158  0.87123435  2.27665445  1.61656257 -0.16964297  2.91139855] -227.77189113533362
[ 4.63292852  0.87144166  2.17812747  1.74072086 -0.21799028  2.46530564] -227.87329837300803
[ 4.51441646  0.93033348  2.27368789  1.50142214 -0.27217407  2.84081924] -227.74048841462417
[ 4.52156975  0.80380379  2.02318842  1.51056373 -0.17223936  2.61395671] -227.82103554916503
[ 4.55662308  0.94778958  2.31613381  1.58830241 -0.28308475  2.77089618] -227.73887266737472
[ 4.74532047  0.96135167  2.36500506  1.44292119 -0.36114127  2.90930171] -227.8074262441534
[ 4.48451015  0.88955676  2.19100703  1.60458204 -0.21712506  2.66879215] -227.73347342052074
[ 4.51628884  0.80927697  2.41470353  1.5181138  -0.16635198  2.52327687] -227.81395937367864
[ 4.57238318  0.94156728  2.18635113  1.57098054 -0.28699773  2.80445676] -227.72846863887187
[ 4.34836243  0.94715098  2.21818164  1.47496001 -0.36304024  2.47441445] -227.80870080889838
[ 4.62135429  0.89021351  2.26203625  1.58116193 -0.21799229  2.80215253] -227.72975625826768
[ 4.73072188  0.90380211  2.41059504  1.73817855 -0.13521022  2.87455644] -227.77408198318133
[ 4.48480497  0.90731862  2.19916615  1.49226852 -0.29825467  2.65662453] -227.7247568171051
[ 4.42665424  0.99817498  2.08748886  1.51392375 -0.33914431  3.02608636] -227.811836173603
[ 4.59519591  0.87760732  2.31335113  1.57771752 -0.22433499  2.62289217] -227.72421145322366
[ 4.59054073  0.88768421  2.21566061  1.63691552 -0.23708909  2.60111886] -227.7474439596146
[ 4.53344753  0.91967116  2.25918107  1.53529548 -0.26340283  2.78089415] -227.72400782326628
[ 4.54060892  0.8608553   2.15423044  1.53236627 -0.21961777  2.67437458] -227.7356874328309
[ 4.54461246  0.88258887  2.19470628  1.5463503  -0.23548452  2.69850498] -227.72157647286176
[ 4.63275596  0.9167655   2.28059031  1.49667606 -0.29169728  2.78638289] -227.73091660373524
[ 4.59569451  0.90996331  2.25819449  1.52365256 -0.27305422  2.7569852 ] -227.72169081652515
[ 4.48735857  0.92269202  2.2082805   1.50092638 -0.30918403  2.63796674] -227.72064502976107
[ 4.4203607   0.93893127  2.18140263  1.4608086  -0.3547799   2.55587385] -227.74541059276024
[ 4.50798814  0.86504649  2.29127541  1.48775638 -0.24757402  2.58016583] -227.7417031708815
[ 4.55628442  0.92243708  2.2125822   1.5501745  -0.2771418   2.74838403] -227.716800030363
[ 4.61939283  0.90433463  2.28293241  1.58577039 -0.22927946  2.75858456] -227.7176956546538
[ 4.51706753  0.94295504  2.15860785  1.50300568 -0.3048473   2.83754772] -227.72895935800432
[ 4.57566382  0.89394425  2.27466531  1.55903956 -0.24446306  2.67655606] -227.71829532219544
[ 4.59288801  0.89231556  2.21793933  1.55334242 -0.2594662   2.64476638] -227.71962083313156
[ 4.52970552  0.89614082  2.20550753  1.57488196 -0.24528547  2.63126905] -227.71797296693543
[ 4.57581859  0.92803258  2.27259615  1.56169477 -0.28612216  2.66733729] -227.7240170724977
[ 4.552414    0.8939498   2.21417875  1.55018642 -0.24814393  2.69071306] -227.71540088271124
[ 4.65475763  0.8783487   2.26098801  1.62353871 -0.19207595  2.74545764] -227.72671610606017
[ 4.52920833  0.91160619  2.22145738  1.53157946 -0.27990701  2.66483946] -227.71553441692674
[ 4.52800163  0.91515537  2.25250186  1.56386835 -0.24860737  2.74534903] -227.7204897915666
[ 4.57666641  0.89802551  2.22657997  1.5559739  -0.2567515   2.66991204] -227.7167504536302
[ 4.54556002  0.9148871   2.17974743  1.55714932 -0.26770666  2.71134468] -227.7139852256819
[ 4.53050813  0.92535852  2.13228849  1.5562042  -0.27932845  2.72873898] -227.7178013659928
[ 4.59680315  0.91893928  2.24031852  1.53539603 -0.27435798  2.78332356] -227.72165130934638
[ 4.54647993  0.90184044  2.21421028  1.56501048 -0.2525536   2.66928268] -227.71418912442167
[ 4.48281154  0.90991407  2.13998625  1.51758763 -0.29812204  2.62624075] -227.72397409809648
[ 4.58524751  0.90572949  2.24719587  1.5687247  -0.2464901   2.72549861] -227.71557567903392
[ 4.55557432  0.88624243  2.22187436  1.55936693 -0.24004246  2.62881281] -227.71456005786646
[ 4.52816162  0.9067263   2.20630806  1.55469854 -0.25486309  2.69358506] -227.7147091665245
[ 4.5005519   0.89935459  2.17206288  1.53727234 -0.26791548  2.62736064] -227.7181652114394
[ 4.56407361  0.90413577  2.22841262  1.56086161 -0.25184645  2.70096412] -227.71538952030807
[ 4.56821283  0.89098776  2.20011979  1.5841783  -0.22514505  2.70006133] -227.71691231444348
[ 4.53895946  0.90645158  2.21612298  1.54472917 -0.26621652  2.67364493] -227.71385176312998
[ 4.54052232  0.9128114   2.20804649  1.56375226 -0.26293233  2.66849837] -227.7131546094078
[ 4.53457649  0.9222422   2.20498036  1.57053518 -0.27032653  2.65739102] -227.71514428427207
[ 4.52101228  0.90551731  2.18702391  1.55404062 -0.2629251   2.64742539] -227.71357318692716
[ 4.55454116  0.90252378  2.20270042  1.55998439 -0.2625958   2.63941789] -227.71466261459238
[ 4.54794627  0.90357441  2.20360233  1.55866293 -0.26066262  2.65295968] -227.71371685558844
[ 4.52458578  0.92878499  2.18104345  1.55508133 -0.28428981  2.7122391 ] -227.71758573775102
[ 4.54782718  0.89687807  2.21166663  1.55829553 -0.2511043   2.64966938] -227.71343916465383
[ 4.53412925  0.91153285  2.18785965  1.54719946 -0.27129558  2.66523147] -227.71264740874116
[ 4.52795391  0.91637906  2.17468434  1.53829395 -0.28066657  2.66320586] -227.7128448663531
[ 4.5312389   0.89736811  2.22502657  1.551744   -0.25733883  2.6077984 ] -227.71621931753063
[ 4.54197974  0.91050735  2.19106722  1.55579799 -0.2651147   2.68545811] -227.71330614918955
[ 4.53884623  0.90715555  2.18029909  1.56785376 -0.25846169  2.64943587] -227.71360916787788
[ 4.52682606  0.91122643  2.185052    1.55698361 -0.26328194  2.66894651] -227.713269116405
[ 4.53191939  0.90900225  2.20993954  1.5441694  -0.26708963  2.67897387] -227.7140789891386
[ 4.53711452  0.90761723  2.18770921  1.56193267 -0.26061868  2.65682037] -227.71320747511155
[ 4.55512074  0.91134046  2.20344316  1.56061322 -0.26185741  2.68411601] -227.71135779575022
[ 4.57217497  0.91425204  2.21165278  1.56389952 -0.26132356  2.70246132] -227.71333167010843
[ 4.53073703  0.92480051  2.17605928  1.55713088 -0.27726258  2.69335423] -227.71379351716416
[ 4.54355464  0.90385868  2.20276479  1.55800437 -0.25764387  2.66059059] -227.71278387017128
[ 4.53710944  0.908955    2.20055788  1.56036387 -0.2607619   2.64927633] -227.71214231820795
[ 4.55569091  0.90747877  2.21174173  1.560305   -0.26175464  2.6592312 ] -227.71229276849965
[ 4.55159458  0.91104183  2.21709536  1.5548134  -0.26479657  2.67216096] -227.71142184259006
[ 4.55187753  0.9052578   2.19977436  1.55001418 -0.26310433  2.66170382] -227.71134182013944
[ 4.55755514  0.901481    2.1956383   1.54314514 -0.26319032  2.65830655] -227.7114206908648
[ 4.55161951  0.9146769   2.20405926  1.55309868 -0.27021294  2.66998267] -227.71104970599535
[ 4.55565194  0.92008601  2.20470649  1.55064584 -0.27649747  2.67467871] -227.7107008978428
[ 4.56821913  0.90985377  2.22458001  1.56505238 -0.25829519  2.66849088] -227.7132461052832
[ 4.54265172  0.91111308  2.19703974  1.55166269 -0.26804548  2.66604632] -227.71189263366813
[ 4.54231108  0.91511929  2.19579727  1.54906606 -0.26993308  2.67676285] -227.71041441432055
[ 4.53562116  0.91893954  2.18782504  1.54344659 -0.27402229  2.68552867] -227.7101080780301
[ 4.56039646  0.91697124  2.20273684  1.5433681  -0.27534595  2.69880183] -227.71085244950137
[ 4.56076909  0.91676588  2.20815401  1.54930442 -0.27049585  2.69295034] -227.70978124587782
[ 4.56982777  0.91959227  2.21371114  1.54812528 -0.27172104  2.70640236] -227.71191347516458
[ 4.55488439  0.91874514  2.18511794  1.54431738 -0.27564453  2.6937655 ] -227.7098538011668
[ 4.55127945  0.92091474  2.19266174  1.53308561 -0.2831794   2.68502695] -227.70935198102276
[ 4.5493588   0.92570187  2.18727102  1.51932181 -0.2938404   2.68548242] -227.70900385436704
[ 4.55368308  0.93381209  2.19216275  1.53345386 -0.29217784  2.71536533] -227.7094761008603
[ 4.54292636  0.92771227  2.18567558  1.5367952  -0.28554685  2.6837885 ] -227.7082099547889
[ 4.53419132  0.93308279  2.17714495  1.53350876 -0.29064731  2.67628183] -227.70727361591187
[ 4.54051734  0.92892977  2.17451875  1.5238051  -0.28911194  2.70844599] -227.7082753476656
[ 4.56218017  0.93340631  2.18696476  1.52445719 -0.296617    2.70523514] -227.70845843547113
[ 4.54534887  0.93848776  2.19028748  1.51696633 -0.30198558  2.70082151] -227.70721818129866
[ 4.54058112  0.94835907  2.19287225  1.5032908  -0.3151561   2.70434952] -227.7068668995962
[ 4.53273485  0.95099809  2.16215749  1.49664142 -0.32202101  2.7054364 ] -227.70808208970482
[ 4.53283812  0.93968054  2.16814699  1.50022116 -0.31028674  2.67971176] -227.70626198874487
[ 4.52241564  0.94261476  2.15613912  1.4836048  -0.3193412   2.66188498] -227.7038445084044
[ 4.52818135  0.95342839  2.16266141  1.50244755 -0.31712445  2.70172887] -227.70522882872544
[ 4.50402703  0.95239798  2.15486656  1.48997562 -0.32118367  2.68080739] -227.70404641778927
[ 4.51352643  0.96469726  2.16076185  1.47935122 -0.3393793   2.66838367] -227.70446567962102
[ 4.51490611  0.94719533  2.17265789  1.50075149 -0.31225633  2.65904235] -227.70199513915279
[ 4.50599173  0.94529394  2.1779081   1.50280653 -0.30737399  2.63584533] -227.70140815597748
[ 4.50404978  0.96918101  2.15792481  1.45365008 -0.3492056   2.67471809] -227.70336576371932
[ 4.48548287  0.96084538  2.13054836  1.46732114 -0.33604663  2.63677326] -227.7031724073187
[ 4.48364982  0.95824839  2.15005485  1.45645558 -0.34038568  2.61774204] -227.70487397898475
[ 4.4947827   0.95704339  2.15320649  1.46795357 -0.33457037  2.63873874] -227.70329475931416
[ 4.49205682  0.94442823  2.14943597  1.4757527  -0.31652785  2.64120559] -227.702871129182
[ 4.49756615  0.95407092  2.15352106  1.46038732 -0.33317155  2.61558127] -227.70161432113977
[ 4.47089438  0.96767286  2.15137581  1.45901898 -0.33962414  2.61906912] -227.70241822150962
[ 4.47820843  0.9406039   2.14740712  1.49076333 -0.30656591  2.58768635] -227.70421340016554
[ 4.49758944  0.96203673  2.15529539  1.4629284  -0.33854568  2.65296015] -227.70188982979698
[ 4.4884111   0.95440597  2.15282174  1.47478478 -0.32252624  2.62840616] -227.70011535943857
[ 4.4852253   0.95308726  2.15262936  1.47820039 -0.31650417  2.62323987] -227.698797499949
[ 4.49762507  0.94801793  2.18284019  1.47904363 -0.31453583  2.62586052] -227.69954880006912
[ 4.4929072   0.96563166  2.17508734  1.47170905 -0.3333906   2.61631317] -227.699061779849
[ 4.52140726  0.94170662  2.18105133  1.49267279 -0.30821647  2.63753099] -227.69916028506503
[ 4.50265146  0.94056604  2.18571707  1.49867818 -0.29918519  2.5984969 ] -227.69867095804761
[ 4.50518247  0.9298307   2.20092792  1.51655307 -0.27950495  2.57126527] -227.70001201594053
[ 4.50436986  0.94403023  2.19822341  1.51398287 -0.29323054  2.63018099] -227.69865086792697
[ 4.50777171  0.93900988  2.22057458  1.54078064 -0.27326003  2.63748084] -227.700456199342
[ 4.49540365  0.95238597  2.18060814  1.4752891  -0.3143136   2.60802882] -227.69602812168918
[ 4.49010961  0.95593198  2.18195816  1.46153039 -0.31778341  2.59412056] -227.6942917125578
[ 4.50126516  0.95229999  2.17538203  1.49321425 -0.3082343   2.60743364] -227.69551555225192
[ 4.47076894  0.96214244  2.17528112  1.47976558 -0.3145596   2.58573072] -227.69697260086167
[ 4.49188958  0.93705432  2.18130971  1.50341484 -0.28310847  2.59675439] -227.69631702931434
[ 4.5017929   0.94425441  2.21332781  1.50532831 -0.288863    2.58099919] -227.69508835259361
[ 4.48408056  0.95800508  2.18944367  1.48706724 -0.30274125  2.59990959] -227.6924136438992
[ 4.47479511  0.9667246   2.19130697  1.48126177 -0.30451927  2.60061594] -227.69006246494143
[ 4.47250391  0.96210569  2.17463186  1.46085551 -0.31245881  2.55837049] -227.6919017375421
[ 4.50668315  0.94398123  2.19735773  1.48876945 -0.29042948  2.59370069] -227.69051111039497
[ 4.4904937   0.97137831  2.19667847  1.46023839 -0.32432096  2.58165911] -227.6893808640078
[ 4.48979577  0.98854031  2.20436285  1.43865017 -0.3449272   2.57411147] -227.68902830083695
[ 4.47729499  0.96821275  2.21226643  1.45225095 -0.31142609  2.55987248] -227.68856909582533
[ 4.4653099   0.97616912  2.23070863  1.4317693  -0.31302199  2.5360919 ] -227.688958837209
[ 4.46860127  0.98424444  2.17396686  1.42244443 -0.33831843  2.57926469] -227.68783311420913
[ 4.45200546  1.00423945  2.15428638  1.38100249 -0.36304614  2.57839744] -227.689590988168
[ 4.47311512  0.98200435  2.20267274  1.4532137  -0.31624302  2.56119136] -227.6835275847784
[ 4.46461787  0.99504054  2.21303003  1.44905536 -0.31547283  2.54472676] -227.67948202416702
[ 4.48809214  0.98680893  2.22279843  1.44995519 -0.32257229  2.59239351] -227.68147999122453
[ 4.4477159   1.01920929  2.20855279  1.40910318 -0.35531589  2.5566276 ] -227.68562637432538
[ 4.47057754  1.01396082  2.22035215  1.39255799 -0.3581583   2.53504956] -227.68335393338822
[ 4.4491708   1.00061861  2.21262605  1.41980553 -0.32216074  2.54853339] -227.68151611291677
[ 4.45229686  1.03174813  2.20484234  1.39538961 -0.35924006  2.55899269] -227.67792722226122
[ 4.43979779  1.06351582  2.2011303   1.36695895 -0.38314705  2.5585528 ] -227.67691354437235
[ 4.45138941  1.04214023  2.25219639  1.40670097 -0.34729061  2.53269652] -227.67626596796225
[ 4.44278347  1.07108813  2.29131116  1.39882924 -0.35177669  2.50941243] -227.6781020641146
[ 4.47349928  1.01481903  2.23215832  1.41924148 -0.32761805  2.54735658] -227.67060323300623
[ 4.48639097  1.0126239   2.24396109  1.42431064 -0.31376914  2.54272108] -227.66441388004162
[ 4.45590878  1.01962186  2.2282286   1.44637089 -0.30997925  2.57149179] -227.66922841277872
[ 4.47956152  1.03929848  2.24115556  1.42797847 -0.34191631  2.56566076] -227.66698329824067
[ 4.43779664  1.07060468  2.23710223  1.39050323 -0.34795277  2.51288972] -227.66821565582705
[ 4.4523305   1.08756112  2.2548947   1.37188569 -0.36587888  2.54994413] -227.66153881526074
[ 4.44618682  1.13382142  2.27582703  1.33330085 -0.3910819   2.55255282] -227.66272044580253
[ 4.48132815  1.02710094  2.28471589  1.45562434 -0.2924486   2.53324854] -227.66088493205874
[ 4.50209333  1.0088935   2.32650869  1.49995704 -0.24709938  2.52059641] -227.66269892861953
[ 4.47971611  1.04346343  2.24448963  1.43219011 -0.31002438  2.55928882] -227.64992719127565
[ 4.49387946  1.04412503  2.24063625  1.44493469 -0.29139126  2.57258497] -227.63941287457615
[ 4.48785363  1.07414953  2.2725933   1.39204146 -0.34113974  2.52085794] -227.64900216870464
[ 4.52265144  1.02434832  2.27555003  1.44842187 -0.30089521  2.58211608] -227.65020246939753
[ 4.49524987  1.05067113  2.28296152  1.41776109 -0.29325796  2.53483015] -227.64161272597835
[ 4.49137338  1.09002812  2.29315615  1.41924574 -0.31456808  2.55513953] -227.63408756857692
[ 4.49386458  1.12873023  2.31775368  1.41671329 -0.31496755  2.56134875] -227.62415382075324
[ 4.53927854  1.02881394  2.30317553  1.48661323 -0.24548789  2.55171801] -227.633446682055
[ 4.52959769  1.08984512  2.27950755  1.4132042  -0.3032646   2.5745701 ] -227.6161701900974
[ 4.55373246  1.12121721  2.27690337  1.39199413 -0.30867261  2.59523088] -227.59988862304647
[ 4.49863474  1.12488737  2.28912452  1.40159743 -0.29741046  2.53007415] -227.60980563468175
[ 4.53702626  1.09199878  2.29759166  1.46116316 -0.24258951  2.59440437] -227.60179897776197
[ 4.54355548  1.12925306  2.29210015  1.44991088 -0.2735818   2.60029023] -227.59014665229247
[ 4.56770829  1.16854402  2.29666946  1.46598578 -0.26374372  2.63302027] -227.57334070080643
[ 4.5695355   1.17727215  2.35310316  1.42975432 -0.26623265  2.58268051] -227.57664743041582
[ 4.53422207  1.24206932  2.30720642  1.36912281 -0.31905094  2.6138683 ] -227.56862388857897
[ 4.53169384  1.34869701  2.30922186  1.3103776  -0.35583246  2.64494345] -227.55876000101236
[ 4.59224578  1.21547528  2.28978433  1.40357751 -0.26319292  2.63210246] -227.5486880792904
[ 4.64143638  1.2588478   2.27579965  1.39700962 -0.2373056   2.66747931] -227.53068788199124
[ 4.63507617  1.26397162  2.31397187  1.4171641  -0.26071505  2.70917878] -227.5392332725665
[ 4.62936795  1.35418449  2.3109648   1.34293202 -0.32157786  2.68310669] -227.53419685970368
[ 4.63787358  1.40262182  2.34300689  1.39574702 -0.25979651  2.71157212] -227.5071233811218
[ 4.67994414  1.54332412  2.37605865  1.39762346 -0.23535846  2.76974274] -227.49788175273954
[ 4.65887342  1.46858421  2.27445894  1.34727654 -0.29194506  2.78647657] -227.5101165683344
[ 4.69108901  1.57732573  2.32348913  1.27147534 -0.30383445  2.78728891] -227.5217638988517
[ 4.78023519  1.47338232  2.31569249  1.4141161  -0.19441303  2.82281422] -227.50141990338008
[ 4.72523919  1.62791127  2.31151602  1.30631359 -0.26742977  2.79645737] -227.50319338683775
[ 4.76290449  1.62894066  2.31470683  1.36833953 -0.1885176   2.86031301] -227.49798980057903
[ 4.79132543  1.84764163  2.36284103  1.30470523 -0.25652719  2.94021829] -227.5685398708562
[ 4.67890864  1.40604626  2.29756     1.37393352 -0.242111    2.73566406] -227.50051056278048
[ 4.73761269  1.47207055  2.30650851  1.46439225 -0.16942386  2.80320041] -227.48101968045518
[ 4.76087453  1.41944296  2.2980182   1.5608507  -0.10221857  2.81115616] -227.48726895969625
[ 4.79607469  1.58197419  2.36622189  1.42762961 -0.14047284  2.80958736] -227.48388809760303
[ 4.75332075  1.40733476  2.3474001   1.50903123 -0.12266916  2.80398323] -227.49379699216507
[ 4.68935328  1.53984787  2.35379284  1.4328671  -0.17177128  2.77134938] -227.47943894075743
[ 4.64391233  1.57308064  2.37284302  1.4422426  -0.1604504   2.74561696] -227.48690311965746
[ 4.79416137  1.65178446  2.39066961  1.4926942  -0.10062674  2.87039465] -227.49331483875406
[ 4.72058448  1.43650466  2.3988437   1.53973976 -0.12492318  2.74910625] -227.49362027999874
[ 4.81709161  1.4865147   2.3450869   1.55782792 -0.04127056  2.83279769] -227.49088906004727
[ 4.76497196  1.64889738  2.37297438  1.46268571 -0.12682699  2.80816202] -227.47741889595136
[ 4.77079756  1.76967868  2.38576152  1.43951295 -0.1289059   2.81025141] -227.49206212497953
[ 4.81250405  1.69052506  2.31290767  1.40629251 -0.12520758  2.88272426] -227.49937831659506
[ 4.74356437  1.50000976  2.3773597   1.50637795 -0.12499428  2.78251075] -227.4805583784916
[ 4.7220615   1.42465369  2.31664513  1.45789931 -0.15762653  2.73214122] -227.47777351727945
[ 4.66745455  1.56930311  2.35274725  1.35945606 -0.25576803  2.73618602] -227.49328836387392
[ 4.77968235  1.5072118   2.34700199  1.50823495 -0.09489493  2.80864478] -227.47876517197616
[ 4.68300736  1.44892282  2.32520562  1.51652281 -0.14137311  2.75908215] -227.48132096059297
[ 4.71127419  1.48218566  2.33545969  1.49429951 -0.14114805  2.77170846] -227.47546170537106
[ 4.73268986  1.56219817  2.3945694   1.48972927 -0.10299682  2.75497179] -227.47548000969147
[ 4.72311334  1.55498843  2.32945478  1.44219401 -0.14009392  2.7664818 ] -227.46784709045644
[ 4.71288782  1.58247777  2.30550232  1.41010204 -0.14764374  2.75846732] -227.46724498909626
[ 4.78516928  1.52936029  2.3369248   1.5081165  -0.08527441  2.77334915] -227.4683828092268
[ 4.69666919  1.56937919  2.34035659  1.43270916 -0.15894392  2.72428854] -227.46530686542275
[ 4.65516261  1.60046288  2.33703389  1.39494626 -0.19096841  2.68211043] -227.46751419762268
[ 4.74582593  1.70017913  2.37861726  1.47464809 -0.09665144  2.79817454] -227.4815601951564
[ 4.72800261  1.49353505  2.33213816  1.4620865  -0.14238276  2.74864955] -227.46935059950144
[ 4.69059236  1.424148    2.30867594  1.46966194 -0.13263624  2.70231625] -227.47373246216569
[ 4.70884195  1.46483049  2.25844977  1.43592928 -0.16634622  2.73795463] -227.4684138564024
[ 4.72944688  1.53905793  2.29188951  1.4119023  -0.13659439  2.70996669] -227.4634120276144
[ 4.73853322  1.56749406  2.27010441  1.37070369 -0.13431756  2.6790958 ] -227.47185038801808
[ 4.76308021  1.6353989   2.31307778  1.41728665 -0.14642557  2.78190904] -227.46676061635767
[ 4.7373625   1.61329981  2.28326209  1.4099288  -0.13802665  2.74666224] -227.460338234783
[ 4.74204245  1.67318219  2.25882405  1.38384995 -0.1358486   2.74566859] -227.46320057474674
[ 4.76603001  1.69149414  2.36522126  1.4274192  -0.10462334  2.7602597 ] -227.47203471235977
[ 4.72313897  1.5214964   2.28514264  1.43380176 -0.1509155   2.7435309 ] -227.46282103336816
[ 4.66902591  1.62434304  2.26948551  1.33046041 -0.20757551  2.71492576] -227.4691686738342
[ 4.75613344  1.55310598  2.32006498  1.46370247 -0.11584969  2.7587433 ] -227.4633072174493
[ 4.75572257  1.56143496  2.3057622   1.44634167 -0.13460816  2.72989958] -227.45750143011443
[ 4.77713995  1.55091356  2.30589214  1.46446149 -0.12809037  2.71561571] -227.45708137310393
[ 4.71021676  1.48035205  2.29579154  1.45488201 -0.1297146   2.68436009] -227.46017973713583
[ 4.78114364  1.51669606  2.25365771  1.44685046 -0.10745315  2.7286711 ] -227.46796589445702
[ 4.7177878   1.5562084   2.31868187  1.43624448 -0.14607123  2.72538418] -227.4599704557982
[ 4.74447959  1.55273414  2.31105558  1.47577138 -0.13296163  2.74813212] -227.45919992230662
[ 4.71390842  1.53856214  2.27987698  1.42799417 -0.15941031  2.69581844] -227.454128360497
[ 4.69279592  1.53129022  2.25978298  1.41014002 -0.18119062  2.66435602] -227.45355494215696
[ 4.73678854  1.57343633  2.30634609  1.45000764 -0.1344362   2.68463922] -227.4504620339981
[ 4.74361333  1.59940629  2.31694782  1.45811057 -0.12619655  2.65519339] -227.44870998084988
[ 4.72464861  1.47700175  2.31945522  1.48994118 -0.14338168  2.65101826] -227.4609793851433
[ 4.73418403  1.57922529  2.29231037  1.4299319  -0.13936541  2.72275124] -227.45512280745814
[ 4.75978345  1.64290725  2.30576538  1.43667127 -0.15491067  2.72611747] -227.4571592449123
[ 4.76621096  1.59595051  2.27856955  1.45545106 -0.14150052  2.6853378 ] -227.4501808399648
[ 4.74676295  1.61383024  2.27536717  1.40915073 -0.15745642  2.64165842] -227.44827030165277
[ 4.74790463  1.64437829  2.25752296  1.3758404  -0.16970382  2.58842158] -227.45105083896127
[ 4.72711893  1.51396479  2.27052463  1.43907732 -0.13635597  2.63552006] -227.45039845041
[ 4.69308875  1.59364222  2.25860869  1.40282571 -0.16593146  2.61932326] -227.44582991957677
[ 4.65106315  1.61500655  2.23496697  1.37200782 -0.184852    2.57117704] -227.44630256619064
[ 4.72234625  1.57013613  2.26095657  1.4283199  -0.16351177  2.57771174] -227.44702247493973
[ 4.77358447  1.63101984  2.29387517  1.45417174 -0.11579361  2.60722554] -227.44604398806968
[ 4.75474997  1.68736362  2.29091703  1.43026592 -0.15377415  2.62662999] -227.45261956521546
[ 4.73402669  1.5573145   2.27562273  1.43687447 -0.14071051  2.63329754] -227.4463248188366
[ 4.70492986  1.59249922  2.28188983  1.40769998 -0.14836625  2.5594655 ] -227.44637258748838
[ 4.71463299  1.58674109  2.23182557  1.38823694 -0.17106012  2.55770062] -227.44703691060968
[ 4.70077339  1.56328743  2.25889235  1.43022552 -0.14433482  2.54324964] -227.4445429279654
[ 4.67777861  1.53801602  2.25065495  1.44076292 -0.13777402  2.49404525] -227.44908025323798
[ 4.72828348  1.58255868  2.31145621  1.46513551 -0.12182269  2.62239046] -227.44679236363345
[ 4.7225493   1.6033045   2.29915842  1.43732441 -0.11547468  2.61727224] -227.44554035219682
[ 4.71470068  1.59779722  2.24455952  1.39123844 -0.15504776  2.57088745] -227.4452804053328
[ 4.74131124  1.58962268  2.26168247  1.44318678 -0.13073136  2.63761973] -227.44286030407338
[ 4.75950192  1.5881844   2.25157879  1.46093019 -0.12191392  2.67669685] -227.44488567840955
[ 4.71464258  1.6355768   2.26330281  1.4161164  -0.13506072  2.56522842] -227.4424124323137
[ 4.70495053  1.67470795  2.25714286  1.40573736 -0.13223582  2.53119385] -227.44500788513298
[ 4.65543751  1.56339044  2.23485959  1.38613401 -0.16639999  2.57730138] -227.44693669656118
[ 4.74404773  1.61411249  2.27912127  1.43716231 -0.12844521  2.5997445 ] -227.44320488529038
[ 4.75291955  1.60759148  2.27696359  1.44892558 -0.10376672  2.5586774 ] -227.44345725643552
[ 4.73358242  1.5993582   2.22901558  1.41829394 -0.15032085  2.5411968 ] -227.44490960538573
[ 4.74772496  1.60538581  2.27843317  1.47339841 -0.10917214  2.57768471] -227.44350307933388
[ 4.73355739  1.60583403  2.31044964  1.46471106 -0.1001828   2.619538  ] -227.44537995677925
[ 4.73357617  1.60097715  2.2493741   1.42989822 -0.13778634  2.5607821 ] -227.44254463511788
[ 4.77730069  1.65446804  2.27740012  1.45267037 -0.10398601  2.62332931] -227.44415471947212
[ 4.75816886  1.63167289  2.27277318  1.44705916 -0.11407321  2.60330939] -227.44259661417976
[ 4.73383042  1.62113202  2.25597263  1.40071775 -0.14078238  2.5974358 ] -227.44469845052285
[ 4.74425132  1.60932236  2.27281804  1.45522824 -0.1170747   2.58262248] -227.4421451285941
[ 4.72574642  1.6195033   2.25606037  1.42729146 -0.15062379  2.62442481] -227.44294441021412
[ 4.7285178   1.61477924  2.24621571  1.43576444 -0.13333817  2.59158448] -227.4402464487294
[ 4.72075283  1.61511261  2.22976293  1.43506551 -0.13578465  2.58750447] -227.43911297832238
[ 4.74515459  1.60792486  2.26051081  1.44822665 -0.1062132   2.55459739] -227.4417753336079
[ 4.73087088  1.64390621  2.25449816  1.43401127 -0.11793291  2.51372835] -227.44405044473368
[ 4.73870115  1.60319356  2.25988639  1.44089291 -0.12753175  2.60664689] -227.44142169133644
[ 4.70752402  1.59236289  2.23911185  1.42808348 -0.13907724  2.54915119] -227.44117400433504
[ 4.72343266  1.62018721  2.25909018  1.44463951 -0.11579441  2.58780151] -227.43969047021355
[ 4.74529627  1.5804577   2.24375725  1.46792903 -0.11209793  2.59087956] -227.44072867888377
[ 4.71603585  1.59709058  2.2245551   1.43305079 -0.12842503  2.57623785] -227.43893074315156
[ 4.70192811  1.59097469  2.20042363  1.42196206 -0.13410019  2.57304553] -227.43933267751515
[ 4.70542634  1.59487666  2.2248771   1.43499376 -0.14669047  2.61147643] -227.43972096412583
[ 4.70078818  1.59683566  2.21383175  1.44036112 -0.13175816  2.56103678] -227.43845774683587
[ 4.6818317   1.59365671  2.19080443  1.44009522 -0.13387136  2.53823173] -227.43919106111628
[ 4.72972003  1.60915725  2.22617959  1.45726309 -0.11777297  2.62249434] -227.43809898333672
[ 4.74081804  1.61755442  2.21971346  1.4718529  -0.10712084  2.65916592] -227.43946452838054
[ 4.68675569  1.63062896  2.21567496  1.41386223 -0.14664396  2.59130423] -227.43957057719285
[ 4.72040207  1.62812743  2.23148774  1.43975365 -0.11203593  2.5639833 ] -227.43855012491966
[ 4.70138556  1.60546362  2.18807385  1.42847929 -0.14167915  2.57971881] -227.43794554911344
[ 4.690362    1.59810183  2.15256568  1.42039918 -0.15462153  2.57567747] -227.43954210476176
[ 4.74293915  1.58663343  2.22228869  1.46412892 -0.10917467  2.57235428] -227.4398884905644
[ 4.70080156  1.61963007  2.21732839  1.4264289  -0.13727664  2.58656675] -227.438202659831
[ 4.70229158  1.60365559  2.20405587  1.44004677 -0.12053132  2.57584147] -227.43737432525043
[ 4.69306096  1.59792708  2.19120234  1.4425374  -0.11290465  2.57000998] -227.4378206743434
[ 4.70242714  1.62386596  2.20243063  1.44439349 -0.12525969  2.58697597] -227.43672770558322
[ 4.69562279  1.63725364  2.19136839  1.45006484 -0.12367703  2.59234503] -227.43673400129006
[ 4.69206928  1.59140862  2.18581228  1.43923723 -0.14605672  2.60689474] -227.43830968010548
[ 4.70877687  1.62089138  2.19412845  1.43825514 -0.13110067  2.62512725] -227.4373029630295
[ 4.72306497  1.636146    2.22491998  1.43905166 -0.11181677  2.58534679] -227.43792111147707
[ 4.72175383  1.61342986  2.1959344   1.45606758 -0.11211022  2.60526813] -227.4365518773316
[ 4.73222996  1.61032975  2.1852374   1.47088692 -0.09952701  2.61461883] -227.43706329036638
[ 4.69017995  1.62532689  2.17700147  1.42483488 -0.1297263   2.56359847] -227.43753116549664
[ 4.71477923  1.6356416   2.21141642  1.45240388 -0.10183583  2.60100055] -227.43704924651402
[ 4.6903379   1.60479109  2.1700691   1.44628225 -0.12837125  2.60059049] -227.43659669728055
[ 4.72327556  1.60876494  2.21567682  1.46764816 -0.11001003  2.63466949] -227.4375175264804
[ 4.71500166  1.61290542  2.20600798  1.45694484 -0.1149391   2.61690173] -227.4367255331465
[ 4.71540062  1.63351951  2.18927312  1.45806896 -0.11734094  2.63611323] -227.4368527963094
[ 4.71112326  1.6204931   2.1975821   1.46646519 -0.102185    2.59048945] -227.43607799914844
[ 4.71229645  1.62029396  2.19930892  1.48057022 -0.08772717  2.57317055] -227.4369724425443
[ 4.70390224  1.60069338  2.17568269  1.45700355 -0.13156623  2.61111246] -227.43721929034052
[ 4.71205998  1.62690455  2.20248299  1.4535538  -0.10926843  2.60352852] -227.43633121420683
[ 4.7021673   1.60061048  2.20222928  1.44983343 -0.11337029  2.5651382 ] -227.43717584218876
[ 4.71209229  1.62529225  2.19251216  1.45601007 -0.11634828  2.61836948] -227.4363388181741
[ 4.71836249  1.61073947  2.18576561  1.46738109 -0.10248106  2.62473997] -227.436586882951
[ 4.70690826  1.62097801  2.1754408   1.45830849 -0.10864899  2.59742695] -227.43590789297448
[ 4.70286155  1.62501431  2.16015721  1.45899032 -0.10550393  2.58768956] -227.43613177572848
[ 4.73709547  1.63448799  2.21317025  1.47297982 -0.08864275  2.61268367] -227.43749932077105
[ 4.70202729  1.61221532  2.18084439  1.45295665 -0.11843912  2.60361379] -227.43614488033694
[ 4.70362581  1.62903156  2.19583333  1.44707284 -0.11985228  2.58149214] -227.43640977889382
[ 4.6941918   1.63154174  2.18563086  1.4553881  -0.11280382  2.59303864] -227.43632759772828
[ 4.70917515  1.61677676  2.1823311   1.4671546  -0.10271226  2.62066347] -227.43627738183088
[ 4.69973629  1.61767757  2.18225859  1.4619322  -0.10167093  2.5845508 ] -227.43622416306783
[ 4.6956607   1.61298962  2.16554629  1.46718128 -0.10621827  2.59306585] -227.43615719979164
[ 4.71401851  1.60216839  2.17570356  1.46927803 -0.10048771  2.60356479] -227.43632146039883
[ 4.70906183  1.60951173  2.17818539  1.46580555 -0.10356674  2.60093326] -227.43605206986453
[ 4.69899739  1.61451169  2.17762142  1.45706186 -0.11086409  2.56936323] -227.4362883072852
[ 4.70663071  1.61621049  2.18115368  1.46463141 -0.10475022  2.60783841] -227.4360723175398
[ 4.7107344   1.61312185  2.17732563  1.46318399 -0.11293185  2.61323843] -227.43620954369817
[ 4.70798487  1.61426078  2.17855887  1.46287104 -0.11011662  2.60606653] -227.4360226126753
[ 4.71891804  1.61823352  2.19837545  1.45649817 -0.10968396  2.60905695] -227.43638749452523
[ 4.70147503  1.6143006   2.17375358  1.4645105  -0.10708469  2.59706362] -227.43598750811537
[ 4.71236736  1.61970293  2.18071375  1.47457409 -0.0936783   2.59632562] -227.43613744289823
[ 4.70978235  1.61783102  2.18074641  1.46916973 -0.0998685   2.59814766] -227.4359452138275
[ 4.70282443  1.61053778  2.15836415  1.46196705 -0.10916025  2.61200269] -227.4364311385662
[ 4.70904855  1.61800427  2.18777761  1.46534066 -0.10392882  2.59586776] -227.4359998608462
[ 4.70812292  1.61541831  2.17700054  1.46403724 -0.10632123  2.59066351] -227.43597358025062
[ 4.70537882  1.62408594  2.17957388  1.46227367 -0.10842288  2.59414542] -227.43594642065065
[ 4.70558711  1.62261194  2.17953874  1.46500905 -0.10130842  2.58503845] -227.43606793296385
[ 4.70738543  1.61634857  2.17880384  1.46340554 -0.10791457  2.60080951] -227.4359413015718
[ 4.70396905  1.61831655  2.16732874  1.4618944  -0.10882481  2.59688446] -227.43601338309884
[ 4.70777868  1.61808234  2.18266539  1.46447909 -0.10515281  2.59612194] -227.43594332738496
[ 4.71364378  1.6232808   2.18432337  1.46271409 -0.10502497  2.59537471] -227.43595942622514
[ 4.70883618  1.62478392  2.18351736  1.46274629 -0.10535634  2.60334521] -227.4359139291137
[ 4.70171279  1.61742247  2.17592586  1.46408018 -0.10676306  2.60129085] -227.4359602053925
[ 4.71066103  1.62181622  2.18222399  1.46305561 -0.10545949  2.59685374] -227.4359054501053
[ 4.71173848  1.61586076  2.18155872  1.46478125 -0.10237735  2.60342292] -227.43609349362444
[ 4.70696874  1.62202964  2.18007009  1.46290056 -0.1069115   2.59646479] -227.43587913399816
[ 4.70639709  1.62351521  2.18016075  1.45579548 -0.1132794   2.59885972] -227.4358888254052
[ 4.70794024  1.62507485  2.17740689  1.45759157 -0.11070395  2.60179804] -227.43586754642354
[ 4.70802102  1.62857111  2.17477763  1.45414781 -0.11347952  2.60463609] -227.43594514912422
[ 4.70851842  1.62971738  2.18080279  1.45672712 -0.10887198  2.59743998] -227.43586914524292
[ 4.70696174  1.62292652  2.17518441  1.45537998 -0.11260209  2.59293586] -227.4358940645075
[ 4.7089075   1.62738193  2.18317551  1.45884162 -0.11062715  2.5973571 ] -227.4358992809687
[ 4.70457021  1.62839896  2.17670948  1.45268983 -0.1155392   2.59809809] -227.4359540292218
[ 4.70913833  1.6234619   2.18084537  1.46046417 -0.10797942  2.59716483] -227.43586803859571
[ 4.70640069  1.62152658  2.17498126  1.45744468 -0.10948896  2.59753065] -227.43589266366925
[ 4.70815943  1.62551533  2.18290464  1.46159454 -0.10647631  2.60348347] -227.43589586745898
[ 4.70726116  1.62357373  2.17711447  1.45693362 -0.11107065  2.59557277] -227.43586476524027
[ 4.7090073   1.62759766  2.18381886  1.4593595  -0.11011667  2.59823607] -227.4359002028529
[ 4.70705234  1.62304435  2.17719066  1.45792338 -0.10964589  2.597707  ] -227.43587134331193
[ 4.70922931  1.62545207  2.17764934  1.461718   -0.10511507  2.59652275] -227.43586738739134
[ 4.70941119  1.62807845  2.17693308  1.45421873 -0.11088415  2.598937  ] -227.43592282230648
[ 4.70757935  1.62354185  2.17928584  1.4607301  -0.10790466  2.59708284] -227.43585619381568
[ 4.70950326  1.62722958  2.1805109   1.46013148 -0.10756935  2.59748674] -227.43587237367018
[ 4.70766507  1.62409066  2.17802072  1.45847541 -0.10912676  2.59765194] -227.43586157806553
[ 4.70775274  1.61868097  2.17597141  1.4619105  -0.10842818  2.59782441] -227.4359124998831
[ 4.708327    1.62695828  2.17959495  1.45802297 -0.10876103  2.59753609] -227.43584794346654
[ 4.70686238  1.62610191  2.17551203  1.45735972 -0.10958129  2.59822331] -227.4358408152636
[ 4.70572441  1.62742191  2.17284537  1.4558075  -0.11038222  2.59875255] -227.43594853078937
[ 4.70770119  1.62483131  2.1783189   1.46015504 -0.10648254  2.59239852] -227.4358572611532
[ 4.70590274  1.62424717  2.17829963  1.45550762 -0.11252724  2.59629907] -227.43594921683922
[ 4.70839767  1.62515085  2.17781191  1.46016541 -0.10696811  2.59646683] -227.43585237399185
[ 4.70824973  1.62665122  2.17906698  1.46136926 -0.10520415  2.59754708] -227.4358546505104
[ 4.7080407   1.62698781  2.17850948  1.46079209 -0.1058405   2.59543296] -227.4358528026783
[ 4.70811775  1.626966    2.17827483  1.45932481 -0.10827071  2.60169785] -227.43585727263917
[ 4.70780533  1.62536498  2.17830788  1.45994748 -0.10692958  2.59472335] -227.43584832121547
[ 4.70831492  1.62886317  2.17698191  1.45848887 -0.10652356  2.59622703] -227.4358751859641
[ 4.70776324  1.62487218  2.17870986  1.4601698  -0.10755939  2.59686889] -227.4358425720908
[ 4.70748238  1.62516078  2.17708172  1.4574499  -0.11000915  2.59553673] -227.43584254881645
[ 4.7075053   1.62421518  2.1771633   1.456913   -0.11076235  2.59768545] -227.43586597593801
[ 4.70790685  1.62629465  2.17817294  1.45982232 -0.10707096  2.59599608] -227.4358438945801
[ 4.70698473  1.62643341  2.17798121  1.45742532 -0.10966902  2.59649466] -227.4358413730412
[ 4.70730353  1.62657542  2.17737636  1.45680253 -0.1106207   2.59882856] -227.43584533177534
[ 4.70644071  1.6248545   2.17534976  1.45832023 -0.10940914  2.59644666] -227.43584341577179
[ 4.70717657  1.62466372  2.17689282  1.46004657 -0.10714561  2.59436021] -227.43584685017836
[ 4.70727179  1.6260975   2.17725547  1.45761354 -0.10975193  2.59771148] -227.43584945058916
[ 4.70692356  1.62626766  2.17674662  1.45739252 -0.10962516  2.59735898] -227.43585156983585
[ 4.70717238  1.62563134  2.17629688  1.45740481 -0.10979522  2.59688002] -227.43583929506346
[ 4.70731281  1.62548704  2.17711094  1.45876476 -0.10857034  2.5975461 ] -227.43584381659184
[ 4.70665155  1.62547821  2.1754309   1.45783998 -0.10949521  2.59733498] -227.43584124798056
[ 4.70738462  1.62619828  2.17684248  1.45859102 -0.10832612  2.5971097 ] -227.43584477096536
[ 4.70708296  1.62633866  2.17644419  1.45708113 -0.11010099  2.59852594] -227.43584216194313
[ 4.70723201  1.62547749  2.17579919  1.45828795 -0.1089979   2.5978477 ] -227.4358492256649
[ 4.7071549   1.62567503  2.17603605  1.45806409 -0.10915472  2.59772552] -227.43584890297709
[ 4.70700067  1.62607012  2.17650976  1.45761638 -0.10946834  2.59748116] -227.4358445811647
[ 4.70664297  1.62550415  2.17559242  1.45676457 -0.11067767  2.59822081] -227.43585000588746
[ 4.70719921  1.62602475  2.17652997  1.45813441 -0.10891401  2.59738747] -227.43584619278826
[ 4.70701738  1.62586662  2.17590445  1.45738227 -0.10968825  2.59755167] -227.43585001882718
[ 4.70691197  1.62555477  2.17586389  1.45762239 -0.10964522  2.5971075 ] -227.43583652095379
[ 4.70712767  1.625985    2.17637054  1.45724297 -0.10994811  2.59770298] -227.4358416481079
[ 4.7072426   1.62555919  2.17670391  1.45808479 -0.10918278  2.59721306] -227.43585226350845
[ 4.70708653  1.62585073  2.17640332  1.4575106  -0.10963178  2.59718059] -227.4358401320746
[ 4.7072785   1.62591481  2.17656968  1.45799792 -0.10906067  2.59699486] -227.43584390046504
[ 4.70695555  1.6260419   2.17576567  1.45696887 -0.11007364  2.59725948] -227.43584495183927
[ 4.70716015  1.6257929   2.17651887  1.45753358 -0.10969663  2.59682348] -227.4358396009132
[ 4.70729019  1.62553462  2.17690872  1.45813522 -0.10918557  2.59697033] -227.43585347347232
[ 4.70703921  1.62591508  2.17605143  1.45726045 -0.10985162  2.59718719] -227.43584378861186
[ 4.70688747  1.6256618   2.17593196  1.45686035 -0.11046218  2.59729906] -227.43584351148834
[ 4.70707618  1.6255771   2.17641038  1.45746445 -0.10987476  2.59714402] -227.43584104813638
[ 4.70729083  1.62580215  2.17668933  1.45806591 -0.10906838  2.59698047] -227.4358538956291
[ 4.70698831  1.62569689  2.1761213   1.45716174 -0.11011373  2.59721941] -227.43584007561165
[ 4.70700417  1.62538291  2.17616768  1.45765622 -0.10963767  2.59641536] -227.4358473254307
[ 4.70709679  1.62583448  2.17631982  1.45734628 -0.1098705   2.59738108] -227.43584922890028
[ 4.70704217  1.62559306  2.17608038  1.4575136  -0.10972022  2.59699376] -227.43584547870998
[ 4.70703606  1.62567384  2.17619138  1.45757799 -0.10967092  2.59696549] -227.43584808592882
[ 4.70695014  1.62562583  2.17599259  1.45739207 -0.10987947  2.59716346] -227.43584461079777
[ 4.70699925  1.62570275  2.1761336   1.45756649 -0.1096385   2.59714405] -227.43584776831085
[ 4.70699407  1.62556594  2.17613713  1.45754342 -0.10975999  2.59712576] -227.43584610063832
[ 4.70701982  1.62576989  2.17611721  1.45743268 -0.10979666  2.59740524] -227.4358486714093
[ 4.70695807  1.62546884  2.17601578  1.45763931 -0.10964144  2.59676143] -227.43584951359296
[ 4.70700438  1.62569463  2.17609185  1.45748434 -0.10975786  2.59724429] -227.43583779172474
[ 4.70693127  1.62557182  2.17590844  1.45746278 -0.10979616  2.59729412] -227.43583822710892
[ 4.70694542  1.62549926  2.17589116  1.45743971 -0.10988114  2.59716558] -227.43584074227374
[ 4.70693437  1.62561386  2.17580564  1.45742821 -0.10980004  2.59719714] -227.43584479480103
[ 4.70685034  1.62559367  2.17577081  1.45742956 -0.10986641  2.59739694] -227.43584912472446
[ 4.70699422  1.62559321  2.17600299  1.45749259 -0.10975677  2.59709456] -227.43584357877074
[ 4.70697809  1.62556599  2.17611134  1.45753642 -0.10977217  2.59715936] -227.43584303467023
[ 4.70697164  1.62553407  2.17596396  1.45762068 -0.10965696  2.59719168] -227.43585457342976
[ 4.70695551  1.62560289  2.17598544  1.45744922 -0.10982385  2.59717051] -227.43584461699103
[ 4.70695817  1.6256247   2.17597787  1.45755337 -0.10970154  2.5971759 ] -227.4358412982053
[ 4.70692162  1.6255633   2.17588616  1.45754259 -0.10972069  2.59720081] -227.43583679928096
[ 4.70692869  1.62552702  2.17587752  1.45753105 -0.10976318  2.59713654] -227.43584507703775
[ 4.70694503  1.62556038  2.17598761  1.45757941 -0.10970869  2.59713343] -227.43584058327767
[ 4.70695309  1.62557399  2.17593344  1.45755749 -0.10970099  2.59710103] -227.43583971880955
[ 4.70693105  1.6255903   2.17592824  1.45750723 -0.10976235  2.59713548] -227.4358387757354
[ 4.70694495  1.6256288   2.17598155  1.45758978 -0.10964998  2.59714817] -227.43584333566852
[ 4.70694088  1.62560335  2.17595554  1.45757509 -0.10967828  2.59714527] -227.43584336689997
[ 4.70691679  1.62555904  2.17587502  1.45758249 -0.10968295  2.59715416] -227.43584070901773
[ 4.70692151  1.62557254  2.17589606  1.45756481 -0.10970378  2.59712149] -227.43584626319566
[ 4.70693253  1.62556438  2.17589866  1.45758994 -0.1096731   2.59710427] -227.43585008440067
[ 4.7069285   1.62555758  2.17592575  1.4576009  -0.10967695  2.59712047] -227.43584053698513
[ 4.70693507  1.62558974  2.17592088  1.45758788 -0.10967338  2.5971417 ] -227.43584922113982
[ 4.70692033  1.6255409   2.1758707   1.45757672 -0.1097042   2.59712202] -227.43584621694595
