[ 0.4967625   1.40643699 -0.65799737  0.17582854  0.35599841 -0.49959099] -265.0013845238173
[-1.41057834  0.51728336 -2.52031337 -0.32405912  0.7006369  -0.27686005] -294.11529278945795
[-1.93914228  0.02524119 -0.66029123 -0.05938814  0.43376361 -1.32316818] -303.0619320291698
[-0.95811914  0.29750567  0.16366844 -1.68117068  0.90668447  0.22291831] -286.70658152464847
[-0.29545948  0.2004894  -1.3934821   0.6067042  -0.4461618   1.02549543] -274.74213085559256
[0.18822342 0.11795918 0.49540976 0.24112001 1.07534112 1.75483945] -272.64399117420055
[-0.57892389 -1.56973483 -0.39338798 -0.56582706  1.05949922  0.94962644] -281.8719305957939
[ 1.08644396  0.29807206 -0.77507631 -0.45641323  0.78356917  2.38197772] -264.98502279323503
[ 2.59923708  0.43448749 -0.83246885 -0.65492578  0.95847194  4.23455066] -268.2950321037179
[ 1.3902208  -0.26704055  1.66669152 -0.23586028  0.54433996  2.22194884] -260.40847816638444
[ 2.79062037 -0.6592025   3.76019397 -0.19176086  0.46619149  3.47135328] -260.3252387944508
[ 2.18734143 -0.36616557  0.18155155  1.61772121  0.1914614   2.80498213] -247.78097453945546
[ 3.76007172 -0.69800119  0.1904931   3.26716716 -0.16615014  4.09601404] -253.7245796522843
[ 2.73023463  1.90226468  0.93025448  1.23022702 -0.25069929  2.69672591] -248.14361409617308
[3.45533492 0.69929888 2.70492746 0.2655367  1.3201159  3.17793374] -255.74964748077946
[ 4.06068918  0.975609    1.5525415   0.63925978 -0.11979543  2.92295448] -244.0446648746896
[ 5.99692206  1.40443391  2.08110736  0.83832966 -0.7173637   3.50701199] -254.35448782089827
[ 4.94012567 -0.45647814  3.44279492  0.85902833  0.44094933  6.3182334 ] -258.2336384519309
[ 5.63500477  0.40037006  4.96583094  1.92975063 -0.10082803  4.74874993] -253.50974357950776
[4.8789565  1.71083547 0.83243965 2.37226875 0.02754314 4.08517325] -249.1634629437229
[ 2.70906147  2.23054898  0.27972027  1.82589303 -0.08501677  0.49393974] -251.7300727298636
[ 3.94509441  1.58518866  0.20918533  2.93950344 -1.43256089  2.73957474] -284.4709203276841
[3.57777479 0.92077133 2.08099193 0.93402838 0.6319467  3.06834399] -243.91980473664552
[ 1.07968123  2.05758457 -3.01333114  0.9433821   0.23264128  0.60862323] -261.97618707421725
[ 4.49617389  0.81467369  2.97104042  1.68315849 -0.0174607   3.71371826] -244.78052731042567
[ 4.60132867 -0.24455278  2.56988623  0.99966151  0.23934871  5.93669293] -253.10748484910997
[ 3.18212827  1.61177354  0.85226176  1.61933515 -0.0039254   1.85462804] -244.66145059446393
[1.86582424 0.24214008 2.02377423 0.20230793 0.11629929 1.60194435] -253.26128542103805
[4.12567343 1.34366163 1.13027329 1.82977855 0.04973217 3.46436602] -243.22965006977063
[ 4.47969237 -0.13549014  1.99263233  1.54420017  0.49468553  3.24627173] -240.96139627540987
[ 5.35442124 -1.15436756  2.52382126  1.70118674  0.86737794  3.52104464] -243.9957396965112
[5.78670255 2.20983191 3.34502886 1.13219896 0.15359956 3.28511204] -246.5302580037833
[4.88686227 1.56583254 2.55415953 1.25357952 0.16306502 3.16507956] -242.7526750801464
[3.60809955 1.27937894 0.4165797  0.92356869 0.4226969  2.19349635] -241.76527683277425
[5.06413559 0.37148089 2.390131   0.75546988 0.55136904 4.16554267] -247.05777096444726
[3.6526301  1.30170038 1.23672907 1.40336883 0.13489821 2.4323567 ] -241.7918154765569
[4.04955499 1.11634256 1.58458046 1.99024827 0.75213694 2.93368364] -239.02180320449986
[4.04398789 1.18670934 1.60059994 2.66574251 1.18810312 2.93904822] -238.7911040127042
[4.68787375 1.25982623 0.89599936 2.27271771 0.18578029 2.74519554] -244.5845717195132
[3.85529953 1.00553505 1.78474379 1.26870071 0.5204051  2.98755687] -241.12952912899507
[4.04985047 0.72422708 2.06487483 1.1899416  0.92488579 2.19023712] -240.50009011456763
[3.00965771 0.221521   0.47789369 1.74492798 1.0654932  2.1645761 ] -241.92176618118356
[3.47895885 0.55759889 0.99696015 1.62209087 0.83988615 2.41470197] -240.0597631332661
[4.18599945 0.23761934 1.71540117 1.66804602 1.32865599 2.89141406] -240.30617181378378
[ 4.4231633  -0.08731243  2.96849103  2.39600527  1.34284366  3.36291364] -239.22182759048653
[ 4.36525125 -0.17775103  1.99490936  2.42664143  1.51928165  2.69397204] -237.2240329410447
[ 4.62022711 -0.76939407  2.09999215  3.00561179  2.01871993  2.54717962] -236.5528071844933
[3.78770332 0.75197286 1.82280743 2.63827919 2.05301268 2.20222648] -238.21662034544576
[ 4.13016284 -0.09849577  1.66987579  3.47531695  1.99885472  3.26225754] -237.74422462665083
[3.97540165 0.2760736  2.00417432 3.59963617 1.8184841  2.6846951 ] -239.7891983258137
[ 4.84792319 -0.13774771  3.05835341  4.30477309  2.63345325  3.2514049 ] -240.66133792484845
[3.82119993 0.38376224 1.51230846 2.29276142 1.28827793 2.6238777 ] -238.00265574277194
[4.30007981 0.17967379 1.88718394 1.89160287 1.47811992 2.9611393 ] -239.54182193955023
[4.21891027 0.20377374 1.91643154 2.3186112  1.56321096 2.89202825] -237.77344227636053
[3.78423382 0.64008854 0.57218074 3.06943575 2.02721612 2.12595896] -237.15585766019652
[ 4.07682454 -0.81614016  1.59726543  2.93426292  2.46166099  2.27879463] -239.47117252997768
[4.05219705 0.68599696 1.59976631 2.73287261 1.50649259 2.77398482] -237.21127843660403
[ 4.42127368 -0.40339564  1.30071091  2.99325739  1.41457807  3.20620249] -237.54435914796423
[ 4.58780166 -0.29757099  1.54067735  3.5722738   2.22141287  2.97865953] -236.21918566671093
[ 4.97110252 -0.6382376   1.55486179  4.21202999  2.68798034  3.15605044] -237.53347181889743
[ 4.31305511 -0.2846974   1.01130288  3.96431157  2.16588047  2.73938607] -238.54305609509098
[4.24244648 0.08165596 1.69014937 2.73003629 1.71387834 2.85386771] -236.72847461797085
[4.43923043 0.07762269 1.26461648 2.55917893 1.63524459 2.23302683] -236.03272406672485
[4.59376423 0.16568192 1.06198683 2.10110992 1.45343952 1.71841148] -236.94475793086883
[4.15410517 0.54286201 1.6217499  2.89654567 2.29307674 1.96469   ] -236.24848255961194
[ 4.55715117 -0.59424225  1.33002235  3.21148813  2.46335694  2.12714273] -236.09573483305445
[ 5.08275352 -0.95977742  2.6102218   2.92227579  2.08801368  2.77556318] -237.36077293762813
[4.10886374 0.24012205 1.081691   3.03264576 2.04241551 2.28836002] -236.11291898493025
[ 4.58001327 -0.34852281  1.2894337   3.36254507  2.51086385  1.85915187] -235.3843296410762
[ 4.74879667 -0.5636122   1.08907587  3.67879946  2.90935661  1.36179395] -235.79579564510695
[4.18882804 0.64281764 0.60940478 3.20594733 2.37007024 1.93649737] -235.91401214777653
[ 4.66652427 -0.6361199   0.75019866  3.41814734  2.12137793  2.50958945] -236.44846855385302
[4.28220994 0.24811653 1.40386209 3.02694609 2.25015204 2.10091487] -235.6755275817415
[4.13096388 0.38620893 0.78566612 2.5606433  2.20262152 1.20303837] -237.04098268086818
[ 4.47359221 -0.12662601  1.35192454  3.31936618  2.21671503  2.53475424] -235.59880724993596
[ 4.73147795 -0.27373345  1.33473031  3.19584482  2.43971872  1.97546929] -235.29633149044105
[ 5.04278505 -0.5306612   1.46124997  3.27744435  2.63837032  1.81902392] -235.58999056797435
[4.34129945 0.66746711 1.08796828 3.01178801 2.01089788 2.08612876] -235.5338578648113
[4.42657652 0.19221698 1.09449142 3.8149669  2.964228   1.93127863] -235.73133158617645
[ 4.75622841 -0.52317819  1.91139867  3.37120502  2.42745494  2.22606851] -235.40225151576348
[ 4.62836389 -0.31104259  1.69861445  2.61426483  1.65437282  2.32955055] -236.24685683688185
[4.47702337 0.06640209 1.24552218 3.51479138 2.63676421 2.03084661] -235.2870634247459
[ 4.83766828 -0.42751362  1.33646381  3.56490074  2.49731951  2.13655823] -235.35810257873842
[ 4.76764469 -0.15306695  1.38324778  3.35432551  2.62429133  1.56998685] -235.05510055509737
[ 4.91467094 -0.16628742  1.39890939  3.37180517  2.82807948  1.08760316] -235.36880551943713
[ 5.04205254 -1.22067142  1.74563053  3.77608284  3.03457297  1.84656502] -236.3760926445522
[4.51648772 0.19543248 1.25238385 3.20286172 2.26681665 2.02623783] -235.13161890703154
[4.54721002 0.20951076 0.70252854 3.36055139 2.56446982 1.64001505] -235.37817595001403
[4.71249073 0.22086658 1.12885845 3.36854678 2.49892956 1.93388608] -234.93784819047312
[4.77872946 0.50556128 1.04857082 3.37154763 2.49296241 1.97125318] -234.96693468755487
[ 4.80038756 -0.33338172  1.85787359  3.37320559  2.42347684  2.25097991] -235.15738601034863
[4.4975024  0.33501996 1.39774157 3.10495786 2.46601293 1.7925773 ] -235.14263248301265
[4.52570088 0.3841576  1.42047882 3.44371813 2.53237846 1.89270224] -235.17148542923093
[4.7963813  0.14994056 1.56800584 3.10108048 2.30053772 1.79127679] -234.83676945477893
[4.95606026 0.1917098  1.72924768 2.89422502 2.13242447 1.67149188] -234.9942221313243
[ 4.83793059 -0.2458873   1.44222487  3.05794118  2.32764322  1.89561268] -235.2988722929483
[4.60375831 0.22664638 1.42591533 3.34727389 2.48119465 1.89342985] -234.95505303209163
[4.49770082 0.65832806 0.86084402 3.11980981 2.45578411 1.41815165] -235.26422769071579
[ 4.72471588 -0.08545428  1.6086162   3.30985665  2.43155366  2.04277285] -234.95517039123206
[ 4.87632381 -0.1502317   1.39126757  3.45635715  2.40176159  1.95995279] -235.18642237336556
[4.59220775 0.21370704 1.39612307 3.19280768 2.4499501  1.83442117] -234.9562731085702
[ 4.88257850e+00 -4.55269766e-03  1.58453838e+00  3.35510194e+00
  2.66200235e+00  1.66235337e+00] -234.7924204240041
[ 5.06562389 -0.10454529  1.75061564  3.43122206  2.8595952   1.48041114] -234.87740970091232
[4.66973279 0.39345148 1.52077131 3.20389697 2.31709801 2.14939318] -234.8848352770927
[4.87101142 0.0865923  1.54944543 3.36911122 2.44715522 1.98994954] -234.83920694073134
[4.78726847 0.44310248 1.31722872 3.27181378 2.47075218 1.76399009] -234.77509492570874
[4.81854477 0.70738085 1.17153498 3.25279234 2.49035144 1.62459871] -234.89633208090552
[4.9693961  0.20315386 1.46370071 3.20924316 2.41763036 1.8701865 ] -234.75124947773867
[5.15221499 0.1914076  1.4825934  3.1402278  2.38584822 1.85856483] -234.89620244133266
[4.94629879 0.20302941 1.87237168 3.13486907 2.37279572 1.80849708] -234.72283109467628
[5.06320282 0.19411082 2.2441283  3.01803022 2.3097288  1.74580258] -234.89338733885037
[ 5.0812454  -0.03302951  1.59765894  3.27650958  2.57319317  1.47935794] -234.94027406114964
[4.77261094 0.28683123 1.53999322 3.22205012 2.3811218  1.98188437] -234.75853452211362
[4.84716662 0.34057598 1.56583409 3.06227496 2.42112482 1.63611319] -234.73487704128974
[4.93872517 0.34077286 1.54654976 3.31737054 2.60793803 1.78306474] -234.60006819189195
[5.00989711 0.43618901 1.53582172 3.42551557 2.76163818 1.77895872] -234.56469977894932
[4.89496751 0.64218002 1.51377833 3.08682028 2.27968534 1.95085662] -234.74016353131458
[5.02617722 0.26088402 1.84660453 3.10844394 2.40724656 1.91150874] -234.66019040871586
[5.12535684 0.4085062  1.7260438  3.12033887 2.5055852  1.67015591] -234.63472533986655
[4.9805586  0.56063435 1.88978401 3.10351107 2.49839491 1.71517692] -234.57615528273007
[5.08351755 0.09442631 1.96504161 3.23149755 2.70924313 1.5559469 ] -234.7589946430004
[4.94210502 0.50524159 1.62659415 3.12298959 2.38707478 1.85212919] -234.62766891595163
[5.16296458 0.45091888 1.93323921 3.27628108 2.55645363 1.94269566] -234.58475399459243
[5.13605433 0.67109528 1.64699079 3.2508243  2.66600203 1.81504463] -234.49106270413031
[5.2309321  0.90512821 1.53430034 3.30880192 2.81260519 1.81831841] -234.53513804942264
[5.09280161 0.74997774 1.60622003 3.32470955 2.71780301 1.67987827] -234.58798998181206
[4.98277025 0.71617942 1.6868395  3.38093818 2.69020365 1.92447188] -234.58748209520505
[5.17957714 0.68975664 1.80637093 3.46427032 2.90975702 1.76661284] -234.51692323803795
[5.05780573 0.42494678 1.89346202 3.30907062 2.64301346 1.96777528] -234.49342815702823
[5.19284892 0.36166756 1.88171672 3.22888614 2.65488276 1.73761613] -234.55072539515433
[5.02261603 0.59717766 1.61814285 3.31774493 2.8214425  1.65103252] -234.4984657578335
[5.21904115 0.49964328 1.571051   3.56192622 2.98718374 1.85716979] -234.553471660961
[5.25941732 0.64524006 1.93675639 3.28539194 2.79912232 1.81945834] -234.432166403824
[5.38417743 0.74976558 2.13722373 3.21533013 2.8178644  1.83970815] -234.49062702452764
[5.063732   0.63031804 2.0234289  3.05680319 2.51088963 1.72867679] -234.57916795841783
[5.18021387 0.53231197 1.68414548 3.43564547 2.86811021 1.82504654] -234.46889030552285
[5.08571256 0.82517523 1.6469061  3.45876306 2.91426643 1.87737392] -234.5081514060968
[5.06769614 0.54222569 1.66909695 3.22154312 2.6608953  1.88529757] -234.46025686632706
[5.15555525 0.31249058 1.83595873 3.14797707 2.57192885 1.77717771] -234.60556729464759
[5.10317323 0.69700407 1.69416925 3.38106656 2.82868203 1.85232487] -234.44405121796927
[5.24550417 0.57376362 1.89006411 3.31010241 2.66716596 2.07061656] -234.49642013245986
[5.18978214 0.57961713 1.82208379 3.31201304 2.70573509 1.96572055] -234.4516771521141
[5.25430662 0.79755129 1.5909522  3.31975752 2.8665022  1.75318889] -234.4970040944041
[5.10693095 0.51809791 1.81783457 3.31174235 2.69888565 1.91412868] -234.44931310658893
[5.16635022 0.50040367 1.89437136 3.39830986 2.85447483 1.93894755] -234.407007165961
[5.18149816 0.41505786 2.01806164 3.47205263 2.94871123 2.00089901] -234.41930038247125
[5.11756947 0.62855087 1.92729196 3.20104349 2.64782153 1.96691265] -234.44155456030987
[5.24671163 0.64741221 2.02840549 3.40831262 2.85067852 1.93386664] -234.45831116313406
[5.20195776 0.62111558 1.93857836 3.36162025 2.80323272 1.92172437] -234.42877615652793
[5.12868418 0.62385358 1.91425017 3.33437844 2.83833794 1.83877827] -234.413134752476
[5.21878644 0.7206247  1.95063793 3.3421945  2.89167148 1.86525333] -234.39404951616976
[5.27471419 0.8218881  2.01703961 3.35742058 2.98806439 1.84081566] -234.40354860547345
[5.2610819  0.54959208 2.1597928  3.25991293 2.78287157 1.93136664] -234.45590230564446
[5.1426504  0.66015107 1.81057514 3.35077815 2.81722942 1.87208531] -234.4136606148071
[5.25504597 0.62857869 1.88776449 3.48984756 3.02020137 1.78516975] -234.44543822590543
[5.15193859 0.62855782 1.91741009 3.27324451 2.74091649 1.92147692] -234.41353518839568
[5.07737187 0.60632875 1.87185129 3.40144996 2.84949863 1.96663025] -234.4214262047497
[5.0933028  0.62552429 1.84778697 3.33849822 2.86081021 1.87933284] -234.4050905028086
[5.223199   0.64670963 1.90649259 3.2776846  2.81831482 1.80532783] -234.41457991009693
[5.18674222 0.63661441 1.89783227 3.30862594 2.82611077 1.84565343] -234.40302749522638
[5.17261775 0.58504175 1.99685445 3.31430567 2.85354449 1.89106214] -234.40754607199614
[5.17022261 0.60212964 1.91650096 3.40552637 2.96740008 1.83153227] -234.4017468590101
[5.20732317 0.59959257 1.92041114 3.36810841 2.91299935 1.91181558] -234.3812443005505
[5.24664267 0.58746206 1.92349163 3.3849734  2.95033006 1.94833424] -234.37298175845314
[5.18806457 0.63921117 1.81335258 3.41173709 2.93005466 1.87862241] -234.39185886123045
[5.20157022 0.77011842 1.88882942 3.33220865 2.95431759 1.81062863] -234.39689343638324
[5.31070677 0.69319585 1.94909463 3.38992376 2.97915134 1.84734193] -234.39876227484456
[5.25858887 0.70096621 1.91613678 3.44689532 3.06486429 1.88158417] -234.37786061315578
[5.3045639  0.7683965  1.8973467  3.36378454 2.95606306 1.91238931] -234.38348201314727
[5.16203212 0.70239717 1.84750372 3.37067407 2.93661571 1.9182621 ] -234.37596925488054
[5.2579893  0.60290085 1.89399369 3.44121099 2.95554883 1.99085323] -234.37824084480576
[5.25384071 0.61315328 1.81330377 3.46423063 3.03948739 1.97809515] -234.36804713387892
[5.27136784 0.55941757 1.7446367  3.5252487  3.11339535 2.03451606] -234.3845930880849
[5.30648796 0.68588085 1.95057285 3.41218589 3.03758179 1.99788365] -234.35967174204535
[5.36569965 0.70921569 2.01918298 3.41241029 3.09134536 2.05751427] -234.37329284192617
[5.19062997 0.52919031 1.88432078 3.47627223 3.0387463  1.99261487] -234.37937273825264
[5.21911346 0.58899186 1.88757726 3.4481503  3.01807549 1.97255848] -234.3657842866862
[5.22424596 0.69004963 1.88553498 3.40115889 3.06010275 1.9080527 ] -234.38430221917466
[5.24955347 0.62468804 1.89187901 3.43119796 2.98168731 1.9701531 ] -234.3656818826107
[5.22063458 0.56655821 1.85530597 3.3902421  2.92306163 2.04684473] -234.36616584618125
[5.33672549 0.5198476  1.92653978 3.47298602 3.04679218 2.05302769] -234.3843267750947
[5.20570546 0.65675978 1.86726274 3.39625206 2.96415983 1.9519535 ] -234.36569727787244
[5.23846921 0.65788195 1.83180891 3.46244625 3.03768775 2.02416196] -234.35624219353036
[5.23438248 0.69309189 1.78596754 3.50118268 3.08136659 2.06207583] -234.3612555669812
[5.22614734 0.64710028 1.94816514 3.38259422 2.94793054 2.00975666] -234.36060466642823
[5.26119105 0.72054271 1.937116   3.45403346 3.07264594 1.92864438] -234.37028247881372
[5.2307737  0.60505434 1.87575848 3.40618994 2.96045771 2.01729465] -234.35987251440764
[5.26659892 0.70346322 1.90090511 3.38213847 2.95842615 2.01784269] -234.35575359556282
[5.29034166 0.7606989  1.90756904 3.34913255 2.92860148 2.04048479] -234.36202132009248
[5.30030474 0.65126311 1.93243376 3.42933218 3.01043059 2.06041074] -234.3564745506363
[5.27337382 0.69219321 1.92133573 3.39376436 3.0024842  2.07229702] -234.35240189381406
[5.285284   0.72594579 1.93606409 3.37504756 3.01288264 2.12336898] -234.35913446742063
[5.31252211 0.68481195 1.85610648 3.44609148 3.05442552 2.05354025] -234.35712061310355
[5.33514522 0.75344376 1.92196247 3.43579627 3.07322096 2.05808412] -234.3556287978711
[5.26898338 0.69513821 1.8376113  3.43767045 3.0079766  2.09756194] -234.35088127611368
[5.25023109 0.6997669  1.78113053 3.45041273 2.993174   2.14740109] -234.3583590294336
[5.24843632 0.69964921 1.92591262 3.40095785 2.97564989 2.05657925] -234.35186667809467
[5.24336422 0.74932674 1.84741162 3.40825903 3.00805126 2.04843159] -234.3487192322371
[5.21489396 0.79835855 1.80490055 3.39772245 3.0068616  2.04244201] -234.3565669276556
[5.30683142 0.7731895  1.95323738 3.35708256 2.97091527 2.09277024] -234.3579208217169
[5.25555976 0.68670884 1.86216602 3.43610533 3.02099463 2.04131403] -234.350783396718
[5.27502198 0.72202343 1.87122814 3.45537929 3.07103303 2.10691329] -234.3479640017514
[5.27923352 0.73130354 1.85638966 3.4919997  3.12733647 2.1514486 ] -234.35305884705014
[5.18643461 0.66156945 1.83325934 3.40824917 2.95550891 2.08294825] -234.3584099406817
[5.29796757 0.73047518 1.89978669 3.42890949 3.04379295 2.06430015] -234.3492285252224
[5.25640392 0.73558066 1.82670307 3.46199612 3.04001526 2.06606973] -234.35481561458298
[5.26913135 0.70304007 1.89767757 3.4108223  3.01186696 2.0707402 ] -234.34890026787048
[5.28823977 0.72925495 1.8127145  3.45809078 3.07892192 2.08650782] -234.352076407107
[5.25838718 0.70705064 1.89761309 3.41524108 3.0014679  2.06406139] -234.34885961524884
[5.26416064 0.73773675 1.92101641 3.41390173 3.04442565 2.03435828] -234.35229014096853
[5.2677777  0.70578785 1.85846258 3.43172827 3.01708886 2.08176103] -234.34865221206516
[5.2816569  0.7525258  1.89522721 3.41400783 3.03010569 2.10408852] -234.3467424737672
[5.29470548 0.78543429 1.9117578  3.40295908 3.03466122 2.13547576] -234.35040033934646
[5.23381221 0.71610966 1.85608671 3.41623644 3.00274495 2.09436518] -234.34696761026512
[5.25087539 0.74790131 1.84433222 3.43612835 3.03163027 2.09580013] -234.347880226023
[5.25911562 0.75750762 1.8266364  3.43867198 3.05208346 2.11305852] -234.3481013367962
[5.27938905 0.71795849 1.8699128  3.45579169 3.06017749 2.15023064] -234.34801181794384
[5.25884602 0.76555426 1.86267858 3.44034359 3.06550277 2.1397244 ] -234.34943119464268
[5.26554478 0.72072945 1.85951658 3.4338821  3.02919234 2.09625187] -234.34700396526134
[5.26965115 0.70157509 1.90546482 3.43180325 3.0228778  2.10282469] -234.34797768738343
[5.24613176 0.7356631  1.87403909 3.40668739 3.00235054 2.04985059] -234.3489087244335
[5.27107472 0.72238464 1.87094437 3.44351561 3.04572075 2.12513563] -234.34696561559764
[5.25634418 0.758983   1.82698026 3.43457996 3.04726454 2.10469352] -234.3480437987914
[5.26632441 0.71592707 1.88584368 3.43249742 3.02897449 2.1032919 ] -234.3468182358067
[5.24807415 0.73650255 1.86608878 3.40337663 2.9850898  2.09939778] -234.34732346171273
[5.27128701 0.70682509 1.90023689 3.41171033 3.00897907 2.11171016] -234.34779527947885
[5.2661841  0.71709414 1.88626072 3.41781483 3.01464187 2.10773265] -234.3468333513575
[5.28012489 0.71175438 1.88520431 3.44927479 3.06537023 2.1108908 ] -234.34800299607656
[5.25608684 0.7303155  1.87086766 3.41485117 3.00515991 2.10227104] -234.34661490697212
[5.25950162 0.73072282 1.8955602  3.41242567 3.01325688 2.1160431 ] -234.34718918610355
[5.26403399 0.72322779 1.86852749 3.42851799 3.02520847 2.10119968] -234.3465718182204
[5.30130811 0.73771532 1.903137   3.43416518 3.04719211 2.12020795] -234.34871148281047
[5.25068619 0.72151108 1.86784928 3.42071862 3.01385674 2.10082587] -234.34711987534791
[5.26006041 0.72677165 1.86969757 3.42168458 3.01518419 2.10173536] -234.3465158869281
[5.27284545 0.7378768  1.88187735 3.42126291 3.02765708 2.1026441 ] -234.34639386433096
[5.2651792  0.71957743 1.87718558 3.43050771 3.02709148 2.10224579] -234.34664333982013
[5.26510904 0.72016097 1.8773941  3.42316641 3.01992517 2.10446616] -234.3465248838939
[5.26755436 0.72280622 1.86973593 3.4360168  3.03546461 2.11316765] -234.34668006359016
[5.2489231  0.71966873 1.8623071  3.42237722 3.01397671 2.09778243] -234.34703667720464
[5.28267105 0.73047156 1.88583224 3.43134159 3.03620029 2.11070381] -234.34673842099636
[5.27423406 0.72777085 1.87995096 3.42910049 3.0306444  2.10747347] -234.34647080229368
[5.26626636 0.72898895 1.88180842 3.41539656 3.01310565 2.09342053] -234.34676213046362
[5.26723236 0.7243519  1.87275405 3.43086174 3.02987487 2.10823087] -234.34651887469033
[5.26932591 0.73380922 1.87288159 3.42102367 3.02240658 2.10633742] -234.3462620986005
[5.27139926 0.74092511 1.8707296  3.41628165 3.02006413 2.10838324] -234.34630518340694
[5.27223509 0.733686   1.88299105 3.42051528 3.02335562 2.10909612] -234.3463453712095
[5.27353538 0.74126117 1.87599009 3.42498314 3.02978241 2.10737295] -234.34633167975414
[5.27351307 0.74270666 1.88170882 3.41532828 3.01980189 2.10332227] -234.3464232775605
[5.28516924 0.74559859 1.88876904 3.42238668 3.0360318  2.11034675] -234.34655696259176
[5.26633762 0.73147838 1.87446544 3.4218601  3.02039609 2.10388821] -234.34640441424358
[5.26836344 0.74583523 1.87668716 3.4125573  3.0171555  2.10341355] -234.34645528011632
[5.2698311  0.74131913 1.87750311 3.4166931  3.02052772 2.10442853] -234.34628703876677
[5.2678571  0.73043691 1.87352739 3.42678445 3.02823995 2.10793351] -234.34649006464974
[5.27209908 0.73963922 1.87966346 3.41819232 3.0219114  2.10447508] -234.34632040430807
[5.27695305 0.74438547 1.88250344 3.41903004 3.02815085 2.10756319] -234.3464963020344
[5.26899148 0.73470515 1.87647494 3.42115259 3.02233478 2.10480695] -234.34626295164054
[5.26916056 0.73692984 1.87329073 3.41959046 3.01911576 2.10952825] -234.34624594287075
[5.26731812 0.73645636 1.86899743 3.41875423 3.0148451  2.11297033] -234.34627682798074
[5.26874608 0.74220191 1.86894358 3.42002982 3.02200393 2.10322028] -234.34628777576475
[5.26584935 0.73494032 1.87359572 3.41391084 3.01298432 2.10355922] -234.34653265945897
[5.27161387 0.73968096 1.87539149 3.42221507 3.02558289 2.10641952] -234.346276607513
[5.26712392 0.73657618 1.86849836 3.42204257 3.02207915 2.10710524] -234.34622745659382
[5.26463633 0.73504466 1.8629158  3.4239677  3.02216302 2.10842032] -234.34639651410998
[5.2699362  0.73213825 1.87906982 3.420876   3.0220117  2.10965503] -234.3462771668966
[5.26888621 0.72996073 1.87103254 3.42560702 3.02398256 2.11018894] -234.3465199196353
[5.26959488 0.73847953 1.87588546 3.41892158 3.02139143 2.10586863] -234.3462615516015
[5.26866734 0.74125538 1.86840437 3.42077264 3.02229183 2.10370031] -234.34628782109195
[5.26961898 0.73441753 1.87640346 3.42085016 3.02208173 2.10816635] -234.34625348953014
[5.2663247  0.73195819 1.87242002 3.41897861 3.01755359 2.1075181 ] -234.3463729868771
[5.27029158 0.73775027 1.87464863 3.42140595 3.02357556 2.10669416] -234.34625056818956
[5.26938046 0.73794904 1.8707278  3.42012554 3.02121529 2.10975974] -234.34623317349346
[5.26906422 0.74022491 1.87360322 3.41995509 3.02074639 2.10937003] -234.3462416431774
[5.26861837 0.73613639 1.8698386  3.42240168 3.02154653 2.11100596] -234.3462496004349
[5.26826072 0.74077134 1.86713232 3.42099027 3.02067783 2.10965478] -234.34626162176968
[5.26927942 0.73600598 1.87408568 3.42088519 3.02173076 2.10853846] -234.3462348158112
[5.26725074 0.73685718 1.86869951 3.42026089 3.01856906 2.11174173] -234.34623319904415
[5.26846807 0.73871132 1.87312983 3.41855157 3.01960561 2.10767519] -234.34623781749588
[5.26769505 0.7385117  1.86962406 3.42101649 3.02219966 2.10853521] -234.3462117856798
[5.26696229 0.73930263 1.86779073 3.42172951 3.02374161 2.10803869] -234.34621300100213
[5.267335   0.73464556 1.86798519 3.42100567 3.02105345 2.10841516] -234.34639517837732
[5.26863192 0.73883007 1.87219871 3.42021773 3.02082316 2.10913131] -234.34622404921177
[5.26798576 0.73619873 1.86814821 3.42296457 3.02260009 2.11059537] -234.34622898808405
[5.2667432  0.73896831 1.86521321 3.42132408 3.02076471 2.11041774] -234.34623969671978
[5.26864536 0.73674657 1.87186756 3.42099491 3.02148925 2.10900828] -234.34622551050117
[5.26923675 0.73808025 1.8716554  3.42219305 3.0248998  2.10630332] -234.34624141263177
[5.26774724 0.73716295 1.86943848 3.42074393 3.02015175 2.11038213] -234.3462281622938
[5.26656262 0.73672636 1.86919732 3.42253453 3.02189906 2.10849278] -234.3462363254975
[5.268676   0.73764337 1.87034518 3.42072779 3.02138623 2.109443  ] -234.34622616961926
[5.2681874  0.73895822 1.87250924 3.4189499  3.02010965 2.10727302] -234.34623492213868
[5.26803617 0.7368886  1.86923847 3.42196091 3.02197748 2.10976478] -234.34622796069175
[5.26852223 0.73790255 1.8711523  3.4215762  3.02316656 2.10728048] -234.3462303441371
[5.26794099 0.73734785 1.86986693 3.420952   3.02090545 2.10960672] -234.34622307400178
[5.26820157 0.73832998 1.8715618  3.42002293 3.02098349 2.10784514] -234.34622393214053
[5.26947305 0.739227   1.87332306 3.41926804 3.0205166  2.11075131] -234.3462207270423
[5.26818664 0.73868768 1.87246886 3.42009625 3.02091963 2.10884966] -234.34621543160753
[5.26806438 0.74023153 1.87114692 3.41952957 3.02062675 2.1092315 ] -234.34621351499334
[5.26788864 0.73861517 1.87046517 3.42007736 3.02122737 2.10914186] -234.3462143099362
[5.26821467 0.73921033 1.87073654 3.42029031 3.02114833 2.11086028] -234.34621175686803
[5.26822122 0.73965051 1.8703239  3.420424   3.02123075 2.11236786] -234.3462085726565
[5.26856867 0.74096001 1.87258373 3.41918524 3.0213348  2.11001908] -234.34621328014322
[5.26673515 0.73965854 1.86888115 3.42084159 3.0219964  2.10863042] -234.34620999383102
[5.26753773 0.74052147 1.86853945 3.42026184 3.02195228 2.11045899] -234.34620213277827
[5.26721327 0.74143836 1.86657474 3.42034464 3.0224686  2.11126365] -234.34621082166683
[5.26771876 0.74122941 1.86990124 3.42034222 3.02188618 2.11060582] -234.34619489281187
[5.26763382 0.74253653 1.86961927 3.42047465 3.02221558 2.1113378 ] -234.34620585248922
[5.26742782 0.73994569 1.86880425 3.4211609  3.0229066  2.11097429] -234.3462062183489
[5.26654324 0.73887909 1.86610763 3.42216378 3.02272248 2.11050511] -234.3462191908317
[5.26806231 0.74043978 1.8709647  3.41992987 3.02168172 2.11014059] -234.3462081643702
[5.26753929 0.7419701  1.86951417 3.41997032 3.02168498 2.11252411] -234.3462071567334
[5.26876722 0.74159378 1.87046809 3.41985479 3.02178444 2.1137268 ] -234.34620900313416
[5.26825921 0.74110997 1.87007135 3.42010149 3.02183743 2.11245271] -234.34620721626962
[5.26729381 0.7420883  1.86894115 3.42016488 3.02275231 2.11001765] -234.34620717778074
[5.26719656 0.74184853 1.86762584 3.42073734 3.0226582  2.11220393] -234.34620303216394
[5.26664545 0.74142453 1.86770401 3.42077767 3.02277609 2.10980889] -234.34620804696826
[5.26785577 0.74118861 1.86947952 3.42027054 3.0220721  2.11179175] -234.34620246046214
[5.26779816 0.7401463  1.86901367 3.42074951 3.02163447 2.11283532] -234.34620417226728
[5.26763898 0.73965657 1.86827382 3.4212038  3.02268496 2.11043259] -234.34620123259944
[5.26782083 0.74158461 1.86880692 3.42002752 3.02138946 2.11180184] -234.34621165222327
[5.26752607 0.74035542 1.86880492 3.42087755 3.02252732 2.11118118] -234.34621067327566
[5.26767887 0.74044299 1.86908753 3.42077301 3.02228557 2.11051921] -234.34620851892092
[5.26762824 0.74087544 1.86922034 3.42030203 3.02191923 2.11053241] -234.34620681783645
[5.26778726 0.74120901 1.86969038 3.42030638 3.02197914 2.11119879] -234.34619833594826
[5.26745766 0.74153897 1.86876354 3.42053978 3.02227219 2.11140488] -234.3462015016147
[5.26775846 0.74068786 1.86945745 3.42054586 3.02176032 2.11172057] -234.34620241117116
[5.26757329 0.74058755 1.86935275 3.42075156 3.02239639 2.11079006] -234.3462050805138
[5.26762902 0.74159976 1.8697077  3.42015627 3.02178558 2.11156497] -234.34620972094086
[5.26766641 0.74073218 1.86924257 3.42061882 3.02216057 2.11078065] -234.34620843146305
[5.26764148 0.74131057 1.86955266 3.42031045 3.02191058 2.11130353] -234.3461918766183
[5.26762902 0.74159976 1.8697077  3.42015627 3.02178558 2.11156497] -234.34620972094086
[5.26768406 0.74131235 1.86968566 3.42063005 3.02214904 2.11180881] -234.34619502605682
[5.26777594 0.74184184 1.86966423 3.42014002 3.02158942 2.11189074] -234.346212761539
[5.26762395 0.74090112 1.86943062 3.42059867 3.02219465 2.11106523] -234.34620296212134
[5.26772528 0.74152827 1.86958636 3.42029291 3.02179116 2.11161557] -234.34619070745288
[5.26777594 0.74184184 1.86966423 3.42014002 3.02158942 2.11189074] -234.346212761539
[5.26757971 0.74202167 1.86960249 3.4202614  3.02223577 2.11092523] -234.34620729413302
[5.26771377 0.74102131 1.86949371 3.42047475 3.02187918 2.11152174] -234.3462057180334
[5.26768338 0.74141942 1.86956951 3.42030168 3.02185087 2.11145955] -234.3462037693845
[5.26772202 0.74137884 1.8697438  3.42031756 3.02183867 2.1111107 ] -234.3462068737067
[5.26770467 0.74142031 1.86963601 3.42046148 3.0219701  2.11171219] -234.34619825170066
[5.26775627 0.74136864 1.86963837 3.42029964 3.02188515 2.11140718] -234.3462038341827
[5.26759147 0.74153362 1.86917495 3.42041634 3.02203168 2.11151022] -234.3462005241832
[5.26774187 0.74110806 1.86952191 3.42041939 3.02177574 2.11166807] -234.3462088905918
[5.26765249 0.74177497 1.86959442 3.42027715 3.02201347 2.1112704 ] -234.34620513391855
[5.26764917 0.74163623 1.86932274 3.42036551 3.02200881 2.11188101] -234.34620032943158
[5.26771758 0.74119386 1.86938155 3.42043537 3.02183246 2.11192484] -234.34620571766885
[5.26766877 0.74162969 1.86954121 3.42031671 3.02196822 2.11143401] -234.34619428942042
[5.26758464 0.7416872  1.86930522 3.42041856 3.02198846 2.111797  ] -234.3462021213464
[5.26762461 0.74172569 1.86928599 3.42045549 3.0220686  2.11185712] -234.346201068928
[5.26773668 0.74147073 1.86954386 3.42035091 3.02195773 2.1115397 ] -234.34619962213313
[5.26773406 0.74134726 1.86964905 3.42027913 3.02184063 2.11137378] -234.34621628780278
[5.26765198 0.74163108 1.86937675 3.4204114  3.02201161 2.11173628] -234.3462045591655
[5.26769702 0.74157898 1.86956378 3.42030481 3.02187969 2.11152479] -234.34620005867038
[5.26771497 0.74147429 1.86961118 3.42037719 3.02188063 2.11166388] -234.34619467985448
[5.26773098 0.7414995  1.86956511 3.42032191 3.02187445 2.11157764] -234.3462037421156
[5.26768722 0.74158225 1.86945455 3.42032921 3.02189999 2.11174829] -234.34620058006547
[5.26765837 0.74153094 1.86938065 3.42035463 3.02191142 2.1115629 ] -234.34620524571346
[5.26767495 0.74162698 1.86943617 3.4203742  3.02192988 2.11173634] -234.34619394890254
[5.26775177 0.74156581 1.86969173 3.42031212 3.02184051 2.11172594] -234.34620425689914
[5.26772842 0.74155709 1.86961396 3.42032274 3.02185824 2.11168518] -234.34620588847432
[5.26770011 0.74157762 1.86951126 3.42033355 3.02186052 2.11167596] -234.34618303291006
[5.26772012 0.74150128 1.86959877 3.42033505 3.0218359  2.11163973] -234.3462043129485
[5.26771115 0.74155362 1.86957507 3.42029886 3.02183543 2.11157018] -234.3462118598663
[5.26770625 0.74155526 1.86952045 3.42031106 3.02184558 2.11168193] -234.34620017105405
[5.26772813 0.74151388 1.86957573 3.42030741 3.02183281 2.1115966 ] -234.34621260625946
[5.26769182 0.7415296  1.8694835  3.42032377 3.02185129 2.11158923] -234.3462045436306
[5.26769012 0.741568   1.86951607 3.42032432 3.02184049 2.11166093] -234.3462021042459
[5.26770009 0.74153305 1.86949707 3.42034136 3.02183955 2.1117176 ] -234.34620474979485
[5.26770285 0.7415382  1.86951657 3.42033074 3.02183852 2.11168075] -234.3462076687507
[5.26771269 0.74155294 1.86954881 3.42031323 3.02182584 2.11164576] -234.34619800474522
[5.26770318 0.74156644 1.86951586 3.4203223  3.02185305 2.11167894] -234.34620998354364
[5.26769511 0.74157281 1.86951367 3.42032894 3.02185051 2.11166844] -234.34620318794907
[5.26771012 0.74153945 1.86955502 3.4203343  3.02184821 2.11165784] -234.34620750945055
[5.26769597 0.74155361 1.86949738 3.42032866 3.02185591 2.1116326 ] -234.34619980859716
[5.26770563 0.74156562 1.86954317 3.42031621 3.02184798 2.11162307] -234.3462068172348
