[ 1.4957406   0.01989777 -0.43659134 -2.03488245 -0.15766798 -1.0735508 ] -375.3645066873363
[ 0.29406481 -0.68580721 -1.57746059 -1.68772702  0.06986611  0.54145971] -377.5332854756203
[-1.41208486 -0.16202189 -0.19541161 -0.58563847  0.59654072 -1.27339019] -379.7641595286091
[ 0.54405569  1.05328257 -1.81565767  0.6716272  -0.71642222  0.76912626] -352.04985006255276
[ 1.64270697 -2.79310431  0.00719696  1.65398186 -0.49471833 -2.33697098] -351.66336349017155
[-1.07751564  1.24627329  1.27904152 -0.9067374  -0.0231999  -1.48791993] -384.2358299658532
[-0.78301545 -1.03927081  1.74873588  1.51170736  0.5232089   0.38252114] -355.9801520694032
[ 1.67133823 -2.44861458 -2.03543764  0.74976023 -0.03653103  0.49098498] -345.56053886323264
[ 3.04576517 -4.29605852 -3.69267723  1.57800904 -0.0431966   1.48043743] -357.5151675743813
[ 3.03371515 -1.80251697 -1.17432653  0.8737942  -0.86729558  0.86458029] -346.8071367039094
[ 2.24078225 -1.65096823  0.34210048  2.82972315 -0.6530082  -0.84256275] -344.10995684590597
[ 3.21414098 -2.13354874  1.30188101  5.08844824 -1.01444535 -1.53457399] -413.3134964070332
[ 1.28745368 -2.91362855 -0.53920483  4.79841378 -0.5905875   0.84944378] -367.14068415835146
[ 1.33952541 -2.18024697 -0.51355146  3.09008972 -0.48235762  0.36869513] -342.31018229113954
[ 4.27372335 -2.23478536 -3.47862784  1.77795142 -1.60665323 -0.61123683] -384.8491751311381
[ 0.48116925 -1.33814945  0.44189495  1.57826838 -0.00925663  0.13408164] -340.892677069929
[ 2.92569007 -5.12448274  0.83828326  2.92024531 -0.13130025 -1.20952349] -344.9028886507931
[ 2.25469981 -2.05522201 -0.70754261  2.35997847 -0.23186477  2.27238958] -329.0365615719597
[ 2.56069623 -1.68628086 -1.0649124   2.71297678 -0.10043799  4.57706986] -328.0839578237187
[ 0.70601867 -3.00706397  0.51045226  3.75322699  0.39633167  0.30833483] -337.28872652853784
[ 1.7466224  -2.54711616  2.22019334  4.87841655 -0.2901453   0.62104677] -363.8067113435812
[ 1.69015927 -2.47323998 -0.9715299   1.78192431 -0.0999346   0.52350042] -335.00756866389554
[ 0.08042696  1.01249958 -1.25679862  2.32849114 -0.18492087  2.89922987] -346.48124149838003
[ 2.21437429 -3.59023716  0.31451279  2.77230676 -0.1447054  -0.18233515] -335.39665576259046
[ 0.75653212 -3.10743789 -0.76981173  2.3998745   0.50622134  2.752345  ] -336.12588458498095
[ 1.46345787e+00 -2.88722280e+00  4.20115997e-04  1.90943618e+00
  6.65097084e-01  2.33563707e+00] -329.8218045417976
[ 2.64924357 -4.2456781  -1.10218457  3.5316468   0.41678067  3.30410237] -328.53271290298056
[ 3.07213578 -2.98963496 -1.70828749  1.28282812  0.0180087   4.12843836] -342.82755285358996
[ 1.29754795 -3.00270672 -0.04423268  3.13562727  0.30175093  1.26336072] -329.32369066781047
[ 3.20196094 -2.85435064 -0.18616382  2.88143154 -0.16003778  1.1881001 ] -329.4479128003003
[ 2.07331432 -2.12625587 -1.43738054  2.54537419  0.48577818  4.57959199] -326.97481370104106
[ 2.00278433 -1.39426523 -2.31332721  2.43190791  0.80101997  6.96055557] -338.4975498478375
[ 2.72524768 -3.12759169 -0.3066214   3.79023995  0.63624497  5.22578694] -323.15069997702614
[ 3.24279189 -3.45476754  0.02583285  4.79439777  1.00433475  7.57693021] -330.5397858364055
[ 3.37254569 -2.79373183 -1.38091859  4.28966266 -0.13840409  4.37703359] -340.7836754461325
[ 1.94072982 -2.86385005 -0.34491456  2.5044928   0.46422179  2.8459862 ] -324.88409010440387
[ 1.21363225 -2.82977046 -1.24725157  3.19202106  0.89481729  6.07719927] -336.9912983598008
[ 2.70487877 -2.8482056  -0.45143576  2.95907892  0.10367599  2.41037489] -324.6511703753797
[ 3.58715552 -2.62991401 -1.52491706  2.87897587  0.36700361  6.3842767 ] -332.9060859315472
[ 1.86994984 -2.90950854 -0.41440378  3.07146442  0.3180641   2.54358971] -325.00035210150844
[ 1.97569532 -0.94155277 -0.2377049   2.32956223  0.21906835  4.09003083] -323.718779026158
[ 1.86924235e+00 -3.25270731e+00  7.58753826e-04  3.02042739e+00
  8.42789106e-01  2.65471700e+00] -321.22130305426066
[ 1.52351541 -4.03592054  0.53359433  3.17415269  1.31440265  1.69354057] -323.2072985303231
[ 2.28860028 -3.18821611  0.85260666  3.34638104  0.37557659  2.01056986] -322.48351624591123
[ 2.6315149  -2.49786597  0.25196671  2.91192969  0.5624615   3.86889886] -318.78412216188343
[ 3.01229744 -2.29204469  0.58515195  2.83216232  0.6846602   4.53155344] -317.42323894408065
[ 2.91792412 -2.35292267  0.49249966  3.58812448  0.48978328  4.12835812] -318.6590503673878
[ 2.2247903  -2.20347282  0.913666    3.34322021  0.9790315   5.13663051] -319.04696707400694
[ 3.0370054  -4.53076566  1.08372544  4.3106229   1.1169602   3.80584113] -318.7492953320452
[ 2.39137228 -2.8124514   1.61609089  3.02340617  0.86002199  2.19676974] -315.65180143075486
[ 2.22443458 -2.65488125  2.57744703  2.63998928  0.97191051  0.68226114] -317.7176736791149
[ 2.86227702 -2.62657207  0.71135757  3.35960678  1.28217217  5.47405345] -316.3638537132172
[ 3.6126465  -2.35336912  1.80007175  3.79862023  0.96142067  5.76968513] -315.94275336503483
[ 3.71971729 -3.45256905  1.18263309  3.62762741  0.819308    3.49878983] -315.75515260768077
[ 3.13507281 -0.76587733  1.04554286  2.43255956  0.5821619   4.72722878] -315.46911942103503
[3.18410652 1.11656683 1.02645157 1.49352789 0.31476276 5.1879226 ] -321.20887083415903
[ 3.32653699 -2.41470522  1.82111638  2.76986968  1.24013171  4.60433533] -314.03394487570483
[ 3.53084342 -2.44559649  2.48542473  2.36074228  1.61530592  4.84232394] -318.572387639805
[ 3.33691019 -2.51647004  2.14045223  3.50506763  1.23041195  4.22540065] -310.01746940491887
[ 3.49921657 -2.62868272  2.91810237  3.84152028  1.50328783  4.07232425] -307.9666613947844
[ 3.6992438  -2.18264621  2.74982821  3.13826099  0.7066052   2.81565757] -312.8190972610877
[ 2.97774008 -2.39894153  1.97769951  2.4791278   0.9424182   1.53535004] -312.92101592263475
[ 2.62334355 -0.94853242  2.86016031  2.26728741  1.12556761  3.15176541] -313.56838576495767
[ 4.02901232 -0.96734374  2.84139232  2.61946907  1.17336882  4.77211738] -309.73780600945105
[ 3.58329162 -3.08107328  4.01055684  3.27261885  1.64829788  2.25662122] -309.0551968906043
[ 3.47741232 -1.65436808  3.96479681  3.10289179  1.12638347  1.59694329] -309.8794092476136
[ 4.46529535 -3.35581943  3.29396504  3.88400885  1.24121953  2.53123917] -311.71375696157514
[ 4.60675058 -2.22436963  4.61518102  4.14046215  1.52396937  4.4796176 ] -311.57612771572025
[ 4.18774913 -2.45457275  4.4648366   3.81539601  2.0322371   3.7539634 ] -304.3934135836451
[ 4.43200179 -2.59053602  5.32234079  4.15396352  2.69505306  4.22311632] -303.4799757023409
[ 3.41059972 -1.02630506  4.59682501  3.15963304  1.98223395  4.60234085] -310.0202369134274
[ 2.87042753 -1.7584      3.26949036  2.5762367   1.85223896  2.69487017] -310.4285188622897
[ 3.3045083  -1.87489241  3.60591303  2.96729306  1.77017157  3.14105703] -307.1510647280548
[ 4.03121459 -3.23932703  2.95754238  3.49295249  1.32328692  2.08505232] -308.8581908647495
[ 4.14900274 -3.13958365  3.2538191   3.67971397  2.24477189  5.25315288] -308.89957256850687
[ 3.63739955 -4.55068796  4.51469918  4.51655165  2.55492089  2.23832396] -308.2158590079031
[ 4.10115622 -2.92682999  3.51358211  4.27804613  2.3821995   4.74772103] -303.12642409868073
[ 4.36008852 -2.84970834  3.26509474  4.78075977  2.74915031  5.99327094] -303.41469767827334
[ 3.51949627 -2.79740172  4.35690752  4.07039508  1.8315347   1.58271208] -307.53715165245796
[ 3.46671165 -2.55034991  5.11963928  4.44963742  2.92243559  4.58336591] -307.31715657048517
[ 3.80363071 -0.57220963  3.76412919  3.40373351  1.81330652  5.21177492] -306.1605185181828
[ 4.04328508 -1.80872384  5.64273494  3.93283596  2.96827915  3.75759151] -303.147377350448
[ 4.19760165 -1.31044555  4.63253892  3.65810812  3.01894709  6.97216349] -313.68537072911806
[ 3.68902261 -2.42566268  4.42581537  3.96732334  2.1283878   2.93007493] -303.7853243380168
[ 4.32448993 -1.51593494  3.63853252  3.11809442  1.66336361  3.42041267] -303.12519160625874
[ 4.75337907 -0.99872746  2.89797914  2.45232293  1.03382762  2.83893606] -307.7560342274582
[ 4.82668715 -2.07173996  5.16313194  4.6507059   2.78002498  4.9558401 ] -302.48151245588906
[ 5.58777658 -2.17016373  5.9417414   5.49241232  3.28495169  5.86323163] -310.20369401138555
[ 4.66858355 -3.87426618  5.47125003  4.62992291  3.05912951  2.7998106 ] -302.60044410557134
[ 5.10971196 -2.50368097  5.15804207  4.28719961  3.05429547  5.03808914] -301.1645081359887
[ 5.82005663 -2.54269011  5.52415542  4.44713774  3.5172493   6.09209625] -303.16397875481266
[ 4.59263617 -2.30985594  4.20675041  4.14497146  2.60737768  4.01670537] -298.66786119679716
[ 4.67295335 -2.16951589  3.64895523  4.14047544  2.56354     3.9134999 ] -297.13099938578637
[ 5.19124231 -3.21193213  3.22176303  4.43531218  2.19923854  4.53419964] -305.12718525572086
[ 4.33027438 -2.15952592  5.03749196  4.05845502  2.776019    3.95174354] -300.6981014928819
[ 5.20974389 -1.83805797  5.85888581  4.01690496  2.91659135  3.27874429] -299.08173917853355
[ 5.28149483 -3.35632735  6.47405316  5.47646019  4.05316983  4.55882985] -301.4046934732709
[ 5.14170498 -0.82534984  4.97560336  4.24681079  2.9887507   5.76577167] -299.95238798039503
[ 5.08860731 -2.21241268  5.22121192  4.0913961   3.33743047  3.87971936] -296.9571649478447
[ 5.21956739 -2.28274905  5.25025191  3.8117412   3.61613321  3.341659  ] -297.7831469521253
[ 4.56950379 -0.54652041  3.49267696  2.80395379  1.82570583  4.05035945] -301.9746840743574
[ 5.10349707 -2.65387561  5.72870911  4.80833359  3.49630383  4.43171225] -298.8078455040275
[ 4.73921504 -1.44923167  4.99891039  4.16692569  2.97191631  3.36897453] -295.52316563754346
[ 4.55396658 -0.92200702  4.91934455  4.10678873  2.93072674  2.53441722] -294.63493402377907
[ 5.59321667 -1.38088042  5.08007803  4.41178152  3.30176203  3.98287802] -294.2565306131293
[ 6.22468782 -0.99155768  5.10137107  4.58844478  3.56463355  3.99844526] -294.43717104551456
[ 4.93228998 -2.90023336  5.17679153  4.27841599  3.19336744  1.57455201] -296.9040573543978
[ 4.77176644 -2.2415837   4.06614431  4.59549216  3.35778548  3.4935153 ] -292.1255355209533
[ 4.55277772 -2.44334657  3.16977356  4.88478576  3.57838254  3.60090081] -290.27491349891756
[ 4.69444013 -1.35558971  3.3433425   3.82954759  2.80543258  2.06361019] -291.5017884172297
[ 5.13214611 -1.5686407   5.32122547  4.39376313  3.81882727  1.96519264] -290.3140945151266
[ 4.73100508 -1.31115324  3.78230662  4.54363147  3.2054024   1.3607976 ] -291.510488071775
[ 4.82022745 -0.09363919  3.36189871  4.44501675  3.35347708  3.59471348] -288.684409578466
[4.76419618 1.3096579  2.45445231 4.52831713 3.4335319  4.60479421] -291.01826233491073
[ 5.28730448 -1.79574292  3.10019708  4.72938668  3.75703456  2.98828036] -287.12132287098325
[ 5.65397343 -2.23261087  2.19062335  5.04068565  4.17018847  3.21521193] -287.44673059630554
[ 4.14608365 -1.47515702  2.27950328  4.53026227  3.53775678  1.208287  ] -286.96110927500234
[ 3.42251713 -1.52229531  0.8792159   4.58950264  3.65575415 -0.17900851] -289.96157288053115
[ 4.81332143 -1.59955212  3.07634024  4.39395592  3.74490121  3.77953056] -287.96421458612076
[ 4.88951348 -1.63643646  3.42630362  5.2961759   4.45802724  3.64869143] -284.5278314311476
[ 4.98705015 -1.77685984  3.46778418  6.02949006  5.28432456  4.44123204] -284.30272967809685
[ 4.40344218 -1.49279186  0.83060688  5.27720268  3.93313164  4.57245544] -288.625560491559
[ 4.93303206 -0.30123441  2.20233657  4.91698569  4.29182607  3.26059882] -281.9239799643677
[5.12315924 0.76982166 1.71861808 4.93308566 4.64854783 3.09044783] -280.525329239512
[ 4.76655959 -2.36312151  1.4624512   5.51944434  4.94842178  3.0986976 ] -282.81337638791763
[ 5.304384   -1.25407873  4.2043578   4.76800563  4.70719726  1.62970302] -282.4406194868536
[ 5.05819227 -1.03216066  2.3346303   5.77593563  5.21619305  1.70601873] -282.03309051630004
[ 4.50783849 -0.58144244  2.05558453  5.78935452  5.69044586  2.06984839] -278.0759937392621
[4.11810549 0.02570779 1.53327825 6.31933844 6.65715151 1.6106324 ] -279.3539028360996
[ 5.76964426 -0.60412349  2.80163875  6.40817634  6.62728667  4.13702887] -278.7951401030312
[5.18954247 0.08849145 1.39130937 5.03517731 5.32837292 0.80268277] -278.2583942496816
[5.55102732 1.49195744 3.37292841 5.38380069 5.79092608 1.37987893] -281.78435691836734
[5.09541735 1.29826005 0.35387867 6.34050442 6.39339354 2.76559882] -286.80975374040327
[ 5.25214234 -0.61599403  3.24173802  5.16113033  5.12874633  1.91367697] -278.71140726226025
[5.40625909 1.21506419 2.52597542 5.12763932 5.85524884 2.75850253] -275.0407991116072
[5.5802925  2.33867662 2.62164799 4.80349117 6.17477674 3.28474443] -275.1626493551275
[ 4.86516798 -1.40135166  1.20535965  5.43438714  5.30195673  3.54418352] -279.8533627927475
[ 5.20703897 -1.40294032  2.68858384  6.05220266  6.66213796  1.98485985] -275.0316863617391
[ 5.24897884 -2.48932132  3.17356672  6.61176116  7.66893303  1.43206586] -276.91358825919053
[5.57898723 0.76770345 3.69625033 5.75683969 6.4621228  1.01134961] -279.4613030273144
[5.40053242 0.22543967 3.07352766 5.67622655 6.17208128 1.64455808] -276.5369542566634
[ 4.55147366  0.24699633  2.19060086  4.53906722  4.98505773 -0.41231934] -281.1292887927738
[ 5.46510161 -0.39134353  2.64887928  5.94089906  6.21672944  2.99969182] -276.148999119834
[5.13996201 0.33375037 1.55288201 6.04603615 6.8462591  2.17303751] -274.1232976406499
[5.08387185 0.80862257 0.70845401 6.48848906 7.70501548 2.30271777] -275.017780660195
[ 5.18603507 -0.28898214  3.45716821  6.50894211  7.15259457  3.74081662] -276.7147088844041
[6.09380457 0.47843852 3.26008761 5.99462743 7.27790454 3.03064041] -272.9292461272987
[6.88678762 1.008379   3.86233915 6.09726389 8.07163388 3.51103643] -273.4157847295487
[5.71819783 0.44178511 1.7928104  5.10360162 5.85752581 1.12294678] -276.45074047345497
[ 5.60958895e+00 -5.21558309e-04  1.74954519e+00  5.74544219e+00
  6.73318729e+00  3.04533488e+00] -272.9465943701557
[ 5.25572058 -0.36430255  3.01584072  6.53201399  7.33962991  4.20774222] -275.25851018755077
[5.43902311 0.47783975 2.28209232 5.89175485 7.35472645 2.73368065] -271.2351008414243
[5.42598386 0.91243139 2.09869884 5.86718275 7.92372495 2.60067506] -270.72149865616467
[5.70515858 0.87637675 1.60941692 5.07902951 6.42652432 0.98994119] -274.62618094899324
[ 5.65425322 -0.81588581  1.79376271  6.46720091  8.10133054  1.84966044] -272.0159968402974
[6.00254476 1.99780355 1.33288059 5.68097032 7.77417228 2.57823665] -271.80140820341677
[5.60355388 0.0922954  2.31986873 6.85479041 8.45900191 4.10258712] -272.2269612079917
[6.32328107 0.5544368  2.63206588 6.15736852 8.57684807 3.56267402] -269.6016390216285
[6.9149406  0.66478001 3.17165782 6.21303471 9.44214255 4.25749228] -270.4688895325103
[6.09155151 1.07369484 2.72957627 6.59527125 9.30447348 2.86282302] -269.2003381914286
[ 6.33253279  1.61080304  3.2195918   7.02018578 10.59011658  2.7715671 ] -270.22907711171604
[5.60658486 0.79315354 1.04219673 6.54630063 9.43527921 2.82157836] -270.29168202209195
[6.09784588 1.41291603 1.55652494 5.58330772 8.5796076  1.32262873] -272.50665811904224
[5.72712688 0.42245056 2.12903279 6.53691974 8.48915333 3.40759753] -270.1337384998381
[6.07143776 2.73387603 2.19438765 5.99413683 9.06655323 4.09486777] -270.8963413340818
[5.74611056 0.16554417 2.9424388  6.88475625 9.82450514 3.87183527] -270.3113448954308
[ 5.56877515 -1.42663893  2.33028212  6.86846288  8.78477483  2.28085998] -272.05852809277843
[5.94577211 1.69374729 2.22836127 6.21271834 8.99610863 3.64136583] -269.4702291214429
[ 6.3874918   0.65524434  2.46919174  7.11059549 10.28506434  4.12194961] -268.8799986057809
[ 6.86824577  0.52665081  2.65443819  7.73230187 11.46573403  4.88258689] -271.1206558134786
[6.28115885 1.56536495 1.46770276 6.16830174 8.53780388 2.93416085] -271.0847531131782
[5.87987263 0.51549937 2.57375479 6.70564262 9.50282983 3.63741667] -269.13340724007793
[6.51178047 0.84520419 3.87846418 6.55987137 8.94954669 4.25636386] -271.17366901422804
[5.83288376 0.8061662  1.75126359 6.54969331 9.31384608 3.18027474] -269.11567874418984
[ 6.42649074  1.34381238  2.66570506  6.57351011 10.17057014  3.59457043] -268.37184980005384
[ 6.77617268  1.8044933   2.93404119  6.5918053  11.01127854  3.68805689] -268.9421019498889
[ 5.86473978  1.47495135  2.17388502  7.09177519 10.6141161   3.45012608] -269.60116582746167
[ 5.9793751   1.24482271  2.28843024  6.85817352 10.10479909  3.47826306] -268.82597240615286
[ 6.25344974  0.18599932  2.59761262  7.2515771  10.56441902  3.31706669] -268.6488959114394
[ 6.16163642  0.51015327  2.05240975  7.0877928  10.67603602  4.24702404] -269.23157006144834
[6.10907274 0.93280945 2.56028464 6.71840164 9.64736411 3.20887328] -268.628532024913
[ 6.44971533  1.2074521   2.20374117  6.98167444 10.52585777  3.32958261] -268.5783654737126
[ 6.70231472  1.05054723  3.17705823  7.28161746 11.11884541  3.83649383] -268.8443002636304
[ 6.25264766  1.33323673  2.69508558  6.77772259 10.42555417  2.79966702] -268.4811270038265
[5.78793572 1.03216366 1.82656154 6.43873568 9.36067602 2.73951387] -269.2349871236479
[ 6.47371997  1.04595134  2.83943406  7.07089701 10.67930306  3.56224884] -268.3550120619639
[ 6.67565696  0.77159773  2.89885747  6.93308744 10.56622367  3.12573989] -268.18212403041156
[ 7.02379788  0.53498525  3.20407109  6.9705444  10.79693596  2.9494783 ] -268.6816351964011
[ 6.54231806  2.02562059  2.69009004  6.43352065 10.10720529  3.22316067] -268.64866370950847
[ 6.47010098  1.56571527  2.66697068  6.63803476 10.22150872  3.24663717] -268.29765192152536
[ 6.80703781  1.48977907  2.76298004  6.93990715 11.21564173  3.34394204] -268.14403776313037
[ 7.15602035  1.76826388  2.86432774  7.0506599  11.99978054  3.41147642] -268.60974810418185
[ 6.58550271  1.30924541  3.30593646  6.66271192 10.56707607  3.22801919] -268.4066591160667
[ 6.89352206  1.17546368  3.01820901  6.82832687 10.71455363  3.90071884] -268.16632147381193
[ 6.66334013  1.15486108  2.31144898  6.99854253 10.62219092  3.69659988] -268.57809002023276
[ 6.60496207  1.27064933  3.05731459  6.74666957 10.58085478  3.34516436] -268.112826772581
[ 6.88184254  1.09590642  3.08221689  7.14546416 11.15545839  3.24691328] -268.58935875932946
[ 6.54032869  1.28183589  2.76983302  6.71649862 10.4167922   3.50765615] -268.1046305036406
[ 6.85681622  1.47239565  2.88528755  6.52994446 10.55922185  3.26103731] -268.4689317945822
[ 6.56949403  1.15256242  2.85089743  6.93565887 10.64928276  3.48694596] -268.10232369351695
[ 6.89356623  0.8149141   3.11905984  7.06201475 11.15960753  3.6567519 ] -268.0401512001693
[ 7.10529885  0.43951352  3.34510441  7.27400474 11.62865694  3.86180927] -268.36683334256384
[ 6.76064667  1.62347043  2.96057383  6.80993784 11.01268721  3.95465319] -268.27828766424807
[ 6.69690439  0.98456591  2.91428656  6.90230004 10.67783956  3.33296822] -268.0341498539319
[ 6.47724234  1.1559719   2.80658148  6.93935613 10.85211923  2.99042404] -268.20155763022365
[ 6.78945213  1.17059073  2.96530213  6.85608419 10.74894503  3.67314514] -268.03795470388644
[ 6.5578647   0.73526039  3.12925115  6.79983487 10.19546555  3.6569352 ] -268.21914807776375
[ 6.74474453  1.3011494   2.85454782  6.90488908 10.96059769  3.42219033] -268.0279205972123
[ 6.8065346   0.96455682  2.76732767  7.04581228 10.95683347  3.6813882 ] -268.11016067841047
[ 6.75614147  1.04107995  2.8398244   6.9710266  10.8628388   3.59733224] -268.02358418247064
[ 6.94310557  0.87311828  3.07813971  7.16082589 11.26957825  3.54878845] -268.18352277957564
[ 6.64102291  1.17965649  2.84690969  6.82758044 10.62998872  3.51793922] -268.0168723676534
[ 6.93778319  1.01142311  2.99574605  6.90563949 11.03065635  3.57982973] -268.1132196303071
[ 6.66156632  1.11727759  2.88710958  6.92815403 10.74462616  3.5101669 ] -268.02039824817643
[ 6.53637769  1.44985926  2.65026689  6.73466338 10.38200445  3.36116211] -268.19486905166275
[ 6.80426909  0.97365039  3.0018616   6.98017691 10.96520676  3.58285446] -267.9950130113253
[ 6.64543077  1.02853584  2.81621109  6.98195818 10.8647542   3.31467198] -268.024996037915
[ 6.72082065  1.22921732  2.83453483  6.96229504 10.99816455  3.64875016] -268.0010698028923
[ 6.66500587  0.88865646  2.88760258  6.97884132 10.72792871  3.63504799] -268.02276288270986
[ 6.77084467  1.11464355  2.94973647  6.90073327 10.7781637   3.84935834] -268.05719368851766
[ 6.67678425  1.05006277  2.84959244  6.96165195 10.84310657  3.44834357] -267.99662832967323
[ 6.63368156  1.10509372  2.92937917  6.90853996 10.77350169  3.51703519] -267.9967268152068
[ 6.71437572  1.32966297  2.89552652  6.87729145 10.92360278  3.43998184] -268.0295657134174
[ 6.67734833  0.99890809  2.88958357  6.95345385 10.77684723  3.58628145] -267.99513895184026
[ 6.72307594  1.06158533  2.89684418  6.93641202 10.91764568  3.59023445] -267.9839630698926
[ 6.75383075  1.03373921  2.90171148  6.94054101 11.00415545  3.63026823] -268.02044382773005
[ 6.77097036  0.95984938  2.95368891  7.0732628  11.12816878  3.60656054] -267.9868129537611
[ 6.7078892   0.82049925  3.00578179  6.97553746 10.80332769  3.4616864 ] -268.00530752722364
[ 6.71758779  1.1270378   2.87734657  6.96560564 10.94945534  3.60198422] -267.98366512324236
[ 6.82299703  0.95193753  2.89359325  7.04831443 11.08664176  3.62171771] -268.01585156512107
[ 6.68101043  1.06680468  2.92043269  6.94348358 10.85178671  3.54320582] -267.9807655537595
[ 6.78130307  1.01254912  2.9969934   6.98914632 11.01993026  3.72203008] -267.99273370879877
[ 6.81539056  1.06825081  2.99280555  7.0092419  11.16721728  3.62934174] -267.99086780455616
[ 6.69217696  1.12504198  2.87750884  6.99220718 11.04619459  3.64826449] -267.98803032559675
[ 6.68543428  1.12364088  2.84254884  6.98425806 11.00022587  3.48450035] -267.9855182908325
[ 6.60802802  1.08640254  2.79665113  6.95583452 10.79727504  3.52890822] -268.00146684836545
[ 6.76354993  1.07278874  2.94376694  6.99589006 11.07473172  3.60423336] -267.9783713522421
[ 6.75503262  1.01219362  2.93403388  6.97409687 10.92781011  3.49530842] -267.98931493344793
[ 6.70789087  1.09682989  2.8916401   6.9876796  11.01659847  3.61002548] -267.9779702447301
[ 6.65521271  1.22304639  2.83717087  6.86451352 10.80864582  3.53816735] -268.0127089784641
[ 6.74203095  1.02564864  2.9245594   7.02107548 11.04828804  3.58946224] -267.9757676961163
[ 6.75961436  1.02659081  2.97564779  6.96579073 10.95260945  3.69521484] -267.9901831432002
[ 6.7039793   1.09937836  2.87582358  6.97964123 10.98832176  3.53717897] -267.97751478534656
[ 6.71560714  1.10124404  2.91434558  7.02804651 11.05874833  3.57179558] -267.9883481537769
[ 6.72120874  1.07150001  2.90121953  6.95932064 10.95292134  3.58562473] -267.97692539161574
[ 6.72230229  1.01727897  2.94180084  6.99675789 11.02809401  3.55459265] -267.9751934671009
[ 6.72465954  0.96239956  2.97402798  7.01233401 11.06741335  3.53089686] -267.98357787465164
[ 6.7726436   1.06100353  2.90583744  7.03663805 11.18453174  3.61716666] -267.98443779553185
[ 6.70391872  1.06535439  2.91678388  6.9667722  10.93497297  3.56169603] -267.9752543814684
[ 6.67022703  1.05254134  2.87350883  6.97452562 10.91500048  3.54196001] -267.97699300376877
[ 6.71333147  1.01373735  2.91959192  6.97835141 10.93926773  3.5134794 ] -267.97526623010486
[ 6.72036044  0.98264187  2.94999789  6.98595985 10.95119309  3.57842605] -267.9747661220009
[ 6.72855101  0.92427362  2.98708504  6.98911917 10.93262876  3.59904959] -267.9815217140219
[ 6.77082384  1.00617906  2.97780899  6.99488687 11.03657859  3.58580036] -267.9789173591404
[ 6.69537623  1.04095077  2.89958387  6.97961593 10.945395    3.5529201 ] -267.97377763881167
[ 6.71123129  0.97703732  2.94955307  7.01685695 10.99614894  3.53123409] -267.97598737293356
[ 6.71372565  1.00065299  2.93746968  7.00247287 10.98534204  3.54483175] -267.973858597692
[ 6.68097398  1.01455681  2.93051663  6.94890124 10.87980024  3.51251975] -267.97781009337064
[ 6.72676671  1.02287568  2.92604871  7.00303192 11.00616609  3.57022662] -267.9735119440761
[ 6.71415188  1.02951421  2.93763637  6.99985214 11.01112     3.60741833] -267.974871146389
[ 6.72697568  0.96595045  2.94739524  7.022458   11.04079711  3.57444247] -267.974396782624
[ 6.71014991  0.99691635  2.92424308  7.00103902 10.95191044  3.58816246] -267.97633224258465
[ 6.71926419  1.01218832  2.9374114   6.99782817 11.00904812  3.5629851 ] -267.97354759473296
[ 6.72000443  0.97890581  2.92833256  6.99727011 10.96819382  3.5205257 ] -267.9752323506613
[ 6.71561501  1.01686211  2.93531042  6.99920663 11.00038846  3.58569517] -267.97350488899235
[ 6.71221406  1.03718491  2.91107522  7.01557799 11.04451918  3.55194102] -267.9745860932881
[ 6.71425065  1.02354915  2.92080589  7.00817345 11.02118766  3.55856228] -267.97336781760185
[ 6.70135714  1.0730759   2.90481475  6.97431832 10.94837867  3.5506312 ] -267.9751333602996
[ 6.72057104  0.99273181  2.93675012  7.01042308 11.0176925   3.56848965] -267.9732655634687
[ 6.71688896  1.03573295  2.91450045  6.99695353 11.01461724  3.58812789] -267.97368506929513
[ 6.74240929  0.9936959   2.95735845  7.02558966 11.07763835  3.59177547] -267.97511143510576
[ 6.7071345   1.02913706  2.91402752  6.99110936 10.97845584  3.56263394] -267.9732954535817
[ 6.71764507  0.99671509  2.94228423  7.00630401 10.99636232  3.5480697 ] -267.97378503938376
[ 6.71707799  1.02597849  2.92144639  6.99929115 11.01005351  3.57811334] -267.9733711779512
[ 6.71454111  1.02485645  2.91405161  7.00591703 11.00226657  3.57825524] -267.9738993592094
[ 6.71808342  1.01535535  2.93157145  6.99985038 11.00735273  3.56680263] -267.9732229138409
[ 6.70414416  1.01166231  2.92725522  6.99965277 11.00554414  3.56987239] -267.9740397551034
[ 6.72111107  1.02007234  2.92635034  7.00218713 11.0060106   3.57013806] -267.9732970398366
[ 6.71712788  1.01874595  2.91500682  7.00447156 11.01319583  3.54921813] -267.9734014739333
[ 6.71674966  1.01827499  2.92008272  7.00315533 11.00999398  3.55833739] -267.9731718483705
[ 6.71555546  1.00706174  2.92841628  7.0056751  11.00351093  3.55020798] -267.9733008336212
[ 6.71881773  1.00399528  2.93159359  6.99596001 10.98648454  3.56697428] -267.97317191720686
[ 6.71860035  1.01946053  2.9250423   6.99522    10.9984858   3.58091734] -267.97345970503414
[ 6.71631668  1.01016144  2.92757278  7.00306132 11.00225465  3.55788532] -267.97320507597396
[ 6.71144661  1.0031463   2.92751572  6.99899937 10.99473415  3.55690301] -267.9729940399293
[ 6.70661438  0.99468329  2.92809842  6.99740548 10.98909592  3.55028548] -267.97333335009046
[ 6.72686055  0.985418    2.94433461  7.01270713 11.02771501  3.56249682] -267.97371019965084
[ 6.71206601  1.01820729  2.92160429  6.99650881 10.99077063  3.56259966] -267.9730938167397
[ 6.710589    1.03031508  2.9165634   6.98875532 10.97950439  3.55467778] -267.97324681665623
[ 6.71308451  1.02091926  2.92161008  6.99417226 10.98905142  3.55813075] -267.97310338024727
[ 6.71141031  1.00954617  2.91842161  6.99743531 10.98374373  3.55347417] -267.9731083195913
[ 6.7115416   1.01453499  2.91936989  6.99234904 10.9826715   3.5609211 ] -267.9731011343566
[ 6.70661517  1.02421439  2.91127451  6.9982467  10.9971706   3.54981442] -267.97329673786413
[ 6.71576709  1.00905006  2.92651382  6.99653168 10.98915605  3.56268431] -267.97299987235704
[ 6.70835571  1.0068597   2.92492909  6.9888435  10.96671518  3.55990027] -267.97317784275833
[ 6.71465118  1.01542117  2.92129431  6.99957737 10.99917428  3.55872811] -267.97310191023274
[ 6.71477535  1.01754685  2.92754776  6.99527753 10.99810895  3.56651481] -267.9732812481028
[ 6.71225157  1.01154634  2.92070315  6.99689587 10.98733503  3.55673433] -267.973001710495
[ 6.71282351  1.00304946  2.92405698  6.99944845 10.99222913  3.56139276] -267.97301409201054
[ 6.71064762  1.00442365  2.92529364  6.99400037 10.97979122  3.56168361] -267.973034950667
[ 6.71345921  1.00193937  2.92919265  7.00177914 10.9953339   3.5597448 ] -267.9730456185064
[ 6.71339919  0.99284444  2.92948769  6.99937615 10.98875586  3.55711461] -267.9730839888413
[ 6.7130659   0.99918515  2.92751684  6.99865931 10.98925955  3.55848587] -267.9729620672412
[ 6.71187489  1.00819428  2.92134074  6.99306587 10.98216781  3.55954984] -267.9730623141737
[ 6.71306313  1.0035031   2.92722967  6.99960082 10.99204238  3.55969606] -267.9730281793454
[ 6.71549165  1.00540316  2.92588509  7.00271147 11.00179422  3.5569485 ] -267.9730003303172
[ 6.71388565  1.00695706  2.92350086  6.99814789 10.99279366  3.55802021] -267.9730218332202
[ 6.71368002  1.00609357  2.92443307  6.99851112 10.99260584  3.55843917] -267.9730224011698
[ 6.71225625  1.00116573  2.92751628  6.99882934 10.99199685  3.55769444] -267.9730897861311
[ 6.7144165   1.0041176   2.92701533  6.9975955  10.9892078   3.56058509] -267.97304783206954
[ 6.71427877  1.00229415  2.92670097  7.00068539 10.99552688  3.55771719] -267.97302083521265
[ 6.71265874  1.00536575  2.92410999  6.99777759 10.98829729  3.5576101 ] -267.9730281367539
[ 6.7129447   1.00111731  2.92578691  6.99905388 10.99074434  3.55993932] -267.97300429189846
[ 6.71306451  1.00134413  2.92737326  6.99913007 10.99065097  3.55909097] -267.97303165130324
[ 6.71455345  1.00330897  2.92531815  6.99880457 10.9892321   3.56011507] -267.97307871903945
[ 6.71397915  1.00277316  2.92586768  6.99881076 10.98992329  3.55950991] -267.9730424376778
[ 6.71224743  0.99990894  2.92543655  7.0004435  10.99225964  3.55686603] -267.97292056350926
[ 6.7111629   0.99780461  2.92464716  7.00186751 10.99378556  3.55500649] -267.97297150769975
[ 6.71210753  1.00029865  2.92644049  6.99977248 10.99232294  3.55705991] -267.9729156314878
[ 6.71117172  0.9990614   2.92672689  7.00025334 10.99352277  3.55583491] -267.97294141168
[ 6.71270318  1.00137919  2.924624    6.99966732 10.99215258  3.55680184] -267.97306578331956
[ 6.71297418  1.00135289  2.92668594  6.99926438 10.99102637  3.55851868] -267.9730591953388
[ 6.71217748  1.0001038   2.92593852  7.00010799 10.99229129  3.55696297] -267.97294401450034
[ 6.71258672  0.9997419   2.92697867  6.9992159  10.99079125  3.55777289] -267.97292964535313
[ 6.71252612  1.00070798  2.9261137   6.99941318 10.99153364  3.55849961] -267.9729236868131
[ 6.71319315  1.0012964   2.92657073  7.00022894 10.99392491  3.55738855] -267.97305097709653
[ 6.71238313  1.0028322   2.92527524  6.99877504 10.99031012  3.55733501] -267.97302972853026
[ 6.71258602  1.00082139  2.92690687  6.99945128 10.99148695  3.55807544] -267.9730514354973
[ 6.71240535  1.00083892  2.92553224  6.9997199  10.99223776  3.55693088] -267.9729069591418
[ 6.71231502  1.00084769  2.92484493  6.99985421 10.99261317  3.5563586 ] -267.97290624080927
[ 6.71150551  1.00021433  2.92529312  6.99881733 10.98936255  3.55727445] -267.97293239570683
[ 6.71202299  0.99780592  2.92659457  7.00028533 10.9926615   3.5573078 ] -267.97299267958414
[ 6.71211303  0.99906249  2.92626474  6.99990776 10.99207365  3.5573146 ] -267.9729526473617
[ 6.7122931   1.00157563  2.92560507  6.99915261 10.99089796  3.55732821] -267.97303957819037
[ 6.71215805  0.99969077  2.92609982  6.99971897 10.99177973  3.557318  ] -267.9729089149426
[ 6.71222217  1.00039664  2.92598505  6.9988227  10.9905098   3.55779819] -267.97291489693157
[ 6.71313302  1.00034688  2.9268611   7.00011515 10.99382095  3.55766129] -267.97302749082183
[ 6.71191239  1.00024747  2.92568512  6.99914179 10.99047715  3.55737116] -267.9729482935729
[ 6.71223653  1.00026923  2.92547238  6.99978659 10.99219645  3.5568383 ] -267.9729432728433
[ 6.71226859  1.00062217  2.92541499  6.99933846 10.99156148  3.55707839] -267.9729111376803
[ 6.71221128  1.00057317  2.92564271  6.99981335 10.99246805  3.55670925] -267.97289689319626
[ 6.71242057  1.00077783  2.92547931  6.9996337  10.9920734   3.5574291 ] -267.97294152054303
[ 6.71245087  1.00029479  2.9259118   6.99953506 10.99170221  3.55706574] -267.9729568675134
[ 6.71191027  1.00053101  2.92506903  6.99933577 10.99098786  3.55681652] -267.9728953844578
[ 6.71200322  1.00091224  2.92472932  6.99971897 10.9922646   3.55667764] -267.97295431392047
[ 6.71211513  1.00075788  2.92502494  6.99967299 10.992124    3.55677467] -267.9729270142532
[ 6.71217709  1.00110068  2.92501959  6.99942957 10.99174621  3.55688388] -267.97291911929824
[ 6.71191189  1.0006997   2.92485941  6.99951442 10.99176019  3.55611133] -267.9729054371904
[ 6.71214958  1.00070026  2.92525862  6.99942227 10.99158832  3.55654465] -267.97293775426897
[ 6.71212374  1.00074347  2.92508336  6.99961031 10.99199008  3.55671717] -267.9729241777049
[ 6.71214097  1.00071467  2.9252002   6.99948495 10.99172224  3.55660216] -267.9729088612307
[ 6.71207559  1.00022878  2.92532416  6.99968415 10.99195812  3.55634154] -267.9729352431937
[ 6.71215171  1.00088271  2.92509574  6.99949321 10.99179919  3.55674829] -267.9728839552
[ 6.71194512  1.00079415  2.92482235  6.99982685 10.99222208  3.55603699] -267.9728814739497
[ 6.71178338  1.00088014  2.92452602  7.00007105 10.99255238  3.55551629] -267.97290456278427
[ 6.71200746  1.00072814  2.92491119  6.99979432 10.99222794  3.55632484] -267.97292427950936
[ 6.71210759  1.00071803  2.92512795  6.99956229 10.99184866  3.55653283] -267.9729275539327
[ 6.71204841  1.00083843  2.92495904  6.99966003 10.99201063  3.55639264] -267.97291412092
[ 6.71192769  1.00066258  2.92494569  6.99958131 10.99160497  3.55642676] -267.9729177682599
[ 6.7120782   1.00068366  2.92523253  6.9998201  10.99234507  3.55637312] -267.9729560562838
[ 6.7119285   1.00074692  2.92484088  6.99967064 10.99199113  3.55607416] -267.9729054101582
[ 6.71213007  1.00082092  2.92483364  6.99984053 10.99241762  3.55619779] -267.97290513645476
[ 6.71204304  1.00075441  2.92501127  6.9996559  10.99197216  3.55631958] -267.9729354956008
[ 6.71192942  1.00085548  2.92457176  6.99959165 10.9917278   3.55610952] -267.97295785144996
[ 6.712041    1.00072661  2.92506734  6.99976299 10.99219075  3.55630722] -267.97294209678523
[ 6.71196661  1.00081252  2.92473695  6.99964877 10.99188212  3.55617542] -267.97293877550396
[ 6.71198521  1.00079104  2.92481955  6.99967732 10.99195928  3.55620837] -267.9729102539024
[ 6.71194529  1.00079694  2.92472911  6.99976299 10.99209641  3.556126  ] -267.972907770288
[ 6.71206651  1.00093355  2.9247225   6.99989814 10.99262742  3.55591856] -267.97294250108814
[ 6.7119624   1.00073032  2.92488989  6.99966052 10.99186058  3.55629971] -267.9729200108104
[ 6.71203759  1.00080753  2.92482799  6.99983369 10.99231985  3.55611739] -267.9729405516664
[ 6.71193681  1.00077053  2.92483161  6.99974874 10.99210661  3.55605558] -267.9729206345088
[ 6.7119452   1.00079554  2.92477573  6.99979492 10.99215925  3.5560815 ] -267.9729150982702
[ 6.71196516  1.0007926   2.92482095  6.99975209 10.99209068  3.55612268] -267.9729067125244
[ 6.71199677  1.00081629  2.92489069  6.99974344 10.99211636  3.55621482] -267.97291163825764
[ 6.7119364   1.00072836  2.92488402  6.99970408 10.99191353  3.55623187] -267.97294611073136
[ 6.71200581  1.00086385  2.92477242  6.9998625  10.99242475  3.55597778] -267.97293177828885
[ 6.71189403  1.00080345  2.92480992  6.99974249 10.99205339  3.55604572] -267.97292671517823
[ 6.71188855  1.000727    2.92487799  6.99967368 10.9918247   3.55620798] -267.9729383046452
[ 6.7119765   1.00082964  2.92479882  6.99981529 10.99227474  3.55603533] -267.97288342368273
[ 6.71202782  1.00079613  2.92483679  6.99981796 10.99226985  3.55613658] -267.9728801026394
[ 6.71209472  1.00079246  2.92485022  6.99985569 10.99237808  3.55618201] -267.97293838100177
[ 6.71201538  1.00083758  2.92481683  6.99983477 10.99227104  3.55615372] -267.97295155042787
[ 6.71195645  1.0007873   2.92482792  6.99977025 10.99214772  3.55608011] -267.97288506345467
[ 6.71201073  1.00080982  2.92489011  6.99978037 10.99221456  3.55612734] -267.9729125759986
[ 6.71199435  1.00080625  2.92486151  6.99978401 10.99220073  3.55611588] -267.9729356600696
[ 6.71198647  1.00079514  2.92482957  6.9998224  10.99224596  3.55608679] -267.9729037319673
[ 6.71200216  1.00081288  2.9248178   6.99981662 10.99227229  3.55608595] -267.9729488558638
[ 6.71199214  1.00079171  2.92483235  6.9997941  10.99220878  3.55610835] -267.9729029791472
[ 6.71199649  1.00079436  2.92482887  6.99978502 10.99218026  3.55612963] -267.9729239717941
[ 6.71201229  1.00080621  2.92486374  6.9997807  10.9921931   3.5561757 ] -267.97294368136494
[ 6.71198651  1.00079584  2.92480626  6.99980644 10.99221455  3.55610904] -267.97290496267635
