[-1.10722189  1.49501    -1.13911137  2.21062699  0.26520159  0.6751929 ] -384.0547334093703
[ 0.12588588  0.33935552  0.53340387  0.22493172  0.47118913 -1.18905136] -373.0580190774861
[-0.59777607 -0.22659357  0.11488785 -1.91111701 -1.44488652 -0.61755106] -369.85842494863266
[-0.75168717  0.09122728 -0.69371096  0.92419324 -2.11090607  0.73854511] -350.1287783864446
[ 2.01588877 -0.3209672   0.51498119 -0.83322623 -0.41571422  0.31926859] -355.80576062722105
[-0.08759814  0.6400009   0.03233114  0.27068605  0.28551878 -1.43408104] -370.86353605191505
[ 0.10431937 -1.30646415  1.00322494  0.68687237 -0.13945502  0.06305899] -358.0126069237966
[ 1.37689944 -1.75615707  1.64081738 -2.42318028 -1.38328623 -1.38179649] -362.15153586916307
[ 0.56079618 -1.29900679  0.33743998 -1.32018901 -2.20743222  0.4181994 ] -352.83579743666536
[ 0.99041165 -2.24598806  0.94021566 -1.89623502 -2.85274553  1.28065589] -366.46418925638056
[ 2.02998548 -2.0525251   1.13276821  0.29052869 -1.59162657  1.09686156] -328.85344882744664
[ 3.34386626 -2.96549087  1.64170839  1.39135154 -1.6649966   1.95406787] -313.6035019526868
[ 1.22628264 -0.27296487  0.54127132  1.3715089   0.21214875 -0.57687473] -338.8335174144879
[ 0.78958925 -0.26839846 -0.52584577  3.16335055 -0.7254989   2.3538849 ] -320.92930450145803
[ 2.2905926  -0.37206949 -0.39794356  0.87879063 -2.16467807  1.67263806] -317.38118770359216
[ 0.47059115 -1.37460053 -0.21400806  2.96956151 -2.47140682  1.86755161] -320.1769391511774
[ 1.89561539 -0.42175885 -0.22028286  4.88644114 -0.76768035  2.25173821] -295.11000695035887
[ 2.56302499  0.01686512 -0.49914429  7.98975621 -0.04780442  3.16850761] -361.03147940466914
[ 4.09053294 -1.9829883   0.96867745  3.96280818 -0.41646459  2.43579019] -280.08599350214354
[ 6.51164299 -3.0200961   1.79987165  5.48211565  0.43075615  3.28441273] -277.424992621382
[ 3.87434991 -2.53450656  0.15322861  4.88569477 -2.66665028  5.03830585] -308.0421218444781
[ 5.33929685 -3.29444234  1.44670382  3.66796787 -2.37605309  3.0023532 ] -296.34269907696637
[ 7.28119685 -2.82818753  1.68843674  4.09455902 -0.59836059  3.8669537 ] -296.35867897411987
[ 7.12473015 -4.64942459  2.56783235  7.25725271 -0.38298352  4.7933058 ] -330.1642593805327
[ 3.49912699 -1.44140826  0.34350041  2.47340615 -1.71925443  2.45280499] -296.6466756252857
[ 6.12321007 -1.54797568  0.09544441  7.10537666 -0.90075093  4.67812169] -353.6591594106798
[ 4.03870221 -2.61111207  1.25514239  2.81985782 -1.47393518  2.63508132] -293.9997415006639
[ 5.64751052 -2.00449516  1.95122877  2.92242111  0.49847445  0.79280886] -293.2671669250436
[ 6.73886128 -3.28528908  2.29686643  5.48438139  0.29032156  2.82497768] -278.85324507269
[ 2.7760129  -2.050877    1.15473999  4.32650264 -0.5343449   1.06350364] -281.4917089872752
[ 3.86348491 -1.17010041  1.29915164  4.97260538  1.85725033  1.28182094] -273.2863687284015
[ 3.12557894 -0.10792945  1.22537554  5.62492413  3.97390205  0.42155481] -289.7539096149838
[ 7.96312288 -4.29223109  3.47261649  3.78285353  1.12385449  1.70913019] -305.4560551177565
[ 3.41249226 -1.38937691  0.70294197  4.61054423 -0.29479664  2.1160862 ] -277.30459843896904
[ 5.61129941 -1.69563282  1.81312443  6.44633231  2.2231555   1.15278869] -262.4330054040216
[ 6.39759801 -1.23789319  2.09211544  8.25956956  4.07170084  0.41164238] -296.61183349014453
[ 3.99042073 -2.19929562  1.07100326  7.51840609  0.82563956  3.11505443] -296.63200102297117
[ 5.23323807 -2.05319527  1.7311724   4.07141735  0.58026572  1.37337026] -274.9434977617396
[ 7.68099341 -2.15368653  2.05963618  6.02929614  2.22999577  2.94764853] -275.1181722034548
[ 4.03218907 -0.5420736   0.838433    5.05305563  2.05188739  1.22706477] -270.97700821448393
[3.43292272 0.01874092 1.01494822 4.91230136 2.45182987 0.08184707] -278.8186619478778
[ 5.74196292 -2.26038684  1.60364079  5.33966208  0.93602458  2.48377131] -267.72073278267777
[ 7.30856367 -1.90231492  2.41211084  6.02691206  3.58765641  1.3727353 ] -262.31097746010255
[ 9.25659937 -2.15878392  3.26669527  6.73509598  5.52888294  1.00105985] -276.06140737236274
[ 2.91591928 -1.05421475  1.17290818  4.60736547  1.51541754  0.0162019 ] -282.9012686263738
[ 6.48972488 -1.87881859  1.83795418  5.67381347  2.05135122  2.21478687] -264.3812921054602
[ 5.78250355 -1.09658045  1.53696589  7.09937629  3.65550942  1.87095238] -260.6501383289857
[ 6.05713629 -0.61827305  1.43986264  8.61335576  5.19313127  2.11974344] -287.81128326264854
[ 7.79192959 -1.95516866  2.04825807  6.9071119   2.97794451  2.15887883] -281.2390069623274
[ 4.84559608 -1.36636748  1.48642825  5.45623201  2.13742388  1.50108542] -263.16287337585095
[ 7.8943611  -2.8579601   2.72497513  6.96105378  2.81181961  2.30497522] -280.4584097878082
[ 4.99773208 -1.12104522  1.31006853  5.53005517  2.24187045  1.49654238] -262.104563109066
[ 5.9365103  -0.75986631  1.86190991  6.73791169  4.36296437  0.71919237] -255.18670196403855
[ 6.03378399 -0.00960605  1.99104447  7.4370365   6.07643427 -0.16309711] -256.99500646197964
[ 5.00434349 -0.76845048  1.63558177  6.75845971  4.01817546  0.48964531] -257.4265122573059
[ 6.70138808 -1.08159593  2.03682554  7.41011707  4.55901999  0.86620006] -263.96419936917727
[ 5.30954408 -1.29517459  1.62402757  5.94470327  2.74282291  1.34236408] -258.76910385969086
[ 5.83509964 -0.61884451  1.64709707  6.25280709  4.64651084  1.27768857] -258.089065824844
[3.64668071 0.01566106 0.79310608 6.74752568 3.63496141 1.02605973] -269.1319003404963
[ 6.39309293 -1.42282092  2.00735965  6.20706547  3.59948266  1.28606641] -257.25643653031983
[ 6.42263259 -0.86620053  2.12757876  7.47005267  5.43328477  0.83209399] -256.4343883620135
[ 5.85123746 -0.81387199  2.09755235  6.02429034  4.61223758  0.11139786] -259.71954503442197
[ 5.83405398 -0.88454911  1.95740573  6.29306183  4.37305554  0.55128649] -256.2050836642389
[ 6.49903356 -0.4784027   2.12161673  7.29508288  6.06833498  0.37629363] -254.3130499287176
[ 7.0937783  -0.07001676  2.37041131  7.97027268  7.73109101 -0.10674159] -258.8147756698604
[ 6.1947893  -1.10791884  2.25672044  7.33440433  4.63858842  0.14050416] -259.4052316287709
[ 5.92502206 -0.74111309  1.79950292  6.5232064   4.64453023  0.99339247] -255.27545122337244
[ 7.33243832 -0.94920041  2.32287613  6.75033394  5.47570872  1.09646315] -256.6377341045808
[ 6.256804   -0.13695646  2.05627041  7.48281767  6.51981022  0.23684096] -254.89374187545374
[ 4.95891384 -0.33982899  1.65188536  7.18371044  4.99161798  0.13990349] -258.5989444993889
[ 6.7390572  -0.79685756  2.15512844  6.85867806  5.35468604  0.85732323] -254.470922647179
[ 5.97419445 -0.39971455  1.85636595  6.26020017  5.00784235  0.4126824 ] -257.82336926514625
[ 6.31052305 -0.74957904  2.05977556  7.16758955  5.32692417  0.72724109] -254.4269138626439
[ 6.72159608 -0.33637595  2.06066225  7.72870025  6.38602779  0.75214142] -257.8653343298315
[ 6.05593951 -0.74750582  1.98321986  6.65197144  4.8762986   0.60150022] -254.52161104651654
[ 6.67426715 -0.48194287  2.27980405  7.54147736  6.19180922  0.1794047 ] -256.6317568541417
[ 6.11233333 -0.67632054  1.9195782   6.77777414  5.03134998  0.78989553] -254.24647976905933
[ 6.72138658 -0.43534106  2.23661982  7.34005955  6.69617029  0.47717252] -253.69019309037057
[ 7.11382473 -0.27307843  2.42397478  7.64113348  7.86277325  0.3561626 ] -254.37379038530668
[ 6.55595374 -1.15771244  2.10237579  6.54756754  4.59811114  1.03963445] -255.3215294520328
[ 6.33159144 -0.39214546  2.06779676  7.24900514  6.03938545  0.43753933] -254.01577457814813
[ 6.84870222 -0.42870963  2.20361864  7.577425    6.62931836  0.62032155] -255.16821637115257
[ 6.25413018 -0.66780677  2.03831956  6.88333483  5.31455354  0.60620556] -253.96110026519466
[ 6.00394218 -0.33634096  1.99277377  7.3789373   6.13755343  0.28079266] -254.6106675104494
[ 6.55527845 -0.68172841  2.11453977  6.98874287  5.55040289  0.71319059] -253.96190806921248
[ 6.51406146 -0.36100261  2.10638139  7.01041025  6.23980821  0.4061913 ] -254.23103603057555
[ 6.33056026 -0.59304558  2.03946177  6.78802605  5.55555514  0.76710464] -254.31145708441812
[ 6.37267858 -0.56438486  2.06000051  6.91479026  5.6837501   0.66940189] -253.91434761294366
[ 6.80404223 -0.35781585  2.28830773  7.35100683  6.81000684  0.3133382 ] -254.02137460042616
[ 6.49897436 -0.67207153  2.16214666  7.2319029   5.79161483  0.6660914 ] -253.8968063062044
[ 6.1073043  -0.78001018  1.93816662  6.85160502  4.88195219  0.87652889] -254.212696381754
[ 6.62985775 -0.46336443  2.20077246  7.22615637  6.32799318  0.45413587] -253.753995916718
[ 6.6791772  -0.76942023  2.20300284  6.94599046  5.74877616  0.75785994] -253.91657802361922
[ 6.49678977 -0.50906788  2.18574751  7.19200192  6.30388315  0.49709847] -253.54541719820773
[ 6.46754544 -0.42273762  2.22135138  7.29363144  6.68062328  0.38905242] -253.6449549866035
[ 6.87882457 -0.47007656  2.31111038  7.40029899  6.86950903  0.56771448] -253.68175870591043
[ 6.52032667 -0.26868188  2.18246294  7.48907954  6.80886403  0.35267827] -254.03743152033707
[ 6.63946457 -0.64423564  2.19786786  7.08176273  6.01379813  0.65656453] -253.65074166114766
[ 6.91575395 -0.50033417  2.37142105  7.57593723  6.9839061   0.4368572 ] -254.19986826918048
[ 6.50844742 -0.54837219  2.13785565  7.080077    6.0087891   0.61126572] -253.64257279066106
[ 6.79261586 -0.35141439  2.2611779   7.20821595  6.94843279  0.42189246] -254.2604330881919
[ 6.57238474 -0.59190724  2.18690447  7.22598116  6.08081932  0.60504166] -253.62166815550393
[ 6.6425748  -0.60296909  2.21792944  7.21390408  6.32966316  0.68414992] -253.3995866515603
[ 6.64893332 -0.67277142  2.22650793  7.20777793  6.33049815  0.79915694] -253.2896560930867
[ 6.52689488 -0.71013592  2.17871144  7.05590703  5.83959534  0.76844141] -253.47725755698534
[ 6.252147   -0.75542021  2.06008791  6.88087026  5.32295204  0.74480843] -253.81914927989968
[ 6.72215517 -0.54141247  2.24835476  7.27044181  6.48286978  0.61198797] -253.50917093649332
[ 6.51907054 -0.54698673  2.19015939  7.26229955  6.33502015  0.64109953] -253.33503741425474
[ 6.65362872 -0.64238837  2.26760619  7.32472613  6.44877286  0.69634295] -253.21889406907786
[ 6.72621936 -0.68939646  2.33248146  7.4470507   6.66876474  0.73888156] -253.0987587428889
[ 6.64096961 -0.63134972  2.26708303  7.25251182  6.57272445  0.7471803 ] -253.26631178153173
[ 6.76462452 -0.75494969  2.29535183  7.30666103  6.43927438  0.9384841 ] -253.10227032172097
[ 6.55341557 -0.79378418  2.24841027  7.24029421  6.24575596  0.93242665] -252.97505816692802
[ 6.46904577 -0.91997003  2.24843802  7.22522041  6.12719905  1.09264599] -252.85945673714008
[ 6.72939283 -0.69500543  2.34129578  7.51126679  6.9848983   0.8840414 ] -252.8196638604484
[ 6.83064181 -0.68744019  2.42258794  7.73894667  7.55754978  0.94184139] -252.72244693206835
[ 6.84107426 -0.90497243  2.40732401  7.46375663  6.89698337  1.11163056] -252.7136403733159
[ 7.00207613 -1.08396528  2.51590633  7.56448516  7.17796498  1.34689607] -252.657750343481
[ 6.82892575 -0.91625237  2.46744161  7.63718066  7.18399431  1.13615286] -252.39844232674798
[ 6.91892196 -1.03799285  2.58790844  7.85188203  7.61074239  1.30465082] -252.11300535169556
[ 6.92954024 -1.09322178  2.53380831  7.79223685  7.28777399  1.37395301] -252.26116698044606
[ 6.86085723 -1.08237917  2.58502501  7.89994625  7.70405726  1.32780552] -252.02967411603012
[ 6.90897359 -1.24609391  2.7298616   8.19658885  8.3364487   1.52246623] -251.8527738272162
[ 6.96018047 -1.33349822  2.68035542  8.00940262  8.03046156  1.78860294] -251.94243133622453
[ 7.38106562 -1.24076738  2.90837133  8.49262699  9.20644809  1.66682416] -252.5702075808683
[ 7.20294419 -1.65773962  2.8961492   8.23012751  8.32573012  2.05928969] -251.8441735780131
[ 7.38909538 -2.14288934  3.13292983  8.47571793  8.70982028  2.61801384] -252.1939209653449
[ 7.09846589 -1.45247264  2.92957844  8.62646979  9.0879033   1.89169955] -252.05635432621034
[ 6.62527648 -1.36623896  2.54418248  7.74294223  7.01990527  1.64672991] -251.82320861800238
[ 6.24738191 -1.42897475  2.36208806  7.36809985  5.92663385  1.63668279] -252.49235311379272
[ 6.97538062 -1.60479029  2.92220355  8.42690083  8.84928978  2.0305267 ] -251.75943927793764
[ 6.99830081 -1.86057454  3.11640117  8.74423281  9.63004768  2.35881355] -252.30194035975293
[ 7.00481846 -1.8489517   2.97953512  8.55892858  8.93917052  2.34178752] -251.7434732416962
[ 7.04776671 -2.25443113  3.17534846  8.91245185  9.60338458  2.86035587] -252.3134079511278
[ 6.79405871 -1.5666316   2.65451735  7.76182708  7.41243201  1.90476812] -252.38992996719992
[ 7.0223641  -1.48101238  2.86081317  8.41030911  8.66903548  1.89496669] -251.7011929831626
[ 6.95307201 -1.7347774   2.96389295  8.51252975  8.68273173  2.04331931] -251.56029861142423
[ 6.94951778 -1.93541699  3.10566172  8.76409331  9.00886682  2.17067749] -251.77990548047222
[ 7.01897837 -1.9850762   2.99239722  8.43065714  8.49217227  2.48307371] -251.66293747395272
[ 6.66368582 -1.68254269  2.8581923   8.4639617   8.55837156  2.08751159] -251.76230080336222
[ 7.25415664 -2.07947792  3.31482896  9.19148681 10.37701851  2.64699859] -252.52689076574964
[ 6.78249652 -1.5445487   2.7368441   8.10507837  7.85918358  1.89679708] -251.56379711612817
[ 7.25535087 -1.7171762   2.96036974  8.35083955  8.60548955  2.14264541] -251.85900959406118
[ 6.81160208 -1.69120107  2.88373666  8.43568117  8.57015106  2.10129505] -251.609128409331
[ 6.88906322 -1.8237322   2.88353619  8.39082721  8.2215251   2.22321975] -251.51253730378966
[ 6.84590453 -1.93320315  2.86420251  8.3727904   7.90764275  2.31956628] -251.64140604827824
[ 6.82104031 -1.57116428  2.79420498  8.20276567  7.89242922  1.87243634] -251.49011476840136
[ 6.72915124 -1.43227057  2.70153991  8.02468422  7.36905857  1.63776076] -251.68653834571035
[ 6.73638675 -1.96915424  2.8907242   8.28220399  7.9036955   2.31174706] -251.52126672259834
[ 6.64557527 -1.45978309  2.72524914  8.21237158  7.8843998   1.66653115] -251.63635058858642
[ 6.73892604 -1.59110637  2.79203616  8.26694297  8.03634291  1.87066679] -251.50910361259542
[ 6.8287262  -1.72029333  2.80334287  8.15110149  7.62848495  1.97143373] -251.51368634945308
[ 6.87324166 -1.92552723  2.97240168  8.49704532  8.26255289  2.20081058] -251.5617899132828
[ 6.85055537 -1.8302826   2.91351229  8.39905358  8.16171056  2.1248072 ] -251.47765348095876
[ 6.66849395 -1.76713361  2.72855927  8.05176856  7.26533102  2.08145099] -251.56646778807095
[ 6.8819275  -1.74286645  2.90505953  8.39733945  8.32838155  2.05285223] -251.47754407152982
[ 6.9336928  -1.4573275   2.80650647  8.3204728   8.18592926  1.72672496] -251.79666819781457
[ 6.78571326 -1.84119755  2.86966977  8.29177119  7.97425394  2.16549153] -251.4459676538829
[ 6.8270157  -1.74648982  2.91599677  8.49846521  8.57639614  2.13172422] -251.56004799798293
[ 6.82829858 -1.72684245  2.83150634  8.23794242  7.86546275  2.01150635] -251.46731540407026
[ 6.7464238  -1.61075437  2.81846016  8.20777789  7.86466855  1.80936707] -251.44608768009604
[ 6.89906023 -1.84992953  2.9187682   8.31194043  7.99262595  2.14148678] -251.4505399980418
[ 6.8429526  -1.96279337  2.95812045  8.41250931  8.16993855  2.22940071] -251.45361985199938
[ 6.81090328 -1.74784531  2.85368253  8.22070665  7.90339987  2.01189436] -251.42114009141258
[ 6.79107723 -1.70662667  2.82376766  8.13153318  7.77424452  1.95543793] -251.4466472924214
[ 6.75585642 -1.83692108  2.84500962  8.16354318  7.59506832  2.07019671] -251.4307203097538
[ 6.78533795 -1.88963796  2.9230639   8.29814047  7.96785564  2.13110603] -251.39413946943762
[ 6.76385764 -1.97103571  2.96884268  8.32823949  8.01905209  2.19090587] -251.40287377666127
[ 6.75147905 -1.6293019   2.78476427  8.08545062  7.59601887  1.88044678] -251.43532126436978
[ 6.64617769 -1.66862319  2.77944855  8.1105229   7.64112912  1.88134738] -251.4570693082818
[ 6.83583959 -1.80460295  2.88393829  8.26158605  7.90475174  2.07645193] -251.4166922129142
[ 6.82861939 -1.97241454  2.90158263  8.2326215   7.78244758  2.30249538] -251.49427678995065
[ 6.76697269 -1.70116941  2.83924078  8.21398879  7.84411331  1.93264915] -251.41281482110745
[ 6.78308307 -1.69529532  2.84023003  8.12270072  7.62948197  1.86875679] -251.40237022950237
[ 6.82785195 -1.92918878  2.94362411  8.341438    8.01887141  2.14990487] -251.4118506515432
[ 6.8474731  -1.75232549  2.91625026  8.32264371  8.16108966  1.98672433] -251.40681938414426
[ 6.80461617 -1.84289466  2.92843326  8.29945927  7.93865471  2.03663668] -251.37760025812864
[ 6.80147262 -1.89041933  2.96580862  8.33883557  7.95628213  2.04900784] -251.37890679997244
[ 6.76927205 -1.79890093  2.91300916  8.27120427  7.94860383  1.95880735] -251.3675236261472
[ 6.73598828 -1.79604992  2.9275446   8.27601338  7.97052988  1.89998506] -251.36302356362162
[ 6.82781081 -1.93396129  2.98714127  8.33947639  8.05138112  2.09172211] -251.3571528025932
[ 6.85822987 -2.05035723  3.06109152  8.40222019  8.15501502  2.17125859] -251.36047566912865
[ 6.76691784 -1.70753276  2.89726366  8.21137331  7.88745958  1.85507213] -251.3532157977566
[ 6.73645078 -1.59670476  2.87408344  8.14634097  7.82175367  1.70765575] -251.37575704485099
[ 6.72044494 -1.86946514  2.91830865  8.19307747  7.65403131  1.9743686 ] -251.33995690952946
[ 6.65693086 -1.92803496  2.91933784  8.12829435  7.40050213  1.96819073] -251.35475691235433
[ 6.7639556  -1.98455193  3.02035508  8.41647937  8.19382211  2.12754008] -251.39066527759343
[ 6.75457326 -1.82184728  2.96995161  8.28048593  7.93077059  1.86400218] -251.32204561374994
[ 6.73919092 -1.78795194  2.99339546  8.27165866  7.91222806  1.73045026] -251.32343490653173
[ 6.77282817 -1.67269842  2.85585927  8.11681588  7.61712029  1.77972217] -251.39042258521
[ 6.77061003 -1.7506618   2.89698322  8.19173175  7.76129574  1.86667665] -251.35299541394258
[ 6.72083221 -1.7836114   2.93729774  8.19792681  7.81316803  1.81397223] -251.3269832974626
[ 6.78440809 -1.82630998  2.94143745  8.19534384  7.72883891  1.92195291] -251.31538422589873
[ 6.80861799 -1.84144001  2.94838388  8.15500908  7.60799343  1.93293683] -251.32333183128713
[ 6.67811798 -1.65251483  2.86660617  8.08383665  7.5404736   1.67362612] -251.36176147215582
[ 6.7903876  -1.86359968  2.9570075   8.27556646  7.92365424  1.98719811] -251.3327818316095
[ 6.74683421 -1.93096566  2.97639839  8.23333744  7.71646002  1.9543181 ] -251.3138070515006
[ 6.73679239 -2.04268211  3.01596576  8.2443195   7.63096024  2.00394108] -251.32804293098062
[ 6.73521675 -1.94793791  3.00315056  8.26684757  7.82767862  1.9719274 ] -251.29794550674293
[ 6.7175201  -2.04657597  3.05623423  8.30440547  7.86087006  2.02455277] -251.29905027746355
[ 6.79030576 -1.85529216  3.01010577  8.29009188  7.9928255   1.86342171] -251.29692771547047
[ 6.82523618 -1.84820567  3.05600433  8.33859908  8.1622226   1.80794827] -251.30526523092783
[ 6.72033582 -1.85838845  2.98910634  8.2124447   7.74625965  1.8093334 ] -251.28023211014013
[ 6.68530993 -1.85578284  3.00515577  8.18088382  7.65756236  1.72040104] -251.27318557040113
[ 6.77805045 -1.96243387  3.03143544  8.28440335  7.80487731  1.95136888] -251.29544507774295
[ 6.75213514 -1.9710602   3.01927619  8.20315004  7.64531032  1.93046116] -251.2728072016362
[ 6.75091607 -2.04566666  3.04393848  8.16448209  7.50258018  1.96369065] -251.27930570303508
[ 6.71154266 -2.01484757  3.07373659  8.29089419  7.81939913  1.87534652] -251.27073740784516
[ 6.67510995 -2.10911637  3.13988615  8.33866936  7.86467924  1.85204333] -251.28986457529695
[ 6.73735269 -1.93815253  3.07122171  8.27208617  7.86609106  1.81665747] -251.24658540377914
[ 6.73261193 -1.94174596  3.11863337  8.29146054  7.94090658  1.74782716] -251.23561307832762
[ 6.74810188 -1.91911629  3.08296382  8.24678037  7.79261511  1.72434809] -251.24036351103777
[ 6.6789449  -2.03303675  3.10029462  8.20909889  7.56073143  1.78649591] -251.23650404329516
[ 6.65816503 -1.94942933  3.10191801  8.18968594  7.66729767  1.64359108] -251.24142719727976
[ 6.74185724 -2.08729586  3.16045176  8.2961395   7.81785772  1.8489556 ] -251.21671145972547
[ 6.7701309  -2.20305237  3.23809976  8.35376734  7.8980054   1.91323288] -251.2192873869803
[ 6.67160608 -2.01076372  3.19338987  8.30486977  7.88762556  1.61172696] -251.26031769547305
[ 6.69888636 -1.96561506  3.1788139   8.22178415  7.73627889  1.57896841] -251.20294164058626
[ 6.69255821 -1.94099881  3.23135255  8.18722914  7.69471877  1.43077935] -251.2014344739615
[ 6.74580699 -1.94644394  3.07181485  8.16859502  7.6037502   1.7822721 ] -251.21232486282022
[ 6.78846202 -2.00678321  3.15325231  8.27674855  7.8028956   1.79663499] -251.2027527599398
[ 6.71197855 -2.06631855  3.19563601  8.22964351  7.68100499  1.73997361] -251.16502910588514
[ 6.69391688 -2.13991969  3.2519721   8.22107507  7.62519993  1.74778637] -251.14747295941447
[ 6.78612619 -1.98802574  3.22886436  8.27131705  7.93437816  1.66492262] -251.15773681151344
[ 6.75029725 -2.09474312  3.24726928  8.1822409   7.55202689  1.67595652] -251.1334092027711
[ 6.75913991 -2.1712417   3.31158723  8.12763108  7.35758704  1.6400212 ] -251.1356745971407
[ 6.74386527 -1.95167564  3.23439006  8.13959574  7.58646547  1.51716172] -251.12202204066182
[ 6.74486929 -1.88386554  3.2713592   8.06132387  7.47076934  1.35126477] -251.12801847960804
[ 6.73926829 -2.09427146  3.37721871  8.2574738   7.79481141  1.49547508] -251.13138687438877
[ 6.68021534 -2.06309495  3.37043671  8.14289535  7.59297127  1.38072556] -251.15090382737847
[ 6.77200487 -2.16957806  3.33869785  8.21763683  7.66723228  1.7298966 ] -251.08249954421493
[ 6.8117282  -2.28386768  3.3923705   8.23284068  7.65348903  1.87945523] -251.0904083717517
[ 6.67372978 -2.18306857  3.3777972   8.11565552  7.33852425  1.51741133] -251.1103492030565
[ 6.77747877 -2.14799056  3.23867836  8.23499727  7.59511547  1.84717032] -251.16168326825473
[ 6.7045312  -2.08431885  3.33749712  8.16592083  7.59350732  1.49733675] -251.1126235807548
[ 6.76731533 -2.05263221  3.3856513   8.1384328   7.5523226   1.3966263 ] -251.09560445693467
[ 6.71660766 -2.08377181  3.43648147  8.16266427  7.62559422  1.37534608] -251.10408653128886
[ 6.72008308 -2.08074359  3.32628629  8.0558282   7.32640397  1.51578451] -251.08164471737376
[ 6.71049047 -2.07397965  3.30082008  7.95500541  7.09220025  1.52593922] -251.1108018034201
[ 6.7075587  -2.26636205  3.49974702  8.14578374  7.44806275  1.49363881] -251.08346329934767
[ 6.74790194 -2.19439991  3.45072326  8.11274629  7.39253937  1.51223113] -251.05355049835774
[ 6.76958731 -2.24944044  3.50733633  8.08615903  7.29205539  1.51967832] -251.0480538510854
[ 6.81065588 -2.11777415  3.45360289  8.15317944  7.63203282  1.49291221] -251.0329810908625
[ 6.87911893 -2.08512694  3.49150573  8.17194141  7.77878711  1.48066264] -251.02346065426195
[ 6.82194841 -2.21752262  3.41326004  8.10926306  7.39602714  1.67008298] -251.06514172214634
[ 6.78945177 -2.30362569  3.47329312  8.12377129  7.41720028  1.73995499] -251.0564889013726
[ 6.87650609 -2.10231706  3.35037943  8.10908287  7.51117264  1.72504787] -251.05150612840748
[ 6.84689366 -2.17668072  3.51532246  8.00104512  7.23998323  1.48717384] -251.0355903869391
[ 6.94108564 -2.29749423  3.59074608  8.14459272  7.55200463  1.69174904] -251.012827062237
[ 7.05158692 -2.40586956  3.72297597  8.18897498  7.66480495  1.7797313 ] -251.05040447519002
[ 6.87893272 -2.18737241  3.56293435  8.10293441  7.53437395  1.54467258] -250.97818432740775
[ 6.90742487 -2.1722973   3.6377715   8.09977008  7.60354735  1.48196738] -250.9603033050213
[ 6.95075373 -2.05749321  3.55772739  8.08042578  7.57531651  1.38880471] -251.0179770708819
[ 6.88844863 -2.24386056  3.74975707  8.08556185  7.50272543  1.29163077] -251.01827024094825
[ 7.03498784 -2.09487722  3.67360708  8.10828663  7.79206603  1.42098447] -251.01525831167768
[ 7.02037956 -2.1403691   3.71838249  8.22914771  8.02816578  1.43142583] -251.00887735398595
[ 7.03524117 -2.25033693  3.8178248   8.07732018  7.57248813  1.42152476] -250.98940009104822
[ 7.07484231 -2.09376211  3.58226271  8.16095252  7.87180404  1.65385463] -251.00405731765395
[ 7.05390006 -2.29221908  3.78247083  8.19293083  7.89804215  1.64503066] -250.9944450212135
[ 6.97597003 -2.3206157   3.70287906  8.19328472  7.716618    1.68753296] -250.95769919744743
[ 6.94646112 -2.43348494  3.71751505  8.23578377  7.67889399  1.82080721] -250.9877794986496
[ 7.08150036 -2.12570584  3.82311772  8.17320929  8.01155053  1.41536303] -250.9958973227601
[ 7.02258004 -2.27794322  3.73039305  8.07000817  7.52985095  1.67033197] -250.98011245501908
[ 6.95069653 -2.38594392  3.91588961  8.10788858  7.57222833  1.45339563] -250.9866298674109
[ 6.90043721 -2.44074621  3.70595857  8.07385823  7.28604111  1.70456475] -251.05059252835278
[ 7.03623457 -2.20446593  3.79382793  8.14837153  7.83017317  1.48766346] -250.9606701719422
[ 6.92214901 -2.24498192  3.75039116  8.03928359  7.3769265   1.42244139] -250.95764730157686
[ 6.85627348 -2.22136333  3.73435132  7.96245997  7.11636868  1.31114676] -251.01238355010125
[ 6.90311052 -2.28507907  3.6925593   8.14221537  7.6372933   1.64625284] -250.94378463339982
[ 6.8370452  -2.30245013  3.62992655  8.17466297  7.66969588  1.75861688] -250.9813370766924
[ 6.97179314 -2.11585046  3.52005106  8.12308925  7.65924143  1.67866771] -250.96754467345556
[ 6.88298067 -2.16982024  3.63543361  8.17866334  7.74474897  1.46450994] -250.96309379174363
[ 6.90416341 -2.34990292  3.88423646  8.14410697  7.643861    1.38478828] -250.99334005351392
[ 6.95488571 -2.17436358  3.61109741  8.12834368  7.65539632  1.60519785] -250.94305416701687
[ 7.01694423 -2.29744759  3.76074184  8.07175965  7.52856925  1.64584202] -250.97642013929206
[ 6.91647156 -2.20172708  3.66676067  8.15193742  7.69070404  1.50984296] -250.9436766788732
[ 6.82376933 -2.26188895  3.55999177  8.1032401   7.39665533  1.63008167] -250.98070595680142
[ 6.98311826 -2.21882169  3.73536889  8.13708867  7.72179371  1.52326801] -250.94265065265031
[ 6.97781015 -2.30956571  3.74858066  8.16428107  7.66269661  1.64954463] -250.927011998639
[ 7.01300279 -2.37819991  3.80398524  8.19653656  7.69227123  1.73333326] -250.9337748697026
[ 6.90987838 -2.15756398  3.69870697  8.06109855  7.53165216  1.43131627] -250.92986515875575
[ 6.95960919 -2.20405845  3.63396681  8.22237133  7.92291888  1.69936613] -250.9563233555416
[ 6.95024414 -2.21428931  3.6630729   8.17659939  7.78642078  1.63013495] -250.93639919965082
[ 6.99435889 -2.14036471  3.68196986  8.13090088  7.71226124  1.47018205] -250.9481379546266
[ 6.92592261 -2.24890048  3.68991194  8.13938675  7.65603528  1.60223514] -250.93308217066732
[ 6.98414819 -2.23944117  3.71548558  8.11699528  7.64729425  1.63738932] -250.92708538221547
[ 6.9554882  -2.2884972   3.8059449   8.13680622  7.67990128  1.55276492] -250.92568144971776
[ 6.95578945 -2.34556401  3.90336865  8.1410375   7.69215375  1.52654846] -250.9415463932379
[ 6.91804563 -2.26726426  3.70519876  8.12796708  7.59953974  1.64452707] -250.91307755792198
[ 6.88550932 -2.29148555  3.6901137   8.12340629  7.53841276  1.70515659] -250.91012173178018
[ 6.92934148 -2.29752871  3.78650836  8.07072533  7.45224333  1.56266735] -250.91658520485424
[ 6.95480263 -2.27912696  3.79186812  8.08505083  7.51469818  1.57737789] -250.90171399513673
[ 6.96924264 -2.2942402   3.8428462   8.05788287  7.44402962  1.56494926] -250.89596490702525
[ 6.99063495 -2.41602221  3.8311195   8.16226714  7.60987379  1.79284109] -250.93657516087177
[ 6.93006752 -2.22217853  3.7318101   8.08639069  7.55120757  1.52169747] -250.91437695726248
[ 6.89833825 -2.3283908   3.81978239  8.09616888  7.4622028   1.54820408] -250.906712530916
[ 6.87818565 -2.26454129  3.81042123  8.02617903  7.37996918  1.50226859] -250.90602365433568
[ 6.87474008 -2.2776245   3.75454909  8.01677814  7.26278714  1.58221619] -250.90303313702768
[ 6.88268634 -2.26195825  3.76333255  8.06487664  7.42729302  1.57883005] -250.88197303962372
[ 6.85935878 -2.24417301  3.75174464  8.06195229  7.41481787  1.5869114 ] -250.86894648158048
[ 6.85839072 -2.34463992  3.82467565  8.04106513  7.28286556  1.6415379 ] -250.89190181988252
[ 6.89390938 -2.29305102  3.91122603  7.97660248  7.21047796  1.43687255] -250.9021524704857
[ 6.87960417 -2.24436585  3.81203856  7.96398444  7.20277964  1.55671455] -250.87785878284853
[ 6.90022961 -2.30149021  3.82193883  8.01324276  7.22595009  1.62079869] -250.87833488956
[ 6.91217168 -2.29636224  3.90027422  8.02146519  7.33085311  1.55371192] -250.85717821265504
[ 6.93088748 -2.30573111  3.97313678  8.02380871  7.3648861   1.53945978] -250.84317068129243
[ 6.90532841 -2.28516241  3.76423419  8.07737625  7.43463166  1.73325131] -250.85937230982995
[ 6.80869041 -2.2809473   3.80641001  8.00259366  7.19794735  1.66127529] -250.8570653842033
[ 6.90297557 -2.20931671  3.81849202  8.00658757  7.33080535  1.59126577] -250.82217537734175
[ 6.925268   -2.14165511  3.81540021  7.98934878  7.35477525  1.56612971] -250.7968613262472
[ 6.86948281 -2.19918806  3.8190493   8.02644529  7.43066254  1.59378199] -250.8356863096291
[ 6.88673446 -2.24125315  3.83128649  8.09652389  7.52979395  1.67022195] -250.80399371156597
[ 6.91610508 -2.2404727   3.91809435  8.0100799   7.35608107  1.66779527] -250.78556242956498
[ 6.94447824 -2.23862255  4.00126921  7.98414371  7.32671267  1.70823721] -250.76070284872165
[ 6.88318539 -2.18397002  3.98461648  7.96357843  7.30029429  1.51311734] -250.78283521430444
[ 7.00465505 -2.15585937  4.00184281  8.02535594  7.57109424  1.53570737] -250.7745597349866
[ 6.90704717 -2.0811183   3.84468471  8.00465663  7.47289155  1.65627207] -250.7380651820179
[ 6.89512701 -1.9688119   3.78045868  7.99508059  7.52689427  1.71467821] -250.71911874218193
[ 6.97699991 -2.11086931  3.98590866  7.99156516  7.43919235  1.64224861] -250.68680176599975
[ 7.03075846 -2.06670993  4.06933834  7.9741251   7.44345726  1.66648191] -250.63316021970022
[ 7.00775625 -2.01062314  4.05302209  7.88068696  7.31128205  1.56456197] -250.69966480107064
[ 6.9967188  -2.06654386  4.14811566  7.95164146  7.47180302  1.66813163] -250.67118844448444
[ 7.07664588 -1.9850869   4.03339912  7.97343283  7.58345355  1.77281543] -250.63860569859176
[ 6.97917316 -1.95627339  4.02669155  7.89434761  7.31677337  1.82926142] -250.6097188955012
[ 6.96643222 -1.85648041  4.03911592  7.82884344  7.18961293  1.97603844] -250.59849687489717
[ 7.04666797 -1.7461295   4.03988073  7.88379309  7.51545502  1.74599866] -250.5662447763347
[ 7.09776283 -1.49988297  4.05918649  7.83361778  7.60982619  1.76487938] -250.56248237674652
[ 7.16356447 -1.8596305   4.35360052  7.81903526  7.34291739  1.75629138] -250.59140047833898
[ 7.1028713  -1.76748838  4.18122993  7.91287833  7.56907473  1.97031742] -250.49890269707907
[ 7.15042882 -1.645921    4.24533385  7.92897401  7.69797107  2.17319514] -250.47276118298655
[ 7.16514543 -1.57136005  4.11854242  7.83436801  7.48394312  2.03510227] -250.4967091626262
[ 7.1147182  -1.51490806  4.26164007  7.76622171  7.33912244  2.0178474 ] -250.48515858224204
[ 7.1885922  -1.24935106  4.28980142  7.69622831  7.44434045  2.24130276] -250.65191053515485
[ 7.07021689 -1.86237022  4.12445411  7.9046509   7.44367806  1.81018712] -250.53118362793253
[ 7.28751332 -1.46154386  4.3484699   7.86677912  7.78287316  1.87646246] -250.48322340951154
[ 7.13169736 -1.32569821  4.03227508  7.89250191  7.77622062  2.13626655] -250.48280651781658
[ 7.20881051 -1.62738416  4.31771865  7.89754744  7.56477663  2.25147427] -250.4412008353551
[ 7.26433435 -1.69113476  4.44698474  7.92951227  7.54225185  2.49477171] -250.51087538979525
[ 7.28255432 -1.18656823  4.31687255  7.8241465   7.77129096  2.35326224] -250.53567464653952
[ 7.12330125 -1.69341972  4.17255872  7.8845248   7.52558128  1.9459559 ] -250.46895522085427
[ 7.17367773 -1.51826496  4.34078967  7.91114832  7.74490529  2.09863164] -250.42118884713014
[ 7.17794388 -1.49171741  4.45191329  7.94953847  7.87538637  2.13039633] -250.4302109281109
[ 7.24375814 -1.57583592  4.22407522  8.02760349  8.02498692  2.14281458] -250.42702504196086
[ 7.05637795 -1.66729747  4.0957805   7.98065421  7.66194077  2.37298357] -250.49882802817555
[ 7.22972948 -1.51298226  4.28529755  7.89524789  7.75264007  2.00059273] -250.4418417653502
[ 7.24487128 -1.86557113  4.49631613  7.95584674  7.66073313  2.06795487] -250.47803635627116
[ 7.2165778  -1.7306029   4.38030587  7.94001053  7.689605    2.08503279] -250.4395575574997
[ 7.24818948 -1.57357564  4.32824805  7.92305348  7.73619399  2.00163883] -250.40034906724668
[ 7.29706981 -1.53740295  4.36970515  7.92009321  7.75530545  1.91586068] -250.40853608708957
[ 7.31694646 -1.48612889  4.45291962  7.98034558  7.97878801  2.24743905] -250.39891606499447
[ 7.41376907 -1.38248348  4.59310007  8.02825597  8.20539138  2.39818062] -250.42973597368228
[ 7.23959056 -1.65761523  4.39605481  7.99798839  7.82711188  2.27508432] -250.3935052295794
[ 7.2445211  -1.72993171  4.45143344  8.04935864  7.86434779  2.41233011] -250.41026360179677
[ 7.27076955 -1.55329034  4.38974576  8.02916916  8.1024204   2.0320728 ] -250.42083647985663
[ 7.28106617 -1.39096742  4.33030517  8.01642561  8.11519716  2.18086095] -250.39115231218625
[ 7.31331036 -1.22114969  4.30530482  8.05463315  8.32799323  2.22877502] -250.42818651925316
[ 7.26632185 -1.48411158  4.5219458   7.92510669  7.80988533  2.13576128] -250.38560062357269
[ 7.2776037  -1.43824941  4.67088109  7.87385829  7.70233453  2.13223463] -250.41902277718293
[ 7.36728363 -1.53029808  4.46561674  8.04621465  8.11162697  2.19232077] -250.37338242500272
[ 7.46408658 -1.53631463  4.52803027  8.11374782  8.29498781  2.23916533] -250.39993170460767
[ 7.30236317 -1.4876086   4.44195097  7.93387564  7.75718071  2.31229559] -250.39448463352815
[ 7.34300113 -1.43866763  4.54134966  8.04359871  8.1304027   2.44628182] -250.40362412186525
[ 7.27189239 -1.53984863  4.38152345  7.95318979  7.83474617  2.11279958] -250.3807772324408
[ 7.25922613 -1.54402096  4.39287936  7.97725467  7.83979472  2.15560178] -250.351191278437
[ 7.23036596 -1.57296699  4.36285923  7.97570922  7.77029808  2.10968315] -250.3418466288374
[ 7.24981035 -1.57099404  4.3774841   8.03766914  8.06577448  2.02320775] -250.3881005586958
[ 7.31598955 -1.37211369  4.41719002  7.98678331  8.07539751  1.97646018] -250.38585441413167
[ 7.28615507 -1.63247691  4.51190127  7.95846532  7.77404569  2.00254996] -250.37440348344103
[ 7.3295258  -1.47294458  4.50952807  7.91082052  7.72622543  2.15331722] -250.3846447053605
[ 7.26785868 -1.70543523  4.5006015   7.93638542  7.60021171  2.25901714] -250.4235712905551
[ 7.30395684 -1.45544407  4.43804289  7.97418384  7.95660106  2.04709942] -250.36171693391805
[ 7.33007138 -1.58388151  4.36787808  8.01442109  7.91462914  2.07016208] -250.37528505336786
[ 7.26704929 -1.63202748  4.33307915  8.06324078  8.06109026  2.02488777] -250.37875690390246
[ 7.32306833 -1.59584971  4.44493567  8.05755518  8.02801757  2.03610147] -250.34776295236475
[ 7.34658445 -1.49161161  4.53066548  7.94560898  7.79064923  2.12775118] -250.3723840170854
[ 7.28906671 -1.50900094  4.55012901  7.97149131  7.89578373  2.10167323] -250.3550764329376
[ 7.33395356 -1.41924689  4.4188484   8.03178907  8.07694653  2.20232645] -250.3414287852214
[ 7.35785281 -1.31263188  4.37232196  8.06845094  8.22839695  2.3022147 ] -250.36126230256065
[ 7.24171499 -1.48440866  4.44954349  7.93923121  7.7278051   2.01589086] -250.33929810248173
[ 7.17893067 -1.46146396  4.44150687  7.8857395   7.53589416  1.92767591] -250.36310005599424
[ 7.22745768 -1.52069415  4.35745409  8.03771096  8.02783478  2.04317368] -250.34719564162344
[ 7.24458557 -1.57861171  4.42321374  8.03031182  7.88562753  2.12251686] -250.3183662311347
[ 7.21489994 -1.64019553  4.41579917  8.05837581  7.85014077  2.16022559] -250.31781497184022
[ 7.23475344 -1.56878637  4.26635101  8.06196584  7.93123055  2.0874605 ] -250.3306794425157
[ 7.17131353 -1.47291648  4.31201612  7.97737219  7.76673437  2.17015194] -250.32627299846817
[ 7.24820946 -1.53214616  4.38435172  7.97710349  7.67988368  2.20540582] -250.35987697727901
[ 7.23264562 -1.52355715  4.3641785   8.02255909  7.94084701  2.08373171] -250.326428223209
[ 7.24606107 -1.46340337  4.37938633  8.05472185  7.99427002  2.13024587] -250.30805166749528
[ 7.25390862 -1.40862157  4.38764988  8.09422817  8.106256    2.14052723] -250.30920545006614
[ 7.11317597 -1.6318423   4.31024314  8.00628626  7.66006274  2.01357571] -250.33215134696994
[ 7.16256821 -1.61582507  4.2331146   8.1211958   7.98662339  2.19923958] -250.32390759905223
[ 7.3075713  -1.46305236  4.34670543  8.09244393  8.16321929  2.26344269] -250.3344836430112
[ 7.1617748  -1.58964481  4.31935871  8.02782568  7.78585188  2.07604245] -250.31621757671473
[ 7.16166761 -1.53306111  4.4082668   8.0253843   7.84359193  2.18575188] -250.3195576745822
[ 7.1401161  -1.58145831  4.32513542  8.06573278  7.80155711  2.22348739] -250.32366000775414
[ 7.19104905 -1.66827958  4.38167089  8.14037321  7.98727733  2.15484565] -250.31724869256544
[ 7.20928798 -1.54285583  4.51009118  8.00294208  7.76760629  2.11096003] -250.32247231120465
[ 7.25479739 -1.56435511  4.47972228  8.03747486  7.94135563  2.0492031 ] -250.31692245560942
[ 7.2007953  -1.610124    4.28464355  8.11177649  8.03322289  2.14114482] -250.31977807944742
[ 7.20291847 -1.59330696  4.34100546  8.08456789  7.96681874  2.13359862] -250.31011785040351
[ 7.26216596 -1.64000068  4.36404747  8.10906213  7.99831286  2.04896854] -250.33119701248265
[ 7.1867922  -1.559796    4.39721197  8.04630376  7.88227216  2.15155605] -250.30887867246764
[ 7.19956439 -1.50606642  4.35031937  8.07204661  8.00247449  2.07160499] -250.30808523897323
[ 7.22625373 -1.42391131  4.37399715  7.96727367  7.87040364  2.04923805] -250.33482183954703
[ 7.19985022 -1.60718751  4.37975245  8.09709833  7.95805891  2.12844375] -250.30697954460695
[ 7.14418966 -1.54211325  4.24262249  8.09004651  7.92189311  2.18129414] -250.31656914619705
[ 7.17184159 -1.54767372  4.30189744  8.0769036   7.92675874  2.14827138] -250.30834102888284
[ 7.24056784 -1.50283318  4.39716563  8.116055    8.12436581  2.1785311 ] -250.306185118717
[ 7.27996436 -1.45942736  4.43606908  8.16016966  8.29362278  2.22977542] -250.31624394617054
[ 7.21197396 -1.46901311  4.39423894  8.06980849  7.99591464  2.13595243] -250.30337527575963
[ 7.21650171 -1.40686618  4.42085568  8.0624288   8.01046258  2.13712933] -250.30885448777548
[ 7.23649416 -1.4722631   4.33704142  8.11590754  8.11834204  2.11279379] -250.31095201369283
[ 7.19921769 -1.53791278  4.38216933  8.0637047   7.94128963  2.14186548] -250.30455082790448
[ 7.26057013 -1.48113174  4.45911325  8.08090806  8.0786991   2.11394315] -250.30752796585617
[ 7.25318258 -1.51442748  4.44695594  8.08871887  8.02839155  2.20472227] -250.30454107378975
[ 7.20905974 -1.57409856  4.44041218  8.11737597  8.04796985  2.17090685] -250.30506554964558
[ 7.17738055 -1.58735913  4.35445157  8.10334572  7.9532977   2.20619747] -250.30912221796524
[ 7.23977273 -1.50768859  4.43294783  8.08651748  8.04734875  2.13700673] -250.3036778347159
[ 7.25140797 -1.42813705  4.45154416  8.08362851  8.10370116  2.19455121] -250.31036694275676
[ 7.21273965 -1.5624249   4.39770038  8.09373087  7.99446947  2.14497061] -250.30283888039463
[ 7.20141428 -1.55235529  4.43430924  8.05723046  7.89409549  2.13327703] -250.30585689995513
[ 7.21120267 -1.53997476  4.42502334  8.0719366   7.95166307  2.14459055] -250.3031950269438
[ 7.23363669 -1.46971531  4.38593307  8.04076304  7.93838918  2.13212917] -250.307401990957
[ 7.21520398 -1.54800275  4.4267924   8.09822273  8.02057469  2.16121243] -250.302478611954
[ 7.2488075  -1.50926442  4.45905028  8.10594031  8.07149775  2.16761952] -250.30343205060078
[ 7.19338425 -1.53102869  4.39829512  8.08666663  7.99876458  2.09239516] -250.30438722940136
[ 7.20833383 -1.52687839  4.41046032  8.08717969  8.00617132  2.12047693] -250.3026025892297
[ 7.19631447 -1.54416419  4.40480739  8.08908875  7.96608156  2.15460076] -250.30348311842675
[ 7.20717903 -1.53504529  4.4118425   8.08844594  7.98639836  2.15020225] -250.30240424381554
[ 7.17340354 -1.55118198  4.36296902  8.06383446  7.91356609  2.11818221] -250.3057866627458
[ 7.22995651 -1.51974381  4.43502996  8.09541385  8.03201484  2.15526019] -250.30218744074418
[ 7.21623126 -1.60834352  4.44137736  8.1085014   8.00118261  2.15628523] -250.30568146157572
[ 7.21303829 -1.50384571  4.40602355  8.07948172  7.99723163  2.14103563] -250.30225366555263
[ 7.21761443 -1.52533885  4.4042597   8.10888834  8.0606237   2.14646214] -250.30255591773644
[ 7.21770237 -1.4905267   4.4337691   8.09214655  8.0398687   2.14657925] -250.3034920797703
[ 7.21398033 -1.54445035  4.40671756  8.09333479  8.00581928  2.14537277] -250.30202761108472
[ 7.22399036 -1.53193053  4.41976157  8.10074944  8.02804951  2.17937154] -250.3021257202524
[ 7.21683507 -1.53566729  4.43112948  8.07632782  7.96273907  2.16435613] -250.30342373237033
[ 7.21741959 -1.52792096  4.41097715  8.10074821  8.03615254  2.15093564] -250.30198887959477
[ 7.21998406 -1.50630947  4.40332502  8.08783525  8.0079807   2.14618024] -250.3023193129201
[ 7.23227735 -1.50968832  4.41543577  8.09740848  8.04935114  2.15584975] -250.30247221232534
[ 7.21345361 -1.52870604  4.41274082  8.09068657  8.00213656  2.15161413] -250.30196017438817
[ 7.2172955  -1.54588967  4.42709184  8.09896961  8.02582075  2.16168306] -250.3024085320674
[ 7.21931192 -1.51620452  4.40926673  8.09061884  8.01244071  2.15005594] -250.301847521333
[ 7.22633249 -1.55247302  4.42547438  8.11103551  8.04163952  2.16983444] -250.30244698513656
[ 7.21636184 -1.51600254  4.41088626  8.08737017  8.0083336   2.14823533] -250.30182167985484
[ 7.20488271 -1.53532784  4.38842006  8.09242215  7.99896257  2.15326825] -250.30222881002652
[ 7.22368806 -1.52363982  4.42337749  8.09466593  8.02375177  2.15476221] -250.3017632201803
[ 7.21074809 -1.52037755  4.40489376  8.08505873  8.00149531  2.1209538 ] -250.30248314091804
[ 7.22067979 -1.52904228  4.41604462  8.09682676  8.02141096  2.1647671 ] -250.30185780994583
[ 7.22299127 -1.50272171  4.42104679  8.09363736  8.02892277  2.16141735] -250.30230315223804
[ 7.21623307 -1.53401819  4.41029987  8.09341044  8.01159515  2.14938391] -250.3018389638441
[ 7.21915651 -1.5212835   4.41656145  8.08377802  7.99040371  2.15533724] -250.30231330738232
[ 7.21785382 -1.5262616   4.41237322  8.09650566  8.02471533  2.15203604] -250.3017618687841
[ 7.22458922 -1.5196836   4.41467524  8.09577936  8.03194596  2.15479939] -250.30173077423515
[ 7.23015703 -1.51517238  4.41564245  8.09832575  8.04685066  2.15639202] -250.30218181666834
[ 7.21866618 -1.5162278   4.41091498  8.08929004  8.01618321  2.13832384] -250.30186085609304
[ 7.22017639 -1.52583866  4.41476221  8.09494258  8.02010403  2.15815629] -250.30175183814512
[ 7.22032221 -1.53227695  4.4195247   8.0969392   8.0277079   2.15573511] -250.30195948272072
[ 7.21956449 -1.52022263  4.41183122  8.09219893  8.01625751  2.15147574] -250.3017114836101
[ 7.22451154 -1.50986476  4.41900201  8.09374377  8.03010758  2.15710441] -250.30198243995918
[ 7.21830269 -1.52797983  4.4124754   8.09349377  8.01622326  2.15131404] -250.30178147460316
[ 7.22502972 -1.53187284  4.41894534  8.10182524  8.03599902  2.15927923] -250.30189021083655
[ 7.21852881 -1.51997011  4.41290103  8.09098394  8.01524996  2.15099631] -250.30183724892456
[ 7.22207686 -1.51995311  4.41325323  8.09398914  8.02410173  2.15313756] -250.3017070919691
[ 7.21987044 -1.52303064  4.41329672  8.09357075  8.01818077  2.15481601] -250.30171503129324
[ 7.21870916 -1.52324211  4.41210222  8.0943523   8.02048642  2.15175589] -250.3017299898601
[ 7.22162628 -1.52193122  4.41760435  8.09343243  8.02000464  2.15311897] -250.3017064883375
[ 7.21893359 -1.52410123  4.41215331  8.09284635  8.01624039  2.15139489] -250.30173201978243
[ 7.21796317 -1.51811258  4.41135874  8.08978455  8.01229556  2.14985553] -250.30182054713012
[ 7.22229711 -1.52604773  4.41538828  8.09701208  8.02612826  2.15537749] -250.30177135460357
[ 7.22121362 -1.52406394  4.41438089  8.0952052   8.02267009  2.153997  ] -250.3017349630475
[ 7.21904665 -1.52009637  4.41236612  8.09159143  8.01575373  2.15123602] -250.3017755825952
[ 7.22067188 -1.52307205  4.4138772   8.09430176  8.020941    2.15330675] -250.30172485976215
[ 7.22190611 -1.51971603  4.41516834  8.09443542  8.02375031  2.15447542] -250.30166670746922
[ 7.22339237 -1.51752343  4.41667585  8.09522996  8.02750527  2.15601569] -250.30170380864018
[ 7.2231962  -1.51939978  4.41624147  8.09295718  8.02059223  2.15502093] -250.30165539475175
[ 7.22543972 -1.51747862  4.41831109  8.09225963  8.02064513  2.15665345] -250.30201133311147
[ 7.22207492 -1.51834575  4.41525457  8.09255953  8.0200214   2.15404146] -250.30164469506119
[ 7.22277643 -1.5159826   4.41594326  8.09168841  8.0195616   2.15440881] -250.30166096452336
[ 7.22361118 -1.51682553  4.41648768  8.09295346  8.02339517  2.15227401] -250.3016371091132
[ 7.22548154 -1.51372297  4.41808316  8.09264481  8.02600237  2.15100302] -250.30199559844326
[ 7.22526602 -1.51850118  4.41950533  8.09457679  8.02769765  2.15588038] -250.30170479199137
[ 7.22381671 -1.51828672  4.42016735  8.09298246  8.02105206  2.15513283] -250.3016506930693
[ 7.22499743 -1.51509378  4.41667055  8.09338918  8.0254983   2.15582271] -250.3019536242264
[ 7.22246907 -1.52022186  4.4173709   8.09342162  8.02137806  2.15379491] -250.30170332916651
[ 7.22042537 -1.51909737  4.41405811  8.09185976  8.01569876  2.15236614] -250.30166235587967
[ 7.22254109 -1.51700187  4.41508827  8.09249432  8.02012525  2.15397536] -250.30164057055248
[ 7.22331571 -1.51660298  4.41726414  8.09083348  8.01654465  2.15312816] -250.30168072182246
[ 7.22225851 -1.51893777  4.41569229  8.09353494  8.02194889  2.1541386 ] -250.30166144175126
[ 7.22540749 -1.51716843  4.4189191   8.09396753  8.02667958  2.15582826] -250.3019921372807
[ 7.2216709  -1.51861514  4.41527336  8.0923867   8.01844396  2.15323167] -250.30169979522427
[ 7.22307614 -1.5169137   4.41578797  8.09272389  8.02176021  2.15312469] -250.3016374833001
[ 7.22284305 -1.51758564  4.41587113  8.09275649  8.02170828  2.15315774] -250.30165807436768
[ 7.22371394 -1.51755612  4.41832751  8.09296796  8.02222362  2.15370342] -250.30164515540366
[ 7.22340369 -1.51811266  4.41636457  8.09295532  8.0219937   2.15364747] -250.3016712950076
[ 7.22293484 -1.51788165  4.41608998  8.0932442   8.02267203  2.15320631] -250.3016375286548
[ 7.22201827 -1.51796145  4.41527289  8.09240661  8.01954697  2.15232008] -250.3016726473064
[ 7.22450934 -1.51699698  4.41770339  8.09346049  8.02503737  2.15405114] -250.30167063059437
[ 7.22349247 -1.51647389  4.41705798  8.09308017  8.0236052   2.1528583 ] -250.3016448113634
[ 7.22204787 -1.51741519  4.41550403  8.09244823  8.02008413  2.15205702] -250.30168057470854
[ 7.22389397 -1.51710153  4.41715355  8.09320743  8.02379906  2.15355261] -250.30169071858907
[ 7.22334366 -1.51686961  4.41613783  8.09283867  8.02257769  2.15269935] -250.30164411110653
[ 7.22327301 -1.51735359  4.41628883  8.09309883  8.0230336   2.15274016] -250.3016692421475
[ 7.22355182 -1.51664971  4.41677283  8.09301682  8.02350018  2.15256616] -250.30162954330345
[ 7.22366256 -1.51719083  4.4174076   8.09296071  8.02280939  2.15298872] -250.30164116775802
[ 7.22322711 -1.51720559  4.4161794   8.09285497  8.02255173  2.15271588] -250.30167640537562
[ 7.22406026 -1.51691126  4.41709553  8.09320697  8.02421627  2.15316258] -250.30164345416705
[ 7.22394038 -1.51672792  4.41721736  8.09317018  8.02395904  2.15276112] -250.30167968950227
[ 7.22340543 -1.51708617  4.41643889  8.09293377  8.02290356  2.15272719] -250.3016334486168
[ 7.22393862 -1.51649078  4.41715795  8.09287131  8.02343382  2.15273251] -250.30167278771046
[ 7.22343941 -1.51713789  4.41650611  8.09304195  8.02313366  2.15273825] -250.30163733078476
[ 7.2238999  -1.51706418  4.41743172  8.09319922  8.02407505  2.15278628] -250.30164709556033
[ 7.22348272 -1.51691826  4.4164613   8.09292881  8.02295203  2.15272108] -250.30168436398301
[ 7.22347863 -1.51686794  4.41660586  8.09297529  8.02320187  2.15264667] -250.3016793551159
[ 7.2235815  -1.51673762  4.41663025  8.09298514  8.02344768  2.15242009] -250.30165441391355
[ 7.22349562 -1.5168938   4.41663947  8.09302938  8.02331692  2.1526522 ] -250.3016783975331
[ 7.22360719 -1.51692027  4.41709021  8.09298876  8.02315479  2.15277744] -250.30164547937073
[ 7.22380604 -1.51678048  4.41693418  8.09311189  8.02385823  2.15286437] -250.30168418512426
[ 7.22344774 -1.51675966  4.41645533  8.09292774  8.02303894  2.15263275] -250.30167726102346
[ 7.22324813 -1.51682918  4.4164638   8.09286248  8.02269523  2.1523674 ] -250.3016378878503
[ 7.22349871 -1.51672881  4.41674477  8.09296148  8.02318271  2.15249201] -250.30166564012768
[ 7.22348274 -1.51664795  4.41674626  8.09288476  8.02302292  2.15243308] -250.3016739271521
[ 7.22354229 -1.51674485  4.41702738  8.09297207  8.02329557  2.15238597] -250.3016457348598
[ 7.22352714 -1.51688886  4.41683016  8.09304415  8.02340246  2.15256994] -250.30167952932064
[ 7.22349384 -1.51670818  4.41676724  8.09292461  8.02311781  2.15246729] -250.30166755536655
[ 7.22351604 -1.51682863  4.41680918  8.09300431  8.02330758  2.15253572] -250.3016814961759
[ 7.22349939 -1.51673829  4.41677772  8.09294453  8.02316525  2.1524844 ] -250.30164803298118
[ 7.2235114  -1.51681117  4.41684263  8.09296179  8.02323686  2.15250848] -250.30167243097435
[ 7.22350188 -1.5167494   4.41676924  8.09296155  8.02319625  2.15249612] -250.30164078418997
[ 7.22340207 -1.51680628  4.41700348  8.09293027  8.02288808  2.15260574] -250.30164268598855
[ 7.22345174 -1.51682827  4.41693126  8.09296612  8.02307812  2.15258188] -250.30168698715693
[ 7.22348748 -1.51676079  4.41681611  8.09294993  8.02314347  2.15250877] -250.3016833663499
[ 7.22339998 -1.51673944  4.41661832  8.09293965  8.02309771  2.15246678] -250.30167973161
[ 7.22352685 -1.51669955  4.41677103  8.09298918  8.02334822  2.15253114] -250.30163171463954
[ 7.22347695 -1.51672799  4.41688815  8.09297354  8.02319413  2.15258595] -250.30166431061946
[ 7.22357951 -1.51678499  4.41693152  8.09300279  8.02332749  2.1526718 ] -250.3016408662069
[ 7.22354706 -1.51669728  4.41690011  8.09299444  8.02339788  2.15247606] -250.3016350672255
[ 7.22352561 -1.516694    4.41677528  8.09298067  8.02333272  2.15252528] -250.301674378038
[ 7.22366929 -1.51667839  4.41706132  8.09304617  8.0236025   2.15265202] -250.30164752810842
[ 7.22359155 -1.51671864  4.41699971  8.09302697  8.02345741  2.15263576] -250.30163290603275
[ 7.22367842 -1.51668153  4.41692402  8.09305191  8.02368376  2.15259169] -250.30168500057468
[ 7.22352731 -1.51671638  4.41689712  8.09299313  8.02331654  2.15258739] -250.30167531414895
[ 7.22353934 -1.51667463  4.41677193  8.093003    8.0234242   2.15254865] -250.301634532261
[ 7.22357169 -1.51668417  4.41688627  8.09302189  8.0234788   2.15260096] -250.30164346935635
[ 7.22354944 -1.51667349  4.41683647  8.09300563  8.02344903  2.15252111] -250.30167986281936
[ 7.22356567 -1.51671735  4.41685218  8.0930098   8.02341384  2.15261898] -250.3016694031602
[ 7.22361056 -1.51666405  4.41691708  8.09303149  8.02355134  2.15260909] -250.30167374608945
[ 7.22351439 -1.51668885  4.41683049  8.09299518  8.02334716  2.15257605] -250.30163424701644
[ 7.22356838 -1.51668609  4.41684046  8.09302043  8.02345614  2.15265218] -250.3016851944361
[ 7.22355418 -1.51667664  4.41683747  8.09300933  8.02345081  2.15255388] -250.3016739987124
[ 7.22356364 -1.51668294  4.41683946  8.09301673  8.02345436  2.15261941] -250.30167418482802
[ 7.22355654 -1.51667822  4.41683796  8.09301118  8.0234517   2.15257026] -250.3016853335333
[ 7.2235331  -1.51666928  4.41680166  8.093006    8.02342367  2.1525711 ] -250.30163662287987
[ 7.22354558 -1.51666217  4.41677238  8.09300991  8.02346219  2.1525574 ] -250.3016778765826
[ 7.22356176 -1.51666694  4.41682955  8.09301935  8.02348949  2.15258356] -250.3016788917093
[ 7.22355875 -1.51668353  4.4168125   8.09301331  8.02345701  2.15259257] -250.30168146364002
[ 7.22358119 -1.51665688  4.41684495  8.09302415  8.02352576  2.15258762] -250.30168080397345
[ 7.223553   -1.51666318  4.41680515  8.09301307  8.0234755   2.15256002] -250.301673476345
