[ 0.51617125  0.57281934  1.19595806 -0.31282716  0.99058257  0.35785598] -300.0800986839069
[-0.85109999 -0.15033615  0.32458304  0.39506654  1.44401395  0.42483942] -322.781018987151
[ 0.99098775  0.36448545  0.95762831  0.36292456 -0.73561476  0.6186427 ] -257.35301716939045
[ 1.08597258  0.18900292  0.54221704  0.67290187 -0.45386647 -0.66025607] -257.78540409880696
[-0.18856846 -0.25785082 -0.56129307  0.69269408 -0.82803041 -1.13183893] -262.9168989101819
[-2.30534162  0.88661959 -0.14328178  1.17872729  0.90428427 -0.05500777] -326.7112242544929
[ 0.24559623  1.34683033 -0.82145076  0.62323269  2.29381772 -0.97651912] -334.77560172472135
[-0.49622239 -0.81191689  1.59338796  0.37326304 -1.85336134  0.82793089] -262.2495158476238
[ 2.6577552  -0.91788497  1.49410889 -0.45071965 -1.3830431   0.20073244] -259.55220615822077
[ 2.37313197 -0.13677884  1.41608602  0.05101237 -2.86512512 -0.35381709] -254.18575682910344
[ 3.98524795 -0.13000018  1.96183751 -0.12101471 -5.01969465 -0.74314535] -301.1914742188478
[ 1.62484763 -1.09646705  0.61808699  0.88018592 -3.69692964 -0.524058  ] -265.3800937110518
[ 1.34767853 -0.67914545  0.76255476  0.58193265 -2.52505159 -0.30357951] -251.60257238213785
[ 2.84166967 -0.40622844  2.81662073 -0.1622558  -2.44399038  1.24172338] -254.1643315379137
[ 4.26195429  0.28306711  1.06968396 -0.02133104 -1.61553579 -0.58011561] -257.1909404917216
[ 1.64270973  0.78935255  1.02748804  0.94578119 -2.1633516  -0.21319983] -244.63767414417475
[ 1.135187    1.64297131  0.79417762  1.64403161 -2.55350586 -0.42016597] -249.19266362600166
[ 3.4000714  -0.11741879  2.1411369  -0.08688056 -3.66235661  0.79680742] -263.900445372236
[ 1.66449729  0.11239749  0.94194701  0.48295626 -1.25598901 -0.2959902 ] -249.42826833532388
[ 3.71955941 -0.37693065  1.72049853  0.26310732 -3.5540664  -0.78696898] -266.72150299039197
[ 1.67313067  0.17913143  1.14834586  0.33797025 -1.44022767  0.26723978] -249.0692572651963
[-0.41434834 -0.33015753  1.63466352  0.76713001 -2.61570933  0.69424112] -261.616298350247
[ 3.09287864  0.12976095  1.21092885  0.17578423 -1.86557918 -0.26152643] -249.72702331336237
[ 1.71438954  0.17853501  1.21987573  0.73637722 -1.03293802  0.49870616] -249.4735063657766
[ 0.87009179  0.64290577 -0.71290732  1.24918974 -0.98372198 -1.34450673] -250.91127965115854
[ 2.20488735  1.35650652  0.84933797  0.72742031 -0.38888423 -0.14617958] -251.90752337405806
[ 1.56198074 -0.17023246  0.78425056  0.61830456 -1.99100975 -0.26422952] -247.62617150661293
[ 2.91310374 -0.23659078  2.82385267 -0.15013183 -2.26597643  1.25484004] -253.26840290099594
[ 1.38084478  0.42303163  0.17128268  0.89935934 -1.30428559 -0.69467003] -247.32860320918988
[ 0.11963894  0.37431093  0.55346778  1.16446539 -1.19702137  0.02747854] -254.64290041723433
[ 2.34956871  0.19089844  1.04656358  0.42295452 -1.69843972 -0.18927519] -246.9975653887012
[ 1.70985443  0.32965801  0.48675018  0.49939816 -2.25149643 -0.96208116] -248.45194348517506
[ 1.77486573  0.46821571  0.61294663  0.75829975 -2.36028125 -0.38941512] -246.35020691712964
[ 1.80014404  0.4978432   0.22808136  1.04339559 -2.48272711 -1.17153006] -248.1825601105539
[ 1.79351681  0.40337834  0.8034541   1.06330016 -1.74853525 -0.01202543] -243.59002910831208
[ 1.83534801  0.44023851  0.96180606  1.34525116 -1.49705466  0.46300243] -242.49691010993655
[ 1.71496186  0.21599159  1.30669782  0.61992125 -1.18874708  0.74226764] -249.11877177866344
[ 1.7788485   0.4273803   0.49773548  0.937527   -2.1592321  -0.69308064] -245.58132986368784
[ 2.02541441  1.08327151  0.6550236   1.15141976 -1.73653856 -0.30798327] -241.97065245497961
[ 2.25713125  1.71002349  0.59041012  1.41797735 -1.60930297 -0.32986014] -240.23317700211976
[ 2.49864587  0.91900471  1.40770063  1.04323765 -2.52493518  0.24406054] -244.3110402608293
[ 1.57961432  1.39383998  0.65279874  1.72640352 -2.40627953 -0.11688907] -245.21237702602647
[ 2.08923349  1.42506413  1.09969973  1.71375954 -1.75977077  0.17409288] -240.05264490950213
[ 2.24641737  1.90348835  1.34307628  2.19148944 -1.45951553  0.45584688] -238.96930594309399
[ 2.24110702  1.95793556  1.49669115  1.95251977 -1.72758105  0.86073424] -239.47600893077862
[ 2.66083877  1.17950774  1.62292535  1.23901534 -1.2543008   0.61041711] -241.01561169272344
[ 2.93711969  1.9140469   1.44671515  2.11738238 -1.19421179  0.98126685] -236.75121208942372
[ 3.58432468  2.47639408  1.6563287   2.70318297 -0.70964189  1.5785002 ] -235.84148223393936
[ 2.4430765   2.30352454  1.14937859  2.57324103 -0.22753045  0.9688197 ] -238.99009629441235
[ 3.30895052  3.40338608  1.65779733  2.68055747 -0.83223624  0.91848356] -238.39922236624295
[ 2.69949701  3.40540962  1.00830204  3.26730734 -0.93430191  0.87375771] -243.25312536178336
[ 2.67050333  1.73598321  1.46926952  1.74608834 -1.17430108  0.67625226] -238.19302817535336
[ 3.24099522  2.88354711  2.33377041  3.19771565 -0.43429911  2.14940576] -238.5011195013531
[3.59031552 2.94417223 1.7065158  3.07823853 0.11507295 1.38836855] -236.05680424714657
[ 3.77075904  2.81213248  2.23954075  2.62584977 -1.27077651  1.4201327 ] -239.54934420495096
[ 2.77499713  2.43067652  1.42191913  2.58639322 -0.48834197  1.08164795] -237.023759239365
[4.14361143 3.38789807 2.07212403 3.13923595 0.28493308 2.14170587] -236.7319017274471
[ 3.44990565  2.57595629  0.99421443  2.11351651 -0.50053927  0.44558037] -236.9774199221683
[3.42893539 1.78030739 1.44899321 2.44166103 0.00796352 1.51886817] -238.5068553588698
[ 3.33894674  2.99761641  1.6055963   2.62083336 -0.6221863   1.06857972] -236.53727038267897
[4.29019705 3.86825465 1.68296328 3.66771184 0.53406662 1.8918753 ] -239.10952375555257
[ 3.07542676  2.26905107  1.52269296  2.22649421 -0.74720916  0.98015802] -236.56686298038733
[ 4.28584646  3.11968619  1.76390494  2.70744063 -0.23818156  1.45264962] -236.4674367270195
[ 3.88958487  3.15564973  2.44817314  3.37829205 -0.13853169  2.42440695] -238.44577208652842
[ 3.55982546  2.72087965  1.35770411  2.42971039 -0.41003737  0.94028702] -236.0082357540699
[ 3.00128377  2.12136847  1.13212358  2.11606408 -1.15566086  0.3278085 ] -236.95613923892614
[ 3.85802951  3.07126567  1.83712391  2.88344298 -0.0752154   1.68823153] -236.03005579707812
[4.33033603 3.50762034 1.78636496 3.24778874 0.1004793  1.72538086] -237.51385081307203
[ 3.38915408  2.57869339  1.58861096  2.48181785 -0.53528704  1.16646373] -235.96157645678724
[4.08355183 2.639414   1.69779984 2.80711109 0.00442286 1.66958717] -235.74310967954736
[4.45585437 2.46031279 1.74390161 2.90024995 0.31772745 1.97009089] -236.48348909009414
[ 3.06922057  2.35725348  1.51745617  2.75372731 -0.29871374  1.35782977] -236.29159928827903
[ 3.37337704  2.54786166  1.57906836  2.74215564 -0.28358069  1.38153473] -235.80695684105234
[ 3.69243868  2.40066392  1.53236283  2.27090177 -0.7848528   1.41983291] -236.0817875174058
[ 3.61584631  2.80829515  1.66297756  2.87640434 -0.10990848  1.39623464] -235.7582896841832
[ 3.34399695  2.18591364  1.34370593  2.46335111 -0.6061288   1.02263763] -235.73801337788714
[ 3.08698066  1.74323762  1.09699694  2.25330517 -0.87158551  0.68984068] -236.3100132513199
[ 3.57025817  2.35797766  1.81845968  2.92829727 -0.33667064  1.79803235] -235.5957467230465
[ 3.57547452  2.17652666  2.04883746  3.17759071 -0.29998728  2.22690501] -236.0366451258699
[ 3.80129758  2.42659201  1.66416906  3.02501629 -0.14521551  1.78237851] -235.30635621879173
[4.00736933 2.35054131 1.70194811 3.29661552 0.04982026 2.0903359 ] -235.36411836393535
[3.67845128 2.51229062 1.59906477 2.91092895 0.21728147 1.43830148] -235.99837043773599
[ 3.60785633  2.48536822  1.64201272  2.75511946 -0.47791105  1.54345052] -235.54295102450718
[ 3.96755868  2.4199919   1.69730657  2.87627755 -0.27355652  1.68923887] -235.43696413736276
[ 3.84232687  2.03012399  1.62484038  2.74198658 -0.50177807  1.77220704] -235.44772322828507
[ 3.29421303  1.99590847  1.56569827  2.78957167 -0.78484306  1.53306114] -235.74674902227568
[ 3.88621713  2.47853761  1.66477445  2.80272623 -0.19289362  1.63545566] -235.46226537810693
[ 4.21450797  2.54695015  2.02681502  3.24645669 -0.03654633  2.38428335] -236.0903659462052
[ 3.5616247   2.27617277  1.5144832   2.6591275  -0.46373319  1.36304906] -235.43585985965373
[ 3.98536893  2.34761784  1.45073579  2.69178727 -0.34835867  1.46389421] -235.5161658702742
[ 4.0736083   2.17431049  1.56342376  2.84385435 -0.16393414  1.69195726] -235.45059788463956
[ 3.72550883  2.25429175  1.79226335  2.95787557 -0.23201167  1.8475346 ] -235.3992388270825
[ 3.77109119  2.04862335  1.62072099  2.89865305 -0.40051608  1.74666612] -235.25291996459273
[ 3.71352822  1.83366621  1.59869427  2.94661646 -0.50432731  1.80227135] -235.29228272946438
[ 3.48286098  2.31095476  1.74117076  2.87579117 -0.5083362   1.7084008 ] -235.64485027700448
[ 3.92592147  2.20847156  1.60786051  2.85183855 -0.25003466  1.69606815] -235.31783072358752
[ 3.74200728  2.51459045  1.67409419  3.01427626 -0.0865778   1.60277139] -235.37320862557527
[ 3.54159167  2.1562554   1.59389054  2.92598486 -0.25247312  1.65691707] -235.3060580285498
[3.94084797 2.26010207 1.80318301 3.23208736 0.00812357 2.08106289] -235.35612625006047
[ 3.84874356  2.28391986  1.52904275  3.02474322 -0.14355286  1.67442012] -235.1352347213129
[ 3.91036093  2.29873392  1.39743244  3.05817705 -0.09932345  1.58786288] -235.08879300736743
[ 3.88836299  1.95166898  1.55499133  2.98297613 -0.29323528  1.91421381] -235.2043142662092
[ 3.67202731  2.10334633  1.34317195  2.68212795 -0.4883896   1.38030596] -235.29631859326634
[ 3.60232242  2.1199351   1.45026493  3.00580656 -0.30968302  1.66004664] -235.11794634106982
[ 3.66062126  1.79959569  1.32265499  2.82622557 -0.46932468  1.53295898] -235.15883031551456
[ 3.9600037   1.95104573  1.30252167  2.89200391 -0.43435092  1.61710106] -235.32399025944298
[ 3.64619468  2.10495298  1.52104832  2.91748962 -0.29794257  1.64696307] -235.16265376333138
[ 3.82095718  2.00449034  1.61253239  3.21431471 -0.13495209  1.98259787] -235.14462864764167
[ 3.73851529  2.04450232  1.33225381  3.10301016 -0.13430428  1.69488163] -234.9571512324625
[ 3.72222735e+00  2.04244181e+00  1.18802021e+00  3.20518872e+00
 -1.19838527e-03  1.66898938e+00] -234.89789310744098
[ 3.56586495  2.1717143   1.27565976  3.09275794 -0.14423946  1.44559246] -235.0372414019488
[ 3.78125668  2.04068407  1.22780659  3.21666723 -0.08829779  1.64571967] -234.92262016024128
[3.80704191 2.42640416 1.39458378 3.43807849 0.21009328 1.79731065] -235.25409971060773
[ 3.69722642  1.9562978   1.34063719  2.9791888  -0.29947019  1.5990469 ] -235.0142786860739
[ 3.6054624   2.20544533  1.01407465  2.97161406 -0.17911868  1.21982144] -235.0465849966762
[3.82514382 2.11850397 1.03094536 3.16872471 0.03913371 1.39563094] -234.94154271831522
[ 3.48869961  1.87962851  0.96161548  3.15320344 -0.12507348  1.40373739] -234.94225189869644
[ 3.75467721  1.86431149  1.32748688  3.30029622 -0.02726319  1.83308414] -234.9239860856887
[ 3.85721208  1.79557492  1.08317747  3.24833176 -0.02315032  1.73647701] -234.9012610577383
[3.77917916 1.95741712 0.93238014 3.45161522 0.22418704 1.62883261] -234.89519400329368
[3.82015554 1.95797678 0.72825162 3.68782843 0.48601565 1.64372547] -235.09475319380223
[4.08453249 2.06001595 1.30165674 3.37707118 0.1662105  1.89917387] -235.04664987678444
[ 3.63765783  1.92472537  1.0466258   3.20917037 -0.05225248  1.52759651] -234.87353449590012
[ 3.68559295  1.75654762  1.23755367  3.3750318  -0.02845875  1.95126884] -234.95298779951725
[3.79025611 2.02801489 1.08259744 3.22030148 0.02223559 1.53454041] -234.8819565243856
[3.76791919 2.0653079  0.85938234 3.21679537 0.05443774 1.41430105] -234.92628307025606
[ 3.75798771  1.91456059  1.21046074  3.27942101 -0.00683796  1.72838837] -234.87712300761723
[3.73358339 1.84689416 0.95328068 3.32134229 0.14262562 1.62922176] -234.89242137468563
[3.61641843 2.10910973 1.05461086 3.3140146  0.13273679 1.50271267] -234.96516318824865
[3.79701367 1.87395862 1.07603582 3.26475247 0.01582146 1.67803593] -234.86297005045444
[3.77633194 1.80608178 0.91243999 3.37701223 0.11645814 1.57321581] -234.87193025161702
[ 3.71843105  1.84066135  1.16143335  3.10571807 -0.14483691  1.59483365] -234.90772491255794
[3.76399214 1.92822818 0.98964344 3.36514093 0.13193105 1.62033287] -234.86216692489617
[ 3.77416307  1.97829565  1.15265373  3.25059054 -0.06684035  1.59148154] -234.8992759548893
[3.74372831 1.87974453 1.00312394 3.30365435 0.09025913 1.61978671] -234.86301902173
[3.7019811  1.74775147 0.99684581 3.37941564 0.07622419 1.71457832] -234.86361335507854
[3.71558062 1.80560272 0.79777752 3.35362766 0.13298512 1.51612701] -234.9043893122321
[3.74738594 1.88732113 1.10728994 3.29797267 0.02811781 1.67532303] -234.85578516321
[3.87248653 1.78296987 0.98183385 3.45347906 0.20518974 1.76616105] -234.8949017801558
[3.69636501 1.88928649 1.03042781 3.27024754 0.01210807 1.58723764] -234.85578411463135
[3.70715677e+00 1.92934836e+00 1.15534893e+00 3.25004897e+00
 1.69576062e-03 1.72521569e+00] -234.87810710896883
[3.75903815 1.83689842 0.97316723 3.34527142 0.08776755 1.61121578] -234.85614746645484
[3.80052664 2.01739432 1.06305025 3.23626415 0.0457775  1.549399  ] -234.87932858077596
[3.72661748 1.81516218 1.01339692 3.34362777 0.06861252 1.67328349] -234.85425782674915
[3.75307581 1.86387381 1.06019644 3.32534991 0.02452703 1.66202287] -234.85476139753607
[3.6851445  1.86629812 0.98200477 3.38445095 0.10186655 1.59843597] -234.86850983541188
[3.76904638 1.8720435  1.05252806 3.29467709 0.03733273 1.65813594] -234.8539490528861
[ 3.71985079  1.79330033  1.08935869  3.26057454 -0.04577582  1.66874005] -234.8574755986238
[ 3.73088612e+00  1.82703230e+00  1.06442988e+00  3.28671614e+00
 -1.34909877e-03  1.65663825e+00] -234.8525505644938
[ 3.71542076  1.88134138  1.13625579  3.26092562 -0.03131786  1.69299796] -234.86321548044467
[3.7481338  1.84800916 1.01393937 3.32418497 0.0579962  1.63166133] -234.85183023562436
[3.72732227 1.81781469 0.97101622 3.3169618  0.03829134 1.61433681] -234.85371880009072
[3.78866228 1.79202538 1.02807449 3.36025835 0.06302883 1.71145525] -234.85899635772893
[3.71943933 1.86497122 1.02983948 3.29275025 0.02483826 1.61829204] -234.85185705820894
[3.72073931 1.81780387 0.98818686 3.29428942 0.05071362 1.62209308] -234.860643077066
[3.74499169 1.85235633 1.04219405 3.31758479 0.03107367 1.65204042] -234.85132886016456
[ 3.75332238  1.87891354  1.04458543  3.26733057 -0.00588482  1.60375144] -234.85498677651108
[3.73329371 1.83110002 1.02119405 3.32455347 0.04998818 1.65590048] -234.85185000754683
[3.69897593 1.80838441 0.99500962 3.32624005 0.02961345 1.61815384] -234.85323841006345
[3.73125126 1.85946979 1.08451926 3.30704808 0.02576222 1.66322531] -234.85306326121167
[3.77035604 1.88592853 1.09036241 3.29137252 0.03315636 1.67443211] -234.85548856606272
[3.71682096 1.82777044 1.01884782 3.31752317 0.03049918 1.63222341] -234.85113110562395
[3.73327061 1.8242767  0.97896229 3.31405618 0.03858658 1.61902666] -234.85327119173115
[3.7317561  1.85067152 1.05813002 3.30880011 0.02896831 1.65217565] -234.85122060670665
[3.73392574 1.86459393 0.99695171 3.34174945 0.0758037  1.62412619] -234.85327096031583
[3.73164603 1.8364227  1.04756034 3.30047446 0.0179391  1.64851024] -234.85127738434866
[3.74944143 1.81713884 1.03744907 3.33829008 0.04731662 1.67254513] -234.85210339841117
[3.72693985 1.85301312 1.03174188 3.3041352  0.03045785 1.63185532] -234.85116739149097
[3.7334691  1.8583144  1.04961044 3.29968076 0.01565659 1.62692164] -234.8511932552246
[ 3.71374077  1.84484034  1.06875548  3.2918812  -0.00646463  1.6495809 ] -234.8529361577878
[3.73953555 1.84721696 1.0276434  3.31610903 0.04188099 1.63614122] -234.85088761188626
[3.71506417 1.83878005 1.03565058 3.29798945 0.02406033 1.62390207] -234.85175996896163
[3.73750981 1.84896226 1.04055818 3.31268596 0.02932034 1.64500584] -234.85075762795708
[3.73036443 1.85889353 1.02795024 3.31917028 0.04098865 1.62626412] -234.85110392527412
[3.72979047 1.84738538 1.00732063 3.31430136 0.03396622 1.61396153] -234.8513527586488
[3.73126469 1.84984998 1.04542767 3.31017542 0.03021779 1.64262212] -234.85076435720075
[3.72734266 1.83692103 1.01444595 3.32691892 0.05213168 1.64444903] -234.85182235240038
[3.73193749 1.85296606 1.04081932 3.3064903  0.02477536 1.63130349] -234.85081716920655
[3.73553779 1.84220662 1.03534033 3.32324951 0.03543625 1.63933142] -234.8511436731326
[3.7333883  1.84490824 1.03444072 3.31847093 0.03419165 1.63746239] -234.85094823429435
[3.75117913 1.8731619  1.05343202 3.31017747 0.03662575 1.64070965] -234.85174514586248
[3.7254105  1.8391183  1.02749387 3.31568674 0.03203082 1.63434497] -234.85080542135722
[3.73598435 1.83544707 1.04417748 3.30736918 0.02315033 1.64936255] -234.85113252117912
[3.73176941 1.85303191 1.03200705 3.31622    0.03652907 1.63203873] -234.85074384646612
[3.73242085 1.85214025 1.03687578 3.30731821 0.03072647 1.6363564 ] -234.85082172328157
[3.72390204 1.85147263 1.04675056 3.30674985 0.01931896 1.63774929] -234.8512926561134
[3.73562717 1.84828088 1.03242019 3.31376923 0.03624048 1.63654324] -234.8506871710838
[3.73208551 1.84526288 1.03603298 3.317691   0.03231148 1.6375964 ] -234.85092925283902
[3.73233701 1.85042091 1.03666508 3.30991141 0.03112272 1.6366664 ] -234.85062301597392
[3.73270204 1.84358869 1.03070469 3.31965929 0.04037838 1.64443694] -234.8509705934414
[3.73212863 1.85062172 1.03829066 3.30978255 0.02867612 1.63458685] -234.85061811998872
[3.7414684  1.86127091 1.04762907 3.30849478 0.03200469 1.64147609] -234.85102139299536
[3.72942498 1.84465646 1.03252767 3.31388875 0.03202429 1.63612775] -234.8508188334503
[3.73223282 1.85052131 1.03747787 3.30984698 0.02989942 1.63562662] -234.8506390022082
[3.7338779  1.8494513  1.03535542 3.31177589 0.0324583  1.63556505] -234.85063658260367
[3.73194902 1.85182681 1.03514886 3.31300128 0.03260259 1.63331279] -234.85068829438686
[3.73481922 1.84979199 1.03942442 3.31123425 0.02899823 1.63979634] -234.85069697903802
[3.73169666 1.85023585 1.04185917 3.30997898 0.02944695 1.63860449] -234.85068731217285
[3.72876956 1.84487001 1.03289227 3.31273465 0.03035347 1.63446591] -234.8507724773899
[3.73679852 1.85594631 1.04295987 3.30913866 0.0303404  1.63803147] -234.85076425538944
[3.73479128 1.85317724 1.04044297 3.31003766 0.03034367 1.63714008] -234.85069207223893
[3.73073955 1.85215275 1.03676723 3.31024019 0.03214412 1.63181562] -234.85067100923712
[3.72941691 1.84842601 1.03452343 3.3115043  0.03139883 1.63269706] -234.85084235768826
[3.73344769 1.85198943 1.03896308 3.31040432 0.03060746 1.63602933] -234.85067166297395
[3.73275873 1.84983064 1.04108896 3.30767503 0.02847486 1.63742986] -234.85078207821414
[3.73215145 1.85132777 1.03663388 3.31166971 0.03157066 1.63434206] -234.85067254763544
[3.73316268 1.85178558 1.03263688 3.3112609  0.03233841 1.63071735] -234.85066978761353
[3.73304498 1.85084626 1.03652984 3.3094339  0.03047061 1.63377155] -234.85063973595112
[3.7316145  1.84980354 1.03338955 3.31037582 0.0313882  1.63133169] -234.8506120313789
[3.7306979  1.84871059 1.03060278 3.31036156 0.03177857 1.62898287] -234.85078450456047
[3.73461429 1.84885714 1.03445952 3.31058515 0.02959956 1.63538409] -234.8506035785909
[3.73655165 1.84720934 1.03330566 3.31075763 0.02832728 1.63716832] -234.85064734976487
[3.73267502 1.84824818 1.0391974  3.3093392  0.02849233 1.63803793] -234.8506248103443
[3.73266941 1.84832147 1.03619364 3.31113463 0.0297007  1.63640586] -234.8506217400656
[3.73362709 1.84791314 1.03481753 3.31115076 0.03020565 1.63481053] -234.85059909785187
[3.73432423 1.84660905 1.03348736 3.31180265 0.03035876 1.63440248] -234.850614515296
[3.73189841 1.84847043 1.03676067 3.30901348 0.02689588 1.6346206 ] -234.85077742915888
[3.73338303 1.84920608 1.03570674 3.31108529 0.0310677  1.63532894] -234.85063045840744
[3.73239328 1.84871565 1.03640936 3.30970408 0.02828649 1.63485671] -234.85059952719075
[3.73300738 1.84982937 1.03198935 3.3115718  0.03079324 1.63108732] -234.85065804293467
[3.73275811 1.84864348 1.03739539 3.30989735 0.02906756 1.63630028] -234.8505855697807
[3.73304256 1.84986342 1.0353937  3.30936394 0.02937383 1.63268419] -234.85063047566786
[3.73276269 1.84870696 1.03599365 3.31069196 0.02961898 1.63547544] -234.85061064537126
[3.73379469 1.84692492 1.032531   3.31101916 0.0307127  1.63479939] -234.8505759500511
[3.73462773 1.84507652 1.02965117 3.31163746 0.03173099 1.63490567] -234.85079711427616
[3.73503555 1.84678355 1.03714593 3.31064033 0.02777544 1.63921046] -234.85062186276033
[3.73246976 1.84904854 1.03432865 3.31044195 0.03048501 1.63330138] -234.85059320490979
[3.73378971 1.847994   1.03398683 3.31024086 0.02983334 1.63434202] -234.8506116972495
[3.73301945 1.84852872 1.03549195 3.31057918 0.02967257 1.63519209] -234.85061463100558
[3.7332764  1.8477842  1.0349632  3.31045825 0.02989013 1.63554983] -234.85058490639224
[3.73313223 1.84798673 1.03342983 3.31073055 0.03059885 1.63405039] -234.85058778981556
[3.73371089 1.84741903 1.03367427 3.31108496 0.03045917 1.63480496] -234.8506202099656
[3.73309399 1.84782028 1.03447018 3.31036162 0.02949959 1.63482805] -234.85060680309505
[3.73420449 1.84789103 1.03349526 3.31080215 0.03015613 1.63509174] -234.85062755055432
[3.73327869 1.84781594 1.03426233 3.31085556 0.03016584 1.63513742] -234.85058014751976
[3.73255781 1.84735933 1.03428168 3.31070121 0.03028596 1.63463161] -234.85078606227248
[3.73379282 1.84775811 1.03369186 3.31077692 0.03018859 1.63497671] -234.85061375769018
[3.73307871 1.84794436 1.03410853 3.31031572 0.02989273 1.63497564] -234.85057344250436
[3.73276263 1.84820703 1.03432567 3.30993111 0.0296095  1.63506097] -234.85056957188098
[3.73265339 1.84775493 1.03430221 3.31034183 0.02997028 1.63483198] -234.8507987471698
[3.73350796 1.84775731 1.03384445 3.31066815 0.03013401 1.63494053] -234.85057390968632
[3.73349021 1.84767176 1.03331531 3.3108593  0.03087075 1.63501812] -234.8505748291176
[3.7335713  1.84740032 1.03431749 3.31053329 0.02986212 1.63611837] -234.85061394452958
[3.733242   1.84784013 1.03365174 3.31068124 0.03041467 1.63456738] -234.8506085908492
[3.73313529 1.84798217 1.03408506 3.31029963 0.02987176 1.63500075] -234.85061262653326
[3.73312642 1.8479394  1.03382049 3.3103952  0.03024013 1.63503955] -234.8506035137664
[3.73327866 1.84756598 1.03342834 3.31047513 0.0301611  1.63493018] -234.85056644281983
[3.73302066 1.84801148 1.034294   3.31039333 0.02988767 1.6350992 ] -234.85060690289515
[3.73301951 1.84799561 1.03464443 3.31019468 0.02974982 1.6353054 ] -234.85060142846388
[3.73294743 1.84809688 1.03387775 3.31033083 0.03010418 1.63455568] -234.85061215142122
[3.73291647 1.84795662 1.03404517 3.3102738  0.03004571 1.63499625] -234.85060840195115
[3.73309402 1.84779516 1.03430828 3.31022359 0.0297938  1.63558817] -234.85060341449278
[3.73318416 1.8478816  1.03422857 3.31026388 0.0297683  1.63534491] -234.85057115470056
[3.73313447 1.84778344 1.03395793 3.3101012  0.02988654 1.63532387] -234.8505786659252
[3.7330314  1.84780354 1.03447725 3.31000132 0.02941622 1.63547829] -234.85056446606438
[3.73298389 1.84773562 1.03480563 3.30980438 0.02900427 1.63569766] -234.85056780095684
[3.73304292 1.84795057 1.03404578 3.31009885 0.0297367  1.63489304] -234.85060954333588
[3.73308125 1.84783401 1.03424266 3.3101924  0.02977952 1.63541439] -234.85060164056438
[3.7330557  1.84791172 1.03411141 3.31013003 0.02975097 1.63506682] -234.85061520055507
[3.73307486 1.84785344 1.03420984 3.31017681 0.02977238 1.6353275 ] -234.85059942316997
[3.73313588 1.84770273 1.03356477 3.3101218  0.0297882  1.63518317] -234.85061642115133
[3.7330486  1.84792239 1.03437452 3.31017646 0.02975941 1.63527485] -234.8505709604305
[3.73307178 1.84786789 1.03405425 3.31013955 0.02976131 1.63514353] -234.8506072918148
[3.73307409 1.84785705 1.03417094 3.3101675  0.02976962 1.63528151] -234.85059920504287
[3.73307255 1.84786428 1.03409315 3.31014887 0.02976408 1.63518952] -234.8505990437478
[3.73307294 1.84786247 1.0341126  3.31015353 0.02976546 1.63521252] -234.85060564119814
[3.73315503 1.84768476 1.03395279 3.31023823 0.02978866 1.63520424] -234.85057308049608
[3.73289701 1.84800529 1.03440146 3.30996621 0.02951286 1.63526963] -234.85060715304294
[3.73304    1.84786297 1.03442588 3.31008889 0.02958782 1.63537657] -234.85059513355336
[3.73310778 1.84784257 1.03435291 3.3101326  0.02959226 1.6354116 ] -234.85060000125617
[3.73308294 1.84779349 1.03421759 3.31005126 0.02965138 1.63540108] -234.85060496005883
[3.73305274 1.8478303  1.0343241  3.31008441 0.02959292 1.6353799 ] -234.85057871435208
[3.73325962 1.84760059 1.03418205 3.31023269 0.02969689 1.63548093] -234.8505999463127
[3.73313259 1.84774809 1.03435407 3.31020812 0.02957354 1.63537609] -234.8506121724189
[3.73309535 1.84778214 1.03425171 3.31009048 0.02963192 1.63539483] -234.85061182496733
[3.73309321 1.84774415 1.03421502 3.31011977 0.02960244 1.63534126] -234.85061316848368
[3.73304207 1.84781692 1.03440068 3.31004287 0.02950457 1.63542909] -234.8505673241126
[3.7330357  1.84783326 1.03445157 3.31004511 0.02950202 1.63542743] -234.850572676155
[3.73314551 1.84770207 1.03432965 3.31011701 0.02955656 1.63547961] -234.85057864973078
[3.73306959 1.84782306 1.03441508 3.31006696 0.02950424 1.63544495] -234.85060701352472
[3.73305717 1.84779852 1.03434742 3.31002629 0.0295338  1.63543968] -234.85059952006088
[3.73303393 1.8478483  1.03459219 3.30998008 0.02940336 1.63555842] -234.85060292209815
[3.73304567 1.84777781 1.03445117 3.31000393 0.02946794 1.63549256] -234.85057272285727
[3.73308524 1.84772907 1.03422705 3.31009876 0.02959034 1.63535714] -234.85061577010023
[3.73304676 1.8478185  1.03450091 3.31000975 0.02945011 1.6355081 ] -234.85056759067865
[3.73305854 1.84778551 1.03452299 3.31004703 0.029432   1.63549868] -234.8505988176233
[3.73305819 1.84778877 1.0344791  3.31004185 0.02945745 1.63548393] -234.85057157794873
[3.73294109 1.84791086 1.03459057 3.30993127 0.02937621 1.63546019] -234.85060988592298
[3.7330944  1.84775427 1.03439488 3.31007057 0.02951147 1.63547475] -234.85060694898573
[3.73303674 1.84781023 1.03443896 3.31002209 0.0294604  1.63545369] -234.850570885491
[3.73303908 1.84781102 1.03448908 3.31000554 0.02943317 1.63549319] -234.85059657470444
[3.7330448  1.84779615 1.03447817 3.31002159 0.02943684 1.63548111] -234.85059998335745
[3.73303355 1.8478184  1.03446441 3.31002321 0.02945912 1.63545286] -234.85057157224927
[3.73303854 1.84779068 1.03446421 3.31000263 0.02944208 1.63548543] -234.85059627717808
[3.73308845 1.84775281 1.03440345 3.31005916 0.02948639 1.63547895] -234.85059753586754
