[-0.15576093  0.53890997 -1.38249988 -0.17227272  2.14753864 -1.28076453] -352.47094626618116
[ 0.38503903  0.1297413   0.82411306  1.02134764 -0.15304693 -0.99947468] -314.6358323941702
[-1.69939551  0.90046725 -0.91775577 -0.38175861 -0.07474342  0.00996747] -351.1966951947596
[-1.6736215   0.65512734 -0.98264654 -0.01260104  1.45901561  0.43632696] -370.2370354484258
[-0.6141862  -1.14587639 -0.55719257  0.12484394 -0.15792287 -0.74340886] -329.5449431585649
[-0.27751982 -0.30739044 -0.86242977 -1.81666531 -0.28322069  0.23850806] -326.5595121722406
[-0.91630013 -0.06378878  0.04182415  0.18223607  0.71302969  1.0170691 ] -342.9678055494554
[ 0.58091365 -0.63777303  0.03133295 -0.33482196 -0.72847081 -1.02236144] -312.8713589120681
[ 1.70818123 -1.28422322  0.5383227  -0.49593242 -1.82221401 -1.75170564] -317.07279466942225
[-0.69138873 -0.91378334  0.9024639  -0.22933335 -2.37566365  0.78086442] -352.3435626027921
[-0.55748178 -0.55061001  0.33122295 -0.21506819 -1.24486308  0.26545718] -331.7971547337432
[ 1.23288377 -1.75903303  0.85404603  0.03571601 -0.54342147 -0.42470435] -306.30244164234114
[ 2.69902341 -3.08878317  1.73994692  0.24445331 -0.77776049 -0.64204027] -301.52600571592126
[ 1.65489623 -1.80310847  0.46050704 -0.50753959 -1.82812464 -1.98484243] -320.95647900056656
[ 2.03353722 -1.73378672  0.21420292 -0.20772579 -0.0646524  -1.98333039] -303.0841421383652
[ 2.9728161  -1.33449046  1.35975028 -0.65849451 -1.12050246 -1.38777153] -300.6152976377783
[ 4.76631725 -1.42879749  2.3182217  -1.05016374 -1.60179225 -1.70995286] -306.9067265906152
[ 3.71959503 -2.51534307  2.40571416  1.66907167 -1.27429855 -2.91178164] -305.57621022593366
[ 2.47541192 -1.25703658  1.73117973  1.08548305  0.4552141  -0.99741088] -293.4749222133239
[ 2.88566977 -0.98400064  2.36651607  1.88199437  1.59688347 -0.5036951 ] -294.80339510945646
[ 4.44206008 -3.65214565  1.66992926 -0.42202571 -1.01710994 -1.98209069] -310.7797111958604
[ 5.53323427 -3.88942218  3.00890814  0.90507596 -0.53789911 -2.27911369] -303.4091824380241
[ 2.03581257 -0.95414174  1.81663812  1.43464694 -0.08952303 -1.4183921 ] -296.1578502705907
[ 2.1970168  -1.57054388  0.88449455 -0.73459202  0.56259075  0.00909536] -306.5750872638322
[ 3.33895047 -2.27914327  2.02540926  1.06815575 -0.81507623 -2.18156239] -296.58746710967375
[-0.34805037  0.34029487 -0.04653239  0.08376362 -0.26620106 -0.59105549] -324.2821415543769
[ 4.06291311 -2.83199292  2.24504801  0.69974788 -0.4699746  -1.85709914] -295.292167846905
[ 3.82810531 -2.18140933  3.42512118  1.4990566  -0.87455517 -0.84476171] -292.6981052398848
[ 4.72538936 -2.40522063  5.03058031  2.3524478  -1.27950655 -0.27547738] -302.455071924157
[ 3.53897975 -0.52395493  2.46110194  1.46507859 -0.19371197 -2.25362565] -288.0713218250485
[ 3.95895793  0.75845918  2.82167944  2.07539122  0.09831229 -3.05941834] -290.7097989023509
[ 3.45390828 -2.00806914  3.2084158   3.07588411  0.45796016 -1.79651243] -292.34561941345817
[ 3.12609318 -0.97305827  2.93709233  2.01847664  0.57687939 -0.87437158] -287.3258371583474
[ 3.01966453 -0.32001577  3.39293387  2.49363708  1.27285719 -0.22077618] -289.39693931548237
[ 4.79265794 -2.30436531  3.5193482   1.84659535  0.07346033 -1.4562017 ] -286.38355932778916
[ 6.17108063 -2.9794771   4.37070324  2.05256955  0.15495202 -1.4751065 ] -290.5294439136231
[ 3.00880569 -0.25063827  3.51570505  2.9637769   0.63505688 -0.88386218] -292.26974810431284
[ 4.7741048  -1.4901285   4.62441511  3.20413968 -0.23018422 -1.70570087] -299.9004335900416
[ 3.05008514 -1.31530956  2.45448857  1.61514721  0.28386452 -1.17448338] -288.41200309267464
[ 3.16207135 -0.27705584  2.60692945  2.829263    1.48572494 -1.96825726] -288.81374133908315
[ 3.43898941  0.12660841  2.62313939  1.17022845  0.49579787 -1.07375482] -284.40735423889214
[ 3.43152997  1.19394718  2.33050118  0.21740061  0.51471673 -0.71237601] -286.9114676024925
[ 4.02748657 -1.50507357  2.01832824  0.68448617  0.27228148 -2.04970262] -289.4590046709722
[ 3.77281635 -1.19146474  2.39267244  1.25430886  0.36297533 -1.75824251] -286.0353990615639
[ 4.07780258 -1.78345897  2.85568484  0.29401536 -0.95263645 -0.89530262] -292.5528236976551
[ 3.39100415 -0.65365662  2.6691183   2.19545109  0.87613459 -1.7000186 ] -285.7569928179032
[ 4.30342845 -0.52465426  3.07966896  1.70156578  0.44664733 -1.86425491] -282.3121936682004
[ 4.93010011 -0.12932661  3.39225915  1.74477507  0.52803874 -2.20914067] -281.5158022991788
[ 4.27824062 -1.18446612  3.38344134  1.94486656  1.16480739 -0.77028431] -282.81376624055184
[ 5.07517635 -0.80583206  3.05623394  1.36693182  0.59019203 -2.11484262] -282.816866293111
[ 3.50278439  1.02498606  2.31960665  1.37892527  1.26585498 -1.75255947] -285.87491191720676
[ 4.43261533  0.65090243  3.42192715  2.01275056  1.27729987 -1.44862432] -279.36365304149547
[ 4.76251482  1.57208602  3.9365545   2.39197141  1.73446214 -1.29381523] -278.6333175751262
[ 5.12255744 -1.38318173  4.03397555  2.2258162   0.5306226  -1.30139261] -281.7473263048883
[ 5.8115221   0.05228592  4.13941632  1.41941208  0.80517233 -1.22105815] -278.9807002951894
[ 6.55438108 -0.75275327  4.69082088  2.52769593  1.28863387 -1.89642305] -281.6413453346174
[ 5.41126237  0.19738013  4.80258864  2.71791394  1.42705366 -0.78252872] -277.7328635515342
[ 5.57930538  0.69898623  5.675766    3.393405    1.84548448 -0.11637177] -281.211552875976
[ 6.58587201  1.0366296   4.94843035  2.39766165  0.93985373 -2.1311685 ] -285.29876637391783
[ 4.85514847 -0.62919219  3.77468859  2.05806533  1.10856897 -1.11050536] -279.24087148553406
[ 5.65241888  1.48667506  4.21146714  2.06079506  1.7666873  -1.53643112] -276.8360095170964
[ 5.9173496   2.92160345  4.30021294  1.97828449  2.38471965 -1.65395037] -278.5489778271076
[ 3.91994117  1.60272271  3.39483723  1.6032817   1.16802718 -0.82140337] -282.06022601481305
[ 5.8957711  -0.16388427  4.36682497  2.29659237  1.2584822  -1.62766813] -278.4023556386668
[ 5.86611247  0.96777684  5.01825424  2.57014166  2.17210346 -0.31486156] -275.36279093938305
[6.33411865 1.51632856 5.83125178 2.98282496 2.99413582 0.63227799] -275.7736935564973
[ 6.27805211  1.99996542  5.05034668  2.42754351  1.94608473 -1.14828228] -276.9460714043796
[ 5.47718849  1.96771381  4.9892624   3.40224057  2.6297855  -1.01347086] -280.77912493293337
[ 5.72793869  0.53114289  4.35187784  1.9151192   1.26132562 -1.16916133] -276.84158625753173
[ 6.84800372  0.10093267  5.33056534  2.2707305   1.54278352 -0.89916248] -278.0155379851009
[ 6.03215831  1.92517528  5.22154166  2.35748891  2.11353057 -0.32247437] -275.7928594952153
[ 4.80797723  2.2684392   4.22146006  2.41227026  2.01947826 -0.85875065] -279.3159578270332
[ 6.3379971   0.6428093   5.05328902  2.30611544  1.66195721 -0.88905952] -276.2025368844904
[ 6.55363015  2.32046813  4.83300355  1.82782066  2.2135093  -1.01089467] -276.9140584021274
[ 5.77869976  0.62471708  4.5127978   1.91828347  1.78361976 -0.59934525] -277.0089084763908
[ 6.15321402  1.65615333  4.91595946  2.3002285   1.90546849 -1.01104802] -275.9566507976525
[ 5.36964967  0.0827761   4.7577929   2.6754756   1.41351491 -0.73678397] -277.5841107307506
[ 6.25763503  1.76104512  4.81420089  2.03973439  2.0135107  -0.942367  ] -275.92886808804735
[ 6.37190658  2.28206875  5.39302629  2.62971545  2.61642695 -0.5029192 ] -275.9778224862237
[6.68725562 1.59166782 5.92729004 2.67367973 2.39431182 0.20885456] -275.39797558876495
[ 6.11809692  2.75181974  5.37680184  2.55088078  2.74316013 -0.07254568] -276.81367643087407
[ 6.28302205  1.17006191  5.13416723  2.36730677  1.93225794 -0.68493106] -275.5012778580308
[ 6.05455926  0.74189135  4.95077821  2.13981121  1.56063404 -0.51935662] -275.69853778457184
[6.2403669  1.06305277 5.43945129 2.41582573 2.15664769 0.15266934] -275.36433168083
[6.13018984 0.72549686 5.74962667 2.80168361 2.0963178  0.44900043] -275.79281383283427
[6.38834373 0.16147391 5.51831423 2.63199399 1.99056035 0.08626606] -275.5217949644611
[ 6.37636351  1.17314467  4.91312508  2.13123609  1.97252063 -0.80612019] -275.67642856453654
[6.55926216 1.30050129 5.69942249 2.79025012 2.64549993 0.066649  ] -274.99021740322985
[6.81161362 1.57980626 6.07374463 3.11546957 3.18793287 0.35965181] -275.3196320312778
[6.29842414 0.91170018 5.99917476 3.01849658 2.45793976 0.64433563] -275.8900272839923
[ 6.35687866  1.10778355  5.1846375   2.35305121  2.09387542 -0.44350623] -275.19962218101614
[ 6.27595556  2.23880748  5.28276003  2.42475775  2.4743384  -0.42464139] -275.8550899662945
[ 6.36024669  0.6808073   5.45942568  2.58018493  2.11150486 -0.0414608 ] -275.1210533581609
[6.40701878 1.06713461 5.77532652 2.76040435 2.59238979 0.56104583] -275.31623859675454
[ 5.90937293  0.4706843   4.9315492   2.4829396   2.19636189 -0.2153427 ] -275.84873930421776
[6.49278495 1.31142194 5.67835483 2.6259947  2.34482434 0.10280524] -275.0580831999332
[ 6.44040101  1.08208907  5.49902246  2.81084993  2.49675157 -0.17577885] -274.8523950396416
[ 6.54041807  1.09160721  5.52880805  3.00836203  2.66680352 -0.34000294] -274.9775461386444
[7.00608495 1.21546908 6.0804756  2.73677008 2.58951184 0.33811296] -275.27668727984263
[ 6.66486736  1.16555613  5.42511967  2.5386293   2.1682662  -0.61210539] -275.5139474534165
[6.47148093 1.09173999 5.68777481 2.70496059 2.48635889 0.26775803] -275.0099845832502
[ 5.88759985  0.97597863  4.98907033  2.55166041  2.13675983 -0.41262416] -275.33510853379823
[6.72646368 1.15559647 5.80762428 2.69049266 2.47632384 0.15042868] -275.0076113613303
[6.66000114 1.09960181 6.09257069 3.04785977 2.75987906 0.56697333] -275.28194315506676
[ 6.43265928  1.10573811  5.4116208   2.52675335  2.26037633 -0.19088634] -274.98949261738176
[6.68077065 1.66822165 5.80184754 2.80291552 2.79187344 0.11511939] -275.08695692471764
[6.60063966 1.42136806 5.71624208 2.74723287 2.62178129 0.07597434] -274.967882087803
[ 6.58418396  1.07425572  5.59554747  2.79751848  2.65087294 -0.03809029] -274.837685537515
[ 6.62988346  0.95567262  5.55414379  2.88328036  2.80389724 -0.10853806] -274.8184335168174
[ 6.65828882  1.24858188  5.54158383  2.77799251  2.61518451 -0.3284751 ] -274.94572872152776
[ 6.38058113  1.21572054  5.3330542   2.82162705  2.67150645 -0.37078035] -274.93214710600586
[ 6.48822229  1.04255547  5.31913323  2.73232857  2.51099921 -0.43281045] -274.843640144907
[ 6.63334618  1.21625777  5.57610573  3.06435042  2.97966377 -0.25591648] -274.83811561728425
[ 6.47626797  0.83225772  5.22477234  2.94957674  2.73755296 -0.63340743] -274.95359417250813
[ 6.50736089  0.97953531  5.34763977  2.89899077  2.70861004 -0.45606199] -274.8515342626198
[ 6.3683095   0.91536171  5.33478257  2.95914986  2.77529159 -0.27148696] -274.7853793334246
[ 6.22331983  0.74875162  5.23138195  3.04972853  2.85534513 -0.24299289] -274.93931205967374
[ 6.64192665  0.84810344  5.54388832  2.96135626  2.75356469 -0.19608391] -274.7176517436611
[ 6.77259941  0.66429489  5.64930537  3.03122086  2.79459381 -0.10873569] -274.78723959752887
[ 6.64928198  0.90373971  5.39287534  3.02230215  3.01392394 -0.39785377] -274.82398431004526
[ 6.62962912  0.98102827  5.55933656  2.9752651   2.90383677 -0.09816788] -274.7077539601879
[6.69076324 0.98177474 5.66518495 3.01340226 3.00145013 0.08077917] -274.710480500623
[ 6.69590334  0.89749903  5.66791088  3.22290614  3.23239346 -0.0098719 ] -274.78492867132684
[ 6.57163184  0.61754382  5.44154009  2.94373621  2.84797213 -0.10475101] -274.94378257173673
[ 6.61791759  1.06657928  5.54246432  3.03419686  2.94674086 -0.21812511] -274.7539609071003
[6.54524124 0.98434174 5.67463347 2.98974938 2.7913176  0.09709583] -274.78726164799224
[ 6.53642568  0.94196521  5.55352824  3.16426084  2.99715107 -0.12367526] -274.7188225443134
[ 6.61812938  0.89917057  5.39267016  3.11596231  3.07834188 -0.4028995 ] -274.7751459032642
[ 6.87833443  0.96275355  5.75181692  3.19883264  3.19538465 -0.0781209 ] -274.7752900944787
[ 6.61155095  1.00236774  5.4466573   2.92705186  2.72594652 -0.36248562] -274.72641131894136
[ 6.34019203  0.95031795  5.26103138  2.86053176  2.60647594 -0.38902486] -274.79818103443483
[ 6.74379883  0.95964465  5.62912053  3.11425742  3.04815748 -0.15584689] -274.6908483270433
[6.64228689 1.03405896 5.69899493 2.9428338  2.71345725 0.01810461] -274.74673827890206
[ 6.65062179  0.85581014  5.60137764  2.99414489  2.76729707 -0.08792654] -274.6388517448073
[ 6.66697388  0.75042557  5.63083429  2.97411891  2.67757517 -0.02282725] -274.62812026962354
[ 6.63448148  0.793786    5.42212682  3.09593632  2.98861999 -0.33780021] -274.6857650958756
[6.67286093 0.75594997 5.66628763 3.16801309 3.06368854 0.05101848] -274.6886753724488
[ 6.79346462  0.75434742  5.59700314  2.93205487  2.81466314 -0.12956063] -274.80493095467955
[ 6.60068542  0.89506076  5.56439697  3.10620934  2.95152909 -0.1251466 ] -274.6671896321968
[ 6.67421657  0.86386163  5.61347928  3.18324381  3.12423765 -0.03350621] -274.61727543112687
[6.69036153 0.87174073 5.64827476 3.29418758 3.30957414 0.04778264] -274.63337038249387
[ 6.70137658  0.69188126  5.61607862  3.2386612   3.04743254 -0.10986834] -274.6772234201449
[ 6.57306613  0.62401041  5.54194733  3.1411368   2.90287018 -0.03686315] -274.58671246608
[6.48769978 0.45619328 5.49836073 3.15457649 2.83022654 0.02262872] -274.5908712184645
[ 6.61073909  0.78372524  5.46333348  3.07842237  2.833733   -0.27302241] -274.58603069897123
[ 6.57967817  0.79761288  5.3618564   3.03362701  2.71875524 -0.43504285] -274.64180549351676
[6.64120441 0.74253562 5.72122984 3.14466115 2.85717256 0.13738889] -274.6060568495749
[ 6.55425192  0.86132515  5.56232845  2.97060293  2.73494002 -0.0081239 ] -274.5877157395213
[6.63946525 0.64690044 5.61332059 3.05785265 2.75864711 0.04616193] -274.56701204052786
[6.65885516 0.52282029 5.6377824  3.0336743  2.66220612 0.13181619] -274.55033312995926
[ 6.57047054e+00  7.15667213e-01  5.54919930e+00  3.20979488e+00
  3.02747801e+00 -4.60961051e-03] -274.52420963131783
[6.52221887e+00 6.98288037e-01 5.50838180e+00 3.32763286e+00
 3.20242942e+00 4.49920901e-03] -274.56860186326935
[6.52864584 0.55283301 5.54512765 3.00952034 2.54856231 0.01570155] -274.56222047192944
[ 6.52413849  0.61092481  5.37867637  3.00305605  2.71275732 -0.19575601] -274.4955359656919
[ 6.46560552  0.54511941  5.20739963  2.9322535   2.6405497  -0.36232846] -274.5493677364786
[ 6.60105317  0.40866851  5.4763604   3.18793199  2.82759563 -0.11278725] -274.4930579839942
[ 6.62445379  0.18234018  5.43337637  3.29659651  2.87392343 -0.16511892] -274.55973409356926
[ 6.59156797  0.57420262  5.4748792   3.03299651  2.63457394 -0.10935602] -274.488438362448
[ 6.60081889  0.54929872  5.44134513  2.97892636  2.50042582 -0.14560246] -274.4853502681248
[6.55058828 0.33634561 5.54616361 3.0625456  2.59260873 0.16927654] -274.4399334171746
[6.52051287 0.1126558  5.58757867 3.05460722 2.47204659 0.39042602] -274.5492190221971
[ 6.63999566  0.49507537  5.46471475  3.14912272  2.89246156 -0.06825574] -274.4067604165879
[ 6.69567058  0.46619655  5.42450829  3.21892391  3.06441119 -0.11023439] -274.38575543914226
[ 6.52205815  0.50621352  5.30096863  3.18671863  2.91288612 -0.26505391] -274.38354973681373
[ 6.45365964  0.49791013  5.13256174  3.26324079  3.03822612 -0.46348896] -274.4816442312829
[ 6.5943053   0.24354869  5.30680817  3.00290597  2.50941693 -0.21544288] -274.4515756550316
[ 6.6640263   0.22583239  5.45337504  3.20959477  2.75635749 -0.03085877] -274.2957948510154
[6.73397021 0.03328618 5.49072438 3.31286412 2.77815757 0.05158984] -274.36558222363544
[ 6.60810267  0.36714332  5.34802923  3.03193976  2.61777313 -0.08651804] -274.2360800361787
[ 6.61162741  0.34638073  5.28386364  2.95394365  2.51286189 -0.07338344] -274.06756590381303
[ 6.61193978  0.15887378  5.33055067  3.23261782  2.94908829 -0.02962982] -274.3420208204355
[6.62433153 0.43639883 5.47300179 3.28520882 3.08665431 0.10214828] -274.1931624252526
[ 6.69262964  0.37695299  5.20925908  3.29979027  3.16814437 -0.30494723] -274.24329501105495
[ 6.5465337   0.21735419  5.25916465  3.1703674   2.73091962 -0.09034058] -274.0614296417885
[ 6.47196526  0.09293301  5.17649283  3.14608915  2.56417384 -0.08039368] -274.02018078261835
[6.70344849 0.03957706 5.34121239 3.18902953 2.76620728 0.12603236] -274.0080109960774
[ 6.79414367 -0.19374117  5.36133427  3.19018498  2.69286786  0.32157549] -274.0134464512254
[ 6.64406976  0.34715123  5.31518426  3.12860091  2.66904476 -0.05750434] -273.9451080320757
[ 6.66013475  0.44128995  5.30750106  3.07659246  2.529023   -0.0714416 ] -273.8952382574323
[ 6.59068606  0.3520118   5.14373522  3.10728986  2.7859974  -0.06980299] -273.6453589472883
[ 6.55401594  0.41510151  4.98891531  3.0561374   2.80081736 -0.0892751 ] -273.41337548734225
[6.51587815 0.21360738 5.31440326 2.93587674 2.25176819 0.27617617] -273.843427004414
[ 6.54802514  0.07989771  4.99779438  2.83401415  2.05496288 -0.07291004] -273.93903583350254
[6.5395285  0.08108814 5.0915761  3.12530282 2.47612229 0.10277948] -273.4526778113638
[6.70171174 0.33058757 5.17064133 2.92622855 2.39545983 0.17084743] -273.34543273095625
[6.81658498 0.44941485 5.16771558 2.81629825 2.31110282 0.29646799] -273.13211296986776
[6.50794066 0.52055612 4.94808951 2.75904442 2.0417249  0.02123327] -273.2123804117195
[6.65000252 0.62712161 5.27493923 3.08906988 2.74855664 0.25155678] -273.13335892160427
[6.5345155  0.32767325 4.9543786  2.85065071 2.3476744  0.35775446] -272.7965017617305
[6.47170587 0.2708649  4.77781737 2.73767984 2.25700011 0.57235248] -272.6487058850934
[6.664048   0.57444167 4.76861444 2.9253008  2.62667318 0.10886213] -272.3760659686994
[6.73813293 0.75485882 4.49572003 2.92001283 2.81412568 0.02520511] -271.99642588469123
[6.70659913 0.93155113 4.79282291 2.66744472 2.51498688 0.2564007 ] -272.4096797662262
[6.74297276 0.76968764 4.83011956 2.60704591 2.09501498 0.56368054] -272.06109327852744
[6.86739207 0.74727686 4.83162205 2.85347273 2.8718708  0.63398792] -272.3005558814067
[6.79779339 0.68076313 4.35699994 2.44491488 2.20614378 0.53114147] -272.16129669868246
[6.62494707 0.93558597 4.19398504 2.59389205 2.60861126 0.56445476] -271.80343291768685
[6.52912812 1.17867153 3.70711977 2.48268895 2.75736548 0.69844814] -272.31816889240616
[7.02090658 1.33570961 4.38927247 2.6245812  2.77991769 0.28593768] -271.7754501709788
[7.29550693 1.86813197 4.19500003 2.56803188 3.04137648 0.14273028] -272.2187789658607
[6.89078247 0.80974288 4.23975013 2.68052849 2.61024119 0.61173513] -271.41729715617157
[6.98287413 0.74883876 3.96321374 2.68707037 2.65786834 0.78940235] -271.30361501827684
[6.76848355 0.99453778 3.91148154 2.43903302 2.18202311 0.28595271] -271.30224142480586
[6.7190293  1.11816824 3.45141129 2.23181317 1.83709926 0.1119351 ] -271.4939939579077
[6.82831228 1.16564306 4.23759752 2.84563025 2.83970991 0.30706958] -270.8967614445775
[6.84357172 1.40808303 4.17789632 3.04598793 3.15649297 0.19503363] -270.6048636541082
[6.9166659  1.28951702 3.54707015 2.82981322 3.3046647  0.1516482 ] -271.9850038455334
[6.98101673 1.48256524 3.56525306 2.48677976 2.74906701 0.73227134] -271.1760222058586
[6.82393402 1.01225644 4.51996391 2.46263489 2.07332876 0.79936929] -271.3574187514952
[7.18198184 1.39174431 3.98170864 2.65480368 2.5909547  0.46486758] -270.74282164642506
[6.83971409 1.01029891 3.65056659 2.63418868 2.35666061 0.80302795] -270.0369904791396
[6.74911784 0.84759356 3.28121365 2.63899242 2.14503207 1.06157308] -269.63880231151427
[7.01174791 1.27886445 3.10695841 2.85492084 3.08715064 0.37699761] -270.70818338949226
[6.8624324  1.71895737 3.37829013 2.68643551 2.64570516 0.2494963 ] -269.91324797907095
[7.10813926 1.71473154 3.25229186 3.01694036 3.27611108 0.7407938 ] -269.36359189437803
[7.27796712 2.07482842 2.92269702 3.30589403 3.82315506 0.96821435] -269.1126900704442
[6.99458955 1.42412514 3.384335   3.2422317  3.06709652 0.37312285] -269.33482568652545
[6.73116034 1.52573967 2.76875487 3.27001713 3.38392277 0.60994503] -268.76033395220514
[6.5057496  1.59273735 2.16227799 3.57762386 3.78040681 0.68248376] -268.801348629019
[6.80786508 1.72091128 3.53077058 3.2082654  2.98665088 0.77546415] -268.5394873563754
[6.70592366 1.94193469 3.74267667 3.38493769 2.93640099 0.97469741] -269.029870681498
[6.96413905 1.69596878 2.2441241  3.0712908  2.86069452 1.15090495] -268.6445582383606
[6.97918059 1.37743158 2.66567494 3.55912832 3.44314545 1.39691184] -267.86324540112014
[7.03755469 1.20666869 2.30936735 3.99547472 3.84186559 1.9706196 ] -267.98178391468275
[7.16918274 2.42540807 2.55757185 3.91328338 4.37652299 0.69661464] -269.60182626654125
[7.06416651 2.03095444 2.7384823  3.59471064 3.81865026 0.78785425] -268.6037662403884
[6.94690335 2.05115291 2.23916628 3.42753707 3.70497645 1.52330868] -268.0686484948667
[6.55317119 1.39255781 2.47296067 3.40442243 2.90952505 1.11324861] -267.7603596473517
[6.19077323 1.0514225  2.2480925  3.45368663 2.45271005 1.18576574] -268.2905819063608
[7.04064825 1.89725259 2.52830476 3.48510109 3.19062476 1.63928579] -267.96223147026797
[6.83317261 1.79411809 3.14766241 3.82176418 3.82382977 1.26111948] -267.8834316881714
[6.65614718 1.38018698 2.78969758 3.37402886 2.86760052 1.78192526] -267.34886544544037
[6.45213751 1.05480325 2.81530522 3.26368797 2.39207565 2.27896077] -267.72589813844434
[6.86187598 1.57665538 1.75038496 3.81572858 3.65991646 2.12980241] -267.96599443413123
[6.69449525 1.08824789 2.87906217 3.72585408 2.92657088 1.58412246] -268.23137863706825
[6.88380132 1.81042666 2.39914025 3.50211632 3.51037506 1.53851212] -267.6048643764276
[6.78683107 1.64066919 3.58409524 3.23312515 2.92178375 0.78053196] -268.6174329687986
[6.84311475 1.59265883 2.20881253 3.67007772 3.47538328 1.7924848 ] -267.5429472871595
[6.5422143  1.21854072 2.69967804 3.62541152 3.48599495 1.32211491] -267.71228866838476
[6.65270384 1.1298161  1.93099226 3.22329755 2.74017834 1.72061303] -268.22661987197586
[6.78805541 1.62804259 2.84349487 3.67214752 3.55291691 1.37599287] -267.52325121069146
[6.44298746 1.63003962 2.47225304 3.52360648 3.15745314 1.57784769] -267.2408363328205
[6.17489089 1.75634364 2.37554209 3.50584555 3.01460699 1.66831562] -267.3487442605658
[6.83226895 1.694074   2.66473143 3.71804038 3.77371624 2.01637727] -267.2930454292336
[6.93991073 2.02660217 2.4263652  3.52792757 3.29315344 2.03893176] -267.47845249261667
[6.61702683 1.50677474 2.73597797 3.65982652 3.19636612 1.9893411 ] -267.21647293146276
[6.48363959 1.35494877 2.90439683 3.73868162 3.03936165 2.21475558] -267.5457312913702
[6.58235077 1.69591453 3.1020275  3.48844805 3.13835218 1.80098719] -267.31715356715546
[6.56884189 1.68315475 2.5535227  3.4251451  2.9226303  2.35914388] -267.166431471837
[6.45923513 1.71071083 2.40853661 3.30164388 2.607487   2.85071939] -267.56558627717936
[6.29329697 1.1701127  3.01303821 3.53510422 3.05888606 1.80294237] -267.5685965071455
[6.77825729 1.8124798  2.57303345 3.52972173 3.23458659 1.97993441] -267.1993652833529
[6.61776388 1.9606255  2.57748445 3.74090056 3.60676767 2.12595192] -267.15961116611425
[6.59857224 2.25084476 2.47137788 3.92433641 3.97635124 2.29796524] -267.49047387599
[6.70336466 1.73313493 2.09030685 3.7106322  3.49215451 2.21521157] -267.2992666739296
[6.67311119 1.72382983 2.34323701 3.65508616 3.40370393 2.11165547] -267.1436663869254
[6.4003939  1.74489408 2.42043811 3.46005514 2.73345301 2.03158089] -267.4288911168409
[6.72430018 1.70677902 2.6036581  3.65354407 3.51365043 2.02017818] -267.1305814961781
[6.8834463  1.83450826 2.65671818 3.69780157 3.46844853 2.61755396] -267.24308546193885
[6.55310217 1.68115678 2.51836933 3.56715525 3.23520199 1.83777426] -267.13099928367177
[6.6880987  2.01590049 2.32045704 3.53069111 3.44248085 2.15553828] -267.1739895895346
[6.49681539 1.77800232 2.39920943 3.66111901 3.47355846 2.22347958] -267.1587878314718
[6.52321287 1.49528224 2.67803663 3.70362561 3.27602341 2.07052282] -267.17036907714333
[6.56443433 1.6254368  2.58864173 3.66039199 3.31763777 2.09177668] -267.1022225608022
[6.64100049 1.80878867 2.45667732 3.88758725 3.92754312 1.77779481] -267.39822446911046
[6.58688154 1.71456323 2.52931135 3.54075564 3.17385851 2.21380662] -267.08128327116106
[6.58178438 1.44929716 2.41665787 3.50511681 3.0991027  2.04027168] -267.1794943075255
[6.60876901 1.83279341 2.5372778  3.68195462 3.47985142 2.10453186] -267.10126777195444
[6.74005075 1.65018404 2.64095568 3.59184356 3.23440955 1.90309477] -267.2201231647614
[6.55762423 1.74604775 2.45964599 3.64380015 3.41377124 2.14338338] -267.09977854191084
[6.52525929 1.7117625  2.73573109 3.59411441 3.30761986 2.02549485] -267.1278973077911
[6.63598736 1.76463746 2.6330527  3.69103171 3.50026108 2.3619496 ] -267.1154631130423
[6.43535173 1.75830137 2.55756212 3.61713877 3.21734953 2.29346949] -267.1300058242787
[6.50758885 1.74542078 2.56908612 3.62624009 3.29142475 2.22514666] -267.10394594642685
[6.62850247 1.76453731 2.36994081 3.68727699 3.41798173 2.35470342] -267.121978290637
[6.60269168 1.75134361 2.46138838 3.66398635 3.39039126 2.27240127] -267.0918537782954
[6.50667585 1.70723107 2.41539776 3.58134457 3.18871723 1.98839923] -267.1149740289848
[6.53900373 1.72158267 2.46981149 3.60876635 3.2666032  2.08178682] -267.0893792579222
[6.64554599 1.71850171 2.4462728  3.64031161 3.38927971 2.07741555] -267.10318707813497
[6.6110567  1.72523148 2.47697613 3.63679373 3.36481597 2.11434833] -267.08728994350855
[6.6042413  1.87175058 2.38949532 3.59829363 3.37879276 2.21830941] -267.0946053886831
[6.55839739 1.67737969 2.39159842 3.54884399 3.18289289 2.24348009] -267.0996345305876
[6.60979988 1.741236   2.44654771 3.55534641 3.17201363 2.23799413] -267.1029475057915
[6.57066814 1.74484481 2.45637142 3.62168672 3.35333183 2.16703607] -267.08490605925584
[6.61311698 1.83239244 2.53618628 3.67458348 3.45970496 2.11241609] -267.0966767122163
[6.59943708 1.79363925 2.50003931 3.64314861 3.39050194 2.14518209] -267.08440864036544
[6.56567165 1.61198444 2.57513738 3.6400855  3.26770814 2.11321099] -267.1008265371605
[6.59459889 1.80680904 2.43590583 3.6087416  3.35102161 2.1920348 ] -267.08358870036636
[6.56452368 1.75087988 2.49475014 3.55597787 3.24298642 2.0323303 ] -267.08140334086016
[6.63671829 1.79040657 2.4946399  3.59360169 3.35890223 2.20645925] -267.0805159069462
[6.68557557 1.82481851 2.5070541  3.58601936 3.40505175 2.26879546] -267.0990724852115
[6.57321917 1.80848278 2.49336319 3.55117698 3.25871821 2.20460138] -267.07363811154926
[6.5543004  1.85010843 2.50155672 3.5083686  3.20566933 2.2497279 ] -267.08087637492196
[6.61445807 1.8100821  2.52629849 3.54278074 3.23866447 2.16443541] -267.07300157271
[6.63635304 1.84270075 2.56126203 3.50332776 3.18133079 2.16313508] -267.0810797917182
[6.59069613 1.76676862 2.49138365 3.4878629  3.15088187 2.19270717] -267.08147977952467
[6.5942334  1.74025202 2.57400974 3.48197701 3.12364896 2.14607857] -267.08163622692206
[6.59432478 1.75689127 2.53948376 3.51366816 3.18049212 2.15756763] -267.0743326773121
[6.59934571 1.77699999 2.53456529 3.61145746 3.33365878 2.13369303] -267.0771113007055
[6.6371255  1.80159543 2.54447053 3.56183569 3.27177835 2.32785747] -267.0824772353361
[6.58267414 1.76355877 2.50718023 3.55744232 3.2501844  2.10621209] -267.0734191151036
[6.61336518 1.85424393 2.50253227 3.58262015 3.36634823 2.11051631] -267.0795895459381
[6.55574406 1.79967972 2.53983451 3.52611357 3.18378651 2.0858827 ] -267.0779861521371
[6.55989013 1.71765428 2.54437622 3.5182596  3.1154866  2.17361443] -267.08771342769717
[6.59999642 1.82009652 2.51299326 3.56653001 3.30363282 2.12629084] -267.0723207667656
[6.63226203 1.77902409 2.4981269  3.58823831 3.33799709 2.21171743] -267.07879316669977
[6.57487355 1.79451581 2.52940761 3.54164476 3.22233915 2.11734138] -267.0726263746795
[6.580503   1.80754243 2.50167689 3.47962353 3.15101828 2.15845655] -267.07700996544
[6.58521368 1.79990682 2.50989899 3.51258201 3.19667841 2.15226567] -267.0725890626254
[6.5824869  1.84198966 2.48689683 3.57705078 3.30958037 2.13281463] -267.0752418616217
[6.59136531 1.77816587 2.52633703 3.52951381 3.21276418 2.15137938] -267.0719532820012
[6.60964122 1.78029252 2.54400868 3.53232091 3.21603627 2.06804021] -267.0795912113439
[6.58232468 1.80143522 2.50602456 3.54646296 3.24804772 2.17046109] -267.07129768278264
[6.60006977 1.83784201 2.52980641 3.52239578 3.22385785 2.18784583] -267.070482611018
[6.60876758 1.87498363 2.5411195  3.5048725  3.21069457 2.2286627 ] -267.0745821852695
[6.56348973 1.80057198 2.51185746 3.53026237 3.23044224 2.13742599] -267.07151477749295
[6.59927964 1.81815699 2.5028983  3.52760422 3.24946859 2.19121488] -267.0732510102737
[6.58097508 1.80042611 2.52278028 3.53813462 3.22912151 2.13580976] -267.07134128769934
[6.58752665 1.81293908 2.52670068 3.56518451 3.28594371 2.15080529] -267.0713221198745
[6.56858732 1.79036357 2.52817555 3.51078801 3.17309292 2.1849516 ] -267.073653908996
[6.59214414 1.81266328 2.51678883 3.55259451 3.27099785 2.14095603] -267.07107634658024
[6.57747804 1.84379336 2.51164905 3.55549777 3.28337278 2.15638862] -267.07235284315766
[6.58789349 1.79457274 2.52266503 3.5360098  3.23041633 2.15263169] -267.0709557310641
[6.61348821 1.8193875  2.52973114 3.55666502 3.26568608 2.17541058] -267.0706376391197
[6.60684057 1.82585384 2.52112527 3.55496957 3.279195   2.19022708] -267.06997847475486
[6.61977332 1.8385677  2.52029777 3.56338704 3.30423174 2.21743574] -267.0718599079463
[6.60672697 1.81764578 2.5153464  3.52451471 3.22012324 2.18837214] -267.0728989194393
[6.59232673 1.81411576 2.52386211 3.55501706 3.26948859 2.160197  ] -267.07065461865193
[6.61526295 1.8333765  2.54196837 3.54608762 3.26516618 2.16529498] -267.06952932897747
[6.63173209 1.84934713 2.55994027 3.54589995 3.2737254  2.16271193] -267.07090642839216
[6.61314976 1.82905283 2.53959728 3.53778711 3.24027216 2.20291302] -267.0709493873691
[6.62581917 1.85863674 2.53936516 3.55496425 3.28413895 2.20799781] -267.07149509807624
[6.59737491 1.81058874 2.52684007 3.54074841 3.24384699 2.16647322] -267.07075695268475
[6.59530462 1.81800195 2.51818051 3.55417405 3.27547473 2.14556988] -267.07060712115515
[6.61038937 1.83893711 2.5280512  3.55568795 3.28244249 2.1750419 ] -267.0696506286186
[6.62145843 1.84368388 2.53242552 3.54164294 3.26111885 2.18626641] -267.07086414717014
[6.59960965 1.82150779 2.52600296 3.55167353 3.26739616 2.16671436] -267.07021246043945
[6.59567077 1.8391189  2.52531377 3.53833114 3.26549139 2.1681541 ] -267.0695145899428
[6.58676205 1.84898459 2.52310509 3.52916419 3.26539404 2.16452586] -267.0721284303604
[6.61397641 1.84754343 2.53924216 3.53554115 3.25237495 2.20552287] -267.07068707515316
[6.59997256 1.82538732 2.52344592 3.54951582 3.26969979 2.16055813] -267.0702373605303
[6.60917886 1.8235518  2.52549609 3.57635943 3.31927248 2.15415101] -267.0707571599846
[6.60234704 1.83426946 2.52872883 3.53588669 3.24771151 2.17942213] -267.06961825249743
[6.61006755 1.83896721 2.53361755 3.54469634 3.26610112 2.18772672] -267.0695756341274
[6.61391643 1.84866655 2.5335987  3.54021291 3.26797307 2.18857461] -267.0700817869818
[6.61033974 1.84187686 2.53169977 3.54307806 3.26782884 2.18310955] -267.0695721147814
[6.6078519  1.84966151 2.54200123 3.53295303 3.25238551 2.16268938] -267.0697230720094
[6.60759907 1.84370959 2.53678224 3.53845717 3.25908788 2.1695738 ] -267.0692336034579
[6.60337301 1.83816906 2.53798564 3.52649106 3.24135315 2.17605186] -267.0694990311347
[6.61175732 1.84413658 2.54039362 3.54316044 3.27396468 2.17054821] -267.06945220412155
[6.60460007 1.84116195 2.53776358 3.53383882 3.25819625 2.15651745] -267.06926753111486
[6.60241466 1.838014   2.54170264 3.53237735 3.25325766 2.15227059] -267.069079325704
[6.59845212 1.83608256 2.54670407 3.52702699 3.24597208 2.13685111] -267.0691781871855
[6.59320868 1.84806019 2.53134546 3.5247977  3.25195083 2.16574369] -267.0699681732036
[6.60974938 1.83704742 2.53931264 3.54076514 3.26186234 2.16540716] -267.0691562780197
[6.61749373 1.8416273  2.55266635 3.53336552 3.25041593 2.16196893] -267.0699976627811
[6.60112651 1.839746   2.53215192 3.53708973 3.26172252 2.16660781] -267.0691685989833
[6.60904267 1.84310278 2.53804991 3.54873849 3.28134396 2.15092314] -267.06940953113843
[6.59975346 1.83679067 2.53486069 3.53392846 3.2511922  2.1498851 ] -267.06924153039625
[6.59937172 1.83572042 2.53614133 3.52341373 3.23376232 2.16916416] -267.0694299816761
[6.60662493 1.84125719 2.53757276 3.5424073  3.26944855 2.1554834 ] -267.06906229761495
[6.60448927 1.83769301 2.53636405 3.54116956 3.2606608  2.16322517] -267.0691166693254
[6.61091448 1.84236506 2.53976805 3.54349362 3.27082106 2.1743042 ] -267.06921639130866
[6.60417401 1.83499797 2.53884178 3.54064374 3.26683643 2.1561923 ] -267.06895260287826
[6.60246148 1.83064216 2.53987155 3.54173702 3.27071071 2.14950155] -267.068991837228
[6.59861177 1.8338868  2.53554721 3.53465732 3.25377505 2.1454246 ] -267.0700082650362
[6.6078388  1.8402455  2.53871284 3.54128455 3.26655955 2.1670843 ] -267.0689911180001
[6.61063717 1.83667236 2.54535032 3.54245948 3.26448592 2.15327984] -267.06916450637203
[6.60825951 1.83744077 2.54205072 3.54111704 3.26379507 2.15661183] -267.0689884541401
[6.60151768 1.83950206 2.53910229 3.53890137 3.26499035 2.1515487 ] -267.06904883235916
[6.60578725 1.83945949 2.54296363 3.53774088 3.26763508 2.14983854] -267.0690641704043
[6.60898607 1.83962033 2.53804537 3.54832095 3.27983068 2.15998244] -267.06913847924375
[6.60405751 1.83841558 2.54078832 3.53636325 3.25990092 2.15419855] -267.06896113473823
[6.60503689 1.83782687 2.53605927 3.5424982  3.26287522 2.16386782] -267.069145890284
[6.60559966 1.83905133 2.54123754 3.53893021 3.26644511 2.15334586] -267.06901224593383
[6.60385746 1.83529388 2.54267174 3.53667275 3.2600606  2.15751045] -267.06884675675695
[6.60247373 1.83231222 2.54522122 3.53380548 3.25536662 2.15852398] -267.0688939775516
[6.60974464 1.83564629 2.54233203 3.53943581 3.26287554 2.16343239] -267.0689829130728
[6.60704431 1.83496199 2.5405616  3.5395755  3.26023093 2.16499742] -267.0689681390489
[6.60454034 1.83200666 2.54370255 3.53665148 3.25800694 2.15056335] -267.0689601165919
[6.60287992 1.83300002 2.54091529 3.53533046 3.25884205 2.15901966] -267.06896260587297
[6.59910654 1.83391241 2.54016173 3.53564325 3.25841708 2.15072818] -267.06898030948435
[6.60176607 1.83434588 2.54070431 3.53659139 3.25953169 2.15390424] -267.06898285922284
[6.60401573 1.83514592 2.54075676 3.53865824 3.26344851 2.15685138] -267.0688993407018
[6.6041989  1.83365027 2.54318715 3.53666212 3.25903377 2.1540369 ] -267.0689452546071
[6.60395749 1.83685473 2.54173003 3.536518   3.25998076 2.1558545 ] -267.0688966480026
[6.60336869 1.83414695 2.54179351 3.53600161 3.25945132 2.15826506] -267.06896953556867
[6.60545089 1.83512794 2.54161667 3.53812413 3.26014576 2.16125394] -267.0688477130664
[6.60680105 1.83547008 2.54250188 3.53805428 3.26146807 2.16047142] -267.06891285943607
[6.60605848 1.83636732 2.54236123 3.5388949  3.26192783 2.15706114] -267.06893059273284
[6.60584813 1.83776969 2.54069229 3.53897865 3.26331007 2.16229738] -267.0689277122834
[6.60391843 1.83552009 2.54096189 3.53677379 3.26087676 2.16101855] -267.06889343764476
[6.60348555 1.83336786 2.5427207  3.53595508 3.25868341 2.15535604] -267.06897274953786
[6.60525749 1.83666923 2.54119939 3.53822276 3.26215341 2.16056204] -267.0689262667159
[6.6040762  1.83446831 2.5422136  3.53671097 3.25984008 2.15709137] -267.06879017074175
[6.60348555 1.83336786 2.5427207  3.53595508 3.25868341 2.15535604] -267.06897274953786
[6.60162435 1.83533354 2.54081501 3.53643168 3.25998275 2.15605531] -267.06902219170144
[6.60550688 1.83543595 2.54208016 3.53764863 3.26109674 2.15936739] -267.0688643935758
[6.60490671 1.83575437 2.54300127 3.53549118 3.25721838 2.16051402] -267.0690021670555
[6.60423848 1.83529804 2.54131789 3.53786648 3.26189098 2.15776704] -267.0688856405687
[6.60505863 1.83352667 2.54189062 3.53808091 3.26132288 2.16214841] -267.06883583791557
[6.60547774 1.83419684 2.54296833 3.53826084 3.26057559 2.15736099] -267.06883631294414
[6.60557078 1.83405183 2.54316249 3.5372996  3.2591229  2.16047715] -267.06884057294184
[6.60432369 1.83345254 2.54276098 3.5374011  3.25925919 2.15924671] -267.06877268073765
[6.6037321  1.83246084 2.54310139 3.53727734 3.25834042 2.15918636] -267.0687662541268
[6.60380675 1.83287152 2.54371939 3.53664335 3.25960839 2.15667097] -267.06894132316694
[6.60503985 1.83456383 2.54214235 3.53775393 3.26001142 2.1601082 ] -267.0688602851141
[6.60390415 1.83346458 2.54265749 3.53699416 3.25909025 2.15813887] -267.0688121140003
[6.60439536 1.83299375 2.54249601 3.53767913 3.25983165 2.16066739] -267.0687725807496
[6.60460492 1.83332884 2.54303486 3.53776909 3.259458   2.15827367] -267.0688007799758
[6.60465144 1.83325633 2.54313194 3.53728847 3.25873166 2.15983175] -267.06878843172177
[6.60379478 1.83387736 2.54288656 3.53697505 3.25920051 2.15834841] -267.06878199910636
[6.60459149 1.83379439 2.54235903 3.53770073 3.25924309 2.16022015] -267.0688387706239
[6.60376942 1.83266618 2.54341039 3.53696034 3.25897441 2.15792867] -267.06878728511737
[6.60441186 1.83272986 2.54336289 3.53765565 3.25908863 2.15993989] -267.06876396651023
[6.60466572 1.8323625  2.54371559 3.5379864  3.25908783 2.16084039] -267.068758624164
[6.60373135 1.83254348 2.54321243 3.53695315 3.25859749 2.16066065] -267.0689123214305
[6.60438653 1.8331325  2.54307925 3.53756511 3.25924287 2.15887042] -267.0688117616466
[6.60419891 1.83241167 2.54340849 3.53763187 3.25871412 2.16001338] -267.0687621277566
[6.60453054 1.83267813 2.5431058  3.53783276 3.25945974 2.16075389] -267.0687832838638
[6.60423025 1.83311993 2.54330108 3.53748072 3.25914417 2.1595944 ] -267.06878947979
[6.60421757 1.83251434 2.54356299 3.53747337 3.25903112 2.15938453] -267.06878255874005
[6.60465858 1.83280942 2.54342376 3.53763743 3.25890974 2.16033607] -267.06879212784605
[6.60463532 1.83284567 2.54337522 3.53787774 3.25927292 2.15955703] -267.0687921235031
[6.60416752 1.83250133 2.54339929 3.53779019 3.25932689 2.1597118 ] -267.0687699532681
[6.60403485 1.83235029 2.54345585 3.53752069 3.2589817  2.16054243] -267.0687689077195
[6.60437479 1.83181949 2.54358159 3.53793104 3.2590563  2.16082108] -267.06875192016037
[6.60444705 1.83116927 2.54372185 3.5381562  3.25901236 2.16143441] -267.0687495210331
[6.60404667 1.83175834 2.54398222 3.53768681 3.2585916  2.15988843] -267.0687539832841
[6.60430267 1.83167013 2.54366477 3.53811735 3.25887372 2.16142575] -267.06877463919426
[6.60428139 1.83188118 2.54363933 3.53795635 3.25891307 2.16091545] -267.0687614376806
[6.60439068 1.83147642 2.54390848 3.53785592 3.25844001 2.16149969] -267.0687437200833
[6.60450225 1.83096397 2.54416308 3.53788878 3.25799657 2.16239364] -267.06872689371716
[6.60467915 1.83116535 2.54408767 3.53824811 3.25845681 2.16128613] -267.06875536064393
[6.60467517 1.83068853 2.54436142 3.53834235 3.25863863 2.16223944] -267.06871233096035
[6.6049133  1.82982697 2.54483789 3.53869759 3.25860088 2.16335247] -267.06870284905006
[6.60480332 1.83053428 2.5445301  3.53826494 3.25833562 2.16214971] -267.06870732530854
[6.60446487 1.82944356 2.54472535 3.53832774 3.25791012 2.1626612 ] -267.0687193693386
[6.60438001 1.83006678 2.54456583 3.53809258 3.2583589  2.16267382] -267.0687118263202
[6.6051236  1.82890994 2.54486581 3.53878913 3.25814655 2.16499999] -267.06871701719183
[6.60494873 1.8287459  2.54550751 3.53853072 3.25743718 2.16464253] -267.0687164370955
[6.60504235 1.82821184 2.54551442 3.53901212 3.25826651 2.16443294] -267.06870335200136
[6.60527224 1.82932167 2.54521517 3.53880128 3.25847176 2.16475595] -267.06872179867736
[6.60466671 1.82941309 2.54484781 3.53844613 3.25805053 2.16318489] -267.06870708201956
[6.60446121 1.83002301 2.54506871 3.53822556 3.25820332 2.16181213] -267.0687075381752
[6.60447357 1.83061276 2.54428074 3.53838224 3.25916807 2.16122612] -267.06871628460715
[6.60459236 1.83014605 2.54458743 3.53841936 3.25873535 2.16208022] -267.0687265466757
[6.60497783 1.8290194  2.54517615 3.53885485 3.25843369 2.1638927 ] -267.0686750728943
[6.60479001 1.82962003 2.54484285 3.53857186 3.2583257  2.16326868] -267.06872957191604
[6.60485831 1.83018063 2.544684   3.53848126 3.25846825 2.16275109] -267.0687389392037
[6.60468725 1.82992499 2.5449533  3.53846157 3.2584021  2.1625823 ] -267.0687130779959
[6.60464665 1.82994687 2.54470186 3.53839508 3.25847989 2.16301314] -267.0687131517633
[6.60493101 1.82928643 2.5451727  3.53861416 3.25801903 2.1639975 ] -267.068715294004
[6.60479037 1.82902761 2.54521092 3.5387171  3.25828552 2.16395117] -267.0687036409874
[6.6048588  1.82939073 2.54517476 3.53867493 3.25841467 2.16366108] -267.0687216334249
[6.6048416  1.82944805 2.54509178 3.53864916 3.25839242 2.16356298] -267.06872596650317
[6.60494557 1.82942318 2.54500702 3.53877622 3.25851728 2.16362259] -267.06871186881517
[6.6048841  1.8290235  2.54519354 3.53878598 3.25835961 2.16392194] -267.06869171850497
[6.60483254 1.8294722  2.54506473 3.53865821 3.2584179  2.1632375 ] -267.06872655734907
[6.60481224 1.82948314 2.54493901 3.53862497 3.25845679 2.16345292] -267.0686657633936
[6.60495442 1.82915292 2.54517443 3.5387345  3.25822636 2.1639451 ] -267.0687013808338
[6.60488392 1.82931972 2.5450095  3.53871335 3.2583797  2.16358069] -267.0687252250848
[6.60498682 1.82900176 2.54510182 3.53883841 3.25837325 2.16423448] -267.0687099808594
[6.60496974 1.82904825 2.54518782 3.53882496 3.2584093  2.16410922] -267.06872456067396
[6.60494829 1.82911612 2.54514324 3.53879706 3.2584019  2.16397709] -267.0687216403821
[6.60490537 1.82925185 2.54505408 3.53874125 3.2583871  2.16371282] -267.0687133905757
[6.6049161  1.82921792 2.54507637 3.53875521 3.2583908  2.16377889] -267.068695158324
[6.60489827 1.82887636 2.54521342 3.53875509 3.25822955 2.16411943] -267.06870488741214
[6.6048275  1.82925599 2.54515581 3.53866512 3.25832568 2.16346918] -267.068697021155
[6.60489246 1.82950793 2.54502502 3.53871845 3.25850143 2.16336749] -267.06872794768833
[6.60489682 1.82903425 2.54516632 3.53874593 3.25829752 2.16393144] -267.0687109191865
[6.60489503 1.82925127 2.54505758 3.53873991 3.25844524 2.16367281] -267.06870629762767
[6.60484817 1.82925332 2.54506627 3.53870547 3.2584082  2.16368743] -267.06869803130957
[6.60486417 1.82935053 2.54500769 3.53869009 3.25842379 2.16361591] -267.06869279528684
[6.60481987 1.82936956 2.54504741 3.53864504 3.25839124 2.16346105] -267.0687051112684
[6.60488333 1.82931803 2.54505672 3.53867974 3.25834158 2.16369901] -267.06871404194027
[6.60485526 1.82917975 2.54507621 3.53869003 3.25834317 2.16378618] -267.0686753644118
[6.60481492 1.82931116 2.54500801 3.53868543 3.25848123 2.16352642] -267.0686991639774
[6.60477651 1.82939788 2.54499062 3.5386071  3.25838957 2.16350382] -267.06870131368737
[6.60483722 1.82928903 2.54498186 3.53868932 3.25844301 2.16372984] -267.06871365409813
[6.60482421 1.82934943 2.54503102 3.53865611 3.25840418 2.16352825] -267.06869053485116
[6.60489648 1.82924456 2.54505212 3.5387436  3.25844956 2.16369521] -267.06866951202136
[6.60488526 1.82930908 2.54504943 3.53868465 3.25834733 2.16372888] -267.0687024040208
[6.6048325  1.82931064 2.54501836 3.53868524 3.25844776 2.16357704] -267.0687047616614
[6.60485436 1.82936385 2.54499556 3.53868428 3.25845317 2.16357407] -267.06871785375233
[6.60483375 1.82933144 2.54500761 3.5386575  3.25839998 2.16361955] -267.0687135891342
[6.60481822 1.82941628 2.54498502 3.53864054 3.25843049 2.16349059] -267.0687095975443
[6.60483821 1.82941683 2.54497335 3.53865753 3.25844029 2.16353442] -267.0687256977172
[6.60483021 1.82936823 2.54500264 3.53866522 3.25843249 2.16357018] -267.0687090308048
[6.60481358 1.82939715 2.54497351 3.5386552  3.25846901 2.16348967] -267.06872589951166
[6.60484875 1.82939611 2.54499422 3.53865481 3.25840206 2.1635909 ] -267.0687237759981
[6.60482764 1.82936952 2.54500134 3.53865158 3.25841804 2.16356499] -267.06870342395587
[6.60481006 1.82938138 2.54498284 3.53865322 3.25846159 2.16349986] -267.06868724885976
[6.60478968 1.82941948 2.54497725 3.53861339 3.25841329 2.16349196] -267.06869971275995
[6.6047956  1.82948123 2.54495509 3.53862547 3.25847092 2.16340395] -267.0686881895504
[6.60480358 1.82941804 2.5449677  3.53863741 3.25845389 2.16350403] -267.068722792338
[6.60481456 1.82941672 2.54498069 3.53863976 3.25843634 2.16349395] -267.0687087881596
[6.60478639 1.82948226 2.54494276 3.53860424 3.25845316 2.16339903] -267.0686861044202
[6.60479264 1.82945561 2.54495207 3.53861787 3.25845492 2.16344362] -267.0686900253024
[6.60476789 1.82953152 2.544915   3.53859481 3.25848552 2.16333213] -267.06869889195605
[6.60479859 1.8295189  2.54491834 3.5386268  3.25851435 2.16335188] -267.0687243532649
[6.60479191 1.82944434 2.54496252 3.53861674 3.25843855 2.16345694] -267.06869644150515
[6.60482838 1.8293778  2.54499643 3.5386527  3.25842646 2.16355331] -267.0686987863372
[6.60481326 1.82941623 2.54497607 3.53863822 3.25844122 2.16349802] -267.06873252687353
[6.60479931 1.8294827  2.54494089 3.5386146  3.25845498 2.16342598] -267.0687213742311
[6.60481115 1.82943226 2.54496092 3.53863909 3.25845919 2.16347639] -267.0686742244701
[6.60480392 1.82948219 2.54494705 3.53862522 3.25846385 2.16342844] -267.06871135641893
[6.60480244 1.82946938 2.54494554 3.53862142 3.25845586 2.16344827] -267.0687281741606
[6.60480207 1.82946374 2.54495077 3.53862085 3.25844767 2.16345493] -267.06872442745293
[6.60479007 1.82950733 2.54492701 3.53860989 3.25847116 2.16339253] -267.06868119016656
