[-1.13802263 -0.07026252 -0.97608221  0.63259984 -2.28164624 -1.50087373] -350.38393503301484
[-0.04547618  0.14432922  0.07679277  1.8496291   0.54348683  0.28550517] -320.86963346769807
[-0.36832764  0.21263117  0.16175283 -0.23901037  1.05288657  1.15705397] -357.5608007112255
[ 1.29330065  1.58235637 -0.51652837  0.08691696  1.05136495 -0.77971349] -328.2004817925033
[ 2.1803388   0.92117117 -1.5069286  -0.50391716 -1.31343699 -0.55531111] -316.39360461258764
[-1.37131931  0.19895012 -0.69049903 -1.0668043   0.60464097  0.06523386] -363.36963659553123
[-2.16078365 -1.40162032 -1.19638553 -0.03687753  0.7386582  -0.78862976] -367.54409496006235
[ 2.34428156  2.39801217  0.045888    0.29001555 -0.85289284  0.34592799] -305.97527721150766
[ 4.59681416  4.29782841  0.66702476  0.45346209 -1.64866836  0.91320686] -309.9940931374145
[ 2.79335083  1.5304624  -0.21453617  1.77221561 -1.20472021 -0.41437093] -292.1505243807758
[ 4.8756859   2.19621854  0.02344526  3.19172556 -2.1094008  -0.65417333] -330.0875504506137
[ 2.84425198  1.95605843 -1.19221769  1.61483034 -2.4055014  -2.02999934] -316.51444280358794
[ 4.94137184  2.91439244 -0.12642781  1.0706303   0.88774635  0.45155316] -294.6331514247269
[ 3.72607229  1.70578558 -0.45594813  1.94421762 -2.49980437  0.14081514] -313.097709247566
[ 6.32203195  3.66429818 -1.22684957  0.21303498 -3.00635666 -0.97263354] -351.6103748418101
[ 1.54640085  1.02432146 -0.24911781  1.44048057 -0.34397404 -0.02902951] -298.2142730062288
[2.99968674 1.54198997 0.35652751 0.38971716 0.62980737 2.00986092] -316.24026375914804
[3.9367159  2.78381683 1.29239047 2.80634276 0.18549108 1.39023004] -280.9492384344882
[4.81490446 3.71513966 2.69205    4.46147272 0.93495511 2.36300061] -297.4573260820534
[ 3.42971102  2.57694032 -0.25911133  2.71825031 -1.90585871 -1.38148562] -314.46060913719884
[ 3.32220495  2.31820273 -0.10520162  2.13611702 -1.27194219 -0.53364899] -294.3705046962925
[2.56870302 2.61728377 0.67027981 1.22771632 1.63304042 0.26273878] -310.52103088014195
[2.85804534 2.38940922 0.38872283 1.40684164 0.59982922 0.23225787] -293.3785078371731
[4.12174835 1.92218953 0.28272196 3.25419375 0.47036958 0.01973589] -274.26663925255286
[ 5.01048175  1.68427821  0.40113894  4.73628285  1.13200079 -0.14336016] -283.3503711008221
[5.77807822 3.59516959 0.7550077  2.70829979 0.23289865 0.41094852] -287.369690834042
[ 2.66200936  1.93202433  0.92612953  3.62403989 -1.21710431 -0.08316903] -305.3182843521115
[4.37153122 2.66880041 0.13671152 1.7089827  0.36153369 0.31787261] -283.5894440038238
[4.63095167 2.64507993 0.98554106 2.41617506 1.48707619 1.18587366] -277.60747478245594
[ 5.68608006  2.65909701  0.69055602  3.48189491 -0.08894623  0.73783872] -293.7019147717895
[3.56505402 2.45683117 0.46418112 1.92560496 0.42763536 0.35865308] -283.00926377660824
[6.00800896 3.82683342 1.52005411 3.16765073 2.25972172 1.6421422 ] -273.32906129714996
[7.61533803 4.97501893 2.38734925 3.86536829 3.99194269 2.67039877] -277.7137581927915
[3.09992516 1.83934751 0.80552572 2.38468353 1.49771056 1.22722064] -287.3305113527796
[3.76946342 2.27830303 0.79289621 2.4655876  1.18150758 1.02315261] -279.05680125290087
[4.30578289 2.63555089 1.64255012 3.63620226 1.64240015 1.55538988] -270.9384770762018
[4.27290873 2.61892613 2.39546942 4.59981203 2.28283339 2.17414851] -272.2846927016915
[5.35916972 2.90709338 1.70787018 3.98977909 1.98122008 1.91352167] -270.1392370435215
[6.25622757 3.13222448 2.32971471 5.02186615 2.75801244 2.69095597] -280.33947440636734
[5.4616591  2.62119989 1.01815408 3.50352007 2.82194069 1.05637527] -266.55538122830956
[6.2241307  2.53989142 0.88103589 3.85210872 4.1401655  0.88944788] -266.13435274171053
[6.44713401 3.21390983 1.54702823 4.30644894 2.81214349 1.37888445] -270.951505360389
[6.19103987 3.03674289 1.54154578 4.98595277 2.94826398 1.28050034] -276.25464512398673
[5.80101782 2.93882715 1.4025446  4.34350834 2.58296703 1.25684367] -268.36281620945084
[7.25999968 4.0985125  2.61763908 4.51103894 4.66916975 2.85900736] -268.63221321670056
[5.79106931 2.2844283  1.74616859 5.04537803 3.68296694 1.64222277] -260.9991646423626
[5.68259949 1.51322574 1.85922583 5.98424169 4.39458955 1.64226306] -260.96735553176444
[5.09709942 2.3304572  1.82326034 4.46584407 3.65802719 1.99327339] -261.96376709265274
[7.50222272 2.80711824 1.78797519 5.41263803 5.49964621 1.96272913] -264.0359601548528
[7.1631869  2.50225071 1.74935679 5.53334751 6.333635   1.62099982] -256.7053726105075
[8.06519548 2.29982937 1.77010009 6.30513172 8.50984246 1.4747389 ] -258.1808939643791
[5.230086   0.77874432 0.55016046 5.35285718 4.20050708 0.26284496] -253.80015971585425
[ 4.21512915 -0.88113977 -0.48357885  5.7737663   3.96617575 -1.03523624] -255.52316489476675
[6.49875725 1.21840205 1.4811269  5.85683739 6.82588981 1.53367575] -252.26573061440442
[6.84762697 0.35818951 1.52041806 6.61350192 8.9473512  1.67209179] -254.21290956394546
[6.16718656 1.17684133 2.20266595 7.0164799  6.16393279 2.11581415] -262.4566995252732
[4.44408248 0.36618888 1.4339569  5.99056455 5.02588093 1.09356124] -253.99542899874714
[5.20475062 1.7262483  0.7630298  4.0447509  3.98224373 0.59972525] -264.0999661045054
[5.92657757 1.31419307 1.84275691 6.27354765 5.61851052 1.73679193] -254.32044177924615
[6.55133047 0.23387773 1.14893426 7.19795458 7.14164377 0.63677219] -255.50296524238377
[6.25540741 0.62465985 0.87620491 6.08412793 7.32076616 0.65261891] -252.83825027337653
[ 4.47222683 -0.99022874  0.69502333  6.71861558  5.71076442  0.3510885 ] -251.17383683240126
[ 3.1267468  -2.73646846  0.1678566   7.31124962  5.39932914 -0.28386716] -261.262301114941
[4.39104871 0.87010875 1.14414221 4.89422885 4.42579587 1.24008823] -261.42419803771554
[6.01126003 0.39293548 1.14773625 6.62202315 6.4626818  0.7876012 ] -250.054742097774
[ 5.0440291  -0.51729246  0.21864601  5.93479428  6.23031954 -0.17632841] -255.42900865387247
[5.70594045 0.85632169 1.43672918 6.18885931 5.77146278 1.25851184] -250.7559926395128
[6.94714351 0.59408934 0.62837011 6.28387563 7.07147642 0.52188581] -253.4807044560382
[6.7334925  0.11998224 1.53823643 7.23192249 8.85384005 1.43894905] -248.00514520343285
[ 7.48519575 -0.2093988   2.03227442  8.17145514 11.18050653  2.02700109] -249.5125012592531
[4.94521798 0.14660152 1.76331556 6.61691965 6.57699192 1.48559594] -251.3106858717122
[ 5.20022428 -0.04332176  1.81118431  6.99426459  6.07977744  1.63252186] -252.26738782027428
[5.46402006 0.12367364 1.57743946 6.76673043 6.39002462 1.38754612] -249.37912848099114
[ 4.61196203 -1.00197345  1.2383665   7.52485281  6.42936538  0.70275514] -253.93708142582383
[6.02705845 0.66330818 1.4204368  6.27384125 6.7267587  1.32594559] -249.2833500516753
[6.52611479 0.24206264 0.84188492 6.65041108 6.72818554 0.69761816] -251.66805343933686
[5.34044219 0.1704668  1.5329579  6.62529251 6.61479032 1.2886015 ] -249.1304485013612
[7.28851106 1.76579142 2.18948868 6.51760746 7.895755   2.14462993] -252.4632815773308
[ 5.17629789 -0.3012237   1.06863967  6.66836355  6.25701207  0.79947386] -248.97536140181953
[ 5.87824992 -0.46660748  1.32508632  7.20719848  7.99690641  1.08419393] -247.27371484578987
[ 5.96440465 -1.12807206  1.26926489  7.71636807  9.10962822  0.99703497] -247.75485728457775
[ 5.52859364 -0.28973559  1.67319594  6.96909309  7.81709559  1.65396881] -249.50939375467019
[ 5.64926023 -0.11906782  1.54183102  6.8823256   7.47849214  1.43737691] -248.21968266089561
[ 6.13758033 -0.10138757  1.23162326  6.86291753  8.25257528  1.07063416] -249.3724314786813
[ 5.96919026 -0.04512227  1.31807731  6.83887076  7.78693762  1.14986215] -248.2375440639828
[ 5.55525255 -0.87716559  1.35450608  7.54414988  8.26923416  1.0735402 ] -247.71052253328244
[ 6.31347226 -0.73353501  1.18250104  7.49898441  8.93268383  1.0391972 ] -247.70105539194094
[ 6.85667469 -0.40594827  1.68477307  7.73278699 10.18235267  1.60823262] -248.31736368556224
[ 6.43658049 -0.37976713  1.53073972  7.46668113  9.20101752  1.40604293] -247.57812878752935
[ 6.21957905 -0.773598    1.5062229   7.77154991  9.12378709  1.34323792] -247.033095188759
[ 6.34477345 -1.13783586  1.60029569  8.23788949  9.79221182  1.43992581] -247.67901940596394
[ 6.72961536 -0.91782916  1.27059981  8.02450317  9.98066421  1.0243435 ] -248.5557456882842
[ 5.91934901 -0.31875816  1.47402322  7.16786999  8.10403516  1.33411856] -247.4329505821989
[ 5.37400193 -1.30312602  1.25278999  7.65355545  8.35538134  0.98782787] -248.35612333927122
[ 6.39361986 -0.23579483  1.46687482  7.33733073  8.72922537  1.32616875] -247.34421771780154
[ 6.83169765 -0.09218794  1.47397659  7.27238834  9.09331762  1.43744623] -248.35500658238539
[ 5.87436382 -0.68092118  1.38437371  7.4762095   8.47525503  1.16451671] -247.252258121609
[ 5.92710845 -0.21828058  1.71327252  7.30996217  8.2773917   1.5135624 ] -247.2832800094154
[ 5.63417622 -0.51821961  1.42587811  7.2900258   7.70118273  1.18255649] -247.48199323998608
[ 5.83477729 -0.48360649  1.45209351  7.33418963  8.07614143  1.2384281 ] -247.1899231167485
[ 6.12321712 -0.63417803  1.47528471  7.64427681  8.78886718  1.22258405] -247.05510550062928
[ 5.55881203 -0.84993576  1.4852364   7.57713144  8.18355757  1.19600562] -247.58551332835654
[ 6.1849179  -0.38933006  1.47146522  7.39728091  8.59280842  1.29362797] -247.1022681747867
[ 6.11125991 -0.92446649  1.15823627  7.63360624  8.74053015  0.9353005 ] -247.38302722639799
[ 5.97314632 -0.39482706  1.57451346  7.39087319  8.39317631  1.36899692] -247.10196777177293
[ 6.19175058 -0.65221279  1.62956485  7.79759483  9.15310541  1.4596033 ] -247.05635550249013
[ 6.30143226 -0.42832963  1.65200784  7.63571226  8.90070692  1.47764271] -247.0246401053345
[ 6.51496648 -0.30203386  1.7858249   7.71546364  9.11343286  1.63420571] -247.33699923481117
[ 6.49657046 -0.6072187   1.65092614  7.87823967  9.57467568  1.48346952] -247.20612683768422
[ 6.00022558 -0.51450954  1.50180167  7.47020214  8.45077499  1.29968846] -247.03669222462605
[ 6.08486574 -0.74322162  1.64166659  7.83945547  9.01066421  1.43028982] -247.1351313818002
[ 6.15990486 -0.47780295  1.51401556  7.50782455  8.69727237  1.32779343] -247.00870207462737
[ 6.35889016 -0.76538325  1.51845238  7.88484698  9.31166167  1.34118637] -247.2762393133047
[ 6.06958228 -0.48746611  1.56049819  7.51436664  8.62279765  1.36204428] -246.99174207331507
[ 6.09956313 -0.45308196  1.44037877  7.38371594  8.37496332  1.21806032] -247.01154948107666
[ 6.16021194 -0.41075137  1.5830236   7.45018033  8.6012336   1.45357166] -246.9664188734046
[ 6.17870935 -0.29903804  1.63689305  7.35313209  8.50741681  1.56906547] -247.0352642681152
[ 6.33653226 -0.4958338   1.58358062  7.61758107  8.98947866  1.42776165] -246.98148810427557
[ 6.15616319 -0.14415728  1.60494529  7.26491035  8.27169709  1.41238676] -247.11264277984588
[ 6.20372509 -0.61623782  1.5309035   7.64489002  8.91076459  1.36052513] -246.9713050368932
[ 6.04174093 -0.5520617   1.41879224  7.40380725  8.49812981  1.23894279] -247.11545583413644
[ 6.23650943 -0.45926265  1.59370394  7.57773601  8.80006264  1.41796773] -246.96764414219953
[ 6.28925882 -0.5293696   1.68152969  7.72047693  9.16557318  1.56516098] -246.97955908369053
[ 6.27203508 -0.5218375   1.66373095  7.66725245  8.9993644   1.53455038] -246.92266592014988
[ 6.32810019 -0.54385477  1.73858865  7.7469664   9.15041042  1.63792886] -246.9236821974897
[ 6.42984193 -0.52363147  1.65165924  7.7116723   9.19936137  1.55780156] -247.00576846229004
[ 6.15964719 -0.49650745  1.58328845  7.56369305  8.76693858  1.4109836 ] -246.95650329341123
[ 6.10393025 -0.51548833  1.62847943  7.5904952   8.75850034  1.48649151] -246.9736314398612
[ 6.08942751 -0.47732543  1.51284693  7.44427209  8.44671487  1.32286903] -246.9521880754504
[ 6.26992183 -0.47848574  1.52735303  7.52551279  8.74985922  1.34699767] -246.9689489086137
[ 6.19219257 -0.3318189   1.62374547  7.43132555  8.54395985  1.46845489] -246.95677845745897
[ 6.10008608 -0.42068203  1.65942675  7.51930704  8.6362321   1.52246809] -246.97369479252947
[ 6.22746289 -0.46403481  1.56037146  7.52396135  8.72145244  1.39086528] -246.94319647662948
[ 6.13048297 -0.44149584  1.58196501  7.44915893  8.55982527  1.44246389] -246.93810714867118
[ 6.19687079 -0.50025527  1.59229249  7.57637414  8.74485154  1.40315736] -246.92446956319796
[ 6.16644957 -0.6353332   1.5410863   7.64357845  8.86908918  1.36650829] -246.9462729771521
[ 6.20126241 -0.5169199   1.56747593  7.53783942  8.68016065  1.40915447] -246.89259780425337
[ 6.22207002 -0.52712613  1.55956967  7.52491261  8.63677169  1.40823991] -246.87329539279943
[ 6.31569627 -0.55270215  1.6534917   7.68414056  9.06373664  1.525726  ] -246.91077406309816
[ 6.2884231  -0.3671507   1.6627208   7.49835489  8.70624481  1.53515932] -246.90572344074317
[ 6.24772985 -0.50615438  1.67755208  7.60943651  8.84881235  1.55890034] -246.85611083325156
[ 6.25786334 -0.52721417  1.73614239  7.65217409  8.9124923   1.64291787] -246.83170692330197
[ 6.3871699  -0.55726613  1.70735098  7.75191065  9.12799519  1.57411973] -246.9647476715972
[ 6.1946547  -0.47043841  1.61331151  7.52484686  8.70186775  1.47537785] -246.89290081098906
[ 6.32004337 -0.48856775  1.70402985  7.60751968  8.92864099  1.63749975] -246.8460208849847
[ 6.26088185 -0.4558956   1.64602435  7.49673045  8.65055366  1.54042319] -246.8265612836269
[ 6.25530524 -0.42292466  1.63717105  7.41146944  8.47614829  1.54335959] -246.8105327199156
[ 6.19709032 -0.38177179  1.65082339  7.38895197  8.39031864  1.55512542] -246.84981746429605
[ 6.19391923 -0.57219694  1.63762849  7.53826999  8.64250174  1.55234748] -246.77231410295414
[ 6.1466673  -0.67472006  1.62508233  7.55822754  8.61063021  1.56094156] -246.73158182374473
[ 6.27169183 -0.5370031   1.69096139  7.52290491  8.61646629  1.64065019] -246.7327063740107
[ 6.26081711 -0.48360771  1.78850046  7.52216994  8.67479388  1.78525822] -246.73888564884382
[ 6.30703907 -0.66290736  1.7431391   7.70253656  9.01607202  1.71508363] -246.73779824665118
[ 6.17975126 -0.61422461  1.70296906  7.51564115  8.50689334  1.6585706 ] -246.66683117042226
[ 6.1096052  -0.67705303  1.70243867  7.46970189  8.29601951  1.66910603] -246.62160284499407
[ 6.19251192 -0.62552447  1.65962194  7.41016267  8.3175511   1.66188186] -246.6407685618994
[ 6.17413891 -0.79734726  1.76607691  7.65043172  8.70102938  1.80094758] -246.6171362061982
[ 6.13355574 -0.98455856  1.83052985  7.76991287  8.81346993  1.92974157] -246.63458339529024
[ 6.1397343  -0.84124405  1.60727298  7.58248516  8.51112895  1.56427873] -246.61758987655406
[ 6.03774408 -0.72138996  1.60734564  7.3621014   8.00153646  1.58418501] -246.64368004552514
[ 5.99510873 -0.90875651  1.63165144  7.48813188  8.19616558  1.63979674] -246.5929279827234
[ 5.85681718 -1.09463321  1.60199647  7.47074536  7.98601523  1.63937002] -246.65787947734609
[ 6.06961374 -0.84905171  1.6997202   7.42944404  8.06384678  1.74579043] -246.53506964879116
[ 6.03108697 -0.93621753  1.73703914  7.36505229  7.79045507  1.83821486] -246.53427045475112
[ 6.17631793 -0.87399099  1.76068806  7.6265538   8.60258007  1.80722359] -246.52585969033427
[ 6.24560486 -0.9502915   1.83735926  7.75878001  8.90310187  1.91874287] -246.5330005475297
[ 6.01615209 -1.05267865  1.74210046  7.65062291  8.38157509  1.77797398] -246.55966812630462
[ 6.06790777 -1.12635863  1.71250433  7.6513907   8.4316252   1.80703913] -246.50808187115862
[ 6.04705906 -1.35101142  1.71753715  7.74223511  8.49942805  1.87600567] -246.52881926876293
[ 6.0138365  -1.0572058   1.84274713  7.56157594  8.19001451  1.99278656] -246.54387640383035
[ 5.92599776 -1.18772211  1.70949994  7.46401079  7.8297758   1.82006404] -246.52164337371607
[ 6.08199094 -1.16930139  1.8698749   7.61827027  8.21250967  2.04130398] -246.47891419575635
[ 6.12543205 -1.29957384  1.98898663  7.68333946  8.22068171  2.2420576 ] -246.5430032889644
[ 6.08289387 -1.0642535   1.80201737  7.44499502  7.97074502  1.99090341] -246.47326941293383
[ 6.11626475 -1.07004092  1.83197583  7.34218107  7.76532998  2.09736812] -246.53743451289935
[ 6.10822858 -1.06207558  1.68779411  7.49518168  8.08921576  1.77546311] -246.44222293883016
[ 6.15542462 -1.06451047  1.61031761  7.46198454  8.03881638  1.66680138] -246.47045875336596
[ 6.11669199 -1.22501654  1.7770871   7.7350818   8.5883621   1.90911755] -246.474430577472
[ 5.95158571 -1.4042516   1.75890453  7.50975628  7.77149778  1.97407348] -246.53417429416933
[ 6.12013487 -1.00655614  1.76024217  7.59735442  8.3948095   1.84893606] -246.46933796451552
[ 6.26661825 -1.03013181  1.82700673  7.71674718  8.73264662  1.97085704] -246.47116943102355
[ 6.19094506 -1.05941969  1.8621698   7.55115275  8.23113768  2.03848792] -246.41057088397466
[ 6.2524637  -1.02595023  1.93700254  7.50103377  8.13089392  2.15421232] -246.43272318270132
[ 6.21317993 -0.97984969  1.70223086  7.56190068  8.45646256  1.80328438] -246.46236685358193
[ 6.21064153 -0.84241227  1.77006658  7.38736211  8.03664361  1.90019309] -246.4917321155316
[ 6.14017937 -1.12936547  1.77533197  7.64815188  8.45043248  1.90688644] -246.4371912010076
[ 6.26353482 -1.0248793   1.73624118  7.74516784  8.81415651  1.79040158] -246.51466633038046
[ 6.1280541  -1.05440995  1.78557332  7.52003822  8.18159789  1.94077795] -246.43514343302795
[ 6.03362239 -1.0670937   1.69744069  7.40784603  7.868572    1.80042158] -246.45961584775125
[ 6.15126827 -1.11084856  1.74327141  7.46406932  8.03099663  1.90617106] -246.4132092071893
[ 6.037586   -1.18122129  1.81496291  7.46691261  7.82752159  1.9861183 ] -246.48682345742424
[ 6.16928144 -1.03019259  1.73041387  7.53815366  8.29922732  1.84899286] -246.42783346039442
[ 6.26236322 -1.08167692  1.83074414  7.66440314  8.55896391  2.00517153] -246.42562734298178
[ 6.23913524 -1.09322881  1.88804072  7.63347465  8.49490287  2.10669948] -246.41796089923358
[ 6.24016974 -1.01389337  1.83807246  7.47561204  8.14850962  2.0418805 ] -246.42598205949102
[ 6.28966688 -1.07534336  1.84533081  7.58891696  8.40631479  2.04168984] -246.3952510606972
[ 6.37047327 -1.08581007  1.87520956  7.62335633  8.51867324  2.09214578] -246.4062240457799
[ 6.28856803 -1.11461098  1.93879591  7.58772262  8.32438119  2.19770725] -246.42092021672764
[ 6.23381249 -1.16448274  1.86471181  7.68763444  8.53372273  2.05676186] -246.40626144857734
[ 6.20210211 -1.12430113  1.88336268  7.50658711  8.11485472  2.11066761] -246.40440048200153
[ 6.14707532 -1.09459712  1.75683317  7.55622246  8.27959529  1.88911868] -246.40475198621763
[ 6.16582147 -1.11643539  1.76385251  7.4847197   8.0373044   1.90759951] -246.39905638380077
[ 6.25853951 -1.10067792  1.91548219  7.66100848  8.50331324  2.10860407] -246.39658029425527
[ 6.24139421 -1.16585953  1.81435459  7.61054364  8.39389738  1.99965927] -246.37370006193797
[ 6.26661878 -1.21907944  1.79044698  7.64023908  8.47527722  1.98024494] -246.37511730390884
[ 6.20105401 -1.06125541  1.79502684  7.44836501  8.04470387  1.96235113] -246.3959657305778
[ 6.30578407 -1.12002713  1.9156367   7.54382451  8.22053418  2.15440513] -246.402614927982
[ 6.28531794 -1.08889845  1.79986519  7.60587232  8.42050124  1.94743538] -246.38870403102212
[ 6.17481394 -1.08279623  1.72900067  7.58931753  8.38147746  1.83470793] -246.4122773510849
[ 6.27304154 -1.1107194   1.86897769  7.55519777  8.26077     2.07448083] -246.38447119881022
[ 6.35051656 -1.08448264  1.9158266   7.67191503  8.63919577  2.13714066] -246.4004913766081
[ 6.21199524 -1.1084472   1.80184603  7.53151853  8.18777724  1.9649848 ] -246.3839893399287
[ 6.24228376 -1.10282986  1.7263182   7.45246293  8.06800826  1.88826301] -246.4146327046614
[ 6.25447557 -1.10121591  1.86819119  7.60887209  8.394487    2.05351881] -246.38129162970796
[ 6.31757645 -1.15557254  1.87116167  7.71860876  8.64321201  2.06490518] -246.40907783722005
[ 6.23018462 -1.08483469  1.81406054  7.51592595  8.1943309   1.98798964] -246.38081465952055
[ 6.20913615 -1.14464836  1.81043427  7.55372647  8.2109398   1.9676664 ] -246.36499333931613
[ 6.16887079 -1.17930086  1.79298599  7.53613123  8.1132523   1.93065468] -246.35887722935803
[ 6.17466938 -1.16122741  1.85360682  7.51352408  8.09433704  2.0563273 ] -246.3843757121528
[ 6.15415507 -1.15624246  1.77937069  7.55030741  8.19859062  1.92323067] -246.3708725848673
[ 6.24568912 -1.10407281  1.76999619  7.6042422   8.39977478  1.89701865] -246.3859884719325
[ 6.19242431 -1.14693876  1.83270416  7.53620361  8.17069647  2.01650014] -246.37338722104377
[ 6.20183961 -1.16968354  1.83204303  7.58780944  8.30064098  2.00553294] -246.35732655014493
[ 6.1967618  -1.20030171  1.84714153  7.61595489  8.35707285  2.02580701] -246.3511810259337
[ 6.14012136 -1.20994343  1.75868131  7.51281681  8.08145984  1.90776166] -246.35882593704764
[ 6.13439123 -1.26802756  1.79435221  7.60472658  8.24399225  1.94654817] -246.35393612168403
[ 6.08751398 -1.22105873  1.78739071  7.50816987  7.9944574   1.91717484] -246.36303614387595
[ 6.10151376 -1.26468616  1.75393665  7.57316532  8.15891195  1.86722553] -246.34689564726781
[ 6.05605848 -1.32355986  1.7145529   7.59164618  8.15301969  1.79258823] -246.352935882419
[ 6.12223591 -1.29153035  1.79879211  7.56668083  8.11779158  1.94182663] -246.33255817616683
[ 6.10627632 -1.35917429  1.80850282  7.57486754  8.07739206  1.95112461] -246.32124538803157
[ 6.19513111 -1.2727526   1.79780946  7.63105092  8.34956968  1.95919905] -246.33902209301263
[ 6.12252774 -1.34566105  1.793822    7.63472946  8.30954724  1.95523399] -246.34711638371328
[ 6.14541263 -1.36025769  1.83984025  7.69868143  8.41736883  1.99395113] -246.33932600896097
[ 6.15481656 -1.33291695  1.81933202  7.63808994  8.31262862  1.97096561] -246.31415474187708
[ 6.16502922 -1.36536164  1.83182193  7.65477162  8.34694681  1.98317433] -246.29787003919787
[ 6.08186846 -1.45566277  1.76143618  7.63980054  8.19617267  1.87749588] -246.31624020026473
[ 6.14254943 -1.34697067  1.80396043  7.62271633  8.20590676  1.92215618] -246.3067369221128
[ 6.17724196 -1.45537373  1.86052037  7.70079747  8.37220698  2.02847486] -246.2984242208464
[ 6.14395288 -1.39150754  1.78151015  7.57598671  8.09869615  1.91325717] -246.2949971558022
[ 6.143223   -1.40713247  1.75234509  7.51463935  7.93935982  1.8729102 ] -246.3028963347378
[ 6.07717499 -1.51859762  1.81810783  7.62526248  8.0828708   1.93269529] -246.28554954358177
[ 6.01819692 -1.64152012  1.82825701  7.62236827  7.94952136  1.91944342] -246.29224072898174
[ 6.15632932 -1.48531703  1.81061614  7.69824418  8.35687467  1.93462662] -246.28108423004102
[ 6.18135582 -1.5483884   1.8116728   7.7599325   8.49661597  1.92637763] -246.2839335142296
[ 6.20555748 -1.3987133   1.8740761   7.65279239  8.29166138  2.02729894] -246.2634278228764
[ 6.26740198 -1.37023857  1.93039606  7.65928832  8.33940574  2.10220048] -246.25639299451996
[ 6.18649402 -1.51516138  1.87369706  7.68206727  8.32642696  2.0426534 ] -246.2611428502518
[ 6.15488551 -1.42668752  1.82152935  7.59774273  8.14486672  1.94106091] -246.2466168348891
[ 6.14370728 -1.41234442  1.80203384  7.54621535  8.03119659  1.89735394] -246.23186450148842
[ 6.15999093 -1.53236054  1.84029843  7.60758315  8.06487683  1.95775464] -246.24311062762166
[ 6.1864133  -1.55316564  1.91020631  7.69690021  8.30185437  2.04250429] -246.21539484695055
[ 6.20764351 -1.63399469  1.97455438  7.75735695  8.40343348  2.10712784] -246.19731956400253
[ 6.2966807  -1.46454126  1.92575748  7.69165592  8.42453396  2.08121035] -246.20753039907953
[ 6.26431015 -1.49089659  1.97162961  7.61647815  8.17308318  2.12814026] -246.19430960037846
[ 6.31830057 -1.49368637  2.05213635  7.57559513  8.08118744  2.22489708] -246.20273541595128
[ 6.26008416 -1.45296398  1.94119288  7.61079201  8.1524163   2.0486091 ] -246.17902476885575
[ 6.29687924 -1.42186528  1.97494078  7.57515439  8.06541097  2.05158695] -246.17478422600442
[ 6.18900195 -1.61509569  1.89934212  7.60552632  8.04810593  1.97219085] -246.1439139685638
[ 6.14980194 -1.73752426  1.88381515  7.57864531  7.90245603  1.90718604] -246.1172968182921
[ 6.29301667 -1.52136162  2.00394532  7.64758554  8.26849458  2.09978049] -246.09536855469398
[ 6.35952954 -1.51586216  2.08576877  7.66758674  8.37030345  2.17079341] -246.04545721387578
[ 6.38124108 -1.67588366  2.13678822  7.74941047  8.41521043  2.25132768] -246.10789363157187
[ 6.25645445 -1.69413428  2.08340816  7.62322141  8.01876523  2.12417704] -246.06788752009172
[ 6.36176196 -1.54472739  2.07089585  7.51280853  7.91164295  2.10394262] -246.10032929298288
[ 6.33757925 -1.70576909  2.10690937  7.6191308   8.05484651  2.07486432] -245.9877960216592
[ 6.37421379 -1.81320534  2.17454924  7.62045713  7.99572817  2.04822634] -245.92669243931712
[ 6.33078835 -1.90524708  2.17013435  7.67555548  8.13929112  2.15029742] -245.95955028840388
[ 6.53819446 -1.64549571  2.35669971  7.70436794  8.38119108  2.37573547] -246.01505137306208
[ 6.35907311 -1.697007    2.17703048  7.51858861  7.8570969   2.07306309] -245.912166453961
[ 6.34798912 -1.70756867  2.19715161  7.40317768  7.57804013  1.98393079] -245.8891907932289
[ 6.37396128 -1.88244369  2.2850081   7.71864693  8.24946344  2.18044421] -245.83472763634927
[ 6.38006094 -2.05130184  2.39206422  7.82156612  8.41837369  2.218695  ] -245.78044243430364
[ 6.52047095 -1.85209265  2.37538114  7.67434895  8.27554399  2.19171577] -245.75862994832787
[ 6.65247919 -1.93107183  2.52136762  7.69991272  8.40393336  2.22548513] -245.69653893651272
[ 6.51504574 -2.168768    2.51822015  7.64075895  7.93521574  2.16332998] -245.8067882156007
[ 6.32866459 -2.21355854  2.30112936  7.58277476  7.77566965  1.88758609] -245.68620135724132
[ 6.22389966 -2.49758995  2.27334418  7.52197816  7.47290893  1.64351141] -245.73394776009232
[ 6.53536278 -2.05657766  2.53135972  7.58066031  7.89636246  2.02545369] -245.60189970576903
[ 6.63764999 -2.13224295  2.7119724   7.53321273  7.77489813  1.96303182] -245.5668848730517
[ 6.5797494  -2.25496527  2.70608588  7.60667719  7.9663154   2.0991266 ] -245.5156341577506
[ 6.68251721 -2.47584524  2.9718542   7.59978722  7.95160901  2.12457673] -245.50671468757
[ 6.71748344 -2.61669413  2.94171771  7.88949316  8.50852639  2.21030413] -245.62703753458797
[ 6.61790605 -2.30480351  2.76181502  7.73482328  8.34245434  2.04656299] -245.32922924385426
[ 6.6693362  -2.37282127  2.88361246  7.78185545  8.54607365  1.98817949] -245.19783939598375
[ 6.84931593 -2.52944281  3.05182036  7.54077922  7.90186305  1.91435946] -245.5831835434874
[ 6.64250993 -2.84912982  3.09933454  7.60938812  7.7489466   1.80386078] -245.46240950009766
[ 7.07093964 -2.7785002   3.5856412   7.73539721  8.36830262  2.11385138] -245.64197962829496
[ 6.88537088 -2.63726478  3.26451324  7.69724159  8.22014438  2.05728506] -245.45217453704433
[ 6.73808327 -2.38222149  3.05265136  7.36459495  7.53931854  1.74012698] -245.31167176738114
[ 6.56917323 -2.42039904  2.9428257   7.6545808   8.02513372  1.97799416] -245.18161238313508
[ 6.42910187 -2.36587715  2.88832838  7.71148159  8.08676906  2.00981151] -245.1576989471052
[ 6.71132312 -2.89547697  3.34145899  7.72157025  8.25605561  1.94491502] -245.35169156801692
[ 6.67605788 -2.69175192  3.20477879  7.69559009  8.18082694  1.72348289] -244.974605293458
[ 6.67282822 -2.79970527  3.32124108  7.74349153  8.2954359   1.52293597] -244.82781598269466
[ 6.72617126 -2.3019925   3.1512673   7.73069033  8.56565245  1.95055723] -244.8962368696725
[ 6.43024377 -2.4021001   2.94833995  7.65398644  8.20962403  1.66155702] -244.82428725133283
[ 6.20268022 -2.28451776  2.7902533   7.63235886  8.20436385  1.463693  ] -244.9191066935455
[ 6.51059841 -1.97942896  2.74035452  7.60712985  8.1582356   1.67947438] -244.8256570102458
[ 6.40800997 -2.35842026  2.9250632   8.04495011  9.08127835  1.86404488] -245.1828777668627
[ 6.38964831 -2.36302014  3.10791901  7.71538784  8.25292482  1.57461417] -244.5930029744346
[ 6.24980436 -2.35811957  3.22007229  7.68215404  8.10635041  1.36783151] -244.5106188553864
[ 6.59823933 -2.37732092  3.16480463  7.33136115  7.39274413  1.53334432] -244.89469174825777
[ 6.63352658 -2.37367862  3.29369821  7.53812286  8.15591178  1.2287553 ] -244.3692264366672
[ 6.73573893 -2.37757935  3.49638313  7.45144349  8.19048314  0.8382272 ] -244.36174723146203
[ 6.33964641 -2.46275889  3.1457979   7.42583183  7.55197195  0.9172329 ] -244.40324266765091
[ 6.3813807  -2.41590979  3.12592499  7.85665124  8.77795621  1.12907533] -244.62964572514926
[ 6.20964264 -1.86559362  2.90438318  7.48224077  8.03610454  1.00819681] -244.40008433031255
[ 6.27155386 -2.64792481  3.53994596  7.57697275  8.13259449  0.62789921] -244.6129358451487
[ 6.29901186 -2.30719524  3.52916254  7.50444493  8.05552955  0.30126397] -244.33944431815254
[ 6.23339591 -2.25974282  3.81957383  7.42967418  7.97848231 -0.37888256] -244.94500795750974
[ 6.32041865 -2.25714737  3.48599001  7.18437803  7.24638848  0.55780853] -244.24386837324707
[ 6.28993762 -2.17776617  3.66602252  6.84824142  6.48060462  0.27217513] -244.7245457250069
[ 6.44653375 -1.8948732   3.05398372  7.33319161  7.5963482   1.0356211 ] -244.32341132754527
[ 6.53385972 -2.03026299  3.31849454  7.11168951  7.45259155  0.18495199] -244.3740653282722
[ 6.50875544 -1.78145836  3.45033447  7.26329762  7.9738432   0.39145697] -244.1338312155395
[ 6.59330996 -1.4408081   3.60260275  7.18203051  8.18477883  0.128569  ] -244.43262283754578
[ 6.73846348 -2.35057855  3.87373296  7.13390763  7.46895683  0.09491311] -244.58012806210044
[ 6.34184785 -1.98683985  3.14672062  7.39515748  7.89431761  0.77987588] -244.16038825133526
[ 6.35024244 -2.17143481  3.40236363  7.5989482   8.19971185  1.11646589] -244.21764111038573
[ 6.01986441 -1.7554036   3.1931352   7.30836247  7.4648965   0.55593691] -244.51349192871103
[ 6.5567703  -2.22203541  3.42057115  7.41567323  8.00908648  0.76765463] -244.1380392553259
[ 6.54251095 -1.79740109  3.12415866  7.22577046  7.58436906  1.2483637 ] -244.34644925416896
[ 6.35988663 -2.17974671  3.42791157  7.43477631  7.93773943  0.5380389 ] -244.14465929504448
[ 6.36610668 -2.30468097  3.72398009  7.43088535  8.15734749  0.34814584] -244.51388826967585
[ 6.42642699 -1.99732514  3.22148281  7.35761504  7.73659802  0.86375228] -244.12419006015895
[ 6.5275579  -1.85579939  3.20380474  7.6374446   8.67071038  0.92793965] -244.21900203376435
[ 6.47577309 -1.95613638  3.27435106  7.52417796  8.31462991  0.83540687] -244.1144981679471
[ 6.53957766 -1.86974581  3.24476027  7.19795101  7.75569303  0.27559595] -244.275028293748
[ 6.39757625 -2.09601256  3.36296279  7.49869891  8.08870715  0.90624841] -244.10937098929384
[ 6.56654838 -2.09073167  3.57248399  7.43625554  8.12588378  0.65431013] -244.03906045597967
[ 6.67889865 -2.14267758  3.78536568  7.45680457  8.24166686  0.59152726] -244.06411620806398
[ 6.61739685 -1.86815314  3.33948385  7.39712979  8.14517675  0.9349042 ] -244.0721419748319
[ 6.44072203 -1.70790368  3.31979518  7.41005172  8.11919313  0.76103832] -244.06347214893265
[ 6.46605908 -2.12396249  3.24651876  7.61134537  8.20288637  1.26042977] -244.21869769989146
[ 6.49808135 -1.8670844   3.39938054  7.35030955  8.031104    0.60870017] -244.0571163525785
[ 6.57227233 -1.86468213  3.53466965  7.51459278  8.53830022  0.70311709] -244.13484714173893
[ 6.46288832 -1.96416439  3.29977952  7.39685948  7.93702357  0.82359348] -244.06096299049545
[ 6.51863131 -1.90854689  3.49027757  7.30559037  7.83439955  0.7275247 ] -244.0103173077909
[ 6.54006041 -1.88475215  3.59824082  7.19629657  7.59428437  0.67358361] -244.0444308044649
[ 6.63717983 -1.70618216  3.4441041   7.26669991  7.97555311  0.5971086 ] -244.06472355642003
[ 6.42395356 -1.88005126  3.50245645  7.3247924   7.86254229  0.45585427] -244.06708820577782
[ 6.47231438 -1.87707673  3.4617133   7.34287675  7.93320091  0.57561675] -244.03105741384385
[ 6.34921543 -2.09898709  3.40370593  7.48061456  8.01804853  0.78648592] -244.1152455564397
[ 6.56518873 -1.80438339  3.43400456  7.32017857  7.98617697  0.64445293] -244.02633380426965
[ 6.58716213 -2.12942548  3.56608465  7.30730504  7.8300698   0.5836944 ] -244.09270014442058
[ 6.47733206 -1.81328413  3.38136754  7.38436505  8.04691229  0.71670234] -244.02833773891237
[ 6.56981041 -1.82287135  3.61329631  7.31633247  8.04886893  0.48550886] -244.04633205625723
[ 6.55852707 -1.90521366  3.58500055  7.3515567   7.96071015  0.6593384 ] -243.98965055527512
[ 6.58874993 -1.92427829  3.67781055  7.35218027  7.92551322  0.68465752] -243.9848233938775
[ 6.49311118 -1.98322902  3.39258953  7.39748305  7.90182665  0.8489126 ] -244.0355745843866
[ 6.47189415 -1.67953448  3.37343702  7.26463581  7.75012608  0.74497881] -244.05179038207677
[ 6.54288482 -1.98793237  3.52272225  7.39335061  8.03194436  0.6769773 ] -244.01080345938047
[ 6.56192256 -1.78860491  3.59670906  7.30203082  8.01755579  0.49306458] -244.04133897018497
[ 6.51031403 -1.93457299  3.44361941  7.37361999  7.93075893  0.7599506 ] -244.01086088468938
[ 6.59538591 -1.91392263  3.521554    7.36688487  7.98536753  0.82780504] -243.99225768156563
[ 6.62971952 -2.01126139  3.64862857  7.31956984  7.85114122  0.72375369] -244.0175885872701
[ 6.56337311 -2.08912146  3.66753289  7.38355341  7.86686464  0.82243669] -244.00928671706623
[ 6.47672685 -1.90819682  3.45921032  7.40548999  8.00714152  0.77603026] -244.007610988428
[ 6.58493661 -1.97609316  3.66941645  7.36206318  7.95298467  0.74519324] -243.98023191958993
[ 6.62224791 -1.99685324  3.78231497  7.35628477  7.96409755  0.73781457] -243.98264846788814
[ 6.56638308 -1.91878738  3.63921167  7.33190342  7.82547936  0.85090518] -243.9938512677132
[ 6.60655386 -2.00158635  3.72130106  7.42843468  8.02005076  0.84148462] -243.97942622069874
[ 6.65051513 -2.04810608  3.83681281  7.48985683  8.11287637  0.89846458] -244.00131045592022
[ 6.57620564 -1.79183341  3.56196846  7.36543206  8.03864772  0.75292194] -243.97619997196836
[ 6.58262191 -1.64318938  3.50918625  7.35637138  8.12453926  0.71816456] -244.00142200352286
[ 6.6960115  -1.93397025  3.80454374  7.33014283  7.9088729   0.79162559] -244.00311900847674
[ 6.64119033 -1.92752689  3.71821039  7.34897962  7.93344006  0.78772676] -243.98209047799722
[ 6.63129101 -1.92629287  3.65087529  7.40942147  8.12652197  0.69569119] -243.97892153407525
[ 6.61425656 -1.93528103  3.81164007  7.38861889  8.01368527  0.67475338] -243.9863463155551
[ 6.60953889 -1.92994143  3.73911855  7.38318538  8.00660583  0.71301629] -243.97393809396277
[ 6.62782218 -1.92681308  3.67581951  7.41365853  8.10057045  0.82735382] -243.9623333856733
[ 6.64735831 -1.92808048  3.674824    7.44439766  8.18809906  0.89870197] -243.96322189928307
[ 6.57092573 -1.92332654  3.62128939  7.43841881  8.14835374  0.73749361] -243.97663967752732
[ 6.62250916 -1.8571714   3.65404098  7.45078713  8.19393215  0.77746058] -243.96813113087805
[ 6.60621035 -1.78353989  3.57973633  7.39186645  8.18482652  0.65982786] -243.9937478582243
[ 6.60646798 -1.94707473  3.68590988  7.41929262  8.0612447   0.79607043] -243.96793433333906
[ 6.57319885 -1.86576066  3.6618403   7.41417004  8.05659623  0.83908103] -243.96863643569492
[ 6.63432184 -1.84953837  3.70494317  7.37708978  8.00417862  0.83114109] -243.97207163471973
[ 6.648414   -2.00026648  3.81192234  7.45396244  8.10239494  0.84178581] -243.97746831303058
[ 6.59425773 -1.84394168  3.62445693  7.38756465  8.05458452  0.7751379 ] -243.96719944922455
[ 6.60998702 -1.83349188  3.5965517   7.43766887  8.15042972  0.90239866] -243.96812193683863
[ 6.57709247 -1.90854611  3.5945966   7.46395751  8.20160731  0.80802639] -243.97409624553862
[ 6.6200145  -1.8642903   3.67735653  7.39880671  8.05353579  0.82536241] -243.96548964379753
[ 6.65382067 -1.8918337   3.64287155  7.42175613  8.14816955  0.79551357] -243.96919659963538
[ 6.59335431 -1.87227892  3.65709811  7.41606656  8.07948956  0.82818917] -243.96452817744677
[ 6.59479208 -1.9054588   3.65168991  7.37356552  7.9726861   0.87404355] -243.97003155035213
[ 6.61557989 -1.86924325  3.65345321  7.43148173  8.13862064  0.80160632] -243.96435796890762
[ 6.60917851 -1.94105544  3.72814635  7.3846214   8.01225216  0.71550803] -243.973229450182
[ 6.60978489 -1.86038277  3.62945037  7.424407    8.11588533  0.855676  ] -243.9639568302992
[ 6.61380319 -1.79857527  3.61996834  7.40470244  8.11965073  0.84170478] -243.9634008346048
[ 6.63252859 -1.88658619  3.67992509  7.44214301  8.14799964  0.88482626] -243.96104020675892
[ 6.65166402 -1.90790844  3.70765917  7.46943218  8.1947072   0.93967044] -243.96341659292273
[ 6.61094319 -1.87366952  3.62788168  7.44534638  8.18053633  0.85442304] -243.9630803006026
[ 6.64346634 -1.86614444  3.63840129  7.43784647  8.18826481  0.86034091] -243.96220369487642
[ 6.63053624 -1.86814717  3.63702889  7.42455288  8.14568179  0.90650195] -243.9619983681481
[ 6.64324835 -1.87959579  3.6635579   7.43167623  8.17834925  0.86937426] -243.9596083805683
[ 6.65998008 -1.88920229  3.68061167  7.43531085  8.20958121  0.87622339] -243.9609589156408
[ 6.64904511 -1.96841013  3.68756979  7.46037206  8.19415003  0.89256863] -243.96492190028223
[ 6.62261367 -1.84103398  3.6368687   7.41861985  8.13827555  0.85442075] -243.96080721976142
[ 6.65579527 -1.88243736  3.68265211  7.41081927  8.11917751  0.87984961] -243.96083979022578
[ 6.64824063 -1.81450189  3.63699182  7.4415607   8.20534574  0.92441742] -243.96184004550787
[ 6.63418791 -1.85795636  3.67394021  7.41861085  8.12334502  0.91278917] -243.9593841848654
[ 6.62954869 -1.85386232  3.69170967  7.40899304  8.09088512  0.9390133 ] -243.96148558657418
[ 6.64833523 -1.85255668  3.68761639  7.42992376  8.15848244  0.86872387] -243.95845689654772
[ 6.65723473 -1.84476144  3.71291015  7.43260919  8.16488277  0.84983483] -243.95999735325321
[ 6.63066237 -1.91888689  3.70452832  7.40903695  8.0831974   0.83224388] -243.96145677116814
[ 6.63505694 -1.89279064  3.6876442   7.41716789  8.11373448  0.85528727] -243.95928008550888
[ 6.6472172  -1.84887075  3.66416808  7.40012961  8.12912177  0.86198871] -243.95967736335072
[ 6.62109116 -1.8418307   3.65527972  7.42789012  8.16125867  0.86101173] -243.95875865742235
[ 6.65376526 -1.88349966  3.70720013  7.42317964  8.14982166  0.88863759] -243.9569547689537
[ 6.66934106 -1.90473249  3.74236585  7.42545954  8.15559471  0.90574602] -243.95781455864503
[ 6.63134442 -1.88720586  3.69424477  7.44935322  8.1658754   0.88995259] -243.95931948496326
[ 6.63134529 -1.85901751  3.7050839   7.42369892  8.11248997  0.88942649] -243.96078874070793
[ 6.64027258 -1.87445122  3.6739394   7.42968191  8.16188443  0.87438731] -243.9581781291301
[ 6.64243396 -1.88615523  3.69470133  7.44045466  8.18034068  0.83321095] -243.95868690054425
[ 6.64897396 -1.85655552  3.67454895  7.40674611  8.14263206  0.83713366] -243.9590670191513
[ 6.64990045 -1.83889236  3.67678445  7.43545751  8.20440549  0.86574777] -243.95695183556742
[ 6.65732221 -1.81194322  3.67135457  7.44460232  8.249741    0.87097802] -243.95773806926124
[ 6.63629226 -1.86923977  3.69062485  7.45544976  8.19609907  0.89343942] -243.9584532122481
[ 6.66924209 -1.89310093  3.7216758   7.44349229  8.18908592  0.88037057] -243.95761302081894
[ 6.65683533 -1.85109164  3.69124569  7.43194029  8.17291899  0.92389123] -243.95768724908734
[ 6.65376742 -1.88420184  3.69954038  7.44314338  8.19958941  0.90676743] -243.9569186759843
[ 6.65648352 -1.90002443  3.70550238  7.44975319  8.2201429   0.92578921] -243.95860260095367
[ 6.67163545 -1.87250612  3.69950376  7.41351524  8.16313624  0.88649455] -243.95933401749386
[ 6.64512806 -1.87005635  3.69284458  7.44496613  8.18785836  0.8917032 ] -243.95684486838212
[ 6.66927362 -1.86582971  3.72249094  7.44437784  8.20600885  0.91131862] -243.95550043035453
[ 6.68377414 -1.86151896  3.74676671  7.45172581  8.22807106  0.92978427] -243.95559996321634
[ 6.65685697 -1.89410198  3.71559974  7.4462653   8.20600424  0.85762383] -243.95656041232658
[ 6.64032184 -1.85242637  3.68314427  7.43563764  8.19547675  0.89356224] -243.95647172561394
[ 6.65131752 -1.85166989  3.68960132  7.46010296  8.24995938  0.88693677] -243.95674644024103
[ 6.6556547  -1.90053635  3.7242893   7.45604024  8.21056017  0.9168896 ] -243.95648748626542
[ 6.65241681 -1.86067171  3.709783    7.45265333  8.21903317  0.87924399] -243.9557080200237
[ 6.66348576 -1.87168898  3.72212494  7.45339298  8.24115582  0.89015515] -243.9550057511886
[ 6.67266462 -1.8725053   3.73676513  7.4576064   8.26780455  0.88938112] -243.95558242211425
[ 6.66135238 -1.89674848  3.73620941  7.43601948  8.17612029  0.89599437] -243.95599873573988
[ 6.6573114  -1.85519856  3.71708088  7.44644187  8.21011411  0.93809749] -243.95543611237747
[ 6.65906591 -1.83365158  3.70598852  7.43346747  8.20540949  0.88590103] -243.95472641939935
[ 6.66077151 -1.8002092   3.69683813  7.42218108  8.20283416  0.87040674] -243.9550536426538
[ 6.68064678 -1.87550331  3.75474829  7.45314668  8.22380383  0.90667464] -243.95554665288498
[ 6.66604772 -1.82409947  3.70786278  7.4584739   8.2590548   0.9078026 ] -243.95587814190546
[ 6.66487388 -1.84226172  3.71494944  7.4528603   8.23832117  0.90485055] -243.9549585769357
[ 6.67913564 -1.85403958  3.73601133  7.44190905  8.22257126  0.9330885 ] -243.95485190205795
[ 6.65040195 -1.83205341  3.68480039  7.43766982  8.21738974  0.91446247] -243.95605555358003
[ 6.67308558 -1.86464083  3.73726132  7.44927746  8.22220031  0.9086216 ] -243.9547178127894
[ 6.66304577 -1.84133071  3.72198121  7.44807187  8.24058187  0.90891948] -243.9540718220319
[ 6.65993185 -1.8290812   3.72172634  7.44991888  8.25786838  0.90771991] -243.95453737750228
[ 6.67691945 -1.84733924  3.7290247   7.44655117  8.24663253  0.87241461] -243.95467571035272
[ 6.67522298 -1.82273224  3.72628056  7.43731947  8.21741639  0.91444344] -243.95409205014408
[ 6.67728456 -1.84564967  3.73723311  7.43267187  8.21328278  0.90294567] -243.95413944481217
[ 6.66240577 -1.83107518  3.71657847  7.44054406  8.22593653  0.86466011] -243.95452057245492
[ 6.68358879 -1.85060437  3.75013127  7.45134449  8.24994064  0.90476728] -243.953936557876
[ 6.69585024 -1.85908077  3.77220265  7.46028301  8.27220622  0.9142004 ] -243.95412940026412
[ 6.6730702  -1.81493631  3.72314846  7.43622351  8.24239661  0.88076193] -243.95375356422002
[ 6.67306251 -1.79008405  3.71609203  7.42969653  8.25249476  0.8668321 ] -243.95527191842058
[ 6.66795324 -1.82143692  3.72942632  7.43550725  8.21655241  0.91975136] -243.95331961519256
[ 6.66347014 -1.80848575  3.72962713  7.42998528  8.20151235  0.94341974] -243.95482764337652
[ 6.68431608 -1.83448823  3.74615517  7.43983543  8.23412037  0.94586961] -243.9541896765252
[ 6.6788385  -1.83363497  3.738761    7.44001258  8.23207441  0.92556724] -243.95343922987735
[ 6.66995527 -1.81590883  3.72600983  7.45015452  8.253038    0.91512457] -243.95391015242598
[ 6.67026095 -1.83655179  3.73687213  7.44978528  8.26077826  0.90385385] -243.95389664311523
[ 6.68484321 -1.81636036  3.74613513  7.43960401  8.2443449   0.90768926] -243.95325021184357
[ 6.69574193 -1.80387518  3.75821209  7.43537008  8.24622642  0.90707414] -243.95375392284154
[ 6.66471833 -1.79567201  3.71665302  7.43241789  8.23312089  0.91281546] -243.95395564410813
[ 6.67887118 -1.83687128  3.74176171  7.44661284  8.2457357   0.90677932] -243.95316923251355
[ 6.68132382 -1.83735505  3.74602509  7.4324273   8.22758943  0.89967642] -243.95348954048546
[ 6.68470577 -1.81697983  3.73821377  7.42701055  8.20878623  0.90955466] -243.95440219669948
[ 6.67387215 -1.8316588   3.73720754  7.4440916   8.24778025  0.90527905] -243.95310249976413
[ 6.68216384 -1.84416948  3.75662381  7.44319502  8.22896243  0.94081895] -243.95378239551837
[ 6.67534361 -1.8222446   3.73151729  7.43796639  8.23903806  0.89577619] -243.95316363056142
[ 6.67191681 -1.81671393  3.72891125  7.44883759  8.24758582  0.92060439] -243.95390141072505
[ 6.67897207 -1.83219477  3.74174663  7.43652987  8.23258853  0.90490841] -243.95298228355955
[ 6.67444666 -1.81995394  3.73717055  7.4400914   8.24327221  0.88782729] -243.9530139211401
[ 6.68749638 -1.83165767  3.74908663  7.44612479  8.26770081  0.88300181] -243.95387542898436
[ 6.67283903 -1.8239921   3.7343414   7.43816163  8.22933951  0.91056397] -243.95301258008675
[ 6.66660502 -1.83927815  3.72844657  7.44154723  8.23490652  0.89602215] -243.95364194787965
[ 6.68028366 -1.8220898   3.74171299  7.44008982  8.24198531  0.90477248] -243.95309688929837
[ 6.67304788 -1.81384006  3.73280376  7.43236406  8.23226558  0.89626314] -243.95305912558516
[ 6.67581021 -1.82566522  3.74347699  7.43914307  8.23670573  0.9074286 ] -243.9527463224364
[ 6.67604351 -1.82737554  3.74945684  7.43973141  8.23553957  0.91325481] -243.95266892198134
[ 6.67800545 -1.81482327  3.74186985  7.43156447  8.22388332  0.90058432] -243.95294090548123
[ 6.67083453 -1.82197009  3.73741668  7.43272447  8.22364427  0.89969483] -243.9529954319928
[ 6.67733253 -1.83292985  3.74786356  7.44057036  8.23049021  0.90934807] -243.95284125171557
[ 6.67689572 -1.83114126  3.7470611   7.43300267  8.21522292  0.92495751] -243.95344894119012
[ 6.67505892 -1.82275077  3.73964318  7.43831922  8.23625989  0.89710985] -243.95280967114516
[ 6.67924331 -1.82668932  3.75165751  7.43498497  8.23146242  0.89773612] -243.952567864504
[ 6.68244545 -1.82803793  3.76031557  7.43339663  8.23252387  0.89132219] -243.95261462953667
[ 6.68405073 -1.83028441  3.75332918  7.44117563  8.23976371  0.90795236] -243.95298712385627
[ 6.68074668 -1.82820583  3.74935105  7.43906284  8.23573385  0.90588798] -243.95278237436952
[ 6.67650473 -1.81873009  3.75153404  7.43821455  8.23186789  0.9030653 ] -243.95276988443132
[ 6.67697111 -1.83740387  3.75463222  7.44539665  8.24323463  0.90821639] -243.95270534074484
[ 6.67752356 -1.82078863  3.75089473  7.43799952  8.24087587  0.89907541] -243.952660756523
[ 6.68061871 -1.83031365  3.76286561  7.4401441   8.23664485  0.91196882] -243.95255067056917
[ 6.68339861 -1.83409509  3.77447682  7.44105653  8.23683733  0.91939831] -243.95268175748888
[ 6.6748883  -1.8255612   3.7576626   7.43976089  8.23747456  0.90521764] -243.95243993269133
[ 6.6719591  -1.82423888  3.76181837  7.44010991  8.23834491  0.90488247] -243.95239103550827
[ 6.67761504 -1.8368732   3.75890772  7.44124097  8.24349952  0.90864604] -243.95268566007485
[ 6.6773633  -1.81802254  3.75723471  7.43267364  8.23222109  0.90363817] -243.95251279110252
[ 6.67663546 -1.81226965  3.75240153  7.43397355  8.22819671  0.90153923] -243.95270492504582
[ 6.67737014 -1.83072231  3.75728117  7.43942411  8.23967382  0.90686933] -243.9525250467553
[ 6.6786492  -1.82288291  3.76446052  7.43538067  8.23753475  0.89480197] -243.95243623054594
[ 6.67754436 -1.83016791  3.76754457  7.43623962  8.23108474  0.90755688] -243.952346995587
[ 6.67755477 -1.83485756  3.7758695   7.43535966  8.22618918  0.91179762] -243.95242113757558
[ 6.67525829 -1.82542675  3.77207747  7.43967239  8.2403723   0.91216976] -243.95251789978067
[ 6.67209609 -1.82017345  3.76394     7.43435602  8.23643235  0.89800404] -243.95247497230102
[ 6.67358664 -1.8162485   3.77174404  7.43338664  8.2323229   0.90014843] -243.95247260469517
[ 6.67514127 -1.81848465  3.7568366   7.43104311  8.22894128  0.89084089] -243.95278167619492
[ 6.67522904 -1.82369122  3.76826726  7.43751507  8.23751455  0.90683754] -243.95239953145796
[ 6.67232485 -1.82777842  3.77535688  7.43965566  8.23885698  0.90043895] -243.95243040156402
[ 6.67766831 -1.8281625   3.77245721  7.43973984  8.23545392  0.90688471] -243.95240815429858
[ 6.67753831 -1.83605878  3.7648909   7.44282695  8.24060705  0.90698574] -243.95247423207368
[ 6.67457456 -1.82120107  3.77003076  7.43574672  8.23439394  0.90185776] -243.95233234224125
[ 6.67111754 -1.82886376  3.77403116  7.44095493  8.23434826  0.91468413] -243.9525873447267
[ 6.67676628 -1.82437812  3.76685318  7.43677424  8.23673813  0.89977251] -243.95232420956367
[ 6.67892237 -1.82283482  3.76030024  7.43571947  8.23231975  0.90882501] -243.95252477544125
[ 6.67397423 -1.82654252  3.77159272  7.43867161  8.23722267  0.90253546] -243.95236556177753
[ 6.67234755 -1.82191074  3.76291174  7.43527922  8.23631239  0.9009295 ] -243.9524426596856
[ 6.67633812 -1.82659956  3.77007085  7.43862468  8.23566854  0.9053959 ] -243.9523578190694
[ 6.67515651 -1.82735146  3.76770289  7.43787386  8.23363643  0.90049612] -243.95229763988317
[ 6.67512025 -1.82918158  3.76742071  7.43805325  8.23169737  0.89732541] -243.95228720590097
[ 6.67948017 -1.82845138  3.77601923  7.43459346  8.23059022  0.89993217] -243.95229195969918
[ 6.67930035 -1.82678402  3.76772038  7.43467237  8.22950164  0.90141141] -243.95229797771245
[ 6.67792387 -1.82678847  3.76845877  7.43340187  8.22900014  0.89722281] -243.95259166108713
[ 6.67673456 -1.82664679  3.76966783  7.43731898  8.23400144  0.90335263] -243.95231862287733
[ 6.67644769 -1.82204641  3.77169279  7.43614672  8.23455617  0.89366041] -243.95239658374476
[ 6.6772702  -1.82813754  3.76858163  7.43621639  8.2319526   0.90408276] -243.95229184542322
[ 6.68031605 -1.83332541  3.76872356  7.43679618  8.2304332   0.90010121] -243.95236012242069
[ 6.67600993 -1.82423215  3.76970396  7.43600908  8.23340375  0.90141862] -243.9523031920861
[ 6.6778722  -1.8300997   3.77285139  7.43551361  8.22697755  0.90273516] -243.95228286588429
[ 6.67842516 -1.83296049  3.7758505   7.43488329  8.22209726  0.90421648] -243.95235551026371
[ 6.67828314 -1.828982    3.77109794  7.43436708  8.22737294  0.89894921] -243.9522535321742
[ 6.67905743 -1.83014961  3.771813    7.43289113  8.22405869  0.89674751] -243.95260248485226
[ 6.67976551 -1.83297992  3.77152647  7.43512964  8.22596036  0.90006009] -243.95233376045735
[ 6.67694882 -1.8264191   3.77015959  7.43578922  8.2315429   0.90107899] -243.95226709762625
[ 6.67569124 -1.83030641  3.77432311  7.43683863  8.23054289  0.89995649] -243.9522841398604
[ 6.67424845 -1.8292574   3.7654589   7.43766594  8.22943853  0.90144384] -243.95229106600527
[ 6.67545117 -1.82994453  3.77185559  7.43652618  8.22723812  0.8964136 ] -243.95227998733057
[ 6.67887382 -1.82905371  3.77711055  7.43469672  8.22901873  0.89737578] -243.9522820922805
[ 6.67925322 -1.82908689  3.77837868  7.43319056  8.225867    0.901511  ] -243.9526386468617
[ 6.67615349 -1.82915791  3.7701602   7.43683758  8.23023978  0.8983718 ] -243.95226795013434
[ 6.67883631 -1.82757924  3.77008864  7.43440483  8.22692045  0.8983517 ] -243.95228360586523
[ 6.67805004 -1.82826103  3.77114726  7.43501328  8.22782606  0.89875289] -243.95225952277363
[ 6.67671463 -1.82717306  3.77099231  7.43556308  8.23076863  0.8942456 ] -243.95226379554114
[ 6.67499328 -1.82759217  3.76469375  7.43666875  8.22931075  0.89856159] -243.9522768855258
[ 6.6782633  -1.82591723  3.76756143  7.43488681  8.23178223  0.90023976] -243.95229313646422
[ 6.67615421 -1.8289377   3.77078205  7.43611634  8.22837415  0.89737014] -243.95225816747927
[ 6.67910817 -1.8287181   3.7767527   7.43456011  8.2293974   0.89769463] -243.95227641823087
[ 6.67807945 -1.82843662  3.77373796  7.43508727  8.22937574  0.89791137] -243.9522571568372
[ 6.67858994 -1.82691192  3.77247883  7.43380784  8.22818036  0.89773093] -243.9522477363558
[ 6.67980816 -1.82578893  3.77363815  7.43229298  8.22715065  0.89741049] -243.95269331304686
[ 6.67834165 -1.82981502  3.77325253  7.43419574  8.22575639  0.89390773] -243.95226340910511
[ 6.67911817 -1.8299417   3.77317321  7.43396611  8.22485992  0.90062849] -243.95228790088694
[ 6.67731552 -1.82786522  3.77153754  7.43516384  8.22929145  0.89584132] -243.95224980530404
[ 6.67714912 -1.82664982  3.77034133  7.43565614  8.23105051  0.90161089] -243.95228053702417
[ 6.67804351 -1.82902372  3.77252473  7.43456084  8.22707992  0.89583352] -243.95225984231408
[ 6.67744725 -1.82744112  3.77106913  7.43529104  8.22972698  0.8996851 ] -243.95225612218937
[ 6.67723979 -1.8279305   3.77242056  7.43493119  8.22961448  0.89707646] -243.95224562840608
[ 6.67683466 -1.82776523  3.77305721  7.43489014  8.23050869  0.89623825] -243.95226193647562
[ 6.67949749 -1.82691809  3.77333194  7.43343308  8.22947983  0.89836133] -243.95226553106392
[ 6.67699003 -1.8284328   3.77141952  7.43544552  8.22865057  0.89761794] -243.95225015070307
[ 6.67720911 -1.8274179   3.76960321  7.43458157  8.22823652  0.89772229] -243.95224092614677
[ 6.67677394 -1.82690855  3.76753583  7.43432872  8.22766691  0.89762775] -243.95224310108762
[ 6.67776192 -1.82840567  3.7717834   7.4341413   8.22738846  0.89529428] -243.95223754277274
[ 6.67791926 -1.82888794  3.77214054  7.43356644  8.2262192   0.89309887] -243.95257848594872
[ 6.67675229 -1.82667267  3.77198308  7.43499001  8.22974768  0.89481186] -243.95225683000666
[ 6.67790043 -1.82840467  3.77131923  7.43452281  8.22796662  0.89791488] -243.952248924859
[ 6.67834888 -1.82721249  3.77162807  7.43360399  8.22824206  0.89624212] -243.95224075108695
[ 6.67836784 -1.8275625   3.77154023  7.43336573  8.22725138  0.89815233] -243.95259138743072
[ 6.6775786  -1.82778954  3.77153821  7.43471431  8.22878143  0.89641907] -243.95224966163008
[ 6.67810476 -1.82763818  3.77153956  7.43381526  8.2277614   0.89757458] -243.95223244421774
[ 6.67836784 -1.8275625   3.77154023  7.43336573  8.22725138  0.89815233] -243.95259138743094
[ 6.67785103 -1.82676755  3.77183199  7.43377091  8.2285078   0.89596535] -243.95224001838358
[ 6.67691522 -1.82821217  3.77045676  7.43447356  8.22840321  0.89556076] -243.9522368085981
[ 6.67815719 -1.82728749  3.76986044  7.43319768  8.22656534  0.89570999] -243.95258213791288
[ 6.67746914 -1.82776975  3.77178053  7.43449781  8.22885219  0.89673485] -243.95225454066997
[ 6.67750999 -1.82792518  3.77099816  7.43414441  8.22808231  0.89656767] -243.95223228387454
[ 6.67793334 -1.82802192  3.77166148  7.43397828  8.22757493  0.89643443] -243.95224182908447
[ 6.6779779  -1.82720287  3.77168577  7.43379308  8.2281346   0.89676996] -243.95224180542647
[ 6.67822682 -1.82742534  3.77158381  7.43370962  8.22800173  0.89690835] -243.95224145363625
[ 6.67765693 -1.82752804  3.77057138  7.43419841  8.22799896  0.89764843] -243.95224015002367
[ 6.67767227 -1.82778434  3.77198006  7.43437322  8.22868794  0.89732552] -243.952238954868
[ 6.67778288 -1.82714606  3.77112477  7.43403306  8.22864738  0.89783041] -243.95224678262107
[ 6.67789573 -1.82780296  3.7715273   7.43399197  8.22784304  0.89678342] -243.95223698895109
[ 6.67771094 -1.82816514  3.77104765  7.43428455  8.22799052  0.89749936] -243.95222932093355
[ 6.67757746 -1.82864628  3.77072859  7.43453029  8.22791849  0.89786407] -243.95224064506195
[ 6.67729006 -1.82818927  3.77097089  7.43455965  8.22811966  0.89755798] -243.95223779955612
[ 6.67773765 -1.82830698  3.77211649  7.43419128  8.22816266  0.89678775] -243.95224220527797
[ 6.67767711 -1.82772278  3.77095766  7.43419663  8.22803989  0.89743326] -243.95223329529108
[ 6.67772392 -1.82803016  3.77036702  7.4339576   8.22725767  0.89714657] -243.9522406589246
[ 6.67768518 -1.82784579  3.7715768   7.43426932  8.22833037  0.89728078] -243.9522441258763
[ 6.67761046 -1.82804516  3.77102291  7.43421448  8.22803642  0.89703352] -243.95223365328877
[ 6.67790785 -1.82790166  3.7712936   7.4340499   8.22787596  0.89753697] -243.95224726071726
[ 6.67769402 -1.82794396  3.77100266  7.43424059  8.22801521  0.89746631] -243.95224317410785
[ 6.67780333 -1.82798405  3.77128748  7.43413826  8.22791678  0.89714139] -243.95223769101923
[ 6.6775005  -1.82817721  3.77100927  7.4344221   8.22805509  0.89752867] -243.9522513423642
[ 6.6776916  -1.82797474  3.77151386  7.43432889  8.22833923  0.89741244] -243.95224875976044
[ 6.67797224 -1.8278277   3.77138011  7.43399679  8.22800295  0.89716799] -243.9522334836897
[ 6.67787468 -1.82798115  3.77083095  7.43397931  8.22760671  0.89720274] -243.95224558522858
[ 6.67764738 -1.82808072  3.77089698  7.43423476  8.22798024  0.8969668 ] -243.95224394105907
[ 6.67760478 -1.82803443  3.77138165  7.4343905   8.22837399  0.89722239] -243.95225755980687
[ 6.6778072  -1.82799447  3.77096862  7.43408211  8.22779853  0.89720765] -243.95224122466362
[ 6.67788536 -1.8279061   3.7713395   7.43408417  8.2279399   0.89753861] -243.952243905337
[ 6.67782586 -1.82794976  3.77122887  7.43412182  8.22794999  0.89739566] -243.9522472398294
[ 6.67784159 -1.82799642  3.77121388  7.43414067  8.22799674  0.89733368] -243.95224042974883
[ 6.6776607  -1.82810515  3.77103528  7.43424952  8.22801347  0.89726644] -243.95224071070157
[ 6.67775713 -1.8280746   3.77116757  7.43421141  8.22795365  0.89732038] -243.95223396314483
[ 6.67775907 -1.82807981  3.77100814  7.43418333  8.22789453  0.89735351] -243.95224440331668
[ 6.67770248 -1.82805455  3.77102515  7.43426257  8.22800286  0.89748284] -243.95224265716163
[ 6.67767916 -1.82812293  3.77097232  7.43425965  8.22798538  0.89723308] -243.95224299016502
[ 6.6776916  -1.82809313  3.77114581  7.43428613  8.22808635  0.89735842] -243.95224608483127
[ 6.6777422  -1.82808314  3.77104256  7.43420903  8.22794248  0.89735474] -243.95223596174972
[ 6.67779252 -1.82803673  3.77120505  7.43419293  8.2279812   0.8975194 ] -243.95224429531453
[ 6.6777075  -1.82810138  3.7710305   7.43424297  8.22798433  0.89730466] -243.95224648668577
[ 6.67773403 -1.82811987  3.77110761  7.43424798  8.22797209  0.89740987] -243.9522388342967
[ 6.67772657 -1.82812414  3.7710451   7.43424679  8.2279665   0.89742705] -243.95224004454633
[ 6.67777626 -1.82808078  3.77113077  7.43421261  8.22799363  0.89741652] -243.95224492383537
[ 6.67768582 -1.82813515  3.77104147  7.43426703  8.228002    0.8973829 ] -243.95223604167447
[ 6.67770671 -1.82810985  3.7710364   7.43427356  8.22799669  0.8974911 ] -243.9522333627691
[ 6.67769505 -1.82814404  3.77100998  7.4342721   8.22798795  0.89736622] -243.95223901271004
[ 6.67764344 -1.82818528  3.77096531  7.43431806  8.22797829  0.89744232] -243.95223794271516
[ 6.67766543 -1.8281623   3.77102437  7.43430764  8.22800935  0.89743688] -243.9522384026463
[ 6.67768708 -1.82814849  3.77106428  7.43429417  8.22799503  0.89752125] -243.95224334569903
[ 6.67769305 -1.82814515  3.77102356  7.43427762  8.22798972  0.89740498] -243.9522392830621
[ 6.67770882 -1.82813749  3.77104203  7.43427906  8.22799361  0.89749523] -243.95223953598222
[ 6.67769838 -1.82815014  3.77104456  7.43427579  8.22799626  0.89744113] -243.9522338686198
[ 6.67767719 -1.82817521  3.77100648  7.43430131  8.22798441  0.89747084] -243.95223431682487
[ 6.67768818 -1.82816372  3.77103601  7.4342961   8.22799993  0.89746812] -243.95223416773734
[ 6.67772249 -1.82814251  3.77107763  7.43426627  8.22798131  0.89745462] -243.95224470793633
[ 6.67770299 -1.82815459  3.77102882  7.43427833  8.22798924  0.89743279] -243.95224410822146
