[ 0.98597559 -0.22544066 -0.29457884 -0.14754166 -1.01822569  0.31970134] -231.42507752444723
[-1.32803504  1.4071959   0.98978653 -0.38008416  1.03099177 -0.13046679] -241.47265906306075
[-0.55330332  0.26474377  1.35658055 -0.45935084 -0.43051826  0.82681529] -231.38260208127167
[ 0.96064743 -0.88462516 -1.01440398 -1.22412014 -2.01378502 -0.21906881] -253.31692590594417
[ 0.04861987  0.98058925  2.3593195   1.95250671  1.42047189 -0.40088252] -245.6288262821231
[ 0.68153626  0.10384944 -0.51333144  0.01140442  0.7163686  -0.1941675 ] -227.9854047516892
[ 0.49167613 -0.21495592  0.43360979  1.66938975 -0.02389904  0.30486791] -233.44985182111566
[-0.85182426  1.65661909  2.45819934  2.1062282   2.57884811  0.46102472] -278.7994943085196
[ 0.50752951 -0.2493141  -0.14625315 -0.39153305 -0.86562674 -0.04904543] -229.66112750090323
[ 0.21317317 -0.6185631  -1.75071503 -1.85174522 -1.61744168  0.76011746] -252.18433888045496
[ 0.0897582   0.58080116  1.33181087  1.00144372  0.6609935  -0.11063252] -233.15952197994562
[ 2.06242583 -1.32063466 -0.26717393  0.94135494 -1.35129432  0.49631315] -240.2637489501384
[ 1.21481061 -0.63867702  0.04706618  0.61099517 -0.75572279  0.33961817] -230.19853656498975
[ 0.48375948  0.16027678  0.16015494 -1.46091717 -0.54034475  0.07256188] -227.97484107877847
[ 0.47980116  0.34789313  0.02342751 -3.02607063 -0.7985676  -0.04359114] -243.68517688813867
[ 1.01701118 -0.77565509 -1.12859813 -1.6137581  -1.62568338  0.54912711] -247.18909744055566
[0.32157144 0.2416871  0.71670862 0.34764327 0.08932428 0.05430738] -227.3197778265875
[-0.10067426  0.18629598  0.83488741 -0.29971108  0.42271914  0.03032859] -226.93915703967377
[-0.64399918  0.3921643   1.39962053 -0.37579579  1.14319155 -0.11435778] -234.05053496253353
[ 1.589481   -0.33003771 -0.9901697   0.06531136  0.11942417 -0.74228092] -227.1596454152204
[-0.0537428   0.67626285 -0.02640062 -1.18692925  0.73634436 -0.61571683] -226.5110365344321
[-0.6880195   1.33373279 -0.06313403 -2.08589146  1.48237794 -1.09338433] -232.41461676111484
[ 0.46644754  0.59542558  0.20686955 -0.4495331   1.38023867 -0.41594371] -233.15667185829062
[ 0.49725902 -0.03812918 -0.05797247 -0.40603306 -0.30416039 -0.14077   ] -225.67218652349663
[ 0.23101503  0.19493584  0.72573417 -0.99161639 -0.54193299 -0.25302247] -227.08897071771761
[ 0.34454366  0.15006151  0.2407742   0.63713878  0.71425094 -0.62827996] -228.4589808739531
[ 0.44895553  0.15772296  0.18030975 -0.93640318 -0.22669583 -0.10264858] -225.18372160725576
[ 0.54919306  0.04066315 -0.49457911 -1.59943713 -0.02075813 -0.66234412] -225.63572092394477
[-1.06547914  0.73595491  1.37749607 -1.87202139 -0.09758545  0.16088979] -231.63059311098763
[ 0.92574097 -0.06353956 -0.39825326 -0.41902183  0.06517176 -0.51648825] -224.75592267678485
[ 0.52456214  0.1248229  -0.71307027 -0.62422878  0.76613997 -0.41619059] -227.50875648207574
[ 0.30440181  0.1774076   0.36603306 -0.89976949 -0.21491475 -0.2938145 ] -225.00132018761911
[ 0.99127679  0.13049996 -0.97850829 -1.51615357 -0.4110568  -0.80758935] -228.9531491465717
[ 0.1723135   0.17234698  0.38153848 -0.6038217   0.21427515 -0.17915089] -224.8543903139533
[ 1.01969743 -0.52743887  0.01875944 -0.43456621 -0.89870509 -0.01602195] -229.47311338467884
[ 0.21461726  0.37533742 -0.01511061 -0.99883849  0.327582   -0.46579311] -224.6876074688036
[ 0.3744817   0.32477536  0.06461858 -1.41306421  0.35238045 -0.59930982] -224.18903553676532
[ 0.31309304  0.50622763  0.1259141  -1.91657978  0.68065088 -0.82857973] -224.8595474833497
[ 0.26431052  0.34068711  0.68762445 -0.15753583  0.19335772 -0.05672426] -225.95890693311338
[ 0.47797243  0.11566914 -0.19902822 -1.23896181  0.03277083 -0.51093916] -224.53785932915227
[ 0.37422036  0.20960935 -0.11371041 -0.92142266  0.48578431 -0.75251666] -224.4710705931332
[ 0.54204693  0.20065863 -0.4593482  -0.96527408  0.70756959 -0.71425146] -225.88450612731884
[ 0.36381309  0.18322036  0.15968774 -0.91614564  0.01570633 -0.39892374] -224.30581376827524
[ 0.73796843  0.20934372 -0.54880387 -1.36532984  0.21219008 -0.90217269] -224.9337089807219
[ 0.31372723  0.18159616  0.14895289 -0.79419874  0.21375389 -0.35990634] -224.329710937405
[-0.21946361  0.52694216  0.41338991 -1.67518869  0.41082084 -0.51264136] -224.96267449397214
[ 0.63943982  0.08408087 -0.19534246 -0.73306354  0.15158403 -0.51552653] -224.2796385288556
[ 0.63326762 -0.00902034 -0.02983002 -1.00678037  0.08974462 -0.5799143 ] -223.92372204678878
[ 0.8425928  -0.20119922 -0.03718973 -1.01075132 -0.02917407 -0.6369749 ] -224.12618260699142
[ 0.42167751  0.20908478  0.210487   -0.68926325  0.40354704 -0.55775998] -224.3319335283427
[ 0.54124863  0.11496971  0.23323498 -0.92941592 -0.07687886 -0.25126358] -224.35897203122153
[ 0.49949156  0.13862962  0.14649864 -0.92741761  0.06378694 -0.37657685] -224.09124749015146
[ 0.5197295   0.09200923 -0.11229188 -1.24096012 -0.10789496 -0.38562589] -224.9026697829172
[ 0.44619051  0.17981589  0.12979228 -0.82718747  0.27568654 -0.51472645] -224.06585397218
[ 0.6718342   0.11890443 -0.05714464 -1.14702088  0.10254242 -0.63508622] -224.0732643217622
[ 0.72442204  0.09584159 -0.14015695 -1.10203239  0.32953534 -0.67478965] -224.15204158877432
[ 0.47712272  0.19890131  0.23326842 -1.4081041   0.25297474 -0.61127457] -223.81420565918734
[ 0.39596417  0.25631154  0.44757387 -1.74562438  0.30367009 -0.6591486 ] -223.9482318035329
[ 0.77629452 -0.08375119  0.029524   -0.72645006  0.01904308 -0.53147953] -223.9390421471098
[ 0.443645    0.08531832  0.29085984 -0.91228777 -0.06160922 -0.40822966] -224.17607141275334
[ 0.65422778  0.09321077 -0.03240275 -1.05459623  0.2317492  -0.60814965] -223.93309551440828
[ 0.72015422  0.02739067 -0.05542954 -1.12929543  0.2601266  -0.7836334 ] -223.8228840671433
[ 0.56391826  0.01661128  0.14878544 -0.90378368  0.27389917 -0.57463975] -223.687429621861
[ 0.50996029 -0.0345353   0.25175048 -0.78216508  0.35957754 -0.54441651] -223.74503257635212
[ 0.82880453 -0.09870173 -0.03182043 -1.24914916  0.10015925 -0.71497062] -224.0763373307015
[ 0.54184401  0.11018649  0.0893891  -0.93267789  0.23180472 -0.56478749] -223.83220229135628
[ 0.42055035  0.22951125  0.08840289 -1.41862918  0.42772327 -0.70932019] -224.00970419255955
[ 0.68735848 -0.00543558  0.04424372 -0.89949484  0.12121313 -0.5759397 ] -223.79756990301703
[ 0.55366065  0.01966717  0.17587846 -1.03878254  0.17817179 -0.62191342] -223.58609389105033
[ 0.50337709 -0.01710463  0.28001907 -1.03087569  0.15138309 -0.6287953 ] -223.4684329656143
[ 0.53132397  0.11920352  0.27658875 -1.09463016  0.34072253 -0.66644243] -223.57977289222484
[ 0.6192409   0.00300237  0.21976952 -1.22271674  0.23496836 -0.71545422] -223.4965515984394
[ 0.40729292  0.07766875  0.45632118 -1.05723964  0.19826041 -0.47388193] -223.59192725336254
[ 0.62704782 -0.13425275  0.24197414 -0.66147615  0.18717416 -0.6004432 ] -223.4861437909506
[ 0.39670851  0.02714509  0.49690898 -1.09074585  0.34092278 -0.64394592] -223.3603423994419
[ 0.25138352  0.04343543  0.72324161 -1.18637136  0.45077761 -0.67794902] -223.37536891127573
[ 0.46441214  0.00860951  0.50840844 -1.14877773  0.21057794 -0.66834792] -223.2514919129104
[ 0.41465909  0.00460863  0.68821994 -1.27127476  0.17891732 -0.715202  ] -223.21538653612703
[ 0.62349287 -0.07680134  0.27817229 -1.06666681  0.279769   -0.84954577] -223.2097969451488
[ 0.73159285 -0.15403639  0.18909784 -1.0713804   0.3205233  -1.03737769] -223.20960753123197
[ 0.56621811 -0.20941608  0.42874107 -1.02152637  0.13057381 -0.78063034] -223.09984082583878
[ 0.58366518 -0.37372588  0.50481723 -0.98497447  0.02549945 -0.8377243 ] -223.13521843149766
[ 0.46062692 -0.16402108  0.55521749 -0.82637633  0.20152979 -0.75334393] -223.04290280794245
[ 0.38131993 -0.2475328   0.72294148 -0.62820612  0.18481051 -0.77228878] -223.10535882233341
[ 0.39734637 -0.03668874  0.63742733 -1.44258364  0.25410921 -0.91932186] -223.12798513970506
[ 0.48567353 -0.16036489  0.71851849 -1.2104201   0.32414232 -0.98781194] -222.72878305025208
[ 0.47682175 -0.23199502  0.9377682  -1.3001923   0.41052193 -1.16732026] -222.5353776047713
[ 0.61904652 -0.29099466  0.64858165 -1.22036542  0.15780234 -1.14711945] -222.84534141317363
[ 0.66922508 -0.36699262  0.44405791 -1.02286672  0.31276947 -1.21983584] -222.69169783448007
[ 0.33150207 -0.27933301  1.02816671 -1.20658986  0.16857888 -0.95847954] -222.8254006678894
[ 0.64380045 -0.47756208  0.71008368 -0.75672202  0.20648287 -1.08958793] -222.50899658303047
[ 0.76702749 -0.69799875  0.74641186 -0.41379121  0.18266969 -1.17472097] -222.5547614469155
[ 0.50078948 -0.39421674  1.01255081 -1.08951119  0.35532129 -1.33126531] -222.29778349095764
[ 0.46807517 -0.48661707  1.30445568 -1.1235036   0.46769502 -1.60658279] -222.2144339066002
[ 0.60886342 -0.54714374  1.13582045 -1.38370365  0.37308705 -1.64296467] -222.45617497097007
[ 0.44704946 -0.50555319  1.20486923 -1.04416063  0.48857606 -1.4144709 ] -222.2547906000424
[ 0.77310971 -0.59262157  0.884185   -1.00379311  0.58446525 -1.75510792] -222.5537084040173
[ 0.4700149  -0.58017161  1.61500283 -1.18115838  0.53083992 -1.67217565] -222.27530862894912
[ 0.26509867 -0.35039267  1.41848169 -1.25935375  0.24126903 -1.10925948] -222.69736541005489
[ 0.64610695 -0.53206434  1.01775917 -1.06768327  0.49866619 -1.59364581] -222.29091162235255
[ 0.61781504 -0.81104232  1.39156215 -0.88545155  0.44459378 -1.83915565] -222.133497483004
[ 0.68831169 -1.10056596  1.61845913 -0.67808117  0.4616297  -2.17507335] -222.36485853872642
[ 0.44217454 -0.67663534  1.84640615 -1.47183167  0.72800314 -2.1667439 ] -222.78836205512758
[ 0.59339397 -0.52733039  0.9941643  -0.93549943  0.33686293 -1.35887692] -222.2200732907694
[ 0.47195508 -0.60044923  1.37345067 -0.69544864  0.54932426 -1.51867123] -222.44450209934092
[ 0.50618216 -0.58712286  1.31404312 -0.86751239  0.50526495 -1.54974459] -222.23753124245906
[ 0.38806995 -0.63388147  1.59027326 -0.94474539  0.42594469 -1.55335636] -222.2634983097468
[ 0.53684702 -0.60367749  0.98478641 -0.75246595  0.3588059  -1.43522008] -222.21833969435045
[ 0.66838432 -0.53989964  0.80768703 -0.92478579  0.44132152 -1.51466062] -222.32884437427958
[ 0.45814854 -0.61038601  1.39462671 -0.93975549  0.4297889  -1.54368242] -222.1678497515141
[ 0.61310451 -0.70317219  1.25634356 -0.79056884  0.35909443 -1.69661659] -222.12263348995904
[ 0.69613203 -0.8019817   1.28208072 -0.66377294  0.29435362 -1.83768943] -222.2030437521815
[ 0.58961259 -0.66028563  1.12793649 -0.94156923  0.29368203 -1.61030022] -222.18126263767562
[ 0.50114032 -0.76439651  1.49240603 -0.87560545  0.44769042 -1.88497566] -222.1791044430922
[ 0.54578504 -0.74162242  1.67099045 -1.09968543  0.45537563 -1.95855103] -222.2840479246051
[ 0.53908152 -0.63816372  1.15633742 -0.83927082  0.38294833 -1.56605282] -222.13735873550604
[ 0.63822567 -0.90919839  1.30194844 -0.63390353  0.31823761 -1.77367834] -222.16840403833768
[ 0.53289261 -0.81850075  1.53647162 -0.71328266  0.50043579 -1.82442027] -222.2422239212595
[ 0.57543259 -0.69983941  1.23007027 -0.88449759  0.34537047 -1.66383024] -222.12330929384683
[ 0.64612897 -0.69287084  1.08455682 -0.78221049  0.31232075 -1.47602969] -222.14924888075723
[ 0.51167806 -0.47595977  1.20255053 -1.07334806  0.43980128 -1.4881108 ] -222.206605927059
[ 0.60658876 -0.80088874  1.27709896 -0.74376466  0.34862853 -1.70228645] -222.1188992609589
[ 0.74123526 -0.83827306  1.07069636 -0.70216582  0.30119653 -1.77097472] -222.20705221503093
[ 0.52892022 -0.66735777  1.31364412 -0.88035807  0.39764081 -1.6005055 ] -222.11968474270893
[ 0.51418524 -0.74728388  1.45712867 -0.89242669  0.4471047  -1.88011939] -222.16783235024326
[ 0.61314304 -0.7064741   1.17769978 -0.80976454  0.34601674 -1.57705211] -222.11704398399212
[ 0.64591987 -0.82476112  1.39246886 -0.82553093  0.36416659 -1.79376269] -222.13011784410875
[ 0.57655462 -0.65645546  1.15754637 -0.75937666  0.27571208 -1.50552887] -222.17950571002953
[ 0.60749994 -0.7723956   1.3330582  -0.85393282  0.40237335 -1.75574896] -222.11036170070872
[ 0.53564315 -0.62528149  1.13683611 -0.82876458  0.36887486 -1.53825059] -222.1471678268655
[ 0.61835069 -0.77489121  1.32856067 -0.82633934  0.36534366 -1.72988467] -222.1125558196989
[ 0.62043646 -0.77522046  1.33206483 -0.75041184  0.3943287  -1.69020119] -222.1142970499909
[ 0.58520853 -0.79590377  1.33103197 -0.83095492  0.39234949 -1.65527637] -222.09539975710254
[ 0.57126054 -0.84226956  1.36837617 -0.85114796  0.40897702 -1.63460626] -222.09149774985357
[ 0.68350626 -0.89002212  1.29197542 -0.73142898  0.35758186 -1.76275438] -222.12762528214924
[ 0.56756673 -0.72302386  1.30822694 -0.8431258   0.38762607 -1.64106772] -222.10566984002207
[ 0.59283037 -0.73053619  1.33889657 -0.90114277  0.41959332 -1.64056719] -222.10328424684374
[ 0.5795052  -0.83297153  1.49202801 -0.86560231  0.44673063 -1.78697321] -222.13249070602743
[ 0.60473358 -0.73809846  1.25628184 -0.82372398  0.37119521 -1.62953239] -222.10274882899859
[ 0.56697749 -0.75185117  1.31240197 -0.94939239  0.39070751 -1.6536012 ] -222.10344359249405
[ 0.55193886 -0.7445004   1.3105199  -0.91448257  0.42814718 -1.58848991] -222.1016253801323
[ 0.54426925 -0.73769761  1.29850959 -0.90707233  0.39970875 -1.5068726 ] -222.10125870181787
[ 0.57643663 -0.7919606   1.32010174 -0.93919487  0.41848359 -1.57682213] -222.09409082494363
[ 0.58017892 -0.77650311  1.3184933  -0.82952911  0.42466085 -1.53869562] -222.1068389834485
[ 0.57027785 -0.75801415  1.3139248  -0.91942657  0.39919585 -1.62487481] -222.0959522926915
[ 0.54680854 -0.8069774   1.28367478 -0.88387332  0.38897588 -1.54649885] -222.0897810246514
[ 0.52379762 -0.845198    1.25606388 -0.8752386   0.37366716 -1.49946468] -222.0939609885008
[ 0.51559698 -0.82237478  1.37542048 -0.9813419   0.44330088 -1.5298558 ] -222.1044856059096
[ 0.58244943 -0.75916754  1.2860665  -0.86312846  0.38922163 -1.60461324] -222.0942628032603
[ 0.57856189 -0.82086189  1.3130313  -0.87346527  0.37337373 -1.57627272] -222.08879302398168
[ 0.5918734  -0.85904263  1.314287   -0.85295662  0.34598701 -1.57016413] -222.09545118690272
[ 0.59766237 -0.8553861   1.32988217 -0.86967315  0.39303382 -1.68102341] -222.0934354696017
[ 0.58078195 -0.86752688  1.31978608 -0.84073444  0.39149271 -1.5817374 ] -222.0856958878652
[ 0.58603401 -0.92228324  1.32271672 -0.80138838  0.38764115 -1.56016869] -222.08837887468573
[ 0.56805455 -0.90249327  1.35888424 -0.88956788  0.40222396 -1.59437368] -222.08724717712818
[ 0.57127331 -0.90654443  1.33777651 -0.79695914  0.36754212 -1.62801531] -222.09515411172933
[ 0.5751458  -0.82060656  1.32452043 -0.90363594  0.40574822 -1.58962043] -222.0882006790472
[ 0.54254205 -0.83152575  1.32620883 -0.87780179  0.39723003 -1.49334637] -222.09203154496453
[ 0.55632213 -0.83749084  1.32712717 -0.87576963  0.39618098 -1.54026563] -222.08754318623275
[ 0.56396441 -0.84304939  1.27396516 -0.9045342   0.37702147 -1.50831664] -222.08979371554966
[ 0.56578844 -0.84285443  1.29756791 -0.89118764  0.38501036 -1.53988904] -222.08669313111955
[ 0.59474305 -0.89030055  1.3632976  -0.87424694  0.39570077 -1.59422079] -222.08746236411997
[ 0.56838342 -0.89956229  1.35069651 -0.88491555  0.41874527 -1.5704296 ] -222.08803357486633
[ 0.56954538 -0.92613619  1.34793274 -0.84850476  0.39070313 -1.55068495] -222.08681469039055
[ 0.57669508 -0.85603843  1.3208354  -0.85508821  0.3683587  -1.56329423] -222.08810768463482
[ 0.57046134 -0.88868133  1.34323124 -0.87745872  0.40614863 -1.56864576] -222.08591712508525
[ 0.59346944 -0.93517338  1.34977277 -0.86479716  0.39424555 -1.60291824] -222.08884405552183
[ 0.56560896 -0.86191147  1.33278857 -0.87302651  0.39569712 -1.55592878] -222.08564197505075
[ 0.54533716 -0.87290064  1.30343266 -0.86591304  0.39472453 -1.53619909] -222.08662013624857
[ 0.5644532  -0.85084371  1.28936216 -0.84270716  0.38570153 -1.51665466] -222.0882467015682
[ 0.56715421 -0.88958088  1.34150372 -0.8778527   0.39809335 -1.57494393] -222.08554696828557
[ 0.56216531 -0.81501568  1.29817065 -0.89355293  0.39968577 -1.56842971] -222.08779498971845
[ 0.56770036 -0.89835607  1.33549222 -0.8597668   0.39294879 -1.55512114] -222.08544636090102
[ 0.56655955 -0.91679799  1.36117692 -0.84039643  0.40802468 -1.58430299] -222.08833087513293
[ 0.56598122 -0.86134032  1.31347016 -0.87848984  0.39076394 -1.55099253] -222.0853607914521
[ 0.59389219 -0.88289834  1.358658   -0.8698633   0.39699032 -1.59292409] -222.08688535559918
[ 0.55747591 -0.87540006  1.317239   -0.8669006   0.39529098 -1.55038034] -222.08548647681715
[ 0.56443954 -0.86269057  1.31019535 -0.85479825  0.381947   -1.55438895] -222.08607858637842
[ 0.56895589 -0.88218364  1.33497226 -0.8717936   0.40009822 -1.56508155] -222.08529390401665
[ 0.5501769  -0.8887306   1.33870256 -0.90187558  0.39947142 -1.53574536] -222.08701303534528
[ 0.57313069 -0.87282781  1.3245152  -0.85601973  0.39348739 -1.57023939] -222.08514698616145
[ 0.56785714 -0.89798479  1.32294229 -0.86391458  0.39453044 -1.56632418] -222.08501067314205
[ 0.56898122 -0.91602144  1.31801915 -0.85935861  0.3939471  -1.57152187] -222.0854012920925
[ 0.56654619 -0.87311668  1.30803999 -0.85444235  0.39094657 -1.54443578] -222.08547709374565
[ 0.57924791 -0.88653637  1.32923838 -0.86124169  0.39230081 -1.56701785] -222.08501347645944
[ 0.57441154 -0.89329298  1.34550352 -0.8759664   0.39709663 -1.58048976] -222.0857605512402
[ 0.56851253 -0.87816076  1.31740587 -0.85982336  0.39248408 -1.55344928] -222.08506868732024
[ 0.5735281  -0.86132183  1.3120225  -0.8706608   0.3949395  -1.56924712] -222.08502835138916
[ 0.57776286 -0.89833141  1.33356201 -0.84932808  0.39851621 -1.57946059] -222.08550758571204
[ 0.56892663 -0.87058809  1.31849312 -0.8711994   0.39270201 -1.55810955] -222.08500390216346
[ 0.57477845 -0.87362291  1.30656686 -0.85582625  0.38671652 -1.56304756] -222.0850148859211
[ 0.5711529  -0.88324377  1.31104114 -0.87153563  0.3910704  -1.55549246] -222.08490193552126
[ 0.570164   -0.88845175  1.30430411 -0.87929358  0.3898619  -1.54811899] -222.08528665909665
[ 0.57665118 -0.87960516  1.31602889 -0.87163609  0.39160248 -1.57296363] -222.08494212698756
[ 0.57267664 -0.90253854  1.32274772 -0.86112375  0.38803471 -1.55840462] -222.0852660985889
[ 0.57331523 -0.871626    1.31470381 -0.86827653  0.39321331 -1.56653649] -222.08485039908186
[ 0.57093855 -0.88957182  1.33091568 -0.88010839  0.39842329 -1.56576715] -222.08525326390517
[ 0.57381847 -0.87761014  1.31265407 -0.86189678  0.38964321 -1.56372746] -222.08485251021966
[ 0.56465927 -0.87368295  1.30271606 -0.87491131  0.39195314 -1.56070007] -222.08499084072383
[ 0.57498409 -0.85413392  1.30227008 -0.87590401  0.38886441 -1.55951904] -222.08534251571035
[ 0.56963887 -0.88702207  1.31777423 -0.86691193  0.39311393 -1.56462289] -222.0848498869745
[ 0.57415201 -0.8870086   1.30647961 -0.86719003  0.39083015 -1.56990479] -222.08485781540548
[ 0.58158362 -0.88835563  1.32351119 -0.86090436  0.39120468 -1.57038251] -222.08497182257634
[ 0.57735253 -0.88468746  1.31831241 -0.86440609  0.3913918  -1.5679619 ] -222.08485012390983
[ 0.56982549 -0.88412752  1.31095953 -0.86176958  0.39148512 -1.5564517 ] -222.08486798446376
[ 0.57488131 -0.8807835   1.31592008 -0.85861469  0.39215544 -1.57424262] -222.0848521655379
[ 0.57789398 -0.87878507  1.31765521 -0.86732911  0.39196416 -1.57921368] -222.08495986812673
[ 0.57184262 -0.88279191  1.31263345 -0.86315946  0.39160488 -1.5621422 ] -222.0848007577448
[ 0.57279767 -0.87449842  1.3241864  -0.86056514  0.39287738 -1.56317307] -222.0850288389119
[ 0.57381342 -0.88388106  1.31090631 -0.86553381  0.39134195 -1.56822186] -222.08479740711616
[ 0.57312952 -0.88598719  1.31742936 -0.86707072  0.39463056 -1.57084852] -222.08480619057877
[ 0.57148276 -0.8845484   1.31466644 -0.8731715   0.39294337 -1.559202  ] -222.08487901785077
[ 0.57403167 -0.88172472  1.31560667 -0.86225389  0.39235242 -1.57048247] -222.0848054571544
[ 0.57328765 -0.89707213  1.31618367 -0.8615021   0.39159854 -1.56822345] -222.084920749604
[ 0.57330834 -0.87798754  1.31507377 -0.86658293  0.39280961 -1.56695823] -222.08478964041035
[ 0.56790228 -0.88177737  1.31149553 -0.86609815  0.39389266 -1.56646349] -222.08480533461076
[ 0.57503708 -0.87769453  1.30994079 -0.86332105  0.3924301  -1.57041603] -222.0847673932389
[ 0.57773618 -0.87303076  1.30602407 -0.86152561  0.39208818 -1.5733126 ] -222.08482764843146
[ 0.57218228 -0.87596518  1.30778948 -0.86191238  0.39017998 -1.56404623] -222.08484070959662
[ 0.57289271 -0.88348169  1.31501939 -0.86578114  0.39351791 -1.56914795] -222.08477877420498
[ 0.57090048 -0.88081331  1.30941641 -0.86790496  0.39284662 -1.56396746] -222.08477414200797
[ 0.57802926 -0.88043931  1.31283452 -0.86466296  0.3909577  -1.56715442] -222.08480927454428
[ 0.57043403 -0.88144285  1.31183027 -0.86573936  0.39315892 -1.56663622] -222.08477691180602
[ 0.5736194  -0.87897508  1.31142887 -0.86846162  0.39376349 -1.57297372] -222.0847876409616
[ 0.57158392 -0.87625061  1.3133302  -0.86706321  0.3948336  -1.56847801] -222.08480007911157
[ 0.57325605 -0.88197344  1.31151228 -0.86591616  0.39221486 -1.5682859 ] -222.08477789102022
[ 0.57207158 -0.88347276  1.30797557 -0.86579183  0.39316769 -1.57018419] -222.08475889130096
[ 0.5714532  -0.88621538  1.30442646 -0.86539628  0.39334672 -1.57179717] -222.0847790653655
[ 0.57124457 -0.88398445  1.31046937 -0.86302322  0.39201521 -1.56323886] -222.08478586702267
[ 0.57183828 -0.8827321   1.31070924 -0.86438282  0.39245228 -1.56567258] -222.08476769427764
[ 0.57161978 -0.87922798  1.30544213 -0.86523759  0.39190557 -1.56590617] -222.084781529146
[ 0.57257448 -0.88241826  1.31262508 -0.86564525  0.39311483 -1.56833751] -222.084768281422
[ 0.57102926 -0.88088449  1.30932017 -0.86501226  0.39350861 -1.56678543] -222.08476060043003
[ 0.57404969 -0.88122897  1.30816548 -0.8649467   0.39268112 -1.56848484] -222.08474822652934
[ 0.57585752 -0.88112202  1.30633309 -0.86455037  0.39244222 -1.56940915] -222.08476660103295
[ 0.57463298 -0.88199707  1.31016237 -0.86179501  0.39293826 -1.57265941] -222.0847664436612
[ 0.57364514 -0.88025171  1.3061328  -0.86277131  0.39261119 -1.56972999] -222.08475464655098
[ 0.57498363 -0.87911107  1.30652315 -0.86349658  0.39332671 -1.57374739] -222.0847686471139
[ 0.57262462 -0.88182685  1.30966272 -0.86416126  0.39267089 -1.56769128] -222.084752882376
[ 0.57098068 -0.88552609  1.30719891 -0.8648384   0.39342915 -1.56809568] -222.0847518353356
[ 0.57016734 -0.88239989  1.30598952 -0.86737891  0.39308462 -1.56433107] -222.08476489497323
[ 0.57128375 -0.88229919  1.30703273 -0.86598293  0.39304803 -1.56641315] -222.08475758541869
[ 0.57385589 -0.88398403  1.30606923 -0.86448522  0.39236074 -1.57008095] -222.08476797616635
[ 0.57173592 -0.88165938  1.30850744 -0.8648805   0.39322164 -1.56760931] -222.08475493335553
[ 0.57270168 -0.8807913   1.30759113 -0.86340187  0.39271965 -1.56582389] -222.08475346591496
[ 0.57396216 -0.88146224  1.3087201  -0.86235041  0.39272985 -1.56939851] -222.08475571503925
[ 0.57329255 -0.88167148  1.30829826 -0.86325854  0.39280939 -1.56865217] -222.0847506345658
[ 0.57402887 -0.88210609  1.30717566 -0.86291219  0.39241882 -1.56854998] -222.08475003515304
[ 0.57224756 -0.88413188  1.30989792 -0.86506835  0.39296515 -1.56603596] -222.08475534108527
[ 0.57329574 -0.88122175  1.30707408 -0.86334557  0.39269968 -1.56880648] -222.0847520610993
[ 0.57338903 -0.88373578  1.30826724 -0.86441902  0.39285003 -1.57093625] -222.08475946637154
[ 0.57287352 -0.88152742  1.30776016 -0.86365616  0.39275225 -1.56710198] -222.08474054164395
[ 0.57354907 -0.88260042  1.30556146 -0.86349127  0.39292592 -1.56887243] -222.0847490366373
[ 0.57296238 -0.88366507  1.3076459  -0.86435552  0.39297254 -1.56777922] -222.08474872196052
[ 0.57593802 -0.87874039  1.30767006 -0.86270172  0.39209086 -1.56838452] -222.08476150604753
[ 0.57222001 -0.88382967  1.3073167  -0.86430423  0.39309458 -1.56816789] -222.0847474128231
[ 0.57326863 -0.88331439  1.30624353 -0.86463015  0.39280568 -1.56766661] -222.084747202487
[ 0.5722789  -0.88328256  1.30705541 -0.86554915  0.39332521 -1.56747435] -222.08474956068582
[ 0.57271639 -0.88298844  1.30708548 -0.86488991  0.39309861 -1.56774326] -222.0847475435124
[ 0.57248114 -0.88291756  1.30917762 -0.86543629  0.39287567 -1.5667755 ] -222.084753164535
[ 0.57328209 -0.8826797   1.3064655  -0.86397752  0.39291336 -1.5683482 ] -222.08474708519537
[ 0.57317439 -0.88152446  1.30669972 -0.86444604  0.39280933 -1.56805838] -222.08474743236644
[ 0.57179532 -0.88405906  1.30569154 -0.86368797  0.39314348 -1.5672106 ] -222.0847488225781
[ 0.5734861  -0.88193649  1.307547   -0.86463202  0.39279671 -1.56816628] -222.08474311475916
[ 0.57338519 -0.88194894  1.30692539 -0.8636588   0.39262536 -1.56809319] -222.08475096324344
[ 0.57288359 -0.88272856  1.30704545 -0.86458213  0.3929803  -1.56783074] -222.0847418839518
[ 0.57283025 -0.88381428  1.30742639 -0.86414803  0.39297163 -1.56770219] -222.08474493497155
[ 0.57398805 -0.88150395  1.30684598 -0.86423777  0.3926454  -1.56743744] -222.08474771035793
[ 0.57266202 -0.88324824  1.30719902 -0.86428762  0.39298228 -1.56798528] -222.08474911633252
[ 0.57287856 -0.88212799  1.30740281 -0.86411915  0.39286627 -1.56746636] -222.0847491279885
[ 0.57317981 -0.88173195  1.30765358 -0.86414409  0.39277448 -1.56763413] -222.08475170076198
[ 0.57285189 -0.88267085  1.30759328 -0.8639021   0.39286194 -1.56740209] -222.08475267098237
[ 0.5730778  -0.88210356  1.30711283 -0.86381684  0.3928328  -1.56772509] -222.08474653094683
[ 0.57307107 -0.88242091  1.30700184 -0.86414315  0.39277896 -1.56738429] -222.08474660799226
[ 0.57254677 -0.88267854  1.30753843 -0.8639802   0.39292341 -1.56763494] -222.0847486167654
[ 0.57302396 -0.88152594  1.30722994 -0.8640511   0.39278079 -1.56758018] -222.0847580680424
[ 0.5728949  -0.88238462  1.30750244 -0.86393935  0.39284165 -1.56744661] -222.08475031541997
[ 0.57260107 -0.88268239  1.30711926 -0.86374086  0.39289064 -1.56728563] -222.0847422178187
[ 0.57278803 -0.88212898  1.30714267 -0.86387944  0.3928398  -1.56741949] -222.0847504024942
[ 0.57286818 -0.88232071  1.3074125  -0.86392437  0.39284119 -1.56743983] -222.08474875594882
[ 0.57280092 -0.88244985  1.30724553 -0.86363471  0.39280681 -1.56739089] -222.08474942191884
[ 0.57285915 -0.88220846  1.30736349 -0.86399804  0.39285141 -1.56744749] -222.08474758155887
[ 0.57280827 -0.88221971  1.3072195  -0.86385405  0.3928353  -1.56741998] -222.08474990283258
[ 0.57285321 -0.88229546  1.30736425 -0.86390679  0.39283972 -1.56743487] -222.08474374426763
[ 0.57323184 -0.88173419  1.30703551 -0.86377375  0.39272518 -1.56715818] -222.0847507461711
[ 0.57271803 -0.88244245  1.3074127  -0.86392858  0.39287385 -1.56751575] -222.0847444179267
[ 0.57287242 -0.88228227  1.30722686 -0.86373276  0.39280467 -1.56736838] -222.08474457063662
[ 0.57259428 -0.88202361  1.30766351 -0.86345084  0.39288568 -1.56742627] -222.08474694402577
[ 0.57295188 -0.88232158  1.30716726 -0.86397008  0.39280564 -1.56739479] -222.08474014751837
[ 0.57254557 -0.88241363  1.30757066 -0.86382823  0.39282279 -1.56697537] -222.08474398378306
[ 0.572642   -0.88227871  1.30757124 -0.86394414  0.39285696 -1.56720109] -222.08474844786693
[ 0.57281482 -0.88228138  1.30731295 -0.8637856   0.39281774 -1.56732655] -222.08474407097125
[ 0.57282865 -0.88206484  1.30735215 -0.86370065  0.39276907 -1.56699065] -222.0847503743009
[ 0.57274569 -0.88234805  1.30739756 -0.8638716   0.39284766 -1.56738447] -222.0847422539958
[ 0.57270883 -0.88224813  1.3074801  -0.8638723   0.39283516 -1.56719915] -222.08475360713047
[ 0.57278832 -0.88227307  1.30735474 -0.86380728  0.39282209 -1.5672947 ] -222.08474013894013
[ 0.57305899 -0.88206902  1.30715041 -0.86382269  0.39282988 -1.56765677] -222.0847424238175
[ 0.57281995 -0.88211172  1.30728555 -0.8637161   0.39280967 -1.56727125] -222.08474350208044
[ 0.57282826 -0.88215765  1.30730522 -0.86376377  0.39281718 -1.56731215] -222.08474742369657
[ 0.5728701  -0.88229733  1.307261   -0.86388868  0.39281387 -1.56734475] -222.08474284548123
[ 0.57283092 -0.88190024  1.30755745 -0.86373172  0.39278717 -1.56719834] -222.08474916242398
[ 0.57269469 -0.88247773  1.307237   -0.86377407  0.39285637 -1.56729017] -222.08474443752777
[ 0.572767   -0.88231056  1.30737615 -0.86383944  0.39283488 -1.56733959] -222.08474409494252
[ 0.57292365 -0.88217105  1.30725257 -0.86381498  0.39282599 -1.56747574] -222.08474816573784
[ 0.57282076 -0.88228427  1.30735949 -0.86385703  0.39283091 -1.56736479] -222.08474914760626
[ 0.57279059 -0.88270442  1.3070562  -0.86392877  0.3928742  -1.5675049 ] -222.0847508591906
[ 0.57282084 -0.88210129  1.30743214 -0.86378098  0.39280893 -1.56727498] -222.08474843963626
[ 0.57280077 -0.88225941  1.30727837 -0.86377811  0.39282313 -1.56730852] -222.0847506437403
[ 0.57281577 -0.88227805  1.30733921 -0.8638373   0.39282896 -1.56735072] -222.08474450315936
[ 0.57279901 -0.88250131  1.30717475 -0.86387293  0.39285179 -1.56742357] -222.0847476452628
[ 0.57265464 -0.88254163  1.30732838 -0.86385825  0.39284333 -1.56720543] -222.08474673264044
[ 0.57273117 -0.88222482  1.3074574  -0.86379541  0.39281471 -1.56718488] -222.08474751866459
[ 0.57274813 -0.88229394  1.30738674 -0.86381479  0.39282398 -1.56724455] -222.08474215323946
[ 0.57290669 -0.88210192  1.30732324 -0.8637956   0.39281672 -1.56741607] -222.08475009772823
[ 0.57271766 -0.88243171  1.30732709 -0.86384259  0.39283668 -1.56725809] -222.08474478068715
[ 0.57284368 -0.88221185  1.30732452 -0.86381126  0.39282337 -1.56736341] -222.0847453781242
[ 0.57274916 -0.88237674  1.30732645 -0.86383476  0.39283335 -1.56728442] -222.08474746458734
[ 0.57276822 -0.8822835   1.30737074 -0.86381103  0.39282304 -1.56726963] -222.08474486684722
[ 0.57282921 -0.8822852   1.30730787 -0.86384798  0.39281798 -1.56731972] -222.08474972691283
[ 0.57277766 -0.88229181  1.30736544 -0.86382336  0.39282849 -1.56731715] -222.0847527099414
[ 0.57274151 -0.8823754   1.30729587 -0.86379067  0.39283923 -1.56729243] -222.08474661289642
[ 0.57280204 -0.88227556  1.30734698 -0.86382229  0.39282553 -1.56732271] -222.0847467281937
[ 0.57275299 -0.88235239  1.30734091 -0.86382493  0.39282939 -1.56727639] -222.08474826727334
[ 0.5727831  -0.88232323  1.30730692 -0.86381137  0.39282393 -1.56727472] -222.08475176133362
[ 0.57278174 -0.88231537  1.30732155 -0.86381437  0.39282507 -1.56728533] -222.08474724226124
[ 0.57271573 -0.8823399   1.30736906 -0.86377555  0.3928368  -1.56726067] -222.08474572981527
[ 0.57277953 -0.88226855  1.3073454  -0.86378213  0.39282787 -1.56729876] -222.0847437538273
[ 0.57275005 -0.88228995  1.30737271 -0.86378195  0.39283312 -1.56729431] -222.08474737100045
[ 0.57277382 -0.88230902  1.30733434 -0.86380626  0.39282708 -1.56728757] -222.08474664431918
[ 0.57272034 -0.88234092  1.30734307 -0.86376868  0.39283318 -1.56724521] -222.08474958107425
[ 0.57278162 -0.8822919   1.307346   -0.86380889  0.39282744 -1.56730334] -222.08474452801525
[ 0.57275116 -0.88230176  1.30735959 -0.86378559  0.39283174 -1.56728561] -222.08474876508893
[ 0.57276815 -0.8823072   1.30734065 -0.86380109  0.39282825 -1.56728708] -222.08474817850725
[ 0.57278393 -0.88227081  1.30735007 -0.8637947   0.39282498 -1.56729673] -222.08474608974635
[ 0.57278497 -0.88228248  1.30735037 -0.86380808  0.39282477 -1.56729902] -222.08475197182727
[ 0.57277827 -0.88227829  1.30736274 -0.86380916  0.39282257 -1.56728216] -222.08474399401638
[ 0.57275203 -0.88230648  1.3073619  -0.86379141  0.39282945 -1.56727769] -222.08474715404844
[ 0.57276491 -0.88232423  1.3073253  -0.86379898  0.39283066 -1.56729357] -222.0847451166494
[ 0.57278107 -0.88229104  1.30734454 -0.86380677  0.39282459 -1.56729114] -222.08474247669196
