[-0.57627676 -0.78108892  0.65616598 -0.65642696  1.40937585 -1.01079158] -590.7473615087623
[-1.47369398  0.89019765 -0.29324528 -0.53160613 -1.24105699  2.43040511] -630.8311749614799
[-1.15706481 -1.34126516 -0.32717903 -1.66946609 -0.00242018  0.55007434] -648.943541513839
[ 0.18599892 -0.32160745  0.09063112  0.73491938  1.04791667  0.58745442] -547.8181172590567
[ 0.53368279  0.32242911 -0.71687728  0.71228666  0.67317169  0.13324093] -542.2243003841487
[-0.10400536 -0.72846174 -1.90054999 -0.0539281   1.73588935  0.83732884] -582.6278013557496
[-1.72686419 -0.12468916 -0.12848587  0.81567189  0.72808931  1.63351155] -587.622779073382
[ 0.10334528  1.09352499 -0.43694142  2.00977166  1.45354881  0.98697542] -517.6120970904908
[ 0.73355033  2.31092006 -0.49182261  3.84939054  2.1815333   1.20542596] -475.61329141892736
[ 1.15572256 -0.66436369 -0.53706761  2.33224393  3.83304904 -1.30168173] -513.7325326490651
[ 0.83563844  1.04583129 -1.88422339  3.45328839  1.99050727  2.04255157] -486.9752396468151
[ 2.84039342  0.77960501 -1.68481738  2.86039505  3.0925998  -0.46540488] -469.48042753703277
[ 5.12402222  1.2317521  -2.46298314  3.88275663  4.27485504 -1.5148631 ] -452.4790094516869
[ 2.96021044  2.03678222 -0.10023098  5.04222327  2.93112165 -0.45328615] -445.8096526469633
[ 4.49231835  3.4194042   0.79992853  7.59029896  3.5287378  -1.09859365] -587.6148944103913
[ 3.59494334  2.41605782 -2.15503279  5.68914377  4.24682933 -0.55032526] -439.87506206511125
[ 5.29941555  3.78489045 -3.27786474  8.16625596  5.84628567 -1.1192151 ] -588.1113059861841
[ 4.26767966  2.46989749 -1.82690956  7.37072885  5.81279353 -0.32396717] -461.49774535054325
[ 4.68295892  4.50144401 -2.43666655  7.43026655  3.312831    1.43686035] -602.808195442658
[ 2.03753165  0.62708824 -1.01196734  3.60674959  3.70299453 -0.61704621] -458.62757052822246
[ 5.40367411  2.65166801 -0.79875874  6.36037582  5.72620186 -2.79390554] -453.4857809314068
[ 7.06247014  1.5001619  -2.29347157  6.80126877  6.71673201 -3.28989044] -495.65014057758185
[ 2.31578028  2.10823052 -0.94223485  4.5873601   3.31533298  0.08159686] -441.0996358142322
[ 2.87770769  1.22062881 -0.66349306  2.35214087  2.25298494 -1.6253093 ] -474.46410667096035
[ 3.92018667  2.15758032 -1.53605543  6.11608186  4.92284138 -0.6493027 ] -432.2121515780151
[ 5.73540737  3.57360209 -1.6531313   6.95256423  4.76939955 -1.34298242] -532.3177602580084
[ 2.96200058  1.3637167  -1.17225833  4.44320325  3.96959579 -0.79853026] -434.2794485792245
[ 1.55537374  1.11970521 -1.99083976  3.55988047  2.16065687  1.49900201] -473.42631666022635
[ 4.44159901  2.26867731 -1.096779    5.66025198  4.83481561 -1.72067866] -432.44680867365537
[1.60755122 2.88526286 0.12878601 6.62999812 3.7986572  0.15135437] -472.3787734705951
[ 4.24490447  1.64512979 -1.81504085  4.569567    4.15580558 -1.09830873] -434.6569283961058
[ 4.19959434  1.94968194 -2.80556944  5.31297938  5.55061857 -1.1252301 ] -423.91479971253807
[ 4.81928629  1.90613179 -4.15823867  5.44835743  6.86036703 -1.46120207] -428.82319048166715
[ 5.47196252  1.82538411 -2.5846771   6.00971565  5.91150244 -2.06238876] -441.66619966606123
[ 3.10482584  2.03751891 -1.35284541  4.94294898  3.96437535 -0.45439954] -431.37994450962606
[ 4.02942696  1.39137717 -1.10448337  4.65920038  4.88585476 -1.3984914 ] -423.72762830235934
[ 4.24666877  0.87903685 -0.57920866  4.14422869  5.20536747 -1.82257448] -430.55880541919083
[ 3.30764     2.077721   -1.20762281  5.80865495  5.22022823 -0.95056883] -419.42327393176936
[ 2.83900776  2.2940166  -0.90391379  6.42819892  5.75243956 -0.87669888] -420.23548332474644
[ 4.70575703  2.59713552 -1.86219349  6.39016926  5.82331551 -1.30102681] -435.18011111286603
[ 3.39793969  1.6720714  -1.34474212  4.92994475  4.43302572 -0.9241544 ] -426.3165496852501
[ 2.87827215  1.49330627 -2.0203272   4.92968478  4.82416573 -0.11337034] -427.66993989415477
[ 3.05237966  1.38297858 -1.74247468  4.07838922  4.70324807 -1.00610217] -438.9886669839418
[ 3.70323492  1.96392988 -1.58766025  5.6066587   4.86794305 -0.73850257] -423.874277816621
[ 4.06721018  1.47851031 -2.00395631  5.47275866  5.96290334 -1.29570633] -415.1260556362014
[ 4.54840235  1.199006   -2.32951176  5.7376635   6.96216734 -1.71635973] -412.1849766438226
[ 4.85047393  1.92462286 -1.43953605  5.7553491   5.81578017 -2.17106534] -422.9821265363882
[ 4.81498447  1.83004155 -2.14671911  6.03022392  6.66783832 -1.77591825] -415.1988433282576
[ 4.21845987  1.51255089 -0.46627501  5.8862708   5.92265205 -1.79173861] -410.61913003489104
[ 4.22789263  1.29398536  0.7033722   6.17291652  6.10866879 -2.12499287] -408.0287436739456
[ 4.8897052   1.2749881  -0.92050672  5.78134409  7.01890282 -2.64062957] -407.3806551238159
[ 5.48294034  0.9305172  -0.58692996  5.86868679  8.0943827  -3.59169307] -407.2327665963353
[ 5.04801761  1.69392082 -1.2311658   7.13196454  8.07050043 -2.71170796] -414.1934720130994
[ 4.29281854  1.08377445 -0.82665636  6.49468763  7.89214844 -2.11934823] -395.52858702844435
[ 4.01399084  0.66335024 -0.52021651  6.8643569   8.93033258 -2.09348968] -388.5174933785182
[ 6.07110275  0.45921939 -0.82943417  6.79328244  9.72440182 -3.72081836] -403.6761326030341
[ 4.98246437  0.24995813  0.54875711  6.82606631  9.29564623 -3.54376897] -389.8866832945817
[ 4.72758015 -0.09524204  0.22651143  5.62235961  8.30136606 -2.88533293] -408.8444444020156
[ 5.28692135 -0.03174324  2.17686513  6.97822603  9.85609872 -4.2703389 ] -386.8763851177463
[ 5.65618085 -0.64711786  4.43005358  7.59850729 11.30306441 -5.54732848] -387.79085513029065
[ 5.29419061  1.28367107  0.27095984  7.54548538  9.03514422 -3.56303435] -408.21208768953943
[ 5.152538    0.93894279  0.25984773  7.06470394  8.85169968 -3.39360899] -395.97879520632694
[ 6.10209325 -0.22390386 -0.35374242  7.29219095 12.14218512 -4.74624645] -400.31728175224544
[ 5.05342984 -0.24524272  1.01428892  8.07092207 11.50573868 -3.66439738] -378.9767934100593
[ 4.83867459 -0.83312268  1.81489836  9.17203971 13.21141667 -3.70074953] -376.41429333759277
[ 4.05445805 -0.2047256   2.1382373   7.9392455  11.03805785 -3.52858248] -379.98412298817584
[ 3.34092248  0.4847904   2.49320546  7.65602185  8.25223212 -2.09726639] -397.0518222268745
[ 4.03121517  0.30761684  1.78146849  7.56506412  9.22472037 -2.75951141] -385.4943107387288
[ 3.91670346 -0.88849823  2.38682222  8.05029559 11.66705779 -3.23853799] -380.8129099707243
[ 3.73152345 -0.57899902  2.71060122  8.69700964 12.01358176 -2.98663436] -378.2372219381119
[ 4.60584118 -1.40650755  4.85651408  9.2696033  13.40664514 -4.73462855] -384.2077283330039
[ 3.10588395 -1.16966884  3.05264876  9.91952659 13.66439448 -2.71254254] -389.73812135102935
[ 4.741662   -0.31622464  2.39581104  7.71355117 10.80817266 -3.88088981] -379.5451964685299
[ 4.59840574 -1.71697608  3.65282625  9.38218418 14.82359025 -4.59716283] -378.6392310890916
[ 4.02130125 -0.1063412   0.17655138  7.71517196 11.11398052 -2.57622379] -380.6658633337529
[ 4.7453049  -0.36363151  1.90948629  8.8227718  12.66920878 -3.85154294] -376.89800711874784
[ 4.88204166 -1.23155198  4.69740211  9.52709537 13.74069547 -4.93896353] -387.7599247284398
[ 4.23648635 -0.3876439   1.30676406  8.16815282 11.77065926 -3.16690872] -376.1384369943239
[ 4.90956096 -1.19414034  2.45855844  9.37932426 14.06081861 -3.86604692] -373.19662334956513
[ 5.33711242 -1.68884771  2.61871901 10.09936364 15.572199   -4.03477913] -375.6356338698964
[ 4.27832333 -1.37527987  2.2219005  10.1602763  15.37491912 -3.50879196] -376.4764017004162
[ 4.31488546  0.13937031  0.48791004  8.75100733 11.54327781 -2.42972864] -380.37825789217675
[ 4.52752567 -1.25288948  2.8615972   9.22438997 14.00351214 -4.05530428] -374.9382763420688
[ 5.44710182 -1.22323691  1.48046706  9.61197532 15.01659643 -4.39648042] -377.92340207952105
[ 5.01820722 -1.06217743  1.7880006   9.3832339  14.26584276 -4.04401891] -374.74367111148285
[ 4.52428781 -1.67145306  2.24108676  9.67303385 14.89318074 -3.5957305 ] -372.6827738862999
[ 4.41377927 -2.32536383  2.40688699 10.09816487 16.00516673 -3.46782428] -374.29735243192044
[ 5.07325754 -0.7585291   1.93506797  8.1731152  12.02689095 -3.967461  ] -376.90434051925274
[ 4.47705688 -1.22109218  2.15019237  9.66348603 14.53791208 -3.62345922] -373.90919535679427
[ 4.39236704 -1.43000945  2.45383479  9.32516723 14.63255853 -3.74973999] -374.1680897858846
[ 5.04651551 -2.22294342  3.34432599 10.71472559 17.02728237 -4.47785788] -380.5870428794152
[ 4.43899364 -0.84646878  1.81615454  8.80479601 13.08481503 -3.49464601] -373.4436755853496
[ 4.72596552 -1.22222426  1.44101197  9.51862379 14.48819711 -3.40257623] -371.33795971497324
[ 4.82518545 -1.20689165  0.73071936  9.66574071 14.73053959 -3.0762122 ] -371.0749294314917
[ 4.17094337 -1.46117438  2.16218149  9.4539488  14.38076543 -3.09125937] -372.36390465284035
[ 4.72297566 -1.10373068  1.39912953  9.55494266 13.93011864 -3.16604475] -373.54916609362135
[ 4.72025875 -1.27352745  1.45241767  9.18044274 13.82216728 -3.13985403] -370.21593086312487
[ 4.84185968 -1.29974509  1.10353032  8.93892109 13.46429488 -2.89805144] -370.12317517985383
[ 4.51396797 -1.45622709  2.10494744  9.08364558 14.27468613 -3.50793739] -373.17015285300425
[ 4.82294144 -1.91674176  1.78418672  9.92674209 15.51661343 -3.1837666 ] -368.9959833672895
[ 5.01491534 -2.45187825  1.76820281 10.48771513 16.73251263 -3.02832689] -368.61211559519376
[ 4.38749224 -1.98831617  0.91166428  9.72167745 15.43117452 -2.53312568] -371.40012251665877
[ 4.74092666 -1.90359245  0.86751423 10.23003342 15.60280314 -2.56629797] -369.73892885233124
[ 4.80281977 -1.76574627  0.2735174   9.82631168 15.22084932 -2.13536068] -367.01810690208566
[ 4.94208575 -1.81289288 -0.71026727  9.9029506  15.38468361 -1.40517577] -367.32339268518353
[ 5.36678968 -2.07754891 -0.27713201 10.1695177  16.01329259 -2.32119892] -371.0009002450189
[ 5.47667328 -1.58015137  0.57711975 10.05106912 15.15692286 -2.80869035] -374.92771386906725
[ 4.6597875  -1.88627497  0.82802815  9.80402537 15.36261161 -2.60201685] -368.6738149683474
[ 4.98384743 -2.588037    0.79050095 10.15310076 16.06824846 -2.10753871] -366.5276728832026
[ 5.06317842 -3.27860967  0.82039174 10.39678079 16.73710289 -1.62320197] -366.9230416639773
[ 4.31459578 -1.88754243  2.15422997  9.64385146 14.80381408 -2.79133193] -370.2381628009018
[ 4.57764426 -1.93504405  1.54638948  9.77526802 15.10618371 -2.67379868] -368.12946487270557
[ 4.75145397 -2.87711257  0.92118736 11.15323037 17.90010808 -2.13972848] -369.26643347775814
[ 4.8558961  -2.59777192  1.17509448 10.16985035 16.52736813 -2.32929213] -367.3541402056801
[ 4.88018283 -1.53113825  1.20605707  8.91886007 13.77248321 -2.8190495 ] -370.02160257165133
[ 4.78363619 -2.54061899  0.99240478 10.59463779 16.86820186 -2.30955874] -367.3907926311855
[ 5.01313219 -2.74009053  1.35400848 10.53160254 16.8118431  -2.25927509] -365.41749850006534
[ 5.18980453 -3.1669983   1.61699865 10.89539112 17.53645884 -2.08790422] -364.7167314891118
[ 4.71630075 -2.41286059  0.36343243  9.98380478 15.70992414 -1.51949083] -366.3217348929954
[ 5.19979067 -3.08896697  0.19092676 10.76576415 17.53749987 -1.48924976] -365.915744806006
[ 5.1325169  -2.6661747   0.47775211 10.00343649 15.99858106 -1.58005338] -365.52098076128624
[ 5.15246392 -2.63182269  0.06261495 10.37275264 16.16315244 -1.31057373] -365.21614810851116
[ 5.3220883  -3.75254048  0.89389121 10.8984383  17.78377229 -1.22957619] -364.7791428099008
[ 5.25380759 -3.31841758  0.41137109 10.82009507 17.50821442 -0.96474399] -363.19658575986125
[ 5.38878767 -3.68360788  0.22180616 11.15359222 18.2281974  -0.39334663] -362.45497508096855
[ 5.74551658 -3.91717642  0.79123085 11.37932019 18.70596316 -1.17741047] -365.1913965419955
[ 5.4439353  -3.51713985  1.16383788 10.80187951 17.26787519 -1.10370511] -361.68508240888605
[ 5.56600762 -3.73122629  1.65029345 10.81993719 17.13306285 -0.91093279] -360.12060020998564
[ 5.65570597 -4.29494932  1.26785965 11.83637407 19.1849546  -0.7898613 ] -365.28178533409664
[ 5.5249087  -3.88775567  1.07033276 11.37813967 18.38836121 -0.98740932] -363.35949530344305
[ 5.75990722 -4.74794565  2.01890274 11.80218692 19.76211948 -0.95161947] -362.9747452460034
[ 5.17165144 -3.73951501  1.69951081 10.93657495 17.57136087 -1.00951907] -361.11794129785244
[ 5.5449341  -3.89980912  1.86539031 11.43016906 18.42274793 -0.88400097] -360.17250643703807
[ 5.79559438 -4.72962156  1.2250801  11.61147555 18.96549107  0.37562813] -359.9202683481812
[ 6.0984893  -5.51093319  1.02912082 11.96951777 19.68000719  1.60739431] -361.592596926856
[ 5.55071877 -4.28948617  1.82332843 11.20650563 18.30596532 -0.27052095] -358.3612441972653
[ 5.5636238  -4.49035142  2.19982626 11.1206886  18.26476737  0.08792324] -357.62430941845355
[ 5.25029245 -3.34343144  0.93506629 10.55529227 16.43308969  0.04020345] -358.00393528199675
[ 5.57524692 -4.29437707  2.96991625 11.00445365 17.36864252 -0.37355271] -356.6032435123801
[ 5.66847654 -4.59976166  4.34397129 10.92988437 16.93886508 -0.36365574] -356.8639296061166
[ 5.92691498 -4.42342396  1.91568007 11.24409716 17.95790628  0.45460852] -355.88301621568684
[ 6.30454676 -4.76537843  2.0237647  11.39785827 18.15117898  1.18667232] -355.7395782975552
[ 5.80683654 -4.55165295  1.80259203 10.73973278 17.01599623  1.01931485] -357.7979943357658
[ 5.86603933 -4.99371134  2.0684551  11.32322985 18.26665911  1.68966255] -354.8759334001976
[ 6.01605519 -5.62495386  2.27753592 11.57487619 18.83345724  2.98996022] -355.8699569018995
[ 5.65993422 -4.08334598  2.77479345 10.43560959 16.2012869   0.8411131 ] -353.5276008058497
[ 5.59210414 -3.76020819  3.54965012  9.84767661 14.81918481  1.07385558] -353.9085070247753
[ 6.34178341 -5.71617429  3.67804964 11.45189865 18.65642069  1.44350767] -354.9395193257342
[ 5.96355493 -4.89612656  3.43567643 11.50484676 18.62032229  0.60579387] -352.5885031840109
[ 6.04191413 -5.06836336  4.25221863 11.88740374 19.42248532  0.39903338] -353.09426241925996
[ 6.34007806 -5.09268647  3.45039226 11.25194365 17.49006945  1.70980903] -352.5078850520514
[ 6.72830519 -5.39385399  4.07567526 11.31757117 17.10272049  2.52075192] -354.7295861740959
[ 6.58339865 -5.55476396  2.84046095 11.45067527 18.42666995  2.86573888] -353.3587490132749
[ 5.94704945 -5.3468911   4.05884457 11.07487632 17.73596381  1.86520271] -353.8335146432334
[ 5.77823481 -4.27300084  2.53149128 10.89516184 16.92390315  1.74893238] -350.45155694565096
[ 5.49646051 -3.55141412  1.95821209 10.61679343 16.05764438  1.90164473] -350.20431618674974
[ 6.13078594 -4.51469806  4.10433815 10.78835182 16.57732649  1.57343823] -349.2713950744899
[ 6.26315924 -4.27519142  5.12227968 10.5209128  15.73266018  1.51532607] -349.61198965846313
[ 6.11102132 -3.88412061  2.12911321 10.94119718 16.72180934  1.30064323] -353.1638490126031
[ 6.54849892 -5.08125727  3.19793758 11.74899311 18.42999374  2.47790956] -351.93704424207397
[ 5.61340124 -3.45200374  3.25142896 10.83336672 16.20571861  0.32400733] -353.68711670656734
[ 6.3408993  -5.0290739   2.94320295 11.29634813 17.87143212  2.230306  ] -350.9827273842303
[ 6.16240456 -5.50429818  4.23413995 11.46122845 18.29378682  2.19899057] -350.55323469475707
[ 6.37615416 -4.69501611  3.19373123 10.88303944 16.28642871  3.4249055 ] -350.9897109959786
[ 6.0116564  -4.36589941  3.09346173 11.01297448 17.01546796  2.89258917] -346.7974968956874
[ 5.84744557 -4.00250589  2.91499646 10.89348989 16.77816722  3.48397924] -345.1880124483288
[ 5.5695511  -4.01774481  3.2516027  10.23075727 15.52493484  2.4598452 ] -351.4223693318656
[ 5.81428805 -4.28362293  3.23818642 10.61031623 16.25119956  2.46436129] -349.1981586879556
[ 5.55460715 -4.26685492  3.27062744 11.00580321 17.65675682  1.19266785] -349.91326598276055
[ 5.32776463 -3.67872413  3.63029722 10.49564621 16.00019498  2.04138797] -348.32503626670746
[ 5.22804606 -2.59497516  2.13807931 10.00890515 14.81330967  2.0201692 ] -348.62841978608367
[ 5.80451863 -4.22904624  4.47396291 10.65071074 16.63467386  2.35702319] -346.6388604563472
[ 5.82967581 -3.50100255  3.56265938 10.14333681 14.69486711  3.45411852] -347.87497112134844
[ 5.15312698 -2.91526091  2.54838908 10.14578319 15.14681098  3.70024157] -348.0949483323093
[ 5.24923784 -2.69021537  3.18460837 10.16897443 15.10480838  3.22127861] -345.155027490644
[ 4.96671273 -1.89351159  3.15781935  9.94830353 14.53161278  3.59973727] -345.6736871499212
[ 5.84254376 -4.41060986  4.63355849 10.82374194 16.63986451  4.0658405 ] -346.0039555295443
[ 5.91441823 -3.57082281  3.47576101 10.44636612 15.66620237  4.71943924] -344.9193421903967
[ 6.20774504 -3.51687216  3.39849291 10.42172607 15.49920607  6.05846487] -346.82325599638625
[ 6.34281964 -4.55280667  4.86679313 10.89642345 16.69271683  3.40031819] -344.88208826296324
[ 6.93766597 -5.37157955  6.02599515 11.27174358 17.46566976  3.2503565 ] -347.9260772551204
[ 5.83731875 -4.31766639  4.28723407 11.14989872 17.81061062  3.6285078 ] -342.7787707067524
[ 5.84114022 -4.72599832  4.64952142 11.65317967 19.36848237  3.71570244] -342.86413972170874
[ 5.87340931 -3.61916276  3.3136876  10.80892077 16.26278278  5.14943134] -344.02017155100685
[ 5.84567269 -3.17378343  2.71413505 10.63094919 16.13189823  3.80181097] -342.93755377000326
[ 5.84017991 -3.30564659  4.36574329 10.47368767 15.77817251  4.48961615] -342.17876988568463
[ 5.83654708 -2.95721694  5.0911167  10.26378656 15.27817516  4.9924346 ] -342.76732252334295
[ 6.63536834 -4.82308085  4.48984302 11.29977421 17.67598607  5.17509595] -343.64494955294197
[ 6.21050464 -4.35989275  4.53671771 11.30685188 17.78451998  3.8288209 ] -341.13099591154213
[ 6.35854785 -4.75442772  5.06719606 11.73709476 18.84367878  3.38351172] -341.584391734578
[ 5.73799824 -3.31360426  3.03566046 10.99360403 17.12193989  5.29077618] -340.7461692179803
[ 5.43558754 -2.69400305  2.12009412 11.04219432 17.33655142  6.23600517] -342.1881928083567
[ 6.16227155 -4.14539533  4.49609026 11.14266779 17.83825965  3.58877798] -339.65889054241205
[ 6.30670267 -4.40851162  5.08729159 11.3095413  18.62599809  2.8084513 ] -339.6730861937376
[ 5.24261359 -2.71558207  3.32201727 10.59944555 16.47914756  3.0343407 ] -341.8245790490793
[ 5.83128954 -4.2121457   5.30035263 11.25776936 18.13898518  4.15180226] -341.4244433988672
[ 5.83763374 -3.03308917  4.0649598  10.77477671 16.56973097  4.49953692] -338.859636439044
[ 5.83779123 -2.39080056  3.95382266 10.58721571 15.94929115  4.93505148] -339.3063966834152
[ 5.83392385 -3.9542565   3.88618942 11.55135077 18.86602189  3.6417355 ] -338.67366968219244
[ 5.83079583 -4.27856146  3.64641249 12.09018232 20.40994658  3.21779517] -339.6725636759852
[ 6.6285936  -4.9572125   5.11797283 11.74289463 18.96067163  5.29947587] -340.20283681263146
[ 6.30568567 -3.70900447  3.07884419 11.24627924 17.5747295   4.56457218] -341.0532135600964
[ 5.95819757 -3.34429466  3.35652127 11.17700584 17.85926454  5.13280398] -337.2836455407269
[ 5.83204404 -2.83649562  2.76642306 11.11208282 17.89663682  5.78479552] -336.8820251303642
[ 5.70513601 -3.70434666  4.71025441 11.19284634 18.17635746  4.80379381] -339.5812975014097
[ 6.26186936 -4.22999434  5.31163613 11.51193566 18.98061958  3.91526236] -336.80233846960346
[ 6.52380492 -4.68818938  6.44962397 11.77110148 19.90995943  3.22750545] -338.0811430443121
[ 5.24903258 -2.34398004  3.2938782  10.68565873 17.14853716  3.44515815] -338.7148718632904
[ 5.41094164 -2.55532544  3.51502341 11.13354922 18.04104164  5.10798277] -336.7317294113415
[ 5.03527669 -1.76029049  3.02448999 11.12898994 18.14243264  5.86758517] -338.9952421645926
[ 5.7700124  -2.61336705  2.90244893 11.06360497 17.65783857  3.99436327] -336.2277806464954
[ 5.8024506  -2.06787724  1.99854618 10.99898428 17.39857912  3.589648  ] -338.80673162216783
[ 5.61497422 -3.14471716  3.16023992 11.57795068 19.62716758  4.13022894] -335.3233678159916
[ 5.50364446 -3.20053115  2.70787998 11.97953767 21.15588589  3.94557495] -336.51580292404776
[ 6.32555592 -4.10073867  3.88677542 11.96449931 19.87457154  5.41296463] -335.43549061500045
[ 5.904542   -2.53928959  3.29465954 11.23652345 18.49327002  5.806797  ] -332.8568559583462
[ 5.93985108 -1.83180613  2.9988946  11.07910979 18.30689408  6.88932775] -332.5642106545611
[ 5.9423575  -3.32215397  4.49191641 11.66480039 19.59940751  4.03191438] -333.12061831789765
[ 5.40602823 -1.6260418   1.67346343 11.31590246 18.72168739  5.94033156] -335.75341031687117
[ 6.25531814 -2.99094949  2.85622282 11.75507331 19.88814725  5.02506073] -331.8145094825452
[ 6.67750639 -3.20876151  2.52682253 12.06583535 20.81170005  4.98359971] -333.2608529066254
[ 6.05801597 -3.05876869  3.45338861 12.05550701 21.01478655  6.48224606] -330.3749034140535
[ 6.20201775 -3.28146951  3.72885845 12.55145803 22.69326054  7.72618746] -330.2370881157313
[ 6.68732997 -4.59790318  5.36750578 12.21506138 21.27479544  5.13156308] -332.49869832648415
[ 5.88839363 -2.28892781  3.64777057 11.64998522 20.5886526   5.56512948] -327.7282967153729
[ 5.66981249 -1.38302239  3.52826815 11.49272817 20.94569313  5.64121191] -327.1486437172813
[ 6.61725476 -2.65771773  4.49698215 12.00812634 21.27556507  7.35152617] -324.93731414969665
[ 7.11839503 -2.41421802  5.16535326 12.22321417 22.09976381  8.96217478] -325.3507388505528
[ 6.51483723 -2.25880217  3.16699423 12.03571862 21.86204432  8.55637798] -327.35010870214586
[ 6.7090057  -3.89148202  4.71604926 12.94027883 24.33960784  6.25464803] -325.4720132060659
[ 5.96875205 -0.88991126  2.13028591 12.04606639 22.3933106   8.38677435] -327.24266180940276
[ 6.30524185 -1.79651888  4.39958989 12.60305215 24.61501325  9.6138479 ] -327.9338382905842
[ 6.39295028 -1.0110153   3.75053142 11.82386547 22.4504842   7.54194131] -319.42235294639727
[ 6.48841654  0.1242118   3.7613679  11.46006918 22.32909602  7.44981824] -315.80058205297223
[ 6.3507844  -1.85572238  2.86705931 11.39127702 19.76675908  4.93293766] -326.11646162969583
[ 6.08650475 -1.25907916  3.99967666 11.74379669 21.82129959  4.78259413] -321.0215270241158
[ 6.67184083 -2.75102603  5.65951523 11.63269236 21.09936297  3.75080436] -323.84845328224753
[ 7.30478984 -2.71391612  4.97194869 12.2326853  22.59820372  5.86623096] -320.41246588446865
[ 6.94181974 -2.52728071  6.33478733 12.61460588 24.72095266  6.88560297] -318.22538979217165
[ 6.66120312 -0.03678729  5.02537672 10.95704642 20.27521884  5.77421091] -315.89181227061266
[ 6.76760351 -0.3969081   5.42057537 11.53883894 23.00581287  4.15156102] -313.14207607842286
[ 6.84277789  0.73349671  5.88237197 11.30419524 23.87093677  2.55157845] -314.94311708368355
[ 6.74493833  0.48110617  4.17839566 11.88298845 23.81749827  7.88586839] -312.59796759878856
[ 6.78148709  2.09717228  3.43783587 12.00813649 25.17656592  9.9534004 ] -316.6516987441752
[ 7.54975227 -0.43077892  5.89780723 11.81828137 23.76096121  7.88850336] -309.1834508457505
[ 8.28137603e+00 -1.66288027e-02  6.84687251e+00  1.18555237e+01
  2.47307920e+01  9.44145798e+00] -308.4304483793534
[ 6.65699592  1.92315381  5.5505098  11.20367222 23.69491984  7.99660888] -315.272297135415
[ 6.92502475  3.21999657  3.92624533 10.35144043 21.23015996  7.34757217] -311.8410040781969
[ 7.29358191  1.81509777  4.8692788  11.80713122 25.99420748  8.98341798] -307.0299839603818
[ 7.60977131  2.74104031  4.79122983 12.23217362 28.8537018  10.58802151] -307.5681618525456
[ 7.73475695  2.21772734  6.50259125 11.4197958  25.16203412  7.81901056] -303.6104855288245
[ 8.35792716  3.2644851   7.87320293 11.39965911 26.57850317  8.00360673] -302.6389371479978
[ 8.13315465  0.86589576  5.48768039 11.74152173 24.75740475  7.27455254] -304.4974111953234
[ 8.47773076  3.6068923   5.63998317 11.47391594 26.03037568 12.16059757] -313.74469457218106
[ 7.19513533  0.604042    5.47542732 11.52260819 23.76195357  6.15382016] -306.76242026477945
[ 8.65046161  2.76985663  7.31450677 11.00963968 25.20017538  7.8489408 ] -300.09552492834644
[ 9.60322324  3.91423186  8.88256233 10.57296529 25.89151394  7.830477  ] -300.994013789075
[ 9.04552081 -0.11908042  8.69607758 12.76058745 29.11085217  8.55435989] -302.9348918026765
[ 7.94388445  3.08339442  6.39185208 11.55819209 27.07024016  6.16477472] -300.717566294012
[ 9.14844609  1.67443339  8.87697022 11.52360486 26.16550225  5.68326697] -305.1310366333597
[ 9.89799626  3.2422863   9.40466934 11.80846012 29.19893906  8.35601372] -303.05015387890774
[ 8.19453556  2.69451254  6.17902614 11.90241519 27.80653598  9.7174825 ] -301.4633281115226
[ 9.2302873   4.1125891   9.79876455 11.73812948 30.23101055  8.94050691] -303.406710132978
[ 8.95600414  3.30091576  8.72099351 11.73897754 28.8626091   8.52401832] -300.05759848082494
[ 7.15144831  1.75574171  5.65388366 11.64803024 25.67736627  7.91504726] -307.7390168084828
[ 9.21135927  2.87065015  8.46697292 11.76835265 28.31854586  8.24577211] -299.5723911504683
[ 8.05920325  6.11368529  6.2861072  10.36515797 25.50135105  7.6138385 ] -306.4497477258982
[ 8.79894142  1.43911101  8.09358498 12.16173008 28.20847689  8.31922954] -299.7484582615959
[ 8.89380166  2.12166173  7.18244254 11.98010996 28.57702462  8.26979927] -296.10442047260875
[ 9.16173891  1.55025005  6.83706235 12.27033539 29.57628534  8.40289554] -294.9333002203225
[ 9.37959438  2.31021347  9.09596473 11.59999395 27.93890827  6.11772784] -300.32432197412425
[10.10881546  1.6636046   9.78450968 11.95815101 28.96476012  9.65475333] -301.90461717242437
[ 8.4851172   2.72844697  7.24001648 11.65818182 27.54387015  7.03726937] -298.25296802476277
[ 8.37494647  2.57619672  6.46174761 11.9357451  27.96441264 10.00831405] -301.2942084790584
[ 9.1284324   2.37670928  8.43741045 11.68393174 27.94528436  7.0903744 ] -298.21059446617505
[ 9.26340284  1.98550445  8.6175068  12.75086339 31.61818185  8.02424563] -299.38960308702644
[ 9.06032655  1.01597487  7.17652448 12.35882081 28.87427238  7.18257721] -298.2746555360404
[ 9.30451764  2.73673425  7.49824617 12.00176519 29.75033643  7.00848188] -295.8457678613659
[ 8.92315258  1.26055647  6.80194932 12.4729468  30.11753098  6.66950923] -296.11116781676367
[ 8.75769225  1.90405285  6.04622962 11.39779719 26.31767803  6.43945691] -297.2540181495817
[ 8.85989045  3.16960841  7.11044699 11.46949856 28.20938938  7.03341857] -295.2795400324102
[ 9.56002421  1.60419014  7.00376516 12.10724314 29.76163136  7.1774428 ] -294.68706135335407
[10.09747771  1.04206172  6.8856395  12.3317738  30.87051196  7.24752951] -296.88312925952465
[ 9.06057294  1.69842144  5.32848942 12.22259702 29.96566615  7.15336058] -295.0648438170367
[ 9.53227332  2.10253407  7.48042351 12.78366484 32.80926852  8.04224595] -294.09686611621555
[ 9.91956386  2.20177468  8.19752046 13.47659867 36.05506376  8.84364047] -297.32264976170154
[ 9.56985325  3.02668965  6.95086188 11.81208791 29.90666141  8.26977254] -293.15003339182044
[ 9.89320359  3.90975624  7.02531815 11.48165847 29.80122663  9.06990419] -294.0700459687773
[ 9.27693339  1.64716367  6.07210359 12.22004377 30.32596429  8.35123012] -293.7493087839588
[ 9.86057489  0.70680793  6.11378832 13.00249213 32.57243631  8.76556394] -297.074860076536
[ 9.11006156  2.55390829  6.86128232 11.85274695 29.30015111  7.46645491] -293.67952696676343
[ 9.6763886   2.46315718  8.40667685 12.12611032 30.5943212   8.74998671] -294.58406408658226
[ 9.74677253  2.91563095  7.42130875 12.03029692 31.32304729  7.6161488 ] -292.29336749518706
[10.03928934  3.5983214   7.71343195 11.91027769 32.19642826  7.22277543] -292.58665677932606
[ 9.41073668  3.29883781  7.39378714 12.16774044 31.65817325  8.98783687] -293.0056719307991
[ 9.20582164  2.71843096  5.65324555 12.16274996 31.18010076  7.49457636] -292.9783413330532
[ 9.24111969  3.28435304  5.97043956 11.29822381 28.42209752  8.01976058] -294.326932853025
[ 9.45948491  2.39798881  7.10292753 12.41230458 31.71247577  8.03662461] -292.76624810075
[ 9.55731014  3.98999848  7.72236746 11.92593182 31.36757224  7.60590791] -294.4302809231625
[ 9.34702757  2.23287238  6.48466956 12.14651578 30.58636628  8.16489957] -292.675786104668
[ 9.80317064  2.9762419   6.80765115 12.39115158 32.8221238   8.72349801] -291.5915172990407
[10.14972517  3.1874087   6.78083557 12.66035389 34.58311015  9.35201955] -291.73119429524945
[ 9.42115141  2.48664462  6.67033468 12.62483184 33.1874343   8.0714222 ] -292.16088941495013
[ 9.58373956  1.9437654   5.9862586  12.42154312 31.94567615  7.04788631] -293.9878619035588
[ 9.4539874   2.9600697   7.04190501 12.23119111 31.73004897  8.50284923] -292.13436762499333
[ 9.87137651  2.60471849  8.18968668 12.44934731 32.60706471  8.87723778] -292.6696419604391
[ 9.75501044  2.99407053  7.10225775 12.21214026 32.37288602  8.61539392] -291.3441387477871
[ 9.9027732   3.29211139  7.10192286 12.1120581  32.70309114  8.90477858] -291.2921320434894
[10.05271632  3.51226664  7.92626682 12.46644317 34.20457046  8.7337453 ] -291.78307368242224
[ 9.58881398  3.44293658  6.13344308 12.16931026 32.71637394  7.97357626] -291.84232348661635
[ 9.66076512  3.30779266  6.47253245 12.63469843 34.46483359  9.35380772] -291.6627976163207
[10.06625748  4.010495    7.15757244 12.04345238 33.02624634  9.32599616] -291.51150981796457
[10.23751151  3.88721168  6.82455793 12.37451353 34.91569745  9.16895144] -291.15002395845124
[10.62927357  4.35078268  6.71588439 12.44617475 36.50852169  9.50200255] -292.0885709478128
[10.31891744  3.55243651  7.96339147 12.50479547 34.66248032 10.09668281] -291.72415474764796
[ 9.94374881  3.49649641  6.18294261 12.22044666 33.32692042  9.79082628] -292.20506464937387
[10.02547444  3.50832408  7.49043577 12.40494404 33.98515795  8.99801554] -291.20555603445337
[ 9.57973336  3.44162239  5.98816607 12.14881055 32.64323644  8.06166634] -291.92368013658694
[10.13412142  3.52473298  7.46958512 12.41579924 34.15766935  9.58792869] -291.20205832307016
[10.39567111  3.75857969  7.81137597 11.94594119 32.73849509  8.88258175] -291.7937814999059
[ 9.84449162  3.42048942  6.80724333 12.46250912 34.03324896  9.23600123] -291.1984505994224
[10.26703925  4.23821296  7.47612133 12.21327389 34.78491326  9.68372588] -291.5655445872774
[10.1510721   3.92272019  7.30900379 12.25774331 34.2942159   9.44366891] -291.1723361744514
[10.03222395  3.17470158  7.17667716 12.63240341 35.00344725  9.12045197] -290.9898248053597
[10.01520719  2.75680487  7.18622952 12.92687892 35.99204771  9.01767987] -291.4388758201413
[10.23885848  3.85394859  7.25724483 12.73724612 36.09338781  9.61356069] -291.461830583859
[ 9.98679452  3.43257069  7.14075336 12.26835511 33.55066531  9.0819741 ] -291.0457473744025
[10.10326393  3.61248477  6.75217112 12.39883053 34.66649012  9.54830991] -291.2935807464405
[10.04492181  3.53436425  7.30586961 12.40341567 34.15549099  9.13558913] -291.0254597963053
[ 9.96488375  3.59928629  6.71844994 12.38384748 34.49325261  8.8076169 ] -291.2405965937823
[10.091812    3.54337131  7.28180132 12.4078113  34.24156516  9.39285075] -291.0235470271283
[10.33695368  3.74449049  7.53897772 12.31890499 34.68711173  9.21182754] -290.96824087513727
[10.58318472  3.90649102  7.90484492 12.24710292 35.01404311  9.19974069] -291.2138577320536
[10.09233373  3.18284981  7.11387524 12.54405802 34.55711007  8.9268794 ] -290.92933643418434
[10.06296455  2.81291462  7.01631097 12.68721537 34.68855715  8.66848465] -291.21833896863654
[ 9.95750172  2.98357102  7.69476021 12.48380263 33.81609938  9.12090619] -291.25228324934665
[10.16750907  3.66130152  7.0421085  12.40183581 34.64079794  9.15694013] -290.9481088806859
[10.2684569   3.51445563  7.34568316 12.63445462 35.54450907  9.2328722 ] -290.98138536641375
[10.2848413   3.40602586  7.1938381  12.57640705 35.40268941  9.21168486] -290.9253302821951
[10.40480104  3.34185666  7.13782234 12.66290274 36.02628862  9.24973272] -291.13416106838457
[10.30229421  3.35123698  7.1885853  12.62821    35.70365665  8.89403462] -291.0878208760803
[10.14443255  3.49533773  7.25849732 12.46291097 34.60708804  9.26814671] -290.9060128937035
[10.39928512  3.82678543  7.32098285 12.34712041 34.80965483  9.21566498] -291.0462316232563
[10.12398925  3.33772254  7.21275358 12.56108266 34.95499914  9.14425522] -290.898632371462
[10.1148963   3.42812035  7.10766699 12.32061187 34.0720897   9.07370575] -290.96077994547824
[ 9.97238038  3.09262878  6.77060219 12.63673047 34.72447971  9.04870982] -291.091224530475
[10.24581036  3.58152506  7.34688384 12.39836136 34.69645372  9.17104811] -290.89018933656837
[10.23807579  3.46013382  7.28165187 12.66094008 35.54762307  9.21927906] -290.99690478370155
[10.14569117  3.43612372  7.15116321 12.40569393 34.44097305  9.11009908] -290.89572545431116
[10.17819039  3.15189339  7.38356193 12.58100219 34.91230654  9.120431  ] -290.8707352659238
[10.18353105  2.89718932  7.55428865 12.67058538 35.04806084  9.10217643] -290.9395839230931
[10.28198461  3.62002629  7.40169075 12.4510947  35.11439323  9.41500893] -290.9590885386259
[10.13974645  3.29214393  7.18582912 12.52081719 34.69643086  9.04891178] -290.8775636924795
[10.04111209  3.3588896   7.31905824 12.40021572 34.03339437  9.07594577] -290.9543222771717
[10.223909    3.39424179  7.22514313 12.53235921 35.06036565  9.17775009] -290.8824949333334
[10.20801298  3.23587908  7.24328095 12.5368612  34.98008828  8.98935171] -290.90888913354513
[10.16032766  3.43047307  7.25469323 12.48139853 34.7003381   9.19844796] -290.8731551474154
[10.24056909  3.42441111  7.30300457 12.41212814 34.54729016  9.13130745] -290.8716740381718
[10.25049315  3.32210573  7.41520873 12.56966161 35.0967553   9.17253305] -290.8666721090862
[10.30289413  3.26509673  7.54723149 12.65164546 35.42464642  9.20375004] -290.91514418452556
[10.15193488  3.09023128  7.24226306 12.63409427 34.97470848  9.11207901] -290.9071095477781
[10.22234149  3.45870162  7.32072865 12.45729459 34.76601741  9.15630583] -290.86564387194596
[10.17331375  3.29900115  7.39586561 12.47507487 34.51268047  9.09822894] -290.86890845774036
[10.26866539  3.40338476  7.50519178 12.47136946 34.81536513  9.2435063 ] -290.8601123754311
[10.33312486  3.45900517  7.66487312 12.44664559 34.87483227  9.34080356] -290.9033655368019
[10.28419676  3.25602618  7.5198272  12.50744509 34.84980024  9.10898956] -290.85288670069565
[10.3461313   3.16880274  7.65239418 12.52046836 34.92453131  9.06426036] -290.8808460620306
[10.21849788  3.20595983  7.54379006 12.60848779 35.10368487  9.16869077] -290.8898565141736
[10.23505129  3.36979829  7.36320094 12.46121805 34.68638884  9.14065328] -290.85668429312364
[10.29983022  3.55111252  7.4564457  12.3996857  34.66336259  9.18630799] -290.88791173912415
[10.20860034  3.25169817  7.40178287 12.53567307 34.85007055  9.13690025] -290.85495252852684
[10.31646906  3.3882371   7.44611445 12.52581242 35.17545202  9.22140049] -290.86223557637453
[10.26128163  3.38717631  7.43707324 12.41660927 34.61760943  9.16338552] -290.87069611149457
[10.25319027  3.33837337  7.42067486 12.53139853 34.97696883  9.17024617] -290.85544198848015
[10.29971621  3.21047101  7.56486872 12.55367762 35.01866446  9.18425952] -290.85454836073575
[10.20000436  3.22168017  7.47906768 12.49444818 34.55696733  9.10678454] -290.86579002894723
[10.28735288  3.34659786  7.45435276 12.51797136 35.02083085  9.1927465 ] -290.85117407211663
[10.25403719  3.18760354  7.403044   12.56442512 34.98554279  9.06775879] -290.8641965281395
[10.26500834  3.34943945  7.47965484 12.49463337 34.85790955  9.19956942] -290.8499555011269
[10.29763698  3.21440373  7.5838528  12.58571496 35.17169265  9.19025052] -290.86319034905756
[10.25069771  3.33094965  7.41836391 12.49234228 34.80771479  9.15305259] -290.8498610342172
[10.27866715  3.24335407  7.52560858 12.50251573 34.82469465  9.15492644] -290.8521261124744
[10.34661267  3.32724791  7.58577579 12.48718875 34.94313429  9.1942811 ] -290.8597238192377
[10.24310343  3.2705856   7.4477811  12.52355199 34.87333649  9.15124546] -290.8498669011601
[10.23662588  3.38851327  7.38366074 12.45914232 34.72609773  9.13591714] -290.8547981839327
[10.28394363  3.25498157  7.51956673 12.53004379 34.94552278  9.17217392] -290.85109804725033
[10.25206096  3.34260989  7.42861544 12.51290775 34.92686946  9.23224855] -290.8542726162484
[10.27616281  3.27767211  7.49702426 12.50881075 34.86906754  9.13980431] -290.8498566217527
[10.25675578  3.36672135  7.41330595 12.51993545 34.96676602  9.18127096] -290.85279533262656
[10.27318931  3.27419589  7.49753292 12.50687066 34.86021249  9.16151257] -290.84968101669347
[10.24334886  3.23934356  7.49895516 12.50077959 34.71709036  9.13303959] -290.8518321577987
[10.27635188  3.31978429  7.46550336 12.51367342 34.94489573  9.17781977] -290.8486386270014
[10.24422753  3.35256076  7.41572007 12.48325036 34.79218942  9.15549412] -290.85197286472277
[10.2740146   3.27937637  7.49360506 12.51834544 34.90718944  9.16800397] -290.85036291820506
[10.25415655  3.32816596  7.44168173 12.49494872 34.83052276  9.15966407] -290.8499726663199
[10.25912107  3.31596856  7.45466257 12.5007979  34.84968943  9.16174905] -290.84961715071506
[10.26120039  3.24694592  7.4473012  12.52071563 34.87706261  9.11549183] -290.85109409985637
[10.26405635  3.32381607  7.47156643 12.50115394 34.86269781  9.17855002] -290.8509308696375
[10.26773647  3.31787643  7.46008296 12.50723566 34.89729258  9.16978441] -290.84982475208153
[10.27477059  3.29699009  7.48151814 12.51027204 34.90255411  9.16966617] -290.849717051334
[10.27625734  3.2987282   7.48126381 12.51124209 34.90698163  9.15881204] -290.8498229453901
[10.26352479  3.32536697  7.44193363 12.50300785 34.87630526  9.16543618] -290.84994646957966
[10.25972765  3.29518495  7.45664223 12.5186127  34.90911611  9.16453262] -290.8506138637822
[10.27068011  3.33461187  7.4725791  12.50415339 34.90140264  9.1886946 ] -290.8477681369732
[10.28337941  3.33593433  7.47765143 12.49791545 34.90069454  9.17887178] -290.8482302262697
[10.28620047  3.30927477  7.50426597 12.51182283 34.94163515  9.18244674] -290.84901129475895
[10.28814346  3.31389809  7.50084431 12.50912408 34.93542869  9.18231929] -290.84801720723436
[10.28358463  3.33810295  7.48619029 12.50441165 34.93522198  9.20112741] -290.8491378370628
[10.2880094   3.35354534  7.48749335 12.50342823 34.9505388   9.20076036] -290.850148819001
[10.27808029  3.3111289   7.48301194 12.50856109 34.91455028  9.17743972] -290.8489140711789
[10.27736058  3.30344114  7.48176174 12.51067177 34.91098036  9.16140322] -290.85001763266416
[10.28202862  3.32943749  7.48508315 12.50597668 34.92916158  9.19119636] -290.8487579100604
[10.27335412  3.33899023  7.4572918  12.50131187 34.90040933  9.18300043] -290.8481887651082
[10.27989891  3.3464232   7.46997244 12.50215721 34.92278055  9.18986103] -290.8489496773106
[10.27853495  3.31995248  7.47975207 12.50696012 34.91660785  9.18054505] -290.8479555448167
[10.27478602  3.32495293  7.4661242  12.50506943 34.90398468  9.17255394] -290.84808520311395
[10.27994081  3.33632902  7.48591094 12.49450469 34.87461352  9.18417526] -290.8481299477929
[10.27176708  3.32031054  7.47651603 12.50912575 34.91012103  9.18489108] -290.8483480307585
[10.28047633  3.33202839  7.47736758 12.50071802 34.90305116  9.1803766 ] -290.84790186893844
[10.28416644  3.31493403  7.5035676  12.50553138 34.91128684  9.17988781] -290.84763819569395
[10.28957261  3.30290594  7.5267055  12.50764113 34.9167256   9.1783315 ] -290.84866207034094
[10.27898829  3.31046357  7.48083401 12.51601411 34.9493071   9.17728384] -290.8486778619234
[10.27970268  3.32986266  7.48464171 12.49988205 34.89328691  9.1824524 ] -290.84744061793197
[10.28578197  3.32347624  7.50679326 12.50372025 34.91637002  9.19220464] -290.8482990013006
[10.27753501  3.32458376  7.47629146 12.50473213 34.90708102  9.17746662] -290.8482776472854
[10.28193456  3.32239835  7.49410465 12.50270671 34.90228688  9.18117011] -290.8475630722281
[10.2751914   3.33223727  7.4786104  12.50201772 34.89734477  9.1855735 ] -290.84770721578303
[10.28008951  3.33094552  7.48100465 12.50030004 34.89816904  9.1814145 ] -290.84746617397013
[10.27911881  3.32490757  7.48219689 12.50342108 34.90494738  9.18149872] -290.84800268068494
[10.28392307  3.32188038  7.49274301 12.50450306 34.9143578   9.18238585] -290.84751671443547
[10.27724435  3.3274078   7.47538295 12.50247574 34.8986358   9.17750317] -290.84738895117516
[10.28024304  3.33000309  7.48663224 12.50054069 34.89641302  9.18200112] -290.8478651369705
[10.27996199  3.32872921  7.4855234  12.50126079 34.89854661  9.18187552] -290.8475003580701
[10.28576066  3.32150404  7.49252305 12.50169174 34.90441624  9.17669368] -290.84768158086297
[10.28311834  3.32418734  7.48904489 12.50177324 34.90264837  9.17891364] -290.8475014798391
[10.27941208  3.33193929  7.47534221 12.50069159 34.89959463  9.18034492] -290.84731424558333
[10.27815085  3.33670976  7.46596099 12.49968403 34.89824851  9.17993233] -290.84776652339946
[10.27591991  3.33581023  7.4709036  12.49762475 34.88260265  9.17844887] -290.847485345404
[10.27432517  3.33737756  7.46855462 12.49897175 34.88763018  9.18176616] -290.8478136527924
[10.28092005  3.3274849   7.48392232 12.50107286 34.89889382  9.17962677] -290.84732219752584
[10.27780088  3.33242093  7.47154241 12.49942155 34.89184768  9.17805469] -290.8472302320583
[10.27672032  3.33426678  7.46455192 12.49850194 34.88849821  9.17614428] -290.8473956611759
[10.28246994  3.32421013  7.48637516 12.50365653 34.91087331  9.18134995] -290.84741243017885
[10.27909382  3.32682971  7.47806428 12.50210007 34.89954168  9.1783628 ] -290.8473474702967
[10.27927769  3.32690159  7.47223474 12.5032574  34.90650872  9.1759617 ] -290.8479632591732
[10.27959643  3.32912239  7.48153997 12.50072589 34.89659237  9.18082973] -290.8482089688804
[10.27860648  3.33218011  7.47344231 12.50005657 34.89572115  9.17919981] -290.84736075167154
[10.27936046  3.32995291  7.47773237 12.50024721 34.89537075  9.17884073] -290.847305680761
[10.27844735  3.32962532  7.47480335 12.50076081 34.89569468  9.17820874] -290.8471735525819
[10.27752261  3.32991436  7.47346268 12.50094865 34.89524174  9.17777893] -290.8473175379093
[10.28013541  3.32831553  7.47895879 12.50153904 34.90136049  9.17970232] -290.84741230025236
[10.27875178  3.33114179  7.47809206 12.4996518  34.89256729  9.18025355] -290.84735697290347
[10.27669445  3.33342961  7.47073294 12.49882316 34.88745394  9.17774316] -290.8472933164122
[10.27758603  3.32998153  7.47534629 12.49989449 34.89033754  9.17776013] -290.8473658709476
[10.27835137  3.33163046  7.47391831 12.50001605 34.89437525  9.17883989] -290.8473902909728
[10.27812411  3.33102312  7.47317288 12.50009118 34.89377118  9.17813172] -290.84716692123
[10.2775709   3.33152746  7.47276815 12.49979199 34.89157431  9.17797595] -290.84722338809047
[10.27890391  3.32978912  7.47626786 12.50050401 34.89553271  9.17852474] -290.84732531921355
[10.27798498  3.32976984  7.47413301 12.50085473 34.89546821  9.17799384] -290.8472696942839
[10.27859956  3.33038356  7.4764477  12.50020631 34.89413099  9.17923115] -290.84727964889726
[10.27852691  3.33090271  7.47412283 12.50040869 34.89570792  9.17870427] -290.84731218620715
[10.27751403  3.33128822  7.47221478 12.50020056 34.89324971  9.17822382] -290.8472724797797
[10.2775534   3.33030313  7.47372379 12.5002265  34.89225511  9.17788413] -290.84718057602083
[10.27713203  3.33079548  7.47049095 12.50043562 34.89320674  9.17690826] -290.84707516388204
[10.27639826  3.33100144  7.46751257 12.50055027 34.89274462  9.17574681] -290.84756653046037
[10.27809022  3.32972656  7.47414926 12.50051972 34.8940737   9.17747706] -290.84735371553495
[10.27765808  3.33089781  7.4726984  12.50028035 34.89345571  9.17803713] -290.8472827146699
[10.27762807  3.3309093   7.47183192 12.5002634  34.89348896  9.17751999] -290.8473542011768
[10.27778969  3.3302104   7.47264715 12.50059822 34.89445071  9.1775585 ] -290.84728084915776
[10.27734271  3.3305493   7.47210737 12.50033106 34.89273092  9.17739619] -290.8480732081614
[10.27735146  3.33116147  7.47162955 12.5001138  34.89239052  9.17744211] -290.84736101790713
[10.2775585   3.33028266  7.47231198 12.50064517 34.89433747  9.17745105] -290.84710397519007
[10.27732303  3.33104185  7.47135287 12.50031809 34.89322823  9.17756604] -290.84715907155385
[10.27758488  3.33091775  7.4713141  12.50046037 34.89430329  9.17741912] -290.8472288878792
[10.27765394  3.33022434  7.47168677 12.50079315 34.89528127  9.17736554] -290.84721523847975
[10.27738595  3.33024819  7.47143602 12.50082014 34.89478028  9.17723618] -290.8480227671668
[10.27756754  3.33074402  7.47173294 12.50040259 34.89381179  9.17744904] -290.8472050144379
[10.27715029  3.33112497  7.47031606 12.50042012 34.89360555  9.17716118] -290.84747303056554
[10.27762984  3.33043904  7.47206438 12.50055369 34.89423942  9.17745917] -290.8472631277293
[10.27731014  3.33089632  7.47089883 12.50046464 34.89381684  9.17726051] -290.8471441572241
[10.27726351  3.33041048  7.47151068 12.50055938 34.89359083  9.17724769] -290.8471002185449
[10.27706431  3.33116593  7.47107931 12.50014867 34.89204936  9.17726198] -290.8472383124743
[10.27750653  3.33045974  7.47153491 12.50063203 34.8944733   9.17733965] -290.84721640430314
[10.27719777  3.33060298  7.47100082 12.5004975  34.89339878  9.17707798] -290.84723030834493
[10.27734527  3.33053907  7.47140147 12.5005404  34.89377211  9.17717965] -290.847133418978
[10.27722108  3.3308459   7.47069489 12.50045013 34.89351179  9.17708438] -290.8472354241944
[10.27722753  3.33091866  7.47092191 12.50037685 34.89321748  9.17723715] -290.8470827162053
[10.27734978  3.33076975  7.47111195 12.5004191  34.89350927  9.17717865] -290.847273978389
[10.27739298  3.33050991  7.47108886 12.50061439 34.89424401  9.1771369 ] -290.84708263477177
[10.27715577  3.33063425  7.47075435 12.50055252 34.89360771  9.17702946] -290.8472996007141
[10.27730128  3.33073587  7.47102255 12.50045246 34.89353388  9.17714135] -290.8471143692406
[10.2773112   3.33052142  7.47128063 12.50052227 34.89361254  9.17714271] -290.84734961916115
[10.27724361  3.33076478  7.47084132 12.50046816 34.89353698  9.17709897] -290.8479572119154
[10.2772625   3.33065269  7.47078991 12.500525   34.89372537  9.17702258] -290.8480254348278
[10.27717978  3.33085707  7.47070643 12.50040623 34.89321211  9.1770727 ] -290.8478850916431
[10.27721665  3.33076568  7.47075675 12.50044404 34.89337031  9.1770248 ] -290.8471564256829
[10.27723865  3.33066727  7.47094621 12.50048801 34.89348942  9.17704395] -290.8480154946216
[10.2771649   3.33069923  7.47074588 12.50046656 34.89330276  9.17699312] -290.8473104679649
[10.27717655  3.33082069  7.47059292 12.50044287 34.89335927  9.17699632] -290.8471757643377
[10.27710701  3.33088244  7.47062314 12.50036944 34.8929215   9.17699047] -290.8473111923183
[10.277087    3.33093959  7.47035915 12.50036691 34.89296814  9.17695127] -290.8472335296613
[10.27711494  3.3307773   7.47048317 12.50043558 34.89316413  9.17688204] -290.8476513299555
[10.27713115  3.33079724  7.47053898 12.50042824 34.89317612  9.17692971] -290.8472897913295
[10.27719574  3.33072352  7.4705384  12.50049197 34.89353962  9.17694402] -290.8471520191149
[10.27714814  3.33091484  7.4703465  12.50040333 34.8932373   9.17692501] -290.84722316444925
[10.27718756  3.33085602  7.47048924 12.50043334 34.89338434  9.17698685] -290.84709361768046
[10.27726523  3.33068582  7.47071244 12.50051681 34.89373105  9.17697715] -290.84717226474726
[10.27724311  3.33063423  7.47084707 12.50051822 34.89362647  9.17702079] -290.8480591806778
[10.27717189  3.33084469  7.47047164 12.50043205 34.89333459  9.17694896] -290.84823638090336
[10.27715979  3.33082575  7.4704901  12.50043448 34.89329554  9.17694755] -290.84735889197395
[10.27716389  3.3307595   7.47051468 12.50046379 34.89337318  9.17692614] -290.8472076606953
[10.27717434  3.33078058  7.47062385 12.50043983 34.89328853  9.17696653] -290.8472160969816
[10.27719863  3.33074065  7.4706017  12.50047621 34.8934689   9.1769427 ] -290.84708156894305
[10.27715429  3.33080808  7.47054194 12.50043924 34.893283    9.17695229] -290.84760891352875
[10.27714008  3.33085516  7.47041873 12.50041947 34.89322202  9.17691663] -290.8471426997127
[10.27716863  3.33077762  7.47050473 12.50045056 34.8933353   9.17691698] -290.8470933790795
[10.27716607  3.33074391  7.47056145 12.50046068 34.89333602  9.17691153] -290.8470973684259
[10.27714877  3.33077686  7.47040689 12.50046228 34.89335886  9.17687422] -290.84728172229666
[10.27716795  3.33077965  7.47056961 12.50044544 34.89330611  9.17694345] -290.84730104720967
[10.27716533  3.33076806  7.47054632 12.50045591 34.89333782  9.17692548] -290.84742591157357
[10.27715033  3.33078655  7.47049784 12.50044309 34.89327102  9.17691262] -290.84732027441544
[10.27714905  3.33076969  7.4705262  12.50044815 34.89327138  9.17690989] -290.847304458356
[10.27713606  3.33082532  7.47045484 12.50042754 34.89321438  9.17691245] -290.8474102563891
[10.27714796  3.33077749  7.47050281 12.50044971 34.89328996  9.1769172 ] -290.84712392224134
[10.27715318  3.33078803  7.4705574  12.50043772 34.89324763  9.17693739] -290.8475464911606
[10.2771404   3.33078617  7.47044892 12.50044895 34.8932828   9.17689124] -290.84717982633526
[10.27711994  3.33081217  7.47042753 12.50042844 34.89317427  9.17689174] -290.8471732015729
[10.27714385  3.33075053  7.47050991 12.5004571  34.89328434  9.17689787] -290.84711776992003
[10.27712741  3.33077729  7.47047094 12.50044623 34.89323215  9.17689278] -290.84789526693214
[10.2771446   3.33078423  7.47049111 12.50044387 34.8932613   9.17690766] -290.84715358393726
[10.27712721  3.330799    7.47043088 12.50043975 34.89322843  9.17689476] -290.84709821583573
[10.27713146  3.3307868   7.47050215 12.50043588 34.89319888  9.17691459] -290.8472050313382
[10.27713816  3.33078632  7.47046223 12.50044568 34.89326182  9.17689708] -290.847156959714
