[-1.13395701 -0.5454431   0.74857789 -0.30830593 -0.0077759  -2.23667842] -368.87545279762423
[ 0.43720608  1.36280872  1.4799597   0.10375709 -1.7305479  -0.95971608] -417.2060168827453
[-0.01665416 -2.00044627  0.43329282  0.69339057  0.19890219  1.89867076] -324.4586657813142
[-0.48072389  1.00311277 -0.74119259 -0.65935782  1.32496456 -0.86395682] -308.60917861623443
[-0.72149084 -0.29807271 -1.01541246 -0.07912832  0.91678771  0.35054742] -313.43727896630867
[ 0.04533838  0.20507133  0.55565064  0.99820391  0.99924168 -0.50211054] -318.5176693490695
[ 1.00903222  0.98797926 -0.1332547  -0.99666023  0.82194509 -3.95457782] -326.40187506928464
[-0.87002451 -1.57874163 -1.53073917 -0.22104303  3.14856968 -0.8096524 ] -288.5893056596858
[-1.52363981 -3.0495168  -3.0360886  -0.38344308  5.58812847 -0.73462056] -322.57580277227135
[ 0.78911607 -0.01492265 -1.55912971  0.22010762  2.47791287  0.94298529] -274.26124093257926
[ 1.75065261  0.25033758 -2.71298351  0.4843144   3.72075726  2.53281714] -270.65688948969796
[-1.10666636 -1.79422557 -1.53720672  1.40212014  2.6144626   4.82334967] -306.37458765879813
[-0.44431738  1.2629402  -2.76058742 -0.05168748  4.0426923  -0.05500594] -292.2422346443342
[-0.66952851 -0.58995445 -3.98835794 -0.70646461  4.25683636  2.49481023] -297.5826999726384
[ 0.11462149 -0.18410433 -3.40827665  0.16175552  5.45263988  2.35690654] -314.2564984356892
[-0.51246276 -0.26958061 -1.61362851 -0.01890736  2.05075075  0.8521372 ] -289.7635281580108
[-0.13672508 -1.90952093 -3.9733085   0.95546851  5.28639175  4.14344212] -320.92344158869963
[-0.39472419  0.27495434 -1.54922157 -0.25565124  2.31532136  0.38789291] -287.2497217835389
[ 0.72653145  1.57754404 -3.18129932 -1.6585999   3.89717997 -3.02234995] -286.4190461986318
[ 0.75474691  1.09577243 -0.46112856  0.13260641  2.13492075 -2.53286391] -293.08970080451013
[ 0.39867806  0.67434071 -1.34293591 -0.07716135  2.66539965 -1.27594538] -281.66902213740224
[ 0.81053427 -0.95332205 -1.21634857 -0.53066201  1.88996725 -0.39002756] -280.78991245905286
[ 1.31967865  0.35128494 -2.23088084 -0.73402702  3.82831431 -1.71122561] -274.6882675954574
[ 2.40714146  2.30378815 -2.54715074 -0.70288601  2.95707693 -0.34996041] -270.6863553718201
[ 2.86579636  1.12637011 -2.86131139 -0.81735606  4.00424377 -1.79345683] -274.72240510582435
[ 2.45762902 -0.3266109  -1.122571    0.86600722  2.45807308  2.02641707] -267.1651427139268
[ 3.3231778  -1.27868837 -0.09320684  2.12831078  1.73851964  4.55080058] -285.3472936133995
[ 3.4717994   0.2429419  -2.88747944 -0.40104182  3.62074455  1.38079998] -269.19339908161163
[ 3.94703156  2.26935931 -3.57111041  0.09566558  4.97310271  1.085158  ] -280.9596917168113
[ 1.59465859 -0.14765171 -1.80503903 -0.37408011  2.66075112 -0.02123117] -268.5816364498855
[ 1.46805689 -0.23500679 -1.57405679  0.53011828  2.41099532  3.07932917] -271.51542141387
[ 3.063634    0.3446478  -1.985546    0.868171    2.11448511  4.59394953] -272.9074408394691
[ 2.62764516  0.34630708 -2.04687971  0.4676215   2.54294241  3.01765575] -266.7290916683124
[ 3.30178519  1.12471082 -2.79997768 -0.41680656  3.57578647 -0.21716305] -268.27093181219567
[ 2.6609152  -1.80710989 -1.91115939  0.91155756  3.23594137  3.25639232] -266.4145441004342
[ 2.78780206 -3.86255891 -1.59316371  1.71877934  3.37537359  5.05956869] -276.4616114657684
[ 3.62082491 -0.43947514 -1.47805191 -0.13322847  2.31065574  0.61480649] -267.6440177602829
[ 1.94935329 -0.65955181 -0.8337468   0.84139886  1.97397218  1.5114925 ] -273.4067973742182
[ 3.09118787  0.01731847 -2.37404628 -0.09043165  3.20905146  1.41347311] -264.6350631790005
[ 4.32533719 -0.21396814 -2.10585629  0.90898665  3.11673239  3.3917584 ] -266.9190988182932
[ 2.95939459 -1.93255699 -0.87954384  1.39364416  2.04867902  4.79066409] -274.6147933455756
[ 3.21618754  0.36039387 -2.31986922  0.03580612  3.1940096   1.03479374] -264.1434693548002
[ 2.50547575 -0.10174803 -2.48207539  1.16641094  3.60826104  4.0986903 ] -269.6588201260289
[ 3.34198762 -0.35504336 -1.72905778  0.19168138  2.63505706  1.48577745] -264.4078572774399
[ 3.96345784 -0.22408976 -3.03971856 -0.05760003  3.51983835  2.50686651] -270.76900306298205
[ 2.83408622 -0.30098061 -1.60185789  0.63510541  2.7235144   2.14652943] -264.2274921020959
[ 1.59866601 -0.36573668 -1.8884338  -0.19187321  2.73010638  0.72644887] -267.29085548613546
[ 3.6436694  -0.25191027 -2.05150067  0.63377168  3.02007589  2.72543101] -264.43202623987116
[ 3.63503279 -1.12541768 -1.9489507   0.30487534  3.46294085  1.00314327] -264.8844805039672
[ 3.92646862  1.25523003 -2.09726813 -0.34128813  2.84560838  0.01332368] -268.2264115433426
[ 2.97730355 -1.04152491 -1.95768657  0.59834613  3.13835812  2.44562516] -263.96757834111924
[ 2.73310795  0.60150208 -2.06238877  0.36321769  2.51041466  2.74740003] -266.6141812516133
[ 3.40955158 -0.69368774 -1.97731022  0.31946092  3.2248093   1.43920746] -263.61100820545505
[ 3.3830741  -0.77823615 -1.50504784  0.89515553  2.76955667  2.34564831] -264.0599571157434
[ 2.74372747 -0.68444936 -1.6454425   0.25808015  2.87502583  0.90709617] -263.58435158980274
[ 2.29375651e+00 -9.00718910e-01 -1.44241342e+00  7.02343830e-02
  2.80250081e+00 -2.07125676e-03] -265.49025412208977
[ 2.8459892  -0.69111828 -1.94001364  0.72230338  3.34003425  1.95385598] -263.20193984892285
[ 2.59798999 -0.85915573 -2.04549156  0.98761437  3.69252284  2.18789524] -264.6443274051008
[ 3.35785826 -0.87522691 -2.17993211  0.30794534  3.45708353  1.2288795 ] -264.38146489768974
[ 2.96502923 -0.44454219 -1.74637644  0.55331539  2.90690668  1.91711695] -263.30960569580634
[ 2.8920375  -1.80491341 -1.27075651  1.07974771  2.89088735  2.63472294] -264.64833785128155
[ 3.13515003 -0.18093295 -2.05759105  0.29679152  3.11822904  1.43477604] -263.24869859442794
[ 2.64250959 -0.46718233 -2.26975897  0.02094363  3.43156441  1.02024427] -264.79665844905435
[ 3.19793297 -0.70047269 -1.69622562  0.67660256  2.9350586   2.0142973 ] -263.18931466191947
[ 3.12182328 -0.09020949 -1.72996658  0.3438385   2.99499645  0.77649147] -263.2656881998885
[ 2.59366582 -0.23688725 -1.62789506  0.63084957  2.83194098  1.56200384] -263.9961610907139
[ 3.20558014 -0.57948762 -1.88995643  0.39730809  3.12659222  1.46990655] -263.06171000649846
[ 3.41344081 -0.21113838 -2.04126742  0.73863966  3.26557991  2.2817186 ] -263.2792648807527
[ 3.34160958 -0.37324428 -2.03863047  0.50517918  3.35325681  1.3932317 ] -263.02697844246444
[ 3.52989975 -0.33759533 -2.18475748  0.48111107  3.57643187  1.13128907] -263.7731735637698
[ 2.86925426 -0.6606834  -1.74286051  0.24203475  3.02380921  0.73246775] -263.341416908987
[ 3.27739417 -0.32352463 -1.96666569  0.61448843  3.20513724  1.89440588] -262.9556664597278
[ 3.21272875 -0.85938399 -2.13306104  0.72705255  3.36443961  2.61033301] -264.2675163213593
[ 3.14454965 -0.28250312 -1.8307402   0.43964201  3.08735724  1.23495186] -262.87009959132854
[ 3.20253521 -0.80251726 -1.72981963  0.82171636  3.23091641  1.88544039] -262.6494548214381
[ 3.23622779 -1.11330941 -1.56593393  1.08417878  3.2872601   2.11077256] -262.70114861029367
[ 3.6105447  -0.32946493 -1.77733237  0.42934217  2.97273859  1.34355525] -263.50125424850825
[ 3.03712808 -0.60070494 -1.89934332  0.64906307  3.24821033  1.80128079] -262.8618128676928
[ 3.2049993  -0.28685459 -2.08882629  0.46586316  3.48209815  1.21210842] -263.22915540287323
[ 3.19969955 -0.59706817 -1.79437579  0.62391771  3.07181849  1.81375008] -262.8831304523291
[ 3.19539194 -0.41369985 -1.86323527  0.82069417  3.27230662  1.87111368] -262.60941166732727
[ 3.19029784 -0.33080596 -1.84987469  1.03238721  3.34516382  2.07171724] -262.6350725945041
[ 3.01062329 -0.63342837 -1.65609617  0.81799474  3.01865863  2.10708253] -263.0962144504483
[ 3.25886301 -0.4382903  -1.94299689  0.58338307  3.26960727  1.5716944 ] -262.78853687606437
[ 3.06866164 -0.72140325 -1.72017134  0.69831703  3.18826821  1.49833785] -262.5595625833945
[ 2.96429537 -0.92034255 -1.59692417  0.74023133  3.1798337   1.30030383] -262.5650963137501
[ 3.10267695 -0.48930473 -1.86772643  0.71368753  3.36040354  1.47385624] -262.5416551063037
[ 3.05416565 -0.43542302 -1.90440175  0.75857244  3.50469606  1.30390932] -262.5926743866095
[ 3.14386929 -0.87280366 -1.84369076  0.98931173  3.43588022  2.13228926] -262.88447003071275
[ 3.14437956 -0.43007825 -1.83397784  0.57705944  3.17448798  1.45928621] -262.6715317158548
[ 3.28704136 -0.49772627 -1.75329915  0.75588946  3.25045301  1.45196213] -262.41274560926
[ 3.411998   -0.44623694 -1.68027706  0.80930266  3.25157435  1.27730279] -262.3694009665166
[ 3.11635142 -0.66278979 -1.6220723   0.896876    3.22304511  1.58341798] -262.3858974419241
[ 3.22149216 -0.74857235 -1.66045617  1.00980514  3.3343501   1.73720343] -262.30589756046635
[ 3.26004846 -0.9078194  -1.57369534  1.22617799  3.41428115  1.87616205] -262.2872494036284
[ 3.1825076  -0.41123406 -1.71257295  0.89996876  3.33904325  1.30795648] -262.2208815631736
[ 3.17249379 -0.21559247 -1.70394961  0.93909496  3.39310666  1.01921452] -262.25084257707
[ 3.18535608 -0.79922955 -1.52893654  0.92741582  3.31989858  1.13456412] -262.1908280117021
[ 3.18033815 -0.9919944  -1.36178718  0.98077665  3.34369457  0.76628934] -262.3025033494439
[ 3.35098453 -0.51746825 -1.60825553  1.12615922  3.44781378  1.38608204] -262.0296672833704
[ 3.49214598 -0.41550075 -1.55229763  1.34008031  3.57758656  1.32995413] -261.9876115790122
[ 3.44679223 -0.72496543 -1.35555751  1.31958631  3.34807279  1.36259627] -262.2766996627814
[ 3.54326469 -0.57220559 -1.51237338  1.27730129  3.52710712  1.1794273 ] -262.0007617387957
[ 3.29137368 -0.83074798 -1.39820072  1.52087417  3.59042214  1.45291732] -262.06907331877534
[ 3.45376496 -0.34347505 -1.44628424  1.2022309   3.48642899  0.71297649] -262.2727841883031
[ 3.26934543 -0.39916557 -1.69466431  1.06970411  3.59875609  1.01000234] -262.0570849214959
[ 3.20089953 -0.79921945 -1.68673094  1.14288392  3.49784225  1.75863074] -262.2645016174561
[ 3.26411589 -0.68528335 -1.62661926  1.15772066  3.49498894  1.49721718] -262.04653218119364
[ 3.49935965 -0.8228102  -1.39179099  1.53106336  3.69720989  1.22673765] -261.90887251301575
[ 3.65778568 -1.02859826 -1.23140002  1.84661066  3.87629322  1.18612824] -262.11036791454336
[ 3.60117903 -0.44267493 -1.52971222  1.70483215  3.84212499  1.43085452] -262.06220774339954
[ 3.59842987 -0.28179881 -1.70428521  1.17269312  3.65550239  1.10514705] -262.0708911407992
[ 3.36813773 -0.69351069 -1.47472184  1.43382891  3.6066922   1.36597475] -261.94716930920174
[ 3.2109441  -0.75348378 -1.55444358  0.89840073  3.32532194  1.10558326] -262.1926050779921
[ 3.50362029 -0.52037714 -1.53589506  1.50322429  3.71292423  1.34953671] -261.9316923440001
[ 3.62086931 -0.83739701 -1.33656842  1.6780355   3.60674689  1.63961357] -262.2525723993925
[ 3.3572264  -0.50872343 -1.60514033  1.22178696  3.60075379  1.16740515] -261.9311526653001
[ 3.6571357  -0.49242592 -1.39745382  1.61137438  3.74576899  1.04246139] -262.12409241362485
[ 3.36237084 -0.63706899 -1.5693279   1.27113409  3.55768395  1.38352823] -261.94046553487465
[ 3.31768894 -0.62712481 -1.53068454  1.48973802  3.72384309  1.42828491] -261.96762849628675
[ 3.31065531 -0.854371   -1.48355593  1.4768449   3.72211582  1.310535  ] -261.9376601557121
[ 3.4827678  -0.71849567 -1.48945948  1.32288948  3.57528354  1.17295426] -261.92372331506033
[ 3.47052904 -0.66043812 -1.55033472  1.34181878  3.68196488  1.17092424] -261.8797387772182
[ 3.52172469 -0.64390184 -1.58814116  1.29581372  3.71960121  1.07339899] -261.92385927170807
[ 3.51234866 -0.72466953 -1.44939761  1.52807517  3.7724001   1.08250277] -261.8875694084434
[ 3.63129531 -0.46413369 -1.52378347  1.33944112  3.62472965  1.07948526] -262.0141134125099
[ 3.39081531 -0.75681167 -1.49361282  1.44249395  3.69776928  1.25277257] -261.8843089331362
[ 3.40072866 -0.87693906 -1.45735026  1.29281827  3.6288696   1.00822884] -261.92708332251243
[ 3.5616233  -1.01133133 -1.33884162  1.59793272  3.75041198  1.13730163] -261.951953767648
[ 3.40832563 -0.6343754  -1.53856566  1.3158234   3.63816833  1.15987927] -261.888335204921
[ 3.52065337 -0.56226113 -1.5137035   1.53456977  3.72539574  1.34702808] -261.93083533039953
[ 3.43070984 -0.79826958 -1.47143857  1.35325615  3.65300113  1.09292865] -261.88833630253833
[ 3.42126157 -0.74729583 -1.47558731  1.51462079  3.80488766  1.15562746] -261.88407467232065
[ 3.37863703 -0.61780985 -1.6011879   1.30096605  3.7188539   1.07814067] -261.9150627881566
[ 3.469179   -0.77156011 -1.44414022  1.47353903  3.7026209   1.18958841] -261.87902286498695
[ 3.4601099  -0.63344731 -1.51244088  1.51886756  3.77960258  1.24416959] -261.8824335597136
[ 3.49975553 -0.79703212 -1.43660553  1.6239817   3.84158013  1.20531575] -261.8962678375301
[ 3.4311831  -0.67503958 -1.51307562  1.39286297  3.68902128  1.17123839] -261.87219344501597
[ 3.36867731 -0.69019468 -1.54699958  1.3666592   3.67955543  1.31227078] -261.8974689558892
[ 3.47643082 -0.71605082 -1.4737981   1.48772117  3.74918893  1.13994477] -261.8729740073285
[ 3.51874917 -0.64446558 -1.49617947  1.46731615  3.77132613  1.10439172] -261.87318026014555
[ 3.52079877 -0.61970468 -1.52106903  1.3794211   3.65302057  1.18445825] -261.89767322251356
[ 3.44614587 -0.71539804 -1.48695774  1.48082086  3.76692089  1.16283516] -261.8707262602024
[ 3.47729577 -0.76087011 -1.47572108  1.3624921   3.67407842  1.06880464] -261.88600783550424
[ 3.46440637 -0.66530301 -1.50326093  1.47977369  3.75322154  1.20032835] -261.87094979457345
[ 3.46483574 -0.73550092 -1.42213597  1.58552584  3.79546835  1.15185136] -261.90140253277815
[ 3.46910571 -0.67920382 -1.51828504  1.40274555  3.71034074  1.16615602] -261.8689999040064
[ 3.46616135 -0.59359351 -1.55304541  1.43020777  3.77738561  1.1253764 ] -261.8783153538353
[ 3.46691576 -0.63808516 -1.52581911  1.44104058  3.75869443  1.1414294 ] -261.87004024477494
[ 3.39931338 -0.71856123 -1.51088604  1.42767213  3.70446981  1.22291898] -261.8782443969552
[ 3.48889022 -0.66298949 -1.49985611  1.45740514  3.75461205  1.13402353] -261.8684900080869
[ 3.44578486 -0.62928888 -1.54195342  1.39716176  3.72841472  1.18539218] -261.8716843671278
[ 3.49589983 -0.65504989 -1.51230183  1.49345289  3.80171351  1.15881649] -261.8705416072726
[ 3.49800306 -0.70938758 -1.47354017  1.52125115  3.78675301  1.13580414] -261.8737489852889
[ 3.45883941 -0.64931356 -1.52485011  1.42818411  3.74299929  1.17299517] -261.8680514335383
[ 3.4775259  -0.66804364 -1.51942905  1.42144269  3.75853876  1.11175691] -261.87026165826103
[ 3.5062464  -0.60216381 -1.54655601  1.40060279  3.74204537  1.13222402] -261.8763475840201
[ 3.46117101 -0.68708948 -1.50185731  1.46076635  3.76070201  1.15518237] -261.86771478072643
[ 3.44491618 -0.67319183 -1.51773042  1.37707525  3.69358226  1.13503131] -261.87283118623446
[ 3.48315391 -0.65958537 -1.51365897  1.46435848  3.77468069  1.1528702 ] -261.86815692059275
[ 3.46516611 -0.65737865 -1.50867983  1.46339072  3.74213764  1.19579532] -261.8701702513728
[ 3.46825605 -0.6600449  -1.51136714  1.45290371  3.74623792  1.17478572] -261.86809144863264
[ 3.47622301 -0.69465705 -1.49747244  1.4477472   3.7378298   1.1772416 ] -261.8655554274758
[ 3.48087663 -0.722943   -1.48329911  1.4511005   3.72739749  1.19514771] -261.86563642016466
[ 3.47640549 -0.65868946 -1.49806899  1.50104278  3.79534651  1.15621018] -261.8719302840719
[ 3.47093066 -0.67407523 -1.51323102  1.42731986  3.73159219  1.16366956] -261.86676768488127
[ 3.45063446 -0.67859904 -1.52095622  1.43635476  3.74340192  1.19822467] -261.8679582003586
[ 3.44553095 -0.68834105 -1.50958577  1.42006684  3.71290702  1.19449617] -261.8686732949081
[ 3.47374817 -0.66677429 -1.51264067  1.45328557  3.75923728  1.16327669] -261.8669634811059
[ 3.46225952 -0.69012465 -1.51230212  1.4316489   3.7456829   1.1687443 ] -261.8663366156847
[ 3.4728162  -0.71445969 -1.49463649  1.45752343  3.74981608  1.1691179 ] -261.8656466197563
[ 3.48841506 -0.69712776 -1.48975714  1.45640901  3.7515515   1.13418614] -261.86679635269024
[ 3.48695987 -0.69198341 -1.50482265  1.43054498  3.73120124  1.17022969] -261.86550702444583
[ 3.4998543  -0.69443037 -1.50630533  1.4154343   3.71645085  1.17775335] -261.8678122071554
[ 3.4787866  -0.72070164 -1.49143328  1.43044556  3.72332063  1.16445304] -261.86604398405257
[ 3.46091022 -0.69820613 -1.51487554  1.41866763  3.72159611  1.20363256] -261.8667191884248
[ 3.47505448 -0.7293023  -1.49194982  1.44487271  3.7382234   1.18747014] -261.8646956755045
[ 3.47711639 -0.75691583 -1.48130921  1.45364913  3.74153901  1.19937043] -261.8651960787947
[ 3.48978967 -0.71553678 -1.4826634   1.46225996  3.75376191  1.14211966] -261.8661539647784
[ 3.49761709 -0.73208897 -1.47535724  1.45948238  3.73236812  1.16813304] -261.86760277654395
[ 3.47109891 -0.70061573 -1.5030659   1.43860727  3.74235421  1.16859149] -261.8651812608057
[ 3.46385669 -0.70170316 -1.5117968   1.42098708  3.72048655  1.20358162] -261.8666233001861
[ 3.48330642 -0.71207838 -1.48994675  1.45194174  3.74544307  1.15748515] -261.8650470780134
[ 3.47636637 -0.69366388 -1.5025314   1.45996689  3.75830197  1.17892562] -261.8657109923212
[ 3.47697142 -0.70042332 -1.49975687  1.45258656  3.74955663  1.17530747] -261.8649509362983
[ 3.48372184 -0.69522704 -1.50103499  1.43124338  3.73172004  1.17632395] -261.8645995532479
[ 3.48917465 -0.68561071 -1.50423424  1.41810336  3.72267202  1.17992698] -261.86533546477915
[ 3.48281464 -0.71521967 -1.49938655  1.43551835  3.74166973  1.16789436] -261.86485830777895
[ 3.47069604 -0.72563873 -1.4902243   1.45437836  3.75178779  1.17412783] -261.8649001165894
[ 3.4864227  -0.72534741 -1.48770053  1.4515731   3.74377935  1.17761148] -261.86438374804874
[ 3.4940846  -0.73771325 -1.48001784  1.45805601  3.74449191  1.18212148] -261.8648920378136
[ 3.47525395 -0.71830778 -1.50007094  1.43811574  3.74013591  1.19542659] -261.8645757944453
[ 3.48101646 -0.73592432 -1.4903655   1.43264732  3.7328821   1.18431065] -261.86476230881976
[ 3.49073198 -0.71413744 -1.49994514  1.42361184  3.72434906  1.18888456] -261.86574921679295
[ 3.47570502 -0.72276341 -1.49265451  1.44668673  3.7449281   1.17781701] -261.86441125854526
[ 3.47624351 -0.72707108 -1.48853888  1.44619464  3.73555324  1.19842558] -261.8642734523949
[ 3.47295795 -0.73299678 -1.48311504  1.45153279  3.732495    1.21369119] -261.8648363592902
[ 3.47645071 -0.70341535 -1.49695105  1.45358144  3.74523125  1.18671427] -261.8647334045357
[ 3.47759215 -0.71154259 -1.49530466  1.44834791  3.74214396  1.18611337] -261.8642631005591
[ 3.48325858 -0.70411747 -1.49648502  1.44251446  3.7411968   1.18310252] -261.86406609293306
[ 3.48736063 -0.69152506 -1.49875262  1.44133534  3.7426835   1.18091871] -261.8636532982487
[ 3.47580415 -0.73695874 -1.48663906  1.45950777  3.75135465  1.1957803 ] -261.8644703028299
[ 3.48445544 -0.72009499 -1.48312582  1.45976609  3.74667835  1.17679556] -261.86442236538636
[ 3.486789   -0.69582277 -1.49538661  1.43846017  3.73390085  1.17011361] -261.8646224758702
[ 3.47855036 -0.72667475 -1.48882595  1.45424587  3.7469912   1.18936363] -261.8641447728659
[ 3.47616935 -0.71487978 -1.5007999   1.43636177  3.73868143  1.1932877 ] -261.86455362211575
[ 3.48238392 -0.71879119 -1.48754434  1.45391501  3.74467912  1.18091859] -261.8639626742749
[ 3.48714607 -0.71088728 -1.48956781  1.45185056  3.74034869  1.19330011] -261.86407399102006
[ 3.47666951 -0.70348324 -1.49514423  1.44705668  3.74035389  1.19873518] -261.8639604104595
[ 3.4869907  -0.69389696 -1.49650766  1.45272248  3.75018021  1.17802428] -261.864176734709
[ 3.48877491 -0.70354357 -1.49014287  1.4520274   3.74626824  1.18764014] -261.8638050928892
[ 3.4799711  -0.72440474 -1.48681828  1.44742114  3.736928    1.1989345 ] -261.8638624277718
[ 3.48888501 -0.69087028 -1.49383077  1.44362284  3.73676261  1.19078545] -261.8636679940591
[ 3.48086896 -0.69998541 -1.49450989  1.44327557  3.74220977  1.18601075] -261.86360492117484
[ 3.47773041 -0.69453447 -1.49698093  1.43898808  3.74314031  1.18236607] -261.8637328152865
[ 3.48512612 -0.68581291 -1.49885521  1.43766465  3.73705622  1.20008965] -261.8632964231413
[ 3.48649723 -0.66932378 -1.50451065  1.42953946  3.73324476  1.20967518] -261.8637331062798
[ 3.4936594  -0.69523075 -1.49249232  1.4413923   3.74028222  1.18272456] -261.86324013430846
[ 3.50215435 -0.6911045  -1.49116637  1.4385601   3.74024639  1.17471924] -261.86358645163153
[ 3.49492058 -0.66458459 -1.50270961  1.43901823  3.74482618  1.17712192] -261.8641817029717
[ 3.48370847 -0.7094497  -1.49079111  1.44532041  3.73890255  1.19348136] -261.86343922135967
[ 3.48442795 -0.68741447 -1.49960111  1.4321763   3.73303072  1.19036336] -261.863630502976
[ 3.48283217 -0.69893582 -1.49783665  1.43676535  3.74129238  1.18707734] -261.86359780383737
[ 3.48284707 -0.70075129 -1.49260948  1.43752952  3.73490779  1.19899696] -261.86330077847964
[ 3.48525278 -0.70930749 -1.48943045  1.44847296  3.74518626  1.19243018] -261.86295485839554
[ 3.48566519 -0.72025401 -1.48434512  1.4566213   3.75126403  1.19346359] -261.8632390387874
[ 3.49027304 -0.69984392 -1.49282852  1.43910616  3.73699937  1.1989226 ] -261.8629075949675
[ 3.49497508 -0.69977317 -1.49198784  1.43702145  3.73439416  1.20537852] -261.8630143208967
[ 3.49079013 -0.7011962  -1.48783238  1.44639665  3.73648576  1.20180442] -261.8630347402137
[ 3.49227438 -0.68793115 -1.49389168  1.43820033  3.73806999  1.19817476] -261.86271986068635
[ 3.49655733 -0.67717188 -1.49544196  1.4346403   3.73765371  1.20052147] -261.8627512498233
[ 3.49627822 -0.69235618 -1.49250071  1.44621483  3.74311882  1.1923851 ] -261.8630865460125
[ 3.49771652 -0.70947565 -1.48413681  1.44892976  3.74299125  1.18872422] -261.86277486544395
[ 3.49053562 -0.70480612 -1.48771453  1.4477146   3.74066825  1.20808921] -261.8625612646924
[ 3.48897372 -0.7095938  -1.48532563  1.45087575  3.74086127  1.22077153] -261.8629262284997
[ 3.4860026  -0.71183066 -1.48611074  1.443392    3.73701481  1.20366337] -261.8627605294095
[ 3.48989485 -0.70653547 -1.49020519  1.44220862  3.74382422  1.19486369] -261.8628093164262
[ 3.49697956 -0.69750016 -1.48886537  1.43804419  3.7346697   1.2050491 ] -261.8627032821206
[ 3.4941948  -0.70618248 -1.48414625  1.44705701  3.74208004  1.20059885] -261.8621635705116
[ 3.49615568 -0.70935177 -1.47980511  1.45103244  3.74462038  1.20143698] -261.86212053961077
[ 3.49665994 -0.7004297  -1.48330288  1.44689582  3.73552058  1.20684886] -261.86278925560276
[ 3.49496867 -0.70195614 -1.48502846  1.44572402  3.73759649  1.20385257] -261.86252828352946
[ 3.48792231 -0.69498302 -1.48966849  1.4391061   3.73455529  1.21803111] -261.86245147055865
[ 3.50027614 -0.68701213 -1.48888047  1.44321523  3.73971189  1.20788121] -261.86237418118714
[ 3.49667162 -0.71060529 -1.47942914  1.45007853  3.73920402  1.21660529] -261.862192427563
[ 3.49186378 -0.70540466 -1.48131003  1.45424612  3.74411574  1.21358302] -261.86226012082807
[ 3.49875045 -0.69829822 -1.48032604  1.44675288  3.73926635  1.21237418] -261.8618377482049
[ 3.50285786 -0.69504427 -1.4766318   1.44627202  3.73856539  1.21451667] -261.8618538230461
[ 3.49557799 -0.69992888 -1.48144463  1.44908642  3.74289473  1.21945136] -261.86160704427044
[ 3.49588266 -0.69891525 -1.47965272  1.45076761  3.74554386  1.22725076] -261.8616287379412
[ 3.50517624 -0.70855063 -1.47406332  1.45903111  3.74871575  1.20574624] -261.8620003551095
[ 3.49445578 -0.72370103 -1.46991229  1.46019393  3.74656043  1.21518449] -261.862093586183
[ 3.50373214 -0.71140728 -1.47368348  1.45114565  3.74297148  1.2100165 ] -261.8617493987578
[ 3.50127781 -0.70647398 -1.47364915  1.45566895  3.74913902  1.20479796] -261.86134441376623
[ 3.50358091 -0.70440832 -1.47075916  1.45846416  3.75410653  1.1988943 ] -261.860994909531
[ 3.50426882 -0.70607969 -1.47025786  1.45719227  3.74688471  1.21911871] -261.86130627612687
[ 3.50923973 -0.68585665 -1.48026588  1.44703023  3.74505275  1.20668261] -261.8618128387239
[ 3.49987378 -0.69344238 -1.47818237  1.44419276  3.74167644  1.21643298] -261.8609564594595
[ 3.49722255 -0.68588825 -1.48024189  1.43677359  3.73815678  1.22177635] -261.86082537792754
[ 3.50579027 -0.69955814 -1.47189159  1.45314456  3.75075598  1.21293909] -261.8607158593176
[ 3.50931018 -0.7001881  -1.46767437  1.45634039  3.7565008   1.21322155] -261.8601129932283
[ 3.49532446 -0.71677686 -1.46775459  1.4559706   3.74878559  1.22081031] -261.86123478111193
[ 3.4980295  -0.69301609 -1.47236069  1.45346349  3.7528049   1.22107436] -261.86035717325205
[ 3.50700081 -0.70219022 -1.46157155  1.45698175  3.75618503  1.21218049] -261.8596254615834
[ 3.51271222 -0.70332089 -1.45163502  1.46092942  3.76283018  1.20854505] -261.8586695109691
[ 3.50112445 -0.69511982 -1.46655071  1.45012161  3.75751022  1.20898859] -261.85944276223006
[ 3.51200214 -0.67720363 -1.46865269  1.44939362  3.75851754  1.20335642] -261.85967025439527
[ 3.50655277 -0.68050394 -1.46494596  1.44387655  3.75466694  1.22675981] -261.8591682771294
[ 3.51602121 -0.69722924 -1.45036459  1.46793477  3.77612008  1.20553891] -261.8587104580884
[ 3.52121149 -0.69150578 -1.45091376  1.45606863  3.76924369  1.20106242] -261.85851437578435
[ 3.53280249 -0.69075063 -1.44019029  1.4573712   3.77746309  1.19105645] -261.8585892064795
[ 3.51389791 -0.68143967 -1.45001321  1.45310114  3.76979542  1.20486219] -261.8579129134969
[ 3.51619178 -0.67206545 -1.44118263  1.45148151  3.77644273  1.20068251] -261.8574235089425
[ 3.5126025  -0.70271141 -1.43987819  1.46074387  3.77375374  1.21383601] -261.85779560870515
[ 3.52730621 -0.68732575 -1.43308933  1.46355664  3.78017557  1.20981965] -261.85741381317894
[ 3.54039708 -0.68342871 -1.41635864  1.47027416  3.79150825  1.21023518] -261.8574909387983
[ 3.5287957  -0.70421557 -1.42407521  1.47636173  3.79152172  1.18640171] -261.8582255064224
[ 3.52358543 -0.68981905 -1.42989346  1.4551125   3.77520246  1.20124354] -261.8569461311335
[ 3.52736754 -0.68611395 -1.4196579   1.44870137  3.77474366  1.19909585] -261.85638100539506
[ 3.53177952 -0.67799174 -1.41796399  1.45804184  3.79246352  1.19508766] -261.85781952493784
[ 3.52680293 -0.68530217 -1.40770199  1.46356036  3.79378996  1.20057871] -261.8570446733705
[ 3.51855446 -0.66628792 -1.4290828   1.43900013  3.77226801  1.21996509] -261.8571307525309
[ 3.51116229 -0.68861047 -1.43890029  1.45097279  3.76459437  1.21957161] -261.857030392527
[ 3.52985923 -0.6591905  -1.41666012  1.44501373  3.78025103  1.20273513] -261.8566851535219
[ 3.53082577 -0.68554481 -1.40718152  1.45212016  3.77883146  1.21657283] -261.85607713816455
[ 3.53814276 -0.69228449 -1.39018097  1.45243948  3.78002583  1.22451799] -261.8560892790766
[ 3.52088453 -0.66969086 -1.40663887  1.43623287  3.77465059  1.20968676] -261.8559520755403
[ 3.51767369 -0.66087342 -1.39341364  1.42257098  3.7718881   1.20962032] -261.8567211609683
[ 3.53041297 -0.691863   -1.40316409  1.45986696  3.78335235  1.19611521] -261.8560758902154
[ 3.52336785 -0.67503569 -1.42303227  1.4340756   3.75835119  1.21401375] -261.85590331415426
[ 3.52165031 -0.66990245 -1.43069741  1.41933322  3.74063181  1.22073127] -261.856827543069
[ 3.54307701 -0.66720246 -1.38654463  1.44103077  3.78546573  1.19316823] -261.8568768970854
[ 3.53509833 -0.67255447 -1.39963355  1.44351628  3.78024789  1.19976908] -261.856253811381
[ 3.52612643 -0.70107709 -1.40310928  1.44649068  3.76980802  1.20901603] -261.85576635382284
[ 3.52426003 -0.72202039 -1.39633386  1.44722916  3.76458651  1.21215648] -261.85636647425787
[ 3.52820442 -0.67914135 -1.3945953   1.44206615  3.77367017  1.21596204] -261.8554675133256
[ 3.52862286 -0.67565505 -1.382064    1.43874854  3.77313343  1.22439513] -261.85567332639533
[ 3.51817566 -0.69489647 -1.41294023  1.44676787  3.76597337  1.22068646] -261.8557711866927
[ 3.51823152 -0.68502335 -1.40731183  1.43637988  3.76310377  1.20525392] -261.8551426856137
[ 3.5119344  -0.68476262 -1.40737699  1.42850974  3.75523992  1.19959446] -261.85488280204123
[ 3.51248479 -0.67633836 -1.41273356  1.41818068  3.74921208  1.22687129] -261.85563584381623
[ 3.51921332 -0.70072633 -1.41129034  1.43579737  3.74943433  1.21902792] -261.8557424496488
[ 3.51534516 -0.70394505 -1.39098296  1.43852856  3.76276144  1.21637231] -261.8552273758669
[ 3.51959385 -0.68710047 -1.39375591  1.42308986  3.75406861  1.20826155] -261.85508135790116
[ 3.50946555 -0.67626097 -1.40046907  1.41556677  3.7449875   1.2196805 ] -261.8549902877849
[ 3.5131294  -0.66845661 -1.38868092  1.41951655  3.76387891  1.20988613] -261.8556615283931
[ 3.51465038 -0.67652404 -1.39433328  1.42358676  3.76026776  1.21217158] -261.8552363543235
[ 3.52057979 -0.69290647 -1.38110428  1.43893527  3.76778639  1.19714286] -261.8547640434854
[ 3.52462729 -0.70119053 -1.36528964  1.44931257  3.77707355  1.18227864] -261.8554562796767
[ 3.50231862 -0.69469185 -1.39474553  1.41400617  3.74136703  1.20177905] -261.85526706822014
[ 3.50879007 -0.69080423 -1.39470797  1.42102117  3.74944282  1.2053248 ] -261.8547933837014
[ 3.51391922 -0.70206923 -1.39513245  1.43163037  3.75116113  1.20328724] -261.8549447038855
[ 3.51274913 -0.67402294 -1.39986593  1.41438917  3.74480068  1.19472482] -261.85489389567994
[ 3.50621888 -0.68650835 -1.39912965  1.42692763  3.7504042   1.19832334] -261.85462502474206
[ 3.49953139 -0.68621229 -1.40181652  1.42884652  3.748572    1.19335423] -261.8549020515119
[ 3.51526495 -0.70076364 -1.39197002  1.43823768  3.76129088  1.17978534] -261.85516245356985
[ 3.5109154  -0.68238664 -1.39834431  1.4212345   3.74906334  1.20970671] -261.8547254457117
[ 3.50981    -0.66839452 -1.39837726  1.41870879  3.75441799  1.19831841] -261.8548916018699
[ 3.51000038 -0.69456467 -1.39314756  1.43738987  3.76398421  1.2080787 ] -261.85488531384794
[ 3.51300297 -0.70891647 -1.39289299  1.43929727  3.75755563  1.20773854] -261.8550612042106
[ 3.51060824 -0.67852501 -1.39700619  1.42385591  3.7552024   1.20067344] -261.8546400578567
[ 3.51301522 -0.67739977 -1.39940891  1.41610487  3.74506215  1.19550983] -261.85486119701784
[ 3.51144146 -0.68474754 -1.38252345  1.42085004  3.75041385  1.20263253] -261.85451454019744
[ 3.511195   -0.68474    -1.37009667  1.41702019  3.74800082  1.20415157] -261.85457641232347
[ 3.50983607 -0.69455964 -1.38486304  1.43483663  3.76237552  1.20909139] -261.85471003961163
[ 3.51440988 -0.68240699 -1.38628234  1.4345255   3.76230575  1.20053196] -261.85448894699067
[ 3.51721978 -0.67820837 -1.38206952  1.44127766  3.76873721  1.19813554] -261.85449485067863
[ 3.50056352 -0.67680492 -1.40161205  1.41514147  3.7421353   1.2098436 ] -261.8550548703719
[ 3.51557572 -0.68888108 -1.38623122  1.43298682  3.76137362  1.20031804] -261.85464196774416
[ 3.51178135 -0.68948956 -1.38033432  1.43675968  3.76496177  1.19415019] -261.8545618956864
[ 3.51350911 -0.67562654 -1.39230601  1.42379856  3.75251168  1.18978511] -261.8544880566671
[ 3.51534564 -0.66615999 -1.3960275   1.41827952  3.74757976  1.18013197] -261.855123172133
[ 3.50708059 -0.67688691 -1.39296277  1.42258562  3.7505596   1.19504748] -261.8545557722632
[ 3.51087218 -0.68669696 -1.38083999  1.4312931   3.75518322  1.19281676] -261.8542545806375
[ 3.51100415 -0.69078293 -1.37275688  1.4350117   3.75517362  1.18888842] -261.8543461935546
[ 3.51681265 -0.67877648 -1.37261997  1.42967653  3.76157442  1.19333134] -261.85448705064755
[ 3.51292727 -0.67222424 -1.38884385  1.41748344  3.74588774  1.19723153] -261.8546548324896
[ 3.51206783 -0.68517323 -1.38246171  1.43194062  3.76019326  1.19492053] -261.8543053285783
[ 3.51929045 -0.687589   -1.37271505  1.43477583  3.76350113  1.19629193] -261.8545025355828
[ 3.5175459  -0.68067553 -1.37988491  1.44115334  3.7680093   1.18659335] -261.854553991298
[ 3.51296757 -0.68372954 -1.38186381  1.42592587  3.75481271  1.19862273] -261.8543492935703
[ 3.50758929 -0.67654758 -1.39274289  1.42427756  3.75202589  1.19371088] -261.85450147933045
[ 3.51051458 -0.67930793 -1.38773593  1.42690213  3.7548947   1.19435615] -261.8543267739875
[ 3.51117143 -0.68069657 -1.37966014  1.42198677  3.75075091  1.18741225] -261.85449831760434
[ 3.51360027 -0.68197938 -1.38462679  1.43139082  3.75941704  1.19725203] -261.85429478691253
[ 3.51210258 -0.68959464 -1.37107672  1.43524446  3.76284677  1.20064807] -261.85445844761637
[ 3.50722902 -0.69005075 -1.39024834  1.43122246  3.75420814  1.19954075] -261.8544096336874
[ 3.51031457 -0.67938463 -1.39818214  1.42431387  3.75005626  1.19185491] -261.85461272897663
[ 3.51165558 -0.68704213 -1.37785307  1.43251181  3.75964914  1.19844978] -261.85430379551127
[ 3.51666365 -0.67792565 -1.37487876  1.42876565  3.76050854  1.19259858] -261.85450785635845
[ 3.50958768 -0.68701947 -1.38640594  1.43060826  3.75578324  1.19780521] -261.85435762166964
[ 3.51430499 -0.68095692 -1.37872115  1.42937985  3.75893344  1.19433412] -261.8542877044782
[ 3.5113709  -0.68332265 -1.38221573  1.43521358  3.76127755  1.19208705] -261.8543427037018
[ 3.51177007 -0.68342437 -1.38212775  1.43289165  3.75966134  1.19372097] -261.85425583573544
[ 3.51424239 -0.6891164  -1.37447422  1.43623382  3.76278445  1.19614192] -261.85453807587567
[ 3.51144653 -0.68176005 -1.3844205   1.42923505  3.75686714  1.19480259] -261.8543021001624
[ 3.51248204 -0.68211337 -1.38040138  1.43029348  3.75637718  1.19553822] -261.85420879399413
[ 3.51268914 -0.68058344 -1.37937122  1.4294699   3.75446914  1.19584707] -261.8541788991813
[ 3.51323882 -0.67809158 -1.38551606  1.42870831  3.75519463  1.1911414 ] -261.8542987348132
[ 3.51404529 -0.68215084 -1.37931382  1.43180949  3.75741914  1.1935682 ] -261.85418312812453
[ 3.51252183 -0.6871724  -1.37615084  1.43336996  3.75983314  1.19803832] -261.854265637436
[ 3.5118009  -0.68501559 -1.3742148   1.43134717  3.75574943  1.19218978] -261.85424975761345
[ 3.51026148 -0.68739094 -1.37861832  1.43401391  3.75517169  1.19439291] -261.8542407445413
[ 3.51129119 -0.68124832 -1.38201112  1.43023845  3.75271818  1.18947358] -261.8542698322659
[ 3.51221417 -0.68569138 -1.37761591  1.43258708  3.7580544   1.19589713] -261.85420710694723
[ 3.51219099 -0.68575201 -1.37453027  1.43061523  3.75235433  1.19451631] -261.8542292566369
[ 3.51352848 -0.68216444 -1.37371479  1.43198783  3.75588949  1.19598704] -261.8541249864241
[ 3.51485663 -0.67989819 -1.37015219  1.43233519  3.75624263  1.19757218] -261.8541320919459
[ 3.51317561 -0.68289543 -1.3801733   1.43214731  3.75536996  1.19787977] -261.8541513469117
[ 3.51568641 -0.67902157 -1.37628812  1.42885838  3.75601379  1.19683893] -261.85431480893766
[ 3.51161771 -0.6852986  -1.37803577  1.43272502  3.75538222  1.19500442] -261.8541916891402
[ 3.51356582 -0.68050937 -1.38154467  1.43296031  3.75984045  1.19687823] -261.85419833869827
[ 3.51399318 -0.67884266 -1.37976861  1.43111288  3.75473573  1.19582444] -261.8541506399103
[ 3.51278399 -0.6834691  -1.37524783  1.43012383  3.7512481   1.19449208] -261.85422682696327
[ 3.51337036 -0.6812493  -1.37997046  1.43225119  3.75769237  1.1962817 ] -261.8541800069946
[ 3.51531631 -0.6773301  -1.37940163  1.43020118  3.75647639  1.19679166] -261.85433125653395
[ 3.51254236 -0.68330648 -1.37837723  1.43209406  3.75565576  1.19545123] -261.85416720360854
[ 3.51238776 -0.68086308 -1.37781139  1.43121157  3.75385168  1.19885555] -261.8541329141594
[ 3.51273515 -0.68163588 -1.37643505  1.43042332  3.75229822  1.19700001] -261.8541605288393
[ 3.5134317  -0.68265254 -1.37605558  1.43352242  3.75479781  1.19781895] -261.8541182831213
[ 3.51380298 -0.68368709 -1.37439776  1.43554868  3.75496215  1.19880488] -261.8541788256955
[ 3.51387493 -0.67971154 -1.37627567  1.43137438  3.75332521  1.19900403] -261.854082095097
[ 3.51454122 -0.67791407 -1.37522489  1.43101454  3.75215993  1.20078043] -261.85412954387186
[ 3.51406207 -0.68074069 -1.37816473  1.43336214  3.75702507  1.19812325] -261.85412404858295
[ 3.51391709 -0.67876289 -1.37375695  1.43204309  3.75450504  1.19732465] -261.8541333005341
[ 3.51307416 -0.68278907 -1.37215776  1.4333876   3.75506237  1.19988005] -261.85413255302865
[ 3.51286927 -0.68421089 -1.37763635  1.43290555  3.75547884  1.19923164] -261.8541264723848
[ 3.51455912 -0.68322664 -1.37352357  1.43430174  3.75667458  1.1978261 ] -261.85427715571086
[ 3.5129306  -0.68145397 -1.37673943  1.43198411  3.75455741  1.19859819] -261.85409583760224
[ 3.51382485 -0.68085563 -1.38070443  1.43165788  3.75529558  1.19637432] -261.85414716680583
[ 3.51326184 -0.68230571 -1.37429443  1.43295517  3.75512067  1.19900362] -261.85413074844047
[ 3.51363718 -0.68133899 -1.37856776  1.43209031  3.75523727  1.19725075] -261.8541330280584
[ 3.51335567 -0.68206403 -1.37536276  1.43273895  3.75514982  1.1985654 ] -261.85412792807267
[ 3.51354335 -0.68158067 -1.37749943  1.43230652  3.75520812  1.19768897] -261.85410775645664
[ 3.51425444 -0.67855705 -1.37518019  1.43194025  3.75478886  1.1965085 ] -261.85413798414055
[ 3.51321556 -0.68279743 -1.37702231  1.43266423  3.75530635  1.19855086] -261.854126863039
[ 3.51340277 -0.68058275 -1.37650755  1.43167924  3.75394131  1.19880111] -261.85409284547086
[ 3.51370914 -0.6806461  -1.37688755  1.43184045  3.75426666  1.1983465 ] -261.8541175140958
[ 3.51365332 -0.68118204 -1.37616563  1.4324484   3.75406151  1.19841149] -261.85410730718223
[ 3.5139685  -0.68022611 -1.3772202   1.43236826  3.75517514  1.19856364] -261.8540969545991
[ 3.51370171 -0.68093799 -1.37499523  1.4316811   3.75460735  1.19749554] -261.8540919944052
[ 3.5133721  -0.68196121 -1.37695601  1.43213997  3.75440202  1.19911783] -261.8541252254331
[ 3.51406468 -0.6791343  -1.37572793  1.43165731  3.75405704  1.19775627] -261.85412497573077
[ 3.51389154 -0.67984103 -1.37603495  1.43177798  3.75414328  1.19809666] -261.85411490890124
[ 3.51378845 -0.68018105 -1.3755122   1.431936    3.75415127  1.19844432] -261.85412167726923
[ 3.51372897 -0.68052984 -1.37654371  1.43186434  3.75423782  1.19837095] -261.854128095897
[ 3.51378832 -0.68032476 -1.37563545  1.43152774  3.75396628  1.19824978] -261.8540985238923
[ 3.51363885 -0.68014714 -1.37639161  1.43152681  3.75363326  1.19890257] -261.8541226076338
[ 3.51392172 -0.67996882 -1.37674794  1.43187132  3.75425017  1.19878384] -261.8540954414371
[ 3.51376413 -0.68044679 -1.37622065  1.43191139  3.75369336  1.19870776] -261.8540799708677
[ 3.51388324 -0.67977628 -1.37615531  1.43157618  3.75373424  1.19855034] -261.85410358049546
[ 3.51379204 -0.68017882 -1.37658161  1.43160741  3.75379594  1.19867526] -261.8541313909903
[ 3.51383169 -0.67994629 -1.37589394  1.43165519  3.75373824  1.19872418] -261.8541119976768
[ 3.51404916 -0.67991102 -1.37591804  1.43177859  3.75393591  1.19843741] -261.8541243129224
[ 3.51374143 -0.68008811 -1.37627322  1.43158975  3.75370892  1.19878628] -261.85412230222505
[ 3.51394658 -0.67997005 -1.37603643  1.43171564  3.75386025  1.1985537 ] -261.85410870248637
[ 3.51389461 -0.68011979 -1.37646322  1.43167036  3.7538716   1.19855897] -261.85412375844464
[ 3.51384742 -0.67998967 -1.37603626  1.43165898  3.75377158  1.19868287] -261.8540938648995
[ 3.51374667 -0.68010257 -1.37632066  1.43159102  3.75372003  1.19877251] -261.8541274106932
[ 3.5138966  -0.68000318 -1.37610749  1.43168449  3.75382519  1.1986084 ] -261.85411842748346
[ 3.51381953 -0.68007916 -1.37624816  1.43164288  3.75350928  1.19885589] -261.85411761714045
[ 3.51380577 -0.68021823 -1.37612845  1.43178519  3.75373247  1.19869532] -261.85412270798946
[ 3.51384292 -0.68020781 -1.37648429  1.43189135  3.75397177  1.1987458 ] -261.8541231451477
[ 3.51377622 -0.68038578 -1.37592805  1.43171956  3.75382982  1.19847877] -261.8541046930919
[ 3.51382368 -0.68011153 -1.37618798  1.43174378  3.7537138   1.19862905] -261.85409818469407
[ 3.51385535 -0.68020842 -1.37612854  1.43181352  3.7537768   1.19863073] -261.85411575904226
[ 3.51377197 -0.6802755  -1.37579632  1.43164742  3.75344674  1.19858671] -261.854079626277
[ 3.5137365  -0.68030934 -1.37545233  1.43152545  3.75318423  1.19850716] -261.85413183971895
[ 3.51379786 -0.68028416 -1.37604145  1.43170767  3.7535908   1.19860099] -261.85413268727257
[ 3.51380379 -0.68023471 -1.3761067   1.43176581  3.75369705  1.19867173] -261.85411491999037
[ 3.51377885 -0.68047508 -1.37587459  1.43189094  3.75387658  1.19837902] -261.8541274420786
[ 3.51380936 -0.68017814 -1.37615477  1.4317049   3.75360111  1.19873668] -261.8540952853598
[ 3.5137277  -0.68033573 -1.37600295  1.4316841   3.75355049  1.19863951] -261.8540973072355
[ 3.51375389 -0.68034311 -1.3759902   1.43170458  3.75358139  1.19858776] -261.85409903405474
[ 3.51377402 -0.68017782 -1.37618957  1.43174583  3.75336581  1.19881705] -261.85405124922465
[ 3.51377292 -0.68007385 -1.37632033  1.43175896  3.75313381  1.19898619] -261.8540890078959
[ 3.51380306 -0.68016539 -1.37619388  1.43177456  3.75354238  1.19878449] -261.8541143988238
[ 3.51376619 -0.68029868 -1.37604112  1.43172208  3.75357164  1.19863694] -261.85411344185366
[ 3.513773   -0.68022666 -1.37599295  1.43169662  3.75340628  1.19870188] -261.85410445049365
[ 3.51376907 -0.68031231 -1.37620511  1.43182861  3.75352958  1.1987624 ] -261.8541314889459
[ 3.51379169 -0.68017798 -1.37617217  1.43172536  3.75348346  1.19877686] -261.85409042042795
[ 3.51375086 -0.68025678 -1.37609626  1.43171497  3.75345815  1.19872828] -261.8541319200307
[ 3.51379885 -0.68014468 -1.37618878  1.4317448   3.75353981  1.19872305] -261.85412841639936
[ 3.51376396 -0.68026047 -1.37608989  1.4317252   3.7534736   1.1987024 ] -261.8541151520587
[ 3.513806   -0.68017653 -1.37618323  1.43177384  3.7534747   1.19876627] -261.8541243829676
[ 3.5138001  -0.68007574 -1.37606708  1.43164195  3.75338497  1.19873343] -261.8541237974825
[ 3.51377074 -0.68022039 -1.37604285  1.43169146  3.75332313  1.19877625] -261.85412818552555
[ 3.51377777 -0.68020146 -1.37607933  1.4317048   3.7533773   1.19876295] -261.8541298335529
[ 3.51378286 -0.6801779  -1.37618087  1.43173559  3.75342464  1.19879696] -261.8541280137889
[ 3.51377351 -0.68020224 -1.37609126  1.43172123  3.75338604  1.19875946] -261.854099186237
[ 3.51376899 -0.68021915 -1.37613973  1.43173552  3.75341971  1.19875973] -261.8541267001837
[ 3.51378706 -0.68012678 -1.37612833  1.43169389  3.75337539  1.19877524] -261.85409624502824
[ 3.51379001 -0.68017718 -1.3761864   1.43175984  3.75342025  1.19879166] -261.8541033053637
[ 3.51378644 -0.68016125 -1.37618917  1.43174532  3.75345281  1.19877005] -261.8541186425011
