[-0.49138613  1.31041043 -1.14025851  0.71006928 -0.47989372 -0.1816782 ] -240.93693193221503
[-1.0295219  -0.76653752  0.4188643   0.51342057 -1.38680891 -0.39140109] -250.0393786538475
[-0.86160294  0.21326986 -0.56317677 -0.47786442  1.64817567 -0.08848046] -262.1703117657717
[ 0.23457415  0.46647641  0.48321292 -0.2355235   0.02546505  0.75529224] -239.68080314923455
[-0.34550328  0.3923177  -0.26915863  1.1325223  -1.11532112 -0.21590345] -242.44317203963567
[-0.55962245  0.6364197  -0.62771425  0.02709956 -0.17310678  0.99917558] -241.59097702929301
[ 0.1282468   1.55255728 -0.39499061 -1.57206713  0.81002096 -1.2658566 ] -249.73263637624484
[ 0.17386533  0.98394481  0.05316184  0.66970478 -2.4213905  -0.01164338] -258.43980437074487
[-0.08500173  0.79127607 -0.10092281  0.38281248 -1.40399896 -0.03085265] -243.47168144689965
[ 0.65662435  2.48302339 -1.10214159 -0.36511624  0.60786406  0.41146006] -245.86499590642507
[-0.3250185   0.47408395 -0.52400369  2.12268843 -1.65635145  1.84502113] -251.80404818005456
[ 0.01493048  1.28293895 -0.42724388 -0.64837824  0.19342786 -0.48813717] -241.68954525604246
[-1.06729401 -0.8564103   0.40811321  0.82131687 -1.59233994 -0.13216128] -252.4215552592819
[ 0.22564476  1.64816496 -0.72457789 -0.06850796  0.05781306  0.27555473] -239.6973364044776
[-0.22211909  1.12096665 -0.8009906  -0.077052    0.90679374  0.41228723] -248.67502755878647
[-0.11928107  0.87369872 -0.27593976  0.26784636 -0.82630078  0.07993232] -239.26196778846207
[ 0.11378985  1.68038535 -0.63501516 -1.11498714  0.71445601  0.69594995] -249.63750196466484
[-0.23067999  0.71433462 -0.36062276  0.57064494 -0.65787683  0.0120599 ] -238.76399696963702
[-0.32851406  0.60022933 -0.45472288  1.07225447 -0.87806119  1.13491602] -240.52121378070672
[ 0.32307501  1.23468512 -0.19658871  0.74516164 -0.74651136 -0.30714991] -237.5952538090123
[ 0.76442374  1.53381782  0.01897407  1.10419268 -1.03321365 -0.96031265] -240.55362922821567
[ 0.52632573  0.53545262  0.63051215  0.07388937 -0.52859697  0.83187997] -237.18002813095214
[ 1.03518166  0.14797372  1.51589748 -0.24420058 -0.5529486   1.33865906] -239.37178910743316
[ 0.64840025  1.22404148  0.30672152 -0.62108419 -0.01394142 -0.58572627] -239.6208498578942
[ 0.23515993  0.03473136  0.92034301  0.33548617 -0.97373383 -0.01345864] -239.32149940572876
[ 0.2264258   1.0725049  -0.14173777  0.69283826 -1.27445212 -0.74944646] -242.33261839979625
[ 0.23253707  0.61798353  0.32697525 -0.00343306 -0.29951424  0.37910757] -237.6460312092237
[-0.32602136  0.1129205   0.04150487  1.28428266 -1.33023659  0.91318334] -243.76184931885373
[ 0.40479485  0.94626124  0.24041736 -0.14474247 -0.34301521 -0.21099887] -237.5525927982467
[ 0.14376393  1.60607392 -0.79875851  0.16763609 -0.16020464  0.27506897] -238.6036608980007
[ 0.5858866   1.01123163  0.22325135  0.20187248 -0.08560564  0.24672356] -236.69749477147147
[0.93847044 1.07999809 0.47284691 0.16888554 0.28474194 0.33011918] -238.13684401292105
[ 0.96947439  1.2695614   0.50255906 -0.22385026 -0.06327252  0.3928172 ] -238.07701242997615
[ 0.87026729  0.26565126  1.37446733  0.04866315 -0.52863401  0.16905754] -237.356882002305
[ 0.01148779  0.26752706  0.36378585  0.5309873  -0.78068662 -0.02327725] -238.24040231161777
[ 0.72997774  1.01905282  0.46786576 -0.03514087 -0.24262605  0.28879359] -236.9519952450597
[ 0.91423867  1.0527947   0.58633317  0.30000082 -0.52548217 -0.03967228] -235.89450617096253
[ 1.25508948  1.27020028  0.71601212  0.45171776 -0.63846614 -0.2490622 ] -236.0131602530396
[ 1.02075529  0.37546297  1.37087108 -0.59698082 -0.00480865  0.73574441] -240.9647506102106
[ 0.49749508  1.01987958  0.19527624  0.40962603 -0.56108568 -0.04642633] -236.35047976353582
[ 0.96993552  0.6884263   0.91881797  0.4777128  -0.48099496  0.69445089] -235.61542791783575
[ 1.25250586  0.55950883  1.25801827  0.78894043 -0.54998484  1.14717576] -235.54218489201062
[ 0.63187594  1.4669888  -0.25404835  0.53106627 -0.30249311  0.64043389] -236.0770343688405
[ 1.0110009   1.5076995   0.19505333  0.65823235 -0.22716219 -0.08620391] -235.0085890543772
[ 1.25333849  1.99382294 -0.02267607  0.95040384 -0.0764448  -0.54524585] -235.14801536875834
[ 0.90102328  1.18698153  0.26676225  0.998387   -0.5079785   0.33188331] -234.93997826478517
[ 0.98654605  1.27094588  0.16621049  1.51515093 -0.64065472  0.35342818] -235.9959799823841
[ 1.15015998  1.25338601  0.52588028  1.02687849 -0.80578986  0.40233993] -236.0802322203126
[ 1.45610647  1.32257354  0.66405675  1.02487576 -0.41187787  0.84507857] -234.49160932533056
[ 1.93541216  1.47392052  0.898447    1.33250063 -0.33727396  1.29083101] -234.79892216930068
[ 0.90542373  1.11212962  0.37951152  0.40695572 -0.0358697   0.54389186] -236.03186155879396
[ 1.51489036  0.78024043  1.37062678  0.86139775 -0.45029198  0.27361722] -234.9653263199964
[ 1.44449811  1.02446989  1.06743866  1.13698898 -0.85505615  0.2800677 ] -236.63464966958512
[ 1.04019233  1.09021469  0.55149331  0.58946404 -0.24066631  0.47793582] -234.99496397383356
[ 1.47766772  1.09627814  0.84900373  1.34043162 -0.27050506  1.03616787] -234.13898609427352
[ 1.75938225  1.11801986  0.98033901  1.86064702 -0.1430165   1.57408794] -234.5832043722975
[ 1.21445449  1.76848712  0.04098044  1.03532241 -0.15284246 -0.18768281] -234.5909605933772
[ 1.52377732  0.90722565  1.05258775  1.29172718 -0.45089187  1.01187056] -234.5100932648712
[ 1.65578089  1.26371412  0.86317926  1.5945832  -0.50746293  0.62570909] -235.19923553250104
[ 1.19408947  1.13358954  0.62941479  0.84074383 -0.30736547  0.51487914] -234.4378347764392
[ 1.07414922  1.6914714  -0.20302488  1.31576485 -0.25019509  0.91044833] -234.88008140878347
[ 1.74572495  1.4528936   0.74424395  1.28456822 -0.10658078  1.04503724] -234.13405316310312
[2.16807579 1.58584964 0.98298479 1.42765883 0.09411808 1.4016142 ] -234.72247194439643
[ 1.79645758  0.86887779  1.52978734  0.95679149 -0.31649274  0.51133519] -234.88823200947078
[ 1.25472631  1.485823    0.23017818  1.22602151 -0.2667695   0.81067005] -234.2925212781357
[ 1.66957625  0.69764071  1.34884794  1.3008003  -0.45182105  1.94225061] -235.70050613750556
[ 1.32823493  1.50077551  0.36794731  1.10169188 -0.22758711  0.34480055] -234.1316222160073
[ 1.29507263  1.75675213  0.10902715  0.98105043 -0.07933672  0.52034057] -234.58641524918968
[ 1.46660115  1.11960727  0.8166976   1.21405799 -0.35800308  0.88898807] -234.21529976274203
[ 1.36624171  1.27374882  0.54843844  1.31096259 -0.10039246  0.70176907] -233.83601118279526
[1.32130933 1.24933646 0.49062929 1.454006   0.05535024 0.63011432] -233.74689827656604
[ 1.67066533  1.50131512  0.53681856  1.69951524 -0.08399963  1.07038023] -234.05159191865033
[ 1.74867483  1.1542457   1.03826863  1.47206881 -0.0636723   0.86115938] -233.81270112818655
[1.63082455 1.53200757 0.52560622 1.57003594 0.12567154 0.77356513] -233.76055458310927
[1.67081025 1.70057985 0.38550093 1.52019707 0.17023238 0.53885108] -233.78034264708538
[1.37778146 1.42652647 0.3706797  1.65460343 0.09857915 0.36125299] -233.69906257147105
[1.19380972 1.4133429  0.18389758 1.83962104 0.20115911 0.01936086] -234.0883327926818
[1.81178699 1.35389487 0.74788713 2.02178362 0.32830757 1.06697382] -233.76220698602185
[1.51639714 1.30421519 0.64937207 1.53138305 0.32215582 0.34025868] -233.73466700809985
[1.36096175 1.70127443 0.01828981 1.77860089 0.43043786 0.37584596] -234.27867930610392
[1.65174656 1.29100288 0.78327393 1.54870183 0.05985524 0.73983102] -233.6117893498555
[1.43247176 1.01841463 0.80364852 1.73997422 0.15974081 0.76514757] -233.64252851130152
[ 1.16505661  1.25327286  0.45984945  1.1444512  -0.0545233   0.13641608] -234.00194095727304
[1.65010439 1.32873937 0.67587771 1.80245052 0.23259985 0.83433439] -233.60923959943872
[1.35244566 1.00740409 0.73222085 1.67367041 0.1837555  0.4500812 ] -233.5442084318981
[1.21325622 0.74510235 0.83552817 1.72548765 0.21279748 0.28833923] -233.66614769044313
[1.67233966 1.20943109 0.84772831 1.86292182 0.29687855 0.53352096] -233.4645205729666
[1.84785482 1.1894784  1.02627782 2.06737972 0.4176427  0.48522428] -233.52913564064306
[1.52923269 1.12295765 0.75510427 1.89605769 0.02164721 0.88779736] -233.78263737104442
[1.51960603 1.2589008  0.67580512 1.62255171 0.24702867 0.47714335] -233.56864440267785
[1.71512322 0.94477115 1.13550511 1.7621534  0.29470706 0.90543318] -233.7513319975848
[1.4621169  1.30608764 0.56188605 1.68149093 0.14761112 0.49729803] -233.55730162459938
[1.67031464 1.44877399 0.6219488  1.65728819 0.22950217 0.41225541] -233.5024186903905
[1.4572292  1.22877611 0.58854835 1.88475602 0.38593671 0.32838009] -233.60105311921058
[1.39457964 1.15771854 0.66683479 1.65844251 0.26430439 0.06522529] -233.54914975413405
[1.56657164 1.23399594 0.78025962 1.50069916 0.07042342 0.48346132] -233.52911521652035
[1.51985002 1.19556962 0.72782102 1.72228596 0.15046305 0.33680406] -233.4328452936198
[1.51997201 1.16390403 0.75382897 1.77215309 0.10218024 0.26663441] -233.46602822290163
[1.59658352 1.11154345 0.89705174 1.67694509 0.25083123 0.26315138] -233.41158997222405
[1.66381682 1.01427136 1.06463459 1.67467218 0.30244128 0.14607805] -233.4502310053277
[1.73145541 1.24452086 0.86884199 1.70616104 0.12964692 0.76119948] -233.5364281541291
[1.89992597 1.47387423 0.84899631 1.70176334 0.19215961 0.48004967] -233.5838086361326
[1.48931574 1.12402162 0.76141472 1.68069365 0.18585653 0.45757332] -233.45818993746798
[1.440203   1.19659105 0.67656608 1.66078359 0.26500473 0.06772267] -233.52227140651203
[1.56296388 1.19464767 0.73058393 1.91960693 0.38908866 0.20688127] -233.46890209115855
[1.73025282 1.23140477 0.85228343 1.84579696 0.23586866 0.66900613] -233.4605469961222
[1.52012057 0.90676541 0.98367891 1.91212862 0.27349339 0.41005696] -233.46969458939733
[1.55766909 1.04226756 0.89324639 1.84841851 0.26249559 0.41060657] -233.42202244655468
[1.6257064  1.11009837 0.9292646  1.62608039 0.0717092  0.68333953] -233.5314117820213
[1.57864951 1.17351034 0.7802541  1.8462253  0.3097438  0.32599584] -233.41940159360735
[1.48510057 1.08334137 0.78962882 1.67720001 0.16820774 0.2875248 ] -233.3872314272871
[1.39148103 1.02029651 0.76057908 1.5843391  0.10387233 0.16452673] -233.41135997543313
[1.34546999 1.01201322 0.76418883 1.63812588 0.20666398 0.02487919] -233.52852407200726
[1.63405712 1.17655688 0.83025978 1.79387919 0.22856749 0.5079744 ] -233.40885942212944
[1.6346542  1.13690812 0.8780059  1.84095771 0.2709131  0.25311237] -233.37197172111274
[1.70732344 1.14335137 0.93630149 1.92108974 0.31344139 0.15088189] -233.3918713573471
[1.64238798 1.04580629 0.96166123 1.83892264 0.3464566  0.3459844 ] -233.40143845170823
[1.63280855 1.20028793 0.81904081 1.7096248  0.26241107 0.25064115] -233.37190935775007
[1.67037828 1.27929811 0.78193802 1.64022795 0.26236881 0.17065844] -233.39469195278951
[1.62988114 1.077971   0.94496199 1.66628451 0.19938528 0.31013366] -233.36821021519444
[1.65549695 1.03020133 1.02731594 1.57631412 0.14420602 0.30220257] -233.4028147443845
[1.62304634 1.12874708 0.84413443 1.83201119 0.2411492  0.38863888] -233.34876444765462
[1.63627775 1.13734889 0.81767578 1.90954424 0.23630818 0.45138263] -233.3629289905811
[1.58190248 1.04779705 0.91555128 1.72778776 0.26760684 0.10403736] -233.3557580233394
[1.55340977 1.17921123 0.76877985 1.64569936 0.12343447 0.18537834] -233.37517114396545
[1.73346692 1.17363276 0.9338626  1.79692177 0.28675892 0.20978912] -233.34792605531953
[1.85765009 1.21877846 1.00597949 1.85678266 0.34603451 0.17092127] -233.39092087255503
[1.72517677 1.07590342 1.00973915 1.87882989 0.38597366 0.3200725 ] -233.39972678901015
[1.59635152 1.15338427 0.82901968 1.70398199 0.18906927 0.21905188] -233.3493508110759
[1.63116478 1.12369857 0.88418436 1.63791297 0.21121375 0.24098498] -233.34297687908617
[1.62942006 1.1170938  0.88727359 1.5363906  0.18136408 0.23492129] -233.3727983140442
[1.63246251 1.03478899 0.96486398 1.74534193 0.20265002 0.24023747] -233.32197852169975
[1.63228949 0.95203952 1.03777556 1.7632005  0.17276949 0.23503564] -233.3279089660361
[1.63625038 1.1427119  0.84557678 1.8150347  0.26676405 0.15744624] -233.31980003701764
[1.639435   1.17508236 0.79588418 1.88940979 0.30045343 0.08110252] -233.34083617952814
[1.702345   1.20452415 0.85166266 1.78261375 0.19826156 0.3813455 ] -233.34437772392317
[1.72322712 1.11598354 0.94574193 1.83263012 0.27986323 0.32042885] -233.3103724711077
[1.78666491 1.09728318 1.00410305 1.89695418 0.32526021 0.37111733] -233.31520540534794
[1.7299259  1.13636623 0.96449634 1.70480722 0.24068798 0.12810517] -233.33142051456673
[1.61832497 1.07905837 0.88497942 1.70919179 0.17972128 0.27972696] -233.29185831861818
[1.560754   1.03177117 0.86053783 1.6653268  0.12620246 0.31469588] -233.28569239544055
[1.60224989 0.99058265 0.97013774 1.68440416 0.24419893 0.08595403] -233.32157816046265
[1.66379182 1.02703625 0.96626717 1.844602   0.2422418  0.17463756] -233.2916636046489
[1.54298601 0.97792527 0.88654547 1.82430601 0.21328552 0.30302817] -233.30680523983966
[1.6106239  1.06054795 0.86007167 1.81009266 0.25486865 0.2118261 ] -233.25819370132768
[1.59970459 1.07342743 0.80767551 1.84246802 0.28097796 0.19762041] -233.23735633673053
[1.63998808 1.1323692  0.80064382 1.92371839 0.22557941 0.40333167] -233.3324323411858
[1.61168444 1.02602929 0.92776426 1.74423272 0.23954405 0.16529844] -233.287277078512
[1.59779895 0.94134575 0.95260061 1.76948719 0.19394096 0.33445686] -233.24981092076698
[1.46901282 0.90986151 0.85472169 1.73084413 0.15220102 0.17615026] -233.26410349024692
[1.6245962  1.02523186 0.90331022 1.70801428 0.19841723 0.1512583 ] -233.22601669240993
[1.66540129 1.04888515 0.91169259 1.64986841 0.19098309 0.07537337] -233.221242232537
[1.50432688 0.98340385 0.80539699 1.62280709 0.15237471 0.24656084] -233.23368500015798
[1.52064841 0.97020233 0.80311081 1.68270117 0.12601602 0.28298743] -233.18728343948095
[1.47513039 0.94228885 0.74078408 1.65193539 0.069252   0.34183193] -233.16535907986108
[1.54303764 0.93463301 0.83041933 1.75714328 0.22037412 0.14263535] -233.14032728853712
[1.53417946 0.88606393 0.81536007 1.80305153 0.26745995 0.05660509] -233.09445249579306
[1.65650103 1.04861014 0.82311493 1.71569508 0.2327952  0.24133258] -233.11877627785626
[1.54728227 1.0528807  0.68207412 1.65912131 0.20400669 0.05198454] -233.1012286352028
[1.52790251 0.91395011 0.78513208 1.52502491 0.09131259 0.14027571] -233.10034435427346
[1.63113878 0.98082244 0.78065563 1.71209179 0.1995618  0.0559069 ] -233.0054725631275
[ 1.69454472  0.97953174  0.76828495  1.75673414  0.22315534 -0.03942008] -232.93206226410055
[1.47977884 0.89222333 0.62655749 1.72065238 0.1716775  0.18882989] -232.9370853044966
[ 1.67159922  0.98213114  0.75939047  1.74149106  0.32755042 -0.12862936] -232.99554454635825
[ 1.49526131  0.85365018  0.65581814  1.68633003  0.19559229 -0.15145065] -232.93520000523145
[ 1.58713975  0.78296944  0.78810695  1.75197337  0.22157601 -0.02991434] -232.85554366325883
[ 1.6070685   0.64801382  0.84112337  1.79839939  0.23036067 -0.07086378] -232.77001985429143
[ 1.63290817  0.8332546   0.70371275  1.9771946   0.38061947 -0.18858534] -232.86676697521432
[ 1.65954079  0.84353767  0.63626898  1.75721567  0.24219194 -0.18664486] -232.70460263802912
[ 1.72222146  0.82227455  0.54672344  1.73429774  0.22955794 -0.30826984] -232.59878777436296
[ 1.53899511  0.69418494  0.62134958  1.81637837  0.14943731 -0.06129057] -232.6768554278737
[ 1.75055425  0.71807994  0.75244658  1.86912571  0.29789684 -0.46212331] -232.77236501763434
[ 1.82016943  0.71146302  0.75539542  1.96437995  0.30808357 -0.22540033] -232.606930501623
[ 1.66276091  0.49622521  0.63863209  1.96319112  0.30882993 -0.39942431] -232.51453242068737
[ 1.64686901  0.25457195  0.57380566  2.06641961  0.35166723 -0.57942642] -232.46838071165155
[ 1.72905108  0.44960813  0.65990193  1.77247233  0.14171505 -0.38053941] -232.48401875312632
[ 1.60423728  0.47529219  0.58031988  1.84832342  0.17237708 -0.07980681] -232.3605462412538
[1.53107879 0.35389832 0.49425654 1.83792228 0.1096172  0.11135143] -232.2660381730963
[ 1.72239313  0.44731982  0.37602082  1.93222403  0.19966543 -0.41032793] -232.27289421876648
[ 1.85159919  0.31886032  0.51401836  1.95286028  0.29733149 -0.53624692] -232.28009554517104
[ 1.58090145  0.17071468  0.29951349  1.8010188   0.13510121 -0.47575271] -232.21429774929504
[ 1.46126747 -0.09965949  0.07157253  1.71933823  0.04861003 -0.6009289 ] -232.30904440417984
[ 1.63174276 -0.15728348  0.42578216  2.05334137  0.18214126 -0.44871082] -232.20980080211407
[ 1.58650341 -0.64706249  0.36531152  2.21286318  0.15843293 -0.51893131] -232.45518756183617
[ 1.59247703  0.01308574  0.23456374  2.10878979  0.28345956 -0.39916504] -232.06973251519605
[ 1.52419    -0.20517546  0.02189464  2.27694852  0.35433181 -0.40847786] -232.08464379616953
[ 1.65652844  0.12762652  0.20757937  1.82896591  0.05077149 -0.1401909 ] -231.99683595898622
[ 1.66135815  0.0641538   0.02446623  1.71023906 -0.09967638  0.07942686] -232.04664912163503
[ 1.38677468e+00 -4.06458230e-04  1.65220350e-01  1.90122712e+00
  2.29205566e-02 -5.13517321e-02] -232.16843568907018
[ 1.40410792 -0.27810804  0.23295107  1.91153105  0.06167166 -0.05761199] -232.11058104804675
[ 1.55309864 -0.39535533  0.02761353  2.03036907  0.13573805 -0.6356125 ] -232.26198177642877
[ 1.54759367 -0.20804192  0.14427428  1.98225737  0.12920783 -0.44887152] -232.11239637248818
[ 1.49217338 -0.33842389  0.17061017  2.1276854   0.10828958 -0.03954796] -232.04744982057701
[ 1.39480895 -0.07080588 -0.04071584  1.90014418  0.03663229  0.06979777] -232.00025151616836
[ 1.64245512 -0.25114937  0.15120058  2.05189745  0.20042358 -0.28717815] -231.91352278107885
[ 1.77029534 -0.37652082  0.1441907   2.12723262  0.28917509 -0.40509136] -231.9357388629365
[ 1.5132566  -0.05788306  0.17445542  1.99408056  0.11787489  0.16423942] -231.9196599686284
[ 1.69312525  0.0855914   0.06628008  2.09232338  0.20414546 -0.15306963] -231.85167051052238
[ 1.83763391  0.26744112 -0.01705541  2.18271954  0.27538236 -0.20079845] -231.90283015584805
[ 1.53830555 -0.18143383  0.00857286  1.88957584 -0.04408046  0.27051522] -231.94997946780958
[1.65398659 0.22240582 0.01851399 1.79131037 0.08029951 0.01425254] -231.86905407170713
[ 1.83774357  0.05252504  0.24958327  1.98257366  0.16651253 -0.11360827] -231.86211510611295
[ 1.63642912 -0.17094118  0.01528936  2.10495451  0.19095368  0.10524128] -231.74282223624047
[ 1.62637946 -0.32022503 -0.08085565  2.2429488   0.26104478  0.22795737] -231.73672881409684
[ 1.78400998  0.09185543  0.18448638  2.16213557  0.38751404 -0.3196508 ] -231.8783823132938
[ 1.89931005  0.01821748  0.02194746  2.11364919  0.31543841 -0.37467174] -231.85624935276735
[1.85572985 0.30127275 0.00211793 2.0764162  0.27122799 0.04758131] -231.7375092315253
[ 1.73808161  0.02807372 -0.09195735  1.93760496  0.04537552  0.20246466] -231.7871176710796
[ 1.89613667 -0.16725404  0.03719126  2.35719502  0.34094873 -0.06870131] -231.78105499909617
[ 1.73184406 -0.07063295 -0.26467536  2.29080553  0.3128811   0.07412849] -231.69970104753608
[ 1.67889431 -0.13221194 -0.52180467  2.44492147  0.38606539  0.16799688] -231.8204576690798
[ 1.61445558 -0.0659422  -0.13258049  2.21878211  0.16310278  0.48479203] -231.82319034043397
[ 1.79441717 -0.18382731 -0.24319997  2.28226083  0.26071484  0.47581048] -231.6700324348894
[ 1.84506313 -0.31853667 -0.39793999  2.37722956  0.28899953  0.79025054] -231.8209176716751
[ 1.93307403 -0.07158875 -0.08121255  2.17696167  0.33429487 -0.16504503] -231.721927429239
[ 1.87444547 -0.1988255  -0.1182541   2.53792439  0.54832858 -0.00522088] -231.7679061569375
[ 1.70916    -0.01402156 -0.29921782  2.17857745  0.321882    0.28710522] -231.64930795860832
[ 1.61567167  0.06259467 -0.46742236  2.08926867  0.31234863  0.46500848] -231.79255526304067
[ 1.67575606  0.07915121 -0.20409371  1.87806577  0.03901994  0.32106683] -231.78535347593808
[ 1.82477311 -0.12933132 -0.139714    2.37295974  0.42100142  0.07635105] -231.6654147711083
[ 1.68415276 -0.56448172 -0.37174305  2.43842181  0.36604501  0.27785455] -231.81890069799593
[ 1.81283558  0.08483413 -0.09134731  2.1669176   0.29493225  0.10514962] -231.6524621106866
[ 1.97565519  0.19203578 -0.29226669  2.24654547  0.38752405  0.05654257] -231.6911913082725
[ 1.68315435  0.03127434 -0.36226117  2.33572721  0.33201702  0.52340751] -231.77107276927626
[ 1.87059411 -0.04587298 -0.15147471  2.21665306  0.33372541  0.0070681 ] -231.6463198317305
[ 1.93063432  0.03857185 -0.14106481  2.19716586  0.36037888  0.26188052] -231.60510575122225
[ 2.03002945  0.09317425 -0.07925953  2.15034602  0.38412777  0.35575654] -231.65107547210218
[ 1.67181624 -0.27525151 -0.06307285  2.22496604  0.27668755  0.34791242] -231.699137432983
[ 1.89969545  0.07521396 -0.23496823  2.24115061  0.35981492  0.12938504] -231.63202708206745
[ 1.88814703  0.18695867 -0.10939566  2.17554727  0.43653012 -0.18683063] -231.73729579450747
[ 1.81784963 -0.09113082 -0.20974889  2.25558244  0.30466866  0.3101502 ] -231.6213517363824
[ 1.85548325  0.14519618 -0.23622659  2.0457226   0.23746595  0.29056186] -231.64904978676844
[ 1.88163668 -0.04884859 -0.33288637  2.21136641  0.34437969  0.32356736] -231.6174571457912
[ 2.04280448  0.0383981  -0.13623871  2.21063621  0.32492918  0.15376581] -231.6763907256104
[ 1.79257112e+00 -9.16647914e-04 -2.58473045e-01  2.18659214e+00
  3.22643791e-01  2.53770367e-01] -231.6163893941871
[ 1.87551052 -0.16952392 -0.20664543  2.39044757  0.43773784  0.13804534] -231.64478108652722
[ 1.86203847 -0.01967174 -0.30978755  2.27744862  0.37614919  0.46519817] -231.6341820664609
[ 1.85263137  0.15392993 -0.28899754  2.06598779  0.25160721  0.44327188] -231.66199252697453
[ 1.86979073 -0.08866046 -0.22723345  2.30933263  0.39120518  0.21435198] -231.6132010020071
[ 1.86868751 -0.01891849 -0.15833738  2.18961474  0.31821452  0.03250365] -231.6399665101828
[ 1.86370073 -0.01948343 -0.27192501  2.25549015  0.36166552  0.35702454] -231.6116361261392
[ 1.81903229 -0.14536998 -0.24547563  2.23069259  0.33516565  0.44419662] -231.62905115485165
[ 1.83919808 -0.090224   -0.24284878  2.2333071   0.34132797  0.36549373] -231.61010078363714
[ 1.90799426  0.02127706 -0.28172826  2.20883565  0.40253169  0.28187929] -231.6168643290258
[ 1.85299307  0.00237005 -0.14153809  2.2522081   0.38220465  0.25456611] -231.60739423744732
[ 1.80830176 -0.07405794 -0.14596613  2.26919634  0.31727698  0.28714979] -231.62958838347473
[ 1.88307113 -0.00255669 -0.24778773  2.22392582  0.38121801  0.28319692] -231.60461478422346
[ 1.95389157 -0.05241091 -0.16565958  2.30388441  0.41668961  0.32506757] -231.6072071895394
[ 1.90470557  0.04741608 -0.17637454  2.17932786  0.35662304  0.40139115] -231.61633120701742
[ 1.87851944 -0.05464132 -0.21451873  2.27683143  0.38255964  0.26111177] -231.60381753450426
[ 1.91573514 -0.03348024 -0.11254756  2.24028409  0.3931274   0.22674766] -231.60119279215448
[ 1.94175235 -0.04047865 -0.03285884  2.23268106  0.40885834  0.16160922] -231.61455403153414
[ 1.96575015  0.05617491 -0.09819005  2.26479281  0.43073143  0.17202979] -231.61887730756578
[ 1.8708361  -0.05362427 -0.2066841   2.24117853  0.36367884  0.31712774] -231.6015166808789
[ 1.95790283 -0.05508391 -0.22121608  2.24221528  0.38367948  0.30381128] -231.61045272232116
[ 1.87922051 -0.01199344 -0.16145758  2.2497099   0.38257336  0.26687741] -231.60137736720702
[ 1.83211398  0.01316954 -0.19569393  2.1724808   0.33782243  0.21391311] -231.60594774075668
[ 1.86255838 -0.00322557 -0.18818534  2.2053317   0.35753923  0.24170172] -231.6009272409614
[ 1.83267924 -0.0917457  -0.23599554  2.2819213   0.39318661  0.27037388] -231.6109727943599
[ 1.90614555  0.00599247 -0.16479749  2.21835472  0.36858081  0.26400386] -231.60021077098517
[ 1.88793391 -0.04776744 -0.1016092   2.2533043   0.36813508  0.2426598 ] -231.60327126972956
[ 1.89562375  0.00660849 -0.0972417   2.19255631  0.36198526  0.2585943 ] -231.6023937278451
[ 1.88877257  0.01785991 -0.20869539  2.19583412  0.37435988  0.28235776] -231.6041124564437
[ 1.88814357 -0.0313606  -0.12838075  2.23893675  0.36969128  0.25258429] -231.60013955057784
[ 1.87858933 -0.04917238 -0.22344258  2.27204225  0.38307838  0.26441993] -231.60356484612768
[ 1.89136515 -0.00733673 -0.12879192  2.21242779  0.36725854  0.26005071] -231.59964265452527
[ 1.91022     0.02648956 -0.08803612  2.21383646  0.38257804  0.18686081] -231.6077718300851
[ 1.88068207 -0.03359581 -0.1770221   2.23434301  0.36840364  0.28456101] -231.59920563608196
[ 1.90232278 -0.02234206 -0.1384508   2.20018279  0.35896028  0.24300568] -231.59969240321468
[ 1.86133736  0.00285747 -0.19599524  2.1962415   0.33701719  0.28855476] -231.60208553811412
[ 1.9021357  -0.02439582 -0.13340948  2.22927344  0.37909985  0.24219944] -231.59935348931887
[ 1.92770656 -0.03445394 -0.10209884  2.23917447  0.37979224  0.27376661] -231.6010157898595
[ 1.87884542 -0.01103267 -0.16666371  2.21379239  0.36310248  0.24971794] -231.59939617298937
[ 1.87501934 -0.04934703 -0.12610876  2.22463068  0.36692454  0.24670249] -231.5993783804155
[ 1.88864658 -0.01798943 -0.16176818  2.19927995  0.36489182  0.25616146] -231.5994927903761
[ 1.86990864 -0.0255571  -0.15947058  2.23773296  0.37760001  0.27012534] -231.60046563457828
[ 1.89421924 -0.02314582 -0.14370575  2.20957033  0.36362021  0.24978559] -231.5988121959694
[ 1.88181764 -0.04583213 -0.17410074  2.22453547  0.36808897  0.24965861] -231.59861323183364
[ 1.87704389 -0.06507983 -0.19675516  2.23058931  0.36850419  0.24446256] -231.59951889413315
[ 1.88225989 -0.04446032 -0.14523534  2.24610183  0.37152141  0.25138023] -231.59996515374596
[ 1.88704991 -0.02460716 -0.15763497  2.21098542  0.36654922  0.25496616] -231.59883239918685
[ 1.89479588 -0.05594192 -0.13733022  2.23065373  0.37445966  0.25957316] -231.5986425304421
[ 1.90521414 -0.01982586 -0.18162566  2.22182312  0.37314931  0.26687883] -231.59944675961873
[ 1.88256804 -0.04196673 -0.13998799  2.22392879  0.36848073  0.25174658] -231.59870264296026
[ 1.87157523 -0.05063404 -0.17651778  2.21539881  0.3574343   0.27456426] -231.59872291462207
[ 1.88999324 -0.04711345 -0.13273705  2.20401451  0.36447406  0.22887044] -231.59966057525793
[ 1.88300987 -0.03697522 -0.16595084  2.22676088  0.36742124  0.27063837] -231.59856541876655
[ 1.88227873 -0.0602248  -0.15489614  2.23263059  0.36661915  0.26368937] -231.59845558508897
[ 1.87989313 -0.07803362 -0.15352672  2.24345317  0.36665412  0.26805097] -231.59910921370872
[ 1.87112922 -0.0740458  -0.17255549  2.24173242  0.37054781  0.27350452] -231.5993905573606
[ 1.88844674 -0.03587081 -0.15091818  2.21761086  0.36535211  0.25571532] -231.59842860413474
[ 1.89939706 -0.0416365  -0.13121026  2.2366413   0.379373    0.24244287] -231.59932051403018
[ 1.87853069 -0.04838466 -0.1651909   2.22070943  0.36291897  0.26653391] -231.5983813930258
[ 1.88705847 -0.05244311 -0.17614102  2.2270382   0.36647264  0.27018967] -231.59852097036259
[ 1.8722515  -0.03730166 -0.19173572  2.21910808  0.35783137  0.26590193] -231.5991151758833
[ 1.88915978 -0.05128185 -0.1509316   2.22776731  0.37030259  0.26115535] -231.59834438066991
[ 1.88767712 -0.04922802 -0.14724215  2.22630362  0.36493993  0.27964872] -231.5984435750523
[ 1.88804064 -0.0621692  -0.14915582  2.22392578  0.36478055  0.26167241] -231.598350899813
[ 1.88431943 -0.04994334 -0.12997057  2.222611    0.36516513  0.25928203] -231.5987061585106
[ 1.88637371 -0.05181817 -0.16459841  2.2259314   0.36614576  0.26746276] -231.5983130358352
[ 1.89046417 -0.03935944 -0.15444955  2.21478555  0.36486082  0.26704013] -231.5984766722338
[ 1.88432509 -0.05500846 -0.15478449  2.22816933  0.36617957  0.26452706] -231.5982728450217
[ 1.88394843 -0.05228302 -0.16461765  2.22173442  0.36695326  0.24604022] -231.5984468060699
[ 1.88674495 -0.04999177 -0.15158602  2.22516132  0.36544326  0.2712466 ] -231.59830800610177
[ 1.88261155 -0.07034722 -0.16116423  2.232944    0.36657146  0.2751507 ] -231.59853787063957
[ 1.88698794 -0.04448992 -0.15347969  2.22144414  0.36565695  0.26057417] -231.59832475468647
[ 1.89534668 -0.05653513 -0.14298778  2.23009033  0.36991726  0.26234553] -231.5984867169386
[ 1.88273469 -0.05042228 -0.15964012  2.22305466  0.36466854  0.26548682] -231.59830037741375
[ 1.88406808 -0.03883495 -0.16251762  2.2265836   0.36801834  0.2684785 ] -231.5984586874195
[ 1.8870475  -0.05633564 -0.15249627  2.22459024  0.36559     0.26337394] -231.5982469435548
[ 1.88224484 -0.05140689 -0.1612634   2.22168304  0.36092544  0.2697351 ] -231.59827872149924
[ 1.88283565 -0.06050448 -0.16130988  2.22808585  0.36399391  0.27336992] -231.59833046020188
[ 1.88594987 -0.04849356 -0.15543724  2.22310457  0.36524119  0.26377311] -231.5982611820442
[ 1.8833086  -0.05206803 -0.14713744  2.22265632  0.36320357  0.26525144] -231.59832614893102
[ 1.88560743 -0.05188063 -0.16023317  2.22511263  0.36541021  0.26690993] -231.59825290979046
[ 1.88255819 -0.05452404 -0.16303221  2.22341017  0.36389506  0.26002205] -231.59825019191786
[ 1.88650962 -0.0554608  -0.15610881  2.22563534  0.36441195  0.26396024] -231.59825551176874
[ 1.88842106 -0.05582749 -0.15276732  2.22832438  0.36931722  0.25778701] -231.5983492558162
[ 1.8837889  -0.05251204 -0.15913938  2.22334338  0.36302338  0.26674807] -231.5982376221872
[ 1.88616208 -0.05139378 -0.16069787  2.22022945  0.36301103  0.26373539] -231.59827155987804
[ 1.88570283 -0.05229745 -0.15921952  2.22221442  0.36380316  0.26393331] -231.59822337094192
[ 1.88445496 -0.05917664 -0.16130588  2.22499749  0.36347007  0.26454274] -231.59825922419859
[ 1.88482868 -0.05650587 -0.15983872  2.22452426  0.36391285  0.26435033] -231.59822017486468
[ 1.88333489 -0.05255776 -0.16187762  2.22209636  0.36413294  0.26448564] -231.598255801644
[ 1.88571594 -0.05473504 -0.15755101  2.22475059  0.36434219  0.26409159] -231.5982318507633
[ 1.88427325 -0.05708939 -0.15685921  2.22249839  0.36277867  0.2605965 ] -231.59823893091476
[ 1.88789417 -0.0553011  -0.1520025   2.22389692  0.36392169  0.26767586] -231.59825167002333
[ 1.88389219 -0.05471831 -0.16027478  2.22353186  0.36390172  0.2619355 ] -231.5982643892104
[ 1.88526576 -0.05440166 -0.15952912  2.22336934  0.363858    0.26414182] -231.5982211181559
[ 1.88527231 -0.05562045 -0.15869487  2.22463742  0.36412752  0.26422096] -231.59825950736152
[ 1.88430879 -0.05450895 -0.15948905  2.22393382  0.36346811  0.2655492 ] -231.5982619476451
[ 1.88455097 -0.05679763 -0.15834896  2.22351132  0.36334576  0.26247342] -231.5982711108851
[ 1.88593809 -0.05642075 -0.1561675   2.22455725  0.36475142  0.26386213] -231.59822469558097
[ 1.88369344 -0.05551496 -0.16143546  2.22396721  0.36390395  0.26218619] -231.59825055072824
[ 1.88521806 -0.05419325 -0.16003594  2.22481844  0.36466153  0.26563013] -231.59825056399458
[ 1.88576332 -0.05637669 -0.15907815  2.22469082  0.36493698  0.26258132] -231.59823999160565
[ 1.88496347 -0.05551727 -0.1600001   2.22400501  0.36454739  0.26336302] -231.5982407133483
[ 1.88493287 -0.05738582 -0.15864707  2.22355285  0.36397533  0.26119814] -231.5982774826664
[ 1.88514676 -0.05499139 -0.15968873  2.22450204  0.36448998  0.26452213] -231.59827532794668
[ 1.88504722 -0.05545376 -0.15968392  2.2239468   0.36388543  0.26424608] -231.5982897140628
[ 1.88538339 -0.05646331 -0.15800311  2.22454075  0.36433213  0.26410623] -231.598226117339
[ 1.885296   -0.05644128 -0.15945844  2.22460754  0.36442491  0.26346583] -231.5982202194589
[ 1.88489608 -0.05601157 -0.15991941  2.22426464  0.36423012  0.26385667] -231.59828054467647
[ 1.88426106 -0.05601041 -0.16063709  2.22424573  0.3639084   0.26326826] -231.59825427832203
[ 1.88502337 -0.05534956 -0.15993733  2.22467135  0.36428719  0.26499023] -231.59823697217166
[ 1.88484897 -0.0568069  -0.15958078  2.22500463  0.36447977  0.26376644] -231.59824793715376
[ 1.88498442 -0.05651421 -0.15923241  2.22493345  0.3642183   0.26412577] -231.59825306885605
[ 1.88586055 -0.0566833  -0.1580465   2.22518159  0.36464332  0.26500002] -231.59824536108027
[ 1.88542924 -0.05623587 -0.15905588  2.22457659  0.36447509  0.26443392] -231.59828225834647
[ 1.88509562 -0.05644462 -0.15918828  2.22484423  0.3642825   0.26420281] -231.59824024424998
[ 1.8856469  -0.05582241 -0.15857668  2.22445195  0.36414786  0.26493871] -231.59821530004896
[ 1.88604586 -0.05533016 -0.15807463  2.22417561  0.3639819   0.26552484] -231.59823896736768
[ 1.88456411 -0.05565905 -0.16028768  2.22403177  0.36381916  0.2636847 ] -231.59826348372275
[ 1.88553644 -0.05642724 -0.1586068   2.22489413  0.36443728  0.26467119] -231.59824330444175
[ 1.88488822 -0.05591511 -0.15972739  2.22431922  0.3640252   0.26401353] -231.59825615774258
[ 1.88537438 -0.05629921 -0.15888695  2.22475041  0.36433426  0.26450677] -231.59825810006734
[ 1.88523779 -0.05616414 -0.1592077   2.2244881   0.36403035  0.26464452] -231.59822783624318
[ 1.88547145 -0.05613185 -0.15901756  2.22452974  0.36428639  0.26420227] -231.59824711381495
[ 1.88551514 -0.05614286 -0.15828989  2.22449635  0.36424     0.26452247] -231.5982738029123
[ 1.88533514 -0.05558598 -0.15925701  2.22456165  0.36421752  0.26496447] -231.5982388061759
[ 1.88537126 -0.05613352 -0.15888248  2.22464809  0.36421518  0.26457076] -231.59826330313163
[ 1.88559167 -0.05612482 -0.15859174  2.22467304  0.36429257  0.26480495] -231.59832170621516
[ 1.88526756 -0.05586876 -0.15915203  2.22438559  0.36408653  0.26447612] -231.598219733753
[ 1.88526156 -0.05575936 -0.15974126  2.22452536  0.36408795  0.26474314] -231.59829043287385
[ 1.88545175 -0.05604698 -0.15865274  2.2245036   0.36420198  0.26457764] -231.5982769534085
[ 1.88545723 -0.05584559 -0.15886436  2.22441877  0.36411719  0.26470741] -231.5982530419181
[ 1.88544235 -0.05599327 -0.15889219  2.22447002  0.36408911  0.26479161] -231.59823057400598
[ 1.88549102 -0.0557042  -0.15891684  2.2245068   0.36418269  0.26495159] -231.5982656293513
[ 1.88555918 -0.05597713 -0.15879712  2.22449085  0.36421712  0.26457049] -231.5982610286252
[ 1.88550908 -0.05597796 -0.15872958  2.22455002  0.36418152  0.26475473] -231.59824392233324
[ 1.88558102 -0.05598263 -0.15843329  2.22447415  0.36419393  0.26473059] -231.5982312523271
[ 1.88557423 -0.05616213 -0.15851423  2.22444512  0.36413288  0.26454626] -231.59823908156858
[ 1.88551109 -0.05595087 -0.15853966  2.22444583  0.36407037  0.26491928] -231.59823292945237
[ 1.885631   -0.05611751 -0.15836418  2.22452693  0.3641547   0.26485298] -231.59823079410046
[ 1.88561978 -0.05603165 -0.15837716  2.22438798  0.36408143  0.26483841] -231.59826022516162
[ 1.88553676 -0.05599138 -0.15864148  2.22450951  0.3641565   0.26477565] -231.59825665151834
[ 1.88554462 -0.05590784 -0.15873444  2.22446099  0.36411848  0.26486516] -231.5982607135997
[ 1.88563895 -0.05596996 -0.15847043  2.22448944  0.36415128  0.26489584] -231.59828064055623
[ 1.88561396 -0.05590252 -0.15850498  2.22446305  0.36417089  0.26483465] -231.59824956261204
[ 1.885579   -0.05588664 -0.15855817  2.22444889  0.36410912  0.26492899] -231.59827009641785
[ 1.88561057 -0.05599227 -0.15854546  2.22444853  0.36414037  0.26474248] -231.5982747905457
[ 1.88557799 -0.05590019 -0.15865313  2.22450098  0.36416469  0.26484672] -231.59827362384792
[ 1.88555206 -0.055834   -0.15872052  2.22443536  0.36413253  0.26482306] -231.59825228332346
[ 1.88556094 -0.05575893 -0.15870385  2.22447187  0.36414082  0.26500328] -231.59824235871744
[ 1.88558784 -0.05580393 -0.15861308  2.22440972  0.36410854  0.26495123] -231.59824855566288
[ 1.88558978 -0.0557899  -0.15872635  2.22444875  0.36416392  0.26487636] -231.59824772466837
[ 1.88563921 -0.05572939 -0.15854739  2.22443258  0.3641697   0.26494394] -231.59822118525267
[ 1.88566081 -0.05576836 -0.15850359  2.22445728  0.36416805  0.26502633] -231.59824973802864
[ 1.88563363 -0.05578477 -0.15855782  2.2244518   0.36415917  0.26497551] -231.59827602868899
[ 1.88564305 -0.0557759  -0.15856203  2.22444226  0.36415878  0.26494132] -231.5982694076467
[ 1.88560392 -0.05579067 -0.15864027  2.22446191  0.36414434  0.26497099] -231.59825062549277
[ 1.88561834 -0.05580616 -0.15865152  2.22445035  0.36415589  0.26490753] -231.59823218065182
[ 1.88561737 -0.05581317 -0.15859488  2.22443083  0.3641282   0.26494497] -231.5982317307948
[ 1.88563043 -0.05586247 -0.15854083  2.2244575   0.36415938  0.26488668] -231.59824679637714
[ 1.88559948 -0.0558282  -0.1586486   2.22444365  0.36414019  0.26488088] -231.5982125195174
[ 1.88559576 -0.05586513 -0.15865556  2.22445647  0.36413317  0.26490193] -231.59825836961107
[ 1.88560758 -0.05584282 -0.15863218  2.22445292  0.36413957  0.26491178] -231.59824470730806
[ 1.88563611 -0.05586774 -0.15857463  2.22443382  0.36414603  0.26485252] -231.59826388982214
[ 1.88561197 -0.05580994 -0.15862386  2.22445489  0.36414476  0.26494137] -231.59826479794373
[ 1.88562319 -0.05582531 -0.15861264  2.2244478   0.36414403  0.26490979] -231.5982364807026
[ 1.88560843 -0.05582069 -0.15862174  2.22443724  0.3641342   0.26491292] -231.59827566352456
[ 1.88560891 -0.05581718 -0.15865006  2.224447    0.36414804  0.26489421] -231.59824643839644
[ 1.88560353 -0.05583551 -0.15864039  2.22444828  0.36413988  0.26489633] -231.59823842500379
[ 1.88561496 -0.05584533 -0.15859472  2.22445057  0.36414978  0.26488378] -231.59824080782667
[ 1.8856017  -0.05580944 -0.15864443  2.22445278  0.36414227  0.26492594] -231.59827364959233
