[ 0.23423696  0.76939771 -0.23506213  0.62865781  0.5489392   1.46899948] -331.086775452058
[-1.3481441   0.44370131 -0.09008453 -0.72470437  0.76844952 -0.34401806] -362.49588084267253
[ 1.46266153  1.16683728 -0.37656702 -0.75799672 -1.33887861  1.00641476] -338.4108070128349
[ 0.14738527 -0.52597754  1.04020775  1.03553712 -0.56128386 -1.57821311] -328.1578812078477
[-0.2856211   0.34829433  1.59599054  1.97945628 -1.75877706 -1.36305765] -345.075085931814
[-0.12467365 -0.16120553  0.38695099  0.26620113  0.30869206  0.95310373] -337.5430155085062
[ 1.54681887  0.01012264 -0.37773349  0.79201348 -2.47335872 -1.67133718] -349.8048829113471
[ 2.34174672  0.09212166  0.7680134   2.03932741 -2.52667185 -0.0506786 ] -339.24376528410625
[-0.28824029  0.55303333  1.43757801  0.93838087  0.69736535  1.81686005] -337.133827637805
[ 1.54332661  0.28310797 -0.58895021 -0.59608707  0.80149782  2.56855309] -346.9805471901387
[ 0.17161583  0.33199774  1.04975536  1.33557044 -1.11870834 -0.38015497] -327.7047378227697
[-1.80741818  0.61923934  0.33294091 -0.89054386  2.03871378  1.14634858] -393.80139265925897
[ 1.3044555   0.22390108  0.65924528  1.30685959 -1.38532544  0.2485782 ] -320.34520174295284
[-0.98106832 -0.76978835  1.8227921   2.5950657   0.83543827 -0.16335696] -335.65171047607123
[ 0.32080196  0.35539352  1.5378878   2.34715605 -0.63655033 -0.4821995 ] -318.2702373806975
[ 0.54353977  0.61369305  2.11335621  3.3876335  -1.10917153 -1.19985112] -331.0963978894475
[ 0.68738269 -0.42472528  0.52069738  2.14456804 -1.46986218 -2.112309  ] -331.0465768938827
[ 1.93636106  1.01311743 -0.29854829  0.33771731 -2.37636859 -0.78174267] -343.29673474136985
[-0.25171098 -0.32406191  1.29245701  2.03072861  0.03248655 -0.31795339] -323.0983934144977
[ 0.55907314 -0.89055517  2.26847899  2.77148214 -2.2620204  -3.00975008] -359.73113177390564
[ 0.315446    0.35440949  0.39082315  1.16436389 -0.1538007   0.34931209] -320.6140533405504
[-0.0180515   0.56327941  1.46942807  0.9288372   0.19546814  1.39209878] -328.77819000560703
[ 0.15830705  0.31627824  1.2322454   1.23276991 -0.22086444  0.51599683] -322.2953770237765
[ 0.52558652  0.94528359  1.01393024  2.10361237 -0.59963704  1.55607286] -315.3816655743761
[ 0.71468714  1.68091415  1.00079149  2.63765    -0.61881364  3.12321585] -315.88387791728456
[0.61934619 0.29173693 0.99244094 2.05959303 0.1308112  1.003424  ] -310.8957015038981
[0.84321137 0.27160652 0.96378373 2.42160432 0.75557098 1.69521348] -307.5077511362936
[ 1.40764711  1.14635272  0.64018153  1.49472677 -0.77935555  1.61227804] -310.6775929923104
[ 1.41407577  0.78270407  0.50303851  2.38000443 -0.71216826  1.14375489] -306.81850290667705
[ 2.04196013  1.01591698  0.13843507  2.95362169 -0.95782017  1.45763392] -308.0939833621273
[ 1.62314674  0.88733768  1.38186588  2.85362395 -0.96535452  1.5752539 ] -309.5615557694547
[0.74036766 1.23899162 1.35431728 3.22671637 0.40616054 2.11821303] -306.2294537497386
[0.45832373 1.74653689 1.70185328 4.18664476 1.30190353 3.05303045] -312.6563564517787
[1.86387642 1.40203188 0.41448459 2.4796067  0.00495571 3.7157949 ] -302.13552713424673
[ 2.63541365  1.92535106 -0.14721701  2.54583202  0.32570874  5.81479211] -305.5707381505956
[2.10518851 0.96439124 0.73862693 2.84848181 0.16957334 2.39742989] -294.5952652162281
[2.8949895  0.97394506 0.60097528 3.22091653 0.55417854 2.8181084 ] -288.2366744251324
[1.71890871 0.70585289 1.0993069  4.03276399 0.79380321 2.74316816] -294.11647415704107
[1.53532973 0.904373   0.26343621 3.06691349 1.56618809 3.16949706] -300.4370083359966
[2.54597123 1.73102632 0.4480692  3.71403618 0.1154683  3.54096533] -297.1663509400696
[2.35240532 1.53603619 0.89049131 4.20031333 1.85908639 4.89149407] -290.4156535276857
[ 3.56345931  1.17876349 -0.11539612  3.6781337   1.22506621  4.84146294] -288.41523017304496
[3.00647818 0.94130044 0.64780966 4.82475238 2.03297453 3.61910375] -281.25744356498456
[3.57777906 0.71093472 0.7644722  5.99732522 3.04698394 3.57075817] -282.4327906782477
[3.82540768 1.45126846 0.92698253 4.82339187 0.62733764 4.31527049] -303.34928988627206
[2.10784922 1.04109687 0.42932279 3.50603309 1.33147548 3.45594042] -290.8461633982256
[2.66872552 0.39463866 0.73610074 4.10693482 2.48339315 3.91546058] -285.69757442055544
[ 3.81239364  1.31607401 -0.03620568  3.81293062  2.36825488  5.10402189] -285.46784578935427
[3.9916346  1.07248908 0.47860227 4.4419607  2.17617576 4.94061013] -280.78413290158187
[4.93352729 1.08818519 0.50324201 4.90992451 2.5985259  5.68294498] -283.1094670104669
[ 4.29348827  0.42303406 -0.11986259  3.82822959  1.7542613   3.5214285 ] -282.6956310302189
[3.32577726 0.52839695 0.88453602 4.40044118 2.56467984 3.13144814] -275.8513256565955
[3.20693623 0.20321368 1.38450209 4.76159492 3.23448666 2.27644074] -272.81409533605034
[4.09822931 0.47630492 0.42934022 5.37121781 4.12900356 4.97424679] -273.6200632906227
[4.80099456 1.0828334  0.19196125 4.90662718 2.74832575 4.22982335] -278.12077410067565
[3.98686007 0.08365118 1.04032331 5.56519691 2.9901543  2.74986252] -274.83754247377976
[3.40355605 0.86356351 1.51070886 6.12888705 4.01611222 4.07526726] -275.7442005777153
[4.82292543 0.31938482 1.03066967 5.56707581 4.39844489 4.12964652] -268.01342207306305
[5.73114905 0.008427   1.22209967 5.93823753 5.58118006 4.3849179 ] -267.1397993591361
[ 4.41760715 -0.16649119  1.44770953  6.44862643  5.39024509  2.6229094 ] -264.26117347714734
[ 4.63059343 -0.78598133  1.93226316  7.4519593   6.99727976  1.46405903] -265.4759587165264
[ 3.4804514  -0.59327704  2.15293331  6.4979597   5.69873488  2.79805819] -268.8188690979226
[ 4.90352169 -0.85962066  1.04826052  5.39872406  4.99182264  2.52687792] -269.2805880097405
[ 4.62577153 -0.39413228  1.5212918   5.90692325  6.68500333  3.77795445] -272.9899724787662
[ 4.69024971 -1.07693174  2.49625875  6.27947082  6.398154    1.15480607] -263.28448158761375
[ 4.9862599  -1.85355007  3.52971801  6.73359732  7.53272922 -0.75491429] -267.7707428020653
[ 4.18420021 -0.43409437  1.72929616  5.86794791  3.74653778  1.47671562] -270.464600328503
[ 5.92879017 -1.24387634  1.98101723  7.38206057  7.36773816  2.71165429] -265.21346196858286
[ 5.53305618 -0.87649562  1.72013018  6.78041179  8.06275383  3.92302564] -265.9629144913246
[ 5.02357953 -0.45659432  2.62512237  7.71019822  7.8411127   3.33824591] -263.140218232238
[ 5.08360845 -0.25508115  3.4135533   8.86593531  9.26575774  3.74392991] -278.9067252152995
[ 6.96102587 -0.67737703  1.67784593  7.01504209  7.8483264   3.24712822] -268.2835370167696
[ 6.09088225 -0.65635203  1.79661778  6.88577149  7.31092852  3.13486071] -262.5471887561522
[ 4.83023928 -1.50067408  2.80018561  7.89060891  8.54246404  1.24358277] -263.55863597874577
[ 4.79405985 -0.82381095  2.66217357  7.41850035  6.22079367  0.81232741] -273.80525850021485
[ 5.3483071  -0.86332445  1.95564103  6.93993393  7.60226379  3.14535108] -261.0671830607031
[ 4.2048315  -0.3295796   2.39282779  6.66947604  6.99398456  2.16826436] -263.30348993532436
[ 5.64508931 -1.46132755  3.24117491  7.6765267   9.50605744  2.1054609 ] -261.11426955486615
[ 5.50407385 -0.11402915  2.03569527  6.16318349  6.6750363   3.77208024] -262.840257356044
[ 6.56256241 -1.21327348  2.32400891  7.21555218  8.11719969  3.38200395] -263.91543204229094
[ 4.79426423 -0.55050307  2.37562307  6.80599507  7.27478834  2.47169925] -260.6492448761585
[ 6.11181572 -0.29044511  2.18036606  7.78106549  9.0052417   4.83442663] -261.853119155468
[ 6.14123129 -0.85539947  1.90325034  6.3739605   7.95032599  3.1497137 ] -268.219441059171
[ 5.30299247 -0.55629561  2.44465436  7.37613879  7.86841603  3.29111286] -259.9377881988894
[ 5.59370984 -1.34538679  2.62899713  8.32529367  9.51419564  2.55555691] -262.71762262785455
[ 5.57130084 -1.03754738  2.48067167  7.78476612  8.80440581  2.85968774] -260.11055263214246
[ 4.83370764 -0.93012903  3.09609259  7.90237055  9.37612918  3.10105211] -262.7484978357474
[ 5.7765886  -0.72479628  2.12148648  7.13992125  7.82722869  3.12640856] -260.1536838270067
[ 4.7010318  -1.44081967  2.69271778  6.7933618   7.289145    0.83214684] -263.79880407551144
[ 5.75911974 -0.57803875  2.30845399  7.53413957  8.57621753  3.83385668] -259.7634308338276
[5.20576835 0.02449237 1.32100196 6.85043821 6.47838262 4.13724449] -263.7930441735481
[ 5.53525907 -1.08987257  2.76113167  7.47000458  8.74913874  2.6134068 ] -259.642861737074
[ 5.56486788 -0.64902677  2.87503272  7.7637212   8.76446792  2.92003955] -259.66031653716266
[ 6.37577864 -0.99468939  2.62152056  8.2169021   9.58850322  3.74313814] -263.6285405371078
[ 5.18964283 -0.66154965  2.43709744  7.15872183  7.85321706  2.78955898] -259.45575156474587
[ 5.19780568 -0.79931396  2.9808608   7.88924278  9.04472567  2.97614564] -260.2876208768294
[ 5.63189287 -0.7434257   2.33633006  7.32725164  8.13160293  3.08884283] -259.49922234675546
[ 5.42329077 -0.3885223   2.57356175  7.09189308  7.84328093  3.31925149] -258.9817865454168
[ 5.34928574 -0.06400976  2.62000679  6.74545655  7.36271849  3.54903337] -259.35633330540156
[ 5.73169858 -0.81384964  2.65254818  7.40577184  8.77089234  2.89720592] -258.9552062582595
[ 5.94605164 -0.94262666  2.7564951   7.42058836  9.2221305   2.70025245] -259.60666065227446
[ 5.26643093 -0.87071013  2.90344662  7.20498182  8.12798245  2.04224518] -259.4293515999183
[ 5.3612038  -0.87361656  2.34633919  6.78915373  7.72757023  2.66346418] -261.2931442620698
[ 5.51395186 -0.70517422  2.74285934  7.52007933  8.5052435   2.85589571] -258.9684266560158
[ 5.38371022 -0.30453797  2.45414946  7.09956193  7.661601    3.05092657] -258.9214120959208
[5.30793579 0.08812932 2.30065835 6.9143406  7.11783213 3.26968645] -259.60686995382554
[ 5.20434886 -0.50468894  2.9182242   7.1664183   8.12246949  2.56285178] -258.9523539618302
[ 5.65150091 -0.53427809  2.97783241  7.3375136   8.49060617  2.78656657] -258.19485442379226
[ 5.88242995 -0.4706423   3.24819989  7.42690949  8.80930072  2.78507037] -257.8654866126035
[ 5.78004582 -0.19176167  2.62640099  7.3652295   8.44294688  3.78148877] -258.70035710648244
[ 5.74210433 -0.60836261  2.97389894  7.56943039  8.92753705  2.65856155] -258.2749346453086
[ 5.72749406 -0.25944016  2.88161455  7.15769448  8.406339    3.05613928] -257.8592994314861
[ 5.83426516 -0.03657313  2.95099216  6.97650206  8.35688675  3.15626106] -257.7472135332771
[5.5439362  0.10832744 3.07140703 7.12891205 8.00268829 3.10118078] -257.8971480147539
[6.18448169e+00 3.50551987e-03 2.85679195e+00 7.35576350e+00
 8.61118407e+00 3.61497792e+00] -258.5661988049775
[ 6.27204417 -0.09396428  3.45508086  7.5080204   9.38858026  3.31492025] -257.2900481206233
[ 6.71621114  0.01132257  3.95554656  7.71224964 10.25206988  3.44691709] -257.3958507795202
[ 6.03970801 -0.17414146  3.55905595  7.28994979  8.9224455   2.4288352 ] -257.1859131334202
[ 6.16953911 -0.16533135  4.02538343  7.25230994  9.16219481  1.75250842] -257.576897396087
[ 5.58701424 -0.4286243   3.56275299  7.27747789  8.85796212  2.19996515] -258.2701960544638
[5.97769492 0.2431566  3.64193069 6.96649351 8.5184175  3.00351606] -257.00018656449623
[6.09549021 0.66891621 3.97594656 6.66502507 8.31385772 3.17599332] -257.2939331921337
[6.26301189 0.28734526 3.0794692  7.15478454 8.47481089 3.72996276] -258.0373514222598
[6.09401248 0.10835287 3.20029015 7.18545788 8.5705987  3.34746336] -257.3844712662245
[ 6.4894487  -0.249598    3.6137762   7.32219899  9.51938818  2.91084132] -257.6908182481026
[6.35329452 0.40305317 3.55884211 6.98929806 8.94947157 3.26887538] -256.9391027969336
[6.58872681 0.83990091 3.71416322 6.77049235 9.01955699 3.51077788] -257.36134750770447
[6.57446911 0.1155261  4.0586665  7.44397082 9.59941382 2.93522279] -257.1212529710188
[5.9476257  0.450259   3.54417921 7.1388645  8.4635876  3.18876969] -257.0737357315006
[6.29426633 0.20627685 4.07229496 7.26007448 9.37670672 2.69924977] -256.71268120099364
[6.39439326 0.25523883 4.50829736 7.29738278 9.77976073 2.37514298] -257.1395018394099
[6.12364203 0.50867436 4.02324228 6.85486332 8.55476731 2.52656938] -256.6720806002122
[6.04944096 0.80999368 4.30732299 6.52828478 8.13786084 2.13239395] -257.14032802716645
[6.38395619 0.81645682 4.07399596 6.9279051  8.89834267 3.44523249] -256.70148797571113
[5.78569079 0.76043284 3.57949524 6.60186217 7.98768397 3.10884813] -257.2469890708935
[6.37727453 0.27675278 3.93887368 7.23344366 9.19648136 2.97862913] -256.71124742369875
[6.55575047 0.36786452 4.22554735 6.93849488 9.36780811 2.78525438] -257.61158729543934
[6.09965689 0.42966038 3.71452125 7.08877209 8.68964272 3.08789086] -256.67102445911894
[6.56633525 0.63713485 4.15199273 7.15162539 9.37005329 2.99863295] -256.4712116377725
[6.86065541 0.83412398 4.40702375 7.24419133 9.79587118 2.99619139] -256.71310579563453
[6.26174922 0.55526551 4.43279818 7.18292995 9.07919312 2.64319281] -256.8843290039821
[6.28463554 0.51721243 4.21430916 7.13452198 9.04676273 2.79961346] -256.6025132528723
[6.31756715 0.85568703 3.9666834  6.8703027  8.54197664 3.24627298] -256.6710416403233
[6.21465649 0.97818918 4.10937458 6.77588654 8.50403377 3.05610825] -256.5569383984514
[6.15154159 0.49239593 3.98604517 7.03075224 8.67073615 2.4597968 ] -256.64102502063577
[6.42115561 0.79475223 4.02439981 7.16242366 9.05296779 3.35620238] -256.71967230751625
[6.19802043 0.58019383 4.02353166 6.9317534  8.67931743 2.73397763] -256.52963172163544
[6.18738158 0.3559085  4.09990812 7.16746785 9.11153872 2.46573367] -256.6235981577487
[6.4345334  0.75735119 4.48053256 6.97523038 9.10450464 2.41673005] -256.6133019641932
[6.4769793  0.78293407 4.37383777 7.01474294 9.26800071 3.03046853] -256.5426080178119
[6.53767189 1.06176335 4.3512847  6.82711903 8.87935213 3.21277662] -256.6647110949063
[6.27495416 0.53237221 4.16275226 7.08238064 9.05349207 2.6524944 ] -256.48727252705174
[6.23732699 0.58532767 3.8647335  7.05507326 8.86938203 3.34036835] -256.63223791467766
[6.3852318  0.71434531 4.32658279 6.9951911  9.04572398 2.64763963] -256.49012373040654
[6.42075693 0.89117739 4.16838144 6.84933803 8.92677768 2.90682701] -256.42460168502
[6.48881762 1.07815987 4.14541758 6.70674605 8.86678516 2.96043378] -256.58173686671665
[6.55943613 0.40119671 4.29298497 7.2324573  9.61042129 2.6005718 ] -256.6875971803747
[6.3008514  0.83394106 4.15527718 6.89002923 8.78063065 2.94222414] -256.44398176744903
[6.23840402 0.61345415 3.95566825 6.95202966 8.68399766 2.59679672] -256.4546593561619
[6.53082409 0.82728116 4.28335322 7.04177794 9.27424101 2.84756065] -256.3660025193979
[6.69722593 0.95082483 4.413264   7.09679021 9.57170281 2.90435215] -256.3959475791743
[6.39214348 0.73077497 3.96589223 6.9938692  8.9840068  3.00053899] -256.3383238754006
[6.39559933 0.7389898  3.78554696 6.99320825 8.95314821 3.17698868] -256.37935026291666
[6.54148423 0.97888232 4.06410275 6.87717584 8.95307696 3.11169908] -256.41631145502214
[6.24181947 0.9880355  4.04556563 6.7164479  8.49752364 2.80324925] -256.41060592184806
[6.57088919 1.13657664 4.2718559  6.83751639 9.12142125 3.27390298] -256.55135611077213
[6.32152531 0.74423478 4.03471516 6.92340134 8.79335356 2.76607329] -256.36557850792076
[6.51533311 0.88618764 4.03205964 6.91064086 9.02902924 2.86975862] -256.30990715789784
[6.62257396 0.91231093 3.97045087 6.92094667 9.15322854 2.83352586] -256.3400590246008
[6.42695297 0.82728806 3.97351477 6.97176633 8.91696605 2.89279962] -256.3164084940531
[6.26804858 0.68905172 4.04759747 6.97545869 8.87862981 2.61496106] -256.334506264246
[6.57645638 0.58023728 4.06681187 7.22252355 9.46121852 2.86064816] -256.4737094602196
[6.3254787  0.88608594 4.05087719 6.84296682 8.73844736 2.81759898] -256.3219718877285
[6.21900329 0.76059321 3.75153227 6.83092313 8.50590326 2.80634954] -256.36505408727203
[6.39412807 0.84909241 3.90577603 6.91847367 8.89097395 2.90126231] -256.2374645162797
[6.43042944 0.90152122 3.84130646 6.91600983 8.93978415 2.96885683] -256.1984043416788
[6.56712547 0.87970998 4.21888365 7.03931411 9.32305121 2.91515516] -256.2989395804338
[6.4523126  0.95917322 4.08885416 6.89151634 8.95796247 2.69250443] -256.2163162993468
[6.63782885 1.09093697 4.02090115 6.88194608 9.08978368 3.10393015] -256.3491095091515
[6.36049365 0.78952303 4.04092339 6.95208053 8.93141828 2.73720333] -256.26482982391894
[6.59207038 0.86171511 4.0143035  7.05080919 9.29428977 2.87449368] -256.2580967492747
[6.54563525 0.93198867 4.10526215 6.94835729 9.24154565 2.79319106] -256.2299871838847
[6.46735583 0.8883561  4.07111813 7.02205491 9.20032127 2.79070955] -256.1475309860971
[6.44336719 0.88944033 4.09064738 7.07776194 9.28596728 2.75118501] -256.11286580927407
[6.3743107  0.89807722 3.84154869 6.9061976  8.89393799 2.69065629] -256.11037837995065
[6.27790331 0.90726084 3.65288122 6.83963935 8.67938138 2.57840685] -256.09985678651003
[6.55341241 1.0275101  3.89016157 6.95595078 9.20155862 2.81567596] -256.0826495781109
[6.6498718  1.14650363 3.81478065 6.9578859  9.3366288  2.85491227] -256.06727763779696
[6.34110282 1.05024753 3.85027384 6.8262477  8.85280014 2.67185846] -256.0202489713193
[6.21561903 1.14451374 3.76825901 6.71396695 8.63205532 2.57054085] -256.0210136169352
[6.31936047 1.01939358 3.67431908 6.8879964  8.77596242 2.71271688] -256.03143657122024
[6.36836574 1.01228249 3.55254872 6.94366403 8.99887892 2.82014101] -255.922060628181
[6.3263923  1.03883713 3.284396   6.96973787 9.01933714 2.8839593 ] -255.8896734704107
[6.35556985 1.11570646 3.6144596  6.93707988 9.04357491 2.51548943] -255.82855726647148
[6.31814006 1.22279908 3.50103618 6.94761491 9.09547029 2.28880573] -255.79007454109805
[6.30088973 1.23890693 3.16858161 6.73194544 8.63389277 2.57903482] -255.97971070392336
[6.47401574 1.33163512 3.44491457 6.93417006 9.2253158  2.75202231] -255.7632358189471
[6.57207196 1.54382226 3.34093125 6.98143541 9.49828301 2.83883004] -255.73260061090227
[6.07611398 1.22483187 3.12506533 6.82377334 8.62195313 2.47015615] -255.80762613725102
[6.32554315 1.42042135 3.08244232 6.87225515 9.13128307 2.53149795] -255.66795807750867
[6.32863448 1.62093523 2.78650394 6.86438453 9.3089434  2.44088848] -255.74567797547243
[6.29861424 1.51295868 2.65054372 6.94933968 9.147273   2.52556953] -255.9533792855994
[6.33806883 1.41564985 3.15955666 7.11610668 9.53730711 2.60057141] -255.59843174490564
[6.35665838 1.50402132 3.15504418 7.30818731 9.98901428 2.6113397 ] -255.6815947997332
[6.35349585 1.10916183 3.84726552 6.95430145 9.15393825 2.67903733] -255.8324380015126
[6.3347523  1.60672496 3.40103642 6.92875778 9.32674114 2.25234023] -255.61432803179275
[6.30140091 1.70225462 2.68942386 6.93567965 9.249741   2.31502984] -255.9142227321983
[6.34047211 1.25743503 3.55780511 6.949646   9.17788894 2.58803546] -255.65895427336554
[6.66690215 1.5974523  3.55587064 7.1081653  9.96703806 2.56320413] -255.7381992839234
[6.54113011 1.72436951 3.19817796 7.03784053 9.78404349 2.83602067] -255.58906067722722
[ 6.65262514  1.97515472  3.04674885  7.08295334 10.12833009  3.10962814] -255.75285539679737
[6.150444   1.39202202 3.02411259 6.85384855 8.85147753 2.65256112] -255.67083604644122
[6.10473155 1.39505198 3.13344577 6.93804949 9.10463075 2.31484558] -255.58453950759548
[5.87106134 1.32066683 3.02970303 6.91635652 8.90780462 2.05285335] -255.7972960904593
[6.51112202 1.54786221 3.48670882 7.09370333 9.83582064 2.38854264] -255.64481604590418
[6.39788249 1.56194316 3.56313459 7.14911278 9.79086095 2.46195405] -255.59360615322225
[6.40209032 1.82643219 3.08954829 7.13821087 9.94857909 2.3633894 ] -255.64781580586185
[6.38668577 1.6841829  3.2066125  7.09106965 9.75590655 2.41955092] -255.5530127939058
[6.18996167 1.58144525 3.06727914 6.99327564 9.26400936 2.57321831] -255.5311277116439
[6.0293815  1.59823676 2.85756431 6.9430618  8.97810372 2.66555614] -255.6663216857492
[6.31806784 1.51415593 3.04169912 7.17972715 9.75217826 2.81638008] -255.5207044842308
[6.30972561 1.46787141 2.86203047 7.30521183 9.96489682 3.0984    ] -255.6569797947964
[6.30808431 1.73806639 3.24389303 7.01358506 9.61323601 2.54008512] -255.437126496521
[6.29309205 1.89927465 3.28606122 6.96232425 9.65120046 2.50984198] -255.45283213563303
[6.21833792 1.65048082 2.73390125 6.93540306 9.30047386 2.70474618] -255.60887129302057
[6.35299635 1.58407758 3.35582625 7.09568535 9.66826418 2.52265208] -255.50512984947363
[6.01237905 1.4412905  3.15140732 7.06595691 9.26869821 2.22622336] -255.70142018211544
[6.40894235 1.65359976 3.1864853  7.04486963 9.65520717 2.68357134] -255.50636999956845
[ 6.55018122  1.85679062  3.23381935  7.20135467 10.13163643  2.87030704] -255.6098661418772
[6.21609396 1.51048664 3.15853916 7.00387578 9.36138217 2.45371094] -255.50078902870746
[6.21136306 1.50976094 3.14462817 7.01926989 9.3488525  2.77698837] -255.48032163811527
[6.41522095 1.58860383 3.30974454 7.12572864 9.86903074 2.69124434] -255.47283876355417
[6.31949916 1.68070911 3.42467303 6.92127764 9.41981266 2.40637066] -255.49781754196627
[6.19881025 1.55030174 3.35928277 7.01493783 9.43831891 2.44677916] -255.48672420318553
[6.20336088 1.60856531 3.19109398 6.93720626 9.34861349 2.58240745] -255.45562735694006
[6.33601891 1.71484914 3.39923268 7.00679266 9.65123927 2.69424743] -255.42804074137285
[6.39598138 1.81703039 3.51957944 7.0082511  9.79616781 2.81451567] -255.46570526649876
[6.2381203  1.55600667 3.12461869 7.11789581 9.66995098 2.83754663] -255.44284423583832
[6.37191255 1.68831568 3.1117876  7.05855495 9.72865541 2.92739395] -255.48546815647603
[6.32863698 1.6538122  3.17366139 7.04765067 9.65607129 2.80724026] -255.43334791595476
[6.39845105 1.77687356 3.33611993 7.06368315 9.92052809 2.6072687 ] -255.45006226919594
[6.18900319 1.76078725 3.17979537 6.93654256 9.41751564 2.66502086] -255.43847348473855
[6.39607736 1.79156643 3.29467972 7.1248437  9.96090027 2.80139555] -255.42673574763822
[ 6.49243561  1.88306699  3.34647258  7.21866242 10.26704366  2.9108896 ] -255.4796979934165
[6.20019596 1.62815579 3.13584036 7.01875367 9.40244306 2.84124325] -255.46257502571754
[6.34888728 1.73969412 3.28605004 7.05245078 9.79100683 2.66576234] -255.42332968892282
[6.39744904 1.91025184 3.40115205 6.942726   9.69337213 2.55370388] -255.47138240535148
[6.27795248 1.64456796 3.19375203 7.07410336 9.67580626 2.76658595] -255.4195012310089
[ 6.47621592  1.66673149  3.3506276   7.16993285 10.03190434  2.76008468] -255.48977215481887
[6.26080637 1.73727331 3.22250342 6.99489013 9.57111281 2.68878682] -255.41489701253403
[6.34137548 1.689188   3.27940006 7.0866587  9.8221429  2.93458765] -255.43848241317247
[6.3164071  1.72584679 3.25276979 7.03185347 9.66546273 2.63871076] -255.41744722101953
[6.31674619 1.79745372 3.37600117 7.04732737 9.78243811 2.61125602] -255.43457132188652
[6.32566428 1.68972258 3.22424634 7.04756984 9.68766299 2.7582442 ] -255.41899056652494
[6.30591272 1.72804126 3.0921011  7.10177777 9.79941137 2.74558111] -255.43298488979937
[6.32849236 1.71814717 3.32244978 7.03053894 9.68828229 2.70708085] -255.41682805283122
[6.22332593 1.62685088 3.20591075 6.9522918  9.39887771 2.60699475] -255.44440320609678
[6.35288951 1.75038754 3.27248748 7.08170573 9.82039463 2.75279535] -255.4149170165023
[6.27185009 1.68228766 3.21001957 7.03443638 9.57856708 2.77163897] -255.41639648715096
[6.34075075 1.78998706 3.3077401  6.99956147 9.66135458 2.6724997 ] -255.42201032900272
[6.29365205 1.68092273 3.22224905 7.05546789 9.67219334 2.74306438] -255.4151182540998
[6.28236821 1.74189916 3.27658003 7.02872767 9.6443413  2.67578151] -255.4114861889625
[6.26072018 1.76798745 3.30274688 7.01930658 9.62268046 2.63455017] -255.4234103679228
[6.28027909 1.71112574 3.25599332 7.0434021  9.65950109 2.80767187] -255.41284724625928
[6.25212275 1.71648488 3.16416117 7.04900436 9.62708779 2.77283212] -255.41500763637126
[6.30218924 1.76374346 3.26130525 7.04996292 9.75297658 2.70867172] -255.41536506074743
[6.29460445 1.74337951 3.24848383 7.04608128 9.7093742  2.72441353] -255.40920789348175
[6.28070474 1.78592731 3.2578207  7.02580254 9.67174393 2.73102935] -255.41368702218801
[6.33176138 1.77351264 3.34712842 7.02453212 9.73173486 2.68732735] -255.42188395861876
[6.2720324  1.73074182 3.20990299 7.0428863  9.65324956 2.75145593] -255.40993882518325
[6.20404225 1.73306141 3.21794062 6.97889095 9.482713   2.70691765] -255.4267367498527
[6.31567769 1.74605601 3.25885076 7.05600203 9.73597422 2.74132592] -255.41194708076674
[6.31441583 1.7491032  3.28004045 7.08607718 9.78694862 2.78843922] -255.41250879976673
[6.30575449 1.6881745  3.25212976 7.07525632 9.72471907 2.76533331] -255.4135265360343
[6.29949205 1.7126127  3.25355249 7.06289287 9.71147528 2.75675732] -255.4087427381108
[6.31258445 1.76347173 3.25314353 7.06415367 9.75428665 2.67171927] -255.41692116222748
[6.28835543 1.72421223 3.25528087 7.04859    9.68319748 2.77368372] -255.40922432532537
[6.26976092 1.71719728 3.22084321 7.00898287 9.59225539 2.68603343] -255.41369549102518
[6.3032521  1.74112672 3.26524114 7.0668036  9.73827532 2.76283777] -255.4115758930148
[6.26435719 1.71860137 3.24416302 7.04265854 9.64399682 2.74031733] -255.41022191255192
[6.26381781 1.71602221 3.2307466  7.02380862 9.61026957 2.71129868] -255.4117554390741
[6.29339353 1.73485059 3.25661751 7.05605486 9.70627388 2.749953  ] -255.40820551334113
[6.28837681 1.71290025 3.21275354 7.07099361 9.72484777 2.82307877] -255.4127935307686
[6.28387036 1.73464943 3.26062341 7.03929415 9.66446792 2.71260582] -255.40916010096407
[6.31289222 1.74154739 3.25065734 7.05594128 9.73201595 2.74930577] -255.41197826474607
[6.27649095 1.72433788 3.2457866  7.04597923 9.66600161 2.74256444] -255.409157172017
[6.30670319 1.7272723  3.29687859 7.05674449 9.7270139  2.73520335] -255.41273405594058
[6.2807001  1.72987444 3.23164689 7.04635085 9.67169064 2.74739278] -255.40891900857193
[6.28782838 1.73568928 3.2436227  7.05029442 9.69323037 2.70421191] -255.40940603143622
[6.28822367 1.7270815  3.25236633 7.0490161  9.6857057  2.75631577] -255.40867648396616
[6.27945244 1.71108934 3.25171391 7.05378141 9.65916414 2.76411618] -255.41012756213507
[6.29081645 1.73530697 3.24929135 7.04800631 9.69682169 2.73433919] -255.40854500614375
[6.29250189 1.72003859 3.23579698 7.06347258 9.71485501 2.78316834] -255.4093745907559
[6.28602824 1.73099672 3.2544168  7.04533876 9.67706469 2.73024645] -255.40870582170905
[6.3030604  1.73256976 3.25351052 7.05657403 9.71700902 2.74910373] -255.4082938207999
[6.30630468 1.72793164 3.27493812 7.05961013 9.72642611 2.7448457 ] -255.4084887830325
[6.28978361 1.75029969 3.26016105 7.04197386 9.69162508 2.73151063] -255.4086577358222
[6.3044992  1.73835    3.26121149 7.05840633 9.73088913 2.75844288] -255.41166829214012
[6.29064598 1.73283504 3.25611547 7.04860565 9.6905208  2.73729556] -255.40841170890232
[6.30311121 1.74418307 3.26451167 7.05459218 9.72385316 2.7260335 ] -255.4118860446436
[6.29194555 1.73135689 3.25540267 7.05041012 9.69524257 2.7487452 ] -255.40835359102041
[6.30227192 1.71465061 3.25513083 7.06444651 9.71913961 2.7565835 ] -255.40865589898252
[6.29914984 1.72356288 3.25638838 7.05882835 9.71226098 2.75031528] -255.40838268543382
[6.30401688 1.72572864 3.26836621 7.0620214  9.71908943 2.7590803 ] -255.40833305114006
[6.28776605 1.73236962 3.2405288  7.05122134 9.68703945 2.75331865] -255.40846738317867
[6.29240071 1.73126013 3.24913113 7.05331854 9.69688611 2.75120042] -255.40830552279692
[6.30400966 1.72694126 3.25702333 7.06379677 9.72506653 2.76550375] -255.40833177521523
[6.29712573 1.73733954 3.25696207 7.05523022 9.70759487 2.75754685] -255.40812468940888
[6.29611368 1.74422788 3.25724891 7.05343116 9.70526182 2.76116263] -255.4080741279895
[6.30571939 1.73383586 3.2585632  7.06465546 9.72795303 2.76325607] -255.40820565517328
[6.29421557 1.74216652 3.242332   7.05392221 9.7070607  2.7543129 ] -255.40821241733042
[6.2909581  1.74602899 3.24877776 7.04885531 9.69508166 2.74415917] -255.40820685168472
[6.30208618 1.74663308 3.25655217 7.05784581 9.72266059 2.75611541] -255.41134953625064
[6.29482208 1.73510337 3.25098639 7.05445035 9.70332973 2.75242916] -255.40814394479324
[6.28868039 1.74616798 3.2513314  7.05388243 9.69797792 2.75932058] -255.40841878047777
[6.29946539 1.73596932 3.25296574 7.05590113 9.71225125 2.75165794] -255.4080976869799
[6.29927515 1.73450548 3.26605451 7.05719388 9.70965642 2.75322643] -255.4081924334072
[6.30530497 1.72680184 3.26536766 7.0650403  9.72649372 2.76640258] -255.40831177290818
[6.29454482 1.7412222  3.25292523 7.05290156 9.70293467 2.74972002] -255.40813600296107
[6.28681882 1.74145708 3.2537029  7.04532218 9.68528289 2.74279366] -255.40843196027302
[6.30099425 1.73574117 3.25734813 7.05982214 9.7172855  2.75814047] -255.40814700714108
[6.30167826 1.74073921 3.25589213 7.05517855 9.71063258 2.75882588] -255.40802641517757
[6.30582063 1.74368352 3.25552944 7.0547404  9.71281194 2.76326233] -255.41139448766225
[6.29659767 1.74316224 3.24306767 7.05336775 9.70757543 2.75741894] -255.4081398934095
[6.29341305 1.74440024 3.2470139  7.04858802 9.69670966 2.75226439] -255.40817032249154
[6.29909895 1.73790593 3.25476457 7.05701361 9.71214154 2.75667145] -255.40810099892224
[6.30101085 1.74597223 3.25463503 7.05481423 9.7136027  2.75938979] -255.41132633231345
[6.29636927 1.73782058 3.25189855 7.05454132 9.70589797 2.75416932] -255.40810195098211
[6.29915912 1.73613281 3.26549738 7.05628803 9.70879785 2.75331681] -255.40813874822757
[6.29851876 1.73789016 3.25988995 7.05555796 9.70849225 2.75434234] -255.40804697355054
[6.30253662 1.73696216 3.25796138 7.05763969 9.71529113 2.7625565 ] -255.4080554991944
[6.30276795 1.74007764 3.26100901 7.05703271 9.71545888 2.76090293] -255.41137720550736
[6.29796894 1.73838485 3.25417617 7.05516417 9.7082882  2.75585272] -255.40808014213562
[6.2996616  1.74015192 3.25794686 7.05394394 9.70793087 2.75812789] -255.40805252496207
[6.29936055 1.74348274 3.26140606 7.05440403 9.70638103 2.76529805] -255.41144514860272
[6.29943918 1.73784767 3.25507582 7.05552685 9.71078369 2.75506797] -255.40805716647841
[6.30134709 1.74088815 3.26049552 7.05526188 9.71117591 2.76084168] -255.41136141515872
[6.29881348 1.73901067 3.255756   7.0551886  9.70901013 2.75709996] -255.40803359917925
[6.30410229 1.73330605 3.25692514 7.0575807  9.71545173 2.75417755] -255.40815638392056
[6.29811083 1.74149742 3.25716797 7.05446855 9.70780929 2.75941636] -255.40808095679773
[6.30024587 1.73987494 3.25582407 7.05518358 9.70982136 2.75796292] -255.40803771877395
[6.30009851 1.73931469 3.25789104 7.05536826 9.70956241 2.75658411] -255.4080189861438
[6.30066993 1.74044557 3.25691949 7.05456125 9.70928173 2.75847689] -255.40798864152765
[6.30210744 1.73885068 3.25692676 7.05640912 9.71296186 2.76069119] -255.40805614374574
[6.30055872 1.73929344 3.25548398 7.0553527  9.71070814 2.75694693] -255.40803469520696
[6.29889597 1.74248354 3.25657052 7.05430486 9.7079472  2.75999426] -255.40801901887278
[6.29860831 1.74186645 3.25593365 7.05357394 9.70635595 2.75557247] -255.4079998656916
[6.29992403 1.74150602 3.25707287 7.05426294 9.70834132 2.75750392] -255.40801423973332
[6.29939961 1.74282505 3.25794259 7.05373056 9.70666559 2.75870558] -255.40800458746511
[6.29752053 1.74207456 3.25821793 7.05342205 9.70541882 2.75678653] -255.4080133120403
[6.29984434 1.7401939  3.25808867 7.05400148 9.70726141 2.75454891] -255.4080354985822
[6.29913306 1.74191113 3.25695006 7.05422901 9.70777575 2.75863292] -255.40801526525382
[6.29831998 1.74422824 3.25645449 7.05255833 9.70505064 2.75864199] -255.40802903474565
[6.29965388 1.74054307 3.2575319  7.05466577 9.70843447 2.75709858] -255.4079952326125
[6.29945904 1.74117577 3.25758942 7.05384316 9.70705687 2.75608174] -255.40802835585822
[6.29921456 1.74172729 3.2571099  7.05413255 9.70759603 2.75799512] -255.4080006789535
[6.29843157 1.74165464 3.25747895 7.05376577 9.70624288 2.75737447] -255.40801549436043
[6.29955092 1.74154318 3.25717439 7.05413865 9.70781671 2.75747156] -255.4078751397168
[6.30151187 1.74090897 3.25598605 7.05484553 9.70996468 2.75832021] -255.40802493597363
[6.29851836 1.74178317 3.25765996 7.05377792 9.70655528 2.75716995] -255.40782579902054
[6.29933904 1.73981119 3.25616717 7.0545528  9.70868113 2.75588927] -255.40803550903917
[6.29938447 1.74207159 3.25749874 7.05393612 9.70716948 2.75800151] -255.40805155083874
[6.29903464 1.74166317 3.25741717 7.05395828 9.70718599 2.75732075] -255.40801644676455
[6.29959415 1.74111437 3.25728973 7.05416958 9.7079185  2.75782342] -255.4079816654989
[6.29908612 1.74116312 3.25759593 7.05422185 9.70749488 2.75713426] -255.40799482294727
[6.29856334 1.74182481 3.25679681 7.05367593 9.70645562 2.75637121] -255.4080229515908
[6.29886646 1.74175523 3.25738493 7.05395523 9.70707566 2.75758254] -255.4080378497578
[6.29895899 1.74230411 3.25780128 7.05375424 9.70661044 2.75793777] -255.40802376323575
[6.29905207 1.74152902 3.25746869 7.05389737 9.70699791 2.75700325] -255.40803725122944
[6.29900567 1.74158557 3.25744775 7.05391183 9.70701735 2.75714807] -255.40805134147627
[6.29905626 1.74144877 3.25747484 7.05397375 9.70723689 2.75749668] -255.407992830047
[6.29880224 1.74147314 3.25762794 7.05399988 9.70702508 2.75715211] -255.40800385440008
[6.2987765  1.74172317 3.25753857 7.0538681  9.70687064 2.75724535] -255.40801047335074
[6.29854085 1.74180399 3.25722838 7.05372693 9.70650545 2.75677058] -255.40801187187355
[6.29873868 1.74204364 3.25773062 7.05376608 9.70658286 2.75755386] -255.40801810121678
[6.29869241 1.7417692  3.25752244 7.05386658 9.70681547 2.75737624] -255.40799585018854
[6.29872353 1.74129017 3.25728676 7.05397164 9.70708674 2.75684978] -255.40801399911726
[6.29872732 1.74147854 3.25739773 7.05392025 9.70696077 2.7570258 ] -255.40802223481015
[6.29878731 1.74161597 3.2575674  7.05387584 9.70689609 2.75733331] -255.40801494062669
[6.29860539 1.74177618 3.2575912  7.05382225 9.70668537 2.75727309] -255.40803766619592
[6.2986603  1.74162815 3.25764395 7.0538889  9.70679018 2.75716103] -255.40801450579215
[6.29864743 1.74175317 3.25759926 7.05382301 9.70671296 2.75720765] -255.40803275244224
[6.29852961 1.74179358 3.25744417 7.05375242 9.70653036 2.75697026] -255.4080383293126
[6.29862852 1.7419134  3.25769529 7.053772   9.70656907 2.7573619 ] -255.4080128101926
[6.29875283 1.74169644 3.25780818 7.05390088 9.70687262 2.75753205] -255.40801195862295
[6.2987262  1.74168725 3.25773348 7.05385727 9.70678002 2.75731553] -255.40802504290173
[6.29871041 1.74168829 3.25777016 7.05386793 9.70677479 2.75741694] -255.4080263976832
[6.29869467 1.74170451 3.25772743 7.0538567  9.70675934 2.75736462] -255.40805077457756
[6.2986356  1.7417398  3.25773407 7.0538394  9.70671395 2.757351  ] -255.40804517048593
[6.29857344 1.74184828 3.25767762 7.05377496 9.70656218 2.75726592] -255.4080336154035
[6.29858933 1.74170566 3.25765195 7.05383341 9.70667273 2.75716549] -255.40805385819678
[6.29865284 1.74169957 3.25761368 7.05382688 9.70672568 2.75725163] -255.40803447680995
[6.29862228 1.74173521 3.25769672 7.05381759 9.70666765 2.75724274] -255.4080088935253
[6.2985829  1.74176817 3.25762961 7.05380047 9.70663412 2.7571888 ] -255.4080523371818
[6.29860581 1.74181907 3.25768527 7.053779   9.70661356 2.75732453] -255.40802950652477
[6.29861988 1.74177353 3.25772616 7.05380478 9.70664531 2.75734646] -255.4080308306427
[6.29856194 1.74181314 3.25761906 7.05375431 9.7065426  2.75718274] -255.40801954708041
[6.2985144  1.74189123 3.25774125 7.05374264 9.70646984 2.75725915] -255.40802071280922
[6.29857411 1.74175683 3.25769852 7.05378379 9.70660258 2.7572426 ] -255.40803589722657
[6.29857361 1.74182542 3.25768285 7.05377717 9.70657228 2.75726009] -255.40799368915947
[6.29851226 1.74184888 3.25763554 7.05374476 9.70649509 2.75713328] -255.40799902214548
[6.29849514 1.74181328 3.25765986 7.05375914 9.70648736 2.75709146] -255.40799103251558
[6.29858013 1.74171513 3.25757674 7.05380098 9.70663691 2.75710094] -255.40802894670253
[6.29853083 1.74184721 3.25770012 7.05375723 9.70651161 2.7572196 ] -255.40804130451028
[6.29850675 1.74179822 3.25765991 7.05376853 9.70652132 2.7571307 ] -255.40800190330026
[6.29854599 1.74180429 3.2576714  7.05377754 9.70656378 2.75721502] -255.4080014703612
[6.29851531 1.74181602 3.25764775 7.05376134 9.70652519 2.75715161] -255.40798873973498
[6.29857032 1.74175919 3.25767834 7.05379776 9.70661147 2.75720634] -255.40800448006502
[6.29854015 1.74179815 3.25763951 7.05376611 9.70654894 2.75717635] -255.40798527133683
[6.29851638 1.7418372  3.2577006  7.05376028 9.70651256 2.75721455] -255.40801384738572
[6.29854925 1.74174915 3.25761835 7.05378945 9.7065961  2.75713544] -255.4080243544783
[6.2985246  1.74181519 3.25768004 7.05376757 9.70653345 2.75719477] -255.4080342888373
[6.29852926 1.74179066 3.25764973 7.05377202 9.70655211 2.75717315] -255.40801582821288
[6.29851684 1.74179959 3.25765385 7.05376963 9.70654023 2.75716078] -255.4080452368041
[6.29853218 1.74179373 3.25766568 7.05377773 9.70655953 2.75719248] -255.40803161544432
[6.29851256 1.74179069 3.25765993 7.05377322 9.7065383  2.75715032] -255.40802129386665
[6.29854434 1.74177118 3.25766915 7.05378784 9.70658337 2.75718815] -255.40802422030941
[6.29851737 1.74181018 3.25768028 7.0537691  9.70653392 2.75719225] -255.408006435652
[6.29853452 1.74178027 3.25767439 7.05378298 9.70656727 2.75719465] -255.40801241286616
[6.29851996 1.74178165 3.25766547 7.05377663 9.70655056 2.75716367] -255.40801350743953
[6.29849967 1.7418077  3.25766077 7.05376278 9.70651577 2.75715985] -255.4080180835859
[6.29852716 1.74179385 3.25767027 7.05377392 9.70655334 2.75720085] -255.4079975630499
[6.29854921 1.74177223 3.25767259 7.05378807 9.70658839 2.75720499] -255.40799915124867
[6.29852627 1.74178313 3.25769125 7.05378419 9.70656414 2.7572023 ] -255.40800619047118
[6.29853767 1.74179262 3.25768411 7.0537821  9.70657022 2.75722466] -255.4079966810436
[6.29852416 1.74179812 3.25767843 7.05377545 9.70655449 2.75720368] -255.4080021706336
[6.29854357 1.74176419 3.25767192 7.05379145 9.7065947  2.75720989] -255.40802263276552
[6.29852392 1.74179868 3.25767819 7.05377469 9.70654912 2.75719666] -255.40800954897023
[6.29852802 1.74178789 3.25767204 7.05378001 9.70656275 2.7571973 ] -255.40805019311102
[6.29852276 1.74178851 3.25766511 7.05377592 9.70655431 2.7571854 ] -255.4080137288754
[6.29853379 1.7417777  3.25766628 7.05378299 9.70657183 2.75718747] -255.40803924609543
[6.29852126 1.74179064 3.25766919 7.05377669 9.70655489 2.75718681] -255.40804379375558
[6.29852232 1.74178315 3.25767561 7.05378105 9.70655971 2.75718613] -255.40800293963918
[6.29851787 1.74179667 3.25767012 7.05377351 9.7065446  2.7571811 ] -255.40798872731057
[6.29851744 1.74178538 3.25766339 7.05377602 9.70655079 2.75716831] -255.40802883844742
[6.29852292 1.74178088 3.25766429 7.05377912 9.70655729 2.75717264] -255.40800866169744
[6.29850677 1.74179489 3.25766655 7.05377152 9.70653549 2.75716704] -255.4080403193896
[6.29852703 1.74178199 3.25766634 7.05378013 9.70656275 2.75718236] -255.40798579874001
[6.29852632 1.74178607 3.25767042 7.05377986 9.70656052 2.75719087] -255.40801159370275
[6.29852218 1.74178214 3.25767047 7.05378128 9.70655908 2.75717562] -255.40801595397346
[6.29852262 1.74178692 3.25766645 7.05377726 9.7065555  2.75718295] -255.40802326617074
[6.2985227  1.74178258 3.25766315 7.05377902 9.70655901 2.75717615] -255.4080247324379
[6.29851812 1.74178992 3.25766504 7.05377571 9.70654994 2.75717552] -255.40804435122124
[6.29852034 1.74178316 3.25766778 7.05377949 9.7065575  2.75717804] -255.40803314384536
[6.29852064 1.74178202 3.25766212 7.05377852 9.70655629 2.75717129] -255.40801297696854
[6.29852234 1.74178462 3.25766519 7.05377889 9.7065579  2.75718041] -255.4080512315865
[6.29852056 1.74178584 3.25766254 7.05377692 9.7065548  2.75717767] -255.40802685015214
[6.2985179  1.74178427 3.25766167 7.05377697 9.70655304 2.75716913] -255.40804600963784
[6.29851901 1.74178436 3.25766255 7.05377745 9.70655425 2.75717195] -255.40803308417156
[6.29852242 1.74177712 3.257661   7.05378072 9.70656243 2.75717283] -255.4080265100451
[6.29852089 1.74178187 3.25765599 7.05377737 9.70655652 2.75716858] -255.40799874970662
[6.29852285 1.74177984 3.25765903 7.05377937 9.70656053 2.75717354] -255.40801625528422
[6.29852206 1.74177636 3.25765788 7.05378072 9.70656189 2.75716644] -255.4080403734652
[6.29852094 1.74178347 3.25766137 7.05377787 9.70655657 2.75717486] -255.4080187645647
[6.2985197  1.7417872  3.25765955 7.05377597 9.7065523  2.75717196] -255.4079932609174
[6.29851843 1.74178328 3.25765619 7.05377665 9.70655348 2.75716724] -255.4079994748755
[6.29851936 1.74178232 3.25765624 7.05377739 9.7065549  2.75716599] -255.4080373349862
[6.29852054 1.74178318 3.25766009 7.05377775 9.70655615 2.75717265] -255.4079919972856
[6.29851668 1.74178707 3.25765893 7.05377535 9.70654948 2.75716702] -255.40801559798965
[6.29851822 1.74178526 3.25765896 7.05377636 9.70655224 2.75716865] -255.4080370550625
[6.29851945 1.74178317 3.25766002 7.05377784 9.70655572 2.7571713 ] -255.40801811480725
[6.29851903 1.74178518 3.25765975 7.05377694 9.70655379 2.75717096] -255.4080251389463
[6.29851963 1.74178252 3.25765797 7.05377764 9.7065559  2.75716926] -255.40799831954513
[6.2985184  1.74178322 3.25765807 7.05377728 9.70655438 2.75716859] -255.40799167003433
[6.2985195  1.74178259 3.25766104 7.05377822 9.70655578 2.75717062] -255.4080403643533
[6.29852061 1.7417815  3.2576595  7.05377865 9.7065579  2.75717174] -255.40800234829476
[6.29851899 1.74178366 3.25765739 7.0537772  9.70655521 2.75716998] -255.40801793622643
[6.29851945 1.74178057 3.25765788 7.05377857 9.70655767 2.75716932] -255.40799522350696
[6.29851903 1.7417817  3.2576569  7.05377792 9.7065564  2.75716832] -255.40798909028138
[6.2985195  1.74178057 3.25765938 7.05377879 9.70655731 2.75716908] -255.40802462301173
[6.29851912 1.74178289 3.25765788 7.0537776  9.70655573 2.75716976] -255.40801888675935
[6.29851869 1.74178243 3.25765843 7.05377792 9.70655584 2.75716913] -255.40800803034267
[6.29851838 1.74178319 3.25765902 7.0537776  9.70655483 2.75716927] -255.40801291883764
[6.29851891 1.74178187 3.25765892 7.05377824 9.70655648 2.75716963] -255.40802549179097
[6.298519   1.74178284 3.25765897 7.05377778 9.70655559 2.75716961] -255.40799416717076
[6.29851949 1.74178233 3.25765973 7.05377828 9.70655659 2.75717085] -255.40801705955428
[6.29851868 1.74178341 3.25765867 7.05377756 9.70655524 2.75716996] -255.4079841538179
[6.29851863 1.74178393 3.25765933 7.05377745 9.70655465 2.75716996] -255.4080416360165
[6.29851884 1.74178238 3.25765902 7.05377804 9.70655602 2.75716971] -255.40801353145295
[6.29851783 1.74178348 3.25765829 7.05377733 9.70655434 2.75716837] -255.40799931475863
[6.29851815 1.74178379 3.25765875 7.05377733 9.70655436 2.75716905] -255.40799803063726
[6.29851852 1.74178318 3.25765867 7.05377768 9.70655539 2.75716942] -255.4079998361908
[6.29851815 1.74178419 3.25765934 7.05377728 9.70655423 2.75716965] -255.40802369386205
[6.29851856 1.74178287 3.25765866 7.05377776 9.70655544 2.75716926] -255.4080037487577
[6.29851829 1.74178375 3.25765912 7.05377744 9.70655463 2.75716952] -255.40800959978537
[6.29851849 1.74178309 3.25765877 7.05377768 9.70655524 2.75716933] -255.40799447876867
[6.29851831 1.74178341 3.25765913 7.05377752 9.70655463 2.75716934] -255.40802642908085
[6.29851847 1.74178324 3.25765879 7.05377764 9.7065552  2.7571694 ] -255.40802755712508
[6.29851852 1.74178329 3.25765931 7.05377774 9.70655526 2.75716996] -255.40801172600453
[6.29851868 1.741783   3.25765946 7.05377785 9.70655544 2.75716978] -255.40802551545855
[6.29851843 1.74178313 3.25765937 7.0537778  9.70655526 2.75716964] -255.40799476750777
[6.29851826 1.74178348 3.25765936 7.05377762 9.70655482 2.7571695 ] -255.4080223632511
[6.2985181  1.74178332 3.25765913 7.05377762 9.70655481 2.75716916] -255.40802959443067
[6.29851844 1.74178317 3.25765932 7.0537778  9.70655534 2.75716968] -255.40799703521935
[6.2985188  1.74178309 3.2576598  7.05377795 9.70655565 2.75717034] -255.40803186759925
[6.29851827 1.74178326 3.25765929 7.05377771 9.70655502 2.75716945] -255.40803445014248
[6.2985184  1.74178315 3.25765966 7.05377786 9.70655527 2.75716979] -255.40802772101998
[6.2985184  1.74178317 3.25765964 7.05377786 9.70655531 2.75716981] -255.40801504838564
[6.29851844 1.74178323 3.25765964 7.05377783 9.70655527 2.75716995] -255.408019376803
[6.29851831 1.74178332 3.25765966 7.05377777 9.70655505 2.75716972] -255.40800595741484
[6.29851852 1.74178308 3.25765971 7.05377788 9.70655536 2.75716986] -255.40801283250275
[6.29851823 1.74178324 3.25765954 7.05377777 9.70655505 2.75716955] -255.40801887041283
[6.29851836 1.74178326 3.25765972 7.05377782 9.70655517 2.75716982] -255.408005665633
[6.29851829 1.74178319 3.25765977 7.05377784 9.70655513 2.75716962] -255.40803567385402
[6.2985184  1.74178322 3.25765967 7.05377783 9.70655524 2.75716987] -255.4080125507216
[6.29851856 1.74178316 3.25765991 7.05377792 9.70655542 2.75717013] -255.40802220171793
[6.29851831 1.74178322 3.25765963 7.05377781 9.70655514 2.7571697 ] -255.4079832158102
[6.29851835 1.74178325 3.25765981 7.05377782 9.7065551  2.75716983] -255.40802250251997
[6.29851839 1.74178319 3.25765968 7.05377785 9.70655526 2.75716982] -255.40799154027926
[6.29851819 1.74178337 3.25765973 7.05377778 9.70655502 2.75716976] -255.40803125239495
[6.29851844 1.74178316 3.25765971 7.05377786 9.70655527 2.75716984] -255.40802846160295
[6.29851834 1.74178319 3.2576598  7.05377786 9.70655521 2.75716982] -255.40799838321726
[6.29851838 1.74178318 3.25765982 7.05377788 9.70655527 2.75716988] -255.4080226688618
[6.29851836 1.74178321 3.25765984 7.05377787 9.70655522 2.75716989] -255.40801888790287
[6.29851834 1.74178324 3.25765981 7.05377785 9.70655517 2.75716983] -255.40801428948197
[6.29851838 1.74178319 3.25765981 7.05377788 9.70655526 2.75716991] -255.40801248135145
[6.29851844 1.74178312 3.25765983 7.0537779  9.70655532 2.7571699 ] -255.40801036813983
[6.29851837 1.7417832  3.25765986 7.05377787 9.70655522 2.75716989] -255.40801150425216
[6.29851838 1.74178316 3.25765985 7.05377789 9.70655526 2.75716988] -255.4080188587679
[6.29851838 1.74178317 3.25765985 7.05377789 9.70655525 2.75716988] -255.40802287191246
[6.29851835 1.74178318 3.25765988 7.05377789 9.70655525 2.75716988] -255.40798799119324
[6.2985184  1.74178314 3.2576599  7.05377791 9.7065553  2.75716993] -255.4080204641058
[6.29851837 1.74178318 3.25765991 7.0537779  9.70655525 2.75716992] -255.40798790065782
[6.29851837 1.74178318 3.25765989 7.0537779  9.70655527 2.75716993] -255.4080036264242
[6.29851835 1.7417832  3.25765988 7.05377788 9.70655522 2.75716989] -255.4079979779216
[6.29851836 1.74178319 3.2576599  7.05377789 9.70655525 2.75716992] -255.4080365501613
[6.29851837 1.74178316 3.25765991 7.05377791 9.70655527 2.75716991] -255.40798948988845
[6.29851832 1.74178321 3.25765991 7.05377789 9.70655521 2.7571699 ] -255.40802953024448
[6.29851838 1.74178316 3.2576599  7.05377791 9.70655528 2.75716992] -255.4079923361883
[6.29851836 1.74178317 3.25765992 7.0537779  9.70655525 2.7571699 ] -255.4080343553331
[6.29851837 1.74178318 3.2576599  7.0537779  9.70655526 2.75716992] -255.40798401434623
[6.29851838 1.74178314 3.25765993 7.05377792 9.70655531 2.75716994] -255.40800050592722
[6.29851836 1.74178319 3.2576599  7.05377789 9.70655524 2.7571699 ] -255.40799416119518
[6.29851838 1.74178315 3.25765992 7.05377791 9.70655529 2.75716993] -255.40803955986019
[6.29851836 1.74178318 3.2576599  7.0537779  9.70655525 2.75716991] -255.40802194091106
[6.29851837 1.74178317 3.25765993 7.05377791 9.70655527 2.75716993] -255.40802294889116
[6.29851836 1.74178317 3.25765993 7.05377791 9.70655527 2.75716993] -255.4080112014079
[6.29851836 1.74178317 3.25765992 7.05377791 9.70655526 2.75716992] -255.4080131468912
[6.29851837 1.74178316 3.25765993 7.05377791 9.70655528 2.75716993] -255.40800570030805
[6.29851837 1.74178316 3.25765993 7.05377791 9.70655528 2.75716993] -255.4080314857025
[6.29851836 1.74178318 3.25765993 7.05377791 9.70655526 2.75716993] -255.4080151270223
[6.29851835 1.74178318 3.25765994 7.05377791 9.70655526 2.75716993] -255.40795512350277
[6.29851836 1.74178317 3.25765994 7.05377791 9.70655526 2.75716993] -255.40798842101717
[6.29851836 1.74178316 3.25765995 7.05377792 9.70655527 2.75716993] -255.40803396037236
[6.29851836 1.74178317 3.25765993 7.05377791 9.70655527 2.75716993] -255.40802515218627
[6.29851836 1.74178317 3.25765995 7.05377791 9.70655527 2.75716994] -255.40801482839916
[6.29851836 1.74178317 3.25765995 7.05377792 9.70655527 2.75716994] -255.40801585483013
[6.29851837 1.74178316 3.25765994 7.05377792 9.70655528 2.75716994] -255.4080247691324
[6.29851836 1.74178317 3.25765995 7.05377791 9.70655527 2.75716994] -255.4080357162356
[6.29851836 1.74178317 3.25765994 7.05377791 9.70655527 2.75716993] -255.40799503772303
[6.29851836 1.74178317 3.25765994 7.05377791 9.70655527 2.75716994] -255.4080062805218
[6.29851836 1.74178317 3.25765995 7.05377792 9.70655528 2.75716994] -255.40801701084055
[6.29851836 1.74178317 3.25765995 7.05377791 9.70655527 2.75716994] -255.4080046188187
[6.29851836 1.74178317 3.25765995 7.05377791 9.70655527 2.75716994] -255.40802073133045
[6.29851836 1.74178317 3.25765995 7.05377792 9.70655527 2.75716994] -255.40801530762985
[6.29851836 1.74178317 3.25765994 7.05377791 9.70655527 2.75716994] -255.40798042787821
[6.29851836 1.74178317 3.25765995 7.05377791 9.70655527 2.75716994] -255.40799340102217
[6.29851836 1.74178317 3.25765995 7.05377792 9.70655528 2.75716994] -255.40799619631613
[6.29851836 1.74178317 3.25765995 7.05377792 9.70655528 2.75716994] -255.40802014267894
[6.29851836 1.74178317 3.25765994 7.05377791 9.70655527 2.75716994] -255.40803628544148
[6.29851836 1.74178317 3.25765995 7.05377792 9.70655528 2.75716994] -255.4080030684334
[6.29851836 1.74178317 3.25765995 7.05377792 9.70655528 2.75716994] -255.40799907601556
[6.29851836 1.74178317 3.25765995 7.05377792 9.70655528 2.75716994] -255.40800785688367
[6.29851836 1.74178317 3.25765995 7.05377792 9.70655528 2.75716994] -255.40802013077342
[6.29851836 1.74178317 3.25765995 7.05377792 9.70655528 2.75716994] -255.40798817694312
[6.29851836 1.74178317 3.25765995 7.05377792 9.70655528 2.75716994] -255.40803181442783
[6.29851836 1.74178317 3.25765995 7.05377792 9.70655528 2.75716994] -255.40802248644104
[6.29851836 1.74178317 3.25765995 7.05377792 9.70655528 2.75716994] -255.40802006293654
[6.29851836 1.74178317 3.25765995 7.05377792 9.70655528 2.75716994] -255.4080455097157
[6.29851836 1.74178317 3.25765995 7.05377792 9.70655528 2.75716994] -255.40799422320413
[6.29851836 1.74178317 3.25765995 7.05377792 9.70655528 2.75716994] -255.40800918709854
[6.29851836 1.74178317 3.25765995 7.05377792 9.70655528 2.75716994] -255.40802715950127
[6.29851836 1.74178317 3.25765996 7.05377792 9.70655528 2.75716994] -255.4079993820476
[6.29851836 1.74178317 3.25765995 7.05377792 9.70655528 2.75716995] -255.40799238346582
[6.29851836 1.74178317 3.25765995 7.05377792 9.70655528 2.75716995] -255.40798624340886
[6.29851836 1.74178317 3.25765995 7.05377792 9.70655528 2.75716995] -255.4080168905802
[6.29851836 1.74178317 3.25765995 7.05377792 9.70655528 2.75716994] -255.40802688393177
[6.29851836 1.74178317 3.25765996 7.05377792 9.70655528 2.75716995] -255.40801396198054
[6.29851836 1.74178317 3.25765996 7.05377792 9.70655528 2.75716995] -255.40801567460835
[6.29851836 1.74178317 3.25765996 7.05377792 9.70655528 2.75716995] -255.40803171955102
[6.29851836 1.74178317 3.25765996 7.05377792 9.70655528 2.75716995] -255.4080147523498
[6.29851836 1.74178317 3.25765995 7.05377792 9.70655528 2.75716994] -255.40801705254955
[6.29851836 1.74178317 3.25765996 7.05377792 9.70655528 2.75716995] -255.40801151571438
[6.29851836 1.74178317 3.25765996 7.05377792 9.70655528 2.75716995] -255.408017927193
[6.29851836 1.74178317 3.25765996 7.05377792 9.70655528 2.75716995] -255.4080001258953
[6.29851836 1.74178317 3.25765996 7.05377792 9.70655528 2.75716995] -255.40800673030708
[6.29851836 1.74178317 3.25765995 7.05377792 9.70655528 2.75716994] -255.4080260778311
[6.29851836 1.74178317 3.25765996 7.05377792 9.70655528 2.75716995] -255.40801337177942
[6.29851836 1.74178317 3.25765996 7.05377792 9.70655528 2.75716995] -255.40802588971707
[6.29851836 1.74178317 3.25765996 7.05377792 9.70655528 2.75716995] -255.4079986029443
[6.29851836 1.74178317 3.25765996 7.05377792 9.70655528 2.75716995] -255.40798657530274
[6.29851836 1.74178317 3.25765996 7.05377792 9.70655528 2.75716995] -255.4079837969695
[6.29851836 1.74178317 3.25765996 7.05377792 9.70655528 2.75716995] -255.4080059225765
[6.29851836 1.74178317 3.25765996 7.05377792 9.70655528 2.75716995] -255.40801030512637
[6.29851836 1.74178317 3.25765996 7.05377792 9.70655528 2.75716995] -255.40801987971145
[6.29851836 1.74178317 3.25765996 7.05377792 9.70655528 2.75716995] -255.4080013482815
[6.29851836 1.74178317 3.25765996 7.05377792 9.70655528 2.75716995] -255.40801863459876
[6.29851836 1.74178317 3.25765996 7.05377792 9.70655528 2.75716995] -255.40803428613137
[6.29851836 1.74178317 3.25765996 7.05377792 9.70655528 2.75716995] -255.40799487942135
[6.29851836 1.74178317 3.25765996 7.05377792 9.70655528 2.75716995] -255.40803413580733
[6.29851836 1.74178317 3.25765996 7.05377792 9.70655528 2.75716995] -255.40801615551706
[6.29851836 1.74178317 3.25765996 7.05377792 9.70655528 2.75716995] -255.40801326284094
[6.29851836 1.74178317 3.25765996 7.05377792 9.70655528 2.75716995] -255.4080282724989
[6.29851836 1.74178317 3.25765996 7.05377792 9.70655528 2.75716995] -255.40803802516237
[6.29851836 1.74178317 3.25765996 7.05377792 9.70655528 2.75716995] -255.4080138816967
[6.29851836 1.74178317 3.25765996 7.05377792 9.70655528 2.75716995] -255.4080048225313
[6.29851836 1.74178317 3.25765996 7.05377792 9.70655528 2.75716995] -255.40800354860875
[6.29851836 1.74178317 3.25765996 7.05377792 9.70655528 2.75716995] -255.40801598257448
[6.29851836 1.74178317 3.25765996 7.05377792 9.70655528 2.75716995] -255.40801584140087
[6.29851836 1.74178317 3.25765996 7.05377792 9.70655528 2.75716995] -255.40800838870268
[6.29851836 1.74178317 3.25765996 7.05377792 9.70655528 2.75716995] -255.40804125184897
[6.29851836 1.74178317 3.25765996 7.05377792 9.70655528 2.75716995] -255.40800677526778
[6.29851836 1.74178317 3.25765996 7.05377792 9.70655528 2.75716995] -255.4080092631607
[6.29851836 1.74178317 3.25765996 7.05377792 9.70655528 2.75716995] -255.40801569767072
[6.29851836 1.74178317 3.25765996 7.05377792 9.70655528 2.75716995] -255.40802462070934
[6.29851836 1.74178317 3.25765996 7.05377792 9.70655528 2.75716995] -255.40803127329724
[6.29851836 1.74178317 3.25765996 7.05377792 9.70655528 2.75716995] -255.40803086114113
[6.29851836 1.74178317 3.25765996 7.05377792 9.70655528 2.75716995] -255.40801121587234
[6.29851836 1.74178317 3.25765996 7.05377792 9.70655528 2.75716995] -255.40798510620937
[6.29851836 1.74178317 3.25765996 7.05377792 9.70655528 2.75716995] -255.40798832846252
[6.29851836 1.74178317 3.25765996 7.05377792 9.70655528 2.75716995] -255.40803778921548
[6.29851836 1.74178317 3.25765996 7.05377792 9.70655528 2.75716995] -255.40799095841842
[6.29851836 1.74178317 3.25765996 7.05377792 9.70655528 2.75716995] -255.40801177002635
[6.29851836 1.74178317 3.25765996 7.05377792 9.70655528 2.75716995] -255.40804383944365
[6.29851836 1.74178317 3.25765996 7.05377792 9.70655528 2.75716995] -255.40804702508416
[6.29851836 1.74178317 3.25765996 7.05377792 9.70655528 2.75716995] -255.40801866425736
[6.29851836 1.74178317 3.25765996 7.05377792 9.70655528 2.75716995] -255.40798134173065
[6.29851836 1.74178317 3.25765996 7.05377792 9.70655528 2.75716995] -255.40801235578584
[6.29851836 1.74178317 3.25765996 7.05377792 9.70655528 2.75716995] -255.40800431925075
[6.29851836 1.74178317 3.25765996 7.05377792 9.70655528 2.75716995] -255.40802346020888
[6.29851836 1.74178317 3.25765996 7.05377792 9.70655528 2.75716995] -255.40799030021742
[6.29851836 1.74178317 3.25765996 7.05377792 9.70655528 2.75716995] -255.40798939833763
[6.29851836 1.74178317 3.25765996 7.05377792 9.70655528 2.75716995] -255.40800688572523
[6.29851836 1.74178317 3.25765996 7.05377792 9.70655528 2.75716995] -255.40799380465026
[6.29851836 1.74178317 3.25765996 7.05377792 9.70655528 2.75716995] -255.40803800045109
[6.29851836 1.74178317 3.25765996 7.05377792 9.70655528 2.75716995] -255.4080231168768
[6.29851836 1.74178317 3.25765996 7.05377792 9.70655528 2.75716995] -255.40803148428049
[6.29851836 1.74178317 3.25765996 7.05377792 9.70655528 2.75716995] -255.40802298008003
[6.29851836 1.74178317 3.25765996 7.05377792 9.70655528 2.75716995] -255.408034956925
[6.29851836 1.74178317 3.25765996 7.05377792 9.70655528 2.75716995] -255.40801013930184
[6.29851836 1.74178317 3.25765996 7.05377792 9.70655528 2.75716995] -255.40801834902547
[6.29851836 1.74178317 3.25765996 7.05377792 9.70655528 2.75716995] -255.40802395363056
[6.29851836 1.74178317 3.25765996 7.05377792 9.70655528 2.75716995] -255.4080319814166
[6.29851836 1.74178317 3.25765996 7.05377792 9.70655528 2.75716995] -255.4080452127427
[6.29851836 1.74178317 3.25765996 7.05377792 9.70655528 2.75716995] -255.40802671911032
[6.29851836 1.74178317 3.25765996 7.05377792 9.70655528 2.75716995] -255.4080198617472
[6.29851836 1.74178317 3.25765996 7.05377792 9.70655528 2.75716995] -255.40801954343743
[6.29851836 1.74178317 3.25765996 7.05377792 9.70655528 2.75716995] -255.4080355917475
[6.29851836 1.74178317 3.25765996 7.05377792 9.70655528 2.75716995] -255.40804039082508
[6.29851836 1.74178317 3.25765996 7.05377792 9.70655528 2.75716995] -255.40799982021076
[6.29851836 1.74178317 3.25765996 7.05377792 9.70655528 2.75716995] -255.40803132010188
[6.29851836 1.74178317 3.25765996 7.05377792 9.70655528 2.75716995] -255.40802888115573
[6.29851836 1.74178317 3.25765996 7.05377792 9.70655528 2.75716995] -255.40802550986973
[6.29851836 1.74178317 3.25765996 7.05377792 9.70655528 2.75716995] -255.40801415568967
[6.29851836 1.74178317 3.25765996 7.05377792 9.70655528 2.75716995] -255.40802237703272
[6.29851836 1.74178317 3.25765996 7.05377792 9.70655528 2.75716995] -255.40802963908246
[6.29851836 1.74178317 3.25765996 7.05377792 9.70655528 2.75716995] -255.4079861481955
[6.29851836 1.74178317 3.25765996 7.05377792 9.70655528 2.75716995] -255.40804361301107
[6.29851836 1.74178317 3.25765996 7.05377792 9.70655528 2.75716995] -255.40798898994643
[6.29851836 1.74178317 3.25765996 7.05377792 9.70655528 2.75716995] -255.40800746068115
[6.29851836 1.74178317 3.25765996 7.05377792 9.70655528 2.75716995] -255.40799644339603
[6.29851836 1.74178317 3.25765996 7.05377792 9.70655528 2.75716995] -255.4080073887636
[6.29851836 1.74178317 3.25765996 7.05377792 9.70655528 2.75716995] -255.40801825483626
[6.29851836 1.74178317 3.25765996 7.05377792 9.70655528 2.75716995] -255.4080382889428
[6.29851836 1.74178317 3.25765996 7.05377792 9.70655528 2.75716995] -255.4079887243792
[6.29851836 1.74178317 3.25765996 7.05377792 9.70655528 2.75716995] -255.4080265974911
[6.29851836 1.74178317 3.25765996 7.05377792 9.70655528 2.75716995] -255.40804344681516
[6.29851836 1.74178317 3.25765996 7.05377792 9.70655528 2.75716995] -255.4079944546477
[6.29851836 1.74178317 3.25765996 7.05377792 9.70655528 2.75716995] -255.40801100214992
[6.29851836 1.74178317 3.25765996 7.05377792 9.70655528 2.75716995] -255.40803389193223
[6.29851836 1.74178317 3.25765996 7.05377792 9.70655528 2.75716995] -255.40799831733685
[6.29851836 1.74178317 3.25765996 7.05377792 9.70655528 2.75716995] -255.4080133382627
[6.29851836 1.74178317 3.25765996 7.05377792 9.70655528 2.75716995] -255.40804432182944
[6.29851836 1.74178317 3.25765996 7.05377792 9.70655528 2.75716995] -255.408032830434
[6.29851836 1.74178317 3.25765996 7.05377792 9.70655528 2.75716995] -255.4080069663027
[6.29851836 1.74178317 3.25765996 7.05377792 9.70655528 2.75716995] -255.40798721134078
[6.29851836 1.74178317 3.25765996 7.05377792 9.70655528 2.75716995] -255.40801997257051
[6.29851836 1.74178317 3.25765996 7.05377792 9.70655528 2.75716995] -255.40799569005765
[6.29851836 1.74178317 3.25765996 7.05377792 9.70655528 2.75716995] -255.40799037613198
[6.29851836 1.74178317 3.25765996 7.05377792 9.70655528 2.75716995] -255.40799621589014
[6.29851836 1.74178317 3.25765996 7.05377792 9.70655528 2.75716995] -255.40801266749673
[6.29851836 1.74178317 3.25765996 7.05377792 9.70655528 2.75716995] -255.40799328831065
[6.29851836 1.74178317 3.25765996 7.05377792 9.70655528 2.75716995] -255.4079912008568
[6.29851836 1.74178317 3.25765996 7.05377792 9.70655528 2.75716995] -255.4080123632071
[6.29851836 1.74178317 3.25765996 7.05377792 9.70655528 2.75716995] -255.40804294682096
[6.29851836 1.74178317 3.25765996 7.05377792 9.70655528 2.75716995] -255.40798147530725
[6.29851836 1.74178317 3.25765996 7.05377792 9.70655528 2.75716995] -255.40800996943824
[6.29851836 1.74178317 3.25765996 7.05377792 9.70655528 2.75716995] -255.4080289614781
[6.29851836 1.74178317 3.25765996 7.05377792 9.70655528 2.75716995] -255.40802803751168
[6.29851836 1.74178317 3.25765996 7.05377792 9.70655528 2.75716995] -255.4080028496377
[6.29851836 1.74178317 3.25765996 7.05377792 9.70655528 2.75716995] -255.40802896027134
[6.29851836 1.74178317 3.25765996 7.05377792 9.70655528 2.75716995] -255.40802761522414
[6.29851836 1.74178317 3.25765996 7.05377792 9.70655528 2.75716995] -255.40799390525117
[6.29851836 1.74178317 3.25765996 7.05377792 9.70655528 2.75716995] -255.40799779901042
[6.29851836 1.74178317 3.25765996 7.05377792 9.70655528 2.75716995] -255.40799143899883
[6.29851836 1.74178317 3.25765996 7.05377792 9.70655528 2.75716995] -255.408001467825
[6.29851836 1.74178317 3.25765996 7.05377792 9.70655528 2.75716995] -255.40799157206524
[6.29851836 1.74178317 3.25765996 7.05377792 9.70655528 2.75716995] -255.40802110067034
[6.29851836 1.74178317 3.25765996 7.05377792 9.70655528 2.75716995] -255.40802203749928
[6.29851836 1.74178317 3.25765996 7.05377792 9.70655528 2.75716995] -255.4080344915755
[6.29851836 1.74178317 3.25765996 7.05377792 9.70655528 2.75716995] -255.40800692393003
[6.29851836 1.74178317 3.25765996 7.05377792 9.70655528 2.75716995] -255.40801514501916
[6.29851836 1.74178317 3.25765996 7.05377792 9.70655528 2.75716995] -255.4080289582391
[6.29851836 1.74178317 3.25765996 7.05377792 9.70655528 2.75716995] -255.40800774845252
[6.29851836 1.74178317 3.25765996 7.05377792 9.70655528 2.75716995] -255.40800280023876
[6.29851836 1.74178317 3.25765996 7.05377792 9.70655528 2.75716995] -255.40798262992604
[6.29851836 1.74178317 3.25765996 7.05377792 9.70655528 2.75716995] -255.40800692553228
[6.29851836 1.74178317 3.25765996 7.05377792 9.70655528 2.75716995] -255.40804447441406
[6.29851836 1.74178317 3.25765996 7.05377792 9.70655528 2.75716995] -255.4079924817782
[6.29851836 1.74178317 3.25765996 7.05377792 9.70655528 2.75716995] -255.4080401377526
[6.29851836 1.74178317 3.25765996 7.05377792 9.70655528 2.75716995] -255.40799301613765
[6.29851836 1.74178317 3.25765996 7.05377792 9.70655528 2.75716995] -255.4080100825861
[6.29851836 1.74178317 3.25765996 7.05377792 9.70655528 2.75716995] -255.40799026590537
[6.29851836 1.74178317 3.25765996 7.05377792 9.70655528 2.75716995] -255.40802351788653
[6.29851836 1.74178317 3.25765996 7.05377792 9.70655528 2.75716995] -255.40801899304
[6.29851836 1.74178317 3.25765996 7.05377792 9.70655528 2.75716995] -255.40804325660886
[6.29851836 1.74178317 3.25765996 7.05377792 9.70655528 2.75716995] -255.40802351834594
[6.29851836 1.74178317 3.25765996 7.05377792 9.70655528 2.75716995] -255.40788836492356
[6.29851836 1.74178317 3.25765996 7.05377792 9.70655528 2.75716995] -255.40799760570312
[6.29851836 1.74178317 3.25765996 7.05377792 9.70655528 2.75716995] -255.4078883636383
[6.29851836 1.74178317 3.25765996 7.05377792 9.70655528 2.75716995] -255.40803114976978
[6.29851836 1.74178317 3.25765996 7.05377792 9.70655528 2.75716995] -255.40801132427674
[6.29851836 1.74178317 3.25765996 7.05377792 9.70655528 2.75716995] -255.40804326180603
[6.29851836 1.74178317 3.25765996 7.05377792 9.70655528 2.75716995] -255.40788836487354
[6.29851836 1.74178317 3.25765996 7.05377792 9.70655528 2.75716995] -255.40801027651685
[6.29851836 1.74178317 3.25765996 7.05377792 9.70655528 2.75716995] -255.40804325938467
[6.29851836 1.74178317 3.25765996 7.05377792 9.70655528 2.75716995] -255.40788836357405
[6.29851836 1.74178317 3.25765996 7.05377792 9.70655528 2.75716995] -255.40802351826122
[6.29851836 1.74178317 3.25765996 7.05377792 9.70655528 2.75716995] -255.40801027778673
[6.29851836 1.74178317 3.25765996 7.05377792 9.70655528 2.75716995] -255.408043262935
[6.29851836 1.74178317 3.25765996 7.05377792 9.70655528 2.75716995] -255.4080432607585
[6.29851836 1.74178317 3.25765996 7.05377792 9.70655528 2.75716995] -255.40804325940613
[6.29851836 1.74178317 3.25765996 7.05377792 9.70655528 2.75716995] -255.4080432617492
[6.29851836 1.74178317 3.25765996 7.05377792 9.70655528 2.75716995] -255.40804326412888
[6.29851836 1.74178317 3.25765996 7.05377792 9.70655528 2.75716995] -255.4080432639415
[6.29851836 1.74178317 3.25765996 7.05377792 9.70655528 2.75716995] -255.4080074782566
[6.29851836 1.74178317 3.25765996 7.05377792 9.70655528 2.75716995] -255.40800747846848
[6.29851836 1.74178317 3.25765996 7.05377792 9.70655528 2.75716995] -255.4080074762192
[6.29851836 1.74178317 3.25765996 7.05377792 9.70655528 2.75716995] -255.40782579726118
[6.29851836 1.74178317 3.25765996 7.05377792 9.70655528 2.75716995] -255.40804013899017
[6.29851836 1.74178317 3.25765996 7.05377792 9.70655528 2.75716995] -255.40803922877086
[6.29851836 1.74178317 3.25765996 7.05377792 9.70655528 2.75716995] -255.4079960635515
[6.29851836 1.74178317 3.25765996 7.05377792 9.70655528 2.75716995] -255.40800747822212
[6.29851836 1.74178317 3.25765996 7.05377792 9.70655528 2.75716995] -255.40799606576957
[6.29851836 1.74178317 3.25765996 7.05377792 9.70655528 2.75716995] -255.40799633540695
[6.29851836 1.74178317 3.25765996 7.05377792 9.70655528 2.75716995] -255.4079960660003
[6.29851836 1.74178317 3.25765996 7.05377792 9.70655528 2.75716995] -255.40799606356273
[6.29851836 1.74178317 3.25765996 7.05377792 9.70655528 2.75716995] -255.40799606492746
[6.29851836 1.74178317 3.25765996 7.05377792 9.70655528 2.75716995] -255.4080401376594
[6.29851836 1.74178317 3.25765996 7.05377792 9.70655528 2.75716995] -255.4079960635569
[6.29851836 1.74178317 3.25765996 7.05377792 9.70655528 2.75716995] -255.4079961018707
[6.29851836 1.74178317 3.25765996 7.05377792 9.70655528 2.75716995] -255.40799606492044
[6.29851836 1.74178317 3.25765996 7.05377792 9.70655528 2.75716995] -255.40799633540695
[6.29851836 1.74178317 3.25765996 7.05377792 9.70655528 2.75716995] -255.40799606427655
[6.29851836 1.74178317 3.25765996 7.05377792 9.70655528 2.75716995] -255.4080392287759
[6.29851836 1.74178317 3.25765996 7.05377792 9.70655528 2.75716995] -255.4079960638037
[6.29851836 1.74178317 3.25765996 7.05377792 9.70655528 2.75716995] -255.40799633373769
[6.29851836 1.74178317 3.25765996 7.05377792 9.70655528 2.75716995] -255.40799606379116
[6.29851836 1.74178317 3.25765996 7.05377792 9.70655528 2.75716995] -255.40799606354568
[6.29851836 1.74178317 3.25765996 7.05377792 9.70655528 2.75716995] -255.40799633373945
[6.29851836 1.74178317 3.25765996 7.05377792 9.70655528 2.75716995] -255.4079960637739
[6.29851836 1.74178317 3.25765996 7.05377792 9.70655528 2.75716995] -255.4079960635566
[6.29851836 1.74178317 3.25765996 7.05377792 9.70655528 2.75716995] -255.40800747845242
[6.29851836 1.74178317 3.25765996 7.05377792 9.70655528 2.75716995] -255.4079960635509
[6.29851836 1.74178317 3.25765996 7.05377792 9.70655528 2.75716995] -255.40782579656474
[6.29851836 1.74178317 3.25765996 7.05377792 9.70655528 2.75716995] -255.4078257965645
[6.29851836 1.74178317 3.25765996 7.05377792 9.70655528 2.75716995] -255.40782579677906
[6.29851836 1.74178317 3.25765996 7.05377792 9.70655528 2.75716995] -255.4078257965633
[6.29851836 1.74178317 3.25765996 7.05377792 9.70655528 2.75716995] -255.40804326172332
[6.29851836 1.74178317 3.25765996 7.05377792 9.70655528 2.75716995] -255.40804326174785
[6.29851836 1.74178317 3.25765996 7.05377792 9.70655528 2.75716995] -255.40803922655635
[6.29851836 1.74178317 3.25765996 7.05377792 9.70655528 2.75716995] -255.4078257965586
[6.29851836 1.74178317 3.25765996 7.05377792 9.70655528 2.75716995] -255.40782579656153
[6.29851836 1.74178317 3.25765996 7.05377792 9.70655528 2.75716995] -255.4078257965832
[6.29851836 1.74178317 3.25765996 7.05377792 9.70655528 2.75716995] -255.40782579901963
[6.29851836 1.74178317 3.25765996 7.05377792 9.70655528 2.75716995] -255.40804013542817
[6.29851836 1.74178317 3.25765996 7.05377792 9.70655528 2.75716995] -255.4080392265568
[6.29851836 1.74178317 3.25765996 7.05377792 9.70655528 2.75716995] -255.4080074762167
[6.29851836 1.74178317 3.25765996 7.05377792 9.70655528 2.75716995] -255.40800747600818
[6.29851836 1.74178317 3.25765996 7.05377792 9.70655528 2.75716995] -255.40782579655738
[6.29851836 1.74178317 3.25765996 7.05377792 9.70655528 2.75716995] -255.40782579902054
[6.29851836 1.74178317 3.25765996 7.05377792 9.70655528 2.75716995] -255.40804013543314
[6.29851836 1.74178317 3.25765996 7.05377792 9.70655528 2.75716995] -255.40800747600585
[6.29851836 1.74178317 3.25765996 7.05377792 9.70655528 2.75716995] -255.40782579655868
