[-0.48254369  0.82747412 -0.84324576  0.50140745 -0.76852468 -0.97726876] -313.06658052516894
[-1.41770469 -0.2831414   0.04655675  1.33424192 -0.23258175  0.62955935] -318.4790858982657
[ 0.83946749  0.73088984 -1.83548241 -0.07105931  0.82980068  1.39331775] -268.19554398286795
[-1.56682443 -1.55494518  1.05339056  0.59008958  0.94325425  0.34128449] -294.66448493497376
[ 0.39808451 -0.08693134 -0.24954914 -0.64697378  0.50931575  1.32847003] -266.7469644756586
[ 0.87898857  1.30706354  1.47053365  0.74097765  0.53334344 -1.11810687] -279.0531465696093
[ 0.94113092  0.81306814  0.30630052 -0.6784521  -1.15704792 -0.13769711] -296.1963958628359
[ 1.75380582  0.96201444 -0.07924094 -1.18891209  0.52929559 -0.35289284] -258.72159817955236
[ 3.33956107  1.58459236 -0.14213979 -2.45048909  0.91023427 -0.84411894] -256.70643494472444
[ 2.09267973  0.10377167  1.04426356 -1.34004314  1.62482484  1.29831854] -250.94559428953607
[ 3.38029144 -0.25807956  1.98801821 -2.26076843  2.82149959  2.43611219] -266.30268498485935
[ 1.05285472 -0.11825452  0.14070495 -0.38071393  2.940639    0.93741877] -268.92224255563303
[ 4.43403647  2.7286557  -0.91061362 -1.97285678  1.50613174  0.6571486 ] -262.54800111196863
[ 3.17323942  0.34051103 -2.12147247 -3.02835632  2.24030531  2.70829179] -273.24088583700905
[ 2.59967671  0.58214915 -1.22347094 -2.08602283  1.81356484  1.75169213] -258.518149795556
[ 3.5149806   1.99929697 -1.24636907 -2.47510105 -0.54268162  0.9241906 ] -276.66191021652605
[ 1.66838619  0.41113336 -0.20606355 -0.90431071  2.06980884  0.93411173] -256.45853510926474
[ 4.00467407  1.04356712  1.27295792 -3.06250613  1.98149275  0.31522294] -256.1782688682616
[ 5.64825357  2.23822113  0.194527   -3.29176911  2.79270334  0.04232164] -283.8921062740862
[ 1.71062677  0.49435678 -0.13853011 -1.30817261  1.08016265  1.00693293] -253.86240504199029
[ 0.70449838 -1.32213222  1.11295265 -1.74432472  1.65389766  0.83023784] -254.95389938573172
[ 1.90713203  0.18961386  2.20461783 -1.5172593   1.29324216 -0.57145711] -250.85001145047346
[ 1.56085969 -0.00665378  3.91866221 -1.23287754  1.03308081 -1.73303173] -259.35873119494653
[ 0.68977132 -1.27782217  1.90553922 -0.84171645  2.32424203  2.11524123] -263.53869243203195
[ 2.67711363  0.86898873  0.36977996 -2.04829593  1.26373621 -0.1042789 ] -251.0386308034868
[ 2.69718868  0.04825529  2.16141082 -2.76922324  0.89597658 -0.00911965] -253.58133436851037
[-0.07492766 -0.91594909  0.97854032 -0.51326685  0.62245395  0.50165494] -269.53019269718834
[ 2.98477364  0.55368807  1.19935352 -2.42519631  1.64173305  0.36183094] -250.1519829606344
[ 3.98533978  2.07502368  1.16734588 -2.05840545  0.94599417 -0.16949559] -253.92221406233608
[ 3.16512943  1.22573471  1.15374757 -1.97988527  1.12297004  0.08043777] -250.506682779956
[ 3.4640456   0.50232733  2.84958786 -2.71846178  1.53399831 -0.65502239] -250.77511667783813
[ 2.73310267  1.09978617  0.77903928 -1.24049067  1.93085829  0.14572926] -251.26870732334092
[ 2.72412418  0.83690345  1.12463216 -1.62267381  1.67213786  0.10701704] -249.51514712649674
[ 2.7688479   0.26835764  2.82228753 -1.81954394  1.69923254  0.31132049] -248.90012098269514
[ 2.81471503 -0.03195791  4.04854132 -1.70516795  1.91698071  0.51912018] -251.3095374234181
[ 3.5786712   1.08843669  2.7404786  -2.68763033  1.36294648 -1.4202763 ] -252.58566522785082
[ 2.4641776   0.34993792  1.46831732 -1.67693994  1.55935525  0.61866983] -249.0742495322056
[ 3.94990075  1.05603584  1.33469082 -2.56364105  1.78323352  0.84620834] -253.9351077007182
[ 2.41782421  0.40621936  1.98713608 -1.77885474  1.41574    -0.21704075] -248.94426615129208
[ 2.04424671  0.71128638  0.40223687 -1.04923622  1.50305794  1.0757675 ] -252.28829567320147
[ 3.10909588  0.55456709  2.23775011 -2.30115539  1.52626321 -0.22232492] -249.11676742387866
[ 2.32448504 -0.23584353  2.45941134 -1.89490277  2.04851726  0.23938644] -250.04066932730154
[ 2.28474463  0.1730259   2.83382466 -1.27282722  1.66534899 -0.08282157] -249.65105312864281
[ 2.93178643  1.09884732  1.69857129 -1.59576224  1.13084202 -0.06777973] -249.70970655323248
[ 2.77996108  0.76517461  1.8887813  -1.67054737  1.36026083  0.00901181] -248.79001668405053
[ 3.13659898  0.88736078  1.0091435  -2.35041118  1.41231424  0.2850394 ] -250.47677553975805
[ 2.49770822  0.35160962  2.37765437 -1.54222321  1.6020903   0.00914368] -248.75141500959467
[ 2.62174745  0.06171863  3.13601007 -1.97374772  1.38217619  0.06257634] -249.29528828621497
[ 2.64734163  0.25551484  2.6331656  -1.88597924  1.4546666   0.07368652] -248.68524806169785
[ 2.08285766  0.2443709   2.15469729 -1.15687409  1.50418529  0.49058878] -250.03549285445044
[ 2.85253633  0.47701805  2.2169869  -2.01508507  1.52074373 -0.04409649] -248.59660779008243
[ 2.85722886  0.49136011  3.17368661 -1.89380459  1.45822276 -0.57132808] -249.38872140863683
[ 2.56244041  0.38529347  1.89465964 -1.7311561   1.53407212  0.32117035] -248.63997630197653
[ 2.95178765  0.42810338  2.62404237 -1.77599024  1.64128205  0.4437862 ] -248.7230498033454
[ 2.66174387  0.61921368  1.72280919 -1.72078313  1.33847268 -0.0404198 ] -248.8443378863988
[ 2.68851988  0.53149967  1.99767878 -1.74547334  1.42866264  0.04751527] -248.57798821214072
[ 2.62015029  0.04450507  2.69261459 -1.89475502  1.70024499  0.27472336] -248.7972034812106
[ 2.74000838  0.58500722  2.08973962 -1.72659929  1.44525687  0.0754397 ] -248.564406731844
[ 2.98316987  0.53586925  2.10776993 -2.08453788  1.4061377   0.29669017] -248.7697071685951
[ 2.61907363  0.39767453  2.31018326 -1.67780188  1.55310215  0.0810303 ] -248.55330000069907
[ 2.41818577  0.44923254  1.75676223 -1.8180414   1.33755266 -0.25887098] -249.17787755815536
[ 2.81838718  0.43338567  2.40722234 -1.78650303  1.5653497   0.2681219 ] -248.51169232086343
[ 2.77964697  0.68111137  1.67232459 -1.67489366  1.56106247  0.17604049] -248.73812687265655
[ 2.68041797  0.36191397  2.39295534 -1.83320784  1.48126557  0.09927501] -248.53879076177486
[ 2.90387404  0.54353957  2.57692911 -1.86373405  1.46405477 -0.14540846] -248.61822211934043
[ 2.81851564  0.50397804  2.40636174 -1.83058956  1.48155911 -0.02876375] -248.5235312432294
[ 2.6024379   0.46080166  2.31772679 -1.51830658  1.46432161  0.2249693 ] -248.66568286784099
[ 2.79001172  0.47296395  2.24217188 -1.89089044  1.5066382   0.02316995] -248.51377789294094
[ 2.80028496  0.38680812  2.61853261 -1.83639068  1.58239456  0.12524243] -248.58059939021845
[ 2.71646115  0.49532678  2.15289224 -1.76820267  1.46709562  0.06694706] -248.51454153182127
[ 2.74094738  0.30340709  2.54752264 -1.86913252  1.57307992  0.09448713] -248.53041826063733
[ 2.90250671  0.45931731  2.40619213 -1.98170681  1.47189389  0.09338213] -248.56827676043565
[ 2.6899319   0.41308522  2.33418548 -1.75377811  1.53280009  0.08411826] -248.5032237956413
[ 2.84433369  0.51213495  2.30383009 -1.79982427  1.56090864  0.07008517] -248.47987494659097
[ 2.92629155  0.58724545  2.25926747 -1.78313248  1.60073018  0.05549025] -248.52305384106356
[ 2.81826638  0.64021778  2.06803194 -1.74079684  1.4650372   0.06673907] -248.54750312942951
[ 2.76027713  0.38760977  2.42764997 -1.8370486   1.54606924  0.08755011] -248.49109392990164
[ 2.72128529  0.40085741  2.21628892 -1.78149281  1.57806139  0.22876124] -248.5077622689367
[ 2.82494782  0.37801887  2.49089066 -1.84830975  1.62951347  0.18698849] -248.5684085664607
[ 2.74358282  0.46599981  2.23739184 -1.78822944  1.50770008  0.09695742] -248.48241723210222
[ 2.73592095  0.39806033  2.40001767 -1.69140164  1.59032484  0.25536141] -248.53183148276136
[ 2.77648903  0.45423804  2.28163333 -1.84101824  1.52755986  0.08121782] -248.48568754680008
[ 2.69357944  0.4445894   2.19310421 -1.8139608   1.51901673 -0.0518919 ] -248.51008325292545
[ 2.72478137  0.44178846  2.24663374 -1.80709636  1.53059997  0.02811155] -248.48596423717973
[ 2.79184669  0.49076135  2.39415256 -1.82750553  1.49048457 -0.07941446] -248.52843746683868
[ 2.73892564  0.42333339  2.26075483 -1.79299599  1.55616719  0.15171732] -248.48364959738498
[ 2.83953132  0.48194958  2.25177912 -1.86829286  1.54353491  0.08776154] -248.48555219246884
[ 2.79560416  0.53887165  2.09969102 -1.79543712  1.52942098  0.08440016] -248.49846820399458
[ 2.76910889  0.42542524  2.34566023 -1.82664573  1.54190717  0.08676262] -248.47893805916144
[ 2.84587575  0.47923854  2.31371608 -1.83190582  1.54865931  0.16338908] -248.4846139295576
[ 2.81729701  0.47512246  2.28941074 -1.79494646  1.55873257  0.13767323] -248.47119260443142
[ 2.837701    0.48556467  2.29329945 -1.77191057  1.57431892  0.16590093] -248.47502779808298
[ 2.74684327  0.44513521  2.33180882 -1.74322305  1.54782341  0.14776674] -248.48578988722014
[ 2.81635931  0.47274599  2.27178655 -1.8370254   1.54460703  0.10276284] -248.47645741619044
[ 2.73066003  0.44568207  2.25589535 -1.78131661  1.54134825  0.05193046] -248.47698982232725
[ 2.83485494  0.50903678  2.30723677 -1.81633331  1.52890073  0.03033993] -248.47377642806399
[ 2.8606218   0.48071603  2.3538814  -1.83046782  1.58443472  0.062894  ] -248.48836663892493
[ 2.77284256  0.46967886  2.26651423 -1.79878904  1.52688374  0.08844156] -248.47326025554898
[ 2.73604056  0.42042885  2.27500453 -1.81852792  1.51988453  0.09588504] -248.47537971267118
[ 2.80024258  0.5054731   2.20962249 -1.78900052  1.53154511  0.0822484 ] -248.46799887926406
[ 2.81580943  0.54549703  2.14160362 -1.77017791  1.52636408  0.07999128] -248.47438870953346
[ 2.86188562  0.50514661  2.28396308 -1.83689094  1.52883632  0.12718654] -248.4757904213199
[ 2.79136178  0.4888829   2.27213074 -1.78113732  1.52032063  0.08449539] -248.46365378036472
[ 2.77886302  0.49695135  2.27230283 -1.75319328  1.50817743  0.07536167] -248.46421874226124
[ 2.72232752  0.45106104  2.25601008 -1.76268725  1.53325279  0.04584131] -248.47782008145765
[ 2.8269961   0.49162522  2.27697483 -1.81834002  1.52994044  0.10685023] -248.4687582648158
[ 2.8784911   0.55951093  2.26562541 -1.78098764  1.54555655  0.08079787] -248.47647248960848
[ 2.77165319  0.45519937  2.27265975 -1.80914285  1.52630253  0.09211325] -248.46865008269086
[ 2.75860947  0.45295719  2.22186749 -1.78078542  1.53567428  0.16693409] -248.47085167341683
[ 2.81587748  0.48674122  2.24770778 -1.79232849  1.54062145  0.13499663] -248.460835426922
[ 2.83739494  0.49527239  2.23830456 -1.78909822  1.5474903   0.15827417] -248.459874679981
[ 2.77812235  0.48801426  2.20777588 -1.79422165  1.50502519  0.09263195] -248.4677601790259
[ 2.84331418  0.52186523  2.27062193 -1.81286144  1.51786712  0.03860371] -248.46731034547815
[ 2.78036691  0.4932772   2.21339695 -1.77348065  1.51957653  0.07593872] -248.45948095588227
[ 2.75705232  0.49410319  2.181608   -1.75105096  1.51439457  0.06048297] -248.46121380321503
[ 2.83861439  0.54239566  2.19795777 -1.77079042  1.52097243  0.0852842 ] -248.45890325942685
[ 2.87209499  0.5859938   2.16060677 -1.7516142   1.51830738  0.08186967] -248.4633481909083
[ 2.8228156   0.50442944  2.25710678 -1.78486271  1.51220562  0.09616099] -248.4508900300537
[ 2.83410211  0.50390761  2.28084892 -1.78279381  1.50253588  0.10311728] -248.44453818721666
[ 2.86359576  0.52718607  2.28331107 -1.7758323   1.53789577  0.08927254] -248.45075292649375
[ 2.80516445  0.49510872  2.22469474 -1.74484947  1.53173005  0.16019039] -248.44810933129585
[ 2.86171774  0.53016632  2.20737393 -1.76447763  1.53307969  0.13953037] -248.443650161723
[ 2.89689571  0.55080803  2.17499553 -1.75614779  1.53945921  0.16704786] -248.4455846542292
[ 2.82379218  0.53540813  2.2308899  -1.74830988  1.50110649  0.05950367] -248.44771478390936
[ 2.89529529  0.55144697  2.2616285  -1.75553719  1.52286357  0.13636076] -248.43927175468016
[ 2.95275949  0.58053185  2.28574427 -1.74656546  1.5245071   0.16657178] -248.44301367907383
[ 2.85594145  0.50534561  2.29829126 -1.75314301  1.52209805  0.14404081] -248.42841673820428
[ 2.86460498  0.48682059  2.348458   -1.74431931  1.52266087  0.17341911] -248.41921779659623
[ 2.83129649  0.50710004  2.23465359 -1.7375968   1.50009641  0.16810132] -248.42618094554555
[ 2.89843848  0.5431745   2.29658954 -1.76616207  1.49571758  0.09982044] -248.42690630008377
[ 2.90469286  0.50546388  2.31229426 -1.76865239  1.52454485  0.2139461 ] -248.42784062500243
[ 2.91791317  0.53748316  2.27281702 -1.72945465  1.53045178  0.20727543] -248.42137450637142
[ 2.90902936  0.5136634   2.36810637 -1.7360965   1.499032    0.19344402] -248.4104987939409
[ 2.93268517  0.50541194  2.44847259 -1.72190594  1.48200815  0.22040084] -248.40890924097624
[ 2.88791509  0.47703774  2.37613317 -1.73382653  1.49562963  0.22462699] -248.39898091348954
[ 2.88422499  0.43983312  2.43338551 -1.7229712   1.48201267  0.2687601 ] -248.3914331847863
[ 2.87169491  0.5011439   2.36583116 -1.70548426  1.47977097  0.16531298] -248.39959959157565
[ 2.86903476  0.44942308  2.40461642 -1.68774865  1.5032827   0.30126948] -248.40287122110018
[ 2.94875617  0.46627188  2.52320664 -1.69969787  1.49996597  0.27737799] -248.40140230411836
[ 2.87242049  0.41215168  2.56850642 -1.69792109  1.45944866  0.26157141] -248.4240611106801
[ 2.90654     0.50615029  2.34673937 -1.72157126  1.512701    0.22084942] -248.40347202195005
[ 2.93970701  0.46925748  2.49229256 -1.67547375  1.46391962  0.31123782] -248.38858416706236
[ 2.97725803  0.46047593  2.56420984 -1.64105097  1.43454899  0.38014718] -248.3974295990822
[ 2.87396744  0.43861465  2.40688463 -1.68240972  1.49854282  0.29453509] -248.38161154781307
[ 2.84460858  0.405216    2.38609064 -1.66266162  1.50681015  0.33160222] -248.37802257185348
[ 2.8794688   0.40423153  2.52173494 -1.66310785  1.46588636  0.33100411] -248.39231915722544
[ 2.92045206  0.4458949   2.5028974  -1.68871687  1.46283921  0.26049559] -248.37464377227317
[ 2.94616072  0.4441308   2.55203789 -1.68920098  1.44261747  0.24010865] -248.37401720220416
[ 2.8398655   0.42166573  2.39391759 -1.67326869  1.44703978  0.27196397] -248.37523360930112
[ 2.90631696  0.36030099  2.56065522 -1.65674377  1.45632438  0.41957931] -248.38312636591158
[ 2.90749245  0.44256984  2.41772486 -1.69699881  1.46702166  0.28341325] -248.35827800328457
[ 2.92150427  0.46173899  2.36571983 -1.71394429  1.46758931  0.25961782] -248.35093703459015
[ 2.91516269  0.41427021  2.48351907 -1.6341265   1.44608757  0.34260983] -248.34355408372622
[ 2.93063154  0.40148876  2.50858585 -1.58970415  1.42812502  0.3795347 ] -248.32969692352867
[ 2.85665551  0.36225628  2.43004311 -1.65303408  1.45224909  0.32289773] -248.3250009872259
[ 2.81512976  0.30875568  2.39891839 -1.64181425  1.44641382  0.32872769] -248.3038252898989
[ 2.85964983  0.454031    2.30776818 -1.66678756  1.45654081  0.18427237] -248.33199069111976
[ 2.92637196  0.42538765  2.45622527 -1.66224502  1.38929858  0.22313951] -248.33786993683782
[ 2.95995052  0.41017857  2.46916754 -1.6479634   1.42982189  0.26650294] -248.28237473811365
[ 3.01999303  0.40443498  2.50679251 -1.63531076  1.42121294  0.26377242] -248.24902213118284
[ 2.87826608  0.37448155  2.29596545 -1.6140677   1.42710936  0.30624619] -248.25471520924253
[ 2.88850979  0.32778755  2.45903205 -1.55603219  1.3886442   0.30227981] -248.25903547538934
[ 2.87102138  0.33160552  2.36946221 -1.57232718  1.46671681  0.36513822] -248.24827988144386
[ 2.84334609  0.28471445  2.32608069 -1.52736825  1.50542592  0.43613757] -248.25886909616187
[ 2.94153404  0.26215368  2.53848398 -1.53629785  1.40286658  0.46429397] -248.2384559097283
[ 2.98247614  0.16621502  2.65384188 -1.471053    1.37602946  0.60430477] -248.26317568186727
[ 2.87418649  0.26825089  2.34763235 -1.59557915  1.42286288  0.29728474] -248.17304171772142
[ 2.84596396  0.20163196  2.2671556  -1.59851666  1.42023181  0.25615975] -248.11783982195544
[ 2.99996634  0.32527607  2.41337888 -1.52903652  1.39584675  0.32390243] -248.13828357358483
[ 2.96373848  0.30540704  2.33804749 -1.60582003  1.45601721  0.35755785] -248.15616222064168
[ 3.002473    0.2356882   2.51514144 -1.5450353   1.427188    0.37069536] -248.11482971573994
[ 3.06457645  0.16629152  2.62472944 -1.51051911  1.42722732  0.40291995] -248.07838902090663
[ 2.87560719  0.12635361  2.34362669 -1.48219502  1.43508921  0.45955164] -248.0921897450296
[ 3.02610744  0.13076578  2.47234515 -1.51513455  1.37904282  0.38965698] -248.02746201539696
[ 3.10365046  0.0303459   2.52378662 -1.48653824  1.33520583  0.40191636] -247.98157945697108
[ 3.00963359  0.12294836  2.29842426 -1.53457734  1.42033947  0.26970869] -247.93814563891047
[ 3.04368337  0.0533457   2.1783944  -1.53371709  1.42907591  0.17241605] -247.86084176854123
[ 3.01407744 -0.00432545  2.44564305 -1.44102085  1.3582084   0.31473088] -247.91503451535112
[ 2.98255329 -0.13406165  2.38106638 -1.4884658   1.40583275  0.34532911] -247.8564933861425
[ 2.97384676 -0.36373052  2.36491013 -1.46818044  1.41082575  0.35604245] -247.8031758816943
[ 3.17918326 -0.1988717   2.5598745  -1.37554026  1.37831234  0.44636602] -247.82052797289526
[ 3.25073207 -0.23200179  2.55548602 -1.45631031  1.34452931  0.23857893] -247.82891681417772
[ 3.12381467 -0.40470415  2.25130214 -1.40991662  1.32482519  0.24043028] -247.7799347160011
[ 3.15343378 -0.69020198  2.06458849 -1.35961538  1.27362412  0.15918544] -247.94213678158525
[ 3.09146206 -0.41377521  2.2614168  -1.40835695  1.41338647  0.18760517] -247.6891498088031
[ 3.08536786 -0.63583576  2.13023189 -1.3692663   1.45247678  0.08044957] -247.69576878719084
[ 3.20682996 -0.51558711  2.27815162 -1.44298638  1.40877659  0.23241542] -247.7578674177929
[ 3.23160622 -0.76290252  2.57865267 -1.32004656  1.33114263  0.39473004] -247.86954171464066
[ 3.09066408 -0.15071636  2.27845897 -1.48029946  1.40459259  0.22799455] -247.76902984258075
[ 2.97120153 -0.45045988  2.1092187  -1.40544973  1.43571034  0.32503903] -247.75051081051785
[ 2.97342309 -0.5674527   1.95461161 -1.4961896   1.42105997  0.07680961] -247.83238533984797
[ 3.12774322 -0.29101695  2.40855878 -1.40570259  1.38899925  0.35397692] -247.75005431423094
[ 3.23005842 -0.37835603  2.16412553 -1.38272347  1.38127105  0.16644467] -247.72706884541094
[ 3.11550509 -0.3285997   2.24867466 -1.4319229   1.48608691  0.25739498] -247.7152229442838
[ 3.15693601 -0.64188194  2.21158973 -1.34541455  1.43348427  0.27963085] -247.72052298691824
[ 3.02413882 -0.31910947  2.18970978 -1.35020369  1.43753617  0.29094845] -247.69529769547248
[ 3.277413   -0.34045322  2.38547307 -1.36932499  1.41121104  0.18696132] -247.6911233509123
[ 3.17076124 -0.5163749   2.07843774 -1.35694625  1.46532606  0.10235156] -247.69515869244722
[ 3.04868033 -0.47504211  2.29430839 -1.37133297  1.50107258  0.26851943] -247.69219691961067
[ 3.08571751 -0.15590293  2.27441709 -1.41728137  1.4713888   0.15162945] -247.7020674003369
[ 3.11721923 -0.41161958  2.24591296 -1.3258925   1.4138868   0.13861015] -247.63844267135207
[ 3.1180763  -0.45312951  2.24453212 -1.2728773   1.37778675  0.07921774] -247.64360959602928
[ 3.15750739 -0.66955523  2.21066916 -1.31007108  1.40941757  0.24003591] -247.70574002611573
[ 3.10366498 -0.284316    2.25848011 -1.3904788   1.45589599  0.17373107] -247.6674807487281
[ 3.2455948  -0.49475087  2.31829991 -1.3905738   1.44939014  0.06164445] -247.68739202931056
[ 3.12391689 -0.29027743  2.509526   -1.39504041  1.41628828  0.2366723 ] -247.71908784367096
[ 3.15905016 -0.45985053  2.18620981 -1.36646979  1.45306661  0.13593175] -247.66259856312215
[ 3.28278775 -0.32654636  2.25762249 -1.37903264  1.36453977  0.02630853] -247.7391541111778
[ 3.10720718 -0.43791817  2.28513692 -1.37325789  1.46693938  0.20796671] -247.66055577432112
[ 2.9973198  -0.49362357  2.13301243 -1.38235159  1.47297743  0.11486845] -247.67626841853598
[ 3.15188999 -0.4469177   2.21426725 -1.33465117  1.49066565  0.08997902] -247.6311271616491
[ 3.18210395 -0.46348895  2.19069247 -1.29779829  1.52930524  0.04116595] -247.63339829063716
[ 2.96652231 -0.34999765  2.12270658 -1.33379345  1.46842048  0.2253846 ] -247.6889836870552
[ 3.17582668 -0.45856257  2.26940158 -1.37637871  1.45414772  0.10257949] -247.65631545149265
[ 3.2742996  -0.33943795  2.3534571  -1.3400247   1.43855663  0.16806428] -247.66118974517136
[ 3.22483263 -0.56711949  2.25964843 -1.31507946  1.44985827  0.10731273] -247.65552968540382
[ 3.19137495 -0.42734129  2.35639827 -1.32195835  1.4516182   0.13557238] -247.6252648222605
[ 3.20753735 -0.41108666  2.4414925  -1.29970263  1.450894    0.1353927 ] -247.62058312142392
[ 3.05387141 -0.57163678  2.21849611 -1.33496275  1.47024065  0.09254932] -247.6413835510107
[ 3.20318525 -0.51772942  2.26460269 -1.28896452  1.44295832  0.01417443] -247.619848715031
[ 3.25117428 -0.55763504  2.25433558 -1.24681784  1.43096779 -0.08272171] -247.63568643925643
[ 3.14368528 -0.51680731  2.27873841 -1.25670564  1.45202017  0.0900933 ] -247.59429765672533
[ 3.12761458 -0.54592968  2.28340682 -1.1968691   1.45095639  0.0838502 ] -247.57736748502106
[ 3.0622733  -0.40118711  2.29641101 -1.27860144  1.45667567  0.07753921] -247.60448486004205
[ 3.23603515 -0.33985327  2.36353497 -1.23993103  1.43177163  0.08729925] -247.59729731176967
[ 3.21229264 -0.47594838  2.37532545 -1.22034747  1.49408708  0.02413478] -247.57388054583078
[ 3.25982934 -0.50811278  2.4400317  -1.16757495  1.53418723 -0.0331029 ] -247.57734461455394
[ 3.1977561  -0.45032714  2.46065724 -1.17348756  1.41844871  0.05081784] -247.5885181297407
[ 3.13884833 -0.49923834  2.23982023 -1.16636441  1.44740527 -0.02278746] -247.56719435880314
[ 3.10450381 -0.54331418  2.13898409 -1.0996953   1.4456609  -0.10187754] -247.58535732568666
[ 3.12175478 -0.38643189  2.40844922 -1.13623581  1.45682326  0.08611018] -247.57688108329447
[ 3.28249389 -0.49805579  2.41398696 -1.09914369  1.44315512  0.02560239] -247.56296593770594
[ 3.39260419e+00 -5.46490126e-01  2.47277494e+00 -1.00941482e+00
  1.43639484e+00 -3.66024758e-04] -247.59321373635615
[ 3.12421829 -0.6121238   2.36368033 -1.09088498  1.47185365 -0.00472327] -247.5593500013072
[ 3.06830986 -0.74825906  2.36375302 -1.01636195  1.49189467 -0.05073454] -247.59365803850395
[ 3.13798473 -0.55558215  2.23423243 -1.12979426  1.50297822  0.01324444] -247.55797098411733
[ 3.10809905 -0.60820966  2.12102003 -1.10794761  1.54524297 -0.00554226] -247.59519782795746
[ 3.21158297 -0.4631971   2.39509139 -1.08405444  1.48781114 -0.04332319] -247.54249080741215
[ 3.25356717 -0.42183081  2.45093367 -1.0276471   1.50623852 -0.10690988] -247.5504176028392
[ 3.2473855  -0.6482833   2.26559638 -1.12729393  1.49227356 -0.08872762] -247.58772433682512
[ 3.15316246 -0.45189474  2.37273601 -1.13400034  1.46568584  0.04240073] -247.55463834233336
[ 3.13713759 -0.55074893  2.297857   -1.0143999   1.44554266 -0.02066357] -247.56112850441946
[ 3.21001166 -0.54462916  2.45270781 -1.01772813  1.49160361  0.02696663] -247.54877034617425
[ 3.04220534 -0.56133617  2.29144803 -1.05781033  1.51200326 -0.02096846] -247.57285564160915
[ 3.22242175 -0.51387588  2.38335223 -1.08881035  1.46036715  0.01395967] -247.54819745661575
[ 3.2159897  -0.49635202  2.4360764  -1.16735759  1.51455721  0.03683858] -247.5674161265103
[ 3.15685062 -0.5371497   2.33241185 -1.05263933  1.4627963  -0.00628804] -247.54763199729103
[ 3.23978644 -0.40998578  2.35983024 -1.07812397  1.4852271   0.02037669] -247.54389794012394
[ 3.2599539  -0.4179953   2.53114408 -1.02199126  1.4481855   0.0047864 ] -247.57473828301156
[ 3.16847703 -0.52118544  2.30846034 -1.10284351  1.48928004  0.01112993] -247.54486237804733
[ 3.24988103 -0.54477961  2.37121528 -1.00739956  1.49334261 -0.03479349] -247.54096542074785
[ 3.29824031 -0.59122205  2.37045491 -0.94409918  1.50717099 -0.07339061] -247.55362551614493
[ 3.20632163 -0.45209534  2.26407929 -1.12022892  1.4680045  -0.03994611] -247.5507536134776
[ 3.20908915 -0.52149571  2.40555068 -1.04335333  1.48570383  0.01023845] -247.54228244472938
[ 3.18946732 -0.48538856  2.34083436 -1.03399436  1.50768652 -0.02817956] -247.53886125743392
[ 3.17299011 -0.4711449   2.31957543 -1.00658637  1.5313462  -0.04924917] -247.54583060200477
[ 3.2659107  -0.44486103  2.39458225 -1.0639504   1.52022078 -0.01522902] -247.54714219279973
[ 3.23864568 -0.4679332   2.37903965 -1.06112263  1.50586466 -0.01299377] -247.54076058468087
[ 3.27767384 -0.44307455  2.44206019 -0.99983925  1.49926525 -0.04068822] -247.54625609342008
[ 3.19577623e+00 -5.01657717e-01  2.34186030e+00 -1.07709245e+00
  1.49177634e+00 -1.82460917e-03] -247.5401544881205
[ 3.19169435 -0.58483152  2.38470032 -1.02421495  1.50550127 -0.05733542] -247.54431334578877
[ 3.22776342e+00 -4.53697216e-01  2.36604776e+00 -1.06464672e+00
  1.49029564e+00  9.48664691e-04] -247.5399154836997
[ 3.2252913  -0.52845357  2.33975796 -1.01181525  1.50374539  0.02112174] -247.54043036272205
[ 3.23318584 -0.47247425  2.30736775 -1.04200366  1.51186655 -0.02881212] -247.54020985887348
[ 3.1868289  -0.42508856  2.32042065 -1.08949212  1.51040243  0.01821361] -247.54538926476656
[ 3.234118   -0.51485685  2.35851662 -1.0279227   1.49760756 -0.02154172] -247.53840302348638
[ 3.19655503 -0.51757619  2.30575527 -1.02470242  1.49512801 -0.00643542] -247.538852349532
[ 3.20033065 -0.45343002  2.33370273 -1.07830552  1.49437482 -0.04973667] -247.5398081839545
[ 3.18148437 -0.50306127  2.37487126 -1.06021773  1.48042308 -0.00677765] -247.54220272804628
[ 3.22026048 -0.48012101  2.32424363 -1.04655718  1.50400568 -0.0233035 ] -247.53830857853416
[ 3.2270554  -0.4666989   2.33450649 -1.01495052  1.50458974 -0.04092479] -247.53799777214297
[ 3.24269499 -0.44921949  2.33082958 -0.98387956  1.51099643 -0.06047489] -247.5412235734968
[ 3.1948322  -0.5189933   2.29980528 -1.01083085  1.51083513 -0.05765589] -247.53984282525698
[ 3.20306501 -0.50266928  2.3163659  -1.02428482  1.50570026 -0.04300475] -247.5380861783836
[ 3.22317643 -0.53567357  2.32637136 -0.97916514  1.51053111 -0.00472658] -247.54127523275466
[ 3.20604209 -0.47399091  2.33186989 -1.05352043  1.49841389 -0.03848415] -247.53797193423824
[ 3.23956468 -0.49991582  2.31625157 -1.02998499  1.49412853 -0.02971856] -247.53912203180096
[ 3.20199166 -0.48902038  2.33468866 -1.03299202  1.50429702 -0.02856431] -247.5378168325582
[ 3.23428918 -0.45820958  2.36097513 -1.04204014  1.50974338 -0.05883898] -247.539271056637
[ 3.20598857 -0.50273454  2.31956023 -1.02903685  1.49878185 -0.01953631] -247.53778030639705
[ 3.18734974 -0.45688815  2.29522831 -1.03919123  1.50765525 -0.04306422] -247.53963399530102
[ 3.22242593 -0.50036468  2.34269454 -1.03073984  1.50011948 -0.02692234] -247.53759495671943
[ 3.20192908 -0.49837189  2.33565161 -1.01528431  1.49996173 -0.04250871] -247.53804605838639
[ 3.2187459  -0.47439115  2.34995791 -1.0345565   1.49635431 -0.02264212] -247.537573577514
[ 3.22658635 -0.46025209  2.36675392 -1.03969235  1.49168133 -0.01246081] -247.53851120129622
[ 3.22548744 -0.47069497  2.33544097 -1.04998107  1.50089037 -0.01651596] -247.5383591937021
[ 3.20781867 -0.49145266  2.33559895 -1.0239585   1.50019389 -0.03601053] -247.5375406850698
[ 3.19394887 -0.5106192   2.33695024 -1.05331752  1.49479708 -0.01646179] -247.538677410962
[ 3.21877877 -0.47767898  2.33511743 -1.02454227  1.50214157 -0.03480904] -247.53749676154445
[ 3.21920774 -0.50455655  2.34066935 -1.00508823  1.50221549 -0.01767741] -247.53807056541274
[ 3.2093335  -0.48163232  2.33406975 -1.04141238  1.49936429 -0.03328246] -247.53751730245847
[ 3.22570545 -0.4870644   2.33764428 -1.02842343  1.49468811 -0.02916996] -247.5374857734958
[ 3.23756235 -0.48608641  2.33912208 -1.02613913  1.48988365 -0.02947279] -247.53813049739202
[ 3.22828084 -0.46812685  2.35880072 -1.03217413  1.4988387  -0.04140917] -247.53790138349362
[ 3.21156164 -0.49408262  2.32937036 -1.02982117  1.49879606 -0.02500453] -247.53741874923108
[ 3.20822205 -0.4684027   2.33122501 -1.03016491  1.49705993 -0.03338387] -247.5377218170505
[ 3.21887496 -0.49237418  2.33982716 -1.03059611  1.49935459 -0.02853773] -247.5373917635566
[ 3.21194509 -0.50037056  2.32058473 -1.02502811  1.5018252  -0.03962929] -247.53766973008706
[ 3.2170457  -0.48088601  2.34261462 -1.03217441  1.49772203 -0.02688892] -247.5374017381317
[ 3.22594801 -0.47978684  2.33728225 -1.03836475  1.49716166 -0.02322035] -247.53762356281243
[ 3.212351   -0.4885362   2.33601977 -1.02756006  1.49943583 -0.03281298] -247.53737253527802
[ 3.225439   -0.49190847  2.33946145 -1.01629343  1.49801511 -0.02579193] -247.53752107800506
[ 3.21335988 -0.48420136  2.33541768 -1.03513264  1.49902699 -0.03140983] -247.53736602836906
[ 3.21418744 -0.49803595  2.33851386 -1.03669367  1.49419964 -0.02313227] -247.5375355469096
[ 3.21763094 -0.48276822  2.33596653 -1.02758012  1.50015609 -0.03188985] -247.5373832226527
[ 3.20456925 -0.48721846  2.33542776 -1.03253141  1.50347576 -0.02967798] -247.53768888694927
[ 3.2204214  -0.48710291  2.33709015 -1.02945042  1.49688502 -0.02929697] -247.53736810630738
[ 3.22166633 -0.47787368  2.34627495 -1.03101009  1.49873079 -0.03527423] -247.53746590334944
[ 3.21408781 -0.49003038  2.3335965  -1.0301184   1.49877974 -0.02757195] -247.53735064456356
[ 3.2151963  -0.49411841  2.33002465 -1.02797151  1.50015739 -0.03361752] -247.5374094934111
[ 3.21658335 -0.48419411  2.33946712 -1.03112368  1.49833087 -0.02857107] -247.53736299921638
[ 3.21260317 -0.47990355  2.33269209 -1.02972567  1.49818359 -0.03197982] -247.53738481366105
[ 3.21417111 -0.48302121  2.33447586 -1.02994328  1.49847634 -0.0311193 ] -247.53734905484384
[ 3.21269392 -0.48959384  2.33605583 -1.03352938  1.49682218 -0.02837085] -247.5373479697533
[ 3.2102254  -0.49300665  2.33610047 -1.036504    1.49515523 -0.02661135] -247.53744931607434
[ 3.21808815 -0.4841784   2.33601461 -1.0355392   1.49667122 -0.02596701] -247.5374020897373
[ 3.21378529 -0.48744675  2.33601848 -1.02955485  1.49874468 -0.03110149] -247.5373432268427
[ 3.20780572 -0.4857263   2.33458701 -1.03368365  1.49984192 -0.03008453] -247.5374904288038
[ 3.21726748 -0.48675876  2.33646436 -1.03050873  1.49762424 -0.02949386] -247.53732937321317
[ 3.21616977 -0.48948032  2.33660838 -1.02646013  1.49723236 -0.02733301] -247.53734727516405
[ 3.21280845 -0.49124965  2.33160601 -1.02891457  1.49756231 -0.02975909] -247.537363008049
[ 3.21563962 -0.48595799  2.33750185 -1.0305714   1.49813873 -0.02886807] -247.53733985434167
[ 3.21582126 -0.48405591  2.33877841 -1.03007086  1.49689977 -0.03119024] -247.53734236375846
[ 3.216288   -0.49140999  2.33933324 -1.0302885   1.49667765 -0.02766654] -247.53735025705035
[ 3.21470034 -0.4851184   2.33569021 -1.03002959  1.49802667 -0.03025611] -247.53733637513193
[ 3.21843401 -0.48334554  2.3376314  -1.02553581  1.4987333  -0.03104341] -247.53737626141296
[ 3.21412894 -0.48803176  2.33644972 -1.03153098  1.49729996 -0.02903899] -247.5373290047206
[ 3.21427787 -0.4829762   2.33702597 -1.03429534  1.49834566 -0.03264991] -247.53734645458292
[ 3.21475085 -0.48460223  2.33692157 -1.03233654  1.49806733 -0.03132068] -247.53733749367504
[ 3.2169842  -0.4840616   2.33791689 -1.03212785  1.49660756 -0.02895449] -247.53736259716902
[ 3.21458502 -0.48660046  2.33649308 -1.0301981   1.4982104  -0.03056474] -247.53734273746466
[ 3.21618448 -0.48490789  2.33744229 -1.0314846   1.49714184 -0.02949124] -247.53732648421007
[ 3.2169842  -0.4840616   2.33791689 -1.03212785  1.49660756 -0.02895449] -247.53736259716908
[ 3.21506931 -0.48773644  2.33471158 -1.03208309  1.49853316 -0.02829941] -247.5373421189178
[ 3.2152573  -0.48681631  2.33572829 -1.03158003  1.49812481 -0.02902212] -247.5373238435308
[ 3.2151235  -0.48612046  2.33539697 -1.03191875  1.49728955 -0.03067293] -247.5373321741509
[ 3.2161365  -0.48798229  2.33546904 -1.03001436  1.49710169 -0.0280044 ] -247.5373274885458
[ 3.21666573 -0.48842076  2.33662669 -1.03231623  1.49683403 -0.0283184 ] -247.53734324139276
[ 3.21519168 -0.48594399  2.33592433 -1.03060125  1.49772851 -0.02977168] -247.5373381265189
[ 3.21572089 -0.4858621   2.33658529 -1.03153232  1.49763332 -0.02925668] -247.53732878799056
[ 3.2156969  -0.4873993   2.33559867 -1.03079719  1.49761325 -0.02851326] -247.5373186482528
[ 3.21469312 -0.48742403  2.33608901 -1.03155551  1.49771239 -0.02903055] -247.53733209493998
[ 3.21626239 -0.48678753  2.33609633 -1.03104438  1.49787453 -0.02925799] -247.5373324930655
[ 3.2151904  -0.48646838  2.33556263 -1.03174939  1.49770718 -0.02984752] -247.53732588669004
[ 3.21497882 -0.48596735  2.33570925 -1.03080481  1.49807574 -0.02963911] -247.53732542885257
[ 3.21425008 -0.48652496  2.33566138 -1.0316287   1.4977477  -0.02917843] -247.53733311649202
[ 3.21575931 -0.48672189  2.33598759 -1.03119046  1.49784282 -0.0292381 ] -247.53732077300097
[ 3.21617475 -0.48565441  2.3356349  -1.03099589  1.49795332 -0.02947504] -247.53733047252877
[ 3.21580434 -0.48609681  2.33574843 -1.0311358   1.49789309 -0.02936392] -247.5373419662777
[ 3.2157281  -0.48706059  2.33579313 -1.03099383  1.49772804 -0.02887568] -247.53732367803252
[ 3.2154771  -0.4871078   2.33566348 -1.03118861  1.49786903 -0.02876769] -247.53733136304947
[ 3.21533786 -0.48668333  2.33565396 -1.030801    1.49784449 -0.02907619] -247.53732361164288
[ 3.21544365 -0.48693384  2.33558065 -1.03127329  1.49766022 -0.02918039] -247.53733134609197
[ 3.21570889 -0.4866307   2.33609198 -1.03116475  1.49762329 -0.02888497] -247.53732111626502
[ 3.21519501 -0.48741167  2.33584384 -1.03117635  1.49766282 -0.02877191] -247.53732596968374
[ 3.2155597  -0.48693201  2.33585726 -1.03088019  1.49750834 -0.02899978] -247.53732915852532
[ 3.21563184 -0.48710536  2.33603229 -1.03066448  1.49766653 -0.02852687] -247.53732946200168
[ 3.21558479 -0.48706248  2.33591938 -1.03081668  1.49766495 -0.02869025] -247.53732754337156
[ 3.21552414 -0.48715068  2.33577639 -1.03103641  1.49787061 -0.02860431] -247.53733203078474
[ 3.21555081 -0.48698668  2.33583704 -1.03091925  1.4975989  -0.02890091] -247.53732325124588
[ 3.21548773 -0.48699494  2.33568682 -1.03113411  1.49769198 -0.02898405] -247.53732666934832
[ 3.215512   -0.48701183  2.33574496 -1.03105475  1.49768522 -0.0289106 ] -247.53732468950253
[ 3.21598318 -0.48651247  2.33572941 -1.03073391  1.49770158 -0.02894863] -247.5373272303382
[ 3.21539205 -0.48718687  2.33581523 -1.03106574  1.49767251 -0.02881609] -247.5373291793842
[ 3.21570289 -0.487015    2.33584532 -1.03098097  1.49761827 -0.02869911] -247.53732777311313
[ 3.21562386 -0.48719299  2.33571785 -1.03085822  1.49760608 -0.02870708] -247.53731970011313
[ 3.21551738 -0.48704131  2.33562631 -1.0307991   1.49772887 -0.02879472] -247.53731614547453
[ 3.2157125  -0.48722995  2.3356959  -1.03089551  1.49767064 -0.02869447] -247.53732412519705
[ 3.21560445 -0.48720556  2.33567181 -1.03092597  1.49764924 -0.02871193] -247.53732537648065
[ 3.21544595 -0.48740548  2.33572125 -1.03098677  1.49763803 -0.02864258] -247.5373304522576
[ 3.21584004 -0.48695589  2.33566404 -1.03076555  1.49765742 -0.02873094] -247.5373243377584
[ 3.21562881 -0.48732667  2.33547954 -1.03069954  1.49769023 -0.02868502] -247.53733326446533
[ 3.21568437 -0.48709292  2.33575388 -1.03091062  1.49763626 -0.02869559] -247.53732492458047
[ 3.2157539  -0.48709855  2.3356804  -1.03074942  1.49765494 -0.02866676] -247.53732590668295
[ 3.21564181 -0.48717881  2.33567396 -1.03088184  1.49765066 -0.02870064] -247.53732237609134
[ 3.21565979 -0.48723983  2.3355717  -1.03075519  1.49767271 -0.02868478] -247.53732118005516
[ 3.21544404 -0.48747151  2.33563076 -1.0308968   1.49765666 -0.02863404] -247.53732407124414
[ 3.21548209 -0.48727797  2.33557719 -1.03076727  1.49763877 -0.02865037] -247.5373236740928
[ 3.21576323 -0.48697189  2.33562447 -1.0307228   1.49764679 -0.02871625] -247.53732729804636
[ 3.21552384 -0.48734661  2.33562919 -1.0308533   1.49765419 -0.02865459] -247.53732298229312
[ 3.2157391  -0.48718831  2.33569537 -1.03088101  1.49766982 -0.02870132] -247.53732731274326
[ 3.21554634 -0.48725556  2.33560673 -1.0307957   1.49764653 -0.02866311] -247.53731636510824
[ 3.21570485 -0.48708933  2.33563589 -1.03077578  1.49765185 -0.02869994] -247.53732854057793
[ 3.21556909 -0.48728229  2.33563086 -1.03083392  1.4976536  -0.02866593] -247.5373289453422
[ 3.21553186 -0.48714843  2.33561652 -1.0307974   1.4976877  -0.02872892] -247.53732916528642
[ 3.21560714 -0.48722031  2.33561249 -1.03079815  1.49767106 -0.02865399] -247.53732440664038
[ 3.21557062 -0.48711715  2.33567208 -1.03082866  1.49766748 -0.0287509 ] -247.53732342199294
[ 3.21558858 -0.48714057  2.33559901 -1.03077714  1.49770079 -0.02873975] -247.53732488201632
[ 3.21557959 -0.48711006  2.33565014 -1.03084047  1.49768977 -0.02874768] -247.5373315950104
[ 3.21552061 -0.48719396  2.33562775 -1.0308262   1.49769153 -0.02872466] -247.53732708526226
[ 3.21553246 -0.48717718  2.33560125 -1.03076841  1.49769271 -0.02871663] -247.53733315278714
[ 3.21556781 -0.48712684  2.33563792 -1.03082245  1.4976905  -0.02873992] -247.53732272398898
[ 3.21559218 -0.48713161  2.335642   -1.03081983  1.49769571 -0.02873907] -247.53732671631843
[ 3.2156273  -0.48706531  2.33563552 -1.03078891  1.49769327 -0.02874813] -247.5373229891568
[ 3.21556742 -0.48710555  2.33561911 -1.03078497  1.49768828 -0.02873674] -247.5373203422621
[ 3.21556397 -0.48708492  2.3356688  -1.03083027  1.49767903 -0.02873505] -247.53732515163313
[ 3.21558243 -0.48712666  2.33561646 -1.03079042  1.49769535 -0.02873858] -247.53732761837398
[ 3.2155424  -0.48707343  2.33562271 -1.03079203  1.49770858 -0.02876573] -247.53733233270734
[ 3.21554259 -0.48708408  2.33563211 -1.03081078  1.49770969 -0.02876732] -247.53733075431748
[ 3.21557234 -0.48705331  2.33563092 -1.030794    1.49771107 -0.02877143] -247.53733070473322
[ 3.215544   -0.48707923  2.3356492  -1.03081388  1.49769817 -0.02877281] -247.53733007882002
[ 3.21556226 -0.48713081  2.3356194  -1.03079862  1.49769997 -0.02872436] -247.53733416833953
[ 3.21555298 -0.48709094  2.33561266 -1.03078812  1.49771483 -0.02876724] -247.53732716476802
