[ 0.93194838  1.14145971 -0.23618715  0.85693708  1.1434952  -1.0389135 ] -242.31937321183116
[ 0.03677845  0.1482072   0.60672191  0.12156235 -0.90386983 -0.82529783] -267.84114721148154
[-1.21541398 -0.89234929 -0.30849218 -1.38807453  0.43231971 -0.08970052] -254.3556557389465
[ 0.94987164 -1.62168781  0.34992942 -0.09192753  0.63725561 -1.18056514] -235.70907909467562
[-0.06619083 -0.30826609  0.61757569 -0.38727173 -0.82882705  0.136764  ] -259.1094568121368
[ 0.47847313 -1.55414187  0.15976625  0.35496974 -1.63282655 -0.60762503] -280.1415644638661
[ 0.64376558  0.09155275 -1.88015475  0.34759407  1.63945617 -0.29631967] -236.93772489769543
[-0.05155338  1.07378069 -0.44330194 -0.53536317  2.33943649 -0.49038585] -246.75516183568163
[ 0.36069735 -0.32004388 -1.24026555 -0.52093096  2.69158188 -0.16107573] -244.54612245822514
[ 0.6059627   0.13250348 -1.87039973 -0.05664994  3.79000874 -1.22241748] -269.0261873510948
[ 0.10184755 -0.1980737  -0.00441817 -0.30461629  0.3258819  -0.20303137] -240.51625068503594
[ 2.19427302  0.94801187 -0.84297386  1.30530561  2.4933827  -1.0337299 ] -236.66579345668615
[ 1.77902122 -1.06004104 -0.84138808  1.0661505   0.63758133 -0.81415925] -235.37491955677297
[ 2.69430852 -2.12695191 -1.04043115  1.86690733 -0.21334626 -0.97604595] -253.54390726387413
[ 1.83954512  0.08711781  0.08853469  1.58074544 -0.39923091 -1.36116388] -261.80711347333556
[ 0.73040929 -0.21825346 -0.90806549  0.00448814  1.91887868 -0.46109777] -235.07770407327155
[ 1.20111439 -1.8276235  -1.13950316 -0.08127225  1.40731693 -0.29072087] -229.3768160279951
[ 1.3356974  -3.31216511 -1.59116117 -0.55037692  1.53922779  0.08337545] -232.03169067500892
[ 2.3976375  -1.03127336 -1.74963381  1.15472913  2.58540858 -1.15583284] -237.41283702620257
[ 1.82369001 -0.82297345 -1.3133299   0.78989278  2.02052691 -0.91763247] -232.91143806621838
[ 2.24902761 -1.62574188  0.31504439  0.64995168  1.39885788 -1.2696488 ] -229.49723235967494
[ 0.7167717  -3.34011892 -0.33613041 -0.52621117  0.18008974 -0.61087819] -242.7276835897844
[ 1.82489769 -0.12402083 -0.716263    0.84742641  1.91505946 -0.92801698] -232.09382769312404
[ 2.25284843 -0.27119691 -1.88443117  1.18413995  2.46215145 -0.37986024] -234.42829099624265
[ 1.58164126 -0.56989563 -1.04079469  0.06539174  3.07001578 -0.60149978] -244.1647134448527
[ 1.72967623 -0.93750469 -0.89123973  0.81596081  1.24568994 -0.76099439] -230.82955325095116
[ 2.96334217 -1.65143363 -0.9685087   1.39754498  1.56432218 -1.05452681] -231.77107153937402
[ 1.67773427 -2.05856908  0.31316447  0.28902819  0.72177298 -1.3606532 ] -233.52845061580837
[ 1.82151281 -1.61172604 -0.23623444  0.51280613  1.1568676  -1.11545496] -230.34372372658441
[ 2.10616695 -1.76971007  0.10109502  0.59091314  0.87551109 -0.88882179] -229.52915045588895
[ 2.1987157  -3.01722578 -0.22351921  0.44787508  0.63446241 -0.86537223] -232.5354740963331
[ 1.91835219 -0.84732206 -0.59307705  0.74753858  1.5949102  -0.91235579] -229.86968167468046
[ 0.71194123 -1.22177579  0.15387037 -0.31891228  0.9953957  -0.69147206] -232.28090699283237
[ 2.40049193 -1.54401917 -0.68791393  0.96843067  1.42209056 -0.96376312] -229.70601762743016
[ 2.1692124  -2.13787622  0.14437668  0.31349518  1.37282815 -1.05259405] -228.47140657054888
[ 2.38898049 -2.73806198  0.66218488  0.06226236  1.43639725 -1.19839389] -229.32176527405775
[ 2.19327569 -1.63903826 -0.38375825  0.55021287  1.53363734 -0.67717985] -227.41839288655888
[ 2.37915712 -1.65269438 -0.45752015  0.56891624  1.72202221 -0.4580423 ] -226.84938232683706
[ 2.25003794 -2.67189968  0.01827     0.25593964  1.13796541 -0.72884119] -228.17662568261892
[ 1.71774688 -2.35116274  0.34850152 -0.20244946  1.21607666 -0.59912655] -227.4143047111681
[ 1.8825985  -2.31928939 -0.35803859 -0.08938614  1.87617799 -0.57750279] -229.4856795142037
[ 1.6175948  -2.69444009 -0.79634896 -0.39487061  1.51193789  0.03403955] -227.78311143248
[ 1.89568935 -2.12594281 -0.26936944  0.24263905  0.91320443 -0.45425901] -227.58387366430532
[ 2.80869844 -2.71704847  0.80213971  0.34249559  1.21736132 -0.79555365] -227.35415937625413
[ 2.05376244 -2.59985317 -0.26248578 -0.04260503  1.20002782  0.05199967] -225.3742934875283
[ 1.99603746 -2.83084164 -0.46591701 -0.22065513  1.11362766  0.60429654] -224.63129613248924
[ 1.88827007 -2.11881037 -0.29777477 -0.14391441  1.42677798  0.17262605] -224.63601951000507
[ 2.61093831 -1.90439338  0.68303559  0.59054791  1.02441886 -0.54405919] -226.10436455545965
[ 2.57126008 -2.39904085  0.4735244   0.06900787  1.6602238  -0.08569402] -225.06083787143902
[ 3.03370695 -2.18978028 -0.10267226  0.60458215  1.50540062  0.23031769] -223.88715415542316
[ 3.69168699 -2.10908905 -0.32825916  1.00809795  1.65006259  0.64503981] -224.42620929104118
[ 2.01775823 -1.6481385  -0.85791445  0.14699928  1.60012906  0.76870191] -224.1002933346428
[ 2.32683324 -2.71097396  0.26828065 -0.22006035  1.05483712  0.84010529] -222.30937310723084
[ 2.3006713  -3.24011375  0.63118105 -0.61454864  0.72124458  1.48917908] -222.81991936723688
[ 2.00035037 -2.72813515 -1.01052673 -0.51189477  1.76257989  1.38751034] -226.71962831159126
[ 2.45829132 -2.11032882  0.25964501  0.31493724  1.20895912 -0.06116681] -223.94823388111166
[ 2.00237235 -2.13725034 -0.87230868  0.09162173  0.97635338  0.93732091] -223.14137813738984
[ 2.72339645 -2.42362748 -0.29252081  0.38305605  1.05965767  0.93389913] -222.2455522890357
[ 3.14095963 -2.57603604 -0.28989383  0.64654128  0.87609751  1.31453567] -222.5047343815452
[ 2.85808205 -1.57585816 -0.06657984  0.66103383  1.35481799  0.61209617] -221.67702757290573
[ 3.28910434 -0.94836641  0.13308874  1.1018783   1.47541316  0.61599598] -221.9477481607226
[ 3.11646923 -2.73446785  0.5891958   0.46472426  0.78654624  0.39548888] -224.17480813260363
[ 2.29243598 -1.91972084 -0.49613689  0.22643053  1.39673335  0.67539865] -222.79867940839685
[ 2.62065102 -2.20874153 -0.78029095  0.26728407  1.24030759  1.47087942] -221.6717247375303
[ 2.70183086 -2.25794789 -1.30025893  0.24345749  1.25598183  2.23690253] -222.3336938148463
[ 1.90755008 -2.13561049 -0.64384658 -0.13479353  0.85550175  1.5929155 ] -221.48632594024826
[ 1.34447164 -2.10852559 -0.91443373 -0.50448137  0.53055232  2.2742144 ] -223.1408298434066
[ 2.90727725 -2.18759381  0.20194387  0.30269514  1.34426511  1.10444381] -220.82889953390074
[ 3.3597297  -2.21276554  0.73907015  0.40823185  1.52822098  1.18800526] -220.91383522533852
[ 2.82216072 -2.49441431  0.05846567  0.19330787  0.90639573  1.50938112] -220.50963334911089
[ 3.08702309 -2.78176104  0.33576694  0.17674655  0.66122691  1.92637235] -220.67844560623072
[ 2.95287261 -1.63097463 -0.77589019  0.77758816  1.19881149  1.56776642] -220.99826159904825
[ 2.63280146 -1.65410349 -0.37621187  0.30598246  1.24037556  1.68526168] -219.61713813974754
[ 2.58750397 -1.26934149 -0.41805739  0.26744567  1.3307345   2.06094296] -219.0574819335348
[ 2.40792316 -2.3997006  -0.71931202 -0.10319136  0.9371874   2.49001357] -220.35194432492744
[ 2.57444491 -1.83047024  0.01472541  0.16706658  0.95065774  1.97094171] -218.6606834950549
[ 2.55134186 -1.6413346   0.41223358  0.11695783  0.80583281  2.22097285] -217.89725999648863
[ 3.50214312 -1.73884266  0.23030775  0.6530613   1.31890726  2.05825808] -218.86358292102037
[ 2.63991075 -2.27943452  0.69775068 -0.30082934  1.01562944  2.24690438] -218.37146506147522
[ 2.59638394 -1.75342892 -0.11481445 -0.02711115  0.7606306   3.09104718] -217.6557858646626
[ 2.44093729 -1.53634647 -0.27319361 -0.1920143   0.46881335  4.08434886] -218.13033416882985
[ 2.60624155 -1.19961329 -0.02909628  0.00880311  1.14991161  3.21333189] -217.54894413280223
[ 2.49828197 -0.55221278 -0.07287725 -0.08344928  1.27166956  4.06530727] -218.83124644880394
[ 3.08658523 -0.89429789  0.97875331  0.34263384  1.19002801  2.47380554] -216.5693706597038
[ 3.42591627 -0.14159654  1.82778598  0.56554644  1.31644831  2.46570152] -217.13801785568043
[ 3.07336485e+00 -1.89964247e+00  1.14310226e+00 -2.94047814e-03
  7.49578743e-01  3.04049701e+00] -216.9022185715128
[ 2.01579961 -1.48374124  0.79900195 -0.60722337  0.57162981  3.37059487] -217.83766722308138
[ 2.66999493 -0.67791828  0.36530944  0.24453593  0.72690775  3.55651207] -216.84959114654714
[ 2.79811484 -0.99487943  0.63518516 -0.1307252   0.91039604  4.02762333] -216.5397714949419
[ 2.92150133 -0.67165185  0.74666095 -0.25456672  0.96267765  4.93094857] -217.8090386792415
[ 3.59442884 -0.98951885  0.1938112   0.75228871  1.25752111  3.09701081] -217.38698989077682
[ 3.34652614 -0.46519449  1.21050281  0.43197645  1.23415048  3.37854637] -216.37155018762493
[3.72159724 0.17892273 1.87316145 0.66152026 1.47091042 3.52229597] -217.46936261070334
[ 3.58343006 -0.77420385  1.53798434  0.53711998  0.8729491   3.31133315] -216.3301788198282
[ 4.07202432 -0.56149913  2.32152466  0.80127842  0.73446784  3.36033379] -218.28076640941057
[ 2.59157652 -0.91252661  1.76313458 -0.27808854  0.63714893  3.49909502] -216.87541330656566
[2.95204439 0.32663562 1.02052096 0.38542463 1.10761469 3.70847482] -217.2594241379872
[ 3.04303474 -1.34307295  1.11245694  0.0941508   0.83908773  3.20749146] -216.19613073732145
[ 3.5843188  -0.80399568  0.18359609  0.78465247  1.28735744  3.15267562] -217.3325173215106
[ 2.83976209 -0.88539388  1.36824996 -0.01240329  0.79970106  3.41249017] -216.1706585431743
[ 3.56248944 -1.10776255  1.91573473  0.17638159  1.22186305  3.04725127] -216.562323138296
[ 3.30453387 -0.96253782  1.614618    0.02286628  0.76935448  4.32110638] -216.4601345645938
[ 2.74264448 -0.70066492  0.57726434  0.13794675  0.58668324  4.17227902] -216.94779595818537
[ 3.3575282  -1.00598814  1.58111713  0.16677288  1.0630681   3.32850821] -216.08043898784982
[ 3.69349019 -0.81725094  2.17312457  0.54421957  0.94904095  2.95886859] -216.90907783696974
[ 3.02195868 -0.95047231  1.01967001  0.03801099  0.92005726  3.76043465] -216.08787878508218
[ 3.09287943 -0.84557072  0.99537573  0.39567633  1.14031677  2.47849495] -216.56628446034455
[ 3.25162026 -0.93329604  1.45980744  0.11606879  0.86209505  3.86045353] -216.07963378306712
[ 3.01925187 -1.4989479   1.48259246 -0.1187364   0.55150228  3.58169068] -216.5686807462989
[ 3.26470757 -0.72363284  1.27852523  0.29429824  1.06348843  3.42933245] -216.06005996038252
[ 2.67610712 -1.17308154  1.06862456 -0.30482051  0.97621678  3.688237  ] -216.61872019474382
[ 3.35659933 -0.87392327  1.4206444   0.32663486  0.89876602  3.40555912] -216.00108491862593
[ 3.32102397 -0.44782922  1.59688112  0.21564336  1.02997091  3.85810124] -216.22941212537643
[ 3.11253204 -1.11926201  1.23356298  0.12452394  0.88680853  3.37014391] -216.01949229362987
[ 3.61521994 -0.98346433  1.29619244  0.36783985  1.0983934   3.63898711] -216.24329274521173
[ 3.03362655 -0.90991149  1.35023558  0.0826575   0.87437415  3.46911441] -216.0079786911186
[ 3.43691264 -0.90486563  1.7549609   0.33230774  0.96280949  3.19393589] -216.17246000436356
[ 3.12569717 -0.93907064  1.20349274  0.11158518  0.93074532  3.61880996] -215.99110049313202
[ 3.02406611 -0.82704396  1.06763898  0.18514995  0.77569106  3.72262958] -216.14642043187357
[ 3.27416267 -0.9612521   1.4527476   0.17136715  0.99122384  3.42703855] -215.99137649574044
[ 3.13748819 -0.90905474  1.1865954   0.25428683  1.01970704  3.0462126 ] -216.06033757836428
[ 3.1660212  -0.91511507  1.25489841  0.21973232  0.98030405  3.24977283] -215.98714955801316
[ 3.09150542 -1.18254535  1.36000201  0.05120207  0.79058553  3.41748047] -216.03376285457983
[ 3.13480596 -1.06781722  1.33963281  0.11197612  0.85881126  3.42044347] -215.97427551429166
[ 3.25110558 -0.76976792  1.44032086  0.21679377  0.95793302  3.49343554] -215.94895376364002
[ 3.32039235 -0.59502087  1.5436998   0.26292868  0.99349526  3.55508135] -216.00229858429415
[ 3.40250409 -0.93240391  1.35367669  0.3033723   0.99822035  3.40257208] -215.9684202721682
[ 3.0948329  -0.98788568  1.26094531  0.05164075  1.00697993  3.46513169] -216.04311412792867
[ 3.29115772 -0.90241387  1.38071963  0.25788633  0.9258195   3.42045226] -215.95166259411127
[ 3.18293456 -0.88094411  1.20483278  0.23574819  0.89272066  3.44145683] -215.94532484155383
[ 3.13732051 -0.84079012  1.08087538  0.26793871  0.84346906  3.44866597] -216.00039945588497
[ 3.3504792  -0.88375006  1.45453433  0.33691783  0.94052429  3.19056771] -216.01711288427794
[ 3.18189268 -0.92524049  1.26625313  0.16791834  0.93319006  3.5117494 ] -215.9498695955321
[ 3.31544566 -0.91108078  1.40691356  0.21149936  0.8752609   3.64693036] -215.94352711196447
[ 3.39015788 -0.90906363  1.48292113  0.20738288  0.82273933  3.84550912] -216.0173004627545
[ 3.40687414 -0.70613314  1.34460607  0.35242998  1.00223691  3.55175535] -215.97561132835938
[ 3.202823   -0.9773962   1.34087613  0.17208958  0.89466767  3.45327144] -215.94289734000336
[ 3.07261565 -0.85654388  1.32629534  0.11727289  0.82831025  3.58652652] -215.99038813492422
[ 3.32003198 -0.9134389   1.34683135  0.25684745  0.95574283  3.44856069] -215.93716959626826
[ 3.19358677 -0.89020893  1.28795632  0.16241256  0.91068555  3.57801582] -215.92325988481397
[ 3.14480129 -0.88410646  1.24157466  0.11467568  0.90311858  3.6567976 ] -215.93190817993323
[ 3.30674984 -0.85570512  1.4096572   0.2505453   0.89581348  3.5088075 ] -215.92392533231495
[ 3.25608502 -1.03982343  1.22536825  0.21292038  0.85036401  3.53224534] -215.9574089572584
[ 3.25235044 -0.83728179  1.38658271  0.21582542  0.93104077  3.50313799] -215.92937223251155
[ 3.34739466 -0.91409313  1.52143964  0.18732503  0.92834974  3.60478444] -215.95405385736552
[ 3.22404959 -0.88923137  1.2839845   0.2236424   0.90162793  3.48228873] -215.9294353934537
[ 3.18441821 -0.87667333  1.27838251  0.21562154  0.9545985   3.34443037] -215.94171520873678
[ 3.29090594 -0.77678361  1.32358874  0.26954197  0.95516868  3.50180893] -215.9210757841174
[ 3.33494741 -0.67647732  1.31494504  0.31826817  0.98541919  3.52607767] -215.93616517847792
[ 3.34480664 -0.84420991  1.4011511   0.24398349  0.89542791  3.66310952] -215.93805091801835
[ 3.30470953 -0.85232577  1.37045895  0.236893    0.91022056  3.58343973] -215.92252042621055
[ 3.20408539 -0.78707329  1.34057812  0.19610611  0.87910949  3.60393887] -215.9239663725777
[ 3.29341305 -0.77722814  1.42228951  0.22013239  0.92571825  3.61076088] -215.92237651609386
[ 3.27879973 -0.80915982  1.33159357  0.22938502  0.89453124  3.62578592] -215.90926343147038
[ 3.29202438 -0.79509884  1.30409899  0.23616483  0.87627647  3.68710989] -215.90618865598063
[ 3.35637778 -0.86204351  1.36543845  0.26245724  0.94551817  3.55270871] -215.91963180622201
[ 3.27025597 -0.79552448  1.28161979  0.21198871  0.94538241  3.66247382] -215.92532596189787
[ 3.29762637 -0.84065996  1.37764785  0.24090615  0.90820571  3.54722408] -215.91343533400104
[ 3.41809892 -0.74450435  1.43321785  0.32628596  0.92968373  3.58300158] -215.9406759288185
[ 3.2497148  -0.85378278  1.3242717   0.20338091  0.91543509  3.57926226] -215.91355749577025
[ 3.28864458 -0.78287318  1.33531946  0.24063483  0.9318869   3.57618518] -215.89969621695266
[ 3.2806121  -0.74814689  1.31774972  0.24250574  0.94272008  3.57255791] -215.89072890441298
[ 3.29567407 -0.84827706  1.24864231  0.26485323  0.92205649  3.53612971] -215.9015252541746
[ 3.29977056 -0.87255273  1.32236094  0.21388073  0.88156866  3.65652193] -215.89793331078718
[ 3.21542965 -0.79079591  1.26615205  0.20477328  0.86990266  3.64022655] -215.89804186092599
[ 3.31066424 -0.77806101  1.28794559  0.26431374  0.88480826  3.63399442] -215.88831981669463
[ 3.34113896 -0.74020013  1.26978253  0.29478015  0.86949484  3.66136051] -215.89373836125606
[ 3.26709863 -0.77031752  1.20466868  0.23459103  0.88423849  3.69495606] -215.88399732027685
[ 3.25183476 -0.7351463   1.1181791   0.23143347  0.87225488  3.76882205] -215.88913918316229
[ 3.26439204 -0.8076182   1.2450741   0.23880775  0.91882174  3.55768564] -215.87475217409497
[ 3.25057587 -0.81387788  1.21556166  0.24012922  0.94009438  3.49297351] -215.86839093971483
[ 3.24570961 -0.74297359  1.28950391  0.20187802  0.87905435  3.69428042] -215.87205998205047
[ 3.33604735 -0.78451396  1.27977812  0.26099287  0.93425874  3.60820154] -215.86471573556645
[ 3.3963562  -0.78137299  1.28659115  0.28910267  0.96643678  3.59218903] -215.86730204361913
[ 3.26379871 -0.67341088  1.20937495  0.26758948  0.94015611  3.57579936] -215.8659813613078
[ 3.2773527  -0.77290473  1.17786124  0.24732571  0.87815004  3.66084386] -215.85795156546706
[ 3.27572301 -0.78528365  1.10791701  0.2497357   0.84586502  3.70498683] -215.85948736700462
[ 3.23619672 -0.74127184  1.1709706   0.21985504  0.93384244  3.60835716] -215.8466456339149
[ 3.19896295 -0.72287726  1.11248311  0.19762569  0.95835953  3.59553852] -215.8455057421591
[ 3.25705044 -0.73320192  1.22351898  0.23725597  0.95911922  3.51425635] -215.83517763997162
[ 3.25202634 -0.71464411  1.23294412  0.23858843  0.99655959  3.42390649] -215.83267751295858
[ 3.28054503 -0.75110269  1.11983049  0.28220579  1.00347178  3.42480734] -215.85764317069214
[ 3.28566849 -0.65927333  1.16186235  0.25798011  0.96355755  3.60339219] -215.8257749713949
[ 3.3032148  -0.58197106  1.1350127   0.26690555  0.97528914  3.65860153] -215.82137921614955
[ 3.28558435 -0.76926039  1.14326164  0.23029187  0.97520683  3.54816707] -215.8089022639955
[ 3.29647718 -0.81718514  1.11020499  0.21164307  0.99273219  3.53435092] -215.80394143467225
[ 3.20014565 -0.6690477   1.0163341   0.22043854  1.00059535  3.49114802] -215.8108983584471
[ 3.23310461 -0.64603792  1.06440859  0.22514332  1.09751916  3.38194041] -215.88544934346362
[ 3.26629068 -0.74118803  1.14949808  0.24178011  0.93299232  3.591118  ] -215.82408268085067
[ 3.22516083 -0.66453508  1.13232854  0.17678801  0.94870426  3.67341382] -215.78417617592203
[ 3.19746874 -0.62125127  1.13857757  0.12407913  0.92132051  3.79771705] -215.7807201944132
[ 3.30624484 -0.65888518  1.14837408  0.23685259  0.98147016  3.57007548] -215.74417763815111
[ 3.35988579 -0.62688914  1.16631957  0.25646603  0.99302548  3.55734396] -215.7069117807039
[ 3.2891346  -0.63786667  1.00570488  0.20184904  0.94209207  3.78618667] -215.7682633677525
[ 3.2824849  -0.5768823   1.04121986  0.18534701  1.00869259  3.68399805] -215.74037015599265
[ 3.23865082 -0.73440301  1.02444095  0.13303539  0.97753025  3.62498003] -215.70755997226098
[ 3.35455502 -0.66911148  1.14582184  0.15036801  0.94453568  3.8370442 ] -215.71048043505482
[ 3.27758278 -0.47161615  1.06382324  0.13873847  0.93633334  3.89473907] -215.7015793709194
[ 3.26813559 -0.29883165  1.04063236  0.10228617  0.90813391  4.07493314] -215.74755151013414
[ 3.4032959  -0.61767164  1.01053255  0.23118886  1.0127493   3.6637136 ] -215.6778966317857
[ 3.50620949 -0.61588182  0.94651003  0.28474372  1.05846369  3.59671188] -215.6984329241395
[ 3.3496838  -0.59432457  1.14501445  0.16319888  1.01553014  3.63441963] -215.62574189956936
[ 3.3799584  -0.57255352  1.21466923  0.1438738   1.05224918  3.55853612] -215.58567889976612
[ 3.38882467 -0.65386601  1.16731593  0.16587651  0.96344848  3.69478761] -215.59300255387447
[ 3.32817777 -0.55655502  1.06987865  0.20602501  1.03390966  3.49432259] -215.5992388804553
[ 3.47392428 -0.43198081  1.20640544  0.2476875   1.01970823  3.66283429] -215.59063287890436
[ 3.39070215 -0.47452525  1.07788877  0.12133068  1.01310725  3.7656338 ] -215.54105990761713
[ 3.40611033 -0.3983433   1.03367337  0.05376301  1.02314814  3.86977872] -215.5233558094947
[ 3.51584767 -0.60537395  1.17033516  0.21073309  1.09873766  3.41991858] -215.56063132197275
[ 3.4276518  -0.45521923  1.27689338  0.11146411  1.05098449  3.56967903] -215.4544145093385
[ 3.43982976 -0.37399303  1.4100738   0.05160174  1.07010208  3.52266174] -215.3983405056895
[ 3.53998727 -0.45548186  1.33094566  0.08515355  1.04188826  3.74851643] -215.4726436310526
[ 3.5297279  -0.29204281  1.28805162  0.09839439  1.13849604  3.56596102] -215.4740767581899
[ 3.46322949 -0.46728202  1.27617751 -0.03318098  1.12183223  3.56562325] -215.45340413866037
[ 3.5849524  -0.2916188   1.28841647  0.01161447  1.11248562  3.6722838 ] -215.36973623158298
[ 3.68744941 -0.15115144  1.3252901  -0.0545152   1.14260384  3.72915763] -215.36557032275564
[ 3.50626372 -0.10739087  1.3844022  -0.14366092  1.0806192   3.91398102] -215.45809990937954
[ 3.64938552 -0.21743738  1.63797359 -0.05249882  1.17536574  3.47885497] -215.44751756271822
[ 3.56565382 -0.29886939  1.500236   -0.14742793  1.07230775  3.75363733] -215.33254705602545
[ 3.58361678 -0.30228268  1.60632819 -0.27033908  1.0392136   3.84747549] -215.33120399403523
[ 3.56993762 -0.08436394  1.54913613 -0.25268463  1.16802397  3.60406828] -215.39066691626002
[ 3.62488581 -0.42477929  1.55059091 -0.0602114   1.15842795  3.33529943] -215.35407605754529
[ 3.72180547 -0.05072057  1.75028673 -0.17970148  1.1294135   3.6068826 ] -215.3176108202123
[ 3.85109345  0.15756015  1.98734134 -0.25296174  1.13320414  3.62751228] -215.43450828208552
[ 3.55978942 -0.24499294  1.42592837 -0.20278454  1.06056257  3.73632675] -215.18049929787085
[ 3.51499138 -0.25877072  1.31990575 -0.2779274   1.00316099  3.86506264] -215.10126504396382
[ 3.79439906 -0.05002985  1.62377214 -0.41672814  1.14351254  3.80665362] -215.47353066899308
[ 3.52847208 -0.29300224  1.46349838 -0.06548073  1.08845469  3.59365971] -215.28438162111024
[ 3.65046936 -0.40920504  1.45616388 -0.05004047  1.01906756  3.72177756] -215.2192254017188
[ 3.52063088 -0.42843541  1.72363452 -0.24671832  1.00330893  3.59422818] -215.18212115790533
[ 3.54844284 -0.15602626  1.55601491 -0.30319109  0.93577847  4.07439597] -215.2334128966556
[ 3.57798722 -0.22977074  1.48350654 -0.10401408  1.02051445  3.63786006] -215.0598119328139
[ 3.57517245 -0.19351477  1.42209572 -0.02085158  1.01116487  3.53305235] -214.99966674686723
[ 3.39092086 -0.5289309   1.230151   -0.14170171  0.89089833  3.85384287] -215.15101704492872
[ 3.53840384 -0.36529213  1.43915688 -0.28132946  0.86600502  3.95379348] -214.98259434834225
[ 3.54336972 -0.40143708  1.42698612 -0.38925382  0.75478018  4.13386036] -214.9741293211486
[ 3.51674204 -0.58407171  1.30363075 -0.07230667  0.95834848  3.49287869] -215.01598398386827
[ 3.37013976 -0.38918182  1.3526374  -0.33287937  0.8548197   3.76919747] -214.8108708839199
[ 3.22997495 -0.37917021  1.30087416 -0.47429882  0.77269578  3.79290742] -214.6935079992758
[ 3.40309292 -0.35352973  0.94424665 -0.21206168  0.79370728  3.96297326] -214.88521047170573
[ 3.53686029 -0.19456717  1.34242872 -0.34053161  0.87372086  3.73973537] -214.60051694032606
[ 3.60983    -0.0273853   1.39856759 -0.43994656  0.86513212  3.68268163] -214.4096841091228
[ 3.44440265 -0.38759888  1.27889457 -0.25831231  0.71544858  3.66772193] -214.61343663652056
[ 3.41853886e+00  3.19305760e-03  1.28692418e+00 -5.25934919e-01
  6.79294457e-01  4.09818696e+00] -214.5873206680067
[ 3.30789725 -0.32179461  1.12340204 -0.74575113  0.5158546   4.2463915 ] -214.73847827890432
[ 3.26120916 -0.08732482  1.01731694 -0.49618131  0.69259742  3.68309387] -214.27662991115199
[ 3.12012888  0.06973131  0.81248235 -0.54964506  0.66150604  3.45771062] -214.17113939751866
[ 3.30716461  0.00585485  1.45613498 -0.78590126  0.60960324  3.68556009] -214.19993459424768
[ 3.40211606  0.08333622  1.38789057 -0.26559518  0.91870547  3.21519804] -214.48167195342057
[ 3.53741873  0.29488063  1.23942392 -0.46747961  0.71053419  3.47611233] -214.06793137397068
[ 3.69114062  0.63190606  1.2086988  -0.46407001  0.6794534   3.31771479] -214.0921844818534
[ 3.3539964   0.53080247  1.24824662 -0.75318855  0.76614326  3.53742796] -214.03729594633205
[ 3.30879327  0.99000314  1.23292265 -1.00062667  0.7914906   3.47228098] -214.1654722969967
[ 3.35834604  0.31588033  1.22732449 -0.56131716  0.83124698  2.92004327] -213.99683021610218
[ 3.32824963  0.47222397  1.19752465 -0.57900828  0.90722325  2.33097142] -214.2781328445022
[ 3.36017882  0.31325188  1.07283608 -0.92023089  0.56268314  3.70464726] -213.91117098235068
[ 3.3392102   0.4282097   0.91530884 -1.24754874  0.38467198  3.94937187] -214.2149278930208
[ 3.06924783  0.53751913  0.9535819  -0.90597428  0.51544017  3.24448555] -214.05941030380674
[ 3.29260762  0.6815004   0.72849681 -0.60004392  0.73958135  3.09458224] -213.9885639882287
[ 3.53713627  0.82154697  1.34415426 -0.85309974  0.71370366  3.20138892] -213.88796805664364
[ 3.74563996  1.1974548   1.60999022 -1.00482709  0.73980247  3.07322807] -214.22283657666122
[ 3.11975226  0.77195309  0.9521228  -1.06380523  0.665732    3.09141273] -213.84778702659136
[ 2.91091902  1.01048932  0.80847224 -1.36196804  0.6433309   2.89906293] -214.11959656724002
[ 3.60475798  0.60745925  1.23747846 -0.67792089  0.9109233   3.27201524] -214.03223332941832
[ 3.4035966   0.63972817  0.93922435 -0.80561739  0.70848022  2.89060193] -213.7518548395508
[ 3.4283967   0.69419103  0.78471321 -0.83183181  0.6796487   2.56718891] -213.89599794772528
[ 3.08578122  0.5738277   0.85057447 -0.92345056  0.49621915  3.02887687] -214.0652136189108
[ 3.47501379  0.59905136  1.14075246 -0.7393033   0.80724726  3.21123065] -213.8402344864664
[ 3.37108241  0.95979696  0.83187109 -1.099383    0.56789556  3.47791131] -213.86909688803715
[ 3.4629791   0.68694241  1.36515687 -1.2271026   0.60233259  3.43114869] -213.85681222225622
[ 3.42967465  1.17975444  1.11825786 -1.0092062   0.79244729  2.72991748] -214.04407302559068
[ 3.37755278  0.52987752  1.08419153 -0.94247472  0.62012418  3.46096481] -213.76989685378817
[ 3.19952271  0.5742362   0.76028544 -1.106129    0.61023361  3.31970112] -213.72288544235712
[ 3.03071593  0.45058082  0.46835103 -1.23264363  0.55849858  3.37885722] -213.88163420346902
[ 3.30839     0.30746596  1.24870672 -0.86209441  0.77015439  2.990442  ] -213.79106880126994
[ 3.16496361  0.45382836  0.67660423 -0.61270542  0.79165796  2.89030239] -214.007254400068
[ 3.38847523  0.6286639   1.19301871 -1.0735033   0.64966393  3.29593711] -213.73016157735825
[ 3.59776477  0.32105462  1.16993693 -0.77923548  0.72290253  3.29821314] -213.76173248883697
[ 3.28342024  0.40129076  0.99103543 -1.11704813  0.55327236  3.20738939] -213.71496087405714
[ 3.18762347  0.30241046  0.91617692 -1.30592054  0.42628491  3.20546876] -213.97901437669174
[ 3.44172078  0.72415109  0.79719074 -1.0792416   0.51807122  3.50049383] -213.8197596274428
[ 3.34172269  0.41163725  1.13582773 -0.91638121  0.7071336   3.11795496] -213.70063949841577
[ 3.36061463  0.46232611  0.978918   -0.99016346  0.69710457  2.9156344 ] -213.64428153378597
[ 3.35214556  0.42855041  0.92628124 -1.01400783  0.73559477  2.6429692 ] -213.7083323481307
[ 3.06135259  0.71823952  0.82949962 -1.22371202  0.58572689  2.95085983] -213.85457461948073
[ 3.46366173  0.42035084  1.08482761 -0.89035461  0.68860862  3.21137481] -213.67538014427606
[ 3.27554248  0.32644018  1.10874663 -1.22557585  0.59352535  3.46539534] -213.7841141092997
[ 3.37158307  0.56140618  0.98160492 -0.910607    0.6797415   3.03430028] -213.67654754381113
[ 3.28503313  0.31508522  0.784481   -0.90339117  0.66236749  2.97284787] -213.68620199201882
[ 3.50248912  0.28312925  1.22527945 -0.80318619  0.71917577  2.83346612] -213.75690855978965
[ 3.27526431  0.50145946  0.87653394 -1.0303933   0.63746915  3.19814237] -213.66461504358523
[ 3.41587295  0.48946426  0.9563623  -0.76338212  0.80420262  2.94269551] -213.7469469542888
[ 3.31653342  0.42333414  0.98236715 -1.02863163  0.61600492  3.14121592] -213.6621536456921
[ 3.34917407  0.48301674  0.76041648 -1.00146585  0.61996515  3.03988359] -213.6608817251767
[ 3.42724395  0.63554594  1.1037417  -1.04714745  0.65059715  3.20733592] -213.6793746770028
[ 3.39169124  0.55543076  1.02392653 -1.01120838  0.65353974  3.14871391] -213.65143038133442
[ 3.34739674  0.38723317  0.92072499 -1.0734654   0.62448922  3.18402139] -213.64136810916656
[ 3.33530357  0.30014667  0.89028502 -1.1548946   0.59686308  3.25888195] -213.67819344458005
[ 3.21656308  0.51724929  0.76280142 -1.15475472  0.59424896  2.99782905] -213.6933197446627
[ 3.40188707  0.44457545  1.00432106 -0.95645464  0.66501871  3.15798837] -213.6463186455178
[ 3.44716808  0.41717933  1.01369079 -0.99006982  0.65457162  2.99767683] -213.64104883834216
[ 3.53311996  0.37503926  1.08226921 -0.96990808  0.66312286  2.89744405] -213.67947914636719
[ 3.44944386  0.49325305  0.9182988  -0.97897755  0.68889141  3.00675691] -213.6308581281098
[ 3.51589908  0.52821251  0.88626462 -0.95415052  0.72533466  2.93952741] -213.6569892260861
[ 3.45022647  0.43698256  1.19287691 -0.99864723  0.70790661  3.09704701] -213.6694203968003
[ 3.37443717  0.47150819  0.86853159 -1.0007612   0.64195052  3.05417445] -213.6371647901696
[ 3.40195794  0.33659434  0.87756855 -0.98542231  0.67046895  2.95670354] -213.6408764210668
[ 3.39178574  0.41145595  0.85492318 -1.04983194  0.66080672  2.88033413] -213.64633620914347
[ 3.39936173  0.43629558  0.96697159 -0.97979897  0.66396571  3.08857481] -213.633035480071
[ 3.44597387  0.38502844  0.8763441  -1.01266829  0.61767457  3.18033491] -213.65155023200938
[ 3.38195444  0.4430017   0.95327453 -0.99578966  0.67724707  2.98180953] -213.6318938682563
[ 3.470711    0.47871089  0.94538696 -0.90347443  0.70787587  2.84454397] -213.67100767104014
[ 3.3782253   0.4101026   0.92689048 -1.03096766  0.64533588  3.09915203] -213.62956484404376
[ 3.34795874  0.44640583  0.82348772 -1.00050263  0.67471489  3.0647136 ] -213.63108643828534
[ 3.37516915  0.56359464  0.94158302 -1.01017691  0.66023288  3.14169024] -213.64284678704053
[ 3.39526074  0.39334442  0.89357217 -0.99161096  0.66790993  3.00295022] -213.63095190192996
[ 3.4096311   0.4026262   0.95896684 -0.99178795  0.69740445  3.02714459] -213.62670975683943
[ 3.42722807  0.3681852   1.00418447 -0.98730133  0.72513142  3.01362966] -213.63660060577095
[ 3.38812966  0.42661569  0.85785859 -1.01674651  0.6865355   2.97226748] -213.6269271636055
[ 3.40759536  0.41444757  0.83975034 -1.00774142  0.67635029  3.07585208] -213.6275215349033
[ 3.46146993  0.40039068  0.97495802 -1.00544139  0.6794276   2.99666084] -213.63141811077045
[ 3.37633654  0.43490204  0.86135529 -1.00173732  0.67589307  3.04770041] -213.6261551735261
[ 3.40785987  0.46730463  0.89413461 -1.01770851  0.6888936   3.07334095] -213.62227353493097
[ 3.41415943  0.50428474  0.89441584 -1.03075729  0.69938544  3.10853632] -213.62612706499036
[ 3.33981542  0.35874653  0.86135325 -1.04325224  0.66791285  3.09172894] -213.62847949635864
[ 3.39823068  0.42477828  0.83091583 -0.99535699  0.71899404  2.99685945] -213.63261549927455
[ 3.38322665  0.41377152  0.90289682 -1.02206499  0.66375042  3.07357889] -213.6243727625182
[ 3.45111097  0.49447603  0.91030091 -0.97601     0.69502959  2.99823253] -213.63177629477156
[ 3.36763931  0.3926789   0.87359017 -1.02644168  0.67469204  3.06835483] -213.6240629129937
[ 3.37001235  0.43151876  0.94318377 -1.01775423  0.68603941  3.0116103 ] -213.6253127588266
[ 3.38343894  0.420985    0.95351725 -1.00908505  0.67568883  3.12830918] -213.62858547287752
[ 3.38695698  0.42520802  0.88177325 -1.01483115  0.68382383  3.0112779 ] -213.62369433045416
[ 3.35437946  0.45250176  0.8266778  -1.04172468  0.66029301  3.06814318] -213.6267747315425
[ 3.39581819  0.41509509  0.92589458 -1.00427213  0.68812659  3.03739423] -213.6238276574281
[ 3.39416791  0.4136236   0.94580244 -1.03262024  0.68588223  3.04415196] -213.62169807166825
[ 3.40308359  0.40298438  0.98802601 -1.0480617   0.69087681  3.04237774] -213.6238645842615
[ 3.40854395  0.41104183  0.86484685 -1.02155867  0.6756835   3.09108929] -213.62513965846213
[ 3.39891105  0.41616106  0.88443108 -1.02060756  0.67827248  3.07121954] -213.62286721125386
[ 3.40055779  0.42958558  0.89897856 -1.0167621   0.70281317  3.02833426] -213.6230415791294
[ 3.42711796  0.46298042  0.93674801 -1.00915888  0.70124526  3.02021812] -213.62391401191596
[ 3.41224829  0.44540504  0.92095855 -1.01347958  0.69460696  3.0322523 ] -213.622171369399
[ 3.40441577  0.45066755  0.88279825 -1.03439758  0.68997083  3.04946474] -213.6210463534946
[ 3.40871456  0.46845378  0.86125009 -1.04946031  0.69089296  3.05549999] -213.62173058291694
[ 3.41909658  0.44904114  0.92726125 -1.03036071  0.69632259  3.08831001] -213.62271035630354
[ 3.41167537  0.45114877  0.9194835  -1.03296263  0.67516973  3.09124558] -213.62136400955671
[ 3.41757688  0.47623585  0.94571512 -1.03323553  0.69867617  3.05503564] -213.6221251869829
[ 3.39688478  0.45242068  0.90903624 -1.02444065  0.68141059  3.02685371] -213.62161130603437
[ 3.40446313  0.42919586  0.94713009 -1.03933689  0.68634523  3.02632702] -213.6211417660945
[ 3.39747965  0.44569239  0.92903    -1.05218493  0.67787797  3.06544058] -213.619706088971
[ 3.39009534  0.44583607  0.93306572 -1.0715376   0.66951348  3.08203473] -213.62010969547651
[ 3.38545199  0.40468043  0.89871172 -1.03874545  0.66687602  3.04612556] -213.62297110015203
[ 3.40954566  0.458347    0.93396427 -1.03461301  0.69072614  3.05280812] -213.62046431473414
[ 3.41398688  0.48220048  0.89467834 -1.04002499  0.6812846   3.05989462] -213.62068713077957
[ 3.41697071  0.45333001  0.92665857 -1.05339936  0.68571425  3.08820651] -213.62076870947052
[ 3.40394523  0.455329    0.91860301 -1.05168962  0.69546994  3.02280162] -213.61981551427735
[ 3.41098483  0.48599295  0.88144739 -1.04943293  0.68733601  3.08654504] -213.6216525011208
[ 3.40609356  0.44339513  0.93070941 -1.0418609   0.68659293  3.04138153] -213.62017185394936
[ 3.41159146  0.46209712  0.96174961 -1.05686002  0.68258444  3.06071292] -213.62044733506337
[ 3.39724344  0.46235703  0.92958631 -1.03901179  0.68579776  3.01280662] -213.6206275788491
[ 3.39464612  0.42687208  0.97320253 -1.05204844  0.69173179  3.02542251] -213.62209402826318
[ 3.40915169  0.46836838  0.91430939 -1.04303085  0.6838964   3.05127659] -213.61972772580674
[ 3.41535898  0.44871931  0.93320225 -1.05440132  0.68658485  3.08533383] -213.62065423710192
[ 3.40177233  0.4589476   0.93049029 -1.04285917  0.68599453  3.03093842] -213.6197804955093
[ 3.40046565  0.45292955  0.9276663  -1.06154882  0.68007927  3.03804244] -213.6192909703642
[ 3.39592565  0.45022082  0.92451732 -1.07501673  0.67475583  3.0306596 ] -213.61948820392988
[ 3.39471125  0.44612357  0.88851985 -1.04086474  0.68738591  3.02258081] -213.62046356135315
[ 3.40737141  0.45810373  0.94344217 -1.0528612   0.68378481  3.05117989] -213.61964358791738
[ 3.4006351   0.46972842  0.92380431 -1.05953063  0.68244138  3.04517832] -213.61886973034754
[ 3.39790586  0.48289506  0.92035176 -1.06836549  0.6803656   3.04707672] -213.6188639490779
[ 3.4007703   0.46698324  0.93649363 -1.05526053  0.66852958  3.07184993] -213.6204670684279
[ 3.4031515   0.45824256  0.92307566 -1.05258235  0.68873485  3.0350637 ] -213.61924118019706
[ 3.40340293  0.46312962  0.9221348  -1.06733204  0.67891844  3.06508822] -213.6189012803096
[ 3.39410731  0.45196259  0.94092418 -1.07526076  0.67935725  3.04935393] -213.61924415146152
[ 3.40465523  0.47672864  0.93016829 -1.07379863  0.68586877  3.02982771] -213.61911337869407
[ 3.39385809  0.47052561  0.91133149 -1.08010149  0.68065659  3.03697101] -213.61844810395144
[ 3.38710143  0.47673655  0.89527615 -1.09372164  0.67909248  3.02986657] -213.61879840367212
[ 3.39856132  0.48156515  0.92166242 -1.0775981   0.68455456  3.04975133] -213.61875422230904
[ 3.40640433  0.49239962  0.90198397 -1.06466527  0.68700902  3.0385723 ] -213.61949250744024
[ 3.39718157  0.46207185  0.93118912 -1.07261189  0.68127019  3.04665852] -213.61866518137865
[ 3.39537017  0.48739608  0.92253697 -1.0940202   0.6751432   3.05672748] -213.6190979444612
[ 3.39077141  0.47246581  0.91290056 -1.07954444  0.67443409  3.07093005] -213.61873382760612
[ 3.39852356  0.45682162  0.91731975 -1.05449762  0.68492329  3.04876447] -213.6192378085472
[ 3.39615852  0.47975247  0.92123266 -1.08413955  0.67758822  3.05473673] -213.61869489381243
[ 3.38807599  0.48662902  0.91742121 -1.08678828  0.68070465  3.03695323] -213.6187835115378
[ 3.39029644  0.46810824  0.9182274  -1.09189576  0.6793705   3.05159023] -213.61883679778447
[ 3.39219879  0.47180495  0.91875849 -1.08601319  0.67961927  3.05046185] -213.61844283132947
[ 3.40150057  0.45943292  0.92160371 -1.07321461  0.67866966  3.0662166 ] -213.61882596620558
[ 3.39143214  0.47983     0.91846683 -1.08339486  0.6801959   3.04426907] -213.6185037633259
[ 3.38863885  0.46391841  0.9162973  -1.08433705  0.67336686  3.05159108] -213.61892944959308
[ 3.3960807   0.47715346  0.92032114 -1.07928283  0.68175764  3.05021127] -213.61855959286638
[ 3.39819852  0.4745803   0.92753269 -1.0823035   0.68592851  3.02350611] -213.61899687086256
[ 3.39262819  0.47299443  0.91655859 -1.0802342   0.6773077   3.05907406] -213.61852027464738
[ 3.39163465  0.46504097  0.91764256 -1.07640661  0.68268088  3.0411452 ] -213.61866630118834
[ 3.39276561  0.46871884  0.91854008 -1.07833984  0.68140771  3.04454308] -213.6183665743591
[ 3.38913961  0.48493725  0.90346975 -1.08984359  0.67904474  3.04851826] -213.6185928288909
[ 3.3911501   0.4792209   0.91039959 -1.08553566  0.67960111  3.04805333] -213.61844979572473
[ 3.38859694  0.47054478  0.91103055 -1.08525692  0.67783845  3.04424621] -213.6186922299413
[ 3.39420976  0.47550129  0.91799849 -1.08077635  0.68077784  3.04872   ] -213.61847126569356
[ 3.39257664  0.47553943  0.91527307 -1.08448626  0.68344511  3.03193206] -213.61854476671058
[ 3.3926153   0.47363068  0.91623721 -1.08129722  0.67884205  3.05228856] -213.6184254045648
[ 3.39416708  0.46663743  0.91262162 -1.08062639  0.68010562  3.04941021] -213.61838874790539
[ 3.39137523  0.46801151  0.91129767 -1.08319491  0.67929961  3.04518935] -213.6183504327709
[ 3.38995796  0.46426662  0.90794726 -1.08440419  0.67856049  3.04342402] -213.61869387110008
[ 3.39450994  0.46055544  0.91919593 -1.07765536  0.68037584  3.04490136] -213.61874599366044
[ 3.39199006  0.47455453  0.91259868 -1.08356559  0.67979479  3.04726534] -213.6183980743385
[ 3.39117927  0.4705937   0.91868643 -1.08424422  0.6790331   3.05941512] -213.61848103889736
[ 3.39318838  0.47054263  0.91317022 -1.08113718  0.68025071  3.04258204] -213.6184048356441
[ 3.39316843  0.46889359  0.90939668 -1.07670718  0.68028089  3.04329767] -213.6183769764087
[ 3.3929363   0.46548883  0.90963777 -1.07989315  0.68153773  3.038474  ] -213.61839186281347
[ 3.39227919  0.46689228  0.91152728 -1.07963851  0.68055807  3.04681118] -213.6183371766223
[ 3.39182459  0.4650671   0.9107058  -1.07888918  0.68071175  3.04892575] -213.618633423584
[ 3.39357389  0.46032629  0.91174169 -1.07590108  0.68126842  3.04197649] -213.61870467698952
[ 3.39238602  0.47099747  0.91238443 -1.08164946  0.6801632   3.04594313] -213.6183629792382
[ 3.39244422  0.47122821  0.91561815 -1.08015896  0.6790673   3.05325754] -213.61841685292524
[ 3.39281328  0.46692368  0.91113287 -1.0799596   0.68092012  3.04216989] -213.61834482830423
[ 3.39076217  0.47017503  0.91213805 -1.07920344  0.68077091  3.03990789] -213.6183582427855
[ 3.39095873  0.46834601  0.91627678 -1.08395474  0.68075898  3.0448905 ] -213.61836063503765
[ 3.39075926  0.46839648  0.90637894 -1.08419371  0.67941592  3.04376089] -213.618691445931
[ 3.39226402  0.46863825  0.9154998  -1.07980331  0.68090976  3.04434754] -213.61835547051902
[ 3.39109819  0.46533145  0.91357305 -1.08026871  0.68090929  3.04182899] -213.61865147571797
[ 3.39206406  0.46958097  0.91268159 -1.08130427  0.68034972  3.04491459] -213.6183428929446
[ 3.39289392  0.46839456  0.9084823  -1.07707994  0.68017708  3.04288964] -213.6183767324696
[ 3.39144253  0.46835815  0.91432816 -1.08223604  0.68061351  3.04439029] -213.61834295456774
[ 3.39331727  0.46595991  0.91335107 -1.08284211  0.68011268  3.04936638] -213.61839707224343
[ 3.39140094  0.46912125  0.9124413  -1.08011311  0.68060636  3.04227251] -213.61833752491424
[ 3.39152772  0.46765769  0.90896982 -1.08234551  0.6798727   3.04423506] -213.61836567214556
[ 3.39207995  0.46839311  0.9138673  -1.08043886  0.6806505   3.04431942] -213.61834866740236
[ 3.39265142  0.46841163  0.9140285  -1.07803522  0.68193315  3.04310328] -213.61836591528558
[ 3.39169428  0.46811154  0.91198038 -1.08190499  0.67995799  3.04466783] -213.61833134115287
[ 3.39181814  0.46793617  0.91082989 -1.08127998  0.68035143  3.04408934] -213.61833381005135
[ 3.3907531   0.46974311  0.91346333 -1.08219937  0.67989223  3.04687869] -213.61833375124607
[ 3.39189404  0.46877029  0.90997976 -1.07991071  0.67995843  3.04548776] -213.61833401999172
[ 3.39121584  0.46727725  0.91072572 -1.08037795  0.68009178  3.04515452] -213.61864507458145
[ 3.391852    0.46900504  0.91219262 -1.08107269  0.68028524  3.04497457] -213.61835195471465
[ 3.39122369  0.46892733  0.91272185 -1.08205218  0.67992511  3.04577326] -213.61833372077848
[ 3.39175621  0.46802386  0.91140513 -1.08159249  0.68015471  3.04437859] -213.61835386637603
[ 3.39179416  0.46844092  0.91098007 -1.08090785  0.67995821  3.0450778 ] -213.61834199110368
[ 3.39198673  0.46750191  0.91175383 -1.08077175  0.68025803  3.0457395 ] -213.6183344927969
[ 3.39154761  0.4686164   0.91221084 -1.08100905  0.68028217  3.04347017] -213.61833329471136
[ 3.39187917  0.46884625  0.91233098 -1.08160463  0.68015386  3.04479121] -213.61834812160285
[ 3.391619    0.46879092  0.91258752 -1.08115766  0.68002375  3.04546134] -213.61834179184484
[ 3.39140932  0.46795008  0.91174718 -1.08099653  0.67998123  3.04527209] -213.61832890359102
[ 3.3911744   0.467502    0.91145528 -1.08069248  0.67989492  3.04551253] -213.61866486994265
[ 3.39136605  0.46819181  0.9133538  -1.08172287  0.68018456  3.04505027] -213.6183460131277
[ 3.39168713  0.46837864  0.9115735  -1.0811116   0.6800148   3.04507091] -213.6184065939404
[ 3.3915518   0.46803081  0.91186378 -1.08145076  0.67996961  3.04496996] -213.6183445549107
[ 3.39147847  0.46828324  0.91197901 -1.08100279  0.6801317   3.04437113] -213.61833749883948
[ 3.39131651  0.46843871  0.91223452 -1.08152435  0.67995317  3.04552268] -213.61833522912332
[ 3.39169803  0.467726    0.9117505  -1.08088414  0.68011963  3.0455058 ] -213.61833627229234
[ 3.39151416  0.4683705   0.91216735 -1.0810771   0.68000249  3.04536671] -213.61834189872306
[ 3.39160174  0.4681955   0.91136362 -1.08095219  0.67996972  3.04517494] -213.61833099272
[ 3.39145427  0.46829053  0.91188361 -1.08069494  0.68008304  3.04543449] -213.61832247087955
[ 3.39140551  0.46842039  0.91189353 -1.08031703  0.68013975  3.04566676] -213.61832203410515
[ 3.3914557   0.46796747  0.91148877 -1.08081525  0.68009591  3.04513775] -213.61832251386812
[ 3.3914838   0.46794948  0.9115137  -1.08082704  0.67995477  3.04638887] -213.6183370930975
[ 3.39148247  0.46803292  0.91163003 -1.08087098  0.679999    3.04588444] -213.61833745595018
[ 3.3914306   0.46819393  0.91169115 -1.08056614  0.68011783  3.04540225] -213.6183263049591
[ 3.39140742  0.46818524  0.91182036 -1.08065678  0.68006049  3.04546942] -213.61833171701218
[ 3.39150363  0.46830795  0.91162858 -1.08063461  0.68005474  3.04542085] -213.61832532709383
[ 3.39136101  0.46842955  0.91206402 -1.08092069  0.68004646  3.04559472] -213.6183274214466
[ 3.39155177  0.46807319  0.91182202 -1.08060059  0.68012969  3.04558628] -213.61833586968697
[ 3.39144199  0.46835182  0.91193627 -1.08065991  0.68013573  3.04501894] -213.6183280763219
[ 3.39129828  0.46855643  0.91185595 -1.08065113  0.68005531  3.04527137] -213.61833256592826
[ 3.39136165  0.46843562  0.91184747 -1.0806385   0.68007391  3.0453501 ] -213.6183279818958
[ 3.39142738  0.46852785  0.91186665 -1.08058885  0.68012898  3.04534845] -213.6183230941535
[ 3.39138794  0.46841994  0.91172753 -1.08056203  0.6800515   3.04590876] -213.618326173562
[ 3.39147704  0.46833091  0.91177636 -1.08055795  0.68010585  3.04576383] -213.61832903800473
[ 3.3913905   0.46840944  0.91182969 -1.08061836  0.68008189  3.04545353] -213.61831784083608
[ 3.39148751  0.46833029  0.91148169 -1.08017498  0.6801451   3.04547215] -213.61833276025308
[ 3.39139263  0.46840473  0.91191844 -1.08073426  0.68007112  3.04556407] -213.61832886032423
[ 3.39139801  0.46841492  0.91186161 -1.0804677   0.68011082  3.04556014] -213.61832595203927
[ 3.39140894  0.46846864  0.91184817 -1.0806036   0.68010544  3.04540099] -213.61833658569554
[ 3.39144706  0.46835869  0.91172913 -1.08062649  0.68006831  3.04543719] -213.61831937616293
[ 3.39138922  0.46841469  0.91177861 -1.08059019  0.68006669  3.04568115] -213.61832148689808
[ 3.39141055  0.46830169  0.91176042 -1.08059225  0.68009986  3.04542789] -213.61833071768407
[ 3.39137575  0.4684195   0.91194686 -1.08076953  0.68006418  3.04552412] -213.6183735591428
[ 3.39143901  0.46836986  0.91165569 -1.08039667  0.6801135   3.04546284] -213.61834021274882
[ 3.39142319  0.46838227  0.91172848 -1.08048988  0.68010117  3.04547816] -213.61832700317987
[ 3.39141057  0.46829192  0.91171448 -1.08052469  0.68007081  3.0456117 ] -213.61833198370692
[ 3.39141016  0.4683361   0.9117479  -1.08054442  0.68007947  3.04555902] -213.61832982229706
[ 3.39140883  0.46847036  0.91179806 -1.0805201   0.68006959  3.04562851] -213.61833618853984
[ 3.39141012  0.46834385  0.91176983 -1.08057421  0.68009229  3.04547805] -213.6183344228639
[ 3.39141878  0.46838407  0.91177941 -1.08062242  0.6800751   3.04544536] -213.61832043177893
[ 3.39138986  0.46841207  0.91180415 -1.08060428  0.68007429  3.04556734] -213.6183244325756
[ 3.39139425  0.46841218  0.91184565 -1.08054303  0.68009636  3.04550684] -213.61833844827032
[ 3.39140685  0.46839586  0.91177909 -1.08055412  0.68009153  3.04546585] -213.61832981113307
[ 3.39140033  0.46837277  0.9117888  -1.08058139  0.68008068  3.04550628] -213.61833500952955
[ 3.39140053  0.46835557  0.91179506 -1.08060531  0.68009088  3.04544071] -213.61832980297487
[ 3.39140803  0.46836441  0.91174641 -1.08065226  0.68006843  3.04545285] -213.61832879860418
[ 3.39140452  0.46840103  0.91178914 -1.08063753  0.68008003  3.0454356 ] -213.6183340732559
[ 3.39140347  0.46839397  0.91178906 -1.08062349  0.68008019  3.04545327] -213.61832038155717
[ 3.39139688  0.46837732  0.91180217 -1.08068792  0.6800654   3.04547184] -213.6183226280429
[ 3.39140198  0.46842486  0.91178858 -1.08066427  0.68005756  3.04550735] -213.61833356945223
[ 3.39140089  0.46837289  0.91179344 -1.08062005  0.68008255  3.04545737] -213.6183335260512
[ 3.39139698  0.46840171  0.91180937 -1.08062093  0.68008104  3.0454534 ] -213.61832807181906
[ 3.39140464  0.46839676  0.91180455 -1.08062039  0.6800785   3.04544945] -213.61833014051027
[ 3.39139369  0.46839338  0.91181593 -1.08065314  0.68007365  3.04546269] -213.61831994154275
[ 3.39139018  0.46841076  0.91181692 -1.08061132  0.68007809  3.04551044] -213.61832954322526
[ 3.39139926  0.46838693  0.91178805 -1.08063531  0.68007516  3.04545319] -213.61832761722874
[ 3.39139551  0.4683825   0.91181237 -1.08061183  0.68008638  3.04544712] -213.6183261862061
