[-1.13947567  1.83283438 -0.12536259 -0.24092806  1.9336894   0.03608813] -336.4901715666867
[ 0.4778216   0.3669291   1.4465289   0.01750485 -0.65680562 -2.21843302] -291.8576659161859
[-1.09722515  0.57132967 -1.61283931  0.77182482  0.41151036 -0.41188648] -300.0393727102264
[ 0.81251347 -1.31199604 -0.04846292 -0.59719301  0.26515431 -1.67128447] -298.6133886057481
[ 1.73564327 -0.94401902 -0.97222776  0.22896302 -0.5686757   0.22737385] -288.0567849139826
[-0.97761174 -1.07787921 -1.16955253 -1.48491602 -1.19541086 -0.22820678] -324.7818929057213
[ 0.19809154  0.32487319 -0.16749669  0.26103625 -0.54789065  0.96241423] -289.7752623439102
[ 1.52255333 -2.52308848 -0.71598751 -0.0266653  -2.69772879 -1.14942902] -323.2056457115735
[ 2.19407776 -0.09411132  0.47939076  1.70340624 -0.06940117 -1.19220819] -269.2700994815976
[ 3.77992251  0.39777263  1.30386241  3.29756736  0.49360368 -1.6742089 ] -266.1191974450485
[ 0.44636908  2.32471833  0.69910906  1.35323306  2.49669425 -0.44591258] -311.0592051747638
[ 0.71541514  1.11276662  0.34533492  1.00825847  1.19808849 -0.62179169] -288.37993423587017
[ 3.670361   -0.58922085  2.24868559  0.63355417 -0.35035219 -1.25342352] -285.3376035806107
[ 2.71323821  1.53502993  1.45002538  2.41282105 -0.40916497  0.14526146] -269.8903023097519
[ 3.79306896  0.24547174 -0.04380095  2.59656192  0.59534183  1.48030817] -265.53933318818224
[ 5.45069264  0.18474306 -0.78896588  3.88609045  1.22141556  3.32967876] -275.6292901420256
[ 5.27112483  0.26106049  1.61145655  3.13153908  0.86750436 -1.52790777] -273.77502262539565
[ 6.27237112 -0.81073498  1.52066549  3.09207706 -0.98866949 -0.24574055] -311.2616959821494
[ 2.10465414  0.63189122  0.63916756  1.52921312  0.651399   -0.5277789 ] -271.398609398894
[ 5.37514661  1.77135408  3.37535994  4.30478921  1.18478627 -1.34662367] -290.3817949157409
[ 2.64551911 -0.26517575  0.11466916  1.24791957 -0.13031021 -0.16612553] -274.3508601571106
[ 3.09881492  1.52457093 -0.55689222  4.10498654  1.03981009  0.49660636] -262.19339600887
[ 2.81304189  2.58146682 -1.95968113  5.84070272  1.73489123  1.37162129] -292.9549143316164
[ 4.27475542  1.79710806  1.35327041  4.44297679  1.20980821 -0.369781  ] -274.39173457366286
[ 3.05282819  0.25039521  0.42431948  2.04668387  0.20471939 -0.2170394 ] -266.4667998123778
[ 0.90971748  1.26731673 -0.53922933  2.19773887 -0.00893469  1.42895737] -272.9840903610389
[ 2.00006932e+00  1.01575267e+00 -1.55786076e-03  2.43118892e+00
  2.10175073e-01  6.89741082e-01] -264.7483750602043
[4.04132657 1.02443981 0.21948452 4.10072344 0.06009604 0.83466849] -278.5073969985911
[ 2.58882225  0.73002837  0.5342468   2.1720907   0.50357326 -0.18716705] -264.4588783810068
[ 3.3912705  -0.14703275 -0.89663283  3.13687206  1.42490608  0.05081863] -260.15068125784086
[ 3.73028664e+00 -9.88064085e-01 -2.06996193e+00  3.49889756e+00
  2.34194161e+00  3.59721107e-03] -266.6531507013584
[ 3.16449463  1.00512599 -0.31124436  3.86640529  1.21775061  0.50240549] -257.2534310298037
[ 3.22032786  1.38249139 -0.67902628  4.776266    1.72426622  0.86212793] -260.6593096006217
[ 2.23225768  1.06019969 -1.72915622  2.80513445  1.17024864  2.68511312] -269.39795312470306
[ 3.3930063   0.56337939  0.54560775  3.17445914  0.66276492 -0.58437839] -260.5778001768102
[ 2.08575701  1.3184698  -0.18502329  3.6987723   1.09098484 -1.1576328 ] -260.6415702291538
[ 3.90731922  0.64909458 -0.28842152  4.28667308  1.76975486 -0.982857  ] -259.40350378119604
[ 3.75806529  0.90784094 -1.09844895  5.2506321   1.89841721 -0.37117885] -269.90472723910636
[ 2.88113301  0.77448151  0.12607286  2.94172605  0.85228424 -0.23317   ] -259.3461433586387
[ 3.17551197 -0.13673142  0.22034509  2.92998277  1.29967176 -1.29821105] -259.69923248428273
[ 4.55182153 -0.41569736 -0.01640105  3.07993383  1.31805932  0.30916869] -264.8846096716056
[ 2.70227314  0.88492801 -0.14286773  3.54406268  1.14775346 -0.79093243] -257.57065595964906
[ 3.01432785  0.44657591 -0.97652391  3.72744818  1.90794209 -0.33293706] -255.388053960081
[ 2.82498863  0.38817417 -1.73758975  4.0039427   2.53053067 -0.2072164 ] -256.2541262710073
[ 2.89041611  1.35485761  0.43908631  3.96189396  1.30681292 -1.09605265] -259.77307849016904
[ 3.01562971  0.97938502  0.10515652  3.75563848  1.33633621 -0.80933483] -257.11454169247725
[ 3.05288055  1.7165951  -0.71628781  4.44400182  1.44426873  0.41593577] -262.1205271959968
[ 3.14485412  0.32660021 -0.01381313  3.30848753  1.335821   -0.86967434] -257.04144743301254
[ 2.06691826  0.82327097 -0.11598506  2.76124966  0.82954101  0.13830928] -261.3267474155922
[ 3.44721898  0.69263868 -0.24531241  3.90531723  1.5347014  -0.70256543] -256.7300100693415
[ 3.28179981  0.67060309 -0.65427453  4.42739375  1.97448401 -0.76784286] -255.5506629762366
[ 3.65383522  0.48871496 -0.55580288  4.1195008   1.95459165 -0.20238392] -254.78706662904676
[ 4.12961626  0.29060843 -0.76227046  4.40721987  2.35801074  0.09189033] -255.26988363701773
[ 3.35472726  0.19637996 -0.46894575  3.88152336  2.13020818 -1.73065164] -255.79666052443085
[ 3.61662471 -0.03888075 -1.07671406  4.0342518   2.27624656 -0.72601693] -255.41243313740597
[ 3.64465716  0.49207708 -1.31204472  4.72332417  2.59023696 -0.61779161] -255.04821930552035
[ 3.40810502  0.05918474 -1.43612288  4.39916346  2.74320175 -0.75664258] -253.9071409724446
[ 3.38854804 -0.25754223 -2.03152812  4.64608658  3.34745193 -0.78368115] -255.2261986110828
[ 3.51838933  0.50971171 -1.53488191  4.59550402  2.35202616  0.59611332] -254.44635470374863
[ 3.67017996 -0.01814187 -1.64308892  4.1056704   2.63359771  0.08795661] -256.5581481474105
[ 3.37889485  0.49841685 -0.90147813  4.34696291  2.13926244 -0.553893  ] -254.28646147354345
[ 3.25611177  0.87044117 -1.16223741  4.60304938  2.28617378  0.10350532] -254.3804366894199
[ 3.93900327  0.52627292 -1.32433206  5.20172008  2.78055549 -0.14409376] -257.6715606452908
[ 3.24549671  0.46650016 -1.06347595  4.09601615  2.12609544 -0.28572624] -254.13259028017512
[ 3.17562047  0.47224612 -0.905955    3.99674141  1.94354678  0.25144924] -254.0170612095601
[ 3.00703749  0.47011863 -1.77891422  4.55964497  2.57551047 -0.01268072] -253.58017857811842
[ 2.68363863  0.46082046 -2.39046988  4.77971706  2.88596988  0.08217088] -254.64384315304807
[ 2.97203277  0.43592418 -0.88117929  4.07168874  2.25257073 -1.01410931] -254.0758385985207
[ 3.13961733 -0.06964427 -1.16013774  3.88702316  2.30722208 -0.89403952] -255.53714646286812
[ 3.22698816  0.63541981 -1.1617125   4.42404283  2.29143586 -0.14588089] -253.61007847401817
[ 2.9661987   0.3480477  -1.50764182  4.16880294  2.5048579  -0.10063717] -254.29261778157436
[ 3.27572081  0.46082456 -1.05301905  4.30242292  2.2306613  -0.44057904] -253.7142229606444
[ 3.10967154  0.37807251 -1.34215836  4.48855196  2.55288019 -0.42042153] -252.91606779901696
[ 3.04175895  0.33385869 -1.48149957  4.68481986  2.76627257 -0.48776918] -252.56806215102716
[ 3.40637753  0.37462667 -1.72456178  4.71725641  2.59763885  0.48340826] -253.56310025781443
[ 3.27970885  0.30576491 -1.97265499  5.03237541  3.12469348 -0.70483062] -253.882007684531
[ 3.00442558  0.80101968 -1.62133115  4.84102401  2.45220243  0.32053184] -254.4528954437691
[ 3.30718516  0.24464348 -1.48242495  4.5096286   2.67045192 -0.48734897] -253.29936167303615
[ 3.14198052  0.5340657  -0.92138903  4.03356312  1.91929684  0.34121378] -253.99323179289541
[ 3.24527677  0.36284011 -1.7098385   4.78267234  2.82334432 -0.44331952] -253.32285558703018
[ 3.13582055  0.34634456 -2.05996479  4.92359875  3.01089003  0.0760487 ] -253.1369924337172
[ 3.15416399  0.0753909  -2.25068877  4.96849748  3.18993353 -0.14467292] -253.3608522794875
[ 3.42315682  0.10911618 -1.79074524  4.96917951  3.1106666  -0.32187049] -252.73646268152547
[ 3.02940988  0.11610463 -1.86715882  4.89554243  3.25954747 -1.08638572] -253.38452691336798
[ 3.1236518   0.18073514 -1.83150956  4.85097093  3.09407032 -0.69393723] -253.00226661817257
[ 3.27145269  0.45045515 -1.20130543  4.60512585  2.63529839 -0.64139264] -252.9954694693875
[ 3.18906522  0.19221096 -1.57264467  4.73176883  2.93920562 -0.40877041] -252.366644630067
[ 3.16095945  0.10689638 -1.50404776  4.70631707  2.99713627 -0.39149586] -252.0891161736718
[ 3.07841492  0.26449189 -1.80726583  5.07037539  3.20099281 -0.33278993] -252.21591522194822
[ 3.23064433  0.13550658 -1.14549301  4.70533078  2.92392229 -1.03246714] -252.22829627994622
[ 3.27847726  0.28603981 -1.14527605  4.72941189  2.78402599 -0.37532452] -251.78513514410287
[ 3.35589     0.33869214 -0.80215929  4.66863237  2.62900383 -0.21601817] -251.54056538034342
[ 3.15882213 -0.02093453 -1.64243147  4.99642581  3.24069973 -0.28607761] -251.39297447820394
[ 3.10250685 -0.25662937 -1.86299449  5.1920758   3.5434004  -0.10842009] -251.18673960765736
[ 2.90023468  0.19848926 -1.07707475  4.70667091  2.90957612 -0.53444963] -251.3203862167645
[ 3.23445779 -0.07137639 -1.25151214  4.99831425  3.301738   -0.38411109] -250.4392317406363
[ 3.33080721 -0.27399393 -1.13651843  5.15506144  3.56947072 -0.33228205] -249.598127372449
[ 3.07896004 -0.00952445 -1.58452717  5.12771354  3.35927109  0.3939819 ] -250.47469069933894
[ 3.23137115 -0.22984854 -0.84850813  4.78178165  3.13496    -0.06343804] -249.91325853357785
[ 3.17229719 -0.18450134 -0.933213    5.17099484  3.38475778  0.1046205 ] -248.82440791702672
[ 3.17796606 -0.33020021 -0.64779561  5.40333372  3.57856854  0.35267868] -247.62589753330658
[ 2.91805866 -0.63926122 -1.5836469   5.45357999  4.06941179  0.11870842] -250.32219632335284
[ 3.37965531 -0.7783085  -1.47758883  5.66451113  4.1754514   0.65485923] -248.69155690543158
[ 3.26976596 -0.49708292 -0.56320054  5.3365847   3.75231078  0.48325614] -247.4282158475957
[ 3.35339552 -0.61730969  0.08669643  5.40883915  3.85676597  0.77909425] -246.32720543893026
[ 3.38479127 -0.94678292 -0.28459332  5.49465548  4.10227172  0.10922494] -246.87717924250143
[ 3.70127017 -0.41955338  0.14754427  5.18248087  3.40308433  0.38133725] -247.14904285319156
[ 3.5445907  -0.892201   -0.25557703  5.98784561  4.42691089  0.71174214] -245.48488243613008
[ 3.70120047 -1.22337722  0.04088852  6.59087759  5.07288634  1.09933222] -244.8720160929944
[ 3.56861906 -1.16451671  0.42490225  6.09317121  4.49353871  1.45779091] -244.5998370466826
[ 3.68752498 -1.6097781   1.20561259  6.5622261   4.95557271  2.35282739] -244.60037740125637
[ 3.58275887 -0.78893821  1.40013634  5.72660821  3.99358714  0.73829352] -245.06495001980585
[ 3.91937906 -1.38995917  1.25298711  6.09554378  4.72880952  1.16901235] -244.02847212694792
[ 4.29008556 -1.91983865  2.20337847  6.44164881  5.30393001  1.57717919] -244.15219134685935
[ 3.46877791 -1.6240746   0.82612817  6.62075094  5.34620214  1.40291215] -244.42715001803214
[ 3.81325237 -1.32260895  1.62850626  6.68394147  5.06165822  2.10625353] -244.83440703756045
[ 3.99793373 -1.88718192  1.77115312  7.19479192  5.70879472  1.87877064] -245.02156997016849
[ 3.90696199 -2.08163465  0.58138547  7.36641743  6.14370941  2.29973042] -244.85080009388565
[ 3.46146322 -1.04820851 -0.18622053  5.95544222  4.5734734   1.29957322] -245.6880632799494
[ 3.8638161  -1.67743857  1.28180971  6.88495449  5.42496439  1.73397128] -244.13140584699048
[ 3.81240169 -1.86336699  1.95768447  6.65738218  5.32674113  2.29055799] -244.71995229002744
[ 3.57512007 -0.93235368  1.87595386  5.64549726  3.9835953   1.08710232] -245.32412045770104
[ 3.82400151 -1.79431441  0.90502757  6.93618739  5.60368088  1.99657339] -244.09812305745814
[ 3.67241275 -1.84861453  0.5876735   6.41205519  5.24632071  1.24401916] -244.60274683107696
[ 3.62660044 -1.302939   -0.19817504  6.35683882  4.95443099  0.71086843] -244.98518771793835
[ 3.76595138 -1.72325999  1.4187196   6.58224634  5.2336636   1.8956356 ] -244.07191678154956
[ 3.79776893 -1.27590662  1.4488513   6.65889619  5.03063238  1.97461273] -244.71572128659463
[ 3.70375179 -1.70543755  0.80296795  6.47376544  5.19239862  1.42666755] -244.05364193161319
[ 3.94660686 -2.14031139  1.73764445  7.10464492  6.01636767  1.75046654] -244.01994798092417
[ 4.13560076 -2.62820873  2.39401556  7.61038177  6.77778215  1.89680435] -245.1460108611936
[ 4.20572433 -1.85283243  1.64025729  6.73836319  5.38709275  1.92119676] -243.86816627515094
[ 4.57419753 -1.96721135  2.04732184  6.79716931  5.40753806  2.18033907] -244.74768799578916
[ 3.92465554 -1.85793308  1.30405828  6.42529586  5.29570663  1.65254611] -244.25503167255482
[ 3.87902596 -1.7225622   1.28737185  6.77003984  5.39264995  1.71361499] -243.8233114367855
[ 3.98281161 -1.71713984  1.80828852  6.31868045  5.04664649  1.29562454] -243.93097257607596
[ 4.11314849 -1.7861542   1.42445279  6.58476619  5.35432474  1.19655864] -243.58371511545135
[ 4.28674705 -1.8176013   1.42731939  6.58602612  5.41465532  0.84702017] -243.86269409204965
[ 4.31181365 -1.83088219  2.24736605  6.73024735  5.44956509  1.58882372] -244.07673279331937
[ 3.85576726 -1.73679871  1.16406748  6.53788592  5.25669024  1.4672066 ] -243.7423372399454
[ 4.07498244 -2.26197375  1.76770701  7.25591638  6.08911443  1.945877  ] -244.1708879276702
[ 3.95827991 -1.60796281  1.38166709  6.38563693  5.06888575  1.36322851] -243.72530122124346
[ 4.05164566 -1.33417201  1.16439055  6.00714592  4.48572897  1.23534348] -244.27909570841126
[ 3.97286656 -1.93877654  1.59433098  6.83027017  5.633708    1.62168577] -243.69595096747886
[ 4.01212589 -1.83122246  1.02242731  6.9636403   5.65113732  1.79887256] -243.9232690979085
[ 4.00479732 -1.8027018   1.21889261  6.80240034  5.50001461  1.67306055] -243.68936603925945
[ 3.72223751 -1.67881966  1.05000364  6.56530327  5.34833168  1.09058826] -243.8420428780006
[ 3.84310921 -1.72232285  1.19756706  6.60856825  5.35802195  1.29824039] -243.67860661904382
[ 4.03696362 -1.80901011  1.37295415  6.47980276  5.33123181  1.15971183] -243.70958905969093
[ 4.12062112 -1.81884406  1.56588741  6.69259563  5.49203871  1.30362197] -243.56162990066505
[ 4.25304805 -1.85986674  1.76679738  6.76995049  5.60971295  1.22182966] -243.69467465799752
[ 4.0722222  -2.01797371  1.40969458  6.94716418  5.82089419  1.3877312 ] -243.61570749294128
[ 4.00529135 -1.88658094  1.43065433  7.00878549  5.72176892  1.66725435] -243.89137456740426
[ 4.02904555 -1.82840282  1.38737919  6.61204845  5.42886609  1.28659746] -243.58382641660683
[ 4.08811474 -1.72002327  1.14029357  6.58557751  5.3510121   1.0935843 ] -243.64656470496377
[ 4.08395645 -1.8285385   1.48953226  6.54117307  5.43503798  0.84905077] -243.69501313813362
[ 4.0245871  -1.80916098  1.28655252  6.73709352  5.48377046  1.46705811] -243.58830433996502
[ 4.30613719 -1.93786349  1.54051964  6.77784691  5.61894682  1.28014351] -243.70982781069878
[ 3.95886621 -1.77620801  1.2833052   6.65088792  5.42325316  1.29371617] -243.5970858626749
[ 4.01804882 -1.95889132  1.64546366  6.82260778  5.65003702  1.55151022] -243.65785875674712
[ 4.07059826 -1.77974028  1.26658609  6.64483508  5.42576833  1.20806578] -243.57122326993195
[ 4.03340004 -1.58152974  1.32835983  6.36024475  5.04844631  1.19747484] -243.7042831647182
[ 4.06251666 -1.90886272  1.38936089  6.80043432  5.62778222  1.34016711] -243.5552773899853
[ 4.18130619 -1.86751367  1.4901011   6.70636982  5.51426369  1.30697352] -243.59257026980168
[ 4.12569619 -1.84468726  1.43840213  6.69249934  5.49151106  1.30365918] -243.56866945176236
[ 4.14928832 -1.8464028   1.53747032  6.60529949  5.4563266   1.07916528] -243.61399362423907
[ 4.05576241 -1.81847143  1.34928197  6.70414501  5.47690949  1.3700849 ] -243.5535486326018
[ 4.15373549 -1.8238505   1.42394457  6.76104341  5.52724543  1.28745507] -243.63714513504104
[ 4.06021804 -1.82726474  1.39652054  6.64929719  5.45346092  1.28681186] -243.55147189085423
[ 4.05198906 -1.87980263  1.37756022  6.809836    5.63483217  1.40757829] -243.55989701875717
[ 4.08833623 -1.91957066  1.57241829  6.80476742  5.63307653  1.46257533] -243.57363747021736
[ 4.07503275 -1.81469788  1.34304414  6.68481816  5.47759538  1.27169317] -243.5520504026295
[ 4.01635049 -1.84462723  1.36881626  6.75454277  5.56269524  1.35632658] -243.5634783831074
[ 4.04368691 -1.84464224  1.38621273  6.73903191  5.5448992   1.34315973] -243.55628082181164
[ 3.99578083 -1.87906982  1.18143942  6.76992523  5.57978775  1.36954305] -243.59032065999912
[ 4.08941104 -1.8339005   1.46977541  6.71192803  5.51397597  1.32010224] -243.54814317613005
[ 4.07688688 -1.80281053  1.40050501  6.62004888  5.39670889  1.23642805] -243.55976102832744
[ 4.07066242 -1.82205856  1.39476881  6.66749566  5.45623971  1.27921561] -243.5493429126032
[ 4.09418086 -1.83044304  1.39470453  6.66700755  5.4570887   1.2795319 ] -243.5543628308745
[ 4.08590585 -1.74008267  1.39333758  6.56112954  5.31730784  1.26231278] -243.57963421772305
[ 4.06836396 -1.8666677   1.39035506  6.74060813  5.55016363  1.32070353] -243.54673355999904
[ 4.04563601 -1.83057723  1.38654412  6.71908984  5.51902633  1.33667187] -243.55476746537335
[ 4.08204465 -1.83047659  1.39266442  6.68002812  5.47257311  1.29381689] -243.54951754625716
[ 4.09281521 -1.84655056  1.4464275   6.67391342  5.49776008  1.2206962 ] -243.55099835385394
[ 4.07947236 -1.86094167  1.48712644  6.68960535  5.50379576  1.30208894] -243.54855572600437
[ 4.10070518 -1.85960045  1.46385201  6.73856238  5.5447085   1.29206261] -243.55410085571475
[ 4.07033982 -1.83534867  1.41335341  6.67161349  5.47627282  1.28812455] -243.54710157400064
[ 4.0606162  -1.83658067  1.40292036  6.71317951  5.49324692  1.38065439] -243.55113361287633
[ 4.08476546 -1.84405809  1.43555071  6.68372994  5.49663179  1.26068575] -243.54715242151653
[ 4.0722937  -1.85718181  1.47097886  6.70829874  5.52645345  1.29648998] -243.5453026635185
[ 4.06741823 -1.87053442  1.51013607  6.72243405  5.55339362  1.29782653] -243.54861230496365
[ 4.08421969 -1.87730759  1.49427782  6.73443224  5.56619143  1.31684939] -243.54631981309265
[ 4.07699221 -1.84387978  1.40430398  6.72726484  5.53943393  1.2988962 ] -243.54535548913006
[ 4.0629139  -1.87424738  1.3998312   6.71005443  5.53773971  1.27381422] -243.54619233248894
[ 4.06027563 -1.87415289  1.4221494   6.74702735  5.56878653  1.33760688] -243.5454987031199
[ 4.07134654 -1.89579705  1.4472787   6.78428175  5.61998341  1.32666219] -243.55006586810583
[ 4.0705915  -1.85046076  1.42183473  6.69978055  5.51220047  1.29775896] -243.54471137278853
[ 4.07406492 -1.8590757   1.48077027  6.70167792  5.53343821  1.28643502] -243.5461361945668
[ 4.05482427 -1.84235852  1.37234499  6.6969357   5.50649267  1.28015103] -243.54543786650953
[ 4.07343351 -1.83478911  1.45762954  6.71694061  5.52452871  1.32529846] -243.54527396662772
[ 4.06207202 -1.84186526  1.3689769   6.73040468  5.52586037  1.32563216] -243.54918506947132
[ 4.0710667  -1.85477309  1.45282192  6.70885961  5.53154375  1.2962343 ] -243.54388944299615
[ 4.07945833 -1.82032813  1.43782195  6.67233267  5.4780978   1.26066943] -243.54690221074594
[ 4.06507131 -1.8606967   1.42606753  6.72835368  5.54611435  1.31837252] -243.54395144155322
[ 4.08832538 -1.85823523  1.50553386  6.73289697  5.55359888  1.33086578] -243.54765118800137
[ 4.06319954 -1.8463277   1.40564221  6.70592602  5.51826922  1.29282972] -243.54392674594388
[ 4.06155988 -1.85752994  1.47402095  6.6954549   5.51360272  1.31009844] -243.54746905920285
[ 4.07313412 -1.84729232  1.42173323  6.71931235  5.53297613  1.30169676] -243.5440225079893
[ 4.06653852 -1.84093142  1.39093087  6.7180922   5.52875743  1.31424026] -243.54396547653246
[ 4.06310039 -1.86537155  1.38204729  6.7098342   5.53209174  1.28174571] -243.54563882232583
[ 4.07085023 -1.84243472  1.43873398  6.715164    5.52641947  1.31441027] -243.54390865554203
[ 4.06602864 -1.84702455  1.42347518  6.73212207  5.54915965  1.31483565] -243.5439458594178
[ 4.06111752 -1.85010374  1.42415734  6.71686017  5.53377849  1.31527748] -243.54318418817354
[ 4.05510922 -1.85150944  1.4253694   6.71563408  5.53417968  1.32206784] -243.54373615354518
[ 4.06590612 -1.85952208  1.46603519  6.71766965  5.53967089  1.30307972] -243.54469560176858
[ 4.06638042 -1.84557908  1.40970695  6.71798656  5.53148579  1.31145012] -243.54346948868027
[ 4.06780971 -1.83471759  1.42544499  6.70395247  5.51743778  1.29664   ] -243.54294034782814
[ 4.06917891 -1.82172804  1.42513372  6.69175186  5.5030995   1.28577374] -243.5433254240675
[ 4.06744607 -1.84428742  1.42869395  6.69079421  5.50381852  1.29411165] -243.5447517202842
[ 4.066383   -1.84634027  1.42477988  6.7217901   5.53782437  1.30965465] -243.5433720177156
[ 4.07133632 -1.84498847  1.45290614  6.72227828  5.54122733  1.32172589] -243.54347963340726
[ 4.06384766 -1.84973269  1.42453843  6.71541173  5.53801304  1.30258387] -243.5428102194972
[ 4.06034637 -1.85338168  1.41744065  6.71553559  5.54380982  1.29667067] -243.54276674964842
[ 4.06005775 -1.83693052  1.39865673  6.72394145  5.53697744  1.3209053 ] -243.5434798499932
[ 4.06280999 -1.84139116  1.41219803  6.72017099  5.53561902  1.31473755] -243.54302207190685
[ 4.05694602 -1.84551604  1.38500314  6.70982034  5.52542443  1.29308427] -243.54360769194656
[ 4.06773874 -1.84512036  1.43593039  6.7191638   5.5372766   1.31456549] -243.54300199522578
[ 4.06235469 -1.84477252  1.43694348  6.71450448  5.53709624  1.30439849] -243.5426696598177
[ 4.06034182 -1.84436923  1.45056175  6.71276344  5.53990146  1.30087267] -243.5431457704374
[ 4.06100934 -1.84348875  1.42592509  6.7082724   5.53051495  1.30444191] -243.5426996170622
[ 4.06623876 -1.83752028  1.42713687  6.71033974  5.53347298  1.29520722] -243.54194565485767
[ 4.06879938 -1.83122855  1.42862664  6.70707952  5.53332022  1.2851721 ] -243.54146834856982
[ 4.06654276 -1.84284532  1.44457239  6.70266509  5.53086619  1.285892  ] -243.5431169688974
[ 4.06374318 -1.8417547   1.42029162  6.71579452  5.53443081  1.30752616] -243.54255587417123
[ 4.06028215 -1.83799424  1.4156271   6.70254919  5.52826     1.28371762] -243.54269263522576
[ 4.05770199 -1.84948922  1.42283986  6.71729276  5.55170623  1.29733565] -243.54251938734853
[ 4.06428387 -1.82952765  1.43264394  6.70629536  5.52796633  1.29752664] -243.54178034569398
[ 4.06471241 -1.83476688  1.42639912  6.71289955  5.54041166  1.28745031] -243.54157046049056
[ 4.06691636 -1.8391856   1.44028779  6.72207287  5.54671716  1.30941883] -243.54214377676158
[ 4.06636437 -1.83054502  1.42008618  6.71264038  5.5410879   1.29041141] -243.54103192962177
[ 4.06836922 -1.82343127  1.41165752  6.71170833  5.54308373  1.28341787] -243.54049463838203
[ 4.0665179  -1.82745502  1.43386001  6.70998828  5.54663763  1.27924764] -243.54068830704813
[ 4.07549772 -1.81237577  1.43498514  6.70605521  5.52767268  1.28340881] -243.54186809405599
[ 4.06914381 -1.81374277  1.41576967  6.69593588  5.52631359  1.26265563] -243.541355086459
[ 4.05844448 -1.84100828  1.41466716  6.70858043  5.54490504  1.28174792] -243.54236911520354
[ 4.07123441 -1.8195339   1.42990565  6.70668651  5.53198077  1.28299359] -243.54114057368218
[ 4.07197517 -1.82052515  1.41609559  6.70847066  5.54594954  1.26278574] -243.54059600370655
[ 4.07396755 -1.81053867  1.4189059   6.70039018  5.53535017  1.26464054] -243.5403320566187
[ 4.07859512 -1.79842457  1.41515929  6.69413549  5.53281942  1.25323565] -243.54046412359605
[ 4.0716033  -1.80718037  1.41343814  6.70398043  5.54311826  1.2600749 ] -243.53999587976415
[ 4.07300527 -1.79515628  1.4058439   6.70243088  5.54801728  1.2475263 ] -243.53983752116199
[ 4.07254603 -1.81847065  1.42298652  6.71728907  5.55735945  1.27754826] -243.53970054279097
[ 4.07424714 -1.82083459  1.42659495  6.72796567  5.57288238  1.28499458] -243.53952784712953
[ 4.07145967 -1.8131131   1.40774698  6.71363149  5.56532614  1.2578773 ] -243.53948922743518
[ 4.07157231 -1.8099027   1.39666764  6.71710397  5.58199882  1.24531916] -243.5398167180852
[ 4.07782344 -1.80041134  1.39508827  6.71154412  5.55689878  1.25449981] -243.54014806800865
[ 4.0743156  -1.8006366   1.40585025  6.71408623  5.56123662  1.26819973] -243.53879717256797
[ 4.07548581 -1.79069233  1.40072757  6.71689402  5.56888016  1.27090673] -243.53817545653854
[ 4.08029374 -1.78681751  1.406645    6.71257712  5.57270123  1.24339722] -243.5394622581956
[ 4.07680414 -1.79180304  1.39530966  6.72795759  5.59288515  1.25509344] -243.53878704609374
[ 4.07260848 -1.79906095  1.41920108  6.7222748   5.583332    1.26543205] -243.53811625269782
[ 4.070001   -1.79838575  1.43125748  6.72764014  5.59654862  1.27089817] -243.53892956251175
[ 4.0772944  -1.80561756  1.41289785  6.73800268  5.60398508  1.27837414] -243.53773005953474
[ 4.07943896 -1.81084819  1.41642482  6.75578857  5.63196898  1.29379805] -243.53812608643082
[ 4.07706827 -1.7748669   1.3875811   6.71581356  5.58948755  1.23869905] -243.53910749089954
[ 4.08172528 -1.76983966  1.39970711  6.7308751   5.60509759  1.25942357] -243.53815184710697
[ 4.07336839 -1.79047597  1.39849645  6.73802879  5.60852128  1.27924577] -243.53739328354212
[ 4.06990571 -1.79230521  1.39442217  6.75075463  5.6264313   1.29717005] -243.53795623952342
[ 4.07536056 -1.8076296   1.42119881  6.74219743  5.59807954  1.29745952] -243.53855925841754
[ 4.07514349 -1.79596898  1.42209996  6.73480002  5.59641339  1.29518715] -243.53717020374376
[ 4.07431317 -1.79805195  1.43549512  6.73822124  5.59817751  1.315234  ] -243.5383348595956
[ 4.07651472 -1.77625555  1.3965112   6.71809437  5.59066362  1.25206361] -243.53806024735314
[ 4.07673244 -1.78838056  1.41557697  6.74379791  5.62712416  1.27233537] -243.53738192807373
[ 4.0688287  -1.81541353  1.4218874   6.73412442  5.59824893  1.28812246] -243.53841094411877
[ 4.07850113 -1.78123313  1.40525218  6.73168743  5.60338542  1.26659829] -243.5376955176492
[ 4.07990971 -1.78024964  1.39774379  6.74586227  5.62669898  1.28250273] -243.5375397663513
[ 4.07713513 -1.8043864   1.42084454  6.75929866  5.63137915  1.30601754] -243.53882777774942
[ 4.07666983 -1.78328826  1.40259453  6.72839544  5.60084251  1.2655521 ] -243.53771884668907
[ 4.07614727 -1.76758129  1.40102345  6.73618795  5.61701017  1.275433  ] -243.5373386200194
[ 4.07659765 -1.78467493  1.41080307  6.74839268  5.62554196  1.29154868] -243.53758511534173
[ 4.07413185 -1.78787733  1.40999572  6.7506691   5.63038456  1.29881927] -243.53731620112518
[ 4.0752134  -1.78550299  1.40417571  6.73472267  5.60984222  1.27629242] -243.53692529855724
[ 4.07452127 -1.78591703  1.40086204  6.72788766  5.60199235  1.26866429] -243.5370824287115
[ 4.0703359  -1.79167941  1.41937897  6.73353988  5.60306628  1.28326827] -243.5380374804313
[ 4.07751626 -1.78310708  1.40315259  6.74278167  5.6207908   1.28269411] -243.53739768479505
[ 4.07272935 -1.78882196  1.41397017  6.73662048  5.60897445  1.28307688] -243.53769598967406
[ 4.07631953 -1.7845358   1.40585698  6.74124137  5.61783672  1.28278981] -243.53706228654335
[ 4.07786094 -1.77947301  1.42107982  6.74244421  5.62434913  1.28770657] -243.53721685250133
[ 4.07487305 -1.77859924  1.40583358  6.73622387  5.60482123  1.2997407 ] -243.53708263076754
[ 4.07503349 -1.80307116  1.42199047  6.7438458   5.61087225  1.30474564] -243.53730406066632
[ 4.07734945 -1.78783974  1.41701645  6.72709021  5.59099375  1.28333482] -243.53706017378164
[ 4.0772198  -1.76756876  1.40336369  6.72832831  5.6038799   1.27027152] -243.53718025562398
[ 4.07417863 -1.78719883  1.39836898  6.72502461  5.58357994  1.28149891] -243.5374361344608
[ 4.07694037 -1.78140447  1.41540211  6.73808931  5.61415683  1.28615465] -243.53713114351598
[ 4.07472663 -1.80371498  1.4200979   6.74239417  5.60747482  1.30422834] -243.5373100648105
[ 4.07659651 -1.77660531  1.40754725  6.73184478  5.60477863  1.27876072] -243.53714789135392
[ 4.07728728 -1.7688602   1.39651073  6.73493738  5.61772973  1.27383723] -243.53708077832684
[ 4.07606452 -1.78564216  1.40738461  6.73892349  5.61368153  1.28862249] -243.53669563324323
[ 4.07579852 -1.79016059  1.40730329  6.74246285  5.61813299  1.29355337] -243.53660841439526
[ 4.07534005 -1.78376172  1.39683014  6.73413681  5.60562871  1.2836948 ] -243.53678513644616
[ 4.07756302 -1.78828777  1.40339753  6.73530656  5.61523348  1.26476011] -243.5373121656878
[ 4.07554554 -1.78102137  1.40522456  6.73599454  5.60742429  1.29099556] -243.53689582964213
[ 4.07456822 -1.80208054  1.41562498  6.73694544  5.59888983  1.29638303] -243.53725233200365
[ 4.07660751 -1.77716528  1.40128929  6.73543939  5.61301976  1.27947368] -243.53688141093033
[ 4.07563196 -1.7839481   1.40475617  6.72870745  5.59717719  1.28632508] -243.53666211373377
[ 4.07402954 -1.77934695  1.38950993  6.74339769  5.6260813   1.28677681] -243.5369860240869
[ 4.07485952 -1.78147015  1.39638656  6.73932082  5.61730941  1.28591631] -243.53673255438096
[ 4.07604764 -1.78033941  1.39975429  6.73729795  5.6097219   1.29702718] -243.53666317598788
[ 4.07588286 -1.78459371  1.39688202  6.73646055  5.6129057   1.28433458] -243.53658772337178
[ 4.07605151 -1.78637988  1.39271075  6.73669356  5.6156464   1.2810041 ] -243.53668469166564
[ 4.07457933 -1.79092594  1.3993482   6.73735608  5.60727221  1.29747676] -243.5364736713596
[ 4.07356525 -1.79780627  1.39837765  6.73831443  5.60439844  1.30647831] -243.53670840127518
[ 4.07559323 -1.78671758  1.4046467   6.73973177  5.61521108  1.29784963] -243.53620142363377
[ 4.07571982 -1.78819551  1.40855498  6.74252924  5.62000227  1.30492705] -243.53613253944738
[ 4.07636052 -1.79125094  1.40914642  6.73561722  5.60442801  1.30196503] -243.53617499511006
[ 4.0752767  -1.79601885  1.4089094   6.73707985  5.61025089  1.29250011] -243.5364708070148
[ 4.07557396 -1.79643375  1.40529193  6.74846115  5.62715349  1.30526056] -243.5366904188811
[ 4.07561746 -1.78706951  1.40489011  6.73364588  5.60467127  1.29105895] -243.53624114355307
[ 4.07534704 -1.7891909   1.40194042  6.73176676  5.60171046  1.29720079] -243.53627931875917
[ 4.07508411 -1.79629017  1.41404782  6.73620446  5.603206    1.31070831] -243.5362878673853
[ 4.07655589 -1.79174602  1.41648152  6.73492505  5.60748409  1.30197665] -243.53595144386375
[ 4.07754416 -1.79215606  1.42504818  6.73370954  5.60759002  1.30422659] -243.53608206786657
[ 4.07628491 -1.78522883  1.40944436  6.73448302  5.60358314  1.31011214] -243.53600481198396
[ 4.07687778 -1.7812704   1.40277145  6.7347846   5.61075374  1.29170522] -243.53633222602633
[ 4.07553252 -1.79253523  1.41122873  6.73584949  5.60509294  1.30595754] -243.53612302460485
[ 4.07667667 -1.78948445  1.41797495  6.74058321  5.61337678  1.30813166] -243.53617659689695
[ 4.07675932 -1.79241081  1.41938688  6.74101654  5.61331781  1.31996441] -243.5360881763477
[ 4.07572766 -1.79097133  1.40677268  6.73422365  5.60459264  1.30683594] -243.53589211611663
[ 4.07525316 -1.79171477  1.40117154  6.73104387  5.60020057  1.30618808] -243.53611911559338
[ 4.07583285 -1.78911164  1.41480997  6.73872511  5.61359629  1.31462621] -243.53581799376883
[ 4.07556902 -1.78804199  1.41764174  6.74027906  5.61818043  1.32095681] -243.53581252977943
[ 4.07642328 -1.7921159   1.41843032  6.73106303  5.59741474  1.31700745] -243.5361206958449
[ 4.0769075  -1.7876364   1.4181571   6.73614729  5.60976468  1.31966026] -243.53578145443444
[ 4.07759499 -1.78518698  1.42162129  6.73629618  5.61210055  1.32651162] -243.53611742448948
[ 4.07617815 -1.78656256  1.41086444  6.74262851  5.62155952  1.30949462] -243.53610990643142
[ 4.07623943 -1.7879509   1.41275591  6.73973714  5.61552332  1.31137283] -243.5358155403477
[ 4.07566882 -1.78478101  1.40769756  6.73224853  5.60639163  1.3036738 ] -243.53600689560858
[ 4.07594144 -1.78668846  1.41061989  6.73444053  5.60812317  1.30774645] -243.53583512362772
[ 4.07602874 -1.79244953  1.41803192  6.73876788  5.61763963  1.3127375 ] -243.5358245981223
[ 4.07558205 -1.78616685  1.41151156  6.7396068   5.61712387  1.32445995] -243.5358241856936
[ 4.07636173 -1.78534004  1.42280003  6.74210258  5.6241924   1.32547533] -243.5364465087915
[ 4.07588618 -1.78956351  1.41077952  6.73619338  5.60949258  1.31149579] -243.5357591588336
[ 4.07612953 -1.79058126  1.41900603  6.74246998  5.62111833  1.32581459] -243.53592278874316
[ 4.07598846 -1.78766166  1.41271642  6.73644789  5.61137196  1.31226349] -243.53565425168372
[ 4.07602881 -1.78322423  1.40982216  6.7373693   5.60951265  1.32066554] -243.53584033300672
[ 4.07602875 -1.79014321  1.41597948  6.73841824  5.61560789  1.31471951] -243.53576395039235
[ 4.0766244  -1.79083237  1.41783183  6.7361342   5.60952308  1.30569628] -243.53587722036508
[ 4.07584263 -1.78733323  1.41309163  6.73873865  5.61522367  1.31976903] -243.5356883740093
[ 4.07583475 -1.78884243  1.41669939  6.73567103  5.61102374  1.32158213] -243.53561140296634
[ 4.07563241 -1.7892882   1.41867113  6.73363797  5.60877396  1.32668679] -243.53567358299307
[ 4.07659375 -1.78901816  1.41149944  6.7335931   5.60598108  1.31220659] -243.5356007175517
[ 4.07710611 -1.78950625  1.40842829  6.73025012  5.5998814   1.30783149] -243.53586102478778
[ 4.07515068 -1.78988434  1.40876486  6.73687348  5.61313563  1.31101859] -243.5357642546016
[ 4.07558988 -1.78932235  1.41111292  6.73669193  5.61229289  1.31317901] -243.53570335860397
[ 4.07588313 -1.78710391  1.40932029  6.73402709  5.60618742  1.31544584] -243.5355782371645
[ 4.07581032 -1.78558426  1.40599069  6.73183152  5.60147719  1.315809  ] -243.53597598118327
[ 4.07602469 -1.78686374  1.41403385  6.73552985  5.61120101  1.31998624] -243.53571279196458
[ 4.07599006 -1.78753868  1.41322026  6.73569573  5.6107739   1.31786363] -243.53555544845327
[ 4.07645438 -1.78651034  1.41440289  6.73469924  5.60789437  1.31986456] -243.5356989887833
[ 4.07623826 -1.78721334  1.4135804   6.73519741  5.608994    1.31819317] -243.53573825677984
[ 4.0759366  -1.78732129  1.41127028  6.73486141  5.60848066  1.31665473] -243.5355830072986
[ 4.0762919  -1.78827842  1.41235985  6.73464442  5.60837749  1.31503511] -243.53557225095958
[ 4.07591241 -1.78819056  1.41495983  6.73568338  5.61089882  1.31972288] -243.53558136200706
[ 4.07598926 -1.78760017  1.41296834  6.73607181  5.61107293  1.31506356] -243.5356075297089
[ 4.07591635 -1.78743596  1.41315595  6.73721719  5.61299879  1.31881633] -243.535619498466
[ 4.07578997 -1.78843052  1.41216659  6.73619383  5.6115334   1.31552132] -243.53562491743077
[ 4.07622222 -1.78702451  1.41381158  6.73519748  5.60933414  1.3188641 ] -243.5357162294029
[ 4.07589803 -1.78807901  1.41257784  6.73594474  5.61098358  1.31635701] -243.5356129262789
[ 4.07608974 -1.78823342  1.41262952  6.73374998  5.60719701  1.31474931] -243.5355729104639
[ 4.07617196 -1.78764183  1.41322486  6.73429083  5.60795003  1.31667273] -243.53555491235122
[ 4.07630892 -1.78742324  1.41354837  6.73346388  5.60643325  1.31683059] -243.53569602937475
[ 4.07614163 -1.78813457  1.41291985  6.7335701   5.60681971  1.31850257] -243.53553156413
[ 4.07621781 -1.78840176  1.41289561  6.73231925  5.60469309  1.32022208] -243.53576884151704
[ 4.07626264 -1.78868453  1.41516778  6.73435007  5.60885832  1.31752735] -243.53557001683245
[ 4.07640357 -1.78797993  1.41154755  6.73308366  5.60576     1.31372735] -243.5357696300733
[ 4.0760352  -1.7881379   1.41410676  6.73503345  5.60961412  1.318224  ] -243.53558284396198
[ 4.07615679 -1.7878882   1.41307236  6.73393047  5.60738487  1.31758765] -243.53553353086662
[ 4.07606584 -1.78783662  1.41307006  6.73463292  5.60879681  1.3181831 ] -243.5355330851968
[ 4.07620213 -1.78840955  1.41404382  6.73396009  5.60783902  1.31801496] -243.53552315436895
[ 4.07621677 -1.78820649  1.41263985  6.73410726  5.6075986   1.31676884] -243.53555425458603
[ 4.07611568 -1.78818399  1.41277469  6.73366004  5.60700836  1.31662594] -243.53554164373017
[ 4.07602702 -1.78816256  1.41393984  6.73462674  5.60885927  1.31911273] -243.5355484085552
[ 4.0760196  -1.78799867  1.41396702  6.73401953  5.60797074  1.31924014] -243.53554518963347
[ 4.07620688 -1.78798797  1.41267609  6.73329764  5.6064139   1.31693873] -243.53552487203467
[ 4.07627672 -1.7881483   1.4122186   6.73366423  5.60678348  1.31604418] -243.5355287582534
[ 4.07623431 -1.78795108  1.41322557  6.73402511  5.6076709   1.31846445] -243.53550559438918
[ 4.07629363 -1.78783462  1.41345101  6.73420764  5.60800217  1.31938371] -243.53552616165626
[ 4.07621904 -1.78826783  1.41297898  6.73378623  5.60738973  1.31779501] -243.53553873279992
[ 4.07617235 -1.78798311  1.41304901  6.73389441  5.60738608  1.31763949] -243.53554802347497
[ 4.07621822 -1.78818031  1.41363469  6.7339926   5.60775496  1.31823971] -243.53552490569712
[ 4.07622059 -1.78796952  1.41295083  6.73366137  5.6070424   1.31770159] -243.5355313240879
[ 4.07625552 -1.78804969  1.41272209  6.73384467  5.60722719  1.31725432] -243.53554511927865
[ 4.07618797 -1.78804282  1.41307271  6.73379761  5.6072453   1.31848351] -243.53551533799723
[ 4.07615008 -1.78789385  1.41314782  6.73432901  5.60823385  1.31832378] -243.5355302032813
[ 4.07619555 -1.78791964  1.41314896  6.73397779  5.60752788  1.31802605] -243.53554329453755
[ 4.07614673 -1.78793605  1.41367144  6.73408316  5.60793124  1.31915872] -243.535512193678
[ 4.07619042 -1.78807157  1.41341873  6.73398516  5.607765    1.31876453] -243.53552576049776
[ 4.07615531 -1.7880557   1.41377282  6.73440951  5.60849135  1.31944331] -243.5355403019179
[ 4.07620427 -1.78799107  1.41315633  6.73384841  5.60740464  1.31813702] -243.53553955662954
[ 4.07619052 -1.78794356  1.41344851  6.73405413  5.60780107  1.31881159] -243.53551127233732
[ 4.07621114 -1.78799695  1.41314914  6.73391136  5.6074581   1.31847398] -243.53549471473775
[ 4.07622627 -1.78806569  1.41343013  6.73400885  5.60771293  1.31835208] -243.53553677489882
[ 4.07621236 -1.78801132  1.41332215  6.73400514  5.60771795  1.31861449] -243.5355215785078
[ 4.0761922  -1.78792246  1.41318669  6.73417706  5.60795237  1.31839412] -243.53553945231118
[ 4.07622745 -1.7879603   1.4130882   6.73384324  5.60735665  1.31808302] -243.535507183735
[ 4.07624182 -1.78805384  1.41336788  6.73377222  5.60728682  1.31853909] -243.5355394271272
[ 4.07622942 -1.788021    1.41332258  6.73387343  5.60745321  1.31850285] -243.53551792503154
[ 4.0762088  -1.78789571  1.41308858  6.73389528  5.6074397   1.31863138] -243.53553030141725
[ 4.07621317 -1.7879382   1.41317397  6.73392367  5.60750801  1.31856156] -243.53551546269713
[ 4.07622297 -1.7879257   1.41314718  6.73387184  5.6073647   1.31835132] -243.53551231775873
[ 4.07620377 -1.78788427  1.41308828  6.73400303  5.60759993  1.31841246] -243.53551487329977
[ 4.07621689 -1.78794908  1.41320832  6.73397923  5.60757577  1.31830405] -243.53553908753645
[ 4.0762141  -1.78794092  1.41318256  6.73393756  5.60752495  1.31849718] -243.5354825990987
[ 4.07622973 -1.7880219   1.41332544  6.73387806  5.60745886  1.31848139] -243.53552402589128
[ 4.07621026 -1.78791868  1.41314757  6.73397178  5.60756466  1.31842969] -243.53551470155247
[ 4.07622324 -1.78798749  1.41326615  6.7339093   5.60749413  1.31846416] -243.53551869869278
[ 4.07621351 -1.78793588  1.41317721  6.73395616  5.60754703  1.31843831] -243.53553666308585
[ 4.07621262 -1.78796894  1.41316585  6.73392446  5.60749152  1.31848558] -243.5355025509044
[ 4.07622421 -1.787946    1.41320407  6.73398134  5.60759792  1.31848082] -243.53553532630397
[ 4.07622078 -1.78795061  1.41313538  6.7338904   5.6074408   1.3182901 ] -243.53554146371914
[ 4.07620231 -1.78794224  1.41331553  6.73399585  5.60766301  1.31865438] -243.53552178352197
[ 4.07621854 -1.78793331  1.41316487  6.7339047   5.60744482  1.31842425] -243.53551754794873
[ 4.07621218 -1.7879298   1.41316506  6.73395467  5.6075448   1.31846344] -243.53550531730278
[ 4.07620721 -1.78793646  1.41326393  6.73400913  5.60764821  1.31871178] -243.53554101098055
[ 4.0762106  -1.78794     1.41323179  6.73397944  5.60759636  1.31860636] -243.53551115852574
[ 4.07619924 -1.78793907  1.41320449  6.73391756  5.60749057  1.31856292] -243.5355107731561
[ 4.07622012 -1.78794177  1.41305601  6.73387695  5.607368    1.31835886] -243.53552663487508
[ 4.07620676 -1.78794213  1.41325065  6.73396612  5.60758926  1.3185805 ] -243.5355387219766
[ 4.07621336 -1.78795493  1.4131742   6.73393101  5.60750824  1.31849138] -243.53551923713536
[ 4.07621314 -1.78793536  1.41317381  6.73394612  5.60753488  1.31848031] -243.53553458678823
[ 4.07620667 -1.78794     1.41319352  6.73392756  5.60750776  1.31853005] -243.53551363526574
[ 4.07621235 -1.78794046  1.41320718  6.7339585   5.60756065  1.31855177] -243.53553781693424
[ 4.07621632 -1.78793712  1.41317371  6.73392113  5.60748488  1.31846072] -243.53553711400474
[ 4.0762082  -1.78794158  1.41324905  6.73396671  5.60759398  1.31857578] -243.53545731946994
[ 4.07621158 -1.78794284  1.41317511  6.73391819  5.60749091  1.31846003] -243.5355101548377
[ 4.07620603 -1.7879481   1.41320904  6.73395459  5.60756868  1.31855086] -243.53552539351375
[ 4.07620684 -1.7879541   1.41322068  6.73393242  5.60752996  1.31855479] -243.5355122993868
[ 4.07621422 -1.78794336  1.41318934  6.73391657  5.60748325  1.31848554] -243.53552847222792
[ 4.07620808 -1.78794691  1.41320411  6.73394508  5.60754732  1.31853453] -243.53552355041765
[ 4.07621217 -1.78794455  1.41319426  6.73392607  5.60750461  1.31850187] -243.5355346205242
[ 4.0762091  -1.78794632  1.41320165  6.73394033  5.60753664  1.31852637] -243.53553442088537
[ 4.07621115 -1.78794125  1.4132158   6.73395213  5.60755946  1.31853648] -243.53551442205648
[ 4.07620989 -1.78794221  1.41321208  6.73394245  5.60754244  1.31851791] -243.53546323065262
[ 4.07620752 -1.78794784  1.41323486  6.73394956  5.60756197  1.31856529] -243.53551151636208
[ 4.07620744 -1.78794079  1.41322129  6.73394713  5.60755087  1.31855292] -243.53551893597046
[ 4.07621078 -1.78794826  1.41321163  6.73394886  5.60755111  1.31853358] -243.53552164397342
[ 4.07620814 -1.78794425  1.41322658  6.73395589  5.60757065  1.31855516] -243.5355393010567
