[ 1.09005359 -1.06994279 -0.0276413   2.74029912 -0.40664532  0.57280619] -306.2270809859029
[ 1.73107559  1.12670862 -0.55924754 -1.12919034 -0.32181464 -1.72263599] -339.111175894461
[ 0.96312762  1.58544991 -0.94117109 -0.38050736 -0.33523206 -1.47919223] -328.3320550156579
[ 0.20755397 -0.36687019 -0.29951137  0.21473109 -0.57846523  0.94372862] -336.3653547322652
[-0.14837558 -0.76419331 -1.06543949  1.28952727  0.62558188 -0.01910456] -337.11797345835095
[ 0.79671921  2.20781314 -0.33820788  1.02006791  0.65598844  0.97367051] -318.839999205152
[-0.99386506 -0.28772687 -1.54963338 -2.62842073  1.56404785 -1.93328053] -393.14614491022803
[ 2.5405832   1.19404866  0.47256049  3.88006329 -1.68424349  1.6897047 ] -313.81815034409783
[ 0.08547841 -0.19794015 -0.17388934  4.05058411 -0.25252395  2.61650707] -311.69971947851485
[ 2.04288091  1.88171284  0.62948599  2.55221879 -1.49262241  1.79151285] -301.2197997662748
[ 3.13850915  3.20466592  1.47694873  3.18356455 -2.55172456  2.69682156] -330.77609473318944
[ 2.298727    2.2339174   0.17322367  4.40617753 -0.59329436  1.11127442] -302.0268774182909
[ 1.98835316  0.49775312  1.1863483   6.59697761 -0.92254831  4.39768414] -364.23448938491026
[ 1.219434    1.31352572 -0.40929124  1.36386388 -0.48206112 -0.00997314] -305.8379294849964
[ 2.2956665  -0.42270591  0.55969064  5.311001   -2.29311866  1.61694019] -359.560989898282
[ 1.17145603  1.55018338 -0.11373325  2.09280118 -0.08128833  1.13448793] -299.7030764993487
[ 0.09542679  0.70977014 -0.44650898  1.85525158  0.58143166  0.71583374] -319.94050791763254
[ 1.92929409  1.07297903  0.24279312  3.37386036 -1.1178247   1.44623696] -299.1629001908703
[ 3.1651368   2.52539867  0.338835    1.45915618 -1.13872147 -0.60105866] -298.92093264228595
[ 4.704966    3.88706808  0.59519717  0.16344221 -1.58182022 -2.20984153] -320.5880009248885
[ 2.85225602  4.59584847  0.31474573  2.34239352 -1.22862548  1.05135393] -297.22069904001853
[ 3.73335723  7.4287441   0.48593924  2.14344072 -1.63961556  1.29062779] -318.67722736279705
[ 3.26714962  3.30648755  0.93774133  4.04500531 -1.40206447  1.98790894] -319.3361423609987
[ 1.73136291  1.81176617 -0.0725331   2.03414924 -0.71206196  0.48949738] -296.13188041073147
[ 1.99873525  2.24537879  0.2733075   0.21201556 -1.33042042  0.65940238] -313.80021756812937
[ 2.22372907  2.23678275  0.19824463  3.35763704 -0.77757588  0.99830641] -293.18111166206546
[ 2.31486406  2.71593998 -0.32670195  2.33444705 -0.19274352 -0.2852382 ] -287.4121973916283
[ 2.45085564  3.13305354 -0.80479592  2.22556118  0.45719592 -1.32361373] -285.9381430709801
[ 3.61275548  3.57509284  0.18616307  2.83811799 -1.42458285 -0.4475805 ] -308.28128379897544
[ 1.78178089  2.05641074 -0.03875917  2.27913038 -0.41711196  0.73897082] -292.37090939360974
[ 2.80574635  4.38010775 -0.26421407  1.19214881 -0.15447557 -0.99508491] -292.18297294770537
[ 1.45010682  3.54592447 -0.5612723   3.01785055  0.19450316  0.92086863] -287.9459971236076
[ 1.29560454  1.12550001 -0.82918904  2.35976555  0.75878338 -0.77503906] -298.1399652717912
[ 2.46309315  3.72826135  0.02876204  2.34673653 -0.73177326  0.59475568] -290.1543263200726
[ 2.66040773  4.54841403 -0.40814517  2.77220559  0.23564942 -0.17809642] -282.2925845266671
[ 3.12493014  5.91673795 -0.5759512   3.14123377  0.70950512 -0.51189332] -283.20528562486544
[ 2.31360113  4.89394122 -0.88105282  1.25357398  0.63890511 -1.07903972] -293.72765835736953
[ 2.24619708  2.90107236 -0.07157974  2.83162127 -0.42345563  0.47896988] -287.6067873906144
[ 2.9103547   5.35586709 -0.65498921  2.51624426  0.27632664 -0.90637111] -284.3026906880542
[ 1.92125869  3.3574232  -0.5597927   4.04459098  0.15729099  0.85725589] -289.2275646344341
[ 2.08330041  3.88565688 -1.04895372  3.45595475  1.03094343 -0.64508464] -280.0158289704381
[ 1.89340404  3.96435464 -1.58781159  4.01056386  1.91230178 -1.26500479] -279.69954717318296
[ 2.61584997  4.45880551 -0.80307195  1.74675793  0.72688278 -1.61500507] -287.65792398016583
[ 3.4755829   4.57459793 -0.88219222  2.34980082  0.86713048 -2.52390905] -284.10741907034884
[ 2.59641739  3.70031435 -0.66676601  3.82190773  0.3815001  -0.29100334] -285.1466054005977
[ 3.08281038  5.5244615  -1.59665364  3.06713988  1.80015708 -2.64163602] -281.1022445126963
[ 3.0888034   6.0896163  -1.12739003  3.9537262   1.36715925 -1.27839318] -288.2780801096415
[ 2.61034258  3.87219423 -0.88544445  2.65760243  0.68468675 -1.31230859] -281.5348366078508
[ 2.94788339  5.57964879 -1.33831275  1.96927788  1.54391729 -2.65143866] -287.50801169691925
[ 2.68428389  4.17014796 -0.83465269  3.35875027  0.6721044  -0.88111217] -280.93372860428894
[ 2.55858914  3.52885634 -1.40997737  3.55577669  1.78101666 -2.02765123] -277.6482520086874
[ 2.38270636  2.61535096 -1.78747145  4.07554291  2.53336167 -2.58829129] -278.8393375557937
[ 1.68769635  3.96154497 -1.35870275  4.12421209  1.49484155 -0.24469403] -281.84044923166437
[ 2.17863439  3.79210586 -2.14960233  4.15247615  2.54605332 -2.61270586] -280.40505970486345
[ 3.31499179  4.3224952  -1.46267794  2.809891    1.63726511 -3.33544553] -283.38272925327647
[ 2.09452021  4.05178253 -1.38469655  3.79563182  1.53044744 -1.0173819 ] -279.0425778918419
[ 2.22040477  4.47170871 -2.10235361  4.65584379  2.72934014 -2.16952207] -281.18131070801076
[ 2.31788922  4.32183009 -1.79812632  4.15628345  2.21817679 -1.9552187 ] -278.8505080919764
[ 1.49296325  2.41856431 -1.45830198  4.6093542   1.75320972 -0.61138886] -282.48982256471527
[ 2.6853486   4.7479872  -1.56206572  3.45269346  1.78842024 -2.13407423] -278.81183834754285
[ 1.89184465  3.96549092 -2.46277393  4.34905821  3.25336768 -2.78956674] -283.4371929207889
[ 2.48617408  4.1189837  -1.241683    3.60632725  1.31742022 -1.35822581] -278.64865282311973
[ 2.50000737  4.45249231 -0.84518452  3.37328269  0.9698744  -0.63981303] -278.95210040962553
[ 2.98743884  4.44295608 -1.1594329   3.30276793  1.28948347 -1.77911684] -278.6015496698813
[ 3.0839622   4.48591938 -1.28746007  3.35341201  1.59101648 -2.28065138] -278.5205984745585
[ 2.87312666  4.09635195 -1.97439727  3.76913757  2.35863689 -3.20516637] -280.1233638666375
[ 2.59328719  4.36345722 -1.12748771  3.47224641  1.31706502 -1.28115137] -278.00308075388887
[ 3.14704413  4.24088988 -0.79790927  2.75812447  0.8099639  -1.66507159] -280.4313395618977
[ 2.52517795  4.30159504 -1.54807206  3.8067437   1.86612357 -1.88268192] -277.95046869343804
[ 2.72619453  3.66593538 -1.02930532  3.57973121  1.26562157 -1.40241862] -277.4636999589409
[ 2.7466175   3.12490947 -0.76292511  3.64325008  1.00422223 -1.03659081] -277.86520859877913
[ 3.00537587  4.14392278 -1.27889547  3.41723206  1.71935537 -2.19299798] -277.25615950818525
[ 3.26497677  4.15639231 -1.29750171  3.32268447  1.92032295 -2.61038406] -277.67473767228273
[ 2.51009013  3.72027263 -1.40096643  3.7589461   1.89058276 -1.91006732] -276.92879664931166
[ 2.27141577  3.3589309  -1.52173319  3.98703519  2.1911324  -1.97554256] -277.3058653063153
[ 2.22227607  3.42209375 -1.31077472  3.84348005  1.68890517 -1.28500477] -277.38619054940625
[ 2.58928071  3.23076808 -1.53184274  3.84839019  2.08680335 -2.28578925] -277.166883386739
[ 2.67875754  2.93568795 -1.10584863  3.52777507  1.61130472 -1.8186278 ] -277.03158510064884
[ 2.68540247  3.51070386 -1.14256706  3.7694082   1.63984098 -1.60398401] -276.13729887229584
[ 2.74880914  3.50162762 -1.00886191  3.87622396  1.56925314 -1.3921504 ] -275.8764141337642
[ 2.52533528  3.31885555 -1.51642465  3.8442846   2.2564466  -2.22579388] -276.80923916513655
[ 3.13027349  3.52828445 -1.30350523  3.58080394  2.02234348 -2.65680411] -277.0885466280819
[ 2.38880622  2.60124265 -1.34358772  4.06157589  2.09288931 -1.90341294] -276.6371418523614
[ 2.73807656  3.30455553 -1.02788878  3.70147966  1.72746999 -1.6831629 ] -275.44300803669586
[ 2.81247448  3.34144926 -0.77591179  3.62802439  1.54780331 -1.38184973] -274.9673365134002
[ 2.09115077  2.94476077 -1.08036182  3.98480606  1.6337498  -0.88716325] -277.25371560820383
[ 2.87049281  3.38240353 -1.24771937  3.68180447  1.92519506 -2.21439389] -276.196165766628
[ 2.60657848  3.68626246 -1.32530867  4.08917807  2.14941868 -1.85726159] -275.4457315596913
[ 2.80740868  2.89034106 -1.00497161  3.96808436  1.95641928 -1.74822016] -274.41749448542265
[ 2.95606796  2.47537527 -0.8069742   4.0726535   1.98933754 -1.66729658] -273.63978880079617
[ 2.93574108  3.01059804 -0.6530299   3.95886882  1.50151908 -1.24632783] -274.9961090721428
[ 3.25458177  3.86466274 -0.59568089  3.70734185  1.46795296 -1.3496804 ] -275.20703907760196
[ 2.90092483  3.24425494 -0.47420308  4.09562573  1.48323317 -0.75046162] -274.62332779738665
[ 3.07331373  3.03923996 -0.53484094  3.97434016  1.81050177 -1.35880885] -272.8709850224399
[ 3.23556602  2.80804613 -0.29783045  4.02339826  1.93112608 -1.34213808] -271.6897791100904
[ 3.42520689  2.56186633  0.12409856  3.73945944  1.15757204 -0.72198982] -274.7273591999595
[ 2.83407865  1.94920058 -0.36560273  4.13200153  1.73557745 -1.02034082] -273.5344628807528
[ 3.11903186  2.44946612 -0.21244466  3.93818546  1.78003079 -1.04836439] -272.06409736762606
[ 3.34448426  1.8212872   0.09825961  4.37241691  1.81115571 -0.8016807 ] -272.06881623750195
[ 2.7048443   2.35401041 -0.81036373  4.47196769  2.41924821 -1.48810424] -272.37533905863626
[ 3.16376619  1.37487364 -0.32411564  4.24124873  2.40559208 -1.70551332] -272.94084417162645
[ 3.1778558   1.77691942  0.16960833  4.32041937  2.03823924 -0.80141727] -270.65126593387197
[ 3.28874972  1.42769149  0.65789959  4.4443023   2.06269009 -0.36847761] -269.9414442866793
[ 3.45140213  2.12925775  0.0694043   4.36517159  2.40103687 -1.23108529] -269.18683694165554
[ 3.76006387  2.21928634  0.28690782  4.48175661  2.73376658 -1.33645753] -267.6076952837966
[ 3.32048049  2.98505559  0.2315917   4.33609369  1.84041373 -0.4228942 ] -270.9602490833036
[ 3.98461444  2.21626721  1.06515827  4.06008339  1.63381278 -0.28523326] -271.11098785266154
[ 3.55835121  2.88065043  0.47883448  4.05552299  2.18279097 -0.79950766] -268.1036363848795
[ 3.93024338  2.3961996   1.01996513  4.52886696  2.34816929 -0.46987173] -267.6026518549492
[ 4.33584915  2.36956635  1.63617003  4.8242077   2.63223854 -0.1806254 ] -267.4220842599267
[4.18047027 1.89145968 1.75001775 4.71059063 2.43077815 0.21107286] -267.0743650814341
[4.6529224  1.43316645 2.77394185 5.05418682 2.68060418 0.98767833] -268.1668105409872
[ 3.49670713  2.37496941  0.61531552  4.89074125  2.99374657 -0.68039658] -265.53291520365207
[ 3.25275348  2.45432052  0.39039415  5.30607018  3.67371346 -0.87797824] -265.0642425784536
[ 4.13826541  1.42926934  1.50181624  4.93805645  3.39824553 -0.69443033] -264.17191967419063
[ 4.54715787  0.65137621  2.13692851  5.23903784  4.17716143 -0.83019839] -264.3859770071625
[ 4.45316807  2.98715939  1.35681389  4.99443255  3.62115433 -0.85749782] -263.4178759866582
[ 5.03537724  3.76689334  1.70627104  5.26949768  4.40038645 -1.10200792] -264.72326436158687
[ 4.48183887  1.56970344  1.82853881  5.69618172  3.98050789 -0.44579783] -264.43930043160753
[4.52071788 2.0145399  2.53434247 5.67475647 3.84511272 0.38803861] -264.4044612211663
[ 4.00655551  1.74591774  1.48447108  5.61582163  4.35093215 -0.57823885] -261.3848162030852
[ 3.8419087   1.43409344  1.4086216   6.0116286   5.21027896 -0.77704558] -261.2219854939793
[ 4.04908053  2.071569    1.25682464  6.16311803  5.47889281 -1.29930992] -261.78435916716023
[ 5.24223968  1.38112432  2.9052584   5.85332109  4.83768395 -0.35070271] -262.495089962615
[ 4.26662122  2.20288169  1.82602027  5.51558935  4.81661488 -0.75118475] -259.49798389120684
[ 4.15901239  2.51947081  1.82476101  5.42529316  5.23466837 -0.90387822] -259.4510026196134
[ 4.10717371  1.92635553  0.88368946  5.45386016  5.41519526 -2.01566014] -263.79626429499575
[ 4.47926228  2.67732149  1.71017343  6.36249474  6.53437903 -1.37360113] -259.907485814198
[4.63438351 2.43055728 2.60379487 6.14956923 4.89049056 0.16164834] -263.33817477033017
[ 4.34879429  1.18421939  2.54633076  6.9940424   7.10764357 -0.65679859] -260.7321896539225
[ 4.07238245  1.32537553  1.28019508  6.12039677  6.57735834 -1.9487604 ] -264.7607966792755
[ 4.49388324  2.15426184  2.27289492  6.14227612  5.3122075  -0.36595384] -260.20557520138414
[ 3.21507414  2.63252101  0.76794372  6.51296325  6.78833946 -1.44149305] -266.1144714949633
[ 4.73544829  1.69397349  2.37092973  6.01823163  5.32534783 -0.6234003 ] -259.86711636683395
[ 4.63702254  1.81621115  2.78774584  6.15487086  6.09594894 -0.26758263] -257.6771020888391
[4.93099354 1.68853223 3.55320644 6.15074727 6.404477   0.24828102] -257.501887415422
[ 5.20722265  2.53849965  3.35081049  6.35273317  6.76262881 -0.44807144] -257.6152566480248
[ 4.98647984  3.23980045  2.48126125  5.15654963  4.75025928 -0.49874271] -258.68110793219387
[ 5.00558976  2.63160419  2.82415253  5.67974042  6.35837927 -0.83385042] -257.7054595560537
[5.19565321 2.09330545 3.75820039 5.23193702 5.07754116 0.35371378] -259.36749865610244
[ 5.09286884  3.2097641   3.55986764  5.31410193  6.20397014 -0.07078237] -258.24778937955307
[5.98059022 2.61436455 4.68440524 5.86997666 6.61775018 0.48739417] -257.62366048844814
[ 5.20559508  3.21421627  3.05970081  6.27601267  7.2882804  -0.7256377 ] -256.72225626909767
[ 5.21056601  3.77467169  2.71045102  6.7980505   8.39365002 -1.26531343] -260.25926533868466
[5.48780686 2.05919322 4.52945313 6.72455441 8.46156932 0.05118713] -258.25600355577296
[ 5.3624751   2.35434502  4.01740516  6.33255321  7.53374181 -0.08629533] -256.90116379165306
[ 5.47128661  1.80408987  3.60335925  6.90648588  7.45111569 -0.3819442 ] -259.54305600433236
[ 5.18747328  2.85834554  3.57074054  5.71219791  6.51575653 -0.14857283] -256.7997330588832
[5.61919353 2.45783023 4.58793703 6.55166655 7.34916564 0.60954972] -257.35359334415574
[ 4.52372751  2.42289177  2.69552825  6.58866027  7.33359988 -0.67097635] -258.14598566045424
[5.61637454 2.56649635 4.18718599 6.04964756 6.79671261 0.19780154] -256.62165157963426
[5.43347904 2.50808891 4.30791483 6.00487522 7.20008252 0.47978025] -257.3337516563103
[ 5.87720332  3.63124188  4.35708835  6.15823711  7.82343617 -0.1394058 ] -256.61207115980534
[ 6.3503082   4.6025967   4.7590293   6.16198202  8.53291575 -0.33324921] -258.79205073291934
[ 5.27500659  3.2530811   3.2454082   5.62617468  7.0368377  -0.75032634] -258.0594472695805
[5.5331468  2.65664295 4.25230482 6.32029358 7.27108366 0.2695807 ] -256.3821528654852
[ 5.49394366  3.25234043  3.50689373  6.27810546  7.20958787 -0.69062338] -257.7052942963464
[5.4485952  2.69415179 4.10765956 6.07318278 7.20245886 0.18717934] -256.4224309325556
[ 5.5936543   3.51935324  3.8274882   5.86397066  6.76550093 -0.03338959] -256.15154654623325
[ 5.7092439   4.10185734  3.73252971  5.62967938  6.38138048 -0.00693671] -257.04000813774456
[5.90404979 3.23568862 4.35973537 6.53491687 7.86673434 0.06728233] -257.43835939106566
[ 5.36661741  2.95268131  3.76798925  5.91787765  6.85350098 -0.09460904] -256.2106928331602
[5.93960211 2.79263957 5.10687125 5.85172377 6.94928399 0.85469008] -257.91068793081257
[ 5.38909684  3.1088221   3.57149342  6.16994045  7.2035313  -0.33055575] -256.1211717534386
[ 5.45306341  3.62113473  3.7741552   6.11818652  7.57645802 -0.24486825] -256.04890474528975
[ 5.37140784  4.14845393  3.56763981  6.15245599  7.96633073 -0.46620314] -256.6558063121156
[5.05085467 2.55302016 3.4099418  5.99624677 6.46740841 0.05718494] -256.1767070688475
[ 5.34688261  3.44306637  3.42679801  6.05565576  6.84336891 -0.31273167] -256.43073870015337
[5.42316705 2.88138044 3.93744417 6.06880103 7.11268637 0.06220159] -256.0544836745449
[ 5.2256711   3.55548771  3.17719919  5.72471411  6.72194502 -0.4642594 ] -256.14569480823593
[ 5.34521838  3.46038481  3.46458474  6.06274219  7.0956757  -0.22328645] -255.79575871338977
[ 5.33451886  3.71423656  3.31288249  6.13517446  7.21676306 -0.28762515] -256.00076230282417
[ 5.75910236  4.16250085  3.84084651  6.00653821  7.6911907  -0.46857089] -256.7213695717452
[ 5.22791659  2.95539033  3.51766798  5.99881963  6.77335398 -0.07425402] -255.88058489080225
[ 5.09439015  3.00818014  3.3200267   6.18376398  7.39571587 -0.39161784] -256.3305977609208
[ 5.46883826  3.39155996  3.70062282  5.94391899  6.92305466 -0.12294665] -255.90840115119533
[5.54342908 2.91740308 4.14479026 6.39608882 7.50630833 0.15302289] -256.24650730844775
[ 5.30511059  3.39596655  3.41909696  5.89255779  6.91803584 -0.30993883] -255.91480830369346
[5.35200793 3.45978351 3.69969721 5.8584016  6.92955689 0.02619155] -255.74636290783076
[5.33346347 3.63526422 3.7637991  5.70263217 6.79256969 0.2045652 ] -255.88858403164252
[ 5.294218    3.8800262   3.25449747  5.88940788  6.95935867 -0.37856914] -255.998365637441
[ 5.21137317  3.22656906  3.24456719  5.76376285  6.28988723 -0.11606626] -255.90186982301287
[5.34260364 2.74985854 3.76091483 5.9506598  6.68382944 0.10513558] -256.0673526523507
[ 5.30631441  3.59748429  3.38110181  5.90472086  6.89047636 -0.25764296] -255.81553142425685
[5.33211232 3.30109077 3.58365029 5.95156425 6.71596577 0.05393723] -255.70252865760702
[5.34561319 3.25365288 3.66592696 5.98106748 6.61493073 0.23587527] -255.77734863797411
[ 5.12280933  3.27534096  3.26313358  5.90275147  6.64191732 -0.07409365] -255.6333222977659
[ 4.94979487  3.21723146  3.04438896  5.88216771  6.50134864 -0.04966715] -255.6655942184577
[ 5.35075315  3.45658917  3.72537802  6.12923716  7.39242811 -0.06698317] -255.76703301493674
[ 5.37515525  3.89483417  3.52151391  5.93765288  7.1153194  -0.1063718 ] -255.68784675088202
[5.31970437 3.35185685 3.70488411 6.04272899 7.0731447  0.12744086] -255.5302793786185
[5.32639936 3.22904312 3.86677526 6.11173305 7.16447887 0.31998277] -255.51983017562077
[5.2745274  3.41184242 3.75546468 5.90103794 6.89087975 0.2741741 ] -255.6009647266477
[5.24358405 3.40072249 3.50470029 5.75847657 6.42694456 0.2315899 ] -255.55198706487272
[5.20618798 3.37784113 3.46538213 5.99600379 6.72227833 0.2068813 ] -255.4481411704845
[5.133278   3.33686994 3.34822459 6.06480488 6.61863904 0.29722618] -255.56487931453776
[5.1841088  3.56211733 3.54200632 5.91765432 6.93797364 0.23011698] -255.41514326201866
[5.11010704 3.69263061 3.52118433 5.90069935 7.04897758 0.31820685] -255.5450166540716
[5.07738372 2.85746831 3.61097351 5.9248995  6.47950476 0.50258893] -255.76923808485583
[5.30071237 3.63549271 3.54387881 5.93446453 6.95636574 0.04586839] -255.49781548950216
[5.38903065 3.59701211 3.96293558 5.97037193 7.05772298 0.51029813] -255.44175435703707
[5.27548033 3.52223387 3.53976145 5.99519679 6.86437495 0.24073839] -255.32383634655747
[5.2759568  3.5774296  3.43190984 6.04227621 6.85112255 0.22402054] -255.37418348719405
[5.31705578 3.5738576  3.80221289 6.2166649  7.47412028 0.28637208] -255.46743520814223
[5.23112595 3.86047513 3.41861713 5.8983857  6.83979977 0.18677565] -255.36300929307177
[5.23361746 3.52901968 3.69975969 6.06362794 7.00905758 0.50785913] -255.24192226985548
[5.20007001 3.47578317 3.77770014 6.12820964 7.0354035  0.7388545 ] -255.24149337491414
[5.17827879 3.55796331 3.43325469 5.75194249 6.34506411 0.4181829 ] -255.38545271544305
[5.27984353 3.81402051 3.75937631 5.89124984 6.97116799 0.56810755] -255.2765911209175
[5.06060516 3.66718567 3.19396977 5.89050766 6.60687167 0.28396053] -255.21922218494907
[4.89639241 3.70227245 2.80948687 5.85057553 6.38144602 0.17079172] -255.37907098913254
[5.22435912 3.73710322 3.49888684 5.93417639 6.61625369 0.58208953] -255.28245640099672
[5.24554924 3.80097055 3.62951586 6.16063285 7.29955975 0.44865915] -255.24606388664532
[5.19750985 3.47862387 3.71445299 6.10160536 6.95807742 0.7673609 ] -255.12634344002942
[5.1807018  3.28769824 3.86237091 6.20321518 7.01721624 1.05765352] -255.2381116966012
[5.1271653  3.80232845 3.65153918 6.04026379 6.96473638 0.88893899] -255.16019170555953
[5.14588857 3.60920085 3.7432979  6.13664665 7.32901855 0.649871  ] -255.3345718861113
[5.20474148 3.70512763 3.55998961 5.98479396 6.7944449  0.5990349 ] -255.16054934538911
[5.06537015 3.49598594 3.4163462  6.21075458 6.91519655 0.6741621 ] -255.28833294470016
[5.22622519 3.73451186 3.67361878 5.97112602 6.95717513 0.59462119] -255.16225197863025
[5.09322309 3.486883   3.56090763 5.87820263 6.47267658 0.84226452] -255.24065464414758
[5.10308668 3.81577032 3.34045919 5.82729016 6.5492572  0.58653917] -255.09550937113457
[5.05459502 3.9857639  3.12183871 5.67683042 6.30618405 0.51038151] -255.1834336503426
[5.21322146 3.9142996  3.48376887 6.06032635 7.13751098 0.39788737] -255.17829030452899
[5.2967115  3.81636824 3.94730644 6.10462755 7.18019566 0.99416698] -255.23391020080868
[5.11963174 3.70448131 3.38230394 5.94403763 6.75020267 0.46151214] -255.12304293563443
[5.11289862 3.49931488 3.62368569 5.89604596 6.52045358 0.90144839] -255.24828889982746
[5.18814075 3.81055342 3.51874808 6.01925625 6.98324663 0.52377763] -255.10923584725214
[5.08720008 3.7044498  3.38221221 6.0012897  6.70947994 0.68110005] -255.0898944996462
[5.01768753 3.68941877 3.23650892 6.01637153 6.58563234 0.72433949] -255.16654224184285
[5.06950332 3.7336081  3.43658225 5.99312034 6.84388851 0.70404139] -255.0354828823083
[5.00188424 3.74784833 3.37487857 5.99728353 6.86861031 0.75654464] -255.03859436420083
[5.12785884 3.61350049 3.27338037 5.92193602 6.6333144  0.35250477] -255.13076609435555
[5.12768546 3.66070748 3.36792007 5.95151797 6.7161699  0.48661333] -255.0760237374086
[5.0342395  3.99789961 3.09495559 5.81056533 6.55933753 0.38050034] -255.18668813515717
[5.15669226 3.6084428  3.55957864 6.02884535 6.85839244 0.67064576] -255.07261512183135
[5.12447111 3.74002933 3.48619621 5.99640229 6.80327554 0.7560603 ] -255.01554394342566
[5.12689079 3.75780334 3.53814234 6.02258461 6.82981197 0.90333438] -255.0015883635865
[5.03554545 3.61637386 3.35621682 5.92229312 6.51908669 0.82031373] -255.04689528020566
[5.09808577 3.54469147 3.53975826 6.14592687 6.94301929 0.83547704] -255.06050469582334
[5.11760093 3.60275922 3.55052058 6.02013972 6.86064299 0.79237516] -254.99575238949893
[5.13280135 3.55191392 3.63467477 6.02956474 6.93622452 0.84801271] -255.01879504966718
[5.07375405 3.62718545 3.62567956 6.09278537 6.90211073 1.0887825 ] -255.0922171399538
[5.1142026  3.65232697 3.43235994 5.98683482 6.76265511 0.63715562] -255.02679312242108
[5.03058403 3.69407818 3.39161476 6.00145448 6.72797574 0.89358669] -254.97139727459768
[4.96752991 3.73689588 3.30763283 5.98775904 6.66276739 1.00505715] -254.96744666161788
[5.0456719  3.82189765 3.33406    5.83165035 6.5499316  0.7852821 ] -255.0126587343943
[5.11158771 3.81872319 3.51021583 6.02506984 6.98414584 0.7887682 ] -254.9740072829821
[5.09165796 3.72986065 3.45439492 5.96489246 6.70609646 0.93328282] -254.91958546619492
[5.10273528 3.72798693 3.46330126 5.95077852 6.63720043 1.04790353] -254.89739436569198
[5.04313623 3.83636176 3.468931   5.95915921 6.74551163 1.13708456] -254.96323613281527
[5.11082172 3.67161245 3.61218795 6.15684663 7.02342848 1.10622556] -254.97265197184183
[5.02424647 3.70697646 3.43278747 6.01066638 6.80808695 1.05580367] -254.89390857654558
[4.97292431 3.68156303 3.38011004 6.00470726 6.79722444 1.13203831] -254.89498692429638
[5.00241818 3.89675967 3.38116486 6.00995349 6.75973725 1.2545724 ] -254.93462081348088
[4.97204156 3.70680786 3.37845263 5.99998458 6.56143154 1.41344742] -255.01971730849596
[5.07670117 3.79074436 3.47727503 6.01879853 6.87846726 0.94493801] -254.9238421999585
[4.96143402 3.89362923 3.23150953 5.82219176 6.47382849 1.04222755] -254.96517561930128
[5.10269388 3.88059026 3.51069022 5.93609025 6.77150995 1.15578608] -254.8713776113674
[5.17027586 3.95243745 3.61221892 5.91025585 6.82588123 1.23115055] -254.86717540857205
[5.1784037  3.74345964 3.71371665 6.13101223 7.07779976 1.18159002] -254.9223797818289
[5.14179065 3.76975975 3.55789039 6.05132912 6.91687933 1.10156816] -254.802906992161
[5.19111786 3.73645874 3.60237009 6.09741407 7.00256317 1.08380997] -254.74784748259322
[5.2454086  3.65592819 3.71939161 6.02968837 6.98359569 0.92715952] -254.87199185730762
[5.22736142 3.71700478 3.70398697 6.02447328 6.89990848 1.23086774] -254.782160451285
[5.14197813 3.75547121 3.46430213 5.87674659 6.64127889 1.01064163] -254.77943652915923
[5.2307275  3.78010535 3.71505114 6.03230299 7.08323771 1.1319075 ] -254.75748845116158
[5.37804332 3.82549211 3.83965282 5.97962734 7.00406811 1.1493753 ] -254.74536583379918
[5.55494175 3.88474993 4.04308549 5.96410782 7.10205868 1.19616111] -254.82248575495248
[5.20109276 3.93306169 3.59313575 5.94391833 6.83538351 1.35209138] -254.69542144601394
[5.17893484 4.07162844 3.53000781 5.90103331 6.76127741 1.56455731] -254.71516712819127
[5.28649781 3.63009384 3.69394738 6.07457168 6.9962654  1.08841396] -254.63606804843738
[5.34460878 3.46892203 3.73481161 6.15672959 7.08145748 1.01704567] -254.62145677703293
[5.26849469 3.78283226 3.6124542  6.00443969 6.98275447 1.01742274] -254.58725887879328
[5.28906133 3.815746   3.56668782 5.9944229  7.02417747 0.91070024] -254.52201620325886
[5.40290572 3.76445744 3.88626761 6.19139182 7.36901693 1.20433505] -254.60726695997823
[5.37154909 3.73460732 3.69259075 6.08886502 7.02231784 1.1072117 ] -254.57227500146473
[5.47130248 3.77763679 3.83534536 6.02090427 7.10957727 1.16310981] -254.48133328003178
[5.61139478 3.79822582 3.951833   5.98264937 7.16308431 1.20275973] -254.46062408077677
[5.36216083 3.67951466 3.63545602 6.13969834 7.16107774 1.11533929] -254.31453723800675
[5.35421959 3.60652593 3.53335763 6.21973385 7.23958255 1.09832128] -254.16077333852033
[5.59015367 3.46309982 3.86204706 6.26734585 7.46449535 0.82803318] -254.5336333753134
[5.52848595 3.92529874 3.76278302 6.09140668 7.34610067 1.10007472] -254.24445419741892
[5.51204908 3.68337711 3.57016548 6.02341607 7.05090248 0.8780319 ] -254.2302296670333
[5.59023904 3.69615049 3.72303391 6.10412655 7.40712977 0.89876198] -254.10659725972334
[5.69958401 3.67692208 3.73825549 6.11175731 7.59953573 0.79453712] -254.03529704080464
[5.40811124 4.03893207 3.51231375 5.87378287 7.00996572 1.16677516] -254.14614324724036
[5.74888689 3.76068125 3.7895483  6.10649248 7.44554636 1.1694664 ] -253.86509314632667
[5.97879967 3.73314887 3.90097854 6.16252728 7.6562308  1.29884949] -253.76508965403087
[5.54902173 3.75650912 3.38745164 6.17822531 7.47102167 0.90943683] -253.63676204899133
[5.51783521 3.73565077 3.10526096 6.27601328 7.62499035 0.76277538] -253.45363423577328
[5.62838032 3.5662202  3.3573276  6.13100354 7.38096854 0.89968872] -253.5219063814832
[5.68359427 3.76908953 3.47899918 6.23485664 7.78618875 1.12895048] -253.24180280014613
[5.76936686 3.81194574 3.43341603 6.34057692 8.15383189 1.25440977] -252.8899033158131
[5.97980618 3.91441398 3.48249316 6.07881989 7.90225845 0.9606906 ] -253.3666439480531
[6.11647951 3.44050181 3.49359684 6.49311654 8.4293062  0.82354187] -253.4086033760659
[5.96397191 3.72370504 3.18610222 6.38226184 8.11632634 1.20544816] -252.69896956137623
[6.09616585 3.74709653 2.91002559 6.5175141  8.37472165 1.41090367] -252.47103445632038
[5.72387831 3.67212747 2.69306152 6.44982081 8.29912822 0.73848719] -252.75960803306415
[6.10613032 3.87435856 3.01529043 6.58761697 8.88044372 1.08391411] -252.54951208904944
[6.4127738  3.75116393 3.2373669  6.54647513 9.05490637 1.32787369] -252.62796573857767
[5.91289426 4.14986693 2.76362103 6.34715807 8.4591239  1.4352178 ] -252.087373918392
[5.81110164 4.50454949 2.39863313 6.27417884 8.47403275 1.74105577] -252.02266924327938
[5.99333274 3.87266659 2.41343804 6.82657437 9.17676308 1.5581908 ] -251.92329026645533
[6.00009602 3.8517929  1.87891047 7.20045161 9.8140154  1.8569409 ] -252.41275192968223
[6.27842736 3.99537511 2.12252251 6.72681649 9.26616671 1.36573197] -252.49629859278497
[6.5087656  4.2429426  2.67269735 6.70990449 9.44321653 2.09073615] -252.0548484936829
[5.85186737 4.32783237 1.94016878 6.66772662 8.81687511 1.75563713] -252.04459863984266
[6.07375654 4.35579567 1.80387137 6.653288   8.97014823 2.22350439] -251.88172648497596
[6.05756964 4.59651422 1.19816183 6.68612351 9.01500048 2.79329953] -252.59126299356325
[5.83323589 4.3549193  2.59042224 6.48957899 8.48575241 2.22761067] -251.82234443566296
[5.61064015 4.5346914  2.82437211 6.37096024 8.09554526 2.65855002] -252.63013522949169
[5.92785407 4.80580548 1.69638471 6.68956967 9.41420772 2.45467463] -251.9560541599841
[5.32161715 4.49758036 1.60827541 6.49040101 8.33604323 1.89615498] -252.39632351085393
[6.21197849 4.30660204 2.40659186 6.65502862 9.16642321 2.04209086] -251.7278546141369
[6.09855242 4.40561383 2.49627834 6.52834621 9.07890068 2.32673857] -251.62980319197553
[6.22189495 4.44450456 2.77433311 6.458656   9.20991347 2.61228929] -252.04876794531768
[6.23513508 4.19591815 2.07036239 7.00661644 9.6233657  2.53654754] -252.0284211530056
[5.91711    4.42739165 2.31656545 6.45728824 8.76136599 1.93992871] -251.70878873735072
[6.11480128 3.76852422 2.97933772 6.51379847 8.46557681 1.6513467 ] -252.1458814795253
[5.97459088 4.54648516 2.01712296 6.64562687 9.17704999 2.25384265] -251.66542418536295
[6.04307532 4.92626929 2.13017937 6.31647794 8.70311709 2.77971448] -252.132952081298
[6.00576839 4.13606727 2.34262337 6.69905026 9.05835158 1.86357172] -251.65582400932962
[5.93998882 4.36989742 2.91933004 6.5050184  8.93913306 1.99442334] -251.93895034428178
[6.04031461 4.35932111 2.08273603 6.6162206  8.96239444 2.16623413] -251.6576677110191
[6.24953571 4.37224105 1.96355043 6.71094128 9.58240955 1.96985821] -251.9093929343658
[5.93731084 4.35924974 2.43370429 6.54491956 8.7599167  2.16317256] -251.64018497772523
[5.77923722 4.43810754 2.15641828 6.50878863 8.76623658 2.19573859] -251.69451323599023
[6.02814812 4.3208899  2.19306231 6.7236958  9.17291734 2.38317069] -251.53695492901326
[6.08366718 4.26763902 2.13131075 6.85689958 9.37869302 2.60479168] -251.59972844615717
[6.24899119 4.27110146 2.36542415 6.74383114 9.30360699 2.18983818] -251.72910440592975
[5.89667572 4.39635602 2.20866975 6.56754926 8.90057919 2.19426349] -251.59197710489119
[6.02766582 4.11268079 2.5685684  6.58096702 8.80063665 2.1118744 ] -251.57519947129174
[5.95772583 4.21763141 2.66489945 6.59862211 8.96137294 2.18136302] -251.6009459977692
[5.97625786 4.46807329 2.51243748 6.48231639 8.83308958 2.58995586] -251.7216691188987
[5.99839076 4.21906877 2.3850769  6.64486679 9.00203608 2.04516775] -251.56225622456137
[6.06507538 4.19816383 2.40514743 6.66976284 9.21223093 2.25102009] -251.48427566305332
[6.12895765 4.11762088 2.39086899 6.73218447 9.43838805 2.29494385] -251.50302902309062
[5.89267479 4.08264975 2.31219641 6.73347506 8.93769036 2.06221458] -251.60384507672313
[5.9441442  4.16339077 2.35821689 6.68219285 8.97299294 2.12834557] -251.53412334369187
[6.02897417 4.25255195 2.04134777 6.69105608 9.05909143 2.18991765] -251.61253514910595
[5.97553791 4.22636154 2.50901153 6.6217306  8.98580257 2.18350168] -251.53394452366237
[6.11631168 4.01716251 2.5976914  6.74018938 9.14829298 2.17342991] -251.5277127608784
[6.01487019 4.26899832 2.24750042 6.77984573 9.36412097 2.27633749] -251.50009670402912
[6.0496384  4.17925351 2.3851331  6.76093894 9.28341649 2.42010072] -251.44264421448696
[6.07526223 4.15934588 2.3851612  6.81897501 9.4241067  2.60756721] -251.43613142647575
[6.03558574 4.02358439 2.64118065 6.71386967 9.19626502 2.15689662] -251.50482674643015
[6.15007018 4.13448139 2.57034732 6.76593155 9.47061345 2.42123876] -251.47279829416487
[6.17685389 4.0408839  2.43999794 6.87446079 9.61940745 2.44532835] -251.43176025392466
[6.27751188 3.94814508 2.40549114 7.00082589 9.9362099  2.57624169] -251.48409378885353
[6.05626086 4.25799006 2.29875358 6.80075915 9.61395519 2.54603293] -251.5450651816496
[6.10129898 4.0773694  2.52295695 6.75533182 9.26470854 2.26658067] -251.46003689699026
[6.15889121 4.26949652 2.21585644 6.84089958 9.58879766 2.59912757] -251.49083129752117
[6.22761376 4.02424866 2.59898867 6.7952748  9.49583394 2.58728338] -251.47203441492064
[6.10650027 3.94200117 2.75834339 6.71901269 9.24016935 2.26054525] -251.5219787303957
[6.14579347 4.18762268 2.35147818 6.81042786 9.50164058 2.51448199] -251.44442162385366
[6.22722212 4.00982014 2.55116266 6.93703778 9.71320595 2.69647336] -251.45025997179647
[6.16794463 4.03194883 2.37956788 6.89790446 9.5356876  2.61799956] -251.43915149483203
[6.07051135 4.14474829 2.27778627 6.9027711  9.52375167 2.46219366] -251.4797730786118
[6.18833816 4.05437356 2.51868807 6.82214888 9.50281337 2.55601095] -251.4356287019476
[6.22583919 4.08396227 2.35239503 6.96498644 9.83424535 2.87937314] -251.49410161699333
[6.13243403 4.07901762 2.48031647 6.80774547 9.40709274 2.41977878] -251.4292935237353
[6.06832001 4.17457735 2.30057392 6.74018305 9.2837102  2.35724892] -251.44549891292587
[6.10804554 4.13338805 2.3632211  6.78939673 9.39108414 2.44205503] -251.42840606156744
[6.13716602 3.9786966  2.50417271 6.85978259 9.45842342 2.51509798] -251.41394170931417
[6.13285229 3.87423356 2.58051997 6.88445996 9.43681484 2.51540597] -251.42322701896921
[6.10475532 4.11661971 2.51761795 6.75959869 9.39862167 2.37727987] -251.45315009552994
[6.1521473  4.05311655 2.4140804  6.86332802 9.50142112 2.55781964] -251.42260938124613
[6.22306609 3.95381287 2.52166436 6.85331249 9.53597405 2.3711297 ] -251.45762129480914
[6.11221319 4.10796263 2.41928699 6.82755938 9.45207354 2.54845783] -251.42120600749536
[6.08461517 4.07664822 2.3550038  6.85194212 9.4403541  2.42016825] -251.42786346784672
[6.0653532  4.10205932 2.40536255 6.79212398 9.26407556 2.52246415] -251.4360674415351
[6.14897872 4.05617775 2.43133909 6.85387659 9.53057448 2.4646123 ] -251.42114139139198
[6.11528795 4.05631232 2.34871823 6.87421633 9.51755086 2.56295823] -251.4153443004792
[6.14209058 3.97624997 2.4609793  6.92083828 9.57571504 2.58098305] -251.41857522475468
[6.18467942 3.99952372 2.50452177 6.88125828 9.57156539 2.65647476] -251.42734321543577
[6.15966336 4.01880485 2.46714228 6.87392924 9.53876257 2.59739813] -251.41777189761555
[6.11965263 4.01161816 2.46313247 6.87340611 9.52294551 2.5320162 ] -251.41040907627175
[6.1034053  3.99086897 2.48765851 6.87844516 9.53370771 2.51911448] -251.41254070721982
[6.16206656 3.92465725 2.47254104 6.924457   9.59591709 2.53589746] -251.4155806223312
[6.12966365 3.93260196 2.47422292 6.9216666  9.53919701 2.64350471] -251.41662433972567
[6.13240948 3.9979804  2.44899725 6.85498101 9.48188378 2.54797452] -251.40874346287694
[6.12756893 4.00884562 2.44300622 6.82205238 9.43496816 2.53147026] -251.41183707787627
[6.10575208 3.94848405 2.43678592 6.89557398 9.49987666 2.5150849 ] -251.40529054256555
[6.07879643 3.91332365 2.42160775 6.90639635 9.48043371 2.47392829] -251.40491882420895
[6.11879604 4.02826083 2.4121669  6.84274654 9.47985444 2.41245285] -251.41504099616208
[6.07196963 4.07074007 2.39372406 6.81271931 9.38444682 2.47891189] -251.41167833920156
[6.1043088  3.94389425 2.53254881 6.84246097 9.41844504 2.42383568] -251.41326471848646
[6.09597162 3.94382355 2.50922745 6.87383558 9.43567165 2.57813534] -251.4112392571608
[6.06387018 3.98176343 2.41890655 6.86148386 9.44951875 2.49650266] -251.40264648571892
[6.02722226 3.98329685 2.37627348 6.86233449 9.44506641 2.487205  ] -251.40668105831688
[6.08324786 4.02918883 2.3526497  6.88514644 9.49985504 2.61198728] -251.41247428846236
[6.0885131  4.00786519 2.39762448 6.87447507 9.47950254 2.56494938] -251.40612993060407
[6.12110152 3.88138472 2.49277459 6.93547335 9.56553849 2.58559024] -251.4108836368727
[6.10547616 3.98748831 2.37178691 6.89490301 9.55760261 2.48885176] -251.4074889507501
[6.07513781 4.08529499 2.34791055 6.81974178 9.42509047 2.4491507 ] -251.41511508714072
[6.10961059 3.93236229 2.45655858 6.90654046 9.53042649 2.55148035] -251.40494859630383
[6.07323935 3.92864293 2.37536137 6.8928538  9.47017711 2.50921279] -251.39805027448477
[6.0500327  3.88715531 2.33147581 6.90257765 9.44379291 2.49781108] -251.3977907462806
[6.03302357 3.90533899 2.35032278 6.92714445 9.49854189 2.47653332] -251.4058469051558
[6.03580603 3.88844798 2.42037841 6.89796961 9.40313615 2.53154994] -251.40320852462742
[6.03520007 3.82826536 2.40212548 6.92622905 9.45578076 2.44431916] -251.40521226712391
[6.0914151  3.90510036 2.46669475 6.87325454 9.42248771 2.52199717] -251.40095791723238
[6.10797694 4.00778564 2.43641513 6.85651177 9.45415114 2.580104  ] -251.40873067312157
[6.05339429 3.87314543 2.41069789 6.90879973 9.45537336 2.47826537] -251.3992985152116
[6.01482765 3.88394977 2.36669514 6.87695345 9.35448771 2.44853782] -251.39786048454295
[6.02431888 3.89319711 2.38334177 6.86728326 9.36249849 2.5176264 ] -251.3952329985033
[5.99708011 3.88313384 2.36420879 6.84772672 9.30353088 2.53947546] -251.40000366458924
[6.06348023 3.91965582 2.37222557 6.86548122 9.42625016 2.45536357] -251.39566885638837
[6.03528611 3.80563784 2.35813709 6.90329943 9.37211136 2.47669781] -251.40089623273263
[5.98903153 3.84914674 2.27416301 6.90154371 9.38235029 2.43610351] -251.40281796744955
[6.0658192  3.89111195 2.41856181 6.88032683 9.41245335 2.50052376] -251.39534744638374
[6.05533821 3.97710063 2.40286224 6.86384129 9.44617397 2.48934486] -251.4017007003645
[6.04029913 3.84850353 2.36931838 6.89343489 9.39062701 2.47985957] -251.3965463328183
[6.03286498 3.90137907 2.33650827 6.85321937 9.34132985 2.48830869] -251.39251800663342
[6.02260032 3.91549588 2.29941346 6.82542919 9.2843081  2.49333035] -251.39540579440387
[6.07744406 3.8963845  2.37044873 6.87715429 9.43782955 2.5312932 ] -251.39586184219655
[6.05137613 3.89625535 2.41865903 6.84305564 9.34653655 2.49318065] -251.39458755410982
[6.06480203 3.9508244  2.39726335 6.83540532 9.38500564 2.51557252] -251.39914157855142
[6.04642486 3.87408375 2.37630462 6.8789275  9.38922167 2.48878781] -251.39441369016657
[6.01731737 3.89550985 2.39808496 6.85227698 9.32160047 2.44997042] -251.39610557717245
[6.06241239 3.89616584 2.37735779 6.87093497 9.40877228 2.51096251] -251.3941110562387
[6.03092525 3.86440853 2.39801887 6.86576797 9.32735391 2.54443304] -251.39705132890504
[6.05534149 3.905844   2.37867389 6.86555291 9.40152609 2.47763093] -251.39280902823128
[6.0250937  3.89786308 2.33838665 6.84599772 9.33750829 2.4916419 ] -251.39318184062404
[6.0668523  3.89733325 2.35862164 6.85194611 9.37913309 2.46587777] -251.39473076071891
[6.05621895 3.89629922 2.36480168 6.8557804  9.37497444 2.47881492] -251.39345623732768
[6.04140932 3.89428964 2.30535193 6.88041531 9.40457432 2.48553494] -251.39584045399812
[6.04888443 3.89576392 2.39033226 6.85239556 9.361046   2.49126922] -251.39276282368482
[6.04718045 3.92368796 2.35238222 6.83569948 9.35249732 2.49075492] -251.3942008761854
[6.04699155 3.91128691 2.35836282 6.84650648 9.36167841 2.49026314] -251.39272991858306
[6.02605265 3.90664623 2.3449974  6.83554918 9.31724875 2.46168043] -251.3930507032233
[6.02219065 3.90996185 2.35095209 6.84396001 9.33180469 2.48811652] -251.39349474993656
[6.04771187 3.89971487 2.36133928 6.8528253  9.364182   2.48114032] -251.39220179359052
[6.06085529 3.90901524 2.38501799 6.85601855 9.37816207 2.47178901] -251.39306333001744
[6.05191489 3.9062272  2.37336016 6.85351334 9.36799863 2.47675223] -251.39232621075047
[6.06851709 3.90009243 2.38786149 6.87245514 9.41533825 2.50677442] -251.39480766528678
[6.03666876 3.90500778 2.35571342 6.84477567 9.34177112 2.47295393] -251.3923441808192
[6.03300401 3.90061592 2.34653151 6.83552567 9.31114257 2.48926491] -251.3930632456535
[6.04975712 3.90453698 2.3706383  6.8580461  9.37893021 2.48053943] -251.3922911500659
[6.03975196 3.91362035 2.32830849 6.85056653 9.35758408 2.47205003] -251.39284051914711
[6.04660131 3.90022803 2.37482632 6.8519383  9.36018052 2.48646442] -251.39240313584446
[6.04151476 3.89441107 2.36576576 6.85826621 9.35645237 2.47178987] -251.39234582247286
[6.05852459 3.90199625 2.39737281 6.8532356  9.38184177 2.46823804] -251.39317604417263
[6.03927988 3.90153336 2.3517244  6.85322343 9.35145783 2.48329103] -251.3921843272873
[6.04234778 3.9035824  2.35135412 6.85494505 9.36008354 2.46902451] -251.39234844421284
[6.04341116 3.9027438  2.35722217 6.85419336 9.36010778 2.47338449] -251.3922178684891
[6.04806647 3.91217693 2.35756682 6.84725952 9.36503015 2.48423061] -251.3926599808582
[6.04315268 3.89885253 2.36371602 6.85551454 9.35859682 2.47490005] -251.39219671099355
[6.05507378 3.89952848 2.37028669 6.86432969 9.38531997 2.48371526] -251.39240694264205
[6.04127001 3.90363795 2.35935674 6.84966417 9.35265833 2.47564426] -251.39222438841057
[6.03627935 3.89744596 2.34797215 6.85430896 9.35397903 2.47954763] -251.39210265616228
[6.02846159 3.89305534 2.33527814 6.85470677 9.34696924 2.48094533] -251.39224782304294
[6.03394454 3.89677252 2.34313862 6.84853049 9.33473039 2.47542983] -251.39210954761688
[6.03998982 3.89538307 2.34901414 6.85653452 9.35502628 2.48025353] -251.3921157207425
[6.03670822 3.89382364 2.3484127  6.85278572 9.345883   2.48480297] -251.39202504597694
[6.03335675 3.88936355 2.34400797 6.8520819  9.33877061 2.49051221] -251.39211812120976
[6.02873963 3.89488882 2.33998674 6.85414059 9.33570911 2.47826803] -251.39243847808245
[6.04296881 3.89850836 2.35600114 6.85315412 9.35706378 2.48042225] -251.3920920110117
[6.03323752 3.89563643 2.33503836 6.85066454 9.34078329 2.48634903] -251.39222652327683
[6.04067389 3.89804851 2.35654661 6.85430204 9.35414344 2.4777623 ] -251.39207557327632
[6.037575   3.89179399 2.34863739 6.85331519 9.34881748 2.47611514] -251.39190911573243
[6.03672256 3.88692431 2.34709388 6.85336107 9.3474973  2.47252719] -251.39186458983588
[6.03577597 3.8951247  2.35070756 6.84894628 9.34273936 2.4765772 ] -251.39202426383306
[6.04243173 3.89318597 2.35910605 6.8570889  9.36570492 2.48178335] -251.39203117951422
[6.04214771 3.89109253 2.35798383 6.85223708 9.3503649  2.47841079] -251.39191317964918
[6.03518455 3.88755819 2.35061574 6.85308624 9.34504719 2.47686568] -251.3918584310886
[6.03129242 3.8820831  2.34792303 6.8530523  9.3390389  2.4750874 ] -251.39184041460766
[6.03435231 3.88269624 2.34719574 6.85152174 9.34293269 2.478634  ] -251.39197193279134
[6.02990133 3.8840622  2.34066619 6.84687916 9.32378047 2.47356317] -251.391968080044
[6.03335588 3.88017072 2.34877738 6.84921349 9.33623487 2.46679695] -251.39188937323635
[6.03348143 3.873885   2.34583913 6.853142   9.33721035 2.47176264] -251.39174578102117
[6.03233415 3.86326516 2.34340491 6.85523987 9.33444584 2.46935536] -251.39283852458115
[6.0346148  3.88337638 2.34889874 6.85110663 9.33510957 2.46741538] -251.39185035697105
[6.04063693 3.88178182 2.35817247 6.85715836 9.35803816 2.47043694] -251.39183648725398
[6.02788696 3.87164791 2.34091771 6.85344087 9.33401148 2.46293138] -251.3918631468152
[6.03485582 3.87972879 2.34750427 6.85787358 9.34740038 2.4732567 ] -251.3918257350055
[6.0308669  3.8705767  2.34932457 6.85523018 9.33610564 2.46776962] -251.3917678483633
[6.0406958  3.88549602 2.35830303 6.85574682 9.35028952 2.47897818] -251.39186261249017
[6.03749359 3.88203399 2.3539567  6.85517033 9.34622001 2.47496648] -251.39179781976938
[6.03492756 3.87332009 2.35200799 6.85943563 9.35289491 2.47701121] -251.39176498698052
[6.03946166 3.87169236 2.35434534 6.85961773 9.35358426 2.46998046] -251.39287658745815
[6.03333473 3.87948542 2.34952861 6.85469366 9.34267524 2.47381067] -251.3918089880874
[6.02768308 3.87122818 2.34121462 6.8546901  9.32946401 2.4757555 ] -251.39187804353347
[6.03739847 3.87914341 2.35393301 6.8565413  9.35089463 2.47176658] -251.3917850803692
[6.03431174 3.87308608 2.35402573 6.85353078 9.34126654 2.47243904] -251.3917520683108
[6.0361585  3.87119634 2.35350043 6.85632308 9.34552212 2.47142786] -251.39167994160513
[6.03757038 3.8670518  2.35548634 6.8571378  9.34694557 2.47023645] -251.39273656919406
[6.0315546  3.86503521 2.34892025 6.85623066 9.34174472 2.4690925 ] -251.391801373727
[6.03600884 3.8777843  2.35269759 6.85543541 9.34510119 2.47349799] -251.39175957613242
[6.03118652 3.86747276 2.34853214 6.85449107 9.33513896 2.47286954] -251.3917824454777
[6.03273951 3.87039042 2.34988235 6.85500363 9.33907788 2.4725938 ] -251.39174873764998
[6.0383423  3.87597738 2.3533265  6.85572666 9.35091868 2.47847456] -251.39181184910095
[6.03273575 3.87192687 2.35032505 6.8553543  9.3398089  2.47044585] -251.391707978869
[6.03355102 3.87276958 2.35008211 6.85016077 9.32976742 2.46704451] -251.39176893299825
[6.03458343 3.87318246 2.35152652 6.85711692 9.34711304 2.47451954] -251.3917187770473
[6.0319946  3.86677143 2.34900215 6.85472149 9.33823176 2.47089825] -251.39177285769074
[6.03500528 3.87503108 2.35177373 6.85525693 9.34338383 2.47284805] -251.39167283328985
[6.03392289 3.87211798 2.34692334 6.8572015  9.34277216 2.47209354] -251.3917276883356
[6.03588958 3.87538949 2.35008038 6.85646129 9.34619226 2.47177203] -251.39177790525315
[6.03352703 3.87164019 2.34993186 6.85536804 9.34085647 2.47238835] -251.39173869049975
[6.03516287 3.87114663 2.35548785 6.85906492 9.34927516 2.47281176] -251.3916970382769
[6.03566255 3.87322693 2.35324711 6.85807118 9.34843527 2.47232718] -251.39171708616493
[6.03584656 3.87311879 2.35836355 6.85652761 9.34840728 2.47269987] -251.3917089803141
[6.03560707 3.87203309 2.35603939 6.85641576 9.34449782 2.46966732] -251.3917220428278
[6.03483934 3.87289512 2.35265473 6.85694163 9.34645923 2.47330648] -251.39167780140284
[6.03425355 3.87187801 2.35412134 6.85508498 9.34251691 2.47218611] -251.39170914991465
[6.0346058  3.87221524 2.35390278 6.85583153 9.3439965  2.47222138] -251.39169300156072
[6.03365595 3.87168497 2.34751797 6.85639652 9.34107464 2.47165392] -251.3917536782645
[6.03529891 3.87276034 2.35565216 6.85649484 9.34657412 2.47243838] -251.391712831608
[6.03492231 3.8739631  2.35221423 6.85609928 9.34492153 2.47307727] -251.39171142363597
[6.03558189 3.87311371 2.35263708 6.85579001 9.34445298 2.47213795] -251.39168400359497
[6.03480554 3.87362316 2.35283825 6.85554423 9.34369016 2.47253472] -251.39170544753804
[6.03508408 3.87308886 2.35363079 6.85716093 9.3463295  2.47282991] -251.39170309056965
[6.03387052 3.87347897 2.35104939 6.85530562 9.34159637 2.47164695] -251.39169149273621
[6.03542592 3.87407494 2.35506864 6.85589227 9.34589555 2.47277396] -251.39171941009312
[6.03433062 3.87335802 2.34964585 6.85582673 9.34222923 2.47225099] -251.39170735713176
[6.034637   3.87326817 2.35164413 6.85552887 9.34230582 2.47167226] -251.39170045950755
[6.03533082 3.87384329 2.35487861 6.85570213 9.34502365 2.47230562] -251.39170949338737
[6.03458067 3.87347934 2.35095404 6.85579558 9.34292784 2.47226465] -251.39167288148548
[6.03478093 3.87353021 2.35105813 6.85606841 9.34330861 2.47193187] -251.39170693061763
[6.03479939 3.87359992 2.35239322 6.85567528 9.34359478 2.47238401] -251.39170433102484
[6.03478709 3.87355345 2.35150316 6.85593737 9.343404   2.47208258] -251.39171299177056
[6.03479631 3.87358831 2.35217071 6.8557408  9.34354708 2.47230865] -251.3917105871784
[6.03479298 3.87425521 2.35136388 6.85552626 9.34315583 2.47255635] -251.3916913658239
[6.03529359 3.87407239 2.3522054  6.85552347 9.3439184  2.472493  ] -251.39169058920498
[6.0344379  3.87425503 2.35141156 6.85528128 9.3424901  2.4722475 ] -251.39171117573602
[6.03482114 3.87414962 2.35170893 6.8553929  9.34284483 2.47226015] -251.3916974128273
[6.03504468 3.87405997 2.35270226 6.85620893 9.34485666 2.47283898] -251.39168235557628
[6.03490234 3.8743155  2.35208347 6.85546611 9.3434893  2.47261603] -251.39167817288146
[6.03551544 3.8743729  2.35253433 6.85584359 9.34472619 2.47295669] -251.39172562208623
[6.03470728 3.87428449 2.35169225 6.85542185 9.34304912 2.4724248 ] -251.3917137286011
[6.03495381 3.87467329 2.3519286  6.85536152 9.34343657 2.47273204] -251.3917090425383
[6.03502498 3.87454552 2.35223799 6.85573293 9.34412025 2.47284352] -251.39170877513718
[6.03514944 3.87455174 2.35198956 6.8553902  9.34365112 2.47267053] -251.39168490133133
[6.03489913 3.87464314 2.3515688  6.8553916  9.34326983 2.4727022 ] -251.3917087328887
[6.03491321 3.87459035 2.35174133 6.85532492 9.34311433 2.4725541 ] -251.39170698005518
[6.03472159 3.87464305 2.35159264 6.8552691  9.34293696 2.47254778] -251.39168577345836
[6.03495073 3.87466167 2.35170609 6.85542704 9.34338887 2.47265669] -251.3917160475483
[6.03495304 3.87467039 2.35187297 6.8553779  9.34342464 2.4727132 ] -251.39168758043525
[6.03485558 3.87483106 2.35127502 6.85493729 9.34247332 2.47250177] -251.39170647667856
[6.03496692 3.87479608 2.35184628 6.85512719 9.34305824 2.47257628] -251.39171679236318
[6.03491608 3.87468138 2.35163817 6.85532549 9.34321693 2.47267072] -251.3916845779396
[6.03495379 3.87487921 2.35163937 6.85519406 9.34324794 2.47276325] -251.39171689094394
[6.03492336 3.87466257 2.35171584 6.8552922  9.34314773 2.47260639] -251.3916792984593
[6.03503401 3.87458234 2.35225262 6.85569999 9.34411375 2.47285045] -251.39168246393547
[6.03496354 3.87471367 2.35178122 6.85536674 9.34339213 2.47268477] -251.3917037822427
[6.03495567 3.87468121 2.35185003 6.85537511 9.34341651 2.47270609] -251.3916849988612
[6.03527302 3.87475372 2.35214734 6.85551087 9.34403966 2.47290297] -251.39168127228277
[6.03514473 3.87473973 2.35198906 6.85545012 9.34376782 2.47281028] -251.39170864012019
[6.03500293 3.87469584 2.35188479 6.85539386 9.34350434 2.47273214] -251.39170659202492
[6.03496432 3.87484682 2.35174478 6.85527457 9.34326578 2.47272722] -251.39171254512905
[6.03513915 3.8748924  2.35196053 6.8553839  9.34371174 2.47287551] -251.39170977007123
[6.03501965 3.87480671 2.35201317 6.85547846 9.34374879 2.47284925] -251.39168129063728
[6.03496068 3.87485623 2.35170595 6.85529121 9.34330038 2.47275939] -251.39170652785953
[6.03507736 3.87479141 2.35188165 6.85532357 9.34351747 2.47275929] -251.3916887365571
[6.03498048 3.87485614 2.35181188 6.85531602 9.34340017 2.47277707] -251.39169818207128
[6.03509655 3.87489783 2.35197085 6.8554088  9.34375502 2.47289563] -251.3917110062208
[6.03506349 3.87488508 2.35191434 6.85537524 9.34363271 2.47285353] -251.39169071562625
[6.03489649 3.87484982 2.3517397  6.85529658 9.34328271 2.47274002] -251.39171546050332
[6.03507849 3.87488175 2.35190533 6.85536207 9.34360449 2.47284164] -251.39168020291632
[6.03511423 3.8748945  2.35206075 6.85541289 9.34379544 2.47288356] -251.39168986855762
[6.03513903 3.87490737 2.35203777 6.85542037 9.3438274  2.47290137] -251.391709274078
[6.03502011 3.87486895 2.35186835 6.85534211 9.34350698 2.47280815] -251.3917036129008
[6.03504189 3.87495642 2.35183953 6.8553095  9.34349416 2.47284484] -251.3917100021959
[6.03501247 3.87491889 2.35189345 6.8553677  9.34356631 2.47284865] -251.3917134857862
[6.03504132 3.87491124 2.35182769 6.85529025 9.34345065 2.47280367] -251.39168174464476
[6.03505976 3.87496279 2.35191724 6.85533491 9.34358963 2.47286581] -251.39170718173733
[6.03503439 3.87495808 2.35184403 6.85531609 9.34350827 2.47285079] -251.39171018794144
[6.03499288 3.87494361 2.3517928  6.85528648 9.343392   2.47281256] -251.39171015842516
[6.03504604 3.87500218 2.35177155 6.85523036 9.3433732  2.47282659] -251.39170969812656
[6.035028   3.87497769 2.35179681 6.85525339 9.34338622 2.47281638] -251.39167933152765
[6.03508122 3.87500352 2.35184938 6.85527197 9.34350057 2.47285589] -251.39170611340532
[6.03504532 3.87500642 2.35180594 6.85523643 9.34340055 2.47282729] -251.39168705762197
[6.03504093 3.87496207 2.35188537 6.85531761 9.34353061 2.47284577] -251.39170875339323
[6.03504221 3.8749721  2.35185692 6.85529579 9.34349126 2.47284098] -251.3916811640939
[6.03502136 3.87500456 2.35171958 6.85520001 9.34328139 2.47279828] -251.39170960907845
[6.03505016 3.87497323 2.35186782 6.85530119 9.34351257 2.47284892] -251.3917152498094
[6.03501664 3.87500439 2.35178527 6.85525516 9.34338503 2.47283222] -251.39168920950843
[6.03502375 3.87500159 2.35181532 6.85527636 9.34343754 2.47284451] -251.39168953721193
[6.0350233  3.87497116 2.35180071 6.85527359 9.34341724 2.47282586] -251.39170256060274
[6.0350253  3.87501875 2.35178983 6.85524668 9.34339219 2.47283767] -251.39169893987867
[6.03504325 3.8750173  2.35181155 6.85526445 9.3434422  2.47285197] -251.3917095262413
[6.03503252 3.87499693 2.35184548 6.85529592 9.34348673 2.47285693] -251.39171708216892
[6.03501332 3.87501782 2.35174666 6.85522847 9.34333261 2.47282317] -251.3917260658952
[6.03502772 3.87500216 2.35182078 6.85527906 9.3434482  2.47284849] -251.3917070364876
