[-0.76347188  1.23322902 -0.55623244  1.12238777 -0.30382397  0.70877233] -268.4697251602697
[-1.17631624 -0.26616242  0.45717501 -0.07716217 -0.19962207  1.64822175] -263.38596438960656
[ 0.07525952  1.68678141 -0.51198926  0.02777785  0.1140816   0.25555394] -247.13222269498112
[ 0.41872885 -1.6939767   0.18118503 -1.57416381  0.97593409  0.78171819] -243.30198806845107
[-0.42828743 -2.45351718 -0.56392062 -0.21386154 -0.99419221 -1.21265976] -274.6274418087664
[-0.7387631  -0.80182043  0.37129779  0.27482989  0.72432507  0.95347039] -256.4660632774438
[ 1.85671199 -1.17675328  0.36243755  0.86436789  1.40088544  1.67524821] -244.55733638418954
[0.31900381 2.11394972 0.66521185 0.42654068 1.89811893 3.22032136] -266.16885283140135
[ 1.01501349 -1.27922292  1.06467176 -1.14165766  1.94173166  2.13607229] -253.87744852563077
[ 0.16454103 -3.29100116 -0.02361922 -0.96854336 -0.24567367 -0.73689311] -262.005865833456
[ 2.1068135  -1.91916861  0.02415288 -0.76196756  1.8367168   0.04016823] -248.11565497892772
[1.41338039 1.56294766 0.52087114 0.19827222 2.57689856 2.68430353] -263.9988331361311
[ 0.47675087 -2.07751396  0.11250337 -0.67683946  0.45996939  0.11840605] -245.3779944670126
[ 2.72185585 -1.35146426  0.03968932 -1.36232414  1.51878126  0.71558524] -245.09647702910678
[ 1.5370267  -0.89814221 -0.99534546 -0.01939208  0.1603912  -0.94051233] -240.25260136048064
[ 1.79803331 -0.70760185 -2.02535408  0.54174071 -0.73027903 -2.47880464] -257.2635864299301
[ 0.25529776  0.08214561 -0.29465936 -0.15155702 -0.29336914  0.82849821] -246.64560470226795
[ 2.34686449 -4.05868301  0.31392607 -1.00108072  1.29344915  0.80409392] -255.2766078146846
[ 0.64316076  0.25041531 -0.30551043 -0.22943679  0.40892349  0.39268893] -239.83824204370362
[ 2.29611391 -2.39795731  0.09297916 -0.84770577  1.93499743  0.08587989] -251.92744346753136
[ 0.7655018  -0.53788012 -0.19774973 -0.32559421  0.2637225   0.64284363] -240.25977445772767
[ 2.17091111  0.27491354 -0.41760128 -0.20534158  1.11624328  0.97078458] -236.00859148163943
[ 3.01799124  1.45112729 -0.68265361  0.03040736  1.44438022  1.39697384] -236.83951521854874
[-0.25784211  0.09098977 -0.49721743  0.86580394 -0.07674793  0.45867183] -255.94536041325233
[ 1.97693136 -0.99085075 -0.09453737 -0.80529212  1.11989897  0.65135689] -238.7173541196017
[ 0.64737487 -0.0217537  -0.97229063 -1.91744142 -0.05251427 -0.84228825] -243.96722230234104
[ 0.94970915 -0.31050359 -0.63860859 -1.22198909  0.31083566 -0.21290413] -237.89709646894497
[ 2.26235144  0.95662743 -1.06430265  0.63848185  0.15073761 -0.280299  ] -238.26971363566562
[ 2.41452838  0.29870003 -0.97421886 -0.28872906  0.82528756 -0.44913865] -234.3211332090016
[ 3.23904167  0.7169901  -1.36245342 -0.27029649  1.10607009 -0.99512979] -236.3802051931555
[ 1.93550403  1.05790953 -0.16958092 -0.68471019  1.15025099  1.29800853] -236.23186345782085
[ 3.26015106  0.17851675 -0.81410613 -0.62642327  1.14882786  0.26658047] -237.24329608287036
[ 2.35412037  1.80957198 -1.26493544  0.009055    0.44749535 -0.12034629] -233.9762745920619
[ 2.54271488  3.20978334 -1.85013448  0.41622856  0.11129355 -0.50619788] -240.96409399552317
[ 2.09928993  0.14640865 -0.36204776 -1.64452791  1.51557596  0.86462717] -239.94814132933521
[ 2.22158607  0.75407273 -0.88873893  0.06772941  0.49194719  0.00593254] -234.15317330834495
[ 3.83589119  1.76839844 -0.8711186   0.64584919  1.41584842  0.87017786] -236.16270077060025
[ 1.71736265  1.80933866 -0.71462521  0.47437419  0.66686307  0.59189239] -236.87858993364983
[ 2.10305976  1.40163319 -0.73949544  0.19917483  0.78735427  0.51056441] -234.28045217492948
[ 3.09786159  1.04452044 -1.54912192  0.82728945  0.54447437 -0.70201705] -238.19316908089945
[ 2.22609342  1.05456225 -0.51446617 -0.30671028  0.99880683  0.79800214] -234.149978711873
[ 0.66087518  0.09608613 -0.72870011 -0.82078976  0.13986308 -0.29824495] -239.54558498768776
[ 3.04213719  1.35032036 -0.83551398  0.27918946  1.09685208  0.57807216] -234.1121105578817
[ 2.61626395  1.94803997 -1.32152166  0.19191137  0.43300449 -0.52975581] -235.16139279441384
[ 2.50492574  1.52975836 -1.09554156  0.09259813  0.60381418 -0.15462071] -233.66804541358587
[ 2.40277914  2.33460627 -0.80534498  0.40240791  0.65013574  0.98834006] -235.08918420460031
[ 2.41159107  0.80767659 -0.93200039 -0.11594482  0.78149961 -0.08976897] -233.51572508703305
[ 2.81709153  1.03368757 -1.10423671 -0.19053586  0.68611749 -0.17147412] -233.40369888553016
[ 3.17410741  0.84971477 -1.28660735 -0.38539121  0.6354991  -0.51249339] -234.68051942919425
[ 2.89706704  1.77445297 -1.02682583 -0.14517887  1.04624799  0.27402219] -233.44009936924255
[ 3.11621755  1.71392703 -1.57188513  0.28310462  0.55520207 -0.69270739] -235.80885262596252
[ 2.44862446  1.21940345 -0.77882091 -0.15925655  0.88790564  0.42532476] -233.25886552725444
[ 2.10233621  1.37452994 -1.23193964 -0.44894378  0.387508   -0.52369321] -233.66440850619895
[ 2.70642498  0.77026432 -0.79151958 -0.33147558  1.01686895  0.04027627] -233.96395342359563
[ 2.61834883e+00  1.03009123e+00 -9.09873542e-01 -2.46342938e-01
  8.74525551e-01  1.20628173e-04] -233.26465343583496
[ 2.59342731  0.88352222 -0.89902411 -0.52799907  0.95078724  0.12613114] -233.59124384346006
[ 3.15971386  0.8750814  -0.65165419 -0.01280892  1.35485317  0.71181175] -236.0122692692168
[ 2.36668063  1.24966781 -1.08686828 -0.33991006  0.62934429 -0.21481697] -232.96740941875868
[ 2.59304054  1.48813765 -1.04718444  0.1289427   0.68442628 -0.05166197] -233.52964255387374
[ 2.59313723  1.3369838  -1.01014436 -0.03529274  0.75101652 -0.00721369] -233.1709934026226
[ 2.83539217  1.74041903 -1.04025616 -0.25622752  0.84355289  0.19175657] -232.8658752899685
[ 3.04729272  2.20679024 -1.09438404 -0.32636887  0.87457952  0.33251934] -233.01276973275873
[ 2.32935791  0.76229799 -0.94990749 -0.26400969  0.51123947 -0.19945647] -233.51155542688872
[ 2.75513976  1.52141423 -1.00759624 -0.17488657  0.91249586  0.15565253] -233.09284584069997
[ 2.38868283  1.66563894 -0.84028312 -0.21343627  0.94682943  0.35508206] -233.2428825207387
[ 2.5108702   1.88108451 -1.01144948 -0.1466603   0.78252266  0.30180779] -232.91492374288816
[ 2.70134315  1.91233266 -1.22004497 -0.22954794  0.73401491 -0.16456866] -232.95803879579967
[ 2.86550488  1.5483284  -1.28517005 -0.18073878  0.60415294 -0.26754287] -233.3800171656801
[ 2.50788834  1.6363113  -0.95150485 -0.2052619   0.86116031  0.19942583] -232.93954756990004
[ 2.63263418  1.97675938 -1.0957623  -0.41553869  0.83668045  0.16363272] -232.68739365692605
[ 2.65238265  2.29664718 -1.13857127 -0.60566167  0.87951242  0.24905592] -232.763526433715
[ 2.42979646  1.94411067 -1.1276991  -0.35616223  0.64992931  0.00342657] -232.68985729461804
[ 2.83929421  2.44733804 -1.06203734 -0.19655613  0.93994255  0.44664391] -233.21180149017604
[ 2.48483402  1.54908537 -1.08066054 -0.30407158  0.70699386 -0.04945175] -232.76399471979627
[ 2.43246198  1.66359076 -0.88239918 -0.33175947  0.82626492  0.4347679 ] -232.80413977362664
[ 2.60077466  1.94870527 -1.12790407 -0.39821137  0.68748772  0.14922077] -232.53581448807017
[ 2.64721782  2.10490225 -1.21610368 -0.49468611  0.60065142  0.12411824] -232.49577010983197
[ 2.64324201  1.77853797 -1.1361775  -0.57282157  0.70550162 -0.01239104] -232.48846311306878
[ 2.70942792  1.7272647  -1.19854151 -0.7859022   0.6669911  -0.16949045] -232.5817933058336
[ 2.25466999  1.93190978 -1.13934461 -0.56878569  0.59845431  0.02961098] -232.52187761177197
[ 2.59833618  2.09817771 -1.38285007 -0.57226249  0.53980541 -0.34845266] -232.86558530009208
[ 2.47393053  1.7722375  -1.0075119  -0.39188522  0.75465004  0.23896276] -232.58174489017293
[ 2.54232964  2.28706715 -1.16020582 -0.62922159  0.67496186  0.23190516] -232.3920868040364
[ 2.57107745  2.65605804 -1.19997846 -0.7917966   0.65894586  0.37258361] -232.4642363185062
[ 2.63487826  2.00636068 -1.12400284 -0.66815073  0.74037059  0.25518637] -232.40116263600305
[ 2.43278857  1.98357906 -1.16535315 -0.69297828  0.52151616  0.1254981 ] -232.2892468702148
[ 2.33286577  1.9869889  -1.20014858 -0.83169807  0.36393402  0.1064308 ] -232.40772849368793
[ 2.57777824  2.25854813 -1.3062173  -0.8169961   0.52583528  0.01234651] -232.380542074072
[ 2.90474153  2.2077553  -1.23000882 -0.72283243  0.65782467  0.21594347] -232.5604866897147
[ 2.41718787  2.00087116 -1.16201066 -0.60729738  0.6132969   0.0761941 ] -232.3750981819264
[ 2.43551704  2.0000858  -1.13521874 -0.8344691   0.65984271  0.10546149] -232.23474312340096
[ 2.32966666  1.94767757 -1.09477628 -1.0043606   0.68943836  0.09613312] -232.23871531985017
[ 2.3702512   2.40029935 -1.21482533 -0.84354949  0.53977288  0.28125495] -232.29165885591598
[ 2.29040593  2.30378954 -1.25727417 -0.80668659  0.43803801  0.02236707] -232.49928971754485
[ 2.54876018  2.08071789 -1.15732067 -0.70278469  0.66478744  0.19698155] -232.2929083256366
[ 2.38509806  1.95429998 -1.22010947 -0.87013675  0.50005527  0.03400708] -232.25100719976732
[ 2.28542274  1.88140295 -1.04539538 -0.7000758   0.64058851  0.26078591] -232.30041906391648
[ 2.40209139  2.09925719 -1.15073025 -0.94070066  0.56222409  0.25846893] -232.12127686907473
[ 2.39454315  2.1484502  -1.14509005 -1.10740231  0.53668769  0.34960634] -232.08276093556935
[ 2.57022999  2.30774114 -1.3005771  -0.98369774  0.50029888  0.10348392] -232.293355234567
[ 2.49902818  2.20115659 -1.23678167 -0.91279225  0.53537129  0.14280942] -232.20910891519273
[ 2.29031522  2.14857244 -1.2151388  -1.05099137  0.43296122  0.14923092] -232.20944130305
[ 2.44217888  1.745082   -1.15773862 -0.97937386  0.5223719   0.0209495 ] -232.23500959745064
[ 2.3827716   2.08230328 -1.20467263 -1.22541027  0.54091387  0.14185681] -232.15936389214426
[ 2.42968663  2.15425012 -1.1447707  -1.1666763   0.57599429  0.26929775] -232.12035827820745
[ 2.36844173  2.49985747 -1.20281891 -1.11987334  0.57155179  0.36513808] -232.22810362444793
[ 2.35274513  2.41144424 -1.24787218 -1.35991285  0.40465067  0.36718495] -232.23150085638062
[ 2.37343811  2.30860463 -1.21970882 -1.22855191  0.46844868  0.30175409] -232.14787405327405
[ 2.4214859   1.84792161 -1.18590198 -1.1107348   0.45857389  0.08638036] -232.2132226084239
[ 2.40822486  2.01090558 -1.19013121 -1.11301944  0.48681836  0.15606979] -232.13924706677133
[ 2.53891562  2.1533177  -1.16524623 -1.20029279  0.61511684  0.30456715] -232.22640834675616
[ 2.35246532  2.14975875 -1.20266566 -1.08831673  0.47850013  0.18806498] -232.13970831721107
[ 2.28134838  2.08360092 -1.13223136 -1.39700006  0.49374972  0.32607383] -232.1365020484271
[ 2.36379721  2.20288679 -1.1401933  -1.14157864  0.47248576  0.38843211] -232.08000067030326
[ 2.35431001  2.26317855 -1.10795363 -1.09966283  0.43827171  0.51171976] -232.09467676847382
[ 2.36991707  1.94134616 -1.09865194 -1.10944591  0.54629664  0.25742752] -232.08125725220657
[ 2.39670711  2.03072118 -1.08102387 -1.25672416  0.55884403  0.39423747] -232.1030917163762
[ 2.33710833  2.17617955 -1.05718919 -1.27992303  0.57453435  0.50562188] -232.12291695640923
[ 2.48257146  2.13434374 -1.09007499 -0.95691672  0.5945312   0.3954672 ] -232.11034103003752
[ 2.47529922  2.02781985 -1.17607909 -0.96632499  0.52041219  0.17920091] -232.1397449645196
[ 2.37165605  2.13908962 -1.08691167 -1.20152352  0.56100381  0.42401664] -232.08748290956703
[ 2.36337738  2.04469577 -1.06921123 -1.09118745  0.51395541  0.46709801] -232.0465368516149
[ 2.33022276  1.9899186  -1.0314315  -1.05344303  0.48293597  0.56599814] -232.05504925175055
[ 2.2707612   2.0347195  -1.11695236 -1.34570394  0.46855991  0.3648055 ] -232.11133267779047
[ 2.42961889  2.10943768 -1.09679433 -1.05411353  0.56303838  0.38780177] -232.0761795299597
[ 2.36759614  2.1645809  -1.13126031 -0.97835962  0.5056452   0.36388999] -232.09901051245888
[ 2.37487388  2.13111597 -1.1187012  -1.04795076  0.51894491  0.37147686] -232.07219448556728
[ 2.39371981  2.05355457 -1.13596902 -0.98236935  0.48946579  0.31659756] -232.0879061096662
[ 2.37717199  2.11770586 -1.09917601 -1.14673498  0.5431193   0.39716187] -232.06710651799042
[ 2.36504233  2.03394588 -1.06248596 -1.08960145  0.51592578  0.40685971] -232.0414775963707
[ 2.35029193  1.97669372 -1.02118391 -1.08070102  0.50554482  0.43548639] -232.0318191928904
[ 2.38312669  2.25283244 -1.08310139 -1.07797621  0.49273289  0.55839149] -232.08064616061276
[ 2.37982429  2.17496087 -1.08698902 -1.08584364  0.50612383  0.4831505 ] -232.06099770907286
[ 2.39458891  1.98198317 -1.02382527 -1.02726515  0.57775646  0.45895969] -232.06953981419022
[ 2.31709057  2.03294744 -1.04290121 -1.1057808   0.49210986  0.48330933] -232.04430632467464
[ 2.35257447  1.97854631 -0.99572769 -1.13122025  0.52725832  0.53691173] -232.04390631139017
[ 2.31885463  2.12653349 -1.08123776 -1.18655757  0.45161406  0.47541292] -232.05931979011314
[ 2.31683243  1.99375334 -0.9999076  -1.08036194  0.45574946  0.56329442] -232.04707890131047
[ 2.29318285  1.87609582 -0.98306745 -1.13942604  0.47595349  0.50402044] -232.04928425681726
[ 2.34559524  1.84104398 -0.95609528 -1.0230016   0.5385764   0.52129385] -232.05928107406965
[ 2.33891009  1.91241636 -0.9873809  -1.06389059  0.51683581  0.50982362] -232.04187277110984
[ 2.38650944  2.10358849 -1.0557034  -1.04495465  0.52786441  0.49462073] -232.05220285350703
[ 2.3165145   1.93296899 -1.00122643 -1.11580819  0.48893122  0.50167051] -232.04069763160678
[ 2.36275388  1.96566952 -1.03930286 -1.11583417  0.55912902  0.41480544] -232.06004144525465
[ 2.32831279  1.98673238 -1.00975642 -1.08922999  0.48159435  0.52617218] -232.0391289061429
[ 2.30452073  1.89540596 -0.95018095 -1.10435617  0.49013605  0.53069325] -232.04029485166345
[ 2.3466176   1.86130713 -0.94558422 -1.08928794  0.51132366  0.53027656] -232.03946323580564
[ 2.30914808  1.87662854 -0.97604326 -1.04987105  0.47086365  0.47446244] -232.04776050461004
[ 2.34171787  1.95306686 -0.99080658 -1.11088295  0.51315965  0.52129941] -232.0365737817963
[ 2.32374838  1.95630866 -0.98553194 -1.13286483  0.48006077  0.50537581] -232.0324086500504
[ 2.34855527  1.94353592 -0.96645491 -1.08663278  0.50500855  0.51476402] -232.02723537635987
[ 2.36457566  1.94881938 -0.94906914 -1.07204507  0.51304721  0.52131077] -232.02424849993363
[ 2.38056735  1.99890342 -1.01712978 -1.08731443  0.51144078  0.48261379] -232.0307090998927
[ 2.34978706  2.07886768 -1.04557504 -1.10172483  0.4902922   0.46714289] -232.03855804952093
[ 2.37524996  1.98415419 -0.99334238 -1.10594772  0.52292079  0.45157084] -232.0260168097084
[ 2.36226332  1.86044774 -0.94011287 -1.09486051  0.52509914  0.50540945] -232.0384974687519
[ 2.35914426  1.91505272 -0.96647842 -1.09657659  0.51639741  0.49584281] -232.03041682434187
[ 2.3761413   1.97357717 -0.98677195 -1.0809336   0.50331094  0.4427674 ] -232.01938682762176
[ 2.39335302  1.98383232 -0.98475463 -1.06595892  0.49838658  0.40350139] -232.01673466388718
[ 2.41731234  1.97950993 -0.99178748 -1.03664976  0.54251843  0.42473285] -232.03183457576102
[ 2.39392135  1.97370961 -0.9902236  -1.06070352  0.52690401  0.44489359] -232.02645397383526
[ 2.40531194  1.95813017 -0.94581541 -1.08214773  0.52415411  0.49775801] -232.02035351779548
[ 2.38328471  1.92232938 -0.92609807 -1.07381209  0.52249593  0.45567868] -232.01570253383812
[ 2.38464339  1.88404235 -0.88058222 -1.06706091  0.52802351  0.44221112] -232.01369050476617
[ 2.41320751  1.99584329 -0.94811738 -1.05471137  0.52141467  0.42457244] -232.010562351669
[ 2.44023914  2.03623857 -0.93893686 -1.03377875  0.5239233   0.38893725] -232.00839957109326
[ 2.39386969  1.95802938 -0.90727662 -1.08160951  0.50991449  0.45686954] -232.00323774559996
[ 2.39384385  1.95018927 -0.86580313 -1.0920625   0.50141973  0.46285751] -231.99579584050494
[ 2.41873905  1.93626316 -0.86164474 -1.03173691  0.50673069  0.45395451] -231.99847454623247
[ 2.44746781  1.96741257 -0.87677652 -1.05220351  0.51449876  0.36176249] -231.99716360437765
[ 2.42078348  1.96119592 -0.85701729 -1.03211944  0.50017341  0.33998341] -231.99750769696234
[ 2.44188589  1.92794829 -0.77549895 -1.03702842  0.52653655  0.41306737] -231.99147816179257
[ 2.46615232  1.90000627 -0.67087111 -1.02256317  0.54061153  0.41785036] -231.99902700994647
[ 2.46967635  2.04237357 -0.84464361 -1.02591561  0.49640397  0.36464306] -231.9915551485068
[ 2.423893    1.89222235 -0.75485789 -1.05657671  0.49133107  0.40981887] -231.99092088561397
[ 2.41571993  1.82021424 -0.66281841 -1.06797569  0.47503495  0.42025968] -232.0082734717602
[ 2.44711108  1.97751749 -0.79655439 -1.06689849  0.50339047  0.33008973] -231.98687913513103
[ 2.4612971   1.99814466 -0.76400921 -1.08447927  0.50172036  0.26815734] -231.991670972173
[ 2.45384251  1.95802527 -0.78102754 -1.07810897  0.5110201   0.44076293] -231.98528267363938
[ 2.47037202  1.95643994 -0.74303266 -1.10110373  0.51644345  0.49115269] -231.99081986663634
[ 2.42928309  1.94867952 -0.72935198 -1.06666006  0.4955352   0.44531733] -231.98340549212938
[ 2.42019073  1.93931299 -0.65563972 -1.07388833  0.48605343  0.48709475] -231.9900920024444
[ 2.49472012  1.96539956 -0.69484166 -1.01833358  0.50665273  0.33837559] -231.9887171758907
[ 2.42723555  1.84755725 -0.66606719 -1.08195314  0.51508474  0.42783421] -232.00088360487993
[ 2.45906615  1.99366949 -0.79999951 -1.03992499  0.50107416  0.38044085] -231.98459607742214
[ 2.46075276  1.98388961 -0.7433787  -1.07180584  0.4764647   0.36853439] -231.9839924582507
[ 2.49103223  2.05017129 -0.76019337 -1.05733393  0.50671472  0.3580214 ] -231.9818417465366
[ 2.52460185  2.12914576 -0.76286111 -1.05771254  0.51440654  0.33212267] -231.99017677491662
[ 2.41897582  2.00525133 -0.8419935  -1.10857718  0.49141373  0.43601329] -231.98529714162387
[ 2.45720644  2.00237801 -0.75542715 -1.07390517  0.49068373  0.479607  ] -231.98063679522133
[ 2.46225411  2.01480826 -0.73486353 -1.07740851  0.48433036  0.55436564] -231.98719728700928
[ 2.49808524  1.9736864  -0.68113258 -1.02066914  0.50241715  0.38821468] -231.98553833629327
[ 2.43875317  1.9973601  -0.80177827 -1.08660017  0.49416458  0.42406364] -231.98128701790222
[ 2.45818877  2.03402407 -0.74901546 -1.05396775  0.47719226  0.3778986 ] -231.983921867777
[ 2.45267267  2.01183137 -0.7130488  -1.09683265  0.47917757  0.43737327] -231.97831438946938
[ 2.44947593  2.02091231 -0.66957345 -1.12528648  0.46822928  0.46583949] -231.9817749595115
[ 2.4482927   2.03092518 -0.75955964 -1.07329406  0.50469133  0.47222603] -231.98062630147092
[ 2.447558    1.97975775 -0.75743761 -1.09757426  0.51313011  0.49430428] -231.9868912036942
[ 2.45553108  2.02045749 -0.751121   -1.06486938  0.48617673  0.40700002] -231.97920499557458
[ 2.48521301  2.08902829 -0.78435742 -1.08428506  0.49166768  0.41411313] -231.98011407409692
[ 2.42152412  2.00048885 -0.76157072 -1.1025949   0.47547249  0.52010629] -231.98479046381007
[ 2.47365521  2.03775068 -0.76053771 -1.06864917  0.49890416  0.39854263] -231.978592244729
[ 2.48543719  2.06676358 -0.70623897 -1.06734499  0.48960249  0.44555706] -231.97851304947673
[ 2.47639418  2.08320752 -0.73619403 -1.07785327  0.49272292  0.37866371] -231.97901511792514
[ 2.49467508  2.0720878  -0.724273   -1.07998411  0.47472586  0.35485725] -231.98485395365728
[ 2.4598883   2.04121583 -0.75073798 -1.07496657  0.49719996  0.44288383] -231.97786029428673
[ 2.4493132   1.9980472  -0.68826874 -1.06588695  0.48959359  0.42256038] -231.9799042089208
[ 2.45828815  2.02079247 -0.71229091 -1.07048648  0.49011212  0.42044857] -231.9779502946226
[ 2.47991416  2.06672966 -0.70856181 -1.087175    0.49639634  0.43415633] -231.9771711434792
[ 2.4921057   2.08986575 -0.68728221 -1.09832782  0.50150615  0.44773448] -231.97907589450892
[ 2.46022437  1.99848701 -0.71427803 -1.07729835  0.49107463  0.48099018] -231.98022333591945
[ 2.47235173  2.0620274  -0.73071503 -1.07771454  0.49231085  0.40424533] -231.9774673176596
[ 2.46252886  2.05203609 -0.67999346 -1.08952424  0.48269561  0.46301217] -231.97884695069934
[ 2.47087362  2.04132203 -0.74040165 -1.07386794  0.49485202  0.41466001] -231.97733723676174
[ 2.44589235  2.01454268 -0.74567976 -1.09300273  0.49374713  0.40569873] -231.97745307450592
[ 2.47639676  2.07037866 -0.74974691 -1.06223844  0.50902857  0.40332432] -231.97902786151266
[ 2.45860369  2.02646819 -0.72222333 -1.0881841   0.48664032  0.42886104] -231.97731936132453
[ 2.47088646  2.06330946 -0.75381561 -1.09448382  0.49693676  0.42305319] -231.97723060929368
[ 2.47295238  2.05025064 -0.71639441 -1.09650947  0.48976118  0.39400771] -231.9773341118225
[ 2.46068915  2.02551349 -0.73164382 -1.10002648  0.49380041  0.42923367] -231.97703236851382
[ 2.45485787  2.00725654 -0.73210821 -1.11118245  0.49454519  0.44172784] -231.97806395915077
[ 2.49208081  2.07665515 -0.71200045 -1.08707953  0.49238188  0.43562526] -231.97762416470874
[ 2.45743946  2.0300708  -0.73725993 -1.09152193  0.49340582  0.41318036] -231.9769454244885
[ 2.46262148  2.04612538 -0.71623132 -1.11209899  0.49079492  0.42617075] -231.97622056663394
[ 2.45849542  2.04852705 -0.70414616 -1.13121452  0.48876637  0.43192612] -231.97694660583772
[ 2.4570991   2.03582169 -0.74018419 -1.09465397  0.49623034  0.45754407] -231.9776803720735
[ 2.46898906  2.0466434  -0.72234186 -1.09604559  0.49137847  0.4098918 ] -231.97671460825512
[ 2.47490956  2.06632921 -0.73439478 -1.10559984  0.50093059  0.41636766] -231.97708550376245
[ 2.46396783  2.03049452 -0.6963289  -1.10300546  0.49196543  0.419947  ] -231.97672334316994
[ 2.44962469  2.01499594 -0.73750506 -1.1155911   0.49102887  0.40410742] -231.9775691773447
[ 2.47234179  2.05379623 -0.71579762 -1.09427903  0.49505448  0.4266441 ] -231.97661194581437
[ 2.45377336  2.01121873 -0.70547303 -1.09339265  0.48453592  0.42532157] -231.9778806351953
[ 2.46962551  2.05255159 -0.72716435 -1.10254805  0.49683192  0.41860614] -231.97655783140058
[ 2.47097256  2.06104715 -0.70673084 -1.09980654  0.4926766   0.40891305] -231.97651824640732
[ 2.47873328  2.06681529 -0.69093836 -1.11107262  0.49282812  0.42354392] -231.97731693662118
[ 2.46276292  2.03925692 -0.72567954 -1.0964096   0.4932614   0.41577125] -231.97655482977586
[ 2.47180328  2.06931237 -0.74165294 -1.09739047  0.49470051  0.41538536] -231.97688209671105
[ 2.46592669  2.04019898 -0.70765991 -1.10160172  0.4926492   0.41880659] -231.97630968764713
[ 2.46576126  2.05101535 -0.710746   -1.10620238  0.49571103  0.42841216] -231.97629098942
[ 2.46021502  2.04293556 -0.71560636 -1.1119434   0.49225388  0.41224921] -231.97623386423479
[ 2.45979446  2.04097486 -0.70038698 -1.10680617  0.48895042  0.4181682 ] -231.97650247199502
[ 2.46566757  2.05484217 -0.69344093 -1.11641013  0.49108396  0.42180207] -231.9767539143714
[ 2.46348908  2.04315323 -0.71761989 -1.10140974  0.49271704  0.41727896] -231.97616642313662
[ 2.45496344  2.02708731 -0.71601932 -1.11354759  0.49168223  0.43144891] -231.97662414677814
[ 2.46697028  2.05255719 -0.70905296 -1.1032418   0.49242801  0.41454701] -231.9763298260374
[ 2.46853348  2.05102037 -0.72525184 -1.10535984  0.4965676   0.4209867 ] -231.9765503883381
[ 2.46197922  2.04348624 -0.70660319 -1.10644459  0.49085472  0.41887282] -231.97627606689514
[ 2.45969397  2.03641439 -0.71576927 -1.1099918   0.49256559  0.42604982] -231.97627621740952
[ 2.45865999  2.04751107 -0.71986544 -1.11442858  0.49231653  0.42420465] -231.97611549217407
[ 2.45502663  2.05116711 -0.7259682  -1.12084202  0.4921502   0.42690368] -231.9762046878858
[ 2.45645832  2.03552661 -0.71981915 -1.11256998  0.48812319  0.41319658] -231.9764712731379
[ 2.46343553  2.04714316 -0.71301429 -1.10779428  0.49381407  0.42460827] -231.97614450678566
[ 2.4637728   2.05370382 -0.71387756 -1.10804806  0.4916848   0.4150784 ] -231.9762074644647
[ 2.46208542  2.05003784 -0.72546843 -1.11212977  0.49367236  0.42099059] -231.97612215058314
[ 2.46447308  2.05295594 -0.71975261 -1.10669307  0.49274603  0.43052799] -231.97621563201264
[ 2.46268381  2.05204297 -0.72030142 -1.10473551  0.49485535  0.41805886] -231.97609138222344
[ 2.46271498  2.05500177 -0.72233646 -1.10105376  0.49688557  0.41400292] -231.9761088665517
[ 2.46023579  2.04490809 -0.71696306 -1.1094889   0.49360736  0.40954525] -231.97613476177074
[ 2.45975707  2.0412283  -0.72386661 -1.1086142   0.49530944  0.42315046] -231.9761505684898
[ 2.45879679  2.05113724 -0.72220653 -1.11765401  0.49514134  0.42290707] -231.97617210204098
[ 2.46231601  2.04514924 -0.71876655 -1.1054708   0.49332311  0.41868598] -231.9760961422958
[ 2.46338177  2.05436915 -0.71425978 -1.10940175  0.49188683  0.41554741] -231.9761986429198
[ 2.46066325  2.04451351 -0.7214649  -1.10881109  0.49445378  0.42124969] -231.97609447900822
[ 2.45877923  2.04757774 -0.72792897 -1.1105606   0.49359543  0.41297008] -231.97609584666577
[ 2.46149344  2.0507027  -0.72763551 -1.10922321  0.49379816  0.4291747 ] -231.97612173264366
[ 2.45944649  2.04579457 -0.7198525  -1.1056135   0.49377509  0.4204574 ] -231.9760329599012
[ 2.45812703  2.04367294 -0.71704454 -1.10235537  0.49382646  0.42019081] -231.9760497093184
[ 2.45935615  2.04349367 -0.71509109 -1.10731682  0.4936416   0.40936752] -231.97612737643698
[ 2.46095912  2.04890044 -0.7244994  -1.10874661  0.49375902  0.42422291] -231.9760437432535
[ 2.46295598  2.04714843 -0.72440581 -1.10021745  0.49560407  0.41434366] -231.9760801645235
[ 2.45951329  2.05017666 -0.72738445 -1.10742412  0.49535781  0.41841488] -231.97601755397082
[ 2.45811193  2.05269037 -0.73169341 -1.10840077  0.49637515  0.41827934] -231.97605770681974
[ 2.46329475  2.04861445 -0.71804052 -1.10128882  0.49567295  0.42594573] -231.9760850415868
[ 2.4622879   2.05304566 -0.72336313 -1.10053092  0.49522098  0.41923145] -231.9760855381425
[ 2.46013536  2.04585043 -0.72554719 -1.10320497  0.49494129  0.42281315] -231.97604182717507
[ 2.45981377  2.04244933 -0.72321349 -1.10830091  0.49448243  0.42283446] -231.97611160248124
[ 2.46166937  2.05039658 -0.72332572 -1.10247341  0.49503634  0.4201322 ] -231.97600813244048
[ 2.45826512  2.04747458 -0.73029784 -1.10793786  0.49381826  0.41418234] -231.97605092814874
[ 2.45704026  2.04904933 -0.72589656 -1.1115827   0.49329187  0.42573064] -231.97604631301027
[ 2.46132285  2.04924809 -0.71853744 -1.10507724  0.49490222  0.42974139] -231.9760799616416
[ 2.45902955  2.04791796 -0.72735774 -1.10722271  0.49408925  0.4180721 ] -231.97601594617683
[ 2.46321079  2.04729622 -0.72342578 -1.09997907  0.4956944   0.41564025] -231.97607070872218
[ 2.4585829   2.04861105 -0.72527886 -1.1086818   0.4938925   0.42320804] -231.97602173296173
[ 2.45849987  2.04734864 -0.72508275 -1.10279355  0.49527174  0.41680969] -231.97600217633013
[ 2.45727024  2.04657274 -0.72537443 -1.09981703  0.49602809  0.41310308] -231.9760233388078
[ 2.45877846  2.05089806 -0.72388015 -1.10819806  0.49419962  0.41621829] -231.975982601763
[ 2.4581      2.05342187 -0.72304664 -1.11069461  0.49382879  0.41292086] -231.97599751179013
[ 2.45924465  2.05265507 -0.7309174  -1.10665105  0.49550732  0.417161  ] -231.97601210767436
[ 2.46032883  2.0511866  -0.72737054 -1.10290584  0.49592819  0.41239468] -231.97601866878662
[ 2.45989234  2.05054272 -0.72684762 -1.10434983  0.49541927  0.41509802] -231.97599754982318
[ 2.45952479  2.04974302 -0.72508601 -1.10313876  0.49448337  0.41608222] -231.97598831189424
[ 2.46017361  2.05261007 -0.72435548 -1.10197885  0.49588331  0.41576171] -231.9759808042283
[ 2.46074564  2.05495612 -0.72285435 -1.09935692  0.49678034  0.41460651] -231.9761004901806
[ 2.46026816  2.04785795 -0.71860852 -1.1009931   0.49459056  0.41620638] -231.9760243397313
[ 2.45950053  2.05145579 -0.72784018 -1.10523656  0.49527813  0.41692234] -231.97600344250895
[ 2.4571205   2.05046952 -0.72770501 -1.10609179  0.49514214  0.41216522] -231.97600736745738
[ 2.45825771  2.05045128 -0.72661019 -1.1051872   0.49511569  0.41415697] -231.97598785605294
[ 2.45887507  2.04907547 -0.72278056 -1.10331218  0.4948462   0.41445329] -231.9759947885104
[ 2.46000079  2.05375823 -0.72477058 -1.10592807  0.49471075  0.41378048] -231.97597550835977
[ 2.46075126  2.05696302 -0.7246145  -1.10749533  0.49443026  0.41226587] -231.97607979342507
[ 2.45864446  2.05163599 -0.72231337 -1.10489788  0.49432705  0.41505296] -231.9759631078003
[ 2.45802052  2.05218263 -0.72004624 -1.1051719   0.49378093  0.41503042] -231.97596465641286
[ 2.45958488  2.05395675 -0.7262247  -1.10646409  0.49472706  0.41589759] -231.97597379145208
[ 2.45895518  2.05469377 -0.72429882 -1.10774596  0.49517112  0.41420711] -231.9759613658177
[ 2.45867037  2.05716915 -0.72390522 -1.11004956  0.49551499  0.41326955] -231.97607008717887
[ 2.46045474  2.05539967 -0.72200418 -1.10655044  0.49455728  0.41614908] -231.9760644603564
[ 2.45880697  2.05168838 -0.72545869 -1.10552801  0.49497609  0.41465499] -231.97597692443819
[ 2.45994351  2.05521634 -0.72526039 -1.10264955  0.49573217  0.41356665] -231.97605875735084
[ 2.45906972  2.05197763 -0.72422521 -1.10681093  0.49458276  0.41555538] -231.97597342079072
[ 2.45818039  2.05329351 -0.72474164 -1.11047946  0.49361497  0.41395446] -231.9760011731246
[ 2.4596753   2.05278093 -0.72445202 -1.104104    0.49531622  0.41530989] -231.97597102266158
[ 2.45983647  2.05457939 -0.72330288 -1.10645564  0.49463557  0.41527947] -231.9760465515164
[ 2.45906435  2.05241113 -0.72491973 -1.10575991  0.49489096  0.41481111] -231.97597682385862
[ 2.4595791   2.05385663 -0.72384183 -1.10622373  0.4947207   0.41512335] -231.97595722886396
[ 2.45983647  2.05457939 -0.72330288 -1.10645564  0.49463557  0.41527947] -231.9760465515164
[ 2.45850209  2.05254234 -0.7236814  -1.10615412  0.49490422  0.41660162] -231.97594754539122
[ 2.45775273  2.05193439 -0.72313681 -1.10626715  0.49500095  0.41801219] -231.9759472055126
[ 2.45830729  2.0516697  -0.72119799 -1.10555246  0.4949792   0.41518938] -231.97598034683008
[ 2.45926548  2.05338499 -0.72496802 -1.10623618  0.4947901   0.41572053] -231.97596303121284
[ 2.4588877   2.05411794 -0.72344508 -1.10501403  0.49519262  0.41558663] -231.97594802072828
[ 2.45801958  2.05376031 -0.72288262 -1.10802431  0.49441795  0.41592436] -231.9759577808539
[ 2.45884213  2.05561336 -0.72521103 -1.10827257  0.49543743  0.41647177] -231.97595469517017
[ 2.45807999  2.05460715 -0.72263737 -1.10761307  0.49519016  0.41605461] -231.97594773365614
[ 2.45809857  2.05326949 -0.72275276 -1.10605899  0.49481549  0.41818386] -231.97595275150255
[ 2.45906049  2.05403934 -0.72412567 -1.10512554  0.49570116  0.41721977] -231.97596357996514
[ 2.45827981  2.05383007 -0.72319338 -1.10729961  0.49473876  0.41624822] -231.97595020474395
[ 2.45706788  2.05393417 -0.72295031 -1.10728475  0.49540444  0.41839574] -231.97594756930823
[ 2.45721344  2.05161772 -0.72082755 -1.10490663  0.4946767   0.41768864] -231.97595360201487
[ 2.45762061  2.05261663 -0.72192342 -1.10574811  0.49486689  0.41738443] -231.9759450333644
[ 2.45779768  2.05374396 -0.72300936 -1.10701658  0.49531578  0.41571007] -231.97595346748767
[ 2.45802334  2.05338811 -0.72281691 -1.10629839  0.49494056  0.41756541] -231.97595287064922
[ 2.45768667  2.05227551 -0.72253011 -1.10600763  0.49493392  0.41769831] -231.9759486583718
[ 2.45734424  2.0532754  -0.72243686 -1.10651643  0.49513566  0.41789008] -231.97595670183009
[ 2.4578503   2.05361189 -0.72228039 -1.10668059  0.49502852  0.41671952] -231.97594371827532
[ 2.45825415  2.05336728 -0.72268425 -1.10538107  0.49502975  0.41648553] -231.97594796025254
[ 2.45795021  2.05322335 -0.7225584  -1.10652386  0.49480282  0.41681632] -231.97595024718063
[ 2.45785959  2.05294306 -0.72233809 -1.10590355  0.49484119  0.41778414] -231.9759423188158
[ 2.45839627  2.05273717 -0.72233469 -1.10556518  0.4946987   0.416406  ] -231.9759618772233
[ 2.45760725  2.05314084 -0.72241132 -1.10627862  0.49502642  0.41751906] -231.97594495668008
[ 2.45767598  2.05276172 -0.72216413 -1.105476    0.49510607  0.41771401] -231.97595089313893
[ 2.45788165  2.05310794 -0.72245983 -1.1062619   0.49487863  0.41704074] -231.9759513828585
[ 2.45785494  2.05327747 -0.72230924 -1.10629207  0.49493485  0.41725183] -231.97594693258458
[ 2.45773342  2.05304195 -0.7223747  -1.10609109  0.4949338   0.4176516 ] -231.97595504347677
[ 2.4577401   2.05277984 -0.72213075 -1.10582583  0.49485404  0.41758428] -231.97594607605413
[ 2.45805687  2.05315517 -0.72251117 -1.10564231  0.49493547  0.41713484] -231.97594075280898
[ 2.45777313  2.05260928 -0.7224341  -1.10595559  0.49488755  0.41774123] -231.9759523241071
[ 2.4579049   2.0530832  -0.72244824 -1.10621371  0.494822    0.41730023] -231.9759413238236
[ 2.45799642  2.05290739 -0.72234916 -1.10585327  0.49482456  0.41728058] -231.97595436775035
[ 2.45793067  2.05294103 -0.72235555 -1.10591273  0.49485187  0.41737334] -231.97594380332984
[ 2.45800923  2.05345064 -0.72226358 -1.10597448  0.49485892  0.41706833] -231.97594303918183
[ 2.45797884  2.05284018 -0.72237322 -1.10553213  0.49478631  0.41749656] -231.97594330371635
[ 2.45817327  2.05335792 -0.72263253 -1.10590047  0.49484455  0.41713486] -231.97594289517767
[ 2.45806356  2.05333569 -0.72250006 -1.10580949  0.49484427  0.41726632] -231.97595409498797
[ 2.45796389  2.0530397  -0.72239168 -1.10588692  0.49484997  0.41734658] -231.97594394189946
[ 2.45798088  2.05311919 -0.72247971 -1.10592801  0.49487874  0.41721753] -231.97597457742785
[ 2.45795823  2.05304911 -0.72242463 -1.10577293  0.49488833  0.41745949] -231.97594796357185
[ 2.45811507  2.05325655 -0.72257185 -1.10577139  0.49489001  0.41713485] -231.9759588442247
[ 2.45803305  2.05330291 -0.72238737 -1.1058084   0.49489719  0.41710158] -231.97594869606465
[ 2.45801786  2.05299767 -0.72244219 -1.10558722  0.49486089  0.4173157 ] -231.975937984166
[ 2.45799377  2.0530481  -0.72243336 -1.10577752  0.49489367  0.41725409] -231.9759454008114
[ 2.4580774   2.05315065 -0.72244382 -1.10552525  0.49490978  0.41724931] -231.97594787428594
[ 2.45793066  2.05297799 -0.722309   -1.10559982  0.4949051   0.41737015] -231.97595502851266
[ 2.45797676  2.05304763 -0.72237471 -1.10564271  0.49490133  0.41731133] -231.975951442826
[ 2.45806897  2.05318691 -0.72250614 -1.1057285   0.49489378  0.41719367] -231.97594465831708
[ 2.45802465  2.05289297 -0.72253306 -1.10553618  0.49489678  0.41743412] -231.9759463189889
[ 2.45812161  2.05309471 -0.72253195 -1.10549273  0.49490846  0.41706775] -231.9759600130691
[ 2.45799907  2.05306051 -0.72245146 -1.10570288  0.49489336  0.41736156] -231.97597724334668
[ 2.45803736  2.05307642 -0.72247668 -1.10561477  0.49489818  0.41722527] -231.97595188398287
[ 2.45804341  2.05309229 -0.72247416 -1.10565786  0.49487734  0.41725469] -231.97594218936806
[ 2.45800581  2.05302289 -0.72243778 -1.10568237  0.49487728  0.41728489] -231.9759486682873
[ 2.45802125  2.05294532 -0.72248763 -1.1055617   0.49487883  0.41737491] -231.9759444679798
[ 2.45804763  2.05307416 -0.72244301 -1.10555624  0.49488534  0.4172825 ] -231.97594429015916
[ 2.45798804  2.05302339 -0.72243341 -1.10568008  0.49487461  0.41738759] -231.97595322469058
