[-1.32170003  0.17965101  0.37834779  0.29724083 -1.78614568  1.83011947] -284.1426777542013
[ 0.5210039   1.70243398  1.27396454  1.3254681  -0.05175881  0.17714808] -269.6170016851648
[-2.19219604  0.5235763  -1.56662618 -0.81117789  0.7043059   0.1926875 ] -293.38771920638317
[-0.42252634  0.59862526 -0.64150274 -0.50139779 -0.93522005 -0.08083229] -263.0392682903958
[ 0.28037549  0.95277986 -0.26787981  1.25043987  0.35170279 -0.58786093] -267.69758003307106
[-1.0587765  -0.23588278 -1.98755     0.33973163 -0.33288441  0.55221869] -272.79790426328435
[ 1.700236   -0.39366364  0.37727664 -1.84518668  1.38515206 -0.47031175] -273.34318303538953
[ 2.09173355  0.4110716   1.27751165  1.09994321 -1.1606906   0.28080626] -252.4207576393874
[ 4.23369835  0.35481925  2.69958057  2.05550375 -2.09318885  0.32486563] -274.220472121715
[ 2.35904874  0.83213708 -0.36774103  0.25909195  1.53824601 -1.87306346] -267.92959246094586
[-0.44328305  1.81405197 -0.61500911  3.10294567 -1.58202042 -0.04021614] -309.48835666927965
[ 1.16435624  0.15826527  0.12920521 -0.60815359  0.64335894 -0.36278785] -260.9854334942603
[ 3.05677369  1.7876538   2.45540261  0.60206562  0.4614305  -1.36774875] -255.4098870623548
[ 2.32224989 -0.12225636 -0.41229925 -0.62480501  0.35136801 -1.50764376] -253.8206982666632
[ 0.47193877  0.4299094   1.21455359  0.14693882 -1.63426281  0.66437435] -262.5301093832906
[ 2.61446644  0.13497646  1.60883684 -1.21224279 -1.10970812 -0.20341642] -250.4820708728389
[ 3.78151191 -0.27392524  2.54719516 -2.44358412 -1.84041358 -0.01119416] -265.165913519451
[ 4.3296992   0.33458146  2.73257296  0.30264654  0.11905202 -0.75130643] -251.57920061159803
[ 4.72115423  0.47152135  1.38252308 -0.29378749  1.40253306 -1.96840666] -269.78583743271923
[ 1.53424264  0.44031238  1.25654596  0.03675724 -0.87506384  0.0061791 ] -251.51802599231976
[ 4.15203223  0.83718118  2.84365172  0.6762752  -1.38122962 -0.81825549] -255.48370552281096
[ 3.40511323  0.6674522   2.16504009  0.355168   -0.87508248 -0.70438858] -249.06388763074676
[ 2.37572796 -1.16560788  0.42066681 -0.61624323 -1.6448055   0.40782547] -251.11192409384654
[ 3.12807778  0.39651843  3.56602402  0.61348134 -2.20013418  1.18621023] -264.2482828715774
[ 2.52370686  0.00743734  0.58228157 -0.31523343 -0.28650754 -0.83418026] -248.11931287302062
[ 3.50258523 -0.27135428  1.64446975 -1.58299243 -0.39668122 -0.97390196] -253.67225586096134
[ 2.44444647  0.24046513  1.36925118  0.4292093  -0.96968825 -0.0328708 ] -248.37036022582112
[ 0.636202   -0.22623624 -0.26503214 -0.74350818 -2.03933727  0.29768927] -261.6127462698856
[ 3.4063249   0.19437703  1.98317168  0.04110786 -0.4205453  -0.4890575 ] -248.20489262208912
[ 4.05568598 -0.41394562  1.45320343 -0.47616867 -0.89371522 -0.62487512] -249.4298649058958
[ 3.77418667  1.44252873  2.63326145  0.22352332  0.12638987 -1.37075504] -252.52783514860477
[ 2.72534264 -0.51357373  0.97381547 -0.40630159 -1.20200666 -0.03681965] -247.90257116470698
[ 3.57240692 -0.07423901  1.23341764  1.08816995 -0.43947369 -0.70398089] -246.47270053195285
[ 4.05137716 -0.17884674  1.04570803  2.23837632 -0.10435648 -0.95426313] -249.85596517806619
[ 1.97009436  0.58791861  1.31578911  0.87354203 -0.50405275 -0.30889077] -251.0845378827105
[ 3.53428808 -0.16347956  1.41884985 -0.13874099 -0.79629961 -0.54587904] -247.33679465759369
[ 2.66372539 -0.77045647  0.35522237 -0.12243096 -0.49642454 -0.1765408 ] -247.07807931292274
[ 3.69748513 -0.68044326  0.81300168 -0.38035235 -0.24406419 -0.89594859] -249.8802002441407
[ 2.75770613  0.01023803  1.2301888   0.22681889 -0.78828224 -0.24864025] -246.86114396529325
[ 2.51940044 -0.69573483 -0.05191311  0.06965276 -0.91578613 -0.35962279] -246.37026802316953
[ 2.07593821 -1.14079076 -1.06945551  0.08392521 -1.16340654 -0.29490544] -248.19344736068814
[ 3.400583   -0.74318586  1.13757877  0.55428944 -1.25958342  0.14368579] -247.6182960816051
[ 3.42402735 -0.29871217  0.80063264  0.96555462 -0.36327655 -0.59350634] -245.80148025649478
[ 3.77336971 -0.19128139  0.71404122  1.65148272  0.05608851 -0.87184968] -246.68642470739815
[ 2.75660177  0.07905786  0.52455396  0.14205198 -0.00693083 -1.01974249] -248.4136244788134
[ 3.2395877  -0.53762493  0.98432257  0.45123007 -0.94642027 -0.14717128] -246.28192230676058
[ 2.52466323 -0.62536356  0.09844045  1.03173943 -0.52025487 -0.19727508] -246.30978082202802
[ 3.34887187  0.02997765  1.07647395  1.40015287 -0.82807337 -0.57352474] -248.44693908671826
[ 2.83501201 -0.57034794  0.53553527  0.25821499 -0.57933675 -0.27578679] -246.09030973614915
[ 3.28065975 -0.94424551 -0.03004366  1.06136839 -0.46656718 -0.51047415] -245.81401966490938
[ 2.36870991 -1.14977064 -0.45442625  0.19108347 -0.82440689  0.00936875] -246.73255416340675
[ 3.27148267 -0.34312192  0.81145666  0.86389833 -0.53570699 -0.52564348] -245.79626998759687
[ 3.67241046 -0.41073718  1.11869442  1.47434919 -0.22140141 -0.39032958] -246.3158162188795
[ 3.38415796 -0.48198659  0.82604254  1.12317508 -0.39499759 -0.38265288] -245.78799213277006
[ 3.95364591 -0.43331612  1.21087489  0.54274106 -0.57518024 -0.61446989] -246.7512296084605
[ 2.8819089  -0.5773517   0.37654906  0.90948984 -0.53398621 -0.30157378] -245.742537322545
[ 3.11949519 -0.53429701  0.1224016   1.27600367 -0.01153682 -0.71604119] -246.38839681096078
[ 3.20956457 -0.53679295  0.76884233  0.65742347 -0.71269941 -0.28938876] -245.75954173147892
[ 3.64892172 -0.49038901  0.64895792  1.60208825 -0.42307456 -0.59195968] -246.6814576790411
[ 3.03848944 -0.55035821  0.56389093  0.59418331 -0.5402712  -0.35483001] -245.72659051768903
[ 3.12255054  0.01480433  1.41251504  0.64320649 -0.56041214 -0.30539094] -246.59263799820855
[ 3.24113245 -0.70448305  0.33059602  0.95682791 -0.49002842 -0.45920335] -245.60372826893362
[ 2.91821798 -0.76598597  0.42515988  0.73611137 -0.70595339 -0.17759108] -245.7521435024553
[ 2.95300776 -0.86253091  0.28557025  0.795172   -0.59027175 -0.12943647] -245.6855278147929
[ 2.69661574 -0.85051434  0.09082695  0.42656089 -0.79607254 -0.1880216 ] -245.95008841394437
[ 3.2122724  -0.57411853  0.64223864  0.94902153 -0.49526633 -0.33399506] -245.64737169735295
[ 2.87211174 -0.80814984  0.10582593  0.98951184 -0.40589302 -0.29615449] -245.85150806903246
[ 3.12520136 -0.60463217  0.60308823  0.74044557 -0.63599781 -0.29108019] -245.64518795826191
[ 3.2324528  -0.52517222  0.50881783  0.91226869 -0.38932051 -0.44578188] -245.63423879240815
[ 3.38560983 -0.69641333  0.60151824  0.7398165  -0.5130658  -0.36986854] -245.70866089359302
[ 3.3447361  -0.77209186  0.42671881  1.10366742 -0.49771234 -0.32162515] -245.63507813094034
[ 2.98399112 -0.65126292  0.33082502  1.07931788 -0.51979992 -0.2905055 ] -245.7230314781737
[ 3.28520516 -0.68512573  0.53384494  0.82469184 -0.51474933 -0.35002778] -245.61207558544555
[ 3.52732566 -0.42601028  0.72953123  1.03380232 -0.41741983 -0.60446799] -245.79879070826124
[ 3.09658724 -0.75340075  0.3965605   0.85482958 -0.54705877 -0.24819435] -245.595467007675
[ 3.2294993  -0.7741834   0.29097013  0.84855547 -0.5296894  -0.37130917] -245.58969422376623
[ 3.23811274 -0.87421584  0.11533588  0.79832244 -0.54690094 -0.38996622] -245.67874205998905
[ 3.35133632 -0.80018683  0.22608118  1.09316807 -0.35352177 -0.44096703] -245.69987229568173
[ 3.1817351  -0.65352084  0.50883647  0.82862619 -0.5653788  -0.3285519 ] -245.5892196028346
[ 3.07746791 -0.59320347  0.42982315  0.63826581 -0.51436274 -0.41273099] -245.67011788941176
[ 3.27791905 -0.72736976  0.42749489  0.98731702 -0.50187494 -0.34440161] -245.58664761447085
[ 3.20490663 -0.90752229  0.32061648  0.85468065 -0.66027271 -0.25478084] -245.68081331525838
[ 3.22556626 -0.62075974  0.4617675   0.89787168 -0.45705856 -0.39803162] -245.58521484783844
[ 3.13227464 -0.72611345  0.27156357  0.96665078 -0.51561363 -0.36653622] -245.58283388591653
[ 3.05580938 -0.74660732  0.14042288  1.03763025 -0.51604579 -0.37479045] -245.6346348650123
[ 3.14006141 -0.71396626  0.455135    0.83778899 -0.54886295 -0.22647161] -245.5729508090877
[ 3.08952589 -0.71870787  0.51740449  0.77826953 -0.57828021 -0.11010575] -245.6065101735969
[ 3.29909802 -0.65190373  0.40869535  0.93410713 -0.49243399 -0.43023969] -245.5707775807208
[ 3.40035341 -0.60115523  0.41476278  0.97374591 -0.4651216  -0.52126236] -245.61481941401883
[ 3.18938553 -0.5903612   0.55352746  0.96889846 -0.49738489 -0.32676838] -245.606593773071
[ 3.21947085 -0.72822785  0.35660946  0.87864122 -0.52161327 -0.36017397] -245.56862113722318
[ 3.24972831 -0.7359261   0.28491879  1.00549941 -0.44710698 -0.38006634] -245.57844357056013
[ 3.14414744 -0.66492928  0.31873499  0.85286938 -0.49235486 -0.37610488] -245.55930778232826
[ 3.07726164 -0.63370904  0.26435505  0.78564557 -0.48759482 -0.39195651] -245.57574140053498
[ 3.16936064 -0.78626249  0.23678489  0.92731396 -0.54893667 -0.31516595] -245.5609113356205
[ 3.27501425 -0.70095845  0.41539593  0.84542259 -0.50148927 -0.32953793] -245.56096496112684
[ 3.16598923 -0.67948993  0.44553309  0.75321501 -0.58812336 -0.299165  ] -245.56871806420583
[ 3.28429873 -0.68995765  0.27211624  0.89273411 -0.49945419 -0.47699086] -245.5830021060349
[ 3.17612074 -0.70796411  0.40938031  0.85152527 -0.53651076 -0.28910143] -245.55364527902233
[ 3.0842697  -0.77070697  0.31878421  0.76888868 -0.5705754  -0.22617669] -245.58082459154963
[ 3.24539094 -0.68160454  0.38621757  0.89280252 -0.51196935 -0.37922394] -245.55459103740498
[ 3.24384573 -0.74382565  0.26217463  0.99630997 -0.44950137 -0.38393769] -245.57979686050652
[ 3.18545335 -0.69557386  0.39969347  0.81398875 -0.55346786 -0.32035818] -245.55248300042038
[ 3.17902493 -0.68420306  0.36545959  0.84933294 -0.52662965 -0.30965679] -245.52944279272575
[ 3.15880197 -0.66219067  0.36988466  0.8346788  -0.52913784 -0.28439821] -245.5181420211232
[ 3.08474411 -0.69854986  0.2915027   0.87897031 -0.55596984 -0.32524627] -245.5572004391377
[ 3.16219222 -0.58400828  0.48835301  0.78096438 -0.51086683 -0.34297834] -245.5701804871204
[ 3.16756853 -0.73569894  0.29967692  0.89072657 -0.53941921 -0.32211905] -245.54490378805912
[ 3.19521244 -0.72893138  0.40005022  0.86802802 -0.58313676 -0.26404415] -245.54560325921116
[ 3.29143855 -0.70543797  0.46346502  0.83827967 -0.52857742 -0.29450205] -245.5596711257762
[ 3.13641772 -0.70027189  0.33449328  0.86879765 -0.54912173 -0.31756021] -245.5458629388114
[ 3.09446731 -0.72860574  0.35150872  0.81644583 -0.58496204 -0.2199698 ] -245.54687086810955
[ 3.1365197  -0.70912671  0.30905545  0.84602994 -0.57657105 -0.28704844] -245.52633975005526
[ 3.11087587 -0.72603458  0.28852961  0.89424685 -0.56731502 -0.24468844] -245.52643090496565
[ 3.20733143 -0.69214565  0.31572132  0.91772344 -0.5299385  -0.35331637] -245.52904304516582
[ 3.18901893 -0.71777075  0.32647944  0.88168022 -0.55938439 -0.26764467] -245.5099845446958
[ 3.21531953 -0.72652019  0.32247253  0.88812151 -0.56451572 -0.2426869 ] -245.4982703863837
[ 3.13692657 -0.68830754  0.23506328  0.88914768 -0.51916235 -0.31404165] -245.5075817463793
[ 3.1543565  -0.66574284  0.31389869  0.86592284 -0.55612762 -0.25327428] -245.48022415649484
[ 3.14775048 -0.63076479  0.32100958  0.85352098 -0.56448182 -0.2188519 ] -245.45049082165826
[ 3.09473328 -0.68883584  0.29961704  0.81752514 -0.57712277 -0.17725548] -245.48558171503888
[ 3.18580797 -0.64254733  0.33050457  0.81542783 -0.5430155  -0.26340575] -245.46750128300576
[ 3.17659357 -0.63726207  0.31712844  0.85344405 -0.52257428 -0.21316486] -245.44558518207393
[ 3.1966305  -0.60132975  0.32116493  0.8571511  -0.49557589 -0.17622307] -245.42086350019682
[ 3.16692081 -0.66391114  0.24005932  0.87228595 -0.55882018 -0.17975671] -245.41881202802224
[ 3.17098023 -0.66477138  0.17514665  0.89108952 -0.57366135 -0.12743597] -245.38561799743098
[ 3.20014742 -0.62994889  0.35490849  0.81846435 -0.586962   -0.08791137] -245.40154132598013
[ 3.1166971  -0.55954581  0.27831122  0.79627146 -0.54909073 -0.10767428] -245.38381237184228
[ 3.06738588 -0.47605862  0.25623057  0.75034644 -0.54137823 -0.04016797] -245.36760950630043
[ 3.22816755 -0.52630441  0.28670455  0.84447493 -0.52456883 -0.12740986] -245.33224679207638
[ 3.29488468 -0.4450387   0.28024831  0.85794982 -0.49829186 -0.10248705] -245.28193641205792
[ 3.17345176 -0.50675672  0.23906494  0.86074624 -0.54376822  0.01237998] -245.29428992204421
[ 3.22007634 -0.47720323  0.22124505  0.82506151 -0.51539736  0.04490342] -245.27550869083316
[ 3.25623928 -0.40042244  0.17136279  0.81083178 -0.49085514  0.17678108] -245.2529903130815
[ 3.19106591 -0.43966917  0.17115565  0.80599162 -0.5827297   0.11994264] -245.2254611956556
[ 3.18828362 -0.35883888  0.096151    0.78041187 -0.62630661  0.26802549] -245.18126738470394
[ 3.18359439 -0.32068002  0.0511596   0.83199421 -0.50445847  0.15027656] -245.2001539925245
[ 3.21696631 -0.17116041  0.18959243  0.7396706  -0.49469149  0.28237199] -245.23795718823828
[ 3.3704208  -0.25824044  0.08629578  0.87685507 -0.51141236  0.30261731] -245.15362120841772
[ 3.52193826e+00 -1.49331346e-01  1.32839119e-03  9.40109383e-01
 -4.96429424e-01  4.74009952e-01] -245.1965520213326
[ 3.33001127 -0.14470358  0.05253837  0.77182488 -0.49823709  0.34681515] -245.1817708535424
[ 3.22028721 -0.10630989 -0.06454832  0.74591299 -0.54369519  0.61144958] -245.27199039504944
[ 3.23893657 -0.19099209  0.02165084  0.77392219 -0.53234436  0.43296542] -245.20160433721196
[ 3.25316504 -0.08111603 -0.00556678  0.78072783 -0.56496165  0.41757623] -245.1373927864612
[ 3.25162792  0.07853718 -0.09403157  0.76567585 -0.60201491  0.5379738 ] -245.15463159420727
[ 3.30450426 -0.28036327 -0.08884949  0.86557475 -0.58454869  0.35705339] -245.1440724667344
[ 3.30438988 -0.29032198  0.04225866  0.86187401 -0.56429727  0.18115595] -245.128672483077
[ 3.33711654 -0.33998692  0.05256256  0.90584992 -0.58027372  0.05525122] -245.1609046231549
[ 3.39999723 -0.1505147   0.00978291  0.81376193 -0.61212942  0.47413795] -245.1455773744072
[ 3.27690901 -0.32842818 -0.00584767  0.88791027 -0.65631491  0.32004029] -245.16343261528615
[ 3.44817846 -0.10415599 -0.08345987  0.91515608 -0.53824816  0.41616822] -245.141031714436
[ 3.41664288 -0.05980928 -0.00733192  0.81673962 -0.46888427  0.39619606] -245.19101891148878
[ 3.31184248 -0.26127346 -0.00621874  0.87011761 -0.60945725  0.33907924] -245.1288274263928
[ 3.30360498 -0.13100804 -0.13031355  0.825549   -0.64646846  0.42577301] -245.13031021901764
[ 3.2418978  -0.23223155 -0.1004995   0.89257116 -0.55719774  0.23813073] -245.12256657206422
[ 3.16284809 -0.27308998 -0.15564071  0.93197578 -0.5297319   0.12012712] -245.1692490475619
[ 3.31652196 -0.08633908 -0.00575044  0.84975714 -0.57566148  0.3155744 ] -245.0908657053635
[ 3.32253081  0.01067301  0.03579908  0.84184834 -0.57121788  0.29483491] -245.08457809002957
[ 3.13096521 -0.22427003  0.02861292  0.7757399  -0.63295192  0.21601514] -245.14858154815852
[ 3.36887514 -0.1341845  -0.05544167  0.88030203 -0.5619241   0.36612995] -245.1118942717489
[ 3.36454866 -0.26499948 -0.06590512  0.94335956 -0.60522591  0.19745837] -245.14734498232832
[ 3.28101094 -0.12708689 -0.02065137  0.82138576 -0.57502772  0.36254676] -245.10931232624714
[ 3.30657737 -0.21380042  0.09539571  0.89715064 -0.49990553  0.16818617] -245.13019226677733
[ 3.30583427 -0.19310232  0.03896839  0.87925023 -0.53654626  0.23258288] -245.11387463759945
[ 3.29633714 -0.06081129 -0.01363674  0.85562624 -0.51261307  0.21938116] -245.09852859207922
[ 3.30110549  0.0447408  -0.08074593  0.86178724 -0.54054499  0.39004618] -245.1082650083038
[ 3.38333346  0.07897449  0.06859676  0.82082878 -0.5420936   0.38370988] -245.11128808715858
[ 3.34523006  0.13053753 -0.06099501  0.8146759  -0.56459419  0.4396334 ] -245.1176394602767
[ 3.31568322 -0.11219236  0.01397754  0.86310665 -0.54355824  0.28434551] -245.09720871533966
[ 3.26445854  0.07895042  0.05655479  0.8078923  -0.5330944   0.27882485] -245.1129229484353
[ 3.34277099 -0.08090077 -0.02744256  0.8621996  -0.55471668  0.34430367] -245.09793319771092
[ 3.2364794  -0.18750032 -0.09949675  0.88115583 -0.55713259  0.24810951] -245.1138732448635
[ 3.34661995  0.01235579  0.02657338  0.83591054 -0.54585335  0.34980979] -245.09955021741686
[ 3.36067159  0.06504195  0.00549296  0.88544044 -0.51447368  0.26502698] -245.09440774276823
[ 3.36043241 -0.10001869  0.09433382  0.85292336 -0.54026598  0.1958545 ] -245.0942128929207
[ 3.3195221  -0.10509183  0.00960132  0.884471   -0.53309516  0.18477245] -245.0911806752038
[ 3.37753323 -0.04668494  0.05755746  0.87437023 -0.5731628   0.30366485] -245.09051702177635
[ 3.34268679 -0.01519018  0.09969662  0.87185374 -0.53720791  0.16519606] -245.09320454160476
[ 3.37877576  0.04843547  0.08684955  0.87386239 -0.54624956  0.18543774] -245.09146164517568
[ 3.33982212 -0.13433434  0.12245298  0.84766924 -0.58592608  0.17822652] -245.09937346065337
[ 3.35545922  0.01519788  0.03473297  0.87599764 -0.53233678  0.24332686] -245.08850833373504
[ 3.33840356  0.06913182  0.01374518  0.88787775 -0.55749072  0.26322312] -245.09184170310442
[ 3.35472143  0.01241065 -0.0202681   0.87428871 -0.56730973  0.32655725] -245.09103250217808
[ 3.36444396 -0.09081841  0.05434558  0.85373502 -0.55029992  0.24964156] -245.09073041643182
[ 3.31929449 -0.11654001 -0.02959344  0.86104126 -0.5628912   0.34882823] -245.10227469319025
[ 3.36390544  0.0071916   0.0577388   0.87065711 -0.55040997  0.22628536] -245.08682066065805
[ 3.39334259  0.07441509  0.06370061  0.84582801 -0.5818172   0.36333115] -245.10041513630784
[ 3.33797723 -0.0602151   0.02312614  0.87481025 -0.54527567  0.22941213] -245.08491155583678
[ 3.35256186 -0.06729597  0.10803477  0.85618415 -0.54025794  0.18916463] -245.0950746120754
[ 3.35418154 -0.00751601  0.01180762  0.86976257 -0.56054678  0.2922091 ] -245.08771213594545
[ 3.33941853  0.06370055  0.01924178  0.88208036 -0.56068338  0.2802695 ] -245.09156999982045
[ 3.3581876  -0.05218867  0.04556963  0.86082135 -0.55289578  0.25729855] -245.08905547716938
[ 3.31988071  0.01773251  0.01203395  0.85692886 -0.53106482  0.21079079] -245.08409905199304
[ 3.29105445  0.04994124 -0.0107278   0.84820818 -0.51001582  0.16435376] -245.0970675583654
[ 3.32645738  0.0465433   0.01284323  0.86918024 -0.54405485  0.2416545 ] -245.08401494006552
[ 3.31059227  0.09590928 -0.00351998  0.87335968 -0.53963438  0.23383247] -245.0932996431432
[ 3.31951848 -0.01039477  0.0163833   0.85173148 -0.56851987  0.25506873] -245.08096044520184
[ 3.30154812 -0.0231911   0.00720847  0.8395984  -0.58661142  0.26093966] -245.08183878583677
[ 3.30924181  0.01135952  0.04083388  0.85195619 -0.54296757  0.19380637] -245.08394701643098
[ 3.28129670e+00 -1.95877371e-03 -1.07322688e-02  8.44828013e-01
 -5.50623585e-01  2.48903782e-01] -245.08962252331114
[ 3.34325326  0.004904    0.04062103  0.86419983 -0.55046337  0.23193996] -245.08539640827382
[ 3.30194888e+00  3.28818557e-04  6.38549796e-03  8.51285286e-01
 -5.50570181e-01  2.43249176e-01] -245.08343352284868
[ 3.29521547  0.08562923  0.01830017  0.83283321 -0.55752272  0.25038937] -245.09051985329597
[ 3.32728679 -0.02375402  0.02191965  0.86431599 -0.54833743  0.23465644] -245.0826126838933
[ 3.31224721e+00  3.26544055e-03  1.00075761e-03  8.73284343e-01
 -5.23953696e-01  1.64907091e-01] -245.08595599950604
[ 3.31995991  0.00882112  0.0270995   0.84970734 -0.55940183  0.26235295] -245.0825839586384
[ 3.31492371 -0.00676453  0.02978773  0.85579664 -0.57355243  0.2661386 ] -245.08337240687035
[ 3.30450248 -0.05334459  0.03462663  0.83908407 -0.57039492  0.24343626] -245.0836986361411
[ 3.32013827 -0.03972884  0.00456689  0.85201742 -0.58062465  0.30782768] -245.0859523470909
[ 3.31196593e+00 -1.41257083e-03  3.17671340e-02  8.51971495e-01
 -5.52381841e-01  2.22311698e-01] -245.0822633864332
[ 3.32736542  0.04228593  0.00982098  0.86918534 -0.54719294  0.25115627] -245.083749596183
[ 3.31021821 -0.02943696  0.02842522  0.84660939 -0.56459443  0.24536626] -245.08260494179842
[ 3.33267546 -0.02130939  0.04540868  0.85542549 -0.57169243  0.25204905] -245.08592780390944
[ 3.30963053 -0.00508073  0.01614129  0.85232034 -0.55585074  0.24544914] -245.08223537747566
[ 3.31793624 -0.01365479  0.01745763  0.84975537 -0.54280962  0.22226314] -245.0826003485443
[ 3.30245631  0.00670112  0.02383838  0.83638248 -0.56618201  0.24961421] -245.08172511191825
[ 3.31693759  0.02443008  0.01580386  0.85068011 -0.55045421  0.24032036] -245.0819246800813
[ 3.30888667  0.02134286  0.02622019  0.84784238 -0.57478722  0.26944256] -245.08363044516597
[ 3.31567385 -0.00490537  0.01964827  0.84927712 -0.55080402  0.234058  ] -245.08174228942656
[ 3.30543432 -0.00570854  0.01409458  0.847747   -0.55532907  0.21992109] -245.08125814042128
[ 3.31125110e+00  3.09316235e-03  3.53609766e-03  8.44074679e-01
 -5.63331471e-01  2.59165480e-01] -245.08087912531886
[ 3.31089369  0.00534603 -0.01057942  0.84012627 -0.56880629  0.27759237] -245.08112160732688
[ 3.31412669  0.00948596  0.01496021  0.84097728 -0.56235614  0.24060015] -245.08005090073578
[ 3.31637478  0.01676931  0.01436966  0.83530575 -0.56560885  0.23817565] -245.07916108774933
[ 3.30663203 -0.02257845  0.01481957  0.83749273 -0.57280422  0.24501402] -245.0806706476823
[ 3.30488183e+00  8.65982392e-04  9.36559145e-03  8.34967586e-01
 -5.79787810e-01  2.54928397e-01] -245.08033247313807
[ 3.31890787e+00 -1.26855537e-02  3.51224663e-04  8.47390598e-01
 -5.68945081e-01  2.41143581e-01] -245.07919186430755
[ 3.32042104e+00 -2.60157027e-03  5.51390019e-03  8.35907275e-01
 -5.84336696e-01  2.77910859e-01] -245.08056067675068
[ 3.30663773e+00  4.68240166e-03 -3.97956608e-04  8.26648061e-01
 -5.76418166e-01  2.50377264e-01] -245.07863629835234
[ 3.30019735  0.01222099 -0.00878859  0.81410635 -0.58036731  0.24803153] -245.0778688074465
[ 3.31122053 -0.00576293  0.00834102  0.82431542 -0.58728518  0.2425692 ] -245.07823066176482
[ 3.3173691   0.02551385 -0.00510196  0.82650493 -0.58263943  0.25590572] -245.07822968419825
[ 3.30256278e+00  1.49087876e-02  6.65082834e-04  8.24956273e-01
 -5.70541189e-01  2.15673831e-01] -245.07766182211006
[ 3.29363364e+00  2.36639666e-02 -1.75932585e-03  8.19480772e-01
 -5.63643436e-01  1.84555316e-01] -245.0820189369084
[ 3.31732897  0.01612217 -0.00608678  0.82255886 -0.57200787  0.22557144] -245.07670395626008
[ 3.32355255  0.02375026 -0.01381296  0.81635449 -0.5681179   0.21089296] -245.07602562776924
[ 3.30485116e+00  4.18189786e-02 -1.79380696e-03  7.99790477e-01
 -5.82574870e-01  2.29272712e-01] -245.07693245941888
[ 3.30354304  0.02071401 -0.02120007  0.8000369  -0.59156645  0.229273  ] -245.07604573563768
[ 3.30613813  0.05207189 -0.02501846  0.80293439 -0.5713172   0.22044739] -245.0767676679418
[ 3.2962459   0.02964779 -0.0182143   0.79288803 -0.57218888  0.19529142] -245.07662353665228
[ 3.3121005   0.04874958 -0.01766958  0.79821383 -0.57173485  0.18558557] -245.07594008085988
[ 3.31805207  0.06701388 -0.02211008  0.79026757 -0.56741862  0.15436259] -245.07715053555344
[ 3.31291432  0.05734205 -0.03323481  0.77844977 -0.58195886  0.20791385] -245.07582916802804
[ 3.31809009  0.07855868 -0.05018476  0.75519651 -0.58766769  0.20403386] -245.08093961433053
[ 3.31331365  0.03560621 -0.04125625  0.79650199 -0.56971984  0.18719535] -245.07602839196846
[ 3.31441852  0.01986475 -0.0234442   0.79121395 -0.58044506  0.18493667] -245.07555864502135
[ 3.31855872  0.00376118 -0.02265708  0.78535372 -0.58500899  0.16718131] -245.0762232771393
[ 3.33036829  0.03902784 -0.03199166  0.80070228 -0.58232544  0.20664105] -245.0788872648722
[ 3.3047765   0.0319928  -0.02165864  0.79484159 -0.57472302  0.19812883] -245.0759085106955
[ 3.3234823   0.05172121 -0.02915875  0.79182164 -0.55733339  0.16227807] -245.081240172388
[ 3.30852786  0.02846581 -0.02318974  0.79798308 -0.58300818  0.21252427] -245.0755013771766
[ 3.31211643e+00  3.44488686e-02 -3.08039216e-03  7.95850246e-01
 -5.83609449e-01  2.12798697e-01] -245.07588551562853
[ 3.2980655   0.04987102 -0.02694616  0.76916299 -0.59037524  0.18973634] -245.07919792700582
[ 3.31718078  0.03028045 -0.01709626  0.80455662 -0.57368223  0.2056038 ] -245.07563883216787
[ 3.31121097  0.01871533 -0.02289843  0.78941792 -0.58740742  0.22171647] -245.07583715538817
[ 3.32067979  0.03104629 -0.01932264  0.79098227 -0.58864738  0.21703576] -245.07555527561328
[ 3.31619432  0.02745602 -0.04331497  0.78835095 -0.58144026  0.20377824] -245.07568908335108
[ 3.3187609   0.04610313 -0.03030244  0.79442763 -0.57565324  0.18888106] -245.0755276155568
[ 3.31900641  0.0037301  -0.01898861  0.81072173 -0.57899993  0.19633941] -245.0757386631474
[ 3.31748339  0.01713309 -0.02255016  0.80265374 -0.57973966  0.19923302] -245.07539156926455
[ 3.31615609e+00  3.01751489e-02 -1.98684490e-03  8.05588142e-01
 -5.78951658e-01  1.98959953e-01] -245.0758314142202
[ 3.31618476  0.0281358  -0.03298294  0.79266025 -0.58081811  0.20257367] -245.0754099320696
[ 3.31483762  0.02663583 -0.03350111  0.78541702 -0.58908831  0.19612435] -245.07533363642307
[ 3.31366604  0.02481353 -0.04170353  0.77584722 -0.59679135  0.19138462] -245.07565128595016
[ 3.31773958  0.03930857 -0.03050547  0.79682738 -0.58520657  0.22052071] -245.07545592014804
[ 3.31049824  0.03088113 -0.03835465  0.79900743 -0.57585731  0.18958327] -245.07541513581762
[ 3.30966292  0.01075028 -0.03005891  0.79708868 -0.58891948  0.21797203] -245.07554357374607
[ 3.3164864   0.03726492 -0.03024156  0.79509289 -0.5789698   0.19615381] -245.0752388632234
[ 3.32254881  0.03132064 -0.03952222  0.79256982 -0.58021841  0.18887201] -245.07551738397103
[ 3.3120331   0.02917952 -0.02727286  0.79662977 -0.58231074  0.2066112 ] -245.07531136939036
[ 3.31143492  0.01710152 -0.03112895  0.79365965 -0.57705474  0.17623906] -245.0757531374801
[ 3.31616342  0.03375681 -0.03066134  0.79603545 -0.58316861  0.2094503 ] -245.07525142838549
[ 3.32056465  0.02648753 -0.02071534  0.79048894 -0.5888411   0.21379885] -245.07550431050797
[ 3.31301485  0.02978273 -0.03394482  0.79687781 -0.57910326  0.19563717] -245.07526000294246
[ 3.31382149  0.02978183 -0.02640768  0.79824198 -0.58330868  0.19849628] -245.0751433860963
[ 3.31263986  0.03060484 -0.02312005  0.80103284 -0.58455397  0.19645758] -245.07524973146
[ 3.31130224  0.04500079 -0.0381263   0.7867779  -0.58557681  0.20159134] -245.0752785077631
[ 3.31276954  0.04161969 -0.02871708  0.80446824 -0.57505766  0.20652235] -245.07558159754632
[ 3.3143206   0.0303818  -0.0323051   0.79017983 -0.58558065  0.19872385] -245.07523402810008
[ 3.31633657  0.03947677 -0.03662274  0.79110552 -0.5829252   0.19340638] -245.07523933739873
[ 3.31874554  0.02181416 -0.02526812  0.80239993 -0.57877526  0.19569792] -245.07531574587838
[ 3.31316307  0.03920413 -0.03491175  0.7906834  -0.58387642  0.20011799] -245.0752986231699
[ 3.31407105  0.03008181 -0.02935639  0.7942109  -0.58444467  0.19861006] -245.0751929302949
[ 3.31515395  0.03352337 -0.02832462  0.79666743 -0.58113924  0.19732504] -245.0751674036633
[ 3.31507903  0.0346293  -0.03151521  0.79467375 -0.58311694  0.19595133] -245.0751951773433
[ 3.31499246  0.03176932 -0.02853451  0.79713871 -0.58323865  0.20397329] -245.07518543023951
[ 3.31341817  0.02978228 -0.03017625  0.79755989 -0.58120597  0.19706672] -245.07517910652047
[ 3.31256187  0.03739131 -0.03226699  0.79250994 -0.58444275  0.20004381] -245.07519307983563
[ 3.31292729  0.02948067 -0.02684027  0.79743587 -0.58280971  0.20255374] -245.07526431121357
[ 3.3145411   0.03334214 -0.03034647  0.79536428 -0.58304013  0.19760193] -245.07513199834855
[ 3.3161042   0.02536894 -0.02544832  0.80055113 -0.58101637  0.1976473 ] -245.07518344554242
[ 3.31527274  0.03110748 -0.02705623  0.80096357 -0.57987168  0.19876012] -245.0752241017311
[ 3.31437147  0.03033823 -0.02878135  0.79589907 -0.58330142  0.19864758] -245.0751577783257
[ 3.31414434  0.02894295 -0.02796039  0.79762255 -0.58109863  0.19162166] -245.07517834860485
[ 3.3123793   0.03653466 -0.03188393  0.79323394 -0.58334832  0.19593911] -245.07519993319644
[ 3.31517298  0.02816037 -0.02705722  0.79872183 -0.58159936  0.19722025] -245.07518170895156
[ 3.31331053  0.03374323 -0.03027503  0.79506323 -0.58276534  0.19636616] -245.07515144750454
[ 3.31502946  0.03344164 -0.02718893  0.79539295 -0.58367851  0.19628616] -245.075136187891
[ 3.31459833  0.03578053 -0.02914764  0.7945871  -0.58464582  0.20328605] -245.07517661880172
[ 3.31448483  0.03407114 -0.02885083  0.79534596 -0.58375902  0.20036996] -245.07510737648713
[ 3.31336568  0.03138269 -0.02895881  0.79510172 -0.58547846  0.19859764] -245.07521415314096
[ 3.31470688  0.0329882  -0.02848317  0.79627601 -0.58222405  0.19764319] -245.07515009485257
[ 3.31425996  0.03545116 -0.02840269  0.79599573 -0.58295715  0.19694031] -245.07516965603182
[ 3.31434359  0.03161646 -0.02868668  0.79592324 -0.58321535  0.19822076] -245.07515927197292
[ 3.31451296  0.03370664 -0.02959865  0.79535512 -0.58339958  0.19898594] -245.0751286683203
[ 3.31475714  0.03375639 -0.02801988  0.79536946 -0.58371876  0.19832806] -245.07512948616252
[ 3.31415316  0.03192648 -0.02762925  0.79679397 -0.58353385  0.19943312] -245.07515782442087
[ 3.31459585  0.03352967 -0.028667    0.79581098 -0.58299153  0.19900658] -245.0751428735804
[ 3.31389768  0.03390718 -0.02956293  0.7952046  -0.58326218  0.19836806] -245.07511335052274
[ 3.31442815  0.03220468 -0.02881609  0.79562252 -0.58353022  0.19950877] -245.07515102119567
[ 3.31473905  0.03513208 -0.0302092   0.79410891 -0.58335324  0.198756  ] -245.07520163644526
[ 3.31429963  0.03272788 -0.02827424  0.7961227  -0.5834887   0.19926384] -245.07514409942561
[ 3.31442122  0.03502828 -0.02884175  0.79544709 -0.58334304  0.19859871] -245.07513940191825
[ 3.31459026  0.03527188 -0.02957277  0.7947217  -0.583336    0.19862193] -245.0751404070729
[ 3.31429218  0.03505083 -0.02948194  0.79467033 -0.58394799  0.19875098] -245.0751662400675
[ 3.31451994  0.03390996 -0.02887073  0.79552582 -0.58323065  0.19894268] -245.07513701482233
[ 3.31427433  0.03285465 -0.02834215  0.79602765 -0.5835684   0.19924254] -245.07514043581165
[ 3.31451128  0.03466757 -0.02926512  0.79504819 -0.5833941   0.19877708] -245.07514433477803
[ 3.31419125  0.03398916 -0.02920688  0.79527528 -0.5835106   0.19936901] -245.07513854811575
[ 3.3144989   0.03388889 -0.02922474  0.79535054 -0.5835793   0.19967795] -245.07513554901166
[ 3.31462099  0.03391376 -0.02843535  0.79535771 -0.58373889  0.19934901] -245.07511860617106
[ 3.31450238  0.03399055 -0.02886078  0.79543589 -0.58349483  0.19965632] -245.07514195452163
[ 3.31445302  0.03454971 -0.02884629  0.79539653 -0.58355103  0.19948433] -245.0751326385419
[ 3.31453755  0.03467151 -0.0292118   0.79503383 -0.58354751  0.19949594] -245.0751292503598
[ 3.31442646  0.03437084 -0.02906452  0.79515073 -0.58373395  0.19959242] -245.07513527254466
[ 3.31481599  0.03449946 -0.02867096  0.79526982 -0.58379263  0.1999542 ] -245.07512562293567
[ 3.31461405  0.03480325 -0.02846851  0.79516765 -0.58379505  0.19973733] -245.07508711490902
[ 3.31467163  0.03526043 -0.0280904   0.79507621 -0.58390292  0.19976702] -245.07514362342002
[ 3.31474901  0.03446543 -0.02843007  0.79537311 -0.58366076  0.19987117] -245.07512068942194
[ 3.31482112  0.03425847 -0.02850955  0.7951195  -0.58388026  0.2001082 ] -245.0750982897814
[ 3.31483112  0.03399899 -0.02790996  0.79551075 -0.58399469  0.20030068] -245.07520113033675
[ 3.31461094  0.03450338 -0.02888634  0.79515306 -0.58365931  0.19969713] -245.07517956225956
[ 3.31471758  0.03453086 -0.02848903  0.79514358 -0.58383765  0.19992277] -245.07514173555137
[ 3.31454944  0.03443719 -0.02865967  0.79525681 -0.58377703  0.20005364] -245.07514190761592
[ 3.31461752  0.03435851 -0.02845193  0.79526268 -0.58376697  0.19954317] -245.07514332839125
[ 3.31468153  0.03463434 -0.02844929  0.79527038 -0.5837279   0.19980425] -245.07512446070507
[ 3.31471502  0.03465135 -0.02856974  0.79521874 -0.58379384  0.19984576] -245.07514033077206
[ 3.3145758   0.03473738 -0.02884015  0.79510074 -0.58367128  0.19961664] -245.07514249574265
[ 3.31466696  0.03490629 -0.02870686  0.79512328 -0.58376728  0.20011696] -245.0751441698551
[ 3.31462988  0.03449545 -0.02851566  0.79522783 -0.58376705  0.19968662] -245.0751391177927
[ 3.3147267   0.03444677 -0.02821048  0.79532759 -0.5838949   0.20006682] -245.07513510136553
[ 3.31481215  0.03475015 -0.02824123  0.79519511 -0.58382843  0.19963421] -245.0751002403183
[ 3.31467553  0.03472958 -0.02832927  0.79532552 -0.58376473  0.1996689 ] -245.07513964784792
[ 3.31466493  0.03463516 -0.02816841  0.79528596 -0.58379884  0.19968695] -245.07513901185985
[ 3.31470088  0.03452546 -0.02835525  0.79516598 -0.58383932  0.19986983] -245.07513060508398
[ 3.3147702   0.03476959 -0.02811539  0.79524306 -0.5838611   0.19991318] -245.07512920283693
[ 3.31477025  0.0346747  -0.02844497  0.79517063 -0.58385005  0.19998826] -245.07512355922515
[ 3.31472299  0.03493906 -0.02848107  0.79507669 -0.58373905  0.1995822 ] -245.07513559766255
[ 3.31472577  0.03456984 -0.02827813  0.79526486 -0.58385594  0.19994567] -245.07518067500473
[ 3.3147131   0.0347767  -0.02835487  0.79518138 -0.58381174  0.19968577] -245.0751376758023
[ 3.31469215  0.03473897 -0.02845674  0.79516914 -0.58382255  0.1998628 ] -245.07513560605958
[ 3.31464779  0.0347188  -0.0284589   0.79521902 -0.58376147  0.19977079] -245.07517629225615
[ 3.31469213  0.03478642 -0.02829195  0.79520536 -0.58382807  0.19982526] -245.0751357007164
[ 3.31465747  0.03466436 -0.02841188  0.79516682 -0.58381718  0.19980358] -245.07512399609627
[ 3.31467038  0.03462501 -0.02833949  0.79524762 -0.58384497  0.19990208] -245.07514102734083
[ 3.31469863  0.03474611 -0.02831559  0.79516031 -0.58387838  0.19983481] -245.07513928371378
[ 3.31468547  0.03488026 -0.02842702  0.7951026  -0.58380602  0.19968111] -245.07510783554596
[ 3.31465282  0.03480388 -0.02848807  0.79517068 -0.58374849  0.19969714] -245.0751325687699
[ 3.31461826  0.03478235 -0.02849319  0.79514603 -0.58379405  0.19984997] -245.07512242226397
[ 3.31461461  0.03477127 -0.02862319  0.79510228 -0.58376637  0.19971872] -245.07513754487238
[ 3.31467275  0.03478263 -0.02837476  0.79517959 -0.58381265  0.19979862] -245.0751388191707
[ 3.31464976  0.03484175 -0.02844777  0.79513513 -0.58380053  0.19970922] -245.07516974652816
[ 3.31461616  0.0347928  -0.02848085  0.79515684 -0.58379455  0.19979365] -245.07514368044508
[ 3.31463576  0.0347338  -0.0284402   0.79516723 -0.58380611  0.19977046] -245.07513879825183
[ 3.31463344  0.03480356 -0.02847829  0.79516916 -0.58377177  0.19971723] -245.07513591017891
[ 3.3146531   0.03477111 -0.02846263  0.7951684  -0.5838088   0.19980007] -245.07513399816034
[ 3.31465309  0.03479484 -0.02838023  0.7951865  -0.58381156  0.19978129] -245.0751472952521
