[-0.46618771 -1.18594792  0.1701405  -0.69715264  0.72031193 -0.50995262] -265.7020955891437
[ 1.19667446 -0.26736749 -0.62252178 -1.14160294 -0.87709207  0.15750016] -265.9303267418996
[ 0.03071555 -1.3950353  -0.41217817 -0.2478872   0.1467085   0.0673931 ] -260.21054902942313
[-0.04261313  0.63793913  2.01197127  1.22588093 -0.77325123 -0.13099119] -275.0407170878528
[-0.57242414 -0.35873405 -1.58163967  0.85328772 -0.33634928 -0.94683116] -265.45953092043
[-1.3299996   0.34859596  0.35153653  0.47006563 -0.02528336  0.86550734] -276.18810932597444
[ 2.00893962 -0.21838012  0.91538373 -0.14334812 -0.78617049 -0.22089648] -256.99933227993586
[ 2.04836781 -1.27777121 -0.19115124 -0.52033971 -0.60999753 -1.3934334 ] -260.556069577892
[ 1.45797499 -2.20568449 -2.58596015 -1.85822856  0.19238826 -0.81774894] -272.29526658618687
[ 1.08282796 -1.49477859 -1.43647729 -1.08720119 -0.04902162 -0.6460595 ] -261.4942872054268
[ 0.18073858 -1.7095149  -0.22278561  0.52738922  0.57225257 -1.37409351] -256.497405776411
[-0.32722937 -2.4305886  -0.02291752  1.3618853   1.29692489 -2.13989035] -263.1085973076488
[ 2.05924284 -0.9654568  -1.14642325  0.49111955 -1.07450454 -0.9946877 ] -259.6894972399472
[ 3.0427016  -1.99491159  0.75042906 -1.18004353 -0.26389509 -0.57376134] -264.3228867546282
[ 2.13892016 -1.58586721  0.16741188 -0.67171072 -0.28200864 -0.66702879] -257.8298973836022
[ 1.73948023 -0.88922993  1.13989641  0.89894219 -0.62888509 -0.88152276] -256.1684834561023
[ 2.06780636 -0.5864556   2.42808325  1.89201388 -0.91881683 -0.99925438] -268.4076352154712
[ 0.67097785 -0.97672354  0.3382529   0.80517469 -0.07420503  0.03648802] -253.2758904095352
[-0.01771714 -0.8261997   0.60295497  1.46793189  0.19369121  0.75144872] -258.6073214555513
[ 2.90205087 -0.7200222   0.80942353  0.88374281 -0.90454891 -1.43464018] -258.6219943704198
[ 1.1544596  -1.06778916  2.19561753  0.27561048  0.37331601 -0.5192102 ] -255.3628959757249
[-0.27087886 -1.42914608  0.70183542 -0.31972356  0.62931536  0.2258856 ] -264.11278084499276
[ 2.10881844 -0.89730317  0.7825265   0.58287622 -0.52108284 -1.01950873] -253.21642348421102
[ 0.48221794 -0.33377973  1.54888527  1.65392561 -0.07291632 -0.6592191 ] -260.07325524327257
[ 1.72474461 -1.27284534  0.51278023 -0.09030164 -0.22973556 -0.66507637] -253.76788284945184
[ 0.51746681 -2.05275522  0.66671226  1.14324517  0.61672385 -1.25341137] -254.61290697435902
[ 2.4579106  -0.67603389  2.10138088  0.67779315 -0.72687546 -0.05998696] -256.46111240692176
[ 1.8886176  -0.93440414  1.52033926  0.64019217 -0.40209345 -0.3885136 ] -253.2355916534682
[ 0.9488814  -1.51137693  0.86551315  0.21999017  0.54985941 -0.38822133] -253.07205130902423
[ 0.55358199 -1.82245044  0.72832153 -0.11948585  1.13923166 -0.14157062] -258.7951262253294
[ 1.46537597 -1.48068029 -0.6335761   0.82478178 -0.39349389 -0.70687092] -251.80224709536495
[ 1.62083415 -1.68712585 -2.04817291  1.09936743 -0.77689884 -0.80070128] -256.48387603007245
[ 2.41833848 -0.30502258  0.46189972 -0.14900738 -0.97364097  0.20951039] -257.13198946507066
[ 0.99268473 -1.61582206  0.61550912  0.82018203  0.21913264 -0.88768093] -251.8337310135736
[ 0.96704072 -1.19925804  0.65007472  1.38803399  0.02244117 -0.45302613] -251.5059449080644
[ 0.58818877 -1.16246439  0.71872196  2.1272018   0.14852953 -0.34700101] -255.245085834613
[ 2.1194951  -1.56955801  0.92854265  0.68684409 -0.10087395 -1.3177619 ] -250.86680297910513
[ 2.84375373 -1.86597524  1.22368752  0.6276788  -0.11420841 -1.99488686] -253.3538320293362
[ 0.97881453 -1.82359536 -0.45080924  0.86737726  0.32742097 -1.20250972] -250.34722482135504
[ 0.52391299 -2.26819097 -1.43638349  0.98096981  0.69217818 -1.60950778] -253.14747955748942
[ 0.38194571 -2.16946039 -0.1241084   1.01952689  0.72924496 -0.63251491] -253.9278931567591
[ 1.67710026 -1.21534248  0.55586777  0.69203888 -0.20850089 -0.92276028] -250.87349379293687
[ 1.78462236 -1.45670848 -0.31031018  1.53976251 -0.59448406 -1.44198196] -255.46709654989712
[ 1.15781664 -1.49770982  0.57155732  0.54993325  0.26377354 -0.65166149] -250.77463174815205
[ 1.79586301 -1.3128926  -0.07495675  0.84948772 -0.248877   -0.86384921] -249.47463207446933
[ 2.19745216 -1.16142787 -0.42018969  0.86414056 -0.48288181 -0.85193336] -250.2964242994294
[ 1.43333412 -1.39210515  1.36033492  0.85312329  0.41195517 -1.09698532] -249.964256452193
[ 2.0871005  -1.73780976  0.31343751  0.11156751  0.12585811 -1.56548317] -251.76036654384538
[ 1.24705566 -1.33389597  0.56591541  1.06891737  0.0482954  -0.73114039] -249.99511315887685
[ 1.23369277 -1.76124316  0.41099366  0.93318878  0.44239894 -1.03187573] -249.1286456687906
[ 1.01198902 -2.0341935   0.33855661  1.05376372  0.76784885 -1.08643346] -249.9862563458665
[ 0.49603047 -1.47092268 -0.13419754  1.02049846  0.51586296 -0.54157872] -251.55926632497963
[ 1.71362895 -1.54489917  0.6628576   0.77025769  0.05331028 -1.1237161 ] -249.64104000888034
[ 1.6429797  -1.55850065  0.25322121  1.23085078  0.08106104 -1.36503067] -248.5523209820386
[ 1.88556123 -1.58889607  0.09405316  1.57130954 -0.01029521 -1.72171526] -249.24201697184415
[ 2.04337021 -1.14425021  1.5102646   1.03456461 -0.06470636 -0.86835609] -249.71482865350814
[ 2.04056725 -1.57073434  0.808323    0.82157358  0.17675195 -1.38546399] -248.3461217737706
[ 2.43732305 -1.68915353  0.92952679  0.69790169  0.24098023 -1.71262578] -248.71392673423193
[ 2.05669985 -1.57206823 -0.17010048  1.0268511  -0.26530888 -1.11577861] -249.61462800531154
[ 1.45110696 -1.96252918 -0.88015185  0.8428386   0.14448513 -1.42688201] -249.67590894086186
[ 1.59917278 -1.75795943 -0.28254774  0.8907701   0.09218726 -1.28725053] -248.84651977403163
[ 1.74269617 -1.6329003  -0.34787996  1.14731633  0.0394275  -1.22603348] -247.63786802701605
[ 1.75722978 -1.67690086 -0.85324875  1.33584566  0.03248611 -1.27719217] -247.2732553437371
[ 1.29980192 -1.64067545  0.25736203  0.99372111  0.45731165 -1.28777549] -248.30612084728648
[ 1.39528505 -2.00911203  0.27299122  1.21916228  0.67627598 -1.68101365] -248.1618101396532
[ 2.0113194  -1.64338443 -0.25896     1.23078573  0.06295906 -1.72936643] -247.85535881325723
[ 1.78322159 -1.60847649  0.44244398  1.38654294  0.403428   -1.6213636 ] -246.49366952060785
[ 1.875246   -1.53373501  0.80493983  1.63442936  0.55904837 -1.78842013] -246.02880402061595
[ 1.81683677 -1.79968006  0.09058123  1.18098846  0.57388333 -1.68471328] -245.9163667882171
[ 1.9037653  -1.92026976  0.00926124  1.15605731  0.82029448 -1.84455458] -245.5544472707778
[ 1.37364857 -1.90395817 -0.73087448  1.70176023  0.6927066  -1.81731016] -246.14270200234762
[ 2.13902945 -1.92177797 -0.50932567  1.76562575  0.49061188 -2.09151022] -245.366892905377
[ 2.55864322 -2.06232923 -0.89266952  2.15157807  0.507262   -2.49337758] -246.6635012189847
[ 2.29146112 -1.52423004 -0.78572716  1.72233906  0.20975952 -1.83510425] -245.60151415320246
[ 1.76880734 -1.85023951 -0.42936499  1.87456673  0.87200992 -1.8219974 ] -243.639150989791
[ 1.64755132 -1.95366705 -0.51456749  2.19645723  1.27653536 -1.86831289] -243.27312226374386
[ 1.98633747 -1.90897848  0.2778175   2.05637732  1.31716596 -2.47121191] -244.08218220162647
[ 2.57414832 -1.68359459  0.49167389  1.80866844  0.86509859 -2.14906116] -242.90304781417814
[ 3.1743982  -1.57341281  1.10294808  1.86212255  0.95129459 -2.31493666] -243.0931779527247
[ 2.30551832 -2.10377095 -1.1485624   1.93407901  1.10077356 -2.29816487] -243.03440016157774
[ 1.89398895 -2.30645623  0.32115952  1.91674929  1.74706709 -2.40583429] -246.41824088696902
[ 2.19209307 -1.71978659 -0.50900549  1.77094162  0.59408641 -1.97778676] -243.74116012048995
[ 2.37779401 -1.84358878 -0.64658446  2.68799248  1.06112944 -2.44079469] -243.4257200008445
[ 2.22211805 -1.81601751 -0.17375048  2.38587962  1.58098456 -2.31026721] -241.32424379916563
[ 2.26366236 -1.76313727 -0.00596288  2.69600655  2.1261709  -2.4196457 ] -241.34718836384246
[ 2.45340356 -1.79783001 -1.11141631  2.20496214  0.84237001 -1.87691729] -241.72447119906008
[ 2.33475146 -2.01303638 -0.52539692  2.63507135  1.64821076 -2.33671928] -241.0645755752424
[ 2.40608065 -2.15966127 -0.53359263  3.06713622  2.17527294 -2.51618553] -241.33693968807125
[ 2.134703   -1.94571671 -0.34742211  1.70038012  1.37686151 -1.83901954] -242.49519781561816
[ 3.02732959 -1.83298834 -0.42372395  2.02655634  1.19489764 -2.4017369 ] -241.39512512436752
[ 2.60996634 -1.59262356  0.45188377  2.31976033  1.40203414 -2.00640892] -240.00082342206284
[ 2.76219035 -1.33704987  1.25210685  2.51260099  1.55266443 -1.86053094] -240.01925652077622
[ 2.35327568 -1.98247624 -1.20161589  2.61553486  1.81668761 -2.10796188] -240.24633864593713
[ 2.86557856 -1.7326073  -0.64725115  3.02887476  1.4515334  -2.50765095] -241.71162822452794
[ 2.68426966 -1.8587531   0.27146477  2.79893027  2.18907936 -2.67999775] -240.98469557959845
[ 2.21165836 -1.96602441  0.11353825  1.89836949  1.82576462 -2.10671303] -243.4647244285953
[ 2.70209851 -1.79096158 -0.4570538   2.74624845  1.54509121 -2.40741647] -240.32292552319518
[ 1.94149698 -1.85163445 -0.1210989   3.14058529  2.19913157 -2.21452027] -242.37126895169152
[ 2.75587144 -1.83764987 -0.34806769  2.30506357  1.44595612 -2.35493274] -240.40290487711755
[ 2.92462631 -1.87581607 -0.42917811  2.75432333  1.76803517 -2.32087847] -239.30845932393464
[ 3.27588044 -1.90571535 -0.55689192  2.93854518  1.86156048 -2.3261841 ] -239.1744710324839
[ 3.12570256 -1.64302352 -0.08803     2.60628953  1.77192554 -2.29091468] -238.62919357337603
[ 3.52117812 -1.4580171   0.13065346  2.59189862  1.83378293 -2.26801238] -238.10888541536488
[ 3.05515385 -1.66372813 -0.93182879  2.37342006  1.1126248  -1.81030774] -239.62422241945342
[ 3.08331288 -1.62685745 -0.50688337  2.89007226  1.7446376  -1.95383109] -237.76681214136832
[ 3.24703359 -1.52146125 -0.58629121  3.1825766   1.89397834 -1.75328026] -237.0899786397744
[ 3.31873083 -1.5837123  -0.4409764   2.5943301   1.76179823 -1.68330196] -236.82880810281492
[ 3.62704698 -1.48008766 -0.4329377   2.51837093  1.87015174 -1.32124471] -235.9775328187848
[ 4.09214409 -1.22473478  0.55981176  2.69265572  1.5080232  -1.72051749] -238.77028816411257
[ 4.32951268 -1.49195786 -1.05771191  3.11272871  1.95800636 -1.72677331] -239.48095378597267
[ 4.30911146 -1.36359653  0.28403962  3.30550519  2.52920954 -1.89502968] -236.80055918324692
[ 3.02795221 -1.4925797   0.85717324  2.63045537  1.87422905 -2.03464956] -238.62043492098582
[ 3.99894171 -0.94111032  0.82770831  2.7019423   1.97489779 -1.33806059] -235.321365140344
[ 4.36047235 -0.4588078   1.52000843  2.58364085  2.03156644 -0.84399884] -235.00077578526663
[ 3.27212081 -1.3667819   0.03107019  2.91149347  2.50294948 -1.65155432] -235.9080106792228
[ 4.41770223 -1.05700439 -0.54165898  3.06737318  2.34631711 -1.20972383] -235.28596468516804
[ 4.22331769 -0.95789608 -0.03924335  3.26442146  2.55760795 -0.62359816] -232.83543549414426
[ 4.57438748 -0.70783558 -0.12419175  3.60068287  2.91952046  0.19860894] -231.85420917794912
[ 4.93991351 -0.62324337  0.83173448  2.81311224  2.83925992 -0.48770055] -234.37700866229477
[ 4.088103   -0.53432371  0.14396861  2.52605266  2.30737884  0.12315858] -232.69682506485762
[ 4.92385281 -0.10257792  1.05324802  3.31574749  3.11217902  0.03084137] -231.96413394624588
[5.82935632 0.20551765 0.92996608 3.0573763  2.68245778 0.92194955] -235.51526987980165
[ 5.19004744 -0.18755724  0.70524211  3.02090559  2.63758071  0.27857358] -233.23002117944094
[4.9412233  0.18555585 1.91832895 2.88600739 2.93617802 0.9762182 ] -233.42159439572933
[ 5.19203683 -0.19785285 -0.01056496  3.47052856  3.55246588  1.21723221] -232.35697220694382
[4.69663678 0.10837956 0.39694251 3.46019595 2.98250772 1.42924484] -230.70617054622625
[4.57499841 0.47419102 0.17954652 3.78373781 3.05413162 2.38771753] -231.53486093950684
[ 4.61379815 -0.72614509 -1.19678077  3.57869699  2.90103286  0.11633498] -233.2687600302155
[ 4.69565443 -0.49821986 -0.41800334  3.40552459  2.90981915  0.33130578] -231.83176285172578
[ 4.20017634 -0.45658621 -0.35810908  3.57200512  3.29037632  0.83155699] -230.81724270449664
[ 5.33947856 -0.08390725  0.0358052   4.41550887  3.94824401  1.2231048 ] -233.3865280101961
[ 4.40094689 -0.42171959  0.11692775  2.99841671  2.71759513  0.39814513] -231.5006139338333
[ 3.97184808 -0.49500035  0.23283633  3.31366235  2.42486672 -0.14399786] -231.7976586342257
[ 3.92269719 -0.72108276 -1.10444722  3.46774837  2.63604948  0.98411324] -231.47012861860398
[ 4.05493242 -0.12024083 -0.25375926  3.13850149  2.73421771  1.07818043] -230.61122325172
[ 3.7952049   0.17355655 -0.31854302  2.9074108   2.64156634  1.51796618] -231.42087606022886
[ 3.72009146 -0.20386353  0.09480035  3.24465208  2.68538521  1.19444181] -231.01494904819032
[ 4.35997894 -0.11003744 -0.60205131  3.31351089  3.25717714  2.11589201] -232.58509788517213
[ 4.0688808  -0.39875962  0.02411442  3.31362449  2.63294432  0.42097461] -230.77539702943946
[ 3.82019144 -0.17566487 -0.51708051  3.73382579  2.93623179  1.58135884] -230.75046070580765
[4.26427256 0.30550425 0.90008336 3.3531866  3.11783821 1.1944726 ] -230.88029094692786
[ 4.64827198 -0.04192571 -0.03073654  3.61246107  3.21265348  0.98415429] -230.42337360476424
[ 5.11236224  0.03904321 -0.09350498  3.79636556  3.47628761  0.87901054] -231.50405068482974
[ 4.23209069 -0.66710348 -1.14629285  3.59035137  2.81180557  0.9140174 ] -231.6704804931177
[4.25622709 0.06235232 0.38848931 3.41247779 3.04133005 1.1243588 ] -230.34240054379993
[4.3148705  0.2679665  0.36076572 3.31835707 2.55625204 1.37453361] -230.81808326447054
[ 4.22884988 -0.27544803 -0.17839038  3.50859311  3.10684525  0.96730115] -230.40161587311573
[ 4.49948907  0.25124377 -0.08895938  3.64172724  3.37165101  1.96722484] -230.5474473770757
[4.97461097 0.1704519  0.5949426  3.19082643 3.21350328 0.93546261] -231.3430303129149
[ 4.10879632 -0.08913568 -0.23907474  3.59807595  3.00554966  1.41988478] -230.31012030294846
[ 3.90221881 -0.17943094 -0.53108617  3.51041626  3.174908    1.0844566 ] -230.63022733373896
[ 4.1008233  -0.10747832 -0.299079    3.49786119  3.12680793  1.17065366] -230.3249243549361
[4.55922012 0.05344361 0.10450902 3.95189729 3.55406141 1.46634541] -230.34035353864576
[ 4.13457383 -0.38397437  0.0041986   3.55206155  2.97743159  0.41034119] -230.56473189361677
[ 4.40826026  0.09243923 -0.06566988  3.61931082  3.27309615  1.57800393] -230.27266780808583
[ 3.90578701 -0.04601658 -0.06566868  3.58361098  3.15657668  1.59136162] -230.79653718084612
[ 4.46265074 -0.04294843 -0.03946958  3.60524855  3.19863428  1.13595612] -230.2098939651904
[4.40314273 0.26500561 0.12829209 3.71969742 3.29298125 1.66443309] -230.24417656936512
[ 4.4247374  -0.00524364 -0.52532     3.91821928  3.44238018  1.6874002 ] -230.47762645770723
[4.29835467 0.04545333 0.16003698 3.53891316 3.14159258 1.26511915] -230.2001526836893
[ 4.03478922e+00  1.00164283e-03 -2.22830397e-01  3.24113840e+00
  2.79215920e+00  1.27833817e+00] -230.42307955387395
[4.4281124  0.04033312 0.02267417 3.77420757 3.36358586 1.4193436 ] -230.19623814469307
[4.6022824  0.21119405 0.28800868 3.78728997 3.29833867 1.65692657] -230.5123224184326
[ 4.22618808 -0.02781023 -0.15230708  3.57021838  3.16969061  1.29222189] -230.1942857188087
[4.63343997 0.21329323 0.25692697 3.67778935 3.47431058 1.36514114] -230.22264203395738
[4.40903594 0.07200298 0.1910544  3.67604732 3.27383557 1.13606773] -230.12563898625302
[4.40942378 0.06178485 0.31941654 3.70441557 3.27420528 0.91509964] -230.20977637717385
[ 4.41611786 -0.16489761  0.0180132   3.56111069  3.24756858  0.87351679] -230.31546082835973
[4.40638652 0.15752981 0.10072237 3.68005074 3.28162808 1.46670401] -230.15572265469555
[ 4.11013614 -0.13177303 -0.16268988  3.60377255  3.00201175  1.20666303] -230.25797363109842
[4.50261401 0.12702666 0.15202275 3.65928515 3.35623587 1.32552161] -230.15249476167202
[4.29424647 0.18112698 0.19753744 3.69432556 3.33022192 1.49903654] -230.22982162449767
[4.42054967 0.01307043 0.01978218 3.6275178  3.23153119 1.22672623] -230.152807095229
[ 4.4992742   0.08193093 -0.04872072  3.79019583  3.41724315  1.35707587] -230.1520099746331
[4.39323708 0.10091707 0.0648438  3.56023084 3.21313563 1.18209552] -230.08321617579875
[4.37579941 0.13120905 0.08592862 3.45324247 3.13791051 1.06347147] -230.08236828945596
[4.64503184 0.22206684 0.31923694 3.72522806 3.39643751 1.23296709] -230.23251383363166
[ 4.33089902  0.03465904 -0.03442107  3.6089708   3.22637734  1.27740819] -230.124703128341
[ 4.43967090e+00 -4.23011132e-03  2.11596848e-02  3.59170239e+00
  3.26608313e+00  9.95386357e-01] -230.13605694308413
[4.43188149 0.13446242 0.10255904 3.63229685 3.32769733 1.15825085] -230.0519996609147
[4.4375474  0.19515842 0.14394747 3.63468638 3.37578041 1.12401316] -230.01958240668975
[ 4.32812828  0.04321677 -0.03237329  3.59232991  3.20950749  0.99228598] -230.03203925716917
[4.27441945 0.07540779 0.17381932 3.39546393 3.079255   0.83913509] -230.14791728164587
[4.33063314 0.07703858 0.11818431 3.49414691 3.16375204 0.96862029] -230.08370346455436
[4.29767683 0.18865839 0.13628046 3.56143888 3.19630466 1.19190259] -230.03680184933734
[ 4.29119209  0.15131044 -0.05187223  3.43889113  3.16270858  1.06983283] -230.05609362079036
[4.35609336 0.22753818 0.16778618 3.44927442 3.18894389 0.85930059] -230.00392270566448
[4.36869054 0.32397775 0.26888981 3.36942624 3.17022717 0.65024679] -230.0461205769411
[4.36484599 0.23532518 0.03171476 3.54914082 3.25996647 1.13164859] -229.9569069823583
[ 4.38195241  0.31446848 -0.01152002  3.57663778  3.30807369  1.21316273] -229.9177226802918
[4.32173071 0.24224118 0.03148757 3.63117703 3.34252906 1.08669449] -229.9249688064711
[4.41651758 0.25245003 0.19707503 3.70962368 3.37767115 1.08595369] -230.00063614145446
[4.44964642 0.23636596 0.02918719 3.63647086 3.40453057 0.92856763] -229.932414604275
[4.45970102 0.44619064 0.21836111 3.62029347 3.45633543 1.10694478] -229.9245960188936
[4.35766643 0.3779264  0.06684488 3.57313937 3.3169142  0.96952814] -229.84358954933367
[4.31772595 0.46931039 0.02829358 3.54236586 3.28748109 0.89228562] -229.78481457534394
[ 4.42633133e+00  4.26137382e-01 -3.49136379e-03  3.78958180e+00
  3.53659645e+00  1.24523572e+00] -229.89434565285995
[ 4.36917837  0.45912131 -0.09963567  3.55588526  3.40084428  1.07167664] -229.82159210340032
[4.30922684 0.54945717 0.02531121 3.60217621 3.37275609 1.2767657 ] -229.85851569359403
[4.43297459 0.64598728 0.02095204 3.5978031  3.44483329 1.18199591] -229.79656577032873
[ 4.28609548  0.50863669 -0.23172451  3.60118986  3.32719286  1.18676267] -229.76060711213796
[ 4.19929271  0.53985972 -0.45676732  3.59163806  3.26262158  1.22667161] -229.76870047844767
[ 4.33189178  0.7050816  -0.07524488  3.65302958  3.48182766  1.07174469] -229.74414497733727
[ 4.30686146  0.90038815 -0.10710732  3.69122548  3.56870465  1.00103566] -229.77329147605306
[ 4.256033    0.6863941  -0.10719138  3.39456816  3.23504864  0.98184135] -229.75131045547698
[ 4.35540622  0.60871996 -0.18016149  3.51277106  3.35298651  0.85200326] -229.7001783505106
[ 4.3784959   0.63835135 -0.28289784  3.46806849  3.34310172  0.63962204] -229.7304446319996
[ 4.29086397  0.74892203 -0.08205654  3.54469062  3.30894574  0.98386786] -229.71009417812778
[ 4.17969754  0.59636764 -0.23698045  3.48506861  3.21966089  0.8075059 ] -229.70455505655778
[ 4.24893671  0.81539695 -0.33274667  3.52140677  3.35440634  1.06895629] -229.67973442524203
[ 4.2145421   0.98844022 -0.51326679  3.51092723  3.38786897  1.15729162] -229.73074350548936
[ 4.26818092  0.87832406 -0.10640262  3.4359884   3.32376573  0.73521045] -229.7021630970057
[ 4.30229271  0.76454331 -0.23067284  3.65641686  3.44548232  0.85792147] -229.70814906654755
[ 4.21656758  0.76567639 -0.31442865  3.39908453  3.18658818  0.69674372] -229.66246247987021
[ 4.15890548  0.79597378 -0.43402053  3.272112    3.03896844  0.50924324] -229.72563877621297
[ 4.23282992  0.72742074 -0.38507436  3.45888813  3.31868425  0.6889125 ] -229.68543057930773
[ 4.19824692  0.69942526 -0.28792524  3.28131898  3.13988166  0.75852258] -229.75584418197082
[ 4.27628126  0.7482638  -0.24498594  3.56264239  3.36908215  0.83307174] -229.6694558433215
[ 4.35303667  0.91823299 -0.28428613  3.47852515  3.41551017  0.81746009] -229.66613533909208
[ 4.29283853  0.64957954 -0.47415845  3.54178427  3.3419868   0.91717208] -229.6771008690373
[ 4.18475734  0.93280351 -0.49839858  3.47467268  3.30909946  0.82210222] -229.66081984923485
[ 4.09943291  1.09484529 -0.65751713  3.4556235   3.28715593  0.80715169] -229.72897879966257
[ 4.29130944  0.88256365 -0.33126044  3.53381714  3.34020679  1.02958955] -229.65777020834238
[ 4.32054921  0.96013511 -0.30435348  3.57128164  3.35096805  1.19992807] -229.71663979038397
[ 4.2893269   0.81697635 -0.38309273  3.47543528  3.29975151  0.63642351] -229.67438186115348
[ 4.24425454  1.03859269 -0.21132571  3.43294145  3.29809261  0.69462486] -229.69845742473413
[ 4.28069253  0.74683283 -0.40845027  3.51457357  3.33101326  0.86153528] -229.6462709473254
[ 4.24488805  0.84781471 -0.31084394  3.51233654  3.3507485   1.05041069] -229.6766718656396
[ 4.27821718  0.82468594 -0.36503053  3.48466059  3.31250075  0.7399203 ] -229.65119132570067
[ 4.25857899  0.9420013  -0.4889656   3.3991355   3.26255739  0.82271197] -229.65112343801945
[ 4.15033769  0.77995488 -0.5178919   3.45678952  3.1651451   0.84007426] -229.67025860739508
[ 4.30236193  0.88366346 -0.34268757  3.47309124  3.35291891  0.82311363] -229.64755301974355
[ 4.31540489  0.97184051 -0.49716901  3.56089905  3.44951066  1.00291393] -229.67567231535358
[ 4.24127691  0.81721742 -0.36011374  3.43953816  3.2523188   0.77328627] -229.64540644853352
[ 4.36605498  0.76618469 -0.26710414  3.47359938  3.30807251  0.86128345] -229.66447530028023
[ 4.23008175  0.89114881 -0.44057497  3.47440436  3.30884272  0.83189753] -229.6441081579898
[ 4.23909365  0.81928627 -0.47068045  3.39465067  3.26651049  0.58789878] -229.69384737195406
[ 4.2782555   0.86674431 -0.36611545  3.49902552  3.32178271  0.91916686] -229.64206584371402
[ 4.25219868  0.89118344 -0.437272    3.44859552  3.29731051  0.93731687] -229.64881143060202
[ 4.26971011  0.75692878 -0.29610573  3.55060729  3.35883825  0.89272684] -229.65854794188016
[ 4.26136177  0.89573317 -0.44075063  3.43700345  3.2866276   0.84021569] -229.64282982833487
[ 4.27914478  0.80926323 -0.34895888  3.49728324  3.32052416  0.74575488] -229.6528161023842
[ 4.25893521  0.87070338 -0.41519372  3.46076745  3.30311392  0.88942637] -229.64215917273486
[ 4.21450597  0.81246318 -0.46771202  3.46867959  3.2483141   0.88206237] -229.6470669235235
[ 4.23646996  0.83026325 -0.43645591  3.4697825   3.2744653   0.86732518] -229.64140609207737
[ 4.2214345   0.97710395 -0.41128454  3.41226691  3.25137043  0.84557069] -229.6454209159606
[ 4.23624901  0.91953617 -0.41057597  3.43784358  3.27128114  0.84956184] -229.64058929208187
[ 4.25917416  0.94082561 -0.47644181  3.48673746  3.33638566  0.95924488] -229.6514938824915
[ 4.24575122  0.84811947 -0.38919576  3.45133798  3.27333552  0.81977593] -229.6405986315094
[ 4.27559247  0.85255111 -0.37885417  3.44418247  3.26802601  0.8965931 ] -229.64023378224212
[ 4.29834782  0.83325226 -0.34799377  3.42907152  3.24761766  0.92894088] -229.6464506652468
[ 4.24905601  0.83357272 -0.35804636  3.48397639  3.2840406   0.9070674 ] -229.64207533319242
[ 4.24818951  0.84622562 -0.36455415  3.4679487   3.2611965   0.86373706] -229.63994966296758
[ 4.24281666  0.83398674 -0.33923437  3.47153932  3.2402378   0.8508924 ] -229.64576017599506
[ 4.25777987  0.88757392 -0.42387078  3.43939719  3.27265513  0.83165259] -229.63980343922557
[ 4.2621418   0.91457452 -0.45678299  3.4171076   3.2669624   0.79394518] -229.64571131266342
[ 4.22175518  0.86134554 -0.43505347  3.40447195  3.21853715  0.79038171] -229.64343827514227
[ 4.26413042  0.86539461 -0.38334995  3.47538713  3.29597132  0.88697057] -229.63884214948362
[ 4.27276088  0.90953705 -0.34701102  3.43558318  3.27302324  0.84877184] -229.63914711712644
[ 4.27248283  0.91215336 -0.38020959  3.4487761   3.27404893  0.9059864 ] -229.6380296661116
[ 4.28584863  0.94417031 -0.37571651  3.44749515  3.27440563  0.94909164] -229.64132954789707
[ 4.29406298  0.83827572 -0.34870725  3.46591468  3.27702591  0.89500868] -229.64043667612756
[ 4.27960949  0.85859084 -0.36417443  3.4588969   3.27558972  0.88364697] -229.63831649519884
[ 4.25605853  0.90727403 -0.3755358   3.4644806   3.28280227  0.84366204] -229.63974317052126
[ 4.28608449  0.93394898 -0.39349637  3.43955834  3.2968337   0.86982641] -229.6401911064974
[ 4.25766326  0.86815646 -0.37178971  3.46085111  3.2701058   0.8652594 ] -229.63789149127038
[ 4.27645526  0.8861282  -0.31681939  3.47526114  3.2845253   0.91311316] -229.64245366666188
[ 4.26244872  0.88721249 -0.39710793  3.44836318  3.27562267  0.85201773] -229.63792572645136
[ 4.28030666  0.85974091 -0.37234508  3.44480527  3.27198496  0.90388892] -229.64035156865714
[ 4.26212057  0.89539075 -0.37473812  3.45956176  3.28009794  0.85871876] -229.63781546262265
[ 4.26005755  0.85276245 -0.41011222  3.48169555  3.28412222  0.90209477] -229.63991385101338
[ 4.26958504  0.8953434  -0.36278632  3.44711127  3.27579798  0.86210257] -229.63787918044778
[ 4.27050622  0.90688782 -0.36691875  3.43246631  3.25444969  0.85560671] -229.63805988389095
[ 4.25199272  0.92979059 -0.38700904  3.44014634  3.26778462  0.84958356] -229.63910705934958
[ 4.2727053   0.87639077 -0.36988308  3.45420926  3.27363844  0.87513112] -229.63759310959045
[ 4.26182902  0.87132793 -0.38525284  3.47382458  3.2953209   0.88413195] -229.63875615498952
[ 4.26833692  0.89799785 -0.37150227  3.44280588  3.26466749  0.86273802] -229.63756469971108
[ 4.25847044  0.86134388 -0.36905955  3.45552472  3.27259452  0.81933613] -229.63933130642658
[ 4.26897973  0.89945099 -0.37742208  3.45046325  3.27368533  0.88432383] -229.63757030043618
[ 4.27068155  0.89036425 -0.34559926  3.45663766  3.27037499  0.88407351] -229.63845680210133
[ 4.26450693  0.88800043 -0.38423076  3.4504318   3.27431075  0.86003167] -229.63747740867515
[ 4.27774824  0.91603493 -0.37506451  3.44067664  3.27729351  0.86908926] -229.63804909347564
[ 4.2626845   0.88012608 -0.37260841  3.45580749  3.27190273  0.86621686] -229.63772065451852
[ 4.26352627  0.88377555 -0.38734192  3.45731521  3.27030291  0.87361752] -229.63740581095482
[ 4.26049688  0.87799163 -0.39961972  3.46241718  3.26755537  0.87937499] -229.63787650054923
[ 4.27145932  0.87985648 -0.37959139  3.44411587  3.26273794  0.88196758] -229.63765427925352
[ 4.27382032  0.89503128 -0.38404876  3.44397294  3.26787823  0.87971972] -229.6375396548999
[ 4.2658325   0.90035915 -0.37855157  3.45561691  3.27875644  0.86321972] -229.6374859669481
[ 4.26229559  0.91181431 -0.39114937  3.44599274  3.26956194  0.86608571] -229.63759764333852
[ 4.27010287  0.88524666 -0.37519966  3.45215513  3.27261932  0.87286976] -229.63739971147538
[ 4.26639554  0.88401931 -0.38286957  3.4503027   3.26915972  0.85307497] -229.63766034173494
[ 4.26833368  0.89559307 -0.37878395  3.45042312  3.27255392  0.87651162] -229.63743811963846
[ 4.26703727  0.88467087 -0.39121661  3.46049916  3.28080636  0.87925198] -229.63735409428966
[ 4.26638745  0.87800738 -0.40107377  3.4693458   3.2888758   0.88750896] -229.63824525205072
[ 4.25929286  0.88418396 -0.38105939  3.46484084  3.28190501  0.86211437] -229.63800481515273
[ 4.27018845  0.89231945 -0.38330142  3.44918991  3.27138492  0.87531838] -229.63734924081444
[ 4.26873266  0.8761762  -0.38813987  3.45105453  3.26856962  0.88264726] -229.6376870333417
[ 4.26655754  0.89431341 -0.38094865  3.45447632  3.27620974  0.8680766 ] -229.63726517095438
[ 4.27074177  0.89063924 -0.38136664  3.45758781  3.27364831  0.88851695] -229.63739312746148
[ 4.26771771  0.88139532 -0.38767434  3.45998473  3.27576993  0.87603878] -229.63745832983136
[ 4.26817969  0.89204363 -0.38100655  3.45281352  3.27335793  0.87639341] -229.63720435464526
[ 4.27407626  0.89596886 -0.37700458  3.45159207  3.27903928  0.87985818] -229.63736419596478
[ 4.26882413  0.89807183 -0.38974849  3.45656447  3.27886286  0.8829354 ] -229.6373927410881
[ 4.26754601  0.89515678 -0.38637546  3.45079067  3.27957206  0.8654277 ] -229.637601227154
[ 4.26994283  0.89176862 -0.38261884  3.45588853  3.27512924  0.88274464] -229.637241740511
[ 4.26983656  0.88562312 -0.37561706  3.4515887   3.27311296  0.87094566] -229.637412604211
[ 4.26907723  0.89495965 -0.38621563  3.45532053  3.27742539  0.87993797] -229.63729613463565
[ 4.26291808  0.88738968 -0.39143132  3.45780392  3.27239858  0.87404948] -229.63743862934479
[ 4.27128672  0.89382407 -0.38061127  3.45314503  3.2773791   0.878406  ] -229.6372171914639
[ 4.27137355  0.90173875 -0.37368418  3.44644545  3.26948908  0.87437368] -229.63754457417264
[ 4.26812134  0.88893784 -0.3868335   3.45698573  3.27797704  0.87803241] -229.6372077328147
[ 4.26753333  0.89296296 -0.38277673  3.46035331  3.28110789  0.87921196] -229.6374803252091
[ 4.26952467  0.89248033 -0.38317025  3.45198076  3.27381566  0.87629178] -229.63733539539734
[ 4.26819711  0.89280208 -0.3829079   3.45756246  3.27867715  0.87823857] -229.63732260754443
[ 4.268529    0.89272164 -0.38297349  3.45616703  3.27746178  0.87775187] -229.63728694130634
[ 4.26846181  0.88957675 -0.3787818   3.45450486  3.27507956  0.87386368] -229.63722922101553
[ 4.26898764  0.89076647 -0.38062671  3.4531043   3.27424909  0.87475371] -229.63720060867072
[ 4.26921696  0.88978888 -0.37945333  3.45157293  3.27264275  0.87325463] -229.6373971776578
[ 4.27176913  0.88799238 -0.38254424  3.45433767  3.27484759  0.88665468] -229.6372851228138
[ 4.26786044  0.89273315 -0.38134755  3.45444166  3.2758692   0.87272112] -229.6372338851458
[ 4.26768972  0.89085868 -0.38045028  3.45244317  3.27617473  0.86864547] -229.63743135519533
[ 4.26937955  0.89154114 -0.3820767   3.45502719  3.27539062  0.87921985] -229.63718725320825
[ 4.27027848  0.88949681 -0.38196463  3.45408522  3.27527525  0.88083523] -229.63720156776355
[ 4.27028267  0.89262657 -0.38559132  3.45388214  3.27613012  0.88201653] -229.63721259557923
[ 4.26712307  0.88798008 -0.38542187  3.45548767  3.27341424  0.87867771] -229.637215274462
[ 4.26816398  0.88944108 -0.38421922  3.45490201  3.27440546  0.87860978] -229.63720724731493
[ 4.2674209   0.88811576 -0.37998445  3.45509052  3.27408834  0.8739316 ] -229.6372199464558
[ 4.26956722  0.89149886 -0.38418961  3.45418423  3.27561967  0.87999529] -229.6371770340581
[ 4.27006418  0.89265816 -0.37786098  3.45105309  3.27145563  0.87857002] -229.6374336306052
[ 4.26860705  0.88986792 -0.38459037  3.45550257  3.27634669  0.87816681] -229.6371785868895
[ 4.27016923  0.8922972  -0.38059897  3.453337    3.27567429  0.87784499] -229.63718057897603
[ 4.2708167   0.88977916 -0.38367578  3.45559998  3.27749394  0.88054522] -229.63724636402122
[ 4.26883894  0.89147752 -0.38167386  3.45351014  3.27439193  0.87743136] -229.63720176326055
[ 4.27015745  0.89034528 -0.38300847  3.45490337  3.27645994  0.87950726] -229.63721558003238
[ 4.26916857  0.89119446 -0.38200751  3.45385844  3.27490893  0.87795034] -229.6372119542934
[ 4.26908714  0.89068339 -0.38438999  3.4548434   3.27598318  0.87908105] -229.63717286913558
[ 4.26986823  0.89189803 -0.38239429  3.45376062  3.27564698  0.87892014] -229.63718148599534
[ 4.26947339  0.89152    -0.38313315  3.45460571  3.27550514  0.87960757] -229.63718327202935
[ 4.26927743  0.89113266 -0.38240816  3.45364426  3.27493438  0.8773745 ] -229.63713837785156
[ 4.26992285  0.89049784 -0.38307712  3.45413473  3.27544746  0.88041526] -229.63718276821606
[ 4.26920308  0.89148819 -0.38293173  3.45384718  3.2750058   0.87871333] -229.6371562650722
[ 4.26950193  0.89087966 -0.38333048  3.45353243  3.27537402  0.87855896] -229.63716696577634
[ 4.26891216  0.89202909 -0.38347096  3.45380265  3.27540722  0.8771325 ] -229.63718717638056
[ 4.26967018  0.89088065 -0.38317558  3.45405171  3.2754374   0.87959457] -229.637176677446
[ 4.26890077  0.89028977 -0.38441423  3.45427379  3.27513784  0.87885243] -229.6371586913394
[ 4.26897962  0.89028591 -0.38269378  3.45388003  3.27500453  0.87739632] -229.63714755699536
[ 4.26864648  0.89070588 -0.38354721  3.45395533  3.27504252  0.87706429] -229.6371984839471
[ 4.26941425  0.89083696 -0.38326849  3.45402761  3.27533868  0.878962  ] -229.6371613975989
[ 4.26933856  0.89095433 -0.38195897  3.4528917   3.2742819   0.87753812] -229.63715654449615
[ 4.26886931  0.89078295 -0.38256131  3.4539891   3.27452703  0.87771994] -229.63722349690897
[ 4.26934377  0.89085548 -0.38313818  3.4536466   3.27516227  0.8783492 ] -229.63715791382168
[ 4.26893349  0.89083183 -0.38257986  3.45336691  3.27450356  0.87711263] -229.63720053161558
[ 4.26929406  0.89083568 -0.38309633  3.45386244  3.2751299   0.87849966] -229.63714740752377
[ 4.26957807  0.89156098 -0.38099483  3.45298361  3.27470176  0.87710462] -229.6371522588282
[ 4.26921317  0.89123043 -0.38155641  3.45338981  3.27452382  0.87719298] -229.63721899511526
[ 4.26931112  0.89094922 -0.38274274  3.4535824   3.27500266  0.87806015] -229.63714636602566
[ 4.26920924  0.89112988 -0.38299689  3.45437494  3.27564444  0.87817806] -229.63716276922636
[ 4.26930623  0.89099822 -0.38221845  3.45326251  3.27462254  0.87769811] -229.6371364716595
[ 4.2693791   0.8904327  -0.38178636  3.45322457  3.27479279  0.87666446] -229.63715267048767
[ 4.26933509  0.89069657 -0.38207271  3.45338022  3.27484604  0.87717667] -229.63714650536977
[ 4.26892311  0.89007178 -0.38408256  3.45422034  3.27514492  0.87829719] -229.63716616581596
[ 4.26941433  0.89118868 -0.38176676  3.4532928   3.27481255  0.87740276] -229.6371532715457
[ 4.26929183  0.89106544 -0.3823133   3.45345339  3.27477846  0.87753631] -229.63716583014588
[ 4.26930868  0.89097372 -0.38248059  3.45342246  3.2748126   0.87787913] -229.6371387942679
[ 4.26932066  0.89084739 -0.38214558  3.45332137  3.27473429  0.87743739] -229.6371499992953
[ 4.26930015  0.89091695 -0.38265739  3.45356247  3.27487622  0.87809888] -229.63714350516065
[ 4.26914292  0.89064207 -0.38245611  3.45357127  3.27481353  0.87754721] -229.637125053352
[ 4.26944215  0.8912796  -0.38160664  3.45312306  3.27466215  0.87740136] -229.63715504754163
[ 4.2693151   0.89082054 -0.38220828  3.45330099  3.27472865  0.87781772] -229.63714925657268
[ 4.26912243  0.89045336 -0.3831155   3.45369063  3.27486713  0.87809145] -229.63716630905236
[ 4.26936222  0.89107304 -0.38198385  3.45326495  3.27471339  0.87757389] -229.6371530736415
[ 4.26920236  0.89065992 -0.38273828  3.45354874  3.27481588  0.87791893] -229.63715403027945
[ 4.26932225  0.89096976 -0.38217246  3.4533359   3.27473902  0.87766015] -229.637154571473
[ 4.26922458  0.89082014 -0.38233728  3.45341689  3.27471804  0.87762266] -229.63714028517327
[ 4.2692258   0.89080789 -0.38246835  3.45349686  3.27481307  0.87771317] -229.63715273915423
[ 4.26922153  0.89077951 -0.38255675  3.45356687  3.27484488  0.87782305] -229.63716098036392
[ 4.26922901  0.8907313  -0.3823322   3.45343613  3.27477109  0.87768247] -229.63714231565058
[ 4.26923179  0.89074473 -0.38230085  3.45344632  3.27477391  0.8774923 ] -229.63715117025393
[ 4.26925257  0.89085755 -0.38221998  3.45341811  3.27476346  0.87756055] -229.63714234150623
[ 4.26921402  0.89075506 -0.38214817  3.45336166  3.27470616  0.87738307] -229.63714414565976
[ 4.26920583  0.89070906 -0.38212984  3.4533866   3.27470233  0.87738292] -229.63716026065356
[ 4.26922081  0.89078318 -0.38238373  3.4534693   3.27478538  0.87763061] -229.63715702645942
[ 4.26918375  0.8907311  -0.3823967   3.45349408  3.27476579  0.87758494] -229.6371533142953
[ 4.26918597  0.89068668 -0.38239416  3.4535037   3.27479231  0.87761484] -229.63714131829923
[ 4.26919775  0.89074981 -0.38233805  3.45349469  3.2747885   0.87755388] -229.6371413826934
[ 4.26917847  0.89069856 -0.38230214  3.45346646  3.27475985  0.87746514] -229.63715273763083
[ 4.26918736  0.8906934  -0.38237848  3.45350879  3.27479372  0.87751976] -229.6371451528296
[ 4.26918436  0.89072498 -0.38246223  3.45353407  3.2748133   0.87763019] -229.63714595311146
[ 4.26917519  0.89066739 -0.38238036  3.45353225  3.27482129  0.87752541] -229.63714672917538
[ 4.26917938  0.89068955 -0.38250099  3.45358179  3.27484771  0.87766529] -229.63714347831728
[ 4.26918405  0.8907281  -0.38246298  3.45353252  3.27479507  0.87765165] -229.63714467592646
[ 4.26917478  0.89067156 -0.38238135  3.45353019  3.27479698  0.87755402] -229.63714958186145
[ 4.26918197  0.89071162 -0.38244201  3.4535331   3.27480922  0.87761115] -229.63714476351052
[ 4.26916999  0.89070921 -0.38248629  3.45356356  3.27482173  0.87769492] -229.63715433436863
[ 4.26918302  0.89069735 -0.38240543  3.45352249  3.27480072  0.87756355] -229.6371576991158
[ 4.26916445  0.89066437 -0.38242514  3.45353749  3.27480292  0.87758103] -229.63714745369666
[ 4.26917034  0.89069594 -0.38239708  3.45353298  3.27480102  0.87755055] -229.6371496316641
[ 4.26916115  0.89066581 -0.38247855  3.45357653  3.27483062  0.87760625] -229.6371357592202
[ 4.26916349  0.89068508 -0.38245955  3.4535519   3.2748043   0.87759943] -229.63713862772394
[ 4.26916245  0.89067684 -0.38244906  3.45355218  3.27481138  0.87757918] -229.63715067852698
[ 4.26916514  0.89066773 -0.3824173   3.45354003  3.27480363  0.87753349] -229.6371383139315
