[-0.6045631   2.03180558 -0.4803744  -0.68644585  0.21261314 -0.59340437] -282.4598633378781
[-1.12678925 -0.1924844  -2.8741203   0.27896521 -0.2615087   0.1907166 ] -285.93177107268684
[ 0.33308563 -0.4932043  -0.35455463  1.88468679  1.09529113  0.95665382] -277.1277671102444
[ 0.74343254 -1.04750993 -0.07347881  0.04401001 -1.37525294 -0.62494876] -282.83699211417803
[-1.34137503  0.06416205 -1.67448981 -0.04812333  1.18633247 -1.16920684] -287.8741185768948
[ 0.77752711 -0.19266605  0.84690068  1.03906098 -0.57508525 -0.83052226] -275.17489407483015
[0.55066847 0.29363339 0.89517554 0.63477235 0.33426339 1.20273398] -276.7026693884349
[ 1.56582883  0.06902938  0.99433917  1.11313982 -1.37622554  1.26961651] -283.22687307703535
[ 2.24878241  0.41284709  3.48345616  1.06410949 -0.29995666  0.26932638] -277.3166100037297
[-0.21618448  0.26593922  0.44470234  0.21359144  1.17351648 -1.14300358] -278.9433212532561
[0.28633947 1.82029491 1.68524738 1.33924839 2.02213368 0.57887674] -296.3321989156287
[ 0.62915927 -0.33055872  0.36620274  0.3678196  -0.52590628 -0.32399238] -273.0845422680922
[ 2.0455759  -2.04647537  2.37433534  2.42112607  0.18809446  0.63713635] -273.5463181221659
[ 2.41111741 -1.05141387  2.0924696   2.25693366 -1.10128288  1.78011554] -287.0441414295608
[ 0.44064099 -0.06339906  0.85664416  0.72442699  0.60481664 -0.4122238 ] -272.6679356832798
[-0.65656328 -1.35707046 -1.82188821  1.2931881   0.67378136  0.14060219] -280.95948340677535
[ 1.52244598 -0.0296323   2.15712006  1.12137915 -0.05652215  0.23714533] -272.32452505032114
[ 1.65558695 -0.29649507  2.85334747  0.21817493 -1.1054042  -0.78656141] -283.6396221264324
[ 0.66371096 -0.44402699  0.4474209   1.46805882  0.5451173   0.52085001] -272.1049477109689
[ 1.47568493 -1.32921955  1.45436575  1.74585153 -0.27409182 -1.25993623] -271.5036556997584
[ 1.93819317 -2.14064602  1.73396085  2.30139111 -0.57826943 -2.49127133] -279.5511630047651
[ 1.48154557 -1.22177128  1.70512896  1.57715974  0.73558797  0.63018202] -270.1857012985097
[ 1.83355481 -1.7363239   2.1342431   1.84620911  1.39092458  1.36053416] -275.1772221179465
[ 0.02548667  0.90693941 -0.04537449 -0.08622746  0.15490609 -0.8397947 ] -273.7646614952147
[ 1.54055359 -1.30812168  1.76940789  1.79428769  0.17979737  0.26790359] -270.548121850923
[ 1.7457014  -1.13483156  2.43049317  2.44256837  1.10414138  0.31863269] -272.1141886955763
[ 2.36923983 -1.7591354   2.46466808  2.65867477  0.13986004  0.65048294] -273.9174093334411
[ 0.9227907  -0.48733314  1.25865014  1.20798894  0.48857749 -0.14654712] -270.4383760476931
[ 1.08754974 -1.9454691   0.8647022   2.29059255  0.98289872 -0.12678367] -269.87704343170134
[ 0.87010161 -2.90338751  0.21849327  2.87519925  1.50260916 -0.30874818] -273.2821448136728
[ 0.64491043 -1.11048235  0.06939878  0.91874472 -0.21817904 -0.35674315] -270.30795482050644
[ 1.72063403 -2.02343871  1.92646368  1.71014956  0.08641293 -0.85149153] -269.223204846466
[ 2.24909557 -2.81314457  2.66598507  1.83119493 -0.14293926 -1.5376623 ] -273.22081236482967
[ 0.99030975 -1.36965254  1.0768848   1.4204562   1.0257903   1.06544294] -274.68854331696366
[ 1.35434114 -1.3393278   1.35999551  1.6645027   0.05087871 -0.67859143] -269.04043543423217
[ 0.86337028 -1.40115245  0.62537187  1.32875838  0.52892822 -0.77789522] -267.58049994080085
[ 0.52477862 -1.44766784  0.05335387  1.09599372  0.70349365 -1.30079462] -267.9016009982376
[ 1.46132636 -2.52654742  0.92503686  1.95531361  0.23359834 -0.57389388] -267.6388801718555
[ 2.01134528 -2.3754199   2.39950092  2.59008079  1.09094734 -0.43608142] -269.3236141422175
[ 1.35131004 -2.64868052  0.99522805  2.26930612  0.25563345 -1.77842774] -269.47034818418797
[ 1.83322597 -2.1593865   1.87916343  1.54877784 -0.23409905 -1.57201007] -270.5404494032371
[ 1.2739688  -1.99894845  1.11831751  2.10513887  0.67864928 -0.48809027] -268.14639530403696
[ 1.54368526 -1.23959773  1.7896674   1.51534184  0.63417149  0.50974649] -269.5994052238149
[ 1.39940384 -2.29640982  1.19383789  2.08081505  0.35026796 -1.20638418] -268.0697768353908
[ 0.67966954 -1.48652165 -0.01649315  1.02481193 -0.44803552 -1.08936742] -271.5372423595759
[ 1.67842634 -2.15319534  1.7955024   2.19876357  0.70620162 -0.59940292] -267.9683273540553
[ 0.95631155 -1.88175505  0.41289034  2.0676145   0.76309512 -0.58992777] -267.9296752756937
[ 1.18992792 -2.74667505  0.66365678  2.24763196  1.0360348  -0.73327331] -268.16478394073226
[ 1.23103122 -2.39483824  0.83774146  2.10184965  0.78974578 -0.71960284] -267.4579973541165
[ 1.25598774 -2.21901765  0.81180943  1.80589938  0.44529641 -1.00094533] -266.56505434402237
[ 1.24699721 -2.32905225  0.65855539  1.65627964  0.32861997 -1.25737287] -266.1867252495198
[ 1.07975048 -1.9324371   0.55786156  1.6887114   0.76646172 -0.29964765] -267.32601209017855
[ 0.60116936 -2.0020655  -0.45634991  1.40074548  0.43061476 -0.80671049] -267.5807762262022
[ 1.20490342 -2.31360927  0.63651541  1.30960489  0.26289449 -0.88844654] -266.5252350033196
[ 0.61441429 -1.59783751  0.02819507  1.20666953  0.80215664 -1.00933133] -267.7837678675896
[ 1.24959835 -2.29436995  0.70082641  1.76815259  0.37573792 -0.68275324] -266.8565886003534
[ 1.69071429 -2.21975425  1.79530728  1.8837067   0.58684794 -0.73519563] -267.368795053066
[ 1.70429471 -3.09353457  1.10356396  2.14067658  0.50784105 -0.74977771] -266.9196232589202
[ 1.49438826 -2.33274756  0.97980187  1.38052761  0.15305525 -0.81812837] -266.33173147251966
[ 0.96926318 -2.54549598 -0.24959907  1.4309442   0.21135553 -0.83017983] -266.5809329178071
[ 1.54339789 -3.0371661   0.7186931   1.54001711 -0.15329366 -1.44257187] -268.6743750172413
[ 1.19566233 -2.20861935  0.59806944  1.65153782  0.53652288 -0.58537871] -266.3807682469585
[ 0.74930954 -1.58109688  0.00449252  0.92500568  0.11488763 -0.93764215] -267.16225038219403
[ 1.46554842 -2.71542515  0.8287961   1.83675885  0.40960269 -0.79674382] -266.39312425869053
[ 1.27598926 -2.52061324  0.44988664  1.32039842  0.25827902 -1.04266347] -265.7502383529609
[ 1.28918472 -2.63373489  0.32441675  1.09652133  0.19954957 -1.22261858] -265.62197758433547
[ 1.66296494 -2.29890018  1.59165073  1.54613251  0.41872609 -1.0260498 ] -266.4738409199759
[ 1.58001188 -2.52588386  1.02391469  1.74631437  0.419131   -1.01365083] -265.5073989294237
[ 1.76756611 -2.63202115  1.21761433  1.96466911  0.49724925 -1.07625298] -265.2666205377577
[ 1.15681742 -2.65163327 -0.05589943  1.64929895  0.28947378 -0.89278197] -265.8154587827202
[ 1.2513236  -2.21384434  0.41205668  1.29618597  0.25855421 -1.15410067] -265.04089578943024
[ 1.14421119 -1.96305394  0.20368697  1.02589953  0.18302996 -1.3327791 ] -264.7431859600983
[ 1.5040593  -2.63879501  0.51132252  1.2728609   0.01380305 -1.61459925] -265.7125479805153
[ 1.20855705 -2.61668261 -0.02656969  1.50798221  0.35085328 -1.64733988] -264.55206365259204
[ 1.06564145 -2.75865013 -0.52975548  1.5717095   0.4497523  -2.06194564] -264.4416341558294
[ 1.39549619 -2.76357721 -0.10142684  1.20404014  0.215666   -1.47628631] -264.0315063325935
[ 1.46974568 -2.98083969 -0.48141796  0.97792038  0.15918902 -1.58574303] -263.90891120843463
[ 1.5899854  -2.55073167  0.47118848  0.98722798  0.21138393 -2.07186422] -263.874881287921
[ 1.80656939 -2.50028086  0.73473244  0.65619249  0.17233901 -2.66140535] -264.35942587825434
[ 1.27138555 -2.53421548 -0.10941149  1.26845504  0.55291496 -1.5024686 ] -263.2657869773756
[ 1.15504867 -2.48192572 -0.41977849  1.26625211  0.82247092 -1.44640328] -263.37640125101456
[ 1.48032707 -2.50610246 -0.06711513  1.50210585  0.48495691 -1.98773261] -261.95867617332516
[ 1.57589824 -2.44228625 -0.26288107  1.70489812  0.62766058 -2.37028963] -260.64556857216394
[ 0.93805639 -2.44457124 -1.45381118  0.54736774  0.23072766 -2.56544377] -264.34782302796594
[ 1.49269305 -3.27404421 -0.9923832   1.32662672  0.56084619 -2.71980586] -262.772318110571
[ 1.71361332 -2.65024604 -0.41314999  0.69912249  0.33115515 -2.20992606] -261.6593292062747
[ 2.09971735 -3.03288321  0.85779277  1.77404917  0.58365561 -1.58792204] -262.48131137264295
[ 1.77801863 -2.5139626   0.33180312  1.60887279  0.79668312 -2.5683491 ] -260.7839348778562
[ 1.72045664 -2.93181427 -0.6672651   1.80678014  0.93958793 -2.24772288] -260.1059608896148
[ 1.78569227 -3.12235557 -1.23649189  2.21655621  1.30368994 -2.3356522 ] -259.98760753420646
[ 2.21049207 -3.14437715 -0.4623586   1.84158679  0.84831523 -3.09484636] -259.5488182992043
[ 2.68004533 -3.44945798 -0.63883215  2.12815266  0.99601537 -3.89103524] -260.32363096114454
[ 2.22845091 -2.36132606  0.59728799  1.95506847  0.93620702 -2.00252261] -258.6988930113589
[ 2.59632984 -1.90496699  1.39212358  2.26928935  1.12388744 -1.64388098] -258.77421083119975
[ 1.66433779 -2.37863468 -1.33972291  1.56798579  1.03091473 -3.27260662] -258.6750959333292
[ 1.44664801 -2.05151042 -2.43848076  1.46495409  1.2545443  -4.11494891] -260.20236870934576
[ 2.03401665 -2.67073472 -0.37763779  2.93253357  1.51666839 -3.00482944] -259.63956814225594
[ 2.05494402 -2.85927554 -1.35907121  2.46400353  1.29113551 -2.79189985] -257.87068827160965
[ 2.19340671 -3.03193202 -2.20450838  2.89156889  1.5383617  -2.90367523] -258.30574878079494
[ 2.41674633 -3.06994832 -1.12978374  2.62101333  1.68131636 -3.13049607] -257.87662246793775
[ 2.41730365 -2.37240993 -0.12060354  2.24417428  1.13116248 -3.43008145] -257.35489186575944
[ 2.73310935 -1.99743711  0.43734064  2.25798331  1.04489875 -3.97729607] -258.3377512581381
[ 2.29674161 -2.72458917 -0.89377954  1.29874383  0.78968205 -2.90265487] -257.89309245372056
[ 2.14901603 -2.11101742 -0.95286572  2.20874295  1.43849082 -2.74857412] -255.79597525555573
[ 2.11827801 -1.59433756 -1.19811929  2.39232103  1.73357862 -2.57543801] -255.14144079299706
[ 2.09433289 -2.63840567 -2.6109814   2.24101212  1.61638957 -4.03186968] -259.2239319186817
[ 2.19492141 -2.43059596 -0.20477936  2.02655438  1.10625266 -2.50985938] -257.16039425043147
[ 2.83530722 -2.63841748 -0.29565598  2.78095101  1.54679449 -2.50753659] -255.4881895501589
[ 2.38242527 -2.2637391  -0.54222483  3.54426202  2.04039799 -2.74578224] -258.23407036547627
[ 2.31816252 -2.60937665 -0.80589086  1.86012338  1.10236104 -2.86343672] -256.63518102674266
[ 2.22955928 -1.76485605 -0.19825634  1.96836253  0.95577857 -2.42892126] -255.73860291319716
[ 2.64956668 -1.61072233  0.41796943  1.96015868  1.23417378 -2.64652461] -254.95016737537537
[ 2.94687802 -0.98644573  1.30648974  1.70823625  1.20569291 -2.57383699] -255.58739031982222
[ 2.36462805 -1.84369209 -0.64097393  2.08531606  1.4284839  -1.7471574 ] -254.794248228042
[ 2.33829025 -1.57933317 -0.90115913  2.00588695  1.57714461 -0.90569538] -255.81239769389984
[ 2.64357919 -1.58987143 -0.7021963   2.32252317  1.56080414 -2.41314549] -252.9639893793966
[ 2.86790808 -1.16950916 -0.95090477  2.47050757  1.78807989 -2.36478854] -251.4933426233394
[ 2.70358659 -0.93113491 -0.14942276  2.69241558  1.79326871 -1.89335209] -253.14786075993942
[ 2.95019893 -1.49774846 -0.74077943  2.82552744  2.21901456 -2.14934449] -252.69865773657247
[ 2.38274823 -0.24396402 -0.79175427  2.02779778  1.85207199 -1.95133179] -253.44627282558662
[ 3.18793417 -0.83791943  0.24616404  2.29492     1.70478566 -1.67539497] -251.80140787865975
[ 2.83610133 -0.56393369 -1.42719313  2.83866947  2.36106113 -1.28059848] -252.23949356256475
[ 3.27819772  0.0956222  -0.63032284  2.96462989  2.47761008 -2.02444605] -250.67344477231575
[ 3.73498256  1.06527935 -0.6249973   3.40428681  3.00217316 -2.16309037] -251.73943146144063
[ 3.55856071 -1.39091046 -0.42573202  3.33442554  2.26253468 -1.84464308] -251.5844899256874
[ 3.52271372 -0.85699809 -1.16016662  2.88381106  2.47775995 -1.88638645] -250.37466496192545
[ 3.93227729 -0.81992968 -1.66553855  2.9795088   2.82000557 -1.88290363] -250.94908535131003
[ 3.46693965 -0.07680108 -0.70860569  2.77012707  2.13826256 -1.54274137] -249.57750630911264
[ 3.72531001  0.63367261 -0.69251882  2.74242688  2.09788657 -1.23943982] -249.38028561689376
[ 3.87744014 -0.61141375  0.22269945  2.72490418  1.90849115 -2.39776782] -250.81489993658204
[ 3.75544262 -0.26192612 -1.45847925  3.4119817   2.63266844 -2.24376228] -250.36527520116925
[ 3.45044339  0.66739302 -1.13083226  2.39832822  2.19829734 -2.2075539 ] -249.19304434402702
[ 3.39638473  1.69654476 -1.48338238  1.93027956  2.16617867 -2.38900932] -250.1478217789529
[ 4.33527446  1.05829245 -0.66563535  3.23818641  2.80949129 -1.6349969 ] -250.13118709760533
[ 3.47835384  1.05676578 -2.13535117  3.15488387  2.98941341 -1.34776065] -250.89311553456335
[ 3.77766856 -0.19436887 -0.3668132   2.8323991   2.17872171 -2.13526603] -249.62208920710162
[ 4.24408654  0.25306613 -1.19449233  2.87108124  2.32066503 -1.75802241] -248.93638478525364
[ 4.72703095  0.33178809 -1.47657707  2.82430691  2.2421925  -1.62481059] -250.17913007261012
[ 4.24002814  1.57570783 -0.67609045  2.94765679  2.26815018 -1.853294  ] -251.57682634898896
[ 3.70204233 -0.24882161 -1.03914758  2.89977249  2.42535751 -1.87811334] -249.24973482308604
[ 3.98949914  0.98500403 -0.2380006   2.24874975  2.04413804 -1.37403518] -249.19323175247084
[ 3.29440886 -0.35964401 -0.88829958  2.09273282  1.61219744 -1.89581333] -249.51412616550712
[ 3.6909282   0.83792559 -1.36095052  2.2519647   2.05412559 -1.31572663] -248.7974068851894
[ 3.64755801  1.35407283 -1.85801918  1.96174749  1.99182754 -0.90595693] -249.7756074664079
[ 4.306361    1.40239061 -0.99701445  3.04470827  2.76795925 -1.3618171 ] -249.68300815048968
[ 3.5473969   0.08086464 -0.9154783   2.33072668  1.90113789 -1.76231427] -248.88958998378453
[ 3.81615549  0.22480466 -1.26711504  2.25778081  2.21668723 -2.1924821 ] -249.0475566170734
[ 3.87746089  1.2651743  -0.99647543  1.88643797  1.81965953 -1.65859816] -248.81840304032843
[ 3.55265799  0.12473876 -2.05044736  2.41669013  2.12605284 -2.25753064] -249.22424410898512
[ 3.88028885  0.76993771 -0.69111229  2.29073484  2.06461674 -1.59490905] -248.71767826351453
[ 4.23499556  0.47653133 -1.01104237  2.23124719  1.92733333 -1.21979697] -248.75589264822992
[ 4.00889683  1.00302857 -0.78940204  2.36295006  1.81249214 -0.9106404 ] -249.1395172713952
[ 3.86434082  0.41936064 -1.14768679  2.28407312  2.11563846 -1.87202167] -248.62206223360542
[ 3.45438387  1.03019861 -0.84642291  1.55398026  1.64017216 -1.38309984] -249.84548520222046
[ 4.04666087  0.44734925 -1.10747497  2.54180599  2.15054181 -1.66429177] -248.5010062518424
[ 4.31749483  1.32456163 -1.18943582  2.16469459  2.14283393 -1.34613381] -248.8966114080541
[ 3.73992138  0.39178889 -0.98396768  2.28921866  1.9615619  -1.65826915] -248.6075141071463
[ 3.94158434 -0.1508765  -1.10426944  2.74324353  2.27161308 -1.44974025] -248.86007240005654
[ 3.89349175  0.9111616  -1.02342393  2.10063936  1.93264792 -1.60638368] -248.5798581752508
[ 4.19563822  0.30078421 -0.62728549  2.32727503  1.99665446 -1.88949747] -248.73246351782737
[ 3.63845174  0.60359611 -0.84927468  2.38000181  2.14655376 -2.20866063] -248.9537579154096
[ 4.08585961  0.50829752 -0.97060045  2.26843585  1.98213844 -1.46701288] -248.5513076862901
[ 3.64121621  0.84851433 -1.34746988  2.26436091  2.07239396 -1.39813194] -248.8294309135077
[ 4.05703272  0.43771674 -0.80733159  2.3115465   2.01558934 -1.76665608] -248.5549283357591
[ 4.01548019  0.2686205  -1.32238285  2.30783832  1.98808922 -1.74996937] -248.58765226731134
[ 4.08180802  0.56895086 -0.92404037  2.32242177  1.89455108 -1.43217264] -248.57153330152173
[ 4.32018967  0.6555766  -1.06778371  2.32834394  2.0262907  -1.57055965] -248.6649483927322
[ 3.88498845  0.45773582 -1.00492169  2.29899998  1.9777441  -1.63634178] -248.50488589442685
[ 4.00113361  0.84178343 -0.62354815  2.30677816  1.99631501 -1.44098358] -248.71929686272938
[ 4.01189355  0.41191124 -1.14767418  2.30757328  1.99014567 -1.67272292] -248.49519991621955
[ 4.16258932  0.03282554 -0.96392381  2.58295509  2.07092222 -1.60668234] -248.71879977490832
[ 3.96076614  0.69157759 -1.0085489   2.22121829  1.9672165  -1.60645835] -248.49783972921583
[ 3.93392576  0.41591186 -1.09147689  2.32743819  2.13324087 -1.83898862] -248.5771032426698
[ 4.04483746  0.53069111 -0.9658995   2.32367588  1.95422353 -1.53387664] -248.50541383344847
[ 3.95463598  0.57813743 -1.26104164  2.34235659  1.99174735 -1.42691203] -248.48567199097403
[ 3.90343761  0.64834778 -1.48789667  2.35776164  1.97982635 -1.25704   ] -248.57514165598423
[ 3.88206788  0.53083662 -1.19458651  2.41010749  2.02840121 -1.71318828] -248.46033751859724
[ 3.78017201  0.54210617 -1.30657954  2.48094332  2.05153259 -1.83627597] -248.53620396942344
[ 3.8688335   0.50849154 -1.27551646  2.383678    2.08104201 -1.70609507] -248.47763177433532
[ 4.02329752  0.5983654  -1.32669253  2.43657991  2.09195408 -1.62688102] -248.47359092485675
[ 3.85383732  0.65909069 -1.29721177  2.15869853  1.89962713 -1.58646079] -248.5029077083304
[ 3.99845498  0.50028461 -1.15490917  2.44602913  2.08781314 -1.64483402] -248.46287451109515
[ 3.95229499  0.35109803 -1.44492459  2.55422317  2.12315132 -1.6570861 ] -248.54312659149204
[ 3.95864836  0.6064577  -1.11764283  2.30446951  2.0062002  -1.61911529] -248.45929779879165
[ 3.88341919  0.6956132  -1.29578887  2.4668336   2.10557366 -1.57295232] -248.4926365410107
[ 3.91553778  0.62468771 -1.2587602   2.42701852  2.07671666 -1.59789497] -248.46249179343312
[ 3.92764403  0.54490376 -1.18166093  2.46027093  2.13229509 -1.87575752] -248.48865044427492
[ 3.94788799  0.56982902 -1.24119646  2.37183517  2.02688428 -1.5391234 ] -248.4598414727379
[ 4.039798    0.63499548 -1.1557461   2.41500191  2.02494784 -1.54091725] -248.4815236898187
[ 3.91157463  0.54011752 -1.24557387  2.39150898  2.06701847 -1.66480062] -248.45787502375808
[ 3.84809302  0.52570566 -1.07753048  2.34707636  2.00572391 -1.63277117] -248.48937002107812
[ 3.97949639  0.58020047 -1.26440202  2.41420402  2.07039654 -1.62835356] -248.4545273547309
[ 3.86661602  0.65042507 -1.28581146  2.32701877  2.00405932 -1.60932468] -248.45833479115535
[ 3.93322598  0.53460109 -1.19097752  2.31269613  1.99093668 -1.66007364] -248.45342661607287
[ 3.94207008  0.48955778 -1.15708618  2.25553494  1.94804668 -1.69116298] -248.47225970208885
[ 3.98374858  0.629707   -1.25394821  2.2971367   2.02676395 -1.52707545] -248.4832164037491
[ 3.90748805  0.55555422 -1.20942694  2.3818648   2.0279919  -1.66666007] -248.4510713292337
[ 3.90446182  0.58595634 -1.19674842  2.33875223  2.02865008 -1.74365255] -248.4497656989905
[ 3.88274874  0.59402    -1.17452439  2.32221075  2.02953299 -1.84591712] -248.46404610275138
[ 3.87563928  0.54249387 -1.34667058  2.41754546  2.05681746 -1.70517309] -248.46279910943116
[ 3.93789609  0.59046674 -1.17489977  2.3327385   2.01885452 -1.64062974] -248.45107131872734
[ 3.99143163  0.47854039 -1.14153138  2.39690278  2.06389008 -1.72539871] -248.4623282694206
[ 3.89781993  0.6074539  -1.24974144  2.34448977  2.01901701 -1.63834319] -248.44970139646614
[ 3.94188813  0.61129339 -1.18315816  2.31673951  1.98493043 -1.66110363] -248.44611052786317
[ 3.95704487  0.64688133 -1.1519503   2.27935477  1.94388641 -1.65925514] -248.45282270488582
[ 3.86143027  0.58157476 -1.13724872  2.26155629  1.95306367 -1.70846738] -248.4649029139854
[ 3.94997986  0.58054404 -1.2326137   2.37604209  2.04106332 -1.64838201] -248.4479856427659
[ 3.91328531  0.64248845 -1.22455195  2.3841795   2.04923241 -1.67285009] -248.45226283906084
[ 3.91827048  0.61551661 -1.21615834  2.36630866  2.03465848 -1.66965598] -248.44827255061773
[ 3.94261738  0.64152279 -1.20834634  2.30982546  2.01439938 -1.66726229] -248.44880417666778
[ 3.91378311  0.62362895 -1.25402237  2.35131407  2.02205172 -1.70217015] -248.4460610884495
[ 3.90172662  0.64021006 -1.29358367  2.36060185  2.02365032 -1.73294035] -248.44808343133352
[ 3.95032447  0.64069689 -1.25126503  2.34948762  2.01005669 -1.58531987] -248.45081624818934
[ 3.91592748  0.59964148 -1.21037757  2.34143608  2.02400174 -1.70406938] -248.44764127260035
[ 3.96300222  0.61659519 -1.18515072  2.34273218  2.02135135 -1.71253796] -248.4461162855241
[ 3.92499971  0.5742171  -1.21881395  2.3883654   2.02828629 -1.69871074] -248.44921071866358
[ 3.93821296  0.62469637 -1.21096324  2.32946044  2.01787111 -1.67512441] -248.44610891975492
[ 3.95599411  0.60328319 -1.20927024  2.31959946  2.00243141 -1.69813987] -248.44572579361477
[ 3.97485593  0.59716648 -1.20582619  2.29624487  1.98631788 -1.71238182] -248.45079366407512
[ 3.92628948  0.64583548 -1.18503373  2.29105182  1.98314927 -1.73599978] -248.44753014762466
[ 3.96379585  0.64213605 -1.19882191  2.30886308  1.98659336 -1.69095589] -248.4465831266373
[ 3.96593599  0.5947089  -1.22876181  2.36518442  2.02859386 -1.64401085] -248.44736171327125
[ 3.95602436  0.60749054 -1.21782979  2.34665127  2.01723271 -1.66700808] -248.44524480191663
[ 3.92583911  0.58685983 -1.22130959  2.35996923  2.03536289 -1.68107215] -248.4475955275865
[ 3.95430667  0.62831699 -1.20444383  2.32163962  1.99878574 -1.68848495] -248.4449570579833
[ 3.92373422  0.61630796 -1.24141183  2.31906928  1.99308303 -1.6514724 ] -248.44596523069066
[ 3.93879702  0.62328128 -1.26282227  2.34583854  2.03222147 -1.69969632] -248.44633901342218
[ 3.94111535  0.61429036 -1.20307419  2.32401426  1.99675319 -1.6707518 ] -248.44490457553113
[ 3.94343964  0.60640963 -1.23238751  2.33130221  1.99224149 -1.68421801] -248.44446378978603
[ 3.94605298  0.59726627 -1.24309964  2.3322231   1.97942668 -1.68876482] -248.4461887655503
[ 3.97775501  0.60173728 -1.18211676  2.30277797  1.97812414 -1.65118823] -248.45080865743006
[ 3.92977608  0.61815603 -1.23604596  2.33918004  2.01106982 -1.68942467] -248.44447985222382
[ 3.96981785  0.6096743  -1.19293868  2.34172635  2.01308843 -1.71453673] -248.4467163932733
[ 3.93525513  0.61464954 -1.22929354  2.32473355  1.99808438 -1.66723848] -248.444744763648
[ 3.93064497  0.62648784 -1.2317547   2.34290752  2.00229103 -1.6575688 ] -248.4452333447818
[ 3.92215492  0.62861293 -1.22783679  2.3146078   1.98250918 -1.68555416] -248.44436033895192
[ 3.9052202   0.63917412 -1.23284028  2.29858606  1.96514741 -1.69482719] -248.44382278221173
[ 3.93905939  0.61384438 -1.21427374  2.30357772  1.98506964 -1.70741291] -248.44511899783012
[ 3.93695579  0.61700525 -1.21864398  2.31341017  1.98937499 -1.69495188] -248.4443485621768
[ 3.90961406  0.60824465 -1.24631799  2.32210248  1.98543802 -1.6786524 ] -248.44494846169889
[ 3.92078722  0.61326274 -1.23584945  2.32198677  1.98877495 -1.68111053] -248.44439126160228
[ 3.91602934  0.62192874 -1.25861272  2.319052    1.98481115 -1.69983845] -248.44430955962972
[ 3.91548096  0.62399596 -1.24216643  2.31643887  1.97905556 -1.71421843] -248.44446258784978
[ 3.91619496  0.62243611 -1.23745416  2.29441199  1.95539869 -1.70029683] -248.44530092160184
[ 3.9263808   0.61922605 -1.23639801  2.32798803  1.99715204 -1.69214271] -248.44413373609714
[ 3.89684513  0.63845465 -1.24244945  2.30118509  1.97586388 -1.70814505] -248.4441507512963
[ 3.91859186  0.62568789 -1.23276487  2.31096383  1.98798591 -1.67612018] -248.4451302870864
[ 3.91625869  0.62441894 -1.23981604  2.31507011  1.98128815 -1.70469387] -248.44424499881342
[ 3.9117761   0.64013985 -1.24040405  2.30311039  1.97577092 -1.71708918] -248.44490553637337
[ 3.91853444  0.61998202 -1.2369881   2.31726767  1.98552394 -1.6901052 ] -248.44422939586653
[ 3.88946708  0.63738959 -1.26372422  2.31297281  1.9738872  -1.70163228] -248.44477542695972
[ 3.92508361  0.62210134 -1.22991404  2.31330083  1.98550304 -1.69662198] -248.44414651567868
[ 3.91341162  0.63252363 -1.21418925  2.30541393  1.97868167 -1.69567355] -248.44527847922697
[ 3.91537491  0.62457746 -1.24750685  2.31564248  1.98327878 -1.69879723] -248.4442630857223
[ 3.91406605  0.62987491 -1.22529512  2.30882345  1.98021404 -1.69671477] -248.4447521679952
[ 3.91504769  0.62590183 -1.24195392  2.31393773  1.9825126  -1.69827661] -248.44429496052925
[ 3.9158005   0.62920009 -1.23461915  2.31328704  1.98114972 -1.69348495] -248.4444194882326
[ 3.91515191  0.63063773 -1.23137716  2.30594345  1.97532523 -1.69572459] -248.44461426967513
[ 3.90103267  0.63881439 -1.23764487  2.29988557  1.97050564 -1.70148612] -248.4438290487958
[ 3.91187732  0.62957807 -1.23491419  2.30792687  1.97533568 -1.69246619] -248.4447096661682
[ 3.91073945  0.63179653 -1.23632816  2.30682809  1.97321778 -1.69976053] -248.44474182573717
[ 3.91029756  0.63187579 -1.24017357  2.30711427  1.97421309 -1.69681221] -248.44349894558658
[ 3.90905394  0.63463019 -1.23419491  2.30408633  1.97400781 -1.69183989] -248.44332519062974
[ 3.90821119  0.63604703 -1.23312829  2.30271546  1.97440283 -1.68787957] -248.4435605395991
[ 3.90697494  0.6385327  -1.23536912  2.30170738  1.97144729 -1.69892546] -248.44348130182988
[ 3.9009747   0.6401047  -1.24023681  2.30227877  1.9701651  -1.69673402] -248.44378083867952
[ 3.89538416  0.64517721 -1.23886737  2.29126575  1.96067906 -1.70005668] -248.44466671743464
[ 3.91069642  0.63319437 -1.2356812   2.30778172  1.97603206 -1.69512788] -248.4448323204347
[ 3.90801444  0.63658145 -1.23478202  2.30289686  1.97272755 -1.69538267] -248.44338984519598
[ 3.90967575  0.63325299 -1.23718424  2.3056003   1.97411045 -1.69432605] -248.44313802454263
[ 3.90501432  0.63736745 -1.23721586  2.30318255  1.97208645 -1.69428696] -248.44356853091824
[ 3.90713707  0.63690216 -1.2335176   2.3013362   1.96957761 -1.69333354] -248.44351459159117
[ 3.9050433   0.63672229 -1.23591989  2.30198595  1.97225673 -1.69666301] -248.4435771898953
[ 3.91242722  0.63191514 -1.23440703  2.30868669  1.97757877 -1.69266242] -248.4447098444831
[ 3.90221905  0.6399037  -1.23653114  2.29767604  1.96734343 -1.69594828] -248.44395702396548
[ 3.90477109  0.63790656 -1.23600011  2.30042871  1.96990227 -1.69512682] -248.4436667472334
[ 3.90987518  0.63391228 -1.23493806  2.30593403  1.97501993 -1.69348389] -248.443174919878
[ 3.9112136   0.63415988 -1.23469101  2.3056928   1.97358654 -1.69088799] -248.4448824991049
[ 3.90658588  0.63608169 -1.23561267  2.30291267  1.97258918 -1.69521925] -248.4434600377509
[ 3.91176643  0.63308614 -1.23286064  2.30440624  1.97392439 -1.69357481] -248.44485705256594
[ 3.90670235  0.63629712 -1.23612705  2.30348848  1.97254594 -1.69410892] -248.44343836939586
[ 3.90949877  0.63334975 -1.23742872  2.30697002  1.97742268 -1.69478668] -248.44313737541864
[ 3.91067962  0.63157355 -1.23938428  2.30978694  1.98134522 -1.69551325] -248.44473499881306
[ 3.91102093  0.63325957 -1.235939    2.30674601  1.97602228 -1.69275678] -248.44480517955893
[ 3.90769464  0.63537616 -1.23569425  2.303871    1.97344745 -1.69460363] -248.44334950627524
[ 3.91123523  0.63273716 -1.23528035  2.30629771  1.97636602 -1.69403202] -248.4447806411294
[ 3.90783557  0.63540713 -1.23591538  2.30419078  1.97350096 -1.69408969] -248.4433211039416
[ 3.90986351  0.63206139 -1.23700317  2.30732064  1.97644221 -1.69232727] -248.44310639694
[ 3.91078804  0.62980136 -1.23811374  2.30953253  1.97829954 -1.69079957] -248.44472261200485
[ 3.91090626  0.63216175 -1.23652724  2.30749637  1.97672056 -1.69234752] -248.44479315211774
[ 3.90849755  0.63457256 -1.2359025   2.30477734  1.97426573 -1.69403961] -248.44327259467758
[ 3.9093615   0.63288851 -1.23859578  2.30751137  1.97624618 -1.69584451] -248.4430686898334
[ 3.90951528  0.63201766 -1.24079621  2.30922389  1.97736536 -1.69784682] -248.44299111009167
[ 3.91113978  0.63098175 -1.23850225  2.30908462  1.97804117 -1.69484708] -248.4446597237938
[ 3.90866162  0.63430078 -1.2365621   2.30541424  1.97463601 -1.69427904] -248.44322695373847
[ 3.91053249  0.63172573 -1.238735    2.30871037  1.97739982 -1.69497698] -248.4447159161831
[ 3.90900628  0.63386085 -1.23661062  2.3057606   1.97504925 -1.69427395] -248.44319857913624
[ 3.9104833   0.63185086 -1.23809158  2.30818892  1.97716729 -1.69473585] -248.44477687061394
[ 3.90911704  0.6336883  -1.23694447  2.30610791  1.97526883 -1.69439324] -248.44317660339928
[ 3.91017556  0.63223327 -1.23815433  2.30795833  1.97682724 -1.6947807 ] -248.44302586432164
[ 3.91041764  0.63192081 -1.23822377  2.30822783  1.97712713 -1.69479056] -248.4433533586305
[ 3.90944219  0.63324643 -1.23726429  2.30663789  1.97573341 -1.69449257] -248.44312898657108
[ 3.90951517  0.63147489 -1.24100559  2.30863633  1.97761385 -1.69603614] -248.44299773804593
[ 3.90966108  0.63154147 -1.2400332   2.30998206  1.97969113 -1.69576401] -248.44302107709902
[ 3.90989216  0.63084195 -1.24065688  2.30961636  1.97713505 -1.69562916] -248.44295747889504
[ 3.91008886  0.62958805 -1.24227096  2.31093952  1.97699124 -1.6960504 ] -248.44462456949313
[ 3.91009873  0.63014378 -1.24195216  2.31094131  1.97929154 -1.69630213] -248.4446404043429
[ 3.90960633  0.63247077 -1.23843626  2.30771375  1.97662294 -1.69494496] -248.44306942735378
[ 3.90959169  0.63146528 -1.24269099  2.31038961  1.97864298 -1.69933999] -248.44293077724006
[ 3.90945577  0.63116723 -1.2455349   2.31192409  1.97974336 -1.70284635] -248.44288018465286
[ 3.90979868  0.63062139 -1.24362411  2.31139994  1.97950239 -1.6993561 ] -248.442891752732
[ 3.90910382  0.63032159 -1.2457293   2.31230256  1.98018981 -1.70104549] -248.44288877684693
[ 3.90943255  0.63060677 -1.24574913  2.31105233  1.97749215 -1.70182268] -248.44288980400225
[ 3.90955092  0.63038398 -1.24635791  2.31320339  1.97952886 -1.70347939] -248.44286639060553
[ 3.90956879  0.62983852 -1.24903407  2.31548692  1.98048637 -1.70720101] -248.44437467539288
[ 3.90956269  0.62929664 -1.2484212   2.31394233  1.98049851 -1.70354624] -248.44282877696116
[ 3.90958639  0.62793613 -1.25223369  2.31630155  1.98206509 -1.70639595] -248.44456183531537
[ 3.90907599  0.62995725 -1.25114863  2.31499186  1.98184998 -1.70840292] -248.44297347775162
[ 3.90968812  0.63062078 -1.24327982  2.31096023  1.97831378 -1.6988226 ] -248.44290451471375
[ 3.90928003  0.63017842 -1.24852569  2.31364798  1.98067125 -1.70520948] -248.44285303444997
[ 3.90899658  0.63003015 -1.24981527  2.31395762  1.97987226 -1.70662711] -248.4428853180442
[ 3.90921739  0.62985257 -1.24904562  2.31527366  1.98267587 -1.70576201] -248.4429329225517
[ 3.90937876  0.63041822 -1.24657325  2.31210766  1.97878808 -1.70280751] -248.44287006405332
[ 3.90963776  0.63016996 -1.24934678  2.31395846  1.97951096 -1.70712653] -248.44464845112606
[ 3.90923731  0.63028368 -1.24663367  2.31271654  1.9800201  -1.70256575] -248.44288003733348
[ 3.90982525  0.63054591 -1.24420027  2.31188971  1.9798778  -1.70019113] -248.44287114970322
[ 3.90948921  0.62920172 -1.24803577  2.31391178  1.9800515  -1.70308682] -248.44283826408633
[ 3.90979164  0.62972461 -1.24740436  2.31351775  1.97978523 -1.7035411 ] -248.44456052195846
[ 3.90937589  0.63014391 -1.24682634  2.31291684  1.97996138 -1.70280959] -248.4428612364917
[ 3.90905392  0.62932839 -1.25071312  2.31468695  1.9799554  -1.70678854] -248.4428696139085
[ 3.90939213  0.6290928  -1.24972009  2.31532876  1.98143422 -1.70549918] -248.44282813183833
[ 3.90939881  0.6284301  -1.25129351  2.31693931  1.98275729 -1.70684501] -248.44456195054545
[ 3.9098297   0.6301041  -1.24524922  2.31296341  1.98075985 -1.70108835] -248.4448882602112
[ 3.90924786  0.62952232 -1.24934714  2.31425606  1.98015651 -1.7053635 ] -248.44293091384841
[ 3.90947741  0.62919472 -1.24907064  2.31463555  1.98096637 -1.70452271] -248.44291693021242
[ 3.90944067  0.62914726 -1.24887793  2.31462027  1.98074286 -1.704293  ] -248.44282562916155
[ 3.90933608  0.62963561 -1.24912289  2.31448837  1.98105273 -1.70535433] -248.44293179199732
[ 3.90938401  0.62961836 -1.24827321  2.3141228   1.9806978  -1.70415438] -248.44293471816587
[ 3.90947152  0.62973839 -1.248039    2.31426608  1.98048154 -1.70448928] -248.44292350950357
[ 3.90922302  0.6292106  -1.2502166   2.31500786  1.98069481 -1.70614386] -248.44284504227505
[ 3.90939627  0.62905477 -1.25007584  2.31532616  1.98109304 -1.7059464 ] -248.4428269827764
[ 3.90946426  0.6288439  -1.24954381  2.31523985  1.98075155 -1.70494381] -248.44442271344124
[ 3.90936812  0.62943769 -1.24922812  2.31467624  1.98097744 -1.7052517 ] -248.44291892708932
[ 3.90929435  0.62864089 -1.25102407  2.31559887  1.98148804 -1.706063  ] -248.4428335314246
[ 3.90937316  0.628676   -1.2504336   2.31549625  1.98116234 -1.70557101] -248.44315159521852
[ 3.90936938  0.62924726 -1.24952949  2.31488124  1.98102366 -1.70533153] -248.4428307108035
[ 3.90922786  0.62893647 -1.25074403  2.31561884  1.98119251 -1.70656961] -248.44284132331643
[ 3.90948386  0.62882922 -1.24977388  2.31545019  1.98162997 -1.70509038] -248.44457307946968
[ 3.90928823  0.62911525 -1.25010592  2.31511844  1.9809286  -1.70588049] -248.44283748055574
[ 3.90949914  0.62916294 -1.24903375  2.31467241  1.9810443  -1.70443492] -248.44306514917452
[ 3.90929568  0.62899309 -1.25031646  2.31538223  1.98115546 -1.70603594] -248.4428353177597
[ 3.90944126  0.62894344 -1.24974204  2.31526074  1.98138383 -1.70517586] -248.44312776451247
[ 3.90932649  0.6290723  -1.25001495  2.31515402  1.98104241 -1.70570433] -248.44282861851607
[ 3.90944408  0.62909201 -1.249431    2.31492088  1.98111929 -1.70490987] -248.44282444239397
[ 3.90951827  0.62914146 -1.24898826  2.3146902   1.9811012  -1.70434684] -248.44291295557784
[ 3.90949532  0.62959458 -1.24819236  2.31447824  1.98066379 -1.70449844] -248.4429220992718
[ 3.90934459  0.62887931 -1.25031614  2.31531871  1.98128198 -1.70567186] -248.4428234757474
[ 3.90941202  0.62886555 -1.24994916  2.31534169  1.98121427 -1.70534335] -248.44286683461556
[ 3.90938004  0.62915184 -1.24963441  2.31499635  1.98107132 -1.70533448] -248.44283594022508
[ 3.90939433  0.62898566 -1.24987357  2.31511979  1.98120063 -1.70529086] -248.44282636764746
[ 3.90939263  0.62901329 -1.24959704  2.31496949  1.98101242 -1.70498243] -248.44283387450974
[ 3.90937043  0.62896704 -1.25019599  2.31532244  1.98118751 -1.70580913] -248.44284617964007
[ 3.90936836  0.62898606 -1.25001812  2.31532374  1.9813581  -1.70558552] -248.44283572914244
[ 3.90933554  0.62897581 -1.25016555  2.31523636  1.98116219 -1.70568809] -248.44283113401505
[ 3.90935699  0.62906329 -1.24992282  2.31509998  1.98115282 -1.70550169] -248.44283708390083
[ 3.90936038  0.62900076 -1.24976842  2.31503359  1.98120187 -1.70509769] -248.4428292379282
[ 3.90937496  0.62888367 -1.24999013  2.31523392  1.98125291 -1.70527046] -248.44282515331432
[ 3.90936579  0.62892677 -1.2498855   2.31498022  1.98101257 -1.70508161] -248.4428296655503
[ 3.90933257  0.62887071 -1.25040273  2.31533804  1.9813583  -1.70571777] -248.44284056206834
[ 3.90937761  0.62897764 -1.24979846  2.31506163  1.98109889 -1.70516626] -248.4428408125809
[ 3.90935978  0.62888149 -1.25015314  2.31527632  1.98126744 -1.70547116] -248.44282196588378
[ 3.90936946  0.62893249 -1.25009486  2.31521925  1.9812413  -1.70548136] -248.44283248679855
[ 3.90935249  0.62894004 -1.25004228  2.31517615  1.98124192 -1.70538477] -248.44282724377734
[ 3.90935519  0.62890304 -1.25010082  2.31514947  1.98114727 -1.70537674] -248.4428373153308
[ 3.90934007  0.62892756 -1.25024085  2.31527754  1.98122208 -1.70567998] -248.44284795119057
[ 3.90936861  0.6289463  -1.24995659  2.3151441   1.9811472  -1.70532714] -248.44283255443068
[ 3.90937664  0.6289     -1.24998043  2.31515046  1.98122029 -1.70522437] -248.44283066218205
[ 3.90936867  0.6289235  -1.25008033  2.31527887  1.98131944 -1.70547682] -248.4428171984721
[ 3.9093754   0.62893372 -1.25007008  2.31534357  1.98140552 -1.70552686] -248.44282275309155
[ 3.90935526  0.62887264 -1.2502658   2.31532915  1.98137693 -1.7055763 ] -248.44282848911115
[ 3.90934968  0.62886651 -1.25018452  2.31529063  1.98132803 -1.70545373] -248.44282500598428
[ 3.90933351  0.62888783 -1.25036697  2.31540615  1.98138496 -1.70578718] -248.44283148668507
[ 3.90936586  0.62889696 -1.25007707  2.31521438  1.98126146 -1.70536507] -248.44281571479888
[ 3.90935842  0.62892329 -1.25001869  2.3151892   1.98118983 -1.70536483] -248.44282979350783
[ 3.90935605  0.6288853  -1.25020402  2.31529416  1.98133015 -1.70552344] -248.4428159722632
[ 3.90936239  0.62883765 -1.25029612  2.31538154  1.98135424 -1.70560258] -248.44283772244003
[ 3.90935496  0.62891444 -1.25010574  2.3152275   1.98127    -1.70543923] -248.4428315712572
[ 3.90936096  0.62889113 -1.25014055  2.31525427  1.9812958  -1.70544425] -248.442818953685
[ 3.90936726  0.62891023 -1.2500787   2.31524662  1.98129045 -1.70542094] -248.44281610665098
[ 3.90936282  0.62888922 -1.2501151   2.31524535  1.98126445 -1.70541811] -248.44281761693966
[ 3.90935523  0.62888813 -1.25019661  2.31526655  1.98127172 -1.70551846] -248.44283399234283
[ 3.90935777  0.62888173 -1.25013079  2.31525251  1.98129474 -1.7054094 ] -248.4428351089667
[ 3.90935917  0.6289185  -1.25005967  2.31519527  1.98125169 -1.70537492] -248.44283401632367
[ 3.909366    0.62891632 -1.25009177  2.31522164  1.98125045 -1.70543786] -248.44281768884127
[ 3.90936687  0.62887884 -1.25017359  2.31528767  1.98129308 -1.70549331] -248.442836604263
[ 3.9093611   0.62890858 -1.25008815  2.31521837  1.98126204 -1.70540452] -248.44282957524385
[ 3.90937277  0.62891601 -1.25000051  2.31520033  1.98126983 -1.70531179] -248.44281611229687
