[ 4.97170115e-01 -9.57952411e-01  1.31183225e+00  3.22233413e-01
  1.56230718e-04  8.19297399e-01] -249.68584367947633
[-1.71909656 -0.72668199  0.2326779  -0.344027   -0.04808387  1.7608232 ] -275.1001229536475
[-0.13542662 -1.30036431 -0.96681633 -1.08209174 -1.01693921 -0.41949119] -261.21485031210557
[-2.10288971 -0.62863716 -0.59792209  1.5395784   0.88557592  0.0286109 ] -292.308216109942
[-0.40294881  2.32056085 -1.76311882  0.39492734 -0.87162438 -0.41257319] -267.9119800551654
[ 1.55710121  0.91177907  0.07440296  1.46732575 -1.31990628  0.14111309] -250.06006868565956
[ 0.30504938  1.8672984   2.40666059 -0.28330186  0.86253354 -0.85728481] -268.02120841639544
[ 2.13683928  1.33351703  1.0298016  -1.3812231  -1.68353058  0.31535061] -257.03115568267594
[ 3.03835808  2.11829487  0.46490952  0.15665027 -1.29501969 -1.8986859 ] -252.79473817843967
[ 1.92531505 -0.39202003 -2.35632352  0.24257584 -2.92482151  0.37228842] -272.54853522938004
[ 0.71011579  1.30246879  1.21591456 -0.15183244 -0.08430522 -0.5498915 ] -252.65881778166622
[ 3.00433476 -1.18464651  2.80646701 -0.61790663 -0.92822387 -0.11819598] -246.47600633493408
[ 4.70797654 -2.93725019  5.09125993 -1.12432361 -0.95652362  0.02899263] -261.7575140692578
[ 3.7833997   2.47485126  3.26792563  1.01384083 -0.75333726 -0.01084624] -249.7738078850997
[ 2.05998727  0.22141466  2.01734904  2.11132683  0.22331855 -0.85442032] -241.44134483283838
[ 2.02156127 -0.33463653  2.51112276  3.85760179  1.17674311 -1.43930578] -250.60337372984264
[ 0.83234487 -1.19565658  3.09972096  1.22501232  0.3409204   1.70770471] -253.65968186821428
[ 2.48685478  1.28980701  1.12361238  0.42374078 -0.88603467 -0.99708825] -244.515620949439
[ 3.75283349 -0.3840511   2.31794853  1.72535276 -1.13703721  0.20984474] -243.5965971296704
[ 3.63775882 -0.42530477  4.20730865  0.19220358  0.1595202  -0.45824931] -245.0257672867086
[ 1.36291337 -2.95509563  1.32691366  0.37180942 -0.102763   -0.45542433] -244.20409036167132
[ 4.93772405 -0.18800637  3.28803418  1.07994217 -0.8905629  -1.71047521] -249.15052142608775
[ 3.82758557 -0.38049288  2.7939837   0.89051498 -0.66788311 -1.07803206] -241.07506834706558
[ 2.70497634  0.30673894  1.78923831  2.52288941  0.12459746 -1.0929272 ] -241.15013873912193
[ 1.76062478 -0.20858824 -0.41762678  2.48967448 -0.97478753 -0.96443316] -250.24374812342967
[ 3.16847531 -0.37112564  3.0510748   0.76657131 -0.12405673 -0.58479527] -239.3095332820311
[ 3.13873567 -2.47734422  3.30855696  2.37241412  0.32475998 -0.28816323] -236.57553579769439
[ 3.46467612 -4.36091984  4.40102926  3.34675079  0.93015731  0.06629927] -241.42330421666756
[ 4.85461784  1.92680889  3.76580345  3.09121372 -0.31600403 -0.77407345] -271.46192790047644
[ 2.23583949 -1.7346195   1.93663611  1.05166049 -0.15607325 -0.53508661] -238.11284106026505
[ 1.95903307 -1.09442512  2.64766444  1.51310629  1.04525818 -1.68765297] -245.01237634924144
[ 3.30438338 -0.5616446   2.40037751  1.67229114 -0.59146337 -0.26452969] -238.42285184236744
[ 4.06667798 -1.96091063  3.07594009  0.98078699 -0.58669156 -0.4267577 ] -239.9312153172142
[ 3.87558946 -2.8021181   3.73295141  0.05519026 -0.7250668   0.03380568] -246.5172784139036
[ 2.99762962 -0.47047532  2.27516659  1.90596462 -0.08781861 -0.81124398] -237.16582729898906
[ 2.47632826 -2.14488043  2.55526699  2.02604791  0.2607686   0.1078399 ] -236.769719872002
[ 1.70711926 -0.62578594  2.0997529   2.28419621  0.46206377 -0.36523526] -241.55311489959118
[ 3.4767883  -1.62712946  2.83189329  1.30663929 -0.32450273 -0.41137709] -237.09435716488449
[ 2.70809293 -2.63423888  2.05155769  2.67843456 -0.06738639 -0.14939163] -236.36982238325726
[ 2.47790174 -3.7657955   1.55179913  3.63436618 -0.03905122  0.06831019] -240.84987991600647
[ 2.37342138 -3.13458467  2.5859817   2.10809586  0.57471257 -0.43127786] -238.99184263234673
[ 3.07164288 -1.20487962  2.44677856  1.78124232 -0.29991938 -0.30621673] -236.40100992665646
[ 3.7205664  -1.78502981  3.21977058  2.97192045  0.09137375 -0.08443098] -238.28646221426825
[ 2.60702122 -1.74722208  2.25741973  1.53172548 -0.0942115  -0.4224227 ] -236.4790779940973
[ 2.82857347 -3.47475624  2.87532448  1.99286994  0.02098814  0.32133348] -237.90433098084404
[ 2.95536558 -1.22154555  2.42520606  1.92769095 -0.06061692 -0.52809961] -236.01553905787034
[ 2.17560721 -2.18290747  2.18303537  2.79921249  0.34563419 -0.11744091] -237.80036738489042
[ 3.15149303 -1.76607396  2.66967881  1.67978259 -0.1569685  -0.33789305] -236.0249699942186
[ 3.40112218 -1.53888768  2.49779895  1.9643821  -0.37888284 -0.78523555] -237.47598800138456
[ 2.70752674 -1.99338224  2.54089998  2.01063146  0.10085574 -0.11542896] -235.93520640555136
[ 2.59497845 -1.04510322  1.48862331  1.49742167 -0.51750897 -0.33165433] -236.82641573112073
[ 3.00279637 -2.11928397  2.85357355  2.15366601  0.11419275 -0.29903601] -235.93796325102076
[ 3.25861796 -1.89924599  2.73847849  2.54542381 -0.0290694  -0.15626596] -236.2336283135017
[ 2.85632132 -2.67304391  2.64635297  2.55063414  0.26692181 -0.22248834] -235.90040290281203
[ 2.74866054 -3.40712606  2.74614017  2.93533005  0.5503424  -0.18062415] -237.13790914450178
[ 3.26928074 -1.25661967  3.23983893  1.61084176  0.14582488 -0.40367901] -236.8526898871061
[ 2.84838988 -2.28983408  2.348628    2.41153636 -0.01408357 -0.21296348] -235.75487753597332
[ 2.58201302 -2.12180858  2.42296797  1.69922335  0.11250317 -0.41570385] -236.6587472945503
[ 3.08946672 -1.95488664  2.65960086  2.3338737   0.00632374 -0.22112543] -235.71157411068359
[ 2.66846251 -2.31791817  2.48840833  2.78289495  0.29483301 -0.19515423] -236.3794174865336
[ 3.0307354  -1.90403501  2.62436119  1.95556068 -0.04401812 -0.30220834] -235.69987875683975
[ 2.88971323 -3.08994307  2.79926612  2.54427649  0.20401437  0.07034943] -236.3939560732265
[ 2.93895249 -1.68864493  2.51872107  2.08183734  0.0055409  -0.37848735] -235.69579032930142
[ 2.82100115 -2.0486583   2.25928114  2.29435855 -0.00701258 -0.18519796] -235.43514553574377
[ 2.73010354 -2.01334546  1.96213493  2.36470482 -0.06761524 -0.12827894] -235.43191386471662
[ 3.12379638 -2.18121444  2.37903303  2.55541755 -0.04983257 -0.37308833] -236.00159043758072
[ 2.81159415 -2.04034029  2.50043324  2.14682798  0.06318367 -0.17984381] -235.63245574170617
[ 2.96009274 -1.29065156  2.22494013  1.88081282 -0.28381135 -0.25181411] -236.06498537500173
[ 2.88226418 -2.32744582  2.54099976  2.38317881  0.12923852 -0.22981978] -235.60739322436314
[ 2.97931561 -1.68639864  2.58678902  2.01045808  0.04496806 -0.26695774] -235.50488968978686
[ 2.70152174 -1.93185008  2.25154555  1.98031554  0.03744219 -0.27407322] -235.562538565114
[ 2.65051517 -1.99197339  2.16251333  2.36688018  0.11493749 -0.18361194] -235.5050302514407
[ 2.6461523  -2.30847297  2.14941753  2.3356178   0.10184399 -0.04237446] -235.40169043266638
[ 2.49975221 -2.61838698  1.96476576  2.46250803  0.14999554  0.12568199] -235.6254997331975
[ 2.71836336 -2.04615517  2.05070013  2.3335571   0.057088   -0.19519489] -235.21038617307912
[ 2.67174797 -2.04906261  1.82583358  2.42692165  0.05404017 -0.20287044] -235.13789861867957
[ 2.57752127 -1.66625523  1.77174489  2.11178722 -0.03403296 -0.1362358 ] -235.2431902740994
[ 2.71693022 -1.97331935  1.90126555  2.55847438  0.03393832 -0.04603655] -235.34491289870238
[ 2.79007514 -1.90697802  1.90321517  2.23577447 -0.0705567  -0.09063937] -234.98793030232045
[ 2.85985512 -1.86448034  1.77356609  2.17022162 -0.1633038  -0.04415308] -234.88246896520332
[ 2.42145453 -2.27191334  1.20786517  2.64545108 -0.07001124  0.06697466] -235.79633379561986
[ 2.83985034 -1.83277732  2.24205806  2.16920633  0.01622324 -0.18347464] -235.19277675037856
[ 2.70724887 -1.88477714  1.92582697  2.22603818  0.07051822 -0.09010272] -234.84182092203125
[ 2.69582153 -1.82049298  1.90767299  2.15670486  0.13958496 -0.0710146 ] -234.70266036602953
[ 2.80775651 -1.42698964  1.65796285  2.19548755 -0.08636068 -0.18555391] -234.9355148704665
[ 2.76725403 -1.58003335  1.82501394  1.85163537 -0.05855468 -0.22839761] -234.89603049815696
[ 2.96990723e+00 -1.85835685e+00  1.97229094e+00  2.21160525e+00
  1.24270040e-03 -1.68918964e-01] -234.53000717171733
[ 3.16610021 -1.95440766  2.07256397  2.26151426  0.01888053 -0.18526055] -234.36112884665485
[ 2.81632811 -1.73237821  1.44547975  2.18495544 -0.04812774 -0.12227542] -234.31242027641807
[ 2.804567   -1.68217865  1.04719059  2.19282999 -0.08030323 -0.0916758 ] -234.14268614876698
[ 3.02870349 -1.39379827  1.60215656  1.84920956 -0.13072581 -0.06581475] -234.24891130758755
[ 2.96634395 -2.00480745  1.75142519  1.96521767 -0.00511332 -0.04321822] -234.1800970485714
[ 3.07320974 -1.9933551   1.55984452  2.34693062 -0.01510554  0.06135194] -233.8722338717007
[ 3.2261876  -2.20001598  1.42725982  2.59457825  0.00661902  0.20622671] -233.84142351746738
[ 3.10271947 -1.82075333  1.49585695  2.16979658  0.14628452 -0.03943265] -233.3408528595369
[ 3.22415165 -1.79888983  1.35700238  2.16958405  0.30107868 -0.03707244] -232.94755606591008
[ 3.44286311e+00 -1.85753963e+00  1.17819318e+00  2.18760640e+00
 -1.02772997e-01 -1.25707946e-03] -233.73254951935635
[ 3.06483872 -1.6913356   0.71517861  2.05816105 -0.02261975  0.17432335] -233.34225790428624
[ 3.21428051 -2.35112411  0.8899267   2.54011624  0.16302194  0.13492359] -233.18517131299495
[ 3.35928558 -1.85555382  0.4534919   2.61574099  0.09345454  0.17170766] -233.4855287633748
[ 3.70596872 -2.23597433  0.95982694  2.529099    0.2265637   0.30795974] -232.9655420535836
[ 3.44427517 -1.73012313  0.42394675  2.10552433  0.21295635  0.04396823] -233.12636653726796
[ 3.22807035 -2.03012731  0.42159792  2.48513549  0.42759148  0.26652712] -232.68221706578572
[ 3.12067397 -2.11642115  0.04330028  2.63390003  0.69277372  0.40041923] -233.12511877840188
[ 3.26790946 -2.09030428  1.13566786  2.01346573  0.34274292  0.12516887] -233.3318099741756
[ 3.63004657 -2.38751206  1.01414424  2.55614723  0.58060478  0.10616835] -232.69997798807861
[ 3.5476882  -2.08761264  0.55314712  2.78173639  0.29452939  0.14898933] -233.1385893778984
[ 3.71245304 -1.73895566  0.68662842  2.33562593  0.51808618  0.14392319] -232.58637271598397
[ 3.9615393  -1.43287143  0.58497928  2.23338077  0.69561831  0.14842298] -233.07186892812535
[ 3.43396697 -1.88624813  1.06790177  1.94530229  0.46109767  0.12816873] -233.43187047698734
[ 3.51925789 -2.03727151  0.68183578  2.57262786  0.33617146  0.14378418] -232.68119082960504
[ 3.56237424 -2.34612044  1.28306514  2.77721552  0.58374241  0.26646182] -232.3739513987326
[ 3.62142377 -2.65411909  1.71262434  3.11306112  0.76913544  0.37770861] -232.66142445052725
[ 3.25281585 -1.8769846   0.85493102  2.43634636  0.68919463 -0.01136233] -232.69274332186706
[ 3.74418766 -2.3401007   0.29039846  2.88478208  0.74405164  0.34223988] -232.83860136941976
[ 3.61417866 -2.20479798  0.55704944  2.70598257  0.6333084   0.2474118 ] -232.51097657642268
[ 3.33300344 -1.69057377  0.48089166  2.54816401  0.48209341  0.24608024] -232.36961819112634
[ 3.18448188 -1.34210463  0.21426537  2.5441724   0.43283773  0.31603619] -232.63255805055377
[ 3.73696335 -2.13896429  0.5154251   2.70523744  0.30446982  0.44942512] -233.03160571841565
[ 3.37385273 -1.94247952  0.77005454  2.50356913  0.59301342  0.10383453] -232.42306019943655
[ 3.81030299 -1.95660565  1.06491041  2.66259286  0.62121361  0.11730479] -232.26244716239458
[ 4.10141931 -1.91984482  1.38656666  2.75132154  0.71802467  0.04269363] -232.43936061815862
[ 3.61613047 -1.92257283  0.93236409  2.60508881  0.80764769  0.23122128] -232.26328374974702
[ 3.3908278  -2.28209441  1.00948334  2.93191171  0.72225346  0.26018163] -232.31391134540328
[ 3.4146519  -1.84201756  1.28987362  2.63686477  0.63667961  0.16094963] -232.21123513018037
[ 3.31488852 -1.66062735  1.65628571  2.60230587  0.63836521  0.11771854] -232.55628242955962
[ 3.66857755 -2.0708487   1.25014155  2.8837101   0.69152997  0.32356527] -232.07386956472348
[ 3.81593996 -2.13503328  1.49018505  3.07378058  0.74078824  0.43343064] -232.2190249275537
[ 3.51545715 -1.57545054  0.72615642  2.64556189  0.73673017  0.17997246] -232.067689384306
[ 3.4919986  -1.19011559  0.44770205  2.57973508  0.81322405  0.13672779] -232.2750099269348
[ 3.80564584 -2.19262279  1.61008482  2.90707937  0.92325809  0.17831811] -232.19218662435466
[ 3.88609416 -1.57127828  1.28169363  2.51505422  0.75009958  0.13692888] -232.14631412314708
[ 3.75077939 -1.81370167  1.47525606  2.81186559  0.64552266  0.13445844] -232.2017639126323
[ 3.53676568 -1.73203419  1.47949162  2.80411913  0.84005975  0.25409281] -232.0550193789755
[ 3.39999702 -1.61974846  1.68678222  2.87488226  0.94948282  0.32248681] -232.408274082703
[ 3.97312136 -1.80996116  1.31773441  2.88559866  0.89238714  0.2414957 ] -231.94892686858861
[ 4.25235609 -1.79393296  1.3316648   3.00996561  1.0202409   0.28176873] -232.14986284222098
[ 3.71110786 -1.83703021  1.07984475  2.73517553  0.96583225  0.30366597] -232.10196975518994
[ 3.62472874 -1.33957824  0.76826931  2.58266048  0.70228819  0.30158891] -231.993630553671
[ 3.45715861 -1.8836894   0.92551906  2.99722104  0.85950957  0.39786482] -231.9947149799076
[ 3.54749517 -1.63349053  1.07592603  2.86444824  0.60833602  0.26252736] -232.18212991125966
[ 3.67020469 -1.78614529  1.07886507  2.76749371  0.87645819  0.29338132] -231.93483830004482
[ 3.59056786 -1.30477091  0.84853708  2.67717487  0.94428103  0.23256674] -232.03532475741318
[ 3.76872517 -1.70994253  1.41331576  2.92586073  0.96826445  0.39369097] -231.80971503812935
[ 3.89535918 -1.77718852  1.75689544  3.06601016  1.08403159  0.50055022] -231.9013025065088
[ 3.82473646 -1.54599498  0.63792194  2.80788404  0.90766978  0.36610335] -231.9885916830455
[ 3.84899048 -2.05366629  1.19867144  2.97839801  0.79124474  0.43214161] -231.99842020305104
[ 3.78438483 -1.86644244  1.11113785  2.90309223  0.82950381  0.3822479 ] -231.8686143854297
[ 4.09147513 -1.46899882  1.18356239  2.62697558  0.86601428  0.26163789] -232.1176253524501
[ 3.61573774 -1.78001675  0.99002989  2.90465967  0.86113575  0.36380809] -231.85982305107348
[ 3.92090801 -2.15992281  1.41473233  3.1488692   1.07618485  0.37865352] -231.98127356723094
[ 3.75295747 -2.15814868  1.8040165   3.03730737  0.92697495  0.31832248] -232.19766498373866
[ 3.80679171 -1.69903341  0.92944558  2.86523987  0.91249607  0.35415813] -231.85161127949365
[ 3.61874716 -1.39059105  0.86544385  2.60177909  0.70389696  0.29760718] -231.95581620921718
[ 3.69428737 -1.58292399  1.00276597  2.73855162  0.79696893  0.31786876] -231.85837452852974
[ 3.47358914 -1.66487364  0.8574523   2.81603395  0.8558886   0.46022269] -231.94203479469468
[ 3.5984722  -1.70114552  0.97252283  2.83342513  0.86501323  0.40554094] -231.8548277255683
[ 3.75259499 -1.66035626  1.06087422  2.95611604  0.86800256  0.44572361] -231.78918840842715
[ 3.79379014 -1.59746174  1.0518788   3.05042721  0.86377475  0.52189476] -231.85981124008563
[ 3.62781823 -1.51136371  1.0118469   2.83819213  0.92778985  0.3780156 ] -231.82094080936704
[ 3.80049214 -1.50823838  1.1402272   2.81446883  0.91837595  0.40119125] -231.76887328986962
[ 3.89286935 -1.3723492   1.21532586  2.76937341  0.94699605  0.41988283] -231.78754907554557
[ 3.75734411 -1.68043595  1.17331153  3.00588263  1.02301178  0.47490474] -231.74283121327852
[ 3.78887248 -1.72919192  1.2585843   3.13954813  1.1360332   0.55342273] -231.7524896369402
[ 3.90611659 -1.55531122  1.27048424  2.96849495  1.00763365  0.41035383] -231.7416480062304
[ 4.05993878 -1.48239407  1.41946494  3.03602986  1.07894387  0.41276027] -231.79358746181865
[ 3.73090536 -1.50951594  1.42724104  2.97109857  0.99186335  0.48046854] -231.79725129041435
[ 3.94424122 -1.69656972  1.48330442  3.04244846  0.99792739  0.49076204] -231.7867493937284
[ 3.86183964 -1.49353329  1.10516512  2.99364243  0.96734044  0.5074437 ] -231.7282554190789
[ 3.90839687 -1.38532868  0.9510898   3.02753327  0.96687843  0.56432007] -231.79427168786904
[ 3.9433042  -1.68863233  0.98388121  2.95591921  0.93556725  0.42965785] -231.84778883947772
[ 3.78400507 -1.55429504  1.31640108  2.96730373  0.97778932  0.46776587] -231.74118726446622
[ 3.9320846  -1.50243828  1.43542364  2.97463096  1.09602362  0.47175019] -231.74430833471655
[ 3.73638616 -1.40151433  0.99703318  2.86569272  0.99879753  0.42037449] -231.77550973632526
[ 3.78834993 -1.47527818  1.11860099  2.90988165  0.99857999  0.43797137] -231.73347180041702
[ 3.87608783 -1.57885894  1.33290166  3.12547662  1.10508365  0.52220532] -231.73215625004886
[ 3.72582979 -1.6101326   1.00353123  3.01559637  0.93045599  0.46846475] -231.77577265122525
[ 3.8805209  -1.52936186  1.32745054  2.98487232  1.05463171  0.47092883] -231.71946463246377
[ 3.94162921 -1.3817769   1.31702301  2.97734127  1.01400781  0.4639849 ] -231.7448987771946
[ 3.80341538 -1.60577118  1.2092394   2.99874729  1.02076079  0.47217478] -231.72258704111943
[ 3.758623   -1.52372161  1.19943536  3.02481306  1.03376165  0.5491428 ] -231.71731631167742
[ 3.6848762  -1.5079268   1.16391092  3.05297211  1.04682564  0.61853728] -231.75217924195508
[ 3.87227382 -1.51454665  1.11452994  3.04517406  1.08226342  0.5188564 ] -231.70206210485918
[ 3.9164082  -1.49467245  1.01359437  3.08410922  1.13450047  0.54440167] -231.7207592937302
[ 3.8959036  -1.60665299  1.31097302  3.1476936   1.08936723  0.57561257] -231.73305503490968
[ 3.86901518 -1.57380929  1.26288001  3.08824061  1.06667042  0.54120227] -231.71186634681303
[ 3.80580814 -1.50138903  1.07333179  2.91968663  0.97005916  0.49771094] -231.71811439439952
[ 3.80137917 -1.58933324  1.29045723  3.0268689   1.10870861  0.50922831] -231.7388479020834
[ 3.84672452 -1.51748328  1.15148815  3.00194904  1.00268248  0.50788985] -231.70887895044163
[ 3.8742398  -1.44766605  1.16713253  3.02283129  1.04926216  0.55640225] -231.693305640678
[ 3.90965201 -1.36861349  1.1460791   3.03487329  1.06351285  0.59851599] -231.69830285180268
[ 3.79504059 -1.49684345  0.99548206  3.04935925  1.01360138  0.58613934] -231.71887613574023
[ 3.81641067 -1.50497305  1.07847418  3.03323752  1.02385897  0.55733671] -231.70465561435807
[ 3.87328752 -1.52601095  1.25131493  3.15239522  1.11610721  0.57923249] -231.72372830840342
[ 3.82267799 -1.50754451  1.11782758  2.97786378  1.00657117  0.51809133] -231.70362317905273
[ 3.94182433 -1.498286    1.09800877  3.03161904  1.04334123  0.51745014] -231.72506706138697
[ 3.80442333 -1.51736271  1.17407871  3.02651455  1.03615654  0.54121963] -231.70296954527333
[ 3.80990153 -1.42938279  1.00496368  2.94761613  1.00026116  0.52539646] -231.71579712042342
[ 3.85423677 -1.53770267  1.19840093  3.05308449  1.0500681   0.53725082] -231.70186891319588
[ 3.83469627 -1.4924486   1.13199314  3.05095285  1.08004431  0.56849586] -231.6939210626079
[ 3.87110533 -1.50078401  1.22284677  3.02556949  1.07759627  0.52276872] -231.69725901042034
[ 3.88098045 -1.49595905  1.21849976  3.09684513  1.1185591   0.56357323] -231.69747338060102
[ 3.92475415 -1.4790063   1.17705565  3.07163788  1.11644125  0.54789613] -231.6969002968294
[ 3.8743971  -1.46997558  1.25744632  3.06179966  1.08172697  0.57993927] -231.69462095827
[ 3.89915427 -1.42424386  1.19325713  3.05679427  1.12447525  0.57577434] -231.6914482400896
[ 3.92161302 -1.36751446  1.19068523  3.05864916  1.16167882  0.5950361 ] -231.69677364793404
[ 3.87846852 -1.44208242  1.16474408  2.99968335  1.0579563   0.55351896] -231.69020871372192
[ 3.87721255 -1.4151441   1.13786624  2.95110246  1.0276549   0.54849182] -231.69587004818604
[ 3.89079804 -1.41769026  1.14102952  3.06233028  1.09237247  0.60457355] -231.68901153320292
[ 3.9006444  -1.37614339  1.10012089  3.08071067  1.09976058  0.64547597] -231.69717574955197
[ 3.82583052 -1.41902929  1.17481193  3.01315935  1.04550458  0.59833862] -231.6920736746726
[ 3.85999871 -1.41107791  1.06687646  3.00678414  1.06814472  0.57242859] -231.6955390508162
[ 3.8707975  -1.45525116  1.20980385  3.04804578  1.07833141  0.5780616 ] -231.68995533274253
[ 3.91173328 -1.37620575  1.21826654  3.01666192  1.06925642  0.58706058] -231.6925821574936
[ 3.88468758 -1.39716819  1.20017182  3.04272703  1.10670331  0.60937363] -231.68633713146045
[ 3.88991146 -1.37191926  1.21669146  3.0526749   1.13542389  0.63585932] -231.68938645456367
[ 3.83817886 -1.47561598  1.14300624  3.05758477  1.09919136  0.58615299] -231.6920166687467
[ 3.92819774 -1.45165467  1.17585895  3.07589581  1.14083879  0.57081307] -231.69310131610965
[ 3.85142232 -1.42718563  1.17507368  3.02884346  1.06933813  0.59145723] -231.68844672730296
[ 3.92026388 -1.37892453  1.21835379  3.02188996  1.07720093  0.58476678] -231.69258532238126
[ 3.85870012 -1.45144312  1.16184313  3.04866106  1.09369375  0.58580644] -231.68840573345236
[ 3.84580376 -1.43936306  1.15763156  3.01996938  1.04165655  0.59848946] -231.6880739524278
[ 3.85560125 -1.42061806  1.18377377  3.08384231  1.10274224  0.63573501] -231.6925122924493
[ 3.8727517  -1.43671633  1.1695015   3.02072309  1.06915279  0.57407297] -231.68745312617213
[ 3.86392367 -1.40127103  1.12527988  3.02637232  1.07930759  0.60986283] -231.68635671694847
[ 3.83496501 -1.43335886  1.18880434  3.00010184  1.06091157  0.58511397] -231.69051166306653
[ 3.87683978 -1.42160741  1.15297322  3.04677317  1.08450725  0.59970866] -231.6868209723455
[ 3.88281321 -1.42200408  1.14739335  3.03956522  1.08900228  0.60098076] -231.68495873248892
[ 3.89850866 -1.4194133   1.13355319  3.0449261   1.09883436  0.60574253] -231.68660769190302
[ 3.88357312 -1.38793359  1.15580732  3.01671567  1.06308284  0.61168967] -231.6854128157928
[ 3.90905926 -1.38287048  1.1594108   3.04432279  1.12226214  0.60340671] -231.68939408795032
[ 3.86161763 -1.42523992  1.15807637  3.02605773  1.06180795  0.59971877] -231.68605015662635
[ 3.87839996 -1.38169175  1.14373249  3.04534729  1.09231762  0.6363718 ] -231.6851964269174
[ 3.87483194 -1.38349544  1.15718052  3.01882192  1.07956662  0.62295716] -231.68405868225892
[ 3.87382802 -1.36443946  1.15928417  3.0048463   1.0770963   0.63458142] -231.6844674680909
[ 3.89138414 -1.39790662  1.19550741  3.03670597  1.08485261  0.61716777] -231.68406652560108
[ 3.87285243 -1.40225561  1.11906067  3.01834424  1.05017333  0.62025502] -231.68607342928385
[ 3.87581122 -1.40098375  1.13933846  3.02443994  1.06430582  0.61753467] -231.68466700717173
[ 3.90065356 -1.36609849  1.15491014  3.03447427  1.09590132  0.6358485 ] -231.68411175176345
[ 3.88439156 -1.39612646  1.15688014  3.04973586  1.10556592  0.63193056] -231.6835808166979
[ 3.88480078 -1.4002229   1.15741654  3.06624596  1.12680746  0.642051  ] -231.6845746299782
[ 3.89156192 -1.40717987  1.17333752  3.0225671   1.08074724  0.60576801] -231.68318060774527
[ 3.89814289 -1.41992393  1.18814004  3.01117701  1.07496205  0.59046612] -231.68559105992145
[ 3.8900649  -1.36192613  1.17832471  3.02268313  1.08131089  0.6427548 ] -231.68337618566835
[ 3.90181813 -1.36992725  1.19937502  3.03722282  1.11167571  0.6346076 ] -231.68419251766292
[ 3.8953164  -1.37769138  1.18436588  3.0340271   1.09983324  0.63033937] -231.68335128724038
[ 3.87519672 -1.40867681  1.19362192  3.02703942  1.08139085  0.61445738] -231.6834866438093
[ 3.87907034 -1.38045874  1.15239615  3.02158555  1.09128564  0.63223465] -231.6835005936532
[ 3.89703534 -1.39385769  1.18912825  3.0403908   1.10047798  0.62953776] -231.68210418278548
[ 3.90813704 -1.39903881  1.20510212  3.05117524  1.11093366  0.63282806] -231.68340997270417
[ 3.89169031 -1.38047041  1.20017801  3.00636184  1.0727827   0.61976676] -231.68324985127953
[ 3.90121819 -1.39614202  1.22058928  3.02943758  1.08089533  0.61530671] -231.68571740236462
[ 3.8846073  -1.38437956  1.16944443  3.02354856  1.08868806  0.62800267] -231.68281080815325
[ 3.90822867 -1.35982487  1.17130435  3.02282009  1.09322252  0.63759907] -231.68482229152679
[ 3.88345471 -1.39646382  1.18804253  3.02598459  1.08434877  0.62024281] -231.6828866699585
[ 3.89115709 -1.41808811  1.18984083  3.02827686  1.0943151   0.60179766] -231.6834441816631
[ 3.89033795 -1.37596663  1.18120374  3.02408157  1.08456195  0.63251551] -231.68280614575414
[ 3.88424611 -1.40174795  1.18274561  3.01361772  1.07070232  0.61493847] -231.68229196859187
[ 3.8853908  -1.40606143  1.16112269  3.04370161  1.09705941  0.62390164] -231.68277203622833
[ 3.88346215 -1.37897916  1.18389156  3.03454118  1.09453226  0.64394494] -231.68264102177204
[ 3.89157184 -1.38386698  1.1678029   3.03397589  1.09432522  0.63737086] -231.68195073468405
[ 3.89563041 -1.37756856  1.15768309  3.03797154  1.09931345  0.64593489] -231.68190081192918
[ 3.89409362 -1.39368091  1.18248055  3.04121958  1.09352773  0.63558841] -231.6816829170943
[ 3.89883677 -1.39833158  1.1889986   3.05005509  1.09594756  0.63938128] -231.68326987355655
[ 3.88961486 -1.4079986   1.17114684  3.04639924  1.10064244  0.63209986] -231.68137532204173
[ 3.88925331 -1.42401459  1.1661184   3.05755808  1.10868268  0.63189204] -231.68132111742568
[ 3.89584951 -1.38388819  1.19289313  3.03139802  1.0920194   0.64337719] -231.68085536405522
[ 3.90107887 -1.37280157  1.20877836  3.02524623  1.08949939  0.65311497] -231.6807154470593
[ 3.9036504  -1.40891126  1.17841986  3.03746014  1.09286893  0.62639057] -231.68217324938053
[ 3.90933454 -1.38853024  1.17812389  3.06633107  1.12408773  0.6592144 ] -231.68298437418213
[ 3.89051822 -1.39844352  1.18159018  3.02679606  1.08404868  0.62600746] -231.68138480187082
[ 3.88555285 -1.37787768  1.18350642  3.03893396  1.09898104  0.6476346 ] -231.68260357050727
[ 3.89912601 -1.40115287  1.1796915   3.03782859  1.09439696  0.63170158] -231.6822896837023
[ 3.89516609 -1.39840808  1.18744838  3.04140216  1.09909104  0.6425035 ] -231.68022344231798
[ 3.89579854 -1.38562254  1.19518427  3.02602115  1.08677403  0.63956121] -231.6807679582823
[ 3.89758624 -1.38324124  1.19562945  3.03323291  1.09151356  0.64435169] -231.68092053471435
[ 3.89835464 -1.37518506  1.18323073  3.03160888  1.09440642  0.64952493] -231.68091043112597
[ 3.89905711 -1.38332963  1.1989533   3.03281852  1.09498868  0.64132636] -231.68116934306508
[ 3.90236464 -1.39085641  1.19359911  3.03135319  1.09118416  0.63975277] -231.68173427328716
[ 3.89331586 -1.37533962  1.19614239  3.03209009  1.09424022  0.65037479] -231.6814527089956
[ 3.89557806 -1.37921882  1.19550657  3.03190587  1.0934762   0.64771928] -231.68102527851525
[ 3.89546371 -1.38149614  1.18963928  3.03032055  1.08993153  0.65093216] -231.68017838007333
[ 3.89366701 -1.3805794   1.18498226  3.02907156  1.08740295  0.65573506] -231.6797576731766
[ 3.89830575 -1.38606047  1.18957791  3.03028843  1.0894196   0.64721117] -231.67989440580396
[ 3.89653739 -1.3829778   1.18743785  3.0279799   1.09068425  0.65153193] -231.67968710303182
[ 3.89601296 -1.38284609  1.18334205  3.02535339  1.0902696   0.65512204] -231.67923505474835
[ 3.89498844 -1.39358765  1.19987369  3.02751875  1.08641245  0.64822439] -231.6791972161141
[ 3.89330534 -1.40278895  1.20819517  3.02547369  1.08241546  0.64757412] -231.678618046737
[ 3.89671346 -1.38887231  1.19225711  3.03292401  1.09259198  0.66085908] -231.67849263790913
[ 3.89717092 -1.39049719  1.19079353  3.03637544  1.09550095  0.67150801] -231.67757387601475
[ 3.89013049 -1.40759182  1.17266808  3.03740866  1.09186714  0.65343634] -231.6780729919775
[ 3.89436473 -1.38504656  1.18907129  3.01992157  1.07986753  0.66769208] -231.67760236255313
[ 3.88991141 -1.3970562   1.18677288  3.02757967  1.08635495  0.66981138] -231.67699896354085
[ 3.88571424 -1.40255406  1.18537036  3.0262253   1.08482262  0.68111149] -231.6759884108849
[ 3.89189922 -1.40986216  1.19149789  3.02784778  1.08751148  0.6697463 ] -231.67589538832394
[ 3.89101532 -1.42450354  1.1947557   3.0272359   1.08756574  0.67675192] -231.67467020572016
[ 3.88788738 -1.42148129  1.19694265  3.03219346  1.08374355  0.67756927] -231.67483390108825
[ 3.88878902 -1.4077692   1.1683387   3.03431308  1.09204039  0.69511558] -231.6749673902573
[ 3.89151672 -1.40302546  1.20242267  3.02134626  1.08264645  0.70314645] -231.67452167888683
[ 3.89220983 -1.40074227  1.21729996  3.01331505  1.07803611  0.7280015 ] -231.6746558826135
[ 3.88633313 -1.43156368  1.19046991  3.03930824  1.09557238  0.70070883] -231.67396743178864
[ 3.88231734 -1.45482224  1.19116922  3.04900158  1.1034248   0.7172172 ] -231.6741247536239
[ 3.87991435 -1.43980189  1.1886398   3.02383197  1.07996276  0.7066265 ] -231.67332379446924
[ 3.87128606 -1.46445424  1.18756294  3.01756024  1.07219367  0.72418575] -231.67384391963978
[ 3.88943773 -1.44016096  1.19515279  3.03318434  1.08902114  0.70552803] -231.6727291169277
[ 3.89129948 -1.45896441  1.20004401  3.03666386  1.09112039  0.7177363 ] -231.67206911501668
[ 3.88719977 -1.45201088  1.22275288  3.02588014  1.08149671  0.69906417] -231.6733629607168
[ 3.88787221 -1.44847533  1.20275233  3.02589533  1.08904459  0.72377545] -231.6735410635485
[ 3.88369657 -1.45344368  1.20760483  3.03040604  1.08571535  0.74026731] -231.67304012385338
[ 3.88058845 -1.49172783  1.20166526  3.0393156   1.09165761  0.72624641] -231.67391162785697
[ 3.88385714 -1.48324433  1.21734979  3.02135607  1.07742676  0.73719656] -231.67371032140636
[ 3.89069139 -1.42025234  1.21138263  3.0153622   1.07659792  0.71530902] -231.67333869821695
[ 3.88970078 -1.40773852  1.19370903  3.03132377  1.09055248  0.69706303] -231.67481698391273
[ 3.88531805 -1.46436787  1.2114396   3.023848    1.08070819  0.72716317] -231.67290347764813
[ 3.88483433 -1.44780503  1.21120225  3.02610207  1.07615585  0.71161338] -231.6722947945937
[ 3.88471828 -1.44286752  1.18735149  3.02619123  1.08192344  0.74050772] -231.6724906079023
[ 3.87923563 -1.48216446  1.19071137  3.04031885  1.08859741  0.73266244] -231.67288763179263
[ 3.88978643 -1.47673577  1.21414472  3.03734471  1.08811078  0.75002361] -231.6723007326952
[ 3.88803417 -1.47085801  1.19735965  3.03308354  1.08315667  0.7196349 ] -231.67160477683092
[ 3.89020296 -1.47956518  1.19223705  3.03442229  1.08187733  0.70931869] -231.67298689055445
[ 3.88731806 -1.46209719  1.18883156  3.04272009  1.08897999  0.73022961] -231.6714566441011
[ 3.88831806 -1.46096185  1.17752753  3.05215614  1.09311589  0.73176283] -231.67141563229293
[ 3.89642795 -1.43723307  1.20516518  3.03019499  1.08259693  0.72443047] -231.6728756188519
[ 3.89212987 -1.44846592  1.20155173  3.03272596  1.08409705  0.72648846] -231.6713537654986
[ 3.89341583 -1.47839614  1.21325847  3.04650086  1.08999544  0.7119121 ] -231.6729910433963
[ 3.88689267 -1.45174968  1.19382824  3.03126864  1.08394144  0.73335882] -231.67187995189582
[ 3.88738309 -1.43619919  1.17969308  3.03332202  1.08241832  0.69684129] -231.67269137808302
[ 3.8891856  -1.46660162  1.20553181  3.03633904  1.08668767  0.73672803] -231.67169665809902
[ 3.89378562 -1.47139547  1.1807454   3.04797699  1.09788386  0.74362306] -231.67336919824888
[ 3.88707215 -1.45370264  1.20358804  3.0315708   1.08158785  0.7196158 ] -231.67176113965843
[ 3.88591136 -1.45848216  1.19308499  3.03571751  1.0797418   0.73812664] -231.67102918721775
[ 3.8832173  -1.45824104  1.18960548  3.03524434  1.0740525   0.74832182] -231.6708279143915
[ 3.88909304 -1.46786068  1.19789318  3.04243796  1.08362444  0.72749179] -231.67074995520227
[ 3.89019323 -1.47591618  1.19992564  3.04802263  1.08346594  0.72455828] -231.67212476687837
[ 3.8895872  -1.47062707  1.18623509  3.04575819  1.08665689  0.74386014] -231.67070067399573
[ 3.89084472 -1.47908928  1.17755861  3.05285189  1.08919141  0.75598231] -231.67230669336755
[ 3.88760761 -1.45906989  1.17785908  3.04412967  1.08154682  0.72912528] -231.6707532911539
[ 3.88861686 -1.45088414  1.17953105  3.05106722  1.08454119  0.74938188] -231.6708970025718
[ 3.88843257 -1.45742106  1.200031    3.03163165  1.07172374  0.74312697] -231.67038289969773
[ 3.88848982 -1.45565067  1.21128273  3.0213694   1.06102766  0.74880904] -231.67052455281095
[ 3.88338832 -1.47290204  1.1754999   3.05069705  1.07661814  0.7539475 ] -231.67055284368777
[ 3.88515849 -1.47782312  1.19617686  3.03223241  1.07353298  0.73257595] -231.67074404292336
[ 3.89120511 -1.47699359  1.18829288  3.0470513   1.0838485   0.72838739] -231.6719296240484
[ 3.88521425 -1.46292917  1.18927733  3.03819608  1.0765015   0.74333821] -231.67056515018245
[ 3.88601701 -1.47745116  1.20384537  3.03618811  1.07467242  0.75232157] -231.67068043287537
[ 3.88350623 -1.4718572   1.18579534  3.03579653  1.06961079  0.76223165] -231.67048273980805
[ 3.88689004 -1.45990611  1.18405115  3.04719013  1.07839484  0.76703273] -231.67063497069597
[ 3.88156228 -1.46352851  1.19326494  3.03414166  1.06251692  0.76347273] -231.67056212577427
[ 3.88364755 -1.45206354  1.17212785  3.04302959  1.07044956  0.75872836] -231.67080067441836
[ 3.88542464 -1.47110425  1.19591599  3.03789848  1.0736167   0.75392327] -231.67042174371815
[ 3.88228606 -1.4733413   1.19587702  3.02893035  1.06513442  0.73964738] -231.67045597263774
[ 3.88298578 -1.47378895  1.19285073  3.03483583  1.06323873  0.76211162] -231.67021206063148
[ 3.88187155 -1.47921884  1.19463743  3.0331557   1.05660735  0.77149833] -231.6703753898748
[ 3.88711226 -1.47660976  1.18872505  3.03912164  1.07746392  0.7415234 ] -231.6704109974676
[ 3.88652753 -1.46847213  1.21089848  3.01870777  1.06364463  0.74690727] -231.6711145579436
[ 3.88417312 -1.47179457  1.18434954  3.04269973  1.07337476  0.75218744] -231.67029265442227
[ 3.88663191 -1.4694961   1.2001211   3.03590936  1.07190664  0.73527504] -231.6702733992587
[ 3.8893007  -1.46673026  1.19145412  3.04510188  1.07864041  0.75640186] -231.67019667190266
[ 3.89280803 -1.46342474  1.18924267  3.05318764  1.08539341  0.7647791 ] -231.6719481078553
[ 3.88745414 -1.46750931  1.18992785  3.03853488  1.0718327   0.74295217] -231.67000412871153
[ 3.88846888 -1.46571184  1.18693378  3.03885308  1.0709407   0.73746663] -231.66995527255492
[ 3.88621873 -1.45837117  1.19652171  3.0372222   1.06581107  0.75399979] -231.67026958383647
[ 3.88416048 -1.47787657  1.184046    3.04657571  1.06958037  0.75602049] -231.67016164729534
[ 3.88841571 -1.4655304   1.19962627  3.03679962  1.06666455  0.7482377 ] -231.6699225745282
[ 3.89053701 -1.46239832  1.20726464  3.03384956  1.06330944  0.74626283] -231.6699160732792
[ 3.88725862 -1.46546293  1.18623589  3.04290339  1.06526694  0.7688127 ] -231.6701155536438
[ 3.88801842 -1.47895179  1.18640668  3.04348428  1.07118113  0.75502559] -231.66982281553783
[ 3.88891827 -1.48924209  1.18134916  3.04661532  1.07386615  0.75553849] -231.6715080587846
[ 3.89292892 -1.46525495  1.18792964  3.04875347  1.07640093  0.74455174] -231.67147638462183
[ 3.88547157 -1.47165545  1.19162046  3.03831524  1.06652928  0.75772165] -231.66999968876857
[ 3.88533762 -1.47395537  1.18938169  3.03622521  1.05696221  0.75070144] -231.66993040444532
[ 3.89087023 -1.461502    1.19856838  3.03130121  1.06181619  0.74930979] -231.66970980722047
[ 3.8942251  -1.45331471  1.20582958  3.02366396  1.05793411  0.74595444] -231.67140481575922
[ 3.88897596 -1.47259532  1.20048932  3.03110613  1.06497938  0.73001661] -231.66994953287355
[ 3.89193114 -1.46671609  1.19806104  3.03329125  1.0632004   0.73187264] -231.67132943484853
[ 3.88708646 -1.47042061  1.1932306   3.03705924  1.06569706  0.7512594 ] -231.6698374772681
[ 3.88847301 -1.47422929  1.20484665  3.03215547  1.0570411   0.75672526] -231.6698110042236
[ 3.88779829 -1.46789047  1.19274356  3.04025219  1.06035633  0.77307816] -231.6701224590048
[ 3.88868154 -1.47141911  1.19855288  3.03339265  1.06382362  0.740782  ] -231.6697600776891
[ 3.89255127 -1.465685    1.20690825  3.03418893  1.07066064  0.74908685] -231.67144948865186
[ 3.88714103 -1.47188778  1.19376333  3.03571614  1.06038681  0.75029779] -231.66977544585427
[ 3.8862199  -1.48040521  1.18452487  3.03718677  1.0633392   0.75487044] -231.66977318876016
[ 3.88938159 -1.47571111  1.195657    3.0340196   1.06016562  0.75107756] -231.66956917895664
[ 3.89052915 -1.47835636  1.19687019  3.03249977  1.0573999   0.75098664] -231.67107571623356
[ 3.88890401 -1.46609971  1.20556436  3.02443966  1.05100972  0.74599536] -231.66996603525712
[ 3.88823982 -1.47573877  1.1911961   3.03872313  1.06613827  0.75276803] -231.6696934297582
[ 3.88837169 -1.47132537  1.1825742   3.03795769  1.06818214  0.74297661] -231.66977195434504
[ 3.89011389 -1.47347941  1.18992781  3.03514421  1.06743487  0.74696368] -231.67103146345406
[ 3.88788425 -1.47228569  1.19280445  3.03557316  1.06214883  0.74946427] -231.66969274730567
[ 3.89158981 -1.46225547  1.20192613  3.03313571  1.06408569  0.74058897] -231.66977564692945
[ 3.88756237 -1.47586778  1.18887519  3.036174    1.06352582  0.75130008] -231.66969015151972
[ 3.88916825 -1.47284945  1.20597713  3.03177022  1.05769064  0.7552573 ] -231.66977769586524
[ 3.88857083 -1.47170639  1.18842493  3.03641083  1.06555927  0.74604678] -231.66969077935153
[ 3.88882148 -1.47285147  1.18662247  3.03734132  1.06262772  0.75920684] -231.6696320433447
[ 3.88594989 -1.48655173  1.182625    3.04144613  1.06490565  0.75397806] -231.66983746819545
[ 3.88964014 -1.46776443  1.19458254  3.03383744  1.06258856  0.75047686] -231.6696322851131
[ 3.88904707 -1.46965685  1.19112609  3.03239566  1.05940033  0.74975609] -231.66961488584383
[ 3.88979025 -1.47223366  1.18895829  3.03448646  1.06247361  0.75315714] -231.66955566258738
[ 3.89074324 -1.47220764  1.1870352   3.03394311  1.062636    0.75500357] -231.6710678883103
[ 3.88951014 -1.47298871  1.19351559  3.03300733  1.05803462  0.75894474] -231.66959240838162
[ 3.89116785 -1.46786764  1.19461214  3.0321886   1.05823766  0.75623966] -231.67113053952727
[ 3.88846374 -1.47386774  1.19030942  3.03517765  1.06220378  0.75253497] -231.6696202124788
[ 3.88869795 -1.47800541  1.18748042  3.0349719   1.05904667  0.75774892] -231.66959337747127
[ 3.88947542 -1.47463636  1.19572647  3.03067821  1.05781383  0.74853297] -231.66957557928544
[ 3.89017039 -1.4738763   1.19384519  3.03134206  1.05677444  0.75387083] -231.6695324004388
[ 3.89102372 -1.47388057  1.19561308  3.02942427  1.05405977  0.75453876] -231.6710866457178
[ 3.88996151 -1.47949367  1.19393489  3.03377286  1.0587026   0.75802129] -231.67108847296234
[ 3.88927568 -1.47211606  1.19182829  3.03273996  1.0592259   0.75182239] -231.66957493549984
[ 3.89050321 -1.46918198  1.19902986  3.03045264  1.059116    0.74805295] -231.66959736246326
[ 3.88914926 -1.47579956  1.19036778  3.03384208  1.059064    0.75532493] -231.66956520046895
[ 3.88957072 -1.47513564  1.19194541  3.03269546  1.06047118  0.74565053] -231.6695526813765
[ 3.8896372  -1.47365441  1.18847419  3.035697    1.06157776  0.75510149] -231.66955916997665
[ 3.88995746 -1.4766875   1.19125432  3.03462093  1.06094964  0.7529051 ] -231.67106721503527
[ 3.88944612 -1.47325892  1.1916848   3.0332102   1.05965683  0.75209307] -231.66955663078568
[ 3.88987306 -1.47227504  1.18610156  3.03307149  1.05984032  0.75398844] -231.6695221614076
[ 3.8901188  -1.47055701  1.18132384  3.03259744  1.05967767  0.75544388] -231.6710010480013
[ 3.89034666 -1.47101176  1.1899687   3.03299214  1.06120071  0.74929557] -231.66951531577365
[ 3.89094535 -1.46861787  1.18976916  3.03256716  1.06226907  0.74628089] -231.67110266709653
[ 3.8900952  -1.47227603  1.19236046  3.0302356   1.05856128  0.7475837 ] -231.6695356851034
[ 3.89050264 -1.47234389  1.18937507  3.03173087  1.06011702  0.749089  ] -231.67106411862142
[ 3.88971025 -1.47303016  1.19110737  3.03284037  1.05977188  0.75134205] -231.66953500477243
[ 3.89013185 -1.47363465  1.19281795  3.02990592  1.05639966  0.74741991] -231.66953546511107
[ 3.89053841 -1.47023235  1.19012166  3.03076707  1.05704492  0.7555163 ] -231.67093512549346
[ 3.88981265 -1.47390981  1.19148948  3.03221336  1.05961462  0.74811698] -231.66954425197082
[ 3.89029649 -1.47145817  1.1905776   3.03124917  1.05790148  0.75304986] -231.66952424184288
[ 3.89008104 -1.47281933  1.18911232  3.03356478  1.05873489  0.75540519] -231.6695227037841
[ 3.89002745 -1.47118894  1.18741963  3.03511409  1.06167492  0.75823074] -231.66956044262454
[ 3.89010575 -1.47302322  1.19146837  3.03120796  1.05771848  0.75012262] -231.6695317266997
[ 3.89058088 -1.47179112  1.18925055  3.0316355   1.05761823  0.75390212] -231.671068824307
[ 3.88992791 -1.4727204   1.19064316  3.03253915  1.05923347  0.75198207] -231.669514282791
[ 3.89003991 -1.47055968  1.18544538  3.03353283  1.06143534  0.75074375] -231.66953812731379
[ 3.89013777 -1.47304714  1.19174524  3.03188976  1.05793967  0.75308906] -231.66953560178942
[ 3.89013728 -1.47186608  1.19030593  3.03276564  1.06021709  0.75063882] -231.6695168695475
[ 3.88990049 -1.47249772  1.18837236  3.03280532  1.0595369   0.75298525] -231.66953771494246
[ 3.89000447 -1.47276987  1.18987774  3.03305196  1.05898418  0.75369363] -231.6695223276608
[ 3.8901122  -1.47208928  1.19061038  3.03189416  1.05856748  0.75251596] -231.6695411902426
[ 3.89001683 -1.47287181  1.19105576  3.03187355  1.05847597  0.75105234] -231.66953365400954
[ 3.89004915 -1.47329835  1.19224418  3.03194061  1.05800396  0.75292645] -231.6695360702005
[ 3.88989984 -1.47325213  1.19022267  3.03309792  1.05958304  0.75191022] -231.6695229387018
[ 3.89011134 -1.47309516  1.19307746  3.03228429  1.05862901  0.75108259] -231.6695186275897
[ 3.88998341 -1.4722268   1.1894834   3.03326357  1.0603703   0.75052677] -231.6695231338536
[ 3.89000459 -1.47243833  1.19014769  3.03379396  1.06052972  0.75222569] -231.66952326275626
[ 3.89000765 -1.4725467   1.19037471  3.03331386  1.06001629  0.75193235] -231.66952140729495
[ 3.89004609 -1.47318998  1.19201716  3.03242071  1.05851739  0.75321979] -231.6695229957703
[ 3.89003042 -1.47294918  1.19138372  3.03263142  1.05898062  0.75254653] -231.66951992996812
[ 3.89017318 -1.47206367  1.19166491  3.03243086  1.05910384  0.75204844] -231.66951699186203
[ 3.89012479 -1.47231053  1.19260555  3.03226978  1.05974259  0.74971664] -231.66951177931006
[ 3.89018495 -1.47208086  1.19396945  3.03187869  1.0601218   0.74772815] -231.6695477406059
[ 3.89016066 -1.47245497  1.1928522   3.03165986  1.05861925  0.75073934] -231.66952223091207
[ 3.8900459  -1.47252377  1.19099408  3.03290036  1.05966703  0.7516341 ] -231.66951726275613
[ 3.89014305 -1.47191068  1.19171331  3.03243194  1.05988372  0.74982102] -231.66952013121534
[ 3.89005858 -1.47268956  1.19146612  3.03258155  1.0592064   0.75186516] -231.66951597404326
[ 3.89004454 -1.47162951  1.18948246  3.03287815  1.0604278   0.75154582] -231.6695246971402
[ 3.89009464 -1.47272874  1.19217871  3.03243276  1.05907871  0.7511984 ] -231.66951251847644
[ 3.89012622 -1.47226923  1.19196071  3.03210622  1.05919367  0.75084907] -231.66951658713697
[ 3.88998329 -1.47279784  1.19138849  3.03246751  1.0597868   0.75003494] -231.66952170359338
[ 3.89012571 -1.47224721  1.1915958   3.03244002  1.05927458  0.75154507] -231.66951630835652
[ 3.89001533 -1.47312248  1.19317742  3.03202418  1.05835938  0.75174665] -231.669535159629
[ 3.8901068  -1.47218018  1.1910238   3.03258028  1.05975266  0.75091578] -231.66951196734877
[ 3.89001992 -1.47268965  1.19121034  3.03284162  1.05956913  0.75155863] -231.66951092832238
[ 3.88996676 -1.47289986  1.19083515  3.03320932  1.05975686  0.75191341] -231.6695182246005
[ 3.88998517 -1.47285914  1.19144676  3.03264169  1.0595864   0.75086716] -231.6695167957221
[ 3.89009057 -1.47240019  1.19155854  3.03249044  1.05935254  0.75137559] -231.66951314278322
[ 3.89006296 -1.47232034  1.19160725  3.03246979  1.0597033   0.75038388] -231.66952424006493
[ 3.89005967 -1.47259725  1.1915014   3.03255361  1.05933062  0.75149484] -231.66951556211708
[ 3.89006187 -1.47241265  1.19157197  3.03249773  1.05957908  0.7507542 ] -231.66952180559403
[ 3.89006022 -1.4725511   1.19151904  3.03253964  1.05939274  0.75130968] -231.66951380039004
[ 3.89023774 -1.47223307  1.19272216  3.03251236  1.05972932  0.75004284] -231.6695122926465
[ 3.8901646  -1.47229635  1.19224733  3.03250277  1.05968225  0.75029295] -231.66951712667444
[ 3.89008632 -1.47248741  1.19170111  3.03253042  1.05946511  0.75105549] -231.66951490463134
[ 3.89007235 -1.47250009  1.19190794  3.0325557   1.05965586  0.75063764] -231.66951969802807
[ 3.89006336 -1.47243491  1.19111707  3.03271095  1.0596609   0.7512372 ] -231.6695218580869
[ 3.89012883 -1.47246136  1.19196625  3.03267699  1.05964923  0.75080073] -231.66950915356438
[ 3.89005728 -1.4727092   1.19169452  3.03263719  1.05932392  0.75137851] -231.6695102984955
[ 3.89005524 -1.47254492  1.19138444  3.03266603  1.05946083  0.75146711] -231.66951643841452
[ 3.89004007 -1.47262038  1.19136469  3.03269063  1.05948093  0.75143415] -231.66951738384793
[ 3.89006121 -1.47274028  1.19205899  3.03264511  1.05938574  0.75118839] -231.66952240659433
[ 3.89006282 -1.47251126  1.19135255  3.03269449  1.05959211  0.751225  ] -231.66951836141328
[ 3.89004903 -1.47267883  1.19108298  3.03284662  1.05936952  0.75198374] -231.6695199613583
[ 3.89006652 -1.47254477  1.1917017   3.03262843  1.05958428  0.75097416] -231.6695214325551
[ 3.89009305 -1.47258528  1.19183039  3.03265709  1.05948657  0.75108962] -231.66951761438574
[ 3.89007437 -1.4725755   1.19158829  3.03275931  1.05960918  0.75117968] -231.66951265443782
[ 3.89009204 -1.47250314  1.19167534  3.03267151  1.05955503  0.75113392] -231.66951172204304
[ 3.89008445 -1.47254087  1.19166547  3.03268381  1.05956508  0.75111744] -231.66951809645724
[ 3.89009582 -1.47248631  1.1916594   3.03268574  1.05962067  0.75101287] -231.66952047006143
[ 3.89010059 -1.47248072  1.1919371   3.03261635  1.05965254  0.75071918] -231.66951374828452
[ 3.89009529 -1.47256265  1.19189488  3.03266928  1.05955188  0.75100066] -231.66951424925122
[ 3.89011027 -1.47251535  1.19196528  3.03266636  1.05960306  0.75085716] -231.66951853673953
[ 3.8900909  -1.47253449  1.19174042  3.03267945  1.05957458  0.75105237] -231.66951382802003
[ 3.89010095 -1.47245401  1.19177038  3.03270054  1.0597109   0.75087256] -231.66951331286992
[ 3.89010061 -1.47244043  1.19166438  3.03269877  1.05969861  0.75091882] -231.6695205405919
[ 3.89009662 -1.47253209  1.19183725  3.03267665  1.05958856  0.7509802 ] -231.6695146410093
[ 3.89011043 -1.47248225  1.1918208   3.03267425  1.05960213  0.75096733] -231.6695107504506
[ 3.8901016  -1.47251843  1.19177727  3.03271815  1.0596292   0.75099021] -231.66952261016266
[ 3.89011489 -1.47245768  1.19186831  3.03268876  1.05968007  0.75083665] -231.66951461816348
[ 3.89011471 -1.47247104  1.19195167  3.03264667  1.05965088  0.75075996] -231.66951768109766
[ 3.89010987 -1.47249792  1.19185334  3.03267822  1.0596119   0.75092655] -231.66951369877526
[ 3.89011206 -1.472512    1.19193056  3.03267313  1.05960055  0.7509007 ] -231.6695131037798
[ 3.89012866 -1.47244232  1.19201971  3.03262786  1.05963572  0.75074043] -231.6695180022207
[ 3.89012189 -1.47246135  1.1919591   3.03265043  1.05963409  0.75080288] -231.66951202069885
[ 3.89011795 -1.47248648  1.19184778  3.0327006   1.05960843  0.75098499] -231.66951958279947
[ 3.89011552 -1.4724749   1.1919257   3.03266015  1.05964027  0.75081622] -231.66951475683115
[ 3.89011714 -1.47248262  1.19187375  3.03268711  1.05961905  0.75092873] -231.66951437030383
[ 3.89011851 -1.47250815  1.19193295  3.03265795  1.05955892  0.75093899] -231.6695122210057
[ 3.89011673 -1.47249172  1.19194725  3.03264988  1.05959989  0.75085033] -231.66951741782992
[ 3.89011703 -1.4724849   1.19189213  3.0326778   1.05961426  0.75090913] -231.66951762098867
[ 3.89011963 -1.4724718   1.19189352  3.03267562  1.05962568  0.75088403] -231.66951316042622
[ 3.89012536 -1.47246135  1.19196267  3.03266371  1.05964166  0.7508018 ] -231.66951397231244
[ 3.89012367 -1.47248475  1.1919496   3.03266747  1.05960407  0.75086986] -231.66950740381677
[ 3.89012044 -1.47248668  1.19194841  3.03267506  1.05962489  0.75085072] -231.6695126825318
[ 3.89011935 -1.47247964  1.19190979  3.0326776   1.05963056  0.75086364] -231.66951287988886
[ 3.89012298 -1.47247199  1.19192     3.03268205  1.05963414  0.75086473] -231.6695105373688
