[ 0.10392828  0.38243788  0.758742   -1.61342729 -1.58144171  0.05093463] -489.4087131735931
[-0.2178709   2.11226073  0.5468685  -1.72562235  1.75890324  1.29673442] -441.18330723247794
[ 0.51558419  0.42741576  1.64333365  1.13780733 -0.51146709 -0.38974158] -416.6199005842184
[ 1.38695902 -1.37597844 -0.61214882 -0.56830888  0.43010807 -0.33909928] -404.1558286908543
[-0.02718581  0.07240252 -0.62648231 -1.01218192  1.13612263  0.38920613] -422.41649554547683
[ 0.53029908  1.27681601  1.15337761 -0.24639546 -0.72939454 -0.84888296] -432.9070171989232
[-0.53755191  0.92818211 -0.33907685 -2.4849846  -1.08585392  0.19929897] -507.98140227709905
[ 1.30145653  0.03693604  1.29364039  1.14227508  1.25346412 -0.14624851] -377.03927311877
[ 2.22096075 -0.40868699  2.10999901  2.95590492  2.42312314 -0.31902226] -346.7245836816589
[ 1.36565383  0.31897198  0.64624055  1.7938285   3.08390687 -0.12120314] -369.03341107660333
[ 2.21529458 -2.00861378  0.89123807  3.07917385  0.18522979 -1.83964879] -377.9727576786645
[ 2.02878977 -2.26831232  0.19734911  2.70847006  2.97840234 -0.02428668] -349.0542265540529
[ 3.27159986 -1.84413712  2.25181951  4.71447385  1.72697841 -1.40020671] -359.32503205165204
[ 3.64750175 -2.95633465  0.18483215  3.75670676  4.12071662 -0.95808071] -323.2702165281622
[ 5.21346052 -4.64820985 -0.5444186   5.06615648  6.43680848 -1.24225027] -318.0058067915815
[ 4.05162742 -2.24368425  2.46289136  7.3409781   5.18137493 -1.30977333] -356.1846800800065
[ 3.8354028  -1.68940574  1.48338891  5.11409679  7.09163494  0.36740133] -313.1716483508609
[ 4.64545691 -1.52980172  1.77946434  6.13155826 10.54483751  1.47092638] -320.43569588898544
[ 5.50829321 -4.68645074  2.00743589  7.50619823  5.52886721 -1.18817616] -340.3320065464139
[ 4.34791163 -3.47077951  0.32039572  5.51612768  8.15309194  0.16150425] -319.73184756205535
[ 3.66664548 -3.48026413 -0.60484135  2.28133995  5.68926775  0.56149673] -395.2889490202026
[ 3.95538193 -2.55282922  1.69595818  6.07606856  5.30834814 -0.84195581] -311.48668142486423
[ 6.33168051 -3.55047503  2.16023727  8.03638083  8.66888894 -0.9965463 ] -311.1099997564678
[ 8.48312588 -4.19155638  3.14168135 10.70033621 11.51413224 -1.4826761 ] -479.4472013626827
[ 7.50974946 -6.45736304  0.26433345  9.48243794 11.30609008 -0.92765206] -330.2206937531755
[ 4.88956907 -2.76990339 -0.21413757  5.59089119 10.12608695  0.02834321] -339.98474538916645
[ 5.04425011 -3.24904023  0.34125579  6.06971795  8.97678202 -0.27578663] -304.30786449066255
[ 2.06627971  0.07044985  1.55460565  2.47707816  3.57242807 -0.01489241] -352.6690120623104
[ 6.14888202 -4.82540982  0.5869015   7.73109799  9.37267458 -0.69946215] -293.59774193157887
[ 5.828441   -3.36767712  1.58737863  7.18171186  7.13195376 -1.39103753] -309.3388728779598
[ 5.1678856  -1.76340253  3.16279202  8.33686818  9.07995231 -0.03687876] -320.60012714954865
[ 5.20206679 -3.92700802  0.38238406  5.88383441  7.09759444 -0.94090739] -299.6520837795074
[ 7.00149799 -5.46807407  0.7679829   8.54550708  8.42711235 -2.08263326] -344.3073654557917
[ 4.6269266  -2.63407282  1.30453741  5.97194936  7.42550429 -0.24510732] -295.7817593119243
[ 7.10536708 -4.63173179  0.42494003  7.5488289  10.91611787 -0.67432663] -295.16086626546365
[ 4.98696403 -3.9945049  -0.61777146  5.42599933  8.30465338 -0.41232959] -325.10646406467146
[ 5.99550139 -3.6614825   1.46573508  7.38378545  8.57783005 -0.85049212] -293.13793855525114
[ 5.54589033 -4.27523794 -0.08546067  6.34802617 10.32354732  0.16234345] -321.9464001688843
[ 5.75780333 -3.59456732  1.1691688   6.97329043  7.92985215 -1.00269229] -293.9274988538026
[ 6.5679323  -4.50905053  1.43663317  7.7612109   8.12974244 -1.19520933] -311.09062976782155
[ 5.42517066 -3.5640428   0.61510014  6.49259119  8.76502212 -0.50564231] -293.37782350699183
[ 6.48448357 -3.71009433  1.47307693  8.15001337 10.56473925 -0.38500021] -288.513348021177
[ 7.12569195 -3.60163748  2.01842336  9.28310285 12.29831165 -0.10704662] -304.5251571944787
[ 7.67880941 -5.36170336  0.60710342  8.78791975 11.28324105 -1.12743125] -313.10540877533816
[ 5.3898973  -3.31598046  1.13017891  6.67594196  8.38993848 -0.4656883 ] -289.5060052523102
[ 4.62854568 -2.92546062  1.72178042  6.9200779   6.95056767 -0.62866583] -301.71081349824425
[ 6.48616173 -4.205164    0.74915013  7.39164115  9.92473032 -0.66291143] -289.7136367241796
[ 6.21889555 -4.16615731  0.83754542  7.63506661 10.60179278 -0.18703989] -286.529074285996
[ 6.44944166 -4.45195231  0.67173373  7.96595469 11.9377631   0.22078631] -288.1087706655548
[ 5.85115471 -2.71556398  1.50336071  6.84524858  9.56867643 -0.3194626 ] -284.9391686017611
[ 5.70229105 -1.66064106  1.96159031  6.40232388  9.66667735 -0.12946283] -286.870092438083
[ 6.71686076 -3.69410472  1.77124893  8.20130785 10.44421364 -0.45122254] -291.98250170617666
[ 6.38698315 -3.6075391   1.02245192  7.58262105 11.25353359  0.02671713] -284.6048507199998
[ 6.58272403 -3.5805674   0.80081034  7.68203885 12.59138535  0.46532175] -290.13602250976385
[ 5.55566458 -3.54606167  0.46733908  6.55886972  9.6569233  -0.21323923] -297.2051640270799
[ 6.42656171 -3.65709396  1.44527147  7.79069832 10.24739106 -0.39172671] -285.9915262759119
[ 5.76649694 -2.85231238  1.72147832  7.50155548 10.28396021  0.08884456] -282.39996248047856
[ 5.40666454 -2.17588658  2.20764242  7.55651264 10.46357515  0.46472256] -283.34021591332214
[ 6.98829457 -3.5869399   1.53754935  8.49245918 12.45009262  0.07646573] -282.21634228437574
[ 7.78749321 -3.72241962  1.74123457  9.40071779 14.48016969  0.34754274] -288.8432606457892
[ 6.06164531 -3.15177455  1.21614214  7.13253637 10.90374298  0.14959962] -287.3026312933844
[ 6.16735488 -3.29135449  1.28037583  7.38690562 10.81899205  0.01594966] -283.73417970154486
[ 6.3100531  -2.40411063  1.99928378  7.56476281 10.9390892   0.01930248] -279.8748458690287
[ 6.35563188 -1.52308728  2.58015295  7.52961091 11.10773741  0.12247366] -279.56769348093377
[ 6.07874366 -2.20183842  1.76985157  7.32210195 11.58027304  0.39538942] -282.4092292675089
[ 6.73001365 -2.97212655  1.80059261  8.42650281 12.92951988  0.56140932] -277.64121124600575
[ 7.16944312 -3.10040783  1.94920856  9.21712993 14.6099416   1.00184528] -278.3318922664827
[ 6.30852871 -1.86834724  2.54088162  7.97042426 11.80332481  0.39346033] -278.82352391285616
[ 6.57521492 -1.7101961   2.70312631  8.36064591 12.56597728  0.53006468] -279.76669281446544
[ 6.82931656 -2.63583139  2.52474216  8.7716309  12.13326436  0.19551667] -290.3191215432739
[ 6.26638689 -2.31033666  1.95857421  7.68448419 11.71852087  0.34542124] -278.7175138311432
[ 7.30819327 -1.80469886  2.65214736  8.65315361 13.90776408  0.58758708] -277.86779534671433
[ 6.19302853 -0.475991    3.20760901  7.71581472 12.22752215  0.77033971] -279.92682187205526
[ 6.39184504 -1.25372822  2.79009409  7.90997583 12.28316477  0.59687121] -277.80013470544253
[ 6.54498488 -2.20057884  2.07102131  7.69740463 12.01736666  0.3390096 ] -277.79347185969607
[ 6.8276856  -2.61351818  2.02428411  8.58437087 13.77881629  0.81877927] -275.8415986250393
[ 7.06371247 -3.15873362  1.74634969  9.11175086 15.11435572  1.16693208] -276.39069745025193
[ 7.04784107 -2.51664853  1.89135628  8.34820639 13.74172604  0.68956558] -276.3483732636474
[ 7.35046762 -2.14342973  2.45125771  8.85538719 14.5009317   0.85231945] -276.3691194315557
[ 6.32275269 -2.76197782  1.69072134  7.95412897 12.50941103  0.69839773] -279.36815821712344
[ 7.06183312 -2.0440186   2.41179086  8.47839745 13.55817582  0.61528975] -276.14857831569196
[ 7.46243028 -3.57637858  1.42667353  8.88678061 14.55901402  0.69525311] -280.076636296095
[ 6.65949135 -1.83439081  2.44923895  8.15417703 12.85212708  0.62146669] -276.16232277935785
[ 7.34745925 -2.50746529  2.27181886  9.25160929 15.1030656   1.04726709] -277.7870901491465
[ 7.14684066 -2.43074368  2.22161947  8.86305812 14.33164087  0.87020272] -276.20158346328134
[ 7.30137283 -1.55545663  2.68258985  8.66802954 14.65828606  0.9277985 ] -274.6166676261042
[ 7.58705241 -0.84712167  3.12358847  8.7887929  15.52266914  1.11099308] -274.82615414734227
[ 6.66455392 -2.18816241  2.10903547  8.17669261 13.13932568  0.66204804] -276.13247698008587
[ 6.83941809 -1.70544824  2.74149663  8.62670215 13.69773123  0.8156294 ] -276.9763034106855
[ 6.99573533 -2.31384846  2.10389137  8.41783033 13.73072733  0.72108154] -275.5397657958475
[ 6.69005006 -1.75238802  2.37199073  7.96344115 12.90751188  0.58528521] -275.96067393977154
[ 7.1875856  -2.32140662  2.11862184  8.60874362 14.40548727  0.82196075] -275.1249974448636
[ 6.82716132 -2.2042415   2.05834693  8.32797192 13.98187568  0.89702802] -275.9578272274874
[ 7.27864299 -2.06545739  2.34420614  8.6801032  14.68157582  0.92859638] -274.4537113653437
[ 7.58568752 -2.00410487  2.46179148  8.9318085  15.45270089  1.06187055] -274.4894078527043
[ 7.4493445  -2.60558824  2.07198936  9.13224201 15.50474427  1.11979627] -275.57478177574825
[ 7.51962762 -2.287517    2.39018062  9.03580127 14.93800333  0.88230955] -277.1271275933529
[ 7.0002779  -2.22506038  2.14130536  8.50492926 14.22090759  0.8933484 ] -275.03633940718044
[ 7.57663411 -1.74875439  2.46325052  8.75292178 15.28842649  0.98541468] -274.23639096092165
[ 7.95110836 -1.3163725   2.68273373  8.83719723 16.0432316   1.06873238] -274.3761014083598
[ 6.99740508 -1.47107305  2.54596567  8.07861056 13.49039259  0.63960381] -274.9592523698876
[ 7.45157084 -1.48188769  2.66142176  8.67994899 15.18429794  1.0111593 ] -273.7311719851258
[ 7.6794886  -1.06590731  2.94018696  8.81100832 15.91108325  1.15619818] -273.52636217654134
[ 7.42368823 -1.05582977  2.92054633  8.55645727 15.01140333  1.02169257] -273.7992879633789
[ 7.75213272 -0.76243247  3.1576098   8.67744763 15.45948159  0.9930863 ] -274.8338575487994
[ 8.00658141 -1.28020627  2.95683087  9.30337868 16.84635959  1.3646584 ] -275.7957029566424
[ 7.24969916 -1.42335636  2.64868197  8.38480259 14.32938434  0.82086746] -274.1616224941514
[ 7.08437593 -2.20915481  2.17554412  8.60699327 14.50057151  0.95376962] -274.75066922718247
[ 7.25131512 -1.84747423  2.42106054  8.62460686 14.74029903  0.96359879] -274.1247032271084
[ 7.51844991 -1.51346985  2.56338764  8.60193714 15.3291047   1.03099086] -273.6689286875754
[ 7.6211154  -0.81947325  2.97483185  8.56380812 15.52165789  1.06432446] -273.49205936029284
[ 7.7923516  -0.19648118  3.2901447   8.50566058 15.94169892  1.1321885 ] -273.7899787386309
[ 7.33795137 -0.82641586  3.02631457  8.42795166 14.99255102  1.03380943] -273.6523518318
[ 7.69430371 -0.95283373  2.96676066  8.81045386 16.17264873  1.26933731] -273.152806585413
[ 7.91660599 -0.71757242  3.12580001  9.0232795  17.09428093  1.49357224] -273.16054716406006
[ 7.84035062 -0.23050236  3.37628213  8.6325986  16.23918394  1.22851881] -273.6579194598288
[ 7.80686497 -0.74703769  3.02870828  8.72612863 16.37733984  1.23936711] -273.1242521706193
[ 7.99845334 -0.59264165  3.08278925  8.81096431 17.0603081   1.34820438] -273.22881494670514
[ 7.80824164 -0.03392022  3.54097384  8.72204592 16.40905019  1.29952758] -274.31990825023485
[ 7.59089785 -1.14358244  2.80778419  8.63196434 15.59909107  1.09812504] -273.3060179581606
[ 7.40319001 -1.62124773  2.53858004  8.69117305 15.28560666  1.05853503] -273.651911283471
[ 7.92733548 -1.29027819  2.72596942  8.98356045 16.6299248   1.26148628] -273.64530658969034
[ 8.03681199 -0.38512314  3.27616708  8.81780153 16.7849752   1.3044111 ] -273.6322234093574
[ 7.54915869 -0.41437433  3.27217692  8.47016115 15.49234053  1.11576812] -273.6761200026418
[ 7.83279128 -1.07130223  2.86252129  8.85521062 16.34552873  1.22505674] -273.347567156636
[ 7.37167528 -1.54825574  2.58409733  8.64838977 15.19080797  1.04639185] -273.6141950920736
[ 7.53795946 -1.25747259  2.75711477  8.69074271 15.58934978  1.11089666] -273.34360307695226
[ 7.68182229 -0.93132666  2.85905338  8.61509444 15.95745544  1.17950426] -273.25630157904754
[ 7.76043113 -1.2150452   2.78581568  8.87939008 16.49214664  1.30977125] -273.110786756944
[ 7.83008899 -1.41283118  2.69130759  9.03718106 16.97739102  1.43249464] -273.2613327040312
[ 7.52463518 -1.01113055  2.87255769  8.59604739 15.71714844  1.17727713] -273.2166088251401
[ 7.81502559 -0.74284617  3.01644519  8.7289502  16.51592694  1.31356404] -273.07128528687196
[ 7.95355865 -0.48553295  3.1461104   8.74805395 16.97921553  1.41489772] -273.18138255106754
[ 7.83679644 -0.72315756  3.03532943  8.8200572  16.81179761  1.39814866] -273.0266806473267
[ 7.95974574 -0.51294512  3.14910206  8.91410363 17.41815087  1.54816047] -273.12435493030324
[ 7.79753005 -0.86602363  3.04281893  8.90524802 16.73821396  1.38965091] -272.926108705434
[ 7.85538394 -0.83337212  3.1347017   9.05032481 17.12859323  1.49472423] -272.92367800602835
[ 8.06496674 -0.72696694  3.11669596  9.07572087 17.44900256  1.49769373] -273.21477289662516
[ 7.92988385 -0.79800784  3.05566139  8.9558025  17.01603903  1.41758958] -273.0421589582253
[ 7.97382492 -0.73365513  3.05212656  8.90976395 17.27463236  1.45505098] -273.09383885203715
[ 7.91691698 -0.93499032  2.99798504  9.05530095 17.36903876  1.5569158 ] -272.90228283525767
[ 7.97194299 -1.02896663  2.98262343  9.21988711 17.86488822  1.71569014] -272.9323793881661
[ 8.01551278 -0.37363117  3.31160076  8.96067646 17.54652934  1.56889319] -273.08655336320044
[ 7.81601494 -0.73501327  3.13178128  8.94727343 16.85467594  1.46156085] -272.9950600263961
[ 7.7078278  -1.21549791  2.81236725  8.89189324 16.35216116  1.3119412 ] -273.0778163884551
[ 7.78474904 -1.00503123  2.93717563  8.90908905 16.65075321  1.3761792 ] -272.9628482762035
[ 7.89822281 -0.93367794  3.08109963  9.18366578 17.42770564  1.58814207] -273.0028135776563
[ 7.77281087 -0.92373963  3.05036285  9.0327679  17.06481576  1.54096736] -272.8154927085935
[ 7.69427437 -0.98660553  3.04771358  9.07125061 17.08920413  1.60265624] -272.7815590923775
[ 7.81839092 -1.08640591  3.07482285  9.25224434 17.36152603  1.62857747] -272.99720810413885
[ 7.73035392 -0.92679485  3.02696039  8.91149529 16.72355812  1.45206253] -272.819828393332
[ 7.78084014 -0.72086319  3.01728302  8.7293337  16.57708176  1.35278881] -273.0940179535468
[ 7.80900323 -0.99502023  3.0604379   9.12151668 17.16541496  1.55963031] -272.8670632395526
[ 7.78087889 -1.15892482  2.93654347  9.0923857  17.18751153  1.55249525] -272.81097655519585
[ 7.81085473 -0.94020472  3.1309384   9.19166897 17.5703537   1.69664892] -272.74531033697247
[ 7.82390758 -0.90779147  3.22781979  9.33295893 18.03015395  1.85688378] -272.79989086542383
[ 7.72537677 -1.1474747   2.93215789  9.09754792 17.23976718  1.64541212] -272.82408002170644
[ 7.59999699 -1.11668464  3.04693217  9.1066541  16.95623112  1.61271932] -272.77051714875853
[ 7.638242   -1.09720952  2.97997741  9.03548418 17.09012696  1.62770115] -272.8762137444163
[ 7.76631292 -1.02056755  3.04032277  9.10000856 17.14659296  1.57664802] -272.7768491149837
[ 7.73551383 -0.90245267  3.14431237  9.06027315 16.98471668  1.51899798] -272.86968057113
[ 7.72791104 -1.08621919  2.98519651  9.08822923 17.17600455  1.61380858] -272.7638487626864
[ 7.72972239 -1.17627397  3.03558857  9.3052371  17.65174121  1.76626292] -272.7794416839713
[ 7.66214526 -0.94992705  3.15902053  9.19529715 17.34253103  1.73708608] -272.83467864626977
[ 7.75119548 -1.10667538  2.99216273  9.11811356 17.22626641  1.59864296] -272.75872287085997
[ 7.76772348 -1.16226963  3.02933347  9.23205323 17.48652585  1.68558733] -272.7209559705073
[ 7.80444803 -1.25010167  3.02014342  9.31245454 17.68518672  1.72705287] -272.72521414444486
[ 7.74494248 -0.96793306  3.03937345  8.97367211 16.86891698  1.49508879] -272.76717857588454
[ 7.70122848 -1.10609465  3.0343228   9.13678851 17.28150658  1.65751728] -272.721058926145
[ 7.90128824 -1.00644758  3.02351029  9.14018777 17.58029358  1.63637864] -272.821416228923
[ 7.6753198  -1.08912537  3.0410767   9.11503752 17.11224673  1.61863415] -272.7318524332427
[ 7.73313519 -1.19559659  3.03163676  9.32029156 17.74871762  1.79519095] -272.78365919972373
[ 7.74199066 -1.02484894  3.03743927  9.06032698 17.08886714  1.57011433] -272.73446149002984
[ 7.75485984 -1.05685371  3.10322795  9.1964337  17.41258425  1.66190641] -272.7113991881865
[ 7.76833424 -1.04217096  3.16224367  9.25053593 17.5308741   1.68595532] -272.731714644838
[ 7.73279685 -1.0197903   3.13328346  9.19265607 17.42442835  1.69815985] -272.69917510018
[ 7.72359753 -0.97634775  3.20384383  9.22992732 17.52350932  1.74791829] -272.713002011519
[ 7.6471183  -1.21278947  2.99528949  9.1194297  17.03169926  1.60065753] -272.70655273431737
[ 7.68435826 -1.1907921   3.07473868  9.2704726  17.49412986  1.73737319] -272.71298008227444
[ 7.75404193 -1.16040458  3.08232192  9.26757375 17.59804466  1.72843305] -272.68143270018174
[ 7.793403   -1.19604418  3.10294454  9.34384187 17.84094362  1.7833325 ] -272.6811803070062
[ 7.75885809 -1.17341847  3.11194973  9.31484054 17.61526382  1.73148832] -272.71812941848816
[ 7.68940797 -1.12095978  3.14447781  9.2471716  17.4531572   1.7187186 ] -272.6816210973486
[ 7.67512331 -1.09232471  3.07270425  9.14182797 17.27038369  1.66856104] -272.7048207424988
[ 7.74654483 -1.04212862  3.10923715  9.14331437 17.31693559  1.63973879] -272.6638651325707
[ 7.77763812 -0.96779688  3.12648638  9.07973525 17.22833846  1.59092159] -272.6659354682936
[ 7.67327158 -1.17115865  3.08275095  9.19964683 17.36659832  1.70781636] -272.657965904261
[ 7.63247745 -1.22831112  3.07251245  9.20125339 17.34360535  1.73077133] -272.6683530468364
[ 7.78973088 -1.00134594  3.21984323  9.30338987 17.85911633  1.80478485] -272.68910084205885
[ 7.79992839 -1.09148445  3.1914748   9.33484556 17.81667611  1.78228927] -272.66705085078013
[ 7.76463204 -1.18791691  3.15029269  9.33141396 17.79338071  1.78073361] -272.6324809800459
[ 7.78054963 -1.27198022  3.15879731  9.4007929  17.97785689  1.82202048] -272.6286852481535
[ 7.70463759 -1.2965727   3.04338429  9.25314784 17.39827292  1.67985382] -272.64077495226616
[ 7.81003704 -1.23549649  3.08505186  9.3113582  17.78593728  1.75296514] -272.6385512644722
[ 7.71158669 -1.17356286  3.12062092  9.20386003 17.37981542  1.67822879] -272.58888199964395
[ 7.67067854 -1.1623222   3.1294591   9.13386911 17.14925133  1.62567694] -272.56801919290837
[ 7.66197801 -1.30173517  3.01141876  9.14586418 17.181608    1.6270679 ] -272.650924465409
[ 7.68717263 -1.43762652  3.06105027  9.33824532 17.63623932  1.76539476] -272.6177296903425
[ 7.76507957 -1.39741912  3.08030291  9.32811236 17.67645693  1.71650999] -272.5700231849008
[ 7.81074032 -1.29873724  3.17459649  9.44264439 18.02639689  1.82707248] -272.6166196218455
[ 7.80344832 -1.30462123  3.18636837  9.39852625 18.01910662  1.82335944] -272.55912488578764
[ 7.85285369 -1.3086455   3.25786041  9.47121545 18.32952348  1.89511226] -272.57003573966244
[ 7.69585263 -1.38873902  3.17847296  9.36937192 17.70916538  1.77371289] -272.52797821047847
[ 7.63876043 -1.46536029  3.2251835   9.39837878 17.67077942  1.78408676] -272.51878120216907
[ 7.67807697 -1.41671531  3.12685624  9.2791325  17.41488661  1.69201297] -272.4820191365702
[ 7.62684064 -1.48908285  3.11088571  9.2183023  17.13340147  1.62700922] -272.4451450436975
[ 7.7513433  -1.26822112  3.24121509  9.30169908 17.58889157  1.70251018] -272.44289378469375
[ 7.78342864 -1.18351841  3.3312975   9.28342595 17.56521769  1.6710679 ] -272.4171178615089
[ 7.61867172 -1.36870413  3.17990254  9.14422719 17.0450076   1.58883094] -272.41939937007794
[ 7.61552986 -1.26045059  3.307396    9.19746417 17.18446445  1.65683374] -272.4154612434667
[ 7.540755   -1.19196632  3.42094254  9.13214008 16.93846821  1.62699562] -272.4754620182816
[ 7.691548   -1.52825697  3.3175521   9.41290577 17.72340776  1.7580524 ] -272.3366600800549
[ 7.70198273 -1.71122436  3.4115986   9.5524241  18.01048598  1.82424012] -272.3177476968014
[ 7.52495635 -1.52149231  3.33571958  9.19954791 16.85067891  1.56066345] -272.35853881357764
[ 7.65170955 -1.37946393  3.33374981  9.13341843 16.92563927  1.52546169] -272.22772944270355
[ 7.65818411 -1.33651575  3.38803296  9.00093826 16.5530692   1.39614916] -272.18865226254013
[ 7.67407717 -1.30488566  3.54043001  9.24104023 17.26957314  1.60558589] -272.2133749149748
[ 7.70071456 -1.40399157  3.59158901  9.34738635 17.43282219  1.64934915] -272.2302159224939
[ 7.50838628 -1.66266833  3.52695789  9.22950772 16.86848026  1.55987261] -272.17579659352964
[ 7.37086511 -1.90224329  3.62478808  9.2025486  16.52011155  1.50427497] -272.27860303020947
[ 7.64057054 -1.71980874  3.62404669  9.32615069 17.14390544  1.54178638] -272.0207702859065
[ 7.65309088 -1.94948782  3.78237204  9.39049394 17.12362594  1.4842627 ] -271.9518083576053
[ 7.77385556 -1.60143219  3.74460725  9.38771562 17.56867333  1.61248976] -271.88388940432924
[ 7.89830517 -1.64140212  3.94905109  9.48179947 17.92767054  1.63840291] -271.7425956163494
[ 7.66227    -1.38842606  3.84787906  9.01129789 16.38126111  1.28696735] -272.1204911373533
[ 7.65072331 -1.69047035  3.75331867  9.10430615 16.60840454  1.34106439] -271.8013616570003
[ 7.66957608 -1.91810448  3.87544056  9.16507425 16.55126406  1.29665382] -271.74431309756784
[ 7.68926646 -2.0803373   4.19030681  9.45988822 17.26716629  1.47292543] -271.83732936942954
[ 7.89935768 -1.89340772  4.27249819  9.30811226 17.08465056  1.28021959] -271.66695031423563
[ 8.09484338 -2.00877741  4.64526834  9.34741452 17.19273571  1.14039309] -271.8467603052278
[ 7.8245032  -2.3359772   4.09311672  9.62526021 17.80633286  1.5508756 ] -271.68745672843994
[ 7.89081975 -1.90374524  4.26220531  9.32431957 17.29153701  1.37578455] -271.40508394635475
[ 8.00968419 -1.88087395  4.50212194  9.29123239 17.37549254  1.32154547] -271.2389153518309
[ 7.96145008 -1.70640797  3.95820891  9.19870669 17.18410541  1.33666183] -271.47648927442265
[ 8.10356883 -2.10158747  4.4634938   9.5857556  18.03476745  1.46705535] -271.45387549061087
[ 8.2293803  -1.93511433  4.53738966  9.66521462 18.58640906  1.56826643] -271.47595882956125
[ 8.11100959 -2.30972076  4.65989199  9.40962779 17.42958209  1.20313852] -271.33423988941746
[ 8.28031369 -1.60639353  4.70475144  9.19428957 17.42533618  1.17475346] -271.438296227575
[ 8.33244454 -1.95329162  4.66945439  9.47349663 18.26058035  1.41025409] -271.17335560872056
[ 8.54898797 -1.98323357  4.8679325   9.55618882 18.84854524  1.47527135] -271.28471065358553
[ 8.39401696 -2.22258591  5.22082549  9.67449884 18.51995048  1.37834261] -271.50790835069625
[ 8.0695918  -1.83545246  4.27386306  9.31765473 17.51806668  1.34708203] -271.31431145282363
[ 8.07282392 -1.96065893  4.55380255  9.09213762 16.7615327   1.07300987] -271.2955370819388
[ 8.18838708 -1.74720961  4.65780133  9.00705731 16.88876273  1.04287247] -271.2622775839622
[ 7.98100002 -2.28934225  4.40089364  9.33611258 17.31933619  1.29121402] -271.20942105785645
[ 8.10696759 -1.57922218  4.35942032  9.0962693  17.27834164  1.29218747] -271.21823398317383
[ 8.16084398 -1.96808039  4.77396833  9.11444721 17.1099487   1.12994577] -271.0996230170271
[ 8.20647007 -2.03439436  5.02402097  9.01284345 16.90588972  1.02137765] -271.1750622126836
[ 8.18695188 -1.84534774  4.56741744  9.34740086 17.98262135  1.42299656] -271.14592748537314
[ 8.07091032 -2.09150977  4.43329069  9.54592902 18.22001086  1.579842  ] -271.25761435005336
[ 8.10027951 -2.00543473  4.48941835  9.41121109 17.88719883  1.44559961] -271.14665784492587
[ 8.27981165 -1.99936568  4.58473555  9.30174683 17.90384981  1.34252037] -271.1607707091443
[ 8.24014293 -2.44106529  4.80254225  9.56520244 18.20950344  1.38865601] -271.20217777187406
[ 8.45249148 -1.78151957  4.8949518   9.40172244 18.4652313   1.42211012] -271.1620998604563
[ 8.26413142 -1.40994796  4.52410637  9.11813925 17.66030668  1.3358195 ] -271.24385718692787
[ 8.24614005 -2.18328595  4.73293328  9.45343664 18.07220425  1.37544688] -271.1111432459409
[ 8.14306165 -1.9743864   4.67835386  9.20315839 17.54643773  1.30261901] -271.1473054815799
[ 7.91987142 -2.2104474   4.38065714  9.20874457 17.03552225  1.25093262] -271.2192143271882
[ 8.31933647 -1.88875152  4.76637813  9.35347797 18.10780404  1.37931574] -271.0974384712525
[ 8.1057262  -1.95572989  4.75142092  9.32596389 17.66488849  1.34278749] -271.11423168414353
[ 8.23003105 -1.97449034  4.68215829  9.46548749 18.06178415  1.39607834] -271.1798443403596
[ 8.164804   -1.97441239  4.67930497  9.26874067 17.67527434  1.32598384] -271.0922242909573
[ 8.29432135 -1.93310123  4.93438933  9.20994466 17.65038156  1.21322581] -271.0918711798549
[ 8.39134227 -1.89693449  5.15687483  9.10931144 17.53197293  1.09703892] -271.206730422311
[ 8.2434388  -2.12243939  4.97871421  9.22793615 17.44421244  1.16590529] -271.0697677867478
[ 8.27168225 -2.26098522  5.1843626   9.1682038  17.17500799  1.03735966] -271.16796022552523
[ 8.37056869 -2.06762707  4.87047517  9.21669721 17.68838662  1.18715363] -271.1478808504398
[ 8.17193682 -1.98370419  4.78118448  9.29864722 17.67076302  1.30387902] -271.0697679079122
[ 8.20542042 -1.77354375  4.90504654  9.03762799 17.14725712  1.13063828] -271.1375496002519
[ 8.23596015 -2.0808504   4.77596159  9.34948448 17.84096747  1.31424473] -271.06840293660025
[ 8.31575521 -2.02633932  4.86467591  9.45496317 18.35318559  1.43757238] -271.1393435540708
[ 8.19957179 -1.98264512  4.79664523  9.1995762  17.42075792  1.20685242] -271.0653935289486
[ 8.11734116 -2.13696605  4.88235514  9.16463182 17.12631488  1.13071463] -271.1135255168164
[ 8.26883764 -1.95080516  4.79537238  9.30626643 17.86243175  1.31716547] -271.06650283024794
[ 8.30655152 -2.04343611  5.00811745  9.26187771 17.62123039  1.18110707] -271.08379534261235
[ 8.18111089 -2.12152556  4.77760911  9.33798474 17.6364061   1.28315885] -271.0632382567196
[ 8.12450565 -2.21573772  4.699219    9.40200479 17.62941837  1.31812537] -271.1075396820229
[ 8.12706718 -2.03722049  4.62704489  9.3114207  17.67061585  1.34929486] -271.0836106177395
[ 8.17193826 -2.0387744   4.72231303  9.29903495 17.65826948  1.30724791] -271.0611510859896
[ 8.26168235 -2.11530915  4.83435404  9.27478043 17.6169187   1.22764587] -271.05700136485206
[ 8.30655512 -2.18111164  4.86093882  9.26284704 17.58999654  1.18952929] -271.083913698648
[ 8.19626156 -1.97419721  4.58870425  9.36110626 17.90103803  1.38619979] -271.1006251781138
[ 8.23164449 -2.08537884  4.88121172  9.26122868 17.55841884  1.22097892] -271.05281432210387
[ 8.20230166 -2.01729567  4.82654024  9.21013934 17.41010014  1.20677175] -271.0509909199539
[ 8.18547242 -1.98551831  4.85182957  9.14046677 17.19466647  1.15303526] -271.06830001865137
[ 8.1472455  -2.16950443  4.81751874  9.22131502 17.23785865  1.16705311] -271.07891065916573
[ 8.23843961 -2.00547997  4.80090897  9.28502858 17.70628847  1.27963738] -271.0519466072044
[ 8.2294673  -2.14527608  4.81766715  9.35648937 17.77470932  1.3016278 ] -271.0468642982552
[ 8.24441505 -2.22659155  4.82817811  9.43494596 17.95168502  1.34901549] -271.06348860814666
[ 8.26404701 -2.01431248  4.85005594  9.22424904 17.60516222  1.23147769] -271.06626832161845
[ 8.20184492 -2.09472229  4.79572082  9.30955082 17.62859513  1.27023856] -271.05117083256783
[ 8.28318851 -2.11571294  4.92982129  9.26670412 17.57340738  1.19505218] -271.05786889052797
[ 8.25537595 -2.0964783   4.87794422  9.27478683 17.59462291  1.22310111] -271.04856223398167
[ 8.19134229 -2.03290123  4.83231034  9.29096077 17.60732624  1.2731393 ] -271.05035818120086
[ 8.20794608 -2.04533901  4.76915219  9.31442322 17.68212856  1.29719305] -271.0436122480615
[ 8.19609688 -2.02531909  4.71312243  9.34102049 17.74398342  1.33530012] -271.04809747685226
[ 8.19098646 -2.13852422  4.83886935  9.30042154 17.52620562  1.24438648] -271.04940616404133
[ 8.22396166 -2.06388255  4.85844034  9.27285621 17.56976913  1.24516794] -271.0353466579746
[ 8.23502004 -2.04846268  4.88980011  9.2545089  17.54035613  1.23263263] -271.03133928980367
[ 8.23441104 -2.15169817  4.84870754  9.38705754 17.83168279  1.31725504] -271.0492438995425
[ 8.25972667 -2.17569159  4.84840318  9.33826837 17.70924221  1.26559274] -271.04210814659876
[ 8.28299591 -2.08245772  4.84502212  9.34142321 17.85137502  1.30141431] -271.0446937733734
[ 8.25576627 -2.04620362  4.83395545  9.23957576 17.55246192  1.2232655 ] -271.04386583599853
[ 8.23493147 -2.08466526  4.79005584  9.34010945 17.77546815  1.31747423] -271.0295539557249
[ 8.22470923 -2.07875874  4.74611165  9.37277075 17.86589077  1.36466078] -271.03085292059023
[ 8.26266152 -2.01566388  4.84112915  9.25294693 17.59563468  1.24422968] -271.0284483293017
[ 8.27925863 -1.95085778  4.85286015  9.2011757  17.50609735  1.21553062] -271.034812717277
[ 8.20235478 -2.05621763  4.81247652  9.238521   17.4337222   1.22538163] -271.0343175122737
[ 8.21178058 -2.09580972  4.81638355  9.34001686 17.69305538  1.30423582] -271.02875102789534
[ 8.26087894 -2.11349791  4.89693059  9.27370061 17.56703102  1.23265586] -271.0212159950398
[ 8.28734536 -2.14757737  4.96081979  9.25333931 17.50948225  1.20038726] -271.024053995805
[ 8.20948244 -1.96241411  4.8338554   9.22833289 17.49251364  1.25327721] -271.025313474562
[ 8.26923022 -2.05062023  4.87690836  9.32468421 17.7876308   1.30278684] -271.0200745529884
[ 8.30266793 -2.04782153  4.90912427  9.36776582 17.9645851   1.34148944] -271.02497896902037
[ 8.24796835 -2.05909436  4.79528753  9.33208808 17.76342176  1.31892059] -271.0148332786705
[ 8.25444251 -2.0644102   4.74803124  9.37087767 17.87495457  1.36206457] -271.01843938289034
[ 8.25240254 -2.01436814  4.89677568  9.24381375 17.52429428  1.2345611 ] -271.0180399109851
[ 8.28909408 -1.97607649  4.89724535  9.21183862 17.55045334  1.22457461] -271.025044060364
[ 8.247024   -2.04302653  4.89120516  9.28520579 17.63281361  1.27802905] -271.0023417945109
[ 8.23920525 -2.05670786  4.91624316  9.30133523 17.65140307  1.29492874] -270.9937938182925
[ 8.31011069 -2.12770755  4.92594149  9.33415395 17.78889779  1.28286537] -271.0131744179915
[ 8.23750458 -2.16458886  4.87211692  9.39141998 17.81043956  1.33099822] -271.0229526536564
[ 8.25040195 -2.11746077  4.87839903  9.34652464 17.74544301  1.30439232] -271.0115734872433
[ 8.26222739 -2.02848839  4.86625449  9.35383267 17.85333255  1.34682913] -271.0050198670617
[ 8.25154184 -2.0839888   4.88272543  9.31256523 17.65463335  1.29137891] -270.9938739720146
[ 8.26808262 -2.14344777  4.85817469  9.41635285 17.96141623  1.37854391] -271.00685369978834
[ 8.27922156 -2.12683935  4.98062524  9.35616678 17.7882869   1.31405887] -270.99252715059094
[ 8.29484817 -2.16071185  5.07329409  9.36820613 17.80071948  1.31162802] -270.994980936004
[ 8.20678285 -2.05793676  4.86819919  9.36143852 17.76260725  1.36051193] -271.004076830629
[ 8.25195189 -2.0483422   4.91234171  9.35403911 17.81178344  1.35769151] -270.97913034581467
[ 8.25272685 -2.01378292  4.92931305  9.35779635 17.84495366  1.38434111] -270.9673424266406
[ 8.22915263 -1.97913359  4.95627883  9.26469207 17.55698937  1.28547232] -270.99920888524355
[ 8.22398294 -2.07764137  4.97820715  9.29749872 17.56629199  1.29673483] -270.983856340944
[ 8.28516084 -2.05476121  5.01293176  9.2685796  17.59157886  1.261793  ] -270.9809112489795
[ 8.28146046 -2.15877358  4.94373643  9.36662189 17.80872658  1.3289395 ] -270.9794026835258
[ 8.26904412 -2.07884663  5.03762683  9.33676763 17.762447    1.33555311] -270.968736498247
[ 8.29132701 -2.11350716  5.04457032  9.35980843 17.80269193  1.34554473] -270.95696838173717
[ 8.31738789 -2.14190681  5.10873391  9.38904503 17.87833635  1.37085273] -270.94608664141964
[ 8.2640328  -2.04839815  5.02289114  9.3159363  17.69582458  1.34534588] -270.9404088224388
[ 8.25643842 -2.00917755  5.04402409  9.29582106 17.64959341  1.36098939] -270.92232840015396
[ 8.33008993 -2.07477487  5.04724821  9.37404514 17.94558664  1.38408811] -270.93682182735364
[ 8.28388839 -2.10432625  5.02396241  9.43811943 18.03830235  1.45979499] -270.93742519392197
[ 8.28839807 -1.98216477  5.11989973  9.36390965 17.8976799   1.43626697] -270.92936835144616
[ 8.30726573 -2.02986442  5.05343364  9.40281126 17.9890371   1.46322466] -270.90085970246935
[ 8.32637653 -2.00537332  5.06133704  9.43583307 18.10233214  1.52706043] -270.87591046196275
[ 8.34813289 -2.09212494  5.20575542  9.40779478 17.99232327  1.46200977] -270.8812327988343
[ 8.29372019 -1.94740708  5.05867506  9.38279601 17.99693622  1.50588383] -270.8828614593819
[ 8.33049696 -1.93268126  5.15501744  9.31528047 17.82318151  1.43230452] -270.87594244084016
[ 8.28443109 -1.91486811  5.16765472  9.35976654 17.87509551  1.52408352] -270.880023543856
[ 8.32480062 -1.98504598  5.11092152  9.368521   17.91547413  1.50117684] -270.82792847795866
[ 8.34300189 -1.98648659  5.10643242  9.37082667 17.92437124  1.53363178] -270.78092173253754
[ 8.38561476 -1.95046955  5.20759994  9.46161146 18.25515322  1.63400189] -270.8181562533921
[ 8.37896452 -2.01326084  5.24259059  9.40090832 17.99388275  1.53181348] -270.82100057082
[ 8.33482903 -1.84225495  5.10778863  9.37361407 17.99901552  1.59895544] -270.80667322969146
[ 8.41533013 -1.9953074   5.12593397  9.42625814 18.15754995  1.56183899] -270.79440727742303
[ 8.397542   -1.99836962  5.12887676  9.50773677 18.3209201   1.69679615] -270.77160241162153
[ 8.43106451 -2.0312138   5.11580642  9.60396492 18.56978939  1.82904197] -270.7676372664106
[ 8.43655842 -1.93429105  5.24071361  9.44322812 18.19758855  1.70270075] -270.7070590338454
[ 8.49164937 -1.89874992  5.3304019   9.44692564 18.24521675  1.79052091] -270.65063770455674
[ 8.42153204 -1.88823323  5.0887305   9.49349198 18.38981594  1.78418352] -270.7078602407463
[ 8.42685423 -1.93027908  5.08409801  9.44341568 18.17343305  1.73205564] -270.6654317834443
[ 8.50831504 -2.06783505  5.17601244  9.55468028 18.48770992  1.81146883] -270.66345467752325
[ 8.4588089  -1.9389585   5.17455992  9.54484358 18.43922882  1.93179523] -270.62379615083375
[ 8.48054828 -1.91078405  5.1988729   9.60413629 18.58006825  2.11677334] -270.6023422168067
[ 8.57698593 -1.92254512  5.22487497  9.67804493 18.89097319  2.15438296] -270.6609175499475
[ 8.53756378 -1.84159502  5.25185715  9.46960001 18.35261631  1.96741976] -270.52941565975937
[ 8.59081341 -1.74678563  5.31988252  9.40241756 18.24402976  2.03660866] -270.46256235739264
[ 8.60352338 -1.93742639  5.35598374  9.54971481 18.48399436  2.09641993] -270.5329925210799
[ 8.6570909  -1.89776297  5.45124482  9.63522416 18.8038977   2.27000257] -270.55737898122646
[ 8.62522205 -1.7035163   5.45107451  9.55080752 18.59501675  2.34343396] -270.587308758541
[ 8.57262986 -1.77579663  5.47761183  9.3850304  18.09310133  2.06353683] -270.49429290069634
[ 8.68495993 -1.7586074   5.42115487  9.59551794 18.68815264  2.51840419] -270.5268683463341
[ 8.76419824 -1.69584773  5.62677787  9.43543451 18.38932926  2.3260287 ] -270.5045596195391
[ 8.66584985 -1.90055928  5.43314404  9.45030561 18.30581827  2.09356633] -270.4233727707858
[ 8.68616375 -1.99908076  5.4241788   9.40005465 18.16121903  1.96863252] -270.42627647234417
[ 8.63690066 -1.70724472  5.42694014  9.30424945 17.93091084  2.10818564] -270.4414965738587
[ 8.70159394 -1.59085408  5.54585335  9.30793701 18.06645301  2.28569018] -270.4409913428872
[ 8.62570206 -1.71375529  5.52224837  9.16627357 17.65506152  1.78613459] -270.5621665476301
[ 8.67014546 -1.74739437  5.44642825  9.48820685 18.42987986  2.33533679] -270.45530667969365
[ 8.51511283 -1.79369717  5.25650884  9.34394779 17.96740176  1.98161278] -270.4277081896841
[ 8.68750885 -1.71971512  5.33197388  9.38065768 18.22172983  2.21679663] -270.378235214118
[ 8.74494835 -1.69167436  5.25915491  9.37847133 18.28604408  2.29342654] -270.3750577173689
[ 8.72070361 -1.7303557   5.46946065  9.35528845 18.08480618  2.32933076] -270.38525168685976
[ 8.65822429 -1.72406739  5.3505924   9.22519303 17.78393152  2.02860062] -270.3922721415105
[ 8.69857697 -1.76982461  5.34463125  9.38279828 18.23390743  2.22922343] -270.3276235488861
[ 8.72941512 -1.80111455  5.30347681  9.4220727  18.38540572  2.28974232] -270.3023583976682
[ 8.64315741 -1.95630207  5.14492587  9.41715596 18.20468284  2.0530696 ] -270.3883937021104
[ 8.87232005 -1.80766061  5.39707605  9.4055479  18.38282778  2.38096595] -270.39484621230446
[ 8.79040642 -1.66983228  5.20841819  9.28427085 18.0700811   2.36481227] -270.3629645362912
[ 8.55663168 -1.71678818  5.18160022  9.28860287 17.88882271  2.07202809] -270.35770069635225
[ 8.73686325 -1.79795499  5.17175316  9.49009435 18.52268269  2.43886924] -270.3408819032356
[ 8.7831654  -1.51293794  5.38636211  9.32244422 18.20793132  2.54300014] -270.3861189661577
[ 8.7481634  -1.62377898  5.32600305  9.34612216 18.2071192   2.4205175 ] -270.33888053845675
[ 8.71477246 -1.70335875  5.01400813  9.3812563  18.36857899  2.29713456] -270.37142817506276
[ 8.6804691  -1.74593488  5.14259828  9.35900174 18.19485272  2.33427479] -270.265391864159
[ 8.64822948 -1.77306514  5.08431996  9.34926695 18.14925704  2.35469892] -270.2289290523584
[ 8.68846399 -1.75748596  5.41118234  9.34555366 18.0392105   2.34975489] -270.30622374008584
[ 8.57884922 -1.82023031  5.28436032  9.46296671 18.32741818  2.27705805] -270.3200354112702
[ 8.8200298  -1.80775513  5.34543166  9.51675598 18.65487507  2.63818555] -270.28742972275313
[ 8.66752042 -1.72985504  5.41317155  9.3241517  18.06507922  2.33778318] -270.24526339302145
[ 8.62933927 -1.93938974  5.28797783  9.46080041 18.33329604  2.3285568 ] -270.21236015946397
[ 8.56992721 -2.09719512  5.26896521  9.51813954 18.39638446  2.28257645] -270.2287776064831
[ 8.81548348 -1.78265821  5.33082639  9.34323375 18.21495635  2.4891825 ] -270.2508045618857
[ 8.74820854 -1.85379331  5.17721906  9.4598735  18.56174598  2.46296153] -270.2411858840776
[ 8.71352188 -1.82772431  5.24283868  9.39595474 18.27433084  2.58071384] -270.15421327743275
[ 8.70557525 -1.84102919  5.21251961  9.38289576 18.21879341  2.72619959] -270.13068758131175
[ 8.58475568 -1.83217508  5.15657981  9.25665138 17.85950094  2.26160862] -270.1834685746437
[ 8.51239273 -1.87377762  5.11310288  9.40131282 18.18093453  2.33475372] -270.19474344022893
[ 8.60864656 -1.97455499  4.93073483  9.44611524 18.36943009  2.48514322] -270.2365656092573
[ 8.48143779 -1.8908706   5.08452591  9.30580735 17.80865804  2.36735876] -270.1424065663854
[ 8.57859684 -1.74221414  5.38227384  9.27279631 17.8140499   2.30591558] -270.2415116821644
[ 8.60113413 -1.91646978  5.04361958  9.40278551 18.23058505  2.44033631] -270.17187303479477
[ 8.52331548 -1.99150552  5.21512191  9.38748412 18.06133229  2.46490568] -270.11521078885033
[ 8.46085847 -2.10072571  5.28052289  9.40659271 18.01736992  2.52000906] -270.1470283293024
[ 8.50686441 -1.84255286  4.98717874  9.2515119  17.78663871  2.53649743] -270.161688178452
[ 8.62196818 -1.89775672  5.12007897  9.26106586 17.80756828  2.59754841] -270.1305378968115
[ 8.5620094  -1.96121981  5.0644351   9.40719879 18.11169099  2.78267344] -270.11738861521
[ 8.53258937 -1.89184179  5.18433383  9.26253575 17.70097553  2.71805813] -270.1156130519306
[ 8.63543408 -1.98218835  5.30649304  9.41748397 18.11636747  2.68241724] -270.09435980960194
[ 8.69971891 -2.0520061   5.46615018  9.50047    18.28123185  2.75537715] -270.15675761065353
[ 8.7121928  -1.96430986  5.28313491  9.40041406 18.19691795  2.95657541] -270.1277661015238
[ 8.49026118 -2.05524483  5.17867965  9.32916509 17.77949076  2.67452651] -270.1025570301189
[ 8.52996592 -2.05101334  5.29065384  9.47369474 18.18135671  2.82883706] -270.1206854419971
[ 8.37899901 -2.01336136  5.13010421  9.35877342 17.78681996  2.42723061] -270.1664704412962
[ 8.62889435 -1.97657273  5.24487724  9.3900039  18.09439345  2.82423921] -270.09263834473063
[ 8.59420203 -1.90184434  5.10732642  9.2575958  17.77339345  2.55343635] -270.1250729390384
[ 8.54602495 -2.01372109  5.24482198  9.41967    18.0793659   2.75998688] -270.09447641276637
[ 8.5568304  -2.0091383   5.39367412  9.32824883 17.83228415  2.59203778] -270.0936147161324
[ 8.59433077 -2.11761515  5.34355548  9.49481622 18.28676915  2.61464631] -270.1007956491836
[ 8.62727643 -2.05998796  5.35557859  9.40564522 18.001558    2.91771229] -270.1096566969527
[ 8.60128619 -2.04286735  5.32046442  9.40110494 18.01650157  2.80451064] -270.0855604549728
[ 8.69733907 -1.99212283  5.43928244  9.4879442  18.36240313  2.75141951] -270.11670882130943
[ 8.54203065 -2.03946433  5.24383035  9.36885987 17.92521885  2.69374976] -270.084211500866
[ 8.5758361  -1.90370223  5.2411649   9.28030761 17.73460798  2.83766753] -270.12969563019107
[ 8.5897071  -2.06413692  5.31795784  9.44118907 18.14872886  2.67040161] -270.08255885166307
[ 8.63870264 -2.02440157  5.36427701  9.36262686 17.96513222  2.6624652 ] -270.0784191659827
[ 8.68504149 -2.02974181  5.42400453  9.33410528 17.90801538  2.61370437] -270.09725831749125
[ 8.55038304 -2.07000538  5.32186729  9.34652719 17.8777189   2.73338416] -270.09761478315
[ 8.61417132 -2.00414261  5.3103366   9.39974477 18.05670533  2.69515897] -270.08068748985147
[ 8.64810035 -2.04139021  5.20690703  9.45959431 18.23660928  2.85813735] -270.10319990994833
[ 8.57964789 -2.01720127  5.34698235  9.3610852  17.93336543  2.65856267] -270.0804435939859
[ 8.55962092 -2.08749862  5.38973895  9.38819967 17.92082397  2.57071041] -270.094535491866
[ 8.61157599 -2.0043042   5.28109267  9.38955284 18.05100108  2.76085701] -270.07988621482315
[ 8.590659   -2.00834962  5.30102785  9.37324793 18.01021568  2.57588777] -270.07979131689245
[ 8.666124   -2.00138107  5.39672776  9.40695569 18.12983068  2.64736132] -270.0888491455078
[ 8.57305399 -2.02994352  5.2820547   9.37838382 17.97637181  2.68215265] -270.07826204731083
[ 8.61289651 -1.96531068  5.31063256  9.3136914  17.84886833  2.67462648] -270.0858472833772
[ 8.59550446 -2.03943036  5.31612652  9.40931465 18.07376372  2.67145783] -270.07687889369174
[ 8.58221001 -2.03706757  5.32018376  9.35832566 17.94657799  2.64196874] -270.07656048008363
[ 8.56622935 -2.05353005  5.32510735  9.3376161  17.89151432  2.61537362] -270.0854321392254
[ 8.61758747 -2.03063101  5.27460516  9.39606539 18.07432208  2.67303373] -270.07592154886464
[ 8.63655727 -2.03734587  5.23841656  9.41355549 18.1448004   2.68026926] -270.0834140120711
[ 8.5876632  -2.05230368  5.33833233  9.36976859 17.96446009  2.54146496] -270.08020907049206
[ 8.60559779 -2.01630407  5.29540258  9.38460678 18.02936583  2.706009  ] -270.07580673628877
[ 8.61355978 -2.05090975  5.31652206  9.3898598  18.01162887  2.76980795] -270.0786544060401
[ 8.60783459 -2.04026972  5.31264851  9.38570683 18.01127557  2.7213279 ] -270.0751788279557
[ 8.55522679 -2.04014718  5.23606339  9.40817419 18.07209345  2.70285141] -270.08713866235524
[ 8.61783368 -2.02833797  5.33222361  9.37401369 17.99187253  2.67256176] -270.07460300336
[ 8.63580201 -2.03407005  5.33500868  9.39096051 18.06602076  2.679967  ] -270.0738151912514
[ 8.66717602 -2.03613332  5.36148567  9.39724886 18.11084524  2.67887418] -270.0775640968996
[ 8.62678406 -2.02279644  5.30723092  9.35391163 17.96604786  2.69349821] -270.07668500439235
[ 8.61896416 -2.02695492  5.30945482  9.36776239 17.99297683  2.68798812] -270.07466361979414
[ 8.6523299  -2.02178834  5.29959735  9.4080462  18.10869988  2.73832709] -270.08221753392553
[ 8.59973998 -2.03324776  5.31503716  9.3707558  17.98710846  2.66605833] -270.0739888650248
[ 8.61100326 -2.02909716  5.3586533   9.36186994 17.95188459  2.70493697] -270.0774457435034
[ 8.61594142 -2.03024754  5.29561719  9.38751653 18.0437127   2.68100954] -270.07435099450777
[ 8.62644082 -2.04807192  5.33792741  9.37429847 18.00162312  2.66362855] -270.0732030654637
[ 8.63686233 -2.06395584  5.35918982  9.36914431 17.98775176  2.64243833] -270.073921475363
[ 8.6304061  -2.02670701  5.32910778  9.36939563 18.0164959   2.62907653] -270.0746292927843
[ 8.62309051 -2.03993917  5.33885246  9.38788449 18.04263433  2.64277912] -270.0741092582305
[ 8.60921004 -2.0445978   5.32244772  9.39241419 18.02782807  2.70625824] -270.07443197528596
[ 8.61890791 -2.04838677  5.31607326  9.39392964 18.06443662  2.67400517] -270.0734777278334
[ 8.63076418 -2.03338994  5.32372433  9.37603428 18.04068393  2.62955767] -270.07495243425024
[ 8.61459857 -2.04179583  5.32276687  9.38831922 18.03104204  2.68708309] -270.0736832553395
[ 8.62358518 -2.05158962  5.35960476  9.38119951 18.02057574  2.65683088] -270.0731195049069
[ 8.62740706 -2.06226066  5.39159854  9.378041   18.00900726  2.64474155] -270.07416530580707
[ 8.61660098 -2.04578149  5.32328692  9.37860323 18.01430125  2.69974522] -270.07381534488997
[ 8.64557185 -2.0566508   5.34985214  9.39834773 18.07889138  2.68769498] -270.07402124262495
[ 8.61119795 -2.03909852  5.32374091  9.37765378 18.01005419  2.67146749] -270.07325907603456
[ 8.62690983 -2.04188942  5.34175371  9.39018381 18.05028291  2.64458217] -270.07427147383316
[ 8.6191782  -2.04480847  5.32790362  9.38149837 18.02329667  2.68595446] -270.0731925915582
[ 8.60216753 -2.05718033  5.3276636   9.37467248 17.98432203  2.66635621] -270.07285494677745
[ 8.58535029 -2.06873547  5.32399105  9.36652847 17.94347266  2.65955082] -270.0762557966387
[ 8.61922729 -2.05458271  5.34153764  9.37276487 18.00372742  2.65233116] -270.0730285676921
[ 8.61502441 -2.05005708  5.35671938  9.36009952 17.95009643  2.65818442] -270.07453821608044
[ 8.61793704 -2.04880435  5.32623479  9.38547211 18.03585158  2.67004998] -270.0729277736222
[ 8.62498074 -2.06258061  5.34988303  9.37898149 18.01307799  2.66024959] -270.07266675162225
[ 8.63187213 -2.07432166  5.36295409  9.37964535 18.01458989  2.65464064] -270.07282741690574
[ 8.60925117 -2.05844345  5.33968174  9.38389781 18.02532735  2.66696221] -270.0732011463007
[ 8.61354858 -2.05585057  5.33924316  9.38149798 18.0194013   2.6661288 ] -270.07281750252605
[ 8.61463726 -2.06538759  5.35348537  9.37669777 18.00235535  2.63802775] -270.0729273558878
[ 8.60724763 -2.06320576  5.31974444  9.37549606 17.99900281  2.66088362] -270.07301654033813
[ 8.6076123  -2.06308703  5.33054715  9.38484109 18.01427626  2.66823415] -270.0724424909021
[ 8.60180481 -2.06733919  5.32505191  9.39087921 18.01955069  2.67618565] -270.07275391951055
[ 8.61971352 -2.0544244   5.35594126  9.38522492 18.02409202  2.66213188] -270.0731955295888
[ 8.6103641  -2.06101042  5.32879364  9.37792827 18.00527512  2.66119568] -270.0727816083335
[ 8.6064998  -2.0728945   5.35030386  9.37273425 17.97705111  2.65001408] -270.0728360271808
[ 8.6070871  -2.05881356  5.32199277  9.38018742 18.00211258  2.68603176] -270.07290658795796
[ 8.60897464 -2.06045707  5.32986592  9.37931501 18.00217327  2.67403076] -270.07259153614274
[ 8.62182586 -2.06811307  5.34854866  9.38376021 18.02609632  2.66026147] -270.0725335521039
[ 8.62260227 -2.05080509  5.32532333  9.38937376 18.04971565  2.6800194 ] -270.0730560989426
[ 8.61052542 -2.06737215  5.34405873  9.37689413 17.99521724  2.65751541] -270.07246176316926
[ 8.61454577 -2.07168955  5.33798922  9.37907543 17.99930411  2.66103356] -270.0721765505616
[ 8.61504437 -2.07960904  5.33736226  9.37786415 17.98925551  2.65848594] -270.07211234867657
[ 8.61929034 -2.07272923  5.35129494  9.38262376 18.00809042  2.66506343] -270.0723019998112
[ 8.6027769  -2.07454192  5.33067619  9.38278463 17.99862502  2.66761413] -270.0740568762024
[ 8.61942978 -2.06557094  5.34508132  9.37993228 18.00946475  2.66209073] -270.0724269285875
[ 8.62226805 -2.07837008  5.3557651   9.38265687 18.01196023  2.64985295] -270.072236974942
[ 8.60956423 -2.07413309  5.33948784  9.37784388 17.98332515  2.66015273] -270.0721329694173
[ 8.62054427 -2.07712765  5.34245414  9.38502655 18.0102402   2.6637779 ] -270.07203745837916
[ 8.62555369 -2.08200541  5.34165185  9.38909275 18.01775168  2.66690914] -270.0722921668454
[ 8.62776804 -2.08609298  5.35993471  9.3771414  17.98983582  2.65157374] -270.07264443724455
[ 8.61265124 -2.06883852  5.33789404  9.38291617 18.00816615  2.66406905] -270.07212301587947
[ 8.61369105 -2.08469827  5.34300479  9.38304485 17.99421447  2.65837661] -270.0719908913818
[ 8.61082169 -2.09426193  5.34196652  9.38460114 17.98658934  2.65651955] -270.0734317196583
[ 8.61196406 -2.08152965  5.33402778  9.38049373 17.99096349  2.65317497] -270.0720812200709
[ 8.60555169 -2.07694199  5.32231185  9.37973957 17.98009476  2.66949278] -270.0736873312428
[ 8.61808896 -2.07801306  5.34740179  9.38192755 18.00399386  2.65476291] -270.07206312594167
[ 8.62109709 -2.08247231  5.34122709  9.38591379 18.01561941  2.65739639] -270.0720434851496
[ 8.62082536 -2.09231148  5.34393191  9.3818407  17.99326283  2.65125586] -270.07221154530157
[ 8.61469477 -2.07470676  5.33940351  9.3826473  18.00444032  2.66086575] -270.07201577923536
[ 8.6183157  -2.07990686  5.34514411  9.3884871  18.01723507  2.65763224] -270.07195745105463
[ 8.61995137 -2.08005577  5.34903503  9.39379857 18.03122485  2.65720539] -270.07217449511114
[ 8.62351322 -2.07744532  5.35218403  9.38852198 18.02428429  2.66442897] -270.07225438009255
[ 8.61485135 -2.08050857  5.33856684  9.38250079 17.99929369  2.65598847] -270.0719337337015
[ 8.61630912 -2.08179375  5.33586504  9.38727925 18.00968719  2.66324954] -270.07190623268144
[ 8.61541919 -2.08368409  5.33009667  9.3899551  18.01253386  2.66749286] -270.0735176689607
[ 8.611705   -2.07710831  5.34025238  9.38374816 17.99608424  2.66256711] -270.07200974103716
[ 8.60931139 -2.08244651  5.33829141  9.38420927 17.9967448   2.65578201] -270.07196896390093
[ 8.61336643 -2.08744733  5.34097135  9.38710917 17.9999795   2.65699957] -270.0735231742902
[ 8.61436269 -2.0778919   5.33979547  9.38376277 18.00332512  2.65989921] -270.0719175119911
[ 8.6172421  -2.08530698  5.33997017  9.38601318 18.01074921  2.65440891] -270.0721828211966
[ 8.61308927 -2.07915797  5.34018183  9.38431442 17.99975048  2.66052756] -270.07194848024005
[ 8.61505546 -2.07587025  5.33627678  9.38713968 18.01446431  2.6593164 ] -270.0719469952796
[ 8.6213498  -2.07592992  5.34031861  9.38695206 18.01784049  2.66308913] -270.0720396217225
[ 8.61232099 -2.08081736  5.33879821  9.38489497 18.00201872  2.65760879] -270.07212380993195
[ 8.6153359  -2.07984282  5.33783026  9.38552101 18.00650615  2.66157437] -270.0720025698157
[ 8.61558023 -2.08115116  5.33721594  9.38489002 18.00449044  2.659619  ] -270.07189550304304
[ 8.61568229 -2.078832    5.33607091  9.38720947 18.01207575  2.66128297] -270.0719095395907
[ 8.61469919 -2.08047586  5.33802344  9.38579683 18.00471884  2.66188855] -270.07197557037637
[ 8.61731241 -2.0808503   5.34050458  9.38788317 18.01346113  2.66044089] -270.0720381854831
[ 8.61281025 -2.08212013  5.33707823  9.38574426 18.00321599  2.65951577] -270.07196655171225
[ 8.61282659 -2.08055493  5.33352336  9.38426377 18.00010366  2.66193585] -270.0720736606382
[ 8.61619095 -2.08077646  5.33875927  9.38697832 18.01012176  2.66081463] -270.071894297994
[ 8.61508811 -2.08187363  5.33650736  9.38711171 18.00826384  2.66054912] -270.07189932572646
[ 8.61585446 -2.08170651  5.33580882  9.38727418 18.01123282  2.65978846] -270.07187948152466
[ 8.61643209 -2.08232184  5.3347015   9.38801285 18.01448982  2.65873842] -270.07192814085863
[ 8.61875813 -2.07992437  5.33633089  9.38783672 18.01540794  2.66225213] -270.0720068736777
[ 8.61429722 -2.08157119  5.33689139  9.38626738 18.00626398  2.66019986] -270.07187498171595
[ 8.61542441 -2.08412556  5.33761169  9.38605748 18.00461093  2.6601239 ] -270.0720057586636
[ 8.61561782 -2.08015539  5.33645611  9.38692147 18.01020955  2.6609932 ] -270.0719160994534
[ 8.61507584 -2.08163885  5.3363501   9.38677078 18.0087484   2.65999416] -270.0718776127481
[ 8.61524409 -2.08117383  5.33782533  9.38662285 18.00819287  2.66050725] -270.0719018708448
[ 8.61493873 -2.08136117  5.33705367  9.3855787  18.00537721  2.65990943] -270.0718793025224
[ 8.61469267 -2.08172241  5.33669937  9.38668954 18.00726391  2.66037449] -270.0718794281398
[ 8.61530317 -2.08168247  5.33637822  9.38677331 18.00797559  2.6617247 ] -270.0718855668637
[ 8.61498975 -2.08020159  5.33648115  9.38673842 18.00916987  2.66074142] -270.0718978085366
[ 8.61452171 -2.08155207  5.3354593   9.38631652 18.00674011  2.66047411] -270.0718886570565
[ 8.61462002 -2.08297446  5.33646287  9.38606032 18.0049532   2.66015084] -270.0720223254688
[ 8.61489732 -2.08089481  5.33647658  9.3865689  18.0081157   2.66059377] -270.0719080646705
[ 8.61468653 -2.08160502  5.33662075  9.38651908 18.00750619  2.66009701] -270.0718775967014
[ 8.61461798 -2.08146618  5.33697253  9.38592304 18.0058206   2.66005465] -270.0718790694734
[ 8.61449495 -2.0816468   5.33679538  9.38647846 18.00676395  2.66028718] -270.07187678169583
[ 8.6148002  -2.08162683  5.3366348   9.38652034 18.00711978  2.66096228] -270.07186462831515
[ 8.61440946 -2.08156163  5.33617535  9.38629195 18.00650205  2.66033699] -270.0719911199442
[ 8.61464349 -2.08088639  5.33668627  9.3865029  18.00771692  2.66047064] -270.0718942360045
[ 8.61477066 -2.08137251  5.33735836  9.38644511 18.00722843  2.66035356] -270.0720119452004
[ 8.61449976 -2.08151435  5.3364711   9.38633024 18.00668364  2.66034113] -270.07188244941045
[ 8.61448872 -2.08225706  5.33677571  9.38617661 18.00566912  2.66017673] -270.071976821335
[ 8.6146048  -2.08122906  5.33670863  9.38642133 18.00720497  2.66039716] -270.07187245520254
[ 8.61466746 -2.08153401  5.33707006  9.38637963 18.00687618  2.66032492] -270.07188940094323
[ 8.61454169 -2.08151926  5.33662084  9.38634259 18.00673178  2.66033708] -270.0719061645087
[ 8.6147025  -2.08142794  5.33667172  9.38647083 18.00716238  2.66067972] -270.07193528956026
[ 8.61454871 -2.08159901  5.3367631   9.38639386 18.00669188  2.66058107] -270.071989304107
[ 8.61464757 -2.08163681  5.33671509  9.3864994  18.00694187  2.66062473] -270.0719096327953
[ 8.61474336 -2.08161592  5.33662778  9.38651971 18.00731299  2.66052965] -270.0717813814426
[ 8.61470909 -2.08154651  5.33680367  9.38622169 18.00647019  2.66050847] -270.0718753305398
[ 8.61464998 -2.08157059  5.33655295  9.38642529 18.00690171  2.66065171] -270.0719206836048
[ 8.61486885 -2.08154253  5.33657224  9.3864919  18.00727776  2.66073778] -270.0718686144148
[ 8.61477052 -2.08175178  5.33663046  9.38642194 18.00684572  2.66065848] -270.0719250142797
[ 8.61475351 -2.08167082  5.33664077  9.38643417 18.00692489  2.66066379] -270.071863492584
[ 8.61485755 -2.08164255  5.3367785   9.38647044 18.00711411  2.66069053] -270.0718814087131
[ 8.61492995 -2.08157824  5.33663749  9.38638668 18.00713137  2.66073944] -270.0718895559487
[ 8.61485936 -2.08159288  5.33665689  9.38641486 18.007084    2.66071076] -270.07196254879887
[ 8.61474844 -2.08164337  5.33663428  9.38647694 18.00711894  2.66059672] -270.0718913120221
[ 8.61477178 -2.08162138  5.33663129  9.38652003 18.00721639  2.66074597] -270.071956658109
[ 8.61480611 -2.08157923  5.33660001  9.3865058  18.00729537  2.66063371] -270.0719988931352
[ 8.61472622 -2.08158121  5.33671572  9.3863707  18.00689159  2.66051906] -270.071888514638
[ 8.61480046 -2.08162924  5.33670314  9.38649508 18.00721355  2.66061009] -270.07186263116546
[ 8.61469547 -2.08162637  5.33667144  9.38650956 18.00712743  2.66057719] -270.07188110863086
[ 8.61468913 -2.08165994  5.33672787  9.3864582  18.00699825  2.66055918] -270.07187965509155
[ 8.61469592 -2.08163064  5.33672878  9.38642337 18.00700453  2.66038466] -270.0718849863274
[ 8.61470175 -2.0816044   5.3367573   9.3864486  18.00706384  2.66046322] -270.0718613358364
[ 8.6147158  -2.08167429  5.33668971  9.3865808  18.00734861  2.66052227] -270.07198437669837
[ 8.61472362 -2.08160448  5.33670922  9.38642323 18.00700584  2.66051986] -270.07190534999603
[ 8.61472256 -2.08161016  5.33669254  9.38648415 18.00718841  2.66049643] -270.0719672888498
[ 8.61477191 -2.08162258  5.33666546  9.38650739 18.00726327  2.66056987] -270.07187378996423
[ 8.61471625 -2.08163793  5.33667782  9.38648895 18.00715562  2.66054441] -270.07189986055585
[ 8.61471942 -2.08162115  5.33664961  9.38651463 18.00722021  2.66055342] -270.07188741003904
[ 8.61471964 -2.08162328  5.33667828  9.38647154 18.00715876  2.66045715] -270.07200773325013
[ 8.61473479 -2.08159857  5.33667175  9.3864452  18.00710229  2.66052435] -270.07189914980705
[ 8.61474979 -2.08161216  5.33665004  9.38651514 18.0072555   2.66061556] -270.07188745852744
[ 8.61475595 -2.08162594  5.33662161  9.38651286 18.00724821  2.66061599] -270.07189806249926
[ 8.61477549 -2.08159417  5.33661759  9.38651603 18.00731187  2.66059186] -270.07187980568875
[ 8.61477051 -2.08163207  5.33660561  9.38658338 18.00743506  2.66063443] -270.07186002712865
[ 8.61475421 -2.08160674  5.33665041  9.38653924 18.00735142  2.66054894] -270.07188142237516
[ 8.61476185 -2.08161873  5.33662211  9.38654498 18.0073761   2.66052717] -270.07199390807307
[ 8.6147528  -2.0816138   5.33664306  9.3865226  18.00728565  2.66059346] -270.07195673370444
[ 8.61475694 -2.081624    5.33661669  9.38655155 18.00737402  2.66058204] -270.07193299095394
[ 8.61475764 -2.08161925  5.33664662  9.38651355 18.00728813  2.66054976] -270.0718660189231
[ 8.61475943 -2.08160505  5.33662268  9.38651787 18.00731243  2.66056076] -270.0718605080795
[ 8.61474879 -2.08161133  5.3366391   9.38652947 18.00733221  2.6605393 ] -270.0718549465909
[ 8.61473139 -2.08161854  5.33663869  9.38651717 18.0072666   2.66054153] -270.0718765304439
[ 8.61474658 -2.08161404  5.33663891  9.38651743 18.00728425  2.6605726 ] -270.07189553819813
[ 8.61473879 -2.08160405  5.33665456  9.38648685 18.00722484  2.66051583] -270.07188345261926
[ 8.61474655 -2.08161068  5.33663757  9.38651078 18.00729482  2.66050634] -270.07186563820915
[ 8.61475693 -2.08162288  5.33661625  9.38654933 18.00737755  2.66055995] -270.0718746209642
