[ 0.28140627  0.73244137 -0.05695905  0.77692116 -0.4325131   0.50663972] -248.6606927963247
[ 1.9128449   1.18931718 -0.11597958  0.61243999  0.82265011 -0.23306927] -228.59998273205534
[-0.62271595 -1.67065169 -1.78447849 -0.00917421  0.19928154  1.68492859] -255.93625978264112
[ 1.56610264  0.09771619 -1.71941804 -0.08276034  0.01025794  1.49700989] -234.41047626630484
[-1.20485446  1.46070476 -2.82423963  0.94221569  1.2624643   0.4351071 ] -275.2130494469855
[-0.17697435  1.25518547 -0.86796875  1.79665931  0.37122036  1.49221577] -259.0548494233118
[ 1.13708445  1.06047093 -0.15543589 -0.25403439 -1.14676413  0.12052993] -246.76017222479152
[ 2.57077045 -0.57254494  1.25749303  0.00446815 -1.32108673  1.25431111] -240.53044162094767
[ 2.45880527 -0.97626913  0.00970941 -1.44737253 -0.99394515  0.11790088] -244.13394418241165
[ 3.93172061  2.18102889  1.52428178 -0.12093844 -1.21974856 -0.5971545 ] -241.10118621589942
[ 4.24436983  0.26079834  0.32384262 -1.20632035 -0.85036574  0.21320297] -235.9584696489124
[ 4.42445345 -0.33378875  0.58207896 -0.49279345 -0.03731524  0.63020376] -227.87389473842205
[ 6.06813794 -1.03091859  0.95083639 -0.61217297  0.51740921  0.88504068] -238.4892712041724
[3.75794869 1.91711143 0.60772352 1.01873772 0.12874241 0.80360044] -225.32655119332404
[4.4075204  3.36380171 0.90673057 2.25179284 0.69008618 1.14645021] -236.95625463235345
[ 2.22710938 -1.32815908 -1.21236828  0.07219568  0.80404281  1.98557413] -234.93864225759086
[ 3.47350585  1.17354338 -1.76886663 -0.03063506  1.61375749  0.37786286] -233.16848947040023
[ 1.5429518   0.64444844 -1.53278597  1.57204853  1.96441091  1.47385764] -240.95492405445447
[ 3.56901532  0.35671086 -0.14031453 -0.51172813 -0.14667158  0.52836663] -227.08909195262538
[ 4.00751424  2.79502917  0.36077618  0.09889123 -0.00690244 -0.78424936] -227.75320574964044
[ 5.48232484  2.26825823  1.56122401  0.31439777  0.78116231 -1.05610487] -224.6947906145387
[ 7.44043594  3.35352925  3.20154503  0.51297683  1.16661449 -2.33266226] -240.00600921101434
[ 4.24452796  1.557336    2.72070281  0.37728344 -1.09986896 -0.41494709] -240.93594407055642
[ 3.66626138  1.26949153 -0.64647427  0.07134456  0.93535087  0.17966037] -224.42138365273223
[ 6.38966107  1.56828698  0.89098421 -0.44615676 -0.27119466  0.3335616 ] -236.1381516044868
[ 3.03204894  1.28405963  0.13576136  0.3477908   0.54918892 -0.09141156] -223.32412955889055
[ 3.41391769  3.6306757   0.04415313  0.93927143  0.78427207 -0.77024988] -228.65783746373654
[ 4.17181951  0.65732736  0.4475975  -0.13477723  0.16808159  0.28009035] -223.9972182211709
[ 3.88562532 -0.21070949  0.29439636  0.26969727  0.81218727  0.99898315] -224.04338060615834
[ 4.4296609   2.0384687   0.94039069  1.14079176  1.27157603 -0.15676067] -220.31072470798384
[ 4.85998369  2.87934761  1.48074329  1.96705171  1.98069984 -0.49932433] -223.1954165460179
[ 4.46463161  0.51852056  0.3032417  -0.3489894   1.37710659 -0.75211485] -228.52209566177694
[3.93461942 1.56746371 0.53160306 0.67680594 0.44083345 0.41467162] -221.91265444541227
[ 2.22435365 -0.06622442 -0.99346577  0.47615327  0.61124374  1.59784929] -229.23319445095737
[ 4.66783204  1.68463757  0.92255156  0.35483665  0.73868267 -0.39261633] -221.73452080362364
[4.374274   1.07092429 1.73724111 0.81370384 0.3914991  0.17132514] -221.80373758932632
[ 4.31779295  2.97833658  1.27731874  0.79668665  0.37443331 -0.92388363] -227.71093132102882
[3.99366723 0.58655202 0.54012695 0.40144462 0.70274878 0.51826645] -221.51142279311298
[ 3.97221467  2.08670794  1.15496074  1.37990176  1.1967614  -0.1255988 ] -221.42890542519373
[5.42537381 1.72752512 1.80653001 1.24137072 1.03151156 0.23450736] -221.53013589870707
[ 5.01972147  1.49747484  1.83566396  1.10054384  1.33675973 -0.33163057] -219.84162366622957
[ 5.56227249  1.4624804   2.48769441  1.3124128   1.78472287 -0.70478166] -220.58513338232456
[ 4.79521604  2.13619777  0.66283353  1.05925928  1.70118096 -0.255936  ] -220.78541167790087
[4.54411933 1.67300456 1.3909504  1.75293401 1.67483016 0.35356559] -219.51813539477465
[4.48226298 1.66718806 1.62514981 2.4519827  2.1429039  0.72665655] -220.95664380189748
[ 3.49282607  1.6119435   0.36844541  1.03692104  1.59644079 -0.23387202] -222.28077164801712
[4.94223688 1.69862971 1.44700886 1.1902583  1.17274387 0.11741251] -220.0294600619129
[ 5.24072253  3.12360915  1.93714244  2.13978504  2.0818686  -0.6512491 ] -225.67964066741635
[4.30543106 1.22081631 0.88938082 0.83602972 1.04752874 0.22588757] -219.93267770285854
[5.37324722 1.33482269 1.23378201 0.98003721 1.53811176 0.10977828] -220.74544445105343
[4.74292291 1.01820783 1.91622539 1.27427234 0.97933581 0.36202023] -219.83349226056438
[3.95478363 1.71404463 1.57275803 1.45157278 0.95614635 0.08038661] -221.8617855802453
[5.01863132 1.42962817 1.31852601 1.0979211  1.39262041 0.10243036] -219.66694876033318
[5.09469342 0.80745178 1.99219446 1.27652801 1.2630302  0.43332257] -219.3647584098168
[5.42720968 0.19194332 2.51809635 1.34439613 1.25875729 0.7283642 ] -220.18028093094873
[4.63293629 0.85023145 1.66730482 1.25581805 1.39195781 0.26445274] -219.05184391904248
[4.478286   0.42603232 1.7774528  1.28859792 1.50156478 0.33797285] -219.39380411486894
[5.37891053 1.20451657 2.48424086 1.74997606 1.63198263 0.16883274] -219.76564070283746
[4.7843498  0.83020528 1.75415002 1.70193935 1.44115928 0.89317198] -219.00956647184
[4.66666397 0.49657051 1.71339305 2.0026371  1.49335905 1.50557325] -219.5895523063529
[5.07495732 1.24680477 1.61956347 1.67076652 1.95252436 0.37657176] -218.95926744066205
[5.24097452 1.36110325 1.47123251 1.86901362 2.43911863 0.38384753] -219.64793139148344
[4.33765197 1.0745921  0.7633222  1.16865962 1.40672477 0.63900559] -219.77761321598618
[5.11859589 1.17203545 2.05401119 1.60464695 1.57566817 0.28637596] -219.10753457120637
[4.73125269 0.76361626 2.17419877 1.9896232  1.70710291 0.76672317] -219.12919649737313
[5.26814247 0.21711044 2.36285718 1.41350668 1.43565075 0.65330714] -219.64160150261117
[4.72512512 1.30903103 1.63392709 1.66807718 1.61503531 0.42850098] -218.97957071995435
[4.59437895 1.24985631 1.64219066 2.02042907 1.96478574 0.57194296] -219.18118234090792
[4.71945757 1.13925518 1.72969161 1.83445381 1.78934686 0.53728786] -218.87461440855336
[4.95388797 1.41890479 1.3120173  1.25561076 1.54812768 0.16206392] -219.35763558599956
[4.78691151 0.9274384  1.9586534  1.80612009 1.6673591  0.61555836] -218.85900265884564
[4.45598332 0.92895325 1.40041895 1.70774471 1.71012607 0.7521386 ] -219.06752316247537
[4.62163646 0.9897238  1.56381701 1.68197027 1.67651159 0.63569794] -218.85557369243946
[4.9378763  1.2972547  1.75262938 2.19862436 1.98868769 0.89781022] -219.3187755603512
[4.70917129 0.96198726 1.68863596 1.49151962 1.54114028 0.42279211] -218.84114499387104
[4.76140329 1.3612082  1.64394616 1.68236315 1.97281322 0.11229769] -219.07147340704327
[4.77861317 0.96295601 1.72659905 1.6970453  1.57407276 0.69795341] -218.84025259095893
[4.83845733 0.76702411 1.79505974 1.72588136 1.78528301 0.66678617] -218.78810046710322
[4.89512343 0.49602065 1.87562607 1.75478345 1.87040687 0.78592877] -219.01001388218856
[4.40979179 0.66932348 1.86792212 1.74156362 1.39204685 0.81545352] -219.30085633972135
[4.90866594 1.10243445 1.68165313 1.6884658  1.81240498 0.4862922 ] -218.78433818720822
[4.828361   0.7645995  1.74178116 1.52921367 1.56291039 0.63773887] -218.8525558503992
[4.77472355 0.92213665 1.44052861 1.46524526 1.6500819  0.56686187] -218.9970299407389
[4.78386452 0.92611296 1.82912221 1.72090138 1.6630398  0.60338424] -218.77932730346788
[4.99407462 0.83864763 1.92380008 1.60237211 1.63643881 0.53595106] -218.81419411306578
[4.84258796 1.08845464 1.8065089  1.77951485 1.7745495  0.49998086] -218.78428635717165
[5.00624989 0.93322267 1.89894508 1.9132073  1.87412268 0.7406572 ] -218.7667149637661
[5.15478918 0.91884037 2.00409963 2.12405114 2.04061388 0.89958975] -218.89524312715017
[5.01268691 0.92234281 1.91843066 1.77973563 1.94120683 0.4797305 ] -218.78225160580328
[4.80342956 1.07454958 1.71943983 1.93353    1.98043012 0.62299267] -218.83952948696034
[4.94641336 0.89762312 1.87271001 1.68516158 1.72243664 0.55771146] -218.75218147062594
[4.9950322  1.18970611 1.87406359 1.79644749 1.81063713 0.45579932] -218.83281330345886
[4.87760104 0.87269461 1.8148107  1.74352289 1.79162154 0.61403946] -218.74548736493261
[4.91446862 0.77771582 2.03185605 1.85221541 1.77658735 0.6788757 ] -218.77055213306593
[5.00450682 0.68811602 1.982116   1.78539988 1.81512212 0.72481866] -218.79049037524706
[4.88306768 0.98836999 1.85041068 1.78098611 1.78469265 0.55619031] -218.74528271708988
[4.79120146 0.87623691 1.84752092 1.78559593 1.59629339 0.77055562] -218.87671102958546
[4.95731555 0.91081633 1.90070322 1.78120071 1.85497847 0.55243678] -218.7378333476411
[5.07784086 0.86736789 1.96068971 1.86452995 1.93843997 0.6299194 ] -218.75550846199624
[5.00169417 1.04564905 1.73423375 1.73732077 1.8788433  0.53810917] -218.78669315139808
[4.93627501 0.84469913 1.95745048 1.82349175 1.80215134 0.64368407] -218.74078023675253
[4.88658794 0.86063435 1.88664652 1.64642369 1.75731753 0.44400329] -218.77526941550408
[4.9763344  0.91507559 1.89587044 1.8465114  1.84492139 0.66649372] -218.73893216777452
[4.78116149 0.9423917  1.80329547 1.68909486 1.66182737 0.56693253] -218.7722401560732
[5.00367101 0.88612384 1.92134115 1.82067118 1.86928682 0.61417268] -218.73867242571805
[4.93167487 0.90830338 1.90748554 1.9136331  1.92678077 0.65796088] -218.7501159926794
[4.93535949 0.90563331 1.89879166 1.85651522 1.87569473 0.63289853] -218.73623280969588
[5.01974    0.94421145 1.99337851 1.8929359  1.88562026 0.60791924] -218.75753840196126
[4.91313578 0.89057382 1.85945265 1.78087614 1.81512122 0.6125094 ] -218.7347009642748
[5.02429607 0.79593735 1.96079252 1.85543603 1.90269201 0.68454142] -218.75521602609163
[4.91837477 0.94026183 1.87800614 1.79959859 1.81419249 0.58827809] -218.73492244700878
[4.965122   0.97146245 1.82727128 1.80496599 1.88924704 0.578579  ] -218.7431268295649
[4.94348676 0.87638996 1.92490568 1.81886031 1.82392526 0.6274078 ] -218.73431288580673
[4.91411339 0.88819077 1.89852973 1.77272931 1.83947828 0.5427407 ] -218.7387868385033
[4.92966864 0.89491198 1.89786491 1.79117484 1.84083906 0.57367896] -218.73394384710366
[4.86210932 0.9200719  1.8652336  1.78873742 1.80563026 0.58156384] -218.74004478273284
[4.96828059 0.89461086 1.90731426 1.81268774 1.85337268 0.60602047] -218.73284226909865
[4.9121198  0.88997758 1.88807521 1.83870357 1.81940334 0.66116097] -218.73944934331007
[4.94601661 0.90560665 1.89754622 1.79557642 1.84608469 0.57961783] -218.73344475867597
[4.93762823 0.89515172 1.88957163 1.74307613 1.78881707 0.56293899] -218.73658750125693
[4.93592668 0.90301291 1.89648665 1.82815545 1.85397532 0.61540864] -218.73311423867827
[4.96046358 0.84810689 1.91651732 1.80951171 1.86358025 0.61660295] -218.73933678110993
[4.92889698 0.91722309 1.88763393 1.80207687 1.82653943 0.5953593 ] -218.7324769714332
[4.9709563  0.90667799 1.94446456 1.83530107 1.86645759 0.58665493] -218.73390112843094
[4.94976184 0.93095787 1.88553117 1.80279715 1.87183099 0.55817224] -218.735992551196
[4.94505553 0.89003193 1.91506205 1.81484452 1.8359017  0.61009891] -218.73245783007692
[4.96870892 0.91080917 1.91830432 1.83837252 1.85327141 0.62404107] -218.73432097120255
[4.93942871 0.89888627 1.90297476 1.80297426 1.84394715 0.58626949] -218.7324989344292
[4.91691206 0.89644591 1.85787473 1.78347069 1.8201494  0.61093662] -218.73439299927375
[4.95744524 0.90411997 1.9228171  1.82234347 1.85488054 0.59272535] -218.7324953651031
[4.9456613  0.8970217  1.9132167  1.83211768 1.84345425 0.62234289] -218.7331565186884
[4.94575013 0.89916794 1.90929908 1.82298236 1.84411186 0.61166163] -218.73231115016623
[4.95902571 0.89833378 1.91854708 1.79781429 1.8322758  0.58530308] -218.73239214893306
[4.92358684 0.90797681 1.91146374 1.80832418 1.82584614 0.58778545] -218.733489514471
[4.95710715 0.89795234 1.90835163 1.81159685 1.84649105 0.60146172] -218.73209801956807
[4.95833153 0.90339008 1.91759553 1.82091187 1.83611965 0.61260051] -218.7330644647049
[4.94415442 0.90001223 1.90662995 1.80745866 1.84199027 0.59285224] -218.73204851466608
[4.93588473 0.89678713 1.89235747 1.79658105 1.82088949 0.60618694] -218.73205862276345
[4.96676225 0.87687202 1.92911516 1.81501571 1.84734729 0.6071622 ] -218.73295999875538
[4.93836329 0.90713533 1.89800424 1.80531158 1.8317414  0.59831003] -218.7319950368805
[4.94837295 0.90976431 1.8960011  1.79907041 1.83659826 0.58849296] -218.73183416011827
[4.95003166 0.9196305  1.88647063 1.79118336 1.83694654 0.57768999] -218.732291560756
[4.93085184 0.90527265 1.88500075 1.81651934 1.84166497 0.6143521 ] -218.7325555420029
[4.95198225 0.9000685  1.9101605  1.80249056 1.83462309 0.59256533] -218.731937754618
[4.9462048  0.90473867 1.89453588 1.78452067 1.82666599 0.58162811] -218.73257893515762
[4.9458638  0.90056062 1.90560828 1.81336694 1.83975039 0.60415325] -218.73192177306277
[4.93109999 0.90682369 1.89456888 1.79649621 1.82203992 0.5927252 ] -218.73203501865947
[4.9507275  0.91133443 1.91130018 1.81148374 1.84802495 0.58351273] -218.7321016641857
[4.93959542 0.90042396 1.89709315 1.80030672 1.82767336 0.60051839] -218.7319032472496
[4.94093815 0.90824658 1.89384876 1.79822215 1.82215187 0.59940281] -218.7319257618771
[4.95727196 0.9019094  1.90566979 1.80975991 1.84213954 0.60175572] -218.73195361394843
[4.95631155 0.8998558  1.90478962 1.80242732 1.83590411 0.59731946] -218.7318639880047
[4.93708274 0.90439718 1.89683068 1.79553479 1.82342749 0.59239501] -218.73179399100414
[4.92698813 0.90564108 1.89241112 1.78842224 1.81407147 0.58771466] -218.73206494999963
[4.93740596 0.90768099 1.8878967  1.80048555 1.82721207 0.60152863] -218.73175426955817
[4.93011781 0.91148723 1.87676481 1.79948305 1.82350655 0.60601028] -218.73194807838723
[4.94727266 0.89931438 1.90222441 1.80550843 1.84137002 0.59539976] -218.73182004393087
[4.94281663 0.90658491 1.88933694 1.78774413 1.82431137 0.58773149] -218.73188864750836
[4.95015874 0.90877523 1.89526667 1.79661682 1.83526775 0.58710405] -218.7317413161767
[4.9554404  0.91295087 1.89435343 1.79477188 1.83906494 0.58039688] -218.7319917611871
[4.9493849  0.90334438 1.90499946 1.81213698 1.84228186 0.5996818 ] -218.731735056399
[4.95266904 0.90172412 1.91283071 1.8243334  1.8512671  0.60565696] -218.73214907466678
[4.9335811  0.91123636 1.88961672 1.80069035 1.83281504 0.59088128] -218.73185830742037
[4.93926371 0.90839122 1.89340994 1.80112459 1.83358731 0.59249082] -218.7317202174593
[4.93848328 0.90087015 1.89754152 1.80473198 1.83111724 0.6010404 ] -218.73163526646866
[4.93353845 0.89642307 1.89831173 1.80756276 1.82837673 0.60731411] -218.7318837070883
[4.93665379 0.91183868 1.88975724 1.79803514 1.82292788 0.59601381] -218.73177626978244
[4.94670072 0.90923637 1.89279317 1.80884223 1.84070387 0.60022483] -218.73154814588756
[4.95150971 0.91165596 1.89077441 1.81549595 1.84934206 0.60413973] -218.7316732055284
[4.95047865 0.90092744 1.90087858 1.80994424 1.84712882 0.59800969] -218.73186498144014
[4.94011    0.90911087 1.89253758 1.80101242 1.82897811 0.59651278] -218.73162877456593
[4.95062783 0.90556175 1.90428608 1.80766945 1.84343331 0.59082293] -218.731625106087
[4.93803141 0.90339634 1.89992258 1.81522239 1.83809949 0.60648714] -218.73204845038998
[4.94712691 0.90743051 1.89643065 1.80126822 1.83597568 0.59194982] -218.7315558934312
[4.93805258 0.91018924 1.88733352 1.79607932 1.82898332 0.59133206] -218.7315451113893
[4.93238643 0.91361167 1.87850055 1.78805049 1.82233405 0.58715719] -218.7316680698939
[4.94777006 0.90574174 1.89689756 1.80540995 1.83614321 0.59813678] -218.731404415607
[4.95202324 0.904417   1.89864137 1.80755262 1.83742116 0.60095976] -218.7313602097607
[4.95306381 0.9144451  1.8931326  1.80274277 1.84071458 0.58956033] -218.73157724652242
[4.95575502 0.90798246 1.89833488 1.80703912 1.84676586 0.59177046] -218.73162974863365
[4.94402126 0.90882876 1.8939869  1.80251909 1.83342505 0.5953272 ] -218.73147660383503
[4.94303501 0.91262057 1.88315333 1.7986653  1.82897458 0.59896174] -218.73151256803217
[4.9372561  0.90312905 1.89098038 1.80223282 1.82777997 0.60335814] -218.7316269040233
[4.94911188 0.91161609 1.89259454 1.80261528 1.83748093 0.59300978] -218.7314733170483
[4.94385466 0.91153883 1.88640363 1.8041564  1.83302062 0.60132197] -218.7313797560004
[4.94333216 0.91050047 1.88791126 1.79502044 1.82573134 0.59341268] -218.7314173144045
[4.95374015 0.90965133 1.89356349 1.8074304  1.83636791 0.60299899] -218.73142507457646
[4.9523261  0.90623025 1.90121374 1.80776611 1.83884109 0.59671506] -218.73137380076764
[4.95410814 0.90915589 1.89278911 1.80566133 1.83619597 0.60081221] -218.73128660813592
[4.95915158 0.90931946 1.89219021 1.80723245 1.83758142 0.60355471] -218.73131663714605
[4.95068293 0.90554851 1.89424632 1.80658048 1.83171177 0.60573043] -218.731326910319
[4.94503559 0.90614565 1.89350499 1.80148207 1.83127274 0.59665172] -218.73123261124144
[4.94068332 0.90439281 1.89347573 1.7985079  1.82872516 0.59347808] -218.73124512514713
[4.9560114  0.90384491 1.90102179 1.81604589 1.84375644 0.6073177 ] -218.73139770041803
[4.95284159 0.9055088  1.89774416 1.81078953 1.83925016 0.60384145] -218.73133201815855
[4.95848454 0.90079654 1.90630959 1.80912098 1.83854368 0.60024824] -218.7313710282897
[4.95206591 0.90429387 1.8931981  1.80596289 1.83262406 0.60603288] -218.73122001217266
[4.95193581 0.90332568 1.88919029 1.80506128 1.82951555 0.61069179] -218.73126650978918
[4.94376792 0.91089337 1.88373175 1.80355532 1.83094828 0.60442791] -218.73134418824122
[4.94747746 0.9094317  1.88643011 1.80379125 1.82991317 0.60487244] -218.73119639342448
[4.94520456 0.91193905 1.88032448 1.80191057 1.82615917 0.60682877] -218.73124284828643
[4.95696928 0.9024681  1.90223917 1.80786719 1.83604101 0.60155246] -218.73124724825513
[4.94927152 0.90683911 1.88972511 1.79965887 1.82666941 0.60137593] -218.7312537270673
[4.9509597  0.9072296  1.89171588 1.80156072 1.83252702 0.59803544] -218.73113172707033
[4.95109808 0.90807015 1.89045066 1.79905084 1.83293465 0.59418795] -218.73115265784674
[4.94648501 0.90298012 1.89281535 1.801113   1.82681984 0.60202808] -218.73113746392397
[4.9503928  0.90401057 1.89690942 1.80760017 1.83639654 0.60168174] -218.73117933031585
[4.94050287 0.90889574 1.88261877 1.79930284 1.82714345 0.6015483 ] -218.73125708692143
[4.95285268 0.90407501 1.89733407 1.80572611 1.83381662 0.60155142] -218.7311905279853
[4.95504226 0.90452798 1.89262932 1.80710265 1.83275968 0.60808229] -218.73117373271842
[4.94900406 0.90645779 1.89274661 1.80300174 1.83145356 0.59938426] -218.73103842530594
[4.94747314 0.90753974 1.89252087 1.80152116 1.83086831 0.59605995] -218.7309691243076
[4.95359107 0.90068931 1.90154486 1.80441668 1.83448284 0.59760721] -218.73107943286803
[4.94846198 0.90491743 1.89204449 1.80204536 1.83080145 0.59961348] -218.73098941579204
[4.95027825 0.90528415 1.8908475  1.79831969 1.82635651 0.59879374] -218.73103197814476
[4.94404079 0.90501881 1.89453366 1.79588956 1.82785898 0.58929702] -218.73109178436195
[4.95178329 0.90724623 1.89492041 1.80013805 1.83414519 0.59110753] -218.7310053986443
[4.94758314 0.90300229 1.89708805 1.79921612 1.8289774  0.59279086] -218.73089808493978
[4.94589487 0.90088863 1.89977414 1.79804381 1.82720259 0.59016858] -218.7308189258548
[4.95512007 0.90383636 1.8960171  1.80560536 1.83342665 0.60181981] -218.73095719573914
[4.94607946 0.90921487 1.88716331 1.79747446 1.82645073 0.59491382] -218.7308478257993
[4.94799269 0.90593027 1.8966326  1.80328971 1.83460847 0.59243398] -218.73082601741186
[4.94522411 0.90352954 1.89313043 1.80252191 1.82697421 0.60056235] -218.73080708981215
[4.94194452 0.90167119 1.89223544 1.80371383 1.82338872 0.60528975] -218.73092411439777
[4.94746614 0.90539571 1.89636832 1.80077345 1.82904221 0.59237268] -218.73071043049674
[4.94696822 0.90563484 1.89853024 1.8001375  1.82816258 0.58875228] -218.73060219279736
[4.94828667 0.90213843 1.89789507 1.80083642 1.82807344 0.59349032] -218.73056132667742
[4.94869344 0.89943777 1.90058218 1.80049405 1.826676   0.59220551] -218.73036479155874
[4.93849752 0.90437562 1.89592053 1.79504845 1.82326488 0.58452569] -218.73062117259877
[4.94501082 0.89738402 1.9076934  1.80237068 1.82917885 0.58796897] -218.73061559823805
[4.94210363 0.89781987 1.90191104 1.79624909 1.81921123 0.58896048] -218.73048157708104
[4.94293771 0.90183859 1.8994818  1.80089675 1.82395332 0.59082318] -218.73034052311814
[4.94145913 0.90231356 1.89933562 1.80232321 1.82232869 0.59115049] -218.7302426213786
[4.94235347 0.89879236 1.90819391 1.79635242 1.8226332  0.57729213] -218.730212397283
[4.94091816 0.89642377 1.91572565 1.79326768 1.82046269 0.56565702] -218.73021268872324
[4.95036538 0.89608519 1.90949493 1.80426053 1.82613197 0.59091759] -218.73024523121182
[4.94563694 0.90264385 1.89832257 1.79756825 1.81920238 0.58845719] -218.73012674005963
[4.94595    0.90527376 1.89363716 1.79516704 1.81421414 0.5887013 ] -218.73010579874918
[4.94334014 0.89427266 1.9058547  1.79814462 1.81556917 0.58765688] -218.7299526200787
[4.9415261  0.88859157 1.90951694 1.79714818 1.80927246 0.58710918] -218.7299329735456
[4.94801221 0.89901153 1.9050092  1.80233272 1.82120759 0.58683159] -218.72964830102327
[4.95096649 0.89960737 1.90655829 1.80537454 1.82220577 0.58576715] -218.7293732555819
[4.94218009 0.89745017 1.9083301  1.79971459 1.81225274 0.58144044] -218.7298704605073
[4.93777971 0.90125774 1.89902908 1.79443279 1.80817036 0.5795693 ] -218.72962741339865
[4.94545949 0.89467742 1.9090862  1.79373997 1.8072542  0.57547601] -218.72958550964412
[4.94560049 0.89682699 1.90052534 1.79883995 1.80182335 0.58872899] -218.7301250216684
[4.94478873 0.89731833 1.90244249 1.79821807 1.80702582 0.58586978] -218.72975901129305
[4.94161687 0.88769377 1.91801721 1.80104234 1.8078463  0.57637599] -218.72965534462926
[4.94607103 0.90407669 1.90497085 1.80035926 1.8123126  0.57439037] -218.72940332376768
[4.94671402 0.89742694 1.90503793 1.79800774 1.80935228 0.57770909] -218.72912602120832
[4.94898099 0.89741533 1.90339184 1.79715431 1.80790205 0.57584342] -218.72887767195425
[4.9455028  0.89759111 1.911242   1.79914967 1.81487128 0.56993763] -218.72899106267351
[4.94996997 0.91051478 1.89340888 1.79569451 1.81639245 0.5772853 ] -218.72934181036163
[4.95787055 0.9000365  1.91052361 1.80272463 1.81880909 0.57333066] -218.72891910208776
[4.95432778 0.90840317 1.90094563 1.80641233 1.82357688 0.57670884] -218.72869115615345
[4.95876193 0.91526604 1.89687534 1.81274851 1.83173822 0.57732525] -218.72854702684938
[4.95794654 0.90273368 1.90236247 1.8039228  1.82499368 0.57877277] -218.7285485352435
[4.95537777 0.90824511 1.89937643 1.7984236  1.81602982 0.56506453] -218.72831959958927
[4.95758341 0.91256399 1.8957855  1.79494813 1.81294185 0.55471323] -218.72820196660427
[4.9589121  0.89802076 1.91331804 1.80785484 1.82069294 0.56602235] -218.7279606960898
[4.96338317 0.89177376 1.92327263 1.81393501 1.82284318 0.56039087] -218.7277909936826
[4.9693394  0.90900532 1.89949513 1.80932812 1.82487141 0.57018777] -218.72811409659357
[4.9607946  0.90954954 1.89653736 1.80795433 1.82295438 0.56574711] -218.72735632052039
[4.96225662 0.91430606 1.88954423 1.81056919 1.82502702 0.56195533] -218.7268132240884
[4.97410936 0.91780096 1.89905326 1.81799628 1.83956974 0.55860499] -218.72750864556792
[4.97053142 0.91750503 1.89897956 1.81591895 1.8273368  0.54895304] -218.72773272796948
[4.9736392  0.90571899 1.90516809 1.80815005 1.81912511 0.54094316] -218.7274238528761
[4.98016965 0.90613938 1.90938547 1.83035107 1.83998257 0.55896516] -218.7295245621883
[4.96322997 0.91095784 1.89918549 1.80379887 1.81970203 0.55577621] -218.7276475950773
[4.96637718 0.91034889 1.90557262 1.81412799 1.82632988 0.53868677] -218.72673559413082
[4.96489607 0.91102068 1.90861137 1.81652793 1.82705912 0.52293627] -218.72667132387159
[4.97283771 0.9339961  1.87690804 1.81038541 1.82976342 0.53599879] -218.72768709345155
[4.96645823 0.91376185 1.89384394 1.80655695 1.82607869 0.54311854] -218.72628169052462
[4.96442163 0.91189026 1.89127613 1.80187596 1.82544963 0.54020129] -218.7258107208486
[4.96134657 0.88990217 1.92070482 1.80925401 1.82221413 0.55747362] -218.72714959747947
[4.97032652 0.90592187 1.90560048 1.81765894 1.83311289 0.53826201] -218.72555783057626
[4.97387479 0.90340389 1.90880797 1.82458897 1.83981832 0.52950491] -218.72478650314113
[4.95936893 0.89427973 1.90898428 1.80565909 1.81332804 0.52573321] -218.72551913967854
[4.95508234 0.9025486  1.90414151 1.814675   1.83184031 0.53832505] -218.7246627908747
[4.94580391 0.9009634  1.90362821 1.81793748 1.8381979  0.53701599] -218.7242234799764
[4.96219408 0.92205251 1.88291258 1.81646552 1.83407921 0.51497538] -218.7244945318889
[4.96126318 0.90023076 1.91186261 1.8171158  1.83428372 0.49483368] -218.72411098163045
[4.96076646 0.89319311 1.9230218  1.8203891  1.83891207 0.46127285] -218.72482588383593
[4.95741277 0.89991951 1.89387922 1.81135301 1.83465982 0.52448522] -218.72257035364882
[4.95367112 0.89436892 1.88651315 1.80876556 1.83846017 0.52525969] -218.7214915526706
[4.95430371 0.89320947 1.90962681 1.82830152 1.84060616 0.50223966] -218.72236820666959
[4.957668   0.91046326 1.89213283 1.83206586 1.86182046 0.50887657] -218.72211375545922
[4.93775988 0.90369222 1.88675076 1.81562827 1.84266422 0.49822875] -218.72147793724403
[4.91970242 0.90383638 1.87572216 1.81114792 1.84408718 0.48259067] -218.72193422296104
[4.94129585 0.8789235  1.91392555 1.82347264 1.851265   0.50717607] -218.72204067959836
[4.95618334 0.89266597 1.89664236 1.82384573 1.85150201 0.47518881] -218.720262601845
[4.96137305 0.88851725 1.89314943 1.82679986 1.85815406 0.44427522] -218.72018793068656
[4.94076069 0.88949412 1.88217023 1.82789544 1.86337297 0.50051831] -218.71946407134033
[4.93050944 0.88412579 1.86732404 1.83328526 1.87791759 0.50336062] -218.72040268342874
[4.94320582 0.89527695 1.87525384 1.81657436 1.86463947 0.49253854] -218.72108153063053
[4.9350208  0.87296106 1.88712149 1.80764618 1.84436484 0.48045563] -218.71918425177512
[4.9236972  0.85420997 1.88461582 1.79543634 1.83563703 0.46624516] -218.7194421301931
[4.94930126 0.90251334 1.85639409 1.81096392 1.85262025 0.47324931] -218.71906603634767
[4.95330397 0.91430825 1.82762836 1.80470956 1.85329787 0.45628593] -218.7202919326916
[4.93546938 0.88978273 1.8737668  1.82640378 1.8701451  0.4378289 ] -218.71995018636449
[4.95061712 0.87582293 1.86920119 1.82313291 1.87510134 0.44472655] -218.7188398266366
[4.95704575 0.86188828 1.86042641 1.82688523 1.89131989 0.41797545] -218.72129617756116
[4.94764161 0.87775353 1.87868057 1.82437301 1.85661338 0.43447943] -218.7177115049692
[4.94985951 0.86899182 1.88039393 1.82827233 1.85260034 0.40544988] -218.7190261712128
[4.92489724 0.88092531 1.85596203 1.81333855 1.86258523 0.47947749] -218.71958639709737
[4.94727687 0.87670737 1.86940973 1.80937955 1.84807424 0.49980668] -218.7182290070331
[4.96530888 0.8841588  1.89169707 1.82112512 1.85079711 0.46493448] -218.71935689243838
[4.95762816 0.87381156 1.86866449 1.80431146 1.84581741 0.43203239] -218.71885977095238
[4.93051973 0.87569779 1.85146011 1.80547722 1.85673338 0.45664885] -218.71868860590655
[4.95930745 0.88780778 1.84414857 1.81823318 1.86728849 0.43319211] -218.71852427237303
[4.94836239 0.85335365 1.87079413 1.81733852 1.8639225  0.42704602] -218.7173998307929
[4.94789295 0.8287738  1.87799415 1.82052583 1.86957363 0.40394438] -218.71855720126914
[4.9369469  0.87523612 1.85923362 1.82833334 1.87676036 0.46660083] -218.71800650218734
[4.93940119 0.87302915 1.85537439 1.81124536 1.84802945 0.46119809] -218.71596569074748
[4.93379323 0.87163226 1.84846098 1.80530159 1.8344935  0.46943385] -218.71509177335892
[4.96058975 0.87179911 1.87211576 1.8288425  1.85898411 0.45353746] -218.7160442079762
[4.93222946 0.8543529  1.88874969 1.819623   1.84566087 0.48377598] -218.71637137940567
[4.93924425 0.85800182 1.86993518 1.8318911  1.86407067 0.41181785] -218.71628643583173
[4.95034    0.8537283  1.88367848 1.81412324 1.83115465 0.42676271] -218.71739614166324
[4.94054474 0.84320248 1.86589751 1.81466698 1.84281539 0.45631186] -218.71370105298612
[4.9369963  0.82592696 1.85950598 1.80981396 1.83591639 0.46722807] -218.71273300498987
[4.93603528 0.85846013 1.87002122 1.81919327 1.8261709  0.47713928] -218.71454289054068
[4.92928942 0.85966276 1.85258445 1.82409857 1.8572775  0.49421479] -218.71467353566743
[4.94641995 0.86080811 1.83545817 1.82009067 1.84664349 0.44068112] -218.7133557772622
[4.94179706 0.85809462 1.84278034 1.80388909 1.82242463 0.52226035] -218.71504848035627
[4.91418733 0.83972918 1.83082129 1.79861988 1.81532469 0.50344836] -218.71272827656585
[4.89098612 0.82369421 1.81017406 1.78350857 1.79349498 0.52840381] -218.715180577561
[4.93444855 0.82926166 1.84859617 1.81993356 1.8334257  0.49889014] -218.71081507523198
[4.93477622 0.80807636 1.84866377 1.82724955 1.8328918  0.51361828] -218.7097722063411
[4.92410444 0.82612654 1.85623795 1.82913288 1.84898363 0.44318296] -218.71103447066992
[4.93488375 0.81337967 1.84765167 1.8106015  1.81136614 0.4542179 ] -218.7112368275508
[4.92775405 0.79955548 1.82275839 1.81264287 1.83753781 0.46365295] -218.71058874697954
[4.91114741 0.77678995 1.85308818 1.80926288 1.81403    0.50776839] -218.7116079475065
[4.91195476 0.7952921  1.82690111 1.81935589 1.81746163 0.49473488] -218.70814953840485
[4.89943399 0.77997467 1.81059867 1.82412686 1.80823424 0.50848828] -218.70758977239305
[4.92984596 0.76157172 1.84884492 1.83905229 1.83568985 0.46019456] -218.70754174239082
[4.93767527 0.72249299 1.85785673 1.8592685  1.84587242 0.43856766] -218.7087807518709
[4.93911872 0.81943819 1.82516361 1.83833911 1.84420449 0.44001659] -218.70885645302235
[4.91679405 0.78486799 1.82310409 1.84624635 1.85781447 0.4888333 ] -218.70776174397477
[4.92513656 0.75836826 1.80347319 1.83341946 1.82314059 0.51508503] -218.7077553549866
[4.92061444 0.77121025 1.83052436 1.856835   1.82978733 0.51175907] -218.70654196149798
[4.91704464 0.75703764 1.83440735 1.87893106 1.8259121  0.53581212] -218.70986032745913
[4.90887169 0.75040066 1.79857252 1.85209015 1.83339853 0.46117399] -218.70515661992204
[4.89591942 0.72156281 1.77352689 1.86451044 1.83365189 0.43495184] -218.706853368456
[4.89444684 0.71602632 1.81320898 1.84558426 1.81848385 0.54182815] -218.7102018322507
[4.92795075 0.79358523 1.82217495 1.8401504  1.83777433 0.46546948] -218.70652202181085
[4.92049042 0.75350228 1.81495878 1.83564503 1.79819382 0.48522349] -218.7088168797921
[4.91771814 0.77702656 1.82106776 1.84359602 1.84290931 0.48793085] -218.70626140141184
[4.9096751  0.78622144 1.84045453 1.85186411 1.83945727 0.44992038] -218.70730437467103
[4.93879137 0.76669728 1.84328101 1.87040247 1.86477129 0.4369945 ] -218.70725967483853
[4.91136121 0.78680876 1.80318013 1.86592709 1.84700951 0.47755486] -218.70522987347383
[4.9320941  0.76235481 1.79914571 1.85780293 1.84575949 0.49704053] -218.70562475208334
[4.90074541 0.78043147 1.78160746 1.83506473 1.81410821 0.52998176] -218.70745658761993
[4.92927988 0.77013083 1.82786263 1.86156803 1.85210552 0.46024131] -218.70563464999972
[4.92181081 0.77555869 1.79347687 1.85020987 1.85653156 0.43804461] -218.70669073868257
[4.92091354 0.77229736 1.82126249 1.85517872 1.83647339 0.49333045] -218.70550787949577
[4.91212876 0.74608777 1.80152213 1.87190391 1.84811092 0.49362119] -218.7048105559914
[4.90421777 0.72233904 1.79119572 1.88778067 1.85327922 0.50769704] -218.7061507771273
[4.92049825 0.75233351 1.7961141  1.87789425 1.84470981 0.47305659] -218.70556052720917
[4.9060093  0.75329679 1.7787364  1.86536432 1.83304836 0.50501789] -218.7053018647968
[4.89450015 0.75805347 1.80065021 1.87164988 1.83515735 0.47087779] -218.70618237380717
[4.92269561 0.76127948 1.79952184 1.86126467 1.84310896 0.49049985] -218.704930169441
[4.90682845 0.77105677 1.80481773 1.84601536 1.83567341 0.50067615] -218.70582614836505
[4.9170808  0.75701432 1.79829001 1.86992453 1.84245071 0.47996148] -218.7049143534527
[4.90513559 0.74599856 1.77201185 1.87364617 1.84590227 0.47594597] -218.70519512857643
[4.91974858 0.76256639 1.81229642 1.86622119 1.85361194 0.45456789] -218.70515689821852
[4.91719247 0.72097364 1.79089146 1.86575645 1.8418516  0.47436859] -218.70580060691498
[4.91281902 0.77034998 1.80010796 1.86588443 1.84572003 0.47675829] -218.70473637124636
[4.92597923 0.76990097 1.83142511 1.85545012 1.84289809 0.47624826] -218.70567116334317
[4.9103465  0.75197416 1.78686516 1.86909716 1.84515123 0.47602154] -218.7046508320623
[4.90823221 0.7498024  1.78266345 1.86383376 1.83236819 0.50477756] -218.70523814542173
[4.91686949 0.75937539 1.80488818 1.86562433 1.848301   0.46712031] -218.70477124783758
[4.92177504 0.7649597  1.79849258 1.8824762  1.85754909 0.50015356] -218.70509874164932
[4.9185492  0.76131994 1.79851256 1.87487968 1.85151145 0.49040867] -218.70475468981635
[4.90656898 0.75409438 1.79720683 1.87784001 1.85063949 0.47079731] -218.70498487180453
[4.91866395 0.7594832  1.79894308 1.8654085  1.84499159 0.48557421] -218.7047022164797
[4.91271151 0.75918249 1.79865635 1.86767481 1.85214469 0.48320659] -218.70468486536979
[4.9178578  0.77447396 1.79446897 1.86428572 1.84782908 0.46607535] -218.70489004657125
[4.91356102 0.75318431 1.79975884 1.86999937 1.84804046 0.48673473] -218.70464081933926
[4.91201425 0.75912264 1.78939314 1.87202365 1.84755215 0.49911437] -218.7047717783058
[4.91565568 0.7593122  1.80101442 1.86722416 1.84811379 0.47511882] -218.70464510455952
[4.90937003 0.75650884 1.79660271 1.86021646 1.84320915 0.47072939] -218.7047374947805
[4.91166482 0.75771162 1.79708017 1.86388226 1.84528472 0.47564921] -218.7046143750545
[4.91471547 0.74326602 1.79399805 1.86854433 1.84885546 0.48401008] -218.7048329656434
[4.91329314 0.76357899 1.79858048 1.8665494  1.84650389 0.47857124] -218.7046206100175
[4.90708027 0.75549806 1.79504206 1.86940055 1.850088   0.47285983] -218.70469935144507
[4.90997619 0.75649434 1.79601732 1.86840254 1.8488139  0.47603843] -218.70459978300548
[4.91212094 0.75490272 1.79444911 1.86737682 1.84182463 0.47283807] -218.70476507021152
[4.91256387 0.75811255 1.79760454 1.86760031 1.84956468 0.48061446] -218.70461149304418
[4.91522507 0.76415718 1.80982009 1.86545552 1.85028925 0.48155409] -218.70476929409747
[4.91156614 0.75501992 1.7926039  1.86818675 1.84643573 0.47740468] -218.70459303044044
[4.90855271 0.75538837 1.79286733 1.86764938 1.84676734 0.48321876] -218.70465289936652
[4.91387994 0.75833125 1.79897765 1.86733047 1.84777718 0.47714381] -218.70459645764475
[4.91075368 0.76323191 1.79386251 1.86398454 1.84675291 0.46840588] -218.70464653660733
[4.91285919 0.75569621 1.79828476 1.86849566 1.84771857 0.48215252] -218.7046203868604
[4.91087691 0.75020964 1.79494229 1.86808326 1.84869437 0.47776313] -218.70464095655393
[4.91268908 0.76023665 1.79767094 1.86693287 1.84705151 0.47836921] -218.7046028768133
[4.91125416 0.7596059  1.79503341 1.86561607 1.84725733 0.47292075] -218.7045962953052
[4.91231164 0.75822192 1.79555574 1.8708074  1.85034872 0.47851456] -218.70459438304022
[4.91132852 0.75785744 1.79434844 1.86815839 1.84633011 0.47284935] -218.7046398881747
[4.91225503 0.75804877 1.79679052 1.86773983 1.84875604 0.47867318] -218.7045905848249
[4.91105862 0.75500405 1.79398857 1.86909482 1.84941146 0.47519592] -218.7045889746984
[4.91024339 0.75238774 1.79214739 1.8701758  1.85059143 0.47360928] -218.70462621899628
[4.91413232 0.75824959 1.79496595 1.86785591 1.84784825 0.47724587] -218.70459379013437
[4.9103127  0.75638547 1.79066838 1.86910313 1.84890867 0.47617452] -218.7045931693442
[4.91262466 0.75403734 1.79315761 1.87197987 1.84997896 0.48148217] -218.70461127868214
[4.91159679 0.75821376 1.79456446 1.86720702 1.84793774 0.4750611 ] -218.70459905653235
[4.91165683 0.75652641 1.79538955 1.86841732 1.84908375 0.47693455] -218.70458331194806
[4.91131238 0.75501198 1.79329624 1.86864078 1.8479236  0.4763003 ] -218.70458352391458
[4.91068566 0.75569476 1.79232848 1.86909897 1.84916006 0.47568522] -218.7046016421124
[4.91259547 0.75662682 1.79447726 1.86847536 1.84862986 0.4762209 ] -218.7045999814141
[4.91168513 0.75661298 1.79477216 1.86995111 1.84988009 0.47685524] -218.70458453152926
[4.91115639 0.75730497 1.79451099 1.86735545 1.8483344  0.47405834] -218.7046073405036
[4.91184164 0.75452069 1.79357309 1.87053735 1.84969521 0.47833904] -218.7045929823471
[4.9126977  0.75573955 1.79617048 1.86927328 1.84904792 0.47759677] -218.7045848495119
[4.91082196 0.75451174 1.7945861  1.87016286 1.84971748 0.47751971] -218.7045910307755
[4.9112359  0.75661488 1.79582794 1.86797604 1.84865956 0.47512846] -218.704615888895
[4.9116902  0.75504424 1.7941368  1.86989702 1.84943629 0.4775364 ] -218.7045880119531
[4.91254499 0.75680133 1.79466516 1.86826192 1.84854355 0.47595335] -218.70459579926893
[4.91125272 0.75508414 1.79460587 1.86968762 1.849424   0.47712812] -218.70458120307873
[4.91237303 0.75633572 1.79546845 1.86952756 1.84885376 0.4789212 ] -218.70458810331277
[4.91204443 0.7560028  1.79509848 1.86941938 1.84899318 0.47798988] -218.70458167999706
[4.91185952 0.75661505 1.79564079 1.86856614 1.84868122 0.47673189] -218.70459599974726
[4.91173253 0.75543694 1.7945128  1.8695643  1.84924753 0.47733527] -218.7045859060901
[4.91181719 0.75622235 1.79526479 1.86889886 1.84886999 0.47693302] -218.70459834513127
[4.9117537  0.75563329 1.7947008  1.86939794 1.84915314 0.47723471] -218.70459414639652
[4.91164857 0.75554347 1.79485217 1.8695535  1.84920859 0.477559  ] -218.7045935422027
[4.91145477 0.75580527 1.79499771 1.86905247 1.84925387 0.47703134] -218.70460014921036
[4.91128255 0.75504806 1.79395105 1.8691642  1.8486738  0.47671421] -218.7045837110745
[4.91146892 0.75584856 1.79468901 1.86981937 1.84965204 0.47699168] -218.70460293280684
[4.91197521 0.75541185 1.79538817 1.86948045 1.84923596 0.47736244] -218.70459751409194
[4.91149263 0.75526054 1.79455933 1.86962596 1.84933576 0.4772317 ] -218.7045911084824
[4.91156656 0.75486922 1.79476242 1.86903537 1.84872528 0.47735059] -218.70460021958303
[4.91154215 0.75511405 1.79474407 1.86923137 1.84895697 0.47726086] -218.7045978374714
[4.91160984 0.75468209 1.79436918 1.8698619  1.84902449 0.47738744] -218.7046019812744
[4.91149354 0.75552448 1.79484057 1.86925483 1.84919653 0.47712036] -218.70458621528206
[4.91150625 0.75551013 1.79465499 1.86969082 1.84940124 0.47711108] -218.7045860058643
[4.91091688 0.75524509 1.79376649 1.86951186 1.84917735 0.47692572] -218.70459949416372
[4.91171063 0.75537016 1.79498275 1.8694883  1.84922131 0.47725326] -218.70459780444958
[4.91126763 0.7550661  1.79427846 1.86942591 1.8490489  0.47692117] -218.70461105335735
[4.91137949 0.75529713 1.79463043 1.86968922 1.84941262 0.4771196 ] -218.704588943465
[4.91137313 0.75530431 1.79472322 1.86947123 1.84931026 0.47712424] -218.70459726851377
[4.91137267 0.75517234 1.7945826  1.86965679 1.84937988 0.47717991] -218.70459547260913
[4.91145065 0.7553138  1.79472902 1.86962056 1.8493163  0.47734356] -218.70458674501586
[4.91161396 0.75524799 1.79499702 1.86958404 1.84932998 0.47724528] -218.7046039593962
[4.91154657 0.75540714 1.79514426 1.86981057 1.84967545 0.47745907] -218.70459914284214
[4.91117778 0.75527829 1.79447478 1.86972796 1.84950952 0.47720622] -218.7046039841582
[4.91150492 0.75525557 1.79486646 1.86962002 1.84937487 0.47723552] -218.7045953721194
[4.91123129 0.75506862 1.79423494 1.86943791 1.84906386 0.47691791] -218.70460317789264
[4.91146775 0.75532251 1.79491693 1.86971741 1.84952255 0.47732378] -218.70459931178164
[4.91135168 0.75519897 1.79466744 1.86965409 1.84937015 0.47723584] -218.70458829766062
[4.9113161  0.75519063 1.79461815 1.86968842 1.84941831 0.47712386] -218.70457633970764
[4.91137882 0.75516985 1.79473616 1.86965382 1.84939943 0.47718182] -218.70458747998845
[4.9113127  0.75512824 1.79459423 1.86967221 1.84940194 0.47715402] -218.7045952802451
[4.91131292 0.75519422 1.79466454 1.86957942 1.84936713 0.47712618] -218.7045944308133
[4.91139964 0.75524564 1.79487506 1.8697491  1.84954972 0.4772936 ] -218.70458734809762
[4.91135793 0.75523291 1.79479484 1.86966529 1.84944098 0.47720913] -218.7045967009722
[4.91132401 0.75515441 1.79464438 1.86967048 1.8494117  0.47716779] -218.70459956300226
[4.91128441 0.75513739 1.79461201 1.86968802 1.84942116 0.47712599] -218.7045918105432
[4.91135787 0.75521814 1.7947466  1.86971876 1.84948402 0.47720873] -218.70459681017113
[4.91134746 0.75518024 1.79467715 1.86967112 1.84940887 0.47715284] -218.70458175465185
[4.91133389 0.7551948  1.79464279 1.86967126 1.84939423 0.47717985] -218.7045853609804
[4.91131451 0.75519243 1.79464134 1.86963392 1.84939272 0.47712502] -218.70460072984528
[4.9113144  0.75515944 1.79460619 1.86968032 1.84941013 0.47713894] -218.7046014007786
[4.91133702 0.75521177 1.79470649 1.86967685 1.84942964 0.47716649] -218.70458711018955
[4.91134441 0.75518523 1.79469305 1.86973756 1.84945935 0.47719424] -218.7045991034422
[4.91133693 0.75518703 1.79468013 1.86971165 1.8494427  0.47717693] -218.7046019197459
[4.91133178 0.75518544 1.79464765 1.86967977 1.84941359 0.47713835] -218.7046028980296
[4.911325   0.75519272 1.79463047 1.86967984 1.84940627 0.47715186] -218.70459355705205
[4.91132656 0.7552012  1.79466232 1.86968264 1.84942398 0.47714518] -218.70458206899832
[4.91130026 0.75516401 1.79461508 1.86968822 1.84941973 0.47712493] -218.70458997648052
[4.91133699 0.75520439 1.79468237 1.86970359 1.84945116 0.4771663 ] -218.7045982222836
[4.91131531 0.75519153 1.79462975 1.86966117 1.84940552 0.47712444] -218.704595143516
