[-0.10198959  0.04718329  1.62929767  0.64285361  1.54920885 -0.0850422 ] -280.17621505293585
[1.20677427 0.2323779  0.86758556 0.69537589 0.58043331 0.38355001] -257.4038534974847
[ 0.81306252  0.1981599  -1.19012836  2.28672854 -1.03115643  1.84753759] -275.21694451523086
[-0.75481767  0.93425371 -1.57662201  2.19488775 -0.04731592  1.23317027] -289.4303608002081
[-0.96504077 -0.79255446 -0.58567491 -0.68554591 -1.03808403 -0.48266532] -294.4247349014685
[-1.04708719 -0.9719364  -0.84508255 -0.42823624  1.37789597  0.48674699] -291.6097803462503
[ 1.71649952 -0.0508184  -0.69537961  0.16042478 -0.07912289  0.19607098] -255.18241656236657
[ 1.57585473  0.92229446 -0.0177682   2.53622402  1.82139833  1.83667653] -259.3457135968359
[ 2.53221512  1.73308669  0.51741091  3.26706777 -0.44674756  1.31724074] -273.7387738862598
[3.33562319 0.09317423 1.94696133 1.00133712 0.84532045 0.59884094] -245.72918209447516
[ 5.38084362 -0.32736551  3.708753    0.4045618   1.29163864  0.28167628] -253.89191220572957
[ 3.82866604  0.99557497 -1.15307046  2.67286576 -0.98583378  2.14501446] -271.0886028227031
[3.9188151  1.11040339 1.6787082  1.15770324 1.60963905 0.31159363] -244.29334224109058
[ 5.47169138  1.56652514  3.11312648  0.5931906   2.9300368  -0.45637834] -261.80299099990435
[ 2.6618625  -0.6320845   0.35826804 -0.5257575   1.71069238  0.50667478] -270.7258017875603
[ 0.97647706 -0.43712594  2.5325289  -0.99776325  3.14862066 -0.86721217] -308.09168693311653
[ 3.11561879  0.63739975 -0.23167062  1.75520851  0.04777983  1.3919578 ] -247.18881981817907
[ 2.2945327   1.61369494  0.82454419  2.96118202 -0.10220969  1.06622185] -263.58857155794965
[2.38636515 1.05225008 0.70797515 2.08944714 0.35101583 0.92633508] -248.93440829558944
[ 3.65071062  0.10263453  1.44249486 -0.24972512 -0.70304313 -0.56722705] -254.31379983549778
[4.83443652 0.74930329 0.74877755 1.27608933 0.11009641 0.56897379] -245.8372840082368
[5.3640236  1.29920682 2.79312843 2.18292862 0.8327257  0.88075376] -243.94277928137046
[7.18778564 1.97421943 4.53738246 3.19418055 1.28865    1.22309515] -267.268276425554
[4.00091684 1.54461133 1.10546515 3.40396311 1.96856889 2.12671205] -243.21511047384539
[4.17601995 2.26559973 0.93695029 5.23080723 3.3043749  3.4736816 ] -264.0975366854388
[5.80344619 0.75911619 1.97248153 1.50296284 1.45369428 1.03327558] -243.89220826487977
[5.97013502 1.21453867 3.64684468 1.75311958 2.22556844 0.44809211] -242.68740188366772
[ 7.39739313  1.50310814  5.58610233  1.75207511  3.31446274 -0.02384074] -252.6732275841426
[4.62988346 1.25771359 3.6324189  2.39124884 2.8684092  1.23078223] -245.0763563547606
[6.56011688 2.30202243 2.9960543  3.12930496 2.80754807 1.41156218] -242.53914895952818
[8.17236373 3.40644653 3.52060079 4.19328889 3.78866187 1.8179228 ] -271.17656259896575
[5.90926775 1.48558602 1.0984752  1.98541195 0.76417228 0.83988087] -247.07905091120696
[4.94972953 1.3146817  2.99893297 2.28978962 2.34234997 1.13305689] -240.24451879250725
[6.96397426 1.70098899 3.49226082 3.59631967 2.2671794  2.03289055] -254.05586813741476
[4.68010489 1.25804979 2.13209636 1.76735735 1.77402414 0.74191786] -240.1876027563848
[5.29079285 1.49846655 2.15749656 2.43257053 3.35785889 1.4174518 ] -244.18381706598754
[5.34571591 1.34902175 2.63422047 2.2453391  1.464009   1.01492827] -240.06537576761602
[4.69879349 2.23519237 3.19872311 3.35999506 2.74032855 1.25881421] -241.94467390062218
[ 6.73394841  1.67989091  4.76349215  1.44433878  2.48270716 -0.12392154] -247.99112888706057
[4.68417473 1.57843122 2.0199719  2.91405703 2.09710346 1.56405365] -239.15257804754586
[4.33607679 2.13126108 1.67982169 3.48216146 2.18288596 1.92668558] -243.88266588821477
[5.56162046 1.44371927 3.15508893 2.18538005 2.21489782 0.81774048] -239.53336568080778
[3.41326279 0.75767627 2.38362361 1.79133444 1.40335624 0.76527494] -243.54193024563358
[5.77340336 1.91593589 2.84294663 2.79481233 2.45650011 1.24999037] -239.12013739762256
[5.63278947 0.71808751 2.06236264 1.37225009 1.37596628 0.91508163] -243.87644983668724
[4.93229249 1.85591615 2.91463299 2.86305882 2.39923798 1.17288107] -239.13127208171096
[5.37604108 1.81900967 2.23405279 2.63354528 1.79290754 1.05411367] -239.8229363306535
[5.87764446 2.0626282  3.13487488 3.44470685 2.36752783 1.54931797] -245.04073713098455
[4.97948978 1.45919439 2.38279099 2.18669473 1.92240006 0.94376789] -238.746920378141
[5.08995805 2.00838045 2.54894094 2.94717698 2.83033999 1.25258744] -238.35066990376598
[4.96207912 2.3380598  2.50630118 3.29809592 3.51350548 1.37141703] -239.49204292591833
[4.96427188 1.60151613 3.05407134 2.6635147  2.84725227 1.27955996] -240.24212050710761
[5.27309878 1.76463628 2.43905742 2.64103763 2.05649372 1.11047525] -238.6814040082335
[4.6825186  2.08377885 1.89435803 3.26356579 2.37246063 1.61351141] -240.48209592222946
[5.341845   1.60373417 2.83990621 2.45492648 2.25428852 1.01668321] -238.5819654358587
[5.77918776 1.95750122 3.3027865  2.3818453  2.54265    0.68474142] -239.2343319345349
[4.95792798 1.67319872 2.34067555 2.7810041  2.2084901  1.34422559] -238.54269874384295
[5.53961516 1.61911048 2.21680625 2.40549193 2.17693285 1.13302885] -238.64747881299297
[4.62057489 1.46014894 2.07977916 2.34396495 2.02648163 1.01693238] -238.59749720967454
[5.29485018 1.91720862 2.43893086 3.00450596 2.59527554 1.34754302] -238.3533552535046
[5.00849164 1.66262418 2.38262223 2.67131917 2.64077582 1.25985825] -238.53582844533898
[4.56493409 1.82265455 2.66014539 2.99547395 2.67495102 1.27958111] -239.57734968941713
[5.29594489 1.6699965  2.32764104 2.55298743 2.30143739 1.16966692] -238.18567600059578
[5.70909769 2.05156527 2.87979312 3.12667509 2.91705415 1.4465891 ] -238.8894443098729
[4.89270559 1.60800302 2.27978265 2.53964248 2.24912476 1.12434656] -238.2584019373224
[4.83811445 1.909403   1.93295821 3.04395222 2.68752601 1.48272605] -238.39975182240528
[5.18209362 1.9186732  2.2962831  2.80552399 2.89300308 1.20135048] -238.14072232729927
[5.29417643 2.04141044 2.27408687 2.81778393 3.23525957 1.12991293] -238.67281105403174
[5.18939728 2.01459742 2.2255567  2.95994386 2.5447931  1.26621524] -238.24081900774837
[5.47686875 1.80288341 2.77275355 2.55930801 2.45046527 0.97117717] -238.30623860186242
[5.08080589 1.75696937 2.37805513 2.45035495 2.49444566 0.98090492] -238.4601840515709
[5.2413391  1.87714881 2.42371193 2.86596821 2.57006807 1.25588349] -238.07941048631662
[5.33615836 1.62205367 2.22630204 2.48061435 2.1726239  1.07695918] -238.18913294322343
[4.9023442  1.76727413 1.82033894 2.8422521  2.45988483 1.39363012] -238.08380101593096
[5.48972023 2.01524489 2.16016193 2.96278749 2.73147869 1.33022192] -238.06536811275507
[5.78822755 2.21886582 2.10035158 3.17436    2.97265566 1.4331596 ] -238.72838191009265
[5.29313618 1.60886632 2.19258962 2.543434   2.49803889 1.2096888 ] -238.27455004350466
[5.21533201 1.91316464 2.21731493 2.85581639 2.53310455 1.25208363] -237.99422761877713
[5.10609965 2.09844705 2.18884858 3.14783085 2.9903683  1.45731968] -238.30703205455643
[5.27864369 1.74115202 2.21693868 2.64741848 2.37706    1.1720493 ] -237.9753764992276
[5.14054605 2.07422273 2.0506088  3.10693479 2.88676235 1.36540606] -238.00990611817122
[5.24054814 1.87739587 2.00007531 2.9548685  2.29311642 1.38840769] -238.76330710650026
[5.19670725 1.90835387 2.22223115 2.84286012 2.74303141 1.24811478] -237.90323209558508
[5.61841858 2.07582152 2.60998353 2.91834306 2.82061686 1.14762294] -238.1327966393148
[5.08136279 1.84441098 2.01775009 2.86127484 2.55006784 1.33212832] -237.94645901017427
[5.22609824 1.95503423 1.87128993 2.89306249 2.70376688 1.31078451] -237.80270117680232
[5.2184778  1.99397694 1.59507893 2.90660963 2.77061628 1.33823502] -237.82504259848832
[4.88984311 1.79686794 2.03854926 2.77300154 2.53311898 1.22996695] -238.0293788430048
[5.03981239 1.85146217 2.06895243 2.82044803 2.58270891 1.25503069] -237.90448713500075
[5.2054394  1.66363657 2.15421694 2.53335866 2.27648418 1.15799102] -238.09456518706224
[5.15676939 1.97157619 2.07651083 2.96354075 2.73419281 1.3135523 ] -237.89057893445352
[5.11113257 1.84416518 1.9405761  2.82038517 2.6971714  1.29180301] -237.86726348518684
[4.99198386 2.05051552 1.8488315  3.08643866 2.95991975 1.41175524] -238.10002152292438
[5.20697873 1.81849289 2.12491188 2.75717352 2.52277494 1.23197579] -237.86629799573046
[5.23113673 1.9386172  2.08374069 2.83788186 2.77781428 1.21829204] -237.78870367524945
[5.3060237  1.98572031 2.11673599 2.82618537 2.8916875  1.1613739 ] -237.81001633935807
[5.33646191 1.96061768 2.03746777 2.88451994 2.81020833 1.28314345] -237.79693241971844
[5.22615194 1.92114725 1.82260125 2.87599446 2.67227813 1.30173558] -237.76988738417646
[5.24087429 1.92754395 1.6227863  2.89256164 2.63690149 1.32854598] -237.81694971257636
[5.28921731 1.84111529 1.88368504 2.72613173 2.66047851 1.23235916] -237.86088482602898
[5.39421571 1.96750967 2.00065609 2.83786949 2.68526896 1.23429383] -237.814445685569
[5.36078189 2.04285421 1.77490171 2.9279798  2.91383009 1.29489374] -237.78053424729595
[5.30239816 2.08747813 1.97986743 3.02630429 2.86057704 1.31535523] -237.84576168744496
[5.29910295 2.02588742 1.95582184 2.95126115 2.81055241 1.29460621] -237.78173094370155
[5.1656955  1.980543   1.84795164 2.95236374 2.87754775 1.33352468] -237.8177110703347
[5.33708566 1.970768   1.96247997 2.86649306 2.73333865 1.25910154] -237.77526074135352
[5.37080879 1.99826303 2.00771448 2.88831427 2.86890709 1.23980634] -237.74467303679802
[5.44316407 2.01987742 2.07592675 2.88594016 2.95147719 1.20431726] -237.7612099456189
[5.27189407 2.00522802 1.83161888 2.89812159 2.78203189 1.2530017 ] -237.71411295170574
[5.23961016 2.0275332  1.72869443 2.90492241 2.76794367 1.23793083] -237.69065245595428
[5.38004373 2.05686717 1.66699721 2.96710653 2.81113573 1.32439938] -237.84299033058863
[5.26836348 1.96817969 1.97955482 2.87018802 2.78614464 1.24481887] -237.74732467915433
[5.30183102 1.95036104 1.80282705 2.82670286 2.77026168 1.23148943] -237.73754345701263
[5.2205018  1.90256319 1.99305563 2.81622523 2.61912786 1.21006713] -237.73003410258104
[5.20533674 1.95191447 1.81566924 2.86095603 2.76154904 1.22951452] -237.68528795108887
[5.13946227 1.9424877  1.74226388 2.85818752 2.77565423 1.214721  ] -237.6800901061834
[5.2873739  2.00864869 1.92876884 2.84551897 2.85706826 1.15787562] -237.68145164326936
[5.25149917 1.97510593 1.75488662 2.84310239 2.76684295 1.18581124] -237.64113916120357
[5.24306701 1.97856904 1.64255252 2.82955958 2.75719211 1.15630743] -237.6128412682381
[5.10647327 1.93845793 1.6050063  2.80539125 2.64684218 1.1629908 ] -237.6359764676503
[5.11033178 1.98239221 1.74395348 2.85989879 2.70434775 1.14847484] -237.59289334724198
[5.01458215 1.99840779 1.7145167  2.87649676 2.67139079 1.10696754] -237.57854851225835
[5.12302112 2.06213826 1.4608786  2.89046694 2.87290255 1.13553061] -237.63389914046968
[5.06504975 1.94870328 1.63596785 2.79695126 2.75907304 1.07353351] -237.5931383792338
[4.94317796 1.94760597 1.33829311 2.84016546 2.63728337 1.12547468] -237.61980475650878
[5.02566148 2.01547306 1.39014115 2.82148957 2.67257378 1.03888052] -237.51629506036366
[4.96876108 2.05196574 1.21407978 2.80314059 2.62103356 0.95096028] -237.50026954330585
[5.01274643 2.05733876 1.39708988 2.87353561 2.79278295 1.01993388] -237.49150545488283
[4.96588301 2.11677918 1.29313167 2.90760779 2.86575334 0.94840542] -237.47531259947291
[4.9438192  1.95187207 1.48530195 2.79417354 2.56433952 0.98501901] -237.4473978813918
[4.85421824 1.89673898 1.49751362 2.74602684 2.41005801 0.9097632 ] -237.43494619631116
[5.09400912 2.04944869 1.66096094 2.81309547 2.72421691 0.92317111] -237.3628430562169
[5.16942471 2.10037006 1.82229485 2.79956048 2.76768368 0.82201933] -237.30258296083665
[4.76957264 2.05908596 1.41661564 2.81370166 2.60780537 0.780909  ] -237.4067578126276
[4.84909753 2.12574596 1.35008291 2.85189345 2.55550188 0.76614142] -237.4030039384489
[4.84440358 2.1184875  1.15005612 2.76414684 2.60455449 0.61909867] -237.2616097876322
[4.7593143  2.17852735 0.86782584 2.70797189 2.57113634 0.37516424] -237.3008569958493
[4.84877215 2.08710347 1.62915182 2.82450509 2.64941869 0.66448541] -237.23942300209535
[4.78877768 2.10467234 1.83668784 2.83518734 2.66361126 0.52124797] -237.2786406085123
[4.81261327 2.01239813 1.66210665 2.692337   2.33258736 0.57240025] -237.32765379290242
[4.91040972 2.27099138 1.51258905 2.83602133 2.76245915 0.49858816] -237.19417980551177
[4.93850546 2.45811759 1.52012676 2.88101858 2.93865972 0.29300064] -237.261748593919
[5.04200101 2.17927954 1.62547816 2.77578641 2.61626305 0.53333541] -237.12924679595167
[5.1782152  2.23937632 1.72990942 2.75682878 2.62049189 0.40954862] -237.1450156997297
[5.02677729 2.13046407 1.78380931 2.71222561 2.68882026 0.47050099] -237.08995808524588
[5.11561717 2.13282312 2.00067252 2.64239169 2.75547945 0.32268078] -237.14637008260254
[5.13464955 2.28316721 1.51235312 2.87841159 3.03047908 0.63027574] -237.24923734668417
[4.76624639 2.25612767 1.24885101 2.79747181 2.68298123 0.31674213] -237.16155620263257
[5.06521512 2.28389028 1.95402137 2.84399377 2.87225266 0.41887727] -237.16299189827814
[4.75182435 2.1194516  1.73894712 2.71825642 2.39358594 0.33723405] -237.30557395600977
[5.03894325 2.24223831 1.56900162 2.83837279 2.87125579 0.55701532] -237.13878002770807
[5.10109211 2.36722694 1.60209835 2.77678548 2.84859202 0.26720102] -237.07584561937378
[5.22725209 2.50728867 1.58857162 2.75292568 2.94817868 0.06855883] -237.17870630109132
[5.10301534 2.21541755 1.74849756 2.74552396 2.76426253 0.35596922] -236.99750548552277
[5.19931815 2.18763063 1.86645182 2.70027527 2.76516421 0.28465975] -236.97906536000352
[4.99291095 2.1704321  1.27787539 2.68964535 2.61877286 0.39094094] -237.07421615851965
[5.36743453 2.16962953 1.99272054 2.70022516 2.78664151 0.51780901] -237.2241781732029
[4.91654343 2.23450313 1.43481839 2.77316015 2.7088963  0.36700885] -237.0575477525872
[5.05393773 2.1809405  1.62784219 2.63758663 2.54424711 0.21420034] -236.99156455139644
[5.05485887 2.24445292 1.57215366 2.65410642 2.77523454 0.13150189] -237.00382819821124
[5.07944312 2.33126467 1.34327062 2.69829416 2.73148208 0.08133661] -237.01260636848653
[4.99791197 2.08251438 1.43870567 2.60757051 2.53267368 0.22268177] -236.92314626970833
[4.9463219  1.9401581  1.35700933 2.52296303 2.37471451 0.20042214] -236.93332608495405
[5.10776015 2.25000331 1.81653872 2.66735236 2.73379311 0.04285547] -236.93300422602658
[ 5.24786657  2.19109901  1.78683583  2.5485683   2.65196861 -0.04126358] -237.00844676451922
[5.14110802 2.04761558 2.02623868 2.57352567 2.60287834 0.20354194] -237.018937233555
[5.09485935 2.2603524  1.51401263 2.66710204 2.69933115 0.11188794] -236.94959359510923
[4.92168217 2.21086571 1.4917324  2.76276277 2.69817932 0.37719263] -237.04479625051843
[5.16632047 2.19604068 1.71305997 2.60211692 2.66352129 0.06335047] -236.9490467771961
[5.15184374 2.14137438 1.75338335 2.63989482 2.53767565 0.18171003] -236.95686321787014
[5.18540021 2.1916981  1.73954186 2.65718401 2.76647259 0.08818147] -236.89559841337666
[5.25113145 2.1970769  1.7953917  2.6669827  2.87758533 0.02517204] -236.91739452904997
[ 5.03538048  2.18636379  1.45862892  2.58013162  2.54599161 -0.04777071] -236.9068306100076
[ 5.04403381  2.24761651  1.47344591  2.620591    2.77625216 -0.02131456] -236.98721225922299
[5.12489125 2.16793491 1.68339899 2.63506886 2.59731978 0.13095388] -236.91022777213468
[5.11102883 2.09783266 1.76927875 2.58270606 2.58059287 0.05486285] -236.86730560702216
[5.11911357 2.01657279 1.8969118  2.54050807 2.52122374 0.0263503 ] -236.867791029955
[5.02113716 2.12940837 1.588971   2.64122089 2.58875992 0.1005711 ] -236.835004227661
[4.9485455  2.09609221 1.52692651 2.66077287 2.55137924 0.11918142] -236.8095646676214
[5.02662594 2.02414204 1.38895484 2.57379228 2.45768347 0.14650809] -236.88292996139342
[ 5.14604543  2.17217352  1.75020429  2.62231472  2.63380617 -0.05870944] -236.8358273864312
[ 5.02611754  2.08816585  1.5277794   2.59056499  2.58132221 -0.03020265] -236.78389400171497
[ 4.97673068  2.04828133  1.44996961  2.56831305  2.57332342 -0.11078092] -236.75067138402713
[5.09607839 2.02370949 1.74966303 2.64156272 2.64176098 0.12751853] -236.75090712062698
[4.91628471e+00 1.96237898e+00 1.47212381e+00 2.55930322e+00
 2.37970947e+00 4.67870472e-03] -236.76601307726824
[ 5.03827858  2.10934736  1.85043382  2.63786526  2.66250725 -0.10092438] -236.76037985757748
[ 4.9296256   2.03949497  1.49716161  2.64733789  2.56690264 -0.06120821] -236.66104397695818
[ 4.83892399  2.01032613  1.36110304  2.67965381  2.56005752 -0.11924374] -236.61050336467414
[4.79223519 1.91120498 1.38653565 2.62684226 2.48910645 0.03218597] -236.67259426372652
[ 4.93763168  1.92565722  1.56301648  2.5770739   2.55077579 -0.17470336] -236.5959293442016
[ 4.93217476  1.84043972  1.58106147  2.53522442  2.55047407 -0.32164575] -236.56194561596232
[ 4.97518915  2.01872402  1.65413173  2.67051728  2.7793671  -0.16897547] -236.6313018633522
[ 4.83216547  1.84154787  1.21038769  2.60283925  2.5355226  -0.08605608] -236.61134336864248
[ 4.6863947   1.86646519  1.13140003  2.58623398  2.52085608 -0.38569052] -236.62979846144484
[ 4.70896374  1.78128797  1.3249036   2.66545728  2.57180452 -0.23902761] -236.4541506447346
[ 4.57508026  1.6477913   1.26237059  2.71402939  2.57104506 -0.30315095] -236.4038117518906
[ 4.82107426  1.83055976  1.3469492   2.63599045  2.68333436 -0.49377347] -236.46263808684964
[ 4.58674866  1.6603193   0.97695894  2.58080649  2.3610628  -0.40087804] -236.5459447048737
[ 4.84232777  1.74386284  1.44821028  2.66328063  2.5663094  -0.18922549] -236.3476276873199
[ 4.92029431  1.68256166  1.6066154   2.70180396  2.58903606 -0.09099297] -236.26773456901688
[ 4.72593327  1.71578476  1.50129853  2.67966359  2.56948069 -0.49050556] -236.29437877248378
[ 4.68151119  1.44882604  1.397315    2.60285229  2.54808682 -0.58107184] -236.3077266501138
[ 4.50470589  1.48817455  1.11610776  2.7698243   2.55687452 -0.46514519] -236.26589526918508
[ 4.29097145  1.31204197  0.8836309   2.88712424  2.56007475 -0.53689491] -236.4317396355841
[ 4.8227844   1.61091339  1.76659322  2.78724818  2.81155637 -0.40733529] -236.20658301947051
[ 4.94080227  1.58621044  2.16141035  2.89046902  3.03680316 -0.41056392] -236.34226055813562
[ 4.58902885  1.36745747  1.5364843   2.78248345  2.53202548 -0.28562713] -236.12583100797573
[ 4.47300614  1.13590633  1.63125185  2.85572994  2.45637104 -0.18155395] -236.17197638243718
[ 4.83967238  1.45678132  1.71243414  2.72726253  2.63130825 -0.47040838] -236.03891045904078
[ 4.97196843  1.36127634  1.93746591  2.73387909  2.66143985 -0.55403709] -235.99268539225824
[ 4.83006053  1.62656335  1.75754004  2.88211523  2.69205083 -0.1834759 ] -236.096301808192
[ 4.82034753  1.32986417  1.73897035  2.87278781  2.71151369 -0.17169896] -235.91774391307555
[ 4.86755466  1.13690387  1.85780626  2.96934993  2.78253019 -0.01229567] -235.84213799265194
[ 4.60840661  1.18120133  1.71738376  2.93982944  2.75645636 -0.54497912] -235.93762230236575
[ 5.05856194  1.27326403  2.40831674  2.92847747  2.85514517 -0.19743821] -236.07318616105712
[ 4.81907594  1.03797541  1.97173912  2.95813003  2.61499292 -0.18528241] -235.79047871285758
[ 4.81722171  0.75150642  2.07431207  3.04357095  2.5167112  -0.07425597] -235.8410549321845
[ 5.12951385  1.17160397  2.34693298  3.02144361  2.92217962 -0.27354234] -235.82249938626617
[ 4.98829995  0.76084496  2.32234155  2.96825462  2.83886387 -0.40571571] -235.8733329810181
[ 4.73637788  0.94333793  1.64290645  2.93515144  2.67034243 -0.46117924] -235.66964128182377
[ 4.57528585  0.77837487  1.26020131  2.93848842  2.57794106 -0.59304976] -235.7568597839753
[ 4.74444119  0.71601282  2.01557079  3.19684059  2.86701528 -0.07362774] -235.74837183114568
[5.15334788 0.74102499 2.33504863 3.07656064 2.80885175 0.07443142] -235.82151084708826
[4.82847052 1.1547747  1.73432652 3.08423745 2.7164402  0.09521705] -235.79753323177755
[ 4.93618776  0.78467273  2.1577019   3.12143799  2.75074388 -0.26236542] -235.6230836498047
[ 4.97050432  0.60855716  2.30764973  3.19748203  2.73485073 -0.3874003 ] -235.69430393382106
[4.60978654e+00 6.20995555e-01 1.60549817e+00 3.10267577e+00
 2.55394920e+00 2.60689150e-03] -235.8007791445542
[ 4.4047654   1.01156472  1.37419903  3.05626379  2.58230956 -0.36930838] -235.99565551646128
[ 4.96620226  0.80865992  2.09483623  3.07148642  2.7522162  -0.03650353] -235.6811058934732
[ 5.06713198  1.19414895  2.26686218  3.01975221  2.90330111 -0.31052066] -235.79102814490287
[ 4.92800182  0.67349456  2.3155457   3.01669544  2.80309708 -0.53837672] -235.78208337876782
[ 4.64296364  0.46056884  1.79923789  3.08016176  2.58283482 -0.20859103] -235.73905311188656
[ 4.83231558  0.42427352  2.03686054  3.18246119  2.86042365 -0.34159881] -235.6057983726314
[ 4.8389354   0.11742258  2.06942124  3.29462677  2.98313901 -0.41975702] -235.71810333376993
[4.69149429 0.7056807  1.6001589  3.17915103 2.69142834 0.07708812] -235.7120397649104
[ 4.85740594  0.6597184   1.76166318  2.99310935  2.56898116 -0.33742223] -235.5948578593536
[ 4.91388832  0.63157118  1.63470937  2.89124373  2.4199641  -0.46931947] -235.74281123201402
[ 5.03036426  0.98154556  1.96547118  3.08077071  2.84854373 -0.24540267] -235.54074880763662
[ 5.22406458  1.24203392  2.04858782  3.08107519  2.98139818 -0.26380849] -235.6455064315967
[ 5.09479028  0.82838865  2.28632092  2.94898801  2.792322   -0.63857876] -235.7643052955625
[ 4.79231828  0.73635769  1.77169941  3.12161027  2.71665176 -0.1018286 ] -235.59046943724144
[ 4.76212098  0.70130869  1.68393132  3.07336056  2.71967934 -0.54676213] -235.51496307639871
[ 4.66008033  0.64763307  1.47847887  3.07429763  2.7034109  -0.80189143] -235.59329337050787
[ 5.00052639  0.48595427  2.14953606  3.25576526  2.81799874 -0.15061405] -235.5532915147307
[ 4.82216271  0.54504664  1.63201866  3.11425446  2.76001557 -0.31217741] -235.51415954038183
[ 4.76515019  0.4252336   1.36917703  3.11066269  2.76465142 -0.3370834 ] -235.64275334023415
[ 4.92265061  0.94570356  1.61791273  3.03049568  2.61686645 -0.22313688] -235.60368100015893
[ 4.90006685  0.81534605  1.72264968  3.06848706  2.67775575 -0.25275236] -235.52562573613918
[ 4.91178055  0.76213457  1.88010559  3.24497342  2.94456714 -0.19909018] -235.4466941920283
[ 4.93896786  0.81334266  1.93932679  3.37090546  3.13236013 -0.12992415] -235.4605186463382
[ 5.01668897  0.69408757  1.90620475  3.15759355  2.87286833 -0.46710434] -235.42316003170666
[ 5.12887431  0.67295251  1.97345743  3.17558519  2.95097661 -0.64974221] -235.45950879484639
[ 4.81386838  1.01386875  1.44725767  2.99071466  2.78981121 -0.52381565] -235.60440773157336
[ 4.95386189  0.61793289  1.97396646  3.18950261  2.81095186 -0.24391445] -235.47650113095023
[ 4.75852972  0.39707324  1.63415431  3.20195317  2.7467356  -0.42853095] -235.48974391617605
[ 4.84164809  0.42384848  1.84747735  3.25872553  2.94051686 -0.47977412] -235.45983906478784
[ 5.006103    0.44539911  1.94071105  3.31564035  2.97220578 -0.16343502] -235.42818040016877
[ 5.00737469  0.56844532  2.09552118  3.34187509  3.00259961 -0.34843894] -235.41959313558974
[ 5.09998068  0.58014465  2.32727244  3.45568541  3.12389163 -0.3665697 ] -235.5254841877642
[ 5.15395601  0.77354274  2.24717448  3.30081701  3.10116759 -0.20538806] -235.48892233294902
[ 5.05509944  0.67942537  2.09391944  3.27610105  3.0125596  -0.26117378] -235.4313617299496
[ 4.99236969  0.57318058  1.94734666  3.34213373  3.10415392 -0.39575768] -235.37272470706208
[ 5.01162359  0.55080443  1.93403676  3.41844928  3.25075495 -0.47167929] -235.38160593582893
[ 5.15482403  0.81704235  2.10712554  3.30071353  3.0291346  -0.13189252] -235.45907139925697
[ 5.07653004  0.71874389  2.04221349  3.29021653  3.00698016 -0.21886292] -235.41076351368048
[ 5.13960806  0.46429271  2.12853327  3.32954668  3.04588866 -0.41916738] -235.42162927342136
[ 5.02445871  0.47529103  1.92625736  3.31623426  2.98900589 -0.40974831] -235.37082994276005
[ 5.00913835  0.37322386  1.84242632  3.33630086  2.97722904 -0.48403557] -235.37982814964815
[ 5.07957372  0.71928125  2.07464786  3.27689293  3.03495974 -0.5895915 ] -235.4201432294708
[ 5.08994933  0.47899069  2.16530186  3.47470619  3.18832767 -0.32675124] -235.40417663487713
[ 4.95047734  0.71368487  1.95522953  3.35113956  3.062787   -0.34388281] -235.38955430983998
[ 4.96747955  0.45683087  1.96930884  3.42854219  3.08299168 -0.09155579] -235.432999167095
[ 5.05155018  0.65366866  2.0483131   3.31480524  3.04696773 -0.46508258] -235.38397928566712
[ 5.05440374  0.63607459  1.93269949  3.35453674  3.13014118 -0.37158957] -235.3422999909397
[ 5.07791826  0.66988922  1.85128864  3.36086757  3.19391196 -0.38316489] -235.33917631931646
[ 4.98571113  0.46949113  1.92236556  3.42974565  3.18807123 -0.55593291] -235.3690722705126
[ 4.93754577  0.70607781  1.71829843  3.23026915  3.00663824 -0.52443848] -235.38300484921348
[ 5.07270724  0.46884793  1.84939372  3.31354564  3.11346265 -0.56749213] -235.39910367366787
[ 4.98103481  0.65247564  1.92877058  3.34174108  3.07545592 -0.39978514] -235.3584307857997
[ 4.94812928  0.52846648  1.71646264  3.35885857  3.13877799 -0.42452656] -235.37477839498658
[ 5.06566153  0.41685355  2.04586538  3.4862578   3.22315406 -0.33186668] -235.37302872991762
[ 5.09425543  0.55726057  2.15750209  3.40013479  3.11913967 -0.40089198] -235.40274308656458
[ 4.98466082  0.535665    1.8267225   3.36917762  3.13386841 -0.41861791] -235.35015973743415
[ 4.94972295  0.70847732  1.75505172  3.23370883  3.00500171 -0.52246894] -235.37800908980682
[ 5.03667688  0.48975949  1.97316197  3.42312056  3.16861597 -0.37951724] -235.35289994924054
[ 5.03778385  0.52434326  1.86217554  3.40482852  3.14548921 -0.45316446] -235.32535035502198
[ 5.06049093  0.49992459  1.81958999  3.43617592  3.16615686 -0.48186785] -235.31960876175933
[ 5.01770557  0.630444    1.84770905  3.47070854  3.31968755 -0.46321368] -235.35217715532892
[ 5.06711796  0.68989485  1.82671535  3.37085145  3.16449433 -0.28612266] -235.328462953894
[ 5.10048866  0.51938342  1.78629192  3.46855947  3.30678911 -0.40438294] -235.34005799595917
[ 5.06611719  0.6919742   1.67961052  3.4023263   3.25968677 -0.4329394 ] -235.3351927378803
[ 5.10122571  0.57179977  1.74903059  3.33194424  3.08861492 -0.33915154] -235.34744234203532
[ 5.17312542  0.67862368  1.74411983  3.42106402  3.25934957 -0.35725851] -235.32851941622698
[ 5.0805271   0.67809689  1.82017483  3.48800401  3.36151461 -0.44276055] -235.33177384474305
[ 5.07461029  0.78341773  1.7942078   3.35787028  3.16158225 -0.39032169] -235.32188828047273
[ 5.09607804  0.67075476  1.71018413  3.46456309  3.26368284 -0.41392533] -235.30424833428464
[ 5.10515792  0.67118753  1.63963187  3.51641085  3.29856827 -0.42930555] -235.31795579906097
[ 5.11786606  0.64159664  1.89205346  3.44384996  3.19924005 -0.3578128 ] -235.3127394235062
[ 5.11590247  0.6433072   1.77544869  3.34345423  3.04332069 -0.31967574] -235.34251209010137
[ 5.08937094  0.66939947  1.80899329  3.45186656  3.28196613 -0.41198934] -235.31128642205033
[ 4.99538599  0.63970567  1.87312817  3.42066173  3.15302458 -0.42342138] -235.32954661914783
[ 5.12869056  0.66889418  1.77637192  3.42096345  3.23276832 -0.37379923] -235.3113771086414
[ 5.12191765  0.62143427  1.77375151  3.48757831  3.27063782 -0.52378275] -235.32027978135557
[ 5.13019444  0.4739169   1.7994403   3.54379548  3.30990175 -0.46407075] -235.3244263452292
[ 5.08850633  0.70604253  1.79551592  3.40435158  3.19866213 -0.40875895] -235.30893282693376
[ 5.07174998  0.66410312  1.82715139  3.38634521  3.17685429 -0.29226842] -235.3237082330482
[ 5.10937573  0.63210148  1.78710148  3.46227003  3.24719194 -0.46590417] -235.3077102689425
[ 5.14947162  0.82967176  1.77048341  3.44644564  3.30834695 -0.32886209] -235.32319420215964
[ 5.0827361   0.58236138  1.80731334  3.43874335  3.20170438 -0.44361641] -235.30868596979207
[ 5.08038651  0.66825463  1.66977324  3.4370694   3.27608519 -0.48151835] -235.32389315293648
[ 5.10849617  0.64826113  1.8364834   3.44215482  3.21845134 -0.38873918] -235.30525625931443
[ 5.06283054  0.63407941  1.80549194  3.4670197   3.23778459 -0.4705119 ] -235.30848619103446
[ 5.09330336  0.62180076  1.77170345  3.44116763  3.17385961 -0.45182931] -235.31208165669028
[ 5.09035405  0.65749979  1.79967083  3.44919183  3.2549395  -0.42194933] -235.30560567376716
[ 5.09478388  0.5689768   1.78656578  3.50362936  3.27592273 -0.45945649] -235.3088080169995
[ 5.09321449  0.60324323  1.78880332  3.47880991  3.25660758 -0.44678211] -235.30483568658173
[ 5.1040469   0.69961855  1.76859836  3.48259311  3.29118155 -0.42565426] -235.3060359361755
[ 5.13769125  0.66974691  1.7581219   3.4595079   3.27290032 -0.38380623] -235.30701242953822
[ 5.10058457  0.68427331  1.7668525   3.46333686  3.27206244 -0.36104798] -235.3027211757222
[ 5.096189    0.71035923  1.75672801  3.46387027  3.28449769 -0.30861989] -235.30759286219
[ 5.05990016  0.65147002  1.79874228  3.4673753   3.24607476 -0.43555984] -235.3057737763724
[ 5.07882892  0.60554886  1.7983138   3.43921749  3.21275793 -0.39701366] -235.30539340930284
[ 5.12928526  0.63839035  1.76802705  3.44504936  3.24675912 -0.37425936] -235.3074055075552
[ 5.07724643  0.6482001   1.79106347  3.46179382  3.24624585 -0.42023472] -235.30253576893804
[ 5.09446216  0.62926068  1.76422937  3.4674335   3.23499649 -0.38729833] -235.30030585316177
[ 5.09651622  0.61514112  1.74650865  3.47655433  3.22502499 -0.36997282] -235.30216795677237
[ 5.11119837  0.68911554  1.75422494  3.48681317  3.28459091 -0.40899555] -235.30484803555606
[ 5.08243185  0.66002141  1.68863584  3.49876196  3.30094403 -0.42402216] -235.3070331045849
[ 5.10198009  0.6512012   1.79952151  3.45630661  3.23907451 -0.39755993] -235.30206032302698
[ 5.0766569   0.60652889  1.78599317  3.44393475  3.21963232 -0.39995391] -235.30464313344726
[ 5.08912157  0.69349642  1.75047806  3.44031296  3.23529057 -0.34655796] -235.3031832296371
[ 5.10983406  0.71919994  1.74144985  3.47398086  3.27748524 -0.37558751] -235.30447928482326
[ 5.10153977  0.69103217  1.75258568  3.46646933  3.26302201 -0.38167911] -235.30178362589322
[ 5.0922335   0.6617332   1.83139274  3.45398793  3.23321445 -0.35086734] -235.30373972496523
[ 5.09319463  0.66398859  1.80109059  3.45663172  3.24083155 -0.36663184] -235.30152728266629
[ 5.10054765  0.6291556   1.80796964  3.48367765  3.26345371 -0.42492601] -235.30362704353996
[ 5.09197809  0.67741121  1.76485096  3.45115413  3.24233135 -0.36614997] -235.3013200924133
[ 5.08621582  0.63609134  1.79092803  3.45659285  3.21677148 -0.41213665] -235.30230500459058
[ 5.11254376  0.6681283   1.76667191  3.45640223  3.23276329 -0.35025055] -235.3018802104107
[ 5.11235035  0.69091604  1.75872198  3.46153966  3.26756825 -0.33771993] -235.30306630046
[ 5.09274945  0.64979752  1.78287652  3.45782955  3.22947068 -0.39353247] -235.30105794611163
[ 5.0935092   0.67533829  1.74458016  3.46233355  3.24206394 -0.35095416] -235.30038975537144
[ 5.07660068  0.66081452  1.77006585  3.46421503  3.25147539 -0.39849807] -235.30127125468763
[ 5.07929164  0.62783809  1.7899788   3.4533965   3.21736779 -0.37267584] -235.30135923831037
[ 5.08300244  0.64283151  1.73776997  3.4621557   3.231737   -0.38973777] -235.30006842042005
[ 5.07790634  0.63225297  1.70610966  3.46491769  3.22718973 -0.40129074] -235.30211889540237
[ 5.09814237  0.68397982  1.73147881  3.46831066  3.25999049 -0.38938108] -235.3018109468531
[ 5.08400432  0.64187352  1.7753538   3.45712504  3.22802347 -0.37685215] -235.30008475118058
[ 5.08279799  0.6225608   1.7601076   3.47254332  3.23025764 -0.39947435] -235.30101970460703
[ 5.10024118  0.62640625  1.75157329  3.46225852  3.21404102 -0.36745167] -235.30207311279946
[ 5.0825108   0.65221245  1.76544271  3.46372591  3.2421168  -0.39073647] -235.30024104542784
[ 5.08067952  0.63822823  1.73295136  3.47060945  3.2402611  -0.37148528] -235.30015605411563
[ 5.08992482  0.67068743  1.74666819  3.45525106  3.24280863 -0.35621371] -235.30085871039682
[ 5.08814311  0.65865577  1.75002804  3.45957412  3.23967088 -0.36702887] -235.30006528500383
[ 5.07742492  0.6123491   1.76401159  3.46454102  3.23020464 -0.41009213] -235.30138566224136
[ 5.08948813  0.65959099  1.74943802  3.46288542  3.23909912 -0.36573865] -235.29982986463057
[ 5.07481394  0.66853682  1.73943193  3.45792505  3.23863963 -0.3665614 ] -235.30041034087915
[ 5.08955011  0.63907971  1.75803001  3.46505639  3.23590728 -0.3821141 ] -235.29992919917606
[ 5.08911174  0.64120746  1.73574769  3.46207614  3.22944949 -0.36024913] -235.30011021737877
[ 5.09375377  0.65618476  1.76917116  3.45234815  3.22770131 -0.37575495] -235.30062972770315
[ 5.08394808  0.64271736  1.74200631  3.46604413  3.23712115 -0.37255269] -235.29952755644953
[ 5.08360032  0.65370883  1.76846103  3.46220413  3.24107015 -0.39109228] -235.30034452511933
[ 5.08773389  0.6443328   1.74392603  3.46210813  3.23235465 -0.36795992] -235.29985740626392
[ 5.08995093  0.65386253  1.71837899  3.46881626  3.24393989 -0.37152518] -235.3006705978989
[ 5.08549097  0.64487077  1.7611101   3.46004784  3.23200257 -0.37552041] -235.29981740816763
[ 5.09178232  0.65358429  1.76374287  3.46308298  3.24031488 -0.35390044] -235.29990486628938
[ 5.08785472  0.63606954  1.7560564   3.46683417  3.23259567 -0.3722332 ] -235.29956586531208
[ 5.0858826   0.65464221  1.74739656  3.4619445   3.23525541 -0.35385434] -235.29975465515304
[ 5.0816838   0.64049027  1.73623494  3.46353842  3.22916131 -0.38205264] -235.299881110959
[ 5.08420843  0.64376377  1.74311192  3.46342456  3.2319497  -0.37501459] -235.29963751223215
[ 5.08455709  0.64955208  1.75578041  3.46495207  3.23698656 -0.37034471] -235.29953508264452
[ 5.08115917  0.63094759  1.75238255  3.46486368  3.2295379  -0.37410133] -235.30008132090887
[ 5.08740589  0.65243014  1.75017415  3.46337998  3.23670881 -0.36782932] -235.29971253452482
[ 5.08579463  0.6481876   1.73706515  3.46881196  3.23820319 -0.36175588] -235.29962498293273
[ 5.08537369  0.63626462  1.74733488  3.46920446  3.23593296 -0.38605579] -235.29983183828588
[ 5.08575537  0.65004781  1.74738114  3.46375949  3.23542479 -0.3619047 ] -235.29962251054087
[ 5.08330022  0.63768258  1.74362629  3.46789548  3.23405154 -0.37010594] -235.29945467158387
[ 5.08124738  0.6303088   1.74035236  3.47015323  3.23272291 -0.37124424] -235.30007878230532
[ 5.08619494  0.64432188  1.75085998  3.46934121  3.23951127 -0.36128446] -235.29940592582213
[ 5.08718819  0.64460094  1.75473401  3.47229953  3.24329205 -0.35441939] -235.29941435026828
[ 5.08474218  0.63860949  1.76150503  3.46413022  3.2336938  -0.37438602] -235.29949504907088
[ 5.08444371  0.6329365   1.755897    3.46930627  3.2358952  -0.37839764] -235.30009430806123
[ 5.08542745  0.64576999  1.74951011  3.46514619  3.2355424  -0.36602794] -235.2995488779842
[ 5.08153526  0.65014826  1.74503964  3.46566893  3.23970657 -0.36600072] -235.29960030417237
[ 5.08627486  0.63958922  1.75330221  3.46654286  3.23437339 -0.37067508] -235.2994420900564
[ 5.084245    0.63838756  1.75284997  3.46782247  3.23637018 -0.37375503] -235.29940566419899
[ 5.08365377  0.63469634  1.7545199   3.46916061  3.23678407 -0.37761858] -235.3000471763354
[ 5.08501133  0.63088395  1.74560285  3.46897338  3.23472056 -0.37057503] -235.30012473718193
[ 5.08467065  0.64488505  1.75323602  3.4659574   3.23642006 -0.37040229] -235.29953714807286
[ 5.08521997  0.64135472  1.75185498  3.46858184  3.23794072 -0.36751974] -235.29932908218996
[ 5.08525993  0.63898839  1.75307609  3.46718267  3.23537179 -0.37221506] -235.29941447789201
[ 5.08377261  0.63803507  1.74823813  3.46785898  3.23521086 -0.37193048] -235.29940261961912
[ 5.08449359  0.63849852  1.7571775   3.46597635  3.23503199 -0.37407053] -235.29948445708703
[ 5.08409654  0.64055246  1.74742814  3.4669333   3.23674567 -0.37315386] -235.2994347814335
[ 5.08440105  0.64396982  1.75431519  3.46638727  3.23667837 -0.37204987] -235.29949338051483
[ 5.08462817  0.63463575  1.74922641  3.46839793  3.23554537 -0.37216503] -235.299432366201
[ 5.08458048  0.63881946  1.74371374  3.46961605  3.23736287 -0.36950921] -235.2994198934037
[ 5.08513884  0.63618785  1.75222497  3.46955334  3.23585493 -0.36921099] -235.29939118274714
[ 5.08477745  0.64262193  1.75142621  3.46847385  3.23715841 -0.36921514] -235.29935071217997
[ 5.08489078  0.63970571  1.75950971  3.466875    3.23527276 -0.37177294] -235.29937892135285
[ 5.08408829  0.63977589  1.7522919   3.46920583  3.23723083 -0.36891972] -235.2992690565524
[ 5.08350247  0.64016965  1.7518998   3.47021741  3.23816036 -0.36727205] -235.29922357490923
[ 5.08485571  0.64097075  1.7522013   3.46936434  3.23682917 -0.36521875] -235.29929722478798
[ 5.08568913  0.6423018   1.75813419  3.46982962  3.23852792 -0.36480605] -235.29939443862764
[ 5.08521     0.64123512  1.75566018  3.46933696  3.23769866 -0.36658716] -235.2993089159669
[ 5.08434661  0.64583144  1.75529242  3.46806313  3.23849843 -0.36665094] -235.29940670394316
[ 5.08494079  0.63859875  1.75299183  3.46918079  3.2365158  -0.36857098] -235.2993016982406
[ 5.08461134  0.64194459  1.74583506  3.47151006  3.23949495 -0.36302167] -235.2992935089613
[ 5.08466931  0.6388026   1.75205483  3.47092328  3.23838814 -0.36351498] -235.29924246769025
[ 5.08404324  0.6392191   1.75169269  3.47159577  3.23775497 -0.36387545] -235.29926888981623
[ 5.08366428  0.6386667   1.74656499  3.47159359  3.23801581 -0.36390413] -235.29930574355933
[ 5.08405071  0.6393088   1.74883879  3.47102943  3.23793652 -0.36457489] -235.29927451126764
[ 5.08363681  0.64153975  1.74784899  3.47236598  3.23967223 -0.36058828] -235.29923930946728
[ 5.08331559  0.63935741  1.74718876  3.47318297  3.24030655 -0.36239702] -235.2992366594067
[ 5.08312803  0.63752118  1.75400623  3.47159489  3.23791131 -0.36438589] -235.2992589786345
[ 5.0833811   0.63956109  1.75272498  3.472264    3.23946134 -0.36276967] -235.29922039869314
[ 5.08304629  0.63968724  1.75466807  3.47288129  3.24022374 -0.36186706] -235.29919682860003
[ 5.08305626  0.63980684  1.75086287  3.47212617  3.24046581 -0.36279964] -235.29921741176975
[ 5.08394754  0.64226665  1.74750154  3.47230414  3.24116097 -0.36176046] -235.29921520824834
[ 5.08216568  0.64213991  1.74793518  3.47343604  3.24160842 -0.36204653] -235.2991952189182
[ 5.08091386  0.64380856  1.74587536  3.47469242  3.24321855 -0.3613123 ] -235.29925331433915
[ 5.0827078   0.63960281  1.75216975  3.47235003  3.24096972 -0.3654593 ] -235.29923449279147
[ 5.08282643  0.64186696  1.75449032  3.47125539  3.24055645 -0.36467133] -235.2992151344874
[ 5.08347375  0.64237626  1.75028284  3.47172345  3.23975553 -0.36134639] -235.29918644352216
[ 5.08385673  0.64376299  1.74933939  3.47141016  3.23914844 -0.35928993] -235.29924767277174
[ 5.08266952  0.64254497  1.75001381  3.47435808  3.24309662 -0.35755842] -235.2991701336197
[ 5.08225304  0.64373263  1.74907081  3.47642841  3.24556474 -0.3527016 ] -235.29899201587392
[ 5.08284798  0.64421638  1.75045339  3.4738834   3.24249081 -0.35866481] -235.29918413625913
[ 5.08159018  0.64240648  1.75479866  3.47423185  3.24223893 -0.35867211] -235.29921678371625
[ 5.0833582   0.64230161  1.74932582  3.47278607  3.24143046 -0.36098837] -235.29918583325062
[ 5.08288855  0.64295105  1.74608839  3.47579083  3.24313479 -0.35453359] -235.2990076079098
[ 5.08261611  0.64621871  1.74305074  3.47513478  3.24443784 -0.35489337] -235.29917225891998
[ 5.08364687  0.64512564  1.74815548  3.47514628  3.24399631 -0.35232952] -235.29916564787257
[ 5.0823965   0.64580574  1.7450987   3.47799981  3.24726278 -0.35002403] -235.29910879432782
[ 5.08219149  0.64704845  1.74464668  3.4786751   3.24753196 -0.34672727] -235.29928340358356
[ 5.08306652  0.64348832  1.74815604  3.47425833  3.24295584 -0.3574231 ] -235.29920403580508
[ 5.0825708   0.64334184  1.7475796   3.47610962  3.24434976 -0.3536176 ] -235.299026728137
[ 5.08232477  0.64476919  1.74708476  3.47721411  3.24641376 -0.35136282] -235.29903067932142
[ 5.08294996  0.64442914  1.74861315  3.47578734  3.24478053 -0.35251556] -235.29900792970417
[ 5.08243458  0.64497567  1.74606078  3.4757816   3.24500129 -0.35379749] -235.29902046538035
[ 5.08255051  0.64397451  1.7497621   3.47515591  3.24402778 -0.35568321] -235.2990137184278
[ 5.08280562  0.64301712  1.74919832  3.47460724  3.2434976  -0.35684499] -235.29897605813815
[ 5.0828634   0.64305445  1.74967683  3.47407593  3.24266014 -0.35702399] -235.29916771322436
[ 5.08245943  0.6443405   1.74773277  3.47642956  3.24547536 -0.35277811] -235.299014450597
[ 5.08258025  0.64481468  1.74923304  3.47528706  3.24509933 -0.35448939] -235.2990077062125
[ 5.08276503  0.64312719  1.75180929  3.47545025  3.24448049 -0.35454013] -235.29900437997037
[ 5.08284204  0.64335792  1.75149613  3.47447584  3.2436748  -0.35614684] -235.29897925367587
[ 5.08284814  0.64351839  1.75004481  3.47552281  3.24500472 -0.3533963 ] -235.2989896564428
[ 5.08241475  0.64276017  1.75167099  3.47480319  3.2443267  -0.35685752] -235.29897071875783
[ 5.08214714  0.64192569  1.75319991  3.47431112  3.24409979 -0.35902851] -235.2991519086325
[ 5.08272929  0.64168979  1.75186374  3.47514218  3.24375035 -0.35567308] -235.2989845462024
[ 5.0825326   0.64289815  1.74930564  3.47487631  3.24412582 -0.35599998] -235.29900083272156
[ 5.08259071  0.64295541  1.74993156  3.47501979  3.24421449 -0.35563502] -235.29899036198336
[ 5.08315714  0.64203363  1.75233104  3.47342861  3.24259148 -0.35881631] -235.29916363609232
[ 5.08247907  0.64330788  1.74988587  3.47567846  3.24482143 -0.35423028] -235.29900619229778
[ 5.08261019  0.64288865  1.75043465  3.47470522  3.24391215 -0.35685125] -235.29896715931986
[ 5.0826284   0.64305904  1.75158356  3.47463952  3.24400075 -0.35650218] -235.29898148620367
[ 5.08257202  0.64222498  1.75176736  3.47497269  3.24403853 -0.3562653 ] -235.29895650117544
[ 5.08263144  0.64313928  1.7508579   3.475163    3.24466571 -0.35512691] -235.2990000041628
[ 5.08250273  0.64285779  1.75080127  3.47491149  3.2442706  -0.35624627] -235.29899082061098
[ 5.0823339   0.6432464   1.7503709   3.4756158   3.24494572 -0.35477956] -235.29897157209345
[ 5.08238922  0.64253973  1.75135168  3.47471963  3.24383244 -0.35737379] -235.29898324597758
[ 5.08248009  0.6427152   1.75159177  3.47490719  3.24408151 -0.35663027] -235.29898839548707
[ 5.08248575  0.64275085  1.75139415  3.47490826  3.24412878 -0.35653427] -235.29895438930504
[ 5.08262578  0.64310363  1.75105553  3.47516192  3.24461844 -0.35522291] -235.29896857877014
[ 5.08238573  0.64259918  1.75064763  3.47541618  3.24465602 -0.35566809] -235.29899833290656
[ 5.08256773  0.64294408  1.75134958  3.47483368  3.24416457 -0.35629366] -235.29898781339313
[ 5.08252889  0.64248792  1.75158076  3.47494048  3.24408365 -0.35639978] -235.29899227227727
[ 5.08254797  0.64281975  1.7509144   3.47480674  3.24402047 -0.35669276] -235.2989714187547
[ 5.08255577  0.64292724  1.75122484  3.47503509  3.24437361 -0.35587859] -235.29899520815974
[ 5.08245025  0.64275551  1.75153257  3.47485573  3.24422774 -0.3566959 ] -235.2989930779248
[ 5.08240982  0.64299863  1.75088252  3.47526203  3.24453725 -0.35565692] -235.29897252632952
[ 5.08255707  0.64290495  1.75148885  3.47477389  3.24406477 -0.35651823] -235.29896612240475
[ 5.08243748  0.64264529  1.75137291  3.47481395  3.24398061 -0.35695403] -235.2989808116195
[ 5.08253875  0.64278028  1.75101196  3.47497939  3.2440441  -0.35622277] -235.29895747668448
[ 5.0824634   0.64314533  1.75077418  3.47490761  3.244175   -0.35645987] -235.29896702730866
[ 5.08256344  0.64315464  1.75078244  3.47506536  3.24434285 -0.35574091] -235.29899452310713
[ 5.08246897  0.64277263  1.7512253   3.4748768   3.24407117 -0.35665075] -235.2989605149492
[ 5.08261081  0.64272597  1.75138709  3.47448887  3.24363084 -0.3573693 ] -235.29918815508321
[ 5.08246007  0.64293046  1.75100867  3.47506874  3.24431065 -0.35608501] -235.29901014260417
[ 5.08251225  0.64276557  1.75120306  3.47494383  3.24408644 -0.35637852] -235.29896787593478
[ 5.08247736  0.64276174  1.75130972  3.47489253  3.24409997 -0.35659251] -235.29896188475215
[ 5.08252141  0.6428279   1.7514415   3.47484108  3.24409677 -0.35652625] -235.2989609572965
[ 5.08247457  0.64294809  1.75108416  3.47490794  3.24415189 -0.35649707] -235.29896010083235
[ 5.08251686  0.6427853   1.75115427  3.4748575   3.24407462 -0.35661351] -235.29898457999755
[ 5.08244779  0.64287474  1.75113834  3.47508515  3.24433301 -0.35609559] -235.29896699598618
[ 5.08245619  0.64285766  1.75136937  3.47500209  3.24422433 -0.35626122] -235.29896547551232
[ 5.08244211  0.64290809  1.75137602  3.47493519  3.24425848 -0.35645712] -235.29898710501422
[ 5.08249471  0.6428012   1.7512463   3.47494167  3.24412945 -0.35639817] -235.29896390034716
[ 5.08252221  0.64277441  1.75147673  3.47474604  3.24394405 -0.3568409 ] -235.29896786660763
[ 5.08246639  0.64284965  1.75122293  3.47500037  3.24423577 -0.35628192] -235.29899140114324
[ 5.08248016  0.64284947  1.75123916  3.4749081   3.24414033 -0.35651567] -235.29898753729654
[ 5.08250358  0.64278937  1.75141782  3.47487467  3.24411277 -0.35653026] -235.29899097532873
[ 5.08248156  0.64275629  1.75135194  3.4749004   3.24411438 -0.35656339] -235.29897139150995
[ 5.08249023  0.64277602  1.75132022  3.47492497  3.24412911 -0.35646622] -235.2989932676787
[ 5.08247097  0.64280426  1.75138176  3.47495518  3.24417656 -0.35639774] -235.29895440683316
[ 5.08246677  0.64281279  1.75126624  3.47499671  3.2442309  -0.35631493] -235.29896188061093
[ 5.0824727   0.64281165  1.75136347  3.47492281  3.24417212 -0.35648587] -235.29899100594798
[ 5.08247708  0.64280275  1.75135265  3.47492335  3.24416137 -0.35648096] -235.29899111132207
[ 5.08247836  0.64277755  1.75138795  3.47493172  3.24415267 -0.35646601] -235.2989606240018
[ 5.08247626  0.64278182  1.7513302   3.47495249  3.24417984 -0.3564246 ] -235.29896369353125
[ 5.08248365  0.64275357  1.75137304  3.47490433  3.24412158 -0.35654883] -235.29898706686853
[ 5.08248296  0.64280016  1.75131665  3.47490818  3.24413456 -0.35652497] -235.29897538920923
[ 5.08249467  0.64277011  1.75140599  3.47489147  3.24412078 -0.35653226] -235.2989844267678
[ 5.08248799  0.64276344  1.75135719  3.47491662  3.24412895 -0.35650024] -235.2989618898029
[ 5.08248501  0.6427944   1.75135767  3.47493191  3.24416028 -0.35644529] -235.29899647929778
[ 5.08248399  0.64276378  1.7513692   3.47491123  3.24413125 -0.35652294] -235.29899053655996
[ 5.08248206  0.6427642   1.75139105  3.47491999  3.24414072 -0.35650014] -235.29897679662892
[ 5.08248687  0.64275714  1.75137567  3.47491244  3.24412886 -0.35651726] -235.29895604258635
[ 5.08248101  0.64276633  1.75136217  3.47493038  3.24415431 -0.35647943] -235.29895349340342
[ 5.08248435  0.6427755   1.7513554   3.47490822  3.24413167 -0.35652962] -235.29899133841138
[ 5.08249021  0.64276048  1.75140007  3.47489987  3.24412478 -0.35653327] -235.2989852342529
[ 5.0824847   0.64275221  1.7513836   3.4749063   3.24412518 -0.35654155] -235.29896450810435
