[-1.04230673 -0.31414235  0.44203989  1.15591675  2.0627366  -2.28908677] -382.00757974945645
[-0.63617697 -1.75894285 -0.32594974  0.07226011 -1.96846734 -0.44121839] -409.91534732996473
[ 0.49148418  0.09438421  0.24623302  1.10351556 -0.84360476  0.64974284] -357.72925292564537
[-0.09553436  0.63248848 -0.25469081 -0.75709134 -1.31458499  0.2830916 ] -397.4414454654222
[ 1.07043495 -0.93937213  0.20303551 -0.52771141  0.19065179 -1.03896472] -370.94416178303453
[-0.37642948  2.89872558 -0.2499316  -0.93470904 -1.11914408  0.6851764 ] -402.63422047753005
[ 2.21835601 -0.48247131  0.45492667 -0.49758652  0.53036433 -1.93911674] -361.7007239332225
[ 1.39151182  2.38881367  0.6064873  -0.22481544  1.8039403  -0.77516741] -370.59991947791667
[ 1.7210781  -2.43882539  0.81594212  1.01878491  1.92897851 -2.38834346] -352.2171640837252
[ 2.76983189 -5.10760087  1.34887898  1.99553188  3.4530398  -3.9251034 ] -367.98637050148363
[ 2.04572047 -1.19635957  1.17757898  1.43312596  3.20560724 -2.87673702] -353.8467443535996
[ 4.02183524 -0.54380116  0.72602798 -0.38747907  0.20924253 -0.50044207] -359.9092720397537
[ 2.89289366  0.21328561  1.13936318  1.3428932   2.08752426 -1.57105657] -328.8453477721319
[ 3.80412302  0.78961448  1.60752702  2.27819551  3.0359605  -1.83710249] -307.9414706714151
[ 3.37602051 -3.64796659  1.06959129  1.87433422  0.88490915 -2.18883224] -329.1792559780274
[ 2.9350645  -1.83184669  1.42604014  2.93774555  2.27666673 -1.10812141] -305.3454424092903
[ 3.29341874 -2.50653438  1.91159687  4.65541159  3.14981793 -0.69262374] -280.9146226114011
[ 0.88877977 -2.42476126  1.55012846  4.50860165  3.57798033 -2.61085663] -312.99196206658246
[ 4.55156269 -3.90266178  2.46455523  4.15263572  6.10468931 -4.84790804] -326.75596560651434
[ 3.83260714 -3.51401873  1.96220135  4.72952857  3.021838   -1.97848518] -281.4824347621935
[ 4.86109252 -2.6299507   2.70592462  6.38078418  4.66275324 -2.33025931] -266.3197028590465
[ 6.43109973 -2.72551335  3.65091587  9.06178382  6.0296406  -2.30121724] -366.5746828972711
[ 3.70117411 -1.08147087  2.99771989  7.02738485  6.96610395 -2.5769129 ] -259.46303523567286
[ 3.86375091  0.201777    3.96178419  9.60391016 10.00670136 -2.77095322] -311.01290303261044
[2.24216907 0.1136213  1.78047751 5.70733306 2.033462   0.83916128] -302.313034041644
[ 6.35608177 -0.51815171  2.7716873   5.75094427  4.04533155 -0.24788415] -277.9117056325643
[ 4.29139144 -4.16844951  3.10234216  9.13893333  4.92380839 -0.49189884] -330.4345173064414
[ 3.92594012 -0.44990152  1.9812308   3.99337996  3.50792247 -1.50080158] -279.5272285775058
[ 6.41460239 -3.68029726  2.99630943  5.13847808  6.41779371 -3.94815024] -288.21669051832214
[ 5.37149406 -2.73181762  2.69235145  5.28069183  5.32171079 -2.75132236] -269.19724759635443
[ 5.33712664  0.20807646  3.05796896  6.30000365  6.19604198 -1.38811616] -255.91853020645993
[ 6.08938639  2.06912406  3.60585276  7.08524119  7.78314396 -1.09293165] -267.852130677351
[ 6.557551    0.1054624   3.49069747  6.922318    7.08347006 -2.90580841] -270.43537220993915
[ 6.80223325 -1.76604916  3.92421909  8.56066229  7.91721471 -2.56596618] -302.2660106556167
[ 4.6450134  -0.77893843  2.46697788  5.13520055  4.61024553 -1.76709273] -264.1855429675576
[ 3.80173548 -1.78472787  3.03219279  6.59785008  7.5681103  -4.32528648] -266.24448266897707
[ 2.68166107 -3.03840541  2.16034773  5.31832038  4.69151854 -2.14052157] -283.72789532106015
[ 5.58857852 -0.68050455  3.15811003  6.52131859  6.48548218 -2.7144867 ] -257.54534302740603
[ 3.94007949  0.48264564  3.1139466   7.37348881  6.84120161 -2.28272907] -270.8183952446629
[ 5.01364042 -1.92820181  2.79775024  5.80389107  5.70158349 -2.63417404] -259.9454485632256
[ 4.50133033  0.61469501  3.13098198  6.08109875  7.84643591 -2.80509702] -259.23575111782435
[ 5.79388566  0.56927981  2.83764353  5.69178241  5.03385405 -0.30334004] -263.06738496196584
[ 5.33356516  0.01289645  3.52641367  7.33995923  8.13292165 -2.37361622] -253.9871982530882
[ 5.67784104  0.40881389  4.05613156  8.44233857  9.89425971 -2.67687796] -268.86974194940933
[ 4.03125273 -1.52078292  3.38533805  7.33276964  8.74233567 -4.52746097] -262.2001336197325
[ 4.47191096 -0.99826723  3.24841442  6.92252283  7.81521527 -3.47143074] -255.41516638759794
[ 4.63092149  1.2866769   3.57545274  7.59353823  8.77915015 -2.47571254] -261.8609397501476
[ 4.91796069 -1.12448213  2.99217587  6.25130286  6.47097516 -2.59455866] -254.94034944928762
[ 6.34898332  0.42560887  3.37363509  6.11135046  7.34958676 -2.53885561] -254.50980245733675
[ 6.16471143 -1.33358572  3.32125737  7.06772046  6.30363842 -2.22192434] -268.47073858721245
[ 4.91717561  0.12762483  3.17855082  6.32775418  7.46073654 -2.65930385] -253.41965216371787
[ 4.85366227  0.2309903   3.30094291  6.56297914  7.98967694 -2.29414038] -251.73311795724518
[ 4.48620415  0.68673772  3.37235935  6.58380942  8.74177432 -2.08396722] -256.0518456675719
[ 4.94395937 -0.64995277  3.4820753   6.87195258  8.87699546 -3.92251899] -255.26480629396602
[ 5.96652451  0.67249575  3.36951679  6.23257665  7.6117489  -1.98956716] -250.92717271851114
[ 6.71383128  1.50787724  3.43006798  5.88760356  7.51001572 -1.24863538] -253.77303614501326
[ 5.83533115  0.76499746  3.09833641  6.07002159  6.12821985 -0.89416164] -257.262852944068
[ 5.16680231 -0.29621521  3.38614058  6.67146983  8.18980156 -3.16542965] -251.95774371896823
[ 5.94427704  1.51561579  3.71955742  6.83072697  9.10718229 -2.41241229] -250.32764459029175
[ 6.45743522  2.83566475  4.0832482   7.12043902 10.42528586 -2.32133911] -254.33974234160002
[ 4.37835231  0.32886043  3.45340565  7.21047154  8.81443587 -2.42596758] -253.75199400922105
[ 5.07536619  0.84689418  3.27629106  5.93870021  8.25827238 -2.60865742] -258.1445257385891
[ 5.26901542  0.22139588  3.46388301  6.98964447  8.16425933 -2.43237652] -250.82224917757298
[ 6.32746674  0.49510868  3.35279153  5.99457887  7.36003265 -2.55844237] -254.51264647672863
[ 4.86563092  0.37042249  3.42825212  6.90649837  8.45083506 -2.45908628] -251.13758073893808
[ 5.77146188  0.77727684  3.71088012  7.07021097  9.04376482 -2.25836691] -248.42762829534524
[ 6.19860502  1.10210284  3.97704477  7.44143937  9.83527897 -2.05789844] -249.23018982159127
[ 5.72338837  1.55894756  3.61153688  6.85940903  8.59935423 -1.44988686] -249.99816797311493
[ 6.32643711  1.47439447  3.80026587  7.06670968  9.00270461 -2.0397583 ] -253.11800582747355
[ 5.22185598  0.54184134  3.42577365  6.68891178  8.24293386 -2.23054486] -249.8656459865922
[ 6.43321015  1.39210189  3.67213051  6.65066158  8.47224608 -1.79863193] -251.36132732094651
[ 5.25752573  0.62584234  3.48922172  6.84253918  8.45618782 -2.29397269] -249.7577688947282
[ 5.09598363  1.0744775   3.77076747  7.52790415  9.59281188 -2.36961955] -252.38615818722104
[ 5.74888929  0.77299119  3.46982946  6.55640852  8.10701465 -2.08458026] -249.61561158596658
[ 5.95345068  1.70944247  3.6783834   6.62642434  9.02121989 -1.81087811] -248.66487004587358
[ 5.28124694  0.47983146  3.40898432  6.71724097  8.04964279 -1.63033094] -248.6122652311727
[ 5.35475513  0.07679432  3.44948735  6.64116956  8.37423372 -2.65300439] -249.99304762367964
[ 5.44691344  0.44733263  3.48999973  6.69572943  8.43051384 -2.35222501] -249.09018761265162
[ 5.93130667  1.06239763  3.65665927  6.81393936  8.79318075 -1.91290645] -248.12161664640553
[ 6.28603201  1.32267578  3.77210208  6.87645315  9.0683042  -1.75408724] -248.3152824155541
[ 6.12023057  1.12391506  3.64902372  6.65077869  8.69225776 -1.72245653] -247.82734956483887
[ 6.551583    1.37295142  3.72892472  6.55489844  8.81029274 -1.43669845] -248.10324949460528
[ 5.75264744  1.09374085  3.72814739  6.96836606  9.23651197 -1.81114106] -246.88316506144585
[ 5.75452651  1.25411568  3.85730636  7.17434483  9.80126064 -1.67442145] -246.06315263494065
[ 6.15716098  1.68832709  3.83041267  6.98858363  9.36992838 -1.31756179] -247.52600175067965
[ 5.71852717  0.41917878  3.69270542  7.17860847  8.8954585  -1.69446992] -246.6802340665593
[ 6.53649099  1.62857223  4.05667819  7.24158101 10.14897415 -1.89639675] -248.2175809566491
[ 6.30128575  1.61489199  3.87004842  6.94573436  9.52325523 -1.14770405] -245.93310241186975
[ 6.56619768  2.03369956  3.94963257  6.88349605  9.76300044 -0.59237262] -245.47507348591807
[ 5.54615887  0.89863903  3.48856847  6.65500266  8.289388   -1.0749995 ] -247.23175968021664
[ 6.02296059  1.41022743  3.83255713  7.02966542  9.47725049 -0.77918749] -244.6796956666514
[ 6.06878755  1.58414233  3.92050606  7.13752845  9.81928536 -0.21232801] -243.52266153975032
[ 5.81688901  1.50211909  3.93068679  7.35507601  9.95384934 -0.46626123] -244.4525347445374
[ 5.66653462  0.87563774  3.78272256  7.1394352   9.47081905 -0.58738912] -243.579789464727
[ 6.31766198  1.65765869  4.22261811  7.63449367 10.94516977 -0.66741461] -243.50137405377757
[ 6.70341354  2.03716852  4.58964293  8.12423918 12.27306066 -0.46362216] -245.1807294961448
[ 6.34500528  2.54994558  4.19511873  7.2628496  11.02233637  0.29440757] -243.52596769819976
[ 6.5058322   2.14695199  4.14312192  7.29661483 10.52355947  0.93063545] -242.58710247257432
[ 6.88148504  2.59337015  4.2860297   7.35774983 10.88470889  2.2331639 ] -243.62986370384243
[ 5.6740392   1.40511891  4.11529216  7.72516987 10.81533935  0.35625596] -242.64467411881918
[ 6.37573127  1.90436599  4.19577305  7.37695453 10.91165378  0.50431697] -241.20282438892724
[ 6.65515239  2.10548944  4.32831618  7.38789379 11.39055601  0.98960607] -240.3679896097874
[ 6.85562491  2.94079791  4.52560183  7.67541487 12.0345964   1.15110993] -243.35792588324048
[ 6.3473608   1.39677418  4.22336669  7.68952223 10.82049908  0.5548807 ] -240.85927067092769
[ 6.71643628  2.30012138  4.5989329   7.9988413  12.357288    1.31735251] -240.86979798419347
[ 6.60048661  2.44075925  4.42225912  7.62332529 11.70210966  2.43402815] -241.51006626961083
[ 5.97747758  0.99094047  4.08482782  7.5650409  10.50185413  1.04314301] -240.129618629388
[5.53840391 0.01601175 3.86444082 7.50985392 9.73548299 0.98915956] -241.2356710066497
[ 7.26020942  2.38855998  4.48498272  7.46190958 11.6166161   2.06695934] -240.90687723806144
[ 6.67987549  1.72726291  4.57110656  7.94556287 12.27274819  1.87135448] -237.9940118115064
[ 6.76689714  1.51741837  4.78509888  8.27003688 13.14734255  2.341714  ] -236.63559106638968
[ 6.64069126  1.12567536  4.41291595  7.83442294 11.57594229  0.33719039] -238.33382104698472
[ 5.7744624   0.75691308  4.32617009  8.12000977 11.64787792  0.12766956] -240.1628933773493
[ 6.00424424  0.33094892  4.12129897  7.62346753 10.67073599  0.4807154 ] -238.8420409022208
[ 6.25894754  0.87902104  4.46284261  7.91076837 12.15760388  1.21846545] -238.02665370311527
[ 5.81908766 -0.23851703  4.40273525  8.38668834 11.84322958  0.86002653] -237.37313889875358
[ 6.71465274  0.7782493   4.43040307  7.74346522 11.65102489  1.96608204] -236.9612412097871
[ 6.75736261  0.47332485  4.78693708  8.35790886 13.1801056   1.35825492] -234.37877239796353
[ 7.14730513  0.21451704  5.13799172  8.75434284 14.51923133  1.51581088] -232.6466333274287
[ 7.11161624  1.09450577  5.08936352  8.67644067 14.29405552  2.26571436] -234.0350274851326
[ 6.63214423  0.28938947  5.02322907  8.74615784 14.29488695  3.05208069] -236.3479322088654
[ 7.13828684  0.33949993  5.1600979   8.94827556 14.42565306  2.78201071] -232.67857665444896
[ 8.01787978  1.64971032  5.47265946  8.65955133 15.60083519  3.78111103] -234.7668001507411
[ 7.55672372  0.923431    5.79241044  9.60813648 17.10964331  3.28006519] -233.3592879497184
[ 7.76775484e+00 -1.37338564e-02  5.77348516e+00  9.52759803e+00
  1.69340926e+01  3.21721695e+00] -231.0003212522384
[ 8.26818369 -0.77930997  6.2676783  10.1563786  18.82746759  3.65496843] -230.4152715118915
[ 8.44785424  0.8580619   5.95017138  9.52155065 17.29740838  2.70781284] -233.30453731750976
[ 7.20544351 -0.76614176  5.65991162  9.89549027 16.55698454  1.62101644] -232.2022482113848
[ 8.1429828  -0.83115305  6.23339026 10.2849508  18.61807389  2.9215138 ] -230.4535486903615
[ 7.89329502 -1.24493964  5.67733662  9.57885976 16.30529628  1.78764585] -230.35035066063656
[ 8.06158067 -2.32912497  5.6197997   9.5642214  15.90312277  1.04143618] -232.55449368476087
[ 6.81731142 -1.88057105  5.42863076  9.68454862 15.78682719  2.05317586] -233.3499025088411
[ 8.04021854  0.17340366  5.81978622  9.56230015 16.91976308  2.5441536 ] -231.06975051338705
[ 8.42752272 -1.41737451  6.43860035 10.46249858 19.48995251  1.89969228] -231.67933595772578
[ 8.84524363 -1.83635546  6.89424274 11.22581654 21.05328129  3.29385259] -233.8584424043431
[ 7.57178975 -0.29820109  5.57705447  9.37221127 16.15274382  1.9603213 ] -230.85122294514255
[ 8.90922067 -0.69971644  6.34470379  9.91024278 18.88078118  3.30174865] -231.17259581735283
[ 7.84770744  0.19073567  5.5347162   9.1591492  15.7447561   3.49042493] -231.44910662299986
[ 7.99266126 -0.21129188  5.76068724  9.48498655 16.6810552   3.09274177] -230.3624872078869
[ 7.06048969 -0.36411422  5.43394059  9.56965293 15.62068544  2.0186996 ] -232.19566348268975
[ 8.44703792 -0.61581588  6.11701299  9.82509532 18.06575725  2.98098639] -230.23095450355072
[ 8.06509828 -1.5003075   6.05793373 10.00519395 17.9637016   2.92190558] -230.64564916564171
[ 8.69796323 -1.42940489  6.46095857 10.40627706 19.33437344  3.82626597] -230.4180341430282
[ 8.4156097  -0.20366427  6.11442093  9.90698874 17.98030629  3.16613515] -230.69926422145537
[ 8.15272613 -1.17614669  6.07205553  9.98064265 17.96785277  2.98296297] -230.0826145663459
[ 8.34097295 -0.9878166   5.88518615  9.52579584 17.10919363  3.18700999] -231.15636532862194
[ 8.19248034 -0.87031894  6.14633924 10.09516206 18.24085382  2.98788785] -229.97309546653102
[ 7.61749822 -0.20320278  5.55274473  9.30076459 16.02838753  2.00279845] -230.84694437875714
[ 8.42784698 -1.12285436  6.23390511 10.12989894 18.50787696  3.37039909] -230.0055541523175
[ 8.10049886 -0.9678125   5.73476727  9.54183649 16.42876318  2.07923954] -230.31545029315396
[ 8.41196716 -1.78800413  6.23311835 10.23217852 18.49107822  2.30363213] -230.6637607250396
[ 8.09748773 -0.60546994  5.87879502  9.67178454 17.13356096  2.89546436] -229.99001492801128
[ 8.57939763 -0.5411998   6.38362177 10.16928024 19.14292536  3.97800088] -230.52647506989473
[ 8.06482067 -1.06900468  5.8539079   9.72646488 17.01470355  2.33523461] -229.99211012379058
[ 8.36030107 -0.85205767  6.36590465 10.2678463  19.21477193  3.77173888] -230.5160452140022
[ 8.16544941 -0.93887379  5.89255162  9.72333894 17.12526536  2.50236437] -229.98084120005234
[ 7.91989917 -1.31174025  5.90883849  9.95066869 17.26428056  2.71045136] -229.8050025369111
[ 7.65632979 -1.65970244  5.80475124 10.01345537 16.86354222  2.57518385] -230.01928537064856
[ 8.13660197 -0.79660729  5.89939026  9.78513004 17.12766097  2.61763757] -230.01609011123173
[ 8.14063301 -0.89149214  5.94255658  9.83400819 17.33770892  2.70896892] -229.8738099775304
[ 7.76574313 -0.77277889  5.6404245   9.5372435  16.19758076  2.00972474] -230.2770505070041
[ 8.26232102 -1.03533549  6.08553496  9.98173508 17.93030291  3.0302305 ] -229.8587098427279
[ 8.19460288 -0.81540551  6.09763073 10.02576762 17.99595396  3.27655452] -229.91074556903828
[ 8.19430754 -1.34891877  6.14568885 10.19844232 18.16456089  2.84335482] -229.91479869492898
[ 8.13596524 -1.15219658  6.21631133 10.30525571 18.51928833  3.35011828] -230.04241491283884
[ 8.15807837 -0.99220449  5.97349155  9.86881813 17.4737711   2.71430285] -229.85229258227616
[ 8.09746699 -1.26137994  5.90490782  9.85798462 17.14800563  2.77339981] -229.78837141796942
[ 8.04996032 -1.45691044  5.78419211  9.73939589 16.60158154  2.66615579] -229.9354222835293
[ 8.0633596  -0.75360051  5.82529785  9.64121846 16.88544681  2.8946145 ] -229.94384902772867
[ 8.16157056 -1.2000892   6.0655911  10.05913635 17.84478237  2.85616974] -229.81558365534977
[ 8.05205349 -1.41534167  5.8626761   9.82501606 17.00366321  2.32128655] -229.97750028256579
[ 8.15896554 -0.96538955  6.03889207  9.97557973 17.74788127  3.03773752] -229.8133795711084
[ 8.1121342  -1.3638875   6.04986208 10.06396601 17.79863236  2.99846167] -229.8088408281171
[ 7.94038392 -1.32956148  5.89499274  9.94364943 17.16214819  2.66661049] -229.79501808309902
[ 7.97206176 -1.48514482  5.98086989 10.08151014 17.51480569  2.96664068] -229.79089918777314
[ 7.90539997 -1.37227864  5.86052993  9.89864986 17.0338022   2.86159744] -229.786759679749
[ 7.77731468 -1.45837337  5.75799934  9.81840661 16.62831212  2.86431129] -229.88739957066446
[ 7.82348314 -1.742608    5.82777491  9.95656318 16.89267694  2.62131629] -229.90811926229586
[ 8.07509494 -1.15969416  5.98611278  9.9708256  17.53408019  2.93363222] -229.76177990784757
[ 7.85796805 -1.2760456   5.79555513  9.8371301  16.75374179  2.63898232] -229.8152915036771
[ 8.04859266 -1.34192702  5.98628535 10.00725703 17.53740972  2.90859184] -229.7715620795443
[ 8.09310092 -1.33825511  5.96239435  9.9692902  17.37913664  2.99303946] -229.7490655858266
[ 8.17970179 -1.35151253  5.98917227  9.97860096 17.43656468  3.1343335 ] -229.78589959409823
[ 8.12352182 -1.32333175  5.99870729  9.98485638 17.5535985   3.14568999] -229.78702440271948
[ 8.14233067 -1.11381072  5.91877595  9.81477775 17.21387194  2.9053429 ] -229.81788125266957
[ 8.01462899 -1.3923113   5.9653464  10.01482705 17.43957225  2.95131624] -229.75772062788735
[ 7.98931277 -1.38121938  6.01488422 10.09058409 17.67786087  3.15788925] -229.82761842301733
[ 8.07042844 -1.2913398   5.93240192  9.91613448 17.28046944  2.86952217] -229.757680794294
[ 7.94556015 -1.30860359  5.89898295  9.94080502 17.18122498  2.69354313] -229.78733076712354
[ 8.0790314  -1.31964971  5.97377621  9.97384354 17.46050512  3.03265328] -229.7603132632043
[ 8.22155914 -1.24211372  6.07490907 10.05207611 17.84325559  3.03465429] -229.79269477785056
[ 7.98443976 -1.33973741  5.91412471  9.93700642 17.23616555  2.90486165] -229.75945469988662
[ 8.05698215 -1.27173547  5.92510011  9.92005206 17.23923335  2.9864165 ] -229.74615317002076
[ 8.06117689 -1.2366397   5.89450749  9.87644958 17.09014516  3.02532883] -229.7630582008927
[ 8.02444228 -1.49131544  5.90493512  9.93955899 17.14428059  2.97897088] -229.77910233848266
[ 8.06243177 -1.24259948  5.96581836  9.96300894 17.43663029  2.94496688] -229.74972289709154
[ 8.01497261 -1.30567648  5.91461908  9.93292951 17.20989738  2.85072102] -229.7495626438503
[ 8.11974186 -1.27423513  5.97443536  9.96840767 17.42548091  2.96046577] -229.7520136383994
[ 8.12459026 -1.18230253  5.92624332  9.87511391 17.21737708  2.91706103] -229.77454245089578
[ 8.04211931 -1.3398091   5.95557063  9.97989876 17.38402346  2.94275243] -229.74706563770897
[ 8.05935443 -1.29943046  5.96691071  9.99506123 17.4109979   3.02326519] -229.74523187509374
[ 8.05381743 -1.30347578  5.98416511 10.03452461 17.47626213  3.1001367 ] -229.7623655787538
[ 7.98991187 -1.32493357  5.92236906  9.95167257 17.26115877  2.95325472] -229.75117983418036
[ 8.02236937 -1.31225896  5.93538563  9.95585635 17.3022393   2.95505749] -229.74464508713822
[ 8.03386782 -1.37978905  5.92084181  9.9546871  17.20521239  2.97211715] -229.74973159754148
[ 8.05529078 -1.27689687  5.95457423  9.96092848 17.37877582  2.95175445] -229.74489429915423
[ 8.09476638 -1.30711884  5.98535947  9.99409952 17.48823811  3.10004081] -229.7489781216704
[ 8.01719322 -1.26416146  5.94523925  9.9660086  17.355366    2.9933895 ] -229.7465878629707
[ 7.98967004 -1.2809786   5.90890071  9.93183564 17.20197384  2.8508377 ] -229.75097753488186
[ 8.06849229 -1.30058378  5.96624478  9.97853355 17.41667204  3.03774004] -229.74521228872294
[ 8.05110811 -1.23521323  5.94224761  9.94558133 17.31707134  3.03978862] -229.74501604694566
[ 8.08733916 -1.30121146  5.95158177  9.9526624  17.33296391  3.00461793] -229.74506057089457
[ 8.05766923 -1.30346278  5.98054814 10.00948905 17.48034009  3.01765807] -229.7477055351661
[ 8.05715392 -1.2796673   5.93896212  9.94241131 17.29951003  2.99422689] -229.74314003624093
[ 8.05456345 -1.26918008  5.92942133  9.91692991 17.27141291  2.97112995] -229.75125276380953
[ 8.05815669 -1.29186786  5.95753837  9.9755284  17.37610165  3.01023138] -229.7431346339208
[ 8.04198038 -1.26512145  5.92718512  9.93245587 17.25221532  2.94748554] -229.74386878078334
[ 8.00801393 -1.25246376  5.93371592  9.95159151 17.30900724  2.96156353] -229.7465096885382
[ 8.06750785 -1.28902454  5.94711531  9.95239468 17.32697475  2.99385433] -229.7442683690389
[ 8.04971155 -1.33639909  5.94467265  9.9609437  17.32820095  2.91108141] -229.74701970009025
[ 8.05075897 -1.2605097   5.94285387  9.94942192 17.31985374  3.00761181] -229.74296233305878
[ 8.04401827 -1.28925306  5.92843925  9.94176103 17.24685578  3.0177347 ] -229.74501631373164
[ 8.05247266 -1.27998592  5.94804048  9.95613662 17.34579581  2.96824951] -229.7430855507137
[ 8.08697412 -1.24313329  5.95184612  9.94692659 17.33791113  3.018829  ] -229.74718332266272
[ 8.03852055 -1.29497754  5.93950075  9.95362391 17.31115726  2.97100036] -229.74272514001686
[ 8.03217321 -1.26835205  5.93757826  9.950798   17.30790319  2.97241417] -229.74270463148434
[ 8.01450589 -1.25801581  5.93280974  9.94999966 17.29836741  2.9616941 ] -229.74442952665862
[ 8.05443162 -1.29333201  5.96097283  9.97685085 17.40122525  3.0270925 ] -229.7439500106863
[ 8.04509319 -1.27217409  5.93563205  9.94355462 17.2894678   2.96738728] -229.74297918627764
[ 8.03523783 -1.27628842  5.94808581  9.96727651 17.35058312  2.97140462] -229.74395838195204
[ 8.0516749  -1.27882258  5.94124304  9.94862761 17.3122783   2.98852132] -229.74277756265462
[ 8.03207447 -1.25973943  5.92407778  9.92519249 17.25271705  2.94816345] -229.7447783083438
[ 8.05163613 -1.28383575  5.94917322  9.96294442 17.3452555   2.99471439] -229.7424774600956
[ 8.03747966 -1.27290465  5.93395325  9.94685354 17.28284279  2.99896694] -229.74284778704282
[ 8.04232129 -1.28096001  5.94580208  9.96053518 17.33696247  3.01035572] -229.74283756795168
[ 8.03384294 -1.29944117  5.939563    9.9583723  17.31227943  2.97104582] -229.7427101007014
[ 8.04591001 -1.29589171  5.95033354  9.96478027 17.35910259  2.97038366] -229.74327888856413
[ 8.03958725 -1.27865142  5.93804832  9.95133522 17.30190774  2.99182112] -229.7422232450395
[ 8.04015704 -1.28706683  5.93590012  9.94803197 17.29329801  2.95281668] -229.7425384349192
[ 8.02696414 -1.29195234  5.93867819  9.959741   17.31165541  2.96274953] -229.7430153403178
[ 8.04549721 -1.28210502  5.94060183  9.95140596 17.31212258  2.98207837] -229.74248853957772
[ 8.04244404 -1.27150654  5.9407875   9.95400538 17.31309823  2.98396316] -229.74225822336808
[ 8.04998868 -1.25773137  5.94113341  9.94780135 17.31224899  2.98822348] -229.74277365281006
[ 8.03787938 -1.28901372  5.93995561  9.95572956 17.31227182  2.97534024] -229.74249222793392
[ 8.05356048 -1.29570771  5.9439106   9.95701951 17.31808144  2.98783048] -229.7425444332561
[ 8.04821366 -1.28886879  5.94232752  9.95546413 17.31553687  2.9839764 ] -229.74237956962057
[ 8.04826218 -1.27759358  5.94773121  9.96226292 17.34009957  3.01781455] -229.7426720001814
[ 8.04218333 -1.28469852  5.93885789  9.95158971 17.3049984   2.96906615] -229.7422518262287
[ 8.05197449 -1.2742083   5.94330982  9.95318538 17.31870129  2.99319963] -229.7426800725027
[ 8.04140316 -1.28531236  5.94079416  9.95509352 17.31387919  2.97980509] -229.74215704611947
[ 8.04299198 -1.28218611  5.94272771  9.95873817 17.31943606  2.98570373] -229.74220759731415
[ 8.03397167 -1.27990549  5.93200781  9.94579762 17.27769666  2.97006415] -229.74220859570426
[ 8.03264681 -1.27188469  5.93541361  9.95005574 17.29480189  2.97616473] -229.74230360699346
[ 8.03653853 -1.27613071  5.93714209  9.95140784 17.29998563  2.97811765] -229.74242937652048
[ 8.04219757 -1.28374923  5.94176093  9.95691584 17.31665763  2.98275441] -229.74250039517707
[ 8.03768741 -1.28260893  5.93640098  9.95044557 17.29578792  2.97493462] -229.74220001735495
[ 8.0404952  -1.28198189  5.93942124  9.95321437 17.30789346  2.9858131 ] -229.7421014869814
[ 8.04179324 -1.28500544  5.93982602  9.95334161 17.30943879  2.97443562] -229.74260533303104
[ 8.0419236  -1.27840945  5.94079083  9.95454945 17.31348871  2.98188412] -229.74200659493562
[ 8.04480841 -1.28709058  5.94156084  9.95527882 17.31470803  2.98189074] -229.74223145514335
[ 8.04104521 -1.28137871  5.94041697  9.95515758 17.31136619  2.98792508] -229.74212057933718
[ 8.04025676 -1.28184474  5.93803407  9.95099726 17.30238354  2.98132984] -229.74211447525366
[ 8.03612871 -1.27675478  5.93705858  9.95120709 17.30022497  2.98200654] -229.7420448000164
[ 8.04273013 -1.27928505  5.94243763  9.95629419 17.32062409  2.99131997] -229.74210808497693
[ 8.03945671 -1.27457251  5.93859228  9.95204646 17.30478113  2.9902878 ] -229.7421269010249
[ 8.03994332 -1.27725747  5.93914275  9.95280822 17.30705565  2.98766712] -229.7421098040264
[ 8.03944737 -1.27713242  5.93854473  9.95119928 17.30585729  2.98208182] -229.74224891645028
[ 8.04064575 -1.28031713  5.93994891  9.954168   17.30998896  2.98646426] -229.74209949001397
[ 8.04036547 -1.27615719  5.94156591  9.95641652 17.31737507  2.99038853] -229.74255253512058
[ 8.04028394 -1.28042285  5.93891703  9.95235207 17.30613142  2.98359451] -229.74208572944454
[ 8.04079245 -1.28179958  5.94038199  9.9544535  17.31239489  2.98269372] -229.7425835907171
[ 8.04015561 -1.278393    5.93945256  9.95321954 17.30839046  2.98642377] -229.74212716603571
[ 8.03902615 -1.27758211  5.9389247   9.95287827 17.30685684  2.98194533] -229.74234989817774
[ 8.04110377 -1.27941615  5.93985393  9.95345076 17.30981007  2.98273932] -229.74201446176974
[ 8.04128467 -1.27936329  5.94036987  9.95435873 17.31173883  2.98417419] -229.74206520700534
[ 8.0412094  -1.28019567  5.94010603  9.95388191 17.31069109  2.98384861] -229.74213592066275
[ 8.04232686 -1.27884725  5.94161423  9.95542182 17.3170564   2.98660205] -229.74206019796947
[ 8.04093346 -1.27783346  5.93996679  9.95367884 17.31027218  2.98477562] -229.74216315528943
[ 8.0439011  -1.28043964  5.94197586  9.9555689  17.31749558  2.98606264] -229.74230509444874
[ 8.04268237 -1.27972526  5.94121307  9.95489624 17.3148359   2.98503331] -229.7420235423996
[ 8.04257676 -1.2808189   5.9413492   9.95517413 17.31560149  2.98331825] -229.74236962619926
[ 8.04134429 -1.27857982  5.94031239  9.95405266 17.3116045   2.98441128] -229.74199905209946
[ 8.04234579 -1.27791807  5.94127874  9.95502798 17.31548705  2.98443281] -229.7419192050959
[ 8.04291398 -1.27677927  5.94186509  9.95560101 17.31788503  2.98472491] -229.74230641250134
[ 8.04262422 -1.27826871  5.94131786  9.95477424 17.31568871  2.98419344] -229.741927999721
[ 8.04168114 -1.2785919   5.93997471  9.95349529 17.30991524  2.98096271] -229.74191887675647
[ 8.04135828 -1.27846423  5.93915495  9.95253203 17.30634466  2.97814305] -229.7420846339161
[ 8.0409919  -1.27733611  5.93996308  9.95355389 17.31049553  2.98117458] -229.74207688296053
[ 8.04225975 -1.27912797  5.94090057  9.95456065 17.31375081  2.98406863] -229.7419985714338
[ 8.04295582 -1.27754916  5.9416711   9.95536933 17.31683494  2.98391168] -229.74206797508998
[ 8.04156678 -1.2789494   5.94030822  9.9539304  17.31156628  2.98303241] -229.74206307400743
[ 8.04201346 -1.27825499  5.94062672  9.95426163 17.31270115  2.98269776] -229.74191554858882
[ 8.04215268 -1.27843031  5.94064628  9.95413477 17.31280198  2.98257807] -229.74190736119203
[ 8.04197045 -1.27885994  5.94043764  9.95402797 17.31183302  2.98251567] -229.7419841981596
[ 8.04151271 -1.27858586  5.94014355  9.95377398 17.31075987  2.982687  ] -229.74204502475416
[ 8.04180237 -1.27850068  5.94038277  9.95402237 17.31170197  2.98142342] -229.74192419813338
[ 8.04139246 -1.27900403  5.93991432  9.95347303 17.30986265  2.98185102] -229.74206058548003
[ 8.04231848 -1.27807053  5.9408229   9.95443231 17.31337509  2.9824372 ] -229.7419864920886
[ 8.04246681 -1.27831692  5.94082013  9.95435081 17.31334961  2.98151795] -229.74196631283428
[ 8.04171049 -1.27891438  5.94013984  9.9536653  17.3107259   2.98146133] -229.74194957478133
[ 8.04197187 -1.27814312  5.94042584  9.95394875 17.31189893  2.98103141] -229.74199956385664
[ 8.0419708  -1.27868073  5.94043469  9.95400817 17.3118495   2.98214461] -229.74197888048565
[ 8.04197152 -1.27832232  5.94042879  9.95396856 17.31188245  2.98140248] -229.74194640625635
[ 8.04131041 -1.27868794  5.93991291  9.9534985  17.30989329  2.98199064] -229.7420766292158
[ 8.04217771 -1.27840967  5.94059332  9.95413773 17.31248553  2.98163612] -229.74191365758747
[ 8.04222247 -1.27792224  5.94074435  9.95434148 17.31310354  2.98210552] -229.74219648338772
[ 8.04183849 -1.27866635  5.94029097  9.95383435 17.31132031  2.98162238] -229.74202493623412
[ 8.0421652  -1.27841999  5.9406198   9.95413625 17.31264375  2.9821071 ] -229.74247090724222
[ 8.04208307 -1.27834265  5.9406365   9.9541982  17.31275156  2.98263792] -229.74193111412137
[ 8.04191691 -1.2785111   5.9403105   9.95381503 17.31135861  2.98177039] -229.74208384142165
[ 8.04197753 -1.27846549  5.94051453  9.95407857 17.31225197  2.98200075] -229.74194777051537
[ 8.0420621  -1.27837631  5.94053754  9.95405166 17.31234221  2.98199028] -229.74197839208378
[ 8.04193158 -1.27867234  5.94039306  9.95390004 17.31176394  2.9820197 ] -229.74192235942968
[ 8.04187609 -1.27851274  5.940393    9.95392317 17.31177967  2.98222527] -229.74199177981103
[ 8.04211077 -1.27842218  5.94072981  9.95428044 17.31320517  2.9827136 ] -229.74246247163236
[ 8.04196538 -1.27848887  5.94041532  9.95393138 17.31182025  2.9820062 ] -229.742846230574
[ 8.04204213 -1.27855132  5.94051967  9.9540174  17.31228296  2.98229889] -229.74197631098218
[ 8.04211788 -1.27838648  5.94064139  9.95416648 17.31277677  2.982608  ] -229.7419660447692
[ 8.0420651  -1.2784479   5.9405804   9.95410667 17.31252698  2.98228941] -229.74197380298597
[ 8.04210739 -1.27840331  5.94059191  9.95409321 17.31257209  2.98228418] -229.74198113414405
[ 8.04201439 -1.27847153  5.94051964  9.95402897 17.31229082  2.98240167] -229.74199645141513
[ 8.0420348  -1.2784707   5.94047839  9.9539749  17.31208029  2.98217423] -229.74231904138765
[ 8.04213173 -1.27842624  5.94068805  9.9542076  17.31300357  2.98264584] -229.74199610131961
[ 8.04219125 -1.27841033  5.94070293  9.95421308 17.31303062  2.98249979] -229.74200666354827
[ 8.0420586  -1.27845623  5.94056546  9.954075   17.31247577  2.9824262 ] -229.74195656966154
[ 8.04204953 -1.27846561  5.94049366  9.95399024 17.31214194  2.98218241] -229.74204051506254
[ 8.04211118 -1.27843608  5.94063945  9.95415326 17.31278816  2.98252998] -229.7419809578508
[ 8.04207513 -1.27849946  5.94060565  9.95412465 17.31264544  2.98262601] -229.74199213195016
[ 8.04209933 -1.27842735  5.94059534  9.95410107 17.31259043  2.98236963] -229.74196267816774
[ 8.04206739 -1.27846378  5.9405434   9.9540472  17.31236346  2.98232675] -229.7420242218028
[ 8.04210023 -1.27844301  5.94061544  9.95412675 17.31268199  2.98247918] -229.7420152105457
[ 8.04210564 -1.27844327  5.94060587  9.95410488 17.31263887  2.98250214] -229.74199314226325
[ 8.042126   -1.27842883  5.94062081  9.95411792 17.3126962   2.98247385] -229.74196787602892
[ 8.04213528 -1.27840839  5.94064384  9.95415063 17.31278937  2.98259304] -229.7419824641968
[ 8.04210889 -1.2784391   5.94061334  9.95412072 17.31266448  2.98243374] -229.74192583074435
[ 8.04209741 -1.27849081  5.94058298  9.95407608 17.31254247  2.98243848] -229.74197029335463
[ 8.04213193 -1.27843319  5.94064287  9.95414401 17.31279507  2.98255403] -229.74246177649133
[ 8.04211004 -1.27844704  5.94059484  9.95409098 17.31258272  2.98245241] -229.74199197779222
[ 8.04213779 -1.27843823  5.94062816  9.95412548 17.3127202   2.98248773] -229.74228748797688
[ 8.04211368 -1.27844201  5.94061144  9.95411003 17.3126592   2.98249854] -229.74202990263967
[ 8.04213079 -1.2784347   5.94062981  9.95412774 17.31273323  2.98250591] -229.7421477976592
[ 8.04213934 -1.27842957  5.94063355  9.95412634 17.31274909  2.98252596] -229.74202227318855
[ 8.04212504 -1.27846056  5.94061463  9.95410543 17.31267222  2.98250828] -229.74193303822088
[ 8.04214398 -1.27841935  5.94064506  9.9541427  17.31279567  2.98258556] -229.74246539991776
[ 8.04213136 -1.27843867  5.94062056  9.95411288 17.31269235  2.98251524] -229.74198468555886
[ 8.04212916 -1.27843679  5.94062608  9.95411982 17.31272042  2.98254011] -229.74211618887037
[ 8.04212548 -1.27845752  5.94061191  9.95409963 17.31266075  2.9824723 ] -229.74197510804083
[ 8.0421369  -1.27844977  5.94062119  9.95410521 17.31269905  2.98254075] -229.741994209538
[ 8.04214111 -1.27845201  5.9406233   9.95410826 17.31270472  2.98250677] -229.74213356129485
[ 8.04213215 -1.27844059  5.94062538  9.95411693 17.3127165   2.98253177] -229.74207426536606
[ 8.04213812 -1.2784482   5.94062399  9.95411115 17.31270865  2.9825151 ] -229.7419608597579
[ 8.04213052 -1.27846544  5.94061264  9.95409668 17.31266257  2.98251729] -229.74199069167756
[ 8.04213083 -1.27845047  5.94062215  9.95411496 17.31270046  2.98249468] -229.74192795141886
[ 8.04213732 -1.2784298   5.94063387  9.95412959 17.31274956  2.98251061] -229.74221802654588
[ 8.04213222 -1.27845653  5.94061795  9.95410491 17.31268432  2.98251562] -229.74205791584592
[ 8.04214176 -1.27844039  5.94063422  9.95412486 17.31275122  2.98253638] -229.7425163909774
[ 8.04213886 -1.27844543  5.94063046  9.9541201  17.3127371   2.98254318] -229.74197950728046
[ 8.0421454  -1.27843925  5.94063514  9.95412296 17.31275531  2.98254659] -229.74213425369976
[ 8.04213908 -1.27844391  5.9406291   9.9541172  17.31273136  2.98252519] -229.74228603768765
[ 8.04214202 -1.27843449  5.94063342  9.95412382 17.31274716  2.98254666] -229.74199563253148
[ 8.0421416  -1.27844787  5.94062946  9.95411572 17.31273227  2.98254768] -229.74194049738776
[ 8.04214479 -1.27844004  5.94063374  9.95411999 17.31275051  2.98255941] -229.74198468131533
[ 8.04214937 -1.27843522  5.9406404   9.95412859 17.31277675  2.98258201] -229.7419965617512
[ 8.04214437 -1.27843853  5.94063612  9.9541247  17.31275994  2.98257242] -229.7422920280413
[ 8.04214514 -1.27843907  5.94063538  9.9541234  17.31275647  2.98255304] -229.741972831529
