[-2.31484724  0.14434271  0.28893439 -1.43527777 -0.62717503 -0.8087242 ] -258.8125199085788
[ 2.50637462 -0.03615091 -1.63394245  0.18611675 -0.90188327 -1.6871521 ] -231.7793736208783
[-1.00790136  1.24611241 -1.85075879  0.65318815  0.42256456 -0.2545606 ] -280.88847065556706
[ 0.15241674 -1.25041049  0.44760369 -0.96356033 -0.86182296  0.86447926] -238.61201344567857
[ 0.02520114  0.55552234  0.53201165 -0.63754051 -0.2648337  -1.04099886] -247.7768840815743
[-0.81154305  0.67835908  1.90425136  0.0404457  -0.57260151 -0.78759241] -259.1730377753176
[ 0.13398719 -0.93764156  1.63260817  2.24297888 -0.72045106 -0.16204784] -254.5987324937516
[ 0.90509783 -1.52810535  2.90791439 -0.84213391 -1.7388204  -0.95278479] -235.97900942678254
[ 1.28095315 -1.69584017 -0.51254141 -0.52358466 -1.13239396 -0.4748171 ] -230.53332571884792
[ 2.32720125 -2.8829398  -1.7209378  -0.80559984 -1.41229019 -0.31842945] -233.90863152772485
[ 3.98285746 -1.77521809  0.83561695  1.25603651 -1.24622675 -0.34238294] -230.6283072317105
[ 2.81697979 -0.972426   -0.77372056 -2.75120093 -1.32820929 -1.04917101] -236.43299013442822
[ 3.85635873 -2.97490601 -0.10836811 -0.57523502 -2.13828518 -0.17294404] -235.89986030783993
[ 4.96379045 -1.74380502 -0.20928409 -0.11977343 -1.96678333 -2.42422991] -240.44652285194883
[ 1.35526017 -1.37375912  0.28338175 -0.7526136  -1.13806305  0.04230196] -231.27445014833248
[ 1.81198753 -2.15556722  1.3644076   2.33406295 -1.43701492 -0.14675533] -235.85943518207617
[ 4.02616605 -1.80904182 -2.83172961  1.48372822 -0.92580197  0.02553494] -240.48110154993003
[ 1.68536489 -1.59833947  1.47300339 -0.26066838 -1.53556579 -0.70820485] -229.64437407204625
[ 0.35124055  0.09661435  0.71167672  1.32168487 -0.32543074 -0.93272608] -250.24668583829245
[ 2.98007918 -2.20702592  0.0966431  -0.10100504 -1.68507157 -0.36288955] -229.1834519124261
[ 2.78497563 -0.73987734 -1.18368716 -2.39930242 -1.10938655 -1.03095953] -236.22476458980134
[ 2.05523455 -1.80164475  0.72738391  1.1507216  -1.35510782 -0.36780638] -229.79073387388692
[ 1.94020851 -3.4477916   2.60177168  0.07017873 -1.79559305  0.94921915] -235.99735237925577
[ 2.3648331  -0.88906108 -0.57501392  0.15713224 -1.12531071 -1.02805929] -229.1086282341121
[ 3.42784727 -1.94861737  0.39831559  1.31215769 -1.55516249 -1.137022  ] -228.8356986909528
[ 4.46414083 -2.2360465   0.45578252  2.34454334 -1.76371221 -1.72668398] -237.66585591262603
[ 0.61524658 -1.60495816 -0.29968673 -0.67778536 -1.54997737 -1.01721678] -230.00641530562345
[ 3.09524871 -1.65404208  1.11942319  1.05043558 -1.80300462 -1.06558252] -228.42264717086115
[ 4.00239649 -1.63314304  1.9354055   1.8374457  -2.13830996 -1.36096523] -235.75264704942504
[ 4.58762265 -1.7612854   1.37960516  1.78070993 -1.46976364 -0.53930475] -232.75448471473115
[ 1.6083406  -1.64403997  0.12013624 -0.06316154 -1.52992393 -0.89773877] -227.960820341334
[ 2.99867003 -1.51206388  0.15011862 -0.45242475 -1.72290522 -1.36535928] -228.4717023909166
[ 3.80630808 -1.68661064 -1.03646245  0.89504644 -1.60489372 -1.24401228] -231.12397071301584
[ 2.21560068 -1.62040726  0.84563693  0.02826033 -1.55289778 -0.84215671] -227.90553538336306
[ 2.25676762 -0.88238463  0.58956246  0.77847156 -1.41133002 -1.74908331] -228.30228042461817
[ 2.83599188 -2.19812399  1.6494116   0.72744738 -2.06643064 -1.32425491] -229.86480514057595
[ 2.48262279 -1.21632681 -0.01890754  0.29971103 -1.36059069 -1.10210819] -227.6587691750203
[ 1.45790287 -0.89447084  0.53700771 -0.76506029 -1.5717216  -1.20365426] -228.28844279611926
[ 1.37349106 -1.12515998  0.91416771  0.89531031 -1.35358433 -0.92141531] -231.70447439799221
[ 2.59237529 -1.41533791  0.34113089 -0.11549099 -1.63057499 -1.25437329] -227.30429110533922
[ 1.10928791 -0.90361372 -0.31456763 -0.99619222 -1.21600838 -1.28412233] -229.47159169797334
[ 2.59875851 -1.46643499  0.76092549  0.53877863 -1.65625556 -1.12021747] -227.36681031485466
[ 2.06176596 -1.86995463  0.27241412 -0.80412584 -1.68932484 -0.39099959] -228.3004755186659
[ 2.11051638 -1.62306213  0.3517012  -0.40847649 -1.61982613 -0.73052052] -227.59859044464633
[ 3.07816855 -2.10073219  0.26320003  0.85826728 -1.5449681  -0.77871739] -228.28982336591878
[ 1.86296929 -1.19603618  0.46855579 -0.3592284  -1.56503322 -1.09742004] -227.57342790454481
[ 3.01260705 -1.20182845  0.79621135  0.05767958 -1.59846886 -1.1511933 ] -227.78877997467927
[ 2.67101575 -1.0859349   0.05423546 -0.02393587 -1.59068538 -1.30978756] -227.13160368060895
[ 2.89872328 -0.81869871 -0.34146527 -0.05003397 -1.60957918 -1.54360299] -227.50585171825796
[ 1.76014562 -1.46588252 -0.14366425 -0.08056027 -1.5425198  -1.05361572] -227.45532794513946
[ 2.04930415 -1.5345694   0.62986907 -0.44934882 -1.841041   -1.08653668] -227.50520242043393
[ 2.40100649 -1.0983365   0.35198295  0.24521458 -1.65554386 -1.5767964 ] -227.02687713805372
[ 2.54625155 -0.83597368  0.35212382  0.57206012 -1.67340272 -1.99993434] -227.5758147160238
[ 2.82789931 -1.49279589  0.19627075  0.39744748 -1.74050698 -1.369689  ] -227.16923964450808
[ 2.90109617 -1.14033817 -0.1095753   0.76983334 -1.43098785 -1.47495647] -227.53414321944473
[ 2.26225216 -1.43601159  0.44500797 -0.14455328 -1.73852772 -1.18364162] -227.07417181718398
[ 3.35762355 -1.19906808  0.86018209  0.37971379 -1.79484503 -1.55121939] -228.19902468012745
[ 2.1595151  -1.39917891  0.10729733  0.03450824 -1.60560111 -1.17801664] -227.03403667062878
[ 2.37259619 -1.1760969  -0.2622837  -0.40771524 -1.66422445 -1.50388403] -227.1963686427481
[ 2.30571972 -1.14744699 -0.04362731  0.14914629 -1.7011215  -1.45289846] -226.76146883983319
[ 2.16239193 -1.01350153 -0.2360064   0.28146493 -1.73639475 -1.55216105] -226.8301374145745
[ 2.50320665 -1.37713802  0.63267275  0.62699106 -1.67977107 -1.18639253] -227.28120762550492
[ 2.40524881 -1.22635718 -0.03854459 -0.14903867 -1.6681111  -1.42451116] -226.9551688175202
[ 1.90702003 -0.97162613  0.09584653 -0.36033372 -1.57935658 -1.33886162] -227.21166747724266
[ 2.59767949 -1.36250345  0.17116469  0.20800218 -1.70021938 -1.36198215] -226.94124074621632
[ 2.03945817 -1.47067664  0.27685822  0.13836232 -1.76568951 -1.41616125] -227.1241333158513
[ 2.19734757 -1.37449121  0.22120253  0.09778777 -1.72193848 -1.38956783] -226.93591586199537
[ 2.4265869  -1.10009315 -0.1885161   0.33976008 -1.61231742 -1.61094926] -226.93540828748536
[ 2.61834789 -1.03723059  0.05059006  0.26244917 -1.7474828  -1.76088511] -227.01841340473746
[ 2.44930363 -1.31770436 -0.29455985  0.0574877  -1.72818637 -1.42346826] -226.85996106460095
[ 2.17561415 -1.47230153 -0.10821693 -0.02806738 -1.62981528 -1.12690726] -226.98686358537935
[ 2.28629758 -1.36353379 -0.06851518  0.04456176 -1.65923216 -1.28540172] -226.86263789142123
[ 2.34906282 -1.32890047 -0.02907249  0.44795393 -1.70622733 -1.4169114 ] -226.8756314566932
[ 2.07375992 -1.1815532  -0.30552749  0.170897   -1.67612171 -1.49775016] -226.87125669748173
[ 2.43289596 -1.10525278 -0.53114201  0.30548114 -1.63913036 -1.50622526] -226.9013979572107
[ 2.20575964 -1.38137071 -0.23563201  0.05208252 -1.75768905 -1.24993583] -226.7352185748191
[ 2.09534601 -1.52200949 -0.25918996 -0.09175626 -1.83037487 -1.06942912] -226.8114725330319
[ 2.12373848e+00 -1.46825039e+00  2.05497232e-01  1.89525386e-03
 -1.77039569e+00 -1.26923002e+00] -226.94114852857606
[ 2.35560659 -1.19600218 -0.3469822   0.22958467 -1.67194669 -1.44697645] -226.79567242301613
[ 2.20975287 -1.20030328 -0.40254219 -0.21336729 -1.69187183 -1.36856556] -226.86838258070694
[ 2.53038676 -1.35390057 -0.15842542 -0.06439844 -1.72722749 -1.24466527] -226.93906753715692
[ 2.18791663 -1.22464005 -0.26875197  0.11207314 -1.68889816 -1.43447894] -226.7846903891984
[ 2.38711506 -1.34326275 -0.01681398  0.42834598 -1.71048615 -1.395821  ] -226.85443361493392
[ 2.34417617 -1.17327522 -0.33360725  0.29834501 -1.76021048 -1.51579125] -226.77028023136668
[ 2.14612764 -1.17096161 -0.12057839  0.36570484 -1.70193097 -1.40849905] -226.87029248967136
[ 2.37350963 -1.28101867 -0.25106449  0.13454198 -1.72162252 -1.41972596] -226.77471604327775
[ 2.20378106 -1.12465519 -0.47640776 -0.10308811 -1.72334332 -1.44411463] -226.78227356648387
[ 2.18468103 -1.24813342 -0.1893814  -0.01521773 -1.77901499 -1.39200524] -226.7272821977006
[ 2.09921825 -1.27419904 -0.110581   -0.13761892 -1.83254914 -1.36451964] -226.78787356621757
[ 2.35129246 -1.22732669 -0.24115476  0.05986352 -1.79210247 -1.39034486] -226.7020442981642
[ 2.43298037 -1.22867001 -0.22735616  0.03375872 -1.84370462 -1.36827782] -226.72647934773087
[ 2.38459849 -1.36153538  0.04491869  0.32934197 -1.78057702 -1.3627859 ] -226.80358873901807
[ 2.24898542 -1.18387524 -0.34607615  0.00501941 -1.73765174 -1.42378245] -226.73029201776214
[ 2.17336185 -1.17279075 -0.21209514  0.0485377  -1.78764089 -1.38852674] -226.68668924628443
[ 2.07328795 -1.11867679 -0.19261047  0.00553555 -1.82065007 -1.37292714] -226.71084656233225
[ 2.1457572  -1.28037271 -0.08904833 -0.19853444 -1.7581964  -1.25003994] -226.78419274798938
[ 2.29457143 -1.20004959 -0.27246752  0.17412515 -1.75970696 -1.44935343] -226.71728270240658
[ 2.18049756 -1.32373515 -0.45530835 -0.04100943 -1.83681387 -1.31175105] -226.74303766931658
[ 2.2118031  -1.27966311 -0.35238809  0.0065295  -1.80289077 -1.34703791] -226.70796575373691
[ 2.28247212 -1.05590889 -0.30222235  0.04087    -1.79531355 -1.54708105] -226.7253141077117
[ 2.25040857 -1.21074892 -0.17716027  0.0998833  -1.83457147 -1.41433396] -226.70301866692938
[ 2.33662214 -1.13402923 -0.32978131  0.15848745 -1.81172705 -1.45355407] -226.69116586548242
[ 2.25688106 -1.35229387 -0.22612669  0.14160554 -1.80089965 -1.26730261] -226.6918788730698
[ 2.2322183  -1.25890126 -0.24043456 -0.00248948 -1.85023714 -1.30434662] -226.67510044188901
[ 2.20104173 -1.28832709 -0.22441809 -0.0907968  -1.89550223 -1.23184322] -226.70312932240392
[ 2.3217917  -1.17236713 -0.12319615  0.16209984 -1.82283544 -1.39243171] -226.6772052149867
[ 2.3069806  -1.22848739 -0.28043593  0.08948489 -1.78724275 -1.31783491] -226.6591413989068
[ 2.33526661 -1.23735663 -0.33207377  0.08428569 -1.76357838 -1.26958539] -226.66814910399762
[ 2.19132609 -1.21229652 -0.22953517  0.13937845 -1.82809184 -1.31765403] -226.6631357265676
[ 2.26388583 -1.04066356 -0.24569941  0.05689408 -1.82835872 -1.45748009] -226.6663528487306
[ 2.15989931 -1.22780631 -0.11401748  0.00614771 -1.82307521 -1.2725373 ] -226.6738328270065
[ 2.31867209 -1.20738331 -0.1990111   0.10196747 -1.85897281 -1.29890148] -226.64089224133718
[ 2.39132722 -1.22467958 -0.19246907  0.12868236 -1.89463877 -1.25408885] -226.65230871707038
[ 2.16920237 -1.21947899 -0.31318173 -0.0316388  -1.83582404 -1.26381977] -226.64959697194607
[ 2.23777046 -1.1198041  -0.22019237  0.12323408 -1.80361798 -1.33839591] -226.63001858024248
[ 2.24054654 -1.05025552 -0.21007127  0.18609586 -1.78030841 -1.35542055] -226.63833229250497
[ 2.33604651 -1.11489831 -0.38200109  0.15362568 -1.82429417 -1.3921581 ] -226.6555110170049
[ 2.25611355 -1.32678598 -0.29575306  0.13512318 -1.81765581 -1.18544131] -226.64754359629177
[ 2.3502691  -1.19331617 -0.33398992  0.05122038 -1.81444401 -1.28119646] -226.64058247401294
[ 2.2490441  -1.16540156 -0.30094049  0.0883591  -1.8643602  -1.26880276] -226.61299967310396
[ 2.22007585 -1.13385864 -0.31119276  0.08779621 -1.90291892 -1.24428668] -226.61664624895337
[ 2.19097739 -1.29582506 -0.17235513  0.00246279 -1.84066412 -1.15336113] -226.6452393596893
[ 2.36507986 -1.21669307 -0.19423229  0.19909447 -1.8307476  -1.24487991] -226.6197316370247
[ 2.31449079 -1.07268844 -0.17782071  0.05365625 -1.85327976 -1.34307124] -226.61812338570917
[ 2.42079808 -1.02927049 -0.3030405   0.20338113 -1.83447667 -1.43838812] -226.67155133198165
[ 2.24843256 -1.22918642 -0.20502647  0.05269238 -1.83911726 -1.22461788] -226.618884650958
[ 2.2696902  -1.12497995 -0.27838966  0.08745142 -1.80954946 -1.26808657] -226.59186403136357
[ 2.24519925 -1.08377827 -0.31807894  0.08019339 -1.78483779 -1.25267912] -226.58475658009044
[ 2.2030699  -1.10253445 -0.13810717  0.14785618 -1.84420952 -1.27628582] -226.63130105970973
[ 2.2398697  -1.12522988 -0.18707786  0.12369723 -1.83676814 -1.27751348] -226.6086549303033
[ 2.31626829 -1.17785511 -0.24086655  0.07599686 -1.8660856  -1.19879222] -226.58783778675067
[ 2.17268837 -1.06802015 -0.28237138 -0.04089606 -1.85073531 -1.27694565] -226.60475219339753
[ 2.26408761 -1.00180472 -0.29735883  0.07430988 -1.84623835 -1.31465028] -226.5818030450422
[ 2.27191513 -0.88811387 -0.34352502  0.08511864 -1.84979889 -1.35966648] -226.59192171294083
[ 2.18122832 -1.13467479 -0.36441064  0.08023055 -1.8297287  -1.18672326] -226.58021940733343
[ 2.11459709 -1.16566796 -0.4577056   0.0935177  -1.81795317 -1.10854927] -226.60282669524398
[ 2.22406975 -1.03171941 -0.26244757  0.04281818 -1.80710443 -1.23363191] -226.56320635151766
[ 2.21158257 -0.96487834 -0.24320112  0.02004772 -1.77847655 -1.21604649] -226.56256381880047
[ 2.2238151  -1.01844058 -0.39501796 -0.02706978 -1.81526596 -1.2044322 ] -226.55968731933083
[ 2.2157878  -0.96504593 -0.49898801 -0.10245329 -1.80451487 -1.16789156] -226.57803642285742
[ 2.30803867 -1.05912378 -0.3372733   0.14213227 -1.78947567 -1.18082887] -226.55088288496236
[ 2.37571383 -1.0546756  -0.36472427  0.23364644 -1.75884585 -1.13277048] -226.56782491235668
[ 2.16171555 -0.90971171 -0.41091371  0.04728448 -1.74858874 -1.25299451] -226.60201672959522
[ 2.27763011 -1.11081926 -0.28337834  0.06881877 -1.83671138 -1.2123428 ] -226.56463285357998
[ 2.24359488 -1.01280222 -0.32213446  0.03929641 -1.84712775 -1.18566218] -226.53461687560812
[ 2.24279269 -0.9773142  -0.32416222  0.01884792 -1.87827272 -1.1521537 ] -226.52341305895885
[ 2.21760821 -1.08661227 -0.35178903  0.0266926  -1.79640532 -1.06952549] -226.54553847044812
[ 2.31259413 -0.93772136 -0.28053002  0.00292595 -1.80180717 -1.15838659] -226.52172755796136
[ 2.37827704 -0.83924464 -0.23858971 -0.03572636 -1.7878464  -1.14421825] -226.5300772951824
[ 2.22784702 -0.90387758 -0.36061288 -0.00762654 -1.78318974 -1.11478165] -226.52682581705835
[ 2.29931604 -1.02948492 -0.43992735  0.03191975 -1.84299564 -1.07732301] -226.52206431680816
[ 2.31225049 -0.97960412 -0.3030803   0.09870043 -1.81544946 -1.04656758] -226.49326043153636
[ 2.35646818 -0.96018589 -0.25711148  0.16158554 -1.81554121 -0.96763527] -226.48297268671692
[ 2.24417008 -0.90594162 -0.33410435 -0.06401721 -1.84992827 -0.99910637] -226.48787082017523
[ 2.3434545  -0.81822959 -0.31369374  0.02118587 -1.8608396  -1.0869367 ] -226.47949268906734
[ 2.40637764 -0.68403825 -0.2946461   0.0184325  -1.89305675 -1.09564231] -226.4973749503252
[ 2.37175152 -0.97241494 -0.28923018  0.06510915 -1.89993846 -1.0323989 ] -226.4930317925126
[ 2.39979213 -0.89734524 -0.31403682  0.0540551  -1.81207739 -0.95510858] -226.4870698236661
[ 2.37676081 -0.80112796 -0.15630818  0.04836171 -1.83704839 -0.98920112] -226.47264617789511
[ 2.4154832  -0.68694949 -0.01449859  0.0565827  -1.83407477 -0.94514017] -226.50862726666938
[ 2.38487161 -0.84736039 -0.27429823  0.09250077 -1.88998394 -0.85174239] -226.45319068482559
[ 2.42101035 -0.80217991 -0.27118233  0.13728819 -1.93407233 -0.69842029] -226.476217890441
[ 2.33008759 -0.77098195 -0.26062075  0.03944811 -1.78853447 -0.91751124] -226.48975918939644
[ 2.34050357 -0.8213402  -0.26777311  0.04586337 -1.81638547 -0.94623316] -226.469840058343
[ 2.48978018 -0.8092548  -0.19363616  0.20520133 -1.82736374 -0.93317937] -226.48521821993467
[ 2.36415416 -0.78848771 -0.17357015  0.1375111  -1.87031006 -0.96986742] -226.47328161296724
[ 2.23229076 -0.86965578 -0.28728213 -0.03619854 -1.86933915 -1.00402598] -226.4806508155031
[ 2.32421029 -0.68854799 -0.2338637  -0.05851077 -1.89909433 -0.98170033] -226.47876614753827
[ 2.47902755 -0.71870884 -0.18588691  0.13183589 -1.85521478 -0.93786772] -226.47657408605443
[ 2.41305483 -0.73696144 -0.11687302  0.11133482 -1.86183939 -0.80526734] -226.47535281838452
[ 2.46191389 -0.88278086 -0.15770616  0.24764666 -1.81116635 -0.85169272] -226.49780146035516
[ 2.35863619 -0.73710621 -0.21482432  0.01802859 -1.87711233 -0.94919843] -226.46174641408393
[ 2.26696617 -0.85875247 -0.21532876  0.01936423 -1.86234508 -0.89930223] -226.46792194000884
[ 2.28424267 -0.88109687 -0.31716123  0.00920844 -1.85588904 -1.06324757] -226.47991140642077
[ 2.38085179 -0.7729953  -0.16694507  0.08580323 -1.8603518  -0.8697624 ] -226.46172943439657
[ 2.33870922 -0.82440647 -0.25825574 -0.0342038  -1.84409895 -0.86527915] -226.46951339929524
[ 2.31341871 -0.81952571 -0.30950023  0.02742375 -1.8797108  -0.80463813] -226.45471446529493
[ 2.34064766 -0.79870865 -0.21194434  0.02377555 -1.92148216 -0.80040775] -226.4625487035552
[ 2.34308815 -0.78707644 -0.20602457  0.12316917 -1.91956309 -0.85973796] -226.4731740859061
[ 2.33980396 -0.81507396 -0.24519795  0.00513944 -1.86296498 -0.86389385] -226.4571798291269
[ 2.43911047 -0.73817094 -0.25890795  0.06485954 -1.90152359 -0.81391209] -226.4615891483617
[ 2.39824991 -0.77803552 -0.27794691  0.07414289 -1.83573365 -0.91730801] -226.46159141941794
[ 2.39346596 -0.85328107 -0.2961078   0.09859462 -1.86631059 -0.7578872 ] -226.46160010417398
[ 2.37545508 -0.8441539  -0.38704128  0.03508378 -1.88505739 -0.80003149] -226.4635925777891
[ 2.37950261 -0.79078495 -0.22196912  0.07312336 -1.8665282  -0.85232967] -226.45448947461293
[ 2.35818646 -0.74303609 -0.23316567  0.01380196 -1.87917113 -0.94338752] -226.4596892396735
[ 2.34004803 -0.80661516 -0.23639947  0.01814006 -1.92422723 -0.79265987] -226.4620905037174
[ 2.38369944 -0.78518043 -0.26756005  0.06014218 -1.85785705 -0.88614597] -226.45427367297626
[ 2.28071713 -0.86214957 -0.25832247  0.02585095 -1.84388178 -0.92013376] -226.465609225298
[ 2.39951213 -0.7691656  -0.25876158  0.0551074  -1.88711314 -0.8404675 ] -226.45393348224817
[ 2.37541636 -0.86599426 -0.29259672  0.090677   -1.86888157 -0.75635166] -226.4609216221425
[ 2.36249394 -0.77377563 -0.24802343  0.03302072 -1.87659874 -0.89662855] -226.45360079201674
[ 2.40136219 -0.78019028 -0.28150627  0.10863329 -1.8896323  -0.84675689] -226.45425084008684
[ 2.45706194 -0.76262671 -0.20787266  0.11341882 -1.87619365 -0.9200522 ] -226.4661094702989
[ 2.34932951 -0.80530096 -0.28409334  0.04892252 -1.87883151 -0.83349165] -226.45104612556062
[ 2.38092033 -0.79620615 -0.31611184  0.05965226 -1.89347736 -0.86608131] -226.4528913704933
[ 2.37579713 -0.80548591 -0.28670484  0.07247014 -1.91402195 -0.82557679] -226.45548422505553
[ 2.38172386 -0.7902568  -0.27234625  0.06322417 -1.87189827 -0.87100368] -226.45197723306393
[ 2.35158827 -0.81383157 -0.26970529  0.00884266 -1.87633535 -0.87304814] -226.45414893516772
[ 2.36403175 -0.80542124 -0.27265553  0.03379032 -1.87965959 -0.86647533] -226.45193858156026
[ 2.34161154 -0.83694146 -0.29708129  0.05526286 -1.87637    -0.8880068 ] -226.45198316599974
[ 2.37166893 -0.85338671 -0.32417206  0.08476358 -1.88680815 -0.82897183] -226.4538530338415
[ 2.36478769 -0.7936784  -0.26706059  0.04595644 -1.87915109 -0.87971437] -226.45147154955404
[ 2.34259661 -0.76190795 -0.29548472  0.00976875 -1.86981201 -0.88318199] -226.45387261417926
[ 2.37430286 -0.82599728 -0.27959485  0.07181777 -1.88494096 -0.85960229] -226.45129639450866
[ 2.34434207 -0.82299257 -0.24149878  0.04667243 -1.86347311 -0.86668339] -226.45418859807768
[ 2.37177577 -0.80290275 -0.29745857  0.0564073  -1.8859763  -0.86623183] -226.4512043396976
[ 2.39370561 -0.77091102 -0.26065508  0.05144331 -1.88378257 -0.83749958] -226.4533687848379
[ 2.35463505 -0.82043385 -0.28797474  0.05430797 -1.87822315 -0.87537999] -226.45094294768114
[ 2.34456368 -0.8276547  -0.29059963  0.04050994 -1.8903626  -0.85596147] -226.45193272061044
[ 2.35576644 -0.81990141 -0.29627171  0.07218366 -1.88616895 -0.85698521] -226.45067676890136
[ 2.35163378 -0.82714149 -0.30807979  0.09138033 -1.88942362 -0.85224015] -226.45206710715934
[ 2.37896876 -0.79508352 -0.28021831  0.07602195 -1.87406806 -0.86784031] -226.45132023477709
[ 2.36347178 -0.82952819 -0.30814325  0.08059729 -1.88358521 -0.84012939] -226.45122083727165
[ 2.34412505 -0.83960463 -0.30429385  0.05205689 -1.89184063 -0.84276648] -226.45217895941803
[ 2.37025783 -0.8062138  -0.28623719  0.07003068 -1.8785112  -0.86157185] -226.45068704746745
[ 2.3474426  -0.80209637 -0.30713142  0.05566538 -1.87882448 -0.85166102] -226.45045431753672
[ 2.33401247 -0.79014592 -0.3208997   0.04758918 -1.87576625 -0.84769038] -226.45123840857525
[ 2.35293062 -0.78942152 -0.27824574  0.03857522 -1.87859332 -0.8749778 ] -226.45117444176117
[ 2.33834492 -0.81155322 -0.28252614  0.05682117 -1.87374124 -0.85179067] -226.45144436144386
[ 2.36341805 -0.80506537 -0.29372547  0.05651077 -1.88291754 -0.86262154] -226.4506413278753
[ 2.36068587 -0.83024906 -0.30689888  0.08063178 -1.88256562 -0.83892596] -226.4516472079577
[ 2.35486943 -0.79962841 -0.28540902  0.04908936 -1.87958639 -0.86596484] -226.45063944155257
[ 2.36613362 -0.81247877 -0.30148984  0.07034009 -1.88257906 -0.8912365 ] -226.45153022381666
[ 2.35353054 -0.80709542 -0.28844246  0.05427691 -1.8797684  -0.84792786] -226.45051332723762
[ 2.36045991 -0.79289974 -0.29776435  0.06494428 -1.88370251 -0.84019745] -226.45049358613517
[ 2.34157116 -0.80268177 -0.30334428  0.0475261  -1.88514489 -0.84688079] -226.45061200816988
[ 2.3513308  -0.78325429 -0.29566729  0.03715394 -1.87714579 -0.84809929] -226.45120917789603
[ 2.35465753 -0.81073963 -0.2961206   0.06342623 -1.88391316 -0.85476373] -226.45038490633706
[ 2.340759   -0.79998174 -0.29901192  0.05513198 -1.88072907 -0.83984368] -226.45067505604464
[ 2.35775329 -0.80379446 -0.29504708  0.05616607 -1.88237042 -0.85692708] -226.4504409212528
[ 2.35026891 -0.80680739 -0.31054104  0.0649123  -1.88498822 -0.8334878 ] -226.45067306976173
[ 2.3537193  -0.80142315 -0.29169203  0.05304509 -1.88093685 -0.85784558] -226.45045242320847
[ 2.36761656 -0.80333448 -0.2887217   0.06831522 -1.87802705 -0.85622678] -226.45059448869029
[ 2.36110521 -0.80317131 -0.29237734  0.06311794 -1.87980651 -0.85389028] -226.4504020582437
[ 2.35818207 -0.7976128  -0.30493514  0.06451142 -1.88341624 -0.85716718] -226.45039481566758
[ 2.35049342 -0.8133795  -0.29800352  0.05369976 -1.87938672 -0.87055418] -226.4506170021473
[ 2.35796829 -0.79801968 -0.29782414  0.06213315 -1.88262356 -0.84778663] -226.4503747897955
[ 2.3670193  -0.80282397 -0.28553403  0.06513459 -1.8855311  -0.85779914] -226.45066312233251
[ 2.35233677 -0.80227827 -0.30173207  0.05803268 -1.88050114 -0.85319555] -226.4503469913151
[ 2.36028175 -0.80378223 -0.3043201   0.06941741 -1.88327349 -0.85006457] -226.45044996670333
[ 2.35864114 -0.80319246 -0.30116308  0.06532433 -1.88268933 -0.85200982] -226.45036902779887
[ 2.35654371 -0.80121025 -0.30300372  0.06934918 -1.88194623 -0.84934399] -226.45037435043076
[ 2.35167129 -0.80117973 -0.30921557  0.06447439 -1.88522337 -0.85086535] -226.45041861187968
[ 2.35874673 -0.80267341 -0.2965869   0.06345705 -1.88116073 -0.85313405] -226.45035913237922
[ 2.35478265 -0.8084251  -0.29387503  0.06272945 -1.8808618  -0.84624407] -226.45039589045814
[ 2.35733222 -0.80031588 -0.30217011  0.06406593 -1.88277763 -0.85443641] -226.45034052329058
[ 2.35919876 -0.79182369 -0.30470607  0.06402787 -1.87998638 -0.84853842] -226.4504707939683
[ 2.35579284 -0.80601064 -0.29826697  0.06357664 -1.88293146 -0.8532074 ] -226.45034819238623
[ 2.35516285 -0.80720729 -0.30315014  0.06580212 -1.88137861 -0.85732244] -226.45035200766355
[ 2.35612714 -0.80601573 -0.29801938  0.05740374 -1.88186674 -0.85842457] -226.45041434511407
[ 2.35643957 -0.80241162 -0.30175763  0.06636282 -1.88192636 -0.85161413] -226.45036553803428
[ 2.35329585 -0.80377325 -0.3000582   0.06177475 -1.88086931 -0.85562684] -226.45029529399773
[ 2.35062321 -0.80406364 -0.29950575  0.05999996 -1.8799593  -0.85743535] -226.4503150082865
[ 2.35444952 -0.80500796 -0.29889717  0.05920691 -1.88127994 -0.8573601 ] -226.45033630365418
[ 2.35070995 -0.80552435 -0.30483798  0.06069596 -1.88208531 -0.85724886] -226.45032934276003
[ 2.35280953 -0.80042949 -0.29883736  0.05664884 -1.88210298 -0.85303594] -226.45034913401764
[ 2.35339786 -0.80212394 -0.29991555  0.05893716 -1.88192189 -0.85410757] -226.4503356880191
[ 2.35138122 -0.80033057 -0.30427006  0.05732782 -1.88021361 -0.85745104] -226.4503688936822
[ 2.35468993 -0.80459063 -0.29976774  0.06201444 -1.882252   -0.85426831] -226.45032418717867
[ 2.35562167 -0.80483373 -0.30015018  0.06419903 -1.88322756 -0.85782048] -226.4503457793255
[ 2.35480045 -0.80419486 -0.30054565  0.06265744 -1.88254595 -0.85666424] -226.45034180299135
[ 2.353158   -0.80291714 -0.3013366   0.05957427 -1.88118274 -0.85435178] -226.4503205415728
[ 2.34923482 -0.80766321 -0.2994343   0.05666856 -1.88041943 -0.85655141] -226.45037446893173
[ 2.35530787 -0.80215271 -0.30148616  0.06221659 -1.88218808 -0.85496516] -226.4503343573642
[ 2.35240364 -0.80201938 -0.30357025  0.06253081 -1.88221984 -0.85282941] -226.45030035523263
[ 2.35312388 -0.80486854 -0.30377009  0.06399845 -1.8816772  -0.85565589] -226.4503066891983
[ 2.35048588 -0.80574505 -0.30296079  0.06131297 -1.88124072 -0.85502854] -226.4503175646679
[ 2.35500911 -0.80244697 -0.29898324  0.06303927 -1.88106196 -0.85200473] -226.45032134972425
[ 2.35113552 -0.80266615 -0.30379198  0.0620624  -1.88049859 -0.85423075] -226.45031346664163
[ 2.34952515 -0.80488286 -0.3061794   0.06071194 -1.88150084 -0.85723634] -226.4503548159936
[ 2.35363812 -0.80305595 -0.30078228  0.06245744 -1.88117168 -0.85331263] -226.4503145352814
[ 2.3515363  -0.80445897 -0.30364126  0.06513801 -1.88137637 -0.8545429 ] -226.45031703490528
[ 2.35455856 -0.80120236 -0.30224389  0.06467432 -1.88136362 -0.85370427] -226.45031167037885
[ 2.35451556 -0.80140291 -0.30109763  0.06069472 -1.88122371 -0.85391036] -226.45032127602514
[ 2.35228111 -0.80369495 -0.30300535  0.06402718 -1.88133821 -0.85438477] -226.4503104253436
[ 2.3519614  -0.80301893 -0.30469764  0.06389853 -1.88148391 -0.85549801] -226.45031919310424
[ 2.35321894 -0.80304669 -0.30176112  0.06281771 -1.88124974 -0.85385897] -226.45032507715018
[ 2.35284974 -0.80289631 -0.30181422  0.06215278 -1.88154458 -0.85422812] -226.45031020854307
[ 2.35320987 -0.80432089 -0.30191414  0.0628866  -1.88127326 -0.85564136] -226.45030707727582
[ 2.35278848 -0.8037341  -0.30153177  0.06290097 -1.88110376 -0.8550058 ] -226.4503075990755
[ 2.3539272  -0.8024878  -0.30115104  0.06322453 -1.88111646 -0.85466555] -226.45031225737318
[ 2.35221569 -0.8032197  -0.30192509  0.06191858 -1.88068395 -0.85492879] -226.4503071765133
[ 2.35346699 -0.8034146  -0.30042024  0.0621161  -1.8810205  -0.85446973] -226.45031289893973
[ 2.35262863 -0.80339609 -0.30237792  0.06283664 -1.88117661 -0.85556242] -226.4503095950278
[ 2.35173555 -0.80462564 -0.30205607  0.06159891 -1.88110069 -0.85566556] -226.45032537353163
[ 2.35337929 -0.80302226 -0.3013773   0.06281813 -1.88111252 -0.85491555] -226.45031021471615
[ 2.35228346 -0.80409118 -0.30182981  0.06200531 -1.88110463 -0.85541556] -226.45030699117893
[ 2.35262425 -0.80461542 -0.30139809  0.0626215  -1.88052593 -0.8564988 ] -226.4503060782318
[ 2.35284391 -0.80452209 -0.30050778  0.06186593 -1.88067701 -0.85547663] -226.45031179783723
[ 2.35268245 -0.80367759 -0.30191038  0.06259396 -1.88105171 -0.85554097] -226.45030905398136
[ 2.35279009 -0.80424059 -0.30097532  0.06210861 -1.88080191 -0.85549808] -226.45030216672438
[ 2.35268459 -0.80435291 -0.30116844  0.06153748 -1.88064924 -0.85619734] -226.45030471739423
[ 2.35341368 -0.80524505 -0.30052291  0.06239284 -1.88105748 -0.8566972 ] -226.45031033957798
[ 2.35251519 -0.80372604 -0.30157454  0.06203714 -1.88077733 -0.8553709 ] -226.4502991636991
[ 2.35218794 -0.80394557 -0.30042066  0.06114167 -1.88030286 -0.85589448] -226.4503023279186
[ 2.3530825  -0.80412674 -0.30003527  0.06173507 -1.88020423 -0.85627992] -226.45031276055818
[ 2.35248322 -0.80410007 -0.30138118  0.06193775 -1.88087953 -0.85563165] -226.45030237360942
[ 2.35269471 -0.80343072 -0.30046135  0.06089097 -1.8809008  -0.85490762] -226.45030104996474
[ 2.35263775 -0.80338583 -0.30045531  0.06175948 -1.88086134 -0.85477918] -226.45029200900623
[ 2.35261433 -0.80290229 -0.30009874  0.06187048 -1.88096739 -0.85407009] -226.45029880738232
[ 2.35289062 -0.80340059 -0.29993395  0.06129979 -1.88062498 -0.85506071] -226.45030705335012
[ 2.35258507 -0.8039252  -0.30101937  0.06177826 -1.8808159  -0.85548892] -226.4503054484456
[ 2.3529668  -0.80357954 -0.30025675  0.06176712 -1.88086533 -0.85520301] -226.45030464361156
[ 2.35257647 -0.80355593 -0.30101492  0.06189831 -1.88081934 -0.85507504] -226.4503022790115
[ 2.35266623 -0.80340828 -0.30045833  0.06132522 -1.88088107 -0.8548434 ] -226.45030101750453
[ 2.35271392 -0.80381321 -0.30071531  0.06193404 -1.88083162 -0.85513863] -226.45030115946864
[ 2.35241284 -0.8036657  -0.30043798  0.06145057 -1.8805821  -0.85533683] -226.45029974036578
[ 2.35256048 -0.80374295 -0.30091824  0.06184862 -1.88087044 -0.85520541] -226.45031740059818
[ 2.35276418 -0.80339321 -0.30019463  0.06152963 -1.88074316 -0.85491995] -226.45029229230897
[ 2.35229033 -0.80349452 -0.30083541  0.06153197 -1.88070755 -0.854828  ] -226.45029458031672
[ 2.35258528 -0.80349765 -0.3000174   0.06127866 -1.88071628 -0.85487362] -226.45030935250549
[ 2.35257867 -0.80354136 -0.30076554  0.0617434  -1.88079357 -0.85502468] -226.45030555809308
[ 2.35270096 -0.80338952 -0.30032497  0.06164456 -1.88080225 -0.85484956] -226.45030758202566
[ 2.35246404 -0.80344018 -0.30064536  0.06164573 -1.88078445 -0.85480359] -226.4502983184771
[ 2.3525253  -0.80352577 -0.30044664  0.06160503 -1.88072172 -0.855058  ] -226.4503093711696
[ 2.35265199 -0.80339705 -0.30045682  0.06154235 -1.88087121 -0.85481129] -226.45030281670176
[ 2.35267583 -0.80359952 -0.30058531  0.06184676 -1.88084648 -0.8549589 ] -226.45030959074134
[ 2.35260711 -0.80347088 -0.30073512  0.0618289  -1.88084034 -0.85492711] -226.4502879218194
[ 2.35251988 -0.80327022 -0.30043609  0.06149525 -1.88078062 -0.85478401] -226.4503128816815
[ 2.35263684 -0.8035172  -0.30054801  0.06175888 -1.88083002 -0.85491518] -226.45029712067063
[ 2.3527076  -0.80334112 -0.30060855  0.06178827 -1.88094148 -0.8546373 ] -226.45029961021143
[ 2.35253414 -0.80346123 -0.30082475  0.06179665 -1.88090736 -0.85477498] -226.45030586668827
[ 2.35257585 -0.80344331 -0.3006998   0.06175862 -1.88088108 -0.85479363] -226.45028836844688
[ 2.35255774 -0.80346912 -0.30077389  0.06197094 -1.8808417  -0.85480737] -226.4502909173596
[ 2.35245217 -0.80356772 -0.30067728  0.06178591 -1.88073816 -0.85503805] -226.45029824303924
[ 2.35269178 -0.80351118 -0.30065111  0.06197519 -1.88087977 -0.85494992] -226.45030198667314
[ 2.35252097 -0.80345793 -0.3006468   0.06172809 -1.88080828 -0.85484017] -226.45031475518
[ 2.35259148 -0.80345709 -0.30071746  0.06179376 -1.88086071 -0.85486037] -226.45031246707308
[ 2.35258242 -0.80347    -0.3007545   0.06189992 -1.88084102 -0.85486724] -226.45029735556648
[ 2.35262243 -0.80342836 -0.30059521  0.06179419 -1.88085084 -0.85485314] -226.4503075459745
[ 2.35262198 -0.80349404 -0.30064156  0.06179389 -1.88083518 -0.85492114] -226.45029738542374
[ 2.35252964 -0.8035193  -0.3007062   0.0618074  -1.88078925 -0.85498258] -226.4502924013125
[ 2.35253557 -0.80345553 -0.30069024  0.06173731 -1.88081239 -0.85486535] -226.45030067538625
[ 2.3525749  -0.80348894 -0.30065682  0.06182678 -1.88079563 -0.85494515] -226.45029047642737
[ 2.35252811 -0.80353787 -0.3007996   0.06183721 -1.8807871  -0.85498305] -226.45031501084537
[ 2.35259885 -0.80345574 -0.30064631  0.06180494 -1.8808349  -0.85488562] -226.4502983789881
