[ 0.03186668 -0.53490516 -2.08705034  0.9626209  -0.14587156  0.45875168] -230.58924608659154
[ 0.58737521 -0.52735552 -0.61168579 -2.09217011  0.84069952  2.01452422] -246.94726759970766
[-0.7455649   0.02602718 -2.14694087 -0.48074796 -1.28332292  0.77081968] -229.8322347893008
[ 0.91050372  1.49191301  0.07029227 -1.32633418  0.00510046  0.17519481] -225.15521015076914
[-0.10442038 -0.0302905   0.35910683  0.60259652 -0.77416294  0.18933033] -225.01956490625045
[ 1.1419726  -0.62013449  0.44662416  0.08775705 -0.55865319  0.02534075] -221.57744063224155
[ 0.56757427 -0.79438367 -1.78552891 -0.97194738 -1.68869328  0.37080041] -228.89120194004119
[ 0.01326879  0.37343098 -1.10281317  1.71681842 -2.32256733 -1.35111167] -239.94153923773763
[ 0.15679539  0.14823436 -0.98003132  0.76457129 -1.53175062 -0.50970269] -224.2011900154469
[ 0.61042022  0.60869379  0.74155772 -1.40398912 -1.79795594 -0.11815725] -226.23643990612177
[ 1.83984684  0.24198365  1.76428112 -0.26836731 -0.83204891 -0.72655089] -219.3632219734642
[ 3.13255271  0.34996189  3.71989211 -0.16217699 -0.60641191 -1.47523618] -225.35618245910234
[ 0.95079853  1.40785027  2.58613917  0.45735879 -0.14113044 -0.69231539] -224.47902354272804
[ 1.02141202  0.27115831  0.67391302  1.50984984  0.52040739 -0.39474378] -227.22932742741637
[ 0.71316817  0.52430992  0.72464655 -0.67552938 -1.21836511 -0.18730388] -220.09840082487406
[ 0.65555    -0.93459528  1.56329656  1.64912983 -1.69047087 -0.80892874] -230.64633688178887
[ 0.84676529  0.88528594  0.44354334 -0.58246818 -0.41879237 -0.07083608] -220.65138946208137
[ 1.98753599  0.89280038  1.30262751 -0.67482243 -0.79275061 -0.9097864 ] -218.4368180428509
[ 3.03351418  1.35434582  1.77438785 -1.3135319  -0.80204444 -1.45934476] -222.63904603252374
[ 1.27789623 -0.71702369 -1.35224205 -0.90697845 -1.64298983 -0.100631  ] -226.33865991010464
[ 1.03257296  0.87663178  1.60154386  0.11627448 -0.51659529 -0.5443943 ] -219.95555014441075
[ 2.36382522  0.78539137  3.0744535  -1.43028988  0.08601546 -0.29480757] -231.06068540438457
[ 0.70855285  0.30752361  0.03358988  0.215856   -1.1273091  -0.45597891] -219.20815988391513
[ 1.23417476  1.86297959  1.51011993 -0.71077599 -1.07663393 -0.9902909 ] -218.34977970593624
[ 1.28027584  3.10453663  2.04186782 -1.11004251 -1.3356243  -1.49810673] -221.48617799649097
[ 1.65851857  0.68345704  1.86872627 -0.08332003 -1.43577528 -1.20059902] -220.15403901457603
[ 1.45558025  0.73391426  1.51243054 -0.20810707 -1.18152955 -0.91815828] -218.53861034194247
[ 2.03958638  1.11430117  1.85021773  0.16554861 -0.62392402 -1.32774934] -217.83873863240328
[ 2.70279549  1.4092968   2.41300333  0.5860876  -0.32670348 -1.89797207] -219.3648957257486
[ 2.05585274  0.84120244  1.05621171 -0.60983055 -1.36147009 -1.23177728] -219.06583719519958
[ 1.32058082  1.67559017  0.65745132 -0.33900983 -1.22249019 -1.21802948] -217.20241439280332
[ 1.06094781  2.39239342  0.10403642 -0.37433109 -1.41771082 -1.46376877] -218.48305507414085
[ 2.65588413  2.06607239  2.59609636 -1.00818842 -0.95895703 -1.74261831] -221.19650923186597
[ 1.19538567  0.74716081  0.6742165  -0.09015511 -1.08522108 -0.77763876] -217.61853335775663
[ 1.02176189  1.50104635  1.4461428  -0.00927672 -0.63271304 -0.81544044] -218.82554529253383
[ 1.2802846   1.33608537  1.34866003 -0.15941518 -0.8149023  -0.91952465] -217.68287289439567
[ 1.56360249  1.80905823  0.9353338  -0.39476957 -0.69044449 -1.1295149 ] -216.8618658940113
[ 1.61761362  2.34663022  0.64678543 -0.48810083 -0.44490196 -1.2351932 ] -217.45159027593158
[ 0.89033558  1.9555914   1.0227056   0.16529674 -1.0451214  -1.21112962] -218.717775817708
[ 1.71323589  1.15849814  1.23264703 -0.46479264 -0.8558433  -0.9851222 ] -217.41294214892307
[ 1.80338386  0.75058504  0.72272221  0.28324475 -0.6876412  -1.12890221] -216.75434669516105
[ 2.0879884   0.19438777  0.32902335  0.78025512 -0.49314483 -1.19820786] -217.57487567124727
[ 0.91923806  1.37802474  0.00679256 -0.5538478  -1.16159017 -0.72516139] -217.69300116330785
[ 1.19932514  1.31209385  0.46764886 -0.3739987  -1.02717363 -0.87580838] -217.00459313047233
[ 1.65155336  1.14824337  0.21467988 -0.30041185 -1.041369   -1.11881399] -216.5745410265099
[ 1.83718773  1.05432237 -0.3523102  -0.37091019 -1.15460235 -1.21845866] -217.18973363960822
[ 1.88850818  1.87086213  0.73594453 -0.43975751 -0.75643285 -1.37442495] -216.44219706424832
[ 2.23506944  2.43271279  0.76680854 -0.61455871 -0.59203874 -1.67281805] -217.19161641803484
[ 1.42908206  1.69697946  0.0119465  -0.05677493 -0.95267381 -1.2967091 ] -216.1203765674182
[ 1.28700514  1.96622012 -0.59840377  0.14723392 -1.00108907 -1.45250255] -216.59709438277392
[ 1.85790421  1.1870172   0.37197394 -0.08847944 -0.49608814 -1.09002836] -216.98900729676532
[ 2.19868624  1.50882129  0.52988476  0.04168251 -0.5143762  -1.50365613] -216.4955331739593
[ 1.65370119  1.74116598  0.67819662 -0.20044943 -1.05155771 -1.42731206] -216.42271395247155
[ 1.9780358   1.09649419  0.02912436  0.17061408 -0.97757243 -1.48709125] -216.3409484348034
[ 1.79647175  2.27027043  0.01053667 -0.54494379 -1.07701947 -1.60710029] -216.48844676294786
[ 1.99660838  2.24662112  0.45053127 -0.04279784 -0.73517517 -1.7799506 ] -216.01560188079964
[ 2.1691359   2.79581     0.56845697  0.08600917 -0.58207825 -2.11051891] -216.6499983377024
[ 1.38211621  2.13197648  0.10887522 -0.41305232 -1.33576762 -1.48720663] -217.3831825277805
[ 1.99454374  1.66461009  0.42463238 -0.0720012  -0.71972406 -1.49954375] -216.01917274089882
[ 1.8503547   1.16864056  0.76625521  0.33122152 -0.65402587 -1.34791029] -216.3444646778541
[ 1.74560044  1.33397501  0.05095092  0.48302825 -0.94047683 -1.5717474 ] -216.28574533471553
[ 2.01104052  1.32794083 -0.10038307  0.47154605 -0.60832501 -1.5670054 ] -216.03989405246003
[ 1.86794895  1.95356634 -0.47732109 -0.01335005 -0.99062323 -1.71943888] -216.19956658804657
[ 1.70357223  2.31140342  0.0909946   0.08593601 -0.67142694 -1.65770713] -216.02356200577933
[ 1.92199819  2.39973208  0.08251594 -0.35884223 -0.61883924 -1.60170422] -216.32022165633953
[ 1.78969987  1.60041427  0.05884218  0.27256063 -0.86006743 -1.57923661] -215.90919436242314
[ 1.77356665  1.66242339  0.78950904  0.23283962 -0.52517424 -1.40727865] -216.4176734069632
[ 1.84435337  1.8807806  -0.16061356  0.04819737 -0.87426098 -1.64139882] -215.87264085844794
[ 2.35085731  1.98027732  0.24272143  0.31125528 -0.53698605 -1.944905  ] -216.2116257865457
[ 1.65952587  1.76780393  0.06964023  0.03523262 -0.84875187 -1.45875808] -215.8612904849417
[ 1.65172731  2.49593698  0.41172544 -0.36250352 -0.96147714 -1.63852626] -216.39805649516003
[ 1.92121221  1.61993987  0.02764406  0.26303366 -0.69661304 -1.58488562] -215.82647266934308
[ 2.03174226  1.28198654  0.19923091  0.08213907 -0.90677058 -1.5235507 ] -216.15219051365975
[ 1.78561474  2.0540492   0.11805368  0.08498678 -0.73026285 -1.62416802] -215.84176473781244
[ 1.67112775  2.05859291 -0.23659976  0.2924056  -0.86198639 -1.7232555 ] -216.10174578724042
[ 1.91368974  1.76310579  0.25932434  0.0191005  -0.75528964 -1.55547169] -215.84591492723385
[ 1.64142355  1.3154101  -0.3262343   0.28383502 -0.85324011 -1.36802234] -216.07069716467237
[ 1.90781218  2.01381837  0.25633988  0.03886038 -0.7646914  -1.67696854] -215.84564457225312
[ 1.88770283  2.09941831  0.13128737 -0.10942353 -0.69655583 -1.60131365] -215.91099177302718
[ 1.81420061  1.72516528  0.07695347  0.17706459 -0.81918953 -1.58475587] -215.82254847519994
[ 1.82299841  1.76718021  0.42993211  0.15789547 -0.66400513 -1.52027045] -215.9249506279507
[ 1.83901463  1.8523805  -0.01297714  0.0756219  -0.82169702 -1.61111673] -215.80944424082384
[ 2.0676555   1.90834908  0.1721392   0.18432332 -0.68049596 -1.75369741] -215.8728103322247
[ 1.76155828  1.80294021  0.09526497  0.07250529 -0.80668789 -1.53249291] -215.80970131466847
[ 1.76278114  1.92632535 -0.07223137  0.21825703 -0.79109094 -1.64932421] -215.85156399162705
[ 1.87596259  1.80391068  0.17643541  0.06888963 -0.76423997 -1.57893482] -215.8068178578689
[ 1.75804218  1.60564355 -0.09588173  0.2085069  -0.7815387  -1.49514945] -215.83616173246858
[ 1.87104877  1.41594417 -0.02890733  0.20355388 -0.8330592  -1.50494378] -215.90905520833144
[ 1.80697324  1.89452294  0.08131343  0.11462855 -0.75596194 -1.59436196] -215.7993604633594
[ 1.91493168  1.96064295  0.24409313  0.04874097 -0.77325776 -1.66703318] -215.83479987085968
[ 1.8757093   1.8718931   0.15909941  0.08868245 -0.775328   -1.62406225] -215.80377847923518
[ 1.73659401  2.03033104  0.1643858  -0.06390285 -0.88442174 -1.59035589] -215.90788246342547
[ 1.87505766  1.72253766  0.06182949  0.18129953 -0.74356522 -1.58625319] -215.79506005117148
[ 1.86389129  1.92422975  0.11003505  0.02347786 -0.73663715 -1.59098475] -215.81036877519458
[ 1.85146862  1.87446363  0.10176466  0.06187455 -0.75727524 -1.58942753] -215.79665103490203
[ 1.94650374  1.87029596  0.09389011  0.12449358 -0.7326679  -1.66222591] -215.80682964690854
[ 1.90487709  1.82682749  0.23775465  0.13766754 -0.6879824  -1.60063849] -215.82780716950813
[ 1.85548025  1.84599225  0.04970581  0.09113331 -0.78826837 -1.60849717] -215.79555838586947
[ 1.76704682  1.8008108   0.11615929  0.07767576 -0.79554501 -1.53161972] -215.808258265935
[ 1.90163951  1.85292467  0.09945741  0.11278912 -0.74838718 -1.62957437] -215.79668314647222
[ 1.84614694  1.88353407  0.00795465  0.14791287 -0.75868868 -1.63179067] -215.79350936883804
[ 1.83123911  1.92334576 -0.07628573  0.18742449 -0.75591304 -1.6582186 ] -215.81078345335078
[ 1.8365461   1.81943198 -0.02509093  0.14786352 -0.74205421 -1.58923938] -215.79080303567312
[ 1.8169645   1.79320142 -0.11718611  0.17745406 -0.72541731 -1.57182794] -215.80497513147387
[ 1.91513978  1.77177181  0.01722693  0.13299575 -0.75678436 -1.61723214] -215.79898559022178
[ 1.88809815  1.80245959  0.03324856  0.12840395 -0.75657875 -1.6115146 ] -215.79174954179337
[ 1.81595973  1.79654839 -0.02298666  0.14004012 -0.76708965 -1.57599981] -215.79059694827487
[ 1.77311984  1.76836025 -0.0842087   0.15366561 -0.77644088 -1.54921253] -215.80225455646382
[ 1.85429432  1.74903768 -0.06687769  0.21700989 -0.76147305 -1.61167074] -215.80375339144072
[ 1.85217505  1.84310715  0.05960407  0.10065838 -0.75832469 -1.59498833] -215.789905073863
[ 1.84918096  1.77654736 -0.01151941  0.19092615 -0.7204987  -1.58809815] -215.79374336914108
[ 1.82097798  1.91800519 -0.04809273  0.1039688  -0.75751301 -1.61095713] -215.7961390594012
[ 1.86153774  1.77140454  0.03434894  0.16196685 -0.74705217 -1.59242917] -215.78983219206165
[ 1.85097361  1.86228121  0.04054562  0.08468908 -0.78943068 -1.61055583] -215.79608834527014
[ 1.84962912e+00  1.79798082e+00  1.49684536e-03  1.64366883e-01
 -7.37731696e-01 -1.59371257e+00] -215.7893574910311
[ 1.85516836  1.72677676  0.01891895  0.13318703 -0.74425504 -1.55417062] -215.7957555547922
[ 1.84840229  1.84434474  0.01069573  0.14423141 -0.75508027 -1.61238566] -215.78943799911715
[ 1.7999852   1.82181295 -0.01389256  0.15797177 -0.74586547 -1.57473705] -215.79389579548925
[ 1.86606991  1.80729793  0.02146328  0.1357959  -0.75390043 -1.60232021] -215.78898774984734
[ 1.86137851  1.80079588  0.059965    0.13448966 -0.76433876 -1.60137254] -215.78907878078707
[ 1.89710448  1.8250953   0.08551128  0.14046291 -0.73838636 -1.62306968] -215.79310677820126
[ 1.83624592  1.80368512  0.00413782  0.14014582 -0.75991382 -1.58776728] -215.78836378453107
[ 1.85557945  1.76539587 -0.0155682   0.19300713 -0.74768102 -1.60167414] -215.7925169042145
[ 1.85302615  1.82367933  0.040811    0.12374557 -0.75566378 -1.59665979] -215.7883769506611
[ 1.84337956  1.8545234   0.01184096  0.11895823 -0.76182409 -1.60564351] -215.78877636306783
[ 1.85484076  1.78497609  0.03587591  0.12826928 -0.75604392 -1.58343964] -215.7883312149491
[ 1.85806     1.75529176  0.04846599  0.12028821 -0.75652575 -1.56896663] -215.7909206046988
[ 1.85535115  1.82700509  0.05653448  0.09610127 -0.77949657 -1.59868841] -215.79162001564745
[ 1.85105963  1.80523689  0.01525625  0.14730048 -0.74817292 -1.59495653] -215.78812674907562
[ 1.84016213  1.82567037 -0.01683659  0.13024877 -0.74750089 -1.58888978] -215.78954259567917
[ 1.85607442  1.8070145   0.0407646   0.13342944 -0.76012929 -1.59825185] -215.7881630747313
[ 1.8321389   1.81907384  0.0280989   0.1281537  -0.76001551 -1.58658599] -215.78762397918186
[ 1.8151734   1.8249618   0.03141672  0.12433259 -0.76307304 -1.57871888] -215.78857097791783
[ 1.85108237  1.76003186  0.04314054  0.14805653 -0.75148899 -1.57691018] -215.7896048902998
[ 1.84530526  1.83090051  0.01966585  0.1262328  -0.75924031 -1.59846018] -215.78790248858485
[ 1.83886215  1.79328299  0.00712211  0.14409827 -0.75884148 -1.58649404] -215.78772927689604
[ 1.85651446  1.80980983  0.04479005  0.12901551 -0.75423399 -1.59496213] -215.78746057293
[ 1.86664873  1.81287218  0.06511617  0.12345035 -0.75139407 -1.59855956] -215.7880232868437
[ 1.83847751  1.83679677  0.01602335  0.14114079 -0.75750058 -1.6031306 ] -215.78835838116143
[ 1.85074995  1.79793126  0.03091277  0.13148715 -0.75640809 -1.58836238] -215.7876483928888
[ 1.83546903  1.8117306   0.00785071  0.1353332  -0.7521748  -1.5850219 ] -215.78743423246115
[ 1.82516634  1.81408865 -0.00860623  0.13628508 -0.74819756 -1.57840693] -215.78841254242838
[ 1.83528696  1.81567279  0.03089055  0.11747306 -0.76546514 -1.58500567] -215.78727852126738
[ 1.82740062  1.82089074  0.03870769  0.10255936 -0.77411126 -1.58003024] -215.78808713116987
[ 1.83770189  1.78493326  0.03022251  0.13562083 -0.75647269 -1.5770172 ] -215.78726590160636
[ 1.8339002   1.76194963  0.03550084  0.14031484 -0.75508888 -1.5662957 ] -215.78813648682055
[ 1.84375825  1.81976753  0.05046639  0.11492955 -0.75608192 -1.58582439] -215.78766091455552
[ 1.84253422  1.8131464   0.03963032  0.12222173 -0.75677181 -1.5859918 ] -215.787149993722
[ 1.82913187  1.82019098  0.02958158  0.12445219 -0.75863656 -1.58316585] -215.78701872888053
[ 1.81832283  1.83132084  0.02891599  0.1209347  -0.7597508  -1.58056759] -215.78750279136003
[ 1.84674057  1.79942077  0.03288967  0.12655181 -0.75456949 -1.58380219] -215.78673985947202
[ 1.85404141  1.78959424  0.03528505  0.12575086 -0.75184649 -1.58241029] -215.78691437339236
[ 1.81910706  1.80522177  0.01223173  0.12486877 -0.76046285 -1.57170607] -215.78767051599874
[ 1.84716261  1.80866281  0.03665047  0.12797882 -0.7557912  -1.58914812] -215.78701048814173
[ 1.84405034  1.8022784   0.05877099  0.11609961 -0.7637275  -1.58302171] -215.78733373603504
[ 1.84190501  1.80464145  0.04604092  0.12090801 -0.76083932 -1.58352176] -215.78695798291736
[ 1.84643843  1.7946591   0.04078128  0.13510473 -0.74889522 -1.5825433 ] -215.78706232906802
[ 1.84693568  1.82864058  0.0449689   0.11678493 -0.75536185 -1.59237381] -215.7871997224344
[ 1.84462723  1.81771375  0.0412823   0.12149391 -0.75563956 -1.58853466] -215.7868969000019
[ 1.84280102  1.80194989  0.03611175  0.12994142 -0.75468531 -1.58424682] -215.78636418603995
[ 1.84293442  1.79635164  0.03435247  0.13380127 -0.75364205 -1.58337434] -215.7860361400238
[ 1.8377288   1.82100137  0.03281786  0.11662394 -0.76414418 -1.58797234] -215.78686240517678
[ 1.85790101  1.79573962  0.04509632  0.12466706 -0.75623871 -1.58895195] -215.78720150222475
[ 1.83632416  1.81407814  0.03346026  0.12450591 -0.7580371  -1.58461238] -215.78666918419995
[ 1.83625746  1.80907289  0.03696402  0.11998279 -0.7598327  -1.58145777] -215.7862260417971
[ 1.83963254  1.81457141  0.02454795  0.1267452  -0.75444904 -1.58639613] -215.7860820631117
[ 1.83524541  1.80045166  0.02372844  0.12790973 -0.75925196 -1.58067039] -215.78598886597146
[ 1.8305545   1.79182061  0.01495151  0.13111765 -0.76105816 -1.57673826] -215.78584278668205
[ 1.83975241  1.78743712  0.02623744  0.13761093 -0.74971867 -1.57748802] -215.7862768508887
[ 1.82841126  1.80502316  0.02394822  0.13136944 -0.75767641 -1.57955344] -215.78572455368743
[ 1.8192466   1.80782436  0.01947749  0.13377826 -0.75922987 -1.57742906] -215.7857596390156
[ 1.83619004  1.78734747  0.02020694  0.13570319 -0.75408858 -1.57705694] -215.78535951166754
[ 1.83612299  1.77398214  0.01358028  0.14130183 -0.75211432 -1.57327923] -215.7851498105675
[ 1.83155198  1.8095035   0.02321071  0.12382846 -0.76320556 -1.58277837] -215.7854333349295
[ 1.83347843  1.78801126  0.00789969  0.14273849 -0.75421582 -1.57924882] -215.7853013628368
[ 1.82805199  1.77365936  0.01476635  0.14130718 -0.75952174 -1.57192802] -215.7852345430352
[ 1.81978930e+00  1.78431503e+00 -1.56688517e-03  1.36753079e-01
 -7.62288619e-01 -1.57113437e+00] -215.78515691783494
[ 1.82858081  1.78634421  0.01232794  0.14131518 -0.75528266 -1.57590249] -215.7844003683027
[ 1.82759396  1.78360601  0.01101615  0.14641395 -0.75239491 -1.5754846 ] -215.7839067642725
[ 1.83045162e+00  1.76600260e+00 -9.79451770e-04  1.46078222e-01
 -7.56903907e-01 -1.57173103e+00] -215.784532582753
[ 1.82694412  1.74702197 -0.00830534  0.16103579 -0.74927421 -1.56482365] -215.78590199365675
[ 1.83040001  1.79388311  0.0153317   0.13313029 -0.75972272 -1.57828969] -215.7848466494454
[ 1.82399152  1.7704715   0.00948302  0.13892303 -0.76009959 -1.56803349] -215.78416670683959
[ 1.82806448e+00  1.78376077e+00  8.55258442e-04  1.39559621e-01
 -7.54986282e-01 -1.57405612e+00] -215.7837872093294
[ 1.82807072  1.78881147 -0.00610029  0.13868584 -0.75271855 -1.57512017] -215.7832089092295
[ 1.83908764  1.77460391  0.01567736  0.14475798 -0.74902938 -1.57617836] -215.7836495266452
[ 1.82374217e+00  1.78514406e+00  1.22922166e-03  1.41361273e-01
 -7.58175366e-01 -1.57499989e+00] -215.78283443078286
[ 1.81755177  1.79072502 -0.00494631  0.14139099 -0.76120589 -1.57586023] -215.78211530428516
[ 1.8251824   1.76419039 -0.00728154  0.15228638 -0.75106135 -1.56917961] -215.78251269274034
[ 1.82337438  1.79146683  0.00692892  0.14140783 -0.75193265 -1.57488779] -215.78186024582888
[ 1.81983576  1.80419894  0.01088311  0.13907264 -0.74944702 -1.57646617] -215.7809898912693
[ 1.82844923  1.79824042 -0.00306686  0.1486129  -0.74518611 -1.58139622] -215.78133598065466
[ 1.82513188  1.78998404 -0.00929433  0.14185496 -0.75048786 -1.57591565] -215.78027376491255
[ 1.82390084  1.79317306 -0.01944957  0.13957546 -0.74953434 -1.57613118] -215.7785912616284
[ 1.80857593  1.80517586 -0.02566451  0.14178343 -0.75402171 -1.57520616] -215.77999724792352
[ 1.81309459  1.79642309 -0.01040827  0.14888809 -0.75076692 -1.57629301] -215.7783259897858
[ 1.80560653  1.8002289  -0.01256227  0.15398922 -0.7497911  -1.57687943] -215.7764255202249
[ 1.80945762  1.83305701 -0.01098727  0.13585517 -0.75200071 -1.58480019] -215.77828736860798
[ 1.8143902   1.82063304 -0.01533615  0.14490527 -0.73878778 -1.58109955] -215.77700197069646
[ 1.7988064   1.82058186 -0.02130536  0.1364475  -0.75267477 -1.57546467] -215.7759255156389
[ 1.78398498  1.83175258 -0.0304246   0.13036479 -0.75641911 -1.5724989 ] -215.77435732532294
[ 1.79546961  1.82380788 -0.04902456  0.14308514 -0.75073789 -1.5790723 ] -215.77426010524155
[ 1.78328653  1.83361234 -0.07897839  0.14509139 -0.75138333 -1.58037537] -215.77286281018667
[ 1.79829964  1.83230979 -0.03024824  0.14147701 -0.74528375 -1.58205538] -215.77130140051622
[ 1.79316149  1.84587675 -0.03254011  0.1413238  -0.74091477 -1.58547999] -215.76765434759284
[ 1.77272827  1.86188048 -0.04082669  0.14426775 -0.74689792 -1.58424663] -215.7733227360549
[ 1.77492838  1.83160435 -0.05923547  0.15079224 -0.74273063 -1.5753931 ] -215.76880480792298
[ 1.75684186  1.84768543 -0.06951969  0.14370446 -0.75725784 -1.57719159] -215.76970839569546
[ 1.74937064  1.88390841 -0.09127939  0.13119226 -0.74874343 -1.58151577] -215.76987341928574
[ 1.75945408  1.86977001 -0.09370198  0.15509251 -0.73955687 -1.58890192] -215.7676692879707
[ 1.76628605  1.84227195 -0.10092498  0.1447978  -0.74663103 -1.57870595] -215.76475605704223
[ 1.76306494  1.83246768 -0.13097413  0.14506282 -0.74649759 -1.57593561] -215.76229620267588
[ 1.74898727  1.87015854 -0.08010519  0.14396464 -0.74051704 -1.58109729] -215.76216390725867
[ 1.73183764  1.88843163 -0.0806686   0.14340126 -0.7350839  -1.58145825] -215.75970046191267
[ 1.77705882  1.82137021 -0.06426727  0.16193343 -0.73860377 -1.57993772] -215.76074009614007
[ 1.77632659  1.84882145 -0.08427616  0.15549756 -0.72387133 -1.58517727] -215.75864784209836
[ 1.78606896  1.84938947 -0.09165439  0.16139412 -0.70717807 -1.58917012] -215.75671506994982
[ 1.7619536   1.8708309  -0.10536668  0.15194373 -0.72654769 -1.5915681 ] -215.75359077187494
[ 1.7554662   1.89044417 -0.12843229  0.15251948 -0.71845622 -1.59965559] -215.74830299184066
[ 1.77609861  1.83955663 -0.08247695  0.1467858  -0.7226879  -1.58164384] -215.74784142151088
[ 1.78442087  1.82444994 -0.07686443  0.14263244 -0.71425342 -1.5780148 ] -215.74054189490388
[ 1.73947765  1.85630761 -0.1584136   0.16099072 -0.71244289 -1.58257737] -215.7453318178
[ 1.76171177  1.87766333 -0.06912606  0.162561   -0.6955085  -1.59433568] -215.7430916847333
[ 1.74260221  1.90752517 -0.13745252  0.14589957 -0.68903723 -1.59513288] -215.7425025554114
[ 1.79141159  1.84682826 -0.13997917  0.16526451 -0.67720822 -1.59817056] -215.7394964416989
[ 1.82119856  1.82602658 -0.16963445  0.17619614 -0.64827038 -1.60652672] -215.74643355440355
[ 1.73896114  1.8850167  -0.14510163  0.14856179 -0.69512409 -1.59345884] -215.7270988097104
[ 1.71540723  1.90283031 -0.17182526  0.14214563 -0.6890971  -1.59560321] -215.71661890077453
[ 1.75621091  1.8480907  -0.12278805  0.15397848 -0.67405957 -1.58162257] -215.72719902423577
[ 1.77777721  1.87948829 -0.08093156  0.14316983 -0.66727846 -1.59838253] -215.72581859582817
[ 1.76089823  1.8587409  -0.17415427  0.13513582 -0.67480283 -1.58797318] -215.72138884455512
[ 1.78610647  1.81261763 -0.11806173  0.14820933 -0.6765293  -1.5847894 ] -215.71379813741655
[ 1.80785859  1.76516385 -0.10836634  0.14936421 -0.67027533 -1.57961767] -215.70848499422047
[ 1.75210038  1.87593084 -0.18915045  0.15372039 -0.63665375 -1.60244177] -215.71613158125163
[ 1.73200593  1.86325337 -0.14242614  0.12724027 -0.66018079 -1.58370975] -215.69525086734455
[ 1.7023031   1.87146592 -0.14364963  0.10822815 -0.65166708 -1.57647934] -215.67944749063014
[ 1.74923734  1.86978267 -0.16657112  0.1232762  -0.65586528 -1.59854332] -215.686345807135
[ 1.71815776  1.83514987 -0.23697412  0.12745364 -0.658842   -1.58183696] -215.68328195927057
[ 1.7207899   1.84803359 -0.16469137  0.13292692 -0.64599735 -1.59020091] -215.66778050729533
[ 1.70073574  1.84267994 -0.15995992  0.13182246 -0.63159461 -1.59131478] -215.64637606126328
[ 1.76139041  1.78389405 -0.16306527  0.12247605 -0.61253559 -1.58114141] -215.67348083502537
[ 1.72779393  1.7801146  -0.13704502  0.10048652 -0.65693955 -1.56720272] -215.63594421728772
[ 1.7156407   1.73220648 -0.1109923   0.07386958 -0.66708246 -1.5495832 ] -215.60332418042577
[ 1.64129643  1.87989579 -0.21870445  0.07967782 -0.62225368 -1.58001534] -215.63946040940422
[ 1.66393737  1.77864802 -0.17787745  0.09123304 -0.62545986 -1.55491368] -215.6198505999473
[ 1.67694349  1.79444686 -0.08777555  0.07498206 -0.61135576 -1.56264562] -215.60875432512236
[ 1.68434494  1.73245779 -0.16247535  0.08312552 -0.60509357 -1.563392  ] -215.5858025820059
[ 1.67536586  1.66295373 -0.17188821  0.07057421 -0.58180681 -1.55684833] -215.56073288084022
[ 1.59658279  1.77971622 -0.14600069  0.051577   -0.63398214 -1.55063224] -215.55098896907177
[ 1.51417898  1.7776273  -0.1374684   0.01612748 -0.64470541 -1.53537766] -215.51552830241687
[ 1.59505187  1.69924612 -0.14160886  0.0036656  -0.61929338 -1.52181316] -215.5354670250463
[ 1.63907633  1.60181371 -0.05716581  0.03047283 -0.62764755 -1.51371188] -215.51703341963372
[ 1.60814838e+00  1.64411671e+00 -5.77555974e-02 -1.33578430e-03
 -6.25170596e-01 -1.52507960e+00] -215.48256773916341
[ 1.58025389  1.57685106  0.00230533 -0.04762019 -0.62502596 -1.51016256] -215.43599732811126
[ 1.56291239  1.55578594 -0.11783053 -0.02595222 -0.64383143 -1.49985331] -215.4412277510141
[ 1.47330574  1.55921947 -0.0968932  -0.05811368 -0.58035439 -1.49633911] -215.45031327548716
[ 1.44622721  1.59389414 -0.01099895 -0.09771427 -0.6651459  -1.46890423] -215.4238985150085
[ 1.33165788  1.55936434  0.06944568 -0.18185851 -0.70681545 -1.42493217] -215.4283484314701
[ 1.47693297  1.52248442  0.00225834 -0.06459895 -0.64294351 -1.48630309] -215.38183864579258
[ 1.41787352  1.43410357  0.07419195 -0.09873122 -0.65476857 -1.46854805] -215.3365355688397
[ 1.35917424  1.56401345 -0.03839879 -0.13447421 -0.64362968 -1.47934976] -215.35909632818485
[ 1.43240334  1.31699524  0.074927   -0.17032941 -0.62621323 -1.43900801] -215.37319257493164
[ 1.45964246  1.45466166  0.0916252  -0.13349349 -0.70585054 -1.45893619] -215.34879335524164
[ 1.3356125   1.42438711  0.18238111 -0.20150204 -0.66304653 -1.44178295] -215.34850553908
[ 1.23672387  1.35250066  0.12227051 -0.23112802 -0.69452552 -1.4086805 ] -215.34569536166796
[ 1.30091611  1.25499309  0.17999794 -0.2255052  -0.66419879 -1.42986426] -215.29589112735695
[ 1.22826056  1.08554257  0.27549639 -0.28940066 -0.66372523 -1.41034428] -215.30677043870364
[ 1.27091089  1.51122461  0.12909564 -0.17128198 -0.71579331 -1.45671256] -215.3377721785665
[ 1.31471888  1.24661012  0.29825291 -0.21940645 -0.72243141 -1.40882508] -215.34914723101164
[ 1.32583272  1.32596095  0.21408998 -0.19817339 -0.70273097 -1.42645625] -215.32542287505137
[ 1.16964741  1.31306167  0.20905051 -0.24194712 -0.65917069 -1.418412  ] -215.35396963764848
[ 1.3871437   1.41926166  0.12098153 -0.1606069  -0.69418058 -1.44880515] -215.32593377037898
[ 1.31085443  1.34162774  0.09782807 -0.16030686 -0.71235272 -1.43790597] -215.29241952399738
[ 1.2984754   1.30024806  0.05555155 -0.13970927 -0.73700581 -1.43596748] -215.2800300018164
[ 1.43032691  1.39609665  0.13569902 -0.10020796 -0.69503382 -1.48010408] -215.28310897047484
[ 1.44927856  1.19899673  0.13107502 -0.13636266 -0.6668462  -1.43986919] -215.32460037159098
[ 1.31278427  1.19774881  0.20493973 -0.22145724 -0.73189682 -1.41847409] -215.28488309354103
[ 1.31872763  1.1387531   0.18613622 -0.179865   -0.7050569  -1.42810664] -215.26552269453947
[ 1.28451959  0.99849882  0.21871357 -0.18949406 -0.71049506 -1.41775739] -215.26917331743323
[ 1.37767024  1.1696512   0.08370985 -0.13619573 -0.69728181 -1.45100566] -215.23911168569995
[ 1.403589    1.09149633  0.01851978 -0.1052069  -0.69455722 -1.46328037] -215.2197724534214
[ 1.23899454  1.26078196  0.1292064  -0.18762119 -0.74240358 -1.44539645] -215.22999785964257
[ 1.36671648  1.20671521  0.06335296 -0.08585066 -0.77111927 -1.46057878] -215.241361739808
[ 1.37282571  1.26694829 -0.00878442 -0.04469642 -0.71649538 -1.48600384] -215.21332793955483
[ 1.40284643  1.30154803 -0.1156465   0.04368398 -0.70879466 -1.51976872] -215.22016791921058
[ 1.23611601  1.025551    0.01229514 -0.14744185 -0.76051223 -1.42634044] -215.22715832372884
[ 1.34718106  1.0298339   0.07802381 -0.11051807 -0.72637572 -1.46726802] -215.17407671227798
[ 1.37153389  0.89462682  0.08925994 -0.09592248 -0.72106067 -1.48291829] -215.1578253045537
[ 1.34453092  1.10995343 -0.08485296 -0.04238149 -0.76365922 -1.49339942] -215.1618326103551
[ 1.28914688  1.0097374  -0.01147167 -0.12190612 -0.69511017 -1.47186749] -215.14632520783937
[ 1.25036208  0.91124849 -0.04888398 -0.13993385 -0.65710562 -1.47751185] -215.14395164343298
[ 1.420658    0.83915949 -0.13668857 -0.0042398  -0.6953932  -1.49775495] -215.21024799221607
[ 1.48505052  1.01225995 -0.06943855  0.00331487 -0.65557821 -1.5406158 ] -215.14728316070958
[ 1.34473137  0.9199025  -0.10498263 -0.00274616 -0.70854021 -1.52945435] -215.08482171967364
[ 1.31530256  0.83410559 -0.16673383  0.04848421 -0.7155317  -1.56254134] -215.04604260011814
[ 1.35632028  0.60016963 -0.13032823 -0.03219642 -0.68628083 -1.53224337] -215.16342847553474
[ 1.28704209e+00  9.48295142e-01 -3.03970055e-04 -8.19719178e-02
 -7.04345550e-01 -1.53198840e+00] -215.02082855112204
[ 1.22023413  1.00286297  0.06788833 -0.12083797 -0.70882173 -1.54910513] -214.9635229527185
[ 1.30601776  1.32151612  0.05940787 -0.08356248 -0.72097156 -1.50312057] -215.16887332727225
[ 1.34374465  0.78050625 -0.0828942  -0.04503794 -0.69495351 -1.52496267] -215.09647783419027
[ 1.31754502  0.70191659  0.01458553 -0.07426289 -0.62069126 -1.55248561] -215.0737725946473
[ 1.27254577  0.85300646 -0.18441884 -0.01350205 -0.62983334 -1.58615584] -214.9874497339953
[ 1.08819421  0.68228883 -0.06404712 -0.11834504 -0.68673418 -1.54363835] -215.00977272763794
[ 1.26882669  0.70698041 -0.08965606  0.03209995 -0.69508295 -1.62878447] -214.89587953152187
[ 1.278059    0.60484636 -0.1100421   0.11811685 -0.71407161 -1.70442078] -214.82749940606078
[ 1.15354892  0.77916935 -0.06469514 -0.00841103 -0.66360776 -1.64115301] -214.83651268266357
[ 1.12508317  0.88350993 -0.18860176  0.04276455 -0.75217551 -1.64318587] -214.8889076755558
[ 1.06391918  0.76778905 -0.01457171 -0.0818891  -0.66954967 -1.66001165] -214.7726810783878
[ 0.93822749  0.73463078  0.06150934 -0.14707576 -0.64655866 -1.70874681] -214.7121149453328
[ 1.24103861  0.93705312 -0.07540628  0.07536323 -0.68495536 -1.7339508 ] -214.69050059226686
[ 1.31746081  1.06443526 -0.08108586  0.17221737 -0.68406596 -1.82910702] -214.61649444994472
[ 1.07165874  0.83681175  0.07940977  0.03242672 -0.75993374 -1.77241703] -214.66313000372978
[ 1.07444524  0.63160484 -0.16905691  0.19085088 -0.69798269 -1.88390504] -214.57834749067362
[ 1.0015508   0.44597578 -0.28752953  0.3466953  -0.69256317 -2.051305  ] -214.58810292059565
[ 1.15271689  0.66698952  0.09394813  0.07661046 -0.63656463 -1.87006402] -214.4641010058375
[ 1.16653375  0.55872932  0.23522308  0.09353342 -0.57875918 -1.9835031 ] -214.33979836683991
[ 1.12857943  0.69785009  0.07001425  0.16176752 -0.69684952 -1.98621358] -214.34775116955953
[ 0.95424282  0.90317432  0.17537999  0.04978987 -0.64064497 -2.01687675] -214.3217576681563
[ 0.79233473  1.0523383   0.31809104  0.01562637 -0.60393164 -2.17310474] -214.34984142654443
[ 1.29941278  0.82957109  0.04178543  0.38060435 -0.70618669 -2.1152607 ] -214.39968429506112
[ 1.24189954  0.72497655  0.01134356  0.31716108 -0.57489593 -2.1658717 ] -214.17159367125765
[ 1.32701994  0.66905895 -0.02268955  0.45952826 -0.48237702 -2.36259904] -214.08228227287364
[ 0.99928384  0.36556094  0.19130462  0.27314073 -0.58353407 -2.28701239] -214.14586302083714
[ 1.21724561  0.70971006  0.39939618  0.28193717 -0.53146779 -2.36658348] -213.9594947360247
[ 1.28864579  0.74876267  0.68362273  0.32748032 -0.44821034 -2.6079227 ] -213.90191087039807
[ 0.98868908  0.48480768  0.40249961  0.07447569 -0.43727168 -2.29944849] -214.09558563366852
[ 1.11289231  0.54551454  0.48509924  0.26421524 -0.3600829  -2.53290724] -213.99756286598216
[ 1.05705751  0.68023038  0.40318247  0.38934328 -0.40528115 -2.71875243] -213.86154031240082
[ 1.00231938  0.74098091  0.48716217  0.53724821 -0.31854213 -3.0863771 ] -214.00344980806267
[ 1.30362     0.26147074  0.53895971  0.5462713  -0.26494075 -2.91933734] -214.0468779971213
[ 1.36002437  0.76438738  0.63892012  0.41396397 -0.21585388 -2.8599767 ] -214.01396837851368
[ 1.49439756  0.73833387  0.50653197  0.72579176 -0.28831034 -3.03438333] -214.06320106794348
[ 1.21185924  0.57717424  1.1081283   0.4294937  -0.1785161  -3.19516087] -214.31475906351935
[ 1.29822976  0.64608777  0.26001491  0.45201962 -0.40641179 -2.5707395 ] -213.90903526359014
[ 0.97909235  0.47715062  0.49673443  0.07197281 -0.41194993 -2.36882864] -214.08208620668702
[ 1.36557126  0.67303806  0.50408258  0.56233703 -0.31922024 -2.86799466] -213.91900152380225
[ 1.19052033  1.09120286  0.45268097  0.25684851 -0.45341268 -2.4667604 ] -213.9744331666605
[ 1.07761462  0.69722472  0.29064085  0.33678403 -0.58168582 -2.39504895] -214.03103302265094
[ 1.28942193  0.74759671  0.5518503   0.39466898 -0.30731187 -2.74374476] -213.9037422247964
[ 1.38358988  0.98345829  0.46671208  0.53001734 -0.41986645 -2.79239758] -213.90737843484976
[ 1.37031838  0.4018551   0.50380739  0.62844034 -0.3153546  -2.96709014] -213.9617749000228
[ 1.32536887  0.57419204  0.49102578  0.53554238 -0.34986912 -2.84200771] -213.8783775892
[ 1.18186665  0.78707123  0.44805351  0.31402028 -0.45976334 -2.55719357] -213.83744091276083
[ 1.09001435  0.84408781  0.42003898  0.18986191 -0.53003488 -2.40179302] -213.89556292927423
[ 1.21042045  0.861016    0.75480072  0.37833791 -0.39035563 -2.84993341] -213.8840763322354
[ 1.06733718  0.48283139  0.64413309  0.24978038 -0.36706403 -2.64745395] -213.9592884894259
[ 1.30452671  0.85830156  0.51106733  0.4599581  -0.40666585 -2.75616167] -213.84770244722378
[ 1.16654006  0.75559458  0.54540055  0.40689177 -0.51273661 -2.70024574] -213.87162877004715
[ 1.12661429  0.75670593  0.36755406  0.50055093 -0.39334688 -2.86684214] -213.83560573281252
[ 1.04559854  0.76067755  0.20951972  0.58708623 -0.36591515 -2.99630186] -213.92815453739942
[ 1.17690425  0.60968258  0.16729385  0.490431   -0.45219868 -2.63046767] -213.88790260408072
[ 1.2020414   0.79818264  0.607924    0.40636118 -0.40581639 -2.79506698] -213.83774641233902
[ 1.02084667  0.97117007  0.47003486  0.29016613 -0.51133429 -2.62274647] -213.91533219497893
[ 1.24923832  0.67343655  0.48577805  0.47419832 -0.39023541 -2.7871924 ] -213.8332419608062
[ 1.20724156  0.76238151  0.39578593  0.44125226 -0.30763306 -2.79349066] -213.86579981475478
[ 1.19706619  0.76068478  0.43318958  0.43266213 -0.35890895 -2.77017943] -213.83204602988002
[ 1.36339368  0.86456385  0.54800637  0.47324037 -0.39963113 -2.79212629] -213.839396047874
[ 1.1355468   0.6885801   0.45243453  0.40705297 -0.39590152 -2.76670527] -213.80430950893526
[ 1.05105685  0.60371936  0.42311812  0.38060041 -0.39051936 -2.77197706] -213.81562730009827
[ 1.00073087  0.62365656  0.3836382   0.37170824 -0.40169304 -2.72226697] -213.87651228975068
[ 1.27272798  0.80433702  0.50691433  0.44785734 -0.40014661 -2.77466146] -213.81511453069174
[ 1.18564535  0.69208923  0.29005069  0.45241947 -0.39361784 -2.71252444] -213.81831794669034
[ 1.20707965  0.67153997  0.39725357  0.59089344 -0.3176224  -3.00217481] -213.8769259592699
[ 1.1881699   0.75818841  0.43535353  0.38323857 -0.4242281  -2.66843888] -213.81334094687352
[ 1.28285055  0.70239944  0.50035284  0.36525868 -0.39433259 -2.62639182] -213.85277025056715
[ 1.16567336  0.7431293   0.40075375  0.46672786 -0.39359331 -2.80672956] -213.8153636957318
[ 1.13237154  0.80889974  0.35378742  0.38912113 -0.39856337 -2.71255395] -213.80329158019856
[ 1.07393815  0.87663133  0.2877921   0.34658253 -0.40272734 -2.67523472] -213.8170369919537
[ 1.16297879  0.73772315  0.3799085   0.41614365 -0.44310797 -2.71035842] -213.7895292268996
[ 1.14593509  0.72624234  0.35326795  0.4078844  -0.48520747 -2.68044792] -213.78926790707243
[ 1.16116287  0.81770308  0.54411982  0.38154128 -0.43892895 -2.75732124] -213.8049207541694
[ 1.17963137  0.79152092  0.48120543  0.33883737 -0.45406536 -2.64664668] -213.79083699336772
[ 1.04154455  0.72604117  0.36647523  0.32136791 -0.46548499 -2.63604318] -213.80621659418856
[ 1.0772275   0.76147403  0.4150766   0.36536312 -0.45515578 -2.7314672 ] -213.77458897423196
[ 1.0217563   0.76311684  0.40493813  0.35642539 -0.47061962 -2.76298136] -213.7728904858873
[ 1.21725678  0.80597983  0.49677587  0.43891961 -0.41561045 -2.80617562] -213.78737825808403
[ 1.11633642  0.71041018  0.30334996  0.39787234 -0.43439365 -2.70118236] -213.77131162422873
[ 1.09392319  0.65676373  0.18296503  0.40603787 -0.43212599 -2.67311293] -213.78541363585882
[ 1.13554903  0.84680986  0.3453404   0.36930044 -0.49025179 -2.66995736] -213.7663620073039
[ 1.13555014  0.92592474  0.29179333  0.35042418 -0.53742692 -2.62158341] -213.78543168138063
[ 1.13978346  0.73912692  0.44117183  0.38062539 -0.51815275 -2.70990982] -213.76790010567606
[ 1.07924098  0.73904107  0.30040928  0.44483849 -0.48401321 -2.79690481] -213.77338035987356
[ 1.0907059   0.8085859   0.4107272   0.38810948 -0.45247301 -2.80192252] -213.7393806679108
[ 1.06309131  0.84975767  0.43945683  0.37822203 -0.43610578 -2.86265982] -213.7308470563593
[ 0.96799572  0.74344101  0.24811294  0.33684175 -0.52890182 -2.69502289] -213.77632025430094
[ 1.03031099  0.75907572  0.31027867  0.36236121 -0.50057898 -2.72281107] -213.75572867739334
[ 1.08970152  0.817058    0.44776933  0.30343044 -0.46602098 -2.67959579] -213.74881551415456
[ 1.1698346   0.81096261  0.35751754  0.37417856 -0.47788168 -2.68572405] -213.73291516390418
[ 1.09308722  0.89718675  0.47716157  0.32483368 -0.52860367 -2.74237028] -213.74918122199648
[ 1.05407477  0.92115661  0.35133628  0.3234834  -0.44832821 -2.74446298] -213.73249479922836
[ 1.03115111  0.83825593  0.44916635  0.319536   -0.46225465 -2.80925064] -213.707062935157
[ 0.97895214  0.83397896  0.50107932  0.29465378 -0.44825608 -2.87889727] -213.70095655707294
[ 1.11926953  0.95095782  0.54782829  0.30390608 -0.43448649 -2.80842566] -213.7164285044073
[ 1.06522074  0.83077048  0.40450096  0.33445775 -0.3750894  -2.81088491] -213.73339342615074
[ 1.06044618  0.91547005  0.41947041  0.36620342 -0.40736157 -2.91742244] -213.6931619187685
[ 1.04581852  0.96467608  0.40532095  0.39758991 -0.37803187 -3.03633576] -213.7026604572098
[ 1.08333544  0.92999076  0.4677286   0.34575801 -0.50905054 -2.82164583] -213.726750927773
[ 0.94988852  0.98947469  0.55144904  0.29656368 -0.41664788 -2.99211395] -213.76898029554036
[ 1.11484808  0.85559063  0.40600042  0.35477484 -0.46257323 -2.76232153] -213.7077095220688
[ 1.08590613  0.85742536  0.57585167  0.35768932 -0.45094969 -2.93932787] -213.6982449541117
[ 1.08449452  0.93138019  0.53319607  0.29610646 -0.46812008 -2.84668704] -213.66745973411005
[ 1.09519613  0.97219144  0.58006569  0.25504868 -0.48412723 -2.83870065] -213.64720561706602
[ 1.06820396  0.86521399  0.54237     0.29833403 -0.38686756 -2.89338598] -213.67850395023962
[ 1.01524801  0.81566566  0.46045089  0.33832861 -0.44555863 -2.93492625] -213.65093753864366
[ 0.98646944  0.89772453  0.62042891  0.28197777 -0.41180035 -3.0385653 ] -213.67295512406704
[ 1.12487114  0.94058471  0.5651332   0.3378735  -0.4139656  -2.97521223] -213.6377521663376
[ 1.19783064  0.99388758  0.59716014  0.35948336 -0.39682036 -3.0233697 ] -213.63154230820305
[ 1.05522532  0.96262573  0.49746368  0.27543597 -0.39322888 -2.94279557] -213.6115716881911
[ 1.03988492  1.01522591  0.45826968  0.2343093  -0.36436848 -2.94452941] -213.59499464232482
[ 1.07383152  0.93783298  0.66677803  0.22295716 -0.42248596 -2.97373666] -213.58364744984297
[ 1.08052419  0.94901445  0.79043184  0.15133403 -0.43004816 -3.00189377] -213.56545385927802
[ 1.07018048  1.01602254  0.62656572  0.24182655 -0.45737351 -3.03394239] -213.5566308710403
[ 1.07116874  1.09142681  0.66866358  0.21357281 -0.49262648 -3.10422059] -213.54127665228853
[ 1.18014811  1.04807942  0.56458502  0.23538115 -0.45938276 -2.91064816] -213.5163988167217
[ 1.27698744  1.12325687  0.53666308  0.21208284 -0.48317396 -2.8466896 ] -213.4972684179866
[ 1.23861601  1.2326687   0.74996712  0.13694839 -0.43816293 -2.98487499] -213.54490703068254
[ 1.20647451  1.16296867  0.68698612  0.18086156 -0.38427289 -3.12982537] -213.45594857797465
[ 1.26211371  1.25835728  0.74044633  0.143768   -0.33434572 -3.27538773] -213.44146656598974
[ 1.12526769  1.22942909  0.71765373  0.00452176 -0.45075488 -3.02916233] -213.3895299171676
[ 1.08898622  1.34719985  0.77790052 -0.17295903 -0.47772215 -3.03205864] -213.355949941915
[ 1.29958051  1.31874874  0.9630878  -0.00606029 -0.52099132 -3.13717902] -213.51244872040968
[ 1.33196002  1.50820497  0.68847764  0.02445021 -0.48562603 -3.12490975] -213.4158937626779
[ 1.20498287e+00  1.31639615e+00  7.08445866e-01  1.33645056e-03
 -4.93332295e-01 -3.18860679e+00] -213.2765023715567
[ 1.18816631  1.35825987  0.68768524 -0.06646952 -0.52091698 -3.29047268] -213.18566486689494
[ 1.41142933  1.54658239  0.79608996 -0.1686354  -0.4482989  -3.13134522] -213.38227951215515
[ 1.2203005   1.395205    0.44599978 -0.00319402 -0.39570326 -3.09644218] -213.23847199068948
[ 1.22399792  1.68134624  0.84220341 -0.29309609 -0.40436372 -3.47018247] -213.34854613751344
[ 1.22616639  1.68724216  0.67233919 -0.37040262 -0.57653129 -3.10641592] -213.2934844971088
[ 1.12105553  1.49707354  0.7189284  -0.38270244 -0.45555274 -3.25072929] -213.1356550882957
[ 1.01560329  1.49150782  0.73415378 -0.58627876 -0.44051609 -3.31363906] -213.1120700006569
[ 0.90964421  1.44033793  0.59067068 -0.32883128 -0.4902856  -3.30505843] -213.1285727326708
[ 1.17230665  1.67076649  0.54645017 -0.37646506 -0.46505017 -3.49534494] -213.0418643219715
[ 1.21396686  1.83254981  0.430725   -0.47821808 -0.45871418 -3.72698809] -213.07015185585388
[ 1.02006453  1.33309351  0.38356287 -0.28411766 -0.5586374  -3.0656086 ] -212.9966245142897
[ 0.91809783  1.15896715  0.1542426  -0.27962844 -0.63577425 -2.86332167] -213.07204366201364
[ 0.94919543  1.20914805  0.45716832 -0.17804948 -0.38050521 -3.41577271] -212.98328034609955
[ 0.81070995  0.97010099  0.34958288 -0.08187292 -0.28249217 -3.57045111] -213.11968821501154
[ 0.86469298  1.43916622  0.68723057 -0.60354324 -0.55626722 -3.53218996] -213.07842215130142
[ 0.78900272  1.50308014  0.44539356 -0.71929231 -0.44283692 -3.41873189] -213.00896015099352
[ 1.02731099  1.44191615  0.49398241 -0.58708423 -0.45765208 -3.44203729] -212.8555790864163
[ 1.08614437  1.44270526  0.44563827 -0.7162107  -0.44133531 -3.51052672] -212.8388917486614
[ 0.94486561  1.37447874  0.25432748 -0.37294739 -0.50769465 -3.49908589] -212.78024377491295
[ 0.90949677  1.3159642   0.01441433 -0.2662817  -0.54128393 -3.5918093 ] -212.7820756437934
[ 1.12250013  1.40525784  0.15694965 -0.27881763 -0.37575267 -3.26950029] -212.90214021656539
[ 0.79828428  1.08515469  0.16789654 -0.47334666 -0.43720389 -3.23106376] -212.8167696409973
[ 1.18468206  1.11353256  0.17645415 -0.04853753 -0.45753946 -3.24512077] -212.834271004602
[ 1.00849277  1.2103322   0.1692486  -0.40518547 -0.30803966 -3.65808144] -212.75010670063716
[ 1.00270689  1.14895154  0.06209146 -0.46571938 -0.18274079 -3.95431786] -212.94386429337078
[ 1.09912764e+00  1.33467237e+00 -3.30083644e-04 -5.86965645e-01
 -4.62016672e-01 -3.38868691e+00] -212.69529908972848
[ 1.17409374  1.39743454 -0.22907928 -0.79142373 -0.5027724  -3.37514401] -212.8813979518555
[ 0.91803212  1.1150341   0.247462   -0.5889135  -0.49552388 -3.57468821] -212.6346512592473
[ 0.81579811  0.96992223  0.29271818 -0.74396144 -0.55540949 -3.72728217] -212.76752729105547
[ 0.89835045  0.96836296 -0.10728537 -0.10908803 -0.44800409 -3.35504894] -212.8041539203633
[ 0.70436889  1.2491458   0.0673189  -0.7969447  -0.42862149 -3.65709761] -212.78028673348146
[ 1.05946154  1.33218737  0.04235063 -0.48000159 -0.44609626 -3.81316591] -212.6372891725566
[ 1.01309907  1.5702539   0.36741122 -0.96789807 -0.43466011 -3.84188638] -212.9893588248106
[ 0.92703761  1.11883569  0.01138877 -0.32379054 -0.4446681  -3.4767583 ] -212.65843115970586
[ 1.28130354  1.24603436  0.17416357 -0.12232335 -0.45939159 -3.47972461] -212.7520330166508
[ 1.1529528   1.07788662 -0.03956631 -0.46277931 -0.3642174  -3.63128257] -212.66243340455435
[ 0.77373129  1.15028176 -0.0306457  -0.82688867 -0.38079574 -3.70116317] -212.74451815031037
[ 0.96828823  1.16596711 -0.09236216 -0.68459428 -0.55639969 -3.53716691] -212.65709256734795
[ 1.26790202  1.231246    0.08695998 -0.21545961 -0.54217826 -3.43941977] -212.7088126145053
[ 1.14435934  1.21100494  0.05755856 -0.36831688 -0.50183263 -3.50485562] -212.61462826182196
[ 0.9575829   1.0056329   0.07594058 -0.38249972 -0.47422932 -3.79061893] -212.58453574642047
[ 0.88681053  0.84111316  0.11407591 -0.28026676 -0.48033564 -3.99158494] -212.70012914152687
[ 0.83863445  1.23833408  0.15367911 -0.4799262  -0.60869923 -3.60113539] -212.78630835415808
[ 1.07437321  1.11799849  0.00874504 -0.46706603 -0.42533786 -3.62374577] -212.58699121640132
[ 1.11366151  1.19710594  0.10184278 -0.66667346 -0.52180512 -3.80465548] -212.67167187625282
[ 0.97369358  1.13840325  0.03400227 -0.40951127 -0.46395235 -3.55873259] -212.59678651328127
[ 1.07421267  1.14078657  0.24771519 -0.21417538 -0.37925774 -3.75143543] -212.6977813697969
[ 0.99476934  1.15967197 -0.00734282 -0.56698956 -0.5121142  -3.59073404] -212.59221669160473
[ 0.96147528  0.91706119  0.09643791 -0.44776407 -0.51156715 -3.40129248] -212.6080499203368
[ 1.11738577  1.06822348 -0.15901482 -0.29180234 -0.46748729 -3.5819716 ] -212.60301869185696
[ 0.88206736  0.92465882 -0.04130251 -0.48689412 -0.44973009 -3.67750953] -212.5822926839528
[ 0.75092137  0.78148577 -0.09073304 -0.54618274 -0.42367882 -3.76383648] -212.66175571391608
[ 1.0384821   1.22113512 -0.12609533 -0.42049028 -0.41938322 -3.87314501] -212.62648008175117
[ 0.98072699  0.99307967  0.0408046  -0.44094562 -0.48852117 -3.51925561] -212.57355941244788
[ 0.83701869  1.04492489  0.19596388 -0.62616643 -0.47047437 -3.67156056] -212.63965657814072
[ 1.047294    1.06239883 -0.07027015 -0.37539336 -0.46823406 -3.60436884] -212.57111725748678
[ 1.00524435  0.94941031 -0.03181069 -0.49708487 -0.47543655 -3.71001165] -212.56324942315803
[ 1.02101974  0.85491384 -0.06471718 -0.54087166 -0.48117864 -3.78565117] -212.5992273609831
[ 9.87660264e-01  8.58054367e-01  1.37845028e-03 -3.16305017e-01
 -4.15048809e-01 -3.71776940e+00] -212.58565425835656
[ 0.87915208  0.81307981 -0.01716495 -0.36597487 -0.49839547 -3.71609888] -212.60823147154952
[ 1.02556793e+00  1.04176882e+00  2.26754434e-03 -4.41793242e-01
 -4.43602261e-01 -3.64683405e+00] -212.5643939359198
[ 0.97850091  1.13426208 -0.00950199 -0.55856529 -0.51820234 -3.59843013] -212.58978589306722
[ 9.85370426e-01  9.27106297e-01 -1.34165984e-03 -3.76870086e-01
 -4.40837192e-01 -3.68793458e+00] -212.56559432589455
[ 1.01784078  0.96050802 -0.10982487 -0.49049404 -0.44789112 -3.49135249] -212.5998923356985
[ 0.97264737  0.99435168  0.02949922 -0.4094983  -0.46764477 -3.71580232] -212.56413350849903
[ 1.12354966  1.06471304  0.03101879 -0.36030104 -0.47836191 -3.61722616] -212.57264974347154
[ 1.07249759  1.02016999 -0.05435025 -0.37936801 -0.43618441 -3.80813692] -212.57504121162725
[ 1.00366964  0.99985225  0.01701589 -0.42555122 -0.47543698 -3.59147594] -212.5615173098394
[ 0.88971491  0.92691635 -0.04923208 -0.48176265 -0.44536869 -3.70158297] -212.58054032092895
[ 1.06509098  1.03026387  0.01095608 -0.39066645 -0.4701136  -3.63831536] -212.56089431190253
[ 0.9719029   0.91851891  0.07913227 -0.47176136 -0.45612306 -3.72575579] -212.56411011498489
[ 1.02933729  1.05094898  0.03702843 -0.50191506 -0.48861521 -3.65479712] -212.56383665387682
[ 0.99039625  0.93934651  0.04500619 -0.45703251 -0.50085446 -3.69855201] -212.56426385771658
[ 0.99918917  0.96495209  0.03432153 -0.45322269 -0.48654141 -3.68562252] -212.55837734468005
[ 1.05216407  0.97696379  0.01938195 -0.50390224 -0.48311084 -3.61952381] -212.56639533895464
[ 0.99252655  0.99000471  0.0269699  -0.43309929 -0.47151128 -3.69173269] -212.55813192774733
[ 1.05978309  1.07662516 -0.04763856 -0.42875183 -0.49976196 -3.5982293 ] -212.56854199477175
[ 0.99387295  0.95804547  0.04743956 -0.46100898 -0.46703278 -3.69387417] -212.55789239313697
[ 9.90527248e-01  9.13227251e-01 -2.06434141e-03 -3.84962771e-01
 -4.60075656e-01 -3.68221366e+00] -212.5610637217004
[ 1.00971449  1.00270491  0.07669023 -0.35241893 -0.46813403 -3.61773313] -212.57181065999455
[ 1.00636189  0.96273396 -0.00468546 -0.46091838 -0.47361092 -3.68694202] -212.55704141557868
[ 1.01218662  0.9398902   0.02062987 -0.43574163 -0.46752491 -3.76809087] -212.56060697535747
[ 1.0325488   1.03540285  0.04727483 -0.49325637 -0.48536931 -3.70597889] -212.5629844802174
[ 1.00103264  0.94377115  0.01027045 -0.41203617 -0.46639907 -3.68815496] -212.55710583852908
[ 0.93663229  0.88953532  0.03402587 -0.49467594 -0.47409319 -3.76649038] -212.5743762545787
[ 1.0329763   0.99508173  0.01672353 -0.41666882 -0.4711085  -3.67035912] -212.55617345335398
[ 0.99646655  0.99830617  0.02304997 -0.44324314 -0.47787642 -3.60413763] -212.56044607432003
[ 1.00039656  0.98370218  0.02244494 -0.44136777 -0.47528854 -3.64512594] -212.55721594461963
[ 1.00986646  0.97949431  0.00539945 -0.42181044 -0.45510895 -3.67310711] -212.55750208084262
[ 1.02230905  0.95093823  0.00556092 -0.4381709  -0.46467163 -3.66078842] -212.55649146298427
[ 1.03044135  0.98052838 -0.02886829 -0.40264852 -0.46836309 -3.64761835] -212.55783439576746
[ 1.02129925  0.97490765 -0.00979132 -0.41723863 -0.46803051 -3.65918231] -212.5563146841232
[ 1.01825877  0.95755066  0.00810824 -0.44032311 -0.4845941  -3.66374381] -212.55648179736198
[ 1.03368274  0.94462561 -0.01371616 -0.42041757 -0.46751637 -3.69793094] -212.5567047863588
[ 1.04393003  0.98484146 -0.00953721 -0.45254297 -0.47677828 -3.65816057] -212.55780019487108
[ 1.01175698  0.95403873  0.00531854 -0.42216287 -0.46899387 -3.68065637] -212.55597333713507
[ 1.04039915  0.96298025  0.00875337 -0.39074225 -0.46802742 -3.6572783 ] -212.55682850067697
[ 1.03188983  0.96291867  0.00539367 -0.40828628 -0.46942329 -3.66469423] -212.55586724900314
[ 1.01248066  0.98718628  0.02415401 -0.4271993  -0.4747576  -3.63521047] -212.5571521963784
[ 1.02838222  0.95526578 -0.00424862 -0.422113   -0.46932668 -3.68225082] -212.5557903509615
[ 1.02587874e+00  9.82316183e-01  1.60708561e-03 -4.04093342e-01
 -4.79154019e-01 -3.67950713e+00] -212.5566550197873
[ 1.02320147  0.95878272  0.00457246 -0.42965151 -0.46829223 -3.66546809] -212.55571446347926
[ 1.03157658e+00  9.76114438e-01 -2.11882011e-03 -3.98383925e-01
 -4.53797590e-01 -3.67712650e+00] -212.55794973493914
[ 1.02158822  0.9621916   0.00555147 -0.42983832 -0.47689498 -3.66708948] -212.55565037235272
[ 1.02863243  0.95451876  0.02089501 -0.4256683  -0.473316   -3.68432373] -212.55555378780403
[ 1.03229902  0.94432431  0.03623817 -0.42988314 -0.47595875 -3.69689444] -212.556405322769
[ 1.01550742  0.92082369 -0.00422935 -0.42923794 -0.47097385 -3.67780179] -212.55714909596162
[ 1.02860908  0.97651722  0.01148531 -0.4198111  -0.47107484 -3.67221979] -212.55550630267598
[ 1.0423441   0.96935952  0.00923123 -0.42295997 -0.47378213 -3.66469235] -212.55585681395294
[ 1.02569601  0.96262653  0.01043529 -0.44172778 -0.47480566 -3.68065386] -212.5557594423025
[ 1.00969238  0.95394135  0.00699908 -0.43331004 -0.470788   -3.68597624] -212.55597129468535
[ 1.03418117  0.96550498  0.00867319 -0.42554748 -0.4730336  -3.67001332] -212.55554381000675
[ 1.02558724  0.97144815  0.02478619 -0.43530183 -0.47647909 -3.6643386 ] -212.5555949257003
[ 1.0282372   0.96702795  0.01488592 -0.41354506 -0.47155792 -3.66049715] -212.55571816880493
[ 1.0276019   0.96592759  0.01377326 -0.42059074 -0.47236985 -3.66553632] -212.55547899357362
[ 1.03219854  0.97325339  0.02381568 -0.42260108 -0.47943056 -3.67570565] -212.5557374219254
[ 1.02545074  0.96240038  0.00938327 -0.4278889  -0.47107681 -3.66802748] -212.55549516794682
[ 1.0350993   0.96991409  0.02411394 -0.42176447 -0.46888842 -3.67439693] -212.55544751218272
[ 1.04185483  0.97377534  0.03339517 -0.41772755 -0.46488515 -3.67805066] -212.55588098525132
[ 1.03427096  0.96014619  0.00465513 -0.41178851 -0.46677409 -3.68050059] -212.5557694078522
[ 1.02775817  0.96862266  0.01975343 -0.4294235  -0.47405284 -3.6683791 ] -212.5554448332768
[ 1.03093436  0.98177689  0.00816579 -0.42267376 -0.47018278 -3.65520059] -212.55593326520844
[ 1.02920791  0.96133329  0.0177127  -0.42491967 -0.4725327  -3.67704294] -212.5554001494231
[ 1.02372786  0.9694001   0.02340078 -0.42258531 -0.47029822 -3.6718542 ] -212.55548282578752
[ 1.02767288  0.95601549  0.02456049 -0.42924643 -0.47199811 -3.66952588] -212.55551313517202
[ 1.02837503  0.97139179  0.0147541  -0.42216993 -0.47130566 -3.67154631] -212.55541602670675
[ 1.03180599  0.97312946  0.0284528  -0.4192623  -0.47207242 -3.67489112] -212.55550628659452
[ 1.02703955  0.96508265  0.01415065 -0.42573225 -0.47132571 -3.66974339] -212.55542755694447
[ 1.03463276  0.96469059  0.01135192 -0.42561488 -0.47319351 -3.6703608 ] -212.55552678266528
[ 1.02645409  0.96822273  0.02038856 -0.4233427  -0.47102204 -3.67148085] -212.55541962047346
[ 1.03037612  0.96892814  0.02318453 -0.42852676 -0.47067261 -3.67866019] -212.55538885969338
[ 1.03176323  0.97042842  0.02789016 -0.43249477 -0.46982398 -3.68522212] -212.5554816396155
[ 1.02130433  0.96461299  0.01253406 -0.42960713 -0.47474876 -3.67122066] -212.5555064364619
[ 1.03165055  0.96858882  0.02121897 -0.42372514 -0.47035351 -3.67360287] -212.55538838510833
[ 1.02994291  0.96589314  0.01738308 -0.42004865 -0.46835124 -3.67897975] -212.55544249164703
[ 1.02939673  0.96657552  0.01797567 -0.42239236 -0.46977664 -3.67632959] -212.55538068503253
[ 1.03144726  0.96993078  0.02426086 -0.4226266  -0.470562   -3.67981085] -212.55539577613496
[ 1.03369711  0.96736006  0.01931371 -0.42477745 -0.47071233 -3.68085006] -212.55541748436823
[ 1.03188636  0.96757572  0.01958242 -0.42441877 -0.47078976 -3.67850776] -212.55538021325353
[ 1.03294661  0.96291897  0.02655761 -0.42669983 -0.47025675 -3.68310509] -212.55547007430675
[ 1.02951793  0.96927358  0.01770498 -0.42330241 -0.47104343 -3.674436  ] -212.55536860826405
[ 1.03221707  0.97562423  0.02359644 -0.42341101 -0.46853328 -3.67673948] -212.55547934044864
[ 1.0299602   0.96490603  0.01918364 -0.4245425  -0.47153284 -3.67696708] -212.55536914684862
[ 1.02948204  0.96535183  0.01535588 -0.42634271 -0.47082759 -3.67302364] -212.55539451655733
[ 1.02997334  0.96649657  0.01758212 -0.42541368 -0.47076119 -3.67472044] -212.55537941801393
[ 1.03041892  0.96554394  0.01456473 -0.41940486 -0.47074652 -3.67286106] -212.5554205072809
[ 1.03038682  0.96808209  0.02102958 -0.42624629 -0.47069108 -3.6772104 ] -212.55537088441125
[ 1.02872323  0.96571435  0.01646717 -0.42504687 -0.47117814 -3.67912089] -212.55537375429103
[ 1.03075257  0.96744059  0.01920764 -0.42726447 -0.47222218 -3.67732461] -212.5553717023249
[ 1.02788501  0.96639535  0.01747595 -0.42618664 -0.47168653 -3.67475205] -212.55536859367368
[ 1.02588433  0.96580516  0.01642272 -0.42707058 -0.47213492 -3.67287419] -212.55539518795558
[ 1.02910191  0.96744076  0.01944086 -0.42544938 -0.47202354 -3.6785499 ] -212.55538213901534
[ 1.02975548  0.96673262  0.01804681 -0.42542261 -0.47107678 -3.67567781] -212.55536904897718
[ 1.0306961   0.9685624   0.02108236 -0.42594144 -0.47157281 -3.67300176] -212.55537224022513
[ 1.03020288  0.96785039  0.01992856 -0.4257178  -0.47147414 -3.67453154] -212.55537746927297
[ 1.02870147  0.96783447  0.01759047 -0.42474452 -0.47136498 -3.67459403] -212.55537349715348
[ 1.02882024  0.96656398  0.01776138 -0.42580462 -0.47138166 -3.67521493] -212.5553660581821
[ 1.0289226   0.96565069  0.01832979 -0.42536457 -0.47160969 -3.67585956] -212.55536733137663
[ 1.02913591  0.96723872  0.01925277 -0.42621646 -0.47118881 -3.67598123] -212.55537010887187
[ 1.02931879  0.96691797  0.0183418  -0.42672556 -0.47195436 -3.67603833] -212.55537165882117
[ 1.02830412  0.96605485  0.01697156 -0.42561675 -0.47143234 -3.67693647] -212.55537135802507
[ 1.02876076  0.96510605  0.01845395 -0.42722701 -0.47171948 -3.67700016] -212.5553848789775
[ 1.02871629  0.96715236  0.01780634 -0.42536515 -0.47145361 -3.67519556] -212.55535694259044
[ 1.02794261  0.96610068  0.01752413 -0.42479251 -0.47096319 -3.67527494] -212.5553591500782
[ 1.02883677  0.96697908  0.01907856 -0.42562657 -0.47132882 -3.67382295] -212.555373648441
[ 1.02843728  0.96628591  0.01749831 -0.42561921 -0.47140646 -3.67615809] -212.55535907535722
[ 1.0277721   0.9654776   0.01621254 -0.42482777 -0.4716449  -3.67483715] -212.5553756316981
[ 1.02879496  0.96679844  0.01849271 -0.42586929 -0.47130283 -3.67569521] -212.55537469509807
[ 1.02857679  0.96671913  0.01765232 -0.42549218 -0.47143003 -3.67567683] -212.55536266229277
[ 1.02832945  0.96662652  0.01766524 -0.42507883 -0.4712084  -3.67523525] -212.5553406517161
[ 1.02876827  0.96685817  0.01778386 -0.42558489 -0.47141763 -3.67520524] -212.55535933702132
[ 1.02881945  0.96640152  0.01806807 -0.42536486 -0.47153165 -3.67552756] -212.55536426221943
[ 1.02830065  0.96677386  0.01764114 -0.42577589 -0.47157007 -3.6749738 ] -212.55535533082738
[ 1.0289261   0.96719554  0.01852955 -0.42579081 -0.47132121 -3.67558839] -212.5553583636184
[ 1.0283864   0.96737367  0.01762475 -0.42566439 -0.47126867 -3.67509746] -212.55536016970046
[ 1.0285656   0.96727424  0.0180313  -0.42559447 -0.47131649 -3.67475508] -212.55537894677798
[ 1.02857399  0.96685791  0.01774707 -0.42551775 -0.47140165 -3.67544639] -212.55537041464913
[ 1.02831505  0.96670019  0.01765319 -0.42542736 -0.47138923 -3.67510453] -212.55536756584883
[ 1.02852287  0.96688944  0.01773579 -0.42522199 -0.471331   -3.6752154 ] -212.55536447964423
[ 1.02862777  0.96691103  0.01809739 -0.42543482 -0.4712648  -3.67541182] -212.55536900685755
[ 1.02854886  0.96674235  0.01772455 -0.42533186 -0.47131301 -3.67522025] -212.5553597046588
[ 1.02835792  0.9670001   0.01764499 -0.42537161 -0.47123853 -3.67516636] -212.5553612766479
[ 1.02845312  0.96667283  0.01765878 -0.4252855  -0.47131921 -3.67545604] -212.5553727456372
[ 1.02844752  0.96695038  0.01784827 -0.42533665 -0.47126245 -3.67499516] -212.55537841618613
[ 1.02845172  0.96674222  0.01770615 -0.42529829 -0.47130502 -3.67534082] -212.55537850127646
[ 1.02843915  0.96668443  0.01769489 -0.42520534 -0.47126071 -3.67522775] -212.55535818587967
[ 1.02834369  0.96681331  0.01765511 -0.42522522 -0.47122346 -3.6752008 ] -212.55536175863105
[ 1.02842616  0.96675798  0.01770051 -0.42515041 -0.4712697  -3.67522533] -212.55536913773804
[ 1.02832225  0.96666335  0.01765921 -0.4252531  -0.47129881 -3.67516989] -212.5553710420242
[ 1.02847861  0.96676878  0.01788131 -0.42525682 -0.4712366  -3.67532354] -212.5553660816507
[ 1.02839128  0.96664967  0.01766201 -0.42518217 -0.47126381 -3.67534564] -212.5553638922315
[ 1.02848053  0.96677021  0.01776048 -0.42511317 -0.47118874 -3.67534955] -212.55537414380325
[ 1.02836182  0.96669007  0.01768453 -0.42521811 -0.4712713  -3.6752148 ] -212.55536408103768
[ 1.02835517  0.96665295  0.01771385 -0.42523842 -0.47121839 -3.6752906 ] -212.55537338149875
[ 1.02840841  0.96673172  0.01770385 -0.42517241 -0.47125687 -3.67524165] -212.5553646839263
[ 1.02827932  0.9666298   0.01747389 -0.42510387 -0.47125825 -3.6751651 ] -212.55535986584124
[ 1.02830649  0.96663288  0.01757471 -0.42516543 -0.47123843 -3.67522147] -212.55537546165866
[ 1.02838293  0.96670701  0.01767156 -0.42517067 -0.47125226 -3.6752366 ] -212.55536965960596
[ 1.0283843   0.96665548  0.01768006 -0.42514209 -0.47123455 -3.6752315 ] -212.55536462184423
[ 1.02830438  0.96662816  0.01756956 -0.42509135 -0.47123332 -3.67520017] -212.55537823687231
[ 1.02833657  0.96671992  0.01766018 -0.42515202 -0.47121593 -3.67521803] -212.555362389319
[ 1.02836036  0.9666381   0.01766362 -0.4251305  -0.4712361  -3.67529045] -212.55537366679064
[ 1.02834563  0.9666583   0.01767488 -0.42514847 -0.47123985 -3.67522503] -212.55537443855846
[ 1.02836893  0.96667912  0.01768454 -0.42512562 -0.47123263 -3.67523845] -212.55537557002685
