[-0.94750547 -0.23901602 -0.0156046   0.24301702 -0.0933905  -0.37994692] -338.5445402748078
[ 0.95157973  0.84280565  0.38830773  1.08821032 -0.17613165  0.38920985] -307.9674563213971
[-0.49775758 -1.84619465 -1.61094817  0.29131999  2.04601495 -0.12731309] -402.1158731725553
[0.73212564 0.26859246 0.4702827  1.80930718 1.40770584 1.05046034] -343.1449570077875
[-0.78096949 -0.92639995 -2.40084462  0.15103937  1.196047    0.30840224] -375.30947266104704
[-0.43381326 -0.27159626 -0.69905308 -0.19779196  0.06189926 -0.2128934 ] -337.6941317484914
[-0.29619196  3.35220808  0.4960379  -0.02199579 -1.0755553  -0.74683555] -324.786151600223
[ 0.23949931  2.8550593   1.02399018  0.73260873 -1.6058234   0.26344529] -308.38417437629664
[ 0.86286748  3.19575102  2.95549823  1.0667458  -1.68981225 -0.1872557 ] -306.4281590873871
[ 1.68478596  5.25682651  5.63366966  1.52459901 -3.13274187 -0.43508467] -334.69535640175445
[-0.60664703  2.97647813  0.91277609 -0.83904247 -2.93397712 -1.34188582] -331.4403766652714
[ 1.18660356  4.55591799  1.70812363  0.36656119 -2.37974299 -0.23212486] -306.1511265983443
[ 2.25365807  6.95338499  2.56998774  0.42833327 -3.52291923 -0.15821384] -324.79678176077624
[ 1.21305029  6.19766964  3.19396433  0.99548789 -3.3489135  -0.40558886] -331.2853333877534
[ 1.99244983  4.02332576  2.34253125  2.24824852 -0.49134924  1.03550254] -290.94733693062705
[3.29199827 4.54674957 3.05740882 3.79189401 0.72996469 2.22419672] -278.76637261004606
[0.86573517 0.25182756 0.0158245  1.34585354 1.2832132  0.97580078] -344.6583883826409
[ 1.12622151  4.71120912  2.39942937  1.0830793  -2.19088182 -0.06024145] -307.4389849281737
[ 2.84911524  3.55028947  3.34821475  2.73169557 -1.3619205   1.54591216] -282.631523311747
[ 3.18329596  4.27918164  3.595004    2.64345333 -0.75035144  0.96312029] -282.4408794784376
[ 3.21512094  7.43689396  5.2995852   2.80626608 -2.37144978  1.0286592 ] -342.027638792876
[ 1.51746503  2.49132772  1.6161271   1.51772426 -0.72496118  0.54907219] -293.4261244854131
[3.17089367 2.82853002 3.0273628  2.95627875 0.1319406  1.68121505] -274.99149142044644
[4.19322975 1.88719046 3.34132952 3.89287848 1.29335181 2.5519433 ] -264.14351413274255
[4.54436846 3.90780127 2.59990437 3.91465648 0.62525904 2.72129564] -263.16112879378704
[6.38511894 4.26382639 2.42210744 5.33861183 1.78279468 4.17557131] -272.0306949009235
[5.33988734 2.33159539 4.14453923 5.79753953 2.31685712 3.7506383 ] -263.2278171623024
[6.28316664 4.34294154 5.0793398  6.07298154 1.67601476 4.03662995] -311.79113688532954
[ 2.70889043  2.95423118  2.48193027  2.65653858 -0.1247172   1.42096163] -278.62865931234836
[4.90477483 3.0852937  3.05849065 4.8339579  2.72537518 2.9981398 ] -257.4556807231297
[5.93260462 2.85279581 2.9136286  5.88508907 4.76902302 3.72425362] -249.8330019403071
[5.48703033 1.88093958 2.58457628 6.00274539 3.9535976  4.50130945] -249.61998206855094
[6.63889752 0.68181856 2.07936242 7.68239142 6.30557213 6.27040403] -248.55099669056688
[6.49396111 0.32506132 2.79615598 6.15113717 4.33181728 4.58896878] -244.08585497430812
[ 8.09494252 -1.78578281  2.66552956  7.33075876  6.13274358  5.77135481] -247.76483434014816
[8.33875916 1.04118976 3.47637644 8.4513588  6.67201067 6.44820626] -289.322202931317
[4.11635762 2.47597082 2.73054181 4.10524364 1.57446477 2.67777279] -262.51055650140955
[6.8287958  2.30449059 2.41338129 7.28580729 5.34764598 5.35916775] -259.5155214058351
[6.17844103 1.85105073 1.03311893 5.8772355  5.33440361 4.69664923] -249.05607807497694
[ 7.51865077 -0.41073866  2.05549197  8.41431154  8.59571656  6.38444309] -245.89837370964037
[9.08075933 0.05885529 1.69983792 9.66008036 9.98692809 7.66352271] -293.90916707023825
[5.35745805 1.87169194 2.47286584 5.49395282 3.6775806  3.92421027] -250.3440165381191
[5.87787523 0.08606931 2.03682663 5.88223189 5.65705842 4.50380859] -262.79463445089846
[6.59106566 1.74988527 2.31924262 6.93491344 5.42499909 5.14532796] -247.29899590069815
[7.76041552 0.47826574 1.92613434 8.15440656 7.90959663 6.3458053 ] -249.5301339745987
[ 7.79453925 -1.29434816  1.15620682  8.51970947  7.86501208  7.41961251] -252.89764896890603
[6.39808828 1.81600982 2.47427316 6.54374417 5.54302029 4.64809334] -245.02578901826988
[5.51261927 1.52609661 2.32641402 5.71350452 3.93557969 4.23215684] -248.6718609181643
[6.87265317 0.04499357 3.6505278  7.93609859 6.04449806 5.72648211] -254.71271542344687
[6.35199406 1.39953644 1.68747115 6.39195127 5.51192723 4.95410745] -244.7631952955693
[7.81826653 0.32776097 2.14425174 8.32597849 7.96877117 6.43162471] -252.1140409490137
[6.08903108 1.2265127  2.28087345 6.36662301 4.94387756 4.78202381] -245.1759749042854
[6.50869947 1.35360374 2.45847369 5.91850212 5.14488054 3.89725078] -245.38960510966615
[6.52907593 0.15344318 2.26500385 6.32717632 5.93208073 4.60630113] -249.39558267444045
[6.57556823 1.35077475 2.30568293 6.78297916 5.5517695  5.01057125] -244.15693573449013
[5.28712997 2.90123825 2.61215148 4.30400076 1.74671424 2.90922872] -253.56150608210464
[6.96077057 0.41725557 2.19465685 7.38673385 6.88346598 5.5156395 ] -243.0463593390788
[6.44777164 0.82477979 2.12123081 7.28922076 5.77707874 5.93588393] -246.68626566196366
[6.49346751 1.22139775 2.37416297 6.26118178 5.30293009 4.40690907] -244.03240489966228
[7.00225217 0.95016585 2.32992756 6.80595279 6.0977659  4.92607266] -242.5627658687784
[7.45886271 0.81199242 2.35445461 7.02561768 6.67471007 4.99809708] -242.41287926043023
[7.04678645 0.02599627 2.09658834 6.78945613 5.87585309 5.17667104] -242.98541051945844
[ 7.32447813 -0.01537708  3.01976275  7.07375065  6.02825478  4.94484478] -242.75108007099286
[ 7.3505406  -0.42199933  2.63957757  6.7796466   6.14724093  4.86647217] -243.78375120118108
[7.71767422 0.35469388 2.09691172 7.62099172 7.97233436 5.38057576] -242.89590244043507
[ 8.12623672 -0.83054384  2.42648764  7.9642171   7.89102298  5.88719104] -245.72073554371426
[6.90165981 0.70841235 2.38724414 6.68694061 5.94995331 4.77697956] -242.6669620439881
[7.1195367  1.18965714 2.0769619  7.41485028 6.9809496  5.39779708] -244.0061676343574
[ 7.29278963 -0.01908521  2.49892365  6.93844752  6.3556681   4.99930339] -242.66449706268472
[7.61997975 0.20495531 2.62330489 6.65833426 6.06879192 4.57651771] -242.6981381594388
[7.72502829 0.65586762 2.89694558 7.21190468 7.14071775 4.71543506] -242.46046471863417
[7.05659189 0.42756126 3.16330016 6.24400674 4.76703095 4.28981677] -243.20246933039613
[7.55240364 0.37291073 2.36350883 7.27674548 7.17100851 5.10788601] -242.31228616206482
[7.52576315 0.92706149 2.02169782 6.85891275 7.09202844 4.77989482] -243.15451984002675
[7.37479938 0.22023256 2.77024652 7.02004118 6.29419819 4.90360729] -242.2752130941086
[7.14853474 0.71182152 2.46713622 7.39489812 7.12662672 5.25725176] -242.88549513140194
[7.50211849 0.33167186 2.58426272 6.84247522 6.33325062 4.74670122] -242.2853497903519
[8.06700757 0.0827843  2.76886983 7.41813664 7.3732311  5.04669712] -243.44123778678414
[7.19299675 0.55200534 2.48265056 6.86973962 6.30577276 4.84440895] -242.24085828220345
[7.64261347 1.00064539 2.65176595 7.1437271  6.95088454 4.77274181] -242.75181891580323
[7.38024559 0.23584744 2.53713423 6.98976741 6.50447221 4.942663  ] -242.29137855791942
[7.09544723 0.18568583 2.13380691 6.79622418 5.95375303 5.13235279] -242.76608084607295
[7.56763303 0.53832217 2.70616091 7.10798455 6.84397657 4.81966449] -242.21037201695933
[ 7.39786958 -0.06166239  2.79353331  7.00996681  6.47618289  4.79021325] -242.25336733981754
[7.2528173  0.2325616  2.92782059 6.66991279 5.74827591 4.57453339] -242.39887662024012
[7.47750705 0.33782344 2.50458677 7.1250373  6.81532536 4.97454786] -242.1845043237271
[7.45739585 0.40361689 2.74334604 7.00198081 6.51842992 4.75038469] -242.0722010572071
[7.49597098 0.48750162 2.84645194 7.00808752 6.52540878 4.65424554] -242.0853872376108
[7.32061539 0.33177415 2.74924531 7.20244154 6.75137794 4.94757429] -242.2023901258306
[7.42987317 0.48039398 2.55626112 7.0856757  6.94282362 4.80532388] -242.1022046017075
[7.41747083 0.94297438 2.45388359 7.12098637 6.91638584 4.92375481] -242.3799842503729
[7.40276989 0.1894968  2.70862088 7.0377217  6.58623362 4.82359864] -242.1195372947646
[7.69226804 0.20847047 2.84008978 7.31720759 7.18028292 4.86262233] -242.2662040132597
[7.31781457 0.46612162 2.57201037 6.98160661 6.5244003  4.8489623 ] -242.1264244910046
[7.23435895 0.19808679 2.57186258 7.03683667 6.53555368 4.89713272] -242.15841218101005
[7.45262444 0.36007236 2.4696506  6.88717806 6.55621089 4.75240907] -242.29725101120945
[7.35361765 0.3388487  2.67934664 7.12362567 6.70258618 4.89878299] -242.10306091469357
[7.2544363  0.35436482 2.77256244 6.96411175 6.45468375 4.70018055] -242.07849745853594
[7.50427686 0.54619415 2.77218658 7.02807075 6.70749878 4.71194496] -242.11057391835584
[7.48297533 0.30485016 2.83876419 7.09878885 6.779685   4.71444294] -242.0198336382852
[7.56555571 0.22421442 2.97214111 7.15737997 6.90732734 4.64718325] -242.0262122352625
[7.42475516 0.61992609 2.74553479 7.06302948 6.78233546 4.70342136] -242.04855756128526
[7.29674095 0.28780606 2.67308516 7.08433334 6.68601586 4.81223385] -242.02341157637034
[7.42844127 0.4781373  2.76383794 6.97568098 6.68540503 4.5965461 ] -241.98035913842176
[7.46585308 0.5477816  2.80608359 6.90170863 6.67681445 4.44542766] -242.00441650878298
[7.35170846 0.3358398  2.95611573 6.97696603 6.35936139 4.62041261] -242.05227662798293
[7.55956937 0.45569395 2.80099884 7.10281475 6.81572713 4.69896663] -242.04907067675148
[7.39066767 0.42380089 2.84943285 7.09855699 6.85108003 4.63162314] -241.95804559210316
[7.35730358 0.4338929  2.90247626 7.14684508 7.01740508 4.57224237] -241.9920788231753
[7.50934146 0.52089835 2.60110219 7.16410209 7.17405478 4.76533206] -242.06014310902515
[7.39111671 0.38210444 2.86736235 7.02375005 6.56303474 4.65664247] -241.9940963575352
[7.24532966 0.37651436 2.77834025 7.01189848 6.63345824 4.67266999] -242.09271852159708
[7.48100944 0.43589905 2.7953342  7.08008568 6.77015991 4.69239247] -241.98890897148658
[7.3988953  0.15093987 2.85040411 7.05736915 6.66279139 4.66453896] -241.98241602388134
[7.56096096 0.43743784 2.98196005 7.02707723 6.7513695  4.50649485] -242.01284398162127
[7.40072178 0.46458964 2.86401297 6.98871784 6.64826187 4.53496973] -241.91903266515837
[7.35959501 0.54445939 2.87663736 6.93368234 6.5825503  4.44523313] -241.90364965578001
[7.25561418 0.36767581 2.68570955 7.02929784 6.6203043  4.72249724] -241.98312373997652
[7.38029092 0.41819967 2.73975632 7.03447428 6.82772892 4.59430121] -241.95218492776266
[7.25682534 0.35850526 2.79325852 6.96293484 6.63979341 4.52585412] -242.04384364974229
[7.42496342 0.4165506  2.79481528 7.05079797 6.73756828 4.65075788] -241.94247878529418
[7.53867035 0.4430201  2.93925174 7.0208894  6.82873702 4.47183623] -241.96278053554448
[7.44198091 0.75711611 2.80417305 6.98065817 6.84156514 4.46556027] -241.98046164841185
[7.43120951 0.60557205 2.81573082 6.99983591 6.7968717  4.51530494] -241.94432456185876
[7.41335769 0.47239694 2.90803685 7.07039799 6.85610706 4.50647274] -241.89237233631866
[7.40581589 0.46952676 2.9801363  7.1177565  6.94145808 4.46143607] -241.88370585839175
[7.25884379 0.51634969 2.74625124 7.0574786  6.75034875 4.62771589] -241.93550715582913
[7.36290517 0.56641849 2.80167625 6.96611821 6.69442865 4.46662657] -241.86214910508747
[7.34902392 0.63772729 2.77779795 6.89989881 6.61610295 4.38412828] -241.8368291671517
[7.3628596  0.64519559 2.92403333 6.98534244 6.64723777 4.43389086] -241.91577019471015
[7.2891577  0.47103105 2.88415967 7.01514964 6.62821701 4.48574909] -241.83406774582704
[7.2181318  0.40376055 2.91837409 7.0228065  6.54388967 4.47097117] -241.8157299366571
[7.22645992 0.65578915 2.94626148 6.95485709 6.62296089 4.29036725] -241.88138869106135
[7.38178492 0.60246989 3.0614956  6.9139693  6.56771781 4.20095969] -241.83629889540086
[7.28407756 0.45938208 2.92953427 6.96231441 6.64432213 4.317141  ] -241.79996007938774
[7.24468654 0.36647533 2.93228474 6.9508004  6.64286431 4.25876608] -241.82637673594203
[7.26216966 0.53175919 2.99456254 7.02351853 6.72960021 4.26310136] -241.7618524242553
[7.21345699 0.52540909 3.05352513 7.06843662 6.80312516 4.17203547] -241.75677515787547
[7.15182915 0.62531926 2.91552654 6.82300441 6.32458146 4.15043155] -241.7491591859051
[7.02483577 0.70321551 2.88322166 6.67562837 6.01614315 3.9949293 ] -241.77660350098387
[7.30630819 0.42890024 2.93915638 6.94195293 6.54361883 4.27485514] -241.66777481660674
[7.34623233 0.31545578 2.93560383 6.93550085 6.50394781 4.26709909] -241.60774673143158
[7.18281366 0.33953826 3.16022187 7.00877855 6.51309172 4.14208438] -241.74170680186333
[7.0837289  0.28715179 2.90943298 7.02631115 6.54326818 4.30562786] -241.6759110494616
[7.20258106 0.44699153 3.04957411 6.91864217 6.56688915 3.98050195] -241.6312796477382
[7.10946981 0.38723982 3.07842722 6.96457684 6.44064569 4.0221191 ] -241.56878349223228
[7.02216593 0.35116869 3.15287369 6.96570806 6.33880748 3.87460815] -241.5550891531668
[7.11632669 0.26313268 2.98755255 6.82421177 6.12707011 4.06808219] -241.51665534166284
[7.06776154 0.13199448 2.95456626 6.70209935 5.78904258 4.01610555] -241.49940312363523
[ 7.14993200e+00 -1.21908320e-03  3.13856437e+00  7.02934229e+00
  6.42710084e+00  4.04491077e+00] -241.43740740707935
[ 7.14898342 -0.31448826  3.25008328  7.13251123  6.47836053  3.99215038] -241.42864386407473
[7.10767074 0.06655308 2.92382285 6.88481239 6.22701352 4.00327995] -241.29004694876897
[ 7.07009928 -0.06993952  2.80562334  6.8228293   6.08397441  3.93387774] -241.19707469340676
[ 7.20221228e+00 -9.08828151e-05  3.14000853e+00  6.79945250e+00
  6.04373914e+00  3.71581975e+00] -241.24471998540335
[ 7.0832372  -0.3089581   3.0300122   6.8673916   5.84573484  3.95271827] -241.19065622832224
[ 7.02356526 -0.68693292  3.02023124  6.84176631  5.48515768  3.93882643] -241.24531947039696
[ 6.85192088 -0.38556031  3.17545193  6.82782983  5.68927185  3.56132752] -241.2152298613298
[ 7.11923894 -0.66684955  2.96570816  6.75166321  5.63790031  3.84939159] -241.46417150568544
[ 7.09080246 -0.71395669  3.16772956  7.03179321  6.13728445  3.65232287] -241.08482638006225
[ 7.10232292 -1.13693227  3.2743112   7.19664014  6.31140539  3.47043152] -241.19109399082797
[7.02984624 0.06918496 3.22392812 7.07560601 6.4548881  3.75334725] -241.34644967208965
[ 6.96038936 -0.15528526  2.93083461  6.67578958  5.60660373  3.53098742] -240.89589539004226
[ 6.86609233 -0.07568376  2.77121027  6.44742875  5.17072534  3.30040594] -240.79680154449375
[ 7.0249419  -0.58724805  2.80608382  6.52330239  5.20202191  3.61881011] -241.35658220633715
[ 7.02862015 -0.09492329  3.11946705  6.9375301   6.14167155  3.71971297] -241.1036393096063
[ 6.79471182 -0.54958301  2.88315625  6.84548177  5.64581501  3.65763534] -240.88817510335997
[ 7.12593353 -0.21878781  2.75028095  6.82298841  5.98579668  3.84423018] -240.8868305658902
[ 6.92636655 -0.5840247   3.10166209  6.82804198  5.55836821  3.44179745] -240.82682191429635
[ 6.86093842 -0.43669498  2.90115652  6.77036315  5.7008189   3.25264998] -240.62716951897406
[ 6.74978903 -0.50056343  2.83672868  6.72184892  5.62836094  2.90261584] -240.5541865912563
[ 6.82261175 -0.78594317  2.71745555  6.62833091  5.23377865  3.21328958] -240.65071847869663
[ 6.67103254 -0.19090527  2.51910171  6.39958037  4.93699715  3.13433525] -240.43456109544698
[6.46114757 0.07062044 2.19478778 6.08347395 4.33685351 2.87534143] -240.4413188461336
[ 6.92589676 -0.23571971  2.6823235   6.43725802  5.19219398  2.9545894 ] -240.50295963334693
[ 6.52799612 -0.57215887  2.79254631  6.33117457  4.58767808  2.47144763] -240.63499145768478
[ 6.59477295 -0.2029667   2.33812659  6.16049854  4.69154317  2.55043043] -240.64783381399383
[ 6.56460739 -0.75373529  2.52421718  6.44546836  4.91945866  2.4418301 ] -240.39590115244368
[ 6.41386492 -1.09276106  2.40072064  6.44448816  4.79382532  2.01254218] -240.60937293949544
[ 6.52208651 -0.03273992  2.51355911  6.20361201  4.75163201  2.27179331] -240.5164984226397
[ 6.72569649 -0.55897413  2.95136557  6.68581555  5.3138971   2.84177342] -240.4401391475202
[ 6.85837345 -0.18538704  2.54988561  6.63335317  5.6598352   3.04419814] -240.29466785213978
[7.02356212 0.00799887 2.42855525 6.78444247 6.19591376 3.33057339] -240.42056759092964
[ 6.67277535 -0.15192369  2.41008887  6.21318024  4.62964376  2.66022403] -240.27289957973852
[6.63426852 0.02239617 2.19676897 5.9588459  4.13028518 2.53902812] -240.4525305152838
[ 6.95070748 -0.65947513  2.69876837  6.73460655  5.46570994  3.42052347] -240.46728819573676
[ 6.55516748 -0.59774714  2.53548561  6.60007673  5.11631996  2.89303873] -240.14106332358597
[ 6.36980284 -0.77876086  2.46206666  6.68148609  5.07838295  2.8622634 ] -240.14644786536206
[ 6.39851009 -0.15341573  2.46461314  6.25788492  4.72634067  2.25127642] -240.42095526950754
[ 6.51445894 -0.1187306   2.04976513  6.16403238  4.68230137  2.63319414] -240.3867263857667
[ 6.51693169 -0.46274123  2.32558347  6.37175156  4.97430272  2.17358527] -240.24686382551135
[ 6.82892801 -0.60333927  2.33372882  6.55140256  5.26761322  3.03074705] -240.27499714718232
[6.75093759 0.0471123  2.21062865 6.39913053 5.19054675 3.03649902] -240.14048205355954
[6.84410269 0.4475361  2.05383439 6.37596161 5.3260908  3.33383348] -240.3493448313692
[ 6.87991225 -0.53261143  2.73870188  6.75893255  5.59711917  2.97956995] -240.11147214609213
[ 7.06263891 -0.73955184  3.08317025  7.05638263  6.05452807  3.15275785] -240.41680937457224
[ 6.54317734 -0.58169644  2.30152016  6.33147155  4.59867999  2.54702322] -240.0036560652048
[ 6.38557929 -0.77985114  2.17733744  6.18053074  4.06810239  2.29843575] -240.10941592531944
[ 6.47737256 -0.15652994  2.50694073  6.34011182  4.76792423  2.39923302] -240.1263653172147
[ 6.56839095 -0.60948093  2.46286463  6.72064467  5.45198718  2.68275904] -239.94980483083333
[ 6.51619875 -0.83825956  2.4892525   6.97437689  5.86315889  2.69402654] -240.08915111196814
[ 6.74138769 -0.34757664  2.59313041  6.67837106  5.26655638  3.33912238] -240.13487315181445
[ 6.76522532 -0.12918055  2.40244322  6.47614399  5.17461794  2.76836347] -239.86309831856337
[6.87025424 0.10510274 2.33592202 6.41417763 5.20376694 2.70602584] -239.88292693535325
[ 6.57421779 -0.83280428  2.79123836  6.70276135  5.09508154  2.53552467] -240.1462484749144
[ 6.70675764 -0.17286684  2.35578108  6.47503823  5.16668045  2.91125543] -239.98020741212423
[ 6.57222432 -0.37987874  2.32962015  6.35574322  4.98577995  2.09027899] -240.16166658847786
[ 6.69909685 -0.35565216  2.52725285  6.5977141   5.19636227  3.02691153] -239.97429012509735
[ 6.91014756 -0.63729951  2.42258054  6.77986988  5.62722477  3.23939453] -240.0304510111811
[ 6.5176863  -0.29611406  2.08544561  6.36802826  4.80806503  2.7456658 ] -239.79578561183038
[ 6.33657332 -0.17786537  1.75881748  6.17257611  4.41353796  2.62871372] -239.82751373550698
[ 6.35663057 -0.07769748  2.28918865  6.20981039  4.50490619  2.32126497] -240.07433401226663
[ 6.77176831 -0.49739901  2.38923256  6.637355    5.34664512  3.00986214] -239.90245160709424
[ 6.79979778 -0.10520141  2.43948649  6.76016987  5.78277267  3.16791592] -239.9142374939645
[ 6.66723087 -0.49147586  2.41312737  6.71164707  5.42013629  2.8892372 ] -239.73745214291907
[ 6.64746749 -0.65078037  2.44180052  6.82995148  5.54686421  2.87822809] -239.6848838101984
[ 6.65768186 -0.40706661  2.21317149  6.66638367  5.50728845  2.72401995] -239.69912891580182
[ 6.8181514  -0.0857664   2.19432867  6.52536609  5.2700973   3.08192608] -239.7722871624303
[ 6.59286245 -0.58356759  2.13598754  6.40757296  4.76842001  2.56810592] -239.7347934516652
[ 6.56125662 -0.22009285  2.10182645  6.45379381  5.01180585  2.57890763] -239.5353273184077
[ 6.45600078 -0.08143978  1.9581234   6.36201321  4.84438622  2.36343038] -239.45297603486623
[ 6.46472478 -0.57239772  1.94050919  6.57696123  5.0737558   2.6854286 ] -239.46844778528947
[ 6.69460995 -0.49755877  2.20919466  6.75472129  5.5288723   2.68804721] -239.3943395246414
[ 6.78307178 -0.59828112  2.27106918  6.9480678   5.88927593  2.65923792] -239.3355484501614
[ 6.38245164 -0.87874466  2.12589177  6.73828403  5.27323291  2.21089087] -239.58934352585393
[ 6.53760366 -0.47933583  2.18086765  6.96631418  5.94318116  2.60563934] -239.44114725050494
[ 6.43275818 -0.67992655  2.09291574  6.80748031  5.34961029  2.41026511] -239.2128924771682
[ 6.32029633 -0.81635652  2.03278787  6.87802864  5.27077121  2.25338769] -239.16588657163354
[ 6.3339155  -0.49140484  1.72794917  6.65993821  5.21800353  2.04777685] -239.10924885461083
[ 6.17713951 -0.41171707  1.37102349  6.57493158  5.0535732   1.63255122] -239.16239740031054
[ 6.58275264 -0.13432727  1.91121038  6.72549039  5.47322504  2.66074273] -239.04261926184637
[6.68290313 0.23788142 1.80386968 6.71909357 5.57322111 2.88566866] -239.10921774521455
[ 6.53982212 -0.29465074  2.08682668  6.93632292  5.80585857  2.17797637] -239.1823584762497
[ 6.57648656 -0.856679    2.11211358  7.3427075   6.35571892  2.43815659] -239.3272435281462
[ 6.50784465 -0.584564    1.8664513   6.86387097  5.39443658  2.14012004] -238.9352121646383
[ 6.49296514 -0.63717808  1.70924313  6.81264937  5.12006429  1.90736038] -239.05838897413466
[ 6.17063416 -0.46104633  1.64137715  6.85405175  5.28339536  1.91348217] -238.99963562089155
[ 6.24193524 -0.0707709   1.6434206   6.29652679  4.45951117  1.95967203] -239.1915726712999
[ 6.32557307 -0.26724793  1.76059385  6.55807197  4.93356311  2.07929317] -239.003111921538
[ 6.20718333 -0.62366489  1.55996322  6.57682773  4.71860637  2.18695784] -238.91600201133633
[ 6.04086393 -0.78817197  1.29653148  6.39708013  4.17498028  2.19144858] -239.10433635151554
[ 6.38900478 -0.03772857  1.45639382  6.5347217   5.06963879  2.08940323] -238.88537197165405
[6.42335901 0.35158541 1.1681968  6.36306824 4.96907258 2.00741101] -239.11756333761957
[ 6.3937487  -0.21145482  1.67071407  6.71107329  5.07295155  2.30888955] -238.85106925032053
[ 6.4236653  -0.07147981  1.64209653  6.73664083  5.00042556  2.4394459 ] -239.07099475805984
[ 6.08191026 -0.59424157  1.40728742  6.64071541  4.68430554  1.57863927] -239.06071590946746
[ 6.45754204 -0.24930585  1.78522964  6.70429665  5.27599517  2.39021686] -238.89212492195168
[ 6.38307949 -0.45534023  1.56611589  6.85687539  5.33811149  2.26373006] -238.71948182784902
[ 6.4118327  -0.54938638  1.46887691  7.0062771   5.54038569  2.35594851] -238.69710745202806
[ 6.61841791 -0.29098851  1.62783251  6.6116374   5.07394269  2.57702984] -238.9277060517216
[ 6.31806517 -0.06961234  1.32321875  6.51774032  4.85607017  2.49602858] -238.7985471093065
[ 6.10737433 -0.28939578  1.46029963  6.73867486  5.10393989  2.03211835] -238.8807950319327
[6.48533925 0.15470365 1.49494772 6.82743358 5.58772071 2.37057719] -238.8504924228236
[ 6.24424627 -0.08498557  1.17292066  6.74101031  5.13424043  2.16077161] -238.6999700933086
[ 6.26453069 -0.31231518  1.40726543  6.97934812  5.36213069  2.48537469] -238.81013926420255
[ 6.5985466  -0.06828777  1.38568155  6.85561938  5.41389319  2.69374502] -238.84929386317128
[ 6.38043819 -0.09850637  1.08025627  6.93140298  5.55852875  2.54525899] -238.64298749902966
[ 6.37378293 -0.04203215  0.78502736  7.04156782  5.80131735  2.66344371] -238.74306728166948
[ 6.25388062 -0.54906818  1.11779213  6.84969915  5.03402893  2.54179862] -238.64643438251915
[ 6.02578461 -0.4863369   1.13776183  6.81953995  5.08123503  2.16798197] -238.7204100403485
[ 6.2802185  -0.30031674  1.02634342  6.64254182  5.03936564  2.27055473] -238.6766171531918
[ 6.21406846 -0.61992104  1.01143165  7.14575012  5.60652465  2.1847429 ] -238.80327088449462
[ 6.29206599 -0.20718951  1.24527198  6.67474277  5.04368379  2.41820716] -238.64703721118659
[ 6.59510947 -0.11014735  1.23272529  6.79568476  5.36884271  2.5961979 ] -238.77158464251352
[ 6.16811583 -0.39228951  1.16150269  6.81357615  5.15313695  2.27503596] -238.6211291097059
[ 6.351271   -0.61393333  1.19376047  6.89840302  5.32213615  2.64149638] -238.6397317387237
[ 6.16349735 -0.17104817  0.80609875  6.59717819  4.84324105  2.5415021 ] -238.70490843841486
[ 6.34974886 -0.45480183  1.30318237  6.90400238  5.36609953  2.40233691] -238.61209148241545
[ 6.31828833 -0.47161285  1.34091188  7.04806699  5.45317239  2.67082327] -238.7398795930548
[ 6.28973596 -0.34314076  1.10498554  6.74392311  5.14281733  2.37062187] -238.6025889036388
[ 6.30566416 -0.61005715  1.07522118  7.03892616  5.48189875  2.50730908] -238.62767075723494
[ 6.36111071 -0.28850814  1.18851071  6.92704545  5.64084355  2.37222111] -238.64017792695827
[ 6.22811065 -0.80240387  1.26213139  6.84388911  5.14378201  2.31108145] -238.71648667859495
[ 6.3423563  -0.27448075  1.12572505  6.90952451  5.45484206  2.4867146 ] -238.5922157648952
[ 6.24118666 -0.60772631  1.13294839  6.84240633  4.9994667   2.52228382] -238.65237971418412
[ 6.3311297  -0.36831268  1.17462013  6.90588567  5.48049934  2.40973679] -238.59679272663342
[ 6.2443126  -0.20042756  1.12131851  6.87354297  5.37096184  2.17575535] -238.66435602409612
[ 6.3245314  -0.51055689  1.17564998  6.89218801  5.33434257  2.52506112] -238.59527589016741
[ 6.29620852 -0.17113699  1.27333407  6.68410711  5.16201384  2.31586   ] -238.6726943172002
[ 6.30330025 -0.50032711  1.1247494   6.9502214   5.40192753  2.45944681] -238.5916954993038
[ 6.47881833 -0.42491716  1.17480146  6.95500554  5.57370584  2.60960341] -238.63085862435653
[ 6.24579145 -0.40044643  1.16482739  6.8489335   5.25827917  2.35867782] -238.59219671404983
[ 6.26253283 -0.34428638  0.98700346  6.84622302  5.32480314  2.46774943] -238.58574512153558
[ 6.21892481 -0.28902865  0.82891401  6.81733335  5.30415495  2.50045569] -238.62877423015715
[ 6.31347802 -0.45632931  1.14587293  7.04040225  5.60874728  2.53184032] -238.61546170615748
[ 6.29567147 -0.3714379   1.11520738  6.8180429   5.25929982  2.41092648] -238.58324938551377
[ 6.26026487 -0.43219914  1.05643409  6.84915878  5.19733209  2.49312197] -238.5824473055225
[ 6.22483246 -0.46414236  0.99734107  6.82079533  5.05574846  2.53481456] -238.60824365180116
[ 6.24544099 -0.26383568  1.01566561  6.84851336  5.2978187   2.36715125] -238.5873749557003
[ 6.19531099 -0.49636346  1.02890407  6.81083981  5.12497808  2.36564331] -238.5936761791566
[ 6.30559497 -0.32995143  1.1015198   6.88485333  5.37237607  2.45644678] -238.578273863468
[ 6.31181034 -0.34689945  0.9686992   6.8834041   5.35957327  2.52626975] -238.58530519928195
[ 6.25713824 -0.19587621  0.95676045  6.75984377  5.20180683  2.44777507] -238.60033069277594
[ 6.29175975 -0.42421439  1.08275216  6.90262699  5.35189735  2.45652888] -238.57805770617466
[ 6.33043709 -0.48582722  1.08820642  6.87958968  5.32394188  2.56986318] -238.59747784110758
[ 6.26669001 -0.31933356  1.03380081  6.85628244  5.30434949  2.41782923] -238.57667903507513
[ 6.31473098 -0.39705891  1.13246769  6.88523316  5.29013956  2.45262493] -238.59270096615802
[ 6.27558237 -0.35747951  1.02336952  6.85597556  5.31613724  2.4639683 ] -238.57675575312666
[ 6.25337747 -0.39797252  1.16899539  6.83890923  5.24089075  2.37333746] -238.59046564215635
[ 6.29720212 -0.35966772  1.01877325  6.87228038  5.32990264  2.48803668] -238.57608734614746
[ 6.27002656 -0.36951068  0.99034249  6.9223496   5.36469848  2.51438413] -238.58441287404196
[ 6.28926024 -0.37095609  1.08399116  6.84411957  5.28564948  2.43679089] -238.5766831134736
[ 6.31509829 -0.2883351   1.05830147  6.88955398  5.45610534  2.41341162] -238.5901852752546
[ 6.27397323 -0.39623313  1.05690094  6.85925758  5.2620254   2.47319438] -238.57641947449565
[ 6.2592276  -0.41267671  0.99834281  6.84532751  5.2442778   2.45566934] -238.57939417072774
[ 6.29400313 -0.35063275  1.07572555  6.87497188  5.3403515   2.45625242] -238.57518403223236
[ 6.27381062 -0.29388653  1.01476825  6.81833548  5.2609079   2.45549509] -238.57998744484823
[ 6.28727247 -0.39163242  1.06575618  6.88155411  5.32914999  2.45627043] -238.57475661871757
[ 6.2938847  -0.37200571  1.08827978  6.8735131   5.30100559  2.44548971] -238.5780552420495
[ 6.28015795 -0.36111106  1.03959708  6.86035994  5.31235433  2.45934866] -238.57484877477037
[ 6.27717273 -0.35524745  1.01286011  6.89078254  5.34039497  2.48018637] -238.5761585669762
[ 6.30323719 -0.41884128  1.05607023  6.8901197   5.33371012  2.51993375] -238.57810771697302
[ 6.27582681 -0.34421049  1.03936817  6.86474176  5.31168965  2.44335536] -238.57486621431732
[ 6.29657184 -0.32460084  1.02712584  6.88897262  5.39258896  2.45462226] -238.57775242980753
[ 6.27962288 -0.37832505  1.04945716  6.86668634  5.29466629  2.46855135] -238.57449701787138
[ 6.29418906 -0.37327905  1.08336569  6.8494156   5.2989765   2.44375193] -238.57631994744767
[ 6.28142681 -0.35975535  1.0304865   6.8804408   5.33004035  2.47107776] -238.57501099355747
[ 6.26890122 -0.36888799  1.08135697  6.87063789  5.30951473  2.43024865] -238.57615756771656
[ 6.2901269  -0.36197279  1.03441918  6.87186976  5.32480566  2.47358967] -238.57471185154947
[ 6.27080814 -0.38170297  1.01063587  6.86691236  5.29388392  2.46781199] -238.57530889141856
[ 6.28820438 -0.3584003   1.05945313  6.872957    5.32873461  2.45914231] -238.57453749109422
[ 6.28564365 -0.37212869  1.06553046  6.85894883  5.30375982  2.44900817] -238.57474727374313
[ 6.29451593 -0.39697961  1.06536957  6.87271691  5.31946725  2.47861484] -238.57526694168274
[ 6.28049909 -0.35740277  1.04586852  6.86673554  5.31363405  2.45217023] -238.57445236292546
[ 6.29029851 -0.37884295  1.06723113  6.87922392  5.31922914  2.46022873] -238.57532576140608
[ 6.28269309 -0.36554403  1.04650559  6.86507594  5.31407303  2.45956867] -238.5744438159719
[ 6.28165753 -0.33962546  1.03465517  6.85253702  5.29740783  2.46440637] -238.57488452850222
[ 6.28586873 -0.37863068  1.05798093  6.87429984  5.32121445  2.45830442] -238.57444064358606
[ 6.28336137 -0.36129652  1.03236437  6.88025931  5.32861621  2.47476738] -238.57489179851632
[ 6.28507308 -0.36942065  1.05723894  6.86427645  5.30997392  2.45544797] -238.5743928263781
[ 6.27719352 -0.37393504  1.07108225  6.86480728  5.30262645  2.44413865] -238.57475857416622
[ 6.28689355 -0.36496335  1.04358495  6.87010414  5.31926086  2.46622691] -238.57440376033293
[ 6.27867909 -0.37969521  1.0407589   6.86276909  5.2955396   2.46094754] -238.5744411251667
[ 6.286946   -0.36022718  1.04785544  6.86773399  5.32989901  2.4490039 ] -238.5747772352307
[ 6.28145366 -0.37380058  1.04905673  6.86694825  5.30347447  2.46366449] -238.5742541027587
[ 6.28638798 -0.3866154   1.05250683  6.86775569  5.30754473  2.46921644] -238.57459698537707
[ 6.28197131 -0.36470593  1.04752809  6.86699058  5.31211172  2.45643178] -238.57439663922344
[ 6.28395339 -0.37819477  1.05221059  6.87005351  5.30645197  2.46077236] -238.5744242285147
[ 6.28972548 -0.36354344  1.06177451  6.87478851  5.32862287  2.4593351 ] -238.57460569945985
[ 6.28144069 -0.37565727  1.0460128   6.86577394  5.30381041  2.46054443] -238.57429663782554
[ 6.28105983 -0.36361683  1.04056311  6.86041579  5.29714667  2.4627249 ] -238.57443591188678
[ 6.28226206 -0.3673703   1.04491756  6.8638868   5.30316361  2.46161978] -238.57441342450608
[ 6.2824114  -0.36044459  1.04390244  6.86260654  5.31081303  2.46053943] -238.5744725715014
[ 6.28356789 -0.37375722  1.05013355  6.86819177  5.30754224  2.46071413] -238.57431256558877
[ 6.28453801 -0.37339804  1.05293413  6.87020825  5.31556093  2.45939013] -238.57433919150867
[ 6.27912133 -0.37861655  1.05738314  6.86402561  5.29823037  2.45250406] -238.57439112828052
[ 6.28309357 -0.38351084  1.056725    6.86615084  5.30075239  2.46098995] -238.57437898262535
[ 6.27933197 -0.38349285  1.04684284  6.86948977  5.29981635  2.46382109] -238.57436196933202
[ 6.28535394 -0.37592239  1.04318521  6.871562    5.31208856  2.47053734] -238.5744562760032
[ 6.28067948 -0.37794301  1.05383366  6.86590971  5.30169492  2.45701238] -238.57436577858994
[ 6.28057699 -0.36917215  1.04287957  6.86935639  5.30988071  2.46072559] -238.57433939512347
[ 6.28295692 -0.37181637  1.04211955  6.87074642  5.31166679  2.4659409 ] -238.5743773796325
[ 6.28124884 -0.37641135  1.05090513  6.86711888  5.30418788  2.45924451] -238.5742549198408
[ 6.28494339 -0.36390602  1.05046446  6.86637606  5.31500253  2.45760667] -238.5743331420729
[ 6.28515384 -0.37647134  1.05695603  6.865516    5.30664544  2.45966252] -238.57435845314976
[ 6.2817212  -0.37099695  1.04639868  6.86839629  5.30907189  2.46045983] -238.5742595081856
[ 6.28025389 -0.37144509  1.04472299  6.86406015  5.29880222  2.46135456] -238.5743800081223
[ 6.28346698 -0.3729098   1.05088134  6.86867122  5.31137125  2.45988123] -238.57425744888573
[ 6.27935636 -0.38393837  1.04733162  6.8686574   5.29815018  2.4638962 ] -238.57437773307143
[ 6.28354664 -0.36891411  1.04968125  6.86694639  5.31078945  2.45917905] -238.57429493429254
[ 6.28072478 -0.37247279  1.04751177  6.86642656  5.30669288  2.46027705] -238.5743450973974
[ 6.28285711 -0.37343612  1.0494781   6.86775047  5.3073299   2.46060486] -238.5742650857305
[ 6.28332412 -0.36983237  1.05278761  6.86950323  5.31159787  2.46046689] -238.57428579145002
[ 6.281144   -0.37688161  1.05015462  6.86918306  5.30488831  2.46226155] -238.5743097770845
[ 6.28294598 -0.37090598  1.04979959  6.86750556  5.30931416  2.45994968] -238.57427088513487
[ 6.28124047 -0.37632123  1.04605225  6.86596033  5.30331865  2.4608013 ] -238.57427742230692
[ 6.28176138 -0.37469901  1.04773609  6.86684605  5.30538846  2.4607177 ] -238.57424429644786
[ 6.28122375 -0.37651195  1.04835244  6.86773817  5.30429379  2.46157453] -238.57424579473837
[ 6.28076816 -0.3750071   1.0482987   6.86748916  5.30526602  2.46124257] -238.57430258213793
[ 6.28233487 -0.37382886  1.04918325  6.86768514  5.30681393  2.46076429] -238.57425892193183
[ 6.28210863 -0.37839024  1.05230631  6.86660628  5.30277136  2.46148909] -238.57428242753062
[ 6.28181806 -0.37284527  1.04787559  6.86794879  5.30749676  2.46071714] -238.57423027667306
[ 6.28132268 -0.37523046  1.04908586  6.86740532  5.30525694  2.46116891] -238.57427035385018
[ 6.28208183 -0.37417926  1.0491589   6.86761518  5.30642468  2.46086544] -238.57426498199797
[ 6.28178972 -0.37377214  1.04780584  6.86739742  5.30644261  2.46071742] -238.5742838191748
[ 6.2815209  -0.37467861  1.04811401  6.86784348  5.30589528  2.46114584] -238.57426950364123
[ 6.28163586 -0.37332293  1.04846616  6.86744852  5.30548562  2.46219081] -238.5742269983803
[ 6.28153345 -0.37462831  1.04939036  6.86753384  5.30584232  2.45998083] -238.57422250403312
[ 6.28264252 -0.37287754  1.04937847  6.86831001  5.30943401  2.46029919] -238.57425405085897
[ 6.28207647 -0.37333707  1.04852942  6.86781696  5.30715534  2.46074071] -238.57425733118012
[ 6.2819527  -0.37345777  1.0494455   6.86823644  5.30732717  2.46097409] -238.57426582260203
[ 6.28236545 -0.37214435  1.04958115  6.86792137  5.3083518   2.46048842] -238.57424551344084
[ 6.28207124 -0.37292739  1.04829489  6.86742339  5.30726145  2.46049828] -238.57423065000268
[ 6.28194572 -0.37291153  1.04913279  6.86771167  5.30746864  2.46065084] -238.57424022820607
[ 6.28114741 -0.37338239  1.04820185  6.86701919  5.30453486  2.46120959] -238.57433300284856
[ 6.28226874 -0.37300375  1.04908431  6.8679873   5.30820922  2.46052679] -238.57424484228258
[ 6.28139224 -0.37440204  1.04783355  6.86742979  5.30556954  2.46103315] -238.5742381014665
[ 6.28119678 -0.37400874  1.04791347  6.86717803  5.30483223  2.46116356] -238.57426293362946
[ 6.28200075 -0.373255    1.0487916   6.86778498  5.30736497  2.46068598] -238.57423281918372
[ 6.28153814 -0.37421545  1.04775126  6.8674781   5.30553825  2.46105122] -238.57424972743274
[ 6.28184383 -0.37323751  1.04878741  6.86765328  5.30698604  2.46075094] -238.57422666642373
[ 6.28224215 -0.37233676  1.04936846  6.86783447  5.30790952  2.46057485] -238.57423754314524
[ 6.28202967 -0.37285308  1.04898473  6.8677333   5.30732452  2.46068942] -238.5742984117805
[ 6.28168864 -0.37393291  1.04908888  6.86759356  5.30641418  2.46036588] -238.57423132474594
[ 6.28158465 -0.37397562  1.04892826  6.86749118  5.30566397  2.46108582] -238.57424348365777
[ 6.28167575 -0.37373679  1.04863298  6.86774131  5.30666954  2.46034898] -238.57422434118163
[ 6.28180234 -0.37377785  1.04884262  6.86747861  5.30655189  2.46023956] -238.5742722473096
[ 6.2817671  -0.37394165  1.04909098  6.86765941  5.30660365  2.4603334 ] -238.57423387725788
[ 6.28146285 -0.37451518  1.04861195  6.86748181  5.30570593  2.46050699] -238.57422610558106
[ 6.28143514 -0.37446564  1.04907185  6.86768842  5.30574798  2.46063441] -238.57428024165054
[ 6.28171054 -0.37394979  1.04889993  6.86753106  5.30635091  2.46033827] -238.57422846252777
[ 6.28169479 -0.37425926  1.04897677  6.86768915  5.30686488  2.45953896] -238.57423669159218
[ 6.28166726 -0.37418835  1.04896464  6.86763966  5.30656465  2.45992568] -238.57426723965386
[ 6.2816046  -0.37418255  1.04901167  6.86763757  5.30625593  2.46016491] -238.57428675080217
[ 6.28149815 -0.37457174  1.04900116  6.86750783  5.30577413  2.46024391] -238.57424431873625
[ 6.281622   -0.37428905  1.04914515  6.86753245  5.30609662  2.46015955] -238.57423595212455
[ 6.28161104 -0.37428061  1.04923962  6.8675637   5.30612825  2.46017335] -238.5742178737795
[ 6.28165027 -0.37428498  1.04924067  6.86759662  5.30622298  2.46015712] -238.5742380601988
[ 6.28155905 -0.37430196  1.04915931  6.86751251  5.30575315  2.46053332] -238.57424514416448
[ 6.28155339 -0.374603    1.04938042  6.86744474  5.30568322  2.46025112] -238.57427515906065
[ 6.28156619 -0.37449789  1.04928823  6.86749295  5.3058264   2.46022957] -238.5742179118809
[ 6.28160132 -0.3745489   1.04927575  6.86756329  5.30621042  2.45978145] -238.5742316883421
[ 6.28169661 -0.3742715   1.04952544  6.86758645  5.30633487  2.45991671] -238.57426209705108
[ 6.28154776 -0.37449668  1.04913223  6.86752748  5.30591431  2.46016211] -238.57423806492986
[ 6.28164699 -0.37434656  1.04939437  6.8675668   5.30619468  2.45999851] -238.5742288873732
[ 6.28154339 -0.37457879  1.04933716  6.86748771  5.30587658  2.45995064] -238.57430509482356
[ 6.28162355 -0.37435843  1.04926479  6.8675694   5.30613638  2.4601055 ] -238.57423320467674
[ 6.28157219 -0.37459785  1.04947256  6.8675642   5.3060162   2.45993019] -238.5742234571884
[ 6.28155351 -0.37460827  1.04942217  6.86752553  5.30593638  2.4599258 ] -238.57423567318352
[ 6.28160604 -0.37442089  1.04930414  6.86755843  5.30608638  2.46006057] -238.57423367829102
[ 6.28158862 -0.37438925  1.04926393  6.86752832  5.30597732  2.46020146] -238.5742670116797
[ 6.28157225 -0.37445446  1.04931499  6.86754877  5.30598529  2.46007709] -238.57429507406442
[ 6.28159162 -0.37443923  1.04935609  6.86756395  5.30607223  2.46005177] -238.5742871270545
[ 6.28162902 -0.37431359  1.04931699  6.86756525  5.30616147  2.46008593] -238.5742295938054
[ 6.28160618 -0.37441475  1.04925769  6.86756349  5.30616934  2.4599774 ] -238.57422274618543
[ 6.2816173  -0.37431952  1.04925221  6.86756655  5.30613232  2.46013943] -238.5742832802997
[ 6.28164234 -0.37426452  1.04924719  6.86756832  5.30622836  2.46013269] -238.57423388147436
[ 6.28163989 -0.37422152  1.04916978  6.86755459  5.30619346  2.46018499] -238.57422999332732
[ 6.28162173 -0.37430856  1.04924619  6.86754801  5.30615375  2.46011252] -238.57422795088763
[ 6.28166145 -0.37421193  1.04922856  6.8675928   5.30636755  2.46002083] -238.57423394578566
[ 6.28164324 -0.37425626  1.0492374   6.86757668  5.30626999  2.46006599] -238.57423711626112
[ 6.28160861 -0.37434768  1.04924865  6.86756359  5.30614879  2.46007538] -238.5742703797144
[ 6.28161639 -0.37429458  1.04924291  6.86755585  5.306141    2.46014294] -238.57422855374458
[ 6.28162003 -0.3742971   1.04927831  6.86756447  5.30614486  2.46012964] -238.57424840860912
[ 6.28162546 -0.37425106  1.0492047   6.86755914  5.30616085  2.46017917] -238.57424023027656
[ 6.28162669 -0.37427257  1.0492434   6.86756601  5.3061783   2.46015302] -238.57423858284858
[ 6.28159983 -0.37433493  1.04925177  6.86754601  5.30605279  2.46018741] -238.5742434940913
