[ 1.05336675 -3.07292088 -1.329239   -0.68466075 -0.91054152 -0.70316561] -375.0821425290801
[ 0.23809014  1.11366813 -1.31762378  0.91729719  0.02613584  0.58436671] -360.5945092981298
[ 0.84267237 -0.72294423  1.67045363 -0.36850393  0.10176126 -2.13711032] -376.1227408552921
[-0.49050145 -0.05820555 -0.82160797 -1.96993505 -2.57115373 -0.97138224] -391.3745189641994
[-0.38242207 -0.24127557 -0.25912904  2.70968626 -1.78467089 -1.20137624] -333.57298457468397
[-1.11818033 -1.32223468 -0.1768253  -1.60448216 -0.16871758 -0.97642139] -398.34714829818876
[0.21109154 2.18393311 0.07712834 0.06328827 0.94673267 0.09445207] -396.11932171202636
[ 1.60894609  1.05631968 -0.48318063  1.82687282 -1.22852788 -0.46831715] -312.9399931808705
[ 2.9725093   2.24559687 -0.6363583   3.54255031 -1.75843303 -0.21426504] -296.20198689558595
[ 1.2001468  -2.42929352 -0.97496316  1.3188564  -3.24570003 -1.64209631] -343.00083724601575
[ 2.46528922 -0.97751752 -0.12734524  4.44834354  0.04733761 -0.79983336] -286.6760820982136
[ 3.94318455 -1.4371735   0.21978612  7.65748283  1.35658328 -0.71405892] -310.72270985712254
[ 1.67298768 -0.3976366  -3.21867314  4.45252824 -2.6437186   0.81165371] -315.5145708351321
[ 1.6688336   2.84410148 -0.84879188  6.4810814  -2.20914152 -0.11735123] -394.0475917968803
[ 1.20723347 -1.59366529 -1.20912722  1.10677478 -1.23519152 -0.55671202] -335.9759713695027
[ 2.80715799 -2.24493201 -0.82424159  4.94228265 -3.56626132 -1.78524313] -349.14789908701107
[ 2.16489103 -1.40528197 -0.94758714  3.93603629 -2.66816203 -1.19284067] -313.42080697414843
[ 2.16668274  1.63936683 -1.15777687  5.41311674 -0.10191279  0.59097177] -292.4298894907432
[ 2.4794125   1.88141597 -0.90649602  7.06064567 -1.73466173 -0.11185126] -397.7341619308138
[ 1.52527822 -0.72489498 -1.13346942  2.59524251 -1.36005907 -0.44549683] -309.17792263058664
[ 4.70496814  0.36781978 -2.147941    5.41958628 -1.04364508  0.78477277] -305.42202247256404
[ 3.66021853  0.77933293  1.16851382  3.99909698  0.34876047 -1.23721749] -280.065277690736
[ 4.65383396  1.3678177   3.3621073   3.77238135  1.845      -2.26165309] -285.954708952592
[ 3.66675769  2.51518327 -0.3972052   4.53660916  1.37884473  0.75248461] -271.6469827388498
[ 4.41769102  4.4754159  -0.12201423  4.8368956   3.40234811  1.72514725] -268.8086757353162
[5.27050809 3.56823324 0.12582881 6.62462064 1.65821083 0.72868879] -317.7527375135935
[ 2.46158569  0.34838708 -0.81864486  3.60258704 -0.60549159 -0.15195042] -289.1743411154431
[ 1.34302403  2.46904092  1.5833991   3.19461045  1.487848   -0.81382186] -325.68898556425177
[ 3.86448211  0.89312506 -1.21510597  4.86334232 -0.41077181  0.38512411] -282.2169580438116
[ 3.37280713  0.14043989 -0.12109949  5.51191043  2.65185636  0.38501232] -271.42967162418404
[ 4.58067516  0.24702762  0.74587821  3.67427524  1.91325917 -0.48887764] -287.5786162128313
[4.99213537 1.50422089 0.92825389 5.508701   3.25642156 0.14173549] -260.4182306235702
[6.25741021 2.08213779 1.80170327 6.46175798 5.18737814 0.28857844] -256.20280139798285
[ 3.43195758  2.21728373 -0.28432749  6.36617371  1.82904379  0.73781473] -282.0096367267604
[5.86956631 4.50676262 0.53656854 6.23138214 4.28886741 1.56131981] -267.9075536550662
[5.13873482 3.84066589 2.20822078 6.27239662 6.31352323 0.76842758] -262.9475587687226
[6.1401851  3.05763461 2.10829172 4.7383062  5.56853412 0.42594125] -278.4152653524672
[6.73857966 5.2550193  0.96870971 7.35178601 8.78874199 2.95535971] -256.7320367546249
[ 4.45807795  3.70917919 -0.35092886  7.48373672  4.64237096  2.13534046] -282.4765594651504
[5.71965831 3.22052076 1.49348658 5.42466383 5.33699333 0.85329105] -262.02086009516955
[8.00773964 7.65306753 2.41665771 6.68105029 8.45409438 2.33236229] -280.1047216895503
[4.53154026 2.0185968  0.51333981 5.8041954  4.10241587 0.87184981] -260.7046489971768
[7.0008055  2.49915182 2.62935713 7.67849839 7.93695855 0.70779488] -258.68475105655733
[5.92600994 1.7986015  2.66837055 6.76638394 8.26646963 0.58711401] -264.76169272166
[5.91189904 2.47564178 2.13542005 6.63263349 7.27206907 0.83066546] -256.27473093534616
[6.91456284 2.00969019 0.9724514  6.84544841 6.56132908 1.40075221] -251.4400265893105
[7.80247686 1.09420234 0.35456672 7.1319743  6.68523201 1.71691452] -258.79779890994
[6.73194086 2.22622514 1.51350722 8.16677606 7.9459709  1.49837579] -262.34408902809605
[5.97272895 2.97194685 1.49849174 6.11019189 5.98923772 1.01456223] -254.9926452253069
[8.40045514 3.74593245 2.82203796 7.88924332 9.80948899 1.52738783] -265.4525801803981
[5.49876898 2.45043071 1.09051435 6.32545738 5.52918415 1.03573432] -254.42695389158783
[5.43051106 3.24913705 0.19307304 5.56392666 5.17235484 1.80075591] -260.264943777286
[6.60823189 2.68664813 2.02028611 7.14985546 7.24580762 0.98103514] -253.00354152688902
[ 5.64928764 -0.36285415  2.20424593  5.82332886  3.80625994 -1.10491711] -263.65343271591314
[6.46625666 3.85055094 1.27759377 6.96967172 7.54312148 1.9402905 ] -252.12896385933078
[6.66075414 2.87482642 0.7515935  6.65482745 5.41328366 1.38965215] -258.3212573927954
[6.09911281 2.57543794 1.78946341 6.63818198 6.80737272 0.97041213] -252.8394737616511
[6.26247717 3.4327638  1.08123032 6.88451097 8.03797278 2.15901707] -251.79032808579674
[6.64374117 2.69656039 1.24535472 7.49418342 7.91902489 1.81451823] -250.68108490421093
[6.97924728 2.55886716 1.11878621 8.18617918 8.88391847 2.21449622] -255.33705107304252
[7.49935853 3.30011975 1.70494556 7.66849327 9.17569205 2.05294078] -252.13795449459025
[6.68693784 3.26839287 0.67006028 7.01697446 8.10236338 2.46494183] -249.397403191809
[ 6.72629081e+00  3.55926525e+00 -5.05262792e-03  6.95053397e+00
  8.53064126e+00  3.20689518e+00] -251.2231225146396
[7.39199859 3.61058804 0.52774861 7.6549121  8.97246183 2.97374141] -252.50123269878196
[7.06877715 3.35180052 0.84317731 7.40072957 8.43118955 2.47290909] -250.17159466608499
[5.84822574 2.90313315 0.32501037 6.53534625 6.35597501 2.0312022 ] -251.99284168003862
[6.67531731 2.03689603 0.43483437 7.08939264 7.59283009 2.17415637] -248.9023349646554
[6.77984764 1.13006858 0.01345467 7.1492531  7.61768439 2.29108931] -250.6539301028492
[7.56904542 2.69556812 1.42402576 7.70840025 9.19226158 2.13089607] -250.16045406015328
[7.59031674 1.92020557 0.78207096 7.63386528 7.89502674 1.99370752] -255.1164528324295
[6.59443706 3.05462424 1.00644048 7.07184955 8.00223627 2.11768969] -249.32332304521148
[6.83152247 3.69159053 0.90217957 7.74839489 9.85197284 2.99095155] -249.0107901488087
[7.16493791 3.33639705 0.51488454 7.18439703 9.13859302 2.96932997] -249.44456638607434
[6.77195553 2.67602243 0.80763103 7.20574003 8.8622295  2.47641274] -249.71560415862888
[6.00599062 3.32573961 0.02131766 6.73051596 7.99114678 2.93359799] -255.61563709872016
[7.17828172 2.85311099 1.07334874 7.46392917 8.89198288 2.33157155] -248.2866140298601
[6.93852258 3.40431481 0.72628497 7.31923922 8.33109665 2.53980091] -249.69605566087398
[6.89688082 3.22224171 0.74662148 7.29086442 8.46387987 2.52395387] -248.771218606562
[6.45618783 2.70588841 1.0962771  7.37607134 7.82982876 1.89842498] -249.66576398800987
[6.98775039 3.17876989 0.66023268 7.23231561 8.81140195 2.70160372] -248.68679760118104
[7.03445876 2.74401826 0.93782549 7.61527429 9.10240459 2.48170041] -247.778091670977
[7.20821921 2.48183095 1.07170809 7.91442421 9.60242519 2.4900797 ] -247.75908507687535
[7.33155358 2.76685579 0.62320116 7.84125743 9.735928   2.95308257] -247.80280000093768
[7.26114521 1.82164459 0.63446927 7.19566628 7.84750982 2.06719771] -249.6031940440495
[6.93892816 3.22410405 0.83525199 7.61021273 9.35085708 2.76001309] -248.11360610063144
[ 7.50522065  3.87207509  1.23528701  8.02827522 10.69266157  3.07927846] -250.27521502380625
[6.88279315 2.4956908  0.63494753 7.32411328 8.36778796 2.40043689] -248.07587981157684
[7.27896125 2.44454578 0.88627525 7.83788639 9.78958115 2.68830864] -247.1977606889303
[ 7.47000147  2.05569781  0.95610213  8.11139738 10.4524318   2.77048602] -246.96599170357035
[7.34884204 2.11366024 1.0712872  8.18946246 9.98906902 2.53361955] -248.09260962095323
[ 7.21516415  2.19283556  0.65748397  8.19969333 10.27418346  2.97100107] -246.94668416937745
[ 7.23360536  1.86269784  0.44955158  8.5675754  10.96528376  3.29071583] -246.9565304464328
[ 7.54659638  1.47808634  0.8363247   8.2499033  10.12308472  2.61288885] -247.93208749181156
[7.20260061 2.37667218 0.52196866 7.69080052 9.52954469 2.86570548] -247.4900165863089
[ 7.77525199  1.95496874  0.92064871  8.67837877 11.538078    3.15397767] -248.27987421171653
[7.10590786 2.36051028 0.70637282 7.66267966 9.16036047 2.58882209] -247.4074770593558
[6.96455258 3.26671452 0.67595425 7.55684754 9.46187314 2.93350347] -248.10053587932674
[7.40108543 1.92524338 0.79623209 8.07663936 9.95778183 2.6930425 ] -247.33499885901693
[7.20277266 1.69740759 0.94675476 8.04395405 9.92298115 2.50662972] -246.842851783088
[ 7.1383822   1.1626835   1.10853156  8.14530236 10.01650772  2.28340329] -247.06221313846757
[ 7.32429151  1.72095798  0.45659672  8.01396389 10.16333594  2.97514926] -247.4341883016422
[ 7.37047375  1.60754536  0.9845455   8.3453087  10.44748019  2.63600473] -247.02519690541916
[7.26417693 2.22545535 1.22590037 8.1325936  9.90840369 2.41351279] -248.02221780984902
[ 7.30926286  1.84708232  0.64892263  8.04362132 10.09960288  2.83474014] -246.98694760798654
[ 7.55034558  1.41476039  0.9569742   8.61085839 11.22445997  2.88181264] -247.08334144342413
[ 7.3049214   1.6798663   0.92069565  8.3749717  10.84926465  2.84051561] -246.57720778420295
[ 7.25683938  1.55717775  0.98292743  8.52413787 11.29500607  2.91425216] -246.6131480596394
[7.07385318 2.27871792 0.74786068 7.76212377 9.45752141 2.63797979] -247.12308641260083
[ 7.43122248  1.63074977  0.90469582  8.39867474 10.78272533  2.82085443] -246.83091265677564
[ 7.27397459  2.09366776  0.69367282  8.04546213 10.34624957  2.94540426] -246.9045034552587
[ 7.32342272  1.93632594  1.04421241  8.34776312 10.77634244  2.78355689] -246.67834994573698
[ 7.11382453  1.68791983  0.76640301  8.35877564 10.53148374  2.85216797] -246.5316896431185
[ 6.93573606  1.50403084  0.67155344  8.48246477 10.57100971  2.89300894] -246.56188285043575
[ 7.33488198  1.38247684  1.10132752  8.32350713 10.79549883  2.61204189] -246.8711650379807
[ 7.296374    1.244581    1.20102357  8.57041999 10.87318248  2.52651791] -246.87640690117524
[ 7.29077415  1.45685269  1.07418588  8.43918053 10.74144925  2.6312395 ] -246.67721705115144
[ 7.220764    1.98056387  0.78432166  8.33093279 10.40591669  2.86627948] -246.99651455753803
[ 7.30635249  1.5319986   1.02207605  8.32536355 10.69810329  2.67560129] -246.6666123548169
[ 7.38739993  1.61049678  0.96400152  8.70428904 11.53680842  3.02801551] -246.68843135328373
[ 7.14434259  1.6704036   1.02582902  8.45143979 10.92842527  2.78284449] -246.52588156847298
[ 7.00090264  1.69023052  1.08639562  8.47782232 11.00127524  2.76383953] -246.69535839026597
[7.10714603 1.71062554 0.98713249 8.0615424  9.9715478  2.49395974] -246.7621506291909
[ 7.31733645  1.63552897  0.96978426  8.54360238 11.14549326  2.89450157] -246.57419862887576
[ 7.16909448  1.28453072  0.88211221  8.48334807 10.85506405  2.77539991] -246.61462794086876
[ 7.16118316  1.70656332  0.78811418  8.40665318 10.92782884  2.97577078] -246.55096253762878
[ 7.09721505  1.68960565  0.76223672  8.54756671 11.04774998  3.03146549] -246.50513319695523
[ 6.99264634  1.76840918  0.63231705  8.65866829 11.22257332  3.20939759] -246.6536339448472
[ 7.21051325  2.0720985   0.86224207  8.4109884  10.95501786  3.01702206] -246.58747108936535
[ 7.20015856  1.87520656  0.8672096   8.42907831 10.93002941  2.95661652] -246.51683535810378
[ 7.03976538  1.74187635  0.80582995  8.53740031 10.98773885  2.99060667] -246.53768380960418
[ 6.93482664  1.8216628   0.7020899   8.36670227 10.63892543  2.96865574] -246.59238745017808
[ 7.221709    1.68206243  0.90286067  8.49937735 11.0188513   2.91304011] -246.50836265336284
[ 7.11115521  1.74246149  0.92200881  8.53455952 10.88693068  2.8664763 ] -246.64682477325258
[ 7.14867617  1.71553786  0.82158784  8.43862977 10.9176043   2.94844716] -246.4964202490955
[ 7.26887658  1.69836896  0.90954567  8.37088888 10.80364249  2.83758725] -246.5518979515657
[ 7.09704318  1.7309995   0.83175888  8.49577245 10.94171476  2.95235181] -246.5015820701219
[ 7.18922365  1.76668537  0.97075791  8.59517916 11.39664127  3.00942056] -246.54375425007902
[ 7.13267431  1.70761121  0.81749173  8.41787652 10.74777312  2.89148112] -246.49979911832116
[ 7.15481617  1.79660413  0.64188613  8.49132725 10.93948235  3.11495624] -246.54208926358388
[ 7.14696098  1.70195374  0.9298433   8.46141166 10.93118954  2.86587243] -246.49772019527305
[ 7.08126768  1.53405024  0.82138344  8.5244665  10.93826492  2.91093618] -246.50190574110002
[ 7.01290346  1.67785697  0.7585733   8.46253052 10.8225809   2.95381129] -246.51772893600054
[ 7.16950761  1.68101106  0.86678883  8.49016564 10.9697837   2.9232329 ] -246.4927045166262
[ 7.16149493  1.66744889  0.93404795  8.39520747 10.76769347  2.79930838] -246.51063736061258
[ 7.11328502  1.68406646  0.80518953  8.5094769  10.97773585  2.97342621] -246.49290193001437
[ 7.18811475  1.8730097   0.86950326  8.41331114 10.8903355   2.94066769] -246.51332309914878
[ 7.10797945  1.61879011  0.8334134   8.49667766 10.92628257  2.91836906] -246.49147202908176
[ 7.17598467  1.63865731  0.85967933  8.44230693 10.8817416   2.88792448] -246.49797384282738
[ 7.15479032  1.63906096  0.88800901  8.52834633 11.1203394   2.94760963] -246.50285708617267
[ 7.13820331  1.69047365  0.83512105  8.44549397 10.84091469  2.90551325] -246.49176563350133
[ 7.09888618  1.72528698  0.83763532  8.50497827 10.97276195  2.95702919] -246.501475287453
[ 7.15671005  1.66031473  0.85416832  8.45797477 10.90449669  2.90520066] -246.49167000907406
[ 7.13115956  1.64811089  0.74224636  8.48472792 10.91441639  2.99219065] -246.49376369785267
[ 7.12360549  1.61205111  0.82405466  8.52287585 10.926939    2.92419708] -246.50558194294598
[ 7.1424085   1.68966617  0.82220454  8.45969129 10.91993797  2.94238464] -246.49025953023352
[ 7.14487176  1.69332984  0.93004887  8.46843216 10.93196743  2.86385159] -246.49859927386294
[ 7.13458761  1.65941563  0.78919699  8.48065398 10.91880415  2.96010589] -246.48945913991443
[ 7.16984716  1.64915732  0.86177485  8.43407554 10.84900408  2.87817592] -246.49806639921684
[ 7.12742556  1.67533918  0.81933586  8.49062656 10.94555291  2.94961364] -246.48917508882155
[ 7.09959721  1.65032209  0.78435789  8.45354043 10.84887929  2.93716281] -246.4928841027574
[ 7.15203001  1.67333882  0.84618109  8.48100934 10.9395576   2.92671538] -246.48984255968452
[ 7.13551041  1.63514789  0.81971235  8.51005056 11.01062927  2.96194984] -246.49136547227067
[ 7.10993713  1.65691787  0.78917975  8.51492836 10.9824248   2.98117882] -246.49209051930745
[ 7.14501682  1.65946551  0.83792118  8.47221317 10.92397872  2.9241952 ] -246.48906560783462
[ 7.17101352  1.71200096  0.81143727  8.46807063 10.95987097  2.96995247] -246.48997980850302
[ 7.15531693  1.72126086  0.82237996  8.44070443 10.85860484  2.92903923] -246.4922643042322
[ 7.14046204  1.65667613  0.82037925  8.49271403 10.97262316  2.95372219] -246.48918862807628
[ 7.14777002  1.65574591  0.81927934  8.50207128 10.96685786  2.95238361] -246.49117269439853
[ 7.14374888  1.6811861   0.82147324  8.47028629 10.93166795  2.94488438] -246.48866666129098
[ 7.11007678  1.6231395   0.83339193  8.49443049 10.91752385  2.91645976] -246.49101826446898
[ 7.15577934  1.68978559  0.81692594  8.4746606  10.94928419  2.95657929] -246.48917688203235
[ 7.13031007  1.6672839   0.78889639  8.47937553 10.94107943  2.96965148] -246.4901511922757
[ 7.14660003  1.67182509  0.83185992  8.48060089 10.93993806  2.93744941] -246.48875514184004
[ 7.15175661  1.68534358  0.86010148  8.4797132  10.96887751  2.92870882] -246.489559011726
[ 7.13887986  1.66589761  0.80692311  8.48041878 10.93132249  2.95225662] -246.4886725026158
[ 7.14535479  1.6911569   0.82443383  8.46355473 10.90129161  2.93460399] -246.48964179089387
[ 7.14168523  1.66529632  0.8213929   8.4854242  10.95479027  2.94894264] -246.48861729501078
[ 7.12533945  1.64988435  0.82937613  8.48519603 10.92646594  2.92920134] -246.48871256340692
[ 7.15299787  1.65584582  0.83031297  8.46741989 10.9238349   2.92936289] -246.49092123924515
[ 7.13381863  1.67046584  0.82208014  8.48482489 10.94012341  2.94455095] -246.48859915674396
[ 7.13167387  1.67538626  0.8064473   8.4900372  10.95079065  2.96156658] -246.48888281978418
[ 7.13500961  1.67140607  0.81431577  8.48558119 10.94408767  2.95222373] -246.4884979676443
[ 7.12622719  1.66288701  0.80666051  8.48330957 10.93621452  2.95323715] -246.48865644911123
[ 7.14778368  1.68916197  0.80157242  8.47808561 10.95293616  2.96949715] -246.4891748279041
[ 7.13095051  1.65970375  0.8224252   8.48341843 10.93308349  2.93927529] -246.4885447468218
[ 7.13160016  1.67108409  0.82919281  8.48386274 10.94866661  2.94211477] -246.48873606289789
[ 7.13705993  1.66719423  0.81249053  8.48127977 10.93565852  2.94972115] -246.48847054885036
[ 7.12450149  1.65113164  0.81164844  8.49765973 10.94965135  2.95109926] -246.48914875652247
[ 7.13893703  1.67367249  0.81901704  8.47712965 10.9361638   2.9464381 ] -246.48840373778177
[ 7.14625979  1.67302589  0.83058002  8.48257647 10.94508787  2.94048014] -246.48881437155597
[ 7.13123534  1.66542173  0.81264039  8.4831263  10.93843286  2.9500479 ] -246.48851703433456
[ 7.12731846  1.67065838  0.81293013  8.47969587 10.92105964  2.94514307] -246.48831457392802
[ 7.12013508  1.67333941  0.80869874  8.47683171 10.90419432  2.94324329] -246.4886144741392
[ 7.13301833  1.66555305  0.80919288  8.47858551 10.92937192  2.94973213] -246.48858133009708
[ 7.13321841  1.66678125  0.8124147   8.48014535 10.93205979  2.94843684] -246.48843109768598
[ 7.13664242  1.6786743   0.80551098  8.47890095 10.9360706   2.95806164] -246.48849496384526
[ 7.13815995  1.67737384  0.81291933  8.47778463 10.92993382  2.94996028] -246.48838799348653
[ 7.13543579  1.67337876  0.81077847  8.47273089 10.91956105  2.94702996] -246.48840813826763
[ 7.13340077  1.66434535  0.82133908  8.47735444 10.92207494  2.93751483] -246.4884174904804
[ 7.13176353  1.67487579  0.81730905  8.47366717 10.91795916  2.94178654] -246.48825827377158
[ 7.12911533  1.67871657  0.81971831  8.46986087 10.90910948  2.93781923] -246.48818145479433
[ 7.13423737  1.67926721  0.81981942  8.47137343 10.91390778  2.93953166] -246.48828896876628
[ 7.13433388  1.68667706  0.81038848  8.47217068 10.92117025  2.95112594] -246.4883787870737
[ 7.13193155  1.68207643  0.8208191   8.47660749 10.92422053  2.94297613] -246.4883893818868
[ 7.12609515  1.68458401  0.81318121  8.47203467 10.9036367   2.942414  ] -246.4884693414125
[ 7.13572656  1.67640037  0.81755808  8.4758559  10.92803202  2.94543208] -246.48828955333607
[ 7.13436563  1.67428805  0.81029215  8.47230631 10.91685046  2.94669462] -246.488365051365
[ 7.12687247  1.67796204  0.81731619  8.46930305 10.90677606  2.93862192] -246.4887374212509
[ 7.13533808  1.67752089  0.81401855  8.47566424 10.92414438  2.94712569] -246.48829072010827
[ 7.13103327  1.66560676  0.82105706  8.47608153 10.91653101  2.93612284] -246.48837387666805
[ 7.13185842  1.67087434  0.81838992  8.47510382 10.91769082  2.93987362] -246.48829782332714
[ 7.13016578  1.67685787  0.82385265  8.4768784  10.92113091  2.93828049] -246.4882793530978
[ 7.13816205  1.68255404  0.82485552  8.46854968 10.91694549  2.93754452] -246.4883571792958
[ 7.13002936  1.67363229  0.81591147  8.47690932 10.9200311   2.94324343] -246.4881931749766
[ 7.1330124   1.6832574   0.81856958  8.47374357 10.92109441  2.94393724] -246.48826094287094
[ 7.12875753  1.67852301  0.82445796  8.47254293 10.91362419  2.93562236] -246.48824071025206
[ 7.12604603  1.68035108  0.82321838  8.47124694 10.90493393  2.93404606] -246.4883654304636
[ 7.13330643  1.67738805  0.81897316  8.47470366 10.9222575   2.94258557] -246.488289639437
[ 7.12957235  1.67617443  0.81781489  8.4733851  10.91457029  2.94053133] -246.48812960011753
[ 7.12893643  1.67861979  0.82208813  8.4712019  10.91136683  2.93672079] -246.48816609931401
[ 7.13106387  1.68098698  0.81914394  8.47180222 10.91510194  2.94087824] -246.48813797612203
[ 7.12964056  1.67778722  0.82178548  8.47336964 10.91512019  2.93804986] -246.4881656269102
[ 7.13167635  1.67899189  0.81976886  8.47061715 10.91150863  2.93867544] -246.48826506319364
[ 7.13242095  1.67755847  0.81863819  8.47285839 10.91857075  2.94162565] -246.48825692862164
[ 7.12857348  1.67762259  0.81996078  8.47354222 10.91643786  2.93986626] -246.48817898056234
[ 7.12654639  1.67907739  0.82153231  8.47152893 10.90866478  2.93632959] -246.48826423280644
[ 7.13095231  1.6779382   0.81936172  8.47252602 10.91609426  2.94030164] -246.4882672281778
[ 7.13031811  1.67858071  0.81847941  8.47259366 10.91483612  2.94070479] -246.48813738382808
[ 7.12960645  1.67698082  0.81980018  8.47337737 10.91484524  2.9392906 ] -246.48814832398244
[ 7.12925439  1.67739711  0.81995151  8.4722935  10.91296856  2.93862606] -246.4881474908241
[ 7.12907291  1.67689851  0.81888784  8.47346366 10.91550408  2.9401988 ] -246.48816191435958
[ 7.12934384  1.6774455   0.8187666   8.47162298 10.91183988  2.93917528] -246.4882426886708
[ 7.13099665  1.67686645  0.81822654  8.47312174 10.91657052  2.94107849] -246.48830031496416
[ 7.12805937  1.67762591  0.8196736   8.47245701 10.91161754  2.93843046] -246.4881789176195
[ 7.12928402  1.677107    0.81943588  8.47423378 10.91627406  2.9400854 ] -246.4881854643358
[ 7.12929897  1.67719162  0.81926856  8.47358108 10.91516551  2.93985787] -246.48815091644974
[ 7.13098169  1.67678182  0.81839386  8.47377444 10.91767906  2.94130602] -246.48826735401332
[ 7.12878995  1.67741489  0.81935367  8.47278637 10.91313292  2.93914935] -246.48816745521978
[ 7.13025111  1.67699285  0.8187138   8.47344509 10.91616368  2.94058713] -246.4881300701353
[ 7.13036088  1.67754067  0.81912162  8.4727616  10.91401239  2.93966713] -246.4881499260798
[ 7.13048879  1.6773639   0.81869191  8.47237102 10.91396658  2.93994448] -246.48812467594428
[ 7.1310837   1.67745004  0.81840359  8.47176599 10.91336711  2.93998779] -246.4882969412529
[ 7.12946952  1.67695594  0.81869562  8.47306031 10.91510443  2.94022767] -246.4881579487488
[ 7.13013804  1.67739449  0.81901512  8.47283628 10.9142854   2.93980726] -246.48819130015585
[ 7.13003057  1.67676917  0.8182534   8.47287806 10.91426843  2.94023791] -246.48814178131104
[ 7.13036995  1.67717837  0.81870285  8.47290805 10.91506513  2.94026581] -246.48814717682058
[ 7.13040345  1.67797231  0.81858566  8.47248234 10.91440135  2.94032463] -246.4881438166943
[ 7.12987159  1.67738051  0.81932171  8.47233226 10.91346757  2.93928527] -246.48815731029381
[ 7.13004762  1.67717236  0.81924605  8.4728742  10.91440591  2.93961754] -246.4881275924186
[ 7.13042484  1.67745229  0.81890676  8.47256631 10.91398948  2.9398058 ] -246.4881625186168
[ 7.12997915  1.67715992  0.81869376  8.47271566 10.91453551  2.94008607] -246.48813321694138
[ 7.13056825  1.67715817  0.8180695   8.47307752 10.9154134   2.94087354] -246.48812044055057
[ 7.13091659  1.677047    0.8174434   8.47345015 10.91638631  2.94166768] -246.488307759683
[ 7.13013599  1.67735357  0.81847724  8.47255821 10.91393193  2.94009558] -246.48817908423445
[ 7.13031146  1.67722217  0.81864645  8.47282059 10.91478183  2.94022325] -246.48813480331515
[ 7.13007183  1.6763096   0.8186147   8.47309668 10.91472254  2.94000296] -246.488131130508
[ 7.13045847  1.67735954  0.81906739  8.47277383 10.91500682  2.94001138] -246.48814693855195
[ 7.13013754  1.67691676  0.8184569   8.472852   10.91445303  2.94018127] -246.48813651661743
[ 7.13035149  1.67721195  0.81886389  8.47279989 10.91482222  2.94006801] -246.48810684261016
[ 7.13045847  1.67735954  0.81906739  8.47277383 10.91500682  2.94001138] -246.48814693855195
[ 7.13019092  1.67690313  0.81874682  8.47282439 10.91450689  2.93997428] -246.48814406312815
[ 7.13028133  1.67714241  0.81867154  8.47282154 10.91471309  2.94016101] -246.48814837950795
[ 7.13045987  1.67718506  0.8184667   8.4729387  10.91511781  2.94047077] -246.4881280313794
[ 7.13042014  1.67728793  0.8187779   8.47258546 10.9143944   2.94000624] -246.48813001757708
[ 7.13019956  1.67719216  0.81905497  8.47283704 10.91461407  2.93984277] -246.48818038220105
[ 7.13021166  1.67676077  0.81873929  8.47294828 10.91477238  2.94003549] -246.48814722859748
[ 7.13016532  1.67718593  0.81877883  8.47275778 10.91467886  2.94007704] -246.48817416175433
[ 7.13033148  1.67721706  0.81875517  8.47281024 10.91480203  2.94014563] -246.48811021623663
[ 7.1304471   1.67709074  0.81840563  8.47277641 10.91491517  2.94042495] -246.48814216657507
[ 7.13057526  1.67706524  0.81855737  8.47286188 10.91492914  2.94030666] -246.48811576171926
[ 7.13065012  1.67759189  0.81853626  8.47264258 10.91488788  2.9404386 ] -246.48814357001282
[ 7.13054051  1.67738411  0.81858702  8.472719   10.914859    2.94033782] -246.48814731535506
[ 7.13034149  1.6772145   0.81880953  8.47280506 10.91481212  2.94010682] -246.48816969285116
[ 7.13046338  1.67713859  0.81871063  8.47283088 10.91487568  2.94018733] -246.48818639665788
[ 7.13040568  1.6771985   0.8186653   8.4728693  10.91497002  2.94026939] -246.4881499906758
[ 7.13038582  1.67724994  0.8188209   8.47269267 10.91460831  2.94003713] -246.48812628926356
[ 7.1303993   1.67715135  0.81863476  8.47278815 10.9148687   2.94024648] -246.48814245012983
[ 7.13028158  1.67698636  0.81880159  8.47287408 10.9147973   2.94005175] -246.48814086034568
[ 7.13025841  1.67719894  0.81882136  8.47277883 10.91475054  2.94007252] -246.4881165009314
[ 7.13035261  1.67711784  0.8187264   8.47279591 10.91479357  2.94014161] -246.48812624343986
[ 7.13027072  1.67710695  0.81889101  8.47270722 10.91457687  2.93993644] -246.48811608428713
[ 7.13023424  1.67713931  0.81900696  8.47276139 10.91458091  2.939856  ] -246.48818280568474
[ 7.13035803  1.67714834  0.81872781  8.47278146 10.91479675  2.94014886] -246.48814549039506
[ 7.13031111  1.67715945  0.81887745  8.47275355 10.91469954  2.94000222] -246.4881409275679
[ 7.13030495  1.67720545  0.81884263  8.47278936 10.91478638  2.94007027] -246.48812477719974
[ 7.13035205  1.6771649   0.81879515  8.4727979  10.9148079   2.94010481] -246.48814864465862
[ 7.13036866  1.67723094  0.8188424   8.47274628 10.91471527  2.94005257] -246.4881209301582
[ 7.13031654  1.67709915  0.81883274  8.47283699 10.91480976  2.94005988] -246.4881790967092
[ 7.1303754   1.67718165  0.81874933  8.47279402 10.91484546  2.94015724] -246.48816277984648
[ 7.13037135  1.67728562  0.8188242   8.47272335 10.91474916  2.94009183] -246.48811841381237
[ 7.13031114  1.67723779  0.81893258  8.47274276 10.91468137  2.93997266] -246.48813004528486
[ 7.13032085  1.67727884  0.81893257  8.4727205  10.91467675  2.93998104] -246.4881240445696
[ 7.13036504  1.67732408  0.81886864  8.47275382 10.91477751  2.94007657] -246.48814199288526
[ 7.13032459  1.67720061  0.81887525  8.47275362 10.91471904  2.94002081] -246.48814338795793
[ 7.13036142  1.67724879  0.81884405  8.47276162 10.91478569  2.94007992] -246.48812850114666
[ 7.13036007  1.67722145  0.81885314  8.47277308 10.91476875  2.94006029] -246.48811847023586
[ 7.13033617  1.67724539  0.81889823  8.47276019 10.91474949  2.94002453] -246.48819148688014
[ 7.13032822  1.6772087   0.81885326  8.47279462 10.9148043   2.94006914] -246.48812370786183
[ 7.13033132  1.67722487  0.81889824  8.47277132 10.9147518   2.94002033] -246.4881334131241
[ 7.1303313   1.6771857   0.81887067  8.47277672 10.91476088  2.94003512] -246.4881187074092
