[ 0.5449304   0.04032033  0.83922267  0.44007095 -0.15432422  0.25254618] -237.2884053625361
[-0.66808005  0.82499172  2.05188075  0.03180287 -2.54465471  1.58759666] -306.91027141850793
[ 0.016167   -0.17851808  0.2579904   2.27379924 -1.00288189 -1.2760795 ] -269.76950329236075
[-1.8569046  -1.84449929  0.15043768 -0.73178643  0.56435159  0.32521773] -265.5498628769074
[-0.7874141  -0.66292895  0.12639807 -0.08181919  0.45409546 -0.68005867] -248.00185276843
[-0.00270151 -0.06626088  1.53447904 -1.01017921  0.73198457  0.48628077] -241.45562696365405
[ 0.70726286 -0.38907486 -0.5496866  -0.63747688 -0.2764838  -0.17770576] -245.78166454176176
[ 0.20852673 -1.85864564 -1.26560033  0.05239995  2.65023528 -1.94419641] -250.59553660068133
[-0.41160041 -1.41517835  0.02042644 -2.93006285  2.32616819  0.69677411] -261.6846474406752
[ 1.94323926  0.39390984  0.08464208 -0.65723598  1.34620691 -0.78067099] -231.40192209181095
[ 3.8433112   1.5131144   0.05174428 -0.61996076  1.73713456 -1.33361535] -235.98331158559733
[ 1.28288162  0.5676183   0.23605853  2.29864939 -0.74226345 -1.64470907] -260.4294432969939
[ 0.85926112  0.07191913  0.18215051  0.99147133  0.02484446 -1.05933828] -235.8731105674999
[ 0.87966595  1.65460717  2.00466892 -0.37078961 -1.94146082  1.29121416] -273.5918069493531
[ 0.37631154 -0.98033244 -0.44803302 -0.05339744  1.50231126 -1.13534377] -236.25413447122335
[ 2.26351532  0.35308932  0.42119349 -0.22709655  0.60408427 -0.12468529] -227.53011216339627
[ 3.78898003  0.86109846  0.5685912  -0.29973523  0.67907867  0.1530014 ] -229.616046845224
[ 1.28758918  0.3266233   1.42090486  0.46535459  1.62818621 -0.6093647 ] -225.4485880128987
[ 1.57775234  0.68447238  2.40620059  1.01677032  2.58052122 -0.82519416] -227.23472491755146
[ 2.42765045  0.13477071 -0.70111884  1.32990151  0.91845172 -1.63856638] -225.65843946548452
[ 2.50759189  0.05967296 -0.51930964  0.17626154  2.16235249 -2.03520264] -232.25029541553258
[ 3.38663754  1.42699419  0.74418717  0.74628292  0.72573076 -0.94726566] -224.88192209718886
[ 4.89180054  2.63065751  1.34029726  1.1461231   0.33744051 -0.8532266 ] -240.7861847905828
[ 3.74614676  0.82643431  0.30134919 -0.38031533  2.43682633 -0.98591361] -238.40879513262945
[ 1.58098253  0.26054793  0.21195018  0.64852467  0.62783992 -1.04098211] -226.73726846119425
[ 1.7889462   0.9056388   1.24656262  0.59231551 -0.2121859   0.3213576 ] -231.6559649538239
[ 1.96860762  0.69414734  0.80509455  0.48830202  0.3814487  -0.26778246] -225.82903838962758
[ 2.36175495  0.67148109  0.88276172  1.80765903  0.28237362 -0.76221121] -229.254272803094
[ 2.25712603  0.60208828  0.68323181  1.19143528  0.54833194 -0.76682615] -224.16122160608887
[ 2.03934913  0.79530126  0.63355642  1.85036354  1.00591215 -1.63224387] -224.72717961367914
[ 2.87467079  1.06609377  0.98333514  1.37535528  1.10818057 -0.91303429] -219.9280741934373
[ 3.52151491  1.46886669  1.36902762  1.73877059  1.3483509  -0.84906039] -219.61506096989277
[ 3.00468145  0.89073413  0.57816846  1.95240079  1.67687253 -1.87999325] -220.1351936606591
[ 2.7379823   1.70209857  2.51081096  1.31830106  1.39267645 -0.58968496] -219.0118594459112
[ 2.89314822  2.48576251  4.11677586  1.31250083  1.62978881 -0.06524424] -222.19585437469954
[ 4.36150794  1.96873774  0.75208929  2.46716347  0.6044387  -1.61232673] -248.5544425475207
[ 2.05606887  0.73715191  1.25370097  0.96580681  1.37224933 -0.8601052 ] -220.12429556120745
[ 1.81893669  0.63841942  1.59864491  2.25940977  1.72240034 -1.24537228] -220.37411368094965
[ 3.09275429  1.21781841  2.03097182  1.29167789  1.68104834 -0.43143688] -216.22276370326006
[3.61945687 1.42907698 2.72967952 1.01233506 2.01861644 0.16896661] -217.10505616848243
[ 3.15352015  1.61627477  2.4305431   1.98402035  2.51620068 -1.18505817] -215.90661319468688
[ 3.6017172   2.12336801  3.30419875  2.38031289  3.50013506 -1.39417418] -217.67297881233918
[ 4.03657063  1.9058954   1.7924294   0.82424939  1.6067324  -0.68640733] -220.3115629039379
[ 3.48216215  1.58902641  1.74398328  1.18303949  1.63564939 -0.82614857] -217.8822876169841
[3.0099861  1.88634478 3.20151079 0.87480461 1.63851917 0.2994952 ] -219.03934049702153
[ 4.2765711   2.4229913   3.17524822  1.83106452  2.03189898 -0.33385938] -218.33033267960676
[ 3.06281045  2.00931806  3.6619951   1.08886538  2.28364677 -0.17317053] -220.18015535156357
[ 3.4068388   1.60397953  1.94226949  1.57629429  1.58217487 -0.68008792] -217.24863525212587
[ 3.70662349  1.49771821  1.40976483  2.18666126  1.97469706 -1.64825383] -219.50178354578782
[ 3.18414545  1.78918814  2.7535743   1.20276877  1.72256364 -0.18744206] -217.16858241834646
[ 4.12734834  1.71099428  2.18138578  1.70465404  2.33050219 -0.6249927 ] -215.5569829754909
[ 4.82203137  1.71544213  2.0166732   1.89783054  2.79941506 -0.64264658] -216.78147818192951
[ 2.53901863  0.75276921  1.18566103  1.14975376  1.79081406 -0.97786272] -218.16822277772997
[ 2.97340674  1.17032473  1.68305783  1.32008145  1.85108529 -0.81686188] -216.60234135749053
[ 3.16384244  1.44716688  2.5966175   1.84345944  2.25887562 -0.48247797] -214.76187055669
[ 3.00468259  1.37623711  3.02293461  2.17366942  2.57048873 -0.31064267] -214.73755365827537
[ 3.10511373  1.35629962  2.75855299  1.64932969  2.64178809 -0.5053902 ] -216.30846492688642
[ 3.30146317  1.02679483  1.94890775  2.17170885  2.80780746 -1.10401878] -214.23548089833352
[ 3.36012202  0.64559817  1.54657447  2.65617888  3.35042938 -1.56230714] -214.62939502159387
[ 3.62155401  1.59781494  3.10804085  2.33827197  2.99819321 -0.57031791] -213.9974478941228
[ 3.94562764  1.81156004  3.82053236  2.84736723  3.57174717 -0.44704593] -214.55896562389577
[ 3.66199379  1.49234516  2.14904165  2.23867115  2.32629211 -0.90343217] -214.92017122220625
[ 3.86409973  1.72233528  2.91597943  2.91198737  3.50211312 -1.13471726] -214.62756102732934
[ 4.04019373  1.35923243  2.67822026  2.52896725  2.99559826 -0.36431566] -212.33230453061137
[4.48353053 1.23071127 2.80205883 2.80144069 3.23529704 0.04605559] -211.58464204503014
[ 3.18509293  1.10441858  3.13426859  3.17392911  3.48289504 -0.70069836] -214.37607512856238
[ 3.49148053  1.19375884  3.49502171  2.95166465  3.87263942 -0.35468095] -214.51070267733795
[ 4.3110577   1.2490408   2.77849111  3.27599812  4.06249304 -0.96214989] -212.99665958682567
[ 3.60062656  0.7451778   2.83961685  2.65901709  3.31766195 -0.08055284] -211.8859296198217
[ 4.00962777  1.12422723  2.04210629  2.52179062  2.76214316 -0.76921311] -213.16820885374085
[ 4.59086032  1.22017037  2.0388053   2.08214667  2.91163691 -0.44603395] -214.58813768885776
[ 3.53653478  1.13335653  2.86040277  2.9009835   3.34008051 -0.63703226] -212.71728359433553
[4.55284728 1.3333147  3.52799782 3.32745849 3.76414884 0.11294864] -212.0683606440564
[ 4.54318753  0.67412784  2.50885037  3.49062421  3.82908164 -0.19299671] -211.05158227235506
[ 5.00400428e+00  2.12284296e-01  2.20925513e+00  4.06680033e+00
  4.24452585e+00 -4.33610764e-03] -212.76093290592763
[4.33296702 0.99768242 3.7303663  3.63005008 4.42077785 0.19797062] -211.595941215944
[4.0388402  0.78908271 3.31127321 2.99385989 3.23985624 0.77761423] -210.32028094340333
[3.90273144 0.55910367 3.57766426 2.85279078 2.82853784 1.64749629] -210.87674781150423
[4.98079826 0.79000905 3.37965169 3.39983332 3.92886067 0.92404543] -210.43014890051833
[4.10713608 0.408949   2.66260793 2.99748327 3.55969629 0.44443014] -210.01080494514312
[ 3.88428048 -0.05323384  2.22991298  2.83249566  3.45747002  0.61017089] -210.86809382425344
[5.22819331 0.88500962 3.29198592 3.77874673 4.08686129 0.81292595] -212.1327348150502
[4.00751825 0.78013576 2.95270912 2.9389495  3.50996179 0.14281685] -210.6648714449558
[4.38736993 0.55998946 2.14201742 2.57734688 2.68014004 0.5160179 ] -211.31263907024606
[4.20475289 0.10338668 2.85031108 3.33125833 3.68056851 0.82458702] -209.15731911573158
[ 4.06536407 -0.46027562  2.8744372   3.59616715  3.90320425  1.21385274] -209.17206697492995
[4.24004114 0.62190755 3.74645038 3.80665595 4.56920167 0.4574811 ] -211.16757356914223
[4.27687334 0.60642803 3.34534214 3.49932869 4.09693626 0.4721153 ] -210.12222126539592
[3.99545214 0.48520257 3.65844802 2.89628013 3.50954495 1.3881997 ] -211.44526752764403
[4.40625368 0.62689652 2.79624978 3.34203819 3.74919746 0.20230239] -210.01867056037528
[4.66403323 0.3281149  3.16243616 3.58231773 3.90841003 1.07221465] -209.30983672364846
[3.58516488 0.1642769  2.66308841 3.18226205 3.48269426 0.34037581] -210.0990154231808
[ 4.37589784 -0.04306537  2.51540529  3.65103619  4.2526447   0.34106087] -209.5902224394193
[ 4.17087286 -0.07690848  2.20469074  3.19613656  3.44746749  0.602875  ] -209.34587964926175
[5.05781732 0.28484752 2.73414525 3.51782804 4.04996724 0.82211421] -210.23519442328205
[3.95332799 0.19441956 2.68085262 3.26615355 3.6245125  0.46081041] -209.48710309650562
[ 4.08575328 -0.32193109  2.56251815  3.33275702  3.74190238  1.04635697] -209.42789511563498
[ 4.37774328 -0.34761027  2.66279675  3.78906986  3.99213891  1.0048715 ] -208.71860953866903
[ 4.51304688 -0.72588991  2.66289116  4.18486315  4.20836023  1.28509219] -208.90379528334046
[4.10959668e+00 2.88913088e-03 2.85912988e+00 3.18152816e+00
 3.21235524e+00 1.32951098e+00] -209.10516348337063
[ 4.58425609 -0.29843927  2.7531083   3.53820234  3.70310168  1.4993283 ] -208.97622782766553
[4.61799839 0.22574199 2.93497281 3.54008064 3.57277825 1.06477218] -209.56235456687617
[ 4.21881456 -0.18501282  2.65563182  3.38458793  3.69962134  1.05096077] -209.00728056269085
[ 4.54885938 -0.0553154   3.44311392  3.73951822  3.95126442  1.65761608] -209.11072095270268
[ 4.01730772 -0.58814889  2.57892776  3.40573721  3.50460668  1.38341024] -209.0367506281662
[ 4.41410635 -0.59393252  2.80059173  3.68162291  3.67379425  1.81731227] -208.84114953272132
[ 4.02508218 -0.61476948  1.99361483  3.25406459  3.31060828  1.03751528] -209.32213623136647
[ 4.41791508 -0.19517892  3.08073915  3.61815481  3.79110038  1.50259088] -208.8224527319161
[ 4.56711768 -0.73899669  2.65146863  3.95759686  4.24243251  1.42331367] -208.95173988457836
[ 4.84267662 -0.19824127  2.95585103  3.91734102  4.19612302  1.38271556] -209.10430679379968
[ 4.22364995 -0.49067199  2.67315858  3.53363817  3.67748576  1.38323657] -208.81139996226838
[ 4.64278158 -0.70326373  2.88498923  3.98817372  3.99372982  1.82592362] -208.9529949581693
[ 4.29684855 -0.72477877  2.83147305  3.98454977  4.08712553  1.4864212 ] -208.69708149479104
[ 4.15314479 -0.93794852  2.87065542  4.20772348  4.27913745  1.47996766] -208.9605607432316
[ 4.12301205 -0.32712599  2.6817534   3.5333704   3.82762929  1.04665841] -208.9522310241866
[ 4.25295443 -0.42116043  2.73256236  3.64707123  3.86915443  1.24147471] -208.75197384001748
[ 4.09395486 -0.1854476   2.94230525  3.46043872  3.45450058  1.38865538] -208.86082820688358
[ 4.21224557 -0.32383488  2.86959609  3.58472825  3.65148356  1.39731995] -208.71343828534685
[ 4.17967927 -0.24047923  2.81618359  3.70411445  4.01570195  0.85465934] -208.92587261230437
[ 4.35549958 -0.5055692   2.8044897   3.68724579  3.75927117  1.57664904] -208.70518757363286
[ 4.15506538 -0.74269625  2.44395303  3.79061288  3.88778607  1.19406678] -208.7495639536674
[ 4.32646898 -0.53121128  2.77513175  3.96078776  4.07150079  1.2503645 ] -208.6351778635023
[ 4.3778785  -0.55148092  2.82611833  4.17436256  4.26850831  1.18392846] -208.81150179512338
[ 4.32166935 -0.63740646  2.72991776  3.95192687  3.94728092  1.39508961] -208.63106567894962
[ 4.35602681 -0.74552947  2.72859547  4.10435469  3.98634417  1.47189706] -208.78900585721016
[ 4.47509306 -0.28077403  3.11384867  3.86215655  3.94848089  1.50950515] -208.79718837536024
[ 4.2350723  -0.6272157   2.61142694  3.8084988   3.90295978  1.27292637] -208.64361107537258
[ 4.20485816 -0.76906182  2.87788168  3.87017589  3.81440167  1.78805205] -208.77943724262337
[ 4.334522   -0.45297316  2.71656798  3.80934637  3.9477046   1.20066664] -208.63439296668767
[ 4.41111469 -0.83588331  2.62007297  4.1493902   4.25379737  1.3300525 ] -208.7759959170425
[ 4.26196285 -0.45184698  2.80721531  3.72589374  3.80206201  1.38050309] -208.63287464237214
[ 4.23668176 -0.63624159  2.6860879   4.05975531  4.16027337  1.08534143] -208.73054354904275
[ 4.32579513 -0.53823729  2.77488925  3.78037317  3.85952172  1.45382214] -208.63349335778997
[ 4.30498165 -0.35485152  2.64024328  3.69439247  3.75655108  1.16470291] -208.64354772823165
[ 4.39006102 -0.36162653  2.86989484  3.832408    3.89191394  1.34212325] -208.6652113212903
[ 4.27381948 -0.56081841  2.67604391  3.8144761   3.90019832  1.29022559] -208.61194394461293
[ 4.30976428 -0.70264634  2.85301204  3.9865422   4.08620504  1.49218761] -208.68890763042904
[ 4.30617731 -0.44180022  2.69343547  3.7674299   3.83896457  1.24657409] -208.61154262108704
[ 4.28151305 -0.4964829   2.69089148  3.65569429  3.69374325  1.40526256] -208.6547524302449
[ 4.31523    -0.52252918  2.75407168  3.88451439  3.97706141  1.28908901] -208.6120957898082
[ 4.26702937 -0.59790636  2.76195648  3.8321917   3.82732505  1.48443453] -208.6122926254081
[ 4.25616766 -0.53253191  2.69932429  3.87843773  3.9047757   1.24148317] -208.60740148180636
[ 4.22135392 -0.52967922  2.66154181  3.92747001  3.92740269  1.13531369] -208.65502939618864
[ 4.3180682  -0.6458172   2.63103456  3.98376516  3.99647331  1.26846225] -208.6453100009331
[ 4.27598919 -0.50033954  2.76317012  3.79036159  3.85066484  1.35249288] -208.60675027841506
[ 4.24313498 -0.41456875  2.71941622  3.70387693  3.81904904  1.23967681] -208.6292449251697
[ 4.26276857 -0.47027818  2.72204161  3.76588942  3.85110701  1.27853001] -208.6060807758514
[ 4.2963547  -0.41152612  2.67407255  3.80151135  3.94693223  1.08169705] -208.64913309663072
[ 4.2743607  -0.5513113   2.7399855   3.82452161  3.85722684  1.38375016] -208.59853075321047
[ 4.23453097 -0.49649734  2.67726195  3.72919106  3.75725102  1.30859629] -208.6063995858411
[ 4.26284532 -0.43676775  2.75569573  3.77080101  3.78646501  1.31358327] -208.6106271515968
[ 4.2160435  -0.55410845  2.7590576   3.8189709   3.8301989   1.37957118] -208.60787129468946
[ 4.24377488 -0.59825448  2.69791796  3.83165643  3.89727643  1.33455796] -208.61514565746572
[ 4.25807771 -0.47713944  2.74125129  3.78601486  3.81416787  1.31882694] -208.60136153150478
[ 4.3045881  -0.45525745  2.68862066  3.77250119  3.84819886  1.24832198] -208.61059789653277
[ 4.23817965 -0.5293957   2.74144836  3.80735347  3.83469889  1.34675888] -208.60072619722052
[ 4.25846794 -0.47578858  2.76239532  3.68933961  3.75026312  1.42150188] -208.63966552945985
[ 4.25674273 -0.51834608  2.71509205  3.8311632   3.86614756  1.28648785] -208.59648782064735
[ 4.23223092 -0.51398314  2.68252346  3.79101628  3.80953489  1.2884905 ] -208.59542735786115
[ 4.21035179 -0.52080494  2.64220013  3.79134362  3.78896992  1.25648931] -208.59587855860715
[ 4.27292246 -0.52365394  2.77018547  3.87279522  3.92037667  1.32568516] -208.6011680373966
[ 4.24806948 -0.56766502  2.74145377  3.87173213  3.84961056  1.37146982] -208.6092168462067
[ 4.2590938  -0.49462489  2.72689465  3.7923501   3.8507329   1.30176496] -208.59722914001176
[ 4.25309904 -0.56663224  2.71745854  3.85371843  3.89873805  1.32548556] -208.5974510480598
[ 4.23164649 -0.53444384  2.67094872  3.76057914  3.78531638  1.31856081] -208.60215171537496
[ 4.26260347 -0.52635142  2.74537628  3.8447412   3.8866116   1.32390407] -208.59640068885577
[ 4.27453057 -0.52768732  2.70099513  3.83848346  3.88829839  1.28986883] -208.5945828680623
[ 4.29270603 -0.52683314  2.68076851  3.85404846  3.91509814  1.2614238 ] -208.59886050587417
[ 4.23840614 -0.49789706  2.68946121  3.82596928  3.87612762  1.22158376] -208.60143329967187
[ 4.26537206 -0.53795774  2.72735442  3.82488353  3.86195204  1.34320856] -208.59510118184306
[ 4.26375881 -0.47301795  2.71528679  3.78716082  3.8223544   1.28575603] -208.59711854866214
[ 4.25931905 -0.53782299  2.7019814   3.8467994   3.86090006  1.30414032] -208.59619163575474
[ 4.25317413 -0.58103161  2.70915412  3.8718682   3.90212711  1.32627734] -208.59725975973979
[ 4.26111264 -0.50002137  2.71375362  3.80833767  3.84229758  1.29588636] -208.59456138853386
[ 4.26164684 -0.52959525  2.70890273  3.82025731  3.85038396  1.32867836] -208.59083209999866
[ 4.2640989  -0.53521983  2.70580807  3.81480437  3.84250216  1.34977362] -208.58924592368405
[ 4.25628458 -0.52454605  2.66542909  3.79670037  3.81521678  1.29988532] -208.59285951152157
[ 4.25855751 -0.50864882  2.69663987  3.77794249  3.82570055  1.31823075] -208.5936328837547
[ 4.29442116 -0.53071057  2.72080327  3.82936769  3.88245427  1.34379398] -208.59560586456718
[ 4.24777848 -0.518165    2.69209342  3.80060413  3.82776474  1.30231637] -208.5951972566107
[ 4.2788736  -0.52652871  2.71123332  3.81977983  3.86422443  1.32996811] -208.5932048356562
[ 4.26578054 -0.50292629  2.67059861  3.79379921  3.83079459  1.28466243] -208.59104511740102
[ 4.25370535 -0.50494303  2.68682573  3.76530452  3.78528031  1.33626671] -208.59490196933407
[ 4.26932427 -0.52200125  2.69745278  3.82018873  3.86254387  1.3014683 ] -208.59230749238026
[ 4.2698605  -0.53993562  2.66863362  3.79940067  3.83802988  1.33210982] -208.59121894431306
[ 4.27618329 -0.5417371   2.67641196  3.83694857  3.85873668  1.31439179] -208.59218864704908
[ 4.25497042 -0.52892667  2.65021139  3.80083414  3.81838356  1.29746232] -208.5894306429457
[ 4.27712139 -0.53236954  2.69094305  3.82529152  3.8684468   1.32673743] -208.5878047032858
[ 4.28753979 -0.53628128  2.70370003  3.8395871   3.89506182  1.34016349] -208.58768892343275
[ 4.27015354 -0.53967434  2.66100178  3.80826929  3.83195903  1.33805286] -208.58639851925165
[ 4.27056818 -0.54851089  2.64277627  3.80230957  3.81666661  1.35634514] -208.5851693049562
[ 4.26142282 -0.52219643  2.6708307   3.77996311  3.82174286  1.33911382] -208.58763674858415
[ 4.26493306 -0.51808485  2.67934141  3.81103183  3.83702065  1.32373045] -208.5834340830319
[ 4.26246934 -0.50715946  2.6846953   3.81684742  3.83651604  1.31954077] -208.58182810281545
[ 4.26790928 -0.55650523  2.68207531  3.82431603  3.84616309  1.38280395] -208.5823770110478
[ 4.28303235 -0.53969771  2.71308384  3.8251084   3.86783397  1.39845128] -208.58324108196217
[ 4.28021502 -0.53489717  2.65991242  3.81457284  3.8521593   1.36236586] -208.57680978355106
[ 4.28827308 -0.53473584  2.6369646   3.81445707  3.85698787  1.36866198] -208.57340824973036
[ 4.25701856 -0.53332057  2.63977531  3.78141343  3.78690833  1.38147549] -208.5776924351056
[ 4.28166744 -0.55111347  2.66229284  3.84152086  3.84861578  1.39664572] -208.57476087094184
[ 4.27622183 -0.52566653  2.6968528   3.83224483  3.86434175  1.39284793] -208.57072853191372
[ 4.27904866 -0.51424435  2.72389106  3.84721246  3.88817931  1.41109932] -208.56730500048516
[ 4.26242977 -0.52599526  2.63014763  3.81681403  3.81995617  1.3549578 ] -208.56891575771377
[ 4.27572634 -0.49901776  2.64384694  3.81510573  3.83289141  1.36132308] -208.56237680147737
[ 4.27963487 -0.47027402  2.62473275  3.81050057  3.82625557  1.35058264] -208.55626489243883
[ 4.28688812 -0.53606838  2.62123943  3.82045872  3.8391183   1.43493355] -208.55818335753793
[ 4.30229542 -0.5108232   2.65998079  3.8689078   3.90612934  1.39081818] -208.55441083159624
[ 4.32493385 -0.49957452  2.67008353  3.91265499  3.96573985  1.39548952] -208.5530929440919
[ 4.29206868 -0.47585066  2.64006016  3.83251176  3.88346325  1.37526255] -208.54558875465727
[ 4.29726929 -0.43821925  2.62894381  3.82800721  3.90088698  1.36457097] -208.5340301805323
[ 4.28846177 -0.46005609  2.6627148   3.86409226  3.88972419  1.40188262] -208.53954677043927
[ 4.32298242 -0.44681694  2.68038749  3.87749471  3.95001189  1.43122841] -208.53264717914416
[ 4.35325875 -0.40722778  2.70550742  3.90783506  4.01503976  1.46936371] -208.52472428139646
[ 4.33110023 -0.42289566  2.58051619  3.86730381  3.92407557  1.39450835] -208.5231925698039
[ 4.35712601 -0.37722132  2.50882876  3.87734948  3.94202369  1.38621286] -208.52152839621522
[ 4.34667339 -0.34812262  2.64569759  3.91302113  4.00743838  1.35443389] -208.52861326793166
[ 4.37627282 -0.37319984  2.64919256  3.9571528   4.08069538  1.44006855] -208.51640483426945
[ 4.4245918  -0.32466275  2.66142247  4.03047892  4.20791529  1.4848115 ] -208.52835299860917
[ 4.34808682 -0.30177444  2.59687812  3.86983099  3.97952961  1.41002135] -208.49439516832751
[ 4.35966331 -0.2028744   2.56027542  3.84841899  3.9864245   1.41728726] -208.48098409501918
[ 4.40829275 -0.25556565  2.57010039  3.9131693   4.0877787   1.40876313] -208.50860000716082
[ 4.43649305 -0.21651795  2.5842569   3.97764171  4.13891316  1.4608055 ] -208.5199946377484
[ 4.41702884 -0.26274636  2.54702289  3.91416798  4.07618668  1.50639977] -208.49180448438884
[ 4.43170018 -0.15548073  2.43438488  3.92146503  4.08896761  1.40381531] -208.52125009497325
[ 4.45269097 -0.11157366  2.60624892  3.96665579  4.21096498  1.49283365] -208.51074346464705
[ 4.38511373 -0.31867856  2.73798081  3.93760383  4.10468685  1.50490397] -208.52153321697054
[ 4.42005357 -0.19628019  2.51028386  3.92549973  4.09289742  1.42908748] -208.50327766654055
[ 4.37484104 -0.25089541  2.56345111  3.86404649  4.03940274  1.43734111] -208.48341179264378
[ 4.434584   -0.05344539  2.46993497  3.85349996  4.08385629  1.45716892] -208.50184755189588
[ 4.35213019 -0.29569548  2.46744062  3.80627835  3.91121713  1.39251558] -208.5030598707947
[ 4.37780756 -0.1650801   2.46936924  3.82413453  3.97554955  1.47117024] -208.47100289867032
[ 4.36256497 -0.11983732  2.41900366  3.77961715  3.91943498  1.5023738 ] -208.4696543616091
[ 4.34688388 -0.1988846   2.49875902  3.76317658  3.91261001  1.47527467] -208.48005322057776
[ 4.41305848 -0.06719902  2.55204173  3.86803069  4.09475461  1.53943293] -208.47526865855434
[ 4.3234295  -0.31403366  2.57691631  3.82565267  3.92574821  1.50220093] -208.47545635335314
[ 4.30978489 -0.12182844  2.50979286  3.73547954  3.88327166  1.45157046] -208.47029613551885
[ 4.33028731 -0.09065707  2.47547856  3.74274539  3.86801192  1.52537224] -208.46591732358218
[ 4.30801045 -0.01053789  2.43149229  3.68209485  3.78231651  1.56938781] -208.48558932705342
[ 4.33567304 -0.1012723   2.45038863  3.72314835  3.8815193   1.58145442] -208.47160900132047
[ 4.34471552 -0.07272467  2.49578156  3.79504802  3.94497021  1.55886026] -208.45067539296792
[ 4.34363133 -0.0096447   2.49429283  3.81098375  3.96115031  1.60065306] -208.45050607702333
[4.37490384 0.14388737 2.39008312 3.72768229 3.94363271 1.56475137] -208.49887191526537
[ 4.33629809 -0.1995534   2.53020801  3.80116008  3.93021934  1.51783854] -208.45956886570443
[ 4.25968806 -0.14706539  2.40767979  3.66301406  3.71978123  1.52032124] -208.48807061695967
[ 4.37471588 -0.08716561  2.51595125  3.81677654  4.00101126  1.53465501] -208.45974207792895
[ 4.35008778 -0.10828988  2.53118709  3.8391058   3.97284719  1.46269995] -208.4670703453443
[ 4.38941023 -0.08322088  2.47891427  3.86131669  4.00095333  1.59629374] -208.45993116637322
[ 4.34557857 -0.07300653  2.58967368  3.84441226  3.9919628   1.57679705] -208.45873117801375
[ 4.35655269 -0.07279285  2.49698578  3.78669244  3.94492247  1.65450326] -208.45558392364126
[ 4.38510829 -0.08447092  2.55986338  3.89770186  4.07539458  1.63487465] -208.45254282225258
[ 4.32455138 -0.09232379  2.5834107   3.79125895  3.96726692  1.57681345] -208.45948373957978
[ 4.32252424 -0.09009845  2.56886021  3.82729324  3.95596088  1.65250499] -208.44840348337897
[ 4.29642842 -0.09156486  2.5953147   3.83255159  3.93343569  1.71142998] -208.46146846878798
[4.35635075 0.05877432 2.56748751 3.85162075 4.03533332 1.71421028] -208.47146752309732
[ 4.34131125 -0.13497147  2.53952789  3.81377524  3.95649783  1.56693148] -208.44957292061517
[ 4.37368407 -0.06267118  2.49965722  3.86902731  3.99469604  1.65194138] -208.45635948672586
[ 4.36202539 -0.07854333  2.46338876  3.82407902  3.97091123  1.67700589] -208.44553818726158
[ 4.3702488  -0.08131173  2.4002463   3.8139124   3.96038544  1.72711032] -208.45410385531747
[ 4.33003366 -0.09416939  2.54131573  3.7844812   3.96024973  1.6102164 ] -208.45471912697909
[ 4.33832536 -0.09117324  2.55876382  3.866079    4.01513239  1.59289223] -208.444342783945
[ 4.3292117  -0.10036343  2.58965285  3.90577228  4.05023735  1.56208671] -208.45342244949882
[ 4.3676083  -0.06879798  2.5202499   3.8954895   4.01809935  1.63140437] -208.45783653877766
[ 4.33942732 -0.08782654  2.53604927  3.81223327  3.97471213  1.61551339] -208.44633200876376
[ 4.29730668 -0.07961498  2.49376422  3.75377932  3.86939367  1.60029237] -208.44847541484745
[ 4.32334208 -0.17776464  2.55915856  3.82142928  3.9530524   1.63439372] -208.44732409455688
[ 4.31967244 -0.06670225  2.52046706  3.82118913  3.9565564   1.69060272] -208.4411442710112
[ 4.30885303 -0.03256765  2.51093665  3.82489608  3.95658569  1.75243834] -208.44620700479808
[ 4.37113226 -0.1177545   2.57513168  3.903655    4.07271481  1.68734528] -208.44896848729303
[ 4.31576307 -0.08914986  2.51410608  3.79124824  3.92022395  1.6220556 ] -208.44346816531024
[ 4.34366098 -0.10695484  2.48178431  3.81812608  3.97423529  1.62498286] -208.43923163746274
[ 4.35422935 -0.11538303  2.43824635  3.8135425   3.9833725   1.61122179] -208.4430858014607
[4.34961611e+00 4.31461686e-03 2.46569454e+00 3.82288896e+00
 3.98420473e+00 1.63995717e+00] -208.44606602187972
[ 4.33692713 -0.05490977  2.46535225  3.83563687  3.9657092   1.66698543] -208.43759439943415
[ 4.33567704 -0.03845138  2.43000374  3.84733866  3.96120773  1.69272145] -208.44038794655688
[ 4.32250868 -0.16679238  2.53559289  3.82923048  3.95005143  1.65155107] -208.4409512750083
[ 4.29692717 -0.11335078  2.56196671  3.82975758  3.95639166  1.60601741] -208.44041847746863
[ 4.3068278  -0.10811339  2.46765928  3.77565046  3.89259026  1.69450613] -208.44427613055862
[ 4.31470219 -0.10387835  2.49043541  3.7982576   3.92322579  1.66910266] -208.4389453335469
[ 4.32903646 -0.11504626  2.50442679  3.85281767  3.9884993   1.68102512] -208.43251703865647
[ 4.33567315 -0.12799446  2.49958715  3.88360239  4.02263697  1.71050988] -208.43063186790607
[ 4.33046066 -0.1579246   2.49110585  3.8436812   3.97419371  1.61911371] -208.43265154209342
[ 4.33027508 -0.05487855  2.46115101  3.84045676  3.98874611  1.64735291] -208.43082516258534
[ 4.36697256 -0.08882941  2.40117195  3.84349605  3.9931907   1.70666507] -208.44229181713632
[ 4.31443852 -0.10722044  2.52176802  3.8331922   3.96559142  1.63117932] -208.43392820673193
[ 4.31049793 -0.09531389  2.49468226  3.86014959  3.97246578  1.68976511] -208.43086984743206
[ 4.3380553  -0.09553555  2.48744676  3.90064874  4.03988861  1.6525328 ] -208.4299160664092
[ 4.34973186 -0.09136415  2.48595244  3.95184431  4.09822002  1.64424787] -208.43723554194833
[ 4.31620641 -0.15804607  2.51989476  3.88494009  4.02213167  1.64983248] -208.42710815566852
[ 4.30584605 -0.20961422  2.54716602  3.9095917   4.0503429   1.641256  ] -208.4311015164946
[ 4.33928433 -0.12267727  2.46285457  3.90463406  4.0410962   1.69185631] -208.42537346447267
[ 4.35170723 -0.13040569  2.43339785  3.94035499  4.07884859  1.7221948 ] -208.42703071592877
[ 4.3262034  -0.06022399  2.48409966  3.91446268  4.05479474  1.72816945] -208.43255252761125
[ 4.32726772 -0.08464915  2.48585121  3.89676731  4.03464448  1.70090551] -208.4284819892545
[ 4.35175606 -0.1192798   2.47757956  3.91020019  4.0772489   1.66123152] -208.42742052770296
[ 4.33913925 -0.18118221  2.516587    3.95314084  4.09046949  1.70826992] -208.4315960512834
[ 4.33249112 -0.08645447  2.47501001  3.86862778  4.01417696  1.66258216] -208.42767813207152
[ 4.3326805  -0.09421964  2.46995848  3.90500366  4.05375863  1.62913705] -208.42525980464967
[ 4.33118418 -0.07733223  2.45514414  3.91570429  4.06931946  1.58845064] -208.42797230111958
[ 4.32850674 -0.12623991  2.47626943  3.88940895  4.04113034  1.67931554] -208.4232715336456
[ 4.32373246 -0.14159209  2.47068077  3.88378906  4.0417512   1.69270692] -208.42400482363973
[ 4.33970734 -0.1509899   2.47467107  3.8908376   4.04853642  1.62374617] -208.42577152462493
[ 4.33688934 -0.17069639  2.48539929  3.92638041  4.08045709  1.64912419] -208.4242322868082
[ 4.31266882 -0.15500993  2.4854363   3.8902014   4.01845454  1.64643907] -208.42125760024024
[ 4.2931252  -0.172875    2.48936467  3.88020201  3.98905737  1.63904284] -208.42034611945257
[ 4.34052474 -0.12118664  2.43294441  3.91388214  4.06254702  1.65424155] -208.42142951657604
[ 4.31729628 -0.11830838  2.46425922  3.91566614  4.04081246  1.69049299] -208.42178674355506
[ 4.31038994 -0.14516472  2.47654392  3.90554705  4.0481581   1.62192842] -208.4184926279677
[ 4.29594275 -0.15640844  2.48338859  3.90600354  4.05168906  1.58696448] -208.41836835560392
[ 4.30474785 -0.19435195  2.47391672  3.90551074  4.03480581  1.67059015] -208.41850031240568
[ 4.28982518 -0.12576038  2.45464839  3.87717743  3.99289026  1.65775833] -208.41945833582733
[ 4.28531392 -0.17005702  2.45657124  3.91007171  4.01613698  1.62038123] -208.4185044772784
[ 4.2858636  -0.19523809  2.46601879  3.88194972  4.0082297   1.5858332 ] -208.4158734711924
[ 4.27014727 -0.23370295  2.46689858  3.86509151  3.99193832  1.53350331] -208.42468545231122
[ 4.24441477 -0.21704365  2.5083584   3.87308958  3.96838938  1.59928185] -208.42905576664705
[ 4.31649725 -0.14515089  2.4517979   3.903684    4.03900761  1.64050163] -208.41714796340545
[ 4.29960498 -0.15611392  2.43941588  3.91459704  4.05852911  1.61496683] -208.41233568288828
[ 4.30284487 -0.14773339  2.41444148  3.93179456  4.09326498  1.60292883] -208.41214558776508
[ 4.3072449  -0.21055288  2.46072985  3.93582732  4.08815446  1.57797485] -208.41945848468166
[ 4.29418011 -0.1469585   2.45616876  3.89183991  4.01670631  1.63781246] -208.41427259097466
[ 4.31471155 -0.15855674  2.45867285  3.89685577  4.0650975   1.62116235] -208.41914285919435
[ 4.29266333 -0.16718195  2.45709664  3.90676773  4.02837711  1.62057651] -208.41412272010007
[ 4.29124945 -0.12520514  2.43572066  3.90183575  4.04428578  1.55428222] -208.4155380387246
[ 4.29849012 -0.15274755  2.41035949  3.89995368  4.02493477  1.62701381] -208.41084677964182
[ 4.29976381 -0.1509171   2.37384493  3.89692874  4.01155763  1.64703847] -208.4109595561875
[ 4.27193325 -0.16653731  2.42813737  3.90102978  4.03292528  1.56898071] -208.41320837585755
[ 4.29792344 -0.10688319  2.40128934  3.92912408  4.07193504  1.61803164] -208.41242480654387
[ 4.29476226 -0.17080882  2.42011036  3.91833416  4.04509539  1.67083244] -208.41026485251288
[ 4.29651866 -0.19361066  2.41230521  3.92658337  4.04550019  1.72910755] -208.41411182330515
[ 4.29202565 -0.15700556  2.3876428   3.93716142  4.08213788  1.59830886] -208.40912781190403
[ 4.29094842 -0.1620291   2.35337982  3.95982218  4.11485367  1.57855706] -208.41163523690645
[ 4.29332987 -0.13338999  2.36356364  3.93236483  4.08838733  1.60812225] -208.40829115321299
[ 4.29366314 -0.11649402  2.31679714  3.94516338  4.11839244  1.60189512] -208.4111796577005
[ 4.32119215 -0.12298552  2.37099834  3.9485478   4.10232652  1.67276523] -208.41433596585358
[ 4.28424798 -0.15564937  2.41385261  3.91290928  4.05027559  1.59492684] -208.41211198643256
[ 4.29064347 -0.19889504  2.40203412  3.91504856  4.05609694  1.6160127 ] -208.40948069086835
[ 4.28165491 -0.17509873  2.38474619  3.90679609  4.02237765  1.6354768 ] -208.40639952435575
[ 4.27105993 -0.1887814   2.36989855  3.89429685  3.98693399  1.65175079] -208.41009035459751
[ 4.29938745 -0.17366587  2.37563292  3.92364363  4.05606773  1.65699544] -208.40864608585105
[ 4.28544441 -0.18354046  2.36755053  3.94449589  4.0917862   1.63490235] -208.4073597441093
[ 4.28606633 -0.16972306  2.34027971  3.93483598  4.08718919  1.57910703] -208.40856434768236
[ 4.2886594  -0.13191285  2.33777115  3.94471738  4.08655173  1.62162488] -208.40803771268276
[ 4.28615514 -0.16543809  2.33553858  3.92512318  4.06198207  1.64710073] -208.40575747386458
[ 4.28321989 -0.16965435  2.30948647  3.91910405  4.05190416  1.67149666] -208.40673716609865
[ 4.27438257 -0.14603519  2.33418367  3.93913415  4.09002366  1.58511591] -208.4103236284383
[ 4.29313623 -0.1667582   2.36527061  3.92751626  4.06455671  1.63902556] -208.40702046768575
[ 4.29006033 -0.14898971  2.37786719  3.9255019   4.05135804  1.68297716] -208.40777013670566
[ 4.28170694 -0.19052268  2.35935111  3.9256854   4.0378168   1.67891358] -208.40656296494697
[ 4.28405992 -0.21153644  2.39233692  3.90698886  4.02340743  1.68450718] -208.4099339338013
[ 4.28750953 -0.15181874  2.35141259  3.93528525  4.07076565  1.63734545] -208.40626851395461
[ 4.28180873 -0.19540259  2.34342268  3.92946546  4.06507033  1.60794433] -208.4064913362945
[ 4.28521275 -0.16480588  2.34569672  3.90546132  4.01573687  1.64703313] -208.40707771242123
[ 4.28527066 -0.16948953  2.35116018  3.91521996  4.0347492   1.64400044] -208.40591774159176
[ 4.27489907 -0.18249859  2.34327316  3.91834219  4.03303052  1.64456822] -208.4077300497516
[ 4.28857694 -0.17069329  2.35977125  3.92522274  4.05667517  1.64041122] -208.40618470470477
[ 4.28861837 -0.15212431  2.34933271  3.92001882  4.06605655  1.59184608] -208.40720095740818
[ 4.2834348  -0.18092309  2.35684651  3.92426876  4.04487674  1.6571467 ] -208.4057917955561
[ 4.2890586  -0.1424179   2.36973575  3.91450653  4.03207183  1.67921612] -208.40798916548343
[ 4.2836212  -0.18215642  2.35000095  3.92572573  4.0568207   1.62576228] -208.40571823722806
[ 4.28986785 -0.16507433  2.31683049  3.94348579  4.08624552  1.64844547] -208.40742447018977
[ 4.28370814 -0.17259263  2.36776727  3.91596851  4.03834462  1.63871897] -208.40564627705834
[ 4.2827461  -0.19527893  2.35561565  3.90855771  4.02705051  1.64703466] -208.40641379237485
[ 4.28631867 -0.16268379  2.35246336  3.92860336  4.05983687  1.63976776] -208.405721455017
[ 4.28092593 -0.17373455  2.34482103  3.91974709  4.0421949   1.6437544 ] -208.40495723211336
[ 4.27710042 -0.17525518  2.33734592  3.91700927  4.03495477  1.64542599] -208.40794182101308
[ 4.28278396 -0.17635332  2.35131905  3.93125891  4.06660276  1.64008318] -208.4054730583716
[ 4.28440289 -0.16339651  2.34379023  3.92454017  4.06371723  1.62124907] -208.4055781223758
[ 4.28109846 -0.17820099  2.36784872  3.92349142  4.0471903   1.62267782] -208.40555495533374
[ 4.27919485 -0.18612768  2.35605239  3.91830725  4.04511997  1.62431415] -208.40492989728267
[ 4.27563294 -0.19784962  2.35784691  3.91315919  4.03776153  1.61658734] -208.40858098658555
[ 4.28041688 -0.16797881  2.36053195  3.91871206  4.04423589  1.63783691] -208.40826789738333
[ 4.28282012 -0.17861201  2.3526337   3.92397231  4.0536745   1.62878094] -208.4053963127933
[ 4.28003393 -0.17954906  2.33772111  3.9311372   4.06782194  1.62156755] -208.40540894006423
[ 4.27788286 -0.19412936  2.3596751   3.92476456  4.04381756  1.63914361] -208.40854992912628
[ 4.28277288 -0.17107972  2.34776145  3.92459627  4.05874231  1.6257227 ] -208.40526320936925
[ 4.28174543 -0.17695113  2.32892086  3.92618159  4.06419516  1.63872982] -208.40562869521213
[ 4.2812602  -0.17788852  2.35811675  3.92416396  4.05144152  1.62669082] -208.40521816847976
[ 4.27955201 -0.17931053  2.34771642  3.91604911  4.03972895  1.61686034] -208.4050572552062
[ 4.2821414  -0.17603528  2.36464614  3.91114146  4.02914545  1.6338069 ] -208.405616533604
[ 4.2805608  -0.17867062  2.34445237  3.92613827  4.05815281  1.62462738] -208.40511304016982
[ 4.2786021  -0.17699186  2.34700644  3.91902834  4.04478566  1.62520899] -208.40808168912156
[ 4.28176561 -0.17820698  2.35122688  3.92273632  4.05145229  1.62788795] -208.405188174301
[ 4.27831359 -0.1868999   2.35303383  3.9177844   4.03728783  1.62898898] -208.4083208811383
[ 4.28165806 -0.17503477  2.34907955  3.9228933   4.05337869  1.62653927] -208.40511147807476
[ 4.27995888 -0.17913985  2.33966613  3.91779315  4.04523436  1.62797035] -208.40490789164951
[ 4.27930823 -0.17976551  2.33044082  3.91460775  4.04213078  1.62861011] -208.40499932971184
[ 4.27885123 -0.17913235  2.34270241  3.91757307  4.04315094  1.62680068] -208.40470596759457
[ 4.27739403 -0.17959504  2.33844018  3.91499145  4.03900027  1.62625704] -208.4078898847881
[ 4.27948619 -0.17882263  2.34889361  3.91131606  4.03144979  1.63078568] -208.40491588470536
[ 4.27766497 -0.18372109  2.34420445  3.91070195  4.02891428  1.63028926] -208.4082915328297
[ 4.28065979 -0.17720635  2.34786077  3.91984546  4.04726259  1.62747677] -208.4049462126939
[ 4.28014029 -0.17874394  2.34561569  3.91881158  4.04507524  1.643507  ] -208.40482744844786
[ 4.27850448 -0.18598972  2.34877597  3.91480176  4.0435694   1.61653047] -208.40493423994187
[ 4.27805219 -0.18544571  2.3460413   3.91302216  4.03727064  1.62915934] -208.40813171951632
[ 4.28000789 -0.17926619  2.3474059   3.91813964  4.0447646   1.62789741] -208.40486302510067
[ 4.28070863 -0.17442116  2.34466941  3.91917848  4.04136224  1.64389461] -208.40492445062614
[ 4.28052285 -0.17038103  2.33359866  3.91596342  4.03855908  1.64263776] -208.4049124467253
[ 4.27894714 -0.18074083  2.34129139  3.91402049  4.04138243  1.62263834] -208.40476174003734
[ 4.2799899  -0.17697877  2.33453312  3.92278439  4.05460576  1.6330315 ] -208.40493192199676
[ 4.27961212 -0.17836166  2.34530349  3.91418314  4.03723878  1.63134713] -208.40480947839836
[ 4.27864967 -0.18808058  2.35372968  3.91754361  4.04705637  1.61741587] -208.4050419613434
[ 4.28005455 -0.17480592  2.33863141  3.91635846  4.0406834   1.63633229] -208.4047888675923
[ 4.27924552 -0.17787712  2.34731731  3.91523564  4.03886411  1.6348706 ] -208.40677958567707
[ 4.27978054 -0.17882417  2.34157892  3.91715377  4.0436418   1.62969541] -208.40483292926658
[ 4.27912074 -0.17760344  2.3376352   3.91456054  4.0389596   1.63554287] -208.40470666099296
[ 4.27912815 -0.17763855  2.34214761  3.91468199  4.03852167  1.63569403] -208.40466530549784
[ 4.27880195 -0.17704574  2.34243196  3.91344609  4.0359616   1.63869334] -208.40806814916317
[ 4.27843102 -0.17735031  2.33695482  3.91164765  4.03490371  1.61927812] -208.40827941537685
[ 4.27971297 -0.17839553  2.34345047  3.9170206   4.04253235  1.63744978] -208.40474528225448
[ 4.27899281 -0.17774388  2.33664935  3.91722191  4.04450468  1.6334722 ] -208.40467926546995
[ 4.27819646 -0.18227895  2.34266073  3.9153344   4.04233382  1.62753368] -208.40802617048476
[ 4.27959003 -0.17667417  2.33963874  3.91610245  4.04109601  1.63413264] -208.4047362417763
[ 4.27951816 -0.17498848  2.33944987  3.91836636  4.04153932  1.64505905] -208.40471551621098
[ 4.2786874  -0.17619809  2.33595726  3.91581484  4.04005838  1.63278404] -208.4080825775396
[ 4.27945658 -0.17784617  2.34157717  3.91671916  4.04191386  1.63628334] -208.40471501216354
[ 4.27876586 -0.17831012  2.34041513  3.91693856  4.04176735  1.63681809] -208.40807586632036
[ 4.27938399 -0.17708316  2.33983284  3.91631148  4.04126384  1.634804  ] -208.40469785356802
[ 4.278793   -0.18069404  2.34073166  3.91398968  4.04123221  1.62247332] -208.40474455720977
[ 4.27933687 -0.17641487  2.33977032  3.91727219  4.04146254  1.63941262] -208.4046738054645
[ 4.27881468 -0.17735924  2.33800207  3.91582123  4.04070723  1.63229212] -208.40476579878785
[ 4.2792961  -0.17772444  2.34068339  3.91649468  4.0416122   1.63528554] -208.4046940706324
[ 4.27920898 -0.17764231  2.3429601   3.91862457  4.0445457   1.63294681] -208.40465475270818
[ 4.2792531  -0.17766175  2.34562255  3.92065658  4.04733875  1.63164878] -208.40467726519046
[ 4.27959774 -0.17561671  2.33797879  3.91596253  4.04081927  1.64373772] -208.40472701138154
[ 4.27903785 -0.17825344  2.34152151  3.91717044  4.04256802  1.63103494] -208.40465275199253
[ 4.2789496  -0.178056    2.34141125  3.91751045  4.04314109  1.63447805] -208.40472255639736
[ 4.27927539 -0.17732637  2.34022744  3.91661122  4.04173316  1.63472251] -208.40465758403283
[ 4.27903058 -0.17728203  2.34040871  3.91736609  4.04283305  1.63380883] -208.40465184192502
[ 4.27889782 -0.17706083  2.34027137  3.9178018   4.04344348  1.63307048] -208.4080742672826
[ 4.27934646 -0.17710865  2.34569588  3.91668692  4.03938336  1.63573438] -208.40470764781483
[ 4.27908122 -0.17758507  2.33891098  3.91708816  4.04322435  1.63403774] -208.40466164941952
[ 4.27891718 -0.17882773  2.34228847  3.9165753   4.04301278  1.62800233] -208.40466001238192
[ 4.27905559 -0.17800044  2.33995813  3.91979661  4.04745068  1.62915703] -208.40469910586293
[ 4.27911001 -0.17772902  2.34160024  3.91596064  4.04075392  1.63405978] -208.40465739155826
[ 4.27911211 -0.1781019   2.34409118  3.91701459  4.04192452  1.63082066] -208.4046748043927
[ 4.27908894 -0.17771428  2.34020603  3.91706977  4.04289939  1.63323347] -208.40466394386368
[ 4.27903422 -0.17776774  2.34096511  3.91726827  4.04270054  1.63242188] -208.40465039333563
[ 4.27911978 -0.17746217  2.34168441  3.91799533  4.04368937  1.63337782] -208.40464451393777
[ 4.27907029 -0.17750553  2.34100448  3.91666337  4.04179349  1.6339343 ] -208.40463608046042
[ 4.27915298 -0.1773042   2.34031808  3.91698866  4.0422831   1.63426567] -208.40465306288465
[ 4.27897388 -0.17805488  2.34134859  3.91697069  4.04292291  1.63090558] -208.40462913007912
[ 4.2790559  -0.17743355  2.33965985  3.91722713  4.0430287   1.63392329] -208.4046451268323
[ 4.2789419  -0.17786443  2.34137231  3.9175083   4.04337292  1.63185823] -208.40501228955785
[ 4.27910021 -0.17744426  2.34058164  3.91711857  4.04255556  1.63366381] -208.404627545147
[ 4.27908751 -0.17794068  2.34133931  3.91704836  4.04273047  1.63226673] -208.40465402222634
[ 4.27904481 -0.17744669  2.34064136  3.91728666  4.04280741  1.63342331] -208.40464076531302
[ 4.27908741 -0.17734796  2.340675    3.91715232  4.04289861  1.63398749] -208.40463761552994
[ 4.27907623 -0.17765361  2.34231864  3.91716852  4.04252708  1.63250748] -208.40461438068382
[ 4.27908639 -0.17776364  2.34364804  3.91713921  4.04227627  1.63179958] -208.404653763857
[ 4.27899783 -0.1776888   2.34050549  3.91612471  4.04147898  1.63276284] -208.40464352984435
[ 4.27902832 -0.17763215  2.34080022  3.91659237  4.04203158  1.63291658] -208.4046181128717
[ 4.2790673  -0.1777661   2.34160149  3.91660195  4.04210234  1.63254844] -208.4046482342986
[ 4.27905043 -0.17752655  2.3408814   3.91711548  4.04263114  1.63320459] -208.4046185635014
[ 4.27901238 -0.17792437  2.34163666  3.91672401  4.04192198  1.6317233 ] -208.4046549296307
[ 4.27906865 -0.17749206  2.34091541  3.91704524  4.04265445  1.63342144] -208.40465001965487
[ 4.27905227 -0.17764288  2.34155943  3.91688044  4.04227933  1.63271203] -208.4046397419022
[ 4.27906333 -0.17759008  2.34160002  3.917142    4.04257911  1.63285604] -208.40464502302862
[ 4.27908822 -0.17754894  2.34145014  3.91714354  4.04254132  1.63308565] -208.40463908658865
[ 4.27902505 -0.17785425  2.34183362  3.91706961  4.042725    1.63170653] -208.40462611962775
[ 4.27907326 -0.17757957  2.34166156  3.91691594  4.04216028  1.63322089] -208.40465039605914
[ 4.27908182 -0.17750078  2.34149682  3.91716042  4.04271285  1.63324749] -208.40463861287913
[ 4.27905572 -0.17768394  2.341758    3.91727223  4.04296128  1.63215085] -208.40465125823704
[ 4.27906887 -0.17760566  2.34168567  3.91700502  4.04236053  1.63295338] -208.4046436258797
[ 4.27906749 -0.17767863  2.34184809  3.91700051  4.04246959  1.63254815] -208.40465093429953
[ 4.27906437 -0.17761222  2.34166204  3.91710663  4.04255173  1.63277907] -208.40464647890394
[ 4.27905064 -0.17775393  2.34207613  3.91711906  4.04262604  1.63210701] -208.40464324253568
[ 4.27907902 -0.1775772   2.34190773  3.91716447  4.04261996  1.63287748] -208.4046199066994
[ 4.27908222 -0.17760127  2.34188439  3.91715603  4.0425342   1.63279657] -208.40464681134728
[ 4.27906425 -0.17764825  2.34193904  3.91702448  4.04240321  1.63260976] -208.4046445528746
[ 4.27907255 -0.17762964  2.34200216  3.91708677  4.04244381  1.63273043] -208.40464596224587
[ 4.27906978 -0.17762185  2.34195933  3.91715526  4.0425531   1.63268176] -208.40464299344663
[ 4.27905527 -0.17769355  2.34218329  3.91708349  4.04252353  1.63237474] -208.40464179870557
[ 4.27905918 -0.17768649  2.3421259   3.91715166  4.0426405   1.63232231] -208.4046375091169
[ 4.27906579 -0.17768063  2.3422513   3.91725634  4.0427602   1.63234717] -208.40464989671327
[ 4.27906464 -0.17765634  2.3420171   3.91708244  4.04249245  1.63254411] -208.40463943386902
[ 4.27908406 -0.17754242  2.34209453  3.91714955  4.04249283  1.63299562] -208.40461307145407
[ 4.27910077 -0.17743666  2.34210374  3.91716479  4.04242623  1.63343993] -208.4046722516095
[ 4.27906969 -0.17764802  2.3422564   3.91711145  4.04254569  1.63252549] -208.40465062325228
[ 4.27906976 -0.17762839  2.3420336   3.91714431  4.04255124  1.63264269] -208.40464043505057
[ 4.27908903 -0.1775546   2.34198255  3.91720349  4.0425845   1.63292183] -208.4046438417736
[ 4.27906371 -0.17765881  2.3421331   3.91711349  4.04253877  1.63251151] -208.40463627229616
[ 4.27907252 -0.1776299   2.34216541  3.9171324   4.04255262  1.63261015] -208.40463592514536
[ 4.27908027 -0.17759313  2.34223133  3.91721092  4.04263147  1.63273075] -208.40464163978402
[ 4.27906854 -0.17764054  2.34207066  3.91711456  4.04252721  1.63259077] -208.40461951807637
[ 4.27908885 -0.17754767  2.34210413  3.91712934  4.04244566  1.63304203] -208.40465721828798
[ 4.2790666  -0.17765178  2.34212046  3.91714608  4.04259179  1.63250224] -208.40464275712074
[ 4.27908015 -0.17759801  2.34220659  3.91715903  4.04250996  1.63275155] -208.4046457737926
[ 4.2790763  -0.17759148  2.3420826   3.91713206  4.04251002  1.6327932 ] -208.40465476864262
[ 4.27908154 -0.17755981  2.34200113  3.91715701  4.0425564   1.63293655] -208.40464400271625
[ 4.27907829 -0.17758616  2.34212997  3.91714098  4.04252273  1.63280289] -208.40464289921798
[ 4.27907389 -0.17760061  2.34211382  3.91713152  4.0425158   1.63275357] -208.40464378696268
[ 4.27907162 -0.17761445  2.34211022  3.9171506   4.04256667  1.63265897] -208.4046426003965
[ 4.27908021 -0.17757568  2.34213616  3.91716417  4.04254478  1.63283986] -208.40464181948715
[ 4.27907639 -0.17756169  2.34198869  3.91713891  4.04255644  1.63291093] -208.4046373877979
[ 4.27907328 -0.17760053  2.34218999  3.9171349   4.04251002  1.63271739] -208.40461787252917
[ 4.27908074 -0.17755969  2.3421027   3.91716152  4.04254869  1.63288832] -208.40465460444304
[ 4.2790756  -0.17759038  2.34211104  3.91713902  4.04252402  1.63278726] -208.40463875905715
[ 4.27907543 -0.17757556  2.34208024  3.91715141  4.04254219  1.63283379] -208.40464067263886
[ 4.27908337 -0.1775343   2.34209     3.91714205  4.0424901   1.63303598] -208.40467358218442
[ 4.27907456 -0.17759441  2.34210516  3.91714847  4.04254752  1.63275322] -208.40464555641836
[ 4.27907867 -0.17757147  2.34214226  3.91714223  4.04250143  1.63285651] -208.40461936521655
[ 4.27908023 -0.17755205  2.34204161  3.91714423  4.04252464  1.63295328] -208.4046439797843
[ 4.27907983 -0.1775664   2.34210279  3.91714428  4.04250843  1.63289144] -208.40465031604188
[ 4.27907975 -0.17755899  2.34208739  3.91715048  4.04251751  1.63291471] -208.40464880156597
[ 4.27908214 -0.17755905  2.34211535  3.91715686  4.04251881  1.63291774] -208.40464749139693
[ 4.27907784 -0.17757843  2.34210238  3.91715008  4.04252975  1.6328273 ] -208.40463877906654
[ 4.27908107 -0.1775544   2.34209172  3.91715352  4.04251989  1.63293028] -208.40466890117122
[ 4.27908014 -0.1775634   2.34210002  3.91714659  4.0425113   1.63290115] -208.4046298057788
[ 4.27908128 -0.17756329  2.34211133  3.91714603  4.04250874  1.63290249] -208.40465631314333
[ 4.27908013 -0.17756006  2.34209337  3.91714937  4.04251532  1.63291165] -208.40465218142984
[ 4.27908137 -0.17755694  2.3421184   3.91714589  4.04249713  1.63292607] -208.40464404822296
[ 4.2790821  -0.17755291  2.34209728  3.91714807  4.04250207  1.63294839] -208.40467424026946
[ 4.27908095 -0.17756043  2.34209846  3.91714981  4.04251129  1.63291146] -208.40466244392655
[ 4.27908215 -0.17754724  2.34206807  3.91714689  4.04250874  1.63297445] -208.40463555508387
[ 4.2790831  -0.17755073  2.34210494  3.91715321  4.04250582  1.63295668] -208.40464726219776
[ 4.2790819  -0.1775507   2.34209096  3.91715001  4.04250517  1.63295517] -208.4046667557411
