[-0.30338497  0.49484961 -0.45451071  0.01239667 -0.72482681 -0.84160548] -324.8305942284673
[-0.77521913 -1.02646979 -0.65941057 -1.85607925  2.26760206  0.46341193] -339.9793798490714
[-0.17650254  0.83333218 -0.33910398  1.42506979 -1.25026177  0.18459308] -328.12042563967606
[ 0.72451168  0.70961775  1.57531761 -1.58192914  1.0051087   0.43999905] -316.13483679483096
[-0.30404568  0.82598217  1.3707655  -0.14537562 -0.37404663  1.82103097] -325.6647339680314
[ 0.23229025  0.52484532 -1.4588115   1.60509755  0.47999542 -0.20405406] -293.73946487301737
[-0.79664303  2.15835379  1.35380212 -0.18832671 -1.15186754 -0.59770241] -345.7785239679384
[ 0.59585956 -1.37096804 -1.34238667  0.00805337  1.61972453  1.21882757] -309.6238291084214
[ 1.0314619   1.69902279  0.44316732  2.29718346 -2.01570424  0.40951845] -345.62064722896605
[-0.32354887 -0.34509665 -0.3837661  -0.81776357  1.19677548  0.44993856] -318.603941327291
[ 0.38372986 -0.55358879  0.10797335 -1.7315767   2.31783867  0.77678579] -330.49018163061146
[-0.03644444  0.48660194 -0.22733465  0.63590817 -0.35823666  0.33264126] -311.18830661078874
[ 0.60047341 -0.65936553 -2.13459617  0.09929663  1.44689352 -1.35578201] -299.1381841511883
[ 0.90109883 -0.71297135 -0.86934845 -0.02950899  2.52158048  1.13546227] -314.8722499255742
[ 1.32947864  0.00435001 -1.10195384  1.06340277  1.04157985  0.07242613] -282.53997201934095
[ 2.1559924   0.17907334 -1.46104771  2.00398595  0.96398203 -0.11633008] -271.2436852220405
[ 0.75857833 -1.22721253 -4.07315932  3.02287336  1.21953774 -0.10307741] -286.3862726046646
[ 0.53448434  0.02396284 -2.69643023  2.487914   -0.73094828 -1.21138718] -312.73745506589836
[ 0.62613796 -0.1602707  -2.23965978  1.85855825  0.08218391 -0.62467482] -293.7999957237949
[ 1.69288841 -1.39123466 -4.00921908  2.23004687  2.29567571 -0.72767152] -281.56252726286215
[ 1.42626069  0.45957979 -3.78311118  3.59856616  0.54303158 -2.26269086] -296.73965686909065
[ 1.69690927  0.12095905 -3.54040669  4.67374608  0.41457528  0.00961576] -312.13437113386544
[ 0.87458238 -0.46428439 -2.4860488   1.242909    1.18881396 -1.01443257] -286.383998071525
[ 0.68722922 -1.30594099 -1.45953755  0.38925749  1.53369801  1.33261071] -304.5442613182253
[ 1.24150282  0.01819959 -3.20221777  2.796239    0.79069819 -1.36386547] -282.40650309227055
[ 1.69247357 -0.62660041 -3.32384161  2.44182565  2.23071711 -0.55180222] -273.5980403143054
[ 2.57304905 -1.69553167 -4.7263666   2.97419572  2.41647949 -1.08833903] -275.73469754356256
[ 2.65158455 -0.0995802  -2.32975454  1.54019404  2.07591776 -1.51773622] -270.79108536457534
[ 3.59808765  0.46423597 -1.45805214  0.79885437  2.50410776 -2.22506563] -275.51090204587
[ 3.12791456 -0.74094028 -3.86476697  3.41925341  2.4023428  -0.77414895] -264.3594421059937
[ 4.25458065 -0.87926822 -4.55412606  4.50742562  3.00910722 -0.65400714] -270.65485645174994
[ 3.38979802 -1.47647088 -3.36944773  2.07359488  3.33767345 -0.22814387] -284.8568844403489
[ 1.77857662 -0.35546803 -3.24402526  2.61557797  1.427442   -1.07993507] -272.6770453380038
[ 2.96697517  0.27821891 -2.30738182  2.76829737  1.54328469 -0.981759  ] -263.8084240631394
[ 3.60401855  1.11294569 -1.4564632   3.03742263  1.16708917 -1.10880273] -269.3820205073573
[ 2.21812324  1.24043278 -0.78390604  1.95551574  1.13141597 -0.58556482] -268.25403242516853
[ 3.27391527  0.79384591 -1.33978584  2.32578251  0.95074464 -1.13335583] -267.7761980853366
[ 3.68625844  0.90581818 -0.78485571  2.0554317   1.59512063 -0.62302989] -260.1515667162682
[ 4.64009934  1.53646129  0.44472906  1.77535857  1.67895994 -0.3945773 ] -259.6414376511061
[ 4.13687831  0.82373947 -1.93257433  2.5908146   2.29690657 -1.67938396] -257.71342273635156
[ 5.12732127  1.14607253 -2.16833764  2.88422893  2.96336883 -2.4609109 ] -259.5357350511542
[ 4.13638408  1.41016622 -0.93147411  3.40481337  1.25863378 -0.33186039] -272.5634417968079
[ 3.02278443  0.27785641 -1.98018443  2.00634887  1.87159676 -1.22126727] -263.4363794281759
[ 4.83806579 -0.25070554 -2.87608207  3.00643604  2.4498625  -1.47593261] -265.3002595697325
[ 4.30365726 -0.1523025  -2.83230102  2.86305378  3.13023978 -1.04233387] -259.81493681524756
[ 2.56137057  0.92504998 -1.2814111   2.13460616  1.85791435 -0.55522417] -262.1037630071138
[ 4.0826738   1.9706148   0.56839242  1.29357304  1.72395789 -1.18403291] -261.3620357126573
[ 4.61551274  1.51558757 -0.03040131  1.4529543   2.64324041 -1.0438475 ] -260.1226110777546
[ 5.09061291  1.92852712  0.29232901  2.03043795  2.57214288 -0.7451993 ] -254.1857416501688
[ 6.12452715  2.75386248  1.42858572  2.04248249  2.92241594 -0.50716532] -254.935710661619
[ 6.39510756  1.61582594  0.11813571  1.86745792  2.82390147 -1.47456745] -263.0591645290379
[ 3.51980481  1.09774397 -0.9315244   2.0678191   2.09941113 -0.78505999] -257.5842377628576
[ 4.68618132  0.27930418 -2.23164009  2.96657306  3.08300901 -0.71276773] -255.95961131050336
[ 4.17689858  0.32223694 -2.36659261  3.31173139  2.31031603 -0.74259322] -258.7600866191153
[ 4.44650117  2.14830682  0.59054323  2.05119111  1.55000874 -0.6441933 ] -259.97908021877345
[ 4.33936824  0.42284983 -1.97658996  2.66008811  2.73518202 -0.94279873] -256.3079138972353
[ 4.00981538  0.08833922 -3.49359319  3.43379617  3.3533626  -1.47469034] -257.53582592247363
[ 4.41732174  1.22459766 -1.05793837  1.93811161  3.06968871 -1.37070679] -257.8557695890348
[ 4.35721595  0.99900748 -1.38510193  2.28151656  2.87984554 -1.2136784 ] -255.48598758633815
[ 4.53078789  0.7815178  -1.30946585  2.55592905  3.27741116 -0.27868087] -254.1491241922064
[ 4.72774269  0.76040696 -0.99791161  2.53848627  3.76766346  0.42167068] -256.6166685921013
[ 5.48485575  0.40210457 -2.43649627  3.24162786  3.86757327 -1.0042118 ] -257.51703793164677
[ 5.48652531  1.51609778  0.47793816  1.8115947   2.78502536 -0.15775527] -257.611115284109
[ 4.37899286  0.44527886 -2.50071035  3.0282458   3.21127829 -1.14545657] -254.98296149038575
[ 3.64286397  1.21672385 -0.60056345  1.93263565  2.05204969 -0.6753154 ] -257.83386482368604
[ 5.02435781  0.60575939 -1.97751307  2.91437981  3.41369238 -0.9219877 ] -254.90880852088156
[ 5.01668135  1.25694844 -1.06077747  2.5989393   3.41061107 -0.72979147] -252.10361855625766
[ 5.3553379   1.67399775 -0.60287123  2.56836489  3.7483256  -0.62328783] -250.99987848956005
[ 4.89292045  1.86539195 -0.26280439  2.15971829  3.28455627 -0.92999583] -252.58408075809092
[ 5.40045399  1.43448348 -0.73524336  2.80417537  3.62262332 -0.3345243 ] -250.16139102533637
[ 5.92207301  1.65222148 -0.41031408  3.06550478  3.99401221  0.10505275] -248.85033621456407
[5.89303713 2.39052631 1.07716381 2.06986579 3.55210187 0.01409031] -253.32265773774287
[5.53723196 2.82496808 1.57219216 1.90222711 3.39582429 0.10264744] -253.52842728511095
[ 5.61984987  1.801014   -0.27102887  2.74343202  4.51193425  0.20847462] -250.99208092215963
[ 6.54269555  3.2878554   1.67691165  2.28044191  4.21817367 -0.09565864] -251.4032656781413
[ 5.87140601  1.39870088 -1.16983986  3.06021545  4.37387701 -0.54308898] -251.440635306022
[ 5.50839047  1.50253418 -1.42381274  3.22269332  4.49152446 -0.64025828] -248.8772774808828
[ 6.71366382  1.90671594 -0.47084732  3.48716583  5.16139279  0.40040704] -249.06161351508138
[6.01593086 2.54274537 0.66918566 2.72898547 4.33457732 0.32799887] -247.67506330883037
[6.08819328 3.11476761 1.58869842 2.56337047 4.31492748 0.76354279] -248.40208403262147
[ 5.1690531   0.40522084 -2.51347451  3.65827353  4.52908188  0.0217877 ] -252.62508691681302
[ 6.19928493  2.56719676  0.62931511  2.62489981  4.29590072 -0.06629706] -249.05346560538726
[6.63772642 2.31681149 0.17703716 3.38919553 5.18145499 0.73508048] -246.36011002193032
[7.27892068 2.63821837 0.56699135 3.79961085 5.89801969 1.41426463] -246.17721472310768
[6.92623805 2.46886336 0.12453486 3.566188   4.87987482 0.30524802] -248.78546405743998
[5.90328219 2.5505439  0.52281404 2.84879491 4.13657695 0.08159594] -246.40499552224915
[ 6.31899349  1.88451213 -0.61284874  3.78569263  4.9489611   0.5975977 ] -245.83347294287046
[ 6.37884776  1.54316981 -1.23393067  4.36608904  5.27549128  0.92954508] -247.5481955954125
[7.28008896 3.07650069 1.71060044 3.37556556 4.90581623 1.58417759] -248.67840157945074
[7.3190784  3.40157312 1.40407328 3.63610769 5.70726316 1.33190817] -245.40496518204958
[8.01758109 4.27624894 2.31126697 3.92140914 6.56388863 1.94533588] -247.73078809476604
[6.44586014 2.89583449 1.29573715 3.15873103 5.09719667 1.47393294] -245.5019264749576
[ 5.81393296  2.2279751  -0.42861619  3.2770753   5.13504873  0.15825517] -245.40336686743035
[ 5.08085496  1.8037123  -1.4982245   3.22783017  5.24966498 -0.55470605] -249.925716432456
[7.01075842 2.656807   0.24686463 4.106352   5.97311144 1.35785265] -243.8109982075099
[7.50817221 2.71383782 0.03570412 4.79503527 6.7923785  1.87277954] -247.43743174701544
[7.49256584 2.6844295  0.30125312 4.40572825 6.78328998 2.02967448] -245.14915868220032
[6.1881424  2.61215875 0.1684964  3.65695146 5.31693733 0.9021424 ] -241.94782901796907
[ 5.64275326  2.59912894 -0.03075108  3.58562176  5.02639615  0.64608129] -241.20296710181555
[6.92265619 3.60407059 1.54236905 3.60417938 6.29180761 1.73497053] -242.98930095715798
[ 6.95472155  2.82882693 -0.28400621  4.37962377  6.54177569  0.94564782] -242.69325084355444
[ 5.96005101  2.1321729  -0.95503551  4.1500858   6.20988004  0.95891914] -241.66669077407568
[7.51390246 3.27383685 0.70218086 4.80012169 7.14037157 2.39946014] -244.27618628001306
[5.84238179 3.01385157 0.10595413 3.80293321 5.61115752 0.65130271] -239.49900192502113
[ 5.01728976  3.1785626   0.00830463  3.50153569  5.02509129 -0.03788318] -240.75215043250626
[ 5.26387161  2.33778245 -0.49371585  3.07614362  4.74433791 -0.30120209] -245.36973938340756
[6.95139475 3.03982325 0.40320668 4.36912717 6.54136316 1.72429458] -241.03356750237666
[5.74722776 3.08248439 0.01371439 3.85750503 6.10101528 0.86255271] -239.645531137968
[ 5.44352052  1.96135874 -1.79134158  4.44411953  5.71872167  0.19462889] -241.46004328337415
[ 4.90772148  2.44744633 -0.46741145  3.69017374  5.19440225  0.73361195] -241.4674217903955
[5.55161551 3.24919151 0.3661592  3.76640768 5.1878053  0.64523823] -239.71391225583096
[6.81857639 3.20116646 0.15639203 4.25173106 6.20108411 0.84108752] -241.96389167980078
[ 5.3854352   2.63587637 -0.31146058  3.83056307  5.44607272  0.76048084] -239.8464208253398
[6.26341557 3.91209327 1.97361583 3.29326644 5.58588171 1.5686879 ] -243.60098979327827
[ 5.64849428  2.44904237 -0.85010223  4.15640626  5.68551168  0.53814364] -239.63557904998353
[ 6.06609651  3.22429421 -0.06009173  4.34202571  6.49791241  1.08125628] -237.511657260241
[ 6.27776813  3.53687685 -0.07476205  4.72022769  7.23367053  1.29884378] -236.70358189974615
[ 4.53291281  2.94928443 -0.6533724   3.67555381  5.21371452 -0.13877394] -241.42992632756608
[6.34677427 3.01718855 0.13906191 4.19573383 6.209451   1.25852745] -239.0744961534157
[6.41931871 3.48033538 0.21146903 4.3358415  6.56346439 0.99105533] -238.3473080774527
[ 6.5423728   2.94406819 -0.51771414  4.58980816  7.28028483  1.22157031] -238.891778720679
[ 6.6118089   3.06463658 -0.34241217  4.74281185  6.7601647   1.12392837] -240.3352898094717
[ 5.96337305  3.07802244 -0.07531725  4.07883173  6.26580264  0.92789662] -238.51433005271014
[6.81550196 3.90773862 0.7796661  4.41805245 7.36909863 1.57825509] -237.99291826725468
[6.94598785 3.64089178 0.04818041 4.97656524 8.02943315 1.77408015] -238.05091319062353
[ 6.64133324  3.84545587 -0.01522121  4.84404176  8.03780039  1.33870631] -236.7767041496545
[6.47872151 4.21903878 0.80905249 4.53471196 7.21947174 1.41470879] -237.39285953787012
[7.22950409 4.46542332 0.66144551 5.19764846 8.55184364 1.8706532 ] -239.82661484071997
[6.27990581 3.42487266 0.10887344 4.35853592 6.83731289 1.16358577] -237.48731636489686
[6.72708746 4.04462281 0.34046069 4.9482035  8.34546472 1.86500463] -236.43129959467032
[6.88097183 4.32676653 0.40495653 5.25438451 9.23646489 2.30197929] -236.376721901799
[6.17874631 4.11269133 0.62267469 4.40008619 7.28183987 1.25794619] -236.8240275814965
[ 6.09698031  3.91416205 -0.16114148  4.95261023  7.91308815  1.34700161] -235.7223684060972
[ 5.73771948  3.91737377 -0.63154527  5.21988912  8.18508291  1.23137487] -235.83657388830616
[6.5716013  4.56012448 0.41964622 5.21015153 8.80346564 1.82280956] -236.24348892582648
[ 6.40374553  3.87965359 -0.41033492  5.259122    8.94930474  1.70772012] -235.93872988529995
[ 6.77872047  3.90832179 -0.56829366  5.68009305  9.44275824  2.01440737] -237.22265606837226
[6.32873985 4.06159894 0.3249326  4.7200879  7.82206947 1.44706149] -236.11613831933704
[6.21193575 4.24760494 0.18298684 5.19481952 8.61488741 1.96976564] -235.61872715241876
[5.99723701 4.44867948 0.28209087 5.37020841 8.90343093 2.2852953 ] -236.19145956644826
[6.55355673 4.79309333 0.32844398 5.47683088 9.8794229  2.23326879] -236.35783320003185
[ 5.84121466  4.15864591 -0.17677878  5.01682284  8.09094788  1.20722978] -235.7536298764862
[ 5.93118241  3.48083665 -0.26867382  4.64104046  6.85183153  0.93392728] -236.72668781731272
[6.39796315 4.46502916 0.17916453 5.26788327 9.12252506 1.90843341] -235.77663929117315
[ 5.85525845  3.68210705 -0.44003662  4.92696373  8.03414193  1.37292779] -236.03197345791915
[ 5.94029276  4.05413529 -0.60031274  5.48598596  9.08622893  1.72396464] -235.75291953560662
[6.44211894 4.55763659 0.1112311  5.46545088 9.22485212 1.91511061] -236.14186507360353
[ 6.00197357  3.90098944 -0.30221969  5.06158552  8.33181948  1.5084735 ] -235.6552757887823
[5.75970787 4.36720201 0.11756782 5.06744712 8.10386089 1.51390274] -236.16532032378694
[ 6.24273612  4.00154069 -0.27835924  5.21120328  8.73794378  1.65926578] -235.61813566083453
[ 5.71374791  3.62733029 -0.62443956  5.03979251  7.80244682  1.23013357] -235.74243873784994
[ 6.22800748  3.75660832 -0.41771651  5.2985095   8.73785698  1.93897179] -235.67970386937597
[6.22483428 3.76194329 0.06668287 4.76685422 7.62645195 1.49390599] -236.04683830995975
[ 6.01142814  3.98108729 -0.43356384  5.30620303  8.72128468  1.66644998] -235.54351436115704
[6.55060588 4.30666729 0.15443492 5.30185118 9.21651334 2.13317586] -235.86389030690583
[ 5.9229624   3.79716454 -0.42972094  5.10530718  8.15596345  1.45589414] -235.55492408676614
[ 6.10936751  3.98083635 -0.39838964  5.43993245  9.18683045  2.05260533] -235.75791915697906
[ 6.10007711  3.93083063 -0.22045352  5.07444078  8.23152372  1.52340254] -235.55413514342177
[ 5.93569688  4.19646419 -0.07606028  5.01934361  8.19328387  1.32211206] -235.6908805474549
[ 6.15492983  3.86657229 -0.33230245  5.22871802  8.6017137   1.78475686] -235.54334969973863
[ 6.21271621  4.04061069 -0.20158469  5.31197842  8.6892861   1.84470482] -235.51741000243564
[ 6.31808754  4.11042131 -0.1512672   5.43717487  8.86801941  2.01282047] -235.7568282151531
[ 6.00301419  3.6249971  -0.81498174  5.21779738  8.43101773  1.34172573] -235.86682972564768
[ 6.15970536  4.09195298 -0.0665053   5.20056399  8.56891999  1.81275566] -235.49760647877758
[ 5.9445369   3.90119878 -0.28301768  5.19786719  8.2516201   1.70338889] -235.52442207961303
[ 6.27150212  4.14025301 -0.08275489  5.33461663  8.86548598  1.98925877] -235.54914548020346
[ 6.15152908  4.07639438 -0.24612277  5.45220832  9.00124646  2.07703578] -235.551179141426
[ 6.13866609  4.04000344 -0.23970545  5.35776643  8.80881578  1.93862747] -235.49535621622823
[ 5.93582539  3.83355548 -0.43613825  5.19974906  8.34839414  1.59430245] -235.50943385436295
[ 6.17069845  3.94354393 -0.08618744  5.19267801  8.36829859  1.89306208] -235.5217990022013
[ 6.03245297  4.08371614 -0.10541048  5.25814968  8.41006453  1.81085693] -235.5964460837663
[ 6.12431062  3.92085825 -0.27557946  5.23607594  8.55380141  1.79128188] -235.48224195551632
[ 6.30277047  4.05564281 -0.15221585  5.30173676  8.86088523  1.92152256] -235.5467875469028
[ 6.03409529  3.93980979 -0.25031722  5.22383459  8.40393638  1.75792231] -235.481373462686
[ 6.03107454  4.01205295 -0.40375602  5.31731146  8.75608601  1.68680279] -235.53124260011222
[ 6.13579247  3.96067118 -0.16557958  5.22383638  8.46524544  1.84149725] -235.48066577901173
[ 5.96341553  3.88833969 -0.27635706  5.16863037  8.36041828  1.73409086] -235.5181672770612
[ 6.15039104  4.00254294 -0.22027779  5.27614141  8.60706915  1.81705133] -235.48004116642136
[6.31182823 4.15172405 0.03014998 5.30632385 8.78753525 2.05874285] -235.5871052564355
[ 6.0298261   3.91309762 -0.31956619  5.22639276  8.45817941  1.71041255] -235.47278072001956
[ 6.04465518  3.83370809 -0.4238366   5.31411851  8.53009587  1.80617527] -235.49646227318908
[ 6.07341772  3.89826931 -0.33450377  5.28572988  8.5398019   1.80782037] -235.47629426827575
[ 6.043945    3.83841292 -0.28223588  5.13290388  8.20052879  1.63670109] -235.50947598972726
[ 6.11498581  3.98960581 -0.25033806  5.30155079  8.65674403  1.86314588] -235.47421234404723
[ 6.0551922   3.98047397 -0.23794808  5.27641933  8.48985737  1.80800135] -235.49347930675034
[ 6.10703101  3.93576218 -0.26617162  5.24616179  8.5378154   1.79546175] -235.47129924141666
[ 6.16971943  3.96017323 -0.26849512  5.29610308  8.68434873  1.85387407] -235.49675830844163
[ 6.06800133  3.94490065 -0.2548617   5.24190171  8.47403947  1.78191025] -235.47239032659763
[ 6.0454252   3.93405499 -0.38299346  5.30212307  8.62597101  1.75043678] -235.48642022006587
[ 6.11320066  3.95401713 -0.21993305  5.24340805  8.50542684  1.81873214] -235.47186057507844
[ 6.01842984  3.87600797 -0.32818034  5.23890692  8.45026654  1.77544298] -235.47707741434002
[ 6.05142014  3.90764171 -0.3012047   5.24821554  8.48946719  1.78584507] -235.47035251202743
[ 6.08807063  3.98340572 -0.20285467  5.21681367  8.50075555  1.77734884] -235.4712417517909
[ 6.03753081  3.89000252 -0.27119258  5.17274704  8.33181725  1.69342432] -235.480378929327
[ 6.09562206  3.96470499 -0.25555169  5.26934986  8.57551234  1.82071549] -235.46977874318262
[ 6.1446225   3.98371317 -0.18062628  5.26222411  8.56949284  1.88292529] -235.48154305407246
[ 6.0585252   3.93075151 -0.28483121  5.2353506   8.48600777  1.75354074] -235.46830291472193
[ 6.10328857  3.94719377 -0.25532062  5.24453145  8.55762222  1.80197109] -235.46874072575318
[ 6.05478522  3.93580282 -0.30204512  5.24339958  8.54363332  1.75956219] -235.47673418871528
[ 6.0985968   3.94946356 -0.24046107  5.24340593  8.51497846  1.80393965] -235.46856528427705
[ 6.05814345  3.9586249  -0.24723637  5.23972723  8.50363244  1.78565855] -235.4666041475392
[ 6.03369967  3.97005627 -0.23776875  5.23650995  8.48654097  1.78075695] -235.47009405627858
[ 6.06712812  3.90272109 -0.32534722  5.2767132   8.54165126  1.80654135] -235.47042869139156
[ 6.07236374  3.92289225 -0.29472408  5.26173832  8.53142733  1.79924322] -235.46790043929522
[ 6.1107598   3.98356862 -0.22483698  5.24981892  8.56692633  1.80251118] -235.46584405053915
[ 6.14042964  4.02153207 -0.18665312  5.25062061  8.6056559   1.81084423] -235.4697373959229
[ 6.07160379  3.93279321 -0.26025176  5.2221743   8.47801918  1.76157265] -235.46606892358173
[ 6.05337569  3.94550425 -0.26212654  5.23954031  8.46937495  1.7668509 ] -235.46811043574053
[ 6.04299377  3.94191469 -0.28420791  5.23937729  8.49681755  1.75251943] -235.46623578798938
[ 6.07788822  3.9643478  -0.23963     5.24877486  8.52939149  1.80257791] -235.4640974804183
[ 6.08756972  3.98114594 -0.21702939  5.25548699  8.55108335  1.82709649] -235.46444662694097
[ 6.09120857  3.95587624 -0.25483583  5.24766333  8.56602983  1.80117674] -235.46709671785356
[ 6.07850212  3.9894829  -0.2089422   5.22077366  8.51551161  1.76942893] -235.46670269992097
[ 6.05542182  3.96770113 -0.23353258  5.22588542  8.46406971  1.75691281] -235.46795952980185
[ 6.08226188  3.95883246 -0.24951002  5.24221885  8.5405398   1.79011076] -235.46487046485365
[ 6.06938151  3.92387766 -0.29294881  5.25992349  8.52293065  1.79555456] -235.4678561135464
[ 6.07622197  3.97308159 -0.22994385  5.23056112  8.51736637  1.77596034] -235.46518917486503
[ 6.09576636  3.95955455 -0.24889047  5.23791455  8.5393878   1.77609221] -235.46431930180762
[ 6.12850691  3.98214472 -0.20014644  5.23777691  8.56039278  1.81708892] -235.46657051085003
[ 6.06437205  3.9519722  -0.26319255  5.2389772   8.51271135  1.7686618 ] -235.46442503309322
[ 6.0974863   3.99765919 -0.22508287  5.26058087  8.5907552   1.81039874] -235.4664614810923
[ 6.07807442  3.94900971 -0.25145953  5.23177594  8.50620319  1.77377918] -235.46492636990524
[ 6.04743516  3.93536415 -0.26937183  5.22692192  8.481607    1.75988289] -235.46464806628825
[ 6.07237739  3.9332787  -0.27740761  5.24496666  8.51924717  1.78107458] -235.4642066504987
[ 6.06862593  3.95210691 -0.26454129  5.24814874  8.53475835  1.78568754] -235.46320603609692
[ 6.06390169  3.95365552 -0.27108217  5.25633514  8.54903593  1.79164172] -235.4632982329904
[ 6.05989316  3.9400423  -0.27150123  5.23968245  8.49849459  1.76788155] -235.4624990079452
[ 6.0487088   3.93064723 -0.28249683  5.23841425  8.47747199  1.75676694] -235.46229208759007
[ 6.09514442  3.96193831 -0.25601442  5.25881017  8.55604905  1.79707077] -235.46481142154465
[ 6.05936248  3.94200769 -0.26603247  5.23489398  8.50021751  1.76917986] -235.46377389525978
[ 6.07653767  3.94200876 -0.26314035  5.24539382  8.52078008  1.78846454] -235.4615550161727
[ 6.08262048  3.93702704 -0.26311425  5.24860213  8.52481444  1.79836591] -235.4602758170263
[ 6.04076141  3.92691724 -0.28218368  5.25001899  8.48924585  1.7884587 ] -235.46426395917663
[ 6.05451264  3.93507657 -0.27386038  5.24699288  8.50178134  1.78536708] -235.46239985183774
[ 6.05819546  3.95379238 -0.25248413  5.24364229  8.50356454  1.78490717] -235.46142477319324
[ 6.04612038  3.91920481 -0.29454645  5.23812323  8.48481123  1.75751359] -235.46190449814435
[ 6.06023209  3.93394396 -0.27764864  5.25308052  8.50884979  1.78702289] -235.46032727758055
[ 6.04817068  3.91779042 -0.28350894  5.24146969  8.46567276  1.77096032] -235.46066426106108
[ 6.06016998  3.92905871 -0.27740603  5.24078449  8.48661358  1.76647853] -235.45876246605013
[ 6.06299865  3.92604979 -0.27917886  5.2376803   8.47902969  1.75703426] -235.4569836252524
[ 6.07073712  3.93195557 -0.26766359  5.24911847  8.51144216  1.79516777] -235.4568564057748
[ 6.08175128  3.93260975 -0.26024696  5.25447058  8.52842725  1.81436818] -235.45463355383777
[ 6.0852025   3.9478663  -0.24418081  5.25485861  8.51864159  1.81337265] -235.45833769172242
[ 6.08212977  3.91130337 -0.28347535  5.25307832  8.50491397  1.79546757] -235.45626540552675
[ 6.10347424  3.94514298 -0.25243935  5.25912046  8.55588615  1.81758349] -235.45599917782107
[ 6.10582689  3.93272245 -0.24989655  5.24952294  8.52838792  1.8117078 ] -235.4538559489309
[ 6.12862428  3.9321117  -0.23602051  5.24774415  8.53815698  1.82405026] -235.45399703452222
[ 6.09117396  3.9282045  -0.26002505  5.25430828  8.51361441  1.80481207] -235.45103152608854
[ 6.0954507   3.92379323 -0.25848045  5.25716135  8.5080144   1.80803515] -235.4477345538841
[ 6.09200801  3.90934089 -0.28372503  5.24881937  8.51624487  1.78802617] -235.45110602644766
[ 6.12388164  3.92558777 -0.25024237  5.2697107   8.56826183  1.8546952 ] -235.45226822760813
[ 6.11866782  3.94509565 -0.23486822  5.25985681  8.5634935   1.83600443] -235.44872876705242
[ 6.10238787  3.91124026 -0.26004718  5.25406013  8.5150571   1.82002882] -235.44567190119258
[ 6.10184469  3.8942889  -0.2638511   5.25152996  8.49464258  1.82125148] -235.44178762581365
[ 6.13080864  3.91099989 -0.25344095  5.25772981  8.53125445  1.82553856] -235.46416159241247
[ 6.09401562  3.92720728 -0.25854546  5.25528538  8.52913405  1.81716078] -235.45106054667207
[ 6.10279594  3.90904879 -0.26667432  5.26459826  8.53154249  1.8300166 ] -235.44201538997405
[ 6.07771262  3.91067048 -0.27180582  5.24270634  8.4794288   1.778803  ] -235.44271914040556
[ 6.10482111  3.92736056 -0.23435009  5.26156     8.51917374  1.84239765] -235.44129085195163
[ 6.11122767  3.93637039 -0.20966262  5.26793031  8.52063817  1.86958339] -235.44096903131285
[ 6.10855086  3.91254853 -0.24323538  5.25930896  8.5034526   1.83073724] -235.43565945991188
[ 6.11581848  3.90521916 -0.23558035  5.26132075  8.49061187  1.83752547] -235.43120747603902
[ 6.08294888  3.88136799 -0.26715     5.25522551  8.44479927  1.8124006 ] -235.436501956371
[ 6.10199872  3.88852868 -0.24642762  5.25727569  8.47920667  1.84182502] -235.42783869218218
[ 6.10527273  3.8708964  -0.24040121  5.25733286  8.4648028   1.85871996] -235.41941377635058
[ 6.12892351  3.8883934  -0.22263404  5.27660621  8.50291693  1.89769616] -235.44973748881006
[ 6.09051534  3.90510121 -0.25951288  5.25118131  8.48530083  1.80852629] -235.4370595808181
[ 6.09974665  3.88869923 -0.22537839  5.25024197  8.43538935  1.83931913] -235.4296849820544
[ 6.09999856  3.90159589 -0.21537738  5.26288094  8.45253819  1.8541068 ] -235.42781241000748
[ 6.08687255  3.84792291 -0.27147079  5.24479747  8.4038426   1.80061603] -235.42230879167192
[ 6.10637061  3.86013265 -0.2256065   5.25941853  8.41202719  1.85903637] -235.42530472076555
[ 6.12174431  3.87678742 -0.20412154  5.256772    8.44160473  1.87070732] -235.41455877753376
[ 6.14114203  3.87449713 -0.17260731  5.25754524  8.44000746  1.89986069] -235.42446119362825
[ 6.09085     3.84345901 -0.22520492  5.24916051  8.37945641  1.85664307] -235.41612983689208
[ 6.10395626  3.84489886 -0.23534905  5.25987879  8.41603462  1.86062406] -235.40968538283485
[ 6.10606107  3.82299868 -0.24033438  5.2646972   8.40635726  1.87127652] -235.40157999863573
[ 6.10572519  3.80580313 -0.25366906  5.24784525  8.38349214  1.85155962] -235.40771068943954
[ 6.099138    3.82915653 -0.25279414  5.2474499   8.41449145  1.84413781] -235.4019422581412
[ 6.12272455  3.83511081 -0.2007043   5.2629551   8.42622567  1.91706541] -235.40013317871401
[ 6.14065056  3.82870477 -0.16532106  5.27203391  8.4374172   1.97529009] -235.39563187069484
[ 6.11611698  3.79807344 -0.20674716  5.25532007  8.35613693  1.89781819] -235.39819847624244
[ 6.13896205  3.81038231 -0.21579086  5.2655456   8.43371016  1.91362012] -235.3891143146483
[ 6.16301807  3.79384397 -0.21108383  5.27373815  8.46083704  1.94210864] -235.38022358277925
[ 6.12182565  3.74940609 -0.239195    5.2635895   8.37797261  1.9233563 ] -235.37991884888095
[ 6.12186631  3.68571542 -0.25673173  5.26699824  8.34615656  1.94968079] -235.37364889776413
[ 6.14322514  3.78036114 -0.19066837  5.27890058  8.42364     1.97521105] -235.37122646406178
[ 6.16197511  3.76764014 -0.15916802  5.29442824  8.44371394  2.03703677] -235.35938483949525
[ 6.17075803  3.73650228 -0.16033459  5.29495537  8.40238152  2.04693253] -235.38248422463124
[ 6.18540062  3.713828   -0.14612775  5.28779413  8.40919047  2.07834581] -235.37028307554132
[ 6.19843925  3.71067142 -0.1595085   5.30799595  8.4770953   2.11198002] -235.36222963589012
[ 6.19316858  3.64069564 -0.19899708  5.30326945  8.40904107  2.08007143] -235.3587724743619
[ 6.21942758  3.54669108 -0.2158351   5.31888721  8.39485301  2.13246209] -235.3719115339709
[ 6.17053128  3.70096258 -0.21687105  5.28311935  8.4462966   2.01947529] -235.35340729959788
[ 6.17041791  3.68319273 -0.24513928  5.27720134  8.46825414  2.00574668] -235.35636633559432
[ 6.18077565  3.61266043 -0.16805088  5.30746364  8.38299428  2.15008807] -235.36075574723984
[ 6.24156385  3.69643732 -0.0928427   5.32769201  8.509954    2.20931834] -235.35829501821664
[ 6.19675062  3.66252785 -0.185685    5.32019542  8.48050793  2.12431083] -235.33926722221383
[ 6.20242562  3.63687778 -0.20546362  5.33639606  8.51616666  2.14729334] -235.32978832997878
[ 6.18504078  3.64108655 -0.18762262  5.3094603   8.42562688  2.10244772] -235.33242013848195
[ 6.2041261   3.7485729  -0.18560415  5.31065816  8.53393877  2.04845956] -235.3383112435657
[ 6.23697696  3.58723744 -0.20329905  5.32910353  8.50329406  2.16531846] -235.36187181805553
[ 6.18072557  3.72253947 -0.17020078  5.30309706  8.45860897  2.06910719] -235.34618065702165
[ 6.20163583  3.74146323 -0.15387122  5.32020487  8.55448955  2.11862906] -235.32915029304104
[ 6.20586945  3.79184702 -0.13130829  5.32867258  8.62721379  2.13790787] -235.34403761530908
[ 6.13993121  3.70073018 -0.28036845  5.29328659  8.46842182  1.95915238] -235.33639831332513
[ 6.20076375  3.69612745 -0.1775059   5.34124833  8.53945428  2.12888779] -235.3113245384869
[ 6.21587999  3.69370989 -0.15782332  5.37031283  8.58603312  2.18359404] -235.29716215580822
[ 6.2022876   3.66494071 -0.22005035  5.34367587  8.56961663  2.11741817] -235.30357929944913
[ 6.17827425  3.61102987 -0.21612905  5.34712068  8.50617945  2.161052  ] -235.30202458809384
[ 6.25525015  3.62897249 -0.09995161  5.38243694  8.58428228  2.31765906] -235.338807434389
[ 6.16876094  3.68279076 -0.23526424  5.31557418  8.49738693  2.04877905] -235.31916683385904
[ 6.20471396  3.70251753 -0.20857799  5.3683012   8.65099724  2.15647416] -235.30051078026418
[ 6.1880919   3.72860622 -0.1917751   5.35200048  8.60540098  2.11468882] -235.2857020460945
[ 6.18092504  3.77447044 -0.18493084  5.35980269  8.65001814  2.09838657] -235.27316492693677
[ 6.1819781   3.63502317 -0.25372071  5.38139095  8.59892095  2.13660561] -235.26633389025176
[ 6.17214923  3.58180314 -0.30364545  5.41198399  8.62113664  2.14559388] -235.2453235236551
[ 6.21598241  3.6600331  -0.19512142  5.41815824  8.69727347  2.23872723] -235.25303032355367
[ 6.18702069  3.67624728 -0.20202567  5.414884    8.66759605  2.21052445] -235.2476670790204
[ 6.21394953  3.75189726 -0.20124585  5.43402697  8.78483877  2.18338144] -235.24056625413112
[ 6.23178717  3.82233095 -0.19380425  5.47748011  8.92416844  2.19454616] -235.2484893061919
[ 6.19058833  3.67686951 -0.20635287  5.43475504  8.68463483  2.19692837] -235.21592121499123
[ 6.18352552  3.6640455  -0.20524031  5.46798195  8.70145363  2.21715547] -235.18961253331838
[ 6.16863749  3.67578902 -0.27291319  5.46529978  8.78807245  2.18099565] -235.18569503940563
[ 6.14501624  3.66682858 -0.33045812  5.51279326  8.88909212  2.17969645] -235.15366511113717
[ 6.19162284  3.55914785 -0.29431477  5.52680678  8.80377876  2.29330641] -235.18430208330017
[ 6.14844561  3.63995677 -0.31718863  5.50466741  8.79202519  2.17115881] -235.15890809174095
[ 6.16454896  3.61164575 -0.34867203  5.53786946  8.86317898  2.1862397 ] -235.13756219270226
[ 6.1533131   3.57934499 -0.42199521  5.59936219  8.96097045  2.17409733] -235.10687455879557
[ 6.17314171  3.70527051 -0.28650218  5.60322887  9.02291633  2.26067142] -235.11907607327444
[ 6.11773881  3.51963414 -0.41732056  5.63758652  8.93857338  2.24864719] -235.08898403394983
[ 6.06963345  3.40350259 -0.52535791  5.7393663   9.01544069  2.28128007] -235.08864782623715
[ 6.11019879  3.52063826 -0.52003197  5.69409298  9.12662088  2.23624802] -235.1137333392448
[ 6.07496012  3.61269938 -0.50619657  5.69103022  9.13190979  2.14107763] -235.08410522189666
[ 6.01662877  3.63947515 -0.61213748  5.77314194  9.29597531  2.06496323] -235.12997935524382
[ 6.0936422   3.52280466 -0.54632536  5.77529052  9.25695823  2.25319816] -235.08282774073808
[ 6.06624049  3.46422861 -0.66089372  5.91060208  9.48942476  2.29421783] -235.14221621069746
[ 6.07994688  3.44792488 -0.60501162  5.85466377  9.28251334  2.26916109] -235.12667232872417
[ 6.09621422  3.5026508  -0.53637324  5.76919614  9.18415803  2.24679493] -235.08869884117672
[ 6.02617891  3.34194306 -0.73225791  5.81955058  9.20243637  2.18356063] -235.15341240854383
[ 6.13640101  3.61443864 -0.39794111  5.6573093   9.06779634  2.24139372] -235.08610612583846
[ 6.09785591  3.55784209 -0.45803117  5.71642524  9.07912363  2.20969926] -235.05820251027237
[ 6.09168447  3.57644401 -0.42703077  5.72759137  9.055375    2.19642487] -235.0627462792235
[ 6.03625587  3.49196774 -0.56807991  5.85017705  9.28415845  2.28371726] -235.10177122349063
[ 6.06552018  3.51381205 -0.53155874  5.78747334  9.20336145  2.25631228] -235.07750679019205
[ 6.0831234   3.57238233 -0.45209705  5.6864355   9.06737201  2.2141921 ] -235.05728080156604
[ 6.07657799  3.6072481  -0.40995895  5.64505518  9.008979    2.19789069] -235.05304993048372
[ 6.11201902  3.73944572 -0.42464605  5.6848283   9.23393546  2.15191051] -235.0946428150774
[ 6.08022984  3.48748837 -0.50017995  5.7257318   9.07006438  2.24893768] -235.06952798367726
[ 6.02652773  3.48619291 -0.58614247  5.78969281  9.18233583  2.19431151] -235.06483019826493
[ 6.07182449  3.44576334 -0.50453563  5.78885941  9.13503105  2.31237223] -235.05920791340364
[ 6.04586985  3.50997763 -0.45047694  5.70912207  8.96934021  2.21997639] -235.05761046692638
[ 6.06744176  3.5176921  -0.4382163   5.67082216  8.94492991  2.20475031] -235.03792313785934
[ 6.06840255  3.51963212 -0.39154508  5.61249658  8.81571414  2.17896932] -235.03934732628437
[ 6.04846941  3.55408368 -0.44894054  5.71426049  9.0365155   2.19739578] -235.02836858888722
[ 6.03258919  3.58738134 -0.42332084  5.70852484  9.01974105  2.17162483] -235.01823909693348
[ 6.104192    3.58910862 -0.30870414  5.62324349  8.87004579  2.24445973] -235.0632142397479
[ 6.08477593  3.5633797  -0.37806372  5.66485582  8.9481183   2.23192267] -235.0455667775181
[ 6.06321238  3.66874364 -0.34815367  5.58274236  8.85504632  2.09958248] -235.0594258373036
[ 6.06967147  3.50150842 -0.46544014  5.73733015  9.06503487  2.25917479] -235.04342159471864
[ 6.02778615  3.537887   -0.39712779  5.66214483  8.90625749  2.2187473 ] -235.02353508807255
[ 6.07374431  3.59505459 -0.38689897  5.65378893  8.99501333  2.20806048] -235.01565226203624
[ 6.08768154  3.63759307 -0.35510999  5.62612236  9.00784989  2.20210253] -235.01024743906422
[ 6.04673736  3.50789911 -0.40913398  5.71154487  8.95499817  2.23155012] -235.01438643406829
[ 6.02585989  3.53327398 -0.45138596  5.70730725  9.01815216  2.19739395] -234.99398951655246
[ 5.99640187  3.51822113 -0.48804707  5.72853296  9.05316908  2.1801296 ] -234.9788345525224
[ 6.01654116  3.60071616 -0.37154518  5.63190053  8.89728033  2.14379343] -234.98070116749363
[ 6.001804    3.61220718 -0.37654532  5.68543463  9.00150209  2.17789896] -234.96891410994377
[ 5.96898511  3.65946472 -0.34570983  5.69274086  9.02978818  2.16447329] -234.96070576268278
[ 6.02185925  3.63253818 -0.4004945   5.70431064  9.08135141  2.14581063] -234.94898333903018
[ 6.0188958   3.67986377 -0.40217785  5.72539354  9.16889838  2.10934229] -234.92918694285905
[ 6.01249176  3.61387131 -0.3672538   5.66355353  9.01758696  2.17217226] -234.92254088033647
[ 6.00244304  3.6271163  -0.33922028  5.64106788  9.01650991  2.17244597] -234.8963129189726
[ 5.98357882  3.73309261 -0.35813609  5.63704117  9.10283375  2.09254558] -234.9671881104085
[ 5.90793373  3.63523182 -0.41316878  5.72610329  9.08164332  2.0854742 ] -234.91284045805486
[ 5.94287163  3.68361395 -0.41060812  5.75172605  9.25366721  2.12434354] -234.92332509652377
[ 5.94516751  3.82123992 -0.26829324  5.66282464  9.16461117  2.06941203] -234.9375941885756
[ 5.94518679  3.63575088 -0.36825661  5.76291092  9.13553897  2.14928486] -234.89041556742933
[ 5.92599078  3.58708002 -0.37331688  5.82584579  9.15189158  2.17765449] -234.91125678178912
[ 5.95184773  3.70147416 -0.38819847  5.73060125  9.24383481  2.07229434] -234.85805705933893
[ 5.94327903  3.72247889 -0.40944279  5.74953144  9.35085812  2.02620486] -234.8455687423843
[ 5.97503584  3.50677861 -0.5126649   5.78941973  9.17109414  2.15295321] -234.89372113423855
[ 5.88668755  3.59045971 -0.41560931  5.74819289  9.16753884  2.12755992] -234.8422316951275
[ 5.82058343  3.54575769 -0.42232504  5.75959257  9.16685908  2.13666873] -234.84724649724427
[ 5.94398369  3.55565812 -0.40884611  5.72068267  9.05406056  2.11363079] -234.8036252832565
[ 5.94453972  3.49168021 -0.4079651   5.70516099  8.95425723  2.10827442] -234.76873643970671
[ 5.9911236   3.55618971 -0.40455089  5.73932466  9.18362241  2.16010021] -234.7606460925038
[ 6.03271853  3.51666866 -0.40024194  5.74593534  9.23461195  2.19741322] -234.71106030736283
[ 5.90670611  3.52748936 -0.49883994  5.85931588  9.32145651  2.08145086] -234.7547108544838
[ 5.91133675  3.65473063 -0.320787    5.73426275  9.21699307  2.0771095 ] -234.70518655438966
[ 5.8794872   3.72870664 -0.22484804  5.70668427  9.23994254  2.03918765] -234.69126996902918
[ 5.91928592  3.55674361 -0.41739243  5.74202936  9.28734943  2.04407879] -234.6536610431444
[ 5.90633549  3.51723997 -0.44196034  5.73158858  9.36325466  1.99147575] -234.66297069375096
[ 5.91319598  3.41477051 -0.37885613  5.75290814  9.05086072  2.17311676] -234.60192874652205
[ 5.89815446  3.26091633 -0.3635628   5.75459649  8.90086201  2.24657271] -234.560309430415
[ 5.97360976  3.43694189 -0.35534078  5.75638121  9.14528771  2.11143263] -234.44642214282294
[ 6.01707087  3.36018298 -0.32520651  5.76047537  9.13416215  2.10336899] -234.275627526901
[ 5.93993464  3.49188898 -0.33539879  5.81785125  9.41853764  2.12908299] -234.43643304686597
[ 5.98884443  3.44421304 -0.19004356  5.64987481  9.08369873  2.17178392] -234.37661930115317
[ 5.84820731  3.43088186 -0.21857543  5.73123517  9.12023888  2.04727846] -234.24399612388635
[ 5.7559517   3.38798845 -0.12774218  5.72388509  9.06305234  1.97221108] -234.10741601554764
[ 5.96026014  3.10527116 -0.36160071  5.77621985  9.05594489  2.18317851] -234.15514938287203
[ 5.93411949  3.12674337 -0.15045909  5.7522716   8.93140316  2.22465395] -233.96130458710417
[ 5.94153627  2.91174325 -0.01699242  5.75739272  8.75343002  2.31494152] -233.78210090304296
[ 5.96971156  3.30617962 -0.08876526  5.74063654  9.26874657  2.04494962] -233.7936257836226
[ 5.93785701  3.01330386 -0.03471809  5.65164354  8.7011406   2.13439489] -233.71820003701464
[5.9368182  2.77401129 0.11562226 5.56853969 8.34244208 2.13705085] -233.61356068318344
[ 5.87160515  2.83757921 -0.07818471  5.79250828  8.78889396  2.08011626] -233.4385258498553
[ 5.81298551  2.5342623  -0.02225528  5.86382502  8.64149157  2.03428244] -233.20283489636324
[5.77535025 2.64630238 0.15796198 5.7163576  8.57420701 2.12550235] -233.235558260913
[5.77052436 2.74822461 0.36754375 5.68065903 8.49184497 2.02646744] -233.06935492396101
[5.67565646 2.56970134 0.73211598 5.63287862 8.20979501 1.94811191] -232.94206237857148
[5.94806772 2.19274494 0.4203046  5.70265831 8.20031841 2.22940182] -233.14455403308312
[5.72709324 1.90340888 0.55101763 5.67324744 7.63848146 2.21814734] -233.8984528498632
[5.90905698 2.95548694 0.07118046 5.72378927 8.8611803  2.08824905] -233.33002213640475
[5.74444211 2.31242649 0.50863575 5.64529012 8.18971477 1.87259128] -232.64845121116213
[5.64589503 2.0127681  0.77144983 5.58923882 7.90785715 1.65141616] -232.42257545688543
[5.65218579 2.19641071 0.59463027 5.84104285 8.45584107 1.88860373] -232.4108868554107
[5.50986958 1.90761042 0.83413427 5.97729443 8.51254057 1.76438017] -232.26867804375763
[5.54688454 1.66564289 0.89339    5.770295   7.82088961 1.82944923] -232.80446800523052
[5.60443602 1.64794095 1.05175115 5.7957058  7.8567571  1.69351156] -232.5748609412267
[5.49728427 1.46454058 1.58997055 5.62553197 7.52789438 1.67114118] -233.0538332457919
[5.21194092 1.56332315 1.53729933 5.76098991 7.74492619 1.28993491] -233.24276709213302
[5.76403602 2.0353895  0.69955328 5.71724121 8.08647036 1.99453509] -232.64640459004124
[5.75164161 2.48181049 0.07082761 5.86868599 8.60354222 1.95599353] -233.0009137093179
[5.68805227 2.22749301 0.45061335 5.80789748 8.33463026 1.88478044] -232.6055760314516
[5.57740136 1.26258028 0.83484798 5.91967896 7.96325334 1.65791231] -232.383442234869
[5.71634556 2.03228453 0.65405996 5.83205724 8.39961331 1.71939601] -232.0335537723804
[5.80107607 2.21560534 0.53439494 5.86293836 8.68897516 1.66436941] -231.8533815242354
[5.51154076 1.72260987 0.79284389 5.93367674 8.3348675  1.44425492] -231.94859961185233
[5.52868733 1.36221198 1.15586067 5.88494689 8.08678668 1.40716773] -231.93047169970737
[5.58705401 1.84652105 0.58942605 5.9268856  8.64133637 1.50298867] -231.7871300573959
[5.57836301 1.9458111  0.3582635  5.99247549 9.03362601 1.40772723] -231.95421880836022
[5.52598134 1.42627821 0.80905277 6.24590151 8.83472939 1.49560825] -231.70979561360883
[5.4660245  1.13303327 0.82785424 6.57423286 9.29816551 1.41770429] -231.92341763360292
[5.57733501 2.23103201 0.73705622 6.02420222 9.06982522 1.43501074] -231.83653613241273
[5.66735526 1.69380907 0.70541058 5.98222267 8.70629954 1.21875307] -231.28411121052903
[5.7460981  1.5869084  0.64104873 5.98468679 8.80317902 0.94593952] -231.0573820832566
[5.74386986 1.83357579 0.69610257 6.04284371 9.04007645 1.37277319] -231.22948447351789
[5.7984508  2.35109496 0.17983308 6.14420584 9.60592052 1.39839552] -231.82776984187228
[5.52518697 1.5428648  0.68311153 6.25997019 9.30938049 1.05253589] -231.41338706869578
[5.73154536 1.29804906 0.46246869 6.17729566 9.0083822  1.15440294] -231.22914044469204
[5.48812775 0.82697081 1.11390369 6.06832198 8.27310745 1.10968729] -231.6974886262444
[5.66654911 0.99169464 0.87913661 6.33278769 9.11494863 0.87399368] -230.98824024099727
[5.70629666 0.56428144 1.0239919  6.53573873 9.35175476 0.55949619] -231.135816739392
[5.77447771 1.26707629 0.68287117 6.04273383 9.01496202 0.67416926] -231.04764876899253
[5.90778129 2.01308551 0.23434274 6.21178398 9.82386882 0.91491753] -231.43451015658826
[5.8028679  1.71655684 0.45423298 6.17591848 9.43617848 0.96360997] -231.09389453862417
[5.96328237 1.35508888 0.58884205 5.99211853 8.82986177 0.94242696] -231.07715332254548
[5.81773699 0.90488224 0.54009751 6.19233661 9.02909426 0.47874092] -231.21010456896047
[5.85879204 1.30935337 0.79960766 6.06289831 9.06769253 0.4718905 ] -230.81837985706176
[5.92241538 1.31500553 0.96817714 6.00569964 9.0973477  0.13063428] -230.863710202692
[5.78628542 1.8373439  0.80848222 6.00471126 9.05984656 1.14526904] -231.00223913451453
[5.79562701 1.06593165 1.01242984 5.96406032 8.52731837 0.72095301] -230.9598339565704
[5.57932743 1.33101387 1.01901669 6.13850754 9.03278727 0.66831138] -231.0620093510836
[5.67531616 1.33703263 0.91147303 6.10191029 8.9820559  0.73684027] -230.90994300833893
[5.77291772 1.01590243 1.05695145 6.18501378 9.11909565 0.59509907] -230.78950036965648
[5.78632753 0.73039944 1.26490281 6.28517727 9.27705396 0.41967885] -230.90491402656784
[5.74401811 1.25200992 1.13982244 6.17439338 8.94202386 0.8405126 ] -230.77663854633005
[5.72878832 1.24447673 1.36829807 6.24022316 8.90555477 0.92368428] -230.97326567596014
[5.7181213  0.48663098 1.12465812 6.26897667 8.85786509 0.26782734] -231.20924285600853
[5.76924439 1.49966567 0.8875262  6.07077761 9.00935119 0.92590862] -230.81841632738798
[5.87208937 1.50160391 1.05680026 5.85356355 8.76756387 0.55640768] -230.80757600042224
[5.76849892 1.57259098 0.93829717 6.18545865 9.43527596 0.6545999 ] -230.79993440287865
[5.91987069 1.38000947 1.04819536 6.07545814 9.13161179 0.61129918] -230.57610393397877
[6.04214795 1.40149789 1.11655652 6.06223206 9.20638973 0.54852864] -230.518234826773
[5.91691031 1.18465383 1.14848564 6.1037423  9.16999601 0.29643751] -230.6569013760678
[5.84673542 1.33339961 1.35269683 6.12523626 9.14575583 0.6919713 ] -230.561097998025
[5.82498678 1.08508097 1.19413643 6.4251286  9.57194848 0.652642  ] -230.6212474538613
[5.94740651 0.85159056 1.39791926 6.17312348 8.94979389 0.55379714] -230.6419766204242
[6.00115064 1.3535085  1.39292092 6.16960492 9.20954028 0.59953066] -230.39716263265444
[6.1152671  1.52231154 1.56090565 6.16190049 9.2547626  0.60174646] -230.4125008667923
[6.11576109 1.15123388 1.39441609 6.17862916 9.47578422 0.27378982] -230.52185233984667
[6.00915249 1.20744998 1.46772971 6.27424253 9.34974147 0.81031567] -230.3502196318652
[6.05527357 1.21884805 1.62735175 6.35949264 9.4396142  1.06725476] -230.3886517531741
[5.99923827 1.65913305 1.24156624 6.23856769 9.70325945 0.63846222] -230.42046844523972
[6.17974184 1.61699333 1.46115901 5.92437561 9.12487518 0.53489077] -230.4561941516006
[6.26899534 1.46320592 1.33875267 6.15731439 9.54410761 0.44320129] -230.36790180591032
[6.05104775 1.74936234 1.27847893 6.09681658 9.23685369 0.91785327] -230.421898861878
[6.1276275  1.61505315 1.61031264 6.22474184 9.51640283 0.76622266] -230.26514602600187
[6.17036727 1.72183078 1.85719071 6.30599673 9.67140937 0.87506967] -230.39303950837657
[5.97266215 1.39891099 1.31542803 6.46272038 9.7284266  0.85697116] -230.46260685989762
[6.12797192 1.56247274 1.42472627 6.0589618  9.27576303 0.61541087] -230.33822345871954
[6.12699763 1.20424544 1.54685722 6.27766115 9.62941787 0.37319452] -230.36133726724117
[6.22139357 1.14284553 1.68553357 6.14894118 9.13839825 0.56416301] -230.44849363566414
[6.0547771  1.53006117 1.35255807 6.21616107 9.56204415 0.61988742] -230.3268547623333
[6.23735668 1.50732096 1.52072461 6.23342267 9.7496187  0.60988015] -230.21373826793473
[ 6.35545971  1.58422719  1.58462646  6.26533155 10.01965791  0.61505489] -230.23301839876115
[5.95896577 1.41232855 1.63555017 6.27108263 9.48355507 0.82176914] -230.41313121589704
[6.19148795 1.45048658 1.41295205 6.18575645 9.52896948 0.53784325] -230.28044345692265
[6.12246025 1.75336942 1.38281057 6.12010097 9.36476202 0.94665882] -230.322152772987
[6.27807465 1.93213803 1.43363169 6.07213908 9.64944527 0.55498538] -230.36246992809876
[6.07638303 1.38862199 1.45920521 6.22371666 9.42466742 0.7464831 ] -230.2828954933017
[6.14205891 1.51916502 1.48812812 6.34233809 9.7730585  0.79358093] -230.21443162977016
[6.24434767 1.54794454 1.60548632 6.22719783 9.5571155  0.84700222] -230.19211557863758
[6.33913296 1.55688623 1.73195045 6.23271622 9.55465117 0.96055962] -230.22124313296356
[6.21729367 1.25616132 1.64945908 6.35895688 9.81851545 0.48701195] -230.2502135675107
[6.3103411  1.5767552  1.6364824  6.30042126 9.88989273 0.60069729] -230.1805361545286
[ 6.42732014  1.67082181  1.725121    6.33877356 10.12250539  0.52780438] -230.22134560605224
[6.2348539  1.55698015 1.75724568 6.37660307 9.90589843 0.83028848] -230.1791725990338
[ 6.25653687  1.61022694  1.9293925   6.47202639 10.0943629   0.97651109] -230.27161631621144
[ 6.33445648  1.37305591  1.60886276  6.38823809 10.04829694  0.62326435] -230.17050177041142
[ 6.43787097  1.2520573   1.60813782  6.46998622 10.314244    0.55178519] -230.27273830804248
[6.28384458 1.77091261 1.55618421 6.26378346 9.82277815 0.94789252] -230.16572561115032
[6.31712004 2.02828825 1.50954678 6.21619676 9.82490949 1.1783328 ] -230.28643223054442
[6.40634123 1.59182478 1.74020055 6.25421738 9.88480832 0.69276074] -230.14154032552668
[6.53848239 1.62815466 1.86623676 6.21015702 9.94068323 0.64235064] -230.20787390741796
[6.36737164 1.63183677 1.7807627  6.37006436 9.95331132 0.90408838] -230.1537055415413
[ 6.40138864  1.61917727  1.75442644  6.42391138 10.2778798   0.68599503] -230.15310735450248
[ 6.36574439  1.60450729  1.76274505  6.39185132 10.07443159  0.96073254] -230.09046213321744
[ 6.39344603  1.61838334  1.82587637  6.43756635 10.16670101  1.14075017] -230.09272652696103
[ 6.48486175  1.64012472  1.64381489  6.32075226 10.11460361  0.77462271] -230.13543525317797
[6.43539426 1.9130719  1.80384852 6.28662196 9.99430732 1.03209962] -230.1865342503985
[ 6.35969093  1.50805991  1.6576092   6.36283406 10.03479954  0.72547317] -230.1192650300939
[ 6.51128827  1.42759764  1.89033539  6.44409345 10.29049991  0.63333167] -230.15864277527274
[ 6.45442735  1.51342638  1.8067976   6.39901596 10.17356947  0.71197188] -230.11599639392895
[ 6.45677979  1.52720335  1.67443521  6.34746309 10.23338612  0.61309697] -230.21937930194335
[ 6.38972368  1.60567841  1.75418083  6.36441404 10.02333002  0.83134053] -230.11213067113522
[6.41887447 1.53536323 1.70068959 6.27378363 9.82396772 0.87963882] -230.11452436289494
[ 6.41809962  1.54389521  1.70174517  6.44999971 10.19675899  0.93516581] -230.07832742145916
[ 6.42397882  1.51993042  1.68251748  6.54789088 10.35273433  1.05636835] -230.0959276040992
[6.31732506 1.46351876 1.81744092 6.42654732 9.99434883 0.90681821] -230.1280942317401
[ 6.35920923  1.50767025  1.77403441  6.40009855 10.02441253  0.87376934] -230.09733359502903
[ 6.44233532  1.59545368  1.84245502  6.39688701 10.07069057  1.00539981] -230.0928342436638
[6.34356822 1.61742964 1.70515242 6.35999546 9.89762767 1.1167104 ] -230.13681260997572
[ 6.42671257  1.5394272   1.78138631  6.38926083 10.10458402  0.81315651] -230.08969320359432
[ 6.3817338   1.59684745  1.83815933  6.5237202  10.34076819  0.92688269] -230.1464948152312
[6.4095893  1.55073429 1.73505703 6.33626777 9.95316783 0.89144979] -230.08889640168516
[ 6.41750647  1.50821756  1.7782935   6.42370769 10.11801849  0.99521741] -230.06271946380875
[ 6.43139787  1.45948713  1.79034984  6.45335451 10.16536272  1.07715584] -230.05176605847578
[ 6.47208379  1.59016468  1.76387839  6.40577517 10.16391938  1.0205841 ] -230.06347289705553
[ 6.39887386  1.50061825  1.66926558  6.41194943 10.14871761  0.89401506] -230.07250028503762
[ 6.48650795  1.45693496  1.71781572  6.42368449 10.1697386   0.91644316] -230.07475122500932
[ 6.44547156  1.49451764  1.67798427  6.43774953 10.16130436  1.09844808] -230.05975521409727
[ 6.47455558  1.46447167  1.7052893   6.52456984 10.38209939  1.08915423] -230.05524454969034
[ 6.48486391  1.44483624  1.73978253  6.43569461 10.20028836  1.09676768] -230.05229037395634
[ 6.41590757  1.52776358  1.73103424  6.46601321 10.23749201  1.1755985 ] -230.06052796577055
[ 6.50921957  1.49312873  1.80017394  6.49576953 10.28810446  1.29188775] -230.06781856492873
[ 6.48163314  1.49500111  1.76744685  6.4748145  10.25325775  1.19241958] -230.05359974002133
[ 6.43919275  1.37186111  1.70675062  6.5249569  10.30268215  1.2225972 ] -230.06679636228338
[ 6.46386103  1.53558879  1.74959645  6.4355706  10.19861007  1.07108738] -230.0534000293947
[ 6.51135346  1.43687061  1.74578217  6.45457132 10.21614888  1.03274576] -230.06595423287064
[ 6.43976904  1.50504034  1.73472122  6.46315274 10.23215623  1.13988532] -230.052975455173
[ 6.47988863  1.47362412  1.81774446  6.49130274 10.31595381  1.1237086 ] -230.04423979669042
[ 6.49709716  1.46317735  1.88762455  6.51807935 10.39327854  1.13633885] -230.0473739054531
[ 6.45258229  1.5067209   1.82792449  6.39339339 10.07311026  1.14452057] -230.06140941254225
[ 6.46906226  1.47503398  1.73594809  6.49177573 10.30485211  1.10299581] -230.04954988999623
[ 6.44131444  1.46953575  1.75526734  6.44880248 10.21915002  1.0114473 ] -230.04907784502842
[ 6.45157102  1.40693039  1.77500805  6.492457   10.28064434  1.11289947] -230.04823252395948
[ 6.479597    1.40477553  1.80331221  6.47464295 10.2632609   1.03510625] -230.04653806893748
[ 6.43274649  1.45162606  1.81942747  6.51508386 10.3161196   1.05767008] -230.05609801592036
[ 6.47183456  1.44653369  1.75969376  6.45554192 10.22924617  1.08699328] -230.0457221326559
[ 6.49969143  1.43265736  1.75864147  6.4981531  10.37233973  1.08056106] -230.05200053877547
[ 6.44847126  1.45277969  1.78242275  6.46455416 10.21710697  1.07800715] -230.04689457513425
[ 6.45516337  1.40969241  1.82853476  6.45065802 10.20360196  1.04639153] -230.04713681312668
[ 6.4875275   1.39524286  1.83363799  6.49424979 10.28412137  1.14958813] -230.04533387241716
[ 6.48925642  1.45395237  1.8334406   6.45119286 10.22378605  1.06036551] -230.04601320957073
[ 6.49702842  1.46594367  1.78154916  6.49317012 10.30755646  1.13153144] -230.04848905530423
[ 6.46562963  1.42375523  1.81678836  6.46128605 10.22959059  1.06767651] -230.04534082980317
[ 6.50943999  1.41318158  1.83911638  6.47818462 10.29821266  1.09647228] -230.04677147750795
[ 6.49419781  1.42308111  1.82494297  6.474777   10.27793624  1.09185599] -230.0452018852781
[ 6.48318119  1.46728759  1.82543717  6.4681405  10.25695051  1.15828975] -230.04574091958324
[ 6.47149668  1.42255583  1.79264097  6.49723981 10.30748018  1.16567191] -230.0460344517175
[ 6.48481649  1.44610324  1.82324069  6.4627046  10.24470958  1.08669211] -230.04462926009668
[ 6.47811702  1.40215915  1.79991224  6.4784802  10.27023541  1.04388179] -230.04632025873119
[ 6.48191515  1.45100548  1.81905594  6.47072543 10.26027174  1.12968776] -230.0445716315361
[ 6.49282385  1.42440365  1.88544304  6.49613995 10.3082816   1.12940975] -230.04573645668341
[ 6.47708188  1.44100118  1.79113108  6.46569143 10.24900503  1.0975974 ] -230.04346868322418
[ 6.50284618  1.45293077  1.81979601  6.49186428 10.31440867  1.15870015] -230.04563825767337
[ 6.47493377  1.43104911  1.81754028  6.46893061 10.25079511  1.09043242] -230.04252826872835
[ 6.4767504   1.49337855  1.79758048  6.45046081 10.24876913  1.05706996] -230.0447986584225
[ 6.4642643   1.48897279  1.79715467  6.4618282  10.2452319   1.10320675] -230.04724645732634
[ 6.48671443  1.43955403  1.8179959   6.4715398  10.26976015  1.09469368] -230.0443604730331
[ 6.48503305  1.40073383  1.8313223   6.49317073 10.28139601  1.15053403] -230.04515042879265
[ 6.47882106  1.47021737  1.80601594  6.46113829 10.25692585  1.08043598] -230.04397744128306
[ 6.47496848  1.45604719  1.7999205   6.48040483 10.28952765  1.1188265 ] -230.0439572000953
[ 6.47555427  1.45282552  1.79772678  6.47561047 10.28371746  1.07221043] -230.0446575169752
[ 6.48032493  1.45146049  1.81372365  6.47194669 10.26613317  1.11531843] -230.04414723206173
[ 6.46862516  1.4682458   1.79736274  6.47493173 10.27302005  1.11407942] -230.04661546715036
[ 6.48219211  1.44672697  1.81283761  6.47238778 10.27057513  1.09954012] -230.04408963045537
[ 6.47621878  1.42520999  1.79597856  6.4488638  10.21170017  1.07700835] -230.04498027392597
[ 6.47897117  1.46152058  1.81230298  6.48069301 10.2898904   1.11203354] -230.0435456320323
[ 6.47533123  1.45072698  1.79952582  6.47113529 10.26943989  1.08430356] -230.0443324381114
[ 6.4790765   1.45127711  1.81017419  6.47174384 10.26695985  1.10756471] -230.0440851664846
[ 6.47242551  1.45697722  1.79952405  6.47047955 10.26379283  1.10275673] -230.04419021098548
[ 6.47975046  1.44928953  1.80950922  6.47191073 10.26887955  1.10034427] -230.04408854623733
[ 6.47486716  1.45441466  1.80285244  6.47095661 10.26548841  1.10195258] -230.0441090592743
[ 6.47852964  1.45057081  1.80784502  6.4716722  10.26803177  1.10074635] -230.04408000800578
[ 6.47535883  1.45219164  1.80141108  6.47109961 10.26776542  1.09245935] -230.04417637545848
[ 6.47814708  1.45150575  1.80798341  6.47158278 10.26716124  1.10378837] -230.04406384952387
[ 6.47577818  1.45320958  1.80378637  6.47114145 10.26640333  1.10029172] -230.04411309805147
[ 6.47784177  1.45123051  1.80683036  6.47153951 10.26762466  1.10063269] -230.04407759049357
[ 6.47646604  1.45254989  1.80480104  6.47127414 10.26681044  1.10040538] -230.04409302333272
[ 6.47749784  1.45156035  1.80632303  6.47147317 10.2674211   1.10057586] -230.04408452054741
[ 6.47600782  1.43602515  1.80433568  6.46731102 10.24990007  1.09401491] -230.04277082988187
[ 6.47695247  1.44628485  1.81492163  6.47481181 10.27034275  1.10123298] -230.0440108713676
[ 6.47495113  1.44354815  1.80873039  6.47466772 10.27016138  1.10462946] -230.04418682011217
[ 6.47687742  1.45063324  1.81177811  6.46503445 10.25386048  1.0854342 ] -230.04402987806026
[ 6.47654043  1.44127743  1.81276184  6.4702567  10.25897817  1.0971104 ] -230.04421123211637
[ 6.47638777  1.44113981  1.81218532  6.47023506 10.25920988  1.09553256] -230.04410200004583
[ 6.47549637  1.44161601  1.81040196  6.47007352 10.25911172  1.09331511] -230.04410908652628
[ 6.47726741  1.43870124  1.8149906   6.4641311  10.24424529  1.0820246 ] -230.04442396717295
[ 6.4755302   1.44233642  1.81029544  6.47203357 10.26368236  1.09897825] -230.0440704921184
[ 6.47673345  1.44087352  1.81328353  6.46937864 10.2568185   1.09522666] -230.04411287292217
[ 6.47580564  1.44143039  1.81112235  6.4698998  10.25853841  1.093793  ] -230.0441256601033
[ 6.4754708   1.43353713  1.81093798  6.46812081 10.25034759  1.09222366] -230.04264498734437
[ 6.47594312  1.43866698  1.81623095  6.47187121 10.26056893  1.0958327 ] -230.04407583048064
[ 6.47590559  1.44084118  1.81465919  6.46698253 10.25232779  1.08793331] -230.04410611238865
[ 6.47523198  1.43669277  1.81391786  6.47048209 10.25723873  1.09470533] -230.04228342642742
[ 6.47566077  1.43609446  1.8148628   6.46958283 10.2550025   1.09298249] -230.0423091489739
[ 6.47521507  1.43633256  1.81397112  6.46950207 10.25495341  1.09187377] -230.04231687475257
[ 6.47491291  1.42994983  1.81449447  6.47251401 10.25730763  1.09808348] -230.04262337297146
[ 6.47453198  1.42921831  1.81234388  6.4678396  10.24797939  1.09093435] -230.04278148068275
[ 6.47488477  1.43158047  1.81331565  6.4688475  10.25112678  1.09215894] -230.0426056633176
[ 6.47480896  1.43369594  1.81842941  6.47183222 10.25846046  1.09452181] -230.04232299689852
[ 6.4753322   1.43853194  1.81618457  6.46721176 10.2518847   1.08747477] -230.04406197125593
[ 6.47501773  1.43209536  1.81491699  6.47118845 10.2559519   1.0954313 ] -230.04250522753523
[ 6.47540466  1.43707292  1.81789717  6.47165859 10.25967393  1.0944901 ] -230.0439950152653
[ 6.47501474  1.43295359  1.81446103  6.46955027 10.25326356  1.09274173] -230.04250263392282
[ 6.47538265  1.43823911  1.81264612  6.47178204 10.26082841  1.09698639] -230.04406723746064
[ 6.47504599  1.43284661  1.81631674  6.46964346 10.25330343  1.09207091] -230.04245429987296
[ 6.47530811  1.43744329  1.81573599  6.4690092  10.2547888   1.09086738] -230.04405282134786
[ 6.47509033  1.43343234  1.81512174  6.47064364 10.25566112  1.09429032] -230.0424524822059
[ 6.47533629  1.43674464  1.81641219  6.47101183 10.25827632  1.09407315] -230.04404428868528
[ 6.47509513  1.43390135  1.81494882  6.46991566 10.25451675  1.09307458] -230.04243401749662
[ 6.47532142  1.43720319  1.81410051  6.47100937 10.25864089  1.09507852] -230.04225640285705
[ 6.47545914  1.43938148  1.8129924   6.47169232 10.26130962  1.09658233] -230.04410221705442
[ 6.47535412  1.43787442  1.81495509  6.47013111 10.25727646  1.09312185] -230.0440418037077
[ 6.47515627  1.43454286  1.81508008  6.4705155  10.25606496  1.0939982 ] -230.0423989562687
[ 6.4753697   1.43761924  1.81517177  6.47105903 10.2589369   1.09464546] -230.04403796639843
[ 6.47516377  1.43483082  1.81500456  6.4702015  10.25562179  1.0934673 ] -230.04233213924036
[ 6.47531105  1.43707372  1.81501534  6.47035452 10.25724097  1.09354487] -230.04224094911757
[ 6.47538844  1.43833915  1.81498296  6.47027403 10.25782898  1.09331821] -230.04400936978521
[ 6.47535265  1.43753339  1.81509445  6.47071953 10.25822387  1.09410163] -230.0440410715747
[ 6.47521099  1.43550647  1.81502703  6.47033101 10.25627231  1.09362588] -230.0423009367366
[ 6.47584147  1.43927179  1.81053547  6.46858841 10.25465581  1.09274848] -230.04423594508137
[ 6.47506709  1.4350899   1.81645593  6.47102127 10.2575093   1.09407848] -230.042276370968
[ 6.47538603  1.43622094  1.81582204  6.47142496 10.25901482  1.09613143] -230.04224163615123
[ 6.47484875  1.4365012   1.8152501   6.47195824 10.26030318  1.09607235] -230.04221563073747
[ 6.47444274  1.43670457  1.81544375  6.47314595 10.26295352  1.09761728] -230.0421902636179
[ 6.47504245  1.43748857  1.81522478  6.47214838 10.26126044  1.09675942] -230.04401987859907
[ 6.47516886  1.43600199  1.81507647  6.47078535 10.25751934  1.09440927] -230.0422659754352
[ 6.47500041  1.43607201  1.81672015  6.47209839 10.26038755  1.09558128] -230.04221428526628
[ 6.47514309  1.43800224  1.81427016  6.47191825 10.2610764   1.09670907] -230.04402578505864
[ 6.47508609  1.43581799  1.81590948  6.47124551 10.25840107  1.09473613] -230.04225108112323
[ 6.47501373  1.43702882  1.81592729  6.47230755 10.26136027  1.09648723] -230.04219205307447
[ 6.4747586   1.43576949  1.81751217  6.47251626 10.26114517  1.09628755] -230.0421857188726
[ 6.47447718  1.43505264  1.81921801  6.4732697  10.26239732  1.09689207] -230.04222835643486
[ 6.47488477  1.43713853  1.81623743  6.4727037  10.26229969  1.09714709] -230.04398293402977
[ 6.47503576  1.43614812  1.81599147  6.47161006 10.25937573  1.09533887] -230.04223604680917
[ 6.47446806  1.4367113   1.81638136  6.47258594 10.26180625  1.0954876 ] -230.04218091813703
[ 6.47400908  1.43695648  1.81666101  6.47316643 10.26320196  1.09516569] -230.0421557321377
[ 6.47410905  1.43581944  1.81773662  6.47459369 10.2655671   1.09861443] -230.0422340531749
[ 6.47407545  1.43663548  1.8173422   6.47433269 10.26549613  1.09791229] -230.0421528201229
[ 6.47359529  1.43687916  1.81801756  6.47569401 10.26855633  1.099199  ] -230.04212333851657
[ 6.4748309   1.4373174   1.8156907   6.47171584 10.26030117  1.09483158] -230.04218783611736
[ 6.47388303  1.43747997  1.81636401  6.47408362 10.26545193  1.09761483] -230.0421374325863
[ 6.47349282  1.43667354  1.81730245  6.47446649 10.26584309  1.09708475] -230.04218966670086
[ 6.47374716  1.43698744  1.81840555  6.47406827 10.26521303  1.09577719] -230.04210409636522
[ 6.47339937  1.43712887  1.81988645  6.47452944 10.26634279  1.09485714] -230.04206082958032
[ 6.47466594  1.43717025  1.81740819  6.47276871 10.26249002  1.09556719] -230.043954421949
[ 6.4737861   1.43679772  1.81732888  6.47404204 10.26500483  1.09670536] -230.04213737301518
[ 6.47297959  1.43635316  1.819566    6.47629476 10.26959983  1.09844494] -230.042168641863
[ 6.47245889  1.43809563  1.81842913  6.47675385 10.27157405  1.09770811] -230.04207741383314
[ 6.47406433  1.43809278  1.81599635  6.47312837 10.26377746  1.0953051 ] -230.04394678169857
[ 6.47325077  1.43678807  1.81867359  6.47550316 10.26814424  1.09765998] -230.04216679522276
[ 6.47379314  1.43765788  1.81688876  6.47391997 10.26523305  1.09609006] -230.04211646732662
[ 6.47296286  1.43772326  1.81897725  6.47650788 10.27085236  1.09889248] -230.04208339426373
[ 6.47278218  1.43728087  1.82014533  6.47639877 10.27040254  1.09686922] -230.04211857527196
[ 6.47254448  1.43812417  1.82011928  6.47722593 10.27264888  1.09783331] -230.0438685591524
[ 6.47347569  1.43712933  1.81802648  6.47483801 10.26691584  1.09698735] -230.04209212016522
[ 6.47269542  1.43812612  1.81943357  6.47528862 10.26855055  1.09460245] -230.04386897276558
[ 6.47337032  1.4371909   1.81837156  6.47559267 10.26855488  1.09804986] -230.04209292935616
[ 6.47370457  1.43769442  1.81671455  6.47431517 10.26608845  1.09732578] -230.0421097021612
[ 6.47266409  1.4373296   1.81991304  6.4769257  10.27154307  1.09851684] -230.04212773818705
[ 6.47351088  1.43757581  1.81764483  6.4746714  10.26681056  1.09669676] -230.04208944843737
[ 6.4726881   1.43725352  1.82039735  6.47664925 10.27092838  1.09707145] -230.04212333650946
[ 6.47345045  1.43758419  1.81763525  6.47489869 10.26729843  1.0972622 ] -230.0420971224122
[ 6.47294222  1.43736374  1.81947665  6.47606573 10.2697184   1.09713503] -230.04207746060933
[ 6.47287965  1.43781465  1.8191087   6.47552944 10.26884978  1.09604242] -230.04205530575638
[ 6.47263431  1.43812652  1.81947727  6.47549782 10.26899723  1.0950387 ] -230.0438745740695
[ 6.47257559  1.43810466  1.81981452  6.47651456 10.27113347  1.09678997] -230.04387193914667
[ 6.47325067  1.43737316  1.81847349  6.47525715 10.26797025  1.096938  ] -230.0420862648166
[ 6.47245367  1.43759063  1.82047239  6.47687642 10.27162532  1.09716097] -230.04210730519796
[ 6.47324658  1.43757951  1.81835172  6.47522266 10.26801425  1.09681281] -230.0420928423087
[ 6.47313951  1.43747176  1.81949757  6.47502944 10.26759629  1.09544978] -230.0420581520323
[ 6.47266927  1.43795514  1.81876892  6.47614164 10.27021191  1.09687526] -230.04206562173633
[ 6.47291093  1.4375892   1.81929268  6.47579758 10.26928409  1.09658873] -230.04206593853704
[ 6.47292125  1.43776896  1.81904298  6.47601866 10.26985107  1.09746745] -230.0420655171027
[ 6.47306516  1.43759391  1.8187911   6.47539329 10.26841001  1.09649021] -230.0420792077969
[ 6.47319526  1.43769523  1.81837677  6.47510042 10.26783017  1.09636959] -230.04208562926684
[ 6.47266666  1.43770264  1.81979055  6.47620293 10.27023755  1.0966017 ] -230.04205638615
[ 6.47266393  1.43784021  1.81970937  6.47617993 10.27026688  1.09651824] -230.0420536700875
[ 6.47246332  1.43796336  1.8201685   6.47657325 10.27119532  1.09653225] -230.04205674635458
[ 6.47273582  1.43792859  1.81934668  6.4759031  10.26972041  1.09639622] -230.0420625186306
[ 6.47299967  1.43755379  1.82006303  6.47547952 10.26862874  1.09595001] -230.04387062194158
[ 6.47275187  1.4378548   1.81909244  6.47597611 10.26981612  1.09664395] -230.04206035785685
[ 6.47269122  1.4377686   1.81980546  6.47558832 10.26897794  1.09508332] -230.04204897735178
[ 6.47257621  1.43776842  1.82018671  6.47537316 10.26854137  1.09389126] -230.04204239106912
[ 6.47282345  1.43755557  1.81978176  6.47552724 10.26871559  1.09531956] -230.04207036997153
[ 6.47275773  1.43783534  1.81945545  6.47580913 10.2694692   1.09612706] -230.04206717472485
[ 6.47262007  1.43780431  1.81994804  6.47577654 10.26940413  1.09520475] -230.04205678700697
[ 6.47272793  1.43779153  1.8196477   6.4754513  10.26869558  1.09496684] -230.04205537917036
[ 6.47262143  1.43773553  1.81998863  6.47578804 10.26938946  1.09524648] -230.04204929072264
[ 6.47285786  1.43762009  1.81984214  6.4752013  10.26806883  1.09467052] -230.04205432024378
[ 6.47266404  1.43781161  1.81963958  6.47567463 10.26917875  1.0952676 ] -230.0420507879353
[ 6.47265601  1.4378485   1.81976669  6.47563813 10.26913089  1.09514374] -230.04205219324544
[ 6.47274776  1.43772091  1.81974245  6.47526564 10.26826416  1.09452407] -230.0420577998008
[ 6.47265199  1.43778346  1.81989664  6.47564882 10.26911914  1.09503458] -230.04203951934883
[ 6.47261459  1.437731    1.82012576  6.47565673 10.2691139   1.09478455] -230.04205628448497
[ 6.47269959  1.4377764   1.81976722  6.47550265 10.26880016  1.09492127] -230.04203747628915
[ 6.4724319   1.43795455  1.81990635  6.47600718 10.26998442  1.09516445] -230.0420566044025
[ 6.47275137  1.4377037   1.81985819  6.47540277 10.26854773  1.094794  ] -230.0420458432888
[ 6.47266553  1.43767787  1.82001229  6.4754919  10.26872798  1.09457465] -230.04205134538887
[ 6.47266315  1.43772053  1.81995089  6.47552845 10.2688287   1.09471693] -230.04205039727464
[ 6.47265721  1.4376844   1.82024318  6.47540666 10.26856344  1.09426723] -230.0420561751551
[ 6.47266233  1.43777981  1.81979048  6.47560764 10.26902492  1.09501751] -230.04205486947723
[ 6.47267579  1.43777993  1.81983193  6.47557574 10.26895965  1.09497792] -230.04205103267842
[ 6.4726379   1.43777241  1.81997696  6.4754379  10.26867076  1.09440626] -230.042042668654
[ 6.47272548  1.43774005  1.8198127   6.47545271 10.26867394  1.09485764] -230.04205428172622
[ 6.47266051  1.43775596  1.81987792  6.47564535 10.26909481  1.09508387] -230.04205392494285
[ 6.47268137  1.43774846  1.81985905  6.47551555 10.26881443  1.0948191 ] -230.04204935332905
[ 6.47268181  1.43779401  1.8197034   6.47558864 10.26898945  1.09509444] -230.04206341128446
[ 6.4726784   1.4377304   1.8200052   6.47545466 10.2686818   1.09459425] -230.04204949384382
[ 6.47261904  1.43778114  1.81996006  6.47559124 10.26899993  1.09474325] -230.04206204157973
[ 6.47269887  1.43775032  1.81984954  6.47548734 10.26875544  1.09482904] -230.04205544822955
[ 6.47266875  1.4377744   1.81987209  6.47547028 10.26873546  1.09466376] -230.042050842601
[ 6.47269048  1.43776243  1.81981314  6.4755091  10.26880729  1.09487018] -230.04204774077593
[ 6.472689    1.4377534   1.81988621  6.47547866 10.26874098  1.09475776] -230.04205572850984
[ 6.47268769  1.43777817  1.81979957  6.47553919 10.2688799   1.09494959] -230.042062234378
[ 6.47268005  1.43776618  1.81982257  6.475574   10.26894748  1.09500257] -230.0420542181505
[ 6.47271254  1.43775823  1.81978996  6.47547768 10.26873705  1.09488945] -230.04204776053987
[ 6.47269244  1.43775218  1.81985082  6.47546493 10.26870957  1.09475207] -230.0420532168418
[ 6.47269229  1.43777654  1.81975239  6.47552089 10.26883803  1.09494201] -230.0420474227364
[ 6.47270531  1.43776721  1.81979263  6.47540785 10.26859504  1.09467701] -230.04204808691236
[ 6.47269721  1.43778622  1.81974499  6.47549789 10.26879477  1.09490249] -230.04204775175478
[ 6.47273039  1.43776794  1.81968135  6.47550174 10.26878865  1.09507037] -230.04205205291862
[ 6.47268416  1.43777279  1.8198244   6.47547815 10.26874876  1.09476542] -230.04205691433881
[ 6.47269594  1.43777647  1.8197598   6.47551177 10.26881909  1.09493164] -230.04204681953806
[ 6.47269504  1.43776942  1.81979018  6.47550588 10.26880373  1.09489572] -230.0420480750428
[ 6.4726984   1.43778131  1.8197561   6.47550027 10.26879746  1.09491188] -230.04204356482393
[ 6.47270606  1.43776731  1.81977859  6.47549017 10.2687686   1.09490536] -230.04204927695378
[ 6.47270245  1.43777181  1.81977993  6.47545525 10.2686976   1.09479914] -230.04205054258466
[ 6.47268417  1.4377754   1.81981965  6.47548647 10.26876781  1.09479252] -230.042050980033
[ 6.47271499  1.43777217  1.81972428  6.4755022  10.2687944   1.09499582] -230.04205531225134
[ 6.47269187  1.43777459  1.81979581  6.4754904  10.26877446  1.09484334] -230.04204804904265
[ 6.47269318  1.4377767   1.81976931  6.47554513 10.26889024  1.09500393] -230.0420449813661
