[ 1.53208531  2.16942861 -1.05666022 -0.53739443 -0.13821788 -1.02520035] -232.93172821824763
[-0.65144157 -1.88247234  1.95888336  2.02053883 -0.18147761 -1.34522666] -251.33872157514253
[ 0.22190723  1.07827965 -2.62467018  0.48210468 -1.65181206 -0.15844528] -236.000211490961
[-0.66691203 -1.68115318 -2.30844481  0.85042671  0.47340539  0.91019138] -254.4501958142707
[-0.42201052  1.13728999 -0.33563981  0.75042285  0.59957037 -0.00965828] -252.1065620144744
[ 0.32191602  0.38069616  0.3818097   1.88001367 -0.35598946  1.06131269] -240.74349580761887
[-0.99800315  1.17032604  1.02687214  0.48788276  0.82314944 -1.25771108] -260.42531919936266
[ 1.10985129 -0.76963641 -2.3551128   1.32748801 -1.24132318  1.06870224] -233.07625341477458
[ 1.37101462  2.38568173  0.96464816  1.12396449 -1.46315533 -1.04636326] -237.50453135450937
[ 1.72378815 -0.01663086 -0.57472751  1.34848223 -2.27689554 -0.47208193] -238.86292562587983
[ 2.74496245  3.62507863 -3.71378765 -0.14565262 -2.1943202   1.1545347 ] -244.58555915587775
[ 1.89586144  2.24819089 -2.2956199   0.39589524 -1.69110955  0.52959436] -232.88228769458752
[ 2.29625332  1.98440838 -3.02919051 -0.4998336  -2.46484839 -1.42924409] -243.98379756373362
[ 0.81550035  0.78162421 -0.47094035  1.28505185 -0.88320419  0.43867349] -232.2520421758864
[ 0.5916186   2.64782042 -2.03805758  0.01055438 -0.07937852  0.40773566] -240.08278771314838
[ 1.44074576  0.64948196 -0.94056003  1.01400026 -1.72751629 -0.25212753] -231.84356215806486
[ 0.96763584 -0.33322543 -4.21250266  0.19841738 -0.98123906  1.24676224] -238.5618697099561
[ 1.27016992  1.70595494 -0.32963954  0.89257771 -1.34267626 -0.47308189] -231.37818246669755
[ 2.46616413  1.18340175  0.1418259   0.97710154 -0.68953706  0.25396539] -227.86942677652024
[ 3.58829259  1.23596281  1.52507394  1.22459997 -0.20839956  0.46017073] -231.02488601653468
[ 2.03032435  3.68233053  0.70458142  0.01492272 -0.91609723 -1.24476108] -233.24676912378513
[ 1.33996956  0.34335533 -1.59018924  0.99934668 -1.16001669  0.49033641] -229.6030470127949
[ 1.54405175  0.13457442 -0.77171416  2.3920522  -2.35980214  1.35432043] -248.46333326137963
[ 1.53507692  1.66071506 -0.98542371  0.19496722 -0.69361394 -0.43032015] -228.6142345277059
[ 1.0600141  -0.14001314  0.90397757  1.39178652 -0.47441192 -0.52044578] -231.83604031243496
[ 2.22187978  1.01934109 -0.462396    0.53820813 -1.1460532  -0.74923134] -227.54526715728963
[ 2.9250695   1.13819953 -0.45812382  0.16478627 -1.27747771 -1.34318376] -229.80972439384112
[ 1.85701238  1.27476972  0.16661169  0.65066234 -0.10792007 -0.22413159] -230.49269010216753
[ 2.50341013  2.5358591  -1.92371454  0.02583469 -1.23886049  0.14295806] -231.0692870218534
[ 2.70433437  0.96652574 -1.22145576  0.23612916 -0.33599089  0.30094081] -231.5134564599414
[ 1.62871104  1.52109764 -0.5525936   0.72846557 -1.09100492 -0.27957621] -228.54916225812997
[ 1.17952781 -0.20163224  0.82965955  1.33708247 -0.39052148 -0.45594389] -231.31154667684444
[ 2.17243955  1.85148627 -1.23537101  0.35364664 -1.02677573 -0.00676743] -228.42365857516688
[ 1.93106795  1.251696   -1.72799424  0.61324959 -1.82774711 -0.01639952] -231.98972470023173
[ 1.87552627  1.26900129 -0.30703979  0.64130915 -0.53787683 -0.17219857] -228.1517093195793
[ 2.62662967  2.49165904  0.45652317  0.1452194  -0.56827054 -0.95171252] -229.5286367888743
[ 2.30496464  1.95458311 -0.05515493  0.35875122 -0.71620708 -0.59120028] -228.04271518800374
[ 2.68815155  1.27225532  0.16184723  1.00419352 -1.04220433 -0.08468266] -228.36801535667192
[ 2.94766427  1.3289253  -0.03283594  0.56260449 -0.62854649 -0.17046209] -228.2739838474985
[ 2.66234401  0.82434969  1.0507865   1.00707605 -0.5600326  -0.49783576] -228.1661365185444
[ 2.13802948  1.25427876 -0.05011865  0.35749    -0.38388009 -0.55763822] -228.46507829466336
[ 2.55062104  1.26776118  0.10885576  0.84251764 -0.87762327 -0.20292155] -227.63051746082672
[ 1.74616902  1.17722074  0.19179509  0.89238342 -0.88056352 -0.48267862] -228.20305978480204
[ 2.04654283  1.21514688  0.13563733  0.80993869 -0.81755926 -0.40462448] -227.58954541995686
[ 1.82622223  1.81206208 -1.19687708  0.38219941 -1.03491964 -0.12423452] -228.39256975687712
[ 2.45331356  1.07127779  0.48887061  0.85085689 -0.67875436 -0.40443545] -227.5674989668072
[ 2.80563573  1.30150265  0.42625268  0.81781555 -1.10403458 -0.527284  ] -228.60996262607853
[ 2.10805363  1.27712663 -0.12371667  0.68543575 -0.67941627 -0.26096993] -227.5378027908215
[ 2.31056035e+00  3.90101992e-01  1.51513907e-01  1.20926833e+00
 -9.13440731e-01  1.79449812e-03] -227.7373362549916
[ 2.09749293  0.8968501  -0.04223759  0.66830694 -1.0147453  -0.92742814] -227.39723952763268
[ 1.91315733  0.75357427 -0.13426933  0.51390964 -1.17734942 -1.51812491] -228.2094590296598
[ 2.18207424  1.85906589 -0.11650943  0.25581969 -0.82460982 -0.98499813] -227.8973370888552
[ 2.27843882  0.75734297  0.08450807  0.97090617 -0.891233   -0.24490366] -227.37278623198512
[ 1.85128615  0.8112673  -0.08196718  0.66536654 -0.86496386 -0.79427612] -227.24492452493678
[ 1.50161871  0.58302036 -0.17737865  0.57679099 -0.85863416 -1.0899534 ] -227.62540000770193
[ 2.2902788   0.72925508 -0.18128358  0.64975478 -0.9408294  -0.72245706] -227.1142009522118
[ 2.41214678  0.48630918 -0.33974404  0.56966283 -1.00246447 -0.88137335] -227.3756938676935
[ 1.82916315  0.7591166  -0.75790159  0.54180255 -1.16699266 -0.8286533 ] -227.6095114319684
[ 2.29727596  0.99323749  0.17717756  0.7735933  -0.80081393 -0.51048991] -227.25308675060407
[ 2.08572898  0.8023521   0.4065562   0.93291303 -0.58461406 -0.40427693] -227.71048403373126
[ 2.18784208  0.96509384 -0.24515795  0.63688435 -1.00569341 -0.66299274] -227.22667359849862
[ 2.22615128  0.44055563  0.02739645  0.76950161 -1.16001004 -1.02654595] -227.87157694345913
[ 2.13757805  1.06798388 -0.08593839  0.70645222 -0.79956471 -0.45236393] -227.2129568660712
[ 2.25007369  0.87787675 -0.06864957  0.79934552 -0.75295414 -0.201733  ] -227.2242182202444
[ 2.05967275  1.05756181 -0.24644778  0.43955941 -0.83037348 -0.86986726] -227.1308392325652
[ 1.96163455  0.84310873 -0.48032571  0.52552764 -0.93064574 -0.72407346] -227.07971797841643
[ 1.79381384  0.76804435 -0.80907734  0.40149481 -0.99556164 -0.83086523] -227.2624038013271
[ 2.44440715  1.03569273 -0.35396715  0.58714143 -0.88838977 -0.41688637] -227.24988607262412
[ 1.9995664   0.86737366 -0.14996717  0.64581026 -0.87082034 -0.69992868] -227.10946689968324
[ 2.04509266  0.8492928  -0.15904612  0.61859892 -0.70270252 -0.56048173] -227.16925672223246
[ 1.91453405  0.9269819  -0.36568668  0.39588889 -0.93869126 -1.14132438] -227.25140548262516
[ 2.16618878  0.89015304 -0.14290885  0.69848136 -0.79938842 -0.43663084] -227.09515281755378
[ 2.0365666   0.67759783 -0.36738801  0.48612524 -0.89202192 -0.88544908] -227.02717505618367
[ 1.98606088  0.4824048  -0.50811281  0.37596176 -0.93825053 -1.10199165] -227.17715330123187
[ 2.12620996  0.83905725 -0.36372758  0.52982065 -1.05199058 -0.88565373] -227.25945720829333
[ 2.06537199  0.84673391 -0.21021648  0.59640435 -0.79002454 -0.64177473] -227.0543940949955
[ 2.11352962  0.56051227 -0.26424882  0.76114181 -0.91086997 -0.50023735] -227.0518402034408
[ 1.82400718  0.8325714  -0.3570681   0.58807544 -0.79042757 -0.57357432] -227.1965768690106
[ 2.17371089  0.75508416 -0.22522971  0.63433495 -0.90322894 -0.68523638] -227.03284395078822
[ 2.17276774  0.65702299 -0.41347202  0.58819485 -0.87123951 -0.59120526] -227.01381836133604
[ 2.25936841  0.55184765 -0.54522445  0.55938715 -0.87144909 -0.53684356] -227.1225442298734
[ 2.00833835  0.55653359 -0.51071807  0.49876159 -0.96662179 -0.90602791] -227.10339390276016
[ 2.12672617  0.80674818 -0.23486115  0.64855142 -0.84119676 -0.55398011] -227.02512943603662
[ 2.26792312  0.59145771 -0.09147969  0.71272324 -0.80554814 -0.56188751] -227.03123612434635
[ 2.23170273  0.50274047 -0.32200999  0.68061948 -0.95134388 -0.61755717] -227.07804764486977
[ 2.10695467  0.76073555 -0.23816486  0.61745813 -0.83035437 -0.63572034] -227.00717947395523
[ 2.18135345  0.8557032  -0.25928299  0.46798747 -0.80365991 -0.80425554] -227.06011775809253
[ 2.13048558  0.63431    -0.26300736  0.68785322 -0.88406746 -0.5762419 ] -227.00815505832836
[ 2.10676373  0.62087326 -0.31089465  0.61263375 -0.80491378 -0.58292502] -227.00244767507908
[ 2.07329015  0.55376781 -0.35372713  0.60178316 -0.75575619 -0.53176935] -227.06287677346606
[ 1.95883171  0.79430489 -0.51778299  0.50088231 -0.90238312 -0.71328639] -227.05451027542597
[ 2.19065027  0.64216951 -0.19805552  0.659763   -0.82975689 -0.59973723] -226.99872559741817
[ 2.24154945  0.69635533 -0.18543052  0.78535955 -0.79515433 -0.29448755] -227.10290864469096
[ 2.08781231  0.6822872  -0.32189863  0.56093382 -0.86780502 -0.73770869] -226.992217293946
[ 2.1384186   0.52571799 -0.34696986  0.59372751 -0.85484891 -0.68719937] -226.99799232955004
[ 2.08092731  0.63167485 -0.14619161  0.6559283  -0.81934264 -0.68197226] -227.00413344815823
[ 2.10669006  0.65350945 -0.25771768  0.54562828 -0.78493975 -0.73217907] -227.01349194277344
[ 2.1245367   0.63910987 -0.26168494  0.65229699 -0.85928553 -0.61522619] -226.9916448727693
[ 2.13608164  0.48654201 -0.29040022  0.62763632 -0.84829655 -0.66586925] -226.99157201093462
[ 2.15064512  0.34944524 -0.3165179   0.63272542 -0.85726764 -0.68094371] -227.0249806835055
[ 2.18049377  0.5672251  -0.430443    0.5797355  -0.86895959 -0.61424967] -227.02365131912873
[ 2.10581893  0.61556241 -0.21725446  0.6368801  -0.83174688 -0.66504161] -226.9878303653142
[ 2.15434241  0.5762564  -0.23452656  0.63111216 -0.89233282 -0.74066909] -227.0074648363132
[ 2.1186584   0.60971905 -0.29180263  0.61725336 -0.82676854 -0.62236104] -226.9886666474001
[ 2.04645859  0.54414334 -0.37861473  0.56981303 -0.86649359 -0.73139816] -226.99290129283537
[ 2.06803693  0.66673663 -0.24024867  0.62787703 -0.84528312 -0.65866894] -226.99436802134082
[ 2.08563234  0.63148197 -0.26692897  0.61933965 -0.84767457 -0.66580155] -226.98510322666488
[ 2.17305485  0.67742417 -0.17137522  0.66830038 -0.82736544 -0.59260462] -227.00288364912274
[ 2.07810766  0.57746355 -0.32680485  0.59443487 -0.85671155 -0.69669977] -226.98470209351538
[ 2.12846624  0.50433908 -0.22972672  0.68834661 -0.82235618 -0.57262445] -226.9977424879779
[ 2.0979758   0.63780017 -0.29885566  0.59278702 -0.85644281 -0.69643763] -226.9850631354048
[ 2.08288822  0.54707986 -0.30233065  0.57714678 -0.8299281  -0.72217743] -226.9882885461438
[ 2.05361215  0.71982699 -0.27759219  0.5849776  -0.83479427 -0.69030376] -227.00108815080182
[ 2.11546426  0.54486326 -0.28719821  0.61697164 -0.84492098 -0.67197788] -226.98432562017243
[ 2.06997067  0.57503136 -0.27465497  0.59526666 -0.86237309 -0.75035091] -226.98659282060143
[ 2.10143499  0.64698772 -0.25490172  0.6414132  -0.87002852 -0.65992569] -226.9932587957758
[ 2.08752492  0.57205682 -0.29047342  0.59321339 -0.83995321 -0.70661449] -226.98365723812395
[ 2.07240629  0.5640033  -0.36438424  0.56712431 -0.8709452  -0.73091914] -226.9899176807005
[ 2.09746577  0.60267263 -0.2540369   0.61944115 -0.84154646 -0.68151099] -226.98388224219022
[ 2.11741958  0.61374811 -0.30011103  0.61679591 -0.83337676 -0.62266319] -226.98757018022735
[ 2.08183289  0.58471055 -0.28101899  0.60064897 -0.85512401 -0.71842898] -226.9837037745774
[ 2.10049142  0.54170702 -0.3125337   0.5864927  -0.85055844 -0.72475503] -226.98769599825278
[ 2.08934711  0.60903823 -0.27833015  0.61112791 -0.84839554 -0.68053992] -226.9831571880875
[ 2.08527174  0.52580151 -0.27376518  0.61915896 -0.83910777 -0.68881971] -226.9844322184609
[ 2.10752791  0.56891745 -0.2281361   0.62575247 -0.8329711  -0.68593089] -226.983787885149
[ 2.10778255  0.63495148 -0.26596607  0.60322622 -0.84852933 -0.692848  ] -226.98424130380027
[ 2.07502945  0.64591913 -0.24545567  0.60083173 -0.8439189  -0.71664655] -226.98761410577012
[ 2.10535556  0.57012723 -0.27676257  0.61293666 -0.84467046 -0.68314505] -226.9826503154077
[ 2.08190217  0.53422283 -0.27028664  0.61781397 -0.83902426 -0.6925421 ] -226.98402949692758
[ 2.08837227  0.55940499 -0.2692065   0.61416703 -0.84140053 -0.69261858] -226.98291699826035
[ 2.08918779  0.55207912 -0.28727234  0.599841   -0.84595849 -0.70758164] -226.98291104104788
[ 2.07301227  0.58022153 -0.33288523  0.58489251 -0.85886298 -0.71037867] -226.98544676049085
[ 2.098899    0.57174347 -0.25432338  0.61553748 -0.83944407 -0.69204283] -226.9827871463694
[ 2.10439599  0.56010608 -0.2711038   0.61495885 -0.83148342 -0.66908519] -226.9839585633508
[ 2.08747367  0.57855943 -0.27854019  0.60422644 -0.84921386 -0.70609303] -226.982840778312
[ 2.09868688  0.57492734 -0.25767163  0.62606546 -0.84974111 -0.68072586] -226.98288093868987
[ 2.09997794  0.52657562 -0.26292872  0.61313011 -0.84174731 -0.70686241] -226.98413439751337
[ 2.09200482  0.58842258 -0.27447979  0.61162846 -0.84673348 -0.68712054] -226.98254343678914
[ 2.10216364  0.5858814  -0.27381014  0.6092448  -0.85051996 -0.69295107] -226.9821166145781
[ 2.10905932  0.5991196  -0.27611196  0.60678369 -0.85507968 -0.69311732] -226.98259747408738
[ 2.1056734   0.60447469 -0.25125689  0.62670544 -0.84748249 -0.67311115] -226.9840241346774
[ 2.09330919  0.56517802 -0.27826848  0.60655711 -0.84633949 -0.69896402] -226.98228362951917
[ 2.09438174  0.5783767  -0.28772323  0.5939782  -0.842566   -0.70604632] -226.98319088218747
[ 2.0976106   0.57578968 -0.26518453  0.61804364 -0.84794733 -0.68705598] -226.98247443764873
[ 2.10897394  0.57382136 -0.26240277  0.62042294 -0.84267107 -0.67433346] -226.9822909094194
[ 2.10090691  0.58132995 -0.28931272  0.61074039 -0.85351653 -0.68248054] -226.98241882534546
[ 2.09296747  0.58668044 -0.2710569   0.61260912 -0.85123883 -0.69115683] -226.98212895062716
[ 2.1066391   0.56780436 -0.27219872  0.61424421 -0.85067759 -0.68852676] -226.98201783397272
[ 2.11395623  0.55749526 -0.27105818  0.61555208 -0.85264965 -0.68922987] -226.98245505518156
[ 2.10404282  0.5777755  -0.28383205  0.60656255 -0.85037382 -0.68908159] -226.981977195105
[ 2.10725893  0.57876841 -0.29315581  0.600822   -0.85158707 -0.69009439] -226.98221609936195
[ 2.1017918   0.57105041 -0.25787697  0.61247319 -0.84375706 -0.69585737] -226.98187152433127
[ 2.10223425  0.56591064 -0.2421591   0.61333958 -0.83887733 -0.70254578] -226.98226414509898
[ 2.09133074  0.57763535 -0.28327831  0.60014071 -0.85496452 -0.71117908] -226.98245175695666
[ 2.10456314  0.57477486 -0.26762166  0.61535239 -0.84574443 -0.68354487] -226.98200296288772
[ 2.1107468   0.58947764 -0.26386367  0.61693831 -0.85109774 -0.68140881] -226.9819094559405
[ 2.11701496  0.56890762 -0.2686775   0.61232936 -0.84615138 -0.68596666] -226.9824535696522
[ 2.09897934  0.58223723 -0.27046205  0.61253918 -0.84996696 -0.68985929] -226.98199005555148
[ 2.10675736  0.56849193 -0.26480823  0.6167918  -0.84668591 -0.68314182] -226.981603828445
[ 2.10905422  0.5597972  -0.26030728  0.6205653  -0.84476888 -0.67823719] -226.98160621557457
[ 2.10232132  0.58679816 -0.26395616  0.6126416  -0.84519772 -0.68577115] -226.9817847592204
[ 2.10365001  0.58383543 -0.26731138  0.61062982 -0.84994864 -0.69149514] -226.9814338805875
[ 2.10319345  0.58836572 -0.26715625  0.60826854 -0.85205075 -0.69547027] -226.98140024315413
[ 2.11063851  0.57841589 -0.26336906  0.61201948 -0.8464207  -0.68705105] -226.98142762341843
[ 2.10777359  0.58309109 -0.24317806  0.61981509 -0.84469614 -0.6871519 ] -226.98183266378336
[ 2.10007855  0.56926009 -0.25625124  0.61039826 -0.84183835 -0.69673905] -226.98147228912134
[ 2.10846246  0.58709055 -0.26169603  0.61417174 -0.84853946 -0.68258438] -226.9810761934987
[ 2.11179778  0.59511062 -0.26360556  0.61502101 -0.85093066 -0.67594788] -226.9809839922122
[ 2.10382206  0.57905639 -0.2832041   0.60523181 -0.84967856 -0.68755517] -226.98143179644376
[ 2.10977458  0.57276872 -0.26884199  0.60993537 -0.85067059 -0.68953059] -226.9808919507077
[ 2.11350121  0.565754   -0.2712849   0.60858225 -0.85340703 -0.69141032] -226.98089807925362
[ 2.10634428  0.59250054 -0.2693345   0.60349969 -0.85051063 -0.69428952] -226.9807147138086
[ 2.10613775  0.60450484 -0.27159763  0.59685363 -0.85242299 -0.69986338] -226.98072408057007
[ 2.11511167  0.5994792  -0.28225258  0.60759371 -0.85824895 -0.67987578] -226.98174443072585
[ 2.10383683  0.57681487 -0.26275158  0.60969712 -0.845941   -0.69252323] -226.9810910349195
[ 2.11137308  0.58893574 -0.24848221  0.6142486  -0.84916288 -0.69071568] -226.9809625564545
[ 2.1048015   0.59308285 -0.26335497  0.60820396 -0.8533348  -0.69244135] -226.98058818200437
[ 2.10188299  0.60041633 -0.26334792  0.6062962  -0.85679185 -0.69513649] -226.98039967210676
[ 2.11180973  0.58714989 -0.25829834  0.61129745 -0.84928512 -0.68391086] -226.98003780812397
[ 2.11611787  0.58654197 -0.25386938  0.61281191 -0.84790231 -0.67813116] -226.979582806903
[ 2.11526004  0.6019431  -0.25974228  0.61090714 -0.85604864 -0.68206055] -226.9802607019997
[ 2.10845317  0.58592485 -0.25760053  0.60421195 -0.85276497 -0.70067345] -226.97982061790273
[ 2.10790456  0.5910961  -0.27576333  0.60163882 -0.85573345 -0.68922491] -226.97948035894987
[ 2.1061703   0.59217629 -0.28940389  0.59533393 -0.85901873 -0.68847952] -226.97918798365382
[ 2.10830164  0.6137323  -0.26225752  0.6010849  -0.85700845 -0.69005963] -226.9792232544749
[ 2.11238439  0.60107774 -0.25940601  0.60671566 -0.85933436 -0.68389074] -226.97862415005312
[ 2.11540444  0.60536633 -0.25444176  0.60832364 -0.86374622 -0.67869136] -226.97791318299255
[ 2.12135283  0.59481195 -0.26242386  0.60459496 -0.85537126 -0.67756206] -226.97821484758262
[ 2.11000671  0.59090813 -0.26692337  0.59787996 -0.85588867 -0.68913851] -226.97719103957024
[ 2.10738005  0.58539064 -0.27051392  0.59136637 -0.85580869 -0.6926775 ] -226.97606552092927
[ 2.11645588  0.60674831 -0.27336958  0.60029329 -0.86018691 -0.66786029] -226.97663619663678
[ 2.10890384  0.61286664 -0.2836008   0.58752046 -0.86914445 -0.68697896] -226.97671881043772
[ 2.11692081  0.58538775 -0.28232709  0.59472598 -0.86408363 -0.6740236 ] -226.97577480520235
[ 2.12123039  0.57121547 -0.29236188  0.59154652 -0.86762122 -0.66600558] -226.97528194650644
[ 2.12407217  0.59995683 -0.25616671  0.59921448 -0.86494085 -0.66811239] -226.97389116505994
[ 2.1330231   0.60384711 -0.23954812  0.60115476 -0.86790192 -0.65792883] -226.97219967174627
[ 2.11277974  0.60033288 -0.27552149  0.58880672 -0.87276521 -0.67248545] -226.97257984142882
[ 2.11785323  0.58810068 -0.29053016  0.5785724  -0.86739658 -0.66928751] -226.97241871528945
[ 2.12733696  0.57234506 -0.26368092  0.5963929  -0.86141573 -0.65510276] -226.9718934095856
[ 2.13655352  0.55208427 -0.25372098  0.60082912 -0.85755137 -0.63916465] -226.97129833259297
[ 2.12648413  0.56024204 -0.2673626   0.58379868 -0.86949475 -0.66465621] -226.96955323966452
[ 2.13149826  0.5369889  -0.26435912  0.57555137 -0.87414867 -0.66305417] -226.96798554059666
[ 2.14359936  0.5654658  -0.26816666  0.58745392 -0.8799863  -0.62996457] -226.96880272565505
[ 2.13720535  0.57772441 -0.23825363  0.58590957 -0.87229546 -0.64462282] -226.96503189049236
[ 2.14519283  0.58097888 -0.2111995   0.5830911  -0.87463258 -0.63393143] -226.9613636707877
[ 2.15646037  0.54215566 -0.23365336  0.58674417 -0.86777393 -0.62529161] -226.9670096226542
[ 2.16425592  0.53907286 -0.19968575  0.59970241 -0.87326835 -0.61382424] -226.96569021008753
[ 2.15949699  0.50173502 -0.23738034  0.57663594 -0.87455182 -0.61048139] -226.96656917973203
[ 2.16361439  0.53671477 -0.21776059  0.56889719 -0.89056918 -0.61968448] -226.96193570252237
[ 2.16324022  0.51374956 -0.1865129   0.57608681 -0.87166188 -0.62545788] -226.9619295645002
[ 2.18592198  0.53448001 -0.1643717   0.58816783 -0.87667057 -0.57983618] -226.9630093336302
[ 2.17078041  0.5267547  -0.17198357  0.57744959 -0.88601086 -0.60244693] -226.95902286412337
[ 2.17794043  0.51905422 -0.14114867  0.5728023  -0.89512932 -0.59102458] -226.95756242888825
[ 2.1738916   0.57294841 -0.13617936  0.58627994 -0.88609214 -0.61077154] -226.9604553504372
[ 2.17234456  0.54690242 -0.15270516  0.55873931 -0.89165021 -0.60641113] -226.95466111469315
[ 2.17638888  0.55081721 -0.12921487  0.53825775 -0.90084114 -0.60270457] -226.9516331986631
[ 2.14750081  0.556941   -0.17630027  0.55363719 -0.89630484 -0.64802199] -226.95422733546272
[ 2.1644372   0.56144832 -0.10909126  0.56782118 -0.88431812 -0.61761951] -226.95382444911783
[ 2.16521037  0.60031312 -0.11453175  0.55787635 -0.90744417 -0.60923333] -226.95444948666687
[ 2.18993027  0.53952855 -0.05762256  0.54246714 -0.91541066 -0.59252708] -226.9574514077241
[ 2.16657771  0.53641906 -0.10645709  0.52467403 -0.91372395 -0.60960548] -226.94851641327753
[ 2.16292077  0.51815439 -0.09159596  0.49387108 -0.92753986 -0.60902245] -226.94733229137165
[ 2.15752234  0.59001331 -0.08497022  0.51184126 -0.91549028 -0.63535173] -226.94965065048603
[ 2.13472986  0.58636723 -0.17761222  0.5319678  -0.89523547 -0.64812412] -226.94778778880024
[ 2.14928959  0.52093403 -0.14172985  0.5079224  -0.8991324  -0.64438146] -226.94718492255157
[ 2.1413292   0.48124449 -0.15532889  0.48294543 -0.89497651 -0.66195552] -226.95217096927445
[ 2.1675954   0.55230383 -0.06843785  0.4969233  -0.91121425 -0.60437929] -226.94491703191545
[ 2.1776427   0.54998525 -0.01450665  0.46856635 -0.91866895 -0.58255795] -226.9484649575652
[ 2.15171174  0.54474835 -0.12209572  0.45910669 -0.93216634 -0.63036836] -226.94492535115418
[ 2.13153435  0.55335651 -0.09959907  0.46228642 -0.92608506 -0.65450457] -226.94069946484282
[ 2.10910708  0.55462616 -0.08479118  0.42430075 -0.93870701 -0.68040456] -226.9410784771171
[ 2.14173823  0.50194147 -0.14872001  0.47218463 -0.91496751 -0.62824169] -226.94426417312022
[ 2.16686684  0.47744562 -0.04644727  0.43213037 -0.94179967 -0.60884182] -226.95659156378872
[ 2.1427641   0.55913683 -0.14482098  0.50700844 -0.90687652 -0.63830354] -226.94331807463487
[ 2.13195703  0.55931928 -0.1502052   0.47460622 -0.9026075  -0.65770385] -226.9412134854545
[ 2.1398107   0.56933472 -0.10289644  0.44944949 -0.93217333 -0.62678564] -226.93899060005702
[ 2.13507125  0.59353507 -0.08347973  0.42021304 -0.9486938  -0.61798774] -226.9393780015888
[ 2.13342153  0.55371587 -0.11613079  0.49504615 -0.89914172 -0.6396045 ] -226.93924501433003
[ 2.10614658  0.54663106 -0.18568631  0.45660382 -0.91606963 -0.67733531] -226.94093364608466
[ 2.12013987  0.61188996 -0.11772626  0.47614888 -0.91268374 -0.66983745] -226.94039344652597
[ 2.11157258  0.57227897 -0.11259371  0.43103855 -0.92271047 -0.67028689] -226.9368755993249
[ 2.09597683  0.57885004 -0.09648008  0.39305361 -0.93062745 -0.68627857] -226.93799645516697
[ 2.11558484  0.57641641 -0.09467232  0.44891822 -0.93368048 -0.65508094] -226.93726994780323
[ 2.14454138  0.59903308 -0.02885322  0.46435875 -0.92608863 -0.62803136] -226.942838369676
[ 2.11574528  0.55973157 -0.14647804  0.45854255 -0.91857438 -0.66500932] -226.938228454344
[ 2.11389058  0.59443266 -0.13056678  0.4574282  -0.91356965 -0.65436368] -226.93497698969392
[ 2.1050687   0.61497074 -0.14605063  0.45499908 -0.90731195 -0.65429324] -226.93403199098762
[ 2.12026134  0.53692614 -0.12188106  0.4365158  -0.92518037 -0.6338494 ] -226.93561824200086
[ 2.10259295  0.58950365 -0.12539327  0.39810842 -0.94740195 -0.66216397] -226.9375753459383
[ 2.08379787  0.58060777 -0.14612658  0.42659138 -0.91944653 -0.68677561] -226.93454608797433
[ 2.09721415  0.59716965 -0.10242782  0.40684793 -0.9333362  -0.65580736] -226.93266878562792
[ 2.08794858  0.6158887  -0.08040271  0.38100062 -0.94071711 -0.65120639] -226.932838371468
[ 2.10857355  0.56995291 -0.11585743  0.47019524 -0.89982006 -0.65653384] -226.93470627808802
[ 2.09324456  0.58088565 -0.15364009  0.42647778 -0.90225472 -0.66410118] -226.9340073322301
[ 2.09114747  0.58789198 -0.14940082  0.44283719 -0.90640614 -0.64683331] -226.93023234553326
[ 2.08093492  0.59569848 -0.16780438  0.4487365  -0.89825397 -0.63510652] -226.9294041246157
[ 2.0693499   0.6428356  -0.15542126  0.4414335  -0.89496077 -0.68368986] -226.93790924964526
[ 2.10753348  0.5634035  -0.13026611  0.43774523 -0.91762547 -0.64630951] -226.93269983138322
[ 2.08069101  0.60762568 -0.16624777  0.3969374  -0.92625622 -0.6575973 ] -226.93121346394065
[ 2.10443108  0.6059768  -0.14268569  0.43065659 -0.90889964 -0.61762943] -226.929460683134
[ 2.0829477   0.56861585 -0.14163998  0.39413472 -0.92156346 -0.63789053] -226.9291924457935
[ 2.0718872   0.54543841 -0.13943465  0.36370255 -0.92868921 -0.62968918] -226.93102670662563
[ 2.09133955  0.59861101 -0.13005049  0.41187502 -0.93305694 -0.61934571] -226.92674011596952
[ 2.09038704  0.6074737  -0.1182557   0.40457364 -0.94845805 -0.59696798] -226.92620301119513
[ 2.07133515  0.63078322 -0.14942101  0.38955037 -0.92796371 -0.6206902 ] -226.9273024586265
[ 2.07302815  0.60822159 -0.19292369  0.41468181 -0.91046215 -0.59948663] -226.92632396926598
[ 2.086997    0.5979642  -0.13799571  0.43050714 -0.91227743 -0.57832646] -226.9232897162476
[ 2.09014999  0.59313346 -0.12386969  0.44729202 -0.90528804 -0.53869104] -226.92348465254332
[ 2.05744558  0.59694222 -0.15999447  0.39673814 -0.93075995 -0.60519334] -226.92346647728687
[ 2.07311196  0.60763511 -0.13227247  0.36132544 -0.95224095 -0.57774519] -226.9246380090628
[ 2.06782059  0.64772416 -0.15531437  0.40499078 -0.93915729 -0.55491273] -226.92316209588125
[ 2.06025704  0.68727831 -0.16215156  0.41041881 -0.9479542  -0.51342383] -226.9263725404722
[ 2.07826162  0.59120377 -0.1494978   0.41472195 -0.93648823 -0.55018724] -226.92030194641666
[ 2.08172486  0.57141404 -0.14953619  0.42730774 -0.94075049 -0.51493576] -226.92032549838038
[ 2.07831311  0.60809279 -0.09151982  0.38960389 -0.96266515 -0.55495769] -226.92432665530956
[ 2.05692957  0.60904705 -0.15727585  0.39472214 -0.92940495 -0.54347291] -226.92101979373172
[ 2.06881054  0.60935629 -0.15159353  0.44910258 -0.91801005 -0.5512716 ] -226.92069803413045
[ 2.06044185  0.60931977 -0.21237076  0.44065702 -0.89270082 -0.57283041] -226.92880814465533
[ 2.0738453   0.60839954 -0.12173255  0.40236717 -0.94517406 -0.55942587] -226.920491215346
[ 2.08677596  0.62428945 -0.13114213  0.43539912 -0.92941072 -0.50733893] -226.9215037996717
[ 2.05715087  0.63204255 -0.15085636  0.40326077 -0.95360433 -0.5105433 ] -226.92138189025155
[ 2.07277069  0.57705539 -0.13205171  0.42820046 -0.93154016 -0.51916721] -226.91879708709834
[ 2.07524574  0.541721   -0.12042038  0.4398053  -0.9277316  -0.50129446] -226.92029553957062
[ 2.0491469   0.58474541 -0.15652713  0.39539257 -0.94199654 -0.57068378] -226.920371844059
[ 2.07610401  0.5612266  -0.13870316  0.42490819 -0.91393366 -0.58752624] -226.92272075023638
[ 2.06188915  0.61433856 -0.14781806  0.40867263 -0.94368667 -0.52978903] -226.92036605097078
[ 2.07797849  0.58598593 -0.12913108  0.43809697 -0.94289362 -0.55003534] -226.92064934169545
[ 2.06915352  0.57788658 -0.12732591  0.38004801 -0.96258304 -0.54182456] -226.92209985973713
[ 2.06889628  0.60148886 -0.14552663  0.43183894 -0.9291533  -0.54890984] -226.91920923364637
[ 2.05695816  0.60642458 -0.15525354  0.3889676  -0.93311936 -0.54268565] -226.9209541598599
[ 2.07272341  0.59109559 -0.1356617   0.42581463 -0.94045006 -0.54819792] -226.91940144874897
[ 2.06071739  0.57824299 -0.16729512  0.43251322 -0.92926425 -0.52955248] -226.91859659048862
[ 2.05415343  0.56316472 -0.1900764   0.44758624 -0.92130935 -0.51461578] -226.92052702451824
[ 2.08927262  0.59972965 -0.13608987  0.45186137 -0.92819768 -0.50458413] -226.92138187496212
[ 2.05917833  0.58849147 -0.15141781  0.40950977 -0.93854683 -0.55415887] -226.9200674494543
[ 2.07562676  0.56152079 -0.14599886  0.43886036 -0.92479428 -0.55360215] -226.92015848971096
[ 2.058376    0.57476126 -0.14315281  0.44085718 -0.92809473 -0.53434225] -226.91978770652096
[ 2.05526061  0.60885773 -0.14570307  0.41738437 -0.94088883 -0.52450737] -226.91962065447788
[ 2.07040313  0.58867581 -0.13837919  0.44935983 -0.92791695 -0.51406682] -226.9192471257097
[ 2.07521451  0.60704419 -0.14505299  0.42084663 -0.93830979 -0.52712496] -226.91947694265798
[ 2.08498119  0.57234322 -0.14228604  0.44547353 -0.92465601 -0.53783238] -226.9208118103341
[ 2.06269075  0.5997291  -0.14484881  0.42440666 -0.93683063 -0.52783862] -226.91987966586248
[ 2.06674404  0.57764919 -0.14967341  0.43035684 -0.93040221 -0.52435985] -226.91849800925556
[ 2.06480683  0.58986593 -0.15641087  0.43217608 -0.92920878 -0.53923116] -226.91870124641378
[ 2.06556026  0.5834594  -0.15283716  0.44093652 -0.9285906  -0.52180965] -226.91872958262098
[ 2.0667204   0.58466929 -0.15147841  0.42916392 -0.93485716 -0.5388752 ] -226.91855740754448
[ 2.06796595  0.59264359 -0.15617405  0.42667993 -0.93378702 -0.52833872] -226.91875397817063
[ 2.057989    0.59355036 -0.15649909  0.42494879 -0.93507654 -0.52702992] -226.9196437667978
[ 2.07284929  0.5752931  -0.15479058  0.43899337 -0.92696013 -0.53369243] -226.91946535750998
[ 2.06913422  0.57985742 -0.15521771  0.43548223 -0.92898923 -0.5320268 ] -226.91895930528943
[ 2.06170407  0.58898605 -0.15607197  0.42845994 -0.93304744 -0.52869555] -226.91991917632905
[ 2.06727668  0.58213958 -0.15543127  0.43372666 -0.93000378 -0.53119399] -226.9187348455208
[ 2.06264259  0.57269853 -0.15486803  0.43961115 -0.92698857 -0.53333538] -226.9185564865124
[ 2.06178715  0.58005554 -0.15542306  0.43452592 -0.92976674 -0.53119392] -226.91828737033924
[ 2.05904239  0.57901352 -0.15541895  0.43492555 -0.92964822 -0.53119388] -226.91983816096425
[ 2.06224587  0.57760109 -0.15887914  0.42517919 -0.93157196 -0.54370634] -226.91844320631523
[ 2.06214565  0.56710629 -0.15612818  0.43160734 -0.93174152 -0.52777656] -226.91826937322753
[ 2.06081505  0.55572647 -0.15598684  0.43132297 -0.93300789 -0.52204927] -226.91840458809412
[ 2.06671118  0.57501698 -0.14152162  0.43096824 -0.9325118  -0.53686327] -226.9183308035032
[ 2.0607051   0.56537325 -0.15401941  0.43491897 -0.92613711 -0.52686991] -226.91847115723832
[ 2.06413708  0.57490225 -0.15034692  0.42290768 -0.93372188 -0.53025457] -226.91819826398486
[ 2.06488432  0.5760041  -0.14808636  0.41455594 -0.93708853 -0.52871416] -226.91828705368036
[ 2.05916663  0.56903594 -0.15576603  0.42967894 -0.9314148  -0.54119501] -226.91810062936688
[ 2.05537793  0.56472931 -0.15881234  0.42933998 -0.93192109 -0.5496126 ] -226.91991170997034
[ 2.06469276  0.58253278 -0.15200224  0.42337013 -0.93743912 -0.54345998] -226.9184440857744
[ 2.06369584  0.5782429  -0.15250653  0.42625734 -0.93461362 -0.53931246] -226.9182650823571
[ 2.0636353   0.57051887 -0.14501831  0.43346929 -0.93301815 -0.52515892] -226.91808597248203
[ 2.06433002  0.56697776 -0.13808789  0.43761435 -0.93374125 -0.51588521] -226.91816449164327
[ 2.05814471  0.57160361 -0.16354139  0.42851393 -0.9322471  -0.52810054] -226.91986338802866
[ 2.06456956  0.57416364 -0.14702656  0.43035466 -0.93244563 -0.53467259] -226.91820293969337
[ 2.0639962   0.56460109 -0.14684112  0.42356583 -0.93588512 -0.53492946] -226.91821682396568
[ 2.06425456  0.57671528 -0.14304031  0.42380391 -0.93529154 -0.54073111] -226.9181343734624
[ 2.0628906   0.56506946 -0.14350655  0.42833609 -0.93264542 -0.52966809] -226.91803692604378
[ 2.06248798  0.55848274 -0.13900655  0.42937547 -0.93166132 -0.5248459 ] -226.91808217057797
[ 2.06222171  0.57886739 -0.14806044  0.43261769 -0.93029401 -0.53229731] -226.9181058228645
[ 2.06086574  0.57087275 -0.14821962  0.42658321 -0.93301631 -0.53176241] -226.91789063345897
[ 2.05901382  0.56922731 -0.14881615  0.42469748 -0.93330165 -0.53030732] -226.9194988159761
[ 2.06020777  0.56879098 -0.14419017  0.43525537 -0.93150487 -0.53668305] -226.91968103272995
[ 2.06315475  0.57337443 -0.14880773  0.4259946  -0.93316762 -0.53186169] -226.9180813938938
[ 2.05972369  0.56586434 -0.15341925  0.43508937 -0.92922723 -0.52325003] -226.91817270560418
[ 2.06312184  0.57400254 -0.14563504  0.42662527 -0.93377546 -0.53636084] -226.91802957704306
[ 2.06205658  0.56209061 -0.14759065  0.42427811 -0.93538524 -0.53303835] -226.91807181334065
[ 2.06607497  0.56960695 -0.13715994  0.42541659 -0.93558794 -0.52142175] -226.91811778329378
[ 2.06089372  0.56917869 -0.15111451  0.42861335 -0.93245808 -0.5362517 ] -226.91802391158254
[ 2.06069244  0.56767729 -0.14993973  0.42000758 -0.9337979  -0.54115544] -226.91808298356995
[ 2.06142816  0.56838768 -0.14870937  0.42337301 -0.93360296 -0.53715631] -226.91801938054388
[ 2.06059746  0.56315948 -0.14611752  0.42660841 -0.93379354 -0.53621754] -226.917930574527
[ 2.06120926  0.57479959 -0.14684355  0.42910168 -0.93104535 -0.53610061] -226.91970627547684
[ 2.06184475  0.56526786 -0.14740388  0.425484   -0.93430027 -0.53380391] -226.91801427933973
[ 2.06002662  0.57188688 -0.15222676  0.42409299 -0.93433679 -0.54084948] -226.91797594491115
[ 2.05876364  0.56224857 -0.15229551  0.42495972 -0.93339385 -0.53565295] -226.9179471472016
[ 2.06028173  0.56476238 -0.14720971  0.42175376 -0.93502315 -0.5355625 ] -226.91790495119938
[ 2.05936516  0.56434496 -0.14911496  0.42645435 -0.93435167 -0.53412663] -226.91783793355643
[ 2.05833365  0.56232359 -0.14931776  0.42799502 -0.93472603 -0.53261179] -226.91784650524713
[ 2.05812203  0.56715715 -0.15099082  0.42466682 -0.9336715  -0.53758659] -226.91954061223365
[ 2.06091407  0.56574018 -0.14830061  0.4252797  -0.93414308 -0.53474958] -226.91795293204058
[ 2.06023598  0.55848923 -0.14485921  0.4264534  -0.93357041 -0.52850772] -226.91799944720302
[ 2.06007896  0.56853747 -0.15038488  0.42468309 -0.93414519 -0.53776404] -226.9179195627305
[ 2.05907016  0.56556836 -0.14948012  0.42506781 -0.93376483 -0.53561244] -226.91783216605415
[ 2.0581482   0.56548245 -0.15006987  0.42496187 -0.9335757  -0.53604387] -226.91952997386957
[ 2.06132276  0.57016656 -0.14454676  0.42542383 -0.93463771 -0.53469558] -226.91785414992705
[ 2.05973071  0.57159134 -0.15020116  0.42338027 -0.93451942 -0.53362366] -226.91956164056893
[ 2.06038077  0.56526745 -0.14713843  0.42580138 -0.93397501 -0.53556907] -226.91789113728524
[ 2.06034981  0.56512335 -0.14485166  0.42567836 -0.93411104 -0.5313455 ] -226.91781744069058
[ 2.06048524  0.5634163  -0.14208505  0.42617599 -0.93409396 -0.52813623] -226.9177926914962
[ 2.06021488  0.56844974 -0.1463186   0.43008176 -0.93292334 -0.53107162] -226.91782171220706
[ 2.06006054  0.56900544 -0.14611661  0.42746094 -0.93362094 -0.52956589] -226.9195137309035
[ 2.06030071  0.56620195 -0.14688297  0.42621627 -0.93388649 -0.53406828] -226.9178604275258
[ 2.05938723  0.5618432  -0.14458987  0.4265568  -0.93486969 -0.53414118] -226.91778381543358
[ 2.05864798  0.55732843 -0.142775    0.42654359 -0.93579639 -0.53533056] -226.91785797857156
[ 2.05964776  0.56506109 -0.14516215  0.42703725 -0.93432725 -0.53185961] -226.91776609356893
[ 2.05932129  0.56449066 -0.14430173  0.42744773 -0.93454763 -0.53075528] -226.91944922848856
[ 2.05806738  0.55939465 -0.14770349  0.42836749 -0.93347253 -0.53028699] -226.9178577120799
[ 2.06050892  0.56747358 -0.14533594  0.42615974 -0.93434642 -0.53359343] -226.91781613014066
[ 2.06040624  0.56625913 -0.14187561  0.42723876 -0.93375682 -0.53067821] -226.91776250160027
[ 2.06092678  0.56721622 -0.13825594  0.42763097 -0.9334594  -0.528954  ] -226.91775130142767
[ 2.06132011  0.56558502 -0.13776906  0.42947969 -0.93424186 -0.52697291] -226.9177766105255
[ 2.06054381  0.56174873 -0.13808074  0.42426505 -0.93552285 -0.53014751] -226.9177578284593
[ 2.0602614   0.5608166  -0.13664499  0.4275555  -0.93449192 -0.52647705] -226.91773908892068
[ 2.06013764  0.55748811 -0.13229952  0.42825338 -0.93456466 -0.52291886] -226.9178345709367
[ 2.06021046  0.56400733 -0.13808253  0.4279991  -0.93487703 -0.53138119] -226.91771004615583
[ 2.06007306  0.56430284 -0.13608128  0.42891065 -0.93526856 -0.53300367] -226.9194385096292
[ 2.06158287  0.5663018  -0.1334086   0.42809905 -0.93410374 -0.52445625] -226.9177553812166
[ 2.05973758  0.5627989  -0.13877592  0.42471595 -0.93468553 -0.53078562] -226.9176977311933
[ 2.05894631  0.56140585 -0.13927935  0.42233408 -0.93490737 -0.53269197] -226.9194192707058
[ 2.06143987  0.56256877 -0.12925409  0.42638463 -0.93471957 -0.52554093] -226.91776570979235
[ 2.06099184  0.56319185 -0.13323111  0.42654778 -0.93462149 -0.5271206 ] -226.91773039329289
[ 2.06069317  0.56636217 -0.13471896  0.42991773 -0.93322352 -0.52624406] -226.91945794490027
[ 2.06058115  0.56290209 -0.13724029  0.42567822 -0.93494802 -0.52917164] -226.91772897057407
[ 2.0593202   0.56067587 -0.14066833  0.42527679 -0.93492406 -0.53350712] -226.91773440582966
[ 2.05944076  0.55758133 -0.13662512  0.42496014 -0.93605662 -0.53052707] -226.9177929205098
[ 2.06055528  0.5648075  -0.13784823  0.42696326 -0.9341087  -0.52934727] -226.91772972788755
[ 2.0602041   0.56531124 -0.13863715  0.4248382  -0.93489636 -0.53396076] -226.91945385058528
[ 2.06024707  0.56194026 -0.13714303  0.42687618 -0.93459303 -0.52834798] -226.91771994464708
[ 2.06145426  0.56587344 -0.13343871  0.42765004 -0.93435388 -0.52521098] -226.91774512308135
[ 2.05985371  0.56197526 -0.13886092  0.4258701  -0.93478151 -0.53143309] -226.91771823596463
[ 2.05940324  0.56295193 -0.14275254  0.42615315 -0.93470978 -0.533035  ] -226.91773602814436
[ 2.06059469  0.56313187 -0.13561146  0.42644913 -0.93464356 -0.5285992 ] -226.91771645381098
[ 2.05985294  0.56077774 -0.13738982  0.42556629 -0.93540086 -0.53055897] -226.9177117713923
[ 2.05958434  0.56197503 -0.13804761  0.42681403 -0.93471249 -0.53119704] -226.9194252676946
[ 2.06033195  0.56267032 -0.13744212  0.42596217 -0.93488913 -0.52967799] -226.91772941040009
[ 2.05997402  0.56340311 -0.13842923  0.42635752 -0.93478128 -0.5310834 ] -226.91769718434946
[ 2.05979526  0.56178832 -0.13808287  0.42514112 -0.9350432  -0.53067229] -226.91769867167264
[ 2.06016614  0.56296539 -0.13719369  0.42558254 -0.93466455 -0.52969241] -226.917704146865
[ 2.05979565  0.56238708 -0.13881842  0.42529303 -0.93473352 -0.53110935] -226.91770780297662
[ 2.05999233  0.56236958 -0.13795947  0.42579606 -0.93463928 -0.5295668 ] -226.91770243778214
[ 2.06015936  0.5628505  -0.13800811  0.42519709 -0.93481677 -0.52997863] -226.91771276011917
[ 2.05966096  0.56238697 -0.13841176  0.42576499 -0.93469901 -0.53099133] -226.91942919800888
[ 2.06003476  0.56273461 -0.13810902  0.42533906 -0.93478733 -0.53023181] -226.91770801772873
[ 2.05978556  0.56250285 -0.13831085  0.42562301 -0.93472845 -0.53073815] -226.9176964724573
[ 2.05966096  0.56238697 -0.13841176  0.42576499 -0.93469901 -0.53099133] -226.91942919800888
[ 2.06002131  0.56288897 -0.13743226  0.42577904 -0.93478058 -0.52973687] -226.91769250991783
[ 2.06013415  0.56313991 -0.13673917  0.42602205 -0.9348041  -0.52905064] -226.91769065384784
[ 2.05964016  0.56236884 -0.13890548  0.42563604 -0.93489607 -0.53093989] -226.91768861561178
[ 2.05937718  0.56207057 -0.13976137  0.42566279 -0.93501182 -0.53156364] -226.91941956143648
[ 2.05969658  0.5629644  -0.13845503  0.42536917 -0.93500693 -0.5315232 ] -226.9194189800596
[ 2.05991839  0.56251829 -0.13808336  0.42568934 -0.93473119 -0.5300559 ] -226.9176993679136
[ 2.05977052  0.56281569 -0.13833114  0.42547589 -0.93491502 -0.5310341 ] -226.91942362577205
[ 2.05988142  0.56259264 -0.13814531  0.42563598 -0.93477715 -0.53030045] -226.91769205350295
[ 2.05992237  0.56381377 -0.13835245  0.42618906 -0.93451433 -0.53029376] -226.9194221474429
[ 2.05982704  0.56229468 -0.13815026  0.42540311 -0.93491098 -0.53057766] -226.91769465544976
[ 2.06000987  0.56263511 -0.13745085  0.42684329 -0.93494714 -0.53011111] -226.91769801206618
[ 2.05980565  0.56275795 -0.13844465  0.42524778 -0.93475094 -0.53061699] -226.9176976701107
[ 2.0599418   0.56267606 -0.13778211  0.42631145 -0.93488174 -0.53027974] -226.9176988306488
[ 2.05983969  0.56273748 -0.13827902  0.4255137  -0.93478364 -0.53053268] -226.91769647491293
[ 2.05972866  0.56180902 -0.13774747  0.42492044 -0.93485218 -0.52962975] -226.91769043990712
[ 2.05982597  0.56216517 -0.1377205   0.42556651 -0.93487267 -0.5298795 ] -226.91769062044528
[ 2.05989357  0.56228724 -0.13749188  0.42543836 -0.93497593 -0.52938781] -226.91768930116496
[ 2.05987427  0.56249293 -0.137433    0.42567002 -0.93481505 -0.52915169] -226.91768857822376
[ 2.05989789  0.56259205 -0.13707437  0.42580347 -0.93476709 -0.5284387 ] -226.91941516900673
[ 2.05981751  0.56216173 -0.13720053  0.42544849 -0.93496152 -0.52904598] -226.9176823556357
[ 2.05978555  0.56194628 -0.13672814  0.42535475 -0.93505371 -0.52841874] -226.91940818835158
[ 2.05945923  0.5612884  -0.13876045  0.42487123 -0.93498704 -0.53029424] -226.91769020563717
[ 2.05964516  0.56197088 -0.13812577  0.42509502 -0.93495659 -0.52960362] -226.91768178545067
[ 2.05955476  0.56187374 -0.13832841  0.42485928 -0.93499855 -0.52946568] -226.919418809823
[ 2.05971465  0.56238099 -0.1382249   0.42579928 -0.93501189 -0.52984466] -226.91768249945991
[ 2.06006921  0.56326581 -0.13703341  0.42615784 -0.93488531 -0.52903031] -226.9194188556265
[ 2.05961173  0.56178275 -0.13832869  0.42519288 -0.93496161 -0.52997826] -226.91768791952293
[ 2.05954092  0.5620988  -0.13858091  0.42550888 -0.93489164 -0.53013355] -226.91941467045356
[ 2.05980541  0.56224013 -0.13776414  0.42545599 -0.93495486 -0.52957425] -226.91767894399953
[ 2.05984941  0.56197429 -0.13678686  0.42525119 -0.93499111 -0.52812625] -226.9176801190165
[ 2.05960702  0.56167733 -0.13804396  0.4250776  -0.9351308  -0.52957265] -226.91767892913515
[ 2.05947339  0.56126954 -0.13834944  0.4247814  -0.93528868 -0.52978313] -226.9176771767128
[ 2.05982345  0.56221644 -0.13715519  0.42541758 -0.93509327 -0.52868104] -226.91767386103467
[ 2.05992931  0.56243328 -0.13656844  0.42552992 -0.9351591  -0.52803243] -226.91941052851888
[ 2.05975679  0.56156335 -0.13690241  0.42468394 -0.93507012 -0.52842677] -226.91767419447217
[ 2.0596337   0.56158315 -0.13782741  0.42477988 -0.93515669 -0.52901904] -226.91768223614906
[ 2.05967965  0.56172779 -0.13767069  0.42494703 -0.9351079  -0.52902577] -226.91767968609594
[ 2.05981754  0.56169296 -0.13675047  0.42508402 -0.93521205 -0.52826878] -226.91768199550347
[ 2.05968826  0.5619014  -0.13778195  0.42509227 -0.93502046 -0.52926991] -226.9176806482846
[ 2.05977445  0.56176244 -0.1370943   0.42508677 -0.93514819 -0.52860249] -226.9176819406875
[ 2.0597098   0.56186666 -0.13761003  0.4250909  -0.93505239 -0.52910306] -226.91767985451432
[ 2.05956675  0.56165368 -0.13836377  0.42487442 -0.93519797 -0.53007175] -226.91768000257386
[ 2.05963742  0.56173383 -0.13796954  0.42496861 -0.93514625 -0.52958538] -226.9176844199166
[ 2.05979012  0.5618899  -0.1370288   0.42505076 -0.9350817  -0.5285539 ] -226.9176800028584
[ 2.05964842  0.56174299 -0.13775231  0.42509949 -0.93519097 -0.52923208] -226.91767612420603
[ 2.05981443  0.56222828 -0.13745967  0.42543678 -0.93502407 -0.52912764] -226.91770008211242
[ 2.05975155  0.56197212 -0.13741294  0.4251823  -0.93510058 -0.52885341] -226.91768145837295
[ 2.05976663  0.56204155 -0.13738261  0.42525424 -0.93507283 -0.52889205] -226.91767789986838
[ 2.05983643  0.56209537 -0.13697103  0.42533439 -0.93504219 -0.52840365] -226.91768162521473
[ 2.05972444  0.56175783 -0.13710796  0.42500947 -0.93516978 -0.52841107] -226.91767681341682
[ 2.0596651   0.56177824 -0.13764225  0.42500356 -0.93519419 -0.52913753] -226.91767692658902
[ 2.05972117  0.56183687 -0.13727677  0.42509606 -0.935167   -0.52878248] -226.91767525434975
[ 2.05965961  0.56190141 -0.13774357  0.4252427  -0.93521432 -0.52915818] -226.91940928408047
[ 2.05975749  0.56189277 -0.13720749  0.42509874 -0.93511485 -0.52870497] -226.91768086212988
[ 2.05977231  0.56202665 -0.13721598  0.42525682 -0.93513014 -0.52873176] -226.91767602880833
[ 2.05973593  0.56197971 -0.13745375  0.42525853 -0.93514212 -0.52895656] -226.91768067711445
[ 2.05977394  0.56198714 -0.13713158  0.42521352 -0.93513153 -0.52854605] -226.91767585840196
[ 2.05974427  0.56199734 -0.13739872  0.42521057 -0.93514373 -0.52890929] -226.91767349603185
[ 2.05979504  0.56212899 -0.1372689   0.42533591 -0.93508305 -0.52878654] -226.9176809752595
[ 2.05980678  0.56205317 -0.137092    0.42523417 -0.93508748 -0.52861747] -226.91767833732646
[ 2.05975719  0.56195782 -0.1372135   0.42519449 -0.93515971 -0.52869418] -226.91767376341383
[ 2.05982338  0.56209981 -0.13694857  0.42525051 -0.9351065  -0.5284367 ] -226.91940977459294
[ 2.0597578   0.56200974 -0.13732746  0.42525653 -0.93513322 -0.5288266 ] -226.91767735731472
[ 2.0597362   0.56201187 -0.13738881  0.42528233 -0.93517638 -0.5288455 ] -226.9194136161483
[ 2.05978914  0.56204284 -0.1371662   0.42524621 -0.93510971 -0.52867448] -226.91767840942157
[ 2.05975073  0.56197758 -0.13730611  0.42520253 -0.93515172 -0.52880173] -226.9176765328317
[ 2.05978386  0.56210689 -0.13727696  0.42531407 -0.9351185  -0.52879516] -226.91767773887173
[ 2.05975911  0.56199224 -0.13726515  0.42521204 -0.93513763 -0.52872767] -226.91767546399342
[ 2.05975829  0.562012   -0.13730735  0.42523369 -0.93513693 -0.52882052] -226.91767931534744
[ 2.05975104  0.56200354 -0.13736309  0.42523355 -0.93513847 -0.52886794] -226.91767476860434
[ 2.05977553  0.56202525 -0.13724536  0.42522237 -0.93511561 -0.52876338] -226.91767788218357
[ 2.05976322  0.56202228 -0.13731111  0.42523135 -0.93513162 -0.5288012 ] -226.9176774810606
[ 2.05974188  0.56200804 -0.13739502  0.42524567 -0.93515829 -0.52887095] -226.91767901274048
[ 2.05976712  0.56202095 -0.13728277  0.42522819 -0.93512628 -0.52879027] -226.9176816299994
[ 2.05974766  0.56200044 -0.1373809   0.42522206 -0.9351411  -0.52888861] -226.91767569770647
[ 2.05975169  0.56199479 -0.13733193  0.42521131 -0.93514068 -0.52881848] -226.9176734919509
[ 2.0597475   0.56198746 -0.13735242  0.42520655 -0.93514773 -0.52885551] -226.91767562195986
[ 2.05975375  0.56200981 -0.13735492  0.42522096 -0.93513768 -0.52885524] -226.91767711020566
[ 2.05976407  0.56205211 -0.13733784  0.42526232 -0.93513112 -0.52885222] -226.91767615761236
[ 2.0597599   0.5620113  -0.13732204  0.42521647 -0.93512967 -0.52883633] -226.91767885238755
