[-0.64061865  0.09830613 -1.20837649  0.80037128  0.8533876   1.45937885] -258.86306848439847
[ 1.49033207  0.43392896  0.27601124  1.91040328 -2.13152645  0.05516451] -259.8790755749187
[-1.91714885  0.14176638 -1.65323657 -0.22129917 -0.65064391 -2.6963002 ] -247.66934366343634
[ 0.88574181 -1.60191791 -0.68528974  0.3197174  -0.92809124  1.2602945 ] -236.26722969978843
[-1.26579328  1.72674624  0.93864787  0.8403302   1.65252868 -0.67081479] -281.19490466933047
[ 1.00372712 -0.38842804 -0.56712389  1.53580969  0.01800439  1.81930345] -243.85606932158618
[-0.2352949  -0.31760851 -0.39451026  0.30650588  0.59461049 -1.38827014] -241.11756777925592
[ 1.46137281 -2.27139724 -2.34948977  0.71017259 -2.40061505  0.84067178] -250.12210473054535
[-1.30440562 -1.88035535 -2.56202015 -0.7599774   1.29374388  0.37652823] -253.2249473279872
[ 0.60528277 -2.20428635 -1.52884697 -0.17006162 -1.54438475 -1.3886363 ] -238.8390433221897
[ 1.90563254 -0.33360187  0.16918775  1.58692565 -2.9307839  -0.89417387] -271.52400411157225
[-0.50189608 -1.49366698 -1.87921818 -0.17325163  0.23761193  0.05885271] -238.36112025881553
[-1.51456886  0.31668344  0.11341458 -0.17769907  1.64298402 -1.61892378] -265.26620354998283
[ 0.7173874  -1.62437707 -1.73376369  0.48820467 -1.38971528  0.22577289] -236.48397478507823
[ 2.74213155 -2.68519467 -0.609681    0.99027396 -0.35334424  2.89207257] -248.6496334930679
[-0.75232875 -0.56497388 -1.39234768  0.08159411 -0.57631899 -1.29920701] -236.6390361523147
[-0.76409637 -2.21384885 -1.97086828 -1.25157341 -1.22010034 -2.66303457] -247.3525906848962
[ 0.56177124 -0.84478325 -0.91805998  0.83896391 -0.29152179  0.69871895] -237.00756278653984
[ 0.74061436 -2.4603933  -2.31799849  0.1552164  -2.09208386  1.24020206] -246.0487902699847
[ 0.00868241 -0.85330471 -0.87538231  0.26868351 -0.0770631  -0.73115209] -234.89432126748375
[-0.29883009 -0.12338825 -0.96584023  0.77803227  0.53601859  1.45972962] -251.47213658530052
[ 0.37925455 -1.68406182 -1.38809528  0.06696186 -1.02428391 -0.67654482] -233.655367060827
[ 1.10206564 -0.89747256 -0.45176139  0.86129345 -1.66661004 -0.2328919 ] -240.2794317332897
[-0.10090565 -1.34461838 -1.52235398  0.08538464 -0.23844356 -0.01408344] -234.85725264067656
[-0.18249399 -1.71296801 -1.61435091 -0.40211518 -1.11978357 -1.11035894] -235.82776019642608
[ 1.32155093 -2.37544208 -1.21406429  0.19401818 -1.01614123  0.95051637] -236.35876435215894
[ 0.05322262 -1.5663939  -0.69941515 -0.31065454 -0.07822025 -0.33288237] -234.05514983948157
[-0.97371701 -0.54564616 -1.04756483 -0.18469229 -0.13915398 -1.48542543] -237.36597009951376
[ 0.74773394 -1.9179931  -1.17243943  0.09934057 -0.79689442  0.34153092] -233.82864788159645
[-0.58391051 -1.42452873 -1.73872261 -0.38385045 -0.1834717  -2.10145808] -233.86788158523214
[ 0.35051978 -1.2173322  -0.85111868  0.34407037  0.32032459 -0.06117103] -238.04794222955724
[-0.04924055 -1.58905906 -1.42354285 -0.21556879 -0.75975653 -0.84806196] -233.1956753705636
[ 0.14003572 -2.32224696 -1.77280745 -0.48814575 -0.94996036 -0.47934782] -234.82690206628493
[ 0.32993758 -2.15680948 -1.20932028 -0.49602367 -1.02575216 -1.3515046 ] -234.77671205324657
[ 0.15229683 -1.12403507 -0.77103775  0.07488074 -0.3394993  -1.17695914] -232.72437327059455
[ 0.15842738 -0.52492913 -0.2701529   0.35639398 -0.03426877 -1.52576481] -235.0153788542939
[-0.09681862 -0.94521441 -1.18843074  0.27306013 -0.03495654 -0.24662055] -236.07409998745817
[ 0.22324853 -1.85391071 -1.2040979  -0.30375272 -0.77805326 -1.07528359] -232.82825528374934
[ 0.23657164 -1.63146893 -1.86656346  0.0899916  -1.21576612 -1.51270986] -235.43893889991503
[ 0.09905988 -1.58266266 -0.99120223 -0.210493   -0.36260672 -0.62783924] -232.71305900148712
[ 1.10136157 -1.82604541 -0.57808253  0.22097333 -1.17022635  0.74707214] -235.87958844232236
[-0.16259249 -1.5249079  -1.44856259 -0.2326445  -0.43016036 -1.38932553] -232.62319161915178
[-0.53372502 -1.20155264 -1.23640677 -0.37287937 -0.43455894 -2.27286902] -234.17585407639945
[ 0.4273692  -1.73888299 -1.18843126 -0.01871442 -0.70631055 -0.31206906] -232.78223459027333
[-0.14920742 -1.45375764 -0.95419624 -0.36905942 -0.10117833 -1.13330135] -233.02417539089663
[ 0.24596539 -1.50365993 -0.76229981 -0.13769232 -0.14617964 -1.05686401] -232.63911838712565
[ 0.47765653 -1.65559545 -1.16768093  0.09292068 -0.81975828 -0.74614551] -232.66580624721632
[ 0.19000325 -1.18933729 -0.90564029  0.15983845 -0.15678503 -0.69445058] -233.61070994906748
[ 0.21493721 -1.68776736 -1.1294835  -0.18785493 -0.6227362  -0.98007533] -232.31702132511788
[-0.08492808 -1.28732647 -0.90165767 -0.18158003 -0.20066962 -1.68033386] -232.72273866940412
[ 0.11106932 -1.95660485 -1.36259116 -0.36066211 -0.52120431 -0.98323535] -232.44606866708028
[ 0.4136267  -2.01640624 -1.38561573 -0.16389537 -0.76687888 -0.24749446] -233.14996635465366
[ 0.03971061 -1.46959641 -1.02264719 -0.17715886 -0.34222194 -1.32212401] -232.3028830888956
[ 0.20985565 -1.68338131 -1.30655283 -0.12387101 -0.59814686 -1.53141734] -232.18001093490676
[ 0.26525353 -1.73374063 -1.46422813 -0.08056002 -0.71591692 -1.98320639] -232.70617460517937
[-0.25800797 -1.61971047 -1.17636476 -0.49954859 -0.06712482 -1.67486835] -232.85735428361406
[ 0.29374041 -1.6466242  -1.16985189 -0.05519664 -0.63159992 -0.97832622] -232.2466735594232
[-0.01039182 -1.81930074 -1.71759658 -0.24143703 -0.90251022 -1.33797058] -233.90687616688535
[ 0.18187609 -1.58257014 -1.001124   -0.1636285  -0.33526228 -1.12714065] -232.17301666835976
[ 0.51298892 -1.81727352 -0.8821876  -0.12347951 -0.58689681 -0.91811411] -232.10594902523553
[ 0.85077962 -1.96345633 -0.5990001  -0.06889701 -0.66526503 -0.6825084 ] -232.51440401803453
[ 0.37330031 -1.3391328  -0.80802451  0.08359896 -0.51775036 -1.30249721] -232.10147128330294
[ 0.5044158  -1.03039677 -0.53074118  0.30572949 -0.51602338 -1.46212814] -232.518577099831
[ 3.22220114e-01 -1.49175877e+00 -9.33979173e-01  1.27641038e-03
 -3.81223185e-01 -1.41313118e+00] -231.95682667313977
[ 0.37586157 -1.39375448 -0.83622701  0.09584208 -0.26046668 -1.6296591 ] -232.08889786353222
[ 0.59161655 -1.71731717 -1.01125948  0.05005877 -0.67473787 -1.10141822] -232.0593863532913
[ 0.4368788  -1.5638537  -0.81119064 -0.03681832 -0.3997392  -1.48624669] -231.8157180653381
[ 0.508448   -1.52246844 -0.63186001 -0.02762917 -0.28380885 -1.74020692] -231.882414272366
[ 0.59643794 -1.48725405 -0.50936896  0.06087361 -0.36705638 -0.91809868] -232.26966079842455
[ 0.30650122 -1.63434949 -1.10725686 -0.07768485 -0.54037424 -1.37808767] -231.96259172652148
[ 0.66595921 -1.60532501 -0.85017542  0.12927898 -0.6983116  -1.40602437] -232.088654636858
[ 0.38583648 -1.29997213 -0.9584411   0.17338282 -0.48381534 -1.77768767] -232.06711713978837
[ 0.52970382 -1.76505929 -1.08274305 -0.00376769 -0.54165012 -1.5517014 ] -231.81133464664455
[ 0.60790558 -1.97802254 -1.22010232 -0.04745102 -0.5536     -1.67630349] -231.9404432522803
[ 0.19162645 -1.55211183 -1.11811468 -0.0937966  -0.30886838 -1.49673324] -232.02821289768923
[ 0.4070125  -1.94151129 -1.06307353 -0.22696025 -0.46504899 -1.03141846] -232.04594420496656
[ 0.13969775 -1.59889763 -1.0275265  -0.19597587 -0.20423017 -1.68435465] -232.14245301911177
[ 0.47863685 -1.68771228 -1.01532623 -0.01144989 -0.55711094 -1.24715233] -231.88119270089047
[ 0.34817659 -1.29010383 -0.95979668  0.15287993 -0.44460637 -1.82626571] -232.08542675703018
[ 0.39230352 -1.77865943 -1.03725432 -0.13200021 -0.45993833 -1.23013027] -231.881945792555
[ 0.63045499 -1.75501915 -0.87780208  0.00698175 -0.65114362 -1.27208327] -232.00204394057425
[ 0.52074786 -1.70429232 -0.93788023 -0.01821284 -0.56557481 -1.32824576] -231.86832128217435
[ 0.58699577 -1.69609577 -0.83220102  0.01069401 -0.42803796 -1.37411487] -231.7698028852842
[ 0.72724304 -1.72696891 -0.69467309  0.05488344 -0.37186983 -1.37212846] -231.82855194092517
[ 0.65953542 -1.90679883 -0.97155266 -0.06512806 -0.60279394 -1.32606593] -231.94258824154787
[ 0.5752066  -1.80303881 -0.96215929 -0.04852694 -0.54740125 -1.34783224] -231.83141849982343
[ 0.65041971 -1.62802463 -0.84324583  0.09597298 -0.5532331  -1.54830082] -231.8066759167998
[ 0.62134733 -1.69907589 -0.80781378  0.01123029 -0.45476787 -1.63166159] -231.73570343617104
[ 0.69270258 -1.7047577  -0.70405756  0.02257038 -0.40359634 -1.82391623] -231.76581662100148
[ 0.61276948 -1.68075704 -0.84190431  0.02780761 -0.40936836 -1.65170677] -231.70984126801747
[ 0.6587803  -1.6689894  -0.79391635  0.05081784 -0.33126513 -1.81343727] -231.73994144408567
[ 0.57083171 -1.54124996 -0.77754026  0.08356657 -0.38153095 -1.73341181] -231.7767080210063
[ 0.75381047 -1.7729005  -0.91729211  0.11198624 -0.52312358 -1.67738573] -231.78451261284587
[ 0.73568767 -1.57430864 -0.59058939  0.11752026 -0.37503716 -1.6538258 ] -231.8130920791558
[ 0.58119978 -1.71737163 -0.95970463  0.0265543  -0.49999688 -1.5772325 ] -231.74848448525387
[ 0.59189847 -1.74112563 -0.86890621 -0.00535997 -0.34570877 -1.66687027] -231.73796441678184
[ 0.43453704 -1.58565814 -0.77873129 -0.06048865 -0.31668001 -1.5342802 ] -231.8524342807278
[ 0.67399212 -1.72608991 -0.88265191  0.06886752 -0.47151269 -1.64160935] -231.72862954665896
[ 0.65190261 -1.878922   -0.95352036 -0.03696865 -0.48826656 -1.44765331] -231.78448991225426
[ 0.59109943 -1.62566797 -0.82153528  0.05343276 -0.40821485 -1.66197218] -231.73283626106306
[ 0.63710644 -1.70060026 -0.89530436  0.05015016 -0.43515185 -1.90290269] -231.74954451467303
[ 0.62457877 -1.69947413 -0.87952852  0.04028612 -0.43337337 -1.77070573] -231.72240353942212
[ 0.65736209 -1.67335857 -0.74107537  0.03886715 -0.34098509 -1.76427613] -231.75635902651138
[ 0.60024036 -1.70636836 -0.90504732  0.02963251 -0.46024393 -1.62399341] -231.72342884552296
[ 0.64944403 -1.6380188  -0.84392084  0.08244558 -0.53345159 -1.66034608] -231.78763097409015
[ 0.60628486 -1.71534893 -0.86265986  0.01659141 -0.39264448 -1.66523922] -231.7175955010213
[ 0.61497434 -1.68549289 -0.92329528  0.06764236 -0.40368469 -1.70674729] -231.70590694463718
[ 0.61178785 -1.67870139 -0.98103603  0.09584839 -0.3781431  -1.74429014] -231.70956404075275
[ 0.65318055 -1.77884245 -0.94349378  0.03017642 -0.44872765 -1.69136174] -231.71791280504624
[ 0.56335067 -1.69600469 -0.90265779  0.00184462 -0.3778348  -1.7283087 ] -231.7134041951001
[ 0.62480587 -1.71227168 -0.87946586  0.03181701 -0.36163385 -1.78069641] -231.71600071312542
[ 0.60054315 -1.72343176 -0.90496377  0.01834035 -0.36459123 -1.63731432] -231.71365341370213
[ 0.55439558 -1.62559321 -0.82815517  0.0245047  -0.32119148 -1.6986425 ] -231.7628930655555
[ 0.6284843  -1.74053014 -0.91465913  0.02875849 -0.41684361 -1.69318193] -231.7057417993732
[ 0.60869108 -1.69748047 -0.92632218  0.0421454  -0.38534104 -1.73407926] -231.69753428128791
[ 0.60989419 -1.68854625 -0.95815334  0.05492239 -0.38168932 -1.76849927] -231.69145581481018
[ 0.58519951 -1.69264924 -0.93574535  0.0346216  -0.42303682 -1.61455635] -231.70179702635843
[ 0.60434768 -1.67122833 -0.92050796  0.05352534 -0.4395613  -1.75035246] -231.71134338269735
[ 0.65520583 -1.6903966  -0.928764    0.08724797 -0.44689323 -1.66670599] -231.69952008635528
[ 0.63116154 -1.7215624  -0.91366585  0.04680814 -0.38761071 -1.61678008] -231.7029279339581
[ 0.62887042 -1.72563546 -1.01619001  0.07885937 -0.4105511  -1.70378353] -231.69356898439372
[ 0.63129759 -1.73428048 -0.96576394  0.04276363 -0.41852357 -1.64775509] -231.68546746817285
[ 0.63945921 -1.75867427 -0.98699828  0.03032427 -0.42594302 -1.61825899] -231.680793289912
[ 0.62144593 -1.68529127 -0.99851314  0.08216942 -0.40839779 -1.63634614] -231.6791943670464
[ 0.61792675 -1.65767183 -1.04044015  0.10887489 -0.40417488 -1.60792825] -231.6756900390507
[ 0.6143571  -1.68296216 -1.04176453  0.08480869 -0.44315208 -1.70979738] -231.68277617374022
[ 0.67003832 -1.70864628 -1.05502476  0.11372426 -0.41443106 -1.74376812] -231.6741264901372
[ 0.71245772 -1.7166448  -1.11466447  0.15327559 -0.41012817 -1.80837401] -231.68167497192752
[ 0.60497616 -1.71698215 -1.10409302  0.06992332 -0.37975392 -1.71730586] -231.6723343888028
[ 0.57986133 -1.73027492 -1.19175753  0.06126099 -0.34618427 -1.7426058 ] -231.68694432685933
[ 0.62334682 -1.67885885 -1.04596802  0.07533324 -0.40583032 -1.68473576] -231.65124321013707
[ 0.62058502 -1.65547054 -1.06085702  0.07357017 -0.40346993 -1.67521187] -231.6317628313129
[ 0.64588667 -1.70492283 -1.13823924  0.10548614 -0.44195231 -1.58892422] -231.6556063633406
[ 0.65193361 -1.71782714 -1.08678629  0.08249232 -0.38008962 -1.60733505] -231.65531324178752
[ 0.63098963 -1.62849932 -1.17481522  0.1543661  -0.38201422 -1.69523213] -231.65931623093564
[ 0.65687639 -1.71977759 -1.16616504  0.09097921 -0.39639547 -1.73466418] -231.64135445471905
[ 0.60037751 -1.67251357 -1.18862718  0.07854816 -0.38012744 -1.59578965] -231.63688111737238
[ 0.66390678 -1.64935485 -1.16773698  0.12522405 -0.41492908 -1.58174651] -231.6161923323753
[ 0.69337209 -1.6155412  -1.19955896  0.15287442 -0.43251665 -1.51396683] -231.60227492772063
[ 0.65868747 -1.7335183  -1.10526269  0.04028404 -0.42950292 -1.54339847] -231.62308942969676
[ 0.64805736 -1.66662662 -1.13084648  0.06742997 -0.36541504 -1.63453113] -231.60417347239758
[ 0.64071834 -1.63665547 -1.19698617  0.085403   -0.42238619 -1.62518566] -231.5813593497721
[ 0.6351107  -1.59606963 -1.2520861   0.08685834 -0.44353448 -1.63411096] -231.5579270273359
[ 0.62852032 -1.59346903 -1.14624778  0.07554249 -0.42179334 -1.46433879] -231.58249167342098
[ 0.69440014 -1.61438487 -1.10965916  0.08697165 -0.45195002 -1.55939637] -231.55825114618295
[ 0.69879767 -1.61773268 -1.2536967   0.0964168  -0.44476756 -1.44136898] -231.55366102926433
[ 0.737904   -1.59886375 -1.35011654  0.10784011 -0.46541637 -1.32444753] -231.558914729436
[ 0.67406529 -1.50108971 -1.25876904  0.14841384 -0.42382278 -1.53917255] -231.5415528097289
[ 0.68175421 -1.38487541 -1.33552221  0.20247875 -0.4209827  -1.53705959] -231.54713536104794
[ 0.69336471 -1.51280242 -1.2758261   0.14826255 -0.5073799  -1.41625369] -231.56765965610055
[ 0.64804753 -1.52964158 -1.232536    0.0612808  -0.46523271 -1.50424695] -231.50272666677586
[ 0.62538524 -1.48669176 -1.24902452  0.01548399 -0.48159073 -1.49938701] -231.4646315218264
[ 0.71185426 -1.51612132 -1.3201061   0.11859324 -0.49588848 -1.56555772] -231.5070507567199
[ 0.65317306 -1.59789424 -1.20528778  0.03598341 -0.40647144 -1.66341084] -231.5068336449487
[ 0.63839527 -1.49081491 -1.40333092  0.08027823 -0.4467418  -1.55493965] -231.48859008405304
[ 0.69877957 -1.47404525 -1.31131892  0.07819816 -0.45622645 -1.45383463] -231.45390489362782
[ 0.73061401 -1.41303305 -1.34093532  0.07386807 -0.46257243 -1.36369646] -231.4263061664556
[ 0.64569804 -1.38414899 -1.33878786  0.06112346 -0.46092833 -1.62068577] -231.4238391207577
[ 0.61914823 -1.26735714 -1.38133343  0.04347679 -0.46900872 -1.71034416] -231.40361523218712
[ 0.65212473 -1.4228811  -1.37457032 -0.0258526  -0.49693509 -1.5799394 ] -231.38280560925946
[ 0.64115445 -1.3837768  -1.43247096 -0.11298583 -0.53349125 -1.60032282] -231.35676553655372
[ 0.59076915 -1.36373465 -1.35068822 -0.07322502 -0.43740365 -1.56514259] -231.34443105845688
[ 0.5302266  -1.28754131 -1.36597928 -0.16913414 -0.40816124 -1.56493502] -231.30339694594022
[ 0.6084682  -1.17851076 -1.51907037 -0.0589877  -0.52738395 -1.43446421] -231.3462183605985
[ 0.61327031 -1.1814887  -1.35960704 -0.1497045  -0.51399431 -1.50277691] -231.26198338347888
[ 0.60070783 -1.02682559 -1.3377451  -0.26469587 -0.54762056 -1.47669554] -231.22496341233514
[ 0.61805453 -1.03232312 -1.54348696 -0.17830355 -0.50115532 -1.55076573] -231.21687624572775
[ 0.61438917 -0.8051388  -1.69071819 -0.27519732 -0.51093761 -1.57645508] -231.21283945675722
[ 0.47408415 -0.90335041 -1.56817045 -0.35304276 -0.53629534 -1.75737582] -231.32878799806423
[ 0.53719524 -0.92769075 -1.59005135 -0.45482467 -0.55228793 -1.42640533] -231.24421790555078
[ 0.48053594 -0.65924241 -1.59144062 -0.41230833 -0.49407096 -1.47845418] -231.27091661609805
[ 0.4705781  -0.691419   -1.52896463 -0.58407999 -0.48907393 -1.65897612] -231.23708575117013
[ 0.60379348 -0.89593554 -1.46679593 -0.36703735 -0.46442207 -1.30326461] -231.16352931222764
[ 0.66864814 -0.89222811 -1.41610868 -0.37403464 -0.42848543 -1.076209  ] -231.25005967936892
[ 0.57217332 -0.38120939 -1.70259266 -0.6169137  -0.61130978 -1.40848193] -231.43023994162596
[ 0.54071328 -1.06095833 -1.45013262 -0.28107903 -0.45894838 -1.52582175] -231.19870960756688
[ 0.64192308 -1.1434136  -1.43002866 -0.32999642 -0.51369253 -1.51075196] -231.17098677732207
[ 0.62017308 -0.94687287 -1.37807703 -0.24587066 -0.44261043 -1.59091636] -231.14325859231946
[ 0.661662   -0.95646393 -1.27208987 -0.14139365 -0.38777168 -1.67317187] -231.1925880204275
[ 0.7366552  -1.26829591 -1.38886788 -0.00387889 -0.49033659 -1.33565898] -231.3217732053454
[ 0.53709738 -0.83563823 -1.49394044 -0.43902972 -0.4893896  -1.57814683] -231.16474389643147
[ 0.58532199 -0.8691602  -1.63215252 -0.3813743  -0.41237965 -1.55175666] -231.14823138668555
[ 0.5619516  -1.11218746 -1.25965755 -0.40626517 -0.41620994 -1.4437643 ] -231.1635011813874
[ 0.64270692 -0.8734443  -1.43675142 -0.44211217 -0.45395303 -1.46704516] -231.0872589851705
[ 0.69370375 -0.77968729 -1.43006082 -0.52262874 -0.45145535 -1.43765686] -231.07645755151506
[ 0.55875734 -0.66974693 -1.45686611 -0.45740556 -0.37846314 -1.45774991] -231.17707037062408
[ 0.62113165 -1.02499693 -1.43673802 -0.3618487  -0.47988519 -1.49750145] -231.1263780407739
[ 0.69159447 -1.04064187 -1.37388685 -0.32264525 -0.39959794 -1.36347325] -231.13779286236093
[ 0.65416537 -1.02858    -1.37006166 -0.37984026 -0.40295743 -1.65842502] -231.08574696940636
[ 0.72674517 -0.78445893 -1.61400142 -0.33180414 -0.44675206 -1.58947889] -231.10111956407312
[ 0.75051583 -0.99925243 -1.23545608 -0.34017162 -0.46203982 -1.49406062] -231.07718080399044
[ 0.75911233 -0.93899961 -1.44199126 -0.50710891 -0.4382855  -1.42261567] -231.08619308562217
[ 0.7101969  -0.81134986 -1.4688829  -0.4918222  -0.49419384 -1.66977293] -231.08895016174475
[ 0.81034813 -0.75577911 -1.41674669 -0.49594325 -0.41867615 -1.59316855] -231.0522427526546
[ 0.90495637 -0.6211702  -1.40675103 -0.56299052 -0.38807163 -1.6410021 ] -231.11074233675936
[ 0.73260227 -0.98675717 -1.17373172 -0.58070085 -0.44245064 -1.50242099] -231.0989424966566
[ 0.73113799 -0.93618261 -1.28379914 -0.51847667 -0.44352599 -1.52418547] -231.0630589183753
[ 0.7561309  -1.00147715 -1.25715565 -0.42956762 -0.37811957 -1.3735978 ] -231.1167183905655
[ 0.7216804  -0.85888169 -1.41595109 -0.47625855 -0.46517528 -1.59572915] -231.05820317099761
[ 0.69473816 -0.84712143 -1.27536724 -0.40399745 -0.44299117 -1.67845955] -231.06308279683952
[ 0.81320939 -0.69705485 -1.31573203 -0.5393185  -0.49166383 -1.44932838] -231.07862275114462
[ 0.77344838 -0.77993614 -1.32931444 -0.49944894 -0.46948723 -1.50160254] -231.05445081331493
[ 0.7245031  -0.65327699 -1.48162373 -0.63207959 -0.43506391 -1.61620675] -231.09283206713334
[ 0.74401265 -0.91275857 -1.29699799 -0.41314861 -0.45529584 -1.52459715] -231.05306221486384
[ 0.79808482 -0.91719923 -1.24266471 -0.41312909 -0.44692853 -1.7015906 ] -231.05177307827512
[ 0.85027536 -0.98595519 -1.14896666 -0.35837927 -0.44466512 -1.83355747] -231.09660125351607
[ 0.8314993  -0.87312435 -1.38645745 -0.53480425 -0.45670517 -1.46849827] -231.0793899401579
[ 0.72892844 -0.85362216 -1.30313979 -0.43669915 -0.44641967 -1.62596923] -231.04697389277015
[ 0.79436295 -0.75654302 -1.38447243 -0.39306586 -0.4571349  -1.65670027] -231.04718371572002
[ 0.82804806 -0.79973106 -1.2418276  -0.40755308 -0.4328055  -1.6054803 ] -231.04141170642035
[ 0.88123189 -0.77015574 -1.15476585 -0.37320035 -0.41662061 -1.61035588] -231.06081185254942
[ 0.79447997 -0.88527491 -1.29930197 -0.35373074 -0.41626631 -1.73423283] -231.0492458955632
[ 0.84073814 -0.74329125 -1.3323864  -0.42022512 -0.41744785 -1.78111677] -231.05403870374556
[ 0.76819402 -0.87039174 -1.3058451  -0.41491774 -0.44583384 -1.58872706] -231.04189660888133
[ 0.76035129 -0.93847493 -1.1756705  -0.31042197 -0.4631201  -1.71106488] -231.0854228600447
[ 0.79784892 -0.80145306 -1.35647765 -0.44956293 -0.42978714 -1.62264263] -231.03918151522092
[ 0.77253597 -0.73847276 -1.38769013 -0.40538074 -0.42915392 -1.57632684] -231.04897905861185
[ 0.76882615 -0.72146303 -1.36051559 -0.48199576 -0.46411202 -1.49104928] -231.05654792133484
[ 0.78806652 -0.84432194 -1.31460537 -0.38579699 -0.42822773 -1.67343694] -231.04058737253277
[ 0.795947   -0.90354824 -1.24776585 -0.42381784 -0.45091567 -1.6813253 ] -231.0496094251734
[ 0.77838873 -0.77974163 -1.35270906 -0.40999002 -0.43459436 -1.60257645] -231.04122359961138
[ 0.76879528 -0.89321084 -1.24039576 -0.44177411 -0.41542118 -1.5829106 ] -231.04591812678566
[ 0.84751873 -0.80932793 -1.30081372 -0.39983247 -0.41580358 -1.59928877] -231.04362144568938
[ 0.83389305 -0.74177828 -1.38369707 -0.38077696 -0.44692954 -1.64780678] -231.0463221138048
[ 0.78506972 -0.8553527  -1.27622109 -0.42652483 -0.42329827 -1.59913464] -231.0397484059156
[ 0.73435326 -0.84100278 -1.31508157 -0.43161606 -0.44904537 -1.63137724] -231.0462978112878
[ 0.81922736 -0.81724664 -1.30438068 -0.40777837 -0.42411403 -1.60731089] -231.03907349312286
[ 0.83068908 -0.76222393 -1.30956205 -0.414151   -0.41177517 -1.64813356] -231.04276037218528
[ 0.78381779 -0.84334979 -1.30677433 -0.41472605 -0.43731917 -1.60357868] -231.0386528534917
[ 0.75609162 -0.8474242  -1.39522847 -0.42390665 -0.42630807 -1.63074645] -231.04295509131688
[ 0.81005895 -0.81165434 -1.28017781 -0.41164147 -0.43118114 -1.61179684] -231.0386031076461
[ 0.81630769 -0.8780512  -1.26016992 -0.4220202  -0.42338147 -1.63672375] -231.0411158396564
[ 0.80682795 -0.8534738  -1.2833047  -0.41901265 -0.42618469 -1.62818693] -231.0386491209788
[ 0.81288372 -0.81652151 -1.28784005 -0.45728511 -0.42906708 -1.55077993] -231.04265005687785
[ 0.79427082 -0.83737183 -1.30791404 -0.40366902 -0.42843757 -1.64277269] -231.0383220383723
[ 0.81894754 -0.79949712 -1.33678865 -0.40893867 -0.43570965 -1.63962824] -231.03861609071964
[ 0.81320122 -0.85274478 -1.2499691  -0.37235915 -0.43119495 -1.62178212] -231.04229943380082
[ 0.801687   -0.81427599 -1.32985051 -0.43026199 -0.43013909 -1.6224275 ] -231.03771312372254
[ 0.78597598 -0.83596099 -1.31055601 -0.42163825 -0.43887641 -1.64215274] -231.03850358498985
[ 0.82210496 -0.8073949  -1.30942291 -0.41699463 -0.42619034 -1.65874296] -231.03868303609488
[ 0.79338958 -0.83436107 -1.30743648 -0.4152932  -0.43453697 -1.61736975] -231.03791764098693
[ 0.79461534 -0.79089998 -1.34093646 -0.41146822 -0.44010892 -1.63052899] -231.03907064212086
[ 0.8037748  -0.83783035 -1.29771264 -0.41712654 -0.42966575 -1.62877244] -231.03778722908385
[ 0.77743817 -0.8576544  -1.27442718 -0.42427148 -0.42856933 -1.61546908] -231.0397004094186
[ 0.8085702  -0.81403644 -1.32119828 -0.41277188 -0.43392457 -1.63358845] -231.037808143929
[ 0.78583051 -0.84629121 -1.34471151 -0.42194549 -0.43401231 -1.65056436] -231.03895109857493
[ 0.80400184 -0.82031356 -1.29631124 -0.41421748 -0.43188893 -1.62148872] -231.0378051299312
[ 0.81592209 -0.81676876 -1.30958506 -0.40947511 -0.42398788 -1.61332044] -231.0387142420334
[ 0.79346251 -0.83116293 -1.31031327 -0.41859747 -0.43515428 -1.63494467] -231.03780848785607
[ 0.80735782 -0.81328828 -1.31302676 -0.43242049 -0.43666562 -1.61009116] -231.0378756108055
[ 0.81289514 -0.80927478 -1.31536776 -0.42650542 -0.43127578 -1.63306789] -231.03778794603718
[ 0.80077267 -0.82900973 -1.3105578  -0.40740643 -0.42735051 -1.6480054 ] -231.03800226347644
[ 0.80571154 -0.81721865 -1.31240952 -0.42616698 -0.43433684 -1.61956972] -231.03761898997612
[ 0.81875099 -0.80648699 -1.31397005 -0.42375262 -0.42858938 -1.61802691] -231.03824879482397
[ 0.79978463 -0.82499395 -1.31122746 -0.41988626 -0.43351305 -1.63071523] -231.03752420487956
[ 0.80071478 -0.82726598 -1.29976143 -0.43194968 -0.42968192 -1.61842538] -231.03760117859173
[ 0.80418746 -0.82330634 -1.32579854 -0.43641481 -0.43098188 -1.62950401] -231.0378534094191
[ 0.80404824 -0.82106175 -1.30368306 -0.41976681 -0.43166217 -1.62349254] -231.03758305925768
[ 0.79234519 -0.83827411 -1.30284712 -0.42188067 -0.43172383 -1.61473305] -231.03787545979156
[ 0.80775765 -0.81652461 -1.3122376  -0.42534923 -0.43138779 -1.62848418] -231.0376011565645
[ 0.80279315 -0.80261663 -1.32534388 -0.43400043 -0.43390787 -1.61893241] -231.0378033278694
[ 0.80352939 -0.82902692 -1.30462045 -0.42134502 -0.43072628 -1.62631243] -231.03750373399197
[ 0.80549508 -0.83108796 -1.284796   -0.41789267 -0.43363026 -1.62657232] -231.03793690123914
[ 0.80263902 -0.81847898 -1.31858688 -0.42716966 -0.43101188 -1.62346371] -231.03753108102148
[ 0.80044637 -0.82856542 -1.30429611 -0.4223219  -0.42832419 -1.63072811] -231.03755681036677
[ 0.80535365 -0.81895123 -1.31845576 -0.41332995 -0.43252654 -1.63597335] -231.0376838823952
[ 0.8018745  -0.82518729 -1.30443501 -0.42729474 -0.43039307 -1.62281237] -231.03745544467796
[ 0.79634973 -0.83258016 -1.30337873 -0.4205789  -0.43048909 -1.62402395] -231.03765721605282
[ 0.80490567 -0.8205385  -1.31002288 -0.42415665 -0.43116312 -1.62736912] -231.0374965720498
[ 0.80034495 -0.8278686  -1.31404654 -0.4276246  -0.43004836 -1.63030779] -231.03748214511467
[ 0.80391302 -0.82013266 -1.31668364 -0.42683707 -0.43396107 -1.62293211] -231.03755237511155
[ 0.80304635 -0.82224085 -1.31358675 -0.42570828 -0.43255185 -1.62488111] -231.03751705732535
[ 0.80185615 -0.83147305 -1.30072615 -0.42150219 -0.43178669 -1.63066898] -231.0375998577365
[ 0.8024433  -0.8217275  -1.3141217  -0.42575279 -0.43120559 -1.62526503] -231.03750653117285
[ 0.80559676 -0.82386928 -1.30905031 -0.4307411  -0.42851637 -1.62160072] -231.037688623846
[ 0.80123766 -0.82471278 -1.31068318 -0.42259997 -0.43226388 -1.6284366 ] -231.03742714323548
[ 0.80173214 -0.82744635 -1.30572317 -0.42388298 -0.42938158 -1.62862001] -231.0374518184901
[ 0.80209814 -0.82986598 -1.30238871 -0.42321519 -0.43011985 -1.62935442] -231.03750321908765
[ 0.80053496 -0.82284625 -1.31114604 -0.42824636 -0.43039701 -1.629321  ] -231.03739189137355
[ 0.79903775 -0.81975591 -1.31440883 -0.43169703 -0.43023237 -1.63082528] -231.03744591552498
[ 0.80144516 -0.81966728 -1.31629689 -0.42805324 -0.43109583 -1.62626788] -231.03749472642423
[ 0.79748412 -0.82870435 -1.31075406 -0.42841065 -0.43003013 -1.62788609] -231.0375332174505
[ 0.80305028 -0.82257996 -1.31020568 -0.42522015 -0.43087987 -1.62749837] -231.03750690823065
[ 0.80088631 -0.82377951 -1.31091461 -0.42542316 -0.43133044 -1.6288788 ] -231.0373889450989
[ 0.80113355 -0.8251463  -1.3084346  -0.42606467 -0.4298893  -1.6289705 ] -231.03742047651994
[ 0.80120473 -0.82401677 -1.30779052 -0.42777055 -0.43039504 -1.62606669] -231.0374126086534
[ 0.80043996 -0.82535742 -1.31259629 -0.42793548 -0.43022268 -1.62981439] -231.0374118022855
[ 0.80099006 -0.82125676 -1.31372147 -0.4281498  -0.43074642 -1.62779444] -231.0373851290874
[ 0.80272032 -0.82169237 -1.31058446 -0.4262015  -0.43078006 -1.62834506] -231.0374950733579
[ 0.79900954 -0.8257753  -1.31095005 -0.4283285  -0.43021357 -1.62860355] -231.03749497697328
[ 0.79993724 -0.82475457 -1.31085865 -0.42779675 -0.43035519 -1.62853893] -231.03745010022308
[ 0.80179262 -0.8227131  -1.31067586 -0.42673325 -0.43063844 -1.62840968] -231.03739027824605
[ 0.800816   -0.82151031 -1.31384699 -0.4286882  -0.43135405 -1.62779117] -231.03738702930366
[ 0.80061524 -0.82180435 -1.31650989 -0.4272882  -0.43116797 -1.63126981] -231.03739147615926
[ 0.80143845 -0.81927934 -1.31300866 -0.42690751 -0.43165543 -1.62800724] -231.03747812269447
[ 0.80068958 -0.8238379  -1.31269938 -0.42767849 -0.43058087 -1.62936261] -231.03738624714552
[ 0.80139498 -0.82212107 -1.31497669 -0.42640734 -0.43154239 -1.6285145 ] -231.03739594433355
[ 0.80074997 -0.82266495 -1.3121037  -0.4277866  -0.43068335 -1.62911938] -231.03738674312277
[ 0.80135961 -0.82344983 -1.30814411 -0.42753164 -0.43060988 -1.62584888] -231.03740436696634
[ 0.80080133 -0.82221572 -1.31441845 -0.42734906 -0.43102845 -1.62991458] -231.03739015101016
[ 0.79985179 -0.82237528 -1.31522568 -0.42829185 -0.43126942 -1.62921064] -231.03744247814677
[ 0.80130742 -0.82262865 -1.31181331 -0.4271229  -0.43079618 -1.62860992] -231.03738769390657
[ 0.80101178 -0.82301031 -1.31061471 -0.42760066 -0.43080199 -1.62727086] -231.03738785802474
[ 0.80096862 -0.82119012 -1.31401858 -0.43025239 -0.43032384 -1.62777066] -231.03739757554925
[ 0.80090689 -0.82313216 -1.3116906  -0.42663047 -0.43107879 -1.62860176] -231.03739069981322
[ 0.80083982 -0.82254733 -1.31321042 -0.42791414 -0.43066364 -1.62857852] -231.03739253872703
[ 0.80087001 -0.82196086 -1.31291258 -0.4279682  -0.43071488 -1.62845691] -231.03738063841166
[ 0.80090303 -0.82138354 -1.31378423 -0.428419   -0.43105023 -1.6277928 ] -231.03738787112485
[ 0.80114874 -0.82194271 -1.31276739 -0.42763635 -0.4307713  -1.62820218] -231.03737992936203
[ 0.80100092 -0.82213354 -1.31216809 -0.42787523 -0.4307742  -1.62753265] -231.03738305221478
[ 0.80093819 -0.82251814 -1.31231804 -0.42678648 -0.43103843 -1.62833662] -231.03738219403698
[ 0.8011105  -0.82118451 -1.31268017 -0.42769754 -0.43103485 -1.62746001] -231.03738262514287
[ 0.80111644 -0.82228197 -1.31173835 -0.4269522  -0.43064313 -1.6281348 ] -231.03738061674193
[ 0.80107154 -0.82275048 -1.31114007 -0.4268222  -0.43091251 -1.62824662] -231.03738970853405
[ 0.80101043 -0.82163019 -1.31307612 -0.4278179  -0.43078794 -1.62790749] -231.0373774598066
[ 0.80106385 -0.82170592 -1.31299613 -0.42707766 -0.43088931 -1.62863335] -231.03737460370135
[ 0.80109532 -0.82149211 -1.31341015 -0.42667888 -0.43094686 -1.6291837 ] -231.03738230066656
[ 0.80093872 -0.82282875 -1.31258936 -0.42704872 -0.43058015 -1.6290971 ] -231.03738129084286
[ 0.80111121 -0.82159866 -1.31304194 -0.4280472  -0.43042381 -1.62847399] -231.03738317866623
[ 0.80098144 -0.82228827 -1.31249901 -0.42710166 -0.43088478 -1.62837096] -231.0373857075352
[ 0.80103714 -0.82166806 -1.31303612 -0.42744778 -0.43083862 -1.62827042] -231.0373857940576
[ 0.80110629 -0.82182431 -1.31288176 -0.42735701 -0.4308303  -1.62841777] -231.03738809039191
[ 0.80109015 -0.82199394 -1.31236724 -0.42701493 -0.43076622 -1.62838408] -231.0373852531603
[ 0.80096693 -0.82183339 -1.31295436 -0.42752293 -0.4308021  -1.62854513] -231.03737977338216
[ 0.80100129 -0.82226733 -1.31279275 -0.42706319 -0.43073473 -1.62886523] -231.0373778742145
[ 0.80100102 -0.82211203 -1.31265708 -0.42693207 -0.43096387 -1.62848499] -231.03737774195216
[ 0.80094716 -0.82203591 -1.31271947 -0.42699585 -0.43083464 -1.6286433 ] -231.03738758609387
[ 0.80098695 -0.82198301 -1.31276004 -0.42708614 -0.43083356 -1.62858691] -231.03738413183572
[ 0.80099959 -0.82229715 -1.31247308 -0.42678453 -0.43082464 -1.62889614] -231.03738442926806
[ 0.80091639 -0.82207234 -1.31317724 -0.42714058 -0.43091652 -1.62895318] -231.0373760621078
[ 0.80097922 -0.82169419 -1.31330612 -0.42748966 -0.43088872 -1.62846012] -231.0373865872647
[ 0.8009945  -0.82214641 -1.31268134 -0.42696081 -0.43084066 -1.62878714] -231.0373810193732
[ 0.80099438 -0.8220628  -1.31299292 -0.42714628 -0.43088217 -1.62883609] -231.037387926347
[ 0.8009888  -0.82200296 -1.31281826 -0.42710117 -0.43084571 -1.62864921] -231.03738361898294
[ 0.80099252 -0.82204285 -1.3129347  -0.42713124 -0.43087001 -1.6287738 ] -231.03738086584409
[ 0.80098617 -0.82186487 -1.31315608 -0.42732841 -0.43088485 -1.62863142] -231.0373842280574
[ 0.80099241 -0.82207603 -1.31280002 -0.42705271 -0.43085171 -1.62874821] -231.03737678325803
[ 0.80098811 -0.8219795  -1.31285782 -0.42713181 -0.43084939 -1.62863623] -231.03737948463765
[ 0.80102076 -0.82223766 -1.31280599 -0.42660974 -0.43093308 -1.62889526] -231.0373868482952
[ 0.80098039 -0.82193446 -1.31291727 -0.42729464 -0.43083484 -1.62863266] -231.03738742079156
[ 0.80099012 -0.82188913 -1.31308668 -0.42710912 -0.43090291 -1.62879326] -231.03737404991102
[ 0.80102813 -0.82189097 -1.31289808 -0.42706519 -0.43087051 -1.62869078] -231.03738581393822
[ 0.80103243 -0.82190898 -1.31282661 -0.42700487 -0.43092659 -1.62855917] -231.03737957167894
[ 0.80103257 -0.82198663 -1.31289444 -0.42707043 -0.43081202 -1.62874929] -231.0373790859517
[ 0.80102598 -0.82184271 -1.31292698 -0.42710474 -0.43086935 -1.62863479] -231.03738299443302
[ 0.80101539 -0.82176966 -1.31297524 -0.4273003  -0.4308457  -1.62858924] -231.03738458564123
[ 0.80102532 -0.82181003 -1.31300395 -0.42715718 -0.43087812 -1.62862892] -231.0373842437346
[ 0.80104137 -0.82194481 -1.31293635 -0.42687437 -0.43091373 -1.62874369] -231.03738408545965
[ 0.80103679 -0.82194936 -1.31288511 -0.42692321 -0.43089318 -1.62874226] -231.0373794393998
[ 0.80101922 -0.8218161  -1.31293563 -0.42722231 -0.43085072 -1.62862702] -231.03737481731434
[ 0.80103235 -0.82190933 -1.31294789 -0.42703113 -0.43088889 -1.62873333] -231.03738791889575
[ 0.80102757 -0.82185936 -1.31293221 -0.42708633 -0.43087424 -1.62865943] -231.03738079745082
[ 0.80103076 -0.82189267 -1.31294266 -0.42704953 -0.43088401 -1.62870869] -231.03738791083032
[ 0.80102837 -0.82186769 -1.31293482 -0.42707713 -0.43087668 -1.62867174] -231.03737843969438
[ 0.80102454 -0.8218293  -1.31308433 -0.42715509 -0.43081502 -1.62884648] -231.03737782658624
[ 0.8010161  -0.8217489  -1.31309223 -0.42731404 -0.43082237 -1.62869812] -231.0373835939593
[ 0.80103162 -0.82189924 -1.31293689 -0.42702092 -0.43087548 -1.62873123] -231.03737925153916
[ 0.80102127 -0.82179901 -1.31304045 -0.42721633 -0.43084007 -1.62870916] -231.0373826357104
[ 0.80102903 -0.82187419 -1.31296278 -0.42706977 -0.43086663 -1.62872571] -231.03738076346005
[ 0.80102699 -0.82179753 -1.31304141 -0.42709339 -0.43089611 -1.62871331] -231.03738509039323
[ 0.80100467 -0.82185261 -1.31301116 -0.42716571 -0.43087682 -1.62871014] -231.03738507228897
[ 0.80100733 -0.82185921 -1.31308551 -0.4271321  -0.43085897 -1.62881987] -231.03738907644097
[ 0.80100925 -0.82187841 -1.31301075 -0.42709313 -0.4308898  -1.6287325 ] -231.03739085090072
[ 0.80101135 -0.82193788 -1.31299056 -0.42708977 -0.43085747 -1.62877128] -231.03738625871523
[ 0.80101087 -0.82189419 -1.31301179 -0.42706502 -0.4308892  -1.62876225] -231.0373805940258
