[-0.1170681  -1.01080345 -1.16787428 -0.66432847 -1.32342947 -0.45712259] -346.0208975889509
[ 0.13612909 -0.61620503 -0.47586598  0.58869342 -0.66918519  0.48764791] -320.47304215547217
[-0.96456791 -0.41957119 -0.6171207   0.17275087 -0.36665145  0.52634767] -334.91428520375973
[ 0.92452724 -0.9647053  -0.83809156  0.84043547  1.16060969  0.56947818] -308.72729938782
[-0.14441788 -0.280764    0.03154832  0.60655833  1.23835066 -0.20598647] -319.6098752495983
[ 1.21205582  0.53432356 -0.51669402 -0.2527147  -0.31758099  1.20369597] -311.8233321197423
[-0.78458294 -0.91322699 -0.21009953 -0.5310943  -1.90355112  0.19542838] -366.4690617609506
[ 1.13346903 -0.00601481 -0.98459988  0.96155927  1.81092221  0.51259184] -309.315229535445
[0.8827999  0.42649119 0.03426634 1.63675603 2.27558444 1.48838096] -313.91507516906063
[ 2.34608898  0.11727973 -0.29935823  1.2876784   2.19955172  0.82558847] -300.1963344757978
[ 4.00141742  0.38570518 -0.14047699  1.84514217  3.4826533   0.97520887] -299.75161799926366
[ 2.53382142  0.64788364 -0.32881662  1.2905521   3.88603162  1.02680855] -330.792286511446
[ 0.73555217 -0.30018286 -0.43910364  0.76415809  0.46961902  0.62243807] -306.93614752392165
[ 3.10769174  0.30596966 -0.9931149   1.32522045  1.72225189  1.99658443] -295.4175824432338
[ 4.73374655  0.59933649 -1.50544651  1.68455151  1.96420251  3.09786988] -296.0637974529154
[ 2.82210458 -0.44145938 -1.33829334  0.19117756  0.50057393  0.47161817] -302.16267795790753
[ 3.02953157 -0.87455273 -1.06119941  2.22861237  3.36645767  0.51227721] -302.7137087259781
[ 3.74013921 -0.623727   -0.61882673  1.43668943  1.75646629  1.20327647] -293.21469631813494
[ 5.0434743  -0.93258309 -0.43594016  1.67425452  1.72923834  1.54861878] -294.05655137033233
[ 4.88761832  0.44862292 -0.69224678  1.75656455  2.60539768  1.35765622] -291.3242539149555
[ 6.86916387  1.15528703 -0.61932439  2.21462909  3.32779168  1.75174524] -295.74846801346985
[ 6.46061544  0.03370241 -1.17561575  2.16364408  4.00831458  1.54976906] -311.5667264759998
[ 2.16681799 -0.21671154 -0.62323166  1.11402959  1.35429291  0.85427082] -296.6585812504157
[ 3.87906485  0.82735267 -0.40753072  0.32766221  0.44075433  1.77392778] -297.1144013722924
[4.43881193 0.81719668 0.17981741 2.41059191 3.28669821 2.24869003] -286.3229025941629
[5.24716561 1.44652471 0.93887278 3.52029908 4.67976035 3.13722596] -277.711947392721
[ 3.67474849  0.34363863 -0.65821568  1.31501294  0.70365452  2.46577169] -291.11089953954473
[ 3.7289956  -0.25924688 -0.47472361  3.1616098   3.83318688  1.89766742] -287.5913698506732
[ 5.96196834  0.77063889 -0.20951997  3.05776916  3.7459463   3.16512325] -283.7625232028235
[5.97252012 0.40284743 0.42156157 3.42409454 4.05255211 2.41232257] -277.33914917726867
[7.40493431 0.45128631 1.1288998  4.47353159 5.21770222 2.62019164] -276.6382803642513
[6.56167102 1.69088186 0.62984891 4.32490628 5.17208302 3.67793559] -272.610829791323
[7.97243692 2.84818629 1.25418674 5.7690147  6.87989139 4.91526515] -290.2522209220609
[5.97220947 1.03261825 1.14396752 4.86114507 5.17871341 4.29698229] -270.6026329867912
[6.51450504 1.32461592 2.06207467 6.41343533 6.46537128 5.76664533] -284.216278090557
[7.95089963 1.36726242 1.71066416 6.48474072 8.57214288 3.79927036] -278.38491769230814
[9.30395386 2.5123177  2.25563467 5.74585416 7.02226251 5.00124228] -307.9116497309658
[5.12273517 0.43364426 0.20786596 3.80767089 4.63045579 2.67356113] -276.51057097394846
[6.79123673 1.37010038 2.12955969 6.09966204 7.40433959 3.56993241] -269.36658298346845
[7.20587093 1.66983113 3.29909952 7.62060848 9.23353624 3.77233699] -296.0393089252329
[4.41575114 0.77442284 0.3490074  2.54433093 2.18887525 2.85933931] -279.6215787095464
[7.06711251 1.21905253 1.37024997 5.49963827 6.97632597 3.5642876 ] -269.4859064913795
[7.72613412 0.61933649 1.26459118 6.1685523  6.84677965 3.66373759] -284.1767801205944
[5.86690774 1.23972766 1.02030238 4.18236239 5.22151517 3.26885387] -271.51456623572136
[5.0556899  1.87738867 1.03836501 5.1182634  6.31010876 4.39699266] -272.6134359812326
[7.31554062 2.37627885 2.23623186 6.22098826 7.45723952 4.91810034] -280.8992561583662
[5.67093653 0.91930291 0.71495744 4.41100023 5.33715172 3.23469593] -270.9120185083872
[7.5876681  0.61317253 1.2979303  4.67464137 5.45326753 2.80723657] -276.96489713165954
[5.68868445 1.56133463 1.10325633 5.00735789 6.09589846 3.99955364] -269.0060232503047
[5.79069146 0.75649693 1.86424886 5.69548236 6.89923175 3.63349966] -266.61888519566975
[5.40520168 0.28930446 2.48144884 6.3807704  7.76280612 3.61128169] -268.53991169366714
[6.46004931 1.04657422 1.75511089 6.34239957 7.40903846 4.16412998] -270.44184523637745
[6.91905811 1.40942274 2.40717365 6.7575615  7.98403083 4.50809926] -277.80854409715016
[5.98296693 1.04183287 1.13801149 4.99764055 5.9988715  3.55304677] -267.9656901681446
[6.62137099 1.29917893 1.97617822 6.35291516 8.41585517 3.19783439] -266.2993437703772
[ 6.94595175  1.43245928  2.39228357  7.0988002  10.03442604  2.64826044] -269.73213084961696
[6.18730505 1.36942454 1.43872396 4.87516586 6.52113568 3.00858818] -267.881038696024
[5.28697269 1.24707023 1.84640955 5.50976968 6.80211808 3.42319741] -267.88474316195374
[5.06142712 1.05501233 0.99271645 4.71311512 6.17336395 3.36864094] -274.416325322614
[6.35878433 1.29132837 1.84534888 5.75302531 7.09659568 3.51960954] -266.27981013234285
[6.38734603 0.77377599 2.26638399 6.05397508 7.81537083 2.77903834] -264.7931297710128
[6.73667683 0.37999667 2.84794782 6.57728368 8.67510702 2.1687807 ] -265.97335410516285
[6.22785659 1.20392546 2.607753   6.41580393 8.51789757 2.96754241] -265.8291887718787
[7.23747879 0.98430651 2.15313609 6.20568622 8.28657748 2.94550676] -267.85732381257276
[6.68720435 0.73357953 2.79895905 7.28379683 9.15604048 3.33908886] -273.8415540902464
[6.31227987 1.21046328 1.77878274 5.4773236  7.17986188 3.09121335] -265.645079329071
[5.32863097 1.19408315 1.95976247 5.71048893 7.02169348 3.45073914] -267.57408550439055
[5.80584292 1.14163899 2.00810588 5.83428825 7.33791448 3.32443104] -265.83453830587774
[6.78046879 1.55027342 2.29660204 6.26696142 8.55526678 2.65972337] -265.93354756484365
[6.00282186 1.09128957 2.29148062 5.58087737 7.08511391 2.9160183 ] -265.0775713435713
[6.14675436 1.03246053 2.57102054 6.12338457 8.40054613 2.39304606] -264.96371764348294
[5.51383176 0.60091119 2.21124021 5.56158952 6.89030149 3.1640398 ] -267.22974640761856
[6.46380953 1.31293286 2.27526158 6.09061844 8.13902546 2.78580248] -264.9165933424134
[6.70777982 1.06664358 2.58878828 6.07970608 8.37469078 2.31978927] -264.71576129153493
[7.15874827 1.02914587 2.87912948 6.202415   8.89307893 1.81746838] -265.7929508164751
[6.44574057 0.95859647 1.98281959 5.38615779 7.1469721  2.46076019] -265.22218344571945
[6.40580418 0.86810305 2.87980213 6.29424952 8.47404452 2.1269382 ] -264.83385471218446
[6.25903136 1.08980539 2.97475946 6.68811257 8.94929178 2.64611736] -266.75765318531694
[6.39906327 0.9913987  2.23080456 5.71164648 7.59755202 2.50709948] -264.5646112839615
[6.83403054 0.92381534 2.64587308 6.53698269 9.18196267 2.05455298] -265.60377589492646
[6.21062403 1.04942101 2.38007873 5.8199037  7.6093261  2.70065197] -264.6175602189087
[6.71138793 0.98829786 2.30268588 5.8933152  7.60279043 2.68006052] -265.30798154101285
[6.28791275 1.02141987 2.50393688 6.06586723 8.20110721 2.46479968] -264.5923991196161
[6.3357005  0.61065454 2.67466994 5.91783092 7.88500503 2.18030317] -264.52071991335976
[6.27164598 0.25951538 2.87437412 5.83143716 7.75799481 1.87755351] -265.01458166675286
[6.37033795 0.96966818 2.00175199 5.58872698 7.35363947 2.85695577] -265.2185100015294
[6.39693763 0.89349433 2.6602896  6.11786888 8.19394326 2.30944259] -264.5096106996711
[6.3919933  1.10390135 2.746472   5.85029935 8.13850397 2.04832371] -264.61246844538425
[5.96629733 0.82345302 2.47662895 5.74809944 7.50045508 2.41708426] -264.8085406010025
[6.5224092  1.00584594 2.56074845 5.99680442 8.15613186 2.34411302] -264.48702250169595
[6.56738152 0.82615057 2.74556174 6.06686873 8.44808835 1.91737525] -264.6083247873561
[6.44447499 0.67908663 2.37886505 6.10866287 8.02210527 2.52605402] -264.6166973653495
[6.40511372 0.99769767 2.65457026 5.91489023 8.10940429 2.16775628] -264.47442237869024
[6.2149975  1.01401978 2.34944482 5.841434   7.59962621 2.74046283] -264.63714314297636
[6.47928551 0.87311787 2.64653251 6.01051005 8.23597281 2.12314714] -264.4704807788617
[6.55825719 0.76931649 2.63860156 5.8239831  7.85822921 2.07915422] -264.4680411216637
[6.69342941 0.6432648  2.7059339  5.70304104 7.68679021 1.88633149] -264.7416033025482
[6.50017132 0.72531024 3.04766622 6.21564939 8.5486768  1.89420599] -264.8137491862082
[6.42434028 0.92487659 2.43501997 5.83764721 7.83533321 2.35387611] -264.4299846595633
[6.59308068 1.21079509 2.52391751 5.98273704 8.24466652 2.27885995] -264.50429983281543
[6.59722457 1.03372222 2.49284049 5.73765513 7.95263604 2.13952632] -264.64419996175144
[6.44700936 0.9285513  2.61842732 6.02281545 8.13361645 2.26696352] -264.4264507416381
[6.35239108 0.6223402  2.66071585 5.88614644 7.86489609 2.16614348] -264.5360875835077
[6.53290828 1.06368137 2.55811709 5.95858939 8.14972391 2.25068083] -264.43290882037206
[6.42656225 0.84656782 2.62300779 5.85934072 7.95129478 2.06974635] -264.39885162715706
[6.37863877 0.76692877 2.65413746 5.79060887 7.84887624 1.93256302] -264.4504652847796
[6.55100724 0.80433947 2.51866515 5.92273841 7.94531917 2.21343311] -264.43319318865593
[6.50074268 0.90599314 2.48408045 5.79786138 7.7218661  2.28813757] -264.393873413862
[6.51147127 0.92243078 2.40285443 5.69153705 7.46481275 2.37063279] -264.48085792841465
[6.4025995  1.05535341 2.44050437 5.97568108 8.05415533 2.40179161] -264.41040023270756
[6.36038021 1.10400174 2.53438718 5.89457334 8.0033441  2.33029889] -264.4277027895734
[6.32096982 0.85809997 2.48702527 5.83738366 7.75014608 2.31959052] -264.37471457738843
[6.21500059 0.75530927 2.45147935 5.7767808  7.55035716 2.35404537] -264.4212350598225
[6.395081   0.97464588 2.62745749 5.958238   8.03614107 2.20496672] -264.3498970145019
[6.38045136 0.99953052 2.72367625 6.0185334  8.13654499 2.13051202] -264.39349819354993
[6.47060799 0.75240211 2.55911372 5.92253343 7.87906251 2.18676654] -264.3536868789613
[6.39184505 0.86913614 2.45530237 5.76086398 7.66393883 2.22336958] -264.32862407708956
[6.3642629  0.83942856 2.3737399  5.62988824 7.42910002 2.20157261] -264.38516427431375
[6.43267009 0.68026161 2.638158   5.73639264 7.61332779 2.02906748] -264.3937975299688
[6.4107433  0.83361179 2.46070464 5.81175031 7.60353268 2.34755312] -264.34917050760146
[6.30656306 0.75005935 2.59184004 5.87785929 7.79351688 2.14896708] -264.3150039116508
[6.20947326 0.67209246 2.64571984 5.91785825 7.82934227 2.07938183] -264.37925367544227
[6.33259998 0.99905681 2.42232318 5.98648359 7.96211822 2.44800371] -264.40569215855146
[6.40765256 0.75996041 2.58419929 5.79891538 7.7005254  2.13380154] -264.3328005516868
[6.4731945  0.78850525 2.60584725 5.8726698  7.80875971 2.09555101] -264.2932029127886
[6.54930684 0.75370789 2.66525824 5.89031286 7.83806653 1.98353125] -264.33816723426025
[6.3244185  0.9062375  2.54933665 5.77089883 7.65640902 2.19796981] -264.28046269839757
[6.25132376 0.9831552  2.54444811 5.69508153 7.54508227 2.20357144] -264.29982755120864
[6.37639133 0.66119094 2.45495259 5.67274786 7.37275311 2.17743733] -264.3746837929225
[6.39040858 0.89628214 2.58433127 5.88686547 7.87029408 2.19808437] -264.3016789894323
[6.35395079 0.82311514 2.66291432 5.84427394 7.89428196 1.98502801] -264.3586902692731
[6.39654517 0.83098763 2.51125706 5.81988122 7.67622    2.25692184] -264.3038697554868
[6.35333906 0.92044227 2.51510559 5.86409748 7.78918744 2.23981969] -264.263515765895
[6.32618231 1.0006832  2.48055874 5.89668854 7.83351846 2.29282877] -264.2685751177384
[6.35631124 0.82836857 2.66393691 5.93656005 7.86752354 2.15573502] -264.292645991004
[6.45817595 0.97354844 2.55143153 5.83913165 7.76261438 2.2323935 ] -264.28628850165876
[6.38873744 0.94014043 2.645406   5.90352654 7.90870939 2.11626262] -264.26606402730823
[6.39431699 0.88946535 2.59269005 5.84209598 7.72744042 2.14782618] -264.22486176152114
[6.39627119 0.88605695 2.59686944 5.81971124 7.65601359 2.12269708] -264.19822679680766
[6.28588996 1.02975946 2.56818145 5.8386388  7.73805941 2.25940823] -264.2667508332957
[6.37929946 1.05702644 2.47817331 5.74210813 7.63614086 2.23378196] -264.2316689915008
[6.25114259 0.93967258 2.56625928 5.80719536 7.69889219 2.1575863 ] -264.24156871614736
[6.36047473 1.01812854 2.57399504 5.88752703 7.81925861 2.17854882] -264.2179590695856
[6.42386486 0.8907296  2.5570881  5.83608313 7.76467462 2.09015726] -264.2116899626701
[6.33272652 0.96387836 2.45042425 5.74871425 7.54601305 2.22460108] -264.1858265945135
[6.30472106 0.97574733 2.35293337 5.6713081  7.36466488 2.27877032] -264.19352038067944
[6.36125406 0.99805523 2.55916422 5.74968223 7.58447686 2.09597114] -264.1352844704027
[6.36521156 1.03686171 2.58119354 5.6924746  7.48212158 2.02404687] -264.09382149056705
[6.50147353 1.01122129 2.51298861 5.7683441  7.60251524 2.13369139] -264.251869222371
[6.31372532 0.95755976 2.55294161 5.79748254 7.67479795 2.15161257] -264.18962222001426
[6.3514586  0.86071187 2.62599735 5.85188947 7.67815227 2.03010594] -264.14538357376136
[6.36727795 0.84713754 2.54750972 5.69459138 7.44799907 2.03585811] -264.14772798548887
[6.28502552 0.96000579 2.56122387 5.69887137 7.39702455 2.10614996] -264.1044522117525
[6.2755373  0.98932806 2.50956067 5.67496329 7.4193559  2.06809443] -264.0772419790715
[6.21517036 1.04096362 2.46590629 5.60258932 7.30102706 2.04079311] -264.04117114032647
[6.32523152 0.94562654 2.52447672 5.63222759 7.27598124 2.00223912] -264.05532101796393
[6.30373198 0.93322399 2.65167825 5.64216699 7.31475554 1.85512995] -264.0233075402174
[6.28923471 0.9178968  2.75230524 5.58889336 7.19912679 1.67039438] -264.0160281601236
[6.24316614 1.07355123 2.62285795 5.66105719 7.32981208 1.92205168] -264.00764132837446
[6.18111023 1.18675808 2.66053207 5.64429009 7.27071859 1.86514846] -264.01901667502426
[6.222888   1.13092336 2.54332386 5.44014834 6.9835455  1.89178577] -263.99833981185066
[6.1586027  1.26602911 2.50198711 5.23427778 6.63624211 1.82262568] -264.04914409585956
[6.26860858 1.08860196 2.60213067 5.50692543 7.12684686 1.74428701] -263.9499296463544
[6.2604001  1.15290005 2.62258407 5.41095246 6.99175802 1.56335554] -263.9358134628708
[6.15348538 1.05042549 2.59595784 5.41948148 6.87829532 1.67282633] -263.8978593124154
[6.04762229 1.05720738 2.60334    5.28298493 6.57638219 1.49721606] -263.9011758359518
[6.13621671 1.17659365 2.6765017  5.40881313 6.95187369 1.58482982] -263.9326340218435
[6.21995999 1.12646657 2.8052706  5.37385934 6.81044341 1.39428806] -264.0330961402016
[6.21876258 1.10509084 2.72042952 5.43104183 6.93308932 1.55591432] -263.9550208648494
[6.12240493 1.31193141 2.5082464  5.33493812 6.82366452 1.72652677] -263.91537742078185
[6.12821977 1.23573703 2.59948984 5.15406794 6.52426337 1.40969451] -263.98889320750317
[6.11694182 1.21330279 2.69774594 5.27961665 6.71743592 1.27926333] -263.9396704972196
[6.20785075 1.10101104 2.67433198 5.60754662 7.24110889 1.71787753] -263.9408568394202
[6.11367065 1.23029731 2.53802646 5.38940765 6.93495613 1.62564545] -263.86672022825024
[6.06112468 1.29290054 2.44682493 5.36859057 6.93588954 1.66051101] -263.86885560092446
[6.09318912 1.27747252 2.53868882 5.14018988 6.52488564 1.43293821] -263.96662406354636
[6.17918534 1.14512641 2.64042119 5.49070744 7.06205308 1.6466427 ] -263.8999730928935
[6.20484588 1.14245531 2.49616662 5.53848345 7.163431   1.99401221] -263.9973743370424
[6.13891784 1.19559092 2.64735111 5.34433335 6.82893469 1.45795055] -263.8976769781792
[6.02089351 1.21708835 2.57958416 5.38494126 6.83483445 1.674785  ] -263.92051067359694
[6.10663584 1.20689298 2.49336069 5.3791233  6.83570571 1.68329578] -263.85114253881284
[6.0918454  1.22204265 2.40179019 5.36427838 6.77762173 1.73252876] -263.83271115244344
[6.24560967 1.16804971 2.53101357 5.39610755 6.93367403 1.61258852] -263.9017181840538
[6.1851665  1.02524609 2.60994038 5.4665005  6.9815138  1.52286733] -263.8670676809223
[6.04181404 1.12152658 2.61348216 5.42879539 6.88745088 1.60689852] -263.8839156093419
[6.06244793 1.13658327 2.49509485 5.31355815 6.7008711  1.55959627] -263.83271891009514
[6.05780207 1.26000345 2.5059372  5.34947632 6.82548746 1.4956693 ] -263.81409792362314
[6.00996041 1.36479242 2.46092688 5.31447374 6.79908353 1.40709078] -263.8100117668206
[6.0293838  1.17123852 2.39240253 5.41467126 6.8648977  1.69359182] -263.7884669464963
[5.97461678 1.15906231 2.26492825 5.44984021 6.88287921 1.81141246] -263.78731305061086
[6.10408852 1.25781477 2.31008685 5.33722416 6.80485762 1.61281517] -263.766699724998
[6.13522576 1.32595887 2.15838919 5.29143854 6.76356099 1.61577349] -263.7836654564889
[5.93371006 1.43161815 2.21367744 5.25642694 6.6519093  1.72682897] -263.8551278233022
[5.94521905 1.29367389 2.17747503 5.28919287 6.60411803 1.65777869] -263.74396978699497
[5.86099325 1.32536218 1.99719932 5.23908548 6.43869898 1.67384531] -263.7516744111605
[6.12901596 1.04637162 2.48975657 5.43309557 6.87123444 1.53357841] -263.78187123454626
[6.02246744 1.31133596 2.20655974 5.41581016 6.87906041 1.69213848] -263.7207699980509
[6.0024772  1.3987123  2.06229218 5.46693617 6.96815507 1.75840959] -263.7275571801953
[5.96994399 1.25564101 2.23478758 5.38226719 6.83612269 1.50574257] -263.67337360585043
[5.90899328 1.27244019 2.15128628 5.3912616  6.86537317 1.39234948] -263.64072330532457
[6.01817327 1.08210716 2.07243735 5.45766778 6.83675743 1.82626678] -263.7319183737747
[6.06803573 1.26218555 2.20427236 5.3249105  6.73758783 1.42689654] -263.681800748498
[5.8933098  1.44681422 1.88428263 5.30559346 6.70468373 1.66916997] -263.7212416440089
[5.84797768 1.29837088 1.92201762 5.3909213  6.73766925 1.60871815] -263.64377215101104
[5.97443335 1.26407743 1.96947696 5.47286206 6.98292591 1.54740111] -263.6130480141225
[5.98904051 1.2492792  1.86547793 5.56469666 7.17232984 1.49221232] -263.61537497965617
[5.88689916 1.53630091 2.04019451 5.30945191 6.79900933 1.2859578 ] -263.69073360284045
[6.00962575 1.20142275 2.28031986 5.46281239 6.9625249  1.31531722] -263.6463251316191
[5.87618754 1.30026328 1.98262946 5.36826309 6.81596971 1.16674162] -263.58780939675296
[5.80304759 1.29472694 1.87066433 5.34448955 6.78442436 0.90404318] -263.63234496537154
[6.00818529 0.99661911 2.12980634 5.49422507 6.90167426 1.53318357] -263.6162661345655
[5.80709857 1.18221233 1.94090648 5.53520467 7.01779124 1.42767384] -263.6211026629983
[5.79799949 1.23657165 1.75172119 5.42143354 6.81127628 1.57670537] -263.6364417043636
[5.94298816 1.11902379 2.05325795 5.50349538 7.06066761 1.27263352] -263.5941488395922
[5.89330418 1.09381567 1.79131318 5.54056634 6.99806183 1.44909686] -263.5689077230691
[5.88545963 1.00450342 1.61132663 5.61521871 7.06440616 1.47747056] -263.6236917284285
[6.03606621 1.08209888 2.2040756  5.55010533 7.11442058 1.2222048 ] -263.624335398351
[5.97654953 1.12071708 2.090987   5.51793738 7.0386345  1.31082994] -263.5813744743186
[6.08345078 1.11595979 2.06491715 5.43057844 6.91485337 1.33228837] -263.62222906662845
[5.87618662 1.1656492  1.97190915 5.50904811 6.99205677 1.40382747] -263.57933191363395
[5.83836451 1.35789637 1.8233849  5.47649905 7.06109785 1.18365993] -263.6392022930911
[5.96573009 1.08693843 2.05320098 5.48979357 6.94153016 1.44580266] -263.577490538075
[5.86921535 1.03139172 2.01162228 5.50350589 6.96604762 1.13557625] -263.5742086414894
[5.87606961 1.14723467 1.91396273 5.47287608 6.85676592 1.36465809] -263.54824282897704
[5.84261033 1.16134011 1.84431511 5.45756644 6.75481508 1.41067037] -263.56484812718594
[5.94283092 0.91498564 1.96170231 5.64297937 7.11506256 1.53652214] -263.60549978432795
[5.89284838 1.20394387 1.97739767 5.43694216 6.89074292 1.25918675] -263.56115199531257
[5.81456855 1.12227411 1.81548166 5.46630667 6.84310058 1.37521942] -263.5546963360068
[5.8943921  1.06288363 1.88241702 5.46094879 6.84002624 1.27268587] -263.5386728448504
[5.90349484 1.01150084 1.83767095 5.43689913 6.76401097 1.20711507] -263.5498237398517
[5.7810693  1.13357613 1.7441972  5.47058841 6.85671822 1.17300508] -263.5601645034445
[5.84820202 1.22318431 1.69663421 5.44590359 6.79575762 1.49570777] -263.59063304129944
[5.86396202 1.07933987 1.93287526 5.48910532 6.92347512 1.22560913] -263.5489529661665
[5.81433248 1.15593508 1.96413067 5.39168947 6.73888117 1.10769125] -263.56138602900114
[5.8340754  1.14040523 1.9209263  5.42890869 6.80367633 1.19304265] -263.546453121656
[5.79519728 1.02462734 1.75922238 5.49263583 6.81717788 1.27555333] -263.5432573853189
[5.91168569 1.05867882 1.99743125 5.46633871 6.83802248 1.39591775] -263.55436236733584
[5.91055881 1.04878241 1.98679665 5.47063114 6.84994742 1.20060286] -263.54710964957656
[5.81306606 1.1090789  1.8013022  5.4720299  6.8590005  1.11479956] -263.552117731225
[5.83772096 1.09647888 1.85033446 5.47060711 6.85375599 1.18507911] -263.54139088649606
[5.8520427  1.09413085 1.83834458 5.44309723 6.75030814 1.27159817] -263.5391673316255
[5.83192615 1.00853478 1.83205107 5.44940018 6.78153141 1.10152924] -263.54424458960756
[5.77122605 1.09357116 1.70763529 5.44456813 6.76554458 1.23255994] -263.54692873771734
[5.80605924 1.08237397 1.77742563 5.45108389 6.78664529 1.22457067] -263.5375095882779
[5.83837074 0.98260458 1.72567208 5.49368232 6.80613865 1.25062948] -263.54922617635583
[5.83514924 1.10095507 1.87211274 5.4451021  6.80429191 1.20743936] -263.53715091339126
[5.84159436 1.1452818  1.8279012  5.47175813 6.83587041 1.37744626] -263.54813628898575
[5.8343432  1.04272153 1.8310136  5.45498967 6.79511616 1.1705085 ] -263.5367438881887
[5.89137187 1.13522064 1.9246603  5.41597376 6.79287003 1.16840723] -263.5454504560321
[5.81924093 1.05227566 1.80058186 5.47347031 6.81110092 1.2487668 ] -263.5368122691807
[5.84268817 1.04863469 1.81696402 5.43895689 6.74207356 1.28011068] -263.5363246837103
[5.84517178 1.0247126  1.8002788  5.42313178 6.68623235 1.32762647] -263.5449286028078
[5.82524826 1.03581733 1.82182704 5.46508665 6.84277655 1.19642912] -263.54326454491644
[5.84534409 1.07955247 1.8342152  5.44859458 6.77342524 1.25280591] -263.5356660668754
[5.76654952 1.07262084 1.76168733 5.44311702 6.73085812 1.18871477] -263.54192589037376
[5.86243146 1.06531793 1.8522346  5.45649085 6.81273421 1.2516931 ] -263.53525814452746
[5.87367312 1.04744515 1.89161504 5.45478425 6.79293538 1.24587078] -263.53634323750117
[5.85742442 1.01102741 1.8034287  5.46399342 6.77150324 1.27581256] -263.54006559813786
[5.84071803 1.07847315 1.85494173 5.44982493 6.79609475 1.22453266] -263.5348427494919
[5.88049176 1.06843931 1.89307954 5.42774341 6.75969218 1.22640707] -263.53789066724875
[5.83455364 1.05631658 1.82370628 5.46203859 6.79824873 1.24317687] -263.5348913279757
[5.86545964 1.08252513 1.86021202 5.44857369 6.77672113 1.32888817] -263.5393802985169
[5.84212231 1.05267243 1.83831321 5.45338567 6.7905174  1.21010341] -263.53503664335017
[5.81561278 1.07954394 1.7818433  5.44831292 6.77809592 1.24160343] -263.5364556222344
[5.85915803 1.05546985 1.86417211 5.45316642 6.78922551 1.24480394] -263.5349277108799
[5.85208768 1.08063278 1.87223035 5.46887679 6.84467505 1.19559462] -263.5386662807
[5.84503805 1.05663422 1.8307806  5.44643686 6.76772394 1.25898166] -263.53441345849603
[5.84932975 1.04207558 1.85383431 5.45851985 6.81142294 1.22495797] -263.5350749940042
[5.82787515 1.04856267 1.83634815 5.45129993 6.77167688 1.21715908] -263.5338714413663
[5.81059699 1.04018504 1.82840493 5.44870446 6.75114821 1.19989207] -263.5350872680918
[5.83382532 1.07396739 1.82891971 5.44686428 6.75973947 1.24129457] -263.53510459312884
[5.84545364 1.05004853 1.84760566 5.45560596 6.79850207 1.22904212] -263.5346718568158
[5.8421432  1.0624959  1.8475383  5.45273855 6.78330656 1.26246203] -263.53415511432405
[5.81943587 1.0620405  1.8161348  5.45281519 6.78262546 1.23364753] -263.5344436308286
[5.83900101 1.06310175 1.8540768  5.44086855 6.76839448 1.23209816] -263.533912434612
[5.83226428 1.03582137 1.82255304 5.45009675 6.76131505 1.25326421] -263.5340927575087
[5.82313221 1.0595036  1.82153824 5.44247932 6.74651205 1.25682877] -263.53427461878937
[5.8503821  1.046666   1.85481025 5.4418248  6.75035086 1.25995044] -263.5346823057058
[5.82717243 1.05819688 1.82580366 5.45006759 6.77455681 1.24022326] -263.5336269315406
[5.81882471 1.05259317 1.83850547 5.44941337 6.76753001 1.22836351] -263.53387900499064
[5.83929471 1.04742031 1.85340357 5.45568226 6.79574788 1.22102798] -263.53458249237775
[5.82717284 1.05648278 1.82950457 5.44578005 6.75882101 1.24787857] -263.5336700596432
[5.8152936  1.04242364 1.82139226 5.44310353 6.75079152 1.21053356] -263.5340000366558
[5.81951563 1.07129893 1.8459906  5.44341425 6.76927519 1.20548784] -263.53512755500924
[5.82907712 1.04469076 1.82841243 5.44842613 6.76330508 1.24132011] -263.53362735010677
[5.84108082 1.06545236 1.84949143 5.45218168 6.7839699  1.25848067] -263.5345041705485
[5.8217404  1.04818082 1.82841705 5.44537307 6.75908611 1.22252034] -263.53401037970235
[5.82812477 1.05144382 1.82710805 5.44924686 6.76893095 1.24077169] -263.5336913743867
[5.82717263 1.05733983 1.82765412 5.44792382 6.76668891 1.24405092] -263.53349343844957
[5.82752379 1.05337977 1.83107591 5.45068376 6.77311684 1.22869117] -263.5337875309793
[5.82299857 1.05539503 1.83215456 5.44974048 6.77104341 1.23429338] -263.5337774653883
[5.83308672 1.06064931 1.83994023 5.44546807 6.77147564 1.23616071] -263.5333115325964
[5.82123301 1.05031026 1.82359796 5.44658556 6.76267416 1.22537841] -263.5337134102116
[5.82573892 1.05773193 1.82767696 5.44566037 6.76533978 1.24493495] -263.53373485320026
[5.83117759 1.05649565 1.82510576 5.44524361 6.76551201 1.24287993] -263.5337483277685
[5.82913284 1.05622049 1.82686796 5.44636783 6.76689486 1.24073329] -263.53367169735253
[5.82956854 1.05365493 1.82931371 5.44955954 6.77173399 1.23083781] -263.5334589371296
[5.83685296 1.0621915  1.83529795 5.44962568 6.77741956 1.25221415] -263.5339085172242
[5.825138   1.05328057 1.82652296 5.44734559 6.76636051 1.23208735] -263.5336687847277
[5.82896561 1.06167019 1.83159283 5.44633062 6.77030596 1.23392609] -263.5337156218165
[5.82833498 1.05400041 1.82822924 5.4485178  6.7692747  1.23906029] -263.5337198947053
[5.83132763 1.05715212 1.83462697 5.44751381 6.77160482 1.23349926] -263.5336098644835
[5.83012968 1.05899457 1.83379718 5.44669595 6.76908228 1.24010581] -263.5335469539499
[5.83012957 1.05942309 1.83287195 5.44776783 6.77301623 1.23819199] -263.53367752395803
[5.82911236 1.05696494 1.8332316  5.44640683 6.76891808 1.23412403] -263.5335843205105
[5.83110978 1.0584349  1.8334041  5.44591795 6.76918525 1.238447  ] -263.53330903057855
[5.83060574 1.05604657 1.83352414 5.44735747 6.7702033  1.2384662 ] -263.533406878242
[5.83166106 1.05665771 1.83663612 5.44535219 6.76714023 1.23540902] -263.53348885253035
[5.83057415 1.05876388 1.83555082 5.44488568 6.76706344 1.24073833] -263.533269218242
[5.83019741 1.05956976 1.83601274 5.44357162 6.76479275 1.24435787] -263.53343907407964
[5.83327668 1.05955071 1.83771927 5.44548561 6.76913197 1.24231833] -263.5335650356956
[5.8322356  1.05890427 1.83659735 5.44571591 6.76907849 1.24026975] -263.53353033825
[5.83296134 1.05749097 1.83808708 5.44486981 6.76896651 1.23639119] -263.53347833474584
[5.83109733 1.05711018 1.83578348 5.44556781 6.76893296 1.2349344 ] -263.53326838675963
[5.83052819 1.05621314 1.83537655 5.44549376 6.76886019 1.23226672] -263.533477647405
[5.83148396 1.05950756 1.83546049 5.4460034  6.7714688  1.23963693] -263.53360711461073
[5.83161679 1.05737017 1.83634222 5.445515   6.76822237 1.236466  ] -263.5335168910999
[5.83083574 1.05793703 1.83566715 5.44522675 6.7679982  1.23783636] -263.5334627734878
[5.83110355 1.05777254 1.83459379 5.44574288 6.76905911 1.2366907 ] -263.53350153598956
[5.83209202 1.05887975 1.83786186 5.44551794 6.7702043  1.23554755] -263.5332266930621
[5.83085154 1.05657837 1.83465381 5.44646264 6.76956813 1.2367003 ] -263.53351449939316
[5.83202934 1.05730058 1.83693528 5.44521881 6.76894973 1.23566279] -263.5334992529568
[5.8313792  1.05688395 1.8362098  5.44546    6.7680366  1.23517171] -263.5335120925704
[5.83199419 1.0587163  1.83769664 5.44444876 6.76815884 1.23524754] -263.5330979866192
[5.83256552 1.05978527 1.83921806 5.44344182 6.76745419 1.23452116] -263.533488908951
[5.83167153 1.05902152 1.83663627 5.44511432 6.76973112 1.23680141] -263.53324520839675
[5.8321365  1.05854924 1.8389331  5.44462191 6.76893261 1.23531932] -263.5334287512855
[5.83124643 1.05943743 1.83725755 5.44494702 6.76903628 1.23623273] -263.53325735174036
[5.83257693 1.05930111 1.83905582 5.44484584 6.77033384 1.23352462] -263.5332148001674
[5.83142298 1.05893952 1.83583077 5.44552532 6.7698665  1.23544343] -263.5335369160408
[5.83195812 1.05864681 1.83815752 5.44484776 6.76916608 1.23535035] -263.5334957153942
[5.83228556 1.05900871 1.83837623 5.4446473  6.76924634 1.23438608] -263.533455124517
[5.83204311 1.05879803 1.83777925 5.44498335 6.76918157 1.23539755] -263.5329565156123
[5.83183286 1.05886891 1.83716645 5.44478154 6.76894498 1.23602447] -263.533089171279
[5.83162031 1.05907687 1.8374771  5.44469789 6.76859756 1.23574014] -263.5334192520029
[5.83154576 1.05791324 1.83674006 5.44500829 6.7685459  1.23509097] -263.53339806397446
[5.83206534 1.05863277 1.83831487 5.44453534 6.76854573 1.23528343] -263.5332151571462
[5.83141496 1.05832667 1.8366819  5.44483775 6.76807852 1.23654195] -263.5334347746481
[5.83163261 1.05849718 1.83710548 5.44479014 6.76837047 1.23600298] -263.5332599430869
[5.83208431 1.05806528 1.83745716 5.44481791 6.76865161 1.23527551] -263.5334991213452
[5.83173631 1.05882397 1.83747211 5.4447279  6.76861107 1.23562398] -263.53345563708626
[5.83193798 1.05883347 1.83747285 5.44488244 6.76906328 1.23571101] -263.5335152642712
[5.83201865 1.05875716 1.83773795 5.44471606 6.7686702  1.23532254] -263.5334670088685
[5.83205422 1.0587154  1.83804706 5.44475934 6.76886365 1.23534049] -263.5332626078642
[5.83183786 1.0586476  1.83744237 5.44488675 6.76877602 1.23570027] -263.5332551777107
[5.83179443 1.05835563 1.83725966 5.44499582 6.76886374 1.23524426] -263.5333255658887
[5.83183171 1.05893745 1.83762817 5.44484062 6.76888956 1.23556884] -263.53344142093727
[5.83192201 1.05857029 1.8378253  5.44484487 6.76868497 1.23514697] -263.53331475221523
[5.83180913 1.0585843  1.83758932 5.44505419 6.76908297 1.23547691] -263.5335124077407
[5.83196627 1.05871395 1.83770079 5.44480059 6.7687734  1.23536114] -263.5332754534411
[5.83204093 1.05832952 1.8377233  5.44491629 6.76882488 1.23516138] -263.5335048733095
[5.83188401 1.05878546 1.83765196 5.44485954 6.76887339 1.23546698] -263.53346220823994
[5.83194048 1.05872281 1.83761081 5.44493505 6.7689788  1.23554891] -263.5332572548987
[5.83204867 1.05875671 1.83791316 5.44487135 6.76902261 1.23536902] -263.5334449890332
[5.83200469 1.05875599 1.83774002 5.44489197 6.76897748 1.23537934] -263.53347406356994
[5.83198256 1.05868416 1.83780227 5.44491411 6.76893327 1.23527226] -263.5334891972926
[5.83191877 1.05857683 1.83751945 5.44498958 6.76902265 1.2353209 ] -263.53326025560347
[5.83193741 1.05886774 1.83770371 5.44491199 6.76903557 1.23548319] -263.5335278691093
[5.83204202 1.05856377 1.83775128 5.44494982 6.76900323 1.23527946] -263.53350828731317
[5.83201586 1.05863976 1.83773938 5.44494036 6.76901131 1.2353304 ] -263.53331092488185
[5.83200797 1.05873255 1.83763175 5.44495644 6.76913154 1.23550978] -263.53325666591445
[5.83198693 1.05865291 1.83765791 5.44500008 6.76913868 1.23544617] -263.5335150854268
[5.83200025 1.05873022 1.83771949 5.444919   6.76901778 1.23539605] -263.5334406080871
[5.83192681 1.05864336 1.83742022 5.44503658 6.76909194 1.23546551] -263.5335228852639
[5.8320182  1.05872837 1.83778992 5.44491266 6.76903994 1.23539314] -263.5334975868237
[5.83202554 1.05876529 1.8377055  5.4449699  6.76915655 1.23545366] -263.5334556436857
[5.8319918  1.05876042 1.83769503 5.4449592  6.76908018 1.23547323] -263.53350731513905
[5.83198094 1.05868743 1.83764935 5.44498647 6.76910211 1.23535922] -263.5333980722774
[5.83202949 1.05871889 1.83775932 5.44496186 6.76909644 1.23536397] -263.53351119790744
[5.83202168 1.05876412 1.83774937 5.44495117 6.76909968 1.2353968 ] -263.53351738725434
[5.83204589 1.05877737 1.8378462  5.44492735 6.76910209 1.23538328] -263.5332523423666
[5.83201724 1.05873835 1.83772885 5.4449782  6.76913997 1.23541351] -263.53319644959606
[5.83200535 1.05879007 1.83770874 5.44497297 6.76915772 1.23546285] -263.5334877525403
[5.83204756 1.05875842 1.8377776  5.44498021 6.76919982 1.23535013] -263.5335038040919
[5.83203362 1.05875892 1.83775696 5.44497496 6.76916991 1.2353809 ] -263.53347314617616
[5.83204343 1.0587184  1.83777996 5.44496711 6.76912635 1.2353332 ] -263.53347676509054
[5.83203391 1.05873631 1.83776216 5.44496857 6.76913419 1.23536561] -263.53327509442045
[5.83201526 1.058742   1.83773348 5.44496299 6.76910225 1.23541004] -263.53328533098704
[5.83201991 1.05872787 1.83779426 5.44496575 6.76909751 1.23532274] -263.5332784326406
[5.8320775  1.05881922 1.83789871 5.44494227 6.76915042 1.23540502] -263.5335076972274
[5.83200508 1.05872038 1.83771169 5.44497542 6.76911419 1.23537067] -263.5335137276911
[5.83203017 1.05876819 1.83775405 5.44498078 6.76916077 1.23540553] -263.5334358668327
[5.8320445  1.0587877  1.83781273 5.44495535 6.76914183 1.23539041] -263.533175355836
[5.83203851 1.05876717 1.8377707  5.44497596 6.76915788 1.23538158] -263.53346906593134
[5.83203151 1.05876295 1.83778676 5.44497455 6.76913954 1.23536014] -263.5332346135694
[5.83202918 1.05877001 1.83775636 5.44497317 6.76914191 1.23540379] -263.5335123172275
[5.83201202 1.05874273 1.8377143  5.44498491 6.76914184 1.23537839] -263.5334939795511
[5.83203742 1.05877224 1.8377829  5.44497846 6.7691659  1.23536741] -263.53349266884294
[5.83206305 1.05880936 1.83784783 5.44496457 6.76917399 1.23538915] -263.5335140048045
[5.83202478 1.05875939 1.83774768 5.44497983 6.76914988 1.23538108] -263.5334747350934
[5.83203343 1.05877557 1.83776749 5.44497147 6.76914459 1.23540469] -263.5331049793679
[5.83204896 1.05879381 1.83780931 5.44496733 6.76915885 1.23539889] -263.5332391985009
[5.83203872 1.05879491 1.83779916 5.44496831 6.76915117 1.23540416] -263.53351255713324
[5.83203856 1.0587741  1.83777782 5.44497405 6.7691562  1.23538722] -263.53351338580853
[5.83203827 1.0587868  1.83777337 5.44497741 6.76916308 1.23540112] -263.5334773644752
[5.8320438  1.05879286 1.83779599 5.44496935 6.7691617  1.23539398] -263.53319230320346
[5.83203731 1.05878049 1.837783   5.44497895 6.76916056 1.23537885] -263.53345437585676
[5.83204603 1.05879592 1.83779428 5.44497534 6.76917021 1.23539822] -263.5335061074321
[5.83203664 1.05878311 1.83776665 5.44498206 6.76917117 1.23540154] -263.53350319437124
[5.83204081 1.0587826  1.83777498 5.44497966 6.76916973 1.23538956] -263.5332473866324
[5.83203394 1.05877871 1.83776347 5.44498159 6.76916573 1.23538931] -263.5334620276327
[5.83204244 1.05879005 1.83779004 5.44497471 6.76916295 1.23538192] -263.5334504716066
[5.8320422  1.05878745 1.83778887 5.44497845 6.769171   1.23537594] -263.53345906935925
[5.83204928 1.05879845 1.83780724 5.44497323 6.76917011 1.23538328] -263.53323591208016
[5.83204338 1.05879338 1.83778796 5.44497463 6.76916454 1.23539911] -263.5332733576475
[5.8320503  1.05880463 1.83779548 5.44497269 6.76917631 1.23540296] -263.53323636111634
[5.83204779 1.05879993 1.83779026 5.44497627 6.76917837 1.23540689] -263.53321089841734
[5.83204831 1.05879879 1.83779311 5.44497689 6.76918139 1.2353923 ] -263.53349747821494
[5.83204461 1.05879473 1.83778925 5.44497519 6.76916875 1.23539741] -263.5334271461065
[5.83204345 1.05879544 1.83778762 5.44497635 6.76917164 1.23539576] -263.5334803409971
[5.83204545 1.05879898 1.83778476 5.44497981 6.76917997 1.23540222] -263.5334912484874
[5.83204619 1.05879824 1.83779325 5.44497829 6.76917584 1.23539042] -263.53319783630843
[5.8320467  1.05880133 1.83778737 5.44497802 6.76917894 1.23540025] -263.53347844051643
[5.83204196 1.05879031 1.83777711 5.4449815  6.76917565 1.23539355] -263.5332145109133
[5.83204324 1.0587957  1.83778361 5.44497899 6.76917306 1.23539833] -263.53306640620957
[5.83204277 1.05879404 1.83778464 5.44497903 6.76917226 1.23538973] -263.53346138402514
[5.83204454 1.0587971  1.83778079 5.44498338 6.7691808  1.23539418] -263.53326736241877
[5.83204057 1.05878981 1.83777885 5.44498349 6.76917412 1.23538767] -263.53340201634217
[5.83204376 1.05879569 1.83777964 5.44498397 6.76918142 1.2353975 ] -263.53342003469
[5.83204351 1.05879528 1.83778089 5.44498274 6.76917913 1.23539556] -263.53348631063733
[5.83204318 1.05879686 1.83778143 5.44498117 6.76917731 1.23539794] -263.5332463545537
[5.83204465 1.05879813 1.83778625 5.44498082 6.76917871 1.23539398] -263.5335023651855
[5.83204253 1.05879417 1.83777818 5.44498243 6.76917861 1.23539555] -263.53350627677054
[5.83204382 1.05879756 1.83778002 5.44498336 6.76918119 1.23539586] -263.53324127964254
[5.83204184 1.05879392 1.83777905 5.44498342 6.76917785 1.23539261] -263.5334498206144
[5.83204294 1.05879603 1.83778195 5.44498119 6.76917692 1.23539364] -263.5332498945249
[5.83204398 1.05879934 1.83778447 5.44498201 6.76917924 1.23539497] -263.5334987675655
[5.83204164 1.05879578 1.83777581 5.44498402 6.76917932 1.23539688] -263.5334790066686
[5.83204153 1.05879339 1.8377747  5.44498349 6.76917881 1.23539652] -263.5332017091064
[5.83204383 1.05879615 1.83778299 5.44498132 6.76917856 1.2353945 ] -263.5334398885804
[5.8320443  1.05879875 1.83778106 5.44498121 6.76918028 1.23539939] -263.5334474129168
[5.83204368 1.05879755 1.83778056 5.44498176 6.76917967 1.2353977 ] -263.53324931074934
[5.83204225 1.05879699 1.83777631 5.44498346 6.76917993 1.23539857] -263.53348277955007
[5.83204344 1.05879636 1.83778132 5.44498185 6.7691789  1.23539551] -263.53350127509214
[5.83204232 1.05879571 1.83777698 5.44498342 6.76918019 1.23539703] -263.5332509555772
[5.83204346 1.05879779 1.83777963 5.44498336 6.76918138 1.23539671] -263.5335004203528
[5.83204314 1.05879744 1.83778034 5.44498226 6.76917944 1.23539774] -263.5331112148229
[5.83204339 1.05879779 1.83777991 5.44498256 6.76918062 1.23539762] -263.5334397798665
[5.83204302 1.05879703 1.8377806  5.44498227 6.76917924 1.23539559] -263.53347675465255
[5.83204347 1.05879709 1.83778112 5.44498233 6.76918007 1.23539602] -263.5331929881143
[5.83204269 1.05879656 1.83777976 5.44498204 6.769179   1.23539715] -263.53321529011566
[5.83204302 1.05879717 1.83777852 5.44498305 6.76918105 1.23539878] -263.53342492236686
[5.83204252 1.05879621 1.83777875 5.44498293 6.76917982 1.23539713] -263.5335085962797
[5.83204318 1.05879739 1.83777962 5.44498265 6.76918042 1.2353975 ] -263.5334983797374
[5.83204312 1.05879773 1.83777979 5.44498281 6.76918051 1.23539764] -263.5334775522904
[5.83204329 1.05879756 1.83778019 5.44498284 6.76918082 1.23539678] -263.53347345441443
[5.8320429  1.05879729 1.83777951 5.4449827  6.76918029 1.23539735] -263.5331611994319
[5.83204271 1.05879687 1.83777811 5.44498339 6.76918088 1.23539729] -263.5335232979759
[5.83204306 1.0587976  1.83777888 5.4449832  6.76918131 1.23539816] -263.5334510364243
[5.83204325 1.05879791 1.83777958 5.44498295 6.7691811  1.23539758] -263.5334535501406
[5.83204353 1.05879851 1.83778095 5.44498256 6.76918098 1.23539773] -263.53349934169955
[5.83204333 1.0587981  1.83778024 5.44498277 6.76918096 1.23539762] -263.53319406028373
[5.83204319 1.05879776 1.83777942 5.44498313 6.76918151 1.23539737] -263.5332222500717
[5.83204299 1.058798   1.83777878 5.44498319 6.76918142 1.23539843] -263.53327956629187
[5.83204294 1.05879769 1.83777912 5.44498316 6.76918126 1.23539791] -263.5334770467319
[5.83204317 1.05879785 1.83777946 5.444983   6.76918114 1.23539767] -263.5334875405774
[5.832043   1.05879766 1.83777938 5.44498302 6.76918093 1.23539745] -263.5332156747894
[5.83204322 1.05879806 1.83777975 5.44498306 6.76918126 1.23539758] -263.53318060420514
[5.83204315 1.05879789 1.83777934 5.44498324 6.76918154 1.23539746] -263.5335099195132
[5.83204305 1.05879801 1.83777901 5.44498327 6.7691815  1.23539799] -263.5334892676672
[5.83204308 1.05879781 1.83777907 5.44498328 6.76918144 1.23539785] -263.533496588063
[5.83204318 1.05879797 1.83777941 5.44498315 6.76918133 1.23539757] -263.5331807023439
[5.83204307 1.05879795 1.83777929 5.44498314 6.76918114 1.23539787] -263.5332468238131
[5.83204312 1.05879808 1.83777963 5.44498306 6.76918114 1.23539748] -263.533301412913
[5.83204318 1.0587979  1.83777989 5.44498299 6.76918096 1.23539718] -263.53350950526044
[5.83204308 1.05879799 1.83777923 5.4449832  6.76918136 1.23539778] -263.5335087707297
[5.83204316 1.05879804 1.8377795  5.44498321 6.76918142 1.23539757] -263.53332395203756
[5.83204314 1.058798   1.83777933 5.44498325 6.76918145 1.23539756] -263.5335050008411
[5.83204305 1.05879784 1.83777931 5.44498319 6.76918125 1.2353975 ] -263.5332188725996
[5.83204309 1.05879799 1.83777927 5.44498324 6.76918136 1.23539771] -263.5335186085964
[5.83204311 1.05879805 1.83777944 5.4449832  6.76918135 1.23539751] -263.53350121154574
[5.83204308 1.05879802 1.83777913 5.44498331 6.76918153 1.23539777] -263.53324377854017
[5.83204313 1.058798   1.83777939 5.44498326 6.7691815  1.23539744] -263.5334039495941
[5.83204307 1.058798   1.83777934 5.44498325 6.76918142 1.23539755] -263.5333301700434
[5.83204309 1.05879792 1.8377792  5.44498332 6.76918155 1.23539761] -263.53348300618933
[5.83204309 1.05879796 1.83777926 5.44498329 6.7691815  1.23539759] -263.53350796286935
[5.83204308 1.05879793 1.83777928 5.44498327 6.76918141 1.23539752] -263.5331940092164
[5.83204309 1.05879802 1.83777919 5.44498333 6.76918155 1.23539766] -263.53347519654716
[5.83204313 1.05879803 1.83777937 5.44498328 6.76918149 1.23539756] -263.53343366816785
[5.83204309 1.05879801 1.8377793  5.4449833  6.7691815  1.23539755] -263.5332225486267
[5.83204312 1.05879801 1.83777932 5.44498331 6.76918154 1.23539749] -263.5333811468962
[5.83204311 1.05879804 1.83777934 5.44498328 6.76918146 1.23539753] -263.5334969544746
[5.8320431  1.05879797 1.83777923 5.44498334 6.76918156 1.23539758] -263.53324826292766
[5.83204312 1.05879798 1.83777939 5.44498328 6.76918147 1.23539743] -263.53325727438107
[5.83204307 1.05879794 1.83777921 5.44498334 6.76918152 1.23539748] -263.5334701258723
[5.83204312 1.05879801 1.83777933 5.44498329 6.7691815  1.23539754] -263.53345728504587
[5.83204309 1.05879798 1.83777927 5.44498331 6.76918149 1.23539753] -263.53350409906716
[5.8320431  1.05879802 1.83777927 5.44498333 6.76918153 1.23539755] -263.53349942144115
[5.8320431  1.058798   1.83777924 5.44498334 6.76918156 1.23539756] -263.53349642351486
[5.83204311 1.058798   1.83777932 5.44498332 6.76918152 1.23539749] -263.5334714967776
[5.83204311 1.05879802 1.83777928 5.44498333 6.76918155 1.23539752] -263.53348765297096
[5.83204312 1.05879803 1.83777931 5.44498331 6.76918153 1.23539755] -263.5334893235685
[5.83204312 1.05879805 1.83777929 5.44498335 6.7691816  1.23539754] -263.53348907127014
[5.83204313 1.05879802 1.83777929 5.44498334 6.76918158 1.23539752] -263.5333723138814
[5.83204313 1.05879805 1.83777935 5.44498332 6.76918156 1.23539749] -263.53346878014275
[5.83204312 1.05879803 1.83777928 5.44498336 6.7691816  1.23539748] -263.5335152573347
[5.83204312 1.05879803 1.83777931 5.44498333 6.76918155 1.23539753] -263.53346279687304
[5.83204311 1.058798   1.83777931 5.44498331 6.76918151 1.2353975 ] -263.5334441679471
[5.83204312 1.05879802 1.83777932 5.44498333 6.76918154 1.2353975 ] -263.53345266645346
[5.83204313 1.05879805 1.83777929 5.44498334 6.76918158 1.23539754] -263.53314359159594
[5.83204311 1.058798   1.83777924 5.44498334 6.76918155 1.23539756] -263.53351004345103
[5.83204313 1.05879804 1.83777932 5.44498333 6.76918156 1.23539751] -263.53324876317026
[5.83204312 1.05879802 1.83777929 5.44498334 6.76918156 1.23539751] -263.533212468883
[5.83204312 1.05879803 1.83777926 5.44498334 6.76918158 1.23539754] -263.5332120111897
[5.83204313 1.05879806 1.83777926 5.44498337 6.76918164 1.23539756] -263.53323447886544
[5.83204312 1.05879805 1.83777926 5.44498335 6.76918158 1.23539755] -263.53322018470635
[5.83204312 1.05879804 1.83777922 5.44498337 6.76918162 1.23539757] -263.53349592057015
[5.83204312 1.05879804 1.83777929 5.44498334 6.76918157 1.23539752] -263.53351193350494
[5.83204312 1.05879804 1.83777927 5.44498335 6.76918158 1.23539755] -263.533444039239
[5.83204311 1.05879803 1.83777925 5.44498335 6.76918158 1.23539754] -263.5334931457548
[5.83204312 1.05879802 1.83777927 5.44498335 6.76918157 1.23539753] -263.5331781641688
[5.83204311 1.05879804 1.83777926 5.44498335 6.76918158 1.23539755] -263.533290837609
[5.83204312 1.05879804 1.83777926 5.44498336 6.7691816  1.23539755] -263.5332110909843
[5.83204312 1.05879803 1.83777929 5.44498334 6.76918156 1.23539753] -263.5334856683692
[5.83204312 1.05879804 1.83777927 5.44498335 6.76918158 1.23539754] -263.5334631107695
[5.83204311 1.05879804 1.83777924 5.44498336 6.76918159 1.23539756] -263.53350712720743
[5.83204312 1.05879803 1.83777927 5.44498335 6.76918157 1.23539754] -263.5334237954461
[5.83204311 1.05879803 1.83777925 5.44498335 6.76918158 1.23539754] -263.5335026192005
[5.83204312 1.05879804 1.83777927 5.44498335 6.76918158 1.23539754] -263.53348227348584
[5.83204311 1.05879802 1.83777926 5.44498335 6.76918157 1.23539754] -263.53300101130344
[5.83204311 1.05879803 1.83777925 5.44498336 6.76918159 1.23539755] -263.5332063604588
[5.83204311 1.05879803 1.83777925 5.44498335 6.76918157 1.23539755] -263.5332765104525
[5.83204311 1.05879803 1.83777926 5.44498335 6.76918157 1.23539754] -263.53342755634554
[5.83204311 1.05879803 1.83777926 5.44498335 6.76918157 1.23539755] -263.5335018964637
[5.83204311 1.05879803 1.83777926 5.44498335 6.76918157 1.23539754] -263.53350256402337
[5.83204311 1.05879803 1.83777925 5.44498335 6.76918157 1.23539755] -263.53348762621744
[5.83204311 1.05879803 1.83777925 5.44498335 6.76918158 1.23539754] -263.53349893007766
[5.83204311 1.05879803 1.83777925 5.44498335 6.76918157 1.23539754] -263.5332656187362
[5.83204311 1.05879803 1.83777926 5.44498335 6.76918157 1.23539754] -263.5330146130088
[5.83204311 1.05879803 1.83777925 5.44498336 6.76918158 1.23539755] -263.5333043629016
[5.83204311 1.05879803 1.83777925 5.44498335 6.76918158 1.23539755] -263.53346668484494
[5.83204311 1.05879802 1.83777926 5.44498335 6.76918157 1.23539754] -263.5332917590382
[5.83204311 1.05879803 1.83777925 5.44498335 6.76918157 1.23539754] -263.53312138951566
[5.83204311 1.05879803 1.83777925 5.44498335 6.76918158 1.23539755] -263.53322352492455
[5.83204311 1.05879803 1.83777925 5.44498335 6.76918157 1.23539755] -263.5331960536846
[5.83204311 1.05879803 1.83777925 5.44498335 6.76918157 1.23539755] -263.5335011052606
[5.83204311 1.05879803 1.83777926 5.44498335 6.76918157 1.23539754] -263.5334826648361
[5.83204311 1.05879803 1.83777925 5.44498335 6.76918157 1.23539754] -263.53326087244614
[5.83204311 1.05879803 1.83777925 5.44498335 6.76918158 1.23539755] -263.5335181052612
[5.83204311 1.05879803 1.83777925 5.44498335 6.76918157 1.23539754] -263.5334569168033
[5.83204311 1.05879803 1.83777925 5.44498335 6.76918157 1.23539755] -263.53321924062715
[5.83204311 1.05879803 1.83777925 5.44498335 6.76918158 1.23539755] -263.5335010406814
[5.83204311 1.05879803 1.83777925 5.44498335 6.76918157 1.23539754] -263.53326537778895
[5.83204311 1.05879803 1.83777925 5.44498335 6.76918158 1.23539755] -263.53324419228557
[5.83204311 1.05879803 1.83777925 5.44498335 6.76918158 1.23539755] -263.5331734400959
[5.83204311 1.05879803 1.83777925 5.44498335 6.76918157 1.23539755] -263.5334851474455
[5.83204311 1.05879803 1.83777925 5.44498335 6.76918158 1.23539755] -263.5335075608714
[5.83204311 1.05879803 1.83777925 5.44498335 6.76918157 1.23539755] -263.53346774445873
[5.83204311 1.05879803 1.83777925 5.44498335 6.76918157 1.23539755] -263.5332649644869
[5.83204311 1.05879803 1.83777925 5.44498335 6.76918157 1.23539755] -263.53321430276554
[5.83204311 1.05879803 1.83777925 5.44498335 6.76918157 1.23539755] -263.5334964832708
[5.83204311 1.05879803 1.83777925 5.44498335 6.76918158 1.23539755] -263.5334847117378
[5.83204311 1.05879803 1.83777925 5.44498335 6.76918157 1.23539755] -263.53349551672613
[5.83204311 1.05879803 1.83777925 5.44498335 6.76918157 1.23539755] -263.5334701304977
[5.83204311 1.05879803 1.83777925 5.44498335 6.76918157 1.23539755] -263.53347060820374
[5.83204311 1.05879803 1.83777925 5.44498335 6.76918157 1.23539755] -263.5334819775586
[5.83204311 1.05879803 1.83777925 5.44498335 6.76918157 1.23539755] -263.5334910320418
[5.83204311 1.05879803 1.83777925 5.44498335 6.76918157 1.23539755] -263.5332083884544
[5.83204311 1.05879803 1.83777925 5.44498335 6.76918157 1.23539755] -263.5332914588835
[5.83204311 1.05879803 1.83777925 5.44498335 6.76918157 1.23539755] -263.5332015384901
[5.83204311 1.05879803 1.83777925 5.44498335 6.76918157 1.23539755] -263.5335049226224
[5.83204311 1.05879803 1.83777925 5.44498335 6.76918157 1.23539755] -263.53321538714397
[5.83204311 1.05879803 1.83777925 5.44498335 6.76918157 1.23539755] -263.53349645892445
[5.83204311 1.05879803 1.83777925 5.44498335 6.76918157 1.23539755] -263.5334491667828
[5.83204311 1.05879803 1.83777925 5.44498335 6.76918157 1.23539755] -263.53326024421847
[5.83204311 1.05879803 1.83777925 5.44498335 6.76918157 1.23539755] -263.53350094605236
[5.83204311 1.05879803 1.83777925 5.44498335 6.76918157 1.23539755] -263.53350759245586
[5.83204311 1.05879803 1.83777925 5.44498335 6.76918157 1.23539755] -263.533507099623
[5.83204311 1.05879803 1.83777925 5.44498335 6.76918157 1.23539755] -263.53350134385147
[5.83204311 1.05879803 1.83777925 5.44498335 6.76918157 1.23539755] -263.5332644035023
[5.83204311 1.05879803 1.83777925 5.44498335 6.76918157 1.23539755] -263.5332535279996
[5.83204311 1.05879803 1.83777925 5.44498335 6.76918157 1.23539755] -263.53325909374087
[5.83204311 1.05879803 1.83777925 5.44498335 6.76918157 1.23539755] -263.53345852419477
[5.83204311 1.05879803 1.83777925 5.44498335 6.76918157 1.23539755] -263.5334216236211
[5.83204311 1.05879803 1.83777925 5.44498335 6.76918157 1.23539755] -263.53343721802935
[5.83204311 1.05879803 1.83777925 5.44498335 6.76918157 1.23539755] -263.53349616359804
[5.83204311 1.05879803 1.83777925 5.44498335 6.76918157 1.23539755] -263.5334936718798
[5.83204311 1.05879803 1.83777925 5.44498335 6.76918157 1.23539755] -263.53346265317776
[5.83204311 1.05879803 1.83777925 5.44498335 6.76918157 1.23539755] -263.53350669741576
[5.83204311 1.05879803 1.83777925 5.44498335 6.76918157 1.23539755] -263.53326569782155
[5.83204311 1.05879803 1.83777925 5.44498335 6.76918157 1.23539755] -263.53339670281815
[5.83204311 1.05879803 1.83777925 5.44498335 6.76918157 1.23539755] -263.53346123414235
[5.83204311 1.05879803 1.83777925 5.44498335 6.76918157 1.23539755] -263.533451249667
[5.83204311 1.05879803 1.83777925 5.44498335 6.76918157 1.23539755] -263.5332180937671
[5.83204311 1.05879803 1.83777925 5.44498335 6.76918157 1.23539755] -263.5332309678659
[5.83204311 1.05879803 1.83777925 5.44498335 6.76918157 1.23539755] -263.53319132455505
[5.83204311 1.05879803 1.83777925 5.44498335 6.76918157 1.23539755] -263.53350206097684
[5.83204311 1.05879803 1.83777925 5.44498335 6.76918157 1.23539755] -263.53329513092797
[5.83204311 1.05879803 1.83777925 5.44498335 6.76918157 1.23539755] -263.5334778852848
[5.83204311 1.05879803 1.83777925 5.44498335 6.76918157 1.23539755] -263.53350199864855
[5.83204311 1.05879803 1.83777925 5.44498335 6.76918157 1.23539755] -263.5334915417158
[5.83204311 1.05879803 1.83777925 5.44498335 6.76918157 1.23539755] -263.5332382309211
[5.83204311 1.05879803 1.83777925 5.44498335 6.76918157 1.23539755] -263.5334934353933
[5.83204311 1.05879803 1.83777925 5.44498335 6.76918157 1.23539755] -263.5334982101198
[5.83204311 1.05879803 1.83777925 5.44498335 6.76918157 1.23539755] -263.53282148497823
[5.83204311 1.05879803 1.83777925 5.44498335 6.76918157 1.23539755] -263.5334469944818
[5.83204311 1.05879803 1.83777925 5.44498335 6.76918157 1.23539755] -263.5328437180878
[5.83204311 1.05879803 1.83777925 5.44498335 6.76918157 1.23539755] -263.5335006917701
[5.83204311 1.05879803 1.83777925 5.44498335 6.76918157 1.23539755] -263.5335081075649
[5.83204311 1.05879803 1.83777925 5.44498335 6.76918157 1.23539755] -263.5331794190896
[5.83204311 1.05879803 1.83777925 5.44498335 6.76918157 1.23539755] -263.53320036901005
[5.83204311 1.05879803 1.83777925 5.44498335 6.76918157 1.23539755] -263.53319831371545
[5.83204311 1.05879803 1.83777925 5.44498335 6.76918157 1.23539755] -263.53346283424656
[5.83204311 1.05879803 1.83777925 5.44498335 6.76918157 1.23539755] -263.53350801571435
[5.83204311 1.05879803 1.83777925 5.44498335 6.76918157 1.23539755] -263.5334375165453
[5.83204311 1.05879803 1.83777925 5.44498335 6.76918157 1.23539755] -263.533201059045
[5.83204311 1.05879803 1.83777925 5.44498335 6.76918157 1.23539755] -263.53349087629124
[5.83204311 1.05879803 1.83777925 5.44498335 6.76918157 1.23539755] -263.53327095628595
[5.83204311 1.05879803 1.83777925 5.44498335 6.76918157 1.23539755] -263.5332189685929
[5.83204311 1.05879803 1.83777925 5.44498335 6.76918157 1.23539755] -263.53317392267627
[5.83204311 1.05879803 1.83777925 5.44498335 6.76918157 1.23539755] -263.5334603693902
[5.83204311 1.05879803 1.83777925 5.44498335 6.76918157 1.23539755] -263.53350720026845
[5.83204311 1.05879803 1.83777925 5.44498335 6.76918157 1.23539755] -263.5334220327343
[5.83204311 1.05879803 1.83777925 5.44498335 6.76918157 1.23539755] -263.5335086355501
[5.83204311 1.05879803 1.83777925 5.44498335 6.76918157 1.23539755] -263.53351108793686
[5.83204311 1.05879803 1.83777925 5.44498335 6.76918157 1.23539755] -263.5334887907664
[5.83204311 1.05879803 1.83777925 5.44498335 6.76918157 1.23539755] -263.5333016162424
[5.83204311 1.05879803 1.83777925 5.44498335 6.76918157 1.23539755] -263.5331460691116
[5.83204311 1.05879803 1.83777925 5.44498335 6.76918157 1.23539755] -263.533420287621
[5.83204311 1.05879803 1.83777925 5.44498335 6.76918157 1.23539755] -263.53321176702565
[5.83204311 1.05879803 1.83777925 5.44498335 6.76918157 1.23539755] -263.5332075838846
[5.83204311 1.05879803 1.83777925 5.44498335 6.76918157 1.23539755] -263.5334590967512
[5.83204311 1.05879803 1.83777925 5.44498335 6.76918157 1.23539755] -263.5335074227383
[5.83204311 1.05879803 1.83777925 5.44498335 6.76918157 1.23539755] -263.53348434652804
[5.83204311 1.05879803 1.83777925 5.44498335 6.76918157 1.23539755] -263.5335121732753
[5.83204311 1.05879803 1.83777925 5.44498335 6.76918157 1.23539755] -263.5332289527018
[5.83204311 1.05879803 1.83777925 5.44498335 6.76918157 1.23539755] -263.53322645872316
[5.83204311 1.05879803 1.83777925 5.44498335 6.76918157 1.23539755] -263.53328414599787
[5.83204311 1.05879803 1.83777925 5.44498335 6.76918157 1.23539755] -263.53326756662887
[5.83204311 1.05879803 1.83777925 5.44498335 6.76918157 1.23539755] -263.5334884493891
[5.83204311 1.05879803 1.83777925 5.44498335 6.76918157 1.23539755] -263.53343345718406
[5.83204311 1.05879803 1.83777925 5.44498335 6.76918157 1.23539755] -263.53320887100136
[5.83204311 1.05879803 1.83777925 5.44498335 6.76918157 1.23539755] -263.5332802972112
[5.83204311 1.05879803 1.83777925 5.44498335 6.76918157 1.23539755] -263.53345546105805
[5.83204311 1.05879803 1.83777925 5.44498335 6.76918157 1.23539755] -263.5334892624487
[5.83204311 1.05879803 1.83777925 5.44498335 6.76918157 1.23539755] -263.5334585739122
[5.83204311 1.05879803 1.83777925 5.44498335 6.76918157 1.23539755] -263.5332992670554
[5.83204311 1.05879803 1.83777925 5.44498335 6.76918157 1.23539755] -263.5332382513797
[5.83204311 1.05879803 1.83777925 5.44498335 6.76918157 1.23539755] -263.53319476518163
[5.83204311 1.05879803 1.83777925 5.44498335 6.76918157 1.23539755] -263.5332606206761
[5.83204311 1.05879803 1.83777925 5.44498335 6.76918157 1.23539755] -263.5332134179578
[5.83204311 1.05879803 1.83777925 5.44498335 6.76918157 1.23539755] -263.5335072220345
[5.83204311 1.05879803 1.83777925 5.44498335 6.76918157 1.23539755] -263.5334940824864
[5.83204311 1.05879803 1.83777925 5.44498335 6.76918157 1.23539755] -263.53350718824146
[5.83204311 1.05879803 1.83777925 5.44498335 6.76918157 1.23539755] -263.53322429833753
[5.83204311 1.05879803 1.83777925 5.44498335 6.76918157 1.23539755] -263.5332991432051
[5.83204311 1.05879803 1.83777925 5.44498335 6.76918157 1.23539755] -263.5334975158827
[5.83204311 1.05879803 1.83777925 5.44498335 6.76918157 1.23539755] -263.5332021580084
[5.83204311 1.05879803 1.83777925 5.44498335 6.76918157 1.23539755] -263.5332426521908
[5.83204311 1.05879803 1.83777925 5.44498335 6.76918157 1.23539755] -263.53320609720424
[5.83204311 1.05879803 1.83777925 5.44498335 6.76918157 1.23539755] -263.5334969127238
[5.83204311 1.05879803 1.83777925 5.44498335 6.76918157 1.23539755] -263.53324508775245
[5.83204311 1.05879803 1.83777925 5.44498335 6.76918157 1.23539755] -263.5334811011653
[5.83204311 1.05879803 1.83777925 5.44498335 6.76918157 1.23539755] -263.53350039652594
[5.83204311 1.05879803 1.83777925 5.44498335 6.76918157 1.23539755] -263.5334505524947
[5.83204311 1.05879803 1.83777925 5.44498335 6.76918157 1.23539755] -263.53316682445904
[5.83204311 1.05879803 1.83777925 5.44498335 6.76918157 1.23539755] -263.5334689920263
[5.83204311 1.05879803 1.83777925 5.44498335 6.76918157 1.23539755] -263.5332486065737
[5.83204311 1.05879803 1.83777925 5.44498335 6.76918157 1.23539755] -263.53309294509154
[5.83204311 1.05879803 1.83777925 5.44498335 6.76918157 1.23539755] -263.5334710613038
[5.83204311 1.05879803 1.83777925 5.44498335 6.76918157 1.23539755] -263.53350696025797
[5.83204311 1.05879803 1.83777925 5.44498335 6.76918157 1.23539755] -263.5334940828401
[5.83204311 1.05879803 1.83777925 5.44498335 6.76918157 1.23539755] -263.53346759755846
[5.83204311 1.05879803 1.83777925 5.44498335 6.76918157 1.23539755] -263.5335055589723
[5.83204311 1.05879803 1.83777925 5.44498335 6.76918157 1.23539755] -263.5334854119939
[5.83204311 1.05879803 1.83777925 5.44498335 6.76918157 1.23539755] -263.53344225121987
[5.83204311 1.05879803 1.83777925 5.44498335 6.76918157 1.23539755] -263.53346639024534
[5.83204311 1.05879803 1.83777925 5.44498335 6.76918157 1.23539755] -263.53317530580944
[5.83204311 1.05879803 1.83777925 5.44498335 6.76918157 1.23539755] -263.5334914307955
[5.83204311 1.05879803 1.83777925 5.44498335 6.76918157 1.23539755] -263.5334663682005
[5.83204311 1.05879803 1.83777925 5.44498335 6.76918157 1.23539755] -263.53346769326146
[5.83204311 1.05879803 1.83777925 5.44498335 6.76918157 1.23539755] -263.53349818064277
[5.83204311 1.05879803 1.83777925 5.44498335 6.76918157 1.23539755] -263.53346160191245
[5.83204311 1.05879803 1.83777925 5.44498335 6.76918157 1.23539755] -263.533494084976
[5.83204311 1.05879803 1.83777925 5.44498335 6.76918157 1.23539755] -263.53324278449145
[5.83204311 1.05879803 1.83777925 5.44498335 6.76918157 1.23539755] -263.53324278452976
[5.83204311 1.05879803 1.83777925 5.44498335 6.76918157 1.23539755] -263.53324112144037
[5.83204311 1.05879803 1.83777925 5.44498335 6.76918157 1.23539755] -263.5334808170994
[5.83204311 1.05879803 1.83777925 5.44498335 6.76918157 1.23539755] -263.5334594228041
[5.83204311 1.05879803 1.83777925 5.44498335 6.76918157 1.23539755] -263.5332013389798
[5.83204311 1.05879803 1.83777925 5.44498335 6.76918157 1.23539755] -263.5335007948121
[5.83204311 1.05879803 1.83777925 5.44498335 6.76918157 1.23539755] -263.5334615995934
[5.83204311 1.05879803 1.83777925 5.44498335 6.76918157 1.23539755] -263.53350079587676
[5.83204311 1.05879803 1.83777925 5.44498335 6.76918157 1.23539755] -263.5334815013604
[5.83204311 1.05879803 1.83777925 5.44498335 6.76918157 1.23539755] -263.53350454777717
[5.83204311 1.05879803 1.83777925 5.44498335 6.76918157 1.23539755] -263.5334932011303
[5.83204311 1.05879803 1.83777925 5.44498335 6.76918157 1.23539755] -263.5334615703362
[5.83204311 1.05879803 1.83777925 5.44498335 6.76918157 1.23539755] -263.5334615703381
[5.83204311 1.05879803 1.83777925 5.44498335 6.76918157 1.23539755] -263.53351204405016
[5.83204311 1.05879803 1.83777925 5.44498335 6.76918157 1.23539755] -263.533417384326
[5.83204311 1.05879803 1.83777925 5.44498335 6.76918157 1.23539755] -263.5334438693128
[5.83204311 1.05879803 1.83777925 5.44498335 6.76918157 1.23539755] -263.53324112106736
[5.83204311 1.05879803 1.83777925 5.44498335 6.76918157 1.23539755] -263.533236474953
[5.83204311 1.05879803 1.83777925 5.44498335 6.76918157 1.23539755] -263.53350131988486
[5.83204311 1.05879803 1.83777925 5.44498335 6.76918157 1.23539755] -263.53350079586676
[5.83204311 1.05879803 1.83777925 5.44498335 6.76918157 1.23539755] -263.5335013198878
[5.83204311 1.05879803 1.83777925 5.44498335 6.76918157 1.23539755] -263.5334932010762
[5.83204311 1.05879803 1.83777925 5.44498335 6.76918157 1.23539755] -263.5332411210656
[5.83204311 1.05879803 1.83777925 5.44498335 6.76918157 1.23539755] -263.53350079586346
[5.83204311 1.05879803 1.83777925 5.44498335 6.76918157 1.23539755] -263.5335013198921
[5.83204311 1.05879803 1.83777925 5.44498335 6.76918157 1.23539755] -263.5335013198861
[5.83204311 1.05879803 1.83777925 5.44498335 6.76918157 1.23539755] -263.533467602442
[5.83204311 1.05879803 1.83777925 5.44498335 6.76918157 1.23539755] -263.53282148497317
[5.83204311 1.05879803 1.83777925 5.44498335 6.76918157 1.23539755] -263.5334676433756
[5.83204311 1.05879803 1.83777925 5.44498335 6.76918157 1.23539755] -263.5334931982073
[5.83204311 1.05879803 1.83777925 5.44498335 6.76918157 1.23539755] -263.5334867231429
[5.83204311 1.05879803 1.83777925 5.44498335 6.76918157 1.23539755] -263.53313998673616
[5.83204311 1.05879803 1.83777925 5.44498335 6.76918157 1.23539755] -263.53313998671587
[5.83204311 1.05879803 1.83777925 5.44498335 6.76918157 1.23539755] -263.53348832478656
[5.83204311 1.05879803 1.83777925 5.44498335 6.76918157 1.23539755] -263.5334676433614
[5.83204311 1.05879803 1.83777925 5.44498335 6.76918157 1.23539755] -263.533417383983
[5.83204311 1.05879803 1.83777925 5.44498335 6.76918157 1.23539755] -263.5331399867368
[5.83204311 1.05879803 1.83777925 5.44498335 6.76918157 1.23539755] -263.53350022438315
[5.83204311 1.05879803 1.83777925 5.44498335 6.76918157 1.23539755] -263.53324111822576
[5.83204311 1.05879803 1.83777925 5.44498335 6.76918157 1.23539755] -263.53346764333895
[5.83204311 1.05879803 1.83777925 5.44498335 6.76918157 1.23539755] -263.5334932011147
[5.83204311 1.05879803 1.83777925 5.44498335 6.76918157 1.23539755] -263.53282148790174
[5.83204311 1.05879803 1.83777925 5.44498335 6.76918157 1.23539755] -263.532821487902
[5.83204311 1.05879803 1.83777925 5.44498335 6.76918157 1.23539755] -263.532821484973
[5.83204311 1.05879803 1.83777925 5.44498335 6.76918157 1.23539755] -263.5331399867422
[5.83204311 1.05879803 1.83777925 5.44498335 6.76918157 1.23539755] -263.5334931982074
[5.83204311 1.05879803 1.83777925 5.44498335 6.76918157 1.23539755] -263.53349320108873
[5.83204311 1.05879803 1.83777925 5.44498335 6.76918157 1.23539755] -263.5331399867166
[5.83204311 1.05879803 1.83777925 5.44498335 6.76918157 1.23539755] -263.5334888806834
[5.83204311 1.05879803 1.83777925 5.44498335 6.76918157 1.23539755] -263.5331399867385
[5.83204311 1.05879803 1.83777925 5.44498335 6.76918157 1.23539755] -263.532821487902
[5.83204311 1.05879803 1.83777925 5.44498335 6.76918157 1.23539755] -263.5334931982079
[5.83204311 1.05879803 1.83777925 5.44498335 6.76918157 1.23539755] -263.5331399867381
[5.83204311 1.05879803 1.83777925 5.44498335 6.76918157 1.23539755] -263.53282148790134
[5.83204311 1.05879803 1.83777925 5.44498335 6.76918157 1.23539755] -263.53349320108714
[5.83204311 1.05879803 1.83777925 5.44498335 6.76918157 1.23539755] -263.5331399867388
[5.83204311 1.05879803 1.83777925 5.44498335 6.76918157 1.23539755] -263.5328214849726
[5.83204311 1.05879803 1.83777925 5.44498335 6.76918157 1.23539755] -263.5328214849726
[5.83204311 1.05879803 1.83777925 5.44498335 6.76918157 1.23539755] -263.53282148790174
[5.83204311 1.05879803 1.83777925 5.44498335 6.76918157 1.23539755] -263.5328214849738
[5.83204311 1.05879803 1.83777925 5.44498335 6.76918157 1.23539755] -263.5328214879015
[5.83204311 1.05879803 1.83777925 5.44498335 6.76918157 1.23539755] -263.5331399867382
[5.83204311 1.05879803 1.83777925 5.44498335 6.76918157 1.23539755] -263.5328214849731
