 Warning: xe at redshift zero is < 1
 Check input parameters an Reionization_xe
 function in the Reionization module
 Warning: xe at redshift zero is < 1
 Check input parameters an Reionization_xe
 function in the Reionization module
 Warning: xe at redshift zero is < 1
 Check input parameters an Reionization_xe
 function in the Reionization module
 Warning: xe at redshift zero is < 1
 Check input parameters an Reionization_xe
 function in the Reionization module
 Warning: xe at redshift zero is < 1
 Check input parameters an Reionization_xe
 function in the Reionization module
 Warning: xe at redshift zero is < 1
 Check input parameters an Reionization_xe
 function in the Reionization module
 Warning: xe at redshift zero is < 1
 Check input parameters an Reionization_xe
 function in the Reionization module
 Warning: xe at redshift zero is < 1
 Check input parameters an Reionization_xe
 function in the Reionization module
 Warning: xe at redshift zero is < 1
 Check input parameters an Reionization_xe
 function in the Reionization module
 Warning: xe at redshift zero is < 1
 Check input parameters an Reionization_xe
 function in the Reionization module
 Warning: xe at redshift zero is < 1
 Check input parameters an Reionization_xe
 function in the Reionization module
 Warning: xe at redshift zero is < 1
 Check input parameters an Reionization_xe
 function in the Reionization module
 Warning: xe at redshift zero is < 1
 Check input parameters an Reionization_xe
 function in the Reionization module
 Warning: xe at redshift zero is < 1
 Check input parameters an Reionization_xe
 function in the Reionization module
 Warning: xe at redshift zero is < 1
 Check input parameters an Reionization_xe
 function in the Reionization module
 Warning: xe at redshift zero is < 1
 Check input parameters an Reionization_xe
 function in the Reionization module
 Warning: xe at redshift zero is < 1
 Check input parameters an Reionization_xe
 function in the Reionization module
 Warning: xe at redshift zero is < 1
 Check input parameters an Reionization_xe
 function in the Reionization module
 Warning: xe at redshift zero is < 1
 Check input parameters an Reionization_xe
 function in the Reionization module
 Warning: xe at redshift zero is < 1
 Check input parameters an Reionization_xe
 function in the Reionization module
 Warning: xe at redshift zero is < 1
 Check input parameters an Reionization_xe
 function in the Reionization module
 Warning: xe at redshift zero is < 1
 Check input parameters an Reionization_xe
 function in the Reionization module
 Warning: xe at redshift zero is < 1
 Check input parameters an Reionization_xe
 function in the Reionization module
 Warning: xe at redshift zero is < 1
 Check input parameters an Reionization_xe
 function in the Reionization module
 Warning: xe at redshift zero is < 1
 Check input parameters an Reionization_xe
 function in the Reionization module
 Warning: xe at redshift zero is < 1
 Check input parameters an Reionization_xe
 function in the Reionization module
 Warning: xe at redshift zero is < 1
 Check input parameters an Reionization_xe
 function in the Reionization module
 Warning: xe at redshift zero is < 1
 Check input parameters an Reionization_xe
 function in the Reionization module
 Warning: xe at redshift zero is < 1
 Check input parameters an Reionization_xe
 function in the Reionization module
 Warning: xe at redshift zero is < 1
 Check input parameters an Reionization_xe
 function in the Reionization module
 Warning: xe at redshift zero is < 1
 Check input parameters an Reionization_xe
 function in the Reionization module
 Warning: xe at redshift zero is < 1
 Check input parameters an Reionization_xe
 function in the Reionization module
 Warning: xe at redshift zero is < 1
 Check input parameters an Reionization_xe
 function in the Reionization module
 Warning: xe at redshift zero is < 1
 Check input parameters an Reionization_xe
 function in the Reionization module
 Warning: xe at redshift zero is < 1
 Check input parameters an Reionization_xe
 function in the Reionization module
 Warning: xe at redshift zero is < 1
 Check input parameters an Reionization_xe
 function in the Reionization module
 Warning: xe at redshift zero is < 1
 Check input parameters an Reionization_xe
 function in the Reionization module
 Warning: xe at redshift zero is < 1
 Check input parameters an Reionization_xe
 function in the Reionization module
 Warning: xe at redshift zero is < 1
 Check input parameters an Reionization_xe
 function in the Reionization module
 Warning: xe at redshift zero is < 1
 Check input parameters an Reionization_xe
 function in the Reionization module
 Warning: xe at redshift zero is < 1
 Check input parameters an Reionization_xe
 function in the Reionization module
 Warning: xe at redshift zero is < 1
 Check input parameters an Reionization_xe
 function in the Reionization module
 Warning: xe at redshift zero is < 1
 Check input parameters an Reionization_xe
 function in the Reionization module
 Warning: xe at redshift zero is < 1
 Check input parameters an Reionization_xe
 function in the Reionization module
 Warning: xe at redshift zero is < 1
 Check input parameters an Reionization_xe
 function in the Reionization module
 Warning: xe at redshift zero is < 1
 Check input parameters an Reionization_xe
 function in the Reionization module
 Warning: xe at redshift zero is < 1
 Check input parameters an Reionization_xe
 function in the Reionization module
 Warning: xe at redshift zero is < 1
 Check input parameters an Reionization_xe
 function in the Reionization module
 Warning: xe at redshift zero is < 1
 Check input parameters an Reionization_xe
 function in the Reionization module
 Warning: xe at redshift zero is < 1
 Check input parameters an Reionization_xe
 function in the Reionization module
 Warning: xe at redshift zero is < 1
 Check input parameters an Reionization_xe
 function in the Reionization module
 Warning: xe at redshift zero is < 1
 Check input parameters an Reionization_xe
 function in the Reionization module
 Warning: xe at redshift zero is < 1
 Check input parameters an Reionization_xe
 function in the Reionization module
 Warning: xe at redshift zero is < 1
 Check input parameters an Reionization_xe
 function in the Reionization module
 Warning: xe at redshift zero is < 1
 Check input parameters an Reionization_xe
 function in the Reionization module
 Warning: xe at redshift zero is < 1
 Check input parameters an Reionization_xe
 function in the Reionization module
 Warning: xe at redshift zero is < 1
 Check input parameters an Reionization_xe
 function in the Reionization module
 Warning: xe at redshift zero is < 1
 Check input parameters an Reionization_xe
 function in the Reionization module
 Warning: xe at redshift zero is < 1
 Check input parameters an Reionization_xe
 function in the Reionization module
 Warning: xe at redshift zero is < 1
 Check input parameters an Reionization_xe
 function in the Reionization module
 Warning: xe at redshift zero is < 1
 Check input parameters an Reionization_xe
 function in the Reionization module
 Warning: xe at redshift zero is < 1
 Check input parameters an Reionization_xe
 function in the Reionization module
 Warning: xe at redshift zero is < 1
 Check input parameters an Reionization_xe
 function in the Reionization module
 Warning: xe at redshift zero is < 1
 Check input parameters an Reionization_xe
 function in the Reionization module
 Warning: xe at redshift zero is < 1
 Check input parameters an Reionization_xe
 function in the Reionization module
 Warning: xe at redshift zero is < 1
 Check input parameters an Reionization_xe
 function in the Reionization module
 Warning: xe at redshift zero is < 1
 Check input parameters an Reionization_xe
 function in the Reionization module
 Warning: xe at redshift zero is < 1
 Check input parameters an Reionization_xe
 function in the Reionization module
 Warning: xe at redshift zero is < 1
 Check input parameters an Reionization_xe
 function in the Reionization module
 Warning: xe at redshift zero is < 1
 Check input parameters an Reionization_xe
 function in the Reionization module
 Warning: xe at redshift zero is < 1
 Check input parameters an Reionization_xe
 function in the Reionization module
 Warning: xe at redshift zero is < 1
 Check input parameters an Reionization_xe
 function in the Reionization module
 Warning: xe at redshift zero is < 1
 Check input parameters an Reionization_xe
 function in the Reionization module
 Warning: xe at redshift zero is < 1
 Check input parameters an Reionization_xe
 function in the Reionization module
 Warning: xe at redshift zero is < 1
 Check input parameters an Reionization_xe
 function in the Reionization module
[ 2.12432299  0.60996681 -0.57393217  0.04411936 -0.72147881  0.28931582] -281.7760983944209
[1.00916611 0.51359754 0.17884978 0.38969595 0.06822027 0.02112455] -283.65251981796706
[-0.31193753  1.5684841   0.85920881 -0.08883196 -0.0818828   0.83862695] -295.1870283175163
[-0.37304334  0.5973208  -0.37818021  0.19318099 -0.24480008 -0.55563469] -290.4005082814631
[ 0.67691921 -1.11578588 -0.57446794  0.44118696 -0.40087039 -0.77541437] -278.3960762375325
[ 1.11416563 -0.35656242 -2.16415442  0.84361377 -0.61045088 -0.09319955] -285.7413588401476
[-1.36166911  0.47441354  1.59856545  1.10333271  0.78170925 -1.47626197] -319.72817311605
[ 2.7748668   0.13126011 -2.48279083 -0.49567769 -1.44546347  1.38453487] -283.4284102746958
[ 2.75407    -1.44188511 -2.85743407  0.56087174 -1.03639831 -0.74838474] -287.0004904934823
[ 3.85754692 -1.15045711 -2.44646301  0.40142237 -1.13734712  0.58162689] -289.8007018586923
[ 2.79989936 -0.71351264 -1.92939231  0.34936203 -0.91421036  0.29731149] -281.7935976787661
[ 0.74571003  1.13153962  0.34213811 -0.03677162 -0.30501956  1.12294234] -285.09639261699937
[ 2.26279587  0.54225094  0.4842893  -0.61297544 -0.62915656  0.87313778] -275.32719942103535
[ 2.83711098  0.99165762  1.80851115 -1.34127004 -0.63850941  1.35630645] -276.4364834342856
[ 3.13694674 -1.14228066 -1.9746195   0.07534201 -1.04263354 -0.42627229] -282.2726523635017
[ 3.58275088 -1.07629798 -2.52915427 -0.45591021 -1.78615798  0.52641321] -290.5720196000997
[ 1.6525623   0.11612366 -0.49815123  0.17829441 -0.39537429  0.14744672] -278.1723110290116
[ 1.44294869 -0.69900603  0.79403288  0.6541208   0.07755549 -1.24935982] -281.7658628399703
[0.51620272 0.72229295 1.20874568 0.27602737 0.0481219  0.28708483] -288.60509453582034
[ 2.48176074 -0.67613726 -1.17877821  0.12551335 -0.76994468 -0.24793301] -277.7955982529391
[ 0.74720391  0.30598339  1.41372319 -0.07260888 -0.03221273 -0.61824712] -282.4549229682823
[ 2.28672549 -0.45863863 -1.09361344  0.2438693  -0.69371095  0.06842184] -278.16884725426144
[ 1.47691444 -1.37369787 -0.11496404  0.2992171  -0.21568832 -0.68388277] -273.09082889597755
[ 1.15321017 -2.36553021  0.11452002  0.42676597  0.03720693 -1.17048206] -271.4568517051795
[ 2.06170924 -0.6202331  -1.70943338 -0.38656928 -1.02817214  0.88108545] -273.8876799724169
[ 3.28933539 -0.03826899 -0.71925437 -0.44955419 -0.75884685  0.95930661] -276.2410067190307
[ 2.85928334 -1.32164274 -0.86927213 -0.39594451 -0.88550046  0.30706548] -272.3119391942482
[ 2.41597276 -1.03454849 -0.19902949 -0.67479067 -0.65109364  0.46563824] -267.9781403107781
[ 2.48059639 -1.32250341  0.24826248 -1.13412065 -0.62978498  0.66424645] -264.86045749432327
[ 2.22054939 -1.03250524  0.36181551 -0.97631271 -0.52814001  1.08605291] -265.0799728809301
[ 1.05671274 -2.0017856   0.26264831 -0.57683135 -0.46233556 -0.07893794] -265.5243811760974
[ 1.68122456 -3.43031771 -1.01477569 -0.40136207 -0.53641884 -0.31012768] -264.29750961468375
[ 1.3904389  -5.41660204 -1.76430819 -0.29555539 -0.49004998 -0.90176042] -268.2506758355302
[ 1.75548295 -3.20452855  1.41049955 -0.63269916  0.0265145  -0.7151464 ] -262.8696560776276
[ 1.60236981 -4.49667627  2.97046602 -0.75576409  0.55385781 -1.51326232] -266.5640257478124
[ 0.5899754  -3.1307475   1.33026219 -0.70224215  0.1878478  -0.48186372] -262.4673939770722
[-0.54467857 -4.03529988  2.43002935 -0.85539097  0.72452193 -0.87632833] -267.37621889452225
[ 2.10830364 -2.34193246  0.75171743 -1.90128867 -0.68464596  1.22522327] -261.70974210807873
[ 2.58585037 -2.33013358  1.07031613 -3.06531599 -1.0455724   2.42307594] -271.8532881091532
[ 2.55533137 -2.81905936  0.76661218 -1.33917712 -0.25920694  0.56839954] -260.0136811107375
[ 3.30464069 -3.22769623  1.01859412 -1.72035001 -0.15764262  0.89206828] -261.4568459224461
[ 1.50308871 -4.38385775  0.8023772  -1.06065056 -0.10375813 -0.76914243] -260.8145823939981
[ 0.91720582 -5.11431103  1.10063514 -0.87835259  0.17322912 -0.82513225] -261.305047634621
[ 1.46190474 -3.56782784  3.06881026 -1.77010801  0.31641231 -0.02242631] -261.0235861913551
[ 1.28978694 -3.91471677  1.19630525 -1.91790721 -0.14988843  0.6134991 ] -258.3328524855051
[ 1.05693893 -4.26981088  1.0892081  -2.56051124 -0.23808989  1.27782184] -262.6882750918877
[ 2.68856501 -4.2498209   1.2318903  -2.25358591 -0.42380048  0.74533736] -263.088899698631
[ 1.1146228  -3.41051585  1.30566922 -1.09007809  0.03493573 -0.17506345] -259.45166475844127
[ 0.83900983 -5.3948304   1.99508565 -0.78413586  0.68855385 -1.42851187] -263.6258801311599
[ 1.79098018 -3.10515695  1.06255948 -1.62200047 -0.34134601  0.56178948] -259.1871690845526
[ 2.32136576 -1.95273381  1.63347606 -2.05495456 -0.34084628  1.0841509 ] -260.71453663832006
[ 2.06315385 -2.96085232 -0.81314379 -1.25814799 -0.70311566  0.65030403] -261.8640834489539
[ 1.61221702 -3.41608396  2.09832174 -1.64211801  0.06153032  0.14575627] -259.0698917868612
[ 2.05834598 -1.82223114  1.88527078 -2.16142793 -0.22784907  1.70198638] -260.12484287201164
[ 1.15239567 -4.2098542   1.13810349 -1.20261505  0.04690482  0.05463821] -258.23923429053235
[ 0.56791063 -5.3384144   0.89041721 -0.77644529  0.24078037 -0.46011813] -260.9278412748404
[ 1.11343201 -5.13623122  0.63725301 -0.77653739  0.02549223 -1.11231332] -262.4515423576137
[ 1.82211749 -2.65073116  1.57326634 -1.81520529 -0.16451374  0.99841145] -258.3767113245876
[ 0.372042   -4.0832936   2.02479632 -1.75746425  0.0884145   0.16461081] -261.33508863106056
[ 2.00950903 -3.13511792  1.08115822 -1.4437489  -0.17230158  0.46745236] -258.4708961421432
[ 2.11104598 -3.4000378   1.41090229 -2.12445355 -0.27480727  1.12224574] -258.9309544995936
[ 1.54137719 -3.80369032  1.77012629 -1.76001554  0.12365405  0.57221156] -257.07822588574453
[ 1.41657569 -4.15295701  2.1239097  -1.82902307  0.35615407  0.5774226 ] -256.81281560256434
[ 1.65492658 -3.73838766  0.74289335 -1.80219969 -0.18101436  1.13213355] -256.7167601927383
[ 1.67628137 -3.89953951  0.06517915 -1.88224053 -0.3022867   1.62532219] -257.0201988161192
[ 1.00405783 -3.86721711  1.20764315 -1.21244618  0.18658753  0.15894001] -257.4257905096125
[ 0.77044437 -4.37617005  1.57954887 -1.81604993  0.20371154  0.71089594] -257.076493876956
[ 0.60727821 -5.4357031   1.08953493 -1.44487508  0.31866547  0.08409835] -258.44160420403125
[ 1.51840767 -3.34697415  1.45233349 -1.72262274 -0.04371894  0.76983318] -257.18737200156386
[ 1.21581567 -3.98246996  1.55183877 -1.27707834  0.33942998  0.52112206] -256.8992764763291
[ 1.37434693 -3.61153778  1.74795228 -2.0171916   0.24014513  1.23547757] -255.47633694442288
[ 1.48532256 -3.31237956  2.05287668 -2.42447988  0.33676528  1.82589725] -255.43499388231683
[ 1.68310636 -3.76922902  1.96015713 -2.4113717   0.15052166  1.68682818] -256.6564354361087
[ 1.22365608 -4.43022361  1.88474135 -2.13077813  0.445575    1.38160002] -255.14006369627677
[ 1.07628028 -4.97184834  2.10094528 -2.33485583  0.69022197  1.68748344] -255.19389375014921
[ 2.12268994 -3.41904556  1.85925678 -2.14226035  0.27876567  1.66410528] -256.3061689536897
[ 1.97961007 -3.62493752  1.98943956 -2.96962593  0.12282579  2.23487356] -258.35372673059635
[ 1.40676427 -3.89308685  1.66123897 -1.70021524  0.28527894  0.94955994] -255.77397237251952
[ 1.77557957 -3.36782708  1.26314506 -2.37474526  0.08247666  2.30261881] -255.43039963916686
[ 1.57744634 -3.65887623  2.81757864 -2.59241717  0.70747543  2.13806961] -256.59574480642254
[ 1.51404656 -3.59125061  1.88612203 -2.04359364  0.56159066  1.73378879] -254.9336431392416
[ 1.42951666 -3.5022614   1.84910448 -1.85970461  0.76712516  1.75726909] -255.72422838361953
[ 1.59857332 -3.67906152  0.71821498 -1.679607   -0.04399136  1.14778708] -255.673669236585
[ 0.87862418 -4.00556418  1.29618957 -1.97554604  0.27713272  1.44964535] -254.5965773646067
[ 0.2565913  -4.2988235   1.01465596 -1.89218888  0.27631625  1.34241539] -255.75149531205952
[ 1.41850315 -3.56901534  1.37252426 -2.50936808  0.26790405  2.33088583] -254.38002268696283
[ 1.4243726  -3.40697959  1.2281669  -2.9139445   0.25921661  3.02154877] -255.1944776868683
[ 1.16667072 -3.74635861  2.53365133 -2.80656334  0.70113948  2.52702493] -255.49088556691953
[ 1.27464637 -3.72953433  2.07979224 -2.52482426  0.51485677  2.18221547] -254.72894275480644
[ 1.20969607 -4.25209215  1.20796149 -2.09513858  0.37974668  1.9676875 ] -253.78080608443523
[ 1.07188283 -4.72194845  0.78550389 -1.93046793  0.40123737  2.03858263] -253.684550433009
[ 0.68487349 -4.64801843  1.83847939 -1.99678077  0.74028887  1.40295389] -254.35690557445244
[ 1.05720278 -3.65822017  1.20146244 -2.19608211  0.47542849  2.33109063] -253.17681313495356
[ 0.97397613 -3.27221845  0.85982299 -2.22873409  0.49035523  2.80583593] -253.14083620377565
[ 0.58678882 -4.39084912  0.85798208 -2.34498008  0.33566768  2.33625091] -254.37828906390448
[ 0.59690317 -4.47300366  0.25704182 -1.80380141  0.32267187  1.93916938] -253.48419210173654
[ 0.89901835 -4.35278697  0.6942619  -2.29583142  0.57557563  2.83491417] -252.60206495784743
[ 0.90921544 -4.52639836  0.39329807 -2.45597411  0.72479709  3.52754858] -252.89696202434135
[ 0.18597777 -5.05059302  0.39183977 -1.69083049  0.6873615   2.12168314] -253.65311368703695
[ 0.88408843 -4.44867387  0.75100117 -1.63716862  0.73682915  2.04479547] -253.70238542983898
[ 0.85240874 -4.12505637 -0.59198887 -1.86549722  0.33105471  3.19203969] -253.76863671370606
[ 0.81052493 -4.25579689  0.01562819 -1.89831811  0.43336325  2.74476824] -252.94966926009255
[ 0.62867263 -4.26010861  0.25036502 -2.31215919  0.23335914  2.78352236] -254.18732766115
[ 0.82023448 -4.40153255  0.62584213 -1.80591626  0.61096164  2.22947719] -252.96528674956062
[ 0.35699545 -3.88002873  0.16264171 -1.97734266  0.638859    2.85336672] -252.6232462158695
[ 1.29990639 -3.16119606  0.47990648 -2.31248416  0.33656738  3.01416074] -253.4338648592189
[ 1.12331541 -3.30151623  0.68899265 -2.36907416  0.70588885  3.55500495] -254.04996214324177
[ 0.72850623 -4.1801318   0.36502953 -1.9451196   0.41847611  2.34312827] -252.74292530549695
[ 0.22984546 -4.95296907  0.42783567 -1.73793655  0.71929624  2.25633611] -253.39950753985116
[ 0.49736069 -4.50502581  0.44085337 -1.88157345  0.62361403  2.44579227] -252.75660673569897
[ 0.39690391 -5.25288246 -0.09173738 -1.7059664   0.609928    2.34464635] -253.5938368261732
[ 0.82970808 -3.76738446  0.6219329  -2.09804217  0.52024842  2.69053854] -252.66167584549115
[ 0.55380343 -3.91218567  0.1409404  -2.22615954  0.45908384  3.07469221] -252.64079211077893
[ 0.47793915 -3.94338426  0.79292508 -2.24303817  0.64525576  2.66937582] -252.31031585174003
[ 0.31164626 -3.78717794  1.18157353 -2.41539821  0.75120202  2.63167961] -252.4850226547567
[ 0.78462953 -3.50694148  0.48505714 -2.38027106  0.4622189   3.04287965] -252.57003839781714
[ 0.57219177 -3.60743872  0.60089019 -2.46177541  0.68193774  3.3787941 ] -252.49409934246384
[ 0.38515115 -3.96687081  0.33697258 -2.43009725  0.63406187  3.26080235] -252.28651873552016
[ 0.16287269 -4.06661399  0.19449242 -2.59612479  0.6909686   3.54593426] -252.57748762115418
[ 0.60483837 -3.84029799  0.88330913 -2.36995912  0.75355246  2.9386854 ] -252.18679537046475
[ 0.63035584 -3.80435415  1.25449349 -2.44185891  0.90078677  2.87068199] -252.39282058912275
[ 0.88426066 -3.85921134  1.10183029 -2.74964815  0.61200845  3.18845044] -252.96274356324156
[ 0.48881175 -3.87482438  0.39743886 -2.17041903  0.63214637  2.93713765] -252.30591528194523
[ 0.20550223 -3.22713225  0.47126909 -2.38935527  0.69414873  3.24097749] -252.68839505822703
[ 0.72563932 -4.07137329  0.6385137  -2.31921238  0.60521891  2.93643   ] -252.3222536532649
[ 0.30022764 -4.26112167  0.73162604 -2.28456273  0.85517214  2.99752879] -252.2334313845988
[ 0.42201069 -4.37851875  0.65937161 -2.14398748  0.6931981   2.53452591] -252.23591798035648
[ 0.1673536  -4.016966    0.62870073 -2.22814222  0.79924332  2.84292197] -252.21495477064622
[ 0.31152525 -4.16948228  0.4195479  -2.2993511   0.81053566  3.16782487] -252.0886020300881
[ 0.2283183  -4.28253129  0.23285931 -2.32750757  0.89317561  3.41704939] -252.20624478125612
[ 0.24155715 -4.33626145  0.8224038  -2.4149476   0.88310815  2.97695878] -252.03961208205936
[ 0.11792985 -4.56697999  1.03488628 -2.53721188  1.00858904  2.99686934] -252.17527886244378
[ 0.29735308 -4.36734523  1.04468049 -2.1502195   0.96420807  2.55867955] -252.49061399615206
[ 0.36320163 -4.06698942  0.51389956 -2.36012781  0.71659842  3.08527165] -252.10436215821932
[ 0.24089052 -3.85185419  0.67379078 -2.50837604  0.91287196  3.46853792] -252.2889202286758
[ 0.37673065 -4.24685261  0.6629764  -2.23508462  0.74811656  2.76802891] -252.1063042189305
[ 0.38817458 -3.96449491  0.57865313 -2.3513081   0.71521272  2.92903507] -251.93445056946356
[ 0.43214805 -3.81618153  0.50216668 -2.38468079  0.64523301  2.8947882 ] -251.88935668542226
[ 0.60931344 -4.14172242  0.63940042 -2.45990813  0.71980476  3.10093063] -252.01587642595183
[ 0.17332035 -4.41886525  0.30348912 -2.34807423  0.75424639  3.05924895] -252.12345260339873
[ 0.28119986 -4.27422344  0.44844413 -2.35354545  0.75407291  3.02910806] -252.00081544242963
[ 0.36958448 -4.02143424  0.45231109 -2.52243567  0.76166774  3.31693182] -251.94277609560686
[ 0.38524111 -4.18611237  0.58085845 -2.4514951   0.80820899  3.07690913] -251.7559910439432
[ 0.39626084 -4.24567384  0.6143379  -2.49717875  0.85401427  3.07272787] -251.6035200920486
[ 0.46516269 -4.1090167   0.74014011 -2.57821436  0.72876463  2.96265692] -251.8960830634884
[ 0.60966597 -3.86648927  0.30986297 -2.51704012  0.60474429  3.14875572] -251.89654263429267
[ 0.24202719 -3.96928391  0.38302054 -2.49112358  0.72969419  3.04072557] -251.71281412398687
[ 0.55708321 -3.7351364   0.55216897 -2.64334564  0.6872998   3.11642064] -251.67714869073356
[ 0.53119817 -3.89249298  0.58158796 -2.51475874  0.65491565  2.76175982] -251.5938153414993
[ 0.61200502 -3.82802235  0.64622639 -2.51092027  0.60153961  2.48417382] -251.59869118055613
[ 0.26496075 -4.05610585  0.81461108 -2.51939383  0.82856289  2.80093729] -251.63679121168983
[ 0.34273005 -3.79594147  0.4091576  -2.43861274  0.73780865  2.93312955] -251.47215563245882
[ 0.28151374 -3.63940386  0.24366634 -2.36881194  0.74233066  2.91836586] -251.45912761354288
[ 0.32553325 -4.02985075  0.56096425 -2.6268567   0.85370615  3.00885748] -251.19094061186422
[ 0.27222585 -4.13668536  0.59036304 -2.74794466  0.95794271  3.06589212] -250.9277300388388
[ 0.52572033 -3.93254885  0.74922456 -2.60602094  0.84532781  2.87130896] -251.16366708261532
[ 0.20021002 -4.23250052  0.64576132 -2.44135732  0.9403982   2.71391   ] -251.1752708919361
[ 0.4707489  -3.97032929  0.32703596 -2.53929695  0.83641354  3.00038426] -250.94634701356125
[ 0.36427816 -3.68897978  0.43154183 -2.57555143  0.80509525  2.70447914] -250.7211663709312
[ 0.34828682 -3.41063274  0.3401438  -2.61473777  0.78063574  2.52035477] -250.4650818583838
[ 0.16837038 -3.88154056  0.38381038 -2.59129779  1.04610057  2.93497884] -250.4894576827976
[ 0.38034036 -4.21534191  0.76844668 -2.81140654  1.0599422   2.78391046] -250.39710825732803
[ 0.42975368 -4.50331093  1.03083685 -3.03270384  1.21874798  2.71668276] -250.44298603048958
[ 0.52168754 -3.61652572  0.40724682 -2.8622109   0.90172266  3.01169981] -250.32743653755563
[ 0.6824263  -3.30853832  0.28798956 -3.07263769  0.88238489  3.16059471] -250.3373535059092
[ 0.19483295 -3.81113634  0.189791   -2.78294393  1.01559133  2.90109779] -249.87538295356535
[ 0.02938926 -3.75043009 -0.08992578 -2.87140543  1.10072309  2.91599221] -249.4301621634839
[ 0.10268451 -3.70005617  0.47299235 -2.96037075  1.11260878  2.74389181] -249.62564165420824
[ 0.24469377 -3.38815704  0.17054171 -2.82253173  1.04263497  2.57105051] -249.28706016842887
[ 0.23092773 -3.01389288 -0.03936896 -2.85982526  1.08498109  2.3236297 ] -248.89186669811448
[ 0.36940169 -3.35408594  0.23603458 -3.06868776  0.96743729  2.49818074] -249.34453110202867
[ 0.19652354 -3.80614483  0.2449981  -3.19656444  1.2951693   2.90541347] -248.73991880329677
[ 0.1206419  -4.00390087  0.19742525 -3.48747778  1.55243608  3.09794282] -248.31474738441293
[ 0.07790385 -2.93095531 -0.37364526 -3.22525276  1.18002746  2.74653523] -248.53448504632877
[-0.21137122 -3.30124803 -0.27274276 -3.29546235  1.43101527  2.43035769] -247.75021671412105
[-0.5779006  -3.14360919 -0.61273755 -3.51208807  1.69566158  2.13968664] -247.3251091009551
[-0.0192299  -3.03223526 -0.70039826 -3.38120827  1.41448008  2.49676397] -247.45251571544986
[ 0.03785896 -2.74246306 -0.34097095 -3.64010787  1.53095144  2.18492083] -247.06088860614352
[ 0.04209381 -2.23847955 -0.46649353 -4.02445909  1.74606561  1.81938514] -246.8306952678148
[-0.4112561  -2.76693841 -0.90110735 -3.76141598  1.92378002  2.37646709] -246.5428487819324
[-0.80158499 -2.47336465 -1.46967832 -4.10778009  2.40195138  2.31561026] -253.45473924991842
[-0.48684341 -3.02481332 -0.91294994 -4.27080872  2.08583585  2.5686306 ] -276.09794828765405
[ 0.05148495 -3.01662299 -0.25776421 -3.21257113  1.33519478  2.38487992] -247.7967770493356
[-0.34262583 -3.13630678 -0.54004662 -3.90115402  2.04251192  2.02517329] -245.87114598307187
[-0.55289066 -3.23898251 -0.6232473  -4.23910465  2.47375415  1.66449232] -278.292612941652
[-0.53978645 -1.77416319 -1.35694109 -3.77682108  1.83346192  1.31617587] -248.06588823462636
[-0.37467936 -2.33159761 -0.9683495  -3.70448525  1.76320546  1.7616176 ] -246.99536131983695
[-0.61268427 -2.53309928 -1.1386134  -4.2156991   2.19337344  1.82148465] -260.7288669631164
[-0.11455736 -2.89574206 -0.4779765  -3.46335312  1.54973945  2.24403111] -247.06803862623667
[-0.57374525 -2.47198928 -0.62183876 -4.07444357  2.15917459  1.62535632] -248.31178985584955
[-0.15785873 -2.89217376 -0.68075838 -3.5545171   1.60065371  2.27891206] -246.9146587461816
[ 0.12493941 -2.27680353 -0.73217308 -3.95770678  1.84632381  2.02884212] -246.50332546352246
[-0.25857157 -2.31835782 -0.95166632 -4.17122629  2.09110739  1.85276799] -245.92708892619638
[ 0.04025303 -2.878089   -0.45573226 -4.0856745   1.98694203  2.36556496] -246.0061102930515
[-0.11053035 -2.31281793 -0.66831467 -4.41269512  2.27825655  1.87715481] -250.04329594931386
[-0.14602664 -2.7473348  -0.67764746 -3.7690616   1.77005442  2.17847274] -246.44897391324957
[-0.37318971 -3.13613057 -0.95296417 -3.85762063  2.14084092  2.4563776 ] -245.98186297257254
[ 0.092849   -2.73073575 -0.53563595 -4.15273196  2.03548015  1.92593248] -245.7967992248864
[ 0.34490154 -2.71263442 -0.35290025 -4.34838995  2.09133021  1.70066518] -246.10650768415118
[-0.45404332 -3.37218138 -0.63905784 -4.02144955  2.17598847  2.23925423] -251.01284971589396
[-0.01980627 -2.55064799 -0.70889427 -3.97364247  1.92873997  2.08144515] -246.11583418057143
[-0.14100381 -2.83608783 -0.70399907 -4.27828835  2.30515304  2.05728108] -248.31118289404304
[-0.14477093 -2.76952306 -0.68423536 -3.89636829  1.90382908  2.14817483] -246.10621202573955
[-0.30887907 -3.105733   -0.66453262 -4.04794942  2.13816386  2.1765519 ] -245.94800566359052
[-0.23861712 -2.99892791 -0.68262395 -4.17575065  2.24118635  2.11928125] -247.88298609150357
[-0.16823248 -2.82687427 -0.68383251 -3.96621388  1.98816839  2.14095143] -245.91163729493744
[-0.49313625 -2.87329039 -0.98716047 -3.94662423  2.15848218  1.82701994] -245.70712408127213
[-0.75983089 -2.87089109 -1.25287457 -3.8770991   2.24425226  1.55774743] -246.4815048743993
[-0.11967569 -2.52763544 -0.50132733 -4.20434597  2.01046371  1.52642142] -245.64518512664932
[ 0.00708132 -2.22338787 -0.27550891 -4.37770863  1.94527511  1.06144333] -248.56175312255635
[-0.12091854 -2.36533381 -0.73535711 -4.06614936  1.97057406  1.58953695] -246.17069960890868
[-0.26188894 -2.92063321 -0.68223874 -4.05249941  2.09626641  2.02979816] -245.40085102687138
[-0.17233182 -3.35346746 -0.35841422 -3.90329687  2.01935019  1.97233092] -245.8025469001256
[-0.26403736 -3.02048207 -0.51777527 -4.08733694  2.13268313  1.62794064] -246.22582913272154
[-0.1921837  -2.87527622 -0.6423182  -3.99649464  2.02429708  2.01269873] -245.79901923610123
[-0.03949664 -2.62403938 -0.69565168 -4.18417701  2.07226799  1.73956059] -246.09847778550687
[-0.26684353 -3.00823993 -0.57894788 -3.97190976  2.04995094  1.95377012] -245.84778287449413
[-0.11527894 -2.75210623 -0.65675041 -4.11342126  2.06482897  1.81096377] -245.96333374131885
[-0.22895238 -2.9442065  -0.59839852 -4.00728764  2.05367045  1.91806853] -245.85720555814783
[-0.19078231 -2.72413432 -0.59178304 -4.12842269  2.05336506  1.77810979] -245.40673425765013
[-0.37751259 -2.8969618  -0.8346996  -3.99956182  2.1273743   1.92840905] -245.50363283996097
[-0.08451997 -2.82568448 -0.60893735 -4.10261568  2.06587328  1.97786532] -245.71178677100778
[-0.22703632 -2.89795471 -0.66227847 -4.02449702  2.06028174  2.02124845] -245.9379664648789
[-0.21711038 -3.13705033 -0.52032648 -3.97789814  2.0578083   2.00106454] -245.921229930628
[-0.26436623 -2.96443657 -0.63059331 -4.01220459  2.07310867  1.99178414] -246.4735510201288
[-0.18858394 -2.83636972 -0.66949458 -4.08296033  2.08054769  1.92038097] -246.55396716072607
[-0.24542066 -2.93241985 -0.64031863 -4.02989352  2.07496843  1.97393335] -246.48892819672693
[-0.22633563 -2.82238376 -0.63701089 -4.09046105  2.07481573  1.90395398] -245.37491426244935
[-0.31970076 -2.9087975  -0.75846917 -4.02603061  2.11182035  1.97910361] -245.43967888300085
[-0.17320445 -2.87315884 -0.64558804 -4.07755754  2.08106984  2.00383174] -246.34713697833712
[-0.23949966 -3.02884177 -0.60128261 -4.01519877  2.07703735  2.01543135] -246.53905458968742
[-0.24446263 -2.90929396 -0.67225861 -4.03849822  2.07827407  2.02552331] -246.5363172411146
[-0.26312758 -2.94253489 -0.65641603 -4.032352    2.08468754  2.01079115] -245.45390472960284
[-0.25674034 -2.76342562 -0.74937788 -4.09060084  2.0986073   1.96890263] -245.45772745879174
[-0.25586994 -2.83435065 -0.70410831 -4.08466893  2.10414832  1.93993712] -245.40303960693976
[-0.35468328 -2.8575497  -0.75028563 -4.04798006  2.10904537  1.94033047] -245.61328532938
[-0.30931357 -2.86145198 -0.72411124 -4.05537443  2.10205149  1.95620579] -245.45188532274267
[-0.2886718  -2.99995838 -0.63807358 -4.02319464  2.09265598  1.97102731] -245.3518684416925
[-0.30463753 -3.11822476 -0.58242142 -3.98949154  2.08968033  1.97208964] -245.32921400240159
[-0.29612121 -2.8794124  -0.70637056 -4.06715666  2.10824     1.91623828] -245.48017483973297
[-0.27137599 -2.92675426 -0.66890466 -4.04105316  2.09057566  1.98715293] -245.3955245047208
[-0.23728936 -2.98226273 -0.62027317 -4.03936046  2.08705077  1.98113936] -245.3791821162507
[-0.1994317  -2.95940562 -0.53984989 -4.07314757  2.06902539  1.95892012] -245.3215851656989
[-0.13929716 -2.98470968 -0.43054025 -4.09670605  2.0476279   1.94882838] -245.32151171492202
[-0.22440493 -3.08397216 -0.5030214  -4.01852163  2.05785729  2.00105037] -245.3450989965678
[-0.20589126 -3.05213591 -0.46515185 -4.03936523  2.05293615  1.90160672] -245.2793584075724
[-0.17789242 -3.11788727 -0.35660841 -4.03279813  2.03127102  1.837511  ] -245.2530907095023
[-0.16524302 -3.10972585 -0.37438718 -4.04805979  2.03885869  1.89437131] -245.26592221269658
[-0.17531421 -3.0967051  -0.34105669 -4.05265227  2.02631955  1.8714622 ] -245.33281886882727
[-0.1692608  -3.34802451 -0.22566756 -3.98894876  2.02238919  1.93781699] -245.30085038897545
[-0.15281012 -3.17445356 -0.26720578 -4.05103056  2.02752495  1.81964281] -245.37322077120083
[-0.20650623 -3.10659251 -0.44406749 -4.02664886  2.0502742   1.95569848] -245.29013760571115
[-0.21229818 -3.16501643 -0.46350742 -4.00823211  2.06704757  1.97730973] -245.30748951880722
[-0.05219507 -3.15909399 -0.18250468 -4.07763969  1.99614253  1.87842232] -247.45824585212944
[-0.24152692 -3.12844207 -0.48244224 -4.01152858  2.06629588  1.94867281] -245.28790598006182
[-0.25161203 -3.34051986 -0.35168652 -3.94203269  2.04441762  1.90163172] -247.05376675804618
[-0.16737588 -3.07366223 -0.41082682 -4.05803771  2.04682533  1.93702922] -245.2839758953665
[-0.16363691 -3.12976171 -0.30115915 -4.0471085   2.01825721  1.85972354] -245.3166923781151
[-0.20013286 -3.15620275 -0.42292035 -4.01795121  2.05484998  1.94791318] -245.27762783428489
[-0.21696498 -2.88281305 -0.60474994 -4.07605934  2.07373584  1.90258168] -245.33884939844577
[-0.18118684 -3.23172164 -0.32043816 -4.0107264   2.03522586  1.92900816] -245.27352472574097
[-0.17127976 -3.16595476 -0.34514023 -4.03305175  2.04083472  1.87580342] -245.25744452537757
[-0.11284334 -3.15660943 -0.26099815 -4.05534642  2.01632599  1.85853928] -245.26498904283937
[-0.16881687 -3.23903834 -0.28267068 -4.00794019  2.02563009  1.84401957] -245.25105798867878
[-0.16953737 -3.3217264  -0.2185926  -3.98289143  2.01503247  1.79751474] -247.29693021700245
[-0.12562122 -3.18410968 -0.22382725 -4.04468969  2.00786548  1.7985044 ] -245.27479900590197
[-0.14424913 -3.17713295 -0.27360052 -4.03800507  2.01961161  1.83585659] -245.26075756242764
[-0.13225467 -3.09039456 -0.3106969  -4.06100738  2.02228485  1.7863589 ] -245.2471532492252
[-0.10778859 -3.01973102 -0.30582627 -4.08614788  2.01581435  1.71503426] -245.25148646778786
[-0.13720238 -3.20594658 -0.23551778 -4.02798986  2.0131274   1.78499161] -245.2485166192085
[-0.19772174 -3.17550872 -0.34041336 -4.01158438  2.03459391  1.79630774] -245.24025619401343
[-0.24016093 -3.18495836 -0.38012097 -3.98970335  2.04372787  1.76519198] -245.24077242800638
[-0.18414015 -3.15444379 -0.35008193 -4.02011883  2.03630239  1.80580749] -245.23906114657842
[-0.20408566 -3.14309922 -0.38832263 -4.01117571  2.04464779  1.79078293] -245.24198306156828
[-0.16139632 -3.16178499 -0.28018945 -4.02076117  2.0135685   1.74252869] -247.2674684079661
[-0.1688089  -3.16491232 -0.32890254 -4.02997911  2.03401817  1.84248473] -245.24814226180555
[-0.15175581 -3.22552751 -0.25948598 -4.02007512  2.02404791  1.78247901] -245.23787066632252
[-0.13868751 -3.27934763 -0.21092476 -4.01371361  2.02043635  1.75496302] -245.24083794618713
[-0.15514434 -3.09987282 -0.32569548 -4.04897803  2.02916145  1.75545693] -245.2391215976009
[-0.19273949 -3.09760666 -0.40290762 -4.03592442  2.04700883  1.80463999] -245.2411713614978
[-0.16910984 -3.1162057  -0.33419122 -4.03591695  2.03044828  1.73453195] -245.228816088534
[-0.16926031 -3.09185239 -0.33683556 -4.03888587  2.02866334  1.68055556] -245.22440443638004
[-0.21799927 -3.1912094  -0.36110974 -3.99751483  2.04430776  1.75539001] -245.22850677718912
[-0.16593438 -3.21519822 -0.2549664  -4.00979459  2.01868343  1.72069226] -245.23309437021177
[-0.15035635 -3.15052599 -0.28897834 -4.03353805  2.02579485  1.70381934] -245.22303739007575
[-0.12667366 -3.13803462 -0.26326083 -4.04451488  2.02139532  1.65757514] -247.32354869306528
[-0.19133775 -3.24304628 -0.29145717 -3.99099773  2.03010511  1.72745763] -247.24155352532526
[-0.1641927  -3.13566618 -0.3171359  -4.03448296  2.02939737  1.7484571 ] -245.2311537491247
[-0.15569279 -3.1822161  -0.25608872 -4.02464497  2.02066249  1.65799027] -245.22440900260827
[-0.18938946 -3.09669526 -0.34555224 -4.02621197  2.0317885   1.6398225 ] -245.2229545123813
[-0.20820628 -3.03227913 -0.38858538 -4.0292804   2.0356588   1.56849425] -245.23447889707913
[-0.18302924 -3.06752355 -0.3802671  -4.04196495  2.04152134  1.67465267] -245.22271899288918
[-0.19157667 -2.99368622 -0.44291745 -4.05805013  2.0529403   1.65163288] -245.23433071225622
[-0.19104978 -3.12434138 -0.33914133 -4.01977059  2.03484873  1.62228635] -245.2149552781627
[-0.20447832 -3.11867898 -0.35014405 -4.01241441  2.03757441  1.55920097] -245.21472055401946
[-0.13273622 -3.04462136 -0.29151226 -4.06170524  2.01769389  1.5499571 ] -245.22931412880823
[-0.19668351 -3.15456239 -0.34371037 -4.01356243  2.03765429  1.70403178] -245.22045800894975
[-0.20870627 -3.04439675 -0.42574051 -4.03088092  2.04700309  1.662704  ] -245.23059019801119
[-0.16894616 -3.14776127 -0.29850166 -4.02620396  2.02724764  1.65916871] -245.21917735561695
[-0.19503404 -3.15339676 -0.33221569 -4.01241272  2.03853034  1.63300977] -245.2127302853107
[-0.20792091 -3.18416894 -0.32990576 -3.99917615  2.04346384  1.60923687] -245.21006366011056
[-0.23312618 -3.10593747 -0.39371539 -4.00630658  2.04728849  1.5782185 ] -245.22102568204915
[-0.20867198 -3.16284895 -0.35319587 -4.00699752  2.04646151  1.62168066] -245.20808017990177
[-0.21831325 -3.19592579 -0.35701768 -3.9973903   2.05379801  1.61260974] -245.203936714529
[-0.22679353 -3.23482139 -0.3107312  -3.97638632  2.04082088  1.56616952] -245.21549857420814
[-0.17458571 -3.23936878 -0.26962152 -4.00207128  2.03289787  1.65858737] -245.2132311979437
[-0.20366245 -3.21901266 -0.29493025 -3.99098504  2.04094659  1.51762595] -245.20815157472066
[-0.2429719  -3.24956425 -0.33894849 -3.96660387  2.05591956  1.5153081 ] -245.21108516165444
[-0.19051731 -3.16741841 -0.33612471 -4.01316069  2.04737921  1.59135348] -245.19979943652137
[-0.1723792  -3.13371691 -0.34882147 -4.03154788  2.05065837  1.60394546] -245.19670952908086
[-0.20213282 -3.28857346 -0.29627101 -3.98351043  2.054987    1.61323686] -245.20159356660443
[-0.24120779 -3.18428523 -0.3856767  -3.98766662  2.06702659  1.49873362] -245.2038543484514
[-0.17223358 -3.15233008 -0.3319258  -4.03015493  2.04770724  1.63648807] -245.20445485875956
[-0.19538879 -3.20711244 -0.34164188 -4.00790891  2.06157743  1.55164303] -245.19097680945805
[-0.18912273 -3.21858418 -0.34750994 -4.0122753   2.07063422  1.52284611] -245.1875055295568
[-0.19480067 -3.17212589 -0.39414395 -4.02319678  2.07399055  1.64499401] -245.19245754895482
[-0.23375191 -3.24540707 -0.37788778 -3.9817075   2.07599101  1.5289672 ] -245.19036644104958
[-0.19281846 -3.21830513 -0.3597526  -4.00924454  2.07729791  1.52496468] -245.17877261297204
[-0.18007107 -3.2294948  -0.36112006 -4.01517166  2.08904786  1.48114214] -245.17095066144356
[-0.14954501 -3.24501555 -0.32290803 -4.02813657  2.07140975  1.63297697] -245.18060751285304
[-0.17109071 -3.12620801 -0.42119273 -4.04716812  2.08892358  1.52505378] -245.17846360213645
[-0.20041483 -3.27856159 -0.39276603 -4.00433743  2.10600728  1.50804794] -245.17857532474596
[-0.17986475 -3.27563117 -0.34698424 -4.00640208  2.09334735  1.4213507 ] -245.17568817096685
[-0.12295113 -3.21242469 -0.35293923 -4.05612288  2.09713234  1.50150535] -245.17648409714167
[-0.1455231  -3.23719442 -0.38512684 -4.04017095  2.11132183  1.50051285] -245.15709683870637
[-0.12372329 -3.24649954 -0.40393529 -4.05411877  2.13166564  1.48934622] -245.14667132408292
[-0.17649359 -3.21125772 -0.43673783 -4.03297041  2.13063161  1.34250507] -245.178458845878
[-0.11765001 -3.15527706 -0.3815371  -4.06631388  2.10424218  1.41225315] -245.1659048372456
[-0.12916056 -3.31732032 -0.33989185 -4.0298651   2.12643207  1.3576471 ] -245.17011480517314
[-0.10798002 -3.26762481 -0.29206476 -4.04302771  2.08332421  1.54524315] -245.17036509701902
[-0.15653211 -3.28485787 -0.35557187 -4.01551019  2.11222076  1.40082215] -245.1595659197205
[-0.09184094 -3.22472696 -0.3643894  -4.06826703  2.12229689  1.47413393] -245.14921705030005
[-0.06222457 -3.26927405 -0.35134337 -4.07719591  2.13767939  1.41200642] -245.1546005306253
[-0.11906381 -3.23169379 -0.4401582  -4.06072925  2.16152144  1.30349318] -245.15744003113332
[-0.09451768 -3.15345611 -0.42575323 -4.08417991  2.13011002  1.47303791] -245.14500692588518
[-0.07719623 -3.071524   -0.46868391 -4.11133731  2.131949    1.53073332] -245.15481863622352
[-0.09831745 -3.31489239 -0.39884669 -4.05368647  2.16092254  1.43869346] -245.13370461671784
[-0.08865117 -3.39470005 -0.40750148 -4.04737276  2.18926272  1.45191361] -245.12900738731676
[-0.03680837 -3.22192563 -0.44212178 -4.11511102  2.17862461  1.46715495] -245.14637337972817
[-0.0468582  -3.27183365 -0.35818999 -4.08801922  2.13502499  1.61903784] -245.1489476308587
[-0.09857531 -3.23510659 -0.44928702 -4.07516033  2.15798223  1.57953506] -245.12850338612478
[-0.11675068 -3.21802286 -0.49825885 -4.07414254  2.16813366  1.66329938] -245.12888301805324
[-0.07120374 -3.28311356 -0.46454019 -4.08638698  2.18525985  1.55254127] -245.1234409407411
[-0.06088514 -3.31230687 -0.51461559 -4.09544695  2.21674132  1.59174493] -245.1212370381451
[-0.12086212 -3.24949794 -0.52288148 -4.0691107   2.19977053  1.39853972] -245.12911525825538
[-0.04304331 -3.27583152 -0.5167849  -4.10800845  2.22583151  1.49796251] -245.11419121472855
[-2.70331794e-03 -3.29049751e+00 -5.73209704e-01 -4.13495328e+00
  2.27291444e+00  1.50227065e+00] -245.11742127364198
[-0.13203653 -3.31837406 -0.50348611 -4.04464868  2.19460817  1.53042297] -245.10820555204947
[-0.17965061 -3.36659828 -0.53416828 -4.0094175   2.20259995  1.56205698] -245.1172052809986
[-0.08683352 -3.44181624 -0.54576563 -4.06240272  2.26462214  1.54366836] -245.1156406440496
[-0.0491462  -3.4098805  -0.45626543 -4.07523593  2.21657884  1.66654276] -245.12362116515288
[-0.06818883 -3.26973854 -0.58790008 -4.10626159  2.23619202  1.68471192] -245.1178735563492
[-0.04813587 -3.44087599 -0.59231889 -4.08884111  2.29354243  1.59214941] -245.1133378169349
[-0.09722819 -3.2764339  -0.63069164 -4.09330057  2.26060036  1.48034394] -245.1158295643504
[-0.09760361 -3.36204988 -0.6110335  -4.07237408  2.27505755  1.5180081 ] -245.0989053152793
[-0.11596285 -3.38692139 -0.65924246 -4.06083765  2.30421566  1.48113969] -245.1032217083908
[-0.10010485 -3.43538865 -0.54546014 -4.05026361  2.26856203  1.36947318] -245.12409790417942
[-0.07616783 -3.31115107 -0.5772901  -4.09226209  2.24428452  1.60590223] -245.1062523271704
[-0.06404536 -3.44026568 -0.48486808 -4.06287848  2.23871508  1.61569392] -245.11453727752638
[-0.06684399 -3.2743665  -0.54949489 -4.09393491  2.22605761  1.57637803] -245.10487552537174
[-0.09056502 -3.22061732 -0.63193472 -4.1038113   2.24774552  1.49124716] -245.1126615721833
[-0.12740764 -3.36664676 -0.63840118 -4.05728228  2.26793376  1.60674013] -245.10016088445028
[-0.14873901 -3.17685921 -0.57822794 -4.06593001  2.19168662  1.51741679] -245.12013673929388
[-0.07328665 -3.37487179 -0.58879616 -4.08311333  2.26807848  1.57346626] -245.10191994889604
[-0.1005504  -3.44853603 -0.52423259 -4.04406049  2.24426118  1.64572541] -245.11203685108524
[-0.09805406 -3.39155635 -0.55115812 -4.05899819  2.24513226  1.60710585] -245.10221234901215
[-0.0477514  -3.37517339 -0.66857187 -4.10800629  2.31423989  1.63211056] -245.10884564888343
[-0.11096525 -3.33257389 -0.54475755 -4.06048808  2.2245161   1.55584487] -245.1017655135007
[-0.11521923 -3.38953732 -0.5839237  -4.04980153  2.25797407  1.53994551] -245.1014463271362
[-0.14066816 -3.46471217 -0.62319517 -4.03341759  2.28683979  1.55732555] -245.1098771149028
[-0.08530003 -3.32195292 -0.56791996 -4.07880558  2.24125316  1.57161491] -245.09937630512184
[-0.10520675 -3.32432117 -0.62711923 -4.07495677  2.26647211  1.51476741] -245.09853529737228
[-0.1087831  -3.29070357 -0.66509978 -4.08293605  2.27714203  1.46859819] -245.10411243293083
[-0.14061419 -3.32415552 -0.60225555 -4.04812277  2.24299044  1.52884072] -245.10111811824964
[-0.11281857 -3.36364729 -0.66546015 -4.06662626  2.29271093  1.53746072] -245.09933304998086
[-0.10776437 -3.29805386 -0.65347282 -4.08292105  2.27083191  1.55253182] -245.10041375641973
[-0.07141947 -3.3547351  -0.6522134  -4.09619923  2.29509603  1.57153365] -245.1038089554446
[-0.12331551 -3.33180042 -0.61474501 -4.06014189  2.25601684  1.53951395] -245.0985926235114
[-0.10945301 -3.39208562 -0.58808686 -4.0538079   2.2623162   1.54350325] -245.1003976589392
[-0.10903085 -3.36857768 -0.60443335 -4.06108619  2.26444513  1.5457604 ] -245.09803558414094
[-0.08368413 -3.32413636 -0.59183589 -4.08071465  2.26405147  1.46896837] -245.10259361349637
[-0.11647677 -3.35601916 -0.62675985 -4.06314037  2.26696319  1.57229719] -245.09777641073956
[-0.13618399 -3.38018562 -0.6819304  -4.0539696   2.29930209  1.50432102] -245.1031712448558
[-0.09802102 -3.33651109 -0.59642257 -4.07259659  2.25576539  1.55479143] -245.09741813427843
[-0.10373293 -3.32944584 -0.56137768 -4.06813904  2.23552914  1.5442521 ] -245.10071946873202
[-0.11054716 -3.35509693 -0.63943954 -4.06700445  2.27841548  1.53915857] -245.09769608883212
[-0.1232624  -3.3287256  -0.62527302 -4.06060133  2.25430183  1.57075488] -245.0991713713803
[-0.10401831 -3.35371881 -0.61459338 -4.0694309   2.26986862  1.5311948 ] -245.09772793232295
[-0.09111811 -3.3662812  -0.62151096 -4.07592986  2.2779598   1.54647598] -245.09793080569074
[-0.10453066 -3.38774712 -0.60726732 -4.06143935  2.27133376  1.58179204] -245.09868374045968
[-0.10503773 -3.34017766 -0.62215625 -4.07157741  2.26768752  1.53152357] -245.09754050031012
[-0.09937552 -3.33402393 -0.63586084 -4.078807    2.27444154  1.54605345] -245.09791599217598
[-0.12004072 -3.325568   -0.62356652 -4.06492237  2.25975411  1.54519702] -245.0980931587091
[-0.09834876 -3.3561029  -0.62202485 -4.07317799  2.27340838  1.54615624] -245.09739805060798
[-0.11144107 -3.36518491 -0.60460464 -4.0601689   2.26292799  1.54565382] -245.09808191682367
[-0.1023919  -3.34181418 -0.62804679 -4.07414748  2.27156315  1.54595354] -245.09738426024774
[-0.08964486 -3.3384547  -0.61413461 -4.07950457  2.27193966  1.51062886] -245.09839472422462
[-0.10976879 -3.35162804 -0.62360354 -4.06723142  2.26820731  1.55688011] -245.09725830202854
[-0.10402014 -3.34005812 -0.62930447 -4.07248088  2.26848046  1.56029302] -245.09704200897312
[-0.10402106 -3.33322777 -0.63666001 -4.07400588  2.26778638  1.57484214] -245.09728675491093
[-0.09531562 -3.33366707 -0.60107996 -4.0767328   2.25662192  1.55937407] -245.09794970383257
[-0.10673928 -3.34973946 -0.62984964 -4.06943654  2.27296709  1.54421244] -245.0972833729864
[-0.10139224 -3.35177361 -0.6209277  -4.07144622  2.26910974  1.5712387 ] -245.09713080155615
[-0.10953269 -3.36052768 -0.65482976 -4.07004359  2.28547998  1.55345325] -245.09804287219822
[-0.10089894 -3.34251524 -0.61102437 -4.07195834  2.26319404  1.55445689] -245.09711359584156
[-0.110055   -3.33640665 -0.62556066 -4.06905563  2.26443222  1.56485532] -245.09730013529526
[-0.10856623 -3.34889286 -0.61871    -4.06638887  2.26390047  1.57135862] -245.09751577449316
[-0.10393548 -3.34358385 -0.62571259 -4.07220782  2.26964748  1.55230481] -245.09713325309286
[-0.09886329 -3.35669279 -0.62124678 -4.07253144  2.27276982  1.54827333] -245.097326164166
[-0.10725707 -3.34147819 -0.62448219 -4.06992459  2.26651662  1.56070983] -245.09710114575694
[-0.10235161 -3.34060622 -0.61516865 -4.07231322  2.26208479  1.57441534] -245.0972617504652
[-0.10344853 -3.34288953 -0.6188389  -4.07159405  2.26480537  1.56686462] -245.09710874011256
[-0.09721535 -3.3358048  -0.61982653 -4.07597255  2.26571059  1.56507585] -245.09702501521693
[-0.09093862 -3.32789318 -0.61793802 -4.08034311  2.26446223  1.56917372] -245.09740229724954
[-0.10080861 -3.34125598 -0.61575546 -4.07225105  2.26295812  1.57390815] -245.0972238821173
[-0.10315377 -3.34300188 -0.62322331 -4.07221863  2.26797514  1.55770565] -245.09704426728584
[-0.10393902 -3.33014231 -0.62130555 -4.07327012  2.26311767  1.55046325] -245.09715612240387
[-0.10202894 -3.34636578 -0.62102217 -4.0719022   2.26761172  1.56604483] -245.09705444058326
[-0.10480899 -3.3406842  -0.63454148 -4.07273929  2.27050593  1.57110771] -245.09714935427954
[-0.10187645 -3.34205748 -0.61690365 -4.07215358  2.26502201  1.55861959] -245.09704906489938
[-0.10173538 -3.34003255 -0.62608187 -4.07329009  2.26896682  1.55595164] -245.097034618769
[-0.09608627 -3.34096202 -0.62097181 -4.07608139  2.2680723   1.56052037] -245.09699445054142
[-0.09050086 -3.34070394 -0.61921662 -4.07915979  2.26885013  1.56042564] -245.09714312199333
[-0.09933351 -3.33427317 -0.62441505 -4.07549684  2.26713072  1.55334387] -245.09700130704616
[-0.09863835 -3.3359867  -0.63103737 -4.07635989  2.27042333  1.55901054] -245.09701457725654
[-0.0958559  -3.33270391 -0.62732239 -4.07767525  2.26828626  1.56035945] -245.09710133708307
[-0.1013293  -3.34042739 -0.62424808 -4.07358279  2.26805292  1.5583691 ] -245.09700818253663
[-0.09409257 -3.33577076 -0.61955577 -4.0777803   2.26763843  1.55713077] -245.09706199234415
[-0.10153825 -3.33898628 -0.62686729 -4.07380574  2.26826995  1.55950246] -245.0970087127276
[-0.09631163 -3.33544757 -0.62304017 -4.07714297  2.26691979  1.56265575] -245.09700831681772
[-0.10053043 -3.33955624 -0.63036673 -4.07485066  2.27057908  1.55272485] -245.09701052148213
[-0.09973811 -3.34056418 -0.61893234 -4.07396024  2.26591825  1.55669493] -245.09699641594364
[-0.09758193 -3.33733063 -0.61579152 -4.07517267  2.2642089   1.56430398] -245.0970272387048
[-0.0997933  -3.33899984 -0.62672292 -4.07493116  2.26898653  1.55561963] -245.0969790418711
[-0.09599246 -3.33790511 -0.61924283 -4.07659273  2.26675688  1.55623209] -245.09701781469764
[-0.1001518  -3.33871599 -0.62496118 -4.07450249  2.26789168  1.55868487] -245.0969655129553
[-0.10249913 -3.34253329 -0.62371029 -4.07237533  2.26843101  1.55175517] -245.09703992536046
[-0.09785851 -3.337219   -0.6232077  -4.07595106  2.26729759  1.55993061] -245.0969820781718
[-0.09632454 -3.33648401 -0.62215559 -4.07672494  2.2670461   1.55656233] -245.09699787446758
[-0.09731733 -3.34337518 -0.62123547 -4.07522025  2.2679401   1.56266037] -245.09700578179581
[-0.09882947 -3.33654867 -0.62362015 -4.0754277   2.26733306  1.555673  ] -245.09697553659157
[-0.10116128 -3.34118589 -0.62398311 -4.07355974  2.26812037  1.55914547] -245.09701417509305
[-0.09753372 -3.33765948 -0.62261247 -4.07593364  2.26731467  1.55720811] -245.09698573464016
[-0.09701291 -3.33613748 -0.62843307 -4.07698224  2.26971369  1.55918393] -245.09700890126064
[-0.09905681 -3.33945751 -0.62130752 -4.07471574  2.26686711  1.55731718] -245.09697057331482
[-0.10165494 -3.33523814 -0.62650551 -4.07440587  2.26715792  1.55429076] -245.09704851982892
[-0.09747843 -3.33953105 -0.62235523 -4.07566251  2.2678437   1.55896297] -245.09697892511346
[-0.10018905 -3.33916454 -0.6247791  -4.07446324  2.26809189  1.55818797] -245.0969644593423
[-0.10151672 -3.33991707 -0.62586242 -4.07372805  2.2684805   1.5586779 ] -245.0970091702226
[-0.10064112 -3.34025353 -0.62470767 -4.07394988  2.26837374  1.5548846 ] -245.09701886793442
[-0.09855416 -3.33797763 -0.62358269 -4.07545077  2.26756663  1.5586691 ] -245.09696478212345
[-0.09829327 -3.33813196 -0.6201457  -4.07514299  2.2662115   1.56021206] -245.0969728695877
[-0.10087976 -3.33713438 -0.62377688 -4.07423846  2.26681026  1.55728509] -245.09701607865296
[-0.09832877 -3.33893188 -0.62271065 -4.0753065   2.26758534  1.5585435 ] -245.09697255794245
[-0.09936182 -3.34091116 -0.6222088  -4.07443288  2.26740499  1.5615319 ] -245.09696773753262
[-0.1002542  -3.34025428 -0.62637094 -4.07448088  2.26892439  1.55743278] -245.09697115275654
[-0.10086052 -3.33989515 -0.6250261  -4.07404217  2.26799689  1.5587311 ] -245.09701481879728
[-0.0989617  -3.3391727  -0.62328951 -4.07499042  2.26768823  1.5585904 ] -245.09696389784378
[-0.09850425 -3.33821223 -0.62033866 -4.07503763  2.26624579  1.5602277 ] -245.09697484380348
[-0.09981671 -3.33974377 -0.62486287 -4.07462007  2.26825474  1.55813151] -245.096970578425
[-0.09894174 -3.33872274 -0.62184673 -4.07489844  2.26691544  1.55952897] -245.0969672277934
[-0.09966328 -3.33876408 -0.62558181 -4.07486367  2.26831918  1.56108056] -245.09696800133239
[-0.09951166 -3.33893744 -0.62451324 -4.07482669  2.26795616  1.56013971] -245.0969676841564
[-0.09940822 -3.33665251 -0.62544869 -4.0752778   2.26796502  1.55640178] -245.0969778509156
[-0.09937342 -3.3398465  -0.62301877 -4.07464411  2.267545    1.56024937] -245.09696719576618
[-0.0992123  -3.33892926 -0.62264609 -4.07482313  2.2672768   1.55783051] -245.09696710639432
[-0.09987241 -3.3392128  -0.62557905 -4.07472628  2.26843797  1.55787511] -245.09696902721686
[-0.09917441 -3.33884526 -0.62277981 -4.0748554   2.26729607  1.5591155 ] -245.09695893602034
[-0.09937439 -3.33775529 -0.62432736 -4.07505104  2.26772544  1.55677675] -245.09697341477536
[-0.09937366 -3.3393237  -0.62334592 -4.07474584  2.26759011  1.55938121] -245.09696571679842
[-0.0995893  -3.33880401 -0.62493332 -4.07484625  2.26809807  1.55971251] -245.09696363333785
[-0.09949981 -3.33823634 -0.62476262 -4.07495701  2.26795409  1.55827224] -245.09696431983315
[-0.09850434 -3.33868417 -0.62308117 -4.07535188  2.26767331  1.55883104] -245.09697383465357
[-0.09973994 -3.33870803 -0.62449118 -4.07471483  2.26783709  1.55872141] -245.09695846200066
[-0.10049724 -3.33966599 -0.62476248 -4.07415829  2.26808852  1.55886424] -245.0970111684482
[-0.09903993 -3.33839972 -0.62387764 -4.07512765  2.2676971   1.55871789] -245.09696678784314
[-0.09945717 -3.33877664 -0.62363549 -4.07478512  2.26756658  1.55891846] -245.09696557405476
[-0.09966462 -3.33875602 -0.62471225 -4.07478054  2.26796758  1.55921696] -245.09696536531277
[-0.09935082 -3.33894037 -0.62389034 -4.07485262  2.26776266  1.5586559 ] -245.09696539550526
[-0.09961988 -3.33847219 -0.6246269  -4.07483592  2.26789559  1.55849682] -245.09696695067842
[-0.0999645  -3.33893629 -0.62463514 -4.07458904  2.26796449  1.55845469] -245.09695753835356
[-0.09914705 -3.33834283 -0.62403693 -4.0750828   2.26770186  1.55869526] -245.0969645170569
[-0.09948816 -3.33901454 -0.62384021 -4.07476573  2.2677045   1.5590574 ] -245.09695834311063
[-0.09966119 -3.33878938 -0.62489986 -4.07481007  2.26807948  1.55868208] -245.09696894771022
[-0.09950818 -3.33877983 -0.62395158 -4.07479136  2.26769481  1.55885936] -245.09696452817735
[-0.09981999 -3.33857215 -0.62466542 -4.07472214  2.26786078  1.55901246] -245.09696034782698
[-0.09955798 -3.3386952  -0.62382791 -4.07477476  2.26762026  1.55838324] -245.09696342417425
[-0.09973103 -3.33864318 -0.62454735 -4.07475841  2.26786819  1.55858212] -245.09696489913873
[-0.09956389 -3.33874567 -0.62410052 -4.07478312  2.26773815  1.55879005] -245.09696068556323
[-0.1002311  -3.33921446 -0.62448319 -4.07436707  2.26787323  1.55877782] -245.09696334197722
[-0.10004454 -3.33903518 -0.62491065 -4.07453922  2.26803916  1.55922138] -245.09695997728613
[-0.09930924 -3.33845616 -0.62439785 -4.07500429  2.26784149  1.55897464] -245.09696377910163
[-0.10000063 -3.33902488 -0.62446186 -4.07452638  2.2678653   1.55882703] -245.09696362045142
[-0.09972633 -3.33897541 -0.62423768 -4.07467738  2.2678345   1.55875605] -245.09696831362402
[-0.09985222 -3.33882216 -0.62456316 -4.07465194  2.26790079  1.55858805] -245.09696362888576
[-0.10000452 -3.33898573 -0.62477289 -4.07456413  2.26800182  1.55883803] -245.09696791916133
[-0.09989224 -3.33875422 -0.62465028 -4.07465559  2.26791264  1.55873357] -245.09696607793154
[-0.09976419 -3.33884098 -0.62436783 -4.07468608  2.26785132  1.55862237] -245.09696549554346
[-0.1000978  -3.33907537 -0.62455917 -4.07447806  2.26791886  1.55861626] -245.0969674192743
[-0.10013216 -3.3388295  -0.62494515 -4.07453089  2.26801548  1.55852828] -245.09696314235347
[-0.09989652 -3.33876711 -0.62446735 -4.07463307  2.26785271  1.55834304] -245.09696591925507
[-0.09973614 -3.33857471 -0.62465047 -4.07477081  2.26791361  1.55847374] -245.096962020146
[-0.09988967 -3.33883603 -0.62455942 -4.07463169  2.26792016  1.55826982] -245.09696154053412
[-0.09988311 -3.33884611 -0.62477304 -4.07465375  2.26800258  1.55863594] -245.09696460242725
[-0.10005507 -3.33877396 -0.62500762 -4.07458996  2.26805439  1.55836114] -245.09696248785878
[-0.09999348 -3.33874477 -0.62468061 -4.07460103  2.26792039  1.55825596] -245.09695905056702
[-0.10007146 -3.33874292 -0.62492964 -4.07458587  2.26802872  1.55819316] -245.0969676098731
[-0.09990703 -3.33880235 -0.62465478 -4.07463542  2.26793277  1.55848933] -245.0969594323715
[-0.09971647 -3.33872653 -0.62445087 -4.07474175  2.26788646  1.55823995] -245.09696421157875
[-0.10002824 -3.33880376 -0.62482158 -4.07458361  2.26798323  1.5584562 ] -245.0969667843948
[-0.09997899 -3.33884053 -0.62465788 -4.07459503  2.26794244  1.55835533] -245.09697103059318
[-0.09993576 -3.33886932 -0.62464496 -4.07461223  2.26794863  1.55847201] -245.09696208419012
[-0.09992708 -3.33888616 -0.62459728 -4.07461036  2.26794233  1.55836225] -245.09696114173363
[-0.09985032 -3.3387555  -0.6246428  -4.07467993  2.26793905  1.55846422] -245.09696565384994
[-0.10000978 -3.33885512 -0.62482138 -4.0745895   2.26800944  1.55840791] -245.09696696382628
[-0.10004833 -3.33888289 -0.62479014 -4.07455997  2.26798999  1.55849148] -245.09696933801226
[-0.09993294 -3.3388879  -0.62471936 -4.07461864  2.26798887  1.55852886] -245.0969615567496
[-0.09982513 -3.3388472  -0.6245635  -4.07467327  2.26794095  1.55840516] -245.09696586135072
[-0.09980212 -3.33887233 -0.6244463  -4.07467166  2.26789867  1.55848782] -245.096959104011
[-0.09997911 -3.33888863 -0.62466511 -4.07458735  2.26795306  1.55851812] -245.0969678537162
[-0.09986363 -3.33885756 -0.6245889  -4.07465179  2.26794398  1.5584334 ] -245.09696249047687
[-0.09995835 -3.33901435 -0.62456784 -4.07457131  2.2679566   1.5584488 ] -245.09696266691017
[-0.09993135 -3.33894964 -0.62458658 -4.07459847  2.26795222  1.55845265] -245.09696038197575
[-0.09996762 -3.33894299 -0.62462097 -4.07458168  2.26795442  1.55848603] -245.09696714583677
[-0.09988962 -3.33887891 -0.62459692 -4.07463426  2.26794659  1.55844656] -245.09696145207158
[-0.09988011 -3.33893442 -0.6245489  -4.07462858  2.26794909  1.55843894] -245.09696392898428
[-0.09992185 -3.33888559 -0.62462094 -4.07461632  2.26794875  1.55846374] -245.09696648078983
[-0.09988331 -3.33890431 -0.62454072 -4.07463035  2.26793158  1.55847125] -245.0969637354609
[-0.09994792 -3.33894296 -0.62461086 -4.07459375  2.26795835  1.55845367] -245.09696029818176
[-0.09994579 -3.33891122 -0.62461621 -4.0745997   2.26795341  1.55840847] -245.09695845284014
[-0.09992706 -3.3389076  -0.62461603 -4.07461165  2.26795554  1.55845062] -245.0969656049888
[-0.09994872 -3.33891209 -0.62467725 -4.07460384  2.26797668  1.55849178] -245.09696451684258
[-0.09995013 -3.3389028  -0.62464005 -4.07460063  2.26795656  1.55846335] -245.09695791333687
