[-1.33354297  1.04165188 -0.35792065  0.50539747  1.55041288 -1.23968406] -336.5212109520234
[-2.11818749  0.52873371  0.02556578 -1.85665067  0.57371233  0.65901939] -384.4728364551944
[ 1.07575658  0.10678616 -0.64844906 -0.45341848  1.94756504  1.37787539] -327.4002424221793
[ 0.04222123  0.05252923  1.07007728 -0.18567629 -0.67156729 -0.62569053] -354.02618559318483
[-0.76899327 -1.09750927  0.60849215 -0.83662733 -0.56993799  0.3016827 ] -376.5661052520876
[ 1.48910137  1.07041686 -0.01041024  2.87144922  0.63366991  0.45319773] -311.35158338957064
[-1.8954432  -0.09671814 -1.29322026  2.27070036 -2.30789632  1.31742124] -426.2871199937754
[ 1.35756169  0.66425433  1.52233868 -2.25587572  3.46251462 -1.00862103] -352.3644078068337
[ 2.73888903  0.08397602  0.70247694  1.73840029  1.54384006 -0.90609932] -292.67249274310905
[ 5.16742729 -0.13840283  1.04093251  3.53592577  2.02890392 -1.68865868] -307.3689016857862
[ 2.55898892  2.10404743  0.15087884  1.57671949  3.39208306 -0.95135664] -287.02668350352275
[ 4.22298002  3.70482578 -0.07792782  2.7833929   5.37309358 -1.57787631] -273.46816994113345
[ 3.14136067  2.17144111 -0.69337466  1.91545818  5.50859932 -0.34137867] -306.6405091304893
[ 2.42061988  2.06211161 -1.88420718  5.37610225  2.05654565  0.26396595] -346.997674956059
[ 2.15485533  1.71264729 -1.03257071  3.46810775  2.40803789 -0.0541808 ] -289.5832941361054
[ 6.27452397  1.9083792  -0.2288312   3.60239916  4.25452238  0.89019674] -288.32496993981067
[ 5.59814689  3.44377593  0.20156982  5.91315432  4.62635601 -1.88992227] -369.14590575512693
[ 2.20635416  0.9410336  -0.43594434  1.13822472  2.61726278  0.56092597] -298.3173614416292
[ 5.42388636  2.43701747 -0.57831369  2.01054511  6.60144876 -0.9293352 ] -313.39064475375903
[ 2.47279762  1.41206702 -0.1523861   2.6562232   2.12561462  0.1075645 ] -285.6579671040005
[3.5487727  1.08286852 0.28498025 3.21345782 0.59885779 0.01488894] -319.4374375960566
[ 3.24321368  1.89929797 -0.44878593  2.23995809  4.28116394 -0.25231177] -283.5712374747575
[ 4.82939906  2.63269749  0.02326939  4.35793575  4.04482804 -1.15849496] -290.69196695259444
[ 4.99370086  4.33932889 -1.3415544   4.63093866  5.95191343  0.22439845] -280.12065732450026
[ 2.9579581   2.35948456 -1.11728811  2.10240417  4.08662057  0.93775857] -289.4057475310093
[ 5.90020275  3.49514718 -0.08968715  2.53699764  6.28293828  0.16409085] -286.6496125578305
[ 6.0778482   3.22686412  0.33756391  4.04756571  5.33646151 -1.08573775] -281.5118504839561
[ 2.69572374  4.11746445 -0.36209463  2.69595957  5.52920607 -1.69682074] -284.18660913860674
[ 2.00188529  2.73813556 -0.59204118  3.8143484   3.2495461  -1.59101873] -288.3953603896711
[ 4.92562339  3.30589428 -0.21527565  2.85633533  5.52459024 -0.27468654] -274.34309567968046
[ 6.24689901  5.45249148 -0.5503054   3.76182689  8.53986163 -1.66190939] -278.71899460213166
[ 7.20769798  3.19210305 -0.40333381  4.07737962  6.13982204  0.15411297] -290.9225457423904
[ 3.8237173   3.8861241  -0.37240442  3.04131459  5.68186006 -1.23408731] -273.32310453578987
[ 6.85370924  6.07254492 -0.29118199  4.80049993  7.85476288 -1.61765451] -299.99269574578796
[ 4.14583757  2.9426097  -0.40938495  2.88009355  5.17456367 -0.59364746] -273.81905607968645
[ 3.37507118  4.6502273  -1.32651479  2.60373493  6.74549936 -0.62019844] -298.6757488542857
[ 5.40215395  3.58270491 -0.07845576  3.68660801  5.68872097 -0.96935292] -270.95280923414583
[ 4.59536955  3.28555453  0.77363639  1.7055851   6.04231662 -2.32825176] -299.3512785723616
[ 4.89411803  4.0758853  -0.8127567   3.89960027  5.97451423 -0.4137641 ] -270.0935233253856
[ 2.89124441  1.71352321 -0.10509637  2.62062133  2.59925262 -0.02589549] -280.75729030083136
[ 5.40798536  4.51774941 -0.43900314  3.4765255   7.05470938 -1.25290592] -272.7471155834881
[ 4.37330736  4.26407213 -0.51470195  3.73284294  6.12456373 -1.73919147] -269.8231654472726
[ 4.09714934  4.74316105 -0.66441509  4.17109675  6.42455047 -2.47144393] -273.88524594776095
[ 5.22891643  5.06784418 -0.35569832  3.99333452  6.79125698 -1.80207855] -272.56160695858875
[ 5.48708612  4.75996757 -0.77974561  4.49334904  7.0654482  -0.89258378] -273.9857526422554
[ 4.53900655  3.96861123 -0.25338227  3.21088194  5.79618224 -1.40655318] -270.61703180664784
[ 6.12477859  4.60616495 -0.44559496  4.29194981  6.79478911 -1.2938614 ] -279.68618901571085
[ 4.39898262  4.06613432 -0.39070206  3.35397339  5.96009232 -1.24903084] -270.05610208781445
[ 4.20417629  3.82400127 -0.36289587  3.81588819  5.05706744 -1.2737511 ] -272.05602036522714
[ 4.04166516  2.85929221 -0.44859989  3.2399304   4.74245667 -0.54846932] -270.4820565100113
[ 5.01223494  3.78156543 -0.46997033  3.22539079  6.37177594 -0.83503617] -273.1675555756895
[ 4.40619095  3.81339231 -0.38966449  3.66826384  5.38574457 -1.16407237] -269.71235393224293
[ 3.48226961  4.09975759 -0.85814668  3.34855625  5.63913028 -1.20434084] -273.1824463653668
[ 4.92218286  3.71196808 -0.27337849  3.60209507  5.6763233  -1.0280999 ] -269.345203657546
[ 4.47314245  3.62830356 -0.68988559  3.9546867   5.49171603 -0.64098948] -269.93801361242913
[ 5.11430959  4.99395969 -0.57509654  4.16389034  6.79519473 -1.5299134 ] -272.5748518383326
[ 4.30982627  3.39295908 -0.48022405  3.47092038  5.25564118 -0.79383034] -269.2638282557751
[ 4.0670928   3.54972452 -0.10009551  3.36132718  5.32351282 -1.79130736] -269.59723744826294
[ 4.45159828  3.38733891 -0.4252813   3.90940531  5.12574155 -1.13679947] -271.52685952616474
[ 4.41213654  3.89643546 -0.39934687  3.49283137  5.75150463 -1.22097299] -269.12047563363603
[ 4.35710314  3.91454697 -0.02925153  3.15474023  5.68071404 -1.93816866] -270.86571681379496
[ 4.44413262  3.69986441 -0.52472707  3.75470008  5.53896553 -0.96528428] -269.1449650455105
[ 4.48054666  3.09070916 -0.20777688  3.3838697   4.85266695 -0.58199761] -269.66429893394366
[ 4.4724483   3.30049459 -0.27218514  3.35365075  5.41379357 -0.96309179] -269.121814497046
[ 4.39539314  4.09310622 -0.47554216  3.62797191  6.13391339 -1.67219794] -269.54426867553065
[ 4.91828044  3.8152181  -0.70837242  3.73939602  5.93320105 -0.42318505] -269.45934261647847
[ 4.76427587  3.17920702 -0.41053585  3.50989265  5.05589636 -0.12595684] -270.14145029999406
[ 4.48761382  3.86463142 -0.45929058  3.5984521   5.86440914 -1.28563767] -268.9876531163292
[ 4.09783303  3.47356625 -0.09467831  3.35148724  5.23367806 -1.66245394] -269.45275145791777
[ 4.30294488  3.55897921 -0.24810184  3.44846443  5.40855881 -1.35263672] -269.0241737173034
[ 3.88751795  3.52581998 -0.52124669  3.43757797  5.40130099 -1.16571803] -269.7796346057144
[ 4.66351664  3.66543106 -0.33534554  3.5609658   5.60756772 -1.06250443] -268.9509560135806
[ 4.61777133  3.93565297 -0.2661083   3.59876779  5.93929195 -1.48954562] -268.81301027220854
[ 4.77174386  4.20699992 -0.15905042  3.6626915   6.28111734 -1.83740326] -269.1628719770923
[ 4.54134455  3.70734383 -0.13539902  3.26301067  5.78940974 -1.49284546] -269.9194006963266
[ 4.46843561  3.70173427 -0.42739506  3.63177773  5.60157659 -1.09717457] -268.8338406658016
[ 4.5116913   4.2404602  -0.4396776   3.75676899  5.97717604 -1.53973221] -269.6302137116431
[ 4.48225905  3.535486   -0.31405825  3.45443031  5.55463919 -1.1072519 ] -268.87108679712463
[ 4.59537724  3.52420285 -0.28408633  3.60478801  5.57384317 -1.24394397] -268.74963647649105
[ 4.68699759  3.33808654 -0.22645605  3.66076634  5.48501244 -1.25542946] -268.9119876376073
[ 4.80204635  3.85006697 -0.44732618  3.70126282  5.97188377 -1.07604934] -268.84009378805064
[ 4.72218825  3.53955995 -0.2321493   3.58554539  5.55185833 -1.07318561] -268.75181397894323
[ 4.56584264  3.69680328 -0.3216956   3.63122489  5.79012994 -1.29987924] -268.503282361001
[ 4.51700564  3.71248939 -0.31487062  3.66635444  5.88141106 -1.41856665] -268.3579268653191
[ 4.75868242  3.88574947 -0.34325368  3.80840175  5.95198243 -1.35890336] -268.92504708650245
[ 4.55136489  3.62305186 -0.32135711  3.54292317  5.653975   -1.17016476] -268.6924797035901
[ 4.35533464  3.49549679 -0.16799606  3.50878936  5.42876826 -1.42147772] -268.67856259568015
[ 4.65124506  3.57508367 -0.10146085  3.53727833  5.74147267 -1.50845354] -268.4991446517546
[ 4.51306724  3.2209752  -0.20786512  3.54979177  5.33781754 -1.12238513] -268.57547219892734
[ 4.33894333  3.5108733  -0.23372939  3.5510963   5.65390423 -1.55514498] -268.5927293069418
[ 4.38027636  3.52178723 -0.16500672  3.51395644  5.65860642 -1.48812029] -268.4094199775298
[ 4.3672592   3.38918333 -0.07561915  3.56616571  5.58001839 -1.66788467] -268.28760531771394
[ 4.27520635  3.27224906  0.04724983  3.57778698  5.54304009 -1.91674463] -268.26614379909637
[ 4.53658002  3.44232249 -0.15723156  3.62329873  5.84331574 -1.58166068] -268.0896451030648
[ 4.62720271  3.41573534 -0.15184932  3.68055341  6.05058949 -1.66175216] -267.942200674244
[ 4.64905779  3.39523332 -0.06420487  3.62414415  5.75040818 -1.48352915] -267.9326908708604
[ 4.80411502  3.33741333  0.02055739  3.66066807  5.79866016 -1.44772123] -267.7671524885341
[ 4.5719498   3.72394415 -0.01392831  3.66240745  6.22010908 -2.02473437] -268.2924253648919
[ 4.40734024  3.41945583 -0.09115507  3.7166306   5.97599943 -1.81075957] -267.678622816385
[ 4.28538782  3.34164191 -0.08600218  3.80630674  6.09326281 -1.96191258] -267.4814131856377
[ 4.64667942e+00  3.41270383e+00 -1.27434728e-03  3.83740259e+00
  6.20375114e+00 -1.98902358e+00] -267.50487752428245
[ 4.55317474  3.12207315  0.25312164  3.74202064  6.0883932  -2.24872954] -267.41308189488984
[ 4.57125928  2.82686503  0.53711778  3.77985375  6.19188427 -2.66381098] -267.48443505547107
[ 4.49197222  2.90999473  0.04119598  3.77250536  5.70578987 -1.71722687] -267.19949463260974
[ 4.45198342  2.50302002  0.06875812  3.82755431  5.44863027 -1.56347313] -267.22319036668057
[ 4.86097096  3.24093837 -0.02200011  3.92203196  6.4371088  -1.75871069] -266.91502869322187
[ 5.15385327  3.22528303 -0.05662509  4.09415445  6.88414316 -1.67969373] -266.8363986106398
[ 4.68452479  3.03396798  0.20884045  3.95713254  6.20741063 -2.01968369] -266.4640122531531
[ 4.71318583  2.84308431  0.38918533  4.09542211  6.2858212  -2.19864946] -266.0314979212246
[ 4.47730274  2.94751365  0.15930972  4.12193589  6.62172697 -2.48402402] -266.66411404358143
[ 4.57827945  2.71715976  0.23466948  4.04004581  6.35596126 -2.10772181] -265.90366965951114
[ 4.54407947  2.36938772  0.3526414   4.14136742  6.43206632 -2.16707093] -265.3355536913858
[ 5.0258016   2.46413696  0.46561185  4.18282855  6.5793841  -2.20321893] -265.94020564664373
[ 4.91555697  2.46439364  0.19731809  4.39405062  6.74791734 -1.90123177] -265.0826157617461
[ 5.09674809  2.13555389  0.16941631  4.7200656   7.07767941 -1.72748289] -264.6710376741251
[ 5.17835145  2.41832512  0.45198386  4.67941931  7.58781718 -2.43615311] -265.14875163214674
[ 4.52463646  1.83405085  0.71934124  4.55285852  6.6440219  -2.72583939] -265.1180769667382
[ 5.21696489  1.74066596  0.6900836   4.66871795  6.91386973 -2.00211422] -264.5957938323536
[ 5.58679596  1.13724212  0.95547054  4.94210898  7.05994111 -1.76115932] -265.47806031166556
[ 5.14900815  1.47762253  0.56050742  4.88633034  7.45912502 -2.22197703] -264.3915738519966
[ 5.36691931  0.79489164  0.64616847  5.28178445  8.04577692 -2.23364082] -264.94565654833383
[ 4.87746124  1.52773174  0.51571276  5.0334245   7.45880909 -2.22366026] -263.58046481237227
[ 4.80329106  1.05952913  0.54076322  5.45872247  7.89852158 -2.23388092] -263.3297699304468
[ 5.44558723  1.18586144  0.69139049  5.51400398  8.09494529 -2.28207826] -265.517944860125
[ 4.76945641  2.07350615  0.43732867  4.48452656  6.84778606 -2.19582276] -264.4409850993817
[ 4.6750169   1.02198438  0.58716296  4.91098783  6.69251739 -1.93288596] -263.91541215151545
[ 5.37885871  1.33556983  0.27574615  5.15692507  7.65247783 -1.37888187] -263.9769678011089
[ 4.90078395  0.76740544  0.86111437  5.13533781  7.41041979 -2.26103803] -263.448752120645
[ 4.6751735   0.83787319  0.39745733  5.34222541  7.73974616 -2.07271464] -263.3226504303356
[ 4.40427781  0.3864768   0.25114419  5.67897914  8.15268437 -2.10801485] -264.04788054873626
[ 5.09125435  0.09315535  0.63692182  5.81231642  8.10314986 -1.83797006] -264.0835003077085
[ 4.69245133  0.22754991  0.53921453  5.71917466  7.70648585 -1.68381346] -263.2104254196114
[ 4.46417293 -0.3974864   0.52856808  6.13559682  7.83016627 -1.41473167] -264.23253043591046
[ 4.6172708   1.65681528  0.43023104  4.76214133  6.93023967 -2.0164349 ] -263.4469975186836
[ 4.0758038   0.52148261  0.84290166  5.2859381   7.14016565 -2.68804076] -264.74029607574147
[ 5.05309498  1.13204803  0.41753503  5.18917833  7.52439978 -1.7061716 ] -263.24684400372234
[ 4.90567164  0.87175594  0.47494221  5.6246055   8.37742022 -2.05846522] -262.91443830789035
[ 5.02099901  0.79664171  0.41883183  5.98141434  9.21987164 -2.12125485] -263.4047341744461
[ 4.68153383  1.16111838  0.07226675  5.56334476  7.9818513  -1.66278888] -262.91656231192854
[ 4.98646798  0.10647625  0.38382865  6.20360905  8.81256863 -1.78951   ] -264.11279826236523
[ 4.7095701   1.26923052  0.41863044  5.12250826  7.40082191 -1.95970368] -262.98493601148857
[ 4.76920741  0.77366286  0.23258554  5.39495651  7.67838683 -1.48067158] -262.6943725702356
[ 4.75216558  0.63072973  0.0784967   5.36307352  7.56831946 -1.1040669 ] -262.8111058815691
[ 4.92866959  0.97391536  0.32093417  5.5290306   7.81670914 -1.44449016] -262.53710958098
[ 5.05541764  1.04193644  0.28267259  5.62243319  7.85519064 -1.13037793] -262.6534079059256
[ 4.50927298  0.62702963  0.26865619  5.79536177  8.12949197 -1.72380606] -262.75790328219074
[ 4.80885718  1.66468765  0.05679057  5.29076114  8.08840794 -1.75949507] -262.8762092131379
[ 4.82483411  0.75482609  0.05676137  5.94351183  8.62326722 -1.41686865] -262.65015609515547
[ 4.90063715  0.72750746  0.3979566   5.62939769  8.25604314 -1.63181003] -262.2520028782223
[ 5.01018881  0.510702    0.56080152  5.66242415  8.39313907 -1.6163206 ] -262.17992422951426
[ 4.71133839  0.89651859  0.02390091  5.58074316  7.86571383 -1.08875215] -262.1918677310663
[ 4.77564658 -0.15246948  0.43108933  6.0112482   8.08049475 -1.16414133] -262.9230873921275
[ 4.80055453  1.21039837  0.15036526  5.4708829   8.08642964 -1.61065664] -262.4348228092828
[ 5.17232463  1.07964479  0.17979341  5.39848795  8.02505661 -1.16211386] -262.5672805807396
[ 5.04676261  1.03500554  0.19826667  5.80007036  8.59171834 -1.29906245] -261.94532611200304
[ 5.18554022  1.16567688  0.18110724  6.00262728  9.0483841  -1.20825788] -261.9100465969285
[ 5.11137127  1.19079257  0.41553947  5.27122018  7.78854357 -1.29332845] -261.94662030543867
[ 4.74356297  0.90302313  0.37108945  5.77382148  8.30791651 -1.59182144] -261.8743706203541
[ 4.52918215  0.8147123   0.46673747  5.96148825  8.44934646 -1.80667522] -262.3193469260607
[ 4.9255158   0.98512182  0.24666711  5.72487579  8.67999976 -1.35855556] -261.62013931849543
[ 4.92393891  0.99072505  0.20953358  5.82279838  9.11164508 -1.31558826] -261.8334777453151
[ 5.09528462  0.67354662  0.44933664  5.86768778  8.60813597 -1.10835539] -261.1667241569943
[ 5.24264967  0.40512075  0.59882233  6.06609021  8.86898914 -0.85720477] -260.86430818668504
[ 5.36160453  0.82362712  0.76744146  5.91960987  9.16327688 -1.55307742] -261.35296264755294
[ 5.17989268  1.3137521   0.29942083  5.92365746  8.89256426 -1.0044279 ] -260.96021876210364
[ 5.10155068  0.67464803  0.40597667  6.53234051  9.86516664 -1.23111987] -261.71418491030386
[ 4.99938523  0.53608744  0.71536538  5.97750449  8.87758697 -1.3238111 ] -260.59638691413943
[ 4.90630773  0.22129272  0.98249445  5.96494309  8.7921884  -1.38158771] -260.4153166750892
[ 5.49561073  0.57149772  0.72918483  6.2700175   9.77947852 -0.87016964] -260.46079828528565
[ 5.26897636  0.76548938  0.80203367  5.42405746  8.19366568 -1.11055446] -260.90240452221576
[ 5.5594981   0.38180478  1.14646541  6.13124941  9.21672119 -0.90045174] -259.9751851327582
[ 5.87648924  0.08014626  1.59636456  6.33443621  9.48508191 -0.67139984] -260.07979761966766
[ 5.1893739   0.39602536  0.75203238  6.00706184  8.75125885 -0.48838799] -259.58147103900666
[5.10325858 0.18222448 0.74432784 6.05078782 8.54524983 0.04395672] -259.3484109607467
[ 5.34554104 -0.47127548  1.36835535  6.04539104  8.90619999 -0.68757597] -260.5034583800431
[ 5.28197892 -0.33526773  1.0545164   6.75210223  9.84261001 -0.44045658] -260.1566865573866
[ 5.32141536 -0.22169526  1.40962577  6.33874015  9.49182684 -0.5548902 ] -259.008564732654
[ 5.36079821 -0.53510326  1.81502749  6.47506512  9.8032457  -0.40373291] -258.7889126769715
[ 5.22360972  0.63342505  0.78898346  6.50266402  9.75363122 -0.62990465] -259.3584788594462
[ 4.98287302 -0.3887057   1.44808685  6.3555864   8.87173693 -0.36722265] -258.7725005911981
[ 4.72650417 -0.86880741  1.80753786  6.39837085  8.41786614 -0.11574916] -259.32038540830916
[ 5.59769778 -0.24183352  1.3499747   6.79087524  9.88554323  0.4823171 ] -258.8166847628329
[ 5.32726622  0.34587167  1.37643885  6.01664044  8.84943269 -0.15122281] -257.60834386871926
[ 5.34990987e+00  6.86441372e-01  1.53740007e+00  5.64890954e+00
  8.35284402e+00 -6.60592119e-03] -257.1022058633215
[ 4.9798843  -0.2696553   1.41480139  6.47671331  9.18736245  0.60672097] -257.5824998765072
[ 5.23453087 -0.82230237  1.98088932  6.09664846  8.46169616  0.74838242] -258.650923808701
[ 5.39863944 -0.70594407  2.4377321   6.56381154  9.64222634  0.30932962] -257.06910387571804
[ 5.54632987 -1.15002835  3.28443423  6.82032339 10.19071459  0.44201607] -257.4923951225183
[ 4.83784745 -0.43658959  2.19467104  5.74803621  8.2208273  -0.18669326] -258.4173717159103
[ 4.90043011 -0.11048196  1.8561661   5.82150336  7.77565204  0.7717033 ] -257.5166960841633
[ 5.25087432 -0.16413827  2.35913316  5.76295441  8.34179917  1.11483503] -257.194589872599
[5.00466429 0.48884642 1.95241197 5.910661   8.71187428 0.12138082] -255.81908025832274
[ 4.889731    1.14442082  1.93817329  5.81766727  8.83696334 -0.19211997] -255.48452057905774
[5.41864222 0.63013712 1.653131   6.28248359 9.15812182 1.0546476 ] -255.83007283513584
[5.42285802 0.76313364 2.51244385 5.48906326 8.18183979 0.41054225] -255.41300434543191
[5.64434488 1.27952811 3.06126508 4.99523824 7.67907847 0.31245289] -255.94892971633817
[5.67645485 0.89516549 2.28983839 6.03345984 9.72894612 0.1251729 ] -255.05466673350057
[ 6.06446722  1.39798922  2.50667453  6.13943807 10.70559316 -0.19809231] -255.6533528982501
[ 5.46787081  1.30192306  1.76377307  6.18217727  9.6251813  -0.5478462 ] -256.2172493576518
[ 5.40815558  0.65650398  2.66096383  6.47397805 10.03824888  0.39318132] -254.12004247670723
[ 5.43727843  0.64153529  3.22274571  6.8865123  10.88095131  0.59307494] -254.19137053852486
[5.36259806 2.50303878 1.83504237 5.52913156 8.88087408 0.10519635] -255.04504351297155
[5.25827576 0.89554355 2.53275783 5.69308392 8.64981671 1.18005302] -254.84910919023835
[ 5.25404887  1.6557983   2.93660886  5.39631103  8.94744116 -0.38063898] -255.4638260417162
[5.90439938 1.31197376 2.98437842 5.72067528 9.30542558 0.80328892] -253.97685061463287
[6.41173357 1.39575024 3.50748098 5.67217929 9.53965669 1.30099337] -254.64048909925378
[5.75686502 0.6859881  2.00186604 6.25015293 9.3142759  1.38645057] -255.5027232079285
[5.3797529  1.41334575 2.70292315 5.60977151 9.03914984 0.06113341] -254.46515478792645
[ 5.57368749  1.79539013  2.48952415  6.19763679 10.36564728  0.47879972] -253.62791866992723
[ 5.64910222  2.31151838  2.4780643   6.55192355 11.45755102  0.51292845] -254.24984802397336
[5.28583488 1.96343315 2.77869153 5.70796586 9.03077466 0.88204468] -253.5197274717105
[5.09052489 2.49756698 3.02311811 5.54521888 8.68168894 1.26048057] -254.3173707300757
[5.57410394 0.17569133 3.54803727 6.27190558 9.92881357 1.16097067] -255.05235581774053
[5.41547453 1.92120191 2.2632911  5.71482506 9.14285895 0.36913993] -253.98145514541858
[ 5.73082582  2.12507268  2.76049956  6.11520027 10.32421836 -0.18419036] -254.0451885431196
[ 5.72637299  1.84451279  2.60952638  6.36698893 10.36324139  0.85295467] -253.21717042819546
[ 5.89968303  2.06009632  2.56282799  6.74559764 11.02528717  1.2488653 ] -254.14527164747858
[5.80404278 2.9973575  2.63433988 5.46711935 9.47247319 0.67416453] -254.07408295683558
[5.70507098 2.41214412 2.64099587 5.71883402 9.61391711 0.60391873] -253.49638107293964
[5.47278759 1.62447927 2.49496959 5.69377505 8.94973664 1.51423924] -254.0322948507997
[5.53729715 1.74962763 2.56135208 5.79913135 9.29335707 1.08963184] -253.48285569439366
[ 5.82874643  1.77115861  3.09153171  6.12225235 10.18126208  1.20107292] -252.78295179492727
[ 6.03538238  1.69613696  3.50565202  6.325966   10.70046364  1.61703942] -252.66671655542314
[ 5.38348257  2.50844117  2.54420226  6.3181657  10.48370814  1.0381741 ] -253.73885355841648
[ 5.51371177  2.20932432  2.6542463   6.1687931  10.1891375   0.9794528 ] -253.16407240191785
[5.69420256 2.16300286 3.09396391 5.83158963 9.36464985 1.52954766] -253.09660973233113
[ 6.11817773  2.06148307  2.90988732  6.36246848 10.81081419  1.34213703] -252.86649809054222
[ 5.83664388  1.49588509  3.13721347  6.56614514 10.62663743  1.86633574] -252.84906600810606
[ 6.10419995  2.07382074  3.40881105  6.74151907 11.39162427  1.63952393] -252.98227649018938
[ 6.04106644  2.05537155  3.62706498  6.29850488 10.66453423  2.13839086] -252.81850964668197
[ 6.42951254  1.63924244  3.90661795  6.53993797 10.99710371  2.39820541] -253.06301835189944
[ 6.49412508  1.5109771   3.73778502  7.11325755 12.36574264  2.13766314] -253.26425688712948
[ 5.89418319  1.99999642  3.25491919  6.15200661 10.11492305  1.68157653] -252.69416980441594
[ 5.58037198  2.15498884  2.70789806  6.27559876 10.43922857  1.03012909] -253.08358172008732
[ 6.2172274   1.76817904  3.60693798  6.47385317 10.85763492  2.05618633] -252.69968369656664
[5.94336038 1.61852998 3.27174727 5.98479569 9.86671155 1.92769804] -253.3387628707484
[ 6.06399006  1.95999805  3.3745451   6.55233823 11.01039609  1.71156746] -252.63735272078873
[ 5.91132005  1.5970393   3.92555692  6.42713619 10.51404893  2.34822842] -253.1903903726817
[ 6.06646331  1.94537213  3.16380472  6.37863541 10.73662288  1.59365988] -252.62775233435656
[ 6.26946038  2.31246629  3.70709453  6.16095629 10.7348875   1.73313775] -252.71829366711302
[ 6.14116913  1.83867808  3.24391953  6.38274702 10.72044179  1.32599826] -252.6757248500628
[ 5.87001144  1.42365393  3.00949832  6.59422585 10.64527328  1.59553821] -252.90278515037792
[ 6.16959815  2.0902632   3.53269548  6.26927368 10.71248395  1.69873787] -252.57846532015606
[ 5.90636801  2.07530257  3.08490737  6.21313582 10.47414221  1.15334014] -252.67601841452918
[ 6.23347382  1.86858725  3.38025556  6.55535877 11.3365938   1.35187114] -252.68813209612557
[ 6.14865116  1.90143954  3.34892146  6.45452073 11.03117612  1.43429749] -252.58437433954265
[ 6.30205006  1.73532675  3.63827207  6.57469121 11.16305261  1.97375999] -252.67960085606978
[ 6.00528852  1.99030862  3.22324855  6.30352466 10.64636981  1.3584451 ] -252.58101125783315
[ 6.02195539  2.02249476  3.47236958  6.37867255 10.89206237  1.81191748] -252.64114688544868
[ 6.12326649  2.2738218   3.19954294  6.45302242 10.97590676  1.58583567] -252.77045510815714
[ 6.0573534   1.84055817  3.42912475  6.3577301  10.76932442  1.60923848] -252.5664448234125
[ 6.14849281  1.88681848  3.21841044  6.39333506 10.74339538  1.32339795] -252.70866516498089
[ 6.05358975  1.98857569  3.40887979  6.38233818 10.85489562  1.6897876 ] -252.56289988550216
[ 6.10299137  1.95884107  3.32767981  6.1630027  10.57322817  1.41648801] -252.7437236139478
[ 6.07374039  1.9597088   3.36282878  6.45500434 10.90110411  1.6377976 ] -252.5584923827527
[ 6.10294381  1.97824588  3.60476155  6.36216182 10.90182847  1.54910817] -252.53802367182865
[ 6.12118406  1.99468275  3.82523996  6.35392503 10.98443126  1.52683231] -252.6237908334835
[ 6.00552017  2.04778058  3.50492484  6.2554902  10.56415935  1.74674078] -252.60029578160254
[ 6.11286842  1.9380248   3.38792231  6.4047631  10.91442192  1.51240831] -252.54574383876076
[ 6.18474278  1.94148357  3.68548901  6.44023241 11.03831635  1.87391424] -252.59491148890757
[ 6.05015209  1.97810235  3.33880866  6.3377016  10.74435645  1.48731239] -252.54532484455478
[ 5.9806178   1.80414203  3.31141314  6.4972927  10.98282638  1.46314631] -252.58893304050721
[ 6.12235306  2.01873291  3.47737489  6.32627844 10.78006956  1.63983998] -252.54263788516195
[ 6.1145291   2.11323864  3.43106724  6.39835239 10.92956762  1.5628462 ] -252.5489505470299
[ 6.13860587  2.00677544  3.45870802  6.37908239 10.86888709  1.43998328] -252.53311178031663
[ 6.18111394  2.01587532  3.48362213  6.3774545  10.87588282  1.31508113] -252.57919646327906
[ 6.14007706  2.0513312   3.53671878  6.2811089  10.81193959  1.42603518] -252.56434540927378
[ 6.09032456  1.9826144   3.40630128  6.41153048 10.87881298  1.58485699] -252.53309391830646
[ 6.09122017  1.85425996  3.46022499  6.34215356 10.76655786  1.50832351] -252.54643129364848
[ 6.0970474   1.91900463  3.45293555  6.35620326 10.8073103   1.52195418] -252.53231041738465
[ 6.08760718  2.02313374  3.52504101  6.31955623 10.74599969  1.56194335] -252.51862775960254
[ 6.07497656  2.06568821  3.59360036  6.2769528  10.66178858  1.58671087] -252.5308239389114
[ 6.16280854  1.99806664  3.63623211  6.38056928 10.91661292  1.61191627] -252.52200744703754
[ 6.10409273  1.95054733  3.55061828  6.41008939 10.92641426  1.45008077] -252.5112270936704
[ 6.09496256  1.91645455  3.58723998  6.45199486 10.99958661  1.35520117] -252.52776231379463
[ 6.12388495  1.98180152  3.40518387  6.39018185 10.81285061  1.50780345] -252.54673449222966
[ 6.1081791   1.97913479  3.55486713  6.36916683 10.879584    1.53878199] -252.51913122672264
[ 6.07808063  1.9440584   3.58329044  6.3699561  10.84935763  1.64986123] -252.54047045663847
[ 6.12347456  1.99109618  3.48985362  6.37680082 10.86400472  1.49245277] -252.5175983562975
[ 6.13741195  1.9710467   3.66354796  6.32593145 10.83449565  1.47418612] -252.52866908612543
[ 6.14414395  2.05200383  3.68711781  6.37116807 10.91506011  1.52116624] -252.5194338319285
[ 6.10602341  2.02694747  3.48436203  6.41651875 10.91472958  1.58459434] -252.52551780595462
[ 6.11387054  2.01297228  3.52915851  6.39387193 10.8946711   1.55699229] -252.5140641215497
[ 6.06431414  2.00489607  3.47598668  6.36631515 10.82529838  1.4285562 ] -252.5152614157648
[ 6.0563688   1.9352563   3.35472393  6.37409871 10.79693061  1.48843622] -252.53845660459984
[ 6.12220016  2.02281695  3.60401934  6.37190073 10.88552773  1.51298373] -252.5119509570262
[ 6.09700734  2.02268606  3.50335869  6.37701125 10.83438796  1.46222105] -252.51514464307206
[ 6.12071265  1.97853789  3.52595737  6.44577352 10.99743503  1.40581892] -252.5303507735743
[ 6.09588355  2.01198478  3.5252701   6.35111056 10.80885853  1.52291224] -252.5109893207569
[ 6.07564826  2.01753831  3.57295025  6.37996551 10.86104793  1.48546266] -252.50955732382238
[ 6.05173511  2.03075938  3.61449856  6.38154786 10.85956953  1.4819676 ] -252.51842529373505
[ 6.13858672  2.0079525   3.61913838  6.39500131 10.91167079  1.56832805] -252.51220419780242
[ 6.11975331  1.98525132  3.6303596   6.39030189 10.92834215  1.5700322 ] -252.517787356158
[ 6.10269383  2.01332738  3.53510892  6.38033391 10.85787651  1.48917384] -252.5097567870788
[ 6.09916454  1.99508347  3.60654324  6.36892854 10.85579415  1.45265481] -252.50588853252953
[ 6.09181154  1.98613906  3.64523561  6.35645685 10.83635567  1.40048607] -252.50899794495297
[ 6.06130764  1.99581357  3.512365    6.35910824 10.82016891  1.4027613 ] -252.51314508962844
[ 6.11926695  2.00491777  3.59244503  6.38602804 10.88879532  1.52693636] -252.50739662007683
[ 6.07671646  1.97498273  3.52362593  6.38691792 10.84740116  1.46275649] -252.50714072702638
[ 6.08569847  2.05539748  3.56802954  6.34100544 10.78017694  1.5298847 ] -252.51332004334384
[ 6.09949416  1.97675987  3.5549711   6.3928184  10.88985493  1.47003175] -252.50775673138514
[ 6.09511119  1.9822184   3.60327806  6.41388689 10.92473147  1.43942639] -252.51088836109193
[ 6.09530428  1.98965999  3.58377607  6.3981928  10.89576324  1.46029785] -252.5073817599297
[ 6.08583771  1.97298667  3.60966162  6.3906165  10.8883424   1.46353947] -252.5082452619587
[ 6.11627977  1.95392519  3.58405741  6.39453522 10.89426914  1.45994292] -252.5053459900665
[ 6.13659553  1.92211863  3.589611    6.40182007 10.91087974  1.44718305] -252.50850547620536
[ 6.11623767  1.992123    3.53881131  6.38519048 10.86895024  1.48066726] -252.50898755054618
[ 6.0934377   1.97777075  3.59194904  6.38925999 10.88349436  1.46782142] -252.50652919067863
[ 6.1005624   1.98868676  3.60582781  6.38180244 10.86531753  1.4734382 ] -252.50430513029548
[ 6.10109652  1.99465021  3.63125617  6.37629446 10.85304882  1.47514142] -252.50404103613891
[ 6.07473281  1.95710635  3.58129092  6.38534827 10.85446164  1.39926861] -252.50698829977944
[ 6.09183833  1.9615129   3.58913151  6.368902   10.83372652  1.44556404] -252.5031285467921
[ 6.09010535  1.94743936  3.59180923  6.35425659 10.80270816  1.43819713] -252.50362955153747
[ 6.11546677  1.97170023  3.67111684  6.37417157 10.87753038  1.43737458] -252.5073990919556
[ 6.08640403  1.9741621   3.56049866  6.38373133 10.85493347  1.45641101] -252.50502243688274
[ 6.12134082  1.99526186  3.60652109  6.37520224 10.87062718  1.51990993] -252.50618889256054
[ 6.11193697  1.98042783  3.60072032  6.3666046  10.8373054   1.46871996] -252.50258077393048
[ 6.12118661  1.98175636  3.60510596  6.35527691 10.81421092  1.46916923] -252.50282840001225
[ 6.08089923  1.95799204  3.58421468  6.37779647 10.83906531  1.39956813] -252.5052006460719
[ 6.09698708  1.94580662  3.57674967  6.38702615 10.84832207  1.44912769] -252.50220771624453
[ 6.09589835  1.9211682   3.56185289  6.39607496 10.84458603  1.44736413] -252.50236504044437
[ 6.07344095  1.98425871  3.59679959  6.35891645 10.7945314   1.43823449] -252.50235268643738
[ 6.1063354   1.98894742  3.60083729  6.36936186 10.83489058  1.51149808] -252.50310760322313
[ 6.10747438  1.9777058   3.63799953  6.35863717 10.81234146  1.47301755] -252.5007986657463
[ 6.11800955  1.97947764  3.67674996  6.3460901  10.79104546  1.48132081] -252.50274139490435
[ 6.09490784  1.95156955  3.5694898   6.36018829 10.80065698  1.45357918] -252.50174877719428
[ 6.10518921  1.98139241  3.60506722  6.36467618 10.80895611  1.48582828] -252.501233727031
[ 6.09031009  1.95143955  3.59477142  6.36265443 10.79914723  1.41133763] -252.50128061061838
[ 6.07749955  1.95029638  3.59290543  6.36409496 10.78401302  1.43498831] -252.4994217480501
[ 6.06028083  1.93523066  3.58899798  6.36284013 10.75736683  1.41812249] -252.49980363991966
[ 6.11734843  1.93514472  3.5955281   6.37350927 10.8232809   1.46439172] -252.50097328268453
[ 6.10058942  1.97004285  3.62183749  6.34089395 10.76114316  1.45858653] -252.50003125959176
[ 6.10456252  1.97043768  3.6465466   6.36130036 10.79563698  1.45580416] -252.50052002417962
[ 6.11391109  1.9769004   3.63852337  6.35838287 10.79597664  1.51286788] -252.50089011477502
[ 6.10193925  1.94545021  3.63937961  6.35426335 10.78184128  1.44739044] -252.4995471731852
[ 6.08464363  1.99513305  3.66353591  6.33901495 10.75370328  1.46315991] -252.50349293095292
[ 6.10917223  1.9501418   3.61253005  6.36488569 10.80588649  1.46408376] -252.49999883169193
[ 6.08650136  1.94445784  3.6118762   6.35630896 10.78431082  1.39842237] -252.50129848955015
[ 6.10705866  1.96878976  3.63186158  6.35786439 10.79306019  1.4842565 ] -252.4998756241345
[ 6.09279949  1.94068043  3.61035406  6.35579706 10.76151891  1.44201903] -252.49860916827495
[ 6.08546205  1.92216775  3.59653132  6.354377   10.73610763  1.42651977] -252.49930295756138
[ 6.09179035  1.93802946  3.58974281  6.35129943 10.76685071  1.45463736] -252.49941327358886
[ 6.09283042  1.92775317  3.60375369  6.37517435 10.80324704  1.4505386 ] -252.49841931475518
[ 6.08895092  1.90660833  3.59471179  6.39231455 10.82429897  1.44651464] -252.49950123986164
[ 6.07880034  1.94019133  3.61013567  6.35461215 10.75762389  1.44052632] -252.49810102321226
[ 6.06361439  1.9352161   3.60893848  6.34947538 10.73349258  1.4287476 ] -252.49856518797148
[ 6.07149448  1.91201057  3.58356218  6.36054937 10.75863809  1.40577685] -252.49955942426945
[ 6.08038552  1.92620537  3.59563703  6.35987813 10.76724361  1.42539676] -252.4989857521151
[ 6.06942931  1.92893518  3.56146328  6.36602201 10.76499111  1.43531169] -252.4994183835016
[ 6.09117893  1.91696859  3.59745675  6.35683275 10.75647874  1.44782161] -252.4979509922059
[ 6.09801862  1.9003047   3.59973241  6.35320165 10.7427116   1.45423826] -252.49925076081638
[ 6.10649904  1.93434094  3.64089672  6.35184261 10.77266318  1.45166821] -252.49874303276533
[ 6.0890409   1.92401715  3.6296685   6.36674625 10.77274108  1.43135281] -252.49823811963603
[ 6.10333085  1.93511184  3.6351181   6.36045693 10.77418066  1.46257876] -252.4981804888322
[ 6.07616127  1.92723323  3.5879322   6.37136388 10.76926692  1.43994417] -252.49897149206402
[ 6.0989146   1.93256401  3.62765559  6.35672293 10.77181412  1.4487372 ] -252.49844506474642
[ 6.09189919  1.91818827  3.62424204  6.36771806 10.78384293  1.45183274] -252.49725771319203
[ 6.09144903  1.90694218  3.63118603  6.37367857 10.79500494  1.4567396 ] -252.49797353200105
[ 6.08344561  1.92151277  3.60580266  6.37045723 10.77755733  1.44614642] -252.49796885657182
[ 6.08640152  1.92424348  3.63038755  6.35043345 10.73756117  1.44288095] -252.497396388546
[ 6.08931125  1.92805495  3.60471243  6.35342394 10.75634049  1.46590946] -252.49780530778742
[ 6.07034809  1.91460796  3.5891276   6.35736893 10.74895418  1.43579374] -252.4981598992675
[ 6.07859378  1.91973393  3.60062523  6.35814093 10.7552608   1.44248999] -252.49785737412398
[ 6.09480975  1.90270933  3.61093988  6.36438997 10.76472327  1.45850074] -252.49773399641944
[ 6.09395253  1.91512008  3.6169853   6.34652247 10.74051181  1.45699875] -252.49806588103976
[ 6.08607234  1.9199146   3.60859832  6.36447354 10.76829595  1.4488595 ] -252.49764245218603
[ 6.08451701  1.92064626  3.62904507  6.36269388 10.76552947  1.45566952] -252.4974695261221
[ 6.09907657  1.91818503  3.63534987  6.36290335 10.77017029  1.46539431] -252.49727280365565
[ 6.09161421  1.90657404  3.64147515  6.37078014 10.77370053  1.44180313] -252.49795573818562
[ 6.08988699  1.92268472  3.61390311  6.35776299 10.7606805   1.45988287] -252.4973755952324
[ 6.08447479  1.93857812  3.63623544  6.35760512 10.76397017  1.44967256] -252.49824760231252
[ 6.09222601  1.91167653  3.61726377  6.36269376 10.76453499  1.45629369] -252.49746832056752
[ 6.09526342  1.91862683  3.64146548  6.35692829 10.75914384  1.46179186] -252.4974832764874
[ 6.09296565  1.91894877  3.63324869  6.3588146  10.76143186  1.45855877] -252.49730831892782
[ 6.09963496  1.91732935  3.62241995  6.35741486 10.76054445  1.45594493] -252.49791017234807
[ 6.0882965   1.91981703  3.62738879  6.36137413 10.76428321  1.45573837] -252.49676891422868
[ 6.09061613  1.92901257  3.63757625  6.3569751  10.761455    1.45513565] -252.4976925426477
[ 6.09182354  1.91601054  3.62234189  6.3612641  10.76376499  1.45600418] -252.49689659810787
[ 6.09824796  1.9137013   3.62177058  6.37284563 10.79716342  1.4729228 ] -252.49750031197257
[ 6.08936313  1.92160794  3.62823331  6.35603649 10.75246174  1.45039141] -252.4972965233157
[ 6.09458787  1.91490114  3.64303176  6.36494058 10.77130451  1.45275705] -252.4971809444282
[ 6.09204995  1.91728788  3.62694719  6.36593097 10.77384402  1.45214725] -252.49703200063507
[ 6.09654808  1.91318869  3.63153387  6.37200724 10.78994158  1.46089989] -252.49720228334914
[ 6.0859918   1.91494615  3.62314531  6.36817501 10.77882346  1.44439885] -252.49772330536783
[ 6.09580538  1.91737531  3.63229873  6.36422127 10.77233358  1.46014544] -252.49703884210132
[ 6.09447125  1.91467193  3.6369387   6.3621947  10.76131437  1.46073132] -252.4972653541301
[ 6.0925422   1.91730918  3.62741621  6.36633722 10.77821079  1.45405739] -252.4971385129767
[ 6.08848707  1.921045    3.62827432  6.35601552 10.75130545  1.44938334] -252.49725145347603
[ 6.09453282  1.91515277  3.63071898  6.36800931 10.78028255  1.45802075] -252.49709792687707
[ 6.09042893  1.91941643  3.61267217  6.36410508 10.77293521  1.45928074] -252.49704916215796
[ 6.09177017  1.9177108   3.62337304  6.36196439 10.7642704   1.45972153] -252.49681936860964
[ 6.08885866  1.92071989  3.61762162  6.35827734 10.75686126  1.45632509] -252.49712366541652
[ 6.09311428  1.91654455  3.62744464  6.36557631 10.77442723  1.45759684] -252.4970064939464
[ 6.09385768  1.91549894  3.64059259  6.36267198 10.76470594  1.4545038 ] -252.49708441636508
[ 6.09128611  1.91843706  3.61965228  6.3637468  10.77087789  1.4580865 ] -252.4969531696832
[ 6.08697481  1.91789397  3.61675055  6.36239763 10.76482234  1.45295278] -252.49736032664708
[ 6.09359774  1.91750498  3.62841168  6.36376536 10.77045577  1.45834728] -252.49699799890453
[ 6.09124617  1.91805378  3.62259025  6.35996606 10.76218247  1.46301765] -252.49716997070658
[ 6.091849    1.91747935  3.62585796  6.36443974 10.77092864  1.45486485] -252.4969242695683
[ 6.08976007  1.9191087   3.6215639   6.35994186 10.76043308  1.4566574 ] -252.49715042627705
[ 6.09227573  1.91718559  3.62597446  6.3641677  10.77092869  1.45736198] -252.49688405476385
[ 6.08883595  1.91804181  3.61978445  6.36188693 10.76456217  1.45557853] -252.49675600639856
[ 6.08645506  1.91831023  3.61547084  6.36094771 10.76161537  1.45419415] -252.4977354887375
[ 6.09033085  1.91697798  3.62858792  6.36128553 10.76203481  1.45500331] -252.4967523740809
[ 6.08985322  1.91624845  3.63305574  6.36005489 10.75761327  1.45346171] -252.49719033401908
[ 6.08926191  1.91776857  3.62329223  6.35954118 10.75901946  1.45827111] -252.49703014884997
[ 6.09120223  1.91755165  3.62521652  6.3632151  10.76795134  1.45571642] -252.49687773923026
[ 6.08908027  1.91975108  3.6277665   6.36336716 10.76757855  1.45703586] -252.49687886422632
[ 6.08756292  1.9194312   3.62473129  6.36019671 10.75929814  1.45556936] -252.49703767261693
[ 6.09109753  1.91774699  3.62566366  6.36317495 10.76802105  1.45691382] -252.49689352438736
[ 6.0895834   1.9175099   3.62418619  6.36158623 10.76329849  1.45529092] -252.4968242680729
[ 6.08931367  1.91839751  3.62798835  6.36132983 10.76315901  1.45537084] -252.49685125618103
[ 6.09105051  1.91734439  3.62598048  6.36162496 10.76315261  1.45736242] -252.4968478278021
[ 6.09076654  1.91726482  3.62690222  6.36225031 10.76499308  1.45535986] -252.49682816068
[ 6.08970556  1.91836453  3.62817721  6.36232634 10.76480668  1.45601958] -252.49680894339843
[ 6.09130329  1.91708179  3.62728119  6.36272661 10.76648175  1.45618264] -252.4968925138333
[ 6.08894689  1.91820459  3.6266596   6.36074112 10.76066647  1.45528633] -252.49711717829584
[ 6.09071419  1.91736249  3.62712579  6.36223024 10.76502793  1.45595856] -252.49682319703908
[ 6.09140334  1.91654386  3.62566492  6.36243804 10.76461219  1.45629404] -252.49693812548358
[ 6.08983609  1.9179341   3.62740749  6.36160688 10.76352231  1.45560164] -252.49679713330164
[ 6.0892617   1.91779355  3.62814846  6.36213688 10.76474183  1.45371554] -252.49686291364978
[ 6.09060331  1.91745668  3.62652248  6.36175294 10.76354991  1.4564507 ] -252.4968358920246
[ 6.0897089   1.91768126  3.62760647  6.3620089  10.76434452  1.45462726] -252.49689436247525
[ 6.09037971  1.91751283  3.62679347  6.36181693 10.76374856  1.45599484] -252.49680026580143
[ 6.08941672  1.91795579  3.62719047  6.36136707 10.76248652  1.45592975] -252.49682663820334
[ 6.08975418  1.91778305  3.62711841  6.36158788 10.76311316  1.45578728] -252.4968412236112
[ 6.09008347  1.91745604  3.62799771  6.3614462  10.76277856  1.45530247] -252.49683957603588
[ 6.09035528  1.9172454   3.6276907   6.36155123 10.76289169  1.45549907] -252.4968341507932
[ 6.0900182   1.91767126  3.62838257  6.36180593 10.76342074  1.45551144] -252.49680580293932
[ 6.09052252  1.91717024  3.62785686  6.36175788 10.76353137  1.45548093] -252.49676803619712
[ 6.08995712  1.91724394  3.62638705  6.36143588 10.76266665  1.45514711] -252.496745215672
[ 6.09054869  1.9171214   3.62774507  6.36176792 10.76351394  1.45518158] -252.49686829281632
[ 6.08987379  1.91746689  3.62788919  6.3613263  10.76226066  1.45546653] -252.49679642654584
[ 6.09026912  1.91713586  3.62760039  6.36160805 10.76282342  1.45540033] -252.49681904069442
[ 6.08996859  1.91730998  3.6278773   6.36152196 10.76268753  1.45517081] -252.4967562920245
[ 6.08995457  1.91747757  3.62805991  6.36143645 10.76271051  1.45519305] -252.4967522052656
[ 6.09018428  1.91687761  3.62717018  6.36111539 10.76187643  1.4549758 ] -252.49718926931072
[ 6.09005972  1.91747285  3.62807947  6.3616333  10.76303467  1.45537753] -252.49674565345933
[ 6.09039067  1.91708397  3.62772697  6.36169737 10.76329452  1.45499105] -252.4967801095335
[ 6.09026145  1.9171797   3.62776753  6.3616046  10.76303605  1.45510992] -252.49713107092936
[ 6.09000842  1.91735839  3.62723326  6.36153459 10.76285066  1.45526232] -252.49682232535986
[ 6.08995585  1.91736075  3.62722348  6.36143616 10.76268858  1.45517008] -252.49678225614096
[ 6.09014399  1.91711096  3.62748749  6.3613607  10.76235073  1.45507521] -252.49678360544996
[ 6.08996286  1.91727696  3.62713217  6.36147892 10.76267709  1.45515896] -252.49682561701553
[ 6.09023982  1.91720709  3.62712195  6.36159688 10.76309901  1.45531402] -252.4967809363451
[ 6.08991546  1.91735541  3.62713812  6.36138109 10.76246366  1.45530682] -252.49681790798687
[ 6.0901107   1.91726855  3.62706494  6.36143618 10.762696    1.45526623] -252.49678437694726
[ 6.09009922  1.91715718  3.62690775  6.36134771 10.76247088  1.45516417] -252.49685654858808
[ 6.09003112  1.91730809  3.62715188  6.36148787 10.76275572  1.45523778] -252.49678321888615
[ 6.09023074  1.91714438  3.62700748  6.3615368  10.76295524  1.45509666] -252.49683246928169
[ 6.08999428  1.91730266  3.62710546  6.36142002 10.76258655  1.45525428] -252.4968205588617
[ 6.09009847  1.91722551  3.6267545   6.36151638 10.76288283  1.45523057] -252.49680849127188
[ 6.08995649  1.91730235  3.62680527  6.36143602 10.76267761  1.4551586 ] -252.49681103527712
[ 6.08999412  1.91727601  3.62676947  6.36146187 10.76271118  1.45519245] -252.49688825648974
[ 6.09005056  1.91717745  3.62693727  6.36139829 10.76250869  1.45511116] -252.49679760422265
[ 6.09003391  1.91725625  3.626726    6.36143603 10.76268133  1.45520667] -252.49678431126972
[ 6.08993629  1.91729968  3.62676259  6.36140848 10.76256515  1.45522697] -252.4967879645684
[ 6.09001682  1.91722571  3.62668809  6.36141515 10.76261624  1.45516791] -252.4967880757126
[ 6.09007457  1.91717383  3.62661323  6.36143405 10.76262935  1.45520486] -252.49678463912767
[ 6.08992462  1.91723344  3.62661691  6.36132625 10.76233964  1.45512433] -252.49678298351304
[ 6.08993056  1.91730016  3.62632736  6.36142032 10.76265743  1.45524812] -252.49675504931383
[ 6.08993553  1.91727672  3.62645629  6.36140518 10.76256361  1.45521811] -252.49678235606405
[ 6.09001582  1.91719511  3.62627969  6.36141075 10.76261418  1.4551561 ] -252.4968375288109
[ 6.08995617  1.91727353  3.62664186  6.36140905 10.76257741  1.45520925] -252.49679689357342
[ 6.08994384  1.91727205  3.6263572   6.3614281  10.76266204  1.45519762] -252.49673124244654
[ 6.08994633  1.91726033  3.62642167  6.36142053 10.76261513  1.45518261] -252.49677254848163
[ 6.08994087  1.91723869  3.62650198  6.36138106 10.76250315  1.45513572] -252.4968252338033
[ 6.08999552  1.91725009  3.62655653  6.36143595 10.76267399  1.45517689] -252.49677822532686
[ 6.09001585  1.91720889  3.62650014  6.36143496 10.762648    1.45517599] -252.4968247917359
[ 6.08994671  1.91727181  3.62657482  6.36142218 10.7626159   1.45518704] -252.49681632460607
[ 6.08999425  1.91726368  3.62643049  6.36147814 10.76279076  1.45522003] -252.49682164020575
[ 6.08991207  1.91731175  3.62640911  6.36143863 10.76269349  1.45519445] -252.4968019541182
[ 6.08990628  1.91727298  3.62647164  6.36138228 10.76251831  1.45514187] -252.4968268120812
[ 6.08997226  1.91726601  3.62644078  6.36145417 10.76272265  1.45520049] -252.4967697978305
[ 6.08996234  1.91726292  3.62628263  6.36144891 10.76272875  1.45517935] -252.49679528140666
[ 6.09001373  1.9172067   3.62640617  6.36143588 10.76266291  1.45516691] -252.49680154149823
[ 6.08998831  1.91723296  3.62640691  6.36143657 10.76267056  1.45517379] -252.4967748571629
[ 6.08997212  1.91724555  3.62657409  6.36142149 10.76260826  1.45518015] -252.49678378962653
[ 6.08996968  1.91724989  3.62650122  6.36142835 10.76263838  1.45517995] -252.49677822805106
[ 6.08996479  1.91725857  3.62635549  6.36144205 10.76269862  1.45517955] -252.49673848665418
[ 6.0899287   1.91726119  3.62623318  6.36143648 10.76267123  1.4551835 ] -252.49680456674548
[ 6.08997881  1.91725287  3.62647569  6.36143609 10.7626733   1.45517854] -252.49678834862618
[ 6.08995431  1.91726531  3.62635635  6.36143508 10.76268033  1.45518858] -252.49677327317167
[ 6.08995048  1.917258    3.62637213  6.36143199 10.76266435  1.45517236] -252.4967992582768
[ 6.08995805  1.91726903  3.62639899  6.36144114 10.76269234  1.45519905] -252.49680549311583
[ 6.08994508  1.91726619  3.62638944  6.36142431 10.76263859  1.45519011] -252.49678264045906
[ 6.08996608  1.91725251  3.62638206  6.36143234 10.7626663   1.45518571] -252.49675736829937
[ 6.08996968  1.91726107  3.62645686  6.36143203 10.76266801  1.45518725] -252.49679549900534
