[ 0.86634288  0.34406081  1.24919276 -1.19476936 -1.63381202 -1.65000949] -235.89422156891357
[-0.56185621 -0.72859146 -0.97292084  0.32270595  0.25963656  1.89153639] -267.55374067497996
[-0.26910218 -0.30851689 -1.21540087 -0.68155318  0.00206237  0.15809931] -246.88391327608676
[-0.07186112  0.26817348 -0.63093836  1.3299264  -0.34328965  0.72831395] -261.56978144451404
[ 0.19962545  0.44424407 -0.15672135  0.6354427  -0.33369742 -0.64729156] -251.79938484848108
[-1.46997579  0.20713657 -0.80986112  0.34170058  1.62714002 -0.35072218] -301.494075960269
[-0.17227704  1.09246302  0.44340373  1.71413407 -0.3831228  -0.37635848] -268.4041891708219
[ 1.46693305  0.16347444  0.38206615  0.36692828 -2.437881    0.38548555] -245.7354283943715
[ 0.71563766 -1.03151487 -0.89164456 -1.45457381 -1.11253758  0.66506986] -232.03716843037225
[ 1.15959501 -2.09350382 -1.5591687  -3.03892775 -1.47724497  1.18578403] -238.90437810724399
[ 1.53104813  0.68856514  0.5517721  -0.65557228 -2.21268832 -2.01164718] -241.3817903509784
[ 1.57535612 -0.16806925  0.60402643 -2.32462562 -2.23289501 -1.76174512] -241.31409308767783
[ 1.76244644 -0.54824428  0.38339202 -2.61683135 -2.8755531  -0.75762413] -253.52195180203057
[ 0.5903307   0.19612198 -0.02169301 -0.17762582 -0.96916134 -0.6748747 ] -239.13919474430583
[ 2.51765169  0.37272964  1.83997416 -1.13185968 -3.53505413 -1.840673  ] -263.6179550874927
[ 0.42758629 -0.13820526 -0.45155711 -0.79412981 -0.88221675 -0.34159377] -235.40884922895222
[ 0.43516754 -0.19982159 -0.03536727 -2.56736051 -0.57655601 -2.31041902] -229.90931121121304
[-0.08071522 -0.3814696  -0.24408398 -4.0345049   0.35410649 -3.65837131] -234.5548025689163
[ 0.00575893 -1.0210412  -0.40078635 -2.1821227  -0.25637124 -0.0128769 ] -230.71672432642873
[-0.56174812 -0.44873079 -0.78797828 -0.46556838  0.4226767   0.32017711] -256.84838739695357
[ 1.04108006 -0.23823464  0.25602526 -1.85986131 -1.56900208 -1.24126456] -232.0053870355182
[ 0.57352709 -0.95770757 -0.06968608 -3.17331335 -1.04100389 -0.95548992] -232.36946133978748
[ 0.19990964 -1.53956918 -1.78019814 -2.81568446 -0.1787505   0.25115138] -230.33905370352934
[ 0.56277402 -1.52442442 -0.5223286  -3.89017557 -0.69585701 -0.85968262] -236.9259952097936
[ 0.46138322 -0.48476005 -0.46924998 -1.56814125 -0.83562682 -0.47111598] -231.01895429616775
[ 0.37945193 -0.54727294 -1.0373876  -0.97593466 -0.46861085 -0.08432848] -237.11785902232322
[ 0.5250083  -0.85509891 -0.31161146 -2.62396868 -0.89790563 -0.73769956] -228.92941239952933
[ 0.17379823 -0.41466032 -0.02208476 -3.08447249 -0.32553318 -2.17247807] -229.38623774235037
[-0.44073811 -1.26674911 -1.26245791 -3.08738872  0.54542095 -0.57654816] -230.39268224810047
[-0.16174838 -1.28088672 -0.80158531 -3.8855246   0.27239495 -1.38184079] -229.53556193537
[ 0.23804015 -0.83122074 -1.0036486  -3.83934379 -0.13060523 -2.29640118] -232.37396290973155
[ 0.06382923 -0.97358609 -0.55150191 -2.59642797 -0.22492974 -0.58375797] -228.68948696962133
[ 0.85272629 -0.48779182  0.09500829 -2.77042419 -1.18918099 -1.73513319] -231.93422316786484
[-0.11737201 -1.07200979 -0.92309136 -3.00814759  0.11177047 -0.86619441] -228.53062790395006
[ 0.106318   -0.05911862  0.89845078 -3.10628282 -0.36816921 -2.93528133] -232.21990673572842
[ 0.17651173 -1.16945654 -1.11053591 -2.88833405 -0.22610518 -0.54545679] -228.47788433632363
[-0.2151585  -1.72207787 -1.20476963 -3.46159795  0.14645323  0.21460982] -228.88232396930943
[ 0.36395404 -0.78807645 -0.57294636 -2.00212497 -0.74447829 -0.1818182 ] -229.6355967953018
[-0.03032277 -1.15768415 -0.74442557 -3.4146747   0.01817664 -1.08183515] -228.21290591495787
[-0.0396329  -1.90197747 -1.59322719 -2.91324449 -0.03198022  0.97236672] -231.08080263440596
[ 0.12044045 -0.7864896  -0.41487037 -3.04166549 -0.25214494 -1.38626688] -228.17573968286703
[-0.52569892 -1.4386691  -1.33812012 -3.51298057  0.75564579 -0.6786009 ] -229.52121428934885
[ 0.26233149 -1.00099146 -0.56823863 -2.84622165 -0.48451778 -0.7229249 ] -228.1487978054137
[ 0.37363121 -0.33132801 -0.23278495 -2.47022586 -0.49903674 -1.94342185] -229.377976203627
[-0.06796107 -1.3743904  -0.96177346 -3.21375493 -0.01491926 -0.3248981 ] -228.1767509418906
[ 0.05071337 -1.21342123 -1.02280985 -3.5411715  -0.05765028 -1.05876744] -228.9221070500191
[ 0.06055027 -1.03354487 -0.6693289  -2.83261385 -0.18310987 -0.70251034] -228.18582754661801
[ 0.29122204 -1.10217589 -0.56663292 -3.07094064 -0.49264393 -0.72176964] -228.47636573289873
[ 0.03557507 -0.98230225 -0.19788737 -3.25162303 -0.24361454 -1.1012782 ] -228.26970838761326
[-0.16435089 -1.00962503 -0.61887518 -3.12924391  0.10593402 -1.05146822] -228.08844102957153
[-0.39213736 -0.9633496  -0.64499631 -3.15839555  0.40522299 -1.21631751] -228.911883650402
[ 0.02465409 -1.13860626 -1.12794999 -2.90776848 -0.0265792  -0.65535632] -228.69265140842646
[ 0.03284482 -1.02137825 -0.43040303 -3.16565939 -0.1893557  -0.98979773] -227.96856001945264
[ 0.1116078  -0.91778905 -0.47673761 -2.66171171 -0.35754782 -0.64412024] -228.2188664878359
[ 0.00515987 -1.09771038 -0.67750358 -3.22643395 -0.07575448 -0.97240642] -227.98768677293216
[ 2.27128814e-03 -1.06331684e+00 -5.54559185e-01 -3.37504592e+00
 -1.20476172e-01 -1.11341041e+00] -228.29369254922335
[ 0.04598052 -1.04098786 -0.64063647 -2.96822187 -0.16745145 -0.80523536] -227.9863820833425
[ 0.16876316 -0.61133713 -0.15506896 -2.91206049 -0.33951085 -1.65113507] -228.50944811930526
[-0.00878001 -1.18362708 -0.76009733 -3.13833132 -0.09606716 -0.65645734] -227.96128434105958
[-0.06271185 -1.33161708 -0.81704771 -3.11637188 -0.05025924 -0.34649645] -228.092787390844
[-0.31295067 -1.22732377 -0.74661581 -3.40186579  0.32686644 -0.88436227] -228.06295847798177
[-0.07132027 -0.86193371 -0.47432943 -3.2268802   0.01831646 -1.44007934] -228.13216259079022
[-0.06486395 -1.21419624 -0.73136814 -3.14399896 -0.03311531 -0.61989217] -227.9521001945023
[ 0.06348108 -1.25211617 -0.70999961 -3.21892651 -0.18422657 -0.59124888] -228.09782799085045
[-0.1073929  -1.07024781 -0.64165629 -3.15166456  0.03339387 -0.93641338] -227.95314590348332
[ 0.28060012 -0.98205877 -0.54727247 -2.86290423 -0.50298318 -0.77570519] -228.1846518687159
[-0.16456297 -1.16600752 -0.69677997 -3.2671254   0.11940404 -0.857198  ] -227.94122258160786
[-0.0940847  -1.13443788 -0.62281016 -3.05189989 -0.03530943 -0.64925824] -227.96118273052483
[-0.18159376 -1.2223104  -0.65373517 -3.33800464  0.10043488 -0.76443693] -227.8954592256164
[-0.2953809  -1.31297167 -0.66028452 -3.52289602  0.23437805 -0.74403772] -228.00160389614229
[-0.23993759 -1.30889739 -0.93841266 -3.19801553  0.218936   -0.50475429] -228.33789314562216
[-0.03535078 -1.09325804 -0.55740544 -3.17374843 -0.08728278 -0.86853687] -227.88081271161136
[-0.20716967 -1.11652555 -0.54115439 -3.2371493   0.12857558 -0.90878786] -227.90827423262724
[-0.15955998 -1.15974397 -0.65122297 -3.38533055  0.12244619 -1.00249683] -227.97558399573185
[-0.11045352 -1.1407644  -0.62991336 -3.13525755  0.00412948 -0.73756789] -227.90938707611326
[-0.14727199 -1.24743957 -0.62846254 -3.28009686  0.04398809 -0.64905986] -227.88027194376875
[-0.16721153 -1.33603545 -0.62186566 -3.34431301  0.0492852  -0.5053831 ] -227.93574675598623
[-0.21727028 -1.11457225 -0.50444882 -3.33312844  0.13619841 -0.97530364] -227.8777755112587
[-0.29347344 -1.06476026 -0.39098916 -3.42769318  0.22085527 -1.15300937] -227.9616552724106
[-0.13514036 -1.14561588 -0.4749266  -3.23200301 -0.01072281 -0.77736635] -227.82629738427482
[-0.12042905 -1.13542006 -0.36399991 -3.21444181 -0.07578624 -0.73745052] -227.83212890569354
[-0.19747876 -1.17247616 -0.49013095 -3.39611934  0.09960098 -0.91026262] -227.91045777935366
[-0.13220983 -1.14869234 -0.59496776 -3.200473    0.02799735 -0.78074157] -227.8680871870855
[-0.07577599 -1.20743728 -0.59682772 -3.28200215 -0.0583712  -0.69636055] -227.92381043715906
[-0.17432125 -1.13925348 -0.55507272 -3.24836252  0.08183889 -0.85568103] -227.8654103412156
[-0.09892774 -1.07396679 -0.45135945 -3.15126611 -0.03642917 -0.87112617] -227.8429528448116
[-0.26636304 -1.19658873 -0.51234053 -3.30802821  0.1682397  -0.76788933] -227.85714458772725
[-0.19413884 -1.02545692 -0.40257609 -3.21099023  0.07838603 -1.02697617] -227.89135091953443
[-0.1589887  -1.19194391 -0.57199092 -3.2628202   0.05258758 -0.74353894] -227.85082781439507
[-0.10471336 -1.18411479 -0.54910384 -3.13452258 -0.04169457 -0.62347749] -227.8619826791898
[-0.18060832 -1.16180219 -0.44329693 -3.24519455  0.04327585 -0.7656182 ] -227.8173772118808
[-0.20480757 -1.16835711 -0.36746151 -3.26755532  0.0509151  -0.75805652] -227.8101003259708
[-0.148659   -1.18094226 -0.4206549  -3.20370263 -0.02087361 -0.65813723] -227.8118871558682
[-0.23291544 -1.13502343 -0.38380746 -3.34060258  0.10960016 -0.90189402] -227.84272958414255
[-0.06011657 -1.10202773 -0.37772642 -3.17795507 -0.11988061 -0.80215041] -227.85306579419083
[-0.11167818 -1.12566798 -0.41137995 -3.21047336 -0.04785054 -0.79358514] -227.82629297958533
[-0.15172073 -1.08458057 -0.26453903 -3.20571413 -0.03770787 -0.84318287] -227.8235819243659
[-0.22937936 -1.20609562 -0.32289703 -3.33541756  0.05088265 -0.70628121] -227.8412103177726
[-0.09421296 -1.16872971 -0.37014554 -3.14435275 -0.11471919 -0.61030908] -227.8315473332396
[-0.05269358 -1.08520221 -0.44680548 -3.0858495  -0.11120228 -0.77393119] -227.84554034397402
[-0.18520791 -1.17587227 -0.35387414 -3.27302555  0.01036141 -0.7231937 ] -227.81809881207428
[-0.21819162 -1.12494898 -0.39413316 -3.31980524  0.09609308 -0.90753152] -227.83852569403797
[-0.12520762 -1.15778453 -0.37614245 -3.18821588 -0.06201612 -0.68461469] -227.81610600928218
[-0.17395331 -1.15211902 -0.25642406 -3.21755928 -0.02500106 -0.70955704] -227.81235068619492
[-0.21817386 -1.18088394 -0.26831875 -3.24145091  0.01974316 -0.66532888] -227.80785888541251
[-0.2714217  -1.20849192 -0.19678815 -3.25693968  0.05354    -0.60120075] -227.822755623905
[-0.20028236 -1.25407247 -0.41641957 -3.25812239  0.02875083 -0.55644648] -227.82561487015244
[-0.16386114 -1.12695355 -0.30250916 -3.21881619 -0.02109319 -0.77149878] -227.81070427274528
[-0.15967959 -1.14647453 -0.3099628  -3.17274119 -0.02980332 -0.69253734] -227.8072760292737
[-0.14691543 -1.13177566 -0.28800713 -3.12259901 -0.04988569 -0.67720916] -227.82139695853817
[-0.23117053 -1.16079228 -0.26563461 -3.25239263  0.05331181 -0.73375724] -227.80786565358582
[-0.20149725 -1.16934887 -0.38842318 -3.23466034  0.04240104 -0.71688162] -227.80683439733087
[-0.21526922 -1.17796379 -0.45442275 -3.24321087  0.07610209 -0.72054391] -227.8218804995064
[-0.24440431 -1.13666117 -0.21344844 -3.25883623  0.05936514 -0.78788289] -227.82047092571824
[-1.72595328e-01 -1.16987198e+00 -3.68853282e-01 -3.21748603e+00
 -8.13922628e-04 -6.90573649e-01] -227.80476743871134
[-0.23211357 -1.20495602 -0.35370888 -3.24327928  0.06634448 -0.64754631] -227.81071478248242
[-1.80924245e-01 -1.14645417e+00 -3.15309093e-01 -3.22493197e+00
  7.66225710e-04 -7.40510659e-01] -227.80517234641832
[-0.18320604 -1.15625148 -0.2713724  -3.18033237 -0.0223801  -0.65513995] -227.80626057628325
[-0.14085491 -1.16230271 -0.37511189 -3.17147497 -0.05000745 -0.65323346] -227.80993938396279
[-0.20859162 -1.16116989 -0.29300393 -3.23216321  0.02748199 -0.71362629] -227.80435258789961
[-0.1506575  -1.1356397  -0.38065615 -3.1793208  -0.01385919 -0.73776096] -227.8099944452709
[-0.20129477 -1.16957288 -0.2964031  -3.22591838  0.01134257 -0.6834369 ] -227.80362391503004
[-0.2230235  -1.17774856 -0.33449219 -3.26575624  0.04940259 -0.70751901] -227.8033556470155
[-0.25469545 -1.19338557 -0.34675689 -3.31226377  0.08900555 -0.71500985] -227.81028956755765
[-0.18838125 -1.15767412 -0.23805481 -3.21420239 -0.02046792 -0.68005386] -227.81097592632887
[-0.19821825 -1.16643018 -0.35083109 -3.22954585  0.0266838  -0.70767468] -227.80305413707092
[-0.21167654 -1.1741644  -0.38159183 -3.28493486  0.06066786 -0.75930712] -227.81259126033015
[-1.90323661e-01 -1.16072971e+00 -2.98927256e-01 -3.20648299e+00
 -1.61811411e-03 -6.81181740e-01] -227.80278328615378
[-0.21709147 -1.18872023 -0.33219452 -3.23418561  0.03672675 -0.6541601 ] -227.80328669703198
[-0.24025243 -1.17158516 -0.26643075 -3.24719807  0.05082045 -0.69195926] -227.80623643461234
[-0.1895096  -1.17030028 -0.34324765 -3.22491404  0.01209467 -0.69092005] -227.80275090932545
[-0.19789546 -1.18333073 -0.35902801 -3.23010449  0.01739543 -0.66133787] -227.80273039804854
[-0.19254738 -1.19441115 -0.39204004 -3.22907513  0.01235214 -0.63519366] -227.80561011764408
[-0.20405921 -1.17951368 -0.37650381 -3.2377447   0.03555247 -0.68416092] -227.8029926234192
[-0.17600905 -1.17192638 -0.35241858 -3.18856965 -0.00712426 -0.65229278] -227.80629927335224
[-0.21126989 -1.17629301 -0.33897379 -3.2464596   0.03527088 -0.69371245] -227.80205042326543
[-0.18000056 -1.1568123  -0.35697601 -3.22423162  0.0050663  -0.7188358 ] -227.8031802993137
[-0.18927328 -1.16478928 -0.35078064 -3.22672011  0.01298141 -0.70266688] -227.80229572020616
[-0.19589212 -1.17855539 -0.33832263 -3.22792945  0.01054178 -0.66365195] -227.80170359590994
[-1.94729049e-01 -1.18461799e+00 -3.32068393e-01 -3.22712125e+00
  2.47077070e-03 -6.41640590e-01] -227.80256223994485
[-0.1873288  -1.16515245 -0.29992285 -3.21645886 -0.00666379 -0.6803294 ] -227.80403082082742
[-0.19987661 -1.17592337 -0.35735857 -3.23242324  0.02499841 -0.68320304] -227.8019786345858
[-0.20424866 -1.18900098 -0.3969765  -3.25636732  0.03937897 -0.68398234] -227.80562915203458
[-0.19380491 -1.16779753 -0.32343957 -3.21895407  0.00863116 -0.68188189] -227.80182716213787
[-0.20649448 -1.17859616 -0.34605342 -3.23594962  0.02451168 -0.67123131] -227.8009822816694
[-0.21498692 -1.1827441  -0.3474563  -3.2414674   0.03072019 -0.66138694] -227.80046928226434
[-0.20380578 -1.16537016 -0.32641583 -3.2345468   0.02365251 -0.70082985] -227.80080745754844
[-0.21727212 -1.18410524 -0.32654159 -3.24054008  0.03162356 -0.6588885 ] -227.80099941660325
[-0.19727627 -1.17520558 -0.33420437 -3.21882742  0.00811832 -0.65623494] -227.80065729765866
[-0.20780277 -1.17533596 -0.30810152 -3.22833184  0.0127641  -0.65775498] -227.80082858448935
[-0.21854042 -1.18597461 -0.33690784 -3.24492693  0.030509   -0.65103383] -227.8000362175127
[-0.23090817 -1.19506316 -0.34364198 -3.25791335  0.04144792 -0.6356098 ] -227.8002607607323
[-0.22400265 -1.17768983 -0.32155319 -3.24161737  0.03525412 -0.66505772] -227.79944601013403
[-0.23805791 -1.17725705 -0.31316847 -3.24846133  0.04761028 -0.66576061] -227.80002309689797
[-0.20486615 -1.17000151 -0.33167143 -3.22936584  0.01538252 -0.67187759] -227.7991400104924
[-0.19866316 -1.16294965 -0.33423635 -3.22377873  0.00726199 -0.67837214] -227.79854543830817
[-0.21128896 -1.17464202 -0.3588231  -3.24005638  0.03240794 -0.67988349] -227.79965414807802
[-0.21778034 -1.18769843 -0.35131123 -3.23567794  0.02443801 -0.6298265 ] -227.7996111356294
[-0.23114455 -1.1820273  -0.34922497 -3.25701416  0.04541209 -0.6656186 ] -227.79880327138926
[-0.21881977 -1.17424985 -0.33656259 -3.23955643  0.02770753 -0.66187715] -227.79744394182333
[-0.22073619 -1.17000273 -0.33111574 -3.23860094  0.0262012  -0.66212226] -227.79607057374326
[-0.2159982  -1.16569537 -0.34518035 -3.23398825  0.02648278 -0.67592641] -227.7968817698577
[-0.2248194  -1.17404575 -0.3187175  -3.23683608  0.02260879 -0.64575772] -227.79725733960743
[-0.22067437 -1.15643844 -0.31536481 -3.24160057  0.02996898 -0.70112512] -227.79803407726865
[-0.21334264 -1.15936325 -0.34306005 -3.23565554  0.01739116 -0.67791636] -227.79507357581406
[-0.20801264 -1.15019995 -0.35381348 -3.23267463  0.00845968 -0.68434568] -227.79359188508408
[-0.1984901  -1.14441667 -0.31691777 -3.21214557 -0.00508428 -0.68359784] -227.79534857455772
[-0.23091381 -1.15731666 -0.32613353 -3.24150329  0.02895039 -0.67258621] -227.7939247759797
[-0.21231574 -1.1641206  -0.34859465 -3.22364901  0.00590387 -0.64032026] -227.7940074303087
[-0.20400282 -1.14320491 -0.355201   -3.22401781  0.00769576 -0.69387516] -227.7926873152963
[-1.93594538e-01 -1.12778449e+00 -3.73442750e-01 -3.21760868e+00
  2.39249853e-04 -7.17933882e-01] -227.79224183701686
[-0.20535614 -1.13891833 -0.33815896 -3.22140579 -0.00492608 -0.67770897] -227.79072967230206
[-0.20003511 -1.12552981 -0.33464826 -3.21511457 -0.0206305  -0.67860025] -227.7891588286849
[-0.19371779 -1.11978667 -0.35340108 -3.20896431 -0.02025506 -0.69700578] -227.78969809410873
[-0.21437311 -1.13716273 -0.37976015 -3.23435926  0.00597349 -0.67999951] -227.78808901663433
[-0.22231461 -1.13353576 -0.41118133 -3.2454661   0.01150238 -0.67820034] -227.7864781177029
[-2.03880424e-01 -1.10726385e+00 -3.68945494e-01 -3.23012818e+00
 -3.14849258e-03 -7.35903790e-01] -227.78862508523227
[-0.17627123 -1.09738352 -0.40567726 -3.2084822  -0.03689464 -0.7247437 ] -227.79023064507112
[-0.18859193 -1.08689474 -0.39528525 -3.20924672 -0.03152204 -0.72645023] -227.78521231515938
[-0.17888158 -1.05524214 -0.41602113 -3.19753276 -0.0515129  -0.74750251] -227.78470141188308
[-0.19810571 -1.08512942 -0.38984877 -3.21762069 -0.04055232 -0.70271824] -227.7847990938621
[-0.22270718 -1.1114457  -0.35233809 -3.22979333 -0.00463766 -0.6885666 ] -227.78311536585795
[-0.24592515 -1.11847678 -0.32566851 -3.2404489   0.01149083 -0.67047806] -227.7838021120392
[-0.21492375 -1.08626222 -0.40425995 -3.23625423 -0.01607144 -0.71349147] -227.78119415200607
[-0.22552673 -1.0695     -0.42968939 -3.2498992  -0.01397963 -0.72173431] -227.78021872505005
[-0.21710363 -1.06184248 -0.45469314 -3.24169885 -0.01347904 -0.74627502] -227.7826236726982
[-0.21766605 -1.06496798 -0.44897846 -3.23054213 -0.03440457 -0.69242855] -227.77848772883988
[-0.22455887 -1.04382005 -0.48899494 -3.23074911 -0.0500326  -0.67069093] -227.77949895575605
[-0.19768235 -1.01584014 -0.41934167 -3.21022956 -0.06435775 -0.75487473] -227.78348580359042
[-0.22175013 -1.04115006 -0.45050519 -3.23561125 -0.02023819 -0.74774234] -227.7772854683942
[-0.23357234 -1.01916038 -0.4808334  -3.24460653 -0.01008113 -0.77025438] -227.77713161770282
[-0.25920451 -1.05901009 -0.44593691 -3.27139044  0.00453298 -0.71054203] -227.77811283453445
[-0.26091113 -1.11280206 -0.45148147 -3.27908061  0.0403414  -0.68839223] -227.78159532071828
[-0.24862096 -1.01764864 -0.55153283 -3.27594592 -0.00438567 -0.75464224] -227.7883782638
[-0.22918562 -1.08799643 -0.40213678 -3.24133148 -0.00457466 -0.70508551] -227.7784558414521
[-0.25825183 -1.07596984 -0.43165899 -3.26391795  0.00742384 -0.68320399] -227.77382307622852
[-0.27882593 -1.08303352 -0.42014192 -3.2750275   0.01787527 -0.65166847] -227.77227482922814
[-0.22041593 -1.01508741 -0.42442415 -3.22518515 -0.05388532 -0.72884552] -227.77774201732092
[-0.25409674 -1.04025194 -0.44446115 -3.24612855 -0.01286618 -0.69787384] -227.7701047060246
[-0.26838174 -1.0256279  -0.45184703 -3.24424322 -0.01230945 -0.68594361] -227.76696384877644
[-0.27886264 -1.0316706  -0.42612827 -3.27005264  0.0149238  -0.72501796] -227.77032534874547
[-0.28390208 -0.98986687 -0.48096712 -3.26883702 -0.00840662 -0.71900514] -227.7718601806977
[-0.26211571 -0.99580547 -0.44884371 -3.23792691 -0.02182746 -0.71636967] -227.76483250148027
[-0.2635713  -0.96420316 -0.45029711 -3.22119515 -0.03500768 -0.71928349] -227.76216839542641
[-0.31528941 -1.02276674 -0.4789808  -3.2828022   0.04288338 -0.69487883] -227.76590988698507
[-0.32937203 -1.01989588 -0.42195402 -3.27611271  0.01673403 -0.62834478] -227.76624243278403
[-0.30096714 -0.93497686 -0.48324953 -3.24605349 -0.01160279 -0.73915613] -227.7681316254454
[-0.30157934 -1.00984685 -0.42318514 -3.24464946  0.01361372 -0.67853646] -227.76120814049798
[-0.31041798 -1.01983684 -0.39429415 -3.23255568  0.02462389 -0.65830211] -227.76422722042045
[-0.31419102 -0.96076854 -0.47704294 -3.2349661  -0.01015339 -0.65702981] -227.76108528701423
[-0.3318552  -0.92531751 -0.50250028 -3.21742283 -0.02269199 -0.62303574] -227.76697525400644
[-0.29649448 -1.0660595  -0.41785281 -3.25526946  0.01685632 -0.6155162 ] -227.76436489306892
[-0.33845079 -0.98888565 -0.43792391 -3.26075514  0.02728491 -0.64525291] -227.7594397882461
[-0.37348531 -0.97051453 -0.43096235 -3.26901109  0.04708209 -0.62490757] -227.76331680776903
[-2.80486752e-01 -9.84280929e-01 -4.73140220e-01 -3.22376646e+00
  1.75839075e-03 -7.08487782e-01] -227.76127098456408
[-0.28296848 -0.96858147 -0.41416658 -3.19739839 -0.03809929 -0.64649005] -227.75940116622112
[-0.26680801 -0.94148883 -0.38175947 -3.15469648 -0.07859062 -0.62229566] -227.7675612188269
[-0.29725475 -0.89279604 -0.47406582 -3.20564077 -0.03039077 -0.73617731] -227.767738768404
[-0.29668455 -1.02274363 -0.43190607 -3.24286229  0.00504455 -0.64568147] -227.75965799398207
[-0.34121567 -1.01416586 -0.43549117 -3.24693746  0.03482397 -0.60787601] -227.7639762814747
[-0.2829824  -0.97669384 -0.44659563 -3.22763073 -0.01754977 -0.69143162] -227.75916463306407
[-0.32513211 -0.99155906 -0.40379987 -3.24565424 -0.00837815 -0.61298633] -227.76382959459576
[-2.91648091e-01 -9.86100462e-01 -4.55805132e-01 -3.22923840e+00
 -7.75743974e-04 -6.84612419e-01] -227.75877028738196
[-0.3007291  -0.95807768 -0.46462828 -3.21963423 -0.02502996 -0.64496297] -227.757420274732
[-0.30030397 -0.9321931  -0.48534985 -3.20712661 -0.0443518  -0.62817623] -227.7590175162435
[-0.28363012 -1.00625904 -0.40663226 -3.22420696 -0.00622171 -0.66244734] -227.75640430858294
[-0.26834967 -1.02900429 -0.37142691 -3.21882738 -0.00425586 -0.6651561 ] -227.7579876964652
[-0.29678511 -0.93878908 -0.44334453 -3.21009232 -0.02517507 -0.6793843 ] -227.75818787870043
[-0.24113031 -0.95594821 -0.43913356 -3.17531187 -0.06490209 -0.69118999] -227.76172938429198
[-0.31412067 -0.98065129 -0.43822632 -3.23939432  0.00423816 -0.65673718] -227.75760635372637
[-0.30699668 -0.98027566 -0.4709108  -3.25266726  0.01459459 -0.69336856] -227.75828260845756
[-0.31498752 -0.97335724 -0.44658681 -3.23078044  0.00475986 -0.64907264] -227.75644483686543
[-0.31410164 -0.95970287 -0.43430454 -3.22968677 -0.01016896 -0.64404524] -227.75485356830703
[-0.32532842 -0.94650408 -0.42355424 -3.22991096 -0.01486557 -0.62376166] -227.7552365831311
[-0.30112137 -0.95867007 -0.40699678 -3.19859775 -0.03379382 -0.618848  ] -227.75905560613762
[-3.05527853e-01 -9.74874266e-01 -4.54932296e-01 -3.23914989e+00
  2.49749096e-03 -6.74738419e-01] -227.75611937255817
[-0.31424719 -1.01218505 -0.43842564 -3.25085854  0.01520003 -0.63128363] -227.75641004434777
[-0.29695381 -0.98083409 -0.44361029 -3.22537795 -0.01055925 -0.64544623] -227.75345675117913
[-0.28837037 -0.98092549 -0.44630227 -3.21836977 -0.01795795 -0.63980076] -227.75209558000793
[-0.3062258  -1.01102363 -0.41109965 -3.24471656  0.02106621 -0.6554997 ] -227.75437540750715
[-0.2890468  -1.00829955 -0.41731207 -3.23821572 -0.00328815 -0.65353239] -227.75406676531355
[-0.28138701 -0.96817657 -0.41843539 -3.21392335 -0.01989105 -0.67873765] -227.75351121582045
[-3.11256376e-01 -9.61408418e-01 -4.54163147e-01 -3.23714706e+00
 -3.02576337e-03 -6.53004052e-01] -227.75166071613904
[-3.25069505e-01 -9.38983107e-01 -4.77928593e-01 -3.24361712e+00
 -1.42779226e-03 -6.48282408e-01] -227.75176197116812
[-0.29126815 -0.98830458 -0.40560673 -3.22153653 -0.01358604 -0.63346818] -227.75014166093393
[-0.2841383  -0.99501973 -0.38094394 -3.21272985 -0.02162781 -0.61283307] -227.74913577147242
[-0.27270658 -1.01524826 -0.40844762 -3.22534733 -0.00473921 -0.6537573 ] -227.7505819188072
[-0.26940934 -0.9653357  -0.43076849 -3.20386113 -0.04457619 -0.64172204] -227.75011900795164
[-0.28004252 -0.95373851 -0.42904155 -3.19891044 -0.03398451 -0.63975256] -227.74867953112178
[-0.27554038 -0.926458   -0.43490629 -3.1792578  -0.04933268 -0.63286264] -227.74974285052943
[-0.28725416 -0.9890488  -0.43145362 -3.21819851 -0.02207943 -0.60155227] -227.74656805784227
[-0.29018773 -0.99948492 -0.43796273 -3.2203361  -0.02317362 -0.56295958] -227.74544808391585
[-0.28087657 -0.98248636 -0.40080689 -3.21440754 -0.02575108 -0.61487544] -227.74415030032864
[-0.27712967 -0.98326679 -0.3780592  -3.21242642 -0.02964765 -0.60241278] -227.74127020418612
[-0.246615   -1.00928956 -0.36757803 -3.18739003 -0.04955723 -0.58480839] -227.74733211569472
[-0.27646761 -0.95346348 -0.39967036 -3.18653732 -0.06278313 -0.56107217] -227.74658238679496
[-0.2821176  -0.99941863 -0.36698345 -3.20224892 -0.02901512 -0.54622414] -227.7440425897031
[-0.26671508 -0.9712009  -0.4121545  -3.18988656 -0.05442594 -0.55291014] -227.74053615407894
[-0.25800348 -0.95929148 -0.42775978 -3.17846492 -0.070825   -0.52294868] -227.73900886294612
[-0.26346451 -1.0143331  -0.36362964 -3.19689079 -0.05434941 -0.48705602] -227.7442449044626
[-0.30250853 -0.96046324 -0.42377702 -3.21157813 -0.04037408 -0.50941607] -227.74053409096769
[-0.28133623 -1.01862258 -0.39972025 -3.22077777 -0.0196785  -0.51593358] -227.73711796544106
[-2.83770544e-01 -1.05120212e+00 -3.99745188e-01 -3.23789799e+00
  1.87381284e-03 -4.93364291e-01] -227.73714113295054
[-0.26466561 -0.97898035 -0.34868038 -3.18712622 -0.05812298 -0.49837085] -227.73747309752596
[-0.2917892  -0.95234792 -0.41803039 -3.20731666 -0.02820503 -0.57804601] -227.73691894272844
[-0.30595154 -0.92135533 -0.44523077 -3.2125296  -0.01513284 -0.62354101] -227.7405614569181
[-0.27635997 -0.95157216 -0.43169223 -3.20364779 -0.05326929 -0.52948518] -227.7314692841709
[-0.27348116 -0.92764893 -0.46404661 -3.20434722 -0.06539638 -0.5211157 ] -227.72828564018903
[-0.28013173 -0.94918471 -0.44927894 -3.19077722 -0.064553   -0.44619752] -227.7365130234515
[-0.24729394 -0.96822874 -0.41206176 -3.18469187 -0.06188622 -0.51812138] -227.72866441259265
[-0.28822915 -0.9723796  -0.40284633 -3.21988074 -0.0284557  -0.50297967] -227.72534139729095
[-0.30334198 -0.97892366 -0.39038961 -3.24058865 -0.00727105 -0.49299516] -227.71999149041247
[-0.29445913 -0.95267182 -0.49582881 -3.22904025 -0.02420708 -0.52576561] -227.72724572878835
[-0.28216282 -0.89104602 -0.47682513 -3.19814286 -0.06416108 -0.51148021] -227.72417385604425
[-0.26850105 -0.93688671 -0.47811323 -3.20854603 -0.0676199  -0.42717918] -227.72109754244747
[-0.27628163 -0.93595059 -0.45647611 -3.23100841 -0.03229423 -0.55268822] -227.71250151363282
[-0.27435658 -0.92933353 -0.4600747  -3.251124   -0.01616485 -0.60593358] -227.70683952454218
[-0.3181403  -0.90394148 -0.5096976  -3.25923779 -0.01972056 -0.5100351 ] -227.71515096498752
[-3.06839461e-01 -9.36618809e-01 -4.72929743e-01 -3.25787930e+00
 -9.85133123e-04 -5.03347245e-01] -227.70497575026243
[-0.32351861 -0.94110375 -0.47737131 -3.28464534  0.03122049 -0.49446302] -227.69657834199157
[-0.29554798 -0.90773989 -0.43499505 -3.25172131 -0.02369857 -0.48826314] -227.69469795729182
[-0.2960924  -0.88527392 -0.40457817 -3.26306184 -0.02344431 -0.46951191] -227.68157298172548
[-0.31248749 -0.96744166 -0.42991641 -3.30425836  0.02982769 -0.48855911] -227.6888665168511
[-0.3408114  -0.93178596 -0.4125627  -3.3257593   0.06576904 -0.59332012] -227.69178935852406
[-0.31846028 -0.87403644 -0.50767735 -3.32210689  0.02976688 -0.56094578] -227.67588902927068
[-0.32601943 -0.82159283 -0.56632122 -3.36286602  0.04828584 -0.59492109] -227.66904435729498
[-0.30628834 -0.92156907 -0.4072439  -3.33800049  0.0648852  -0.57220117] -227.65923786689152
[-0.30036236 -0.93038287 -0.35601706 -3.37738183  0.10718808 -0.60328421] -227.64393982776116
[-0.35874066 -0.8965268  -0.42218093 -3.38820023  0.10244712 -0.47541957] -227.64572779905083
[-0.3213193  -0.8698976  -0.38648752 -3.38919718  0.078804   -0.58054232] -227.6398964648479
[-0.32021964 -0.83429453 -0.34104563 -3.44147311  0.10259575 -0.62358197] -227.6295158683129
[-0.29716259 -0.84671825 -0.42745711 -3.3866545   0.05653101 -0.4917725 ] -227.61418698813523
[-0.27533819 -0.80418439 -0.43490431 -3.41710209  0.051912   -0.44099869] -227.58658975499705
[-0.3131034  -0.75664345 -0.41176603 -3.44577001  0.0998338  -0.58068004] -227.59370680194928
[-0.33516883 -0.79593437 -0.43950022 -3.54786926  0.19419851 -0.63678328] -227.6017570501268
[-0.3082916  -0.85106264 -0.2354835  -3.50973283  0.17110592 -0.52532816] -227.58101110142186
[-0.29942768 -0.86579754 -0.07006464 -3.58316624  0.23251595 -0.4905317 ] -227.5909762864009
[-0.25875401 -0.76097394 -0.31739132 -3.52490948  0.1398309  -0.66146588] -227.5818012026225
[-0.30326286 -0.67064824 -0.37067995 -3.58490376  0.14597088 -0.55299513] -227.56747034277575
[-0.30471312 -0.54078092 -0.3780114  -3.68866473  0.16536229 -0.52785059] -227.58979856648136
[-0.27775332 -0.71218782 -0.39552948 -3.56862271  0.16502159 -0.50916843] -227.5344959990753
[-0.25652016 -0.65113446 -0.4227714  -3.63219751  0.1962345  -0.45196166] -227.5121902045809
[-0.23658792 -0.70228134 -0.29149862 -3.49033597  0.07409749 -0.43435991] -227.53701879229726
[-0.23314818 -0.72345155 -0.27914367 -3.60729054  0.15988343 -0.44168977] -227.52654103503508
[-0.25685005 -0.64899967 -0.20408518 -3.6993546   0.2437957  -0.58160148] -227.54745659946823
[-0.27279957 -0.65488535 -0.28382945 -3.64969559  0.19053174 -0.33451283] -227.51131849376168
[-0.27982235 -0.60184106 -0.26704851 -3.71208864  0.21588216 -0.1710363 ] -227.52177880415658
[-0.21143132 -0.49940423 -0.38185259 -3.71152649  0.165732   -0.40704543] -227.526349136536
[-0.18584953 -0.6227373  -0.25038035 -3.67856314  0.19745407 -0.33072857] -227.49868498051922
[-0.12714287 -0.59878183 -0.19023055 -3.72539283  0.22319567 -0.21959528] -227.52398499553533
[-0.20859551 -0.63563174 -0.43240685 -3.55718181  0.08418204 -0.21849791] -227.5260653551051
[-0.21952684 -0.56013354 -0.39196282 -3.78848239  0.25724177 -0.29378548] -227.5169558437747
[-0.21842613 -0.48452399 -0.44192415 -3.73192511  0.20390862 -0.23715418] -227.51474260048815
[-0.2424746  -0.70361123 -0.35923908 -3.63448869  0.21078558 -0.21516811] -227.51278725571936
[-0.25660344 -0.59004355 -0.28429557 -3.81460233  0.33453672 -0.4026057 ] -227.5133004234695
[-0.25803097 -0.67551175 -0.28885052 -3.5920084   0.18724197 -0.36359154] -227.50404611840153
[-0.27233329 -0.81478389 -0.18786464 -3.60192678  0.23501958 -0.46236862] -227.54181190899854
[-0.23190292 -0.56708897 -0.37840927 -3.69942553  0.21168636 -0.29345779] -227.49824719635575
[-0.22592248 -0.70161281 -0.37686445 -3.48085729  0.06344135 -0.26053447] -227.53522972613504
[-0.2489332  -0.61793586 -0.30743779 -3.73116607  0.26676288 -0.36708789] -227.49885127201773
[-0.24220419 -0.55948667 -0.28465384 -3.69319672  0.20585159 -0.49861198] -227.518578699501
[-0.24240699 -0.66758009 -0.34059277 -3.6491657   0.20955208 -0.28602908] -227.50012461141083
[-0.22345424 -0.61744532 -0.19372865 -3.70114396  0.22484187 -0.20650757] -227.51038413741603
[-0.19072638 -0.60121441 -0.302637   -3.70079534  0.24198134 -0.28128798] -227.4990720118385
[-0.22916243 -0.63324414 -0.42904058 -3.64923076  0.21338437 -0.43422005] -227.5041654232203
[-0.22773538 -0.62929444 -0.3702126  -3.66220906  0.21624874 -0.37729193] -227.49579325032343
[-0.18448717 -0.55977193 -0.36103941 -3.78176655  0.26065318 -0.28170288] -227.5115366332451
[-0.23964502 -0.6465768  -0.30689774 -3.63944794  0.20559478 -0.34311937] -227.4957941663716
[-0.19919048 -0.5607025  -0.29806548 -3.72137     0.23702397 -0.37829543] -227.49611849246878
[-0.25369247 -0.61356421 -0.33449741 -3.67659857  0.20294226 -0.41537234] -227.50796922459492
[-0.2064679  -0.60430186 -0.3106021  -3.69474615  0.23222157 -0.31480907] -227.49402926283864
[-0.18133055 -0.59229809 -0.33075139 -3.63408787  0.16664695 -0.31214616] -227.49314640475666
[-0.14752922 -0.5794792  -0.34240819 -3.58554876  0.11658898 -0.2846753 ] -227.50095715526857
[-0.24290788 -0.57735025 -0.41459918 -3.6718657   0.22568671 -0.34231136] -227.49787775821542
[-0.20052282 -0.63641901 -0.29863356 -3.64181671  0.21612122 -0.39586665] -227.49513062989516
[-0.1753895  -0.64584731 -0.22378845 -3.6593602   0.19893236 -0.36486485] -227.49983826977132
[-0.22602829 -0.59447452 -0.36689649 -3.66873933  0.21899813 -0.34794973] -227.49336316003513
[-0.22805283 -0.67375241 -0.36326582 -3.59231236  0.18158649 -0.31876554] -227.5022653888961
[-0.20640607 -0.58896498 -0.31436556 -3.68910559  0.2231646  -0.36341296] -227.49258465951658
[-0.17651865 -0.56867417 -0.35692283 -3.69078697  0.21887229 -0.36070613] -227.49567115397866
[-0.17135604 -0.56574977 -0.28917805 -3.67755181  0.20909284 -0.32100497] -227.49630140403846
[-0.21364055 -0.61340827 -0.34995396 -3.66604475  0.21445977 -0.36322019] -227.49315821887535
[-0.23494674 -0.64128141 -0.30014486 -3.6407265   0.20499845 -0.33842879] -227.49495653009376
[-0.22241721 -0.57515736 -0.3589379  -3.68933335  0.20404194 -0.28412232] -227.49670110164647
[-0.20599642 -0.6211036  -0.31370964 -3.65369587  0.2131014  -0.36793057] -227.49263264002226
[-0.17834318 -0.56356903 -0.36194819 -3.69474668  0.21786568 -0.3513941 ] -227.49580448629243
[-0.22079585 -0.62185331 -0.31559569 -3.65423155  0.20821526 -0.34167012] -227.4926918517838
[-0.211598   -0.60639906 -0.35315548 -3.62722217  0.18264046 -0.3839675 ] -227.493088010144
[-0.18722752 -0.62020125 -0.29228075 -3.63938993  0.18374469 -0.36283277] -227.49294321999116
[-0.19081093 -0.60353183 -0.28999888 -3.63319957  0.17804468 -0.34743317] -227.49204192390528
[-0.17939612 -0.59859361 -0.26002134 -3.61677699  0.15983714 -0.33953966] -227.49375830916156
[-0.22628105 -0.62838659 -0.29561728 -3.66486036  0.22965675 -0.41026953] -227.49490613386462
[-0.19256817 -0.60132021 -0.32196786 -3.64178099  0.1823994  -0.33667701] -227.4919702978041
[-0.18967032 -0.61259267 -0.26281732 -3.676579    0.21358288 -0.3226847 ] -227.49474885750033
[-0.20611608 -0.60794746 -0.33057094 -3.63956137  0.19037607 -0.3686468 ] -227.49195053017874
[-0.22033698 -0.59470588 -0.33645544 -3.66446838  0.21468912 -0.34575744] -227.4918063892354
[-0.23689171 -0.58195819 -0.35854279 -3.67700761  0.23016133 -0.33721977] -227.49365073508193
[-0.1866157  -0.58400467 -0.32009375 -3.65303905  0.19237649 -0.36828253] -227.49118286036193
[-0.16952562 -0.56508035 -0.32234278 -3.6524428   0.18445711 -0.38158873] -227.49208827765372
[-0.1949549  -0.57238808 -0.32410784 -3.65335578  0.18058206 -0.3421394 ] -227.4914837348189
[-0.19072818 -0.59900107 -0.32669934 -3.60602946  0.15632467 -0.33956582] -227.49287360294122
[-0.2024866  -0.591474   -0.31744901 -3.66833655  0.20645462 -0.35745117] -227.4915961567223
[-0.21021522 -0.58041494 -0.36021607 -3.6736478   0.21091457 -0.35888494] -227.49268806856696
[-0.195662   -0.59775261 -0.30755318 -3.64331163  0.18626215 -0.35029611] -227.49143302408842
[-0.20948925 -0.58143735 -0.32344219 -3.6655766   0.20784744 -0.37418081] -227.4911264011853
[-0.21794978 -0.57149592 -0.32417935 -3.67747441  0.22057146 -0.39293271] -227.49202647714102
[-0.19706572 -0.5659734  -0.31246286 -3.67646796  0.20569456 -0.34405569] -227.49169367225144
[-0.17508774 -0.56963749 -0.29858083 -3.65556081  0.17838332 -0.3663778 ] -227.4921688525885
[-0.20902467 -0.58843878 -0.32698679 -3.66224149  0.20561267 -0.35091253] -227.49132690005555
[-0.20234531 -0.60585843 -0.32741472 -3.63881908  0.18735058 -0.37036516] -227.49183112578368
[-0.19838562 -0.57594466 -0.31620083 -3.66705574  0.20110857 -0.35063306] -227.49117763348227
[-0.19555744 -0.57518138 -0.32201251 -3.64652354  0.18480851 -0.35469697] -227.4908007725375
[-0.19209287 -0.56703508 -0.32429427 -3.63561703  0.17398545 -0.35331987] -227.49082646629313
[-0.20329    -0.59519841 -0.31465525 -3.6592269   0.21208989 -0.3741946 ] -227.49173300852692
[-0.19703867 -0.57809066 -0.32174469 -3.65482356  0.18845901 -0.3501532 ] -227.491174215157
[-0.20304178 -0.5632799  -0.33594041 -3.67310836  0.20714207 -0.36599025] -227.49173661385908
[-0.19750695 -0.58913443 -0.31464998 -3.65076081  0.19148213 -0.35421965] -227.4911278583059
[-0.18583987 -0.5728256  -0.31239453 -3.65035161  0.18308138 -0.36647621] -227.49090420745813
[-0.20799023 -0.57353336 -0.31672116 -3.65865824  0.19321919 -0.34850411] -227.4909993688166
[-0.19942185 -0.5807896  -0.32078753 -3.64184238  0.18185732 -0.36544393] -227.49109415811589
[-0.20156319 -0.57954325 -0.31492461 -3.6497475   0.19230631 -0.37102069] -227.4909179129413
[-0.202447   -0.56530242 -0.32211086 -3.65347248  0.18955791 -0.37255459] -227.4912473705502
[-0.19874196 -0.58317643 -0.3165152  -3.65143873  0.19100108 -0.35880338] -227.49098083629812
[-0.18688227 -0.57357919 -0.31100966 -3.63394407  0.16757716 -0.34746762] -227.49120038092477
[-0.2038375  -0.57947281 -0.32033406 -3.65766847  0.19777987 -0.36750251] -227.49102673386582
[-0.19842155 -0.57378801 -0.31351316 -3.66295364  0.19887479 -0.3568907 ] -227.49086768449638
[-0.19220058 -0.57320986 -0.311693   -3.64888929  0.18331722 -0.35129484] -227.49080834269574
[-0.18278463 -0.57904149 -0.31362985 -3.6446432   0.18457724 -0.37122349] -227.49099748188837
[-0.18908603 -0.57766446 -0.31440268 -3.64814696  0.18673773 -0.36554365] -227.49079260833926
[-0.18881427 -0.56756109 -0.31313163 -3.65076545  0.18537423 -0.36317097] -227.4906580921568
[-0.18385042 -0.55975343 -0.31143984 -3.65042881  0.18256081 -0.36535476] -227.49093184433164
[-0.18174339 -0.56720022 -0.31412456 -3.652796    0.18175831 -0.34833709] -227.4910938064773
[-0.19660824 -0.57645749 -0.3147246  -3.65050963  0.18966931 -0.36534979] -227.49074662593213
[-0.20105617 -0.57512849 -0.31743133 -3.65224456  0.19317921 -0.35250609] -227.490828869122
[-0.18935269 -0.57461292 -0.31761876 -3.63607283  0.17548728 -0.36063007] -227.49076938247782
[-0.18281692 -0.57310058 -0.31376306 -3.64139134  0.17528555 -0.36772267] -227.49093432156937
[-0.19649636 -0.57462152 -0.31651427 -3.64953125  0.1887058  -0.35631024] -227.49071846168087
[-0.19310443 -0.57548976 -0.32110848 -3.6449606   0.18694373 -0.37060572] -227.49071270161954
[-0.1889299  -0.57362103 -0.31048762 -3.64680537  0.18616419 -0.37250651] -227.49074625196485
[-0.19534926 -0.56979015 -0.31679244 -3.64473475  0.18404378 -0.36398079] -227.49061338552204
[-0.19848088 -0.56585299 -0.31798732 -3.64302864  0.18269681 -0.36319936] -227.49101963034005
[-0.19708146 -0.57123409 -0.31330092 -3.65969619  0.1981464  -0.37001127] -227.4907606804329
[-0.19514927 -0.5720788  -0.31438038 -3.65379035  0.19248162 -0.36766597] -227.49066968248468
[-0.18933958 -0.56792995 -0.31608034 -3.64635296  0.18490181 -0.36606361] -227.49059863880137
[-0.18570525 -0.56366618 -0.31675821 -3.64427463  0.18251806 -0.36642051] -227.49066530063772
[-0.19715449 -0.56886939 -0.32218156 -3.64990642  0.18798614 -0.35675926] -227.49064669657415
[-0.18980741 -0.56595153 -0.31804401 -3.64730559  0.18520464 -0.3731052 ] -227.49063130927746
[-0.19210033 -0.56190388 -0.31242831 -3.65265791  0.18638701 -0.35964287] -227.49105609844662
[-0.1928534  -0.57209329 -0.31893843 -3.64688493  0.18680455 -0.36786501] -227.49065603982507
[-0.18929021 -0.56531967 -0.32067576 -3.64152635  0.17895677 -0.36264897] -227.49060831310004
[-0.19578385 -0.56909024 -0.32443921 -3.64147155  0.183925   -0.36696997] -227.49065370899632
[-0.19272153 -0.56355702 -0.320466   -3.64354762  0.18153483 -0.36197759] -227.49055481286288
[-0.19265559 -0.55928889 -0.32122979 -3.64187896  0.17889996 -0.35903388] -227.49061363538192
[-0.18877031 -0.56471567 -0.31364082 -3.64965301  0.18361766 -0.3612085 ] -227.49064018342807
[-0.18460494 -0.56355194 -0.31305156 -3.64113367  0.17810036 -0.37290229] -227.49068033854323
[-0.1940171  -0.56754003 -0.31989906 -3.64771323  0.18551469 -0.36079502] -227.49062128068272
[-0.19473806 -0.56864711 -0.32367838 -3.64074049  0.18310118 -0.36831523] -227.49066065238975
[-0.19026225 -0.56569853 -0.31615021 -3.64742488  0.18348854 -0.36298518] -227.49058221919677
[-0.19385257 -0.56732692 -0.31864393 -3.64312768  0.18094216 -0.35304519] -227.49067768111735
[-0.1908187  -0.56629538 -0.31819399 -3.64626111  0.18413902 -0.36809019] -227.4905791108696
[-0.18857674 -0.56532354 -0.31622052 -3.64223599  0.18017356 -0.36778709] -227.4905902036708
[-0.18498707 -0.56158455 -0.3191365  -3.64438156  0.18035439 -0.36587009] -227.4906880255708
[-0.19275871 -0.56773875 -0.31737845 -3.64464645  0.18312144 -0.36445311] -227.4906127232497
[-0.18757762 -0.56363595 -0.31855048 -3.64446985  0.18127674 -0.36539777] -227.4906180146344
[-0.19146344 -0.56671305 -0.31767146 -3.6446023   0.18266026 -0.36468928] -227.4906162306032
[-0.19177011 -0.5649262  -0.31932999 -3.64490436  0.18283693 -0.36503389] -227.49056292574366
[-0.19149189 -0.56462778 -0.31830811 -3.64548625  0.18251168 -0.36248138] -227.49055697685912
[-0.19064913 -0.56444028 -0.31834326 -3.6428918   0.18085419 -0.36488234] -227.4905622182697
[-0.19103056 -0.56574349 -0.31827317 -3.64495029  0.18321832 -0.3640206 ] -227.49056548033346
[-0.19100587 -0.56443835 -0.32057088 -3.64253698  0.1802458  -0.36231328] -227.4905792316155
[-0.19274012 -0.56564789 -0.31892223 -3.64409703  0.18232813 -0.36321535] -227.49061930190655
[-0.19014958 -0.56359649 -0.31950824 -3.64400873  0.18140578 -0.36368768] -227.49059152382753
[-0.19079721 -0.56410934 -0.31936174 -3.64403081  0.18163637 -0.3635696 ] -227.4905693550938
[-0.19181428 -0.56469636 -0.31745655 -3.64606673  0.18395164 -0.36500852] -227.49054466221645
[-0.19221848 -0.56482536 -0.31589938 -3.6478316   0.18580456 -0.36635614] -227.4905342804821
[-0.19249669 -0.56526404 -0.31751156 -3.64583983  0.18395047 -0.36468105] -227.4905976576814
[-0.19122208 -0.56439801 -0.3188992  -3.64448306  0.18221489 -0.36384746] -227.49055898901165
[-0.19232719 -0.5631814  -0.31880881 -3.64476461  0.18203404 -0.36417234] -227.49056149014004
[-0.19177332 -0.56341708 -0.31757826 -3.64476395  0.18214781 -0.36287186] -227.49055399330715
[-0.19326903 -0.56356194 -0.31830999 -3.64740056  0.18456175 -0.36235325] -227.49054564937845
[-0.19190492 -0.56494767 -0.31767817 -3.6464064   0.18422446 -0.36245689] -227.4905401229979
[-0.19323764 -0.56391427 -0.31718077 -3.64732906  0.18471347 -0.36231824] -227.4906003034384
[-0.19172597 -0.56427708 -0.31846959 -3.64519456  0.18283954 -0.36346515] -227.49055152273328
[-0.19304586 -0.5635676  -0.31782569 -3.64622865  0.18452597 -0.36401224] -227.49052827476314
[-0.19382285 -0.56303752 -0.31758448 -3.64659984  0.18553311 -0.36477767] -227.49052928022013
[-0.19192433 -0.56464188 -0.31478769 -3.64906096  0.18649987 -0.36519425] -227.49053904254177
[-0.19292288 -0.56519009 -0.31674524 -3.64927696  0.18733758 -0.36507411] -227.49060181178405
[-0.19206071 -0.56386033 -0.31737    -3.6458922   0.18344525 -0.36342242] -227.49053905841316
[-0.19308181 -0.56419118 -0.31548738 -3.64907889  0.18684775 -0.36446657] -227.4905963365617
[-0.19206493 -0.5642556  -0.31772404 -3.64616564  0.18384159 -0.36371551] -227.4905416086514
[-0.19113738 -0.56513755 -0.31545166 -3.64646126  0.18488549 -0.36603257] -227.49054077942301
[-0.1920323  -0.56473786 -0.31528016 -3.64779471  0.18595361 -0.36544266] -227.4905417795298
[-0.19205677 -0.56437617 -0.31711307 -3.64657291  0.1843696  -0.3641473 ] -227.49054955403534
[-0.19263217 -0.56419648 -0.31686253 -3.64703012  0.18516527 -0.36518419] -227.49053150063898
[-0.1924851  -0.56410474 -0.31630669 -3.6476448   0.18551292 -0.36460325] -227.4905345708444
[-0.19255329 -0.56371397 -0.31759785 -3.64606042  0.18398561 -0.36371733] -227.49053236104874
[-0.19247539 -0.56425764 -0.31775193 -3.64631752  0.18437522 -0.36323456] -227.49054437630886
[-0.19209162 -0.56435258 -0.31663868 -3.64634495  0.18470573 -0.3650224 ] -227.49053830906195
[-0.1925554  -0.5639116  -0.31777486 -3.64619715  0.18418378 -0.36386387] -227.49053787402372
[-0.19264575 -0.56369136 -0.3165835  -3.64685117  0.18498454 -0.36556653] -227.49053480712325
[-0.19321423 -0.56337601 -0.31767836 -3.64699248  0.18474697 -0.36396007] -227.49053082248253
[-0.19297007 -0.56363845 -0.31651001 -3.6474054   0.18545664 -0.36515066] -227.49052580084677
[-0.19317741 -0.56350188 -0.31587759 -3.64800953  0.18609307 -0.36579405] -227.49052690009748
[-0.19298782 -0.56384106 -0.31767687 -3.64693612  0.18481325 -0.36330938] -227.49053264618308
[-0.19331605 -0.56333978 -0.31841042 -3.64590627  0.18405165 -0.36384137] -227.4905333612356
[-0.19310831 -0.56353102 -0.31788448 -3.6463409   0.18441697 -0.36403184] -227.49053133517785
[-0.19285349 -0.56350012 -0.31710944 -3.64641654  0.18461922 -0.36537606] -227.49052991617967
[-0.19338809 -0.56355593 -0.31702566 -3.64741094  0.18565807 -0.36552102] -227.49052744962333
[-0.19356118 -0.5628599  -0.31781535 -3.64656818  0.18464268 -0.36416644] -227.49052683511135
[-0.193236   -0.56330165 -0.31677035 -3.64733317  0.18546622 -0.36536365] -227.4905242916879
[-0.19329984 -0.56318696 -0.31621328 -3.6478293   0.18599084 -0.36602956] -227.4905282538432
[-0.19313734 -0.56343187 -0.3166738  -3.64679514  0.18537597 -0.3659033 ] -227.49053103480358
[-0.19319501 -0.56338998 -0.31742722 -3.64694315  0.18490422 -0.36444587] -227.49052557556254
[-0.19361191 -0.56327105 -0.31734866 -3.64754662  0.18559871 -0.36417723] -227.49053224849413
[-0.1930431  -0.56344285 -0.31716924 -3.64669906  0.18486409 -0.36507636] -227.49053069521128
[-0.1932155  -0.56334581 -0.31709879 -3.64713816  0.18518522 -0.36490476] -227.49052655876366
[-0.19310304 -0.56347005 -0.31664018 -3.64736928  0.18546143 -0.36525716] -227.49052897222188
[-0.19339859 -0.56308077 -0.31729285 -3.64695067  0.18505445 -0.36476505] -227.4905269159556
[-0.19331205 -0.56342879 -0.31689801 -3.64737205  0.18556214 -0.36544234] -227.49052735732255
[-0.19314093 -0.56343462 -0.31729802 -3.64678091  0.18499609 -0.36468795] -227.4905325067338
[-0.19304475 -0.56340088 -0.31693989 -3.64687485  0.18504272 -0.36536986] -227.49052158886596
[-0.19329571 -0.56324136 -0.316582   -3.64756516  0.18559463 -0.36567966] -227.49052168309981
[-0.19339783 -0.5631297  -0.31722045 -3.64704207  0.18517369 -0.36525128] -227.49052848960787
[-0.19332413 -0.56321479 -0.31707538 -3.64712387  0.18524563 -0.36525275] -227.490528219793
[-0.19317673 -0.56338496 -0.31678525 -3.64728748  0.1853895  -0.36525569] -227.49053525881868
[-0.19328728 -0.56325733 -0.31700285 -3.64716477  0.18528159 -0.36525349] -227.49052924558936
[-0.19317023 -0.56332112 -0.31676095 -3.64722     0.18531868 -0.36552476] -227.49052735000745
[-0.19314037 -0.56335126 -0.31685512 -3.64710401  0.18525447 -0.36536676] -227.49053010028032
[-0.19313012 -0.56337335 -0.31701934 -3.6470065   0.18511397 -0.36513731] -227.49052754874725
[-0.19322167 -0.56324083 -0.31711637 -3.64691276  0.18504858 -0.36506745] -227.49052666024048
[-0.1931784  -0.56341483 -0.31691895 -3.64712345  0.18530243 -0.3654061 ] -227.49052563962886
[-0.19318444 -0.56330783 -0.31700764 -3.64699936  0.18514417 -0.36531131] -227.4905220010585
[-0.19316949 -0.56333502 -0.31706592 -3.64694164  0.18506905 -0.36523884] -227.49053077188992
[-0.19314765 -0.5633472  -0.31690782 -3.64706342  0.18520811 -0.36533478] -227.4905296270141
[-0.19316221 -0.56333908 -0.31701322 -3.64698223  0.1851154  -0.36527082] -227.49053269281148
[-0.19315129 -0.56334517 -0.31693417 -3.64704312  0.18518494 -0.36531879] -227.4905315709934
[-0.19311459 -0.56335436 -0.31697377 -3.64693711  0.18509345 -0.36534058] -227.490529612438
[-0.19311157 -0.56340786 -0.31692942 -3.64699915  0.18517257 -0.36538798] -227.49052636314838
[-0.19313321 -0.56332085 -0.31702813 -3.64689381  0.18504565 -0.36521866] -227.49053080351294
[-0.19310749 -0.563361   -0.31685042 -3.64704743  0.1851807  -0.36544731] -227.4905294643965
[-0.19308744 -0.56338711 -0.31697962 -3.64694068  0.18507834 -0.36525359] -227.4905250455547
[-0.1930962  -0.56337404 -0.31692386 -3.64696913  0.18512542 -0.36535232] -227.490541272434
[-0.19310348 -0.56336998 -0.31697656 -3.64692854  0.18507906 -0.36532034] -227.4905352982366
[-0.19310166 -0.563371   -0.31696338 -3.64693869  0.18509065 -0.36532833] -227.4905352754017
[-0.19309802 -0.56337303 -0.31693703 -3.64695899  0.18511383 -0.36534432] -227.49053413774743
[-0.19309893 -0.56337252 -0.31694362 -3.64695391  0.18510803 -0.36534033] -227.49053377187448
[-0.19310075 -0.5633715  -0.3169568  -3.64694376  0.18509644 -0.36533233] -227.4905377319836
[-0.19309938 -0.56337226 -0.31694691 -3.64695137  0.18510514 -0.36533833] -227.49054603935875
[-0.19306609 -0.563394   -0.31695976 -3.64690777  0.18506053 -0.36531172] -227.49053205583706
[-0.19307816 -0.56340437 -0.31693466 -3.646937    0.18510765 -0.36537892] -227.4905290361497
[-0.19307612 -0.56338094 -0.31689516 -3.64696114  0.18511171 -0.36540858] -227.49053029803852
[-0.19307967 -0.56337762 -0.31695683 -3.64690598  0.18506808 -0.36535522] -227.49052747313678
[-0.19308898 -0.56336087 -0.31698401 -3.64688433  0.18504418 -0.36529426] -227.4905312537891
[-0.19307184 -0.5633867  -0.31694176 -3.64691438  0.18507538 -0.36535509] -227.49052908241072
