[ 0.94170195  1.26264194 -0.71234864 -0.31141221 -1.56497264 -0.7699841 ] -425.67715336576777
[ 0.04624373 -0.14993061 -1.3998255  -0.61976823  1.76117468  0.16763918] -439.4433254825257
[ 0.17157651  2.1023114   1.78905892 -0.35035927  0.50892272 -0.10682494] -416.22528602473034
[-0.26884765 -0.09037168  1.39297206  0.05011864  0.53544456  0.47435908] -421.79566008226095
[ 1.44156443 -0.18761525  0.74647528 -0.88418421 -0.21733095  1.17373969] -420.7656865785802
[-0.16916216 -1.31194031  1.83622412 -0.69741141 -0.00232469  0.06062043] -440.4074488934775
[-0.25956038  0.47331448  1.82696134 -2.11427645  0.19366127 -0.25269971] -459.6602943342892
[ 0.98058598  0.06838401 -0.60944259  1.17660421  0.1466433   0.58588282] -385.97164023962824
[ 1.60065915 -0.13408123 -1.82764456  2.82204454  0.12313431  1.00517409] -362.6516931234509
[ 1.4801282   2.2462585  -1.83999494  0.93289115  0.38444893  0.5874139 ] -378.81730868324036
[ 1.7426838   1.88297851  1.24933154  1.37280111 -1.83795904  0.62032006] -399.6532625557625
[1.11421952 0.67718481 1.21574808 1.62584953 1.39719281 2.02137806] -380.47197538710975
[ 2.78579152  2.2860506  -0.94864728  1.78956232 -0.41597497  1.29270787] -363.6897410355105
[ 1.52345514  3.20784945 -0.86719136  3.61511401  0.27058588  0.63298332] -363.31680347559904
[ 3.24406927  1.28643548 -2.79519176  4.40311349 -0.53511342  2.16015071] -379.5170818484172
[ 2.17342381  1.3069207  -3.60363881  3.69005724  2.24605022  1.94628259] -340.4480920103173
[ 2.38879381  1.01889179 -6.03012399  4.8486853   4.28805484  2.60926385] -341.04900243514476
[ 3.15495617  2.72262635 -5.17651765  4.12507805 -0.70614917  0.52019276] -403.30710376934167
[ 1.62440369  1.1885452  -0.38231835  2.25065666  0.87135732  1.64608173] -359.0025515019315
[ 0.4852179   2.08074559 -0.36128667  0.63032848  1.69498064  0.21006379] -401.4843798388481
[ 2.55435643  1.48501301 -2.18671549  3.45991724  0.0224101   1.67262898] -355.1827789871113
[ 2.60723505  0.86717407 -1.43205702  4.94289285  0.65473869  2.14453895] -353.21019579500313
[ 1.2420529   0.35442313 -2.48454125  5.13733186  1.81206714  1.72318869] -345.88543826271194
[ 2.41058853 -1.51851782 -3.1051138   3.81918612  1.63933338  2.74631502] -349.47711814391295
[ 2.60336098  1.36193399 -2.57048368  4.94463612  2.29218464  2.95450457] -328.6055516433487
[ 3.10471189  2.1099416  -2.94190324  6.0059319   3.3767098   3.92916981] -326.44558204375943
[ 3.07305251  0.3464397  -4.86900485  6.76778241  2.37907912  3.07462628] -365.6333829323353
[ 1.98656589  0.97801882 -1.50398998  3.3799381   1.24828777  2.00321787] -343.45257281591546
[ 1.95383626 -0.11902617 -2.83703254  5.53186212  3.63665224  3.15827533] -326.93910084535923
[ 1.68315804  0.17007935 -4.06001619  4.2452096   3.99829482  3.02427748] -356.31861505725874
[ 2.3762158   0.69290039 -2.08904681  4.76847204  1.49062772  2.36447359] -337.19857402663456
[ 1.86834699  3.29291064 -2.04827041  5.68534496  2.96413158  2.29522094] -341.0380126400604
[ 3.24564732  2.39946553 -2.52341935  4.54987026  3.1754193   3.50902469] -318.795862847607
[ 4.24744453  3.42198672 -2.5428584   4.25613945  3.85709539  4.40194269] -315.5384410351104
[ 3.25476053  2.5905258  -3.8502601   6.59933114  4.60880121  4.02857044] -324.3395550474453
[ 3.83511729  0.0415057  -3.90664289  4.59858633  3.44118061  4.31435055] -330.60829628686866
[ 4.08393829  1.60569065 -2.45227585  6.89671709  4.55763877  5.45264488] -322.88085344051456
[ 4.45038713  2.52397438 -4.08794419  6.52771731  6.33539828  6.06384432] -306.45007957981045
[ 5.4874728   3.43951137 -5.08739288  7.40733995  8.75778356  7.91352968] -311.02387754746303
[ 3.19657559  4.00285863 -2.33078188  7.34064667  5.34958462  4.69713194] -342.8022204321305
[ 3.67548186  1.03184393 -3.51267764  5.28410142  3.91828161  4.4100459 ] -316.74228023140716
[ 5.65173848  4.54701387 -3.62560726  6.32478399  5.24798945  6.27046401] -336.90809133874893
[ 2.87831182  1.04748384 -3.03417622  5.73009258  4.03948654  3.9363225 ] -315.75637788707564
[ 4.42539616  1.96389351 -3.55149422  5.75876776  5.72885747  5.50195377] -306.89917424187234
[ 4.6655594   1.27443188 -2.54354875  4.88518073  4.87011814  5.89368091] -317.6488995544974
[ 4.03025534  2.14884743 -3.97195729  3.91728266  5.02544037  4.61661848] -343.16468749742285
[ 4.07051755  1.74147985 -2.83219621  6.15185848  4.67458917  5.24363828] -309.94882919693293
[ 3.25028695  2.63578887 -3.97690022  6.35104494  4.64778468  3.95890158] -319.89053788134754
[ 4.31174129  1.61477112 -2.90188661  5.25164678  4.81453478  5.40998608] -311.14470592244555
[ 4.45245096  3.07268588 -2.80417431  5.94130604  5.89837226  5.77584998] -301.8826747455939
[ 4.84093551  4.09310685 -2.44992265  6.26990835  6.88841759  6.45875202] -298.30118299852467
[ 5.90382891  4.07225364 -3.08792454  5.67525346  6.72681102  7.09038321] -306.44102884964826
[ 5.08682433  1.91450639 -3.76093108  7.6222446   7.86577405  7.52090987] -305.46728155008566
[ 5.28088858  3.82163375 -3.68825102  7.41693654  7.92541441  7.21650775] -311.13230857167684
[ 5.03860175  3.26991809 -3.49165992  6.8756141   7.1476945   6.76487733] -304.06822811209906
[ 5.84480704  4.20440444 -3.97776266  6.75797671  8.88972846  7.88993522] -301.9496085304921
[ 5.9630654   4.72882775 -3.40055412  7.48413708  8.88908383  8.42761356] -313.2109751731595
[ 4.80981347  2.65512707 -3.5137592   6.19011009  6.51891406  6.23336871] -302.6330794537022
[ 6.05788321  4.21246445 -2.67270916  6.6026518   8.34371494  7.92223114] -298.26529075057255
[ 6.86163124  5.05670948 -1.96509164  6.64011904  9.34787327  8.85142456] -298.572516426379
[ 4.65579286  2.71092212 -3.53432368  7.76424842  8.49127018  7.17297489] -300.5666912061313
[ 5.32912029  5.13414128 -2.78578134  5.86459189  7.56080586  6.6264699 ] -298.7067455907946
[ 5.47418237  4.40013731 -2.81975965  6.27421499  8.41658919  7.33636664] -296.2728308881668
[ 5.69197268  4.96524692 -2.48380951  5.97351543  9.05103654  7.62211129] -299.3764238614967
[ 5.92442696  5.59659841 -2.56632718  6.98775396  9.67792802  8.23554122] -296.03168414975926
[ 6.48173371  7.06733408 -2.09261117  7.3865759  11.257435    9.23662748] -301.6663526483336
[ 4.91597336  4.5113857  -1.63184523  6.49647976  7.5698468   6.69417671] -294.25980273896687
[ 4.45155652  4.66487633 -0.45888651  6.36573128  6.90990597  6.09629746] -297.28084247427427
[ 6.19171437  6.60502254 -1.44112472  5.0676185   7.66116395  7.25153766] -302.8793871437012
[ 5.03977324  3.68444723 -3.01102394  7.09009094  8.28374363  7.19261558] -296.2673097833417
[ 5.42193793  3.69857204 -2.26474793  7.37577471  8.83260753  7.98675787] -294.7427290273126
[ 6.10379018  4.60809487 -2.53888171  7.33908036 10.15305912  8.66381103] -293.2794225893672
[ 6.73521751  4.86558888 -2.58336123  7.87366637 11.78537988  9.76634054] -295.6690551288536
[ 4.90214481  4.62061407 -2.27148605  7.25181311  9.30087648  7.44752521] -292.4397705670443
[ 4.32427561  4.82468888 -2.0708745   7.57639377  9.77945726  7.21017224] -295.33093251556915
[ 5.29516645  4.50643346 -1.9416777   7.90611596  9.52276466  8.07044257] -301.74474388279725
[ 5.42942839  4.42671135 -2.60023916  6.68219023  8.69313306  7.51988562] -293.51792850206255
[ 5.85946064  5.46954492 -1.61348514  6.95427311  9.79207338  8.32328364] -291.0450385823331
[ 6.26930433  6.36209376 -0.91471574  6.88636419 10.54623825  8.88861767] -290.8383405925635
[ 5.08976604  3.81255885 -1.50764476  7.02281349  8.68732573  7.49805015] -289.4152911976987
[ 4.67243558  2.92053907 -0.97830355  7.04034326  8.19202458  7.12930461] -289.1735360645124
[ 5.34242095  5.4512409  -1.38040922  6.52298226  9.31911858  7.46101575] -290.1277471801439
[ 5.99053472  4.9517123  -1.92949992  7.41111138 11.16496989  9.00920992] -288.10331034861093
[ 6.5278154   5.1718756  -2.07832726  7.86842719 12.96253144 10.16672652] -288.8481353994569
[ 5.66411513  5.21138697 -0.73752624  7.46837462 10.86562924  8.67994244] -286.4447163219895
[ 5.7814585   5.60372479  0.19383023  7.86146682 11.95187733  9.25997086] -286.6949571233236
[ 4.843195    5.23110083 -0.19843186  6.85458258  9.64322656  7.54139417] -290.3935115642082
[ 6.02519043  5.42207721  0.22519055  6.80943965 10.60952588  8.78896965] -286.4794691435911
[ 4.5766596   3.36725867 -0.751611    7.14924706  9.38525999  7.31466117] -288.31138369313527
[ 5.91392381  3.87697088 -1.65228793  7.27925017 10.20228283  8.58630701] -286.8402168586916
[ 5.6051988   3.13207413 -0.56093681  7.86293978 10.8207789   9.04178252] -283.39871474637334
[ 5.73658772  1.97249075 -0.1512006   8.53291854 11.57160906  9.8321659 ] -283.3279287368135
[ 6.62990156  5.34675986 -0.6873415   7.84310389 13.07440105 10.27444742] -284.62778756023494
[ 7.41009152  5.55987399 -0.89261088  7.96548569 13.11087932 11.07568627] -292.7376508810728
[ 5.28501758  3.9154125  -0.78686097  7.35330672 10.31666482  8.25491745] -284.9847699499918
[ 5.76104402  3.62998709  0.66615769  7.68435315 11.04840107  9.12970671] -282.00239832639113
[ 5.64629868  2.96912448  1.96398649  7.82097404 10.99011666  9.1899551 ] -282.80639722601063
[ 5.78669501  4.62240057  1.1617609   7.95124869 12.29312755  9.73374284] -284.1308027137936
[ 5.59592992  2.81073537 -0.40352745  8.80166222 12.44708505  9.84600461] -283.55328648751424
[ 5.93427681  2.2212084   0.67052226  8.58715645 12.71813362 10.3437192 ] -281.6234682690051
[ 6.06935765  0.72611912  1.37454651  9.14654736 13.64438581 11.17560758] -284.61888562491384
[ 6.5297941   2.95244818  1.2056514   9.11350759 14.06758764 11.46501145] -282.8589509188067
[ 5.15154097  0.72299693  1.73712957  9.04717833 11.64091361  9.84233615] -287.11107059692165
[ 6.26031141  4.19081913 -0.08122373  8.1441225  12.71602919 10.1664196 ] -282.04550888772945
[ 6.15261965  1.30349573 -0.52630105  9.00332479 12.56315433 10.52726631] -284.2433393006803
[ 5.87817617  3.79267436  0.73974542  8.21426772 12.36063424  9.93212371] -282.1190939185057
[ 6.43746683  3.44247393  1.42007826  7.9571131  12.38037989 10.44371091] -282.2481446524789
[ 6.53043539  4.77071295  1.69151103  8.03392162 13.52544616 10.66139796] -282.7028828811079
[ 5.73744278  4.39684377  0.49661224  7.09347058 10.84875375  8.76068125] -285.2162664007128
[ 6.33170627  3.31354708  1.02839161  8.60849834 13.26287917 10.7889289 ] -281.2961284427085
[ 5.67055845  2.09285704 -0.2102872   8.36458213 11.3033729   9.60680505] -283.18120402547294
[ 6.31546616  4.10124898  1.21606147  8.11658675 12.96992785 10.39774973] -281.5871439416955
[ 5.72286012e+00  3.64068775e+00 -6.86002307e-03  8.49454854e+00
  1.26449552e+01  9.80917170e+00] -282.09917965906817
[ 6.23037876  3.23982511  0.42460434  8.33082086 12.75947444 10.2797749 ] -280.5916940778181
[ 6.40648005  2.96340048  0.26703381  8.38909743 12.95889454 10.4536005 ] -280.48785396303174
[ 6.61356813  3.1660493   1.26250772  8.01538967 12.57979999 10.61753651] -282.1381106559491
[ 5.94553712  3.52202814  0.31048191  8.37475882 12.62866636 10.0112629 ] -281.18833138361884
[ 5.97119206  2.39298759  1.46743998  8.44269448 12.47960501 10.20856971] -281.2263831493852
[ 6.5405088   2.54148647  0.98715266  9.15524427 14.62430111 11.60490361] -281.3361042559412
[ 6.56935334  4.05702451  1.08833156  8.44180358 13.58995772 10.81128592] -280.7517871959739
[ 6.27279306  2.16224245  0.50021571  9.02077889 13.54484013 10.89510078] -280.9061389611676
[ 5.95851184  3.59559028  0.5668122   7.93729958 11.53064653  9.45134596] -281.0715403245662
[ 6.04291622  2.91754407  0.37171344  8.26031259 12.3146576   9.82145969] -279.8262551444796
[ 5.8985212   2.71954257  0.04337436  8.08621971 11.84054682  9.33772509] -279.79836042242806
[ 6.37920681  3.94695521 -0.54202347  8.30729152 12.88491235 10.11153734] -281.53150086940457
[ 6.07319575  2.7814795   0.96507412  8.40884374 12.58093185 10.18431162] -280.3675994527624
[ 6.44741463  2.57106513  0.833132    8.38658883 12.7199395  10.36652705] -279.5246658692729
[ 6.69835339  2.09558362  1.09445705  8.39250383 12.76557607 10.54415912] -279.8617551077022
[ 6.59740751  2.1559946   0.66557499  8.97381115 14.21439032 11.23150436] -280.33034640669894
[ 6.3913311   3.58725981  0.78729124  7.87467592 12.42338012  9.89988407] -280.1532306830915
[ 6.03543007  1.53588952  0.09882861  8.26460868 11.98940333  9.67989831] -281.56823334335843
[ 6.43587253  3.42674076  0.84095582  8.39750486 13.18981912 10.52843902] -279.84424913772983
[ 6.20810085  2.78396031  1.1114337   8.32011731 12.69744137 10.0625299 ] -279.07799503571954
[ 6.10891125  2.69424022  1.53363365  8.28562725 12.56671479  9.8669946 ] -278.9292737334411
[ 6.55329032  2.93680153  0.60291324  8.25929883 13.07066504 10.22604644] -278.81117529966866
[ 6.79333761  3.01446254  0.42183279  8.18452637 13.31553164 10.24691386] -278.9787096591354
[ 6.01437283  3.82255541  0.88152512  7.45616065 11.05596481  8.84370107] -280.1188739271275
[ 6.09479649  2.46972206  0.79122016  8.41579079 12.3911699   9.82326036] -278.5505359536904
[ 5.94652918  1.91095318  0.79318462  8.68634822 12.3750648   9.7849485 ] -278.7345136752871
[ 6.49856264  1.78348201  0.66688463  9.15418277 14.20365358 11.20596312] -280.20384674497853
[ 6.13542029  3.31278706  0.827865    7.88066618 11.842887    9.43426658] -279.194465264369
[ 5.9769122   2.14131209  0.70309031  8.040559   11.62082189  9.15650103] -278.6472098120135
[ 6.54039386  2.65576679  1.72057709  8.33662391 12.89685256 10.28680693] -278.14835157114857
[ 6.86133019  2.6238789   2.55917846  8.46182601 13.42500543 10.76134785] -278.5011435445307
[ 6.0224935   2.83247812  1.22663448  8.01959982 12.0764309   9.23143159] -277.8505434375702
[ 5.81003294  2.96318462  1.42338572  7.83610532 11.75467659  8.66388387] -277.9491671868135
[ 6.29684559  1.93065321  1.36482465  8.57183369 13.03133136 10.0960804 ] -277.6922672475018
[ 6.37755824  1.23958629  1.63330447  8.91741744 13.62555354 10.42698732] -277.8545203386958
[ 6.3859994   2.29467105  0.60278632  8.26227477 12.46237576  9.73971432] -277.71644924166685
[ 5.88585669  1.83806624  1.53346443  8.28959516 11.75566242  9.21855177] -277.94985183614824
[ 6.43188298  2.53247373  1.71007873  8.59134704 13.25045241 10.30878076] -277.32057579032795
[ 6.65936836  2.72805456  2.21357294  8.86674106 14.06526766 10.88492063] -277.7879809412611
[ 6.42636085  2.22498099  1.92823508  8.27463401 12.7665319   9.80386157] -277.0887600047314
[ 6.59214304  2.10261046  2.49674254  8.20405563 12.95421289  9.79416217] -277.5379655305083
[ 5.94275248  1.89534099  1.06809747  8.33313759 12.21740902  9.17933321] -276.8590462711257
[ 5.64393179  1.51512809  0.74185766  8.33139443 11.87768725  8.62559635] -276.9626664454456
[ 6.61625491  2.73213312  1.10008781  8.39468048 13.5125147  10.23451552] -277.1834322800645
[ 6.67753857  1.70427291  1.36473554  8.7897027  13.67044082 10.555997  ] -277.11101027250925
[ 6.41121239  2.04528061  2.24256677  8.72283707 13.6871843  10.3198085 ] -277.1905897542532
[ 6.53848847  2.44750758  1.77310915  8.46361261 13.33684635 10.03801845] -275.8955799891302
[ 6.65930991  2.70593476  1.9772514   8.40950207 13.48960385 10.00898747] -275.16294534666457
[ 6.47926006  1.90350739  1.51691263  8.38348427 13.19744245  9.72538699] -276.5213152530786
[ 6.5226132   2.34344278  0.74253987  8.13887664 12.59746328  9.51621875] -276.72636392065533
[ 6.28635678  1.52702682  1.76583619  8.38176528 12.46711574  9.36207948] -275.7598418761592
[ 6.0946792   2.495805    1.63488867  7.85076392 11.90808126  8.64262549] -276.2616989976088
[ 6.23529636  2.06537159  0.973607    8.22454257 12.52583997  9.00768223] -274.9121486979907
[ 6.13976411  1.98556689  0.49629296  8.19949685 12.40549401  8.60959256] -274.3732454793498
[ 6.78457528  2.42508689  1.6431431   8.12149209 13.13765785  9.44229703] -274.73282843655005
[ 6.29203524  2.0041998   2.26890178  8.30995819 12.93766845  9.08077092] -274.5645435511496
[ 6.27298011  2.47769933  1.74519208  8.04084187 12.25109793  8.65673066] -273.45732710751525
[ 6.16984014  2.7647953   1.8593318   7.86952067 11.77792567  8.12240249] -272.7803974330803
[ 6.68261462  1.97506516  1.70203041  8.57981447 13.49707393  9.5660845 ] -272.36461108764195
[ 6.97658234  1.71469523  1.73560128  8.94433974 14.29157026 10.027814  ] -271.5091711073827
[ 6.72101222  3.00639947  1.56100459  8.23633792 13.54619095  9.06854202] -271.1005917657373
[ 6.93833995  3.7460858   1.45858879  8.16362425 14.08572856  8.92177329] -269.72807907465796
[ 6.44106911  2.17420855  1.17670184  8.12664186 12.72241108  8.0592293 ] -270.094485436055
[ 6.20130168  2.3714303   1.35532971  8.41636843 12.9359415   8.16489715] -269.318224043334
[ 5.90966489  2.344602    1.21142302  8.5638066  12.83508332  7.52619721] -268.65313021506705
[ 6.56638493  2.90578478  0.37707811  8.31251847 13.10173586  8.00823202] -268.6937202227589
[ 6.860863    3.23115699  2.10994865  8.46065368 13.86599091  8.27895688] -266.1784444949445
[ 7.22141245  3.85395204  2.91677649  8.59123209 14.59623936  8.11363904] -265.6153836798866
[ 7.18131108  2.81498083  1.09939137  9.03120033 15.43299714  8.7632258 ] -264.5576021554393
[ 7.68704655  2.8400736   0.71942116  9.61204016 17.26053287  9.08363745] -264.8522117012395
[ 6.4428118   4.23184277  1.01105193  7.98533479 13.29982818  6.43628489] -265.8893825998354
[ 6.97890593  4.45820753  1.51473474  8.75593032 15.06145972  7.86388812] -266.793412113209
[ 6.49515708  3.12370419  1.2515631   8.91638329 14.02338596  6.64871574] -266.3757090538341
[ 6.84336948  4.036645    2.62456877  8.96877734 15.31459537  7.1090849 ] -265.47957522170213
[ 7.81132438  5.16184212  2.26127245  8.85247944 16.40775192  7.45208228] -266.94766105610825
[ 7.33590951  4.45753209  1.99881009  8.78031123 15.51458477  7.47061101] -264.7031524269038
[ 6.86108454  3.04801145  2.11931918  8.6684827  14.3324172   6.98329901] -262.07203884400184
[ 6.80217384  2.34291341  2.4216114   8.6247589  13.96789594  6.54300445] -261.11537183577093
[ 7.44717231  4.12225119  2.77250692  8.4108216  15.35199429  8.16323429] -263.41740330185826
[ 7.83430442  2.97758209  3.60016975  9.48369904 16.75960744  8.95131495] -264.4039627236484
[ 7.2600011   3.06334949  1.92224294  9.17529073 16.18431896  7.5531861 ] -259.85217666966304
[ 7.27929542  2.66804822  1.42497617  9.46732005 16.97835876  7.27295962] -258.48482789581675
[ 7.78335272  2.42445761  1.81458647  8.96392638 16.02055075  8.61236514] -262.42528750560564
[ 7.43996042  1.32587903  2.37893727  9.21359753 15.98921667  8.63142374] -262.4943313371697
[ 7.68077529  2.47206302  3.70487129  9.0235075  16.25621081  7.29487494] -258.0949638485117
[ 7.9305074   2.30060411  5.00761125  9.01966109 16.66781765  6.56069951] -258.2349478376568
[ 6.97660558  2.1409554   1.23899342  8.41761161 14.76180163  6.55463911] -263.4785801201556
[ 7.19103029  2.35011207  1.8292875   8.68413347 15.26125308  7.15380807] -260.58792785821004
[ 7.27835702  0.40557326  1.75224978  9.58159301 16.13916772  7.00624436] -259.472225575687
[ 7.23170111  2.89517684  1.9369236   8.90148224 15.55192902  5.99632846] -258.3787734511095
[ 6.70442494  1.95350466  2.54205345  9.13033867 15.3643877   5.14337483] -258.491120765541
[ 7.65302085  1.90524595  1.97517586  9.63803275 17.88253976  6.7461923 ] -255.89375891828934
[ 8.07844435  1.68641222  1.75195809 10.14466968 19.83986167  6.84778623] -256.09292191149177
[ 7.41816125  1.74975857  2.61612921  9.8966246  17.46294484  5.99951676] -257.84257397310046
[ 7.37743593  4.14235916  2.98112674  9.1041756  17.02628925  5.81150461] -259.9931975722498
[ 7.30312675  1.33976973  2.05946902  9.46223865 16.3609481   6.70755942] -257.3626624700866
[ 8.15093528  2.38984945  2.0304616   9.66606326 18.13325607  8.19576901] -258.73451988604916
[ 7.06605253  2.06259086  2.41415549  9.26426982 16.05660479  5.90647337] -257.1441380926412
[ 7.50498384  1.47348677  3.47726532  9.26139847 16.21203368  5.61068879] -256.452503343871
[ 7.6436724   0.77246146  3.47876513  9.94720837 17.85849831  6.75877341] -255.85441124612927
[ 7.84965804 -0.28889622  4.24968589 10.47007143 19.01178295  7.13999588] -257.12016280596544
[ 7.18223058  0.62904143  1.63544872 10.13308338 17.68831235  5.28152642] -258.00151067631066
[ 7.30686676  1.08979683  2.15280436  9.85568941 17.33028696  5.78486355] -256.5008010720815
[ 7.40774645  1.13135863  2.56974918  9.24632122 16.43735903  6.50533352] -257.7145264124262
[ 7.41035015  1.28595861  2.58134419  9.40889707 16.69375548  6.37887933] -256.42369035733026
[ 7.55852209  1.52341043  3.30036776  9.66292664 17.65029156  5.68773083] -255.22984858769144
[ 7.68621976  1.61523077  3.92081713  9.76327064 18.29496329  5.17781654] -255.54283716862622
[ 7.95975283  0.62086249  3.24108539  9.99378109 18.48586379  6.4159027 ] -255.3931556813938
[ 7.9365673   1.43734507  3.86519685  9.44839205 17.5973739   6.74785891] -255.9449979271935
[ 7.88231136  1.0416079   2.6700464  10.10501418 19.17740725  7.30109037] -255.59225193992566
[ 8.13426546  1.14768582  3.59553494 10.18955462 19.52356938  6.84030351] -254.55897807552307
[ 8.49622311  1.07854943  4.10263032 10.5798834  20.93847632  7.0710156 ] -254.9164529349862
[ 7.6739477   0.89974628  2.22179497 10.39711383 19.26201612  6.5021388 ] -255.97032348816663
[ 7.8709124   1.30294537  3.45434638  9.68557249 18.01353445  6.68642888] -255.21491569515172
[ 8.03012467  0.23107854  4.60487281 10.22331971 19.02051515  6.48388426] -256.04759570120245
[ 7.7472968   1.4867041   2.6326001   9.78435449 18.16703361  6.68061529] -255.1705213933515
[ 8.07401459  1.60194391  2.81922853  9.85985947 19.1474017   6.44525045] -254.68558210321922
[ 7.89927669  1.51957614  3.67767463  9.62033542 17.81849091  5.61765352] -255.1553502459922
[ 7.80167651  2.23989276  3.25216539  9.60708663 18.28757674  6.23675813] -254.69785560384912
[ 8.28395872  1.57617228  3.17681556  9.91932774 19.33557737  7.1479391 ] -254.85190460587992
[ 8.10925052  1.88771296  2.93032667  9.9746003  19.41301545  6.30307779] -254.46948087126512
[ 8.22841959  2.18009675  2.66831681 10.1191142  20.11275595  6.11140224] -255.13595789656304
[ 8.35351736  1.83762386  3.85131514  9.93923357 19.67484358  6.18304554] -254.26400689915465
[ 8.65662764  2.01308374  4.46067267 10.01667311 20.42874856  5.93426066] -254.78512649913012
[ 8.35295103  1.91076773  2.86412079 10.20955202 20.6421705   7.43447132] -254.65254520705156
[ 7.99126643  1.9657034   3.26074826 10.00730114 19.56061508  5.99969648] -254.32575812848592
[ 8.53674529  1.21058646  3.18825938 10.45294708 21.03296182  6.8318569 ] -254.88055998870962
[ 7.9854437   1.98256619  3.23618889  9.81855174 18.97392301  6.38553282] -254.30129049521614
[ 8.23488358  1.97540941  3.76018303 10.18640499 20.11531063  6.6034587 ] -254.49341055313548
[ 7.91659133  1.68813282  4.01397819  9.82899677 18.44492188  5.33723363] -255.72489245051617
[ 8.2438611   1.855109    3.15158514 10.11441321 20.09285834  6.91016189] -254.2012000947955
[ 8.17180878  2.68702245  3.13458077  9.82394702 19.75328599  5.95468757] -254.57897986228323
[ 8.14365129  1.53251998  3.4802964  10.09815272 19.58099853  6.61889952] -254.27324731344714
[ 8.04077989  1.71166905  2.87663713  9.79767924 18.9834407   6.19667932] -254.5736666174875
[ 8.18635766  1.90947432  3.53929656 10.08922355 19.83234315  6.50176385] -254.2459483514118
[ 8.19211532  1.80661929  3.90948346 10.04769168 19.82551178  6.56328892] -254.15414166697198
[ 8.23354772  1.76607246  4.39906186 10.08423737 20.03175994  6.69339448] -254.47957978090062
[ 8.37704905  1.67560081  3.79530694 10.02845435 19.76621105  7.05453437] -254.3527491158925
[ 8.08771209  1.89317776  3.39438793 10.01258944 19.61201407  6.26340595] -254.17532833784293
[ 8.41696124  1.62894188  3.87259932 10.28188298 20.56560014  6.62798907] -254.21420345400685
[ 8.34985697  2.11112872  3.75925945 10.06352542 20.28672516  6.39765222] -254.09215876658044
[ 8.45295981  2.40043309  3.89874098 10.04621177 20.63958847  6.28702857] -254.23434702888719
[ 8.13877076  1.89719313  3.35755547 10.26387519 20.39684063  6.90504176] -254.1668649208811
[ 8.29006817  1.82124894  3.6089937  10.17210242 20.42750689  6.72074942] -253.98300654000096
[ 8.34192342  1.77713625  3.64384227 10.21354186 20.72508876  6.8302422 ] -254.0167517560061
[ 8.0171669   2.16588373  3.1878224   9.94284947 19.64821882  6.62544432] -254.1593055589301
[ 8.1147023   2.04330819  3.92091566 10.05313133 19.97274744  6.24836563] -254.29861659967327
[ 8.2115714   1.9021588   3.34391777 10.09909274 20.06283062  6.74471283] -254.06453620694163
[ 8.31213776  2.00823312  3.66128949 10.18378953 20.60386389  7.0555572 ] -254.02933273381709
[ 8.31886808  2.04123107  3.79936661  9.90580856 19.88804509  6.4640932 ] -254.09504183086753
[ 8.541039    1.73098958  4.17294776 10.21448731 20.71660899  6.68990695] -254.1571652615369
[ 8.41007097  1.83971312  3.92666642 10.14657785 20.44951144  6.67379129] -254.03919865732942
[ 8.43874246  2.1012853   3.45701435 10.14260716 20.74731592  6.78889647] -254.03181310086575
[ 8.35194783  1.8866916   3.45301378 10.36342314 20.97120622  6.99635994] -254.137015056615
[ 8.32713802  2.0025962   3.71277841 10.02021221 20.15883537  6.59715989] -254.0075365964108
[ 8.31338596  1.78061643  3.47762726 10.19126855 20.52989622  7.12930348] -254.13108731868968
[ 8.34073922  2.02850065  3.6888514  10.0954612  20.34751792  6.58056503] -254.00563361834034
[ 8.49472746  2.03170031  4.00794682 10.15449072 20.84868653  6.72752694] -254.02476403339733
[ 8.32444672  2.15814172  3.45229163 10.10964323 20.59506406  6.81636036] -253.99113299281237
[ 8.25767665  1.91552168  3.92036946 10.10262594 20.24650897  6.71040981] -254.06817884178477
[ 8.39347601  2.05484439  3.57285313 10.13261186 20.62211418  6.76927481] -253.98119564881605
[ 8.41139411  2.02411095  3.68661554 10.04438435 20.39604443  6.34832161] -254.0577348979275
[ 8.33695184  2.01220258  3.667621   10.14893824 20.55190903  6.8787483 ] -253.98182326661419
[ 8.17621253  1.99414452  3.22651627 10.07183233 20.05229596  6.726759  ] -254.06848163618716
[ 8.41509873  2.02231136  3.81258918 10.13382612 20.64958889  6.72733495] -253.97916920465727
[ 8.37312221  2.02982035  3.55495494 10.24398215 20.90573162  6.90051774] -253.98100931100066
[ 8.37031534  2.00435579  3.53424979 10.21824014 20.9031203   7.02376349] -254.01674366822323
[ 8.34813325  2.02246444  3.650201   10.12615594 20.48641852  6.69136465] -253.97453296664264
[ 8.39450335  1.82948896  3.83677935 10.20956234 20.61935898  6.74630293] -254.01106841513612
[ 8.34196088  2.07597853  3.54841356 10.13462301 20.60113779  6.798846  ] -253.9708185789234
[ 8.44617947  2.25129161  3.65988391 10.13461002 20.84479312  6.86794607] -253.99890315840014
[ 8.32909599  1.92875961  3.62171625 10.16272932 20.53182845  6.75754858] -253.9692046056757
[ 8.39667718  2.03252365  3.58595502 10.16237123 20.71369746  6.66954727] -253.9776215951583
[ 8.34122007  1.98244158  3.68509019 10.1886174  20.67402006  6.74577826] -253.96342921441206
[ 8.3150921   1.94624018  3.74120872 10.21662017 20.699973    6.73402999] -253.9777617061765
[ 8.35093982  1.99167271  3.74636679 10.05879219 20.31316543  6.5629555 ] -253.9938054416276
[ 8.36757661  2.02028344  3.60280791 10.19768466 20.75759007  6.81612718] -253.96673936500224
[ 8.2931226   1.99850572  3.41880546 10.19023439 20.60530856  6.76573569] -253.98783180527542
[ 8.3846047   2.01635995  3.71414325 10.14792819 20.63851881  6.73693514] -253.9669450474121
[ 8.30751999  1.98290553  3.68816903 10.15687494 20.51614044  6.845986  ] -253.98297457400315
[ 8.37438788  2.02011912  3.61150853 10.16099716 20.6643082   6.71365695] -253.96651295833635
[ 8.36481546  1.99218297  3.61102556 10.20470397 20.80271594  6.83159939] -253.96403282807236
[ 8.37860603  1.91073703  3.73368367 10.21959722 20.75518938  6.73503583] -253.97228033289718
[ 8.35112216  2.03466815  3.59473109 10.15586656 20.63965069  6.78289346] -253.96354238986984
[ 8.39881297  2.0932588   3.65138593 10.18920333 20.86043948  6.78478155] -253.96512958716542
[ 8.34804036  2.03129141  3.53803981 10.21776283 20.82772268  6.82134379] -253.96770333815158
[ 8.37546361  2.02009281  3.67011739 10.16538685 20.68581977  6.7580373 ] -253.96231479311325
[ 8.36769744  2.02730438  3.67181166 10.15724043 20.68472797  6.72278846] -253.95984514498076
[ 8.36775785  2.03081485  3.70631353 10.13701832 20.64829692  6.6761191 ] -253.9648901050801
[ 8.35865603  2.02986378  3.68321208 10.19267569 20.78481644  6.82830252] -253.96341361211094
[ 8.32084529  1.93559243  3.6539434  10.16562698 20.56347748  6.77168492] -253.96601480062844
[ 8.37932105  2.05384221  3.65202529 10.18330924 20.78619898  6.78150739] -253.9603988040078
[ 8.35967799  2.05722133  3.70797034 10.14299475 20.61569536  6.70816974] -253.96569160810276
[ 8.36353109  2.00844256  3.63526176 10.18927667 20.7559608   6.80074198] -253.9607249555703
[ 8.3775076   2.00599429  3.73777503 10.20296886 20.81753065  6.76282517] -253.96322358159654
[ 8.39950554  2.06607176  3.66497755 10.17500185 20.83099814  6.80562268] -253.96617717834852
[ 8.35579144  2.00334913  3.68006203 10.18521351 20.71326458  6.76073936] -253.96036798677548
[ 8.38111472  2.00981134  3.66580564 10.16845616 20.69635115  6.70057737] -253.9641806022894
[ 8.3642707   2.02485067  3.67886047 10.18662081 20.76270011  6.79637123] -253.9606163344346
[ 8.35785084  2.0399663   3.5916045  10.15271364 20.64536009  6.77723673] -253.96499821014265
[ 8.37259341  2.01448729  3.7012324  10.19040506 20.77448801  6.76642806] -253.96048149007584
[ 8.3589381   2.02399927  3.66963381 10.19863505 20.80662704  6.78482153] -253.9597101733138
[ 8.35067534  2.02595249  3.66939202 10.21525916 20.86703068  6.79821364] -253.96229628308484
[ 8.36933962  2.04083508  3.7159468  10.1778647  20.75337477  6.73681003] -253.96065052279755
[ 8.36788749  2.03273695  3.69577554 10.18071769 20.75402128  6.75279302] -253.96009741216488
[ 8.36980561  2.02705574  3.67798644 10.17855285 20.74374251  6.72665471] -253.9595882873894
[ 8.37257306  2.02815827  3.67754942 10.17451887 20.7342637   6.69179645] -253.9613364033535
[ 8.36055363  2.0416086   3.64786585 10.17081787 20.72170611  6.74334009] -253.95869815325682
[ 8.35453374  2.05516925  3.62118258 10.16102427 20.69531516  6.73179611] -253.95899011087818
[ 8.34757018  1.99817581  3.69568648 10.1737499  20.68849752  6.71553833] -253.95936550312902
[ 8.36835938  2.04694445  3.6728579  10.16802442 20.75317623  6.72123935] -253.9587059095246
[ 8.35642063  2.02229246  3.64950517 10.16828915 20.71213785  6.7186678 ] -253.95813777771374
[ 8.3506872   2.01707021  3.62636999 10.16207488 20.69119614  6.70160519] -253.95874580394658
[ 8.35285173  2.0260544   3.66603356 10.19544932 20.79056778  6.74729881] -253.9586816200243
[ 8.35958229  2.03004455  3.66701133 10.15299278 20.66331562  6.67275817] -253.96092665318338
[ 8.35909915  2.02551059  3.66897819 10.18722449 20.77079919  6.75680569] -253.9585959483348
[ 8.34514596  2.02647303  3.65565595 10.17596553 20.73521905  6.74097532] -253.95865929953587
[ 8.36657331  2.06478536  3.62461239 10.18150703 20.80603789  6.76057069] -253.9595201067606
[ 8.35232096  2.0148282   3.67791796 10.17568918 20.71788261  6.72679642] -253.95831560644208
[ 8.34043797  2.00531131  3.64912767 10.18978742 20.72959463  6.75672203] -253.95824761899968
[ 8.34153851  1.99854806  3.67454031 10.19331716 20.76369426  6.73908193] -253.95926411890986
[ 8.35579985  2.03084346  3.65453447 10.17644269 20.73220315  6.74227555] -253.9580661648323
[ 8.3502231   2.01569862  3.65253957 10.16235017 20.67537772  6.73344879] -253.95836609541553
[ 8.35962126  2.01168851  3.6618784  10.1772955  20.71077933  6.73726345] -253.9588862715528
[ 8.34876478  2.0227769   3.65721156 10.17629802 20.72910912  6.74004735] -253.95797844721267
[ 8.34222329  2.01173973  3.64463395 10.16239439 20.66130251  6.71584696] -253.95778273380182
[ 8.33378536  2.0048543   3.63246182 10.14997934 20.60655417  6.6953676 ] -253.95914906279032
[ 8.34843272  2.02023207  3.65843735 10.18728345 20.75203224  6.73333658] -253.95789292743984
[ 8.34503878  2.02290378  3.62656543 10.1778092  20.72091056  6.742169  ] -253.95751738524547
[ 8.34139769  2.02694157  3.60088916 10.1788692  20.72242453  6.74985529] -253.95807681522192
[ 8.35845538  2.03828483  3.64783498 10.15971821 20.70630384  6.70739239] -253.9588875877181
[ 8.34494233  2.01355469  3.64880449 10.18227012 20.72377194  6.74438962] -253.95763611660118
[ 8.33864663  2.01839108  3.64722391 10.18587681 20.72763865  6.75402055] -253.95827035629853
[ 8.35197713  2.02131712  3.64893486 10.17268606 20.71601305  6.72750599] -253.95766497443518
[ 8.33799316  2.00666463  3.64032808 10.17647106 20.70217666  6.72548962] -253.95733798431678
[ 8.32908982  1.99457521  3.63322488 10.17648524 20.68716341  6.71709665] -253.95743305658334
[ 8.34143769  2.00936043  3.63202316 10.1766734  20.6962932   6.72286524] -253.95725298674122
[ 8.33777414  2.0026522   3.61942896 10.17686109 20.67988523  6.71427419] -253.95771968849385
[ 8.33943807  2.00828139  3.62199264 10.16215129 20.65479039  6.72608556] -253.9579409340103
[ 8.34618406  2.0172444   3.64932617 10.18100041 20.72772178  6.73152383] -253.9574246297375
[ 8.34696776  2.01860862  3.63736012 10.19324236 20.76765989  6.7488008 ] -253.95774263346175
[ 8.34578164  2.01689139  3.63917858 10.18553037 20.74107054  6.74056234] -253.95740148614996
[ 8.33514876  2.00755599  3.62980711 10.18723212 20.72130184  6.74149389] -253.95755288366252
[ 8.33891904  2.01331885  3.62360501 10.17930206 20.71271959  6.72364502] -253.9572074029067
[ 8.3359074   2.01320094  3.61100527 10.17781804 20.70719341  6.71327272] -253.95730232685005
[ 8.34996936  2.02123851  3.64053503 10.17169671 20.71232894  6.72059112] -253.95754670363982
[ 8.34626421  2.01781788  3.63785305 10.17558056 20.71457216  6.72581682] -253.95728738524647
[ 8.34048782  2.00419542  3.64753925 10.18037676 20.71060742  6.71446529] -253.9573675679073
[ 8.33744379  2.00550514  3.62418287 10.17697766 20.69809141  6.71942428] -253.95719273675482
[ 8.33307366  1.99963551  3.61161122 10.17496629 20.68327622  6.71337451] -253.95728341358512
[ 8.33506693  2.00206272  3.6293319  10.1695968  20.67041627  6.70333974] -253.95723068843662
[ 8.33855379  2.0140478   3.6149021  10.17115709 20.68748234  6.72572829] -253.95745453908302
[ 8.34000431  2.00665851  3.63937997 10.17807184 20.70482615  6.71728104] -253.95723151027437
[ 8.34171883  2.01157655  3.62179724 10.17559639 20.69679626  6.71196776] -253.9573677704345
[ 8.33892458  2.00789261  3.63569537 10.17625239 20.70083156  6.72210915] -253.95721347605905
[ 8.33100123  1.99711488  3.62355304 10.17671082 20.67982056  6.71040468] -253.95712044443093
[ 8.32336974  1.98676338  3.61640304 10.17727595 20.66244476  6.70269861] -253.95739285842043
[ 8.33234894  2.00149047  3.62655956 10.17563046 20.69260865  6.70920273] -253.95719048858905
[ 8.33123053  2.00246971  3.61492929 10.17341822 20.68000319  6.71209417] -253.9571539668741
[ 8.33488911  2.00720117  3.62017648 10.18316707 20.71760872  6.7289536 ] -253.95725256370176
[ 8.33502247  2.00334733  3.62704305 10.17298937 20.68221438  6.70974321] -253.9571206990845
[ 8.32973076  1.99985619  3.6109289  10.17542381 20.6809877   6.70606221] -253.9572053406699
[ 8.32667354  1.98994239  3.61879389 10.17108138 20.65852237  6.6986654 ] -253.9573218294721
[ 8.33585766  2.00747474  3.62240223 10.17724689 20.69917028  6.71740012] -253.95713110029632
[ 8.33790412  2.00594457  3.63529444 10.17556733 20.69631512  6.72002752] -253.95723271986833
[ 8.3317741   2.00137828  3.61702029 10.17545969 20.68481955  6.70955354] -253.9571340708177
[ 8.32830119  1.99892     3.61965295 10.17350749 20.67478747  6.7033752 ] -253.95713877722227
[ 8.33204679  2.00207784  3.61497405 10.17414704 20.67432983  6.71165424] -253.9572292813919
[ 8.3322734   2.00163732  3.62366318 10.1752596  20.68803894  6.70981561] -253.95711650152202
[ 8.33351282  2.00082114  3.62951563 10.17697307 20.68961387  6.70800328] -253.95712593085779
[ 8.33817938  2.00500456  3.62807953 10.17803899 20.69977173  6.71826495] -253.95717734780783
[ 8.33077073  2.00044114  3.62175959 10.17464037 20.68103353  6.70709763] -253.9571168892507
[ 8.33437201  2.0022339   3.63229195 10.17581368 20.68847763  6.71126797] -253.957111956703
[ 8.33567097  2.00266171  3.63992778 10.17599068 20.69030667  6.71212519] -253.95720036987743
[ 8.32979323  1.9943905   3.63020658 10.17354874 20.67056269  6.70137734] -253.95717366382496
[ 8.33434156  2.00420368  3.62435332 10.17632236 20.69201838  6.71339442] -253.95709003417545
[ 8.33241431  2.00217161  3.62137242 10.17360567 20.68092061  6.71257123] -253.95715976565944
[ 8.3332382   2.00115876  3.62747983 10.17613122 20.68744055  6.70914527] -253.95708087070506
[ 8.3303099   1.99891589  3.62399059 10.17863665 20.69006216  6.71063198] -253.95709949294644
[ 8.3341007   2.00574868  3.62762645 10.17555714 20.69586984  6.71004629] -253.95714940073344
[ 8.3317761   1.99927333  3.62457139 10.1764224  20.68383288  6.71031508] -253.95709154190158
[ 8.33466632  2.00203315  3.63035716 10.1782216  20.69558998  6.71442581] -253.9571294087053
[ 8.33174463  2.00083914  3.62390899 10.17553568 20.68467265  6.70892968] -253.95708072576426
[ 8.3329874   2.00057092  3.62853551 10.17769439 20.68746247  6.71141253] -253.95716025895007
[ 8.3324519   2.00137072  3.62488126 10.1758683  20.68789483  6.71021484] -253.95710821295268
[ 8.33024875  1.99968661  3.61743651 10.17715852 20.68682951  6.70960912] -253.9571327402928
[ 8.3333412   2.00159708  3.62857809 10.17614989 20.6880656   6.71085326] -253.9571089510701
[ 8.33127957  2.00032343  3.62115037 10.17682231 20.68724154  6.71002383] -253.9570744574847
[ 8.33024875  1.99968661  3.61743651 10.17715852 20.68682951  6.70960912] -253.9571327402936
[ 8.33177808  2.00020069  3.62360356 10.1774219  20.68719456  6.71059858] -253.95711337833959
[ 8.33228345  2.00107821  3.62456184 10.1762567  20.68771976  6.71031077] -253.95711379877372
[ 8.3315121   2.00058129  3.62252968 10.17617899 20.68595709  6.70947675] -253.95706320295312
[ 8.33225888  2.00074109  3.6243151  10.17647676 20.68734105  6.70958455] -253.9570761055598
[ 8.33281056  2.00226355  3.62275184 10.17657233 20.68962996  6.71170913] -253.95707886652542
[ 8.33152783  1.99979838  3.62286088 10.17662236 20.68553721  6.71016945] -253.957088452098
[ 8.33079473  1.99961966  3.62257048 10.17772948 20.68865185  6.71032791] -253.9571160750395
[ 8.33186573  2.00084707  3.62301582 10.1763453  20.68756819  6.71011933] -253.95707917750144
[ 8.33295682  2.00189861  3.62297075 10.17527654 20.68577317  6.71003311] -253.95711755785797
[ 8.33133526  2.0001894   3.62267055 10.17711624 20.68793218  6.71025421] -253.95709571665654
[ 8.3324163   2.00132887  3.62287068 10.17588978 20.68649284  6.71010681] -253.95710614755734
[ 8.33160552  2.00047427  3.62272058 10.17680963 20.68757234  6.71021736] -253.95709692478704
[ 8.33139583  2.00045236  3.62184002 10.17650065 20.68659932  6.70975029] -253.95707394839465
[ 8.33188549  2.00066119  3.62342239 10.17632788 20.68664907  6.70953065] -253.95707623709413
[ 8.33216133  2.00142242  3.62264076 10.17637566 20.68779353  6.71059294] -253.95709249630053
[ 8.33168892  2.00071418  3.62277275 10.17626215 20.68676264  6.70979804] -253.95711122438635
[ 8.33151997  2.00018983  3.62269528 10.17640067 20.68574715  6.7098231 ] -253.95707007758296
[ 8.33142368  2.00038534  3.62260011 10.17664762 20.68694464  6.70986548] -253.95710187924135
[ 8.33161055  2.00051663  3.62247    10.17654834 20.68646763  6.7098817 ] -253.95706967537967
[ 8.33193808  2.00088923  3.62259926 10.17612978 20.68612663  6.70981967] -253.95711532255456
[ 8.33155228  2.00051131  3.6225999  10.17651816 20.68674013  6.70985403] -253.95709239601126
[ 8.33099741  1.99954845  3.62254499 10.17644924 20.6849266   6.7088459 ] -253.95711022505805
[ 8.33187035  2.00095393  3.62261682 10.17639406 20.6870768   6.71015618] -253.95707688709217
[ 8.33171248  2.00060709  3.6225915  10.17626537 20.68609222  6.70968553] -253.95710317152208
[ 8.33159233  2.00053526  3.6225978  10.17645496 20.68657816  6.7098119 ] -253.95710298448472
[ 8.33156132  2.00054896  3.62249984 10.17636367 20.68621236  6.70967923] -253.95707392798545
[ 8.33151603  2.00038556  3.62261248 10.17628983 20.68585212  6.70964993] -253.957081496017
[ 8.33145397  2.00051682  3.62218485 10.17633982 20.68627821  6.70961352] -253.95708219699782
[ 8.33169879  2.00062124  3.62297603 10.17625344 20.68630308  6.7095037 ] -253.95711066853804
[ 8.33169122  2.00076761  3.62257325 10.17628652 20.68651695  6.70981647] -253.9571049646949
[ 8.33153219  2.0005463   3.62256479 10.17634858 20.68634861  6.70966539] -253.95710027467152
[ 8.33139015  2.00049427  3.62201226 10.17634904 20.68608537  6.70979673] -253.95708324492273
[ 8.33129736  2.00025679  3.62222805 10.17633678 20.68572764  6.70947738] -253.95708667280684
[ 8.33137812  2.0003816   3.62212426 10.1762708  20.68568898  6.70956579] -253.95710519072946
[ 8.33149367  2.00050512  3.62245466 10.17632913 20.68618371  6.70964049] -253.9570834206817
[ 8.33167839  2.00075388  3.62253654 10.17628004 20.68646198  6.70980817] -253.95710030097803
[ 8.33139262  2.00038106  3.62230517 10.1763226  20.68591123  6.70956008] -253.9570697812602
[ 8.33144839  2.0004642   3.6222601  10.17628552 20.68591509  6.70961826] -253.957073630516
[ 8.33157133  2.00046502  3.62278511 10.17624444 20.68595667  6.70940253] -253.9570770335307
[ 8.33154663  2.00042521  3.62281261 10.17622186 20.68565665  6.7095154 ] -253.95709559083105
[ 8.33147713  2.00049392  3.62234179 10.17631033 20.68612282  6.70958899] -253.95707361403905
[ 8.3314716   2.00059259  3.62229475 10.17627868 20.68617296  6.70945868] -253.957079078197
[ 8.33148271  2.00054083  3.62237418 10.17628147 20.68609275  6.70950649] -253.9570860576941
[ 8.33145236  2.00048118  3.62241742 10.1762508  20.68593416  6.70951842] -253.95707757129233
[ 8.33149462  2.0005376   3.62243573 10.17624466 20.68603996  6.70953287] -253.95708328551908
[ 8.33148024  2.00052274  3.62239489 10.17623226 20.68593609  6.7095475 ] -253.95710791515415
[ 8.33153671  2.00056512  3.62251476 10.17627133 20.68608473  6.70957799] -253.95708612965478
[ 8.33154171  2.00052315  3.62265739 10.17621172 20.68595688  6.70943964] -253.95711033497702
[ 8.33151407  2.00048342  3.62257108 10.17623441 20.68590461  6.70956334] -253.95707250980132
[ 8.33145499  2.00053396  3.62229713 10.1762591  20.68599533  6.70963265] -253.95711277091831
[ 8.33152003  2.00052586  3.62256733 10.17622356 20.68596649  6.70948789] -253.95710520561647
[ 8.33152972  2.00053541  3.62261711 10.17623566 20.68602626  6.70950492] -253.9571130615204
[ 8.33149261  2.00052591  3.62245044 10.17623311 20.68595863  6.70953686] -253.95711092925043
[ 8.33151308  2.00053235  3.62255038 10.1762067  20.68593085  6.70952005] -253.95710618102814
[ 8.33148223  2.00053123  3.62247355 10.17621489 20.68594563  6.70949759] -253.95707663563175
[ 8.33150336  2.00055944  3.62248271 10.17621183 20.68599853  6.70950481] -253.95707153319665
[ 8.3315244   2.0005732   3.62252222 10.17622516 20.68602091  6.70952737] -253.9570804222049
[ 8.33151606  2.00055357  3.6225485  10.17620128 20.68596179  6.70948232] -253.95710558139663
[ 8.33149617  2.00055201  3.62246228 10.17620562 20.68594659  6.70951213] -253.95711304602648
