[ 0.57037797 -1.59190981  0.48947115 -0.03851165 -0.40730647 -0.08755953] -284.74585913595445
[ 0.02857363  0.73414831 -0.08596848  0.56863797  1.17976999  1.1370856 ] -307.88810980621327
[ 1.01230481  2.06559743  1.25949139 -0.86207663 -2.38084315  0.50924815] -296.5801537175543
[ 0.59026454 -0.16833723 -0.29452675 -0.17767242 -0.43573582  0.81543446] -284.7523512036031
[ 0.02044939  0.98723158 -0.23542927  0.02822292 -1.02679422 -0.83256634] -286.30328265372077
[-0.43110083 -1.53314961  0.12742561  0.61643067 -0.04686975 -0.84118468] -291.4817833125004
[ 1.27659293  0.60127111  0.28423134 -0.88417929 -0.97095396  0.64655048] -283.3768845443818
[ 0.9843893  -0.61391382  0.62952297 -1.00790009 -2.93593778 -1.06711142] -315.44896069109484
[0.26752755 0.39713278 0.09290438 0.17450345 0.15084304 0.58603634] -289.2870123215828
[-0.24760096 -2.50151782 -1.10479924  0.76834119  1.46857076 -0.41367791] -313.0849578182023
[ 0.69732836  0.92381861  0.66841873 -0.45447217 -1.41848968  0.27851664] -285.11620961215414
[ 1.57194774  1.91621863  0.20759758 -1.06713372 -1.32260928  1.3099887 ] -284.69345909776445
[ 1.3081261   0.49229819  0.28034988 -1.03908556 -2.01147285  0.12408512] -290.8828129284357
[ 0.52767719  0.42092413  0.13976576 -0.1288938  -0.38973593  0.47054854] -284.1346103427174
[ 1.72428019 -0.28656976  0.73374854 -0.94517727 -0.62148283  1.97705944] -287.5165130549687
[ 0.44640709  0.66878124  0.00686518 -0.21512713 -0.92546637 -0.1301599 ] -283.3523551903331
[ 0.96376079 -0.30816925 -0.39061732 -0.38270049 -0.06544627  0.72975094] -286.1876714686696
[ 0.76393647  0.61582165  0.40365972 -0.43652925 -1.08022882  0.39132521] -283.07073836833536
[ 1.12871526  1.04537288  0.80505699 -0.74578586 -1.26303113  0.05146337] -283.1696112542867
[ 1.33471426  3.34803969  0.12625438 -1.1207047  -1.57670203  1.00079833] -288.786644748054
[ 0.76146204 -0.35692243  0.39866695 -0.30905991 -0.69965536  0.18452993] -282.55231672149216
[ 0.06298258 -0.91780244  0.47181774  0.16060864 -0.45374791 -0.77190282] -285.9483264317739
[ 1.19470645  1.20771336  0.27365262 -0.76019813 -1.10539394  0.78951582] -282.847198894331
[ 1.32959623  0.83975514  0.58427851 -0.98806606 -1.62517393  0.17385977] -286.1301167866248
[ 0.72815695  0.52563188  0.25089394 -0.34368687 -0.69859543  0.39637634] -282.6516307509405
[ 0.39786849  0.63419508  0.42870046 -0.05261643 -0.95316972 -0.08553355] -283.12974216345737
[ 1.2118748   0.55515623  0.84667838 -0.66749836 -1.00789176  0.70605227] -282.37667458615635
[ 1.59460865  0.49834372  1.26658498 -0.89368397 -1.04910446  1.12415836] -283.48278067475974
[ 0.55728647  0.01515905  0.06236037 -0.11074379 -0.58528055  0.74262531] -283.63817985342
[ 0.98585806  0.78781942  0.61938284 -0.58702534 -1.09359348  0.22425385] -282.4230871335558
[ 1.48412977  0.47754496  0.50227769 -0.98204952 -0.94194988  0.9828847 ] -283.9909032198349
[ 0.66943381  0.59503255  0.44709477 -0.2849747  -0.95036476  0.18157101] -282.3737166151717
[ 1.0865609   0.48898869  0.54179678 -0.54761852 -0.77160276  0.43610786] -281.6325509025876
[ 1.24787311  0.42557221  0.61086531 -0.60316315 -0.61728972  0.45849919] -281.5146663022502
[ 0.67351314 -0.36361674  0.78420811 -0.17160465 -0.58373624 -0.07242162] -282.40708031675445
[ 1.12184804  0.02204853  0.98473818 -0.53075517 -0.95224834  0.16445187] -281.64045577919654
[ 1.20867161  1.0309265   1.03232224 -0.63928055 -1.03538608  0.36960559] -281.68434505953337
[ 1.05854677 -0.03277966  0.94925283 -0.37873352 -0.62204548  0.37833225] -281.4514587165063
[ 1.09489113 -0.4430792   1.11418782 -0.2745876  -0.38627148  0.45537145] -282.1196506376687
[ 1.49923625  1.22893553  0.83944246 -0.86319717 -1.14467248  0.82525901] -282.33027234987674
[ 1.05666173  0.53475566  0.77456021 -0.4325364  -0.76611052  0.0865207 ] -280.546612146804
[ 0.9790552   0.52455537  0.73850112 -0.31505541 -0.6452199  -0.22324509] -279.9646308962836
[ 1.70230985  0.47138694  1.27127928 -0.82508695 -0.72192258  0.47606327] -281.3025974346059
[ 0.94019862 -0.41503223  1.0228772  -0.23416108 -0.38669822 -0.28402332] -281.43307285793077
[ 1.14127225 -0.69900945  0.82684906 -0.32303788 -0.27975534 -0.0462462 ] -281.93826216502794
[ 1.19182177  0.59844251  0.98095395 -0.56021988 -0.84647839  0.26564264] -281.00501545164553
[ 1.2514204   0.50199985  0.87317172 -0.44138483 -0.32763642  0.19263778] -281.003622958422
[ 1.12657776  0.12395205  1.33448006 -0.31505074 -0.56604395 -0.19003001] -280.0597678151757
[ 1.3385811   0.63454782  1.12450161 -0.51825278 -0.542621   -0.29931716] -279.58381392366954
[ 1.47859826  0.96821157  1.212126   -0.58801241 -0.50290877 -0.63814186] -279.06084846740174
[ 1.6363958   1.47788166  1.11396018 -0.78077566 -0.81670511  0.24499889] -280.05712212300426
[ 0.85231321  0.92696073  0.8131184  -0.17507936 -0.51307494 -0.59210915] -279.9361224701189
[ 1.24963177  0.90941123  1.04749855 -0.31156626 -0.27738464 -0.66760579] -278.9096120336026
[ 1.27853677  1.06489559  1.08077085 -0.18723945  0.00716224 -1.13423   ] -278.9600112903256
[ 1.18943693  1.14165768  1.21338972 -0.38712846 -0.77947601 -0.88134878] -278.89375906913324
[ 1.1584452   1.4614866   1.38349872 -0.36000027 -1.00539581 -1.41834206] -279.8765118163997
[ 1.33523263  1.8589407   0.71171793 -0.53748845 -0.61221251 -0.72912058] -278.93887349760615
[ 0.72502687  0.63203076  0.79815706  0.00933221 -0.29338714 -1.48885598] -279.94699425261143
[ 1.29769136  1.62118219  1.19350143 -0.34825883 -0.34759476 -1.44248229] -278.52973160497123
[ 1.45700944  2.16949559  1.42100158 -0.36486053 -0.1987822  -2.05210089] -279.02363017578
[ 1.74260785  1.84342393  1.26562695 -0.79184347 -0.71749673 -0.16141351] -279.4510004140174
[ 1.91208639  1.8539817   1.40150179 -0.81301993 -0.56594954 -0.91459512] -278.63992873258127
[ 1.0782846   0.94103775  0.99428486 -0.20331465 -0.31101201 -1.5963513 ] -278.6731805630616
[ 1.2088563   1.80719218  0.97517209 -0.27891311 -0.46163439 -1.43902609] -278.2301015198853
[ 1.07398532  2.22668249  0.85669513 -0.12436345 -0.44099721 -1.8394682 ] -278.81630397321675
[ 1.31009649  0.89921355  1.56339821 -0.24324529 -0.30213794 -1.58468254] -278.1090151835329
[ 1.29752841  0.41934998  1.98923835 -0.09612372 -0.14710065 -2.01246353] -278.6638413350628
[ 1.41585225  1.84534379  1.39958415 -0.44639383 -0.64521692 -1.95188959] -278.70017271448813
[ 1.55151886  1.84765937  1.2957578  -0.39058675 -0.09837251 -2.09499353] -278.5162982825327
[ 1.37032575  1.14474512  1.07495457 -0.31271902 -0.05035014 -1.07215404] -279.0209242104215
[ 1.40447062  1.67019412  1.31842676 -0.41297513 -0.49650022 -1.7319557 ] -278.1879484059813
[ 1.81662208  2.29210329  1.58830117 -0.62568503 -0.44638444 -1.47289379] -278.26931500057407
[ 0.95099885  1.52519986  1.24335069  0.04646521 -0.15159189 -2.34074953] -279.51195270111447
[ 1.6718145   1.77178624  1.36196402 -0.59814864 -0.46236012 -1.27113372] -278.0951160947564
[ 1.69010159  1.80820073  1.50750525 -0.50159249 -0.40820178 -1.75574617] -277.5952338479064
[ 1.88630671  1.90171001  1.66450716 -0.57825933 -0.43850529 -1.91237811] -277.44599637643574
[ 1.54787004  1.59974043  1.52816534 -0.52182209 -0.77080163 -1.04236312] -278.07388014886817
[ 1.19318281  0.92450889  1.21557669 -0.25210283 -0.53092875 -1.52095264] -277.94054147247755
[ 1.79572409  1.11519223  1.90884064 -0.589938   -0.53877692 -1.58212919] -278.0140353507576
[ 1.73052759  1.06718966  1.76239059 -0.5148636  -0.51800333 -1.23925741] -277.4326166121212
[ 1.89355607  0.76568743  1.98437251 -0.56580783 -0.52875489 -0.99290826] -277.58174534428747
[ 1.96504543  1.89416227  1.58374994 -0.77513287 -0.78432074 -1.27138885] -278.1052210206553
[ 1.80130819  1.64542509  1.57866201 -0.64216097 -0.66377504 -1.34971228] -277.7060500349398
[ 1.64649197  0.97946919  1.85741679 -0.43490029 -0.69123686 -1.61113052] -277.39252077035957
[ 1.6338307   0.58331067  2.10514318 -0.35327612 -0.80567523 -1.78112892] -277.7190643983766
[ 1.80331041  0.94475793  1.80096596 -0.48225292 -0.35627377 -2.02949026] -277.4416202168246
[ 1.55798514  1.37249469  1.38433243 -0.37824198 -0.52746409 -1.63884455] -276.7450743119729
[ 1.43911566  1.50114592  1.12207833 -0.27239398 -0.52180767 -1.66720223] -276.38295698274914
[ 2.24250404  1.75539038  2.04643025 -0.72284087 -0.5322719  -1.74877097] -277.38694069258605
[ 1.78144394  1.07112927  1.83926769 -0.35967602 -0.35559124 -2.05303089] -276.5240747858285
[ 1.66149116  0.53798411  1.81167604 -0.35071656 -0.55322297 -1.53724931] -276.71897541668994
[ 1.69721437  1.35934491  1.67878728 -0.40287752 -0.70110422 -1.25605685] -276.3336832360711
[ 1.64416635  1.56663841  1.61769794 -0.36318983 -0.87351945 -0.86934014] -276.3818513863451
[ 1.75889279  1.33429827  1.68949487 -0.33293815 -0.60040829 -2.05188951] -275.86993976971974
[ 1.77307539  1.46785258  1.653047   -0.24197542 -0.64161077 -2.45820557] -275.5647720179681
[ 1.88512288  1.5848132   1.5263454  -0.34859316 -0.41063273 -1.96237475] -275.15904973489086
[ 2.00443834  1.8874852   1.36080971 -0.3054396  -0.27033066 -2.13799686] -274.48225751795184
[ 1.20975558  0.85292362  1.10879176  0.07848117 -0.48228394 -1.95447627] -275.4689769686865
[ 1.64018993  2.17530973  1.10925121 -0.15057723 -0.43768653 -2.30507357] -275.20471221395263
[ 1.47315249  2.01022472  0.83832074 -0.07191817 -0.66268337 -1.87330623] -274.8008512910912
[ 1.82682637  1.749901    1.46092424 -0.09237495 -0.54342549 -2.32783622] -273.64532918137036
[ 2.02068173e+00  1.87427854e+00  1.63034720e+00 -2.36543697e-03
 -5.54234403e-01 -2.65815322e+00] -272.71682023365616
[ 1.67655012  2.06334655  0.8880686   0.17161263 -0.31517234 -3.20634706] -273.80759321407794
[ 1.56851401  2.15333688  0.65881607  0.14857321 -0.26585298 -2.25357883] -273.1680019143396
[ 2.25141995  3.20173691  1.05307941 -0.14851937 -0.35303615 -2.85700899] -273.94829300956803
[ 2.02472894  2.2214932   1.03389603  0.08122498 -0.36941677 -2.69039015] -271.56796229121437
[ 2.21699845  2.24458494  0.99621844  0.19712608 -0.33528189 -2.88304844] -269.98402741302493
[ 2.43971504  2.46469829  1.35745907  0.09224735 -0.0352861  -3.45873824] -271.94238649981884
[ 2.05352143  2.77984216  0.83385322  0.45833108 -0.34929062 -3.63429473] -271.8208561056126
[ 1.74057364  1.32495887  1.06850812  0.50369434 -0.26533663 -3.17437786] -270.62993438186294
[ 2.33678464  2.21722001  1.29366544  0.29425625 -0.28658854 -2.81438338] -268.8262754790139
[ 2.6669019   2.29415674  1.49646386  0.35557806 -0.27229664 -2.61840155] -266.7890187420517
[ 2.81095006  2.17416964  1.8021339   0.38629728 -0.33805579 -3.88875918] -269.6852803087501
[ 2.62220511  2.55319168  0.88786501  0.66679017  0.02238518 -3.89438678] -267.66201120096554
[ 2.26400182  1.99226972  1.00422178  0.76369166 -0.47733936 -3.23901794] -266.9315213110584
[ 2.72035557  1.4146017   1.58461715  0.49939478 -0.20601775 -2.93170251] -265.6922919266029
[ 3.05377263  0.73198147  1.95999911  0.51992663 -0.13438131 -2.5804064 ] -264.6599537519428
[ 3.47103636  2.67182586  1.64712591  0.45944229 -0.24631997 -3.19362891] -265.4541501071908
[ 3.41262418  1.89461343  1.93638475  0.85344928 -0.14672074 -3.58848514] -263.48170645252986
[ 4.01043704  1.71962767  2.4064679   1.18161088 -0.05244016 -3.94120349] -262.53054401965
[ 3.21850157  1.81351474  1.33191396  0.92938261 -0.04874163 -2.60025584] -260.0151348268358
[ 3.42227732  1.63318729  1.09680399  1.20092528  0.09591545 -1.95600418] -256.30049498352724
[ 3.67393725  1.12782457  2.31582918  0.82693476 -0.38467251 -1.94850071] -260.21752449530953
[ 4.50211901  1.40059815  2.63667487  0.75111431  0.14594098 -2.17369714] -260.9490094814962
[ 4.71095797  0.80085826  2.52450313  1.29107332  0.08031079 -2.64607873] -257.8951666780273
[ 4.32013072 -0.20046672  2.66630015  1.46441944  0.16321105 -1.88833464] -256.3055453220242
[ 5.1595138   1.4285616   2.58886063  1.71876603  0.15046984 -2.27086656] -255.31923906188405
[ 6.21238439  1.77685167  2.90329139  2.31818574  0.29289542 -2.11609663] -259.58742220328526
[ 4.58587499  0.34389338  2.20318941  1.2361335   0.13616536 -0.35329049] -256.3710372848804
[ 4.12211167  0.31068799  1.82848729  1.82830314 -0.06547432 -1.51399463] -252.13495807052115
[ 3.932108   -0.23426709  1.4243935   2.36689755 -0.17118196 -1.18414338] -250.37654019046525
[ 5.03635035  0.129431    1.85218776  2.26580361  0.53630268 -1.48440528] -249.63406123164023
[ 5.7175569  -0.36976578  1.62036705  2.98523803  0.99679028 -1.25235757] -248.5114037930513
[ 4.33486261  0.0661893   1.34213512  2.36638662  0.37681254 -0.32225354] -247.4442849477272
[ 4.14681493 -0.30114518  0.75095111  2.90404327  0.52506342  0.83965905] -245.6763398402278
[ 4.31359224  0.30814133  1.1793694   2.97729637  0.45059067 -2.21739193] -248.93582526050716
[ 4.57715701  1.02203744  0.22061508  3.25330274  0.51933818 -0.79203355] -247.81447773427232
[ 5.8599703  -1.01533319  1.49804827  4.20092272  0.7277747  -0.3363738 ] -255.5061772469695
[ 5.25054706 -0.35320307  1.3977372   3.45092336  0.56980988 -0.7412814 ] -248.46164033867547
[ 4.15307824 -1.40462906 -0.39104952  4.26046774  0.81300031  0.4883503 ] -246.5503585471772
[ 5.4541408  -0.13192101  0.16826994  4.24352629  1.46271288 -0.04087499] -246.9126231265879
[ 5.45283941 -0.82101688  0.07626089  4.05520411  1.17831432  1.71787921] -247.09418836038114
[ 3.96063558 -0.2935268  -0.87943882  4.40391781  0.69262272  1.74292378] -249.53404253558298
[ 5.27832657 -0.35070604  0.99541558  3.33990798  0.92074839 -0.50353723] -245.69265735424483
[ 4.43690526 -0.30925717 -0.79091617  3.90122735  1.23658262  1.31109566] -244.0545751319349
[ 4.03008436 -0.28728423 -1.88524285  4.12637935  1.56996898  2.33728418] -247.15414328538176
[ 5.06354472 -2.12826255  0.04902887  4.31482284  1.5261358   2.06289088] -246.71644510308104
[ 4.05809743 -0.72095679  0.18430572  3.59946104  0.98310015 -0.33201799] -243.44731090019485
[ 3.36072645 -0.67092675  0.23832813  3.37158951  0.88549307 -1.35696659] -245.8240034784682
[ 3.59144826 -1.60639792  0.09764192  3.19645045  0.53883068  1.32968854] -248.81619635692203
[ 4.98846766 -0.50054024  0.15061294  3.98175733  1.23174233  0.30176589] -244.05208356847908
[ 3.95701864  0.93251773  0.25074435  3.01413207  0.37727661 -1.36111899] -247.89984887666841
[ 4.7869132  -1.36306748  0.09945774  3.98965015  1.238921    1.20688841] -244.27210380574073
[5.07876344 0.22273809 0.85432516 2.97821463 1.23238565 0.4529343 ] -244.24910447136156
[ 3.88699407 -0.64003689 -0.57917009  3.77820995  1.22851667  1.76364567] -244.87030681426833
[ 4.93189876 -0.80256165 -0.77807935  4.50546355  1.85868605  0.72844493] -243.82458766120928
[ 5.54002118 -0.51784486  0.48573876  3.87371473  1.36528927 -0.54060861] -246.27371532397132
[ 4.30025085 -0.60948888 -0.31294287  3.80208615  1.26270982  1.1875821 ] -243.20865003422867
[ 4.47788127  0.4563786  -0.33035593  3.5997532   1.36281454  0.00971322] -242.419389893165
[ 4.3233653   1.36610164 -0.54526277  3.40480473  1.42476131 -0.58887438] -243.43720030255898
[ 3.98573697 -1.0515468  -1.48011705  4.81836824  1.41282618  0.61592697] -247.40755232436817
[ 4.80550683 -0.09583313  0.27071461  3.43825303  1.27749579  0.49368246] -242.75396588017068
[ 4.75046234 -0.44841019  0.5190012   3.74103075  1.42226694 -0.51470545] -242.18573647968384
[ 4.90724088 -0.5179867   1.17395989  3.66093245  1.51510911 -1.42760601] -243.13934293166335
[ 4.11956483 -0.23975045 -0.29973181  3.58025858  1.49061544  0.2224672 ] -242.5970723073123
[ 3.90535575  0.2498747   0.78840965  2.74815071  0.7409815  -0.37287108] -245.23396992816143
[ 4.67526301 -0.53945256 -0.3864571   4.06613534  1.57925992  0.45311593] -242.37281161500437
[ 4.98487894  0.22877125 -0.36422969  3.8097113   1.81528733  0.94930314] -242.13508603662927
[ 5.4482697   0.70363528 -0.63849739  3.91483643  2.23138092  1.58996371] -243.49984204705376
[ 4.97093489  0.39672339  0.1159233   3.60962792  1.71987017 -0.64972327] -242.19670354660326
[ 4.5208216   0.04725315 -0.51933128  4.030586    1.85254233 -0.33695888] -241.56727045274062
[ 4.37847899  0.11879629 -0.91435423  4.32675248  2.14006559 -0.75227955] -242.16461850815088
[ 5.34051585  0.28683832 -0.02208469  4.03868959  1.76006497 -0.25221897] -243.8164275640724
[ 4.42480259 -0.10810325 -0.23032003  3.69486633  1.55797782  0.10379566] -241.83670362024748
[ 4.96450652 -0.59745134  0.04188474  4.05089934  1.95292029 -0.00810418] -241.4343538487118
[ 5.20781915 -1.12436631  0.22800507  4.27647241  2.24797317 -0.01701287] -241.78487644523068
[ 4.86353928  0.3790469   0.24076651  3.57943855  1.86102838 -0.60524692] -241.49860400697963
[ 4.53206887 -0.56302122 -0.21999948  4.02588283  1.76747086  0.51241773] -241.36065652907303
[ 4.31263586 -1.04289352 -0.38796087  4.23401029  1.79127121  1.09348823] -242.13851316755975
[ 4.6797436   0.24390869 -0.86941095  3.9894307   2.18014206  0.7197743 ] -241.77199602259088
[ 4.34361521 -0.42822695 -0.15457381  3.98065661  1.90873992 -0.8207439 ] -241.4760301035853
[ 4.87662911 -0.19806034 -0.26323473  4.19076501  2.28297012 -0.28341627] -240.73574163940248
[ 5.10254237 -0.24303888 -0.27969208  4.43871435  2.64546627 -0.47702223] -240.78310089393864
[ 4.6873166  -0.69739529  0.57791493  3.96331208  1.69508191 -1.23379178] -242.2958064372557
[ 4.68163685  0.00858269 -0.50757948  3.98290105  2.05887702  0.23138278] -241.15913304801447
[ 4.89984368 -0.5136299   0.23175253  3.9062618   2.09145987  0.01238863] -241.09798875001445
[ 4.56922746 -1.14298258 -0.53134993  4.46635034  2.15978432  0.48655518] -241.6125901036058
[ 4.78996133e+00 -1.46047232e-03  4.77374037e-02  3.80116649e+00
  1.93571736e+00 -3.32296393e-01] -241.07324440216183
[ 5.23793357 -0.19345324 -0.06857253  4.00530223  2.12106526  0.86486801] -241.6548955254384
[ 4.5671948  -0.36953352 -0.13307349  3.98681802  1.96182125 -0.39934093] -241.0602282744916
[ 4.48460502  0.05174376 -0.32335048  3.91369906  2.07985187 -0.07818398] -240.8403988809745
[ 4.90122139  0.22223529 -0.0959166   3.90132098  2.3694283  -0.79557311] -241.12406466963387
[ 4.82484826 -0.27815109  0.32888436  3.91710941  2.18153924 -0.8568568 ] -240.9382053170874
[ 4.57980601 -0.65859915  0.0588218   4.00395229  1.80835827  0.1496712 ] -241.05378764791897
[ 4.4745045   0.02894296 -0.32649091  4.03157496  1.9919595  -0.61252968] -241.0793973421337
[ 4.58083929 -0.10670025 -0.18693005  4.00024667  2.01683459 -0.45630011] -240.8560880402209
[ 4.51467951 -0.51830639 -0.22069827  4.20303032  2.17474109 -0.30917923] -240.61169907157682
[ 4.37703859 -0.77672935 -0.35491611  4.40396224  2.29425295 -0.29762065] -240.67423101271882
[ 4.71994093 -0.1998243  -0.06909564  4.08944957  2.21961048 -0.2120808 ] -240.29495311645533
[ 4.796314   -0.11496969 -0.03710671  4.14076535  2.34850509 -0.11845074] -239.95397268625123
[ 4.77949905  0.27045115 -0.29296709  4.11791965  2.5531224  -0.85046691] -240.6692444933897
[ 4.5193404   0.0728705  -0.77031347  4.27169928  2.30380248  0.15819106] -240.70592073565217
[ 4.74284973 -0.03872342 -0.4489602   4.27904622  2.56416309 -0.03753525] -240.13753246502986
[ 4.92516558 -0.22732315 -0.35440967  4.48737622  2.66258289 -0.4021018 ] -240.30661431929764
[ 4.54932031  0.01272667 -0.44491708  4.30918067  2.58600222 -0.23643136] -239.9753310822826
[ 4.91660233 -0.27825211  0.17062713  4.2407402   2.65923644 -0.80957949] -240.15429971559055
[ 4.70214476 -0.65873384 -0.15218784  4.43546001  2.44528787  0.21270762] -239.9081709357835
[ 4.66346762 -1.12332634 -0.08179822  4.59423019  2.39137061  0.74429488] -240.28551089557422
[ 5.02945273  0.08321454 -0.20161985  4.4278259   2.91385144 -0.15461777] -239.47574231319365
[ 5.28683935  0.38397501 -0.19208064  4.54022368  3.28340662 -0.07733704] -239.32727814962905
[ 4.73952459e+00 -4.00264016e-03 -1.37987745e-02  4.16109582e+00
  2.63295089e+00  4.65597190e-02] -239.67728890531788
[ 4.68906192  0.13834281 -0.60031088  4.38118372  2.62753549  0.73941714] -239.92946303345357
[ 4.84488524 -0.04216381 -0.03117377  4.37692353  2.74373297  0.22635703] -239.02920226408864
[ 4.89590299 -0.043884    0.17771944  4.42586218  2.83351791  0.35830317] -238.56456370675872
[ 5.15394222 -0.11248412  0.17232861  4.38568292  2.80439907  0.62349798] -239.09415098458814
[ 5.02615795  0.01604076 -0.16566999  4.63573743  3.19386086  0.7528336 ] -238.71445333305465
[ 5.24577537 -0.27803909  0.54241448  4.48017029  3.10360559 -0.10056213] -238.73207754103885
[5.41390272 0.64593581 0.32582555 4.44079743 3.50529245 0.32172415] -238.53851454398904
[5.7697817  1.29827064 0.56483224 4.44346615 4.03529474 0.37623241] -238.97022188355024
[5.60131561 0.20785076 0.30064459 4.80839549 3.60840994 0.57959352] -238.27613841871533
[6.03221113 0.31377747 0.45786627 5.13204532 4.09613947 0.84611042] -238.79516284260296
[ 5.15882628 -0.23883497  0.6431682   4.51865823  3.06628865  0.92246714] -238.26537236226702
[ 5.09481974 -0.55023996  1.06079262  4.5078755   2.95772967  1.42236923] -238.79168097130002
[5.29335142 0.21550721 0.43570548 4.7175241  3.63259273 0.32128851] -237.67946231741269
[5.36305602 0.37950288 0.56739391 4.88344469 4.04668957 0.17018377] -237.31560374617283
[5.24061182 0.60024283 0.07394609 4.75746152 3.64774754 1.13559724] -237.9098792122677
[5.53171387 0.50089702 0.86190258 4.64246909 3.70878782 0.4097894 ] -237.40983905737403
[5.87390578 0.74241545 0.7465742  4.92454664 4.36088741 0.8214819 ] -237.52885680550426
[5.5092404  0.08475551 0.73871764 5.07086112 3.9743112  1.02464684] -236.8344638415718
[ 5.55690924 -0.19583464  0.94516369  5.38589297  4.20882057  1.37610819] -236.5794242883375
[5.30702539 0.38827876 0.9787383  4.89576223 4.07133058 1.03228236] -236.93605292315803
[5.79891443 1.0440024  0.7480714  5.31120082 4.94846584 0.72601382] -236.86851223764353
[5.90322975 0.35284445 1.54200194 5.25697729 4.80057973 0.3763559 ] -236.51789244744594
[ 6.23453872e+00  2.29145262e-01  2.27602986e+00  5.50673517e+00
  5.37699582e+00 -3.26476295e-03] -237.1272800977913
[5.27971045 0.08081484 1.13451641 5.20070238 4.23400396 0.54209591] -236.23184072650912
[ 4.98261279 -0.24998547  1.32848751  5.33878025  4.17056223  0.40240292] -236.48242624153625
[5.53790122 0.18230588 1.1100593  5.6688577  5.06117559 0.99789059] -236.01831414123188
[5.5409949  0.02301031 1.23413767 6.18205201 5.73736947 1.29194118] -236.4061686114791
[5.76484081 0.23796768 1.58545643 5.68968643 5.06143586 1.51339849] -235.89830340882315
[5.96573321 0.16720008 2.09448769 6.0928073  5.568809   2.18500584] -236.61831855408752
[5.97347658 0.17908811 1.37635142 5.9420103  5.36682994 0.81167194] -236.89265336449924
[5.80686378 0.23138577 1.27694814 5.68044828 5.0429551  0.86682454] -236.20201981339696
[ 5.48423733 -0.74750774  1.78331057  5.6496542   4.52119109  1.16487739] -236.2516334257359
[5.70201854 0.30843827 1.86560057 5.66288246 5.36495987 0.44437275] -236.1388597793528
[ 5.28862763 -0.25504288  1.37662854  5.92709987  4.96132743  1.46679732] -236.32192948637774
[ 5.44227816 -0.10307105  1.41797189  5.75956922  4.9211405   1.19418697] -235.95570776369163
[5.69363367 1.06012154 1.01354034 5.5710613  5.37403253 0.68804569] -236.56036111339827
[ 5.53658641 -0.29560042  1.59086802  5.63000598  4.73440145  1.04566947] -235.9265096565448
[5.98378586 0.10632721 1.81445171 6.16311431 5.82801883 1.47868502] -236.34605887803195
[5.4557293  0.08719293 1.30450023 5.44130537 4.63250768 0.77624319] -235.95100759454147
[ 5.3395877  -0.09230801  1.68120401  5.6036541   4.88225188  1.1237626 ] -236.1091999466693
[ 5.32362266 -0.3029426   1.03108605  5.60147714  4.39934445  1.77267768] -236.5362383536619
[5.60741957 0.15559305 1.65697194 5.64753113 5.12355601 0.77644898] -235.88318776459354
[5.77533079 0.18043737 1.20740526 5.67533117 4.96248715 0.97751662] -236.2125980344635
[ 5.44852347 -0.02412166  1.56275432  5.62157337  4.9023107   1.08720111] -235.90394566728142
[ 5.54722469 -0.1629857   1.92944831  5.59436613  4.73060848  1.13315881] -235.88676551189485
[5.67782993 0.10241968 1.79202786 5.44858691 4.80713289 0.91651972] -235.86255250424423
[5.79560581 0.20516504 1.97905585 5.29309576 4.75012908 0.77768609] -236.07294058494819
[ 5.73841232 -0.08276872  2.06800873  5.76927795  5.15397412  1.38122234] -235.88605055063007
[5.72483052 0.37096853 1.94068785 5.62700134 5.1919379  1.22364701] -235.84550749996563
[5.81895258 0.704253   2.11559777 5.62549901 5.42070612 1.31263579] -236.05638113158236
[5.90499581 0.2311865  2.09477939 5.63724326 5.12057105 1.22759734] -235.86317914836755
[ 5.6353968  -0.03316324  2.24185159  5.55164914  4.98115763  0.70613292] -236.06135828071527
[5.73247981 0.17018495 1.74955522 5.65517711 5.0413663  1.31158209] -235.8040473525628
[5.91476463 0.47884703 1.83789536 5.66723977 5.41557095 1.14584702] -235.90110929580368
[ 5.63910967e+00 -2.52751826e-03  1.90656007e+00  5.61258454e+00
  4.90184909e+00  1.13633086e+00] -235.81529759480478
[5.69047611 0.42537712 1.64551872 5.44009681 4.90816363 0.816153  ] -235.8785398290653
[5.84915438 0.27694337 2.05273776 5.49269886 4.86678427 1.43416103] -235.90669828543366
[5.66785327 0.18593063 1.7559134  5.60882306 5.05936308 0.94087699] -235.81174794844088
[ 5.75855689 -0.0726562   2.10098921  5.75637526  5.13257647  1.43603167] -235.90047674028966
[5.70749631 0.30086879 1.75938634 5.51916642 4.96426684 0.97112267] -235.81008864520885
[5.47820403 0.14476185 1.53993086 5.51986987 4.86806765 0.93909578] -235.8969902386128
[5.79829786 0.20958034 1.95606725 5.60789991 5.0574452  1.15547195] -235.8051970858135
[5.74552589 0.3092489  1.89736218 5.76163055 5.26494325 1.32982414] -235.85529931326758
[5.7286019  0.25754159 1.8710286  5.68336964 5.15049066 1.22649804] -235.80365700062214
[5.69978242e+00 2.89106935e-03 1.72548245e+00 5.60200556e+00
 4.86632249e+00 1.02364719e+00] -235.82936777473336
[5.70604445 0.09491043 1.7792838  5.6082545  4.94772634 1.07364714] -235.79463650103963
[5.80781486 0.40886643 1.7171848  5.61497901 5.17170371 1.09006877] -235.83538683784832
[5.68128597 0.10032097 1.85921625 5.61318316 4.96931275 1.12476534] -235.79096391676202
[5.78354882 0.19187173 1.90226576 5.62019385 4.98417295 1.34681875] -235.82343819547265
[5.69677716 0.18741591 1.79250149 5.61166576 5.04056555 1.04236243] -235.7919666763527
[5.74033274 0.03911594 1.9098312  5.74068361 5.10470209 1.34031966] -235.83420315335246
[5.71570542 0.23543058 1.79699755 5.57454572 4.99937565 1.06342192] -235.7895423897552
[5.62200037 0.13902114 1.66012705 5.64083205 4.99216722 1.12528704] -235.7961229848448
[5.65099195 0.16802859 1.83682969 5.58877317 4.99184642 0.90707854] -235.81329667211602
[5.71210784 0.16964586 1.77137384 5.63857612 5.02898633 1.21045621] -235.7891791974927
[5.64937184 0.05137337 1.68213806 5.54564947 4.84222062 0.98681532] -235.81440862224818
[5.70879438 0.20599954 1.82380597 5.6489396  5.07342315 1.16657736] -235.78926699362637
[5.7849047  0.19221996 1.94759925 5.59088957 5.02762937 1.10178976] -235.8042768208306
[5.66272645 0.15232084 1.7319951  5.62834643 5.00103275 1.11941272] -235.78715802547782
[5.6864213  0.25546747 1.8126796  5.63016443 5.08983905 1.16868485] -235.79621190316922
[5.70113866 0.13504969 1.78763275 5.61373199 4.98325452 1.09740657] -235.78791417287712
[5.69714241 0.14550659 1.797839   5.62744191 4.97789617 1.2183176 ] -235.79075995074908
[5.71791909 0.2476634  1.71066515 5.63067743 5.05201011 1.16709879] -235.7922646911256
[5.69044425 0.13715658 1.82207848 5.61755673 4.98998709 1.1353487 ] -235.78682139586954
[5.69982992 0.19969444 1.78012223 5.61312362 5.04745699 1.04589022] -235.7919628952775
[5.69781429 0.15905355 1.79340981 5.62386234 4.99528638 1.17521076] -235.7867746304999
[5.67530321 0.08431144 1.77976776 5.68245868 5.02461442 1.23804885] -235.80106245695103
[5.70560486 0.19765079 1.79269011 5.60152396 5.00568534 1.10707865] -235.78593208212396
[5.68115107 0.11095957 1.74258739 5.59225959 4.92798766 1.11506051] -235.7897584308486
[5.70188355 0.18223955 1.80350132 5.6347696  5.03706428 1.15369815] -235.78631830493396
[5.67442951 0.15151114 1.80572868 5.60135422 4.97511712 1.05226231] -235.78780219140089
[5.67649565 0.19159446 1.79550175 5.62207244 5.01813647 1.15026386] -235.786681573392
[5.70389351 0.18849412 1.77399684 5.64135628 5.04061365 1.2280753 ] -235.78974664003223
[5.68179551 0.16075688 1.79779572 5.61135473 4.99149125 1.09621556] -235.78564426461782
[5.72195292 0.19049643 1.86966396 5.60870017 5.01151751 1.15319251] -235.78899984084515
[5.67753307 0.16186474 1.76641232 5.62343487 5.00365394 1.12785767] -235.78554308509993
[5.6899314  0.21389675 1.7610252  5.62144925 5.0271188  1.13475951] -235.78609474336574
[5.67993373 0.21028084 1.778899   5.61433928 5.03243032 1.08141371] -235.7883414355886
[5.69334415 0.17186037 1.7897821  5.62148157 5.00457236 1.1517615 ] -235.78545920844203
[5.70686853 0.1711619  1.77490051 5.61593222 5.00505886 1.10685982] -235.78708421136875
[5.68408887 0.18648632 1.79035144 5.62053738 5.01486707 1.13941285] -235.7855194670033
[5.67554907 0.18193241 1.76251764 5.59849099 4.97873198 1.09866376] -235.78468828423323
[5.66238182 0.18177884 1.74202579 5.58035169 4.94956584 1.07114657] -235.78621421905837
[5.68270711 0.13962042 1.80549124 5.60415859 4.97254852 1.10557048] -235.78565347051332
[5.65940106 0.13652292 1.77809338 5.62496209 4.98293636 1.13274862] -235.78713206622032
[5.69405391 0.18236883 1.78904092 5.60738349 4.9999981  1.11349614] -235.78531516359823
[5.68608108 0.20880276 1.7598088  5.62340243 5.02522305 1.13689868] -235.7859811658068
[5.68355061 0.15691601 1.79407063 5.60896955 4.98571715 1.11340253] -235.78522263788412
[5.68757771 0.18638601 1.76626263 5.61541122 5.00435561 1.15198259] -235.7851295208698
[5.69518837 0.19345191 1.79759614 5.60065654 4.99242681 1.12838213] -235.78491979733158
[5.6923324  0.17115219 1.77607192 5.59692707 4.97373361 1.11315003] -235.78474817870742
[5.68273987 0.18554208 1.77207119 5.58779804 4.97374873 1.0879309 ] -235.78555583640485
[5.69069308 0.1752808  1.78535438 5.61306069 4.99686645 1.13580385] -235.7849663781643
[5.68090983 0.17267095 1.77158352 5.60378853 4.97727911 1.13363215] -235.78426622730112
[5.67433779 0.16782201 1.76285482 5.60199104 4.96591961 1.14370016] -235.78428458534373
[5.69053288 0.20337541 1.75905811 5.60047546 4.98874738 1.14046897] -235.7848689962412
[5.68749083 0.17956855 1.7844646  5.58905521 4.96490617 1.09805104] -235.784897034823
[5.68330805 0.19210301 1.76507627 5.58340391 4.9617419  1.10164552] -235.78486492824294
[5.67485265 0.17348226 1.74199454 5.59005719 4.95595323 1.10015504] -235.78514153731223
[5.69010444 0.1884595  1.78369574 5.5980067  4.98330842 1.12132535] -235.78427096667116
[5.68342139 0.19032927 1.75486979 5.60464234 4.98960796 1.13824422] -235.78481411339382
[5.67800884 0.16217369 1.77888019 5.59461105 4.96605362 1.09508471] -235.785066163378
[5.68740187 0.19307498 1.76401363 5.59900936 4.98307394 1.12912291] -235.78427297910338
[5.68659829 0.17377009 1.77250781 5.61688442 5.00016977 1.14306729] -235.78516376897824
[5.68413061 0.18751978 1.76693415 5.59177404 4.97134887 1.11200096] -235.78451527303747
[5.68672135 0.17460733 1.78673574 5.59135655 4.96621734 1.09772083] -235.78495389286095
[5.68424638 0.18639879 1.76283628 5.60132089 4.98376031 1.12811338] -235.78415892321678
[5.675115   0.19886661 1.76112174 5.60053644 4.98543393 1.1278028 ] -235.78422830604143
[5.69175364 0.19373113 1.77421072 5.59965432 4.98266954 1.15200209] -235.7844121759546
[5.68571312 0.1902142  1.77221972 5.60899804 4.99382621 1.1519986 ] -235.78487983746615
[5.68452623 0.18819338 1.76825555 5.59608004 4.9769682  1.12200037] -235.78407919420806
[5.67568094 0.18215694 1.7629581  5.59992633 4.98060509 1.1019969 ] -235.78457467263658
[5.68773547 0.19083758 1.77139756 5.59972232 4.98215343 1.13950079] -235.78422280154297
[5.68014391 0.18206728 1.7756165  5.60080895 4.97989386 1.12833538] -235.78411185476702
[5.67412117 0.18455203 1.75324131 5.60274569 4.9785212  1.1384696 ] -235.78441922979565
[5.68610862 0.18748263 1.77608213 5.59919145 4.98211161 1.12561142] -235.78402328934055
[5.68504871 0.20527781 1.76685307 5.5954315  4.98616134 1.12348922] -235.78433729075473
[5.68194455 0.18082266 1.77040091 5.60169927 4.97949967 1.13109642] -235.78410561727915
[5.69312006 0.1730675  1.78040791 5.5990712  4.97602843 1.13041645] -235.7844759677729
[5.67961626 0.19241683 1.76594328 5.60017013 4.98308256 1.12845621] -235.7840589202317
[5.67779319 0.18162295 1.76831399 5.60003458 4.97961864 1.11503693] -235.7842757131708
[5.6852499  0.18853392 1.77062667 5.59980039 4.98151973 1.13338483] -235.78402170082217
[5.68161678 0.18677345 1.77947206 5.59792918 4.9772649  1.1281815 ] -235.78399192662846
[5.68030198 0.18696079 1.78778996 5.59623332 4.9740172  1.12821556] -235.7841125584249
[5.6862102  0.19267368 1.76797703 5.5974812  4.98025503 1.12790821] -235.78417832247266
[5.68166049 0.18471888 1.77370663 5.59997701 4.97998416 1.12822858] -235.78403917512435
[5.68431488 0.19521704 1.77429453 5.59601679 4.98081072 1.12419122] -235.78420396163696
[5.68253713 0.18442126 1.77137431 5.60027865 4.97982743 1.12937012] -235.78403127382953
[5.68107016 0.18658894 1.77747949 5.60303556 4.98429526 1.13574385] -235.78407017093295
[5.68193418 0.18699005 1.7751735  5.60129668 4.9824635  1.13230798] -235.78401423586482
[5.68675277 0.18055657 1.78286849 5.59932099 4.97797455 1.13057193] -235.78407408287825
[5.68140039 0.18945177 1.77017458 5.59995784 4.98180556 1.12898514] -235.78400570824653
[5.68462185 0.18983214 1.77392779 5.59950772 4.98168009 1.13105174] -235.7839480862399
[5.68610253 0.19238877 1.77403836 5.59927307 4.98252806 1.13246332] -235.7841399993648
[5.68444011 0.1919334  1.77711126 5.5989491  4.98245437 1.13047075] -235.783951149532
[5.68031244 0.19035561 1.77274649 5.59995552 4.98028443 1.13584923] -235.78401274076515
[5.67952535 0.18991155 1.77890856 5.59939829 4.98046455 1.12889729] -235.78403415974873
[5.68381876 0.18887833 1.77269714 5.59969986 4.98125594 1.13226294] -235.78399019025954
[5.68346926 0.19208485 1.77353628 5.59736973 4.97911827 1.12995912] -235.78393674366646
[5.68423681 0.19463225 1.77271766 5.59540625 4.97744565 1.1287847 ] -235.78411793443763
[5.68614327 0.1892957  1.77622655 5.59784895 4.9809086  1.1244545 ] -235.7840050343264
[5.68663629 0.19014753 1.78081578 5.59714367 4.9790885  1.12980838] -235.78415923327532
[5.68270936 0.18962571 1.77283488 5.5992543  4.98112629 1.12919095] -235.7840055996451
[5.68532731 0.18997359 1.77815548 5.59784721 4.97976776 1.12960257] -235.7839545183814
[5.68162142 0.19052955 1.77540679 5.59925198 4.97960517 1.13605504] -235.7839836679162
[5.68614946 0.19430383 1.77080618 5.59961269 4.98402896 1.13495256] -235.78416469746153
[5.68274995 0.18865605 1.77730559 5.59835006 4.97895592 1.12987426] -235.7839687657935
[5.68359121 0.19212486 1.77911725 5.59739207 4.97927125 1.13007489] -235.7839390077687
[5.68644514 0.19100541 1.77764443 5.59721998 4.98081071 1.12428941] -235.78415607640682
[5.68282735 0.19064852 1.7759662  5.59874398 4.97990656 1.13311363] -235.7839553871175
[5.68534241 0.19354307 1.77529916 5.59825322 4.98177685 1.13154997] -235.78410950212708
[5.68339806 0.1898778  1.77680399 5.59832585 4.97966115 1.13029319] -235.7839583002326
[5.6846943  0.19232132 1.77580077 5.59827743 4.98107161 1.13113104] -235.7839252240634
[5.68534241 0.19354307 1.77529916 5.59825322 4.98177685 1.13154997] -235.7841095021271
[5.68588733 0.1921082  1.77658341 5.59770377 4.98121456 1.12764974] -235.7841324854434
[5.68359234 0.19101344 1.7761205  5.59848393 4.98023356 1.13174766] -235.78393927088933
[5.68280904 0.19312975 1.7737158  5.59881278 4.98150862 1.13187583] -235.78398154266512
[5.68469775 0.19076263 1.77704556 5.59808861 4.98020298 1.13017089] -235.78394159149516
[5.68378213 0.19077968 1.77473812 5.59742406 4.97807155 1.1309077 ] -235.78393074257917
[5.68332048 0.19319678 1.77819171 5.59617089 4.97764299 1.13027869] -235.78396412844756
[5.68429651 0.1906733  1.77499377 5.59867351 4.98067081 1.13085848] -235.78394223184404
[5.68364582 0.19235562 1.77712573 5.59700509 4.97865226 1.13047195] -235.7839258811158
[5.68289394 0.1927973  1.77510065 5.59722883 4.97860319 1.1312599 ] -235.7839944992961
[5.68424679 0.19127129 1.77655933 5.59787366 4.97980303 1.13044314] -235.7839389126101
[5.68421749 0.19263244 1.77617199 5.59663008 4.9784291  1.12924829] -235.78395032970198
[5.68374863 0.19141819 1.77613337 5.59802047 4.97978244 1.13112282] -235.7839333763359
[5.68427111 0.19128545 1.77218061 5.59793141 4.9795618  1.13127037] -235.78393515729965
[5.68362362 0.19214374 1.77327896 5.59746907 4.97894962 1.13117786] -235.7839590972637
[5.684091   0.19148941 1.77573924 5.59777251 4.97958968 1.13062682] -235.78396093017565
[5.68417006 0.19233847 1.77646325 5.59764126 4.97986194 1.1308015 ] -235.78393591970644
[5.68423821 0.1915505  1.77526944 5.59785074 4.97957158 1.13101937] -235.78392187174907
[5.68422146 0.19186975 1.77596707 5.59814895 4.98042703 1.13112693] -235.78393576062334
[5.6844827  0.19180338 1.77399069 5.59810442 4.98031671 1.13120071] -235.78395276447426
[5.68408178 0.19220308 1.77466852 5.59782358 4.98009494 1.13054508] -235.78393509792056
[5.68447055 0.1917963  1.77618005 5.59807554 4.98043732 1.13078709] -235.78392310881884
[5.68414275 0.19222309 1.77745901 5.59783475 4.98017143 1.13060297] -235.78394394573644
[5.68422774 0.19211816 1.77659193 5.59790216 4.98020775 1.1307524 ] -235.78392132591915
[5.68447462 0.19161457 1.77502935 5.59838487 4.98074148 1.13098581] -235.78393250057383
[5.6845076  0.19199823 1.77521295 5.59795583 4.9802812  1.13061334] -235.78392212205952
[5.68478922 0.19159661 1.77669298 5.59832528 4.98067538 1.13121793] -235.7839462556656
[5.68425864 0.19205146 1.77517464 5.597949   4.98024005 1.1307133 ] -235.7839364716375
[5.68423298 0.19183433 1.77593069 5.59787645 4.97988967 1.13088589] -235.78393221461653
[5.68436767 0.19205819 1.77590244 5.597929   4.98024448 1.13068287] -235.7839363632756
[5.68434914 0.19195723 1.77638599 5.59798885 4.98032254 1.13076975] -235.78393183984343
[5.68446102 0.19221974 1.77619635 5.5980898  4.98063968 1.13094172] -235.78393034990327
[5.68435118 0.19186637 1.77581064 5.59814352 4.98047461 1.13086911] -235.78395465853018
[5.68415476 0.19216062 1.77563023 5.59786287 4.98015135 1.13064874] -235.78392887882967
[5.68424659 0.19224973 1.7764019  5.59773953 4.98001054 1.13069135] -235.78392479471475
[5.68418974 0.19212174 1.77647659 5.59789089 4.9801627  1.13088041] -235.7839649342289
[5.68432319 0.19207408 1.77604598 5.59791947 4.98022403 1.13073226] -235.783967152916
[5.68423716 0.19218395 1.77649692 5.59782085 4.98010915 1.13072188] -235.78394912715
[5.68419125 0.19213939 1.77611108 5.59788252 4.98017955 1.13070057] -235.78392739142683
[5.68434438 0.19216895 1.77639414 5.59799598 4.98042372 1.13084706] -235.78392603006148
[5.68428844 0.1920377  1.77648896 5.59794551 4.98026515 1.13076107] -235.78392873674167
[5.68423036 0.19197625 1.77626131 5.59788931 4.98004871 1.13081914] -235.78392156036782
[5.6842977  0.19208818 1.77624719 5.59791558 4.98022611 1.13071764] -235.78395666083816
[5.68420874 0.19211995 1.77653426 5.59789653 4.98018523 1.13081641] -235.78391889982146
[5.68416426 0.19213584 1.7766778  5.597887   4.98016478 1.13086579] -235.783961459736
[5.6842598  0.19200286 1.77629698 5.59801649 4.98032755 1.13084368] -235.78392524326034
[5.68419898 0.19213749 1.77624094 5.59791549 4.98019236 1.13083201] -235.78394865971254
[5.68426608 0.19206265 1.77642696 5.597938   4.98024695 1.13077881] -235.78395312919815
[5.68421824 0.19211906 1.7765631  5.59789935 4.98019649 1.1307844 ] -235.78395035573362
[5.68421955 0.1920481  1.77639778 5.59789292 4.98011697 1.13081778] -235.7839398969364
[5.68423427 0.19206141 1.77641562 5.59795651 4.98025639 1.13083004] -235.78395624400397
[5.68427656 0.19214445 1.7764642  5.59794625 4.98030447 1.13083174] -235.78391412500508
[5.68419999 0.19212967 1.77632267 5.59788952 4.98018239 1.13075849] -235.78395186557057
[5.68424859 0.19207883 1.77651161 5.59792102 4.98022519 1.13078874] -235.7839598792601
[5.68420386 0.19212872 1.7763876  5.59790601 4.98018879 1.13082421] -235.78392518309573
[5.68420804 0.19216858 1.77647425 5.59785368 4.98013506 1.13078097] -235.7839238489695
[5.684245   0.19211328 1.77661773 5.59790872 4.98019328 1.13086001] -235.78393698252435
[5.68423568 0.19212197 1.77639551 5.59790202 4.98017811 1.1308593 ] -235.78395115741372
[5.6842226  0.19211979 1.7765212  5.59790002 4.98019189 1.13080313] -235.78394176020177
[5.68423132 0.19212124 1.77643741 5.59790136 4.9801827  1.13084057] -235.7839240176468
[5.68423829 0.19221731 1.77657403 5.59791127 4.98027954 1.13083353] -235.78395845977315
[5.68422423 0.1920904  1.77644185 5.59789751 4.98015761 1.13082171] -235.78395501424652
[5.68424265 0.1921322  1.77649923 5.59792139 4.98024485 1.13082407] -235.78393609953366
[5.6842423  0.19215652 1.77646923 5.59789997 4.98021976 1.13080635] -235.78392984240654
[5.68425394 0.19213285 1.7764508  5.5979238  4.98024359 1.13083615] -235.78391958009723
[5.68424021 0.19213659 1.7764259  5.59792613 4.98024663 1.13082797] -235.7839161892664
[5.68426078 0.19212887 1.77654096 5.59792749 4.98024888 1.13084587] -235.7839310582346
[5.68424805 0.19209628 1.77643099 5.59791959 4.98021072 1.13082476] -235.7839296708176
