[ 0.25965417  0.78986133  0.88281007 -1.37190574 -0.29651453  0.38186844] -277.37234030004964
[ 0.59025156 -0.80308188 -0.26626935  0.25161169  0.86505552 -0.84996905] -272.20122334933006
[-1.62986298  0.43454756 -1.62709191  0.27460472  0.51327535 -1.10206941] -313.17167091295653
[ 1.06442835  0.0857258   1.08529847 -1.92276998  0.87516881 -0.64383547] -269.1726977411481
[ 0.57512646  1.23052225  0.30721054 -1.76560688  0.09724166 -0.85712339] -274.10970511854316
[ 1.20864187 -0.49608147 -0.46235029  1.38315704  0.20505201  0.69180084] -266.1877532302245
[-0.04015313  1.39331828 -0.52270339  0.29270945  0.16311763  0.97967225] -288.6795190442182
[ 2.84917941  0.29887388  1.96842393 -1.31887286  0.12309835  1.00287395] -256.40730547866696
[ 5.08870061  0.23103703  3.76618185 -2.11561165 -0.07199016  2.05534563] -260.42662924270485
[ 2.22258041 -1.02471165  1.69441118 -1.87417169  0.45991631 -1.07113381] -258.7988766994783
[ 2.57708184 -1.02611236  0.55943142 -0.37697848  1.17169207 -0.95766408] -258.44660410066894
[ 2.92892802 -2.21898481  1.21910458  0.47959879  1.13608603  0.24781419] -255.10430420340958
[ 4.1058288  -3.94373833  1.67505159  1.60220162  1.65550821  0.80028297] -255.4533318147047
[ 3.69336174 -0.65734832  2.28770911 -1.46162409  0.45861567  0.60658759] -254.7723270364357
[ 5.24491683 -0.58448154  3.56469835 -2.31824197  0.25539575  1.3348659 ] -261.52189076011746
[ 4.09549608 -1.79384737  1.33694483  0.86647288  0.30965134  0.81726169] -244.11703565733606
[ 5.61102994 -2.73363395  1.46276802  2.26109431  0.0268926   1.54781027] -246.03121355899853
[ 4.9135673  -1.64462874  3.48435864 -2.61168219  1.01463458 -0.47655433] -267.7770485528513
[ 2.13487323 -0.78321829  0.52432694  0.38444723  0.40744765  0.39971205] -255.03336135066277
[ 3.87039303 -1.03550077  0.93756909  1.39851951  0.74228072  1.77666227] -246.85792220219665
[ 3.94699532 -1.03722954  2.19859474  0.49315897 -0.11263216  2.57463466] -248.62908645217857
[ 4.0408364  -2.80758358  0.86632584  2.03906396  0.85738474  1.13801686] -245.10663397876564
[ 4.33172391 -0.48592448  1.49805228  0.76041404 -0.24850337  2.18981085] -246.19055589653502
[ 5.85806227 -1.82259307  2.51740503  0.98088786  0.26148467  2.63461259] -246.07785360118737
[ 5.0211406  -2.33687795  0.83058816  3.64112983  0.14460631  3.10374538] -258.3391999976601
[ 4.02530645 -1.07723073  1.92342887 -0.18593561  0.38011333  1.23087704] -248.75853800874322
[ 4.68919588 -1.91699554  1.1948684   2.36544135  0.22310865  2.47945593] -245.87959628946345
[ 5.0149072  -2.25025207  0.58512708  2.31044089  0.82776774  1.10397207] -243.15510699498026
[ 5.54886314 -2.85676333 -0.22160676  3.21908186  1.29796769  0.36864078] -248.09885995373435
[ 5.47301422e+00 -2.65689793e+00  1.72867206e+00  1.70905415e+00
  1.35052791e-03  1.67771440e+00] -244.2127371152825
[ 5.39211343 -3.93013203  1.24506213  2.66337299  1.07541926  1.093867  ] -245.25407542854288
[ 3.7104588  -3.29597644 -0.19840491  3.00372755  0.83674275  0.1354834 ] -248.48933316857807
[ 5.3211614  -2.19093891  1.83845254  1.48659778  0.40529919  2.00983029] -243.54639260455298
[ 5.08998036 -3.29288842  1.33865976  1.3262262   0.93584895  0.13409817] -246.2955524732964
[ 4.789392   -2.26096876  1.23081624  2.10563756  0.40129372  1.89311649] -243.5711375463795
[ 4.18615566 -0.72336417  1.2837174   0.84238275 -0.14117017  1.7861036 ] -245.28361785624307
[ 5.09062399 -3.12844007  1.25472595  2.20812543  0.7712719   1.26692615] -243.46713710280102
[ 5.8873619  -1.95286479  1.79192039  1.5230456   0.04816007  1.7849235 ] -244.5081912751304
[ 5.42573053 -2.16654449  1.56052176  1.65205019  0.25046623  1.62319684] -243.1708890397022
[ 4.43942285 -1.94009929  0.87352407  1.8340541   0.98723284  1.22705345] -244.1043055269165
[ 5.93158325 -2.85190049  1.11077771  2.99916244  0.90479254  2.22410341] -246.50928717295193
[ 4.55451787 -2.05836065  1.28040305  1.39964527  0.45843664  1.16897212] -243.03842370579878
[ 5.62602148 -2.74506902  1.7098248   1.88677828  0.05094563  1.79495121] -244.71549700718492
[ 4.73607251 -2.14134173  1.08259925  1.84723515  0.75316104  1.36902789] -243.04492512448783
[ 5.25827916 -2.38432388  1.30312697  1.52906068  0.75417385  0.95419196] -243.33191460186893
[ 4.70554902 -2.51881538  0.51704881  2.16225476  0.86645995  0.48559872] -243.2708101965468
[ 4.8077281  -1.37810599  0.85488303  1.42543688  0.53221659  0.96806039] -242.67587451950004
[ 4.66628016 -0.50293896  0.65496156  1.0340926   0.41268893  0.8186275 ] -243.55912841713777
[ 4.48988925 -1.78681623  0.65706735  2.06996037  0.47532887  1.28541738] -243.5113981669866
[ 5.06618168 -2.23494696  1.14161207  1.6642856   0.68446261  1.03699832] -242.7568141545699
[ 5.16283028 -1.55770191  1.65133327  1.27077657  0.302377    1.93781049] -243.37901319102625
[ 4.81986933 -2.27853701  0.80061993  1.93938521  0.72543921  0.84865166] -242.74325204271776
[ 4.24069504 -1.94730365  0.35455971  1.87675947  1.07669504  0.54203064] -244.5572848606009
[ 5.12947165 -2.11173428  1.25903124  1.70822751  0.45702344  1.35290529] -242.61749150519722
[ 4.68970652 -1.81742348  1.55458911  1.01763098  0.3758121   1.14423315] -243.29266169469807
[ 4.93360703 -2.14204492  0.82749259  1.98723842  0.71477883  1.11403734] -242.71415397824774
[ 5.03438605 -1.92656821  0.97208138  1.52750448  0.43762473  0.79418049] -242.51579803022298
[ 5.18354282 -1.81918146  0.91682244  1.36763915  0.27985657  0.50675678] -242.87361452393634
[ 5.37589675 -1.96561848  0.67150369  2.0177141   0.72541183  0.86930571] -243.08313911935159
[ 4.75986259 -2.03517511  1.12817821  1.55416248  0.52518044  1.09405552] -242.66475137918792
[ 4.76212657 -1.72244155  0.80581672  1.71636606  0.4462918   1.02029858] -242.6367099169631
[ 4.98919133 -1.49348634  1.14854113  1.36692673  0.31226606  1.26586087] -242.65440745821104
[ 4.89398174 -1.41379224  1.22868465  1.11230297  0.18875552  1.05108303] -242.7370326973006
[ 4.92370071 -1.95998175  0.9277906   1.76850455  0.583273    1.09829877] -242.55008331433487
[ 5.0585182  -2.37168975  1.22559674  1.78846039  0.38833657  1.24047278] -242.7283248535844
[ 4.87042563 -1.62650193  0.94756145  1.51619276  0.49624658  1.03616349] -242.53348715816168
[ 5.14323806 -1.57839625  0.89209597  1.64707822  0.3857281   1.09518031] -242.71509089278132
[ 4.85570646 -1.92098039  1.06915765  1.57739141  0.49031735  1.09433671] -242.53038288275553
[ 4.86941436 -2.26258303  0.84527189  1.90446886  0.65799291  0.86620024] -242.65666938355028
[ 4.95924709 -1.68576051  1.07272382  1.50131227  0.39869777  1.16594571] -242.53194893415576
[ 5.16218596 -2.02140081  1.27696533  1.48334494  0.50810249  1.16031157] -242.66497742336264
[ 4.86214142 -1.79718136  0.92360387  1.65811078  0.46174447  1.05530183] -242.52110659730496
[ 4.70573079 -1.52725711  0.71194168  1.4747779   0.49894453  0.7285037 ] -242.6538916019016
[ 5.02353644 -1.96561499  1.12225885  1.64986511  0.46750371  1.1968049 ] -242.519481837345
[ 4.94478032 -1.68088738  1.10800508  1.37495438  0.3341052   1.01594561] -242.5172443716893
[ 5.0228403  -2.03249568  1.14171543  1.58018672  0.3670845   1.0713416 ] -242.5301065626453
[ 4.95521657 -2.0888155   1.03955027  1.6213587   0.45409555  0.91002466] -242.49123917717085
[ 4.95320131 -2.29034299  1.02296349  1.68138192  0.48179444  0.78206414] -242.55948176574606
[ 5.09192724 -1.90954065  1.03324731  1.55993531  0.35040204  0.92019631] -242.56580110395998
[ 4.91476165 -1.91812046  1.06018007  1.57302739  0.45533852  1.05080161] -242.48877237000715
[ 4.88876719 -1.75990028  0.93351108  1.55475356  0.5030529   0.93634477] -242.48596283252743
[ 4.82173063 -1.62360258  0.8294089   1.54203698  0.5710371   0.86884636] -242.57119993571246
[ 5.05834132 -1.98278758  1.15492503  1.4423771   0.4221624   0.91273218] -242.52909871280636
[ 4.91119139 -1.84358292  0.98143416  1.60417736  0.45184895  1.01965942] -242.48383732244343
[ 4.85949795 -1.7736766   0.90932849  1.43539351  0.41118491  0.71218062] -242.4974987765024
[ 4.90982662 -2.08933394  0.85735674  1.73045062  0.57027665  0.79178492] -242.5494540058012
[ 4.93604189 -1.78299902  1.04534299  1.46382844  0.39314806  0.95990543] -242.4780036073177
[ 4.7874395  -1.79579671  1.01770097  1.55667517  0.45193157  1.06879169] -242.53639685986235
[ 4.97264941 -1.89387534  0.98348628  1.53479716  0.44120144  0.86283329] -242.47883506555283
[ 5.00004475 -1.98875457  1.10517313  1.68192069  0.4883769   1.2010091 ] -242.5236400490011
[ 4.89463465 -1.82744609  0.95828965  1.49702531  0.43048291  0.83438774] -242.47411734301463
[ 4.88413216 -1.58649254  0.94786447  1.45451104  0.43759538  0.97795276] -242.52162935157105
[ 4.93744547 -1.96323476  1.01662882  1.57964678  0.44997051  0.92700669] -242.47250724048303
[ 4.93214835 -1.77222568  0.91271759  1.50504881  0.43456307  0.79591083] -242.48148786051877
[ 4.9726032  -1.93455432  1.03245542  1.50675439  0.36401875  0.86355636] -242.49692969517045
[ 4.90972619 -1.80356379  0.95824716  1.54275377  0.46829436  0.91814767] -242.47288117992335
[ 4.9496906  -1.83753198  0.97680333  1.43685607  0.42070449  0.74640447] -242.4930409868574
[ 4.92081619 -1.84207018  0.98027646  1.56234704  0.44406284  0.95134568] -242.47189723409033
[ 4.92495625 -1.93217071  1.06803953  1.55508402  0.44115697  1.02196467] -242.48363339409408
[ 4.93035033 -1.81221194  0.95154808  1.51755762  0.43621154  0.85242429] -242.47177515783164
[ 4.8703555  -1.78329992  0.98662477  1.51958916  0.4328553   0.95157255] -242.47427391709115
[ 4.88506755 -1.89427654  0.90519532  1.60914478  0.49414442  0.85172277] -242.4822517015664
[ 4.92329831 -1.8108184   1.01030607  1.50015753  0.41839715  0.93285977] -242.47018436588948
[ 4.96840155 -1.90314846  0.97180731  1.54690685  0.4496178   0.85381806] -242.47946198772584
[ 4.89486701 -1.81326206  0.98292041  1.52641858  0.43704593  0.92713393] -242.47002004998794
[ 4.94419985 -1.85427428  1.00835268  1.57926846  0.45417787  1.00191826] -242.4708482038102
[ 4.94059953 -1.89506008  1.02509701  1.54571157  0.41166092  0.94608187] -242.47086067097
[ 4.9139316  -1.71266422  0.96953808  1.49750681  0.41721491  0.94358125] -242.48115204470744
[ 4.931567   -1.90059212  1.00485614  1.55911179  0.44178161  0.93115033] -242.46800675562588
[ 4.93414448 -1.85333611  1.01408367  1.51372815  0.42236217  0.91251047] -242.4650605916283
[ 4.94080862 -1.85896908  1.03098728  1.4894187   0.41151183  0.89309287] -242.4649402122648
[ 4.92809644 -1.89878007  1.06929179  1.54913793  0.42198023  1.02498805] -242.47455481386916
[ 4.92978686 -1.83385397  0.980984    1.52545269  0.43265371  0.89556523] -242.46739715516168
[ 4.91424302 -1.79552989  0.98103852  1.51423102  0.45352845  0.91449159] -242.46918455775665
[ 4.90065709 -1.81673422  0.98867812  1.45899498  0.41079502  0.82951297] -242.47331038765955
[ 4.93331416 -1.84488927  1.00343404  1.54920009  0.44333216  0.95881694] -242.46713458680537
[ 4.92489725 -1.87154706  0.98443405  1.55445344  0.45488741  0.90722386] -242.46362376930563
[ 4.92569672 -1.9019114   0.97149804  1.58160139  0.47313254  0.8944059 ] -242.46444510266113
[ 4.96333862 -1.88853174  1.01232427  1.53753733  0.4421858   0.90631301] -242.46567768901323
[ 4.96032781 -1.93726453  1.02463474  1.55749366  0.42192239  0.91622915] -242.47076587697163
[ 4.92576422 -1.83096355  0.99193757  1.52504668  0.44562693  0.91492598] -242.4654062174692
[ 4.94106957 -1.80899277  0.99651094  1.50125785  0.43495101  0.8941623 ] -242.4643040429265
[ 4.94661063 -1.86744385  1.02555872  1.526852    0.44484467  0.92927976] -242.4612857276645
[ 4.95502251 -1.88423879  1.04784607  1.52755166  0.45094014  0.94613702] -242.4606751384854
[ 4.95031944 -1.86952506  1.01791269  1.49588846  0.43670222  0.8618014 ] -242.46313503782733
[ 4.91595525 -1.81954703  1.01088527  1.49366827  0.43602072  0.89946813] -242.4617761596172
[ 4.95025999 -1.87330972  1.03758786  1.49569945  0.42937751  0.88570255] -242.45913328395775
[ 4.96250788 -1.8944828   1.060413    1.48102583  0.42125279  0.87109083] -242.45936875728492
[ 4.93836605 -1.8500844   1.00073835  1.533421    0.46944783  0.90507222] -242.4592159675955
[ 4.93720392 -1.91375792  1.03662382  1.53230291  0.4575076   0.90763942] -242.45909068301194
[ 4.9352711  -1.9661405   1.05668026  1.54782543  0.4687859   0.91437799] -242.46269306611154
[ 4.95747847 -1.86527391  1.0660973   1.47172381  0.43844459  0.89471639] -242.4615089973496
[ 4.93444263 -1.86587886  1.0486802   1.5222339   0.45721058  0.95111051] -242.45813114488124
[ 4.92650422 -1.86405576  1.06406396  1.53540663  0.46746476  0.99576506] -242.46186264402914
[ 4.97496928 -1.93130084  1.06830594  1.53397598  0.46495537  0.9306579 ] -242.45998774671318
[ 4.93927632 -1.90758293  1.01383012  1.57667115  0.47136842  0.94739015] -242.4614500410408
[ 4.94382686 -1.89700568  1.02689691  1.55043432  0.46313746  0.93422171] -242.45855200287247
[ 4.9380004  -1.89287368  1.02509829  1.52847086  0.46293864  0.89199775] -242.4552774357765
[ 4.92948934 -1.89719112  1.01372439  1.52893046  0.46893789  0.86492812] -242.45439402393524
[ 4.90289365 -1.83444173  0.98644458  1.5203647   0.45025092  0.88556694] -242.46030661158815
[ 4.95695037 -1.90708606  1.0478406   1.53057316  0.46127926  0.91938516] -242.45755910801992
[ 4.94569166 -1.93465872  1.06971291  1.51997039  0.4430356   0.9159236 ] -242.45724598819072
[ 4.93227493 -1.93188307  1.04357175  1.56578226  0.48765862  0.94536696] -242.460740492372
[ 4.94576373 -1.88795306  1.03908383  1.51322015  0.44394779  0.90061865] -242.45705445752108
[ 4.94818427 -1.88283324  1.04535579  1.52281789  0.45500859  0.92108983] -242.45342788114198
[ 4.95367445 -1.8673709   1.04972178  1.51807538  0.45375909  0.92781503] -242.45111189616298
[ 4.94484387 -1.88970723  1.06269099  1.49390016  0.44625261  0.89237198] -242.4532571531735
[ 4.95769518 -1.92877683  1.04557797  1.512656    0.44852683  0.85590367] -242.4554502799725
[ 4.9354357  -1.89479989  1.04566336  1.49834436  0.44020734  0.86646852] -242.45065813277137
[ 4.92467836 -1.88865681  1.04457474  1.48222996  0.42967139  0.8400102 ] -242.4490560775182
[ 4.93968999 -1.85189326  1.01541165  1.49636698  0.45399626  0.84462561] -242.4505998591609
[ 4.93759333 -1.886579    1.03815001  1.49749949  0.45643357  0.84126622] -242.44628619594997
[ 4.93350814 -1.88589197  1.0376831   1.48963916  0.46267646  0.81159001] -242.44288112003167
[ 4.91759953 -1.83146026  1.02902425  1.49039137  0.45657107  0.87120998] -242.44672705275997
[ 4.9418421  -1.84113569  1.06597778  1.46127055  0.43203774  0.86427948] -242.4440686104868
[ 4.92548699 -1.83242907  1.01810678  1.4854243   0.44998473  0.82747146] -242.44059654715286
[ 4.91580855 -1.80378999  0.99581467  1.48118637  0.45185079  0.79502119] -242.43795723364073
[ 4.90403444 -1.83357176  1.01310696  1.44895275  0.44184215  0.7477638 ] -242.4453853624209
[ 4.90613372 -1.84294223  1.04664885  1.45485641  0.4375536   0.79866594] -242.43606533349526
[ 4.88935559 -1.83846672  1.06226744  1.43410112  0.42933227  0.7756861 ] -242.4320528601117
[ 4.90937109 -1.78944866  1.02338332  1.45295048  0.46176544  0.78183998] -242.4348578148036
[ 4.9137071  -1.83264133  1.0370535   1.43230877  0.43659721  0.72085021] -242.43443192599892
[ 4.93049641 -1.83021969  1.06095298  1.4681994   0.44957782  0.83532519] -242.42727465243712
[ 4.9437274  -1.82854366  1.08487599  1.47782273  0.45344566  0.87910589] -242.42165967316873
[ 4.89331719 -1.81845841  1.01438156  1.461399    0.46651821  0.72375165] -242.42599969615605
[ 4.88825417 -1.75122429  1.03490906  1.423617    0.43716006  0.74716167] -242.41999171645455
[ 4.86562719 -1.68389045  1.03352205  1.39060591  0.42440186  0.7149475 ] -242.42186166337063
[ 4.89676896 -1.81580436  1.08980896  1.41288     0.44308883  0.74777731] -242.42046919213234
[ 4.89900571 -1.83893093  1.08438218  1.42775906  0.42694864  0.74960429] -242.41425248784554
[ 4.89382303 -1.86367207  1.11488162  1.41516335  0.40954024  0.73348645] -242.4083439000795
[ 4.88804168 -1.80608184  1.09665471  1.44268563  0.44309788  0.81480614] -242.4061985957607
[ 4.87520896 -1.79280209  1.12645531  1.44787406  0.44634821  0.86178411] -242.40297806744016
[ 4.90767765 -1.78503491  1.09283673  1.44548426  0.4560348   0.78866959] -242.3935375527662
[ 4.91683867 -1.75831901  1.10812137  1.45117582  0.46938606  0.79516134] -242.37664985231612
[ 4.91155654 -1.78499675  1.17196921  1.41477865  0.41980481  0.86440727] -242.39687512294356
[ 4.85042272 -1.76039587  1.13050585  1.37734023  0.42166374  0.70415349] -242.3955078294658
[ 4.8819324  -1.75466566  1.13913852  1.43043637  0.42487888  0.8209408 ] -242.37596866339578
[ 4.87451412 -1.72409632  1.1638033   1.43921455  0.41577391  0.85752254] -242.3654617825806
[ 4.88586718 -1.81020308  1.23700316  1.42489856  0.42367893  0.85834339] -242.36378480820343
[ 4.88467368 -1.83969248  1.3380502   1.42553934  0.41693836  0.91393426] -242.36074063867255
[ 4.87724854 -1.6897621   1.23142013  1.43681087  0.4537648   0.93216789] -242.3742416937551
[ 4.89654246 -1.72628541  1.25483471  1.40041243  0.41942902  0.82733149] -242.33901663554582
[ 4.90720921 -1.69302707  1.31902441  1.37668161  0.40596942  0.81010518] -242.3178205304808
[ 4.85874577 -1.7034342   1.25833921  1.42080882  0.44136062  0.80660762] -242.32500797035053
[ 4.92265395 -1.70904786  1.34241369  1.47273678  0.44606731  1.00101279] -242.3302789114886
[ 4.85817642 -1.694701    1.44289561  1.40608816  0.39057208  0.97862209] -242.36804257204028
[ 4.89140918 -1.76490421  1.39008867  1.41021222  0.38512911  0.85710027] -242.3081041379645
[ 4.8984895  -1.80247527  1.46942294  1.3969129   0.35081127  0.81956646] -242.29922626077544
[ 4.92391899 -1.79589007  1.18745564  1.4378765   0.43506822  0.75762753] -242.33231332575636
[ 4.92404958 -1.790426    1.47443207  1.4043041   0.41629782  0.84542874] -242.28840483605615
[ 4.9488173  -1.82359084  1.62974645  1.38684887  0.41655978  0.83938183] -242.2864385918465
[ 4.93527123 -1.66946262  1.39741725  1.40508249  0.41500718  0.76416621] -242.24922190797537
[ 4.96057    -1.58434769  1.42710077  1.39485407  0.41404158  0.68928219] -242.2195422250768
[ 4.90824292 -1.64275091  1.62789351  1.37840451  0.38986845  0.89769116] -242.31022479250134
[ 4.90470429 -1.70749414  1.56809541  1.31210015  0.36013639  0.61986536] -242.27742532440934
[ 4.98393197 -1.71446111  1.75542196  1.32779189  0.33776834  0.7520231 ] -242.28817393563912
[ 4.96104278 -1.73201291  1.84020261  1.35562252  0.35042585  0.72916486] -242.28801037431074
[ 4.97760903 -1.81204307  1.6021032   1.34630562  0.35337929  0.58540344] -242.25124934880526
[ 5.01373563 -1.65550799  1.80480052  1.31092814  0.39329248  0.5854738 ] -242.24532120733528
[ 4.93822771 -1.72387111  1.53526103  1.3744279   0.42484345  0.59750073] -242.2152968077206
[ 4.91537558 -1.72857611  1.42518056  1.39774591  0.46838101  0.52023954] -242.21680330422114
[ 4.95351187 -1.70360537  1.34883319  1.35286574  0.43699181  0.57647092] -242.26880372856698
[ 4.9673022  -1.57203228  1.46565159  1.31031167  0.37766856  0.37861698] -242.2619924840162
[ 5.03228119 -1.64297504  1.49315468  1.38446423  0.439936    0.51771733] -242.1835197200492
[ 5.09606965 -1.61071549  1.45568432  1.42064626  0.4798358   0.46664331] -242.16848704953534
[ 5.03099287 -1.61590051  1.74803395  1.36629215  0.37736191  0.52450256] -242.20522969312478
[ 5.03843276 -1.76209634  1.72534301  1.42750638  0.43658295  0.77098503] -242.1871875851955
[ 5.04840051 -1.50543663  1.62997134  1.41857935  0.48860677  0.6260591 ] -242.1445390415964
[ 5.08379625 -1.35213341  1.64390541  1.45471622  0.5562205   0.64638693] -242.14449125445307
[ 5.03562745 -1.56084686  1.37364231  1.50188619  0.50300292  0.64629311] -242.14549816833795
[ 5.11381223 -1.62417354  1.73352258  1.45363764  0.51190759  0.52815503] -242.0973829562985
[ 5.19043334 -1.64408647  1.88673348  1.48302942  0.5608406   0.44759145] -242.0847580853054
[ 5.22022306 -1.45805525  1.7425198   1.51026431  0.54643811  0.56996673] -242.08132039683187
[ 5.36122074 -1.32514732  1.84614919  1.57818251  0.60723544  0.55619974] -242.1111577313904
[ 5.19053463 -1.51341076  1.52790882  1.56639077  0.65027838  0.65811962] -242.08318226925812
[ 5.23379537 -1.28431974  1.48478837  1.55147134  0.66228916  0.37401536] -242.14582039830228
[ 5.22206705 -1.32690201  1.76414841  1.60193982  0.67985409  0.64748109] -242.06436551935306
[ 5.28506576 -1.18499527  1.91838045  1.6925866   0.77986323  0.73789998] -242.12998485793776
[ 5.08043189 -1.66749184  1.82816437  1.48793757  0.50325571  0.83126429] -242.15292462056533
[ 5.1954545  -1.38011277  1.57063237  1.5355879   0.6225308   0.48832759] -242.08689605512012
[ 5.33187549 -1.33072003  2.00497379  1.54875662  0.70238457  0.50633136] -242.11060348632856
[ 5.36639978 -1.53229568  1.85506681  1.62727339  0.69788835  0.45955235] -242.0319820974089
[ 5.50770154 -1.62237682  1.96064752  1.71355197  0.76872227  0.36613507] -242.0801303884091
[ 5.12982863 -1.62090095  1.44402945  1.55940524  0.55022553  0.58401492] -242.09159173787697
[ 5.18034034 -1.54835572  1.58426553  1.55674309  0.58826529  0.56459403] -242.05477451448667
[ 5.26121157 -1.6275892   1.88291525  1.5796257   0.61865748  0.62744084] -242.03301573240233
[ 5.28982548 -1.35811641  1.56554139  1.66438294  0.69961997  0.72812678] -242.07380371152365
[ 5.32282113 -1.43702733  1.93691024  1.61368564  0.62662938  0.54093432] -242.05761435899367
[ 5.32733205 -1.48537353  1.78709608  1.70428589  0.75720008  0.61940974] -241.99608152608542
[ 5.38088655 -1.49903267  1.80938422  1.80129668  0.86258106  0.64413124] -241.99415848163113
[ 5.28808333 -1.63228446  2.04535542  1.59580517  0.65833858  0.43325118] -242.04976640764315
[ 5.37784718 -1.76529301  1.94048408  1.6562034   0.67093262  0.44248689] -242.03832257686014
[ 5.29543512 -1.76458959  1.76891353  1.65863017  0.73892508  0.51621786] -242.03445531647472
[ 5.47628083 -1.72533915  2.18310757  1.74953508  0.8275091   0.47643275] -242.05549983555238
[ 5.25432547 -1.59260158  1.73397604  1.60494109  0.64807625  0.54255371] -242.01697567300138
[ 5.35728522 -1.62818278  1.61822455  1.71351831  0.75401503  0.64420978] -242.0423576311364
[ 5.33998475 -1.6292082   1.72500727  1.68409002  0.73009592  0.59147013] -242.0110002581457
[ 5.25490056 -1.44981263  1.65127029  1.66241561  0.76114209  0.68463515] -242.0471930869701
[ 5.34711052 -1.68642292  1.86818064  1.65775646  0.69348499  0.50302396] -242.00976964806551
[ 5.35453776 -1.42446049  1.85592988  1.65969761  0.67800293  0.60650622] -242.0295962135517
[ 5.41987004 -1.49375132  1.73293304  1.76539272  0.81805235  0.48830503] -242.02309804570757
[ 5.33250525 -1.57619671  1.72007021  1.7637848   0.77887615  0.66577774] -241.98400904293206
[ 5.31555799 -1.59814722  1.65257191  1.83204051  0.81937005  0.76889043] -241.9966002694237
[ 5.3370231  -1.73461064  1.67392059  1.76605631  0.83238598  0.53858105] -242.03028198977188
[ 5.35015909 -1.50199803  1.81042756  1.68628729  0.71659869  0.58952493] -242.00130906911846
[ 5.24845384 -1.66806872  1.82274894  1.63399273  0.65851867  0.6905222 ] -242.01363851122025
[ 5.4120412  -1.59437417  1.8512969   1.80412824  0.83197558  0.68559635] -241.98681191445127
[ 5.47244195 -1.49434218  1.77203999  1.83178843  0.87935213  0.53598591] -242.02590561123054
[ 5.30445087 -1.62463708  1.8100717   1.68344166  0.71372703  0.65188813] -241.991097890537
[ 5.36906641 -1.53167899  1.89813647  1.78147502  0.80231858  0.65517732] -241.97753279053347
[ 5.38360724 -1.48291439  1.98470107  1.83016751  0.83842991  0.68703091] -241.99249828287665
[ 5.36925927 -1.42288297  1.76494839  1.8490481   0.87520738  0.79434128] -242.01993576752804
[ 5.35264771 -1.62053793  1.84237257  1.70557937  0.73891559  0.57585329] -241.98769354914896
[ 5.36704024 -1.64682116  1.8333498   1.82694797  0.85953264  0.70328309] -241.98427512511321
[ 5.33169735 -1.69904934  1.84238167  1.720489    0.71253413  0.66839407] -241.98415119383063
[ 5.41721519 -1.59824902  1.85246418  1.85069314  0.86099052  0.66613916] -241.97615452758794
[ 5.47359735 -1.58505498  1.87366041  1.93431889  0.93462227  0.67326467] -241.99085991784324
[ 5.39054083 -1.59491853  1.82352718  1.87692669  0.87649362  0.77226929] -241.9855795105097
[ 5.32398055 -1.62126375  1.80534627  1.80264397  0.79827297  0.6914172 ] -241.9656350944286
[ 5.27995023 -1.63470853  1.78237095  1.80190183  0.78142166  0.69432763] -241.96532844711697
[ 5.30861739 -1.63398272  1.81939726  1.70483723  0.72206428  0.57876371] -241.97722350360146
[ 5.3126437  -1.57780061  1.80492378  1.71411237  0.69320247  0.60624345] -241.9817047856818
[ 5.34163538 -1.48515619  1.78340594  1.8184458   0.83375709  0.6204156 ] -241.97679412639312
[ 5.34387085 -1.57766198  1.92682931  1.79337033  0.78570872  0.60791121] -241.96554460376302
[ 5.37414144 -1.57601186  1.88261093  1.86946207  0.90221782  0.66800143] -241.97819992603755
[ 5.35876701 -1.57645905  1.86318914  1.83062465  0.84996398  0.65256193] -241.96817395438478
[ 5.3142856  -1.63706017  1.77774912  1.81848264  0.8089835   0.61819576] -241.9569774275397
[ 5.28689519 -1.68975076  1.71755544  1.83698646  0.81231596  0.59970499] -241.95736159792614
[ 5.37662403 -1.53578226  1.84260562  1.93300223  0.91821088  0.70775338] -241.97937419983336
[ 5.32561905 -1.6094326   1.82519935  1.76187848  0.77110093  0.61101113] -241.9656198615576
[ 5.33826726 -1.72603426  1.89252807  1.8005379   0.78563268  0.66296668] -241.9638350656915
[ 5.23637148 -1.65553652  1.83682447  1.75157213  0.73327997  0.61618562] -241.96555292325937
[ 5.25402114 -1.70368564  1.81731128  1.74528979  0.70541184  0.61763741] -241.96553404951132
[ 5.26330314 -1.70212976  1.85267172  1.80850639  0.76237853  0.66139698] -241.9580266428828
[ 5.36152793 -1.67155693  1.84632902  1.83779083  0.80989901  0.67129293] -241.9589986600876
[ 5.25991425 -1.78072979  1.72949074  1.81079946  0.76553369  0.70069459] -241.97149041395903
[ 5.3228817  -1.62842893  1.87749467  1.79772761  0.78066496  0.63110706] -241.95724652261725
[ 5.37271747 -1.62962056  1.8590699   1.87635928  0.87091494  0.69545826] -241.96575740568383
[ 5.28369523 -1.68516937  1.82775094  1.77805716  0.74678762  0.63709263] -241.95655076587173
[ 5.34803672 -1.71541794  1.9091369   1.81179901  0.78336044  0.59968972] -241.9568089524391
[ 5.29297618 -1.62055344  1.80451605  1.81691665  0.778392    0.60995835] -241.9528265975725
[ 5.27033063 -1.56781303  1.76051004  1.82510603  0.77477166  0.58345418] -241.96423433098687
[ 5.24686492 -1.6580296   1.83677745  1.77270567  0.74362334  0.58118723] -241.95943088235043
[ 5.33286218 -1.6681751   1.84394112  1.82151954  0.79333009  0.64876651] -241.95467105499125
[ 5.36827606 -1.61613855  1.82752454  1.80632781  0.80146101  0.58687303] -241.96396171257814
[ 5.28954637 -1.68063196  1.84638493  1.80796175  0.77214915  0.64276599] -241.9523713479821
[ 5.29758573 -1.7072404   1.79233168  1.82051797  0.78033597  0.62104926] -241.95138504828847
[ 5.28493774 -1.74664613  1.74975019  1.83191315  0.78017148  0.61602036] -241.95395138909853
[ 5.3006152  -1.72200257  1.89693809  1.80044138  0.74246825  0.63491172] -241.95633659256572
[ 5.2510569  -1.64583967  1.76148404  1.80333914  0.75446059  0.66515843] -241.96050118188077
[ 5.32379177 -1.69802337  1.87222368  1.80968404  0.77613548  0.6160569 ] -241.9532512790829
[ 5.32876391 -1.68037291  1.85769424  1.84762328  0.80081603  0.62074361] -241.94926877115788
[ 5.35129825 -1.67797468  1.8726659   1.88240635  0.82783024  0.61256911] -241.94998905462154
[ 5.32122684 -1.62966316  1.77542582  1.84096636  0.82458465  0.61820182] -241.95574027708457
[ 5.31607393 -1.65274801  1.80580388  1.83083512  0.80405555  0.62237929] -241.95208411331828
[ 5.28338378 -1.67834826  1.81571036  1.8229934   0.77729797  0.59555129] -241.9482587232519
[ 5.25864459 -1.68343484  1.80159498  1.82373034  0.76928191  0.56894368] -241.9517633142273
[ 5.27898487 -1.64194162  1.76859003  1.83926535  0.79488008  0.6214257 ] -241.9543552455394
[ 5.31259004 -1.68400293  1.84631527  1.81707937  0.78082163  0.6173991 ] -241.9507893290264
[ 5.31633841 -1.74056139  1.85023074  1.83208698  0.79343343  0.6300045 ] -241.95192716609935
[ 5.3286989  -1.70045934  1.8096438   1.84908363  0.80677105  0.59294303] -241.95032139891228
[ 5.30637966 -1.74424706  1.85150482  1.8322931   0.77576981  0.60351764] -241.9491330132237
[ 5.3027956  -1.65766225  1.80750265  1.83110994  0.78050405  0.58706347] -241.94997131804914
[ 5.3232849  -1.67445719  1.8704587   1.8462096   0.79365754  0.58469012] -241.94943529243096
[ 5.31184554 -1.69451274  1.82452292  1.85935828  0.79745052  0.57743729] -241.94754552102984
[ 5.31147329 -1.69976764  1.81362675  1.88049774  0.80576497  0.55745639] -241.9490623704463
[ 5.2901189  -1.67607413  1.8661541   1.83077891  0.76839426  0.59672478] -241.95055363825742
[ 5.3190539  -1.69436304  1.82377138  1.84450745  0.79717685  0.59388847] -241.94847370202146
[ 5.32144164 -1.73110482  1.87371816  1.85321843  0.80021885  0.60487933] -241.9478285457712
[ 5.30033791 -1.73319242  1.81184859  1.84045505  0.78925247  0.61398242] -241.9487654970373
[ 5.28538356 -1.7448832   1.80933117  1.83665195  0.77823946  0.5756752 ] -241.94779145720116
[ 5.30076912 -1.68122109  1.80146271  1.85343509  0.8041089   0.58362037] -241.94723656351093
[ 5.29796385 -1.64970811  1.77644166  1.86400609  0.81827845  0.57367173] -241.94943674661488
[ 5.30695461 -1.67495197  1.83765697  1.84959982  0.79557838  0.56303489] -241.94806581270072
[ 5.28420552 -1.70731099  1.83036272  1.84724488  0.78712118  0.57284433] -241.94640046628504
[ 5.26678133 -1.71378496  1.83365839  1.8486136   0.78209334  0.56232225] -241.95046051769225
[ 5.32014955 -1.73298001  1.84330785  1.87684275  0.81027446  0.56361251] -241.94722350240787
[ 5.30097704 -1.75571898  1.82324487  1.85931731  0.79689275  0.59632145] -241.94719672450486
[ 5.27966847 -1.70777085  1.77035926  1.85773166  0.79114357  0.55162438] -241.9482781490968
[ 5.31099835 -1.72527133  1.84787843  1.85434674  0.79795003  0.5915656 ] -241.94665462034783
[ 5.32426481 -1.68745518  1.84759534  1.8801964   0.81969316  0.58612531] -241.947327766917
[ 5.30194258 -1.73547312  1.84009439  1.86443611  0.8078963   0.58725923] -241.94586554920886
[ 5.2969911  -1.75595331  1.84788012  1.86697502  0.81311919  0.5921702 ] -241.94654123461154
[ 5.28208258 -1.75853666  1.81452165  1.83834456  0.78172139  0.57894918] -241.94801005482122
[ 5.31371925 -1.70522555  1.83932692  1.86973344  0.81020021  0.58433128] -241.94626873368938
[ 5.30989497 -1.77277223  1.87327568  1.87053865  0.79933608  0.5816911 ] -241.94764255118545
[ 5.30305058 -1.70410888  1.81941595  1.85771098  0.8029157   0.58313805] -241.9462113551562
[ 5.28481489 -1.71138961  1.82346657  1.84075373  0.79071759  0.60820746] -241.94691533092217
[ 5.29860002 -1.67387417  1.84360346  1.85209132  0.80204093  0.57946053] -241.94702552656997
[ 5.29919427 -1.69433538  1.83851381  1.85389782  0.80075388  0.58367576] -241.94610874589415
[ 5.31955529 -1.7125188   1.8483975   1.87503625  0.81156151  0.55939728] -241.94731539210366
[ 5.29349999 -1.71167191  1.82969931  1.84932436  0.79592857  0.59600492] -241.94616373911495
[ 5.28753905 -1.69410395  1.81792593  1.85976912  0.80365525  0.57751892] -241.94589010899944
[ 5.31544306 -1.70766194  1.83129605  1.87104573  0.81999546  0.59779839] -241.9463868538225
[ 5.30763367 -1.7075742   1.83106271  1.86509552  0.81177689  0.59155988] -241.94587132572588
[ 5.2839008  -1.71053026  1.81957712  1.8470112   0.79744198  0.58872097] -241.94616123460636
[ 5.28818621 -1.71378739  1.8395418   1.85546706  0.80290193  0.59177518] -241.94588061324112
[ 5.29596554 -1.70692953  1.83253928  1.86590124  0.81221351  0.5774984 ] -241.94551076498732
[ 5.29719832 -1.70455834  1.83395927  1.87418969  0.82035598  0.56824513] -241.94563068849772
[ 5.30958631 -1.70687093  1.84698219  1.87451109  0.81562394  0.58104148] -241.94574006438
[ 5.29775685 -1.72724433  1.83086829  1.87449557  0.81726872  0.5852086 ] -241.94544549163308
[ 5.29703813 -1.74369881  1.82704553  1.88479444  0.82552615  0.58597502] -241.94565941679463
[ 5.312818   -1.73852255  1.85577029  1.87353307  0.81890518  0.59392866] -241.94622272806595
[ 5.29385879 -1.7052086   1.82738702  1.86321011  0.80746773  0.58162136] -241.9455503106605
[ 5.3140617  -1.71597951  1.83010283  1.88041615  0.82118043  0.5762878 ] -241.9460518661735
[ 5.29465508 -1.71433542  1.83718206  1.86170433  0.80747156  0.58790333] -241.94554596101847
[ 5.29028804 -1.72444644  1.8406217   1.8696573   0.81087036  0.57528426] -241.9452144613906
[ 5.28161523 -1.73288256  1.84540119  1.87193819  0.8104171   0.56714645] -241.94560662189494
[ 5.29209429 -1.69287196  1.83176579  1.87205711  0.8157423   0.57559325] -241.9457846737779
[ 5.29455636 -1.70352225  1.83384794  1.87015186  0.8137808   0.57850974] -241.94550374706284
[ 5.27944058 -1.72035793  1.82049991  1.86052905  0.80740029  0.58096708] -241.94550594727735
[ 5.29036203 -1.72707003  1.83779937  1.87093634  0.81553402  0.58016911] -241.94526829447622
[ 5.28813472 -1.72218808  1.8282101   1.87551945  0.81821768  0.57130906] -241.94524970333939
[ 5.28421399 -1.73468016  1.83140982  1.87452861  0.81547712  0.57965089] -241.94534628226256
[ 5.30233008 -1.72602584  1.84708584  1.88456733  0.82298261  0.57574347] -241.94550590814106
[ 5.29660771 -1.72460886  1.84043935  1.87855776  0.81908703  0.57704938] -241.94537235707412
[ 5.28789808 -1.74989039  1.83593494  1.87774648  0.81837084  0.57771402] -241.9456976194582
[ 5.29289179 -1.71511428  1.83436969  1.87205051  0.81492831  0.57831081] -241.94536332113955
[ 5.28307591 -1.72212496  1.84008172  1.87258776  0.81410278  0.5687159 ] -241.9454488482965
[ 5.29408661 -1.72596449  1.83317165  1.87401861  0.81647724  0.58108543] -241.9453640586248
[ 5.28338469 -1.7252123   1.82808809  1.86701252  0.81141455  0.57822048] -241.94531735196045
[ 5.28233847 -1.72360595  1.83366128  1.8692163   0.81233677  0.57322944] -241.94533827417152
[ 5.28001552 -1.73728671  1.83222709  1.87023966  0.81302185  0.57431027] -241.94554909909974
[ 5.28967272 -1.72065739  1.83383404  1.8715978   0.8144517   0.57731068] -241.94538110722218
[ 5.28921138 -1.72331726  1.8344159   1.87258838  0.81454402  0.57329666] -241.94518828940042
[ 5.29032504 -1.72575824  1.83921053  1.87029682  0.81320219  0.57772668] -241.9452153983841
[ 5.28683637 -1.72482937  1.83435489  1.86833491  0.81114246  0.57675237] -241.94521660695048
[ 5.28631326 -1.72402619  1.83714149  1.8694368   0.81160357  0.57425685] -241.9452405718298
[ 5.28725102 -1.7295633   1.83601576  1.87209295  0.81317374  0.57746757] -241.94521733360128
[ 5.29158992 -1.71978036  1.83749569  1.87085391  0.81289934  0.57679753] -241.9453750848899
[ 5.28515178 -1.73086657  1.8364244   1.86994848  0.81194611  0.57479726] -241.9453028217679
[ 5.28676132 -1.72809502  1.83669222  1.87017484  0.81218442  0.57529733] -241.94524525759905
[ 5.28998038 -1.72255191  1.83722787  1.87062755  0.81266103  0.57629747] -241.94517241283427
[ 5.29158992 -1.71978036  1.83749569  1.87085391  0.81289934  0.57679753] -241.9453750848899
[ 5.29165082 -1.72612931  1.8368074   1.8717625   0.81359437  0.57801815] -241.94516260622333
[ 5.2943196  -1.72718087  1.83664035  1.87292536  0.81458976  0.5798988 ] -241.94535971740746
[ 5.29217966 -1.71944755  1.838197    1.8689962   0.8121644   0.57499096] -241.9454163967858
[ 5.28848318 -1.72703436  1.83656107  1.87131877  0.81292141  0.57684842] -241.94520588557282
[ 5.29314325 -1.72491647  1.84059326  1.87374886  0.81478867  0.57573818] -241.94537880688915
[ 5.28841309 -1.72485115  1.83591449  1.8696884   0.81205401  0.57649882] -241.9451976250159
[ 5.28901726 -1.72368524  1.83463894  1.87158415  0.81234621  0.57435457] -241.94516614420368
[ 5.28863066 -1.72474331  1.83123352  1.87286595  0.81516998  0.57648711] -241.94517714297143
[ 5.29048469 -1.7213917   1.8335183   1.87172021  0.81386847  0.57480251] -241.94537688776163
[ 5.28898355 -1.7256237   1.83580038  1.87141913  0.81315817  0.57633694] -241.94518005262233
[ 5.29074493 -1.72383243  1.83412685  1.87392748  0.81510392  0.57509815] -241.94515247550703
[ 5.29191085 -1.72332307  1.83323303  1.87604703  0.81662887  0.57439781] -241.94535502930677
[ 5.29045782 -1.72553804  1.83552909  1.87147388  0.81280054  0.5789008 ] -241.94514872881354
[ 5.29108104 -1.72664843  1.83608568  1.87091663  0.8119288   0.58170287] -241.94514159588982
[ 5.29138481 -1.72357318  1.83423971  1.87247563  0.8137766   0.57764917] -241.94534767443844
[ 5.28958387 -1.72511107  1.83541021  1.87168325  0.81331278  0.576665  ] -241.94516752867094
[ 5.29205544 -1.72457616  1.84019879  1.87063458  0.81114572  0.5775583 ] -241.94538744751935
[ 5.28948685 -1.72470152  1.83347484  1.8723081   0.81416392  0.5767549 ] -241.94516162476117
[ 5.29054121 -1.72748409  1.83295344  1.87343316  0.81415563  0.57790042] -241.94514989374042
[ 5.29125684 -1.72571594  1.83395217  1.87296076  0.81378483  0.57794469] -241.94513987360511
[ 5.29209332 -1.72601838  1.83322315  1.87359951  0.81402086  0.57858454] -241.9451238667989
[ 5.2928488  -1.72791948  1.83425151  1.87373165  0.81530962  0.5816651 ] -241.94514670920455
[ 5.29061457 -1.72607213  1.83123109  1.87420967  0.81463322  0.57921718] -241.94512841488748
[ 5.29315443 -1.72795679  1.83381573  1.87429793  0.8142201   0.58130118] -241.9451147286449
[ 5.29498822 -1.72958443  1.83398618  1.87529284  0.81424819  0.58357432] -241.9451273903159
[ 5.29269952 -1.73020067  1.83306002  1.87280203  0.81298549  0.58502562] -241.94515776626326
[ 5.29123358 -1.72542449  1.83386014  1.87364612  0.81457431  0.57758001] -241.9451433014997
[ 5.29313404 -1.72586248  1.83453567  1.87336735  0.81407334  0.58211655] -241.9453329875015
[ 5.29118941 -1.72707869  1.833349    1.8734167   0.81413506  0.57895445] -241.94513845129097
[ 5.29027332 -1.72514682  1.83293675  1.87296387  0.81252783  0.57744831] -241.94512263424792
[ 5.29156845 -1.72754926  1.83302033  1.87282198  0.81258097  0.5814895 ] -241.94512260431358
[ 5.29188346 -1.72662559  1.82977301  1.87618659  0.81544388  0.57729551] -241.94513393464663
[ 5.29200643 -1.7260443   1.83131769  1.87460981  0.8136739   0.57949095] -241.94511202649272
[ 5.29241495 -1.72552711  1.83030204  1.87520637  0.81344331  0.57975921] -241.94510935565796
[ 5.29148955 -1.72613124  1.83507003  1.87151318  0.81169822  0.58197113] -241.94512670390043
[ 5.29305011 -1.72670441  1.83489158  1.87259128  0.81153055  0.58096744] -241.94511886991165
[ 5.29269531 -1.72683635  1.83099317  1.87564713  0.81440966  0.57787893] -241.94512716690292
[ 5.29179099 -1.72630752  1.83405081  1.87254667  0.81237608  0.58094808] -241.94511121661193
[ 5.29199076 -1.72704559  1.83311593  1.87320986  0.81153875  0.58205336] -241.94511546298784
[ 5.29438324 -1.72855007  1.83346206  1.87392749  0.81270209  0.58472461] -241.94512234606555
[ 5.29402638 -1.72648124  1.83352573  1.87443788  0.81268932  0.5817618 ] -241.94532139451303
[ 5.29218293 -1.72728225  1.83314668  1.87322596  0.81260806  0.58155757] -241.9451132794719
[ 5.29047815 -1.72505782  1.83297887  1.87309853  0.81253685  0.577471  ] -241.9451337608025
[ 5.29340697 -1.72767701  1.83334126  1.87372025  0.81266078  0.58291121] -241.9451161658365
[ 5.29193024 -1.72722768  1.83103257  1.87481107  0.81408515  0.58187609] -241.94511166811165
[ 5.29108113 -1.72610531  1.83181333  1.8740457   0.8134297   0.57958729] -241.94512040963258
[ 5.29282551 -1.72728408  1.83295928  1.87380161  0.81285301  0.58208023] -241.94510948601265
[ 5.29277559 -1.72681622  1.83198644  1.87475334  0.81498982  0.58045409] -241.94512311843678
[ 5.29218697 -1.72698825  1.83283356  1.87359573  0.81240152  0.58165355] -241.94510780526446
[ 5.29128943 -1.72558217  1.83095924  1.87343121  0.81170228  0.58132373] -241.9451102249649
[ 5.29196309 -1.72569002  1.83089916  1.8745716   0.81301239  0.58098939] -241.94511115993583
[ 5.29222674 -1.72523203  1.8329688   1.87290666  0.81117772  0.5803753 ] -241.94511257771856
[ 5.29200436 -1.72672877  1.83151663  1.87433497  0.81335829  0.5815009 ] -241.94510676505698
[ 5.29243711 -1.72629262  1.82910582  1.87576716  0.81321419  0.58148759] -241.94511289044868
[ 5.29195252 -1.72630379  1.83281457  1.87335179  0.8125856   0.58108296] -241.94510588364489
[ 5.29226148 -1.72711471  1.83289595  1.87333563  0.81243562  0.58147746] -241.94510594679383
[ 5.29325917 -1.7277334   1.83348143  1.87444416  0.81399017  0.58119437] -241.94511662317598
[ 5.29178186 -1.72611998  1.83158979  1.87368445  0.81227425  0.58129139] -241.945106765561
[ 5.29137521 -1.72564345  1.8310249   1.8740347   0.81264652  0.58017492] -241.94510293451074
[ 5.29065005 -1.72482314  1.83005771  1.87415124  0.81254327  0.57922227] -241.9451140329568
[ 5.29143919 -1.72743921  1.83392309  1.87223938  0.81179062  0.58263452] -241.94513403517902
[ 5.29217101 -1.72600514  1.8312073   1.87446462  0.81303014  0.58047803] -241.9451068599009
[ 5.29166185 -1.72565036  1.83084948  1.87413966  0.81304196  0.58034834] -241.9451083466264
[ 5.29205569 -1.72665378  1.83233754  1.87373171  0.81256163  0.58132724] -241.945114011582
[ 5.29166386 -1.72597362  1.83191973  1.87369325  0.81261606  0.58062894] -241.9451066184111
[ 5.29181835 -1.72637908  1.83196042  1.87368516  0.81254107  0.58082619] -241.9451122070289
[ 5.29168978 -1.72618611  1.83127076  1.87418483  0.8130024   0.58083791] -241.94510949730358
[ 5.29157853 -1.72588172  1.83130734  1.87385957  0.81246039  0.58073315] -241.94510713364897
[ 5.29177311 -1.72582429  1.8311161   1.87424966  0.81283833  0.58032648] -241.94510687947212
[ 5.29178109 -1.72631585  1.83192923  1.87381521  0.81252402  0.58091423] -241.94510637642625
[ 5.29146885 -1.7255626   1.8308956   1.87426058  0.8128215   0.58037902] -241.94510567377947
[ 5.29152376 -1.72554774  1.83146021  1.87378616  0.81229987  0.58021434] -241.9451073124095
[ 5.29156527 -1.72570733  1.83141285  1.87388583  0.8124755   0.58037023] -241.9451077448962
[ 5.29142203 -1.72560303  1.83096025  1.87414764  0.81273401  0.58027697] -241.94510829189298
[ 5.29157815 -1.72597965  1.83147706  1.87392496  0.81258527  0.58054458] -241.9451076967197
[ 5.29151953 -1.72580854  1.83147232  1.87386397  0.81263129  0.58040193] -241.94511013899154
[ 5.29157416 -1.72573387  1.8310705   1.87414218  0.81274242  0.5802507 ] -241.9451050525377
[ 5.29147687 -1.72576259  1.83116612  1.87394714  0.81255345  0.58045404] -241.9451099681505
[ 5.2915325  -1.72591478  1.83114783  1.87410977  0.81282446  0.58050641] -241.94510712446507
[ 5.29146677 -1.72573725  1.83080991  1.87423815  0.81273076  0.58033394] -241.94511258684298
[ 5.29150634 -1.72579072  1.83130671  1.87395752  0.81265616  0.58038493] -241.94510029667848
[ 5.29151925 -1.72579259  1.83116296  1.87415845  0.81284283  0.5802588 ] -241.9451042859643
[ 5.29160651 -1.72601533  1.83143641  1.87396155  0.81269854  0.58042981] -241.94511164126055
[ 5.29146815 -1.7257061   1.83107929  1.87410112  0.81272514  0.58031518] -241.945107662091
[ 5.29141372 -1.72554752  1.830787    1.87424295  0.81289391  0.58008574] -241.94510615188895
[ 5.29150558 -1.72576821  1.83108735  1.87411407  0.81281029  0.58023866] -241.94511160700085
[ 5.2914775  -1.72572163  1.8310813   1.87410435  0.81274643  0.58029605] -241.945109820601
[ 5.29144077 -1.72571709  1.83116581  1.87399611  0.81265134  0.58027993] -241.94510928660335
[ 5.2915128  -1.72579165  1.83123484  1.87405798  0.81274949  0.58032187] -241.94510203694944
[ 5.29154025 -1.7257623   1.83118861  1.87404985  0.81269929  0.58031782] -241.94510503461282
[ 5.29146003 -1.72566912  1.83104686  1.87410023  0.81277503  0.58023534] -241.94511473777033
[ 5.29151942 -1.72585275  1.83122727  1.87403364  0.81274031  0.58044567] -241.94511242496526
[ 5.29148724 -1.72574841  1.831193    1.87402932  0.81269065  0.58035006] -241.94511071096363
[ 5.29154224 -1.72588519  1.83139189  1.87394124  0.81262071  0.58046476] -241.9451033973493
[ 5.29149047 -1.72571237  1.83126635  1.87397703  0.81261557  0.58026078] -241.94510861087016
[ 5.29152371 -1.72580469  1.83132506  1.87396392  0.8126402   0.58032664] -241.94510661933208
[ 5.29159783 -1.72586522  1.83140535  1.8739864   0.8126758   0.58041233] -241.94511289934337
[ 5.29148004 -1.72575412  1.83122569  1.87399368  0.81265745  0.58031303] -241.9451075790609
[ 5.29154466 -1.72588385  1.83129125  1.87401104  0.81272553  0.5804489 ] -241.9451139250038
[ 5.29150401 -1.72575524  1.83127257  1.87398553  0.81264306  0.58030781] -241.94511329069513
[ 5.29150957 -1.72579118  1.83127078  1.87400775  0.81270282  0.5803534 ] -241.94510844149542
[ 5.29152429 -1.72583795  1.8313493   1.87394938  0.81263843  0.58042484] -241.9451025694938
[ 5.2915233  -1.72577651  1.83124766  1.87400368  0.81267772  0.58035137] -241.94509882230443
[ 5.29151503 -1.7257977   1.83131589  1.87396072  0.81264818  0.58035578] -241.945113060019
[ 5.29149319 -1.72577242  1.8312662   1.8739756   0.81265681  0.58034898] -241.94510873474186
[ 5.2914984  -1.72575154  1.83128653  1.87396727  0.81263586  0.58032286] -241.94511709623575
[ 5.2915255  -1.72583729  1.83129898  1.87398428  0.81269084  0.58041692] -241.94511154536258
[ 5.29151237 -1.72580432  1.83126399  1.87399868  0.81269275  0.58040437] -241.94510221347005
[ 5.29149752 -1.72575375  1.83126923  1.87397993  0.81265072  0.58033905] -241.9451153900678
[ 5.29151851 -1.7258164   1.83129155  1.87398319  0.81268081  0.58039745] -241.945102225322
[ 5.29153827 -1.72583328  1.83131046  1.87399113  0.81269276  0.58042314] -241.94510615840719
[ 5.29153146 -1.72582854  1.83131911  1.87395344  0.81264339  0.58044197] -241.94510217814152
[ 5.29150049 -1.72578487  1.83128231  1.8739575   0.81263699  0.5803785 ] -241.94510403731502
[ 5.29150993 -1.72579697  1.83128935  1.87396591  0.81265094  0.58038966] -241.94510677329495
[ 5.29151482 -1.72578361  1.83127719  1.8739806   0.81266694  0.58036815] -241.94511318405952
[ 5.29152738 -1.72580252  1.83128339  1.87397856  0.81266056  0.58039667] -241.94510265705503
[ 5.29151783 -1.72579041  1.83125582  1.87400118  0.81268524  0.58037787] -241.9451017049314
[ 5.2915209  -1.72579645  1.8312696   1.87399344  0.81267927  0.58037441] -241.94510602980012
[ 5.29152379 -1.72580723  1.83129848  1.87397653  0.81265808  0.58038811] -241.9450981259331
[ 5.29153078 -1.72580489  1.83127906  1.87399741  0.81268524  0.58038726] -241.94509857236267
