 Warning: xe at redshift zero is < 1
 Check input parameters an Reionization_xe
 function in the Reionization module
 Warning: xe at redshift zero is < 1
 Check input parameters an Reionization_xe
 function in the Reionization module
 Warning: xe at redshift zero is < 1
 Check input parameters an Reionization_xe
 function in the Reionization module
 Warning: xe at redshift zero is < 1
 Check input parameters an Reionization_xe
 function in the Reionization module
 Warning: xe at redshift zero is < 1
 Check input parameters an Reionization_xe
 function in the Reionization module
 Warning: xe at redshift zero is < 1
 Check input parameters an Reionization_xe
 function in the Reionization module
 Warning: xe at redshift zero is < 1
 Check input parameters an Reionization_xe
 function in the Reionization module
 Warning: xe at redshift zero is < 1
 Check input parameters an Reionization_xe
 function in the Reionization module
 Warning: xe at redshift zero is < 1
 Check input parameters an Reionization_xe
 function in the Reionization module
 Warning: xe at redshift zero is < 1
 Check input parameters an Reionization_xe
 function in the Reionization module
 Warning: xe at redshift zero is < 1
 Check input parameters an Reionization_xe
 function in the Reionization module
 Warning: xe at redshift zero is < 1
 Check input parameters an Reionization_xe
 function in the Reionization module
 Warning: xe at redshift zero is < 1
 Check input parameters an Reionization_xe
 function in the Reionization module
 Warning: xe at redshift zero is < 1
 Check input parameters an Reionization_xe
 function in the Reionization module
 Warning: xe at redshift zero is < 1
 Check input parameters an Reionization_xe
 function in the Reionization module
 Warning: xe at redshift zero is < 1
 Check input parameters an Reionization_xe
 function in the Reionization module
 Warning: xe at redshift zero is < 1
 Check input parameters an Reionization_xe
 function in the Reionization module
 Warning: xe at redshift zero is < 1
 Check input parameters an Reionization_xe
 function in the Reionization module
 Warning: xe at redshift zero is < 1
 Check input parameters an Reionization_xe
 function in the Reionization module
 Warning: xe at redshift zero is < 1
 Check input parameters an Reionization_xe
 function in the Reionization module
 Warning: xe at redshift zero is < 1
 Check input parameters an Reionization_xe
 function in the Reionization module
 Warning: xe at redshift zero is < 1
 Check input parameters an Reionization_xe
 function in the Reionization module
 Warning: xe at redshift zero is < 1
 Check input parameters an Reionization_xe
 function in the Reionization module
 Warning: xe at redshift zero is < 1
 Check input parameters an Reionization_xe
 function in the Reionization module
 Warning: xe at redshift zero is < 1
 Check input parameters an Reionization_xe
 function in the Reionization module
 Warning: xe at redshift zero is < 1
 Check input parameters an Reionization_xe
 function in the Reionization module
 Warning: xe at redshift zero is < 1
 Check input parameters an Reionization_xe
 function in the Reionization module
[-0.00633008 -0.24659316  0.0924028   0.68958072  0.39674875 -1.2596676 ] -274.9804548049037
[-0.84524765  0.07821123 -0.87669418  0.13745616 -0.95539934 -0.60882008] -289.3222739536318
[ 0.86722814 -0.58436409 -0.76626292  0.66381905  0.85003247 -0.73620937] -272.64550912449937
[-0.71432858  0.12227775 -1.31155261  0.15821628 -2.24030067  0.40738508] -317.4171874194657
[ 1.2291761   0.17352081  0.17553059  0.35853291  0.55394106 -0.69982327] -269.67728849012036
[-0.47520786 -0.05307892 -0.04110524  1.19805755 -1.3342613   1.30411903] -307.33138457372905
[-1.90918802 -0.96906927 -1.40906984  0.19634998  0.76197039  0.57229653] -288.1804185746803
[ 0.33447212 -0.65606888  0.36981968  0.92304917  2.33131135 -0.88342   ] -286.82655116970966
[ 0.36524474 -0.68170887 -0.76365272 -0.20846155  2.64712953 -2.50933363] -280.6676788192298
[ 1.13878198 -1.06630571  0.10961671  0.73683394  3.46911052 -1.22989904] -305.0329990479157
[-0.34924024 -0.20791801 -0.63011646  0.2873006   0.15072812 -0.76408982] -274.72808595183517
[ 2.72270494  0.23469187  0.9016435   0.70825699  1.54799337 -2.85647776] -272.58384989380926
[ 1.27512241  0.21861174 -0.69997142 -0.0900396  -0.28245358 -2.05844715] -270.8505370567382
[ 1.54764235  0.54435859  0.45472808  1.0809451  -1.57479946 -0.28223803] -304.55884859172966
[ 0.66084414 -0.375192   -0.45905752  0.11389011  1.59164728 -1.95255973] -269.4577236312988
[ 2.14160858  0.0663766  -0.58514755 -0.00899403  1.07388082 -1.7628681 ] -267.9422733766144
[ 3.21557792  0.22286147 -0.92392272 -0.35828141  1.41244686 -2.01446834] -274.1887687150198
[ 3.31480168  0.11913298  0.15236135  0.29452121  1.62761902 -2.59137198] -274.5002111696553
[ 2.3987912   0.03737023 -0.0432581   0.29271605  1.25839629 -2.13455144] -269.5138618851549
[ 2.60885431  0.70282383  0.52950942 -0.20569824  1.06443595 -3.08536645] -266.4924078431589
[ 3.4796674   1.3464178   1.1773956  -0.64045689  1.17163769 -4.25994498] -270.16300928875836
[ 0.7154273   0.03981187 -1.26244169 -0.55478792  0.20528924 -1.04139428] -265.438598628805
[-0.28821151 -0.05762813 -2.34448428 -1.18631037 -0.46606282 -0.13385254] -274.1989166242681
[ 1.9764448  -0.00370796  0.15168313  0.08859256  2.19831713 -1.50040727] -276.7823049517036
[ 1.45045301  0.16303181 -0.48705778 -0.04538156  0.3377391  -1.91893718] -266.3995260459927
[ 2.09615008  0.03788664 -0.94468166 -0.4946181   1.28985517 -3.26540245] -266.19043571262114
[ 0.82565461  0.17420935 -1.02636749 -0.69124597  0.59588623 -2.20762463] -262.06893113174647
[ 0.03908632  0.2426289  -1.51792218 -1.18322698  0.26463119 -2.24416122] -263.03436419085426
[ 2.61853849  0.76990537 -0.79967139 -0.78079872 -0.06928511 -2.47463797] -269.2038684831631
[ 2.12911491  0.48363103 -0.71451792 -0.55712652  0.34594799 -2.34411841] -265.3482960131336
[ 1.13360949  0.46742158 -0.71670482 -0.84062541  0.20583707 -2.8580797 ] -262.8358233231506
[ 0.17461549 -0.24749308 -2.24676654 -0.85556358 -0.07091769 -1.45981911] -268.4511477788602
[ 2.00029461  0.46524461 -0.16455957 -0.36816458  0.78059754 -2.67897961] -264.032847186188
[ 1.51629733  0.39303654 -1.12269994 -1.1234746   0.80339864 -2.87959585] -260.9343660004893
[ 1.54921949  0.5080389  -1.44052102 -1.66252112  1.03622842 -3.35992518] -260.3511307813734
[ 0.68829005  0.67489914 -0.83035585 -1.06353907 -0.23325967 -1.56463815] -265.42456223514773
[ 2.05996708  0.88466967 -0.3685672  -1.17295297  0.70512328 -3.96306094] -262.23317807620543
[ 2.54433001  0.3195059  -0.64672349 -0.70067312  1.45646651 -4.23929134] -268.0663278407548
[ 1.15230004  0.58605083 -0.78444776 -0.97282258  0.18917187 -2.23330145] -262.1876718563358
[ 0.7779002   0.54491395 -0.78587136 -1.34565103  0.82500015 -3.42287209] -258.545190275603
[ 0.10229285  0.57555541 -0.82154808 -1.73991328  1.06452623 -3.96224894] -257.64689739774894
[ 0.27405325  0.60007064 -1.55482589 -1.99186253  0.48499349 -3.51576733] -260.2955493636374
[ 0.85421962  0.64211002 -1.28205432 -1.90314741  1.15280611 -3.55589645] -257.64204628750025
[ 0.71452468  0.72945424 -1.56472907 -2.43440842  1.62629063 -3.90480483] -257.8896372592395
[-0.4740538   0.14400872 -1.93468765 -1.814218    0.8027475  -2.31519372] -260.2886243035517
[-0.1085047   0.29528018 -1.90222039 -2.29481353  1.52322412 -4.07225064] -258.18448253221766
[-0.09324571  0.74747861 -1.95225163 -3.11091266  1.42562239 -4.71946946] -258.9392960643499
[-1.36429899  0.49346229 -1.70867497 -2.62243468  1.11507819 -4.02035033] -263.45129816010063
[ 0.82083987  0.50439475 -1.50755951 -1.90249951  1.05594086 -3.52503147] -258.03852607782653
[ 0.09312946  0.36953859 -1.57861464 -2.2633056   1.85662891 -3.86759622] -258.3512701929504
[ 1.03029759  0.90077714 -1.08006187 -2.590646    1.89016871 -5.58563734] -261.1885581349759
[-0.09796595  0.33320082 -1.72103121 -2.008325    1.0746028  -3.13280462] -257.82376043896625
[ 0.64791609  0.15921465 -0.98542442 -0.92642212  1.15028728 -2.65247332] -260.75498066046606
[ 0.09204474  0.60041262 -1.71054483 -2.56479002  1.35678862 -4.20272042] -257.25386362943965
[ 0.46117935  0.61411268 -1.40303814 -1.87452399  0.55266733 -3.61605462] -259.5803574579157
[ 0.18514193  0.43068212 -1.53472051 -2.1661102   1.53063852 -3.80471082] -257.38141619521696
[ 0.76069572  0.73350507 -0.95693243 -1.80011495  0.88854359 -3.32222027] -257.10282880590404
[ 1.19529593  0.95261751 -0.48428845 -1.55276566  0.57120333 -2.94720509] -258.21515066902106
[-0.1886969   0.6007606  -1.16805095 -2.15830078  1.30002776 -3.80183571] -256.7336499333739
[-0.69346528  0.64894353 -0.99829668 -2.28620141  1.42207121 -3.94023783] -257.38399720095686
[ 0.69986527  0.86114112 -0.7702525  -2.10246721  1.35650747 -4.41707292] -257.0790135520631
[ 0.69879728  0.71398177 -1.6526371  -2.49173024  1.46391112 -3.7392366 ] -257.25734661819683
[-0.10493693  0.67138441 -1.31565845 -2.52469039  1.47933292 -4.20670246] -256.37068529594103
[-0.58451521  0.68602161 -1.33246052 -2.83546187  1.64259633 -4.53210547] -257.0608814842216
[ 0.46744779  0.96304642 -0.98997157 -2.38125433  1.08439864 -4.09188531] -256.3584186509112
[ 0.60860072  1.22922857 -0.7175971  -2.4888264   0.86127871 -4.23547255] -257.1110346436056
[-0.12332404  0.76276831 -0.65116648 -2.01880899  1.02462188 -4.2749091 ] -257.7036791347864
[ 0.49326695  0.72617841 -1.40226945 -2.37349993  1.35408881 -3.87315472] -256.5496177720536
[ 0.61716923  0.91825939 -0.49050029 -1.88198584  1.13084445 -3.70157004] -256.2758766795703
[ 0.87973147  1.07718277  0.11952198 -1.54058374  1.01787237 -3.45099485] -257.06728900019993
[-0.09932392  0.84675172 -1.08863531 -2.67395121  1.67985643 -4.70852011] -256.6208811938214
[-0.30488987  0.71431919 -1.38144284 -2.56209361  1.31967553 -3.71081653] -256.2231609432189
[-0.80726744  0.64090822 -1.68703801 -2.79190681  1.30125957 -3.35768834] -257.68211116260784
[ 0.54494131  1.01255257 -1.05477502 -2.64085766  1.38270451 -4.29571402] -255.99598936962073
[ 0.91176042  1.21844856 -0.99813705 -2.8821361   1.42404288 -4.54265317] -256.71986841253425
[ 0.67032341  0.82182841 -1.1229039  -2.11417604  0.9038252  -3.25142758] -256.4727130378354
[ 0.13675137  0.97428506 -0.71614791 -2.32818603  1.07950494 -3.87955059] -255.8215137272643
[-0.04150642  1.09833838 -0.37308715 -2.30552908  0.942213   -3.88274852] -256.39936633514077
[-0.21816245  0.92945393 -0.85992814 -2.65884657  1.58832847 -4.71065207] -256.43866849057383
[ 3.95901799e-03  9.02547553e-01 -9.25672076e-01 -2.52267894e+00
  1.41720265e+00 -4.34584595e+00] -255.96473486520176
[ 0.59339655  1.15695231 -0.53717812 -2.24766175  0.99211065 -3.80175835] -255.78663863167878
[ 0.94256329  1.39973626 -0.14793795 -2.10914743  0.74849952 -3.59928629] -256.47987625979346
[ 0.06299474  0.92992561 -0.71193385 -2.34656694  1.35628227 -3.81986652] -255.27358122675207
[-0.13923178  0.9133652  -0.57291498 -2.32922325  1.49222408 -3.68385713] -255.24569387081328
[-0.33886036  0.97308124 -1.23887669 -2.99491457  1.43029633 -4.20427748] -256.202304850422
[ 0.57187524  1.26327546 -0.30041209 -2.45908046  1.27833885 -4.35951797] -255.5101898732993
[ 0.90942426  1.10124481 -0.13015671 -1.84764812  1.11706556 -3.91780385] -256.5783804862417
[-0.0267892   1.00512213 -0.9616967  -2.70809796  1.35198864 -4.13265907] -255.48614987329375
[-0.16495425  1.05929667 -0.28323227 -2.22411847  1.15441877 -3.77201567] -255.81483945593965
[ 0.31972362  1.22155139 -0.19818861 -2.24277703  1.03232599 -3.53060698] -255.08725482471812
[ 0.47760592  1.38105331  0.16555312 -2.10282607  0.83988766 -3.12298749] -255.40117115094145
[ 0.24792202  1.232236   -0.23505968 -2.40880028  1.35429739 -3.8805878 ] -254.7761725227006
[ 0.30350735  1.36121147  0.00548444 -2.4491074   1.49169362 -3.8811064 ] -254.72080692527095
[ 0.70578151  1.24786266 -0.57173641 -2.58786414  1.39180851 -4.0244863 ] -255.16538747557348
[-0.01510764  1.18051046 -0.32931    -2.67772166  1.68734924 -4.06898627] -254.59747263853754
[-0.31935974  1.19228953 -0.22537594 -2.89275162  2.03496854 -4.20260022] -255.01991429502755
[-0.18924729  1.04659898 -0.57570866 -2.53918336  1.53745784 -3.41438274] -254.52850139902375
[-0.56980855  0.93826074 -0.71335695 -2.57923481  1.66701733 -2.94181513] -255.08004096435224
[ 0.35526446  1.31857792  0.21423862 -2.23386099  1.52563112 -3.4018162 ] -255.1294893415202
[ 0.63253912  1.54540575  0.08784144 -2.58094828  1.39653136 -3.7566045 ] -254.35379329158212
[ 1.01842457  1.86142603  0.41821964 -2.7068108   1.34868501 -3.79297819] -254.78908354823272
[-0.2368883   1.31008933  0.30652215 -2.32000209  1.49852121 -3.3266814 ] -255.10383105361018
[-0.08375551  1.23654454 -0.4486917  -2.70271895  1.35566197 -3.92430657] -254.63286537689117
[ 0.55944152  1.2205182  -0.79271319 -2.74415013  1.33515213 -4.19864975] -255.3384455529057
[-0.03780584  1.28769655  0.03171332 -2.4260391   1.45767894 -3.54467349] -254.50663598798303
[-0.11634689  1.33110453 -0.21136844 -2.88246256  1.94313167 -3.99941301] -254.6518293726169
[-0.24008203  1.1814088  -0.48732579 -2.8205839   1.63424339 -3.68834912] -254.01193691556884
[-0.51187672  1.09150747 -0.73373091 -3.00632216  1.70551828 -3.59197049] -254.08415223591237
[ 0.13852716  1.16161717 -0.36245869 -2.36660253  1.07984258 -3.46635455] -254.86226446387374
[-0.05262838  1.28873269 -0.249141   -2.75349755  1.7273094  -3.8661484 ] -254.2866770742956
[ 0.11631149  1.2735732  -0.05861853 -2.56327233  1.79119476 -3.52207494] -254.82742744948285
[-0.03373876  1.24580171 -0.35117341 -2.6678573   1.46454517 -3.82374866] -254.27636335163396
[ 0.04145325  1.35137104 -0.18528804 -2.5849815   1.38523946 -3.29564937] -253.93108879039139
[ 0.06973369  1.43680133 -0.11327706 -2.53861142  1.23418456 -2.90898093] -253.97794732157095
[ 0.29249307  1.5868732   0.19125083 -2.73878586  1.4843914  -3.9106751 ] -254.0145481151614
[ 0.25115127  1.44550118 -0.36299198 -2.95617903  1.57307445 -3.9023849 ] -253.83406031059604
[ 0.39562983  1.52440349 -0.56034462 -3.22124899  1.6307722  -4.0812406 ] -254.10221484786578
[-0.54632298  1.15449045 -0.5693979  -2.92634677  1.69306972 -3.73904735] -254.41406307287534
[ 0.3378236   1.44767693 -0.0764684  -2.6672979   1.47066595 -3.75221521] -254.027854676028
[ 0.26899518  1.46414493 -0.17485792 -2.72506428  1.27674388 -3.59152573] -253.87847246959578
[ 0.35101687  1.57985698 -0.01405369 -2.82977352  1.47690768 -3.55651782] -253.53173376200505
[ 0.54339468  1.74688462  0.15450617 -2.91073164  1.48308893 -3.4229024 ] -253.45269692844653
[ 0.04797821  1.47771766 -0.21176718 -2.9114775   1.47492788 -3.51828033] -253.40137574552
[-0.09694449  1.49273803 -0.27941657 -3.0335673   1.47705885 -3.40131288] -253.26772497616616
[-0.03650379  1.307143   -0.63637554 -2.93825003  1.45875825 -3.19003303] -253.45138466018753
[ 0.56393073  1.7545188  -0.00748216 -2.89567402  1.25041121 -3.24625365] -253.51361851133754
[ 0.45655461  1.71893915 -0.25025129 -3.23484059  1.4544724  -3.62248816] -253.3524614566091
[ 0.2915325   1.69109666 -0.28581253 -3.26468326  1.62221082 -3.33693261] -252.90773291476498
[ 0.30280116  1.80457252 -0.34128984 -3.53449274  1.79494429 -3.20963605] -252.76199475641928
[ 0.32659304  1.82943086 -0.09044443 -3.22633975  1.39983686 -2.79515716] -252.69704040883855
[ 0.36431392  2.0213957   0.04582934 -3.36142011  1.31321807 -2.24154329] -252.75519259212075
[-0.06529899  1.54538393 -0.47360834 -3.39706666  1.77230865 -3.30092292] -252.6726511332033
[-0.37991386  1.4408165  -0.70667142 -3.64776299  2.03325737 -3.32825755] -252.75824621736092
[-0.24766083  1.48585121 -0.84496818 -3.54412072  1.6360375  -3.08361434] -253.175362173488
[ 0.26185195  1.98516223 -0.12361734 -3.71855923  1.71946126 -3.2810108 ] -252.52756008371122
[ 0.41102982  2.32417185  0.13276176 -4.10871383  1.84981277 -3.32649969] -252.81783396220064
[-0.29610733  1.66210711 -0.46753027 -3.58320821  1.81207674 -2.7347299 ] -252.3800957716277
[-0.67243831  1.6336911  -0.57616976 -3.75739202  1.99087891 -2.29085077] -252.67979567536193
[ 0.19100415  1.9447646  -0.50106957 -3.96769514  1.90116292 -2.73371084] -252.39672151750673
[ 0.48794215  2.10462254  0.17911491 -3.59833319  1.8305594  -2.93477489] -252.81990125759788
[ 0.30404141  1.94992971 -0.07690586 -3.58478007  1.78192893 -2.97198475] -252.4548676147776
[-0.06210642  1.83435362 -0.23643543 -3.62472361  1.66731416 -2.72953607] -252.18677336847247
[-0.24456021  1.84924417 -0.18400822 -3.66983904  1.6034991  -2.48948607] -252.35367728800108
[-0.21546478  1.81113621 -0.5359445  -4.06567123  2.15158069 -3.12214126] -252.3091344041639
[ 0.12637198  2.18376723 -0.17355932 -4.1178125   1.90553292 -2.55678162] -252.17761162486192
[ 0.22220747  2.50295888 -0.02353481 -4.47818542  1.97214506 -2.18471098] -252.6146798780445
[-0.24593895  1.81019059 -0.54019764 -3.92940436  2.02040419 -2.33528401] -252.17920907318336
[-0.47145519  1.79884341 -0.74133972 -4.17805827  2.03742828 -2.43207648] -252.51724742374128
[ 0.11016726  1.91215813 -0.24301432 -3.73309962  1.84580377 -2.83700768] -252.2035011844531
[-0.38536356  1.79313971 -0.23115759 -3.7169447   1.89974124 -2.70478267] -252.16986093598706
[-0.67354742  1.71732726 -0.09620161 -3.59156948  1.89903039 -2.69031859] -252.621756955853
[ 0.07199584  2.11947472 -0.185906   -4.14601046  2.01804892 -2.69378121] -252.0558729029986
[ 0.25604743  2.34815852 -0.04509386 -4.42741159  2.12103501 -2.67330687] -252.37841171903727
[ 8.71734971e-02  2.07322513e+00 -8.12269010e-04 -3.69032719e+00
  1.63403437e+00 -2.16358316e+00] -252.22811514271692
[ 0.01151393  2.0077029  -0.13459533 -3.7841632   1.76342095 -2.40322268] -252.0610588075737
[-0.27134299  2.00405145 -0.25760278 -4.03991999  1.91235036 -2.30412174] -252.03826811021477
[-0.46209811  2.04999811 -0.26489701 -4.19333017  1.94562366 -2.03767877] -252.31338724569753
[-0.16881483  2.13842191 -0.27123746 -4.28669479  2.1725187  -2.26978858] -252.07856457648347
[ 0.04072574  2.27199538  0.12217815 -4.10111086  1.8701335  -2.64220883] -252.0698535167533
[-0.36013394  1.92782812 -0.14588102 -3.9071355   1.97320497 -2.44918695] -251.9532342476905
[-0.6033869   1.79985857 -0.13204186 -3.801797    2.007041   -2.39538961] -252.18983423322385
[ 0.16001148  2.36335179 -0.05985722 -4.37140023  2.00348457 -2.21598732] -252.27785056267513
[-0.2490198   1.93569273 -0.1883325  -3.88055858  1.92567707 -2.58258384] -251.98314689410907
[-0.08327224  1.95049319  0.00785763 -3.66627141  1.64842656 -2.7552465 ] -252.15053129804272
[-0.14742918  2.09143973 -0.20146368 -4.13158895  2.04149566 -2.39115306] -251.9691006859799
[-0.35553112  1.75673451 -0.49343858 -3.8620147   2.00793247 -2.299141  ] -252.165370644114
[-0.05833847  2.14318016 -0.03172603 -4.04133682  1.90458325 -2.55644187] -251.95413162886436
[-0.34960344  2.06618608 -0.20237534 -4.2646869   2.16169912 -2.5892002 ] -251.9299580694121
[-0.53016213  2.09542766 -0.23626535 -4.50494875  2.36083821 -2.68218896] -252.08010518113517
[-0.55061845  1.93665137 -0.15655445 -3.94239845  1.95495456 -2.26378134] -252.21512109254797
[-0.08365773  2.07376888 -0.17856811 -4.09510746  2.00227533 -2.58628124] -251.94167617917847
[-0.14471787  2.07531378 -0.05851278 -4.06688475  2.09062811 -2.74749398] -251.93456874900855
[-0.13227374  2.19021286 -0.08450983 -4.28835488  2.13228508 -2.52400193] -251.9113553493186
[-0.07390072  2.31747292 -0.03259849 -4.49225302  2.23558908 -2.49471098] -252.0311844249768
[-0.22881255  2.06739023 -0.03239402 -4.08957982  2.04672962 -2.75971567] -251.86557544332356
[-0.26950424  2.05536548  0.05214081 -4.06857526  2.0493466  -2.94399697] -251.89758805626627
[-0.37472795  1.99038649 -0.20235433 -4.19591295  2.23102416 -2.66218479] -251.88848529767372
[-0.07779716  2.22659131 -0.10702379 -4.42637342  2.24834217 -2.84043899] -252.09349424329542
[-0.28954974  2.00251892 -0.13616671 -4.03694498  2.04198927 -2.54699996] -251.87925180307676
[-0.42290404  2.05690057 -0.06020289 -4.21901397  2.23250979 -2.69025094] -251.87852266563678
[-0.45457262  2.04921793 -0.18082159 -4.29794642  2.19145091 -2.50995718] -251.90674819990653
[-0.28467677  2.05268959 -0.02977445 -4.11123077  2.13029715 -2.64183662] -251.81529707224405
[-0.25221344  2.04594135  0.056526   -4.03450271  2.11459617 -2.66815483] -251.81235326126415
[-0.54198637  1.88057231 -0.10062802 -4.00294541  2.1538149  -2.75508585] -251.96697018658412
[-0.2347019   2.11280272 -0.08853938 -4.21700251  2.13766753 -2.58177291] -251.85472436312608
[-0.14639726  2.04276216  0.02644448 -3.96637256  2.07672127 -2.79306918] -251.9383466929903
[-0.37752878  2.04760399 -0.12900507 -4.21505295  2.1627685  -2.58073518] -251.85066802357855
[-0.22717553  2.1206661   0.07242698 -4.07478603  2.01439613 -2.61369171] -251.8355233058899
[-0.29156234  2.14791607  0.07577058 -4.24636768  2.19423331 -2.75110712] -251.81925392282693
[-0.11442748  2.12387292  0.04513126 -4.0734166   1.99095396 -2.62814153] -251.80691478567547
[ 0.0398108   2.15735909  0.09779833 -4.00061791  1.87017605 -2.59708683] -251.87235186285304
[-0.2703906   2.13221082  0.04316414 -4.197463    2.15814225 -2.51481876] -251.78116899056056
[-0.29117963  2.16462112  0.08094322 -4.25140459  2.21384856 -2.3923703 ] -251.78664517497805
[-0.27639749  2.0932677   0.14321067 -4.06352715  2.07402924 -2.67044346] -251.76897986817767
[-0.29724528  2.08350018  0.25908569 -3.98678947  2.0422101  -2.71477873] -251.77641017014483
[-0.09986018  2.17368766  0.27441495 -4.0149681   2.01934852 -2.70138395] -251.82498768549965
[-0.20777498  2.1182994   0.14031222 -4.13529572  2.16937169 -2.69765818] -251.7705115596402
[-0.37106193  2.04681509 -0.10637666 -4.23522285  2.21442702 -2.60872401] -251.80916066184218
[-0.20585963  2.03888636  0.03155196 -4.00010833  2.04627347 -2.5115398 ] -251.7734755120313
[-0.22975726  2.13850941  0.04247186 -4.20050851  2.10313637 -2.54228709] -251.75197134652254
[-0.21852917  2.18479344  0.0354448  -4.28351141  2.09740648 -2.47935322] -251.78039708601887
[-0.06380722  2.16820045  0.2549907  -3.98821692  1.96620864 -2.57957227] -251.79908355704643
[-0.30356825  2.10591846  0.17343593 -4.12162327  2.18143326 -2.54396498] -251.75321282745168
[-0.43410885  2.04083027 -0.06360843 -4.25129174  2.27792012 -2.58066516] -251.79813116324308
[-0.34153344  2.07267281  0.01604135 -4.18552303  2.19999225 -2.58039193] -251.7604247075325
[-0.25123975  2.05697389  0.13917719 -4.03806567  2.09993651 -2.66727639] -251.72333047183216
[-0.24166432  2.01935543  0.18718372 -3.958367    2.07083364 -2.74350521] -251.72014636414673
[-0.32770561  2.14378804  0.20266662 -4.22150657  2.21999202 -2.74787715] -251.7422377057889
[-0.36576715  2.07287122  0.11469116 -4.11505613  2.11376724 -2.57849843] -251.73039809438725
[-0.32693452  2.09110409  0.10228621 -4.20400102  2.22235568 -2.5750648 ] -251.6875129814714
[-0.35220304  2.09002229  0.08182398 -4.27423796  2.2965189  -2.52737547] -251.67059616750342
[-0.2653551   2.11748214  0.25138308 -4.11157678  2.12856823 -2.64744417] -251.66224368485172
[-0.22726593  2.1398868   0.36905394 -4.07460365  2.09285622 -2.68097029] -251.6420884712841
[-0.27788619  2.09555927  0.1591945  -4.15980333  2.11760154 -2.72953956] -251.65644018809914
[-0.36774015  2.04865161  0.32906611 -4.0673497   2.20072014 -2.79363495] -251.6796089056259
[-0.28313665  2.01166083  0.21100451 -3.99496602  2.07744054 -2.60329749] -251.59588015561755
[-0.26085217  1.94559722  0.21517346 -3.88169575  2.0061648  -2.53100766] -251.56748866421646
[-0.21010345  2.04015299  0.33247407 -4.02362967  2.14779784 -2.75684595] -251.5838955497984
[-0.32368599  2.1006013   0.30841164 -4.20207302  2.21638618 -2.59628609] -251.49837939420638
[-0.36469683  2.14122423  0.3690256  -4.32392603  2.28916244 -2.52267653] -251.42012870007943
[-0.19659572  2.10216266  0.17984908 -4.17861576  2.11598044 -2.45583688] -251.50451868803398
[-0.16026372  2.06483877  0.45976623 -3.93985344  1.96000219 -2.69825016] -251.49626808241524
[-0.19537308  2.04906162  0.4825863  -3.98097143  2.08638644 -2.48565627] -251.4531829649228
[-0.23536239  1.97445903  0.31057097 -4.03496038  2.10897517 -2.46912086] -251.3087502253413
[-0.23941062  1.89174515  0.28132949 -4.01513874  2.11703465 -2.36319614] -251.17869795878525
[-0.26229393  2.02472356  0.33010265 -4.08310405  2.04377915 -2.26202859] -251.3028437188755
[-0.2120258   2.14565477  0.48571299 -4.29217407  2.1979503  -2.39820719] -251.2245561328764
[-0.28142561  2.0035867   0.62299201 -4.03310683  2.11545795 -2.45416808] -251.18547424482662
[-0.3581449   2.02049325  0.39748344 -4.30295361  2.32325478 -2.13039411] -251.16766821160928
[-0.4570855   1.99832049  0.36634205 -4.4845037   2.50488108 -1.84646609] -251.20106050451128
[-0.37729281  2.0267476   0.34629576 -4.36916301  2.27582665 -2.22456728] -251.0446096602494
[-0.46825268  2.0155906   0.27815049 -4.56325879  2.37054676 -2.09402279] -250.9845572184057
[-0.24248768  1.89270711  0.42956476 -4.105986    2.10017875 -2.04466243] -250.90999976681812
[-0.18138311  1.76844855  0.45983434 -3.99701598  2.00568691 -1.80565538] -250.81237162615872
[-0.31792031  1.92378278  0.51173161 -4.31811196  2.33286464 -2.15318597] -250.76860819131363
[-0.34573351  1.87331239  0.60254609 -4.43561592  2.47740738 -2.09876466] -250.58454996239027
[-0.41275768  1.71207077  0.39506563 -4.15685589  2.27184584 -1.9171932 ] -250.7237923189728
[-0.38713522  1.75696686  0.18181116 -4.45717282  2.40646749 -1.68224068] -250.71729534975478
[-0.47839174  1.82388232  0.49030089 -4.6224856   2.5013684  -1.54622747] -250.48214081810667
[-0.59788231  1.78995091  0.59478659 -4.92615902  2.69353528 -1.13774314] -256.1324599267814
[-0.39973974  1.62959725  0.40508609 -4.44118139  2.35451947 -1.58430728] -250.24261905214695
[-0.42053716  1.43414925  0.40888742 -4.51029528  2.37015182 -1.31126387] -249.99437523168507
[-0.2737268   1.44068612  0.56799802 -4.1632217   2.30709586 -1.35975896] -250.47256665342843
[-0.59137759  1.57857402  0.42236873 -4.78486642  2.77242535 -1.49949423] -250.18930498582486
[-0.419543    1.59045289  0.49623847 -4.83436335  2.67312626 -1.24872343] -249.95190873199934
[-0.42293566  1.52964394  0.54682488 -5.17311709  2.87376647 -0.91448854] -276.74808012012744
[-0.45596805  1.49005214  0.81430205 -4.6597766   2.62739087 -1.3391702 ] -249.7059050284293
[-0.49038446  1.35659477  1.13054749 -4.7610785   2.73785256 -1.16763495] -249.57046344277063
[-0.54558675  1.2014674   0.56956758 -4.78982103  2.64326604 -0.61226964] -252.5960781827326
[-0.39569682  1.70535114  0.59430146 -4.5241672   2.51887204 -1.72714091] -250.20548377479238
[-0.38536353  1.21138707  0.71647963 -4.57017855  2.62513956 -1.22511131] -249.55866813665935
[-0.33884943  0.90513945  0.829569   -4.54402503  2.68702514 -1.06455324] -249.34819168691666
[-0.61173602  1.41606772  0.72597284 -5.15637689  2.9460552  -1.31317791] -297.7840998018811
[-0.35822911  1.43453152  0.60749172 -4.4115105   2.46683569 -1.3481137 ] -250.0710797544828
[-0.47727676  1.06112949  0.70406615 -4.75787916  2.71693356 -0.81945357] -250.29455463476373
[-0.4160918   1.54429573  0.62174263 -4.58259519  2.56838742 -1.50021907] -249.91769140214166
[-0.22316739  1.17648051  0.94245685 -4.42975619  2.39536761 -1.04734185] -249.60308678268868
[-0.41129531  1.23450601  0.8689889  -4.80919401  2.67713458 -1.09846511] -250.12502651069605
[-0.37149566  1.38452514  0.67286602 -4.51093138  2.51941041 -1.28570155] -249.82936297813157
[-0.33264008  1.21834691  1.15558607 -4.71062127  2.82357132 -1.12679416] -251.223015195286
[-0.39856289  1.38019867  0.59556208 -4.56037678  2.48350669 -1.26514644] -249.7458242313992
[-0.32664088  0.99195854  1.10134289 -4.29522433  2.45739036 -1.19480894] -249.40208756426767
[-0.30027509  0.8540033   1.13570548 -4.45120221  2.52513017 -0.84150992] -249.3955195316808
[-0.32113106  0.83693327  1.23886191 -4.5029563   2.57601376 -0.90796357] -249.17577841871068
[-0.29594875  0.56313733  1.52185986 -4.49896877  2.60431544 -0.71909457] -249.1174064865617
[-0.25985911  0.56890596  1.62493178 -4.43304157  2.65218707 -0.74650139] -249.49084587593526
[-0.44748518  0.57009927  1.50552866 -4.56475727  2.82593264 -0.86402582] -249.03330117625805
[-0.55964408  0.26690865  1.78706456 -4.63225781  3.04121515 -0.7723678 ] -253.19945840167924
[-0.16596836  0.12781984  1.44243173 -4.16799457  2.51280771 -0.64252967] -249.72289164780818
[-0.40928043  1.04940104  1.20851855 -4.61280751  2.68159135 -1.03635863] -249.07815764934892
[-0.44630081  1.07567367  0.80924304 -4.55595347  2.60827463 -1.16028232] -249.24395180795258
[-0.41940569  0.68052615  1.2354653  -4.78068042  2.8533661  -0.70046589] -253.06611193028573
[-0.34983208  0.91410044  1.13487349 -4.41658836  2.55638429 -1.07122318] -249.28373101592345
[-0.46229047  0.83851377  1.20082539 -4.61316459  2.79604433 -1.130336  ] -249.0108364383132
[-0.54329816  0.83076901  1.23338535 -4.69414578  2.93150141 -1.27474904] -249.9329521411558
[-0.46486315  0.76516906  1.63071399 -4.54338829  2.67048908 -0.92922027] -249.65969969873962
[-0.37035286  0.87014685  1.02985525 -4.54386585  2.68289113 -1.03072   ] -249.22052072456955
[-0.46072076  0.74155687  1.29040342 -4.7132508   2.84329888 -0.90904927] -250.26181724087525
[-0.37755425  0.87096455  1.17375598 -4.49075397  2.62811294 -1.0306797 ] -249.1725044775387
[-0.3413365   0.51174726  1.7375382  -4.55215251  2.79802131 -0.77678925] -250.44542461413673
[-0.42005974  0.93469207  1.04131683 -4.55500323  2.6557113  -1.06440906] -249.1833730835048
[-0.43385342  0.73878916  1.5207465  -4.5679526   2.71434487 -0.91758126] -249.55061852041206
[-0.386228    0.83730743  1.15257806 -4.54988753  2.69075456 -1.00243531] -249.08916796636174
[-0.37286929  0.64178239  1.54637201 -4.55510998  2.75320578 -0.86323429] -250.65798774122277
[-0.40826212  0.86146465  1.16758062 -4.55502992  2.68008492 -1.01411536] -249.01009577428303
[-0.42561074  0.70234328  1.41187441 -4.64078457  2.79812814 -0.8914422 ] -248.77307450837702
[-0.44963898  0.61803265  1.53093362 -4.71579987  2.88313574 -0.82182345] -251.37815009944353
[-0.55043689  1.05657248  1.0271087  -4.6798417   2.88652987 -1.26047653] -248.93857048394796
[-0.51489395  0.85549074  1.35456738 -4.67224099  2.86534919 -1.06314954] -249.22909079698422
[-0.41839448  0.84185326  1.20307539 -4.5804759   2.73440322 -1.01761387] -248.86643282392416
[-0.49487953  0.57421453  1.2968125  -4.5985438   2.89211635 -1.02297796] -248.55343623682558
[-0.53767908  0.33662128  1.34095948 -4.59141195  2.99737886 -1.01628762] -249.215240986984
[-0.4724729   1.05488805  0.93023035 -4.65785622  2.76983631 -1.24829482] -249.21004727191544
[-0.45373211  0.69129647  1.36170408 -4.58803201  2.81190855 -0.96009307] -249.00955796448244
[-0.45481483  0.73740112  1.28855984 -4.60107138  2.80501269 -0.925237  ] -249.06476200869207
[-0.46042156  0.81323561  1.22275901 -4.61014129  2.79828642 -1.07906125] -249.01907381900747
[-0.46024513  0.63827891  1.35434346 -4.61966418  2.84512225 -0.95721008] -248.65302075775557
[-0.45663701  0.70803389  1.24994395 -4.58950985  2.81325979 -1.02029591] -249.04740340095685
[-0.52265821  0.81539351  1.1619606  -4.63919275  2.88932311 -1.14172725] -248.69374727937068
[-0.47430582  0.6327555   1.32925829 -4.59328791  2.85201245 -0.99153551] -248.66455850315967
[-0.45157083  0.71783959  1.23219656 -4.57678686  2.78610064 -1.01854666] -249.39859453220512
[-0.478585    0.70636415  1.24881895 -4.6058542   2.84408034 -1.07665698] -248.64919347717571
[-0.51086607  0.64050724  1.31484935 -4.63856404  2.92587079 -1.0515879 ] -248.9396902975467
[-0.52387625  0.62780405  1.3187371  -4.64219244  2.93624865 -1.06026931] -249.19887726726594
[-0.47344682  0.68797643  1.26714224 -4.6026805   2.844007   -1.03028926] -248.6950207276283
[-0.4571741   0.71115377  1.23792933 -4.58117708  2.79634971 -1.02187778] -249.19789252329912
[-0.49744308  0.65816887  1.29561935 -4.6242173   2.89349052 -1.04416037] -248.6594512499375
[-0.50259211  0.65374872  1.29512881 -4.62423955  2.89470801 -1.04780012] -248.68999381904462
[-0.44669201  0.47245005  1.44469985 -4.58274289  2.85118686 -0.90505309] -248.58970635199486
[-0.44812475  0.57366195  1.36138865 -4.58386388  2.83129492 -0.95139788] -248.7222597380712
[-0.48897527  0.63372703  1.31169377 -4.61414563  2.87885474 -1.02369956] -248.60851343239378
[-0.48130086  0.59497902  1.32140433 -4.62176809  2.8829379  -1.01838383] -248.66793731347994
[-0.47605458  0.62331138  1.3272948  -4.60040795  2.85974382 -0.99824759] -248.60439342079394
[-0.4510341   0.55794648  1.36560176 -4.58290226  2.83021093 -0.95045472] -248.6722196176798
[-0.48584083  0.63311327  1.31311495 -4.61388854  2.87767062 -1.02073396] -248.60151595116744
[-0.49676394  0.57611457  1.29313482 -4.58553015  2.88942866 -1.05857964] -248.51595083798313
[-0.51502335  0.54503239  1.2625305  -4.56846314  2.91158187 -1.10926441] -248.4762225478961
[-0.49057019  0.45425207  1.40322985 -4.58687646  2.91297108 -0.95000188] -248.61078667838953
[-0.48757389  0.51728009  1.36462712 -4.59162089  2.8957484  -0.98166566] -248.5619000965782
[-0.4797128   0.48807354  1.35799947 -4.57107677  2.88382791 -0.988948  ] -248.52968704933113
[-0.49385289  0.45340992  1.35263333 -4.57503739  2.91096686 -1.0113001 ] -248.4809091764157
[-0.48673732  0.3837069   1.37998598 -4.54860643  2.90413879 -0.98566912] -248.47578625956086
[-0.48718557  0.25900372  1.41342149 -4.51596537  2.91737288 -0.9681367 ] -248.49311098925872
[-0.53923458  0.51478907  1.22682979 -4.56837325  2.9482732  -1.12822199] -248.42878728618527
[-0.58550586  0.53595858  1.11789476 -4.56118843  2.99681636 -1.23980643] -248.40261469746005
[-0.53099669  0.4761852   1.22465839 -4.5493511   2.93740099 -1.13765635] -248.4283020902222
[-0.53573011  0.38657432  1.26842164 -4.52603061  2.95612791 -1.13457018] -248.4060861985334
[-0.56956928  0.43888223  1.1773754  -4.53848226  2.98851635 -1.21714087] -248.33389704210953
[-0.61449752  0.41428657  1.08706336 -4.522185    3.04086058 -1.3312373 ] -248.284740552608
[-0.59564406  0.46050474  1.09421821 -4.51690417  3.00467531 -1.3014345 ] -248.4274301403555
[-0.60134717  0.34070638  1.12821694 -4.50629211  3.03509144 -1.26752688] -248.2891881910048
[-0.66783648  0.48769836  0.92683846 -4.51204404  3.0861854  -1.48507476] -248.36430953278665
[-0.66919038  0.39905778  0.98289273 -4.49886369  3.10251801 -1.44889367] -248.29515198379403
[-0.62905845  0.39425592  1.07622442 -4.52529712  3.06785792 -1.33426858] -248.30571310735363
[-0.72008185  0.47074688  0.83795524 -4.51592618  3.15364867 -1.56769903] -248.43063215507226
[-0.58181804  0.40761746  1.16080504 -4.52350451  3.0055081  -1.24285239] -248.32442285109727
[-0.66907681  0.27858224  1.00278556 -4.46820706  3.11585745 -1.46347809] -248.25729934126798
[-0.71086229  0.14989407  0.94523096 -4.42171638  3.17537799 -1.57531392] -248.29976515341673
[-0.58715964  0.25713709  1.21915756 -4.50273912  3.0363791  -1.21101087] -248.25338293108084
[-0.54682123  0.14185645  1.36531711 -4.49808665  3.01147595 -1.07397892] -248.31034020556928
[-0.67495862  0.28705787  1.00464181 -4.48435686  3.12734674 -1.4426194 ] -248.2389860706164
[-0.7215289   0.22677808  0.92656019 -4.46478304  3.18826606 -1.54250291] -248.26473290983913
[-0.64301827  0.26468672  1.06536157 -4.46891749  3.08482651 -1.38732016] -248.2812482380267
[-0.5941623   0.21509451  1.18618287 -4.48536885  3.04426926 -1.25217057] -248.2275621847594
[-0.55664827  0.12311287  1.28782794 -4.47862143  3.01514488 -1.15380902] -248.2458596423249
[-0.65961055  0.23157529  1.06018063 -4.47096602  3.11475511 -1.42841859] -248.19274834159248
[-0.68874223  0.17700974  1.02616248 -4.45330298  3.15458694 -1.50886444] -248.1686303341987
[-0.67120844  0.07890282  1.08103392 -4.43211246  3.14689476 -1.42391721] -248.17869957360605
[-0.65208442  0.1665747   1.10795983 -4.47311162  3.12361823 -1.38003337] -248.19231653824488
[-0.62036174  0.11534334  1.20559393 -4.4754569   3.09517423 -1.27606053] -248.21633336726285
[-0.71334627  0.0895239   0.98470072 -4.43183077  3.19425095 -1.55021097] -248.1703167091833
[-0.63834318 -0.00624153  1.19256944 -4.43270433  3.12558472 -1.35446629] -248.13034838182284
[-0.62003547 -0.15289123  1.28653326 -4.40687807  3.12470371 -1.31038973] -248.13543149556725
[-0.73386646 -0.00805685  1.01315724 -4.41413749  3.23576735 -1.5790137 ] -248.18071203137262
[-0.74550193  0.05056093  0.92960061 -4.40360965  3.23172676 -1.65610813] -248.20378762759503
[-0.71421688  0.06675653  0.99859894 -4.42157146  3.19758863 -1.56109623] -248.1612236950642
[-0.73449007 -0.03394316  0.99078109 -4.38877488  3.22793955 -1.61248958] -248.17697300965193
[-0.6529159   0.13205962  1.07812496 -4.4392948   3.11318117 -1.42466787] -248.22778086001546
[-0.71362882  0.02697227  1.02939917 -4.42042682  3.20512081 -1.54042724] -248.1510504680333
[-0.72971404  0.02778976  0.99303669 -4.41742462  3.22146244 -1.61860104] -248.15531699290972
[-0.66484041  0.16121339  1.0840414  -4.47031211  3.13825861 -1.43206582] -248.19071991220792
[-0.71707765  0.01484597  1.01409616 -4.40915919  3.20551932 -1.56738364] -248.15113487633283
[-0.687228    0.01285368  1.09992024 -4.41969903  3.17570333 -1.50006866] -248.11810135411602
[-0.67416886 -0.02548143  1.15753    -4.41363316  3.16642952 -1.4749975 ] -248.10210322390563
[-0.70697425 -0.14212922  1.10224766 -4.38500355  3.21931487 -1.53012621] -248.11895321054726
[-0.67908539 -0.10150459  1.16436077 -4.40454576  3.18355526 -1.46757108] -248.10484692426616
[-0.64671201 -0.10563594  1.22703104 -4.40439965  3.14704572 -1.35972295] -248.14038484276605
[-0.63589318 -0.13285279  1.27694986 -4.41107857  3.14349765 -1.34172012] -248.1227047253284
[-0.61343014 -0.1982541   1.34416375 -4.39669486  3.12335511 -1.30244081] -248.14328559879903
[-0.63847981 -0.14194751  1.26547261 -4.40262785  3.14379653 -1.36193742] -248.11747276506048
[-0.67760289 -0.07774975  1.15934574 -4.41213143  3.18034713 -1.48388326] -248.10010099716814
[-0.69304832 -0.06380665  1.12550308 -4.41599732  3.19699783 -1.54596341] -248.12029549113913
[-0.69905828 -0.20098023  1.18273277 -4.37696911  3.22006227 -1.5322789 ] -248.09747260678793
[-0.72941583 -0.29834959  1.17781443 -4.3491015   3.26730104 -1.62118521] -248.1172830165718
[-0.72256331 -0.09707812  1.06694665 -4.38722505  3.22767088 -1.60854467] -248.11268533253337
[-0.6566786  -0.07278466  1.22988185 -4.41404057  3.154639   -1.44627807] -248.08254190032642
[-0.63153077 -0.03811238  1.29369894 -4.42855908  3.12230106 -1.404354  ] -248.0806341092325
[-0.72285669 -0.03835466  1.07606568 -4.40506002  3.22299217 -1.62860572] -248.1142061640356
[-0.70176247 -0.06425287  1.12341741 -4.40445197  3.20319326 -1.56193864] -248.0949366538666
[-0.63183958 -0.0722823   1.29341522 -4.42620512  3.13095862 -1.36646312] -248.10834616986116
[-0.65452051 -0.07848125  1.23679808 -4.4164601   3.15513669 -1.42698351] -248.09333716437166
[-0.6671292  -0.06018139  1.22014688 -4.41285585  3.16560138 -1.49390753] -248.06950957321206
[-0.66115111 -0.03951978  1.24803994 -4.4170109   3.15662444 -1.50707575] -248.05553823593786
[-0.66770648 -0.14088399  1.25714763 -4.40489437  3.17945876 -1.49717385] -248.09042643954555
[-0.66097365 -0.10966042  1.28793252 -4.40398375  3.16524503 -1.49271829] -248.05850165155292
[-0.62682338  0.04401     1.29961207 -4.44815095  3.10725748 -1.43113578] -248.07834968356423
[-0.5991395  -0.05662974  1.41765898 -4.43523441  3.09214789 -1.35787508] -248.08798286184094
[-0.62792112 -0.03511752  1.36456528 -4.42948438  3.1192082  -1.46979407] -248.04659274314022
[-0.61462142 -0.01343565  1.42844888 -4.43599652  3.10124395 -1.49119935] -248.03246578964604
[-0.59704013  0.069768    1.40131615 -4.4514175   3.06881452 -1.39761223] -248.06708985208974
[-0.66490733  0.02764633  1.23535718 -4.42647182  3.1483476  -1.55015672] -248.04588476756408
[-0.64364157  0.03104854  1.33986997 -4.4324514   3.12687661 -1.55227871] -248.02011134300835
[-0.64969697  0.06562899  1.36295548 -4.43439756  3.12916439 -1.62624107] -248.0012555086546
[-0.65597349 -0.04386751  1.35507131 -4.40827507  3.1492225  -1.59053203] -248.00692843480456
[-0.70540119 -0.10750401  1.23795229 -4.39062771  3.21446812 -1.68836217] -248.04051025497688
[-0.65627685  0.07264321  1.33467584 -4.43360944  3.1344453  -1.65847074] -247.99661134595303
[-0.65392845  0.16379502  1.3580475  -4.44842229  3.11904544 -1.74134696] -247.99025287211498
[-0.65369184  0.07027417  1.41123761 -4.43105276  3.13053956 -1.72220369] -247.97970444310263
[-0.64996221  0.12517115  1.49283645 -4.43807369  3.11749712 -1.82976766] -247.976900153065
[-0.64495392  0.03561634  1.50974679 -4.42545912  3.1285329  -1.77232636] -247.97116552303254
[-0.63497722  0.03960135  1.64694159 -4.42495278  3.11862555 -1.88341118] -247.98869799261035
[-0.58431096  0.21847346  1.59774985 -4.47291371  3.03376731 -1.66210897] -247.99719194089818
[-0.66498725  0.20170814  1.46368692 -4.43985063  3.12449927 -1.91624167] -247.98609845478737
[-0.62663977  0.31399855  1.57326969 -4.47809726  3.06827965 -1.92547887] -248.03292867358596
[-0.64864006  0.045599    1.4096209  -4.42573062  3.12898678 -1.67426874] -247.97823757038668
[-0.63256398  0.19782538  1.58094065 -4.44908579  3.08827856 -1.90577905] -247.97525002831765
[-0.71403432  0.03809821  1.34054322 -4.40262701  3.20184604 -1.95113451] -248.0052964447212
[-0.6167418   0.17337965  1.53344819 -4.45534203  3.075787   -1.73436536] -247.97506929296765
[-0.63202129  0.09597153  1.63871246 -4.429425    3.10214844 -1.86956932] -247.96890605681543
[-0.62106771  0.06205978  1.77904494 -4.41992636  3.09369994 -1.93368049] -247.99551238949132
[-0.60997384  0.02281288  1.5914149  -4.43452145  3.08924433 -1.67911716] -247.98460180063097
[-0.62372719  0.0675367   1.5594829  -4.43585375  3.09805806 -1.73839829] -247.96988870560105
[-0.61801674  0.18623458  1.69543491 -4.45201584  3.07444724 -1.9424666 ] -248.0084191807261
[-0.64098423  0.0807579   1.48107441 -4.43230192  3.1153519  -1.74131821] -247.96617084728095
[-0.61370193  0.09185801  1.60829869 -4.43774885  3.08522183 -1.75748453] -247.96090863281594
[-0.59557179  0.07520144  1.6660298  -4.43758644  3.06908418 -1.72134297] -247.964916369661
[-0.62481281 -0.01611867  1.52931383 -4.42295777  3.11342149 -1.63204164] -247.98479867973433
[-0.63062619  0.14433937  1.56803395 -4.44255378  3.09456429 -1.8373447 ] -247.965734015007
[-6.45263108e-01 -1.35303852e-03  1.58833487e+00 -4.41243878e+00
  3.13217214e+00 -1.83778178e+00] -247.96459251131935
[-0.61715406  0.12408715  1.63823231 -4.43798157  3.08063932 -1.82163924] -247.96356412668737
[-0.63618974  0.11101694  1.61474599 -4.42829623  3.10530791 -1.8833143 ] -247.96220048328126
[-0.62928513  0.08759725  1.52752761 -4.43434871  3.10227069 -1.75672494] -247.9563323026504
[-0.62791705  0.0834101   1.47193518 -4.43681057  3.10233182 -1.70030275] -247.96043065486285
[-0.61642249  0.10509066  1.70065006 -4.43215405  3.08470683 -1.89011162] -247.96817162111807
[-0.63484379  0.08684109  1.53596832 -4.43226496  3.10769063 -1.77851656] -247.95997658736883
[-0.6281864   0.0223431   1.60300198 -4.41847258  3.10986989 -1.77447576] -247.95572923036994
[-0.62696651 -0.03865503  1.620486   -4.40643198  3.11752268 -1.74304129] -247.96049346287955
[-0.60785724  0.17593422  1.58759009 -4.45059885  3.06482794 -1.75293667] -247.97039666746153
[-0.63591164  0.04296878  1.58814868 -4.4219788   3.11533609 -1.8165705 ] -247.95814099563376
[-0.64221882  0.02345457  1.52099811 -4.4197218   3.12792636 -1.76738962] -247.95665153260214
[-0.62519283  0.00733732  1.51323514 -4.42654901  3.11079725 -1.667073  ] -247.9696190199376
[-0.63344051  0.08509704  1.58936828 -4.42785942  3.10668024 -1.82925398] -247.95681177619312
[-0.65426017  0.0242426   1.5133723  -4.4137999   3.13803614 -1.81682592] -247.95641190084683
[-0.63959043  0.00839335  1.57817066 -4.41312878  3.12568251 -1.80856368] -247.95228338297395
[-0.64196375 -0.03083051  1.59927184 -4.4035607   3.13467844 -1.82358723] -247.95240953501275
[-0.63974885  0.04074053  1.5226643  -4.42046494  3.12148585 -1.76784079] -247.95333311053884
[-0.64432275 -0.01617324  1.49921005 -4.41211949  3.1350769  -1.73468626] -247.95745763322367
[-0.63616107  0.05977947  1.56682872 -4.42392444  3.11377941 -1.80561205] -247.95451339867387
[-0.6335252   0.05757752  1.58285708 -4.42165798  3.10911513 -1.80929142] -247.95293249011252
[-0.61457219  0.06790114  1.61364448 -4.43019924  3.08936502 -1.75734363] -247.95548046691894
[-6.34642916e-01 -2.01887360e-03  1.62819480e+00 -4.40826728e+00
  3.12082858e+00 -1.81765084e+00] -247.95563090788846
[-0.63789382  0.05511461  1.56111804 -4.42074164  3.11688228 -1.81429171] -247.9507619676685
[-0.64274753  0.07150037  1.54017607 -4.42187616  3.12038847 -1.83419969] -247.9503878257401
[-0.63413884  0.103983    1.50658563 -4.43548324  3.10577689 -1.77663291] -247.9550992543302
[-0.66073178  0.04609027  1.48544968 -4.41531261  3.14271107 -1.84336989] -247.95612096112575
[-0.62611209  0.06244843  1.58159578 -4.42647758  3.10270153 -1.77885019] -247.95263310825246
[-6.38489549e-01 -3.83644635e-03  1.61751190e+00 -4.40702673e+00
  3.12527408e+00 -1.82481969e+00] -247.95517265880295
[-0.63522651  0.07702814  1.5343172  -4.42836911  3.11065119 -1.78867961] -247.95254839945878
[-0.63615579  0.04611665  1.54643165 -4.42006708  3.11622882 -1.79019641] -247.949166455043
[-0.63615315  0.03928523  1.53623311 -4.4181384   3.11745352 -1.7824886 ] -247.9484343988004
[-0.63136946  0.06467049  1.595119   -4.42275107  3.10717827 -1.83285027] -247.9496858493962
[-0.63687453  0.05019781  1.53901352 -4.42192239  3.11890336 -1.79925259] -247.94679096420387
[-0.63854919  0.04650796  1.51709175 -4.42205459  3.12379748 -1.79423317] -247.94463923769086
[-0.64843334  0.04001342  1.51877348 -4.41562846  3.13234895 -1.83482148] -247.946551203998
[-0.64372118  0.01309547  1.56087082 -4.40949005  3.13163188 -1.84037268] -247.9452036176683
[-0.64073419  0.08329763  1.51125074 -4.42351746  3.11858369 -1.83109162] -247.9474565285406
[-0.63690598  0.02412303  1.53960357 -4.41531718  3.12327612 -1.80441958] -247.9419266864752
[-6.33985204e-01  4.34362215e-04  1.53931732e+00 -4.41203769e+00
  3.12471995e+00 -1.78952953e+00] -247.93942651320515
[-0.64915596  0.00954087  1.46606008 -4.41087115  3.14233355 -1.79132876] -247.94587539403847
[-0.64870654  0.02501134  1.50155495 -4.4130614   3.14035164 -1.84463715] -247.9395281223603
[-0.64678295 -0.03842982  1.52330539 -4.40419698  3.14647746 -1.8005493 ] -247.9436521326888
[-0.63853367 -0.02129336  1.51729329 -4.40827549  3.13742171 -1.78539539] -247.93875791525258
[-0.63358384 -0.05194676  1.51655319 -4.40459901  3.13995808 -1.76068234] -247.93846633773205
[-0.63262034 -0.01131669  1.58683773 -4.41094209  3.12664528 -1.81867263] -247.94026268012328
[-0.63435484 -0.02300867  1.50068262 -4.41280721  3.13568475 -1.76239536] -247.9357265556066
[-0.62967166 -0.04106074  1.47058852 -4.41446579  3.13771118 -1.7234067 ] -247.93558170853066
[-0.63656765 -0.08561073  1.52896062 -4.39771306  3.14815705 -1.78492605] -247.93504270639588
[-0.63557688 -0.15167007  1.53489505 -4.3855423   3.16033684 -1.78027249] -247.93984655701485
[-0.62492879 -0.01639992  1.52463205 -4.41340937  3.12603693 -1.77340216] -247.92985709114058
[-0.61400171 -0.00538497  1.52529538 -4.41801556  3.11581667 -1.75982859] -247.92734806868012
[-0.6328852  -0.04153581  1.4405856  -4.40902208  3.14225958 -1.73566415] -247.93911079604922
[-0.61152522 -0.10004622  1.50554525 -4.40555633  3.12918919 -1.67337531] -247.9423079722887
[-0.63941121 -0.00625305  1.50255253 -4.41118513  3.13756103 -1.80182169] -247.93453315786334
[-0.62805522 -0.07769838  1.45552796 -4.40629585  3.14910125 -1.73258031] -247.9308771407624
[-0.62754523 -0.0477824   1.55924047 -4.40840272  3.13384218 -1.78541774] -247.93194080832745
[-0.62483372 -0.03598333  1.49750197 -4.41409369  3.13410503 -1.76864469] -247.92199252890467
[-0.62045867 -0.02800162  1.48797636 -4.41884103  3.13117851 -1.77262586] -247.91489588580535
[-0.6256749  -0.0425163   1.54926259 -4.40568533  3.13417438 -1.82232672] -247.92434944307973
[-0.61514799  0.01639849  1.49765781 -4.42509548  3.11906762 -1.77327426] -247.91821602343578
[-0.6042167  -0.05540867  1.52243433 -4.41626019  3.12349917 -1.7468628 ] -247.91273821229262
[-0.58661945 -0.07998649  1.53237523 -4.41879772  3.11646824 -1.71938336] -247.90682529721
[-0.60244074 -0.02461403  1.45679131 -4.4225076   3.12142671 -1.74125529] -247.91461840012232
[-0.5933926   0.02299674  1.56092494 -4.43001839  3.09694279 -1.79698438] -247.9056717146263
[-0.57606129  0.07334431  1.61362342 -4.44187967  3.07086356 -1.82918641] -247.90365387379342
[-0.5947993  -0.02307358  1.52060019 -4.42625339  3.11524301 -1.79285537] -247.89157996502695
[-0.5851981  -0.03191789  1.5182526  -4.4303723   3.11495618 -1.80936876] -247.87589328426574
[-0.56963385  0.01759056  1.48629633 -4.4468126   3.09047923 -1.72603793] -247.8855515011853
[-0.56498937 -0.04092687  1.53411394 -4.4346415   3.09605653 -1.75934495] -247.87625532269735
[-5.41188933e-01 -8.35182502e-04  1.55917458e+00 -4.44616276e+00
  3.07223831e+00 -1.75556638e+00] -247.87904746753378
[-5.38789585e-01  3.70350572e-03  1.62448739e+00 -4.45038125e+00
  3.06559397e+00 -1.79170730e+00] -247.86787304134617
[-0.50696401  0.01786227  1.70833543 -4.46431808  3.0376776  -1.81693331] -247.8678189350464
[-0.52805907  0.09169222  1.60755687 -4.46926458  3.0442889  -1.84609588] -247.85652393067787
[-0.49877888  0.17753157  1.64514769 -4.49449801  3.00819923 -1.90945214] -247.8552748316357
[-0.51285642 -0.02690949  1.53681676 -4.46372208  3.06900546 -1.76304808] -247.83428146349698
[-0.48125399 -0.07703638  1.49841344 -4.47464329  3.06807641 -1.72997891] -247.82029026490696
[-4.89823912e-01 -2.69805755e-03  1.66818290e+00 -4.46806605e+00
  3.04192219e+00 -1.86751022e+00] -247.8302342438182
[-0.50114715  0.01510673  1.63164075 -4.47601698  3.05005774 -1.87529639] -247.8388928246135
[-0.45606597  0.07387629  1.68921032 -4.50133007  3.01090659 -1.9101683 ] -247.8310015696788
[-0.3928132   0.10013203  1.76205757 -4.52925186  2.95732374 -1.89374433] -247.84484469259758
[-0.43299703  0.07777512  1.58988213 -4.51695067  3.00781769 -1.91178345] -247.79269201971124
[-0.39601354  0.10773155  1.53065548 -4.54326697  2.99288774 -1.95920852] -247.77681365174024
[-0.40692704 -0.10516085  1.6149058  -4.50302706  3.03219224 -1.83585008] -247.8137388468325
[-0.51759733 -0.09619227  1.44894532 -4.45953162  3.1080239  -1.83225981] -247.81024529201306
[-0.41474678 -0.04826664  1.51846367 -4.50727138  3.03461195 -1.83636222] -247.7731493505716
[-0.37154659 -0.07995333  1.46187513 -4.52289858  3.02688906 -1.81689514] -247.76827761998422
[-0.43165483 -0.15831274  1.38511569 -4.48914779  3.07909059 -1.77039926] -247.7907273721752
[-0.37850719 -0.13360995  1.31178739 -4.52943906  3.06046446 -1.78068702] -247.8010298006639
[-0.35282819 -0.07812948  1.41934817 -4.54112706  3.03177292 -1.93512103] -247.76255428006348
[-0.28861529 -0.07867603  1.37981553 -4.57436895  3.01362117 -2.03769209] -247.78838120616712
[-0.40912218 -0.04099455  1.23766993 -4.52544329  3.06751731 -1.86234018] -247.774620740532
[-0.26229351 -0.03156389  1.33320527 -4.5909093   2.97818346 -1.87595724] -247.79130724770312
[-0.36264575  0.03986914  1.4775025  -4.54149194  2.9983159  -1.95928677] -247.75150335416123
[-0.35471503  0.12660868  1.56036006 -4.54751838  2.96724163 -2.04858665] -247.7822988359863
[-0.51231018 -0.03836591  1.50418369 -4.46354925  3.08730772 -1.89179306] -247.80049779204168
[-0.32479768 -0.0332644   1.37594988 -4.55906928  3.00546452 -1.8799162 ] -247.76216624160432
[-0.30732981  0.13006571  1.449218   -4.58861792  2.96185856 -2.03385668] -247.76448844244808
[-0.31340986 -0.12853385  1.27653239 -4.54961572  3.03771835 -1.86993015] -247.78945759600063
[-0.37536262  0.0486652   1.46712471 -4.54485416  3.00409539 -1.93688893] -247.75583917426215
[-0.28904803  0.05007883  1.64600287 -4.57390969  2.94194814 -1.99164807] -247.79199692748918
[-0.37910364 -0.01822621  1.33975316 -4.53755989  3.03612502 -1.89466715] -247.7547163752005
[-0.32914264  0.10961331  1.38109034 -4.58134151  2.98565505 -2.06301711] -247.76277518917283
[-0.40063036 -0.10722319  1.37103825 -4.51319669  3.05861771 -1.85577571] -247.7639880480574
[-0.37730522 -0.04790097  1.39058319 -4.532052    3.03442792 -1.90029596] -247.7530324879587
[-0.39487173 -0.13927555  1.44233019 -4.50404327  3.05107885 -1.7723749 ] -247.78353881947356
[-0.34557491  0.0473911   1.39640031 -4.56201695  3.002011   -1.99035656] -247.7510911500919
[-0.36876842  0.09030743  1.39642308 -4.55122101  2.99504033 -1.91868282] -247.76119198938068
[-0.41145584  0.08663296  1.44664577 -4.5306627   3.017874   -1.98680987] -247.75605840276194
[-0.38171424 -0.0381637   1.44291346 -4.5316582   3.03590941 -1.97075225] -247.7535652132737
[-0.32911295 -0.07608811  1.39144667 -4.55254835  3.01908755 -1.89727267] -247.76646620316785
[-0.39087012  0.04595269  1.432846   -4.53613411  3.01817739 -1.96442557] -247.74880573734904
[-0.37037534 -0.03902451  1.3595415  -4.5354502   3.03756015 -1.95637249] -247.74672358235713
[-0.36788171 -0.08286937  1.3057499  -4.53074823  3.05429253 -1.96611428] -247.7547881379345
[-0.36372489  0.02093412  1.49350916 -4.54204124  3.0060089  -2.01916272] -247.74831749034507
[-0.35511784  0.06057089  1.40721409 -4.55140395  2.99625768 -1.95921444] -247.75342737806747
[-0.36176694  0.03588724  1.41613893 -4.54646751  3.00617061 -1.96209889] -247.7474261455724
[-0.35434743  0.09823756  1.46806294 -4.55581532  2.98832006 -2.05027171] -247.7521031375774
[-0.36008688  0.06170293  1.448693   -4.54987449  2.99984703 -2.01277777] -247.74711402380873
[-0.36815394  0.01774539  1.37154046 -4.54916956  3.02494246 -2.00911123] -247.7491801432819
[-3.92751127e-01  3.41525970e-04  1.44435604e+00 -4.52436209e+00
  3.02889118e+00 -1.98429300e+00] -247.74579128436605
[-0.41633923 -0.02318326  1.46833391 -4.50553466  3.04233128 -1.98126121] -247.75435136296966
[-0.37837115  0.02418595  1.49348775 -4.52894032  3.00727597 -1.95726558] -247.75552577148295
[-0.37070825  0.01935553  1.40202728 -4.54411225  3.02052583 -1.99614982] -247.74487084071785
[-0.34893435 -0.01288708  1.42190931 -4.54463515  3.01482385 -2.01252599] -247.7429327090335
[-0.32796647 -0.04230697  1.41644097 -4.54888567  3.01314708 -2.03657621] -247.7459904971059
[-3.71149407e-01  8.57751993e-04  1.33737953e+00 -4.53959266e+00
  3.02993065e+00 -1.95557661e+00] -247.75201711601375
[-0.36558102  0.01591503  1.45447675 -4.5414291   3.01198934 -2.00326619] -247.74435736099792
[-0.37437872 -0.02075277  1.42752903 -4.53348692  3.03170852 -2.02636286] -247.74211270601995
[-0.38068461 -0.04907277  1.43322409 -4.52699662  3.04447747 -2.05849485] -247.74413293493924
[-0.38082273 -0.07405369  1.38792031 -4.52461742  3.0486526  -1.98021235] -247.74530600283376
[-0.37401672  0.01499736  1.48653141 -4.53543077  3.01463696 -2.04456424] -247.74569923113359
[-0.34539613 -0.0194834   1.41577532 -4.55020844  3.01855452 -2.03673415] -247.74817231560837
[-0.38091238 -0.00461471  1.43721086 -4.53082368  3.02630702 -1.99740329] -247.74302181341005
[-0.3664291  -0.04067659  1.35715977 -4.53760407  3.03669876 -1.96074259] -247.74672045286027
[-3.72119812e-01  1.07887335e-03  1.45418850e+00 -4.53597410e+00
  3.02015241e+00 -2.02360883e+00] -247.7430699018916
[-0.35672212  0.07341865  1.47786028 -4.55220298  2.99318306 -2.03955998] -247.74939665258512
[-0.37479757 -0.0371856   1.4104053  -4.53151381  3.03478521 -1.99504925] -247.74275110879182
[-0.3681997  -0.03883761  1.46654597 -4.52850866  3.02606295 -2.02325565] -247.7428023627896
[-0.37419983 -0.053648    1.41811957 -4.52688501  3.03929065 -2.02280244] -247.7418104984097
[-0.37850923 -0.08842951  1.39994098 -4.51961297  3.0529413  -2.03257056] -247.74412096393522
[-0.36835437 -0.05705413  1.40638485 -4.52931032  3.03750699 -2.002191  ] -247.7429393833131
[-0.3553758  -0.06884036  1.41308715 -4.53395628  3.03508571 -2.02999245] -247.7434351788264
[-0.37452823 -0.02067112  1.43117993 -4.53160683  3.02850169 -2.00555058] -247.7420847452566
[-3.69991764e-01 -4.27326451e-03  1.45217819e+00 -4.53623515e+00
  3.02088397e+00 -2.02632459e+00] -247.74280834301365
[-0.39643092 -0.04556904  1.44674336 -4.51811031  3.04558714 -2.02058913] -247.74355035466098
[-0.36080849 -0.02105757  1.42811782 -4.53800394  3.02251467 -2.01454178] -247.74197287976767
[-0.37231242 -0.05977763  1.40845435 -4.52709991  3.0400706  -2.00286293] -247.74284598033557
[-0.37057193 -0.01814935  1.44124723 -4.53395134  3.02568062 -2.02045918] -247.74209379143832
[-0.37489522 -0.01831719  1.38565366 -4.53664062  3.03476417 -2.00499971] -247.74324606313294
[-0.36987358 -0.03370751  1.44632289 -4.53054165  3.02823826 -2.01869167] -247.74199467581914
[-0.36665602 -0.01880984  1.45376686 -4.53331142  3.02385959 -2.04108691] -247.74197633645437
[-0.36450065 -0.03459503  1.44538907 -4.53127981  3.02431997 -2.01468132] -247.74268306407535
[-0.3719092  -0.02421333  1.43199404 -4.53293514  3.02986138 -2.02344248] -247.74175127535312
[-0.36875319 -0.03921977  1.42858648 -4.53047666  3.03174145 -2.02157944] -247.74186162576822
[-0.36287187 -0.04288089  1.43778929 -4.53244445  3.03000031 -2.041831  ] -247.74195175001117
[-0.36519262 -0.03290229  1.4198018  -4.53414389  3.0308511  -2.03640301] -247.7416235236332
[-0.36285214 -0.03249968  1.40654125 -4.53594501  3.03215752 -2.04525869] -247.74190385728244
[-0.36792238 -0.05249745  1.40103614 -4.53165161  3.03756027 -2.01244647] -247.74245608354227
[-0.36697261 -0.02723174  1.44058418 -4.53289647  3.02728476 -2.0339268 ] -247.74168415235542
[-0.37582461 -0.05230776  1.43084063 -4.5252566   3.04049521 -2.04545328] -247.7417565854317
[-0.37807882 -0.03362674  1.41885295 -4.52842014  3.03650787 -2.01937149] -247.74162518797786
[-0.37530604 -0.03542352  1.42481125 -4.52970242  3.03635553 -2.03888706] -247.74150785073732
[-0.37858246 -0.0335254   1.42292363 -4.5293153   3.03866257 -2.04754087] -247.74189183964984
[-0.37022814 -0.01492047  1.43750871 -4.53423321  3.02782797 -2.0430256 ] -247.74167934908237
[-3.66737861e-01 -3.79826614e-03  1.42701034e+00 -4.53885383e+00
  3.02240100e+00 -2.01956554e+00] -247.7420072873422
[-0.37355293 -0.04018039  1.42988306 -4.52865591  3.03597166 -2.03898134] -247.74153356996644
[-0.37120118 -0.03721505  1.42515327 -4.52974887  3.03507158 -2.04675596] -247.7416776360344
[-0.3775473  -0.03752442  1.4114195  -4.52873835  3.04024381 -2.04054802] -247.7414881158121
[-0.38283464 -0.04267075  1.39683715 -4.52665928  3.04672334 -2.04385863] -247.74187028796717
[-0.37673149 -0.05737034  1.40579856 -4.52556998  3.04383921 -2.03062336] -247.7421092873207
[-0.37185398 -0.02553293  1.42958117 -4.5320674   3.03183078 -2.03992504] -247.74144287749348
[-0.37597604 -0.03118171  1.41962997 -4.53082717  3.03551534 -2.02461603] -247.74165414281373
[-0.37478233 -0.03269005  1.42101079 -4.53055759  3.0354044  -2.03015101] -247.74146268519308
[-0.36799958 -0.03445779  1.42664958 -4.53286838  3.03371122 -2.05559367] -247.74168886543816
[-0.37555901 -0.03383451  1.4208021  -4.5295322   3.03580871 -2.02842703] -247.7414610608368
[-0.38434124 -0.03549298  1.42603416 -4.5256074   3.04102053 -2.03590349] -247.74174818725626
[-0.36997977 -0.03354996  1.42135989 -4.53200977  3.03339346 -2.03627813] -247.7414391418547
[-0.37478988 -0.02600474  1.41311184 -4.53221334  3.03504057 -2.03242409] -247.74147741661628
[-0.37286472 -0.02762201  1.41428385 -4.53200379  3.03421838 -2.03036405] -247.74145775151266
[-0.3690626  -0.02222032  1.42863039 -4.53405635  3.02832162 -2.02530843] -247.74156170375494
[-0.37542612 -0.03369839  1.41572222 -4.53006785  3.03726326 -2.03673812] -247.74140447677007
[-0.37203209 -0.03630455  1.42780817 -4.5298662   3.03426575 -2.03487037] -247.74151282406046
[-0.37410043 -0.02857969  1.41678592 -4.53162655  3.03484687 -2.03303566] -247.7414083905162
[-0.37181235 -0.02824912  1.41850093 -4.53187826  3.03371609 -2.038105  ] -247.7414421309598
[-0.36978678 -0.02524286  1.41794256 -4.53368567  3.03261424 -2.04305497] -247.7414317589242
[-0.3714551  -0.03066231  1.42568038 -4.53177471  3.03366985 -2.04534826] -247.74144470778964
[-0.3718075  -0.02990223  1.42283125 -4.53183198  3.03380698 -2.04160221] -247.74139980666928
[-0.37245034 -0.03420782  1.40813308 -4.53163262  3.03671618 -2.03634632] -247.74148931588127
[-0.37200307 -0.02770166  1.42421915 -4.53195871  3.03305213 -2.03903036] -247.74139695514344
[-0.37255554 -0.03130915  1.4211194  -4.53184858  3.03460956 -2.03847482] -247.74145787011656
[-0.37199815 -0.02901413  1.41915555 -4.53187084  3.03393946 -2.03819746] -247.74140392152086
[-0.37506091 -0.02449636  1.41752566 -4.53167077  3.03511419 -2.04094146] -247.74139536907904
[-0.37760148 -0.01996956  1.41560854 -4.53150127  3.03597456 -2.04327312] -247.74149432016506
[-0.37701194 -0.03255462  1.42080402 -4.52932323  3.03672673 -2.03346012] -247.74143715502132
[-0.37159307 -0.0270708   1.41865792 -4.53259506  3.03364236 -2.04065626] -247.74138861595415
[-0.37186251 -0.02871483  1.42258466 -4.53170518  3.03409259 -2.04601963] -247.7414407702191
[-0.37354095 -0.02861348  1.41823561 -4.53164621  3.0346583  -2.03628165] -247.74138606830755
[-0.36990843 -0.02190116  1.42448616 -4.53379001  3.03080788 -2.04216501] -247.74142673713527
[-0.3740467  -0.03074908  1.4179132  -4.53099839  3.03564942 -2.03809484] -247.741386069488
[-0.37401925 -0.02716374  1.42063872 -4.5316962   3.03470167 -2.04067147] -247.74140951749325
[-0.37250342 -0.02855153  1.41952634 -4.53182718  3.03413001 -2.03881596] -247.74138721795373
[-0.37444187 -0.0258254   1.41586138 -4.53173346  3.03494182 -2.03633797] -247.7414031908903
[-0.37246609 -0.02888303  1.42108878 -4.53180735  3.03409069 -2.04028615] -247.7413892444613
[-0.37440065 -0.02841977  1.41343002 -4.53155628  3.03604286 -2.03932841] -247.7414000513842
[-0.37260246 -0.02788118  1.42152187 -4.5318581   3.03379981 -2.03910487] -247.74139404980525
[-0.37052332 -0.03275334  1.42145558 -4.53190666  3.03354267 -2.03680512] -247.74140460871067
[-0.37392651 -0.0265606   1.41850814 -4.53172974  3.03472131 -2.03990737] -247.7413965458158
[-0.37379382 -0.02968128  1.41807441 -4.5313223   3.03515386 -2.03718825] -247.74138855772264
[-0.37302219 -0.0285825   1.41888097 -4.5317367   3.03439415 -2.03754881] -247.74138217615968
[-0.37256701 -0.02784214  1.41844677 -4.53212064  3.03415033 -2.03846895] -247.74138342655544
[-0.37300352 -0.02874825  1.41966219 -4.53172678  3.0343745  -2.0382839 ] -247.74139077742439
[-0.37307171 -0.02824733  1.41987874 -4.53175216  3.03422906 -2.03769326] -247.741382756311
[-0.37430093 -0.02655492  1.41788063 -4.53165849  3.03488625 -2.03861156] -247.7413902366924
[-0.37376202 -0.02775896  1.41747018 -4.53168538  3.03478282 -2.03698026] -247.7413855371141
[-0.37228497 -0.03035365  1.41911492 -4.53176264  3.03423659 -2.03610884] -247.7413728348998
[-0.37127699 -0.03225301  1.41973207 -4.53181471  3.03391177 -2.03485748] -247.74140513903538
[-0.37228912 -0.02745141  1.41926799 -4.53224561  3.03366323 -2.03717234] -247.74138720990666
[-0.3726653  -0.02800888  1.41896959 -4.53201478  3.03403588 -2.03717632] -247.74138530837175
[-0.37225011 -0.02831768  1.41935145 -4.53204455  3.03395131 -2.03837716] -247.7413934513251
[-0.37321824 -0.02853953  1.41851457 -4.5317458   3.03448155 -2.03680553] -247.74139055370972
[-0.37265358 -0.02946808  1.41899795 -4.53174967  3.03431537 -2.03682882] -247.74139045599964
[-0.37267834 -0.02930049  1.41949683 -4.5317574   3.03423283 -2.03690105] -247.74138647079022
[-0.37242599 -0.02909789  1.41878084 -4.53194164  3.03419346 -2.0372889 ] -247.74138860959923
[-0.37247513 -0.02918126  1.41904226 -4.53188871  3.03413624 -2.03664258] -247.7413895985178
[-0.37302349 -0.02905631  1.41829255 -4.53172401  3.03450971 -2.03654455] -247.74137840216994
[-0.37291296 -0.02948356  1.41867527 -4.53170442  3.03444745 -2.03619525] -247.74138578705995
[-0.37261338 -0.02935631  1.41880294 -4.53184327  3.03427005 -2.03639823] -247.74139335197225
[-0.37264353 -0.02944013  1.4189492  -4.53177307  3.03430404 -2.03672117] -247.74139046173963
[-0.37265423 -0.02970498  1.41870374 -4.53174332  3.03437315 -2.03632669] -247.7413884542969
[-0.37259896 -0.0299186   1.41889509 -4.53173353  3.03434202 -2.03615204] -247.7413879158145
[-0.37248165 -0.02982707  1.41930588 -4.53176002  3.03423471 -2.03650494] -247.74138031512166
[-0.37235548 -0.02972577  1.41894788 -4.53185214  3.03421503 -2.03669887] -247.74139077100747
[-0.37238005 -0.02976745  1.41907859 -4.53182567  3.03418642 -2.03637571] -247.74138674234155
[-0.37246927 -0.02991086  1.41905644 -4.53175615  3.03427598 -2.03646883] -247.74138888245056
[-0.3726009  -0.03010177  1.41910367 -4.53167497  3.0343346  -2.03594682] -247.74138930527093
[-0.37253955 -0.03000777  1.41906472 -4.53171926  3.0343047  -2.03613483] -247.74139971241425
[-0.37238331 -0.03009036  1.4192104  -4.53176133  3.03423565 -2.03630689] -247.74138589491267
[-0.37233251 -0.03006055  1.41909676 -4.53179415  3.03421151 -2.03624227] -247.74137926426158
[-0.37244197 -0.03013613  1.41900501 -4.53174808  3.03428931 -2.03613044] -247.74138662658538
[-0.3724696  -0.03002931  1.41890933 -4.53175298  3.03430487 -2.03621777] -247.7413809661033
[-0.37237712 -0.03013225  1.41908568 -4.53175939  3.03425629 -2.03628883] -247.74138231472384
[-0.37232022 -0.03003971  1.4190314  -4.53180739  3.03422581 -2.03640385] -247.7413805574039
[-0.37228061 -0.03009915  1.41914449 -4.53179788  3.03420093 -2.03639238] -247.7413888471445
[-0.37240163 -0.03012688  1.41903988 -4.53176053  3.03426721 -2.03619593] -247.74138892664763
[-0.37230874 -0.0302071   1.41910584 -4.5317784   3.03422405 -2.03617556] -247.74138713855945
[-0.3723026  -0.03019668  1.41907316 -4.53178501  3.0342312  -2.03625635] -247.74138522665334
[-0.37237728 -0.03019148  1.41901213 -4.53175781  3.03427073 -2.0361633 ] -247.74139115955967
[-0.37233104 -0.03024295  1.4191003  -4.53176102  3.03424644 -2.03619884] -247.74139842944342
[-0.37233414 -0.030222    1.41916266 -4.53176198  3.03423612 -2.03620787] -247.7413920459635
[-0.37236347 -0.03024489  1.41905997 -4.53175536  3.03426295 -2.03611964] -247.74139026596126
[-0.37232602 -0.03022898  1.41907593 -4.53177272  3.03424078 -2.03614501] -247.74139199835184
[-0.37232022 -0.03025225  1.41898465 -4.53177533  3.03425265 -2.03611503] -247.74138825546882
[-0.3723264  -0.03025303  1.41904097 -4.53176546  3.03425195 -2.03616789] -247.74138197701214
[-0.37225818 -0.03031105  1.41911438 -4.53178292  3.03421573 -2.03615113] -247.74138982493722
[-0.3722369  -0.0302797   1.41908468 -4.53179456  3.03420777 -2.03620529] -247.74139428645327
[-0.37233183 -0.03025359  1.41906614 -4.53176516  3.03424916 -2.03614105] -247.7413991498884
[-0.37230569 -0.03030334  1.41907794 -4.53176405  3.03424427 -2.03613837] -247.74139327154342
[-0.37229378 -0.03027516  1.41909404 -4.53177382  3.0342339  -2.03618259] -247.7413864821337
[-0.37229685 -0.03028037  1.41911038 -4.53177052  3.03423032 -2.0361422 ] -247.74139326454593
[-0.37230259 -0.03030295  1.41904979 -4.53176898  3.03424462 -2.03611194] -247.74138148316993
[-0.37227157 -0.03033235  1.41911465 -4.53177278  3.03422616 -2.03612999] -247.74137306976291
[-0.37232422 -0.03029927  1.41908744 -4.531759    3.03424977 -2.03611424] -247.7413874829061
