[-0.66527684  0.93521672 -2.32253444  1.57799483  0.21347256 -1.39270786] -345.5293221060802
[-0.48509753  0.31449552  0.01775616 -1.51038348 -0.57775436  0.40726262] -373.8503072624298
[ 0.98313464 -1.29540341 -0.42791218  1.1254185  -0.74738031 -0.32375583] -338.97381283626686
[-0.17575129  1.08489913  1.14072025  1.6357171   1.36847422 -0.1210667 ] -327.3714482289242
[-0.54348993 -0.15148463 -1.15134522 -1.49383657 -1.47277911 -0.70694998] -408.27608154408136
[ 0.29380175  0.74696308 -2.16664374  0.49545461 -0.11710982 -0.53646807] -333.86524400106634
[ 0.68064968 -0.44830157  0.11309394  0.34255134 -0.37825212 -0.21348975] -336.0022430116706
[ 0.75397673  0.59744112 -0.06382812  2.71608753  1.3932625  -0.01979188] -311.1293886217134
[1.40271006 0.97190399 0.47993043 4.82104958 2.8262833  0.32378716] -314.9900219150982
[ 1.10860909  0.22577617 -1.26012426  4.14145812  1.15524337 -1.27635598] -331.0393006894848
[ 1.88008371 -0.63142521  1.43430308  1.90756757  0.67794005  0.56239845] -305.8168796353627
[ 3.15276399 -1.41474617  3.31272184  2.07235394  0.9101738   1.5399516 ] -300.8618699556985
[0.95488201 1.559414   0.78655881 2.67578904 2.19131096 0.11468223] -306.33216941754335
[1.34877774 1.38155067 0.47004098 4.23640211 2.6787038  0.11380681] -309.45743663546483
[2.08728434 0.39781523 3.62867357 5.33048134 3.34949936 0.65354343] -320.5821611001399
[1.59870208 0.97634849 4.35175337 2.0808189  2.80856484 2.03673115] -313.8249455651127
[3.47454692 0.08104198 3.02125324 4.73492719 3.07536421 1.60070782] -294.41625729823875
[ 5.29969603 -0.4208866   3.96151974  6.28453223  3.9288092   2.46159508] -330.0267994847836
[1.67393215 0.6625348  0.33082647 0.8416449  1.00296067 1.14181915] -304.15380436915007
[ 2.1875911  -0.02060302 -1.73256229  3.67824933  0.94202714 -0.53967257] -315.05079300797894
[1.74592434 0.72711061 2.83067445 2.48017651 2.34193042 1.39263022] -300.27529146535744
[3.36296566 0.40152751 3.64785339 2.9643437  2.67355212 1.98765783] -286.2614983893036
[4.66746012 0.30357071 5.50369414 3.08847179 3.31369693 2.99138268] -286.0981383829356
[ 3.8743921  -0.7419087   4.79186867  1.06138568  1.5997752   2.81325109] -304.4697340141512
[ 5.24145786 -1.68687959  5.81045412  2.08386429  1.88998945  3.71189862] -300.8394119982539
[2.77763636 0.29945281 2.14467275 4.03909386 2.57826329 1.31287894] -291.85464781115104
[ 5.34599771 -1.22601802  7.21033038  5.32465096  3.70017869  3.04133081] -310.54186447925423
[2.59194854 0.1903966  2.05070245 1.96239641 1.67726518 1.61669706] -292.3278398492054
[3.68022739 1.38631055 3.80776188 4.05728941 4.04866269 2.66878018] -282.7791403795743
[3.9439591  2.7868389  4.0552819  5.04975714 5.61790713 3.23319446] -288.45561439160645
[1.07112336 2.68284067 0.64246551 4.70358743 3.78840479 0.14912702] -319.75268355355996
[ 4.19887424 -0.59444952  4.51845697  2.73879508  2.36459328  2.82120572] -288.3703066068732
[ 5.38430686 -0.17166957  4.18483936  4.3934814   3.34401811  2.94458725] -285.2432179312967
[4.29227092 0.39016188 4.38212261 2.02491546 2.70013562 3.18446946] -290.0887144466667
[5.74164342 0.34739569 6.12981346 4.81828591 4.43919146 3.69107101] -288.98802570445406
[6.54395795 0.25432043 7.36422338 3.00131916 4.15850274 4.78761983] -293.92613488529935
[3.71921676 0.28816972 3.44956041 3.77965018 2.97332315 2.18156416] -283.8177387365316
[4.83830535 0.12961398 4.81591946 5.60040913 4.12769292 2.58172754] -304.00807929523944
[4.42877952 0.3250249  4.49057182 2.91878888 3.05702494 3.03378398] -283.50647017232365
[2.95131155 0.16492324 2.52181474 2.17387299 1.92791491 1.85603031] -289.48492256966034
[5.04406045 0.30177757 5.22781378 4.15718268 3.81137232 3.23231084] -282.97237210986424
[4.77580946 1.40551081 4.36962349 4.7261597  4.48477277 2.86293065] -283.2812251670863
[4.34334003 0.87480395 3.00636277 4.92237896 3.92602773 2.64993633] -286.28195223089676
[4.5864301  0.44637902 4.8793613  3.54694858 3.46677963 2.9060211 ] -282.18743792345185
[3.36053437 1.55606043 4.55672487 3.33519174 3.93662706 2.68387638] -289.9039743471717
[4.87836373 0.26026293 4.27781073 4.12890899 3.49217035 2.87940953] -281.38882130925475
[5.41200679 1.08691888 5.56808725 4.06544256 4.48027108 3.67951459] -280.3524083873781
[6.25840181 1.48629346 6.62735068 4.20833875 5.23374504 4.42848981] -282.6716985898606
[5.03018645 1.30402835 4.88624766 5.30852176 4.87098467 3.04253831] -291.7176980697295
[4.57913126 0.56977576 4.58949078 3.5162221  3.51051487 3.03597256] -280.7800553451509
[ 4.61759711 -0.05503591  5.08048508  3.0978384   3.11848421  3.27107229] -285.3729424208556
[4.73625637 1.04037413 4.54733889 4.31907938 4.14320063 2.96496606] -280.82701598593735
[4.24674477 1.29489618 3.99546984 3.72078099 3.90249409 2.81257717] -278.9734958801173
[3.84808693 1.79145549 3.37929787 3.50258014 3.94805498 2.60271034] -279.26244218654955
[5.79941695 0.17989176 5.47809105 3.70850479 3.61648086 3.42404016] -282.0565580540533
[5.29754319 1.0309942  4.60606822 4.27269769 4.24826433 3.35947226] -278.5723053297416
[5.65309974 1.32330178 4.46942168 4.63557224 4.63900668 3.58619784] -279.5795834265249
[3.91726509 1.58118227 3.71666419 4.29920577 4.30915759 2.81993057] -281.3501438319513
[4.51795209 1.94111755 4.72989565 3.93556718 4.70579719 3.34473487] -280.47140598512607
[5.67927973 0.74017663 5.62878602 3.64405752 4.02102314 3.57914861] -280.70806022055274
[5.17462957 1.18091893 5.1585937  3.39917663 4.14625427 3.63884063] -280.14145398532185
[5.53025413 1.85523169 5.30614278 4.16301876 4.99085316 3.76879015] -278.0669346528395
[6.00581556 2.49795965 5.66446878 4.48641709 5.7310223  4.13519894] -279.08285765741965
[4.38043045 2.05651585 4.15929979 4.20817041 4.80362156 3.28882795] -279.11994696665437
[5.49591754 0.89404103 4.86799154 4.0075285  4.15145565 3.50460605] -277.97216055008283
[5.98490027 0.37050277 4.93703948 4.04350917 3.87428488 3.58454164] -280.0414888202857
[4.62983309 1.68394708 3.7964347  3.85834843 4.26737661 3.11152348] -275.8104498885415
[4.23874624 1.98246118 2.91060842 3.75480136 4.16092938 2.82752792] -275.10798393055995
[4.5552492  1.85712777 3.45659983 4.64315594 4.60628512 2.88175987] -279.5095999461965
[4.71009429 1.68807556 3.8820983  4.33216111 4.49127741 3.07103006] -277.3556295447469
[5.45933627 0.85871743 4.36349324 3.87549239 3.84480311 3.15917325] -277.2133826819978
[5.99721912 1.47494418 4.64999766 4.41445228 4.72670025 3.75095606] -277.4825406204408
[5.179646   1.8868295  4.05404243 3.90978712 4.54040865 3.33455557] -274.22769995505973
[5.12069741 2.31474715 3.77802954 3.72833183 4.68648081 3.32209722] -273.2275163700433
[4.81041616 1.21576382 2.84459679 3.8745704  3.69636237 2.77634004] -274.62631809801496
[4.61625229 2.28419541 2.60828311 3.98574129 4.38406213 2.7977688 ] -273.1453044166807
[4.17641966 2.97927261 1.47842889 3.97484768 4.50036537 2.44435017] -273.88818107073826
[3.65462843 1.97304267 2.14570547 3.43591384 3.69460482 2.2336897 ] -277.0574650012009
[4.58993131 1.85490032 2.33480722 3.21945593 3.66447013 2.63450225] -272.7975212758656
[4.52984982 1.93831271 1.56116169 2.66310334 3.2510665  2.41623834] -273.9059537703334
[3.55088768 3.01631942 1.17718361 3.45744583 4.25083344 2.37146872] -276.7329589710307
[5.32101526 2.2497531  3.07213076 3.9042017  4.58644127 3.34287861] -271.2553818206511
[6.15420868 2.38810831 3.53534341 4.13834563 5.0323595  3.89747307] -271.9423286760363
[6.01479855 0.95095424 4.67230167 4.03158834 4.14208193 3.52890289] -277.65399682123854
[4.16686539 2.49997812 2.05096312 3.60098146 4.22364556 2.66082727] -273.47133900997886
[5.30297971 2.15731813 2.65232843 3.68295951 4.25289138 3.01727681] -270.81092709537995
[5.83509644 2.24474661 2.52318843 3.64703858 4.29887239 3.11215125] -270.7253302781232
[5.07286987 3.26700975 2.61120394 3.48734653 4.91829506 3.18040176] -271.0810646534839
[6.01842213 2.23847265 3.59158454 3.72305716 4.6225617  3.46910603] -271.5278658305939
[5.36383169 2.3982788  1.8023698  3.59394857 4.13842008 2.85683902] -270.35022879302215
[5.48539883 2.44004463 0.81453993 3.52675694 3.86438971 2.62420992] -272.1199289650012
[6.11746994 2.46685833 2.70347846 3.20594153 4.35895808 3.40085751] -270.8093015623998
[6.65297047 3.10013942 3.09984475 3.9677221  5.31004606 3.81957582] -271.41903721343476
[5.43599576 3.00378935 1.67915417 3.54567584 4.58111594 3.10179529] -269.05817308504885
[5.14478257 3.38644769 0.72293898 3.45698518 4.56039306 2.91813992] -269.3944630068341
[4.39578918 2.11000589 1.69733043 3.16032882 3.65065488 2.51206533] -272.5498524832933
[6.08867515 2.85260604 2.74921617 3.76587378 4.89519826 3.4926982 ] -269.9039003155206
[5.98363102 3.16134319 1.61740623 3.17773991 4.47717867 3.0387024 ] -269.90812460508283
[6.53536347 2.10886436 1.74706714 3.49139288 3.99828608 3.15394612] -274.71684379698604
[5.43849327 2.9774734  2.39516974 3.48835811 4.68829281 3.17378785] -269.5358837483422
[5.26443783 3.0792208  1.55202306 3.86693673 4.6674013  2.85780049] -270.09980897267496
[5.3565918  3.57949059 1.4085913  3.49913906 4.85032997 3.06172316] -269.1129874714496
[5.82544325 3.81969565 1.99815042 3.52062591 5.24808557 3.38533011] -268.9549043701741
[6.05624904 4.53040408 2.09604074 3.48396458 5.80291832 3.64957566] -269.9097193777828
[6.11183892 3.38557861 2.39720629 3.13220081 4.91266577 3.56021185] -270.31691152583227
[5.47628811 3.15581025 1.76331887 3.68325275 4.72871742 3.03340333] -269.2209059645951
[5.22353142 3.3016119  2.38046066 3.98990191 5.18673466 3.37754359] -270.22598365374444
[5.79360612 3.19641037 1.80816984 3.38078041 4.65456766 3.12341269] -269.16859348361936
[5.02013096 3.7249505  0.9349686  3.27340359 4.68850486 2.80045262] -269.9837757126825
[5.8215391  3.07069215 2.29565428 3.64275623 4.84352491 3.3196368 ] -269.17715647599755
[5.79799478 3.63115605 1.25584322 3.60238529 4.94715435 3.16797928] -269.16572940144135
[5.8674355  3.6112678  1.71853554 3.38053483 4.97954205 3.35322245] -269.02574621569863
[5.53748331 3.87657779 0.99382721 3.33362422 4.9100736  3.07818419] -269.2888631870161
[5.75052515 3.27216356 1.97019752 3.56547323 4.86016209 3.25927365] -268.9336693300917
[5.55105596 3.77611063 1.53532088 3.65716431 5.16756232 3.31969529] -268.87368339203715
[5.42978088 4.06596076 1.39889641 3.79535626 5.42405965 3.41783658] -269.27162740976786
[5.46435436 3.38968314 2.18080673 3.45381911 4.94844497 3.32570071] -269.40776208964087
[5.71458468 3.57078783 1.48708409 3.56524374 4.947477   3.20740963] -268.8869141371025
[6.0250883  3.43844769 2.05422291 3.57910022 5.07765169 3.48051898] -268.8715040579955
[6.35933655 3.36792624 2.37703872 3.6190808  5.19131255 3.68991689] -269.2945705733919
[6.14204852 4.15903504 1.90868295 3.54370491 5.51237763 3.56668808] -269.20627469406065
[5.61250895 3.29260077 1.73653637 3.54518311 4.81393136 3.21801849] -268.8413592656959
[5.62563326 3.44533424 1.87530186 3.76372868 5.05874796 3.27019293] -268.9409818686281
[5.60102218 3.11211925 1.55473745 3.70467185 4.7270919  3.19970621] -269.1399652690862
[5.76933799 3.64280155 1.88729718 3.5666374  5.11783716 3.33892414] -268.8107883023392
[5.84873375 3.5523031  1.68158446 3.39587199 4.93612591 3.33775379] -268.98776731506206
[5.68140838 3.47207646 1.82687251 3.67176451 5.02809245 3.28708315] -268.8204065478499
[5.70080293 3.79211141 1.5389138  3.62955787 5.19068858 3.35794291] -268.75450640624916
[5.67594182 4.05208534 1.32327194 3.66160019 5.35595182 3.40727754] -268.87790835721694
[5.73214949 3.56726168 2.03930379 3.6512254  5.18444419 3.45998468] -268.761194290277
[5.95604272 3.29232255 2.1590613  3.55732519 4.96998615 3.39446216] -268.9020550654415
[5.65230265 3.65516361 1.69125599 3.63220453 5.11816828 3.33838701] -268.7704579222775
[5.3577485  3.70222414 1.5191703  3.65309071 5.07340231 3.18626114] -269.0766826822629
[5.85825335 3.5043918  1.92045976 3.59759785 5.07658935 3.40695452] -268.75686872052466
[5.85224265 3.91866807 1.89816464 3.70447941 5.4246753  3.51174031] -268.8323883194935
[5.79230922 3.76215124 1.85775757 3.66465533 5.27198932 3.43830986] -268.7645580008722
[5.82031016 3.83588398 1.81812352 3.57552828 5.29181317 3.49308455] -268.7948174494513
[5.74937129 3.72951969 1.73464097 3.68361902 5.26006047 3.49263037] -268.67483253818244
[5.73938794 3.77287876 1.65831286 3.74210984 5.33117213 3.56948349] -268.6475830825601
[5.67142503 3.51543552 1.7505444  3.73025532 5.09920411 3.36393627] -268.7634736140436
[5.84580667 3.64957986 1.89717474 3.70626267 5.26652761 3.52715023] -268.6549372819972
[5.72363258 3.50506843 1.74381221 3.68768098 5.110886   3.45684084] -268.621805862633
[5.68929426 3.37652703 1.68683953 3.6991938  5.03033434 3.46610634] -268.59221329474764
[5.85047318 3.70548132 1.82979043 3.61172715 5.26071462 3.56527112] -268.6507181548537
[5.82918995 3.69972838 1.47119325 3.677591   5.20089802 3.50431819] -268.65539975916266
[5.6933983  3.82771045 1.44028177 3.75788293 5.35018908 3.58980291] -268.62169656513555
[5.8483805  3.55185719 1.78895039 3.76869793 5.28925669 3.71610119] -268.49068174525496
[5.92216928 3.43173007 1.91396868 3.83826796 5.33854075 3.89518033] -268.4560480370103
[5.75098659 3.55490745 2.00426275 3.77422379 5.32492815 3.70001328] -268.5902302869732
[5.70276318 3.5734985  1.61397727 3.76820582 5.27876542 3.73480225] -268.4508933943606
[5.63124143 3.53545782 1.47237853 3.7991774  5.28488432 3.83862827] -268.4174015518542
[5.62501942 3.46092254 1.56222428 3.92522475 5.29263497 3.78780041] -268.5270141985004
[5.69798182 3.2895397  1.70167232 3.85588037 5.20933175 3.85636035] -268.3644920103135
[5.67727877 3.04787017 1.72335206 3.91276564 5.14841156 3.99979879] -268.34978415702375
[5.73859829 2.97476124 2.01406017 3.89173485 5.12305561 3.97270623] -268.50294095459867
[5.759137   3.29202274 1.87657597 4.01460432 5.47381745 4.26526943] -268.41541692444537
[5.70016147 3.02601408 1.51659047 4.01970119 5.2288534  4.2197812 ] -268.4109186215266
[5.851176   2.9750295  1.94341768 3.90019237 5.23988606 4.27598767] -268.39538639927196
[5.77512303 3.46128022 1.46803429 3.93650144 5.4484089  4.19217566] -268.3090302231564
[5.7933854  3.70453971 1.19502135 3.95888474 5.61108554 4.30191038] -268.4557731965426
[5.54253661 3.01416144 1.41948098 4.02271283 5.26954648 4.36870001] -268.4061372446321
[5.80389619 2.73666823 1.84343862 4.1363152  5.31809029 4.60194265] -268.5736586044252
[5.67440512 3.33576043 1.56514355 3.88346185 5.29318581 4.02945686] -268.3194894128238
[5.64775667 2.99468254 1.33543038 3.87717411 5.06894662 4.0966973 ] -268.3450819155183
[5.68926393 3.25024735 1.63502917 3.82456823 5.26060841 4.10115756] -268.28788578662966
[5.68381516 3.36236399 1.69424852 3.72700175 5.27648592 4.04184575] -268.4070192116675
[5.89579789 3.3407953  1.80398806 3.75550839 5.21693597 3.86305794] -268.3874828163396
[5.60203247 3.50184917 1.23357483 3.82980085 5.23894637 3.81812704] -268.3929527745557
[5.66431835 3.37014425 1.41103554 3.84739873 5.23918129 3.93259219] -268.30460879856
[5.48025073 3.14586636 1.24202027 4.00511495 5.26931156 4.25423485] -268.41975371290744
[5.7919111  3.29206306 1.66349611 3.81791003 5.23002987 3.96085217] -268.29954804679886
[5.73698063 3.52018912 1.30270429 3.81623916 5.36504208 4.1045118 ] -268.34964735583037
[5.72205516 3.40210938 1.40786623 3.84037078 5.31088445 4.07833354] -268.29394269664397
[5.7912689  3.70918569 1.71477125 3.8395629  5.52515295 4.00149203] -268.44944179109604
[5.68363472 3.17330833 1.4302656  3.86777131 5.1829982  4.07289598] -268.2819658632903
[5.76769698 3.31395711 1.44009876 3.82804499 5.26418456 4.08321218] -268.2548197307967
[5.8143429  3.30305545 1.37757637 3.80033656 5.24968393 4.11008983] -268.26420593039654
[5.66450372 3.13932961 1.52789618 3.73885325 5.04755336 3.88417221] -268.3151810763652
[5.7474682  3.38079257 1.48299976 3.88708939 5.34819501 4.1151748 ] -268.27668443236377
[5.80302501 3.23401502 1.60888301 3.84118618 5.29311888 4.20461655] -268.2780728291359
[5.6791369  3.29274685 1.33821807 3.8784336  5.32329997 4.25761137] -268.29518144590077
[5.70733045 3.29257591 1.41953758 3.86330271 5.29998244 4.18342157] -268.26947369910135
[5.7440846  3.14618938 1.59773839 3.86361683 5.23881139 4.17515934] -268.2488211765936
[5.75509932 3.01822938 1.69267448 3.87523985 5.20277486 4.22357223] -268.2666826953279
[5.79514939 3.26336542 1.3581452  3.89243557 5.28182175 4.17700257] -268.2955264831546
[5.71573529 3.25352687 1.56580818 3.84153506 5.26591174 4.12011882] -268.26210669190317
[5.81147879 3.36704395 1.60808963 3.84048708 5.3870698  4.2210051 ] -268.27461548198073
[5.69490642 3.35068025 1.42920776 3.86683917 5.30826611 4.09474738] -268.2511564036224
[5.73294264 3.19386526 1.53716034 3.81418589 5.23988033 4.17738   ] -268.25579021455917
[5.64275334 3.14988764 1.38842737 3.85202114 5.15194239 4.05700799] -268.2685076679866
[5.72537598 3.17679293 1.56660936 3.82544499 5.18968306 4.05245366] -268.2346207789701
[5.73439874 3.11890144 1.64014525 3.80651613 5.13453337 3.98696971] -268.2431787163637
[5.81749396 3.32844963 1.65711356 3.82786784 5.35030334 4.17734913] -268.258823839029
[5.77843157 3.24978465 1.51016788 3.83379817 5.26446452 4.13331508] -268.22163381107225
[5.8097797  3.24791353 1.48234773 3.82992972 5.2637409  4.13991321] -268.2114566511589
[5.67410148 3.14801652 1.36060722 3.84815269 5.15121877 4.06360612] -268.25143582748404
[5.73903908 3.26731799 1.4217094  3.87315691 5.23208793 4.02565064] -268.25687622450937
[5.73446675 3.21222844 1.5082976  3.82892864 5.23793223 4.13944766] -268.2359816637314
[5.693208   3.11331657 1.54150393 3.85959236 5.19903293 4.13856362] -268.2198765603598
[5.79317234 3.26769051 1.68129437 3.84329788 5.32793677 4.1831555 ] -268.2416310076976
[5.8051227  3.03736354 1.6967227  3.81676429 5.17744632 4.18148361] -268.2593116943595
[5.72246049 3.27235107 1.4960865  3.85432045 5.27556116 4.11643144] -268.2293086994203
[5.74873649 3.2839083  1.4943081  3.81688785 5.25915097 4.08149569] -268.20320020114673
[5.75106243 3.35276776 1.44259295 3.79352337 5.26932075 4.03466387] -268.1922767616928
[5.68561211 3.19076626 1.33118499 3.8206153  5.15048691 4.02400232] -268.22952935463223
[5.72803282 3.23907427 1.44514421 3.83221342 5.21134301 4.02922838] -268.1900163174674
[5.72481586 3.25249719 1.41356751 3.83385581 5.1980484  3.97411875] -268.18112897873505
[5.73693689 3.29974454 1.33581851 3.83850068 5.26238063 4.09011074] -268.1801367131842
[5.74271735 3.36122034 1.22042309 3.84502853 5.29872941 4.10893927] -268.18164202326477
[5.79380901 3.3220973  1.57278739 3.84929216 5.33887468 4.14059822] -268.1797568297892
[5.84790746 3.38776282 1.69358859 3.86363059 5.43306856 4.19889617] -268.1952424691595
[5.78074347 3.25709456 1.43345285 3.81391091 5.23490494 4.05622469] -268.14502922217747
[5.80988496 3.2494663  1.40213602 3.79370614 5.21457683 4.02612132] -268.1214849722961
[5.84888829 3.4615123  1.34157944 3.78667693 5.31661446 3.99661175] -268.18579099002807
[5.74535278 3.39811493 1.35381288 3.80192198 5.26953101 3.947495  ] -268.12645409911397
[5.80216683 3.30837642 1.3639743  3.84112787 5.26402125 4.02368806] -268.1227291002946
[5.68876716 3.14858659 1.47245276 3.86612461 5.19919647 4.07076561] -268.1491926818894
[5.80082336 3.32296484 1.42009311 3.829702   5.31814522 4.12547424] -268.10263296738833
[5.8388271  3.35819867 1.4233559  3.8276251  5.37819363 4.20115198] -268.0932259963408
[5.82266573 3.2952022  1.52702124 3.82143194 5.29241733 4.04649599] -268.0554527845074
[5.86553014 3.29293103 1.62262261 3.81289756 5.30743568 4.02468862] -268.00935165702487
[5.78970065 3.26312735 1.3066641  3.79850892 5.20544361 3.95737198] -268.0315248309922
[5.928387   3.47481831 1.35173584 3.75913791 5.3472042  3.98940671] -268.0816689223386
[5.93281278 3.25085777 1.46968338 3.80907919 5.30276072 4.12664788] -268.0323233792272
[5.91954738 3.32142339 1.49475832 3.75919041 5.32118364 4.08477477] -268.0040535331521
[5.97823766 3.32794687 1.56015033 3.71822168 5.34976484 4.11531813] -268.01060759289254
[5.94838339 3.4043192  1.4874707  3.7951069  5.40616367 4.10189266] -267.9456935983931
[6.0176326  3.48174565 1.53013804 3.79580728 5.50195709 4.13977833] -267.89260994596117
[5.97904308 3.33676916 1.50184486 3.75058199 5.28380135 3.90640412] -267.9410776627171
[5.90636855 3.17413314 1.62350126 3.81621721 5.29365649 4.09048186] -267.88198570772846
[5.89535932 3.02379056 1.75938396 3.84475685 5.26688264 4.14101943] -267.84604202324397
[5.88945827 3.32240461 1.60212058 3.77816848 5.32614061 3.9580312 ] -267.82651179110974
[5.86778102 3.35817804 1.66833919 3.76271313 5.33783056 3.87372286] -267.7556166020247
[6.0585972  3.34181859 1.88569822 3.77680682 5.46758671 4.09942407] -267.84249748277364
[6.04712339 3.32831076 1.65743159 3.75038793 5.41897832 4.05701924] -267.7280689566686
[6.13792001 3.34600063 1.67483608 3.71913311 5.47474963 4.07318455] -267.66008296046215
[6.06589703 3.30801082 1.8453218  3.79074265 5.45641902 3.99306968] -267.5790859188561
[6.13907185 3.30130454 2.02060353 3.80651877 5.5240367  3.94721714] -267.4146964382412
[6.05974426 3.2808435  2.01115481 3.81799666 5.57387976 4.18504467] -267.5859234157746
[6.03519196 3.06889964 2.14320056 3.78016783 5.37969825 3.96675924] -267.5140108420464
[6.20407611 3.54189109 2.0418935  3.70968859 5.6523779  3.90743141] -267.5246729791204
[6.0893312  3.29055389 1.96764434 3.75526588 5.5132709  3.88502922] -267.21309444563235
[6.1046982  3.26492153 2.0086174  3.7444954  5.53611299 3.7778318 ] -266.9219801503128
[6.35911978 3.24310894 2.29842944 3.76328699 5.70912119 4.07876675] -267.2737653205079
[6.16271404 3.22098912 2.49979701 3.82158497 5.65032597 3.88116579] -267.2051766492789
[6.27521305 3.26619478 2.326359   3.72391753 5.57667791 3.6680127 ] -267.05503176196646
[6.15459351 2.91324843 2.39044215 3.83696858 5.47294643 3.86581973] -266.9676692272459
[6.36327819 3.33435614 2.37154895 3.78542291 5.77670881 3.77284539] -266.7741360792136
[6.52732131 3.46708439 2.48572314 3.78805045 5.97521409 3.67588847] -266.57234452093394
[6.38881478 3.15721119 2.64918584 3.75291587 5.78276282 3.70194461] -266.640412030672
[6.17866519 3.18677421 2.48827874 3.79269061 5.62222555 3.44478762] -266.532766725539
[6.08843789 3.15860685 2.58320338 3.80739242 5.57877773 3.12779805] -266.42072711464493
[6.35031221 3.18809994 2.3147133  3.72966178 5.65717136 3.391266  ] -266.25242670736986
[6.4441113  3.17165536 2.22217144 3.68370019 5.66059406 3.1463161 ] -266.0117961572479
[6.29411261 3.11138114 2.45342212 3.81392345 5.75879147 3.43052022] -265.8474330086368
[6.30356239 3.03397431 2.51695368 3.8589264  5.84984825 3.31177398] -265.2933108966982
[6.46438844 3.50456945 2.43150948 3.70819167 5.98815688 3.04803127] -265.8104852289926
[6.6341805  3.23277898 2.95429826 3.7885636  6.07567162 2.89275236] -265.604279470327
[6.4318525  3.36567859 2.41543395 3.7920257  5.92665805 2.69890881] -265.3719783250795
[6.26152303 3.02200345 2.55546692 3.7582162  5.71802144 2.39930506] -265.1025883144928
[6.1286239  2.79946298 2.59033882 3.74329908 5.58942511 1.76101335] -265.03141224372206
[6.71380179 3.21076637 2.46036516 3.7175098  6.11800693 2.49180057] -264.96218222880606
[7.02648373 3.23684614 2.39894604 3.67256849 6.38762152 2.17380183] -265.284622471353
[6.4480252  3.21075488 2.900795   3.8524719  6.18866156 2.25511068] -264.6610644751419
[6.44998216 3.23030464 3.24010679 3.93685775 6.45269531 1.80950797] -264.6580572172934
[6.42294597 2.78641918 2.9609894  3.90420244 6.01594487 1.94055441] -264.35785360722434
[6.40222473 2.42734404 3.22572936 4.00220783 6.02983887 1.38681597] -264.39870208034574
[6.1827424  2.90942304 2.440431   3.86237679 5.90852122 1.778434  ] -264.02796455593625
[5.95702335 2.74774507 2.18349738 3.89928339 5.82494602 1.22127482] -263.87309974682984
[6.22679402 2.57054559 2.90198312 3.89466725 6.02363077 1.4797329 ] -263.77997634626155
[6.12426478 2.1729791  3.1452577  3.94598803 6.07211713 0.87014494] -263.8701938782125
[6.32949467 2.74777363 2.92880654 3.83968016 6.15836809 0.25618736] -265.5079888280188
[6.31004546 2.96242414 2.61991689 3.85411484 5.92697821 2.54787733] -264.41746125604936
[6.56490701 3.03660535 2.86528076 3.99224608 6.53130893 2.06923598] -263.3123435473083
[6.78304857 3.15517653 3.00275173 4.11671958 7.00225084 2.22334729] -262.89746287352665
[6.00281139 2.60677201 3.17604994 4.15110529 6.29747508 1.24896433] -263.9542283554755
[6.11757409 2.37938953 2.37495604 4.00317318 5.91104663 1.74440905] -262.8294848406658
[5.95137006 1.95393198 1.94238066 4.0363309  5.64022229 1.7118596 ] -262.54450698643393
[6.13795232 2.31110598 2.76930052 4.14665477 6.34117842 0.72736712] -262.9471333579749
[5.93005393 2.32867321 2.36433172 4.17738462 6.36062294 0.93029428] -262.0277566469747
[5.68360791 2.09980022 2.06600288 4.3139757  6.53296197 0.42516422] -261.73414708984575
[6.24378736 2.33932979 1.77925548 3.98477191 6.15758835 1.34728432] -262.04487289026486
[6.3851634  2.0622183  2.63706075 4.26508998 6.74099819 1.41697699] -260.85536793589165
[6.59923343 1.71945491 2.86384244 4.44799328 7.19902427 1.51482807] -260.1403503842199
[6.2395392  1.95572088 1.90586145 4.45414813 6.93411127 1.17021731] -259.72943564024484
[6.24591179 1.64830852 1.40780062 4.73388856 7.38935152 1.01545952] -258.8099729023563
[6.36436738 1.99422801 1.58471075 4.39790521 6.96595466 2.01861388] -259.6111494629931
[5.57971074 0.76317462 0.87857922 4.52156894 6.29278351 0.45438924] -260.62146968671635
[6.28750281 1.56750004 1.5843498  4.76370363 7.87233248 0.54672015] -259.4147639358271
[6.00965733 0.92482565 1.68250642 5.07490653 7.92654778 0.64444071] -258.3277429805767
[5.89259232 0.21757359 1.63413189 5.61997385 8.8110275  0.29301891] -258.9280509075551
[6.67851991 0.77269702 1.26792688 4.99934635 8.01570278 1.63965297] -258.8908955661927
[7.14868681 2.11249677 2.58513309 4.95101225 8.83018765 2.00551586] -258.74361603676743
[6.31231525 1.28723042 0.50696674 5.1922609  8.46766802 1.10863962] -258.6222049053161
[6.52983058 0.77679147 1.42685043 5.50713421 9.20130874 0.30152907] -259.1262082399977
[6.68747108 0.93994991 1.37471159 5.38914597 8.73792302 1.69169243] -257.2140885203616
[6.88745522 0.62617485 1.26989249 5.70186713 9.17071829 2.26417857] -256.9655758719628
[6.56435152 1.68045295 1.47989165 4.71062637 7.39874993 2.59110002] -258.73839903094625
[6.37760606 1.9871327  1.70947013 5.12217423 8.37870495 1.57012513] -257.3620060860575
[6.85411227 1.2244626  1.67015288 5.51706057 9.33484069 2.37920712] -256.8277072156222
[ 7.15821252  1.01253964  1.80132901  5.90864658 10.30758528  3.06108092] -257.07942344766326
[5.85314574 0.46426295 0.18782701 5.48861967 8.06222224 1.51371453] -257.8426992714664
[6.20041244 0.49091011 0.86238024 5.98833664 9.71481739 0.56900188] -258.3686516559298
[6.41514777 0.61869253 1.95377631 5.77206069 9.06161577 1.87158302] -255.90994462557592
[6.46656403 0.28442359 2.6771811  6.06196059 9.35858964 2.25305472] -255.9176102764962
[6.59862903 1.45760698 1.96216151 4.90389297 7.59673252 2.84541448] -258.06781882540406
[6.98570803 1.20128522 1.23525369 5.76031856 9.2750637  3.50363358] -256.9201882651448
[ 6.52576267  0.5830633   0.713296    6.21680732 10.1643227   1.52206616] -257.06169635720744
[ 7.4954516   1.61600744  2.66278682  5.87480983 10.39953313  2.85655   ] -256.54086364153693
[ 7.34360646 -0.03057072  1.45891594  6.4921338  10.75665981  3.22894769] -257.47881556410147
[6.61910616 1.48270684 1.64683158 5.46466413 8.97319367 1.98483077] -256.35234905287393
[7.22656435 1.67337986 2.76626859 5.14678632 8.57399905 3.43126152] -258.37287969987915
[6.70096309 0.85564244 1.22653915 5.94930207 9.76674179 1.999365  ] -256.17354241103135
[6.80270776 1.7067575  2.19522099 5.74420482 9.76627796 2.60087792] -255.96108659863245
[6.64345485 1.3001379  2.54984889 5.68038215 9.82567063 1.06050437] -257.74909005633106
[6.90014474 1.22599839 1.56390249 5.74033445 9.41271544 2.89285127] -256.08685539177617
[6.79039477 1.27747245 2.0795329  5.99806476 9.79185189 2.35614554] -255.5011404338498
[ 6.75853601  1.30397738  2.28422291  6.23856685 10.02035749  2.34461475] -255.9212691125279
[5.91403649 0.77308261 0.89248099 5.68140047 8.52459904 1.71200118] -256.4866276450517
[6.30939027 0.98381382 1.33505745 5.72975281 8.99333256 1.99813838] -255.8803702764515
[6.6871433  0.74008554 1.80451152 6.17990908 9.95765147 2.58815628] -255.22836319396896
[ 6.72116188  0.36877488  1.88335148  6.53753155 10.44988037  2.88981904] -255.1814406717736
[6.6120193  1.20486075 2.44374139 5.89134763 9.39181621 2.87044006] -255.70926262325108
[6.31679584 0.82745893 2.39965769 6.15065297 9.73887615 1.96948338] -255.99002600841277
[6.46263307 0.92709379 2.19071889 6.04807334 9.65733597 2.20032535] -255.53417996630245
[6.30087459 0.08681191 1.76683848 6.24807211 9.34899963 2.12793921] -255.7149717165838
[ 6.65034352  0.99758334  1.94597055  6.3788867  10.14945644  2.94268617] -255.2980996634033
[ 6.86975211  0.63705189  2.76832712  6.63757255 10.60311427  3.13098007] -255.66687404330742
[ 7.06789362  1.71746713  2.67037563  6.24908674 10.66548542  3.3355262 ] -255.8332510312815
[6.49262935 0.49447571 1.99272277 6.24832576 9.67812108 2.42983596] -255.33584841682753
[ 6.71695226  0.36262327  1.84313317  6.72480393 10.7181038   2.44615732] -255.5224410228805
[6.40828617 0.83895593 1.21014947 6.00765613 9.54513558 1.95734306] -255.77103780942758
[ 6.75438562  0.6875279   2.37878271  6.48009345 10.3386196   2.83757082] -255.2956968115371
[ 6.91265606  0.46905873  1.85044564  6.74116205 10.71800842  3.10041293] -255.56422516131425
[6.57513882 0.81258503 2.10565058 6.22134552 9.92250408 2.42534725] -255.27575505507576
[6.61106572 1.1835165  2.28553715 5.89661199 9.39204069 2.84764427] -255.58553890576044
[ 6.69048063  0.56784658  1.95373417  6.51775594 10.38658802  2.54652906] -255.2574210502348
[ 6.5043185   0.03212536  2.00720452  6.79658155 10.51653797  3.00111722] -255.5575289478454
[6.7188757  0.96613568 2.0614508  6.19769396 9.97302341 2.51738846] -255.25460759449166
[ 6.87749937  0.97234209  2.11692399  6.52944327 10.72856956  2.95661098] -255.19406626554465
[ 6.79550382  0.46082071  2.2206607   6.44906786 10.45027191  2.44840236] -255.26626947159096
[ 6.70516778  0.69530709  1.7351412   6.33751925 10.29832619  2.4237949 ] -255.26428107842014
[ 6.92775757  0.53115732  1.88477021  6.63499176 10.83971573  2.83550101] -255.26260353969968
[ 6.75147716  0.90636717  1.65779659  6.46924406 10.44176252  2.94147879] -255.22815947852376
[ 6.85724965  0.74223415  2.11753455  6.62470093 10.64152035  3.13864755] -255.31549835436007
[ 6.74318825  0.70703885  1.83073954  6.40931467 10.38412473  2.60250806] -255.1686203180751
[6.57313675 0.9650111  1.94989532 6.25200272 9.94826714 2.64927711] -255.24807100375298
[ 6.77129908  1.06071001  1.87965174  6.28065413 10.25528789  2.97249842] -255.15757134649687
[ 6.8117083   1.30714173  1.84261053  6.16210323 10.18963782  3.1854831 ] -255.3305339434594
[ 6.76037846  0.69394569  1.71133542  6.62836951 10.76294065  3.15334234] -255.19557077739438
[ 6.96853131  0.60471513  1.74337094  6.69951635 11.05925477  3.18947543] -255.32195718349084
[ 6.67198539  0.87493711  1.89826422  6.36388113 10.22601404  2.78432669] -255.1427794416888
[ 6.76369365  0.65288238  2.11562554  6.44715403 10.49384323  2.84488972] -255.11719686061184
[ 6.7698019   0.52613999  2.34454002  6.43610902 10.51988358  2.79659518] -255.25158464296277
[ 6.75589741  0.85161609  2.19685009  6.22762342 10.08296595  2.53020863] -255.21938328648557
[ 6.7592582   0.73336329  1.83271409  6.52818299 10.59294698  2.99755891] -255.12321809277012
[ 6.59936278  0.49356009  1.69652488  6.32612956 10.07212951  2.7405893 ] -255.22827154161257
[ 6.80796522  0.85264659  2.01182422  6.47861485 10.56445955  2.90260556] -255.12190349255386
[ 6.78463472  1.25841786  1.97292163  6.29840238 10.38901177  2.81164341] -255.23471924684463
[ 6.73703009  0.59118563  1.90574402  6.47774926 10.43466322  2.87027513] -255.11738495075997
[ 6.76055563  0.88153615  2.05053507  6.44943079 10.47161357  3.18821008] -255.1445462629959
[ 6.72886365  0.46814037  2.05858398  6.63435022 10.67255898  2.89012361] -255.17355165965304
[ 6.76069022  0.9125676   1.9243848   6.36907815 10.35960566  2.95190472] -255.1121293473637
[ 6.73965196  0.65765805  1.84565056  6.43878934 10.41889732  2.59564349] -255.17326704259563
[ 6.75532971  0.82556662  1.99931394  6.44677043 10.45843451  3.04006844] -255.10767127152172
[ 6.85600364  0.64780026  2.03160465  6.55196878 10.74197034  3.08477413] -255.12720317134392
[ 6.80999908  0.70458447  1.99826954  6.50494686 10.61298126  3.00966227] -255.10320740073638
[ 6.78564446  0.77978114  2.15233993  6.37992154 10.3817155   2.87557637] -255.11231507002853
[ 6.72949718  0.63620936  2.02006838  6.39659192 10.34928824  2.96151999] -255.12505058240043
[ 6.78834821  0.79853728  2.01388526  6.45810911 10.51066672  2.91733417] -255.10166146986631
[ 6.81753835  0.96678754  2.16219565  6.39091079 10.50441908  3.00953676] -255.13504522964013
[ 6.75715715  0.68508611  1.96985693  6.45603964 10.45210218  2.90509054] -255.09881773566786
[ 6.78869596  0.91582536  1.90372459  6.42446788 10.43132538  3.05498911] -255.13448355844
[ 6.76994423  0.71861812  2.0626503   6.4414825  10.47821377  2.89741457] -255.10154272234334
[ 6.76151174  0.76853893  1.83711366  6.51222069 10.5756192   3.03158186] -255.12032624245802
[ 6.77961128  0.77697059  2.07353336  6.41299633 10.43019142  2.91457774] -255.09913287169275
[ 6.792773    0.59055346  2.11478498  6.53770347 10.62125763  2.94281119] -255.11770791822784
[ 6.76871091  0.83206407  1.97198485  6.41123448 10.42501865  2.94963134] -255.0990773937821
[ 6.80259391  0.67972026  2.03074614  6.44816588 10.51129016  2.82450177] -255.1108331312754
[ 6.76714576  0.78910503  2.00717199  6.44711929 10.47164842  2.98617677] -255.09857048697884
[ 6.73364011  0.82887593  2.03475802  6.37071359 10.30963246  2.84707943] -255.10927412635886
[ 6.79090933  0.73565734  2.00739166  6.47138855 10.53714406  2.96901656] -255.09683699817074
[ 6.75614468  0.71396314  2.01697778  6.42197782 10.42077278  2.95663501] -255.10187552979426
[ 6.78029733  0.77739374  2.01465839  6.44907629 10.48819324  2.92715938] -255.097496938145
[ 6.7779997   0.81347417  1.95221542  6.4411357  10.45655223  2.98646954] -255.10351560108504
[ 6.77195809  0.74233213  2.03504158  6.4413958  10.47279838  2.91967831] -255.09705043354083
[ 6.76578158  0.74357555  1.92850177  6.47908835 10.51877689  2.97100656] -255.10086032090913
[ 6.77615385  0.76862183  2.03727547  6.42951933 10.45233779  2.92868494] -255.09681609697176
[ 6.77916293  0.66733466  2.05181383  6.48694515 10.53305604  2.92897083] -255.10071903612092
[ 6.77132392  0.79088171  1.99194209  6.43016215 10.452028    2.94446621] -255.0968965555591
[ 6.79543894  0.84957783  2.06130346  6.43351416 10.50594778  2.98663685] -255.1029018966921
[ 6.7667276   0.72620904  1.99271856  6.45040827 10.46556358  2.92547712] -255.09780190184776
[ 6.78531095  0.72459357  2.01917059  6.44353084 10.48437326  2.8853174 ] -255.0982661904029
[ 6.78076965  0.74072143  2.01617094  6.44442795 10.48119205  2.91053225] -255.09710383101674
[ 6.79040979  0.79232703  2.04144148  6.43824842 10.49566759  2.94103543] -255.09753701364184
[ 6.78448924  0.77579753  2.02926075  6.44128838 10.48814159  2.93714585] -255.0968558795968
[ 6.77823737  0.74061025  2.02436911  6.43698443 10.47302072  2.942682  ] -255.09742233830306
[ 6.77875236  0.74980612  2.02194143  6.44000739 10.47681385  2.93880134] -255.09661356455663
[ 6.77709262  0.78031079  2.02478005  6.44015925 10.47856251  2.96873216] -255.09712977038484
[ 6.77985039  0.75061877  2.01832322  6.44336078 10.48053467  2.92508222] -255.0965575442078
[ 6.78853494  0.7814623   2.00033662  6.4438464  10.48953494  2.9613874 ] -255.0969449936332
[ 6.78439073  0.77167976  2.00901286  6.44323375 10.4853508   2.95096013] -255.09666924418062
[ 6.79352472  0.72651207  2.04912637  6.45943724 10.52141292  2.93876414] -255.0971433508754
[ 6.77687412  0.7747893   2.00623816  6.43748092 10.46937423  2.94304069] -255.09640668331787
[ 6.77782102  0.74126018  2.00413352  6.44704186 10.47904354  2.94804945] -255.0965626157353
[ 6.76703816  0.78326798  2.02491656  6.40882613 10.41067423  2.9091897 ] -255.09708483178136
[ 6.78494154  0.74756     2.01177288  6.45574794 10.5055266   2.95405985] -255.09652776159913
[ 6.78472286  0.74328288  1.98653189  6.45943821 10.51321011  2.95797962] -255.09643614415714
[ 6.7765967   0.73075933  2.00730084  6.45112529 10.48948353  2.93804426] -255.0966714870391
[ 6.78244222  0.76144965  2.00858486  6.44520663 10.48638398  2.94773116] -255.0965068708291
[ 6.78346503  0.75651414  1.98992008  6.45608472 10.50121053  2.95317965] -255.09693309273106
[ 6.77993053  0.75148313  2.01393609  6.44402673 10.48291302  2.94239592] -255.0964796935409
[ 6.78509954  0.76846773  2.01099552  6.44804521 10.50027066  2.94204704] -255.0964494011351
[ 6.78481988  0.76505879  1.99436325  6.45328777 10.5053582   2.9706692 ] -255.0969220355276
[ 6.78109276  0.75422878  2.01233323  6.44584252 10.48674055  2.93647897] -255.09649269346167
[ 6.7784458   0.77034049  2.00110036  6.4375988  10.47410424  2.93583129] -255.09643951606125
[ 6.77961298  0.75941445  2.00179356  6.44560417 10.48915362  2.93819335] -255.09654314330137
[ 6.78173491  0.76094085  2.00688703  6.44530602 10.48707639  2.94534671] -255.09649701542534
[ 6.78032029  0.75992325  2.00349139  6.44550478 10.48846121  2.9405778 ] -255.09653538352288
[ 6.78138126  0.76068645  2.00603812  6.44535571 10.4874226   2.94415448] -255.09650147155662
[ 6.78079849  0.75903609  1.99638503  6.44845957 10.49129217  2.95051015] -255.09635464948946
[ 6.77765996  0.7725649   2.00366926  6.43753986 10.47173924  2.93943599] -255.09638803702626
[ 6.78098683  0.77162852  2.00861684  6.44276307 10.48482244  2.94254387] -255.09651400805473
[ 6.77840232  0.76313621  2.01008713  6.44075382 10.47614362  2.94271831] -255.09633019054408
[ 6.77898344  0.76450904  2.00928569  6.44166172 10.47805739  2.93975983] -255.09636314259916
[ 6.77930452  0.76786508  2.0065626   6.44139347 10.47822531  2.9441937 ] -255.09641068062692
[ 6.77635412  0.76233836  2.00212578  6.43966672 10.47012154  2.94400902] -255.09627219292395
[ 6.77403777  0.75769328  1.99888025  6.43811855 10.46277109  2.9447416 ] -255.0962499556038
[ 6.77628085  0.7627112   2.00161924  6.43994468 10.47156727  2.94254183] -255.09628275722022
[ 6.7785135   0.75176094  2.00040404  6.44467848 10.48114936  2.94352854] -255.0964905128849
[ 6.77728396  0.76903221  2.00477963  6.43928031 10.47231801  2.94316266] -255.09635814571467
[ 6.77760232  0.75280778  2.00334306  6.44519969 10.47897728  2.94837547] -255.09640068014153
[ 6.77764555  0.76762562  2.00358771  6.43945482 10.47354875  2.94167086] -255.09635226866018
[ 6.77583288  0.7619025   1.9958273   6.4403422  10.47115625  2.94868864] -255.09638494833166
[ 6.7781958   0.7638574   2.0059211   6.44133184 10.4763321   2.94199203] -255.0963436815121
[ 6.7778363   0.75565439  2.00071386  6.44340745 10.47823365  2.94489561] -255.0963994217102
[ 6.77742205  0.76568776  2.00376319  6.4403121  10.47379692  2.94359589] -255.09634508090622
[ 6.77319629  0.76786773  2.01156785  6.43151237 10.45342775  2.93524335] -255.09622840103754
[ 6.76939519  0.77228355  2.01915926  6.42303877 10.43449554  2.92760995] -255.0964422210031
[ 6.77486614  0.75935891  2.00702521  6.43786964 10.46446417  2.94194014] -255.0961843184229
[ 6.77347644  0.75522555  2.00874395  6.43707704 10.45992188  2.94207479] -255.09617741785397
[ 6.77377444  0.75780937  2.00850999  6.43593401 10.45959098  2.93950808] -255.0961552586084
[ 6.77195064  0.75387018  2.01088339  6.43374496 10.45248801  2.93746417] -255.09615564339578
[ 6.77152691  0.75762371  2.00721504  6.43311499 10.45147543  2.94028395] -255.0961359242016
[ 6.76819246  0.75450686  2.00786201  6.42900656 10.43904709  2.93942991] -255.09615901052848
[ 6.76902858  0.7565074   2.00209165  6.43114672 10.44344118  2.93874623] -255.09612489253846
[ 6.76434171  0.75319299  1.99809391  6.42634317 10.42708996  2.93676018] -255.09619605284541
[ 6.76873262  0.75486448  2.010717    6.42902321 10.43864217  2.93765751] -255.0961557456189
[ 6.76920732  0.75893947  2.01740157  6.42781756 10.43939538  2.93309636] -255.0962225003547
[ 6.76871915  0.74578893  2.00665855  6.43319214 10.44406126  2.94187895] -255.09623073820683
[ 6.772077    0.76234803  2.01034052  6.43193231 10.45108613  2.93690225] -255.09614133023453
[ 6.77366468  0.75585338  1.99847115  6.43825853 10.46199055  2.94529457] -255.09624616424674
[ 6.77032166  0.75816795  2.01266896  6.43042781 10.44504417  2.93614592] -255.09613721223872
[ 6.76834397  0.76054809  2.0084371   6.42678264 10.4365048   2.93433986] -255.0961414365447
[ 6.77295823  0.7628037   2.00570409  6.43408961 10.45707206  2.93765125] -255.0961634979772
[ 6.76978903  0.75684928  2.00946377  6.43028981 10.44324964  2.93765594] -255.09612553660963
[ 6.76658794  0.75953878  2.00822903  6.42529742 10.43067613  2.9351833 ] -255.09616939770453
[ 6.77197782  0.75824172  2.00843975  6.43327486 10.45236227  2.93842688] -255.09614005409105
[ 6.7732297   0.75603127  2.0083028   6.43661286 10.45904814  2.94171387] -255.0961683259738
[ 6.7695654   0.75941889  2.00840352  6.42924019 10.44214064  2.93618336] -255.09612177691255
[ 6.76865946  0.75325495  2.00575371  6.43056581 10.44148498  2.93891184] -255.0961452080013
[ 6.77122262  0.76007476  2.00919382  6.43159069 10.44868584  2.93740465] -255.0961249149707
[ 6.76850691  0.75797227  2.00790584  6.42866188 10.43898336  2.93704646] -255.09613378671415
[ 6.76955815  0.75798082  2.00208892  6.43092029 10.44428119  2.93962762] -255.09613334554354
[ 6.76769666  0.7586441   2.00583413  6.42750154 10.43545186  2.9352708 ] -255.09612575815166
[ 6.77044656  0.75851948  2.00445276  6.43156787 10.44676675  2.9379164 ] -255.09611541490295
[ 6.77141639  0.75879308  2.00272622  6.43302087 10.45065845  2.93835137] -255.09613730962593
[ 6.76969146  0.75869048  2.01105764  6.42952532 10.44229744  2.93476484] -255.09612693317425
[ 6.76965813  0.75851306  2.00881546  6.42987406 10.44279338  2.93598054] -255.09611575637223
[ 6.77220678  0.75798352  2.00830619  6.43373491 10.45357396  2.93935824] -255.09613356616066
[ 6.76882419  0.75847895  2.00645215  6.42905988 10.43998238  2.93629266] -255.09612389346188
[ 6.7697928   0.76032156  2.00367268  6.43053666 10.44468708  2.93651867] -255.0961048014643
[ 6.76979469  0.7620577   2.00077714  6.43066009 10.4454058   2.93595003] -255.0961233637119
[ 6.7678826   0.75717835  2.00210225  6.42888444 10.43791796  2.93647463] -255.0961255327793
[ 6.77038761  0.75935066  2.00742093  6.43091413 10.44599387  2.93717215] -255.0961197167408
[ 6.77052966  0.76169347  2.01098085  6.42925088 10.44401352  2.93460836] -255.0961425449787
[ 6.76940385  0.75780391  2.00431395  6.43067276 10.44358426  2.93771176] -255.09610592594086
[ 6.77092727  0.7594969   2.00590762  6.43187534 10.44867295  2.93753496] -255.09611196636067
[ 6.77064001  0.75858297  2.00312427  6.43257342 10.44869213  2.9380948 ] -255.0961159473661
[ 6.76990193  0.75839531  2.00267465  6.43145258 10.44573831  2.93741356] -255.09611970552643
[ 6.77002335  0.75863414  2.00386122  6.43131797 10.4458022   2.93735321] -255.0961062786557
[ 6.76944398  0.75918005  2.00721696  6.42937481 10.44207675  2.93624371] -255.096118200548
[ 6.770341    0.75873224  2.00414744  6.43177376 10.44703828  2.93763203] -255.09611268809175
[ 6.77065348  0.75932302  1.99996977  6.43270739 10.44939047  2.93890847] -255.09613932428618
[ 6.76990697  0.75871555  2.00660403  6.4305824  10.44444265  2.93671252] -255.0961135400852
[ 6.76968518  0.75938196  2.00504955  6.43068509 10.44464239  2.93657132] -255.0961030181199
[ 6.76930449  0.7598132   2.00534795  6.4302437  10.44358021  2.93589877] -255.0961132100203
[ 6.77015085  0.75940802  2.00238012  6.4317048  10.44703307  2.93772813] -255.09611147652865
[ 6.76965343  0.75961659  2.0042476   6.43049044 10.4444357   2.93684065] -255.09610825081688
[ 6.76864255  0.75889183  2.00193409  6.42992723 10.44138862  2.93670628] -255.09611448559423
[ 6.77035609  0.75934563  2.00491424  6.43138832 10.44685187  2.93732779] -255.09611084760576
[ 6.76948739  0.75895991  2.00630629  6.42999228 10.4429681   2.93637967] -255.09610859133954
[ 6.76899258  0.75889373  2.0042362   6.42984342 10.44185471  2.93646397] -255.09611553260598
[ 6.77001521  0.75923266  2.00474473  6.43100209 10.44560258  2.93711184] -255.0961155333592
[ 6.76973899  0.75985176  2.00436112  6.43061088 10.44466474  2.93654499] -255.09611103639082
[ 6.76954452  0.75859294  2.00468175  6.43067893 10.44411333  2.93714154] -255.0961077681894
[ 6.76985427  0.75900805  2.00445539  6.43100153 10.4452223   2.93696226] -255.09610506476847
[ 6.76966931  0.75949928  2.00464858  6.43058777 10.44453905  2.93670598] -255.09610189778428
[ 6.76958628  0.75917094  2.00567792  6.43033869 10.44380524  2.93647549] -255.09610923009183
[ 6.77002064  0.7593638   2.0049819   6.4310367  10.44574713  2.93694955] -255.09610698132062
[ 6.7697144   0.75848723  2.00547058  6.43083203 10.44469174  2.93705706] -255.0961135346089
[ 6.76973285  0.75951063  2.00463848  6.43066616 10.44467149  2.93667301] -255.09612190355503
[ 6.76967724  0.75944062  2.00484907  6.43063643 10.44459072  2.93663865] -255.09610146722565
[ 6.76976179  0.75925366  2.00455198  6.43079465 10.44488067  2.93683412] -255.09610541256433
[ 6.76984497  0.75943154  2.00481524  6.43081224 10.44514309  2.93682777] -255.09610952841845
[ 6.76960691  0.75904611  2.00466517  6.43063335 10.44432619  2.93692376] -255.09611229543503
[ 6.76962779  0.75933511  2.00516325  6.43046323 10.44417214  2.93659074] -255.0961026949608
[ 6.76970415  0.75967552  2.00450485  6.43059932 10.44460189  2.93662549] -255.09611192404725
[ 6.76982151  0.75983247  2.00484582  6.43066453 10.444983    2.93648382] -255.09611182020865
[ 6.76976339  0.75925537  2.0051198   6.43072029 10.44483433  2.93673487] -255.09610988448372
[ 6.76962666  0.75890606  2.00487015  6.43067367 10.44440367  2.93696022] -255.0961034049129
[ 6.7696392   0.75936672  2.00451296  6.43060237 10.44440878  2.93678429] -255.09610578250664
[ 6.76948902  0.75916894  2.00471676  6.43044047 10.44385526  2.9366769 ] -255.09610846875887
[ 6.76957801  0.75923459  2.00474138  6.43053341 10.44417721  2.93671462] -255.09610295040318
[ 6.7696744   0.75918972  2.00509518  6.43062735 10.44451237  2.93669716] -255.09610043109294
[ 6.769692    0.75910123  2.00538629  6.43063984 10.44456417  2.93665359] -255.09611258265554
[ 6.76952269  0.75928146  2.00523722  6.4303793  10.44391772  2.93660167] -255.09611212037828
[ 6.76970201  0.75926061  2.00472329  6.43069081 10.44463993  2.93677601] -255.09612193903752
[ 6.76967582  0.75931517  2.00497212  6.43063189 10.44455155  2.9366679 ] -255.09611281538741
[ 6.76967185  0.7593445   2.00487188  6.43060756 10.44452571  2.93670157] -255.09611440296143
[ 6.7696511   0.75926241  2.00512922  6.43054529 10.44434226  2.93664395] -255.09611262660266
[ 6.76962621  0.75921216  2.00491828  6.43058038 10.44434479  2.93670589] -255.09611441278076
[ 6.76965053  0.75904789  2.00498266  6.43065051 10.44445802  2.93682869] -255.0961082371801
[ 6.76971809  0.75922169  2.00482358  6.430711   10.44469652  2.93676564] -255.09610673167404
[ 6.76972106  0.75924831  2.00503994  6.43067749 10.44468402  2.93672908] -255.0961122225882
[ 6.76969181  0.7590839   2.00514235  6.43067362 10.44455587  2.93674257] -255.0961144130566
[ 6.76967684  0.75927935  2.0049395   6.43062407 10.44453325  2.93671182] -255.09611494830085
[ 6.76969625  0.75920571  2.00495938  6.43066917 10.44460445  2.9367314 ] -255.09610272539237
[ 6.76966246  0.75911881  2.00503892  6.43063893 10.4444852   2.93676292] -255.09610232467372
[ 6.76969773  0.75921901  2.00506756  6.43065242 10.4445982   2.93671312] -255.0961115841177
[ 6.76966275  0.75922607  2.0051122   6.43058632 10.44442732  2.93667055] -255.09611009831093
[ 6.76967511  0.75925245  2.00503365  6.43062962 10.44453196  2.93668253] -255.0960948642851
[ 6.76967313  0.75926711  2.00498353  6.43061745 10.44451904  2.93669936] -255.09611077073453
[ 6.7696503   0.75920094  2.00500673  6.43060386 10.44442858  2.93670152] -255.09610577112053
[ 6.7696673   0.75913079  2.00509849  6.4306343  10.44447758  2.936716  ] -255.09610640752496
[ 6.76967919  0.75914007  2.00496525  6.43068143 10.44458607  2.93675996] -255.09610324845974
[ 6.76967861  0.75923844  2.00493455  6.43064916 10.44457196  2.93672917] -255.09610607644117
[ 6.76967578  0.75921153  2.00497553  6.43064544 10.44454837  2.93672587] -255.09610173658874
[ 6.7697041   0.75917182  2.00501591  6.43069345 10.44466089  2.93675176] -255.09611347747588
[ 6.76966375  0.75919366  2.00500902  6.43062626 10.44448666  2.93671408] -255.09611011646604
[ 6.76967476  0.75922108  2.00506442  6.43062848 10.44452217  2.93668984] -255.09609763961925
[ 6.76967545  0.75923199  2.00500459  6.43063753 10.44454016  2.9367042 ] -255.09611409088646
[ 6.76966879  0.75918563  2.00503629  6.43063427 10.44450858  2.93672273] -255.09610802834072
[ 6.76968568  0.75922908  2.00499652  6.4306494  10.4445682   2.93670696] -255.09610614471273
[ 6.76967715  0.75919626  2.00499945  6.43065552 10.44455901  2.93672124] -255.09611142110498
[ 6.76966271  0.75922669  2.00502019  6.43061674 10.44448027  2.93669203] -255.09610983580583
