[ 0.84807435  0.00442737  0.93147809  0.56422411 -0.30843074 -1.04956275] -268.06338476581027
[ 0.49733964  1.18724878  0.90877585 -0.47243304  0.76482156  0.52574353] -301.2700557582692
[-0.68967491 -0.96860648  0.63281577 -0.80391793  0.24100019  0.08616647] -296.92734066362954
[-0.05906009 -0.04595933  1.75543005 -0.40544343 -0.47798853  0.36662663] -285.30160195042697
[-0.96790398 -2.13770079 -2.11351386  0.37407671  2.73818959 -1.05195408] -352.8269867172575
[ 0.47663648 -0.15924616  0.86921873 -0.08655786  0.40396417  0.34032549] -288.70858081262224
[ 0.27395772  0.23684377 -1.08555959  0.27955152  1.19790559  0.65679442] -302.9831907533531
[ 1.41699504  2.22260344  3.45090016 -0.68226892 -2.13109885  1.36065201] -291.43991229622543
[ 0.55614579  0.50997877  3.93509914 -0.90835054 -1.70048299 -0.11347729] -294.1964832392686
[ 0.35236591 -0.66618292  2.94953813 -0.30167181 -2.08916715 -0.1955    ] -288.0505818252637
[ 1.88672741  1.5904802   3.997739    0.19722844 -2.34206822  0.15018822] -283.28723835396283
[ 1.08443391  0.4720621   0.71633558  0.67018739 -0.61444678  0.4377205 ] -266.1557743071779
[ 1.34857797  0.45310377 -0.8930462   1.45945635 -0.07142868  0.71331939] -259.8993304980135
[ 0.20077897 -1.83039579 -0.24744756  1.15801419  0.5027258  -1.25218635] -274.25770907470815
[ 1.04918503 -0.00559607  1.96201177  0.97716048 -1.99941668 -0.7626971 ] -267.73917530838725
[ 1.40572863  0.7215363  -0.44748308  1.61855186  0.52363146 -0.41593731] -260.0443526120011
[ 2.30541754  0.35714459  0.01232062  2.39698857 -0.75367382 -1.2389186 ] -245.8342213355973
[ 3.48765636  0.55869655 -0.85923409  3.79820457 -0.89151646 -2.04169122] -257.78048361396793
[ 0.49919343 -1.69040682 -3.55846112  2.52757008  1.63987066 -1.4855158 ] -277.673119834703
[ 0.84607692 -0.87018506 -1.66941109  1.94498467  0.64438594 -1.07658979] -261.9083106629302
[ 2.40024118  2.05053943  0.2127376   1.82910783 -1.15770331 -0.02460904] -252.98115717071565
[ 2.27033474  0.89775361 -1.20576822  2.84452581 -0.62963761  0.11441859] -243.6746948231747
[ 2.98146493  1.34441673 -2.27439138  3.98467666 -0.79024105  0.69640926] -252.9614133562824
[ 2.47627397  1.20889361 -3.29222856  3.05404455  1.51794134  0.11992485] -250.52528670298838
[ 3.22278109  2.76650883 -0.20174486  2.45590699 -0.83467615  0.83265575] -251.428282780725
[ 3.26881353  1.85644498 -1.34176013  3.06145818 -1.16669087  0.58820096] -253.87777826611122
[ 3.96604272  2.59265792 -1.04576831  3.75455429 -0.93671813 -0.58276189] -268.85285483891744
[ 2.00294416  0.9879923  -0.93122673  2.03323084 -0.28775104  0.38929907] -249.14137576524612
[ 1.6238507   0.89983248 -0.46020993  1.80981002  0.45152401 -0.52394409] -255.3813744100448
[ 2.85757282  1.61729185 -1.12137258  2.74854614 -0.76213715  0.3101647 ] -246.73865199916298
[ 2.64486693  0.56132217 -2.45941104  3.3486398   0.57439183  0.20045716] -240.15301739467387
[ 2.7671798  -0.18328645 -3.79548536  4.10840579  1.4404394   0.31299026] -240.70474005681342
[ 1.62968896 -0.88970945 -2.79748397  3.01941825  0.721054   -0.8675405 ] -247.71082396025918
[ 2.09400108 -0.03162858  0.45791459  2.40973859 -1.89719261 -0.48396471] -255.1146221839396
[ 2.38070575  0.89876306 -2.35469278  2.89296806  0.66415785 -0.03104754] -244.27669350390082
[ 2.69325142  0.15952965 -2.37757592  3.71713137  0.22580274 -0.89345447] -239.25942567046005
[ 3.03840506 -0.25470168 -3.10075052  4.55908164  0.48257963 -1.53483124] -243.50995227033326
[ 3.42102744  2.38697776 -0.37134933  2.96351501 -0.94808605  0.35474711] -252.81142393162955
[ 2.07752358 -0.07053765 -2.19095031  3.00544244  0.30376898 -0.5619686 ] -242.290271670049
[ 1.93312717 -0.68263337 -2.40398664  3.32001921  0.89040714 -1.11366918] -242.6741138658887
[ 2.36118565  0.23092124 -4.3431156   3.97925366  1.4299708   0.47716392] -244.22313925699146
[ 2.27939075 -0.53331118 -2.6389098   3.84536937  0.2674101  -0.56130332] -238.32281306091053
[ 2.22873325 -1.2493483  -2.78101832  4.32157003  0.06903623 -0.82643121] -239.5183962332191
[ 2.27164588 -0.12021349 -0.08241839  2.71445568 -0.88592307 -1.41567053] -245.31134132145834
[ 2.33880071  0.14313755 -3.27794129  3.66305416  0.85099733  0.00395531] -240.65549371390057
[ 2.38531878 -1.03858455 -3.91049011  4.12202631  1.66723032 -1.08974629] -243.29000899659675
[ 2.35657277 -0.55450001 -3.23430964  3.80265119  1.09301334 -0.78870507] -240.35741993141153
[ 2.86367489  0.58451355 -2.98904603  3.80741023  0.21472097  0.24666286] -241.05716142669417
[ 2.98132891  0.19076822 -3.46811426  4.38930961  0.77167645 -0.03549392] -239.608399925204
[ 2.23439561 -0.59553142 -2.82970796  3.78130827  1.0463763  -0.93817762] -239.20146382142593
[ 2.72446809 -0.40037841 -2.39140158  3.96508237  0.47522626 -1.00951439] -237.5530524723083
[ 2.91730178 -0.67213639 -1.94813173  4.11609648  0.28734072 -1.51624924] -238.8158665957804
[ 2.8293278   0.34863302 -2.15406388  3.87962908  0.02728122 -0.29045712] -239.85420985782352
[ 2.6025206  -0.83808555 -2.8271801   4.51063689  0.36353253 -1.44325743] -240.2561518349283
[ 2.63428035  0.21147024 -2.5513533   3.63913908  0.521677   -0.21047149] -238.4254158238596
[ 2.35304391 -0.67111732 -3.26495706  3.89948428  1.07544173 -0.92568129] -239.79161305869957
[ 2.47211488 -0.41617974 -2.98723377  3.89452048  0.8134016  -0.76687524] -238.29529042171856
[ 2.03130479 -0.71556851 -1.79061318  3.22487404  0.34495488 -1.42443826] -240.47416003989346
[ 2.74382288 -0.03581596 -3.04873899  4.09820072  0.66499606 -0.38273   ] -238.0975118923959
[ 2.33623943 -0.74944513 -3.10487255  4.02407539  1.03722637 -0.39623622] -238.21940746298145
[ 2.82904318 -0.04568864 -2.74446204  4.04082086  0.21360283 -0.17086593] -239.5910991863829
[ 2.3830575  -0.45807072 -2.80839648  3.84618642  0.83818293 -0.7463497 ] -238.01215260189198
[ 2.3454175  -1.07587062 -3.10849775  4.25200584  0.84380411 -1.07719813] -237.5997651975387
[ 2.72231601 -0.51194235 -3.17747057  4.18132103  1.29020234 -0.89833125] -237.5835497037485
[ 2.61299225 -0.66099466 -2.89255887  4.22777011  0.90314442 -0.73657799] -236.50160794987312
[ 2.68343094 -0.78340213 -2.84522143  4.39439493  0.94801582 -0.72142936] -235.8622506903226
[ 2.86459821 -0.33904826 -2.68836972  4.22165505  0.6495828  -1.21561472] -238.07922948994639
[ 2.4972732  -1.15375487 -2.62438019  4.18868117  1.01667536 -1.50674918] -236.77649930656628
[ 2.2540562  -1.12209144 -2.96341961  4.05423554  1.1544528  -0.77090928] -238.3986517166077
[ 2.71196271 -0.53480906 -2.75713219  4.17980017  0.7758003  -1.10443836] -237.11036902052655
[ 2.84523198 -1.02864842 -2.82630476  4.54090875  0.94505846 -1.35953719] -236.9894341827314
[ 3.04947681 -0.39510779 -2.43213915  4.2313903   0.97318874 -1.12280177] -236.1976534771699
[ 2.7816319  -0.92009121 -2.11472253  4.31876487  0.42111931 -1.37649217] -237.6272139717976
[ 2.73714498 -0.61397956 -2.91178356  4.21568199  1.07293158 -1.01787148] -236.74489103844684
[ 2.78370545 -1.10285553 -3.07425218  4.61853673  1.4353305  -1.26809473] -235.979789202065
[ 2.82012508 -1.15777371 -2.81422823  4.55006445  1.35459985 -1.22772287] -235.47517552408695
[ 2.87420626 -1.46925604 -2.84277624  4.73519659  1.64399963 -1.28936513] -235.1290728995716
[ 2.6965139  -0.81080355 -2.75054616  4.25371848  1.41832208 -0.94923336] -236.03754296663655
[ 3.11088624 -0.57137999 -2.99452605  4.62762518  1.48058743 -0.61618276] -235.26641640019662
[ 2.99559489 -1.09695545 -2.73470351  4.73793875  1.56021649 -0.97116423] -234.22536750592968
[ 3.12481984 -1.33844339 -2.64616348  4.99906712  1.80385894 -0.9478106 ] -233.2860055641622
[ 2.7083774  -1.63027242 -3.28568936  4.97812271  1.93684939 -0.80790354] -235.21241100820265
[ 3.06529481 -1.48773295 -3.14566343  5.1972626   1.66455849 -0.93436201] -235.31057112237798
[ 3.07196638 -1.32397344 -2.84576115  5.02535298  1.7239594  -0.50425641] -233.4369570935989
[ 3.30175271 -1.82361728 -3.07497181  5.45981413  2.46992194 -0.97853079] -234.04143333603096
[ 2.99870814 -1.23124791 -2.75096594  4.74446364  2.02183375 -0.78032106] -234.30397843833393
[ 2.915724   -2.36755683 -2.82091661  5.35304722  2.38622026 -1.15321308] -234.06173788263442
[ 3.38734837 -1.55442587 -2.37482906  5.12752452  2.07974858 -1.07659549] -232.81351260394257
[ 3.72683386 -1.5165026  -1.91939891  5.20222542  2.15119817 -1.21094146] -232.68881101508424
[ 3.50572871 -1.73119111 -2.50994973  5.52612691  2.54166452 -0.56899267] -231.60847875430483
[ 3.82148994 -1.86215865 -2.34353647  5.92159207  2.99049697 -0.20880644] -230.80759723015143
[ 3.65548744 -2.17950282 -2.4659502   5.90923601  2.48671814 -0.88753186] -233.6080954375819
[ 3.98505939 -0.98050923 -2.2776774   5.4860487   2.15583093 -0.42607944] -234.5300264210215
[ 3.18305785 -2.02079493 -2.68510681  5.38629759  2.32862293 -0.97142967] -232.82147707624955
[ 3.55946573 -1.59017466 -1.89366719  5.35477627  2.02502958 -0.59839469] -231.226113820577
[ 3.17372376 -1.0378464  -2.3119278   4.72053447  1.85433719 -0.59301456] -232.62920464114896
[ 3.79116394 -1.7980001  -1.7541724   5.50281133  2.66055519 -1.00587607] -230.81235949581566
[ 3.96042519 -1.93671572 -1.65643971  5.69701192  2.86622107 -0.58167703] -230.1631325492827
[ 4.37822786 -2.23585189 -1.16157782  6.04598433  3.39740214 -0.39861025] -229.76984032121985
[ 4.30057718 -1.32604983 -1.10965339  5.52967704  2.69771682 -0.36711815] -230.20040777220942
[ 3.94804895 -1.76685791 -1.60544612  5.82289975  3.05731446  0.15366807] -228.43369562713823
[ 4.05865649 -1.89203557 -1.44846973  6.13323692  3.5103726   0.83597284] -227.23300247669482
[ 4.79613662 -2.53024384 -0.92509787  6.77549151  3.90618725  0.01207031] -232.41814748279305
[ 4.39053341 -2.15714448 -1.27180535  6.26175225  3.39322473 -0.13920091] -230.03932859509558
[ 4.68741721 -2.16690551 -1.13607119  6.44357505  4.19155991  0.17051503] -229.1209837762752
[ 4.75447009 -2.08204854 -1.06953225  6.60912789  4.0663692   0.97012677] -229.22023768344712
[ 5.03513747 -2.09118663 -0.05550011  6.41952575  4.0950515   0.56603489] -228.43470508646985
[ 4.80090366 -2.88234104 -0.93799876  7.10805702  4.85360987  1.03539761] -228.87143144433972
[ 4.84773752 -2.29297858 -0.66457794  6.65808339  4.644897    1.19901321] -227.55307359202578
[ 5.01654629 -2.2333134  -0.60913884  7.07788435  5.05655122  1.9909637 ] -227.80667432197106
[ 4.72766279 -2.43753837 -0.54771994  6.67099294  4.71764483  0.96250565] -226.90835037511926
[ 4.71425915 -2.61528328 -0.28681378  6.70192546  5.04328265  0.95869509] -227.0033588349848
[ 4.80813086 -2.44289235 -0.28506391  6.91235174  4.76781577  2.02611427] -226.49603921992204
[ 4.86848768 -2.58088576  0.14043972  7.14674009  5.0559437   2.95391388] -226.7117442256401
[ 4.69705348 -1.58097393 -0.2654914   6.18263468  4.07716777  1.49147057] -226.2472450866279
[ 4.64512839 -0.93029037  0.07076229  5.71992351  3.68894673  1.71950705] -226.76627985571673
[ 4.350125   -2.20205744 -1.21798714  6.79220225  4.8297649   2.26931186] -227.1822397475092
[ 4.14657576 -2.04951201 -0.86729785  6.03861629  3.79266974  0.93716577] -226.8690794907921
[ 4.08166394 -1.9086913  -0.87943205  6.25192821  3.9202482   1.64183378] -225.91984740626825
[ 3.69862715 -1.71654766 -0.98685911  6.04885062  3.55792381  1.86324406] -226.26525858357138
[ 4.87841413 -2.31518623  0.09413897  6.81633845  5.19139781  2.27349446] -226.40789699288453
[ 4.76304198 -2.04287396  0.30103175  6.16541852  3.9925498   0.84154964] -226.27310568987468
[ 4.39729726 -1.67583822 -0.08631822  6.11810303  3.86297153  2.10803718] -225.93468605376432
[ 5.06195812 -1.93930665  0.49358622  6.77697525  4.81138055  2.52366753] -226.16164692209435
[ 4.48501211 -1.37806441  0.17090234  5.8581143   3.85075613  1.60057012] -226.1151226936223
[ 4.28359484 -1.19339659 -0.18271275  5.63471954  2.98029353  1.12888181] -226.4192048581196
[ 4.7297093  -2.03473882  0.02492604  6.52093373  4.63862174  1.9873413 ] -225.88500774940982
[ 4.38785609 -1.46299716 -0.48164077  6.40414455  4.39449884  2.94275718] -226.72410855076635
[ 4.66924551 -1.89790476  0.10536362  6.22510003  4.09303706  1.36685152] -225.78548411686265
[ 4.44457527 -2.0305408   0.20850071  6.4010835   4.31517063  2.25129657] -225.54400175677986
[ 4.31833616 -2.25532423  0.44549676  6.51030792  4.43417206  2.63120956] -225.9920257383401
[ 3.87387634 -1.70261945 -0.64560542  5.68144568  3.41555454  1.12830929] -227.05453343998855
[ 4.76493768 -1.88013485  0.20878831  6.50309286  4.46242405  2.17482797] -225.6190884683753
[ 4.54413088 -2.4312185  -0.31029287  6.81529948  4.58006828  2.24282599] -225.8850733477698
[ 4.68079027 -2.38523812 -0.12773052  6.78770957  4.80688512  1.78028853] -225.5666869061916
[ 5.19613236 -2.31123398  0.91595048  6.83247818  5.04515409  2.29264352] -226.28809053931
[ 4.36028105 -2.00932697 -0.43058642  6.3970657   4.20147468  1.80453621] -225.58650574691174
[ 4.67238215 -1.64807627  0.30671345  6.12969565  4.25913615  1.54555471] -225.76047379778652
[ 4.46769467 -1.91566844  0.06542368  6.29364871  4.07408749  1.65377721] -225.12608176201758
[ 4.33668735 -1.85613324  0.0856725   6.1800062   3.79182037  1.48699516] -224.91754927193276
[ 4.41730574 -2.03857866 -0.02157761  6.57445114  4.5192666   2.31431486] -225.23642584731834
[ 4.32914363 -2.41857461 -0.33235779  6.81810734  4.43987767  2.39186505] -225.4913355704431
[ 4.09132342 -2.36599595 -0.41481469  6.54971496  4.22907431  1.83493749] -225.18918161722758
[ 4.40632752 -2.35569349  0.22981729  6.70662521  4.49922356  2.21536301] -224.8406323446909
[ 4.42935075 -2.52887675  0.56001914  6.86140496  4.648098    2.42077641] -224.76933389840153
[ 4.00200512 -2.02766188  0.15621128  6.34054647  3.84088408  2.45310665] -225.26112065823628
[ 4.09069674 -2.38139957 -0.19744977  6.70699352  4.17450305  2.04936865] -224.6360178646253
[ 3.91375748 -2.55682896 -0.400425    6.85994853  4.10416926  1.94840469] -224.740055102259
[ 4.12664607 -1.98097407  0.38837807  6.25293174  3.9613378   1.79463469] -224.5858471200612
[ 4.02539729 -1.76217381  0.74874601  5.97034394  3.72206786  1.49601951] -224.89023662880382
[ 4.49533157 -2.3563242  -0.02280206  6.70128771  4.60048264  1.51390243] -224.78967897648423
[ 4.10603956 -2.4513226   0.15457867  6.50966189  3.94917212  1.38589009] -224.30259465485344
[ 3.95040647 -2.65769457  0.24265681  6.47726727  3.66412488  0.9216777 ] -224.42999688427005
[ 4.43692726 -2.15234753  0.73761354  6.52104705  4.14606369  1.71558499] -224.21383741668447
[ 4.60972917 -2.04552332  1.31382766  6.50671309  4.10455837  1.65590873] -224.51407287213107
[ 4.22497664 -2.76094833  0.45444003  7.00443609  4.70139872  2.13972392] -224.3160118668295
[ 3.9762141  -2.39563208  0.72199529  6.58420404  3.92637516  2.32142381] -224.61560783047278
[ 3.89114937 -2.17866465  0.19316615  6.33168648  3.63818551  1.3814323 ] -224.05773157458594
[ 3.62204869 -2.0035586   0.00973965  6.06682724  3.13322926  0.86176024] -224.36622616787704
[ 4.16328759 -2.25856352  1.08084035  6.36099558  3.93300795  1.53019462] -224.15692828706415
[ 4.34012806 -2.19864148  0.28101032  6.40938224  4.18334677  0.99439639] -224.3233918372231
[ 4.26085675 -2.68585529  0.57883828  6.7928047   4.22238712  1.25443941] -224.15359308877504
[ 4.020951   -2.63059249  0.78548203  6.76416169  4.0133916   2.14135872] -224.44458382487755
[ 4.2603338  -2.30662923  0.40712824  6.4980771   4.14085798  1.28113697] -224.0551466518135
[ 4.14788814 -1.91684594  0.59628171  6.00032151  3.30849273  0.70983554] -224.6720785021329
[ 4.20570451 -2.54992273  0.48990045  6.75340744  4.35317223  1.78225183] -224.0420104432293
[ 4.30004687 -2.25933839  1.007917    6.57634422  4.19538603  1.59578995] -223.80779559930076
[ 4.39705052 -2.16334628  1.43458616  6.60968539  4.31849299  1.70073988] -223.8728467912949
[ 3.92353238 -2.59397708  0.51498328  6.58339146  4.01493525  1.22616337] -223.84583315256103
[ 4.11725363 -2.5995656  -0.01686255  6.81757489  4.25530009  1.31020999] -224.17667739110172
[ 4.1517791  -2.34381404  0.80641463  6.47514041  4.01358098  1.47519846] -223.93290302594662
[ 3.98332526 -2.05826008  0.5609983   6.27987767  3.89631887  1.65955155] -224.22865686747005
[ 4.19147388 -2.52895649  0.57437829  6.66457294  4.14087006  1.35571745] -223.92309972051652
[ 4.45314081 -2.68221467  1.07374115  6.85195804  4.648082    1.52398704] -224.02757578182914
[ 4.14822539 -2.67944523  1.08198336  6.80352774  4.31448421  1.7052324 ] -223.933714868479
[ 4.18369496 -2.4793259   1.19657211  6.56490416  4.08927395  1.1784444 ] -223.83939478553478
[ 3.84644339 -2.27940437  0.65367507  6.37066894  3.60809483  1.3215283 ] -223.91286441652872
[ 4.05076481 -2.14882685  0.50266344  6.27481297  3.70622949  1.01238158] -223.95224234071242
[ 4.12386024 -2.54679064  0.93715338  6.67134905  4.16242053  1.53201969] -223.82339039937665
[ 4.0379048  -2.55211691  0.82181175  6.66860318  4.0567459   1.26135592] -223.712561817084
[ 3.98096765 -2.65626835  0.82951031  6.76533457  4.07832836  1.15443466] -223.74984367945746
[ 3.94702033 -2.3746946   1.13632591  6.48051406  3.90141544  1.3493831 ] -223.82475405825377
[ 4.32557647 -2.65601014  1.21791274  6.81103311  4.53196421  1.39285718] -223.82192476433835
[ 4.38250218 -2.36211511  1.59091435  6.67419113  4.29746677  1.54378671] -224.00267681678343
[ 4.03827483 -2.53601159  0.78396605  6.60609138  4.08556813  1.30556921] -223.7495030469155
[ 4.07386622 -2.49566152  0.77179016  6.70640751  4.2218928   1.63388062] -223.71791681293143
[ 4.35282281 -2.64061512  0.71052445  6.86609542  4.51657709  1.55777442] -223.9520480323177
[ 4.04847095 -2.44117473  1.02987555  6.5769094   4.05520585  1.40148093] -223.73544282203014
[ 4.15085314 -2.43331379  0.94060437  6.64378056  4.21983378  1.33162491] -223.59919650194178
[ 4.16434959 -2.37657536  0.94232987  6.62999631  4.2485404   1.23142752] -223.50874688916284
[ 3.89539461 -2.23094936  0.56798405  6.44375089  3.7558155   1.41697754] -223.74932227823177
[ 3.78604013 -2.61815811  0.63133547  6.634242    3.94587016  1.15444063] -223.74280660421618
[ 3.96373394 -2.36886708  0.80440957  6.61387838  4.00912207  1.39428518] -223.56383125850047
[ 4.12939393 -2.71990187  1.09920007  6.83292804  4.42331023  1.27531273] -223.67975767200863
[ 4.35319968 -2.36660772  1.19180351  6.70866561  4.39240226  1.57814034] -223.7339771497321
[ 4.1923451  -2.51873542  0.84723943  6.80991694  4.39546537  1.38998651] -223.5383576372489
[ 3.83399818 -2.64401167  0.57045677  6.71191118  4.05929     1.15060916] -223.6661745470499
[ 4.03337563 -2.56440792  0.92335899  6.71600384  4.17559853  0.93377839] -223.56259387747798
[ 4.06782732 -2.51204953  0.90718649  6.76960838  4.38036297  1.19711057] -223.3877409486951
[ 4.08278859 -2.49201584  0.94987385  6.82011098  4.5421715   1.1649879 ] -223.27930258708875
[ 3.96080308 -2.26830256  0.58002276  6.60101117  4.05341906  1.14637882] -223.36524519318536
[ 4.29846713 -2.21895639  1.11195472  6.68506136  4.41548231  1.26967228] -223.36813930677937
[ 4.2803091  -2.44413075  0.98051697  6.80682182  4.60110365  0.98445862] -223.37005804704717
[ 4.29297856 -2.20849752  0.88062021  6.73496902  4.57646224  1.46185883] -223.2992932508075
[ 4.16755358 -2.15075738  0.9678667   6.61607328  4.41692769  1.02960815] -223.183000164066
[ 4.15515781 -1.96676836  1.02818033  6.51915145  4.42765885  0.84941897] -223.1704993227625
[ 4.19248516 -2.15631511  0.90139308  6.75904562  4.6235588   1.06083095] -222.99247354404147
[ 4.20655295 -2.04618499  0.88092468  6.82357028  4.81106799  0.97553267] -222.8169601233872
[ 4.05194028 -1.95611114  0.83000854  6.58780294  4.34098366  1.30482453] -223.05226226095144
[ 3.95160663 -2.09367041  0.60458874  6.67714392  4.50177212  1.03132829] -222.98537931949917
[ 4.2862052  -1.98611353  1.14470936  6.78657169  5.01328639  1.11627157] -223.0200410869516
[ 3.95177192 -1.97179057  0.93214163  6.66981473  4.63585127  0.68559581] -222.96053733636572
[ 4.11828968 -1.51486383  0.85697724  6.53457402  4.70136859  0.82266939] -222.87038459872394
[ 4.03363107 -1.88947646  0.72160307  6.84067441  4.90711783  1.12932178] -222.6883811759095
[ 3.9728677  -1.85083051  0.56831444  7.00143589  5.14684733  1.26927319] -222.650195007482
[ 4.11049109 -1.86504014  0.83254348  6.90990057  5.26241424  0.66206578] -222.83936305429947
[ 3.81765479 -1.79467995  0.41378738  6.75224145  4.67315412  0.6992168 ] -222.75550345907243
[ 4.10760275 -1.58745958  0.89030755  6.88670173  5.24179573  0.67345625] -222.65600349487627
[ 4.15938106 -1.5812291   0.54880996  6.96632659  5.30969806  1.01514221] -222.5105991775331
[ 4.26318563 -1.38594836  0.35714413  7.11458252  5.64662146  1.17991541] -222.54630707397146
[ 4.00656044 -2.0602776   0.52125192  7.24548482  5.44695723  0.94222625] -222.7395904084735
[ 3.97971548 -1.77518043  0.44192183  6.98201968  4.94742591  1.19621668] -222.58567194092868
[ 3.80804112 -1.50370073  0.24720634  7.12116644  5.4442248   0.95631112] -222.82533780837971
[ 4.10692499 -1.91056393  0.7224951   6.89796932  4.96935719  0.97072728] -222.6254087288258
[ 4.29336268 -1.79383376  0.81724622  7.24107123  5.68087303  1.32313049] -222.56304493259537
[ 4.20005779 -1.43942151  0.80844644  6.74635666  4.98504186  1.20708912] -222.58941082295152
[ 4.12983382 -1.86289349  0.41210378  7.05835806  5.10461873  1.65373674] -222.7322872114245
[ 4.11316052 -1.65631806  0.7707566   6.92961581  5.20750148  0.91852637] -222.53668790975703
[ 4.31133314 -1.53468509  0.80157761  6.91968387  5.21978519  0.9410042 ] -222.5449162049092
[ 4.24541189 -1.34965872  0.67375779  7.03038863  5.48075132  1.22964241] -222.4627129505546
[ 4.31465534 -1.06920612  0.64938914  7.09659828  5.73644838  1.35909997] -222.55641885643456
[ 4.16739714 -1.79088022  0.54291023  7.27667861  5.63030314  1.00079833] -222.63361104063924
[ 4.19189263 -1.52728618  0.74206239  6.87893715  5.14635718  1.15551642] -222.4980060841198
[ 4.45846516 -1.37248987  1.0094817   7.00665474  5.7342295   0.99810402] -222.68247194601693
[ 4.0994029  -1.67450779  0.58381179  6.98817845  5.14412681  1.14668851] -222.48599214907
[ 4.0801647  -1.31406122  0.55634583  6.6633056   4.82186698  0.81237622] -222.58331938903967
[ 4.24006319 -1.67389063  0.75202112  7.09662982  5.46612152  1.19544192] -222.49058299406607
[ 4.03843759 -1.61961174  0.55549561  7.04367494  5.36506693  1.27931509] -222.56182660908092
[ 4.24310925 -1.55591675  0.74005711  6.95068164  5.25610562  1.02558192] -222.48869994514206
[ 4.27992646 -1.46451166  0.57608345  7.04076494  5.39355202  1.33747809] -222.48830823614415
[ 4.27388771 -1.50069482  0.80712126  7.02886695  5.31930676  1.34830755] -222.4941351244556
[ 4.26870784 -1.54577394  0.63555512  7.166233    5.54029751  1.27219704] -222.50842826006863
[ 4.21109643 -1.53190812  0.71543557  6.95076111  5.24484226  1.18468658] -222.47004510159738
[ 4.16578233 -1.58276974  0.53993436  6.99026791  5.34252642  1.02486559] -222.50531651901426
[ 4.24686136 -1.52121355  0.74032453  7.01921719  5.32511168  1.26744706] -222.46930936563675
[ 4.20187291 -1.35868157  0.59113563  6.89670083  5.14870839  1.20173294] -222.4730629248816
[ 4.1850814  -1.41091039  0.55345915  7.02465541  5.3229252   1.43030994] -222.487760547582
[ 4.11664918 -1.48444839  0.70989137  6.92920226  5.16193653  1.14935772] -222.45987864670028
[ 4.03501054 -1.49441675  0.77679533  6.87342092  5.04612878  1.05529754] -222.50894560240877
[ 4.18868349 -1.56256233  0.78465975  6.91349408  5.17890046  0.96287513] -222.49558497752477
[ 4.18598192 -1.44882337  0.6112593   6.99686508  5.28691902  1.31345124] -222.46269956927938
[ 4.30322167 -1.22373678  0.76345627  6.95286659  5.40529625  1.30208413] -222.4915001195532
[ 4.15035759 -1.56181504  0.62872291  6.97935048  5.20941917  1.18553742] -222.46371617130112
[ 4.18357988 -1.60727416  0.76866153  7.07189409  5.4209516   1.24164121] -222.48242391739697
[ 4.19729966 -1.42082972  0.6355171   6.94049914  5.21676919  1.21171   ] -222.45801192401973
[ 4.16975744 -1.39702147  0.6177221   7.01441315  5.31546004  1.26769537] -222.45900523606406
[ 4.1082912  -1.36631869  0.55196566  6.94435572  5.23197341  1.18501766] -222.45577942532458
[ 4.03900611 -1.28887126  0.45778622  6.90692499  5.18540427  1.14380296] -222.49355774766235
[ 4.19077284 -1.26055175  0.63798153  6.97255751  5.35518399  1.26675405] -222.46619872540091
[ 4.1604614  -1.48649922  0.63103757  6.97765224  5.24586038  1.20584158] -222.45438091249255
[ 4.0674017  -1.51832156  0.57870657  6.90394057  5.00555487  1.21471545] -222.48446236845032
[ 4.20090935 -1.39182443  0.64999499  6.99877661  5.3619522   1.22591067] -222.45195135615438
[ 4.13180748 -1.40015727  0.65411696  6.9381013   5.22439823  1.10172643] -222.4496745593174
[ 4.10472026 -1.37582421  0.6755458   6.90871941  5.19313784  0.99586402] -222.46529779466664
[ 4.206193   -1.33643522  0.53689342  7.00873046  5.37020129  1.24994285] -222.46448301608237
[ 4.13903513 -1.44744509  0.66664188  6.94908431  5.21400272  1.174504  ] -222.4495948145606
[ 4.14284397 -1.44067     0.64536929  6.90174329  5.18285867  1.10054141] -222.45978921254994
[ 4.16302907 -1.40793361  0.6246339   6.98624569  5.2823097   1.22590688] -222.4524029376195
[ 4.10387822 -1.41256305  0.62394655  6.99090615  5.30339636  1.16125907] -222.45698209317774
[ 4.12723358 -1.41462972  0.62683919  6.9783044   5.28173956  1.1738718 ] -222.4498525146122
[ 4.19920081 -1.48317775  0.73245584  6.99836579  5.30478086  1.18423613] -222.45495786369662
[ 4.17647341 -1.45396299  0.68733329  6.98486328  5.28657899  1.18443151] -222.45098062896352
[ 4.15236794 -1.35215182  0.67214917  6.96747296  5.30446676  1.15627552] -222.4501617447309
[ 4.14624656 -1.4121235   0.69439126  6.95262193  5.27540313  1.11299976] -222.45197696929648
[ 4.15044219 -1.41107603  0.67695192  6.96102787  5.27712977  1.14122654] -222.44802347214298
[ 4.09154389 -1.43464987  0.67801582  6.92750809  5.16748648  1.08476794] -222.45928331535177
[ 4.17356798 -1.40253079  0.65700019  6.98095948  5.31333577  1.19062499] -222.45025011559144
[ 4.11501136 -1.35536725  0.63056648  6.94012016  5.25177861  1.12831159] -222.45502311518675
[ 4.16110789 -1.42931405  0.67314159  6.9736775   5.2778789   1.17040153] -222.45070531996151
[ 4.13037687 -1.38001618  0.64475818  6.95130594  5.26047871  1.14234157] -222.4500902427025
[ 4.10351975 -1.39929458  0.65681891  6.93413944  5.20740281  1.10602364] -222.45522733163375
[ 4.15605592 -1.40172174  0.65695487  6.96925447  5.28685253  1.16947465] -222.44509346679146
[ 4.12594912 -1.46619686  0.63660517  6.94821981  5.21040042  1.14477281] -222.4516183464958
[ 4.14576323 -1.38066308  0.66326317  6.96265967  5.28095017  1.15339984] -222.4481919537003
[ 4.15306897 -1.43854812  0.67016448  6.9681714   5.26121229  1.16239286] -222.44485526896068
[ 4.16441502 -1.46781409  0.68286763  6.97660413  5.26157908  1.1724185 ] -222.45212618189714
[ 4.16482406 -1.41190739  0.70252524  6.93779528  5.23310901  1.12703631] -222.45333800214237
[ 4.1366312  -1.41394914  0.6457607   6.96817712  5.26958193  1.16216293] -222.4477995583165
[ 4.16185807 -1.43097713  0.67246205  6.98802365  5.30551157  1.21932718] -222.45278318879622
[ 4.13932013 -1.40786223  0.65870323  6.95058189  5.24467657  1.13112662] -222.44778128067637
[ 4.15472542 -1.37049502  0.65729091  6.97753983  5.3261317   1.13209048] -222.44891828279526
[ 4.15080285 -1.38973254  0.65962865  6.97042595  5.29809946  1.14269386] -222.44793823600938
[ 4.14967719 -1.44030019  0.65945812  6.96655323  5.26490067  1.14962597] -222.4451760689476
[ 4.14474323 -1.41962862  0.6399381   6.97002681  5.26464471  1.16459908] -222.44606192473287
[ 4.1423627  -1.45093748  0.65069785  6.96049569  5.23252344  1.17043351] -222.44763978823764
[ 4.15844485 -1.43905033  0.66621152  6.96018405  5.24868815  1.1537213 ] -222.45072641375972
[ 4.14208461 -1.42022443  0.6508734   6.96617885  5.26435848  1.16005252] -222.4470174338569
[ 4.15667742 -1.44925796  0.65065904  6.98297826  5.28015414  1.19439958] -222.4512345767084
[ 4.14365945 -1.41821117  0.65669219  6.95868098  5.25354596  1.14694486] -222.4469291732513
[ 4.15406709 -1.39527395  0.66066254  6.97245956  5.29931477  1.14726314] -222.44560706483176
[ 4.15833934 -1.41767016  0.66375003  6.96886997  5.27913183  1.153381  ] -222.4501783349827
[ 4.14614829 -1.41958587  0.65409256  6.96685163  5.26805182  1.15838464] -222.44649412168874
[ 4.15759412 -1.42014166  0.6570647   6.97909138  5.29477964  1.17030192] -222.4504080426026
[ 4.14714312 -1.41869379  0.65678532  6.96378358  5.26385438  1.15278412] -222.44642235409952
[ 4.15543688 -1.4184696   0.66056191  6.96989806  5.27887463  1.1569953 ] -222.4442111978543
[ 4.16008117 -1.41791147  0.66379659  6.97142127  5.28428604  1.15630063] -222.45046484911214
[ 4.15720665 -1.41928695  0.65912803  6.97500426  5.28807882  1.16399954] -222.4506276285706
[ 4.149659   -1.41884208  0.65737099  6.96658875  5.26991049  1.15558798] -222.4446171720944
[ 4.16124512 -1.41808993  0.68178621  6.96761501  5.28904375  1.14918088] -222.45163396190716
[ 4.14886871 -1.41924395  0.65040013  6.96942386  5.27074447  1.16074453] -222.44595798786776
[ 4.15711965 -1.41847461  0.67132418  6.96821796  5.28294399  1.15303543] -222.4509275595505
[ 4.15093144 -1.41905162  0.65563114  6.96912239  5.27379435  1.15881726] -222.44435793519756
[ 4.15087604 -1.4503705   0.65938463  6.96406987  5.24586689  1.1703682 ] -222.44546986799403
[ 4.15167381 -1.43659636  0.65970411  6.9661673   5.25922886  1.16459194] -222.44479024381718
[ 4.15593149 -1.40410966  0.66067105  6.96984756  5.27839038  1.17299402] -222.44480485133298
[ 4.14951127 -1.44348408  0.66441302  6.96734401  5.2536178   1.15431847] -222.44483935724995
[ 4.15131232 -1.40830301  0.64928626  6.96815129  5.27672655  1.1587088 ] -222.4442556273086
[ 4.15547037 -1.39164003  0.64999547  6.96924777  5.29202395  1.16824663] -222.44521904421848
[ 4.15100105 -1.43052307  0.66080863  6.96781995  5.26321934  1.15780051] -222.44446949447976
[ 4.14740668 -1.43981892  0.6537833   6.96606835  5.26219436  1.14450657] -222.4450582969229
[ 4.15380029 -1.41303697  0.65894911  6.96890276  5.27434138  1.16587216] -222.444240140154
[ 4.15237319 -1.39947909  0.65449858  6.97066043  5.28639339  1.1533354 ] -222.44654457246807
[ 4.15184865 -1.42731704  0.65840273  6.96729058  5.26601999  1.1617778 ] -222.44447620917526
[ 4.15511788 -1.42005836  0.6571756   6.97047292  5.27441492  1.16440263] -222.44403054917612
[ 4.15784731 -1.4206665   0.65707791  6.972415    5.27666714  1.16880995] -222.45036506112663
[ 4.15401797 -1.40916383  0.65573483  6.97083187  5.28110373  1.15908775] -222.44466876490458
[ 4.15239098 -1.42277874  0.65773575  6.9681759   5.26979093  1.16110529] -222.44431254336507
[ 4.15532888 -1.40337637  0.65230463  6.97042115  5.28609491  1.16416663] -222.4447525348745
[ 4.15208301 -1.42373639  0.65868263  6.96847025  5.26893823  1.15939204] -222.44432080020377
[ 4.15578234 -1.41640941  0.65849929  6.96890134  5.27390119  1.16334148] -222.4440280413199
[ 4.15820779 -1.41508831  0.65993336  6.96879081  5.27395462  1.16560359] -222.45001508458859
[ 4.15586389 -1.40928231  0.65538668  6.96969717  5.28041163  1.16408318] -222.44462217546294
[ 4.15302823 -1.42012287  0.65785864  6.96877698  5.27180658  1.16056482] -222.44422020812186
[ 4.15576833 -1.40935467  0.65637452  6.97019187  5.28023083  1.16218977] -222.44458441243697
[ 4.15323532 -1.41942272  0.65739545  6.9686799   5.2724009   1.16137641] -222.44420711830105
[ 4.15748799 -1.42753697  0.66752707  6.97039269  5.27185332  1.16547547] -222.4503303154261
[ 4.15285624 -1.4131115   0.65384647  6.96871164  5.27550824  1.16040046] -222.4441821747025
[ 4.15468534 -1.42282785  0.65616334  6.96957752  5.27462745  1.15648821] -222.44404801576988
[ 4.15600977 -1.41664361  0.65668871  6.96997014  5.27810253  1.16043667] -222.44400431247948
[ 4.15750055 -1.41490398  0.65610374  6.97056672  5.28125051  1.1603726 ] -222.45043960741972
[ 4.15379208 -1.41768821  0.65269437  6.96887309  5.27077711  1.16515332] -222.44403480629623
[ 4.15617923 -1.41615692  0.65429381  6.97015565  5.27670958  1.16203118] -222.44388178361635
[ 4.15765119 -1.41452402  0.652743    6.97089353  5.27886392  1.16235857] -222.45026029884644
[ 4.15766598 -1.42348329  0.65799191  6.97060525  5.27400269  1.1635507 ] -222.4499732335316
[ 4.15405867 -1.41570445  0.65488283  6.96918504  5.27513185  1.16118802] -222.4440761756818
[ 4.15646354 -1.42089034  0.65695555  6.97013185  5.27437908  1.16276314] -222.45002020233923
[ 4.15465989 -1.41700092  0.65540101  6.96942174  5.27494366  1.1615818 ] -222.44404488445574
[ 4.15582839 -1.41182463  0.65542092  6.96968744  5.27498888  1.16916082] -222.44396262556884
[ 4.15624334 -1.41592613  0.6561899   6.96993179  5.27468775  1.16659357] -222.4438687144394
[ 4.15703507 -1.41538873  0.65658434  6.97018681  5.27455979  1.16909945] -222.4500137016496
[ 4.15792824 -1.41465147  0.66006171  6.97083333  5.28015784  1.16350213] -222.45048825635195
[ 4.15482612 -1.41692903  0.6545362   6.96936315  5.2731223   1.16474052] -222.4439915243401
[ 4.15650519 -1.41123822  0.65470067  6.96886359  5.27608916  1.16436545] -222.44405619777
[ 4.1554647  -1.41785332  0.65655687  6.97007059  5.27483348  1.16439333] -222.44399566227855
[ 4.15573485 -1.41536847  0.65272952  6.97082492  5.27691365  1.16577722] -222.4443234989222
[ 4.15577047 -1.41614917  0.65705685  6.96938223  5.27465431  1.16395041] -222.44397327763602
[ 4.15542765 -1.41496946  0.65466281  6.96956014  5.2715629   1.16985327] -222.44396416873113
[ 4.15596036 -1.41279846  0.65416329  6.96928955  5.27374176  1.16771659] -222.44390921123934
[ 4.15697703 -1.41234589  0.65605966  6.96997245  5.27565943  1.16836143] -222.44444861892188
[ 4.15536385 -1.41578324  0.65491707  6.96951548  5.27375658  1.16564575] -222.44398295133323
[ 4.1564393  -1.41349168  0.65567879  6.96982013  5.27502515  1.1674562 ] -222.44390889871758
[ 4.15625562 -1.41223991  0.65307966  6.97009934  5.27425104  1.17032013] -222.44432716729224
[ 4.15589176 -1.41517186  0.65606255  6.96956151  5.27455349  1.16554284] -222.4439475804889
[ 4.15675315 -1.4134871   0.65594028  6.96992188  5.2783393   1.16298046] -222.44392796254033
[ 4.15666066 -1.41718609  0.65535528  6.96987273  5.27603013  1.1616128 ] -222.44994734077963
[ 4.15603646 -1.41316499  0.65540451  6.96973376  5.2752492   1.16727381] -222.44395153813278
[ 4.15645259 -1.41584572  0.65537169  6.96982641  5.27576982  1.1634998 ] -222.4438873765068
[ 4.15678424 -1.41406348  0.65448337  6.97008696  5.27687096  1.16454976] -222.4438641265962
[ 4.15723047 -1.41350928  0.65369378  6.97034969  5.2780297   1.16405321] -222.45034796488724
[ 4.15593321 -1.41594036  0.65412001  6.96978162  5.2725957   1.16763524] -222.44389366654278
[ 4.15671694 -1.4176763   0.65588257  6.97057796  5.27681123  1.16287199] -222.4500009511829
[ 4.15614951 -1.41401792  0.65459311  6.96961166  5.27450913  1.16650544] -222.44388910546792
[ 4.1561414  -1.4171585   0.65400517  6.9699779   5.27535583  1.16281546] -222.4437347313946
[ 4.15599246 -1.41899191  0.65316836  6.97005679  5.27552118  1.16049509] -222.44385999004103
[ 4.1567169  -1.41511586  0.65552568  6.97008184  5.27870532  1.16102983] -222.44392390660215
[ 4.15612913 -1.41573423  0.65447143  6.96985667  5.27412311  1.16598389] -222.44388028778425
[ 4.1564938  -1.41761041  0.65501201  6.97033347  5.27666322  1.16198578] -222.44777952843128
[ 4.15623558 -1.41491604  0.65469784  6.96979211  5.27504765  1.16537553] -222.44388918175432
[ 4.15646282 -1.41561099  0.65424427  6.97003243  5.2761134   1.16368261] -222.44387611783537
[ 4.15619237 -1.41654231  0.65509753  6.96995484  5.27502179  1.16470451] -222.44387363457534
[ 4.15613527 -1.41644637  0.6542383   6.96991729  5.27473947  1.16439967] -222.44387601283185
[ 4.15616032 -1.41665771  0.65414949  6.97006678  5.27603271  1.16242332] -222.44386868071336
[ 4.156297   -1.41650211  0.65468843  6.96990215  5.27556282  1.16315763] -222.44386271726916
[ 4.15614546 -1.41558821  0.65429914  6.96979478  5.27493248  1.16466045] -222.44387228515617
[ 4.15589445 -1.41735408  0.65458175  6.96983881  5.27443497  1.16370441] -222.44390440582362
[ 4.15632073 -1.41604676  0.65432864  6.96998403  5.27569379  1.16368806] -222.4438656434738
[ 4.15628383 -1.4163855   0.65461784  6.96997621  5.27612701  1.16275014] -222.4438766425792
[ 4.15617241 -1.41643115  0.65433318  6.96993202  5.27508635  1.16398729] -222.44386504123668
[ 4.15622006 -1.4162525   0.65350382  6.96993104  5.27586621  1.16220623] -222.44385162525
[ 4.15629185 -1.41742803  0.65403711  6.97013653  5.27626676  1.16143221] -222.44386856869076
[ 4.15632083 -1.41661531  0.65414929  6.96988778  5.27524455  1.16333897] -222.4438676830943
[ 4.15619896 -1.41557407  0.65429908  6.96973511  5.27466976  1.16496567] -222.44387918800578
[ 4.15626863 -1.41696454  0.6541026   6.97003617  5.27586751  1.16231558] -222.4438485617125
[ 4.15615258 -1.41650321  0.65417132  6.97003333  5.27589963  1.16271778] -222.4438572325738
[ 4.15609663 -1.41722391  0.65393954  6.96995351  5.27551899  1.16204526] -222.44386900905906
[ 4.1562647  -1.41634105  0.65423137  6.9699764   5.27565009  1.16327736] -222.443862801758
[ 4.15627572 -1.41680949  0.65390105  6.97002031  5.27631434  1.16150939] -222.44385201845247
[ 4.15618709 -1.41705574  0.65389277  6.96999057  5.27597202  1.16162999] -222.44387673578376
[ 4.1562453  -1.41651972  0.65414672  6.96997994  5.27573057  1.16286552] -222.4438756229608
[ 4.15620502 -1.41706152  0.65405389  6.97000704  5.27561167  1.16256552] -222.44385079698313
[ 4.15618073 -1.4167055   0.6537545   6.96995447  5.27561102  1.16251084] -222.44384597201204
[ 4.15620856 -1.41698399  0.65395311  6.96999911  5.27583509  1.16216243] -222.44384614942138
[ 4.15614699 -1.41683085  0.65408825  6.97000561  5.27562773  1.16276662] -222.44379675539
[ 4.1562192  -1.4168303   0.6543468   6.96994003  5.27545933  1.16298655] -222.44387822787314
[ 4.15620305 -1.41674977  0.65411827  6.96997715  5.27550296  1.16304641] -222.44387412094974
[ 4.15614272 -1.41699974  0.65364426  6.97003373  5.27572211  1.16230255] -222.4438789432498
[ 4.15620008 -1.41687266  0.65417117  6.96996345  5.27552502  1.16281555] -222.44386630964533
[ 4.15615788 -1.41712124  0.65389043  6.96999204  5.27568583  1.16216573] -222.44385098244956
[ 4.15614678 -1.4170812   0.65374395  6.97001527  5.27571737  1.16217999] -222.44385395076276
[ 4.15616011 -1.41702907  0.65385075  6.97000232  5.27566928  1.16233888] -222.4438522806064
[ 4.15618676 -1.4169248   0.65406436  6.96997641  5.27557311  1.16265666] -222.44385624228647
[ 4.15616677 -1.417003    0.65390415  6.96999584  5.27564524  1.16241832] -222.44387401150055
[ 4.1561442  -1.41699468  0.65404671  6.96999176  5.27549178  1.16279104] -222.44385806041765
[ 4.15616107 -1.416932    0.65387983  6.96996618  5.27548343  1.16266315] -222.44383783617513
[ 4.15617498 -1.41707124  0.65397914  6.9699885   5.27559546  1.16248894] -222.4438764746405
[ 4.15617321 -1.41711001  0.65402953  6.96999247  5.27548375  1.16269049] -222.44385354088286
[ 4.15614964 -1.41713987  0.6539478   6.96998497  5.27552083  1.1624906 ] -222.44384593905556
[ 4.15615076 -1.41709378  0.65392796  6.96999011  5.27551256  1.16257717] -222.44386144453355
[ 4.15613178 -1.4170717   0.65396653  6.96997929  5.27535393  1.16285369] -222.44385869438725
[ 4.15614968 -1.4170418   0.65403056  6.96997408  5.27538396  1.16285764] -222.44386374107748
[ 4.15615049 -1.41708079  0.65395361  6.9699861   5.27548041  1.16264729] -222.44386104844992
[ 4.15614995 -1.41705479  0.65400491  6.96997809  5.27541611  1.16278752] -222.44384706670826
[ 4.15617471 -1.41705825  0.65400479  6.9699845   5.27556331  1.16255906] -222.4438557282405
[ 4.15617246 -1.41715646  0.65391064  6.96996961  5.27544931  1.16254439] -222.44386172944252
[ 4.15615126 -1.41703512  0.65401269  6.96998622  5.27548116  1.16272938] -222.44386969798177
[ 4.15615124 -1.41704525  0.6539425   6.96997204  5.27541963  1.16273931] -222.4438463741398
[ 4.15614552 -1.41714918  0.65397649  6.96998144  5.27543833  1.16265303] -222.44384036362914
[ 4.15614568 -1.41710665  0.65400504  6.96997799  5.27538597  1.16280149] -222.44385499134927
[ 4.15615731 -1.41713425  0.65401735  6.96998518  5.27541979  1.16275298] -222.44386886069714
[ 4.15615806 -1.41710837  0.65400498  6.9699812   5.27545957  1.16268726] -222.44385014065372
[ 4.1561428  -1.41707659  0.65402594  6.96998483  5.27542381  1.16280325] -222.44386178627718
[ 4.15613759 -1.41708059  0.65396936  6.96997328  5.27540792  1.16274696] -222.44385129163902
[ 4.15615036 -1.41713959  0.65394191  6.96996979  5.27539861  1.16267792] -222.44386822249044
[ 4.15614469 -1.41709234  0.65400493  6.96998107  5.27541751  1.16277192] -222.44386304678238
[ 4.15614346 -1.41715384  0.65399083  6.96997967  5.27539708  1.16273425] -222.44384822397387
[ 4.15614632 -1.41710187  0.65397384  6.96997497  5.27538773  1.16277739] -222.44384834583394
[ 4.15614973 -1.41713343  0.65400508  6.96997955  5.2754077   1.16275136] -222.44384459085592
[ 4.1561395  -1.41711954  0.65398727  6.96997559  5.27538188  1.16278121] -222.443867983839
[ 4.15614354 -1.41713257  0.65400511  6.96997795  5.2753709   1.16280848] -222.44385249651697
[ 4.1561421  -1.41711754  0.65401556  6.96998136  5.27538982  1.16280936] -222.44387307370945
[ 4.15614588 -1.41714904  0.65397354  6.96997384  5.27537722  1.16274669] -222.44385258633537
[ 4.15615062 -1.41715688  0.65399726  6.96997903  5.27538361  1.16276333] -222.44384358243036
[ 4.15614581 -1.41712999  0.65401889  6.96998251  5.2753904   1.1628034 ] -222.44387097000302
[ 4.15614586 -1.41714428  0.65398488  6.96997601  5.27538052  1.16276087] -222.44386321922585
[ 4.15614601 -1.41715769  0.65400121  6.96997847  5.27536972  1.1627894 ] -222.44385031167687
[ 4.15614557 -1.41714597  0.65400512  6.96997872  5.27538177  1.16278341] -222.44384715316255
[ 4.15614243 -1.41715617  0.653998    6.96997878  5.27537646  1.16277485] -222.4438630217361
[ 4.15614386 -1.41713018  0.6539895   6.96997643  5.27537178  1.16279642] -222.44384438675223
[ 4.15614247 -1.41714553  0.65400514  6.96997792  5.27536337  1.16281197] -222.4438743375084
[ 4.15614364 -1.41715377  0.65398936  6.96997587  5.27536653  1.16278108] -222.44384304615818
[ 4.15614517 -1.41715522  0.65399098  6.96997747  5.27537733  1.16276824] -222.4438471012588
[ 4.15614612 -1.41714427  0.65399578  6.96997617  5.27536453  1.16280315] -222.4438682138385
[ 4.15614336 -1.41715319  0.65399745  6.96997813  5.27537348  1.16278193] -222.4438599181671
[ 4.1561452  -1.41714725  0.65399634  6.96997683  5.27536751  1.16279608] -222.4438517193081
[ 4.15614474 -1.41714873  0.65399662  6.96997715  5.275369    1.16279254] -222.44386426325303
[ 4.15614252 -1.41715613  0.65399726  6.96997689  5.27536118  1.16279827] -222.4438686442576
[ 4.15614263 -1.41714434  0.65399734  6.96997717  5.27536381  1.16280594] -222.44385641277933
[ 4.15614329 -1.41715686  0.65399808  6.96997768  5.27536658  1.16279185] -222.44386975502607
[ 4.15614349 -1.41715223  0.65400515  6.96997831  5.2753688   1.16279944] -222.44386004536804
[ 4.15614371 -1.41715809  0.65400319  6.96997818  5.27536278  1.16280243] -222.44387056186383
[ 4.15614238 -1.41715585  0.65400131  6.96997801  5.27536465  1.1627987 ] -222.4438704592025
[ 4.15614153 -1.41714988  0.65399824  6.96997714  5.27536417  1.16280079] -222.44386029964195
[ 4.15614258 -1.41715013  0.65399911  6.96997701  5.27536214  1.16280522] -222.44386680503993
[ 4.15614143 -1.41714688  0.65400268  6.96997712  5.27535873  1.16281652] -222.4438550996423
[ 4.15614183 -1.41714452  0.6540053   6.969978    5.27536331  1.16281619] -222.44386342942875
[ 4.15614153 -1.41714865  0.65400552  6.9699782   5.27536275  1.16281289] -222.44385185478097
[ 4.15614218 -1.41715564  0.6539994   6.96997728  5.27536138  1.16280083] -222.4438599519168
[ 4.15614269 -1.4171522   0.65400684  6.96997819  5.27535959  1.16281624] -222.4438755425967
[ 4.15614182 -1.41715046  0.65400039  6.9699774   5.27536303  1.16280465] -222.4438694058711
[ 4.15614147 -1.41715357  0.65400535  6.96997805  5.27535929  1.16281418] -222.4438721495821
[ 4.15614142 -1.41715269  0.65400393  6.96997751  5.27535728  1.16281599] -222.4438667391143
[ 4.15614202 -1.41715142  0.65400126  6.96997753  5.27535982  1.1628107 ] -222.44382790525438
[ 4.15614179 -1.41715707  0.65400229  6.96997759  5.27535861  1.16280814] -222.4438727680806
[ 4.15614245 -1.41715536  0.65400516  6.96997811  5.27536232  1.16280745] -222.44386729659257
[ 4.15614147 -1.41715419  0.65400171  6.96997752  5.27536     1.16280813] -222.4438594919633
[ 4.15614162 -1.41715151  0.65400524  6.96997795  5.27535957  1.16281583] -222.44384119779647
[ 4.15614199 -1.41715432  0.65400214  6.96997746  5.27535899  1.16281034] -222.44386449983813
[ 4.15614086 -1.41715217  0.65400132  6.96997718  5.27535485  1.16281803] -222.44384450810804
[ 4.1561417  -1.41715468  0.65400168  6.96997767  5.27535907  1.16281017] -222.44386296667835
[ 4.15614103 -1.41715317  0.65400332  6.96997779  5.2753574   1.16281577] -222.4438714302387
[ 4.15614175 -1.41715403  0.65400243  6.96997754  5.27535859  1.1628117 ] -222.4438723224707
[ 4.15614171 -1.41715496  0.65400321  6.96997772  5.27535783  1.16281308] -222.44385200148693
[ 4.15614151 -1.417155    0.6540052   6.96997792  5.2753577   1.16281564] -222.4438551493765
[ 4.15614113 -1.41715534  0.65400325  6.96997754  5.27535534  1.16281675] -222.44385723273498
[ 4.15614144 -1.41715634  0.65400344  6.96997771  5.27535792  1.16281179] -222.44386548966077
[ 4.15614155 -1.41715659  0.65400343  6.96997778  5.27535745  1.16281282] -222.44387060614423
[ 4.1561417  -1.41715641  0.65400366  6.96997768  5.27535741  1.1628129 ] -222.44387268257358
[ 4.15614122 -1.41715583  0.65400425  6.96997785  5.27535662  1.16281561] -222.44387192030464
[ 4.15614134 -1.41715598  0.6540041   6.9699778   5.27535681  1.16281494] -222.44383202576128
[ 4.15614129 -1.41715545  0.6540047   6.96997775  5.27535636  1.16281641] -222.44375896695416
[ 4.15614136 -1.4171554   0.6540051   6.96997784  5.27535537  1.16281897] -222.44386954455422
[ 4.15614142 -1.41715611  0.65400386  6.96997774  5.27535728  1.16281359] -222.44386652064816
[ 4.15614135 -1.41715697  0.65400493  6.96997782  5.2753561   1.16281593] -222.44385137921765
[ 4.15614137 -1.41715724  0.65400464  6.96997785  5.27535632  1.1628152 ] -222.44384113391746
[ 4.15614156 -1.41715673  0.65400419  6.96997781  5.27535683  1.16281427] -222.44387297173282
[ 4.15614146 -1.41715675  0.65400519  6.96997791  5.27535677  1.16281555] -222.44385032369155
[ 4.15614127 -1.41715692  0.65400421  6.96997772  5.27535559  1.16281611] -222.44383680820712
[ 4.15614142 -1.41715742  0.65400431  6.9699778   5.27535688  1.16281363] -222.443862877497
[ 4.1561412  -1.41715787  0.65400529  6.96997786  5.27535566  1.16281636] -222.44386322289813
[ 4.15614129 -1.41715758  0.65400501  6.96997785  5.27535596  1.16281583] -222.44384712242413
[ 4.15614129 -1.41715723  0.65400541  6.96997788  5.27535531  1.16281773] -222.44386996956896
[ 4.15614139 -1.41715737  0.65400458  6.96997782  5.27535648  1.16281466] -222.44384107777344
[ 4.15614138 -1.41715781  0.65400467  6.96997786  5.27535622  1.162815  ] -222.4438596149007
[ 4.15614136 -1.41715718  0.65400487  6.96997783  5.27535613  1.1628157 ] -222.44387204193674
[ 4.15614134 -1.41715771  0.65400469  6.96997781  5.27535571  1.16281578] -222.44386827689843
[ 4.1561414  -1.41715793  0.65400488  6.96997786  5.27535616  1.16281506] -222.44384003711843
[ 4.15614139 -1.41715787  0.6540049   6.96997788  5.27535608  1.16281533] -222.4438697688066
[ 4.15614135 -1.41715804  0.65400509  6.96997787  5.27535589  1.16281565] -222.44384682265033
[ 4.15614143 -1.41715762  0.65400518  6.96997791  5.2753563   1.16281551] -222.44385628923015
[ 4.15614138 -1.41715773  0.65400505  6.96997786  5.27535596  1.1628157 ] -222.4438280568408
[ 4.15614138 -1.41715798  0.65400512  6.96997786  5.27535588  1.16281572] -222.44383065984104
[ 4.15614144 -1.41715823  0.65400547  6.96997794  5.2753563   1.16281525] -222.44385926660897
[ 4.15614141 -1.4171581   0.65400528  6.96997791  5.27535615  1.16281538] -222.44386916465973
[ 4.15614139 -1.41715812  0.65400511  6.96997788  5.2753559   1.16281558] -222.44386893658412
[ 4.15614139 -1.41715824  0.65400515  6.96997788  5.27535585  1.16281559] -222.44385503600094
[ 4.1561414  -1.41715822  0.65400502  6.96997788  5.275356    1.16281526] -222.44386042027404
[ 4.15614138 -1.41715827  0.65400513  6.96997789  5.27535586  1.16281556] -222.443865091624
[ 4.15614142 -1.41715806  0.65400518  6.9699779   5.27535607  1.16281549] -222.4438596153859
[ 4.15614137 -1.4171581   0.65400493  6.96997785  5.27535577  1.16281562] -222.44379747821304
[ 4.1561414  -1.41715834  0.65400508  6.96997789  5.2753559   1.16281541] -222.44384921212438
[ 4.15614142 -1.41715822  0.65400504  6.96997788  5.27535594  1.16281539] -222.4438614132296
[ 4.15614141 -1.41715823  0.65400507  6.96997788  5.27535592  1.16281543] -222.4438690270441
[ 4.15614139 -1.4171583   0.65400505  6.96997788  5.2753558   1.16281554] -222.44386610813476
[ 4.1561414  -1.41715842  0.65400513  6.96997789  5.27535586  1.16281544] -222.44384239403988
[ 4.1561414  -1.41715837  0.65400516  6.96997789  5.27535584  1.16281553] -222.44387019582047
[ 4.15614141 -1.41715828  0.65400517  6.9699779   5.27535595  1.16281547] -222.44384731242724
[ 4.1561414  -1.41715836  0.6540051   6.96997789  5.27535591  1.16281536] -222.44384348539123
[ 4.15614139 -1.41715838  0.65400515  6.96997789  5.27535585  1.16281551] -222.44385597102504
[ 4.1561414  -1.41715838  0.6540051   6.96997789  5.27535589  1.1628154 ] -222.44387117435397
[ 4.1561414  -1.41715837  0.65400514  6.96997789  5.27535586  1.1628155 ] -222.4438709483058
[ 4.1561414  -1.41715846  0.65400515  6.9699779   5.27535585  1.16281545] -222.44386529058397
[ 4.1561414  -1.41715843  0.65400514  6.96997789  5.27535587  1.16281541] -222.4438282885655
[ 4.15614141 -1.41715839  0.65400517  6.9699779   5.27535589  1.16281547] -222.4438573820567
[ 4.1561414  -1.41715844  0.65400516  6.9699779   5.27535584  1.16281549] -222.44385047673194
[ 4.1561414  -1.4171584   0.65400511  6.96997789  5.27535582  1.1628155 ] -222.44385469630345
[ 4.1561414  -1.41715843  0.65400517  6.96997789  5.27535584  1.1628155 ] -222.4438665756254
[ 4.1561414  -1.41715844  0.65400514  6.9699779   5.27535586  1.16281543] -222.4438660166509
[ 4.1561414  -1.41715844  0.65400514  6.9699779   5.27535586  1.16281545] -222.4438522262491
[ 4.1561414  -1.4171584   0.65400515  6.9699779   5.27535586  1.16281548] -222.44385332104153
[ 4.15614139 -1.41715848  0.65400512  6.96997789  5.2753558   1.16281546] -222.44385803715198
[ 4.1561414  -1.41715841  0.65400516  6.9699779   5.27535587  1.16281547] -222.44385651692048
[ 4.1561414  -1.41715846  0.65400513  6.96997789  5.27535582  1.16281546] -222.4438609060478
[ 4.1561414  -1.41715842  0.65400515  6.9699779   5.27535586  1.16281547] -222.4438616857955
[ 4.1561414  -1.41715846  0.65400515  6.9699779   5.27535585  1.16281544] -222.44385209533905
[ 4.1561414  -1.41715847  0.65400517  6.9699779   5.27535584  1.16281547] -222.443859582083
[ 4.1561414  -1.41715847  0.65400516  6.9699779   5.27535585  1.16281546] -222.44384456813654
[ 4.1561414  -1.41715845  0.65400516  6.9699779   5.27535584  1.16281547] -222.44386611766532
[ 4.1561414  -1.41715845  0.65400514  6.96997789  5.27535583  1.16281548] -222.44383963136374
[ 4.1561414  -1.41715845  0.65400517  6.9699779   5.27535585  1.16281546] -222.44385881866745
[ 4.1561414  -1.41715848  0.65400516  6.9699779   5.27535584  1.16281546] -222.44384927488568
[ 4.15614141 -1.41715847  0.65400515  6.9699779   5.27535584  1.16281545] -222.4437841272589
[ 4.1561414  -1.41715849  0.65400515  6.9699779   5.27535583  1.16281545] -222.44386282691167
[ 4.1561414  -1.41715846  0.65400516  6.9699779   5.27535585  1.16281546] -222.44384618537845
[ 4.1561414  -1.41715848  0.65400516  6.9699779   5.27535582  1.16281548] -222.44386127533537
[ 4.1561414  -1.41715847  0.65400516  6.9699779   5.27535585  1.16281545] -222.44383770317305
[ 4.1561414  -1.41715845  0.65400515  6.9699779   5.27535584  1.16281546] -222.44386561697115
[ 4.1561414  -1.41715847  0.65400516  6.9699779   5.27535584  1.16281546] -222.44387090552448
[ 4.15614141 -1.41715848  0.65400516  6.9699779   5.27535584  1.16281545] -222.44383814869906
[ 4.1561414  -1.41715848  0.65400516  6.9699779   5.27535584  1.16281546] -222.44385601957143
[ 4.1561414  -1.41715847  0.65400516  6.9699779   5.27535583  1.16281547] -222.44384961834658
[ 4.1561414  -1.41715848  0.65400516  6.9699779   5.27535584  1.16281546] -222.4438635999376
[ 4.1561414  -1.41715848  0.65400517  6.9699779   5.27535584  1.16281546] -222.4438649002388
[ 4.1561414  -1.41715849  0.65400517  6.9699779   5.27535584  1.16281546] -222.4438671808484
[ 4.1561414  -1.41715848  0.65400516  6.9699779   5.27535584  1.16281546] -222.44381748280637
[ 4.1561414  -1.41715848  0.65400516  6.9699779   5.27535583  1.16281546] -222.44385346494082
[ 4.1561414  -1.41715848  0.65400516  6.9699779   5.27535583  1.16281546] -222.44386530807992
[ 4.1561414  -1.41715848  0.65400516  6.9699779   5.27535584  1.16281546] -222.44384578716063
[ 4.1561414  -1.41715848  0.65400516  6.9699779   5.27535583  1.16281547] -222.44386636380202
[ 4.1561414  -1.41715848  0.65400516  6.9699779   5.27535584  1.16281546] -222.44385889868795
[ 4.1561414  -1.41715849  0.65400517  6.9699779   5.27535584  1.16281546] -222.4438654638715
[ 4.1561414  -1.41715849  0.65400517  6.9699779   5.27535584  1.16281546] -222.4438572920011
[ 4.1561414  -1.41715849  0.65400517  6.9699779   5.27535584  1.16281546] -222.4438684665877
[ 4.1561414  -1.41715848  0.65400516  6.9699779   5.27535583  1.16281547] -222.4438474673706
[ 4.1561414  -1.41715849  0.65400517  6.9699779   5.27535583  1.16281546] -222.44386494734695
[ 4.1561414  -1.41715849  0.65400517  6.9699779   5.27535584  1.16281546] -222.4438576319535
[ 4.1561414  -1.41715849  0.65400517  6.9699779   5.27535583  1.16281546] -222.44386290382124
[ 4.1561414  -1.41715849  0.65400517  6.9699779   5.27535583  1.16281546] -222.44385986511247
[ 4.1561414  -1.41715849  0.65400517  6.9699779   5.27535583  1.16281546] -222.4438646808189
[ 4.1561414  -1.41715849  0.65400517  6.9699779   5.27535583  1.16281546] -222.44387022697973
[ 4.1561414  -1.41715849  0.65400517  6.9699779   5.27535583  1.16281547] -222.44387112700323
[ 4.1561414  -1.41715849  0.65400517  6.9699779   5.27535583  1.16281546] -222.44386714444155
[ 4.1561414  -1.41715849  0.65400517  6.9699779   5.27535583  1.16281546] -222.44384908689898
[ 4.1561414  -1.4171585   0.65400517  6.9699779   5.27535583  1.16281546] -222.443837922254
[ 4.1561414  -1.41715849  0.65400517  6.9699779   5.27535583  1.16281546] -222.4438500012478
[ 4.1561414  -1.41715849  0.65400517  6.9699779   5.27535583  1.16281546] -222.443860125922
[ 4.1561414  -1.4171585   0.65400517  6.9699779   5.27535583  1.16281546] -222.44385994906688
[ 4.1561414  -1.4171585   0.65400517  6.9699779   5.27535583  1.16281546] -222.4438513390454
[ 4.1561414  -1.4171585   0.65400517  6.9699779   5.27535583  1.16281546] -222.44385754316608
[ 4.1561414  -1.41715849  0.65400517  6.9699779   5.27535583  1.16281547] -222.4438422630237
[ 4.1561414  -1.41715849  0.65400517  6.9699779   5.27535583  1.16281546] -222.44386919271335
[ 4.1561414  -1.4171585   0.65400517  6.9699779   5.27535583  1.16281546] -222.44382776743467
[ 4.1561414  -1.41715849  0.65400517  6.9699779   5.27535583  1.16281546] -222.44385560822326
[ 4.1561414  -1.4171585   0.65400517  6.9699779   5.27535583  1.16281546] -222.44384165420357
[ 4.1561414  -1.4171585   0.65400517  6.9699779   5.27535583  1.16281546] -222.44386759730574
[ 4.1561414  -1.41715849  0.65400517  6.9699779   5.27535583  1.16281546] -222.44384719870212
[ 4.1561414  -1.4171585   0.65400517  6.9699779   5.27535583  1.16281546] -222.44383679930905
[ 4.1561414  -1.4171585   0.65400517  6.9699779   5.27535583  1.16281546] -222.44385636079832
[ 4.1561414  -1.41715849  0.65400517  6.9699779   5.27535583  1.16281546] -222.44386240088937
[ 4.1561414  -1.4171585   0.65400517  6.9699779   5.27535583  1.16281546] -222.44386226893573
[ 4.1561414  -1.4171585   0.65400517  6.9699779   5.27535583  1.16281546] -222.44386241335445
[ 4.1561414  -1.4171585   0.65400517  6.9699779   5.27535583  1.16281546] -222.44385708222478
[ 4.1561414  -1.4171585   0.65400517  6.9699779   5.27535583  1.16281546] -222.4438466693088
[ 4.1561414  -1.41715849  0.65400517  6.9699779   5.27535583  1.16281546] -222.44386474683014
[ 4.1561414  -1.4171585   0.65400517  6.9699779   5.27535583  1.16281546] -222.44383924332095
[ 4.1561414  -1.4171585   0.65400517  6.9699779   5.27535583  1.16281546] -222.44385190005778
[ 4.1561414  -1.4171585   0.65400517  6.9699779   5.27535583  1.16281546] -222.44385207973562
[ 4.1561414  -1.4171585   0.65400517  6.9699779   5.27535583  1.16281546] -222.44386519274892
[ 4.1561414  -1.4171585   0.65400517  6.9699779   5.27535583  1.16281546] -222.44386364823592
[ 4.1561414  -1.4171585   0.65400517  6.9699779   5.27535583  1.16281546] -222.443868910743
[ 4.1561414  -1.4171585   0.65400517  6.9699779   5.27535583  1.16281546] -222.4438489057722
[ 4.1561414  -1.4171585   0.65400517  6.9699779   5.27535583  1.16281546] -222.44386657499118
[ 4.1561414  -1.4171585   0.65400517  6.9699779   5.27535583  1.16281546] -222.4438478681498
[ 4.1561414  -1.4171585   0.65400517  6.9699779   5.27535583  1.16281546] -222.4438603128104
[ 4.1561414  -1.4171585   0.65400517  6.9699779   5.27535583  1.16281546] -222.44386006163836
[ 4.1561414  -1.4171585   0.65400517  6.9699779   5.27535583  1.16281546] -222.443854601283
[ 4.1561414  -1.4171585   0.65400517  6.9699779   5.27535583  1.16281546] -222.44386252892684
[ 4.1561414  -1.4171585   0.65400517  6.9699779   5.27535583  1.16281546] -222.44386861649633
[ 4.1561414  -1.4171585   0.65400517  6.9699779   5.27535583  1.16281546] -222.44386095544505
[ 4.1561414  -1.4171585   0.65400517  6.9699779   5.27535583  1.16281546] -222.44385435493695
[ 4.1561414  -1.4171585   0.65400517  6.9699779   5.27535583  1.16281546] -222.44385107740612
[ 4.1561414  -1.4171585   0.65400517  6.9699779   5.27535583  1.16281546] -222.4438531342178
[ 4.1561414  -1.4171585   0.65400517  6.9699779   5.27535583  1.16281546] -222.44385739679092
[ 4.1561414  -1.4171585   0.65400517  6.9699779   5.27535583  1.16281546] -222.4438641594621
[ 4.1561414  -1.4171585   0.65400517  6.9699779   5.27535583  1.16281546] -222.44386257908144
[ 4.1561414  -1.4171585   0.65400517  6.9699779   5.27535583  1.16281546] -222.44385134992382
[ 4.1561414  -1.4171585   0.65400517  6.9699779   5.27535583  1.16281546] -222.44385516498872
[ 4.1561414  -1.4171585   0.65400517  6.9699779   5.27535583  1.16281546] -222.443844370068
[ 4.1561414  -1.4171585   0.65400517  6.9699779   5.27535583  1.16281546] -222.44384604303627
[ 4.1561414  -1.4171585   0.65400517  6.9699779   5.27535583  1.16281546] -222.4438370730145
[ 4.1561414  -1.4171585   0.65400517  6.9699779   5.27535583  1.16281546] -222.44385863933024
[ 4.1561414  -1.4171585   0.65400517  6.9699779   5.27535583  1.16281546] -222.44385745704716
[ 4.1561414  -1.4171585   0.65400517  6.9699779   5.27535583  1.16281546] -222.4437567524085
[ 4.1561414  -1.4171585   0.65400517  6.9699779   5.27535583  1.16281546] -222.4438484958694
[ 4.1561414  -1.4171585   0.65400517  6.9699779   5.27535583  1.16281546] -222.44385047268565
[ 4.1561414  -1.4171585   0.65400517  6.9699779   5.27535583  1.16281546] -222.44387067936657
[ 4.1561414  -1.4171585   0.65400517  6.9699779   5.27535583  1.16281546] -222.4438508255331
[ 4.1561414  -1.4171585   0.65400517  6.9699779   5.27535583  1.16281546] -222.4438412069519
[ 4.1561414  -1.4171585   0.65400517  6.9699779   5.27535583  1.16281546] -222.44387091534162
[ 4.1561414  -1.4171585   0.65400517  6.9699779   5.27535583  1.16281546] -222.44386635337426
[ 4.1561414  -1.4171585   0.65400517  6.9699779   5.27535583  1.16281546] -222.4438501826984
[ 4.1561414  -1.4171585   0.65400517  6.9699779   5.27535583  1.16281546] -222.44385998425776
[ 4.1561414  -1.4171585   0.65400517  6.9699779   5.27535583  1.16281546] -222.4438550985278
[ 4.1561414  -1.4171585   0.65400517  6.9699779   5.27535583  1.16281546] -222.44385898437733
[ 4.1561414  -1.4171585   0.65400517  6.9699779   5.27535583  1.16281546] -222.44386826459365
[ 4.1561414  -1.4171585   0.65400517  6.9699779   5.27535583  1.16281546] -222.4438551440455
[ 4.1561414  -1.4171585   0.65400517  6.9699779   5.27535583  1.16281546] -222.44384086279462
[ 4.1561414  -1.4171585   0.65400517  6.9699779   5.27535583  1.16281546] -222.44386634306193
[ 4.1561414  -1.4171585   0.65400517  6.9699779   5.27535583  1.16281546] -222.44386044719232
[ 4.1561414  -1.4171585   0.65400517  6.9699779   5.27535583  1.16281546] -222.44385471180422
[ 4.1561414  -1.4171585   0.65400517  6.9699779   5.27535583  1.16281546] -222.44386021825377
[ 4.1561414  -1.4171585   0.65400517  6.9699779   5.27535583  1.16281546] -222.44385912036017
[ 4.1561414  -1.4171585   0.65400517  6.9699779   5.27535583  1.16281546] -222.44386529643214
[ 4.1561414  -1.4171585   0.65400517  6.9699779   5.27535583  1.16281546] -222.44383106069603
[ 4.1561414  -1.4171585   0.65400517  6.9699779   5.27535583  1.16281546] -222.4438657280768
[ 4.1561414  -1.4171585   0.65400517  6.9699779   5.27535583  1.16281546] -222.4438648275679
[ 4.1561414  -1.4171585   0.65400517  6.9699779   5.27535583  1.16281546] -222.4438605180314
[ 4.1561414  -1.4171585   0.65400517  6.9699779   5.27535583  1.16281546] -222.44386596243984
[ 4.1561414  -1.4171585   0.65400517  6.9699779   5.27535583  1.16281546] -222.44385065371605
[ 4.1561414  -1.4171585   0.65400517  6.9699779   5.27535583  1.16281546] -222.44386810865464
[ 4.1561414  -1.4171585   0.65400517  6.9699779   5.27535583  1.16281546] -222.443859420139
[ 4.1561414  -1.4171585   0.65400517  6.9699779   5.27535583  1.16281546] -222.44386679895513
[ 4.1561414  -1.4171585   0.65400517  6.9699779   5.27535583  1.16281546] -222.4438589167636
[ 4.1561414  -1.4171585   0.65400517  6.9699779   5.27535583  1.16281546] -222.44385944582035
[ 4.1561414  -1.4171585   0.65400517  6.9699779   5.27535583  1.16281546] -222.44385980626026
[ 4.1561414  -1.4171585   0.65400517  6.9699779   5.27535583  1.16281546] -222.4438477321781
[ 4.1561414  -1.4171585   0.65400517  6.9699779   5.27535583  1.16281546] -222.4438620191064
[ 4.1561414  -1.4171585   0.65400517  6.9699779   5.27535583  1.16281546] -222.4438683741415
[ 4.1561414  -1.4171585   0.65400517  6.9699779   5.27535583  1.16281546] -222.44385497367745
[ 4.1561414  -1.4171585   0.65400517  6.9699779   5.27535583  1.16281546] -222.44384890703913
[ 4.1561414  -1.4171585   0.65400517  6.9699779   5.27535583  1.16281546] -222.4438497891299
[ 4.1561414  -1.4171585   0.65400517  6.9699779   5.27535583  1.16281546] -222.44387069927515
[ 4.1561414  -1.4171585   0.65400517  6.9699779   5.27535583  1.16281546] -222.4438689923299
[ 4.1561414  -1.4171585   0.65400517  6.9699779   5.27535583  1.16281546] -222.44385420679393
[ 4.1561414  -1.4171585   0.65400517  6.9699779   5.27535583  1.16281546] -222.44385448148728
[ 4.1561414  -1.4171585   0.65400517  6.9699779   5.27535583  1.16281546] -222.4438406959354
[ 4.1561414  -1.4171585   0.65400517  6.9699779   5.27535583  1.16281546] -222.44382284419424
[ 4.1561414  -1.4171585   0.65400517  6.9699779   5.27535583  1.16281546] -222.44386809946246
[ 4.1561414  -1.4171585   0.65400517  6.9699779   5.27535583  1.16281546] -222.44386596022727
[ 4.1561414  -1.4171585   0.65400517  6.9699779   5.27535583  1.16281546] -222.44386227141402
[ 4.1561414  -1.4171585   0.65400517  6.9699779   5.27535583  1.16281546] -222.4438288161581
[ 4.1561414  -1.4171585   0.65400517  6.9699779   5.27535583  1.16281546] -222.44386778383526
[ 4.1561414  -1.4171585   0.65400517  6.9699779   5.27535583  1.16281546] -222.4438488188388
[ 4.1561414  -1.4171585   0.65400517  6.9699779   5.27535583  1.16281546] -222.44386002376447
[ 4.1561414  -1.4171585   0.65400517  6.9699779   5.27535583  1.16281546] -222.4438529136155
[ 4.1561414  -1.4171585   0.65400517  6.9699779   5.27535583  1.16281546] -222.4437981256682
[ 4.1561414  -1.4171585   0.65400517  6.9699779   5.27535583  1.16281546] -222.44386060571276
[ 4.1561414  -1.4171585   0.65400517  6.9699779   5.27535583  1.16281546] -222.44375878649512
[ 4.1561414  -1.4171585   0.65400517  6.9699779   5.27535583  1.16281546] -222.4438606604329
[ 4.1561414  -1.4171585   0.65400517  6.9699779   5.27535583  1.16281546] -222.44384283756278
[ 4.1561414  -1.4171585   0.65400517  6.9699779   5.27535583  1.16281546] -222.4438506885512
[ 4.1561414  -1.4171585   0.65400517  6.9699779   5.27535583  1.16281546] -222.44386640108783
[ 4.1561414  -1.4171585   0.65400517  6.9699779   5.27535583  1.16281546] -222.44381725904412
[ 4.1561414  -1.4171585   0.65400517  6.9699779   5.27535583  1.16281546] -222.44385534114062
[ 4.1561414  -1.4171585   0.65400517  6.9699779   5.27535583  1.16281546] -222.4438680610468
[ 4.1561414  -1.4171585   0.65400517  6.9699779   5.27535583  1.16281546] -222.44385329625854
[ 4.1561414  -1.4171585   0.65400517  6.9699779   5.27535583  1.16281546] -222.44386573781063
[ 4.1561414  -1.4171585   0.65400517  6.9699779   5.27535583  1.16281546] -222.44386432438307
[ 4.1561414  -1.4171585   0.65400517  6.9699779   5.27535583  1.16281546] -222.4438581032669
[ 4.1561414  -1.4171585   0.65400517  6.9699779   5.27535583  1.16281546] -222.44386448353617
[ 4.1561414  -1.4171585   0.65400517  6.9699779   5.27535583  1.16281546] -222.44385183266755
[ 4.1561414  -1.4171585   0.65400517  6.9699779   5.27535583  1.16281546] -222.4438495667874
[ 4.1561414  -1.4171585   0.65400517  6.9699779   5.27535583  1.16281546] -222.44384442244015
[ 4.1561414  -1.4171585   0.65400517  6.9699779   5.27535583  1.16281546] -222.44384548623972
[ 4.1561414  -1.4171585   0.65400517  6.9699779   5.27535583  1.16281546] -222.44386757553184
[ 4.1561414  -1.4171585   0.65400517  6.9699779   5.27535583  1.16281546] -222.4438061116278
[ 4.1561414  -1.4171585   0.65400517  6.9699779   5.27535583  1.16281546] -222.4438697807675
[ 4.1561414  -1.4171585   0.65400517  6.9699779   5.27535583  1.16281546] -222.44384718549267
[ 4.1561414  -1.4171585   0.65400517  6.9699779   5.27535583  1.16281546] -222.443863711792
[ 4.1561414  -1.4171585   0.65400517  6.9699779   5.27535583  1.16281546] -222.44383769912548
[ 4.1561414  -1.4171585   0.65400517  6.9699779   5.27535583  1.16281546] -222.4438627454321
[ 4.1561414  -1.4171585   0.65400517  6.9699779   5.27535583  1.16281546] -222.44384548611427
[ 4.1561414  -1.4171585   0.65400517  6.9699779   5.27535583  1.16281546] -222.44385183266735
[ 4.1561414  -1.4171585   0.65400517  6.9699779   5.27535583  1.16281546] -222.44384921162427
[ 4.1561414  -1.4171585   0.65400517  6.9699779   5.27535583  1.16281546] -222.4438460315371
[ 4.1561414  -1.4171585   0.65400517  6.9699779   5.27535583  1.16281546] -222.44386627150396
[ 4.1561414  -1.4171585   0.65400517  6.9699779   5.27535583  1.16281546] -222.44380637448756
[ 4.1561414  -1.4171585   0.65400517  6.9699779   5.27535583  1.16281546] -222.44386902954992
[ 4.1561414  -1.4171585   0.65400517  6.9699779   5.27535583  1.16281546] -222.44386964433835
[ 4.1561414  -1.4171585   0.65400517  6.9699779   5.27535583  1.16281546] -222.44386964769654
[ 4.1561414  -1.4171585   0.65400517  6.9699779   5.27535583  1.16281546] -222.44386884819934
[ 4.1561414  -1.4171585   0.65400517  6.9699779   5.27535583  1.16281546] -222.44386895176234
[ 4.1561414  -1.4171585   0.65400517  6.9699779   5.27535583  1.16281546] -222.4438661708861
[ 4.1561414  -1.4171585   0.65400517  6.9699779   5.27535583  1.16281546] -222.44386573783586
[ 4.1561414  -1.4171585   0.65400517  6.9699779   5.27535583  1.16281546] -222.4438525968776
[ 4.1561414  -1.4171585   0.65400517  6.9699779   5.27535583  1.16281546] -222.44386327029528
[ 4.1561414  -1.4171585   0.65400517  6.9699779   5.27535583  1.16281546] -222.4438284682945
[ 4.1561414  -1.4171585   0.65400517  6.9699779   5.27535583  1.16281546] -222.44384738810297
[ 4.1561414  -1.4171585   0.65400517  6.9699779   5.27535583  1.16281546] -222.44384597872727
[ 4.1561414  -1.4171585   0.65400517  6.9699779   5.27535583  1.16281546] -222.44384629958677
[ 4.1561414  -1.4171585   0.65400517  6.9699779   5.27535583  1.16281546] -222.44386844678232
[ 4.1561414  -1.4171585   0.65400517  6.9699779   5.27535583  1.16281546] -222.4438689512735
[ 4.1561414  -1.4171585   0.65400517  6.9699779   5.27535583  1.16281546] -222.44384603261327
[ 4.1561414  -1.4171585   0.65400517  6.9699779   5.27535583  1.16281546] -222.4438652274112
[ 4.1561414  -1.4171585   0.65400517  6.9699779   5.27535583  1.16281546] -222.4438624931382
[ 4.1561414  -1.4171585   0.65400517  6.9699779   5.27535583  1.16281546] -222.4438548667103
[ 4.1561414  -1.4171585   0.65400517  6.9699779   5.27535583  1.16281546] -222.44384553995314
[ 4.1561414  -1.4171585   0.65400517  6.9699779   5.27535583  1.16281546] -222.4438624941231
[ 4.1561414  -1.4171585   0.65400517  6.9699779   5.27535583  1.16281546] -222.44384378766978
[ 4.1561414  -1.4171585   0.65400517  6.9699779   5.27535583  1.16281546] -222.4438664703463
[ 4.1561414  -1.4171585   0.65400517  6.9699779   5.27535583  1.16281546] -222.4438624942409
[ 4.1561414  -1.4171585   0.65400517  6.9699779   5.27535583  1.16281546] -222.44386964533913
[ 4.1561414  -1.4171585   0.65400517  6.9699779   5.27535583  1.16281546] -222.44386750314575
[ 4.1561414  -1.4171585   0.65400517  6.9699779   5.27535583  1.16281546] -222.44385486465302
[ 4.1561414  -1.4171585   0.65400517  6.9699779   5.27535583  1.16281546] -222.44386029066783
[ 4.1561414  -1.4171585   0.65400517  6.9699779   5.27535583  1.16281546] -222.44384657833913
[ 4.1561414  -1.4171585   0.65400517  6.9699779   5.27535583  1.16281546] -222.44384657675184
[ 4.1561414  -1.4171585   0.65400517  6.9699779   5.27535583  1.16281546] -222.4438548646471
[ 4.1561414  -1.4171585   0.65400517  6.9699779   5.27535583  1.16281546] -222.44386878444635
[ 4.1561414  -1.4171585   0.65400517  6.9699779   5.27535583  1.16281546] -222.44386771666484
[ 4.1561414  -1.4171585   0.65400517  6.9699779   5.27535583  1.16281546] -222.44386344668527
[ 4.1561414  -1.4171585   0.65400517  6.9699779   5.27535583  1.16281546] -222.44386344663855
[ 4.1561414  -1.4171585   0.65400517  6.9699779   5.27535583  1.16281546] -222.44386344668482
[ 4.1561414  -1.4171585   0.65400517  6.9699779   5.27535583  1.16281546] -222.44386029067766
[ 4.1561414  -1.4171585   0.65400517  6.9699779   5.27535583  1.16281546] -222.44384682452966
[ 4.1561414  -1.4171585   0.65400517  6.9699779   5.27535583  1.16281546] -222.44386743011043
[ 4.1561414  -1.4171585   0.65400517  6.9699779   5.27535583  1.16281546] -222.44385741752984
[ 4.1561414  -1.4171585   0.65400517  6.9699779   5.27535583  1.16281546] -222.44383428559024
[ 4.1561414  -1.4171585   0.65400517  6.9699779   5.27535583  1.16281546] -222.44387093368104
[ 4.1561414  -1.4171585   0.65400517  6.9699779   5.27535583  1.16281546] -222.4438468245266
[ 4.1561414  -1.4171585   0.65400517  6.9699779   5.27535583  1.16281546] -222.44385741720404
[ 4.1561414  -1.4171585   0.65400517  6.9699779   5.27535583  1.16281546] -222.4438574172204
[ 4.1561414  -1.4171585   0.65400517  6.9699779   5.27535583  1.16281546] -222.44385635782808
[ 4.1561414  -1.4171585   0.65400517  6.9699779   5.27535583  1.16281546] -222.44385486516975
[ 4.1561414  -1.4171585   0.65400517  6.9699779   5.27535583  1.16281546] -222.443861403462
[ 4.1561414  -1.4171585   0.65400517  6.9699779   5.27535583  1.16281546] -222.44384074897798
[ 4.1561414  -1.4171585   0.65400517  6.9699779   5.27535583  1.16281546] -222.44385105424342
[ 4.1561414  -1.4171585   0.65400517  6.9699779   5.27535583  1.16281546] -222.44385411392517
[ 4.1561414  -1.4171585   0.65400517  6.9699779   5.27535583  1.16281546] -222.44387093368152
[ 4.1561414  -1.4171585   0.65400517  6.9699779   5.27535583  1.16281546] -222.44384074899335
[ 4.1561414  -1.4171585   0.65400517  6.9699779   5.27535583  1.16281546] -222.44385105318324
[ 4.1561414  -1.4171585   0.65400517  6.9699779   5.27535583  1.16281546] -222.44384718612696
[ 4.1561414  -1.4171585   0.65400517  6.9699779   5.27535583  1.16281546] -222.44384718612682
[ 4.1561414  -1.4171585   0.65400517  6.9699779   5.27535583  1.16281546] -222.44385105319884
[ 4.1561414  -1.4171585   0.65400517  6.9699779   5.27535583  1.16281546] -222.4438602906795
[ 4.1561414  -1.4171585   0.65400517  6.9699779   5.27535583  1.16281546] -222.44383428558126
[ 4.1561414  -1.4171585   0.65400517  6.9699779   5.27535583  1.16281546] -222.44385105318332
[ 4.1561414  -1.4171585   0.65400517  6.9699779   5.27535583  1.16281546] -222.44385105318275
[ 4.1561414  -1.4171585   0.65400517  6.9699779   5.27535583  1.16281546] -222.44373473245736
[ 4.1561414  -1.4171585   0.65400517  6.9699779   5.27535583  1.16281546] -222.443851053199
[ 4.1561414  -1.4171585   0.65400517  6.9699779   5.27535583  1.16281546] -222.44385105319867
[ 4.1561414  -1.4171585   0.65400517  6.9699779   5.27535583  1.16281546] -222.44373473245787
[ 4.1561414  -1.4171585   0.65400517  6.9699779   5.27535583  1.16281546] -222.4438407489782
[ 4.1561414  -1.4171585   0.65400517  6.9699779   5.27535583  1.16281546] -222.4438510531989
[ 4.1561414  -1.4171585   0.65400517  6.9699779   5.27535583  1.16281546] -222.44373473245787
[ 4.1561414  -1.4171585   0.65400517  6.9699779   5.27535583  1.16281546] -222.44373473245702
[ 4.1561414  -1.4171585   0.65400517  6.9699779   5.27535583  1.16281546] -222.44385105318335
[ 4.1561414  -1.4171585   0.65400517  6.9699779   5.27535583  1.16281546] -222.4437347313946
[ 4.1561414  -1.4171585   0.65400517  6.9699779   5.27535583  1.16281546] -222.44373473245787
[ 4.1561414  -1.4171585   0.65400517  6.9699779   5.27535583  1.16281546] -222.44384682588023
[ 4.1561414  -1.4171585   0.65400517  6.9699779   5.27535583  1.16281546] -222.44385105318324
[ 4.1561414  -1.4171585   0.65400517  6.9699779   5.27535583  1.16281546] -222.44373473139473
[ 4.1561414  -1.4171585   0.65400517  6.9699779   5.27535583  1.16281546] -222.4437347313946
[ 4.1561414  -1.4171585   0.65400517  6.9699779   5.27535583  1.16281546] -222.44373473139507
[ 4.1561414  -1.4171585   0.65400517  6.9699779   5.27535583  1.16281546] -222.44373473245705
[ 4.1561414  -1.4171585   0.65400517  6.9699779   5.27535583  1.16281546] -222.4437347313946
[ 4.1561414  -1.4171585   0.65400517  6.9699779   5.27535583  1.16281546] -222.44385105318324
[ 4.1561414  -1.4171585   0.65400517  6.9699779   5.27535583  1.16281546] -222.44384718504514
[ 4.1561414  -1.4171585   0.65400517  6.9699779   5.27535583  1.16281546] -222.4437347313946
