[ 0.18067452  0.3115904   0.73845126 -0.21266293  1.39295061  2.10016716] -258.12117671411863
[ 0.19290165  0.27405878  0.93438175 -1.84225777  0.20459613  0.63314393] -259.21534743580287
[-1.80151041  0.93965121  0.67304653 -0.19234487 -0.28307816 -0.4582502 ] -301.11760414639065
[ 1.02788407  1.24261063 -0.01027496 -0.2642659  -0.78334708  2.3696191 ] -273.71216935196503
[ 0.53600747  0.12040576 -0.71186516 -3.71538092 -0.28852222 -1.36781129] -300.039341592814
[ 1.775605    0.36137263  0.08764192 -0.80082637  1.3547943   0.70645133] -241.16063285312458
[-0.10233105 -2.24880015  2.0232273  -0.16109103  1.14041874  1.30936099] -249.97811783516033
[ 3.00509096 -0.91923853  0.34747417 -2.13981677  1.29004165  2.37522727] -246.35293944568892
[ 1.49060092 -0.44654118  2.08549897  1.90840733  1.82167367  4.53246788] -267.0159781751145
[ 1.15296327 -2.13179664  2.08250008 -0.81848328  3.18483878  1.51598709] -258.10920407995366
[ 0.57770053 -1.00439666 -0.01427348 -3.90012005  1.0342064  -1.65235529] -268.8124964555021
[ 1.26237582 -0.58600505  1.56055586  0.45627549  1.62480686  2.98626209] -252.24302809312917
[ 2.23189119 -2.01168456  1.34556845  0.6167228   3.12468752  3.03134138] -261.63578864609315
[ 0.70264904 -0.29737706  1.03717842 -1.22751262  0.93461898  1.23269329] -245.90989217366496
[ 2.41810983 -2.25220534  1.64107466 -1.35115527  1.78355583  1.27516019] -237.55400072985086
[ 3.53682749 -3.53410321  2.09238636 -1.92040143  1.97885843  0.86265671] -242.60012216599995
[ 1.8675366   0.15104548  0.14988403 -0.92289224 -0.47542666  1.77906463] -256.84582106213537
[ 1.68889327 -0.41966505  0.63303804 -0.89679     0.4396397   1.71329525] -244.4640133421637
[ 1.90029653 -1.33929945  0.36265564 -2.64867284  0.68954954 -0.11553265] -245.94987645410873
[ 3.93254592  0.62666255 -0.65353968 -2.86050026  1.02364792  1.08640391] -254.1736633430592
[ 0.9063882  -1.52993448  1.35403555 -0.83594334  1.11122604  1.25362172] -241.22901418976483
[ 0.12555632 -0.90646439  1.35773391 -0.44715004  0.81441981 -0.35333089] -248.04241722823417
[ 2.2852073  -0.91604499  0.60003911 -1.71665009  1.17113619  1.69308773] -240.69629557179672
[ 1.35865435 -0.34531864  1.42168026  0.37238028  1.5754408   2.74030249] -250.5110677268339
[ 1.76488598 -1.09080425  0.6274118  -1.89340956  0.91102236  0.59842614] -239.71400855022216
[ 2.91038083 -1.65171677  0.6105686  -1.27074558  1.32250583  1.18065416] -237.86803935842136
[ 2.33129911 -1.94011268  1.00721917 -1.72612007  2.11177382  0.52250518] -238.6137171951472
[ 3.58877449 -0.96656933  0.1706162  -2.0836923   1.7737034   0.73847319] -244.88529129270583
[ 1.57698477 -1.38909319  1.05818072 -1.14788058  1.27684538  1.12483459] -237.856794113979
[ 2.65335094 -3.44136503  1.76052276 -2.23449401  1.50415216  1.42510466] -240.99617129513967
[ 2.43391446 -2.49068062  1.34230255 -1.8760771   1.4668127   1.24544133] -238.13402842915036
[ 2.19331769 -2.68882596  1.49554673 -1.37181263  1.78636911  0.2892528 ] -234.6165618045508
[ 2.14737288 -3.57521644  1.94330054 -1.1993939   2.09398557 -0.41266467] -234.37337914700186
[ 2.84113464 -3.3422041   1.90680362 -0.96371461  2.44080402  1.04688412] -242.6309987834419
[ 2.03394815 -1.65365421  0.94725975 -1.66098582  1.29346777  0.71054063] -236.5308800755276
[ 2.17560453 -2.39740951  1.50700977 -1.10929269  0.96728387  1.18548357] -236.30125559663318
[ 1.98688587 -1.8157512   1.2268288  -0.70374084  1.44573538  0.44256149] -233.9542043426272
[ 1.76337158 -1.47828649  1.16909192 -0.11757272  1.43519673  0.04112158] -234.18761448755996
[ 1.20258785 -2.70939319  2.16398281 -1.12007078  1.63111877  0.26131778] -235.5998816676399
[ 2.41118494 -3.41211677  2.08497139 -1.23366585  1.79487035  0.02929841] -233.83514196157847
[ 2.82828502 -4.42362856  2.59836673 -1.27655849  2.05388284 -0.51846967] -236.0492635011274
[ 1.56775157 -2.93564177  1.65004303 -0.99122803  1.29193142 -0.53631446] -233.39779332407738
[ 1.14257245 -3.27735998  1.65452721 -0.81126442  1.04611921 -1.44205178] -236.3088451254115
[ 1.7965144  -3.96152208  2.57811902 -0.45814488  1.78150735 -0.38731326] -233.0306405107557
[ 1.67779752 -5.11545601  3.39354866  0.14327559  2.02552714 -0.9362402 ] -235.7251829384291
[ 1.52849465 -3.73913764  2.37540543 -0.79278875  2.37909907 -1.3865218 ] -234.7801119398879
[ 2.61014692 -3.77040211  1.78890659 -0.67291664  1.96459094 -1.01163587] -232.46624229895284
[ 3.31392645 -4.30090657  1.60136849 -0.44933956  2.13132703 -1.64811269] -235.2169639324471
[ 2.64479088 -2.75107915  1.38198436 -0.9602413   1.07844126  0.76116569] -234.62851997754495
[ 2.36571682 -2.99809377  1.63033963 -0.91837816  1.40360572  0.22424381] -232.88831886227322
[ 2.09869396e+00 -2.72262613e+00  1.70976895e+00 -4.59964235e-01
  1.13342815e+00 -3.88618828e-04] -232.34447860409568
[ 2.0743545  -2.29633097  1.59300315 -0.0902494   0.65314944  0.20574941] -235.2805114503872
[ 2.29645033 -4.78438301  2.58722074 -0.87435842  1.67757593 -1.00326482] -233.73662113893295
[ 1.8339064  -3.64543952  1.89649459 -0.22466427  1.28934281 -0.93418948] -231.9482400632863
[ 1.54526713 -3.76210089  1.8022562   0.27983652  1.03657905 -1.41593343] -234.39733206500077
[ 1.79445969 -1.89352545  1.1640032  -0.36740698  1.2772262   0.12139886] -233.68675605134126
[ 1.91995735 -2.61623984  1.51980758 -0.49414484  1.37731363 -0.15976706] -232.15757313162874
[ 2.64056038 -3.63579938  2.0577691  -0.08484298  1.69133146 -0.2200357 ] -231.32190471901643
[ 3.17696478 -3.98587819  2.26163213  0.36834955  1.89103148 -0.06189632] -232.23410551257567
[ 2.69314621 -2.50134483  0.95624312 -0.49349216  1.17169689 -0.31327771] -232.052761502979
[ 2.23308692 -3.29919016  1.67932368  0.10836979  1.47229558 -1.10400863] -230.24170113762972
[ 2.16677196 -3.44973836  1.70381571  0.62174377  1.50664051 -1.76813485] -230.57100756810905
[ 1.86297015 -2.36981118  1.48422908  0.12333707  0.7472119   0.10108014] -235.40230410130349
[ 2.42335273 -3.42025438  1.71273722 -0.47385321  1.66024618 -0.73345687] -231.03491909053565
[ 2.4826427  -3.65012991  1.56435615 -0.09424499  1.7539807  -1.1545232 ] -230.68756565793737
[ 2.84894109 -4.10114622  1.76916704  0.07323557  1.6356509  -1.32673014] -230.77252961768838
[ 2.12768386 -4.74930835  2.60370614  0.26149214  1.99591899 -1.51103696] -232.53509351261226
[ 2.55178062 -3.06333571  1.36810888 -0.30474609  1.37775241 -0.61271753] -230.83165826053587
[ 3.22621508 -3.41117907  1.4873261  -0.0340297   1.90774293 -0.78296787] -231.90418370689486
[ 2.87813791 -3.46974418  1.58961822 -0.08168834  1.7531429  -0.82077327] -230.84525013282354
[ 2.49875361 -3.36546748  1.1700013  -0.17279944  1.5263581  -1.69736751] -230.54254286395627
[ 2.74109489 -3.56275018  1.33412121  0.31656204  1.51281402 -1.50524989] -230.17596719851525
[ 2.89996597 -3.63399808  1.14481321  0.71176967  1.43909794 -1.8911464 ] -230.84821887548992
[ 2.2406287  -3.54426237  1.37207454  0.0571473   1.33980767 -1.64609236] -230.87749831151126
[ 2.71876061 -3.48837373  1.5352323  -0.04697943  1.64980909 -1.02710304] -230.37992518702762
[ 2.62264598 -4.09235018  1.64929168  0.36612727  1.80588372 -1.99227661] -230.56301056245943
[ 2.25005381 -3.05160766  1.20827507  0.08577618  1.6047295  -1.50011282] -230.24939523146872
[ 2.53882257 -3.30311656  1.29439226  0.31326379  1.43664931 -1.7875163 ] -230.156261815562
[ 2.56691251 -3.12960988  1.15941032  0.51701818  1.27798361 -2.10401286] -231.0230944317275
[ 2.37087815 -2.59781841  1.09115692 -0.16472963  1.26166815 -0.88150946] -230.90829231698086
[ 2.55970403 -3.71871724  1.50975799  0.23341305  1.66982983 -1.71458482] -230.1341864764289
[ 2.51508733 -3.44245103  1.68369954  0.50960125  1.58901767 -1.18215766] -229.8383516977642
[ 2.52325419 -3.48094281  1.94054866  0.8508016   1.62034745 -0.92455274] -230.1029506687543
[ 2.22718924 -3.30423721  1.36795762  0.56930813  1.44530287 -1.904107  ] -230.72001924131155
[ 2.59586777 -3.4423396   1.49341363  0.10709246  1.59868254 -1.24635403] -230.01864233640438
[ 2.81116735 -3.87124727  1.78996104  0.44365795  1.48836681 -1.34651096] -230.05186884833836
[ 3.02082773 -3.81435046  1.35579154  0.53282706  1.62615781 -1.82344926] -230.45756084888265
[ 2.43002212 -3.42798024  1.59844065  0.21448411  1.51076114 -1.28386879] -229.97261797492604
[ 2.40912883 -3.50586713  1.78910049  0.29060882  1.58495508 -1.3484143 ] -229.83159446011047
[ 2.2431458  -3.4774256   2.01659014  0.27763221  1.62102561 -1.2699965 ] -230.00774385726046
[ 2.5681699  -3.83308428  1.99373219  0.28635542  1.71055505 -0.91978055] -230.30790377255275
[ 2.54615941 -3.43560849  1.46922724  0.3065367   1.50512574 -1.57058237] -229.9211340576633
[ 2.54277357 -3.32311401  1.7648562   0.39058072  1.42247317 -0.94471121] -229.92797890970516
[ 2.20184566 -2.9878729   1.47628488  0.1626434   1.58197163 -1.17885183] -230.18504159041223
[ 2.65883693 -3.65040367  1.711542    0.37340431  1.51176802 -1.30459618] -229.87699856257123
[ 2.43813496 -3.48613526  1.84554174  0.58797951  1.4426844  -1.2984228 ] -230.0548953525604
[ 2.55643457 -3.45328851  1.58144566  0.22731422  1.559683   -1.25937122] -229.87619360305604
[ 2.64611809 -3.50893071  1.73484973  0.48486457  1.54691309 -1.25274219] -229.6981728603983
[ 2.75416608 -3.54940595  1.80305427  0.6200548   1.56498907 -1.23717889] -229.62501108726246
[ 2.6038308  -3.68922758  1.58116687  0.38525932  1.68270636 -1.68938899] -229.9252173685927
[ 2.5885665  -3.59769919  1.6270892   0.38658967  1.61764806 -1.50321955] -229.80990993631588
[ 2.61458067 -3.63076334  1.92941648  0.49598766  1.63756122 -1.04106357] -229.81043882303968
[ 2.48715106 -3.40942138  1.75972655  0.46998116  1.67285002 -1.21920556] -229.75175573578252
[ 2.56645892 -3.59191416  1.94924985  0.69696023  1.66265737 -1.25104195] -229.7329657810233
[ 2.62493003 -3.65257268  1.93551274  0.4771262   1.65786927 -1.35121694] -229.6185242392703
[ 2.67985137 -3.75763351  2.06141934  0.46088867  1.69229507 -1.43574659] -229.58717994660788
[ 2.82112937 -3.67307871  1.92088474  0.75287857  1.69771186 -1.21407107] -229.61960637679218
[ 2.6845271  -3.56228762  1.77772484  0.63313004  1.66515592 -1.57909097] -229.5425138411974
[ 2.71950031 -3.52804976  1.70187902  0.70170123  1.67895327 -1.84810467] -229.56811572715435
[ 2.74252814 -3.58354792  2.130264    0.82470816  1.70090504 -1.14222546] -229.5450309646314
[ 2.92906927 -3.82986791  2.12113913  0.859559    1.65505475 -1.40057942] -229.57221980119002
[ 2.97063152 -3.72669305  1.98891225  0.68677951  1.6627132  -1.41858885] -229.4685203363219
[ 3.17271781 -3.7940825   2.00874346  0.68168916  1.66274111 -1.5023623 ] -229.57976292905647
[ 2.85507951 -3.82829696  2.19706049  0.78592652  1.79295621 -1.49292189] -229.5004830623491
[ 2.79943293 -3.75636361  2.17128862  0.66411873  1.69198154 -1.60897999] -229.38174401332537
[ 2.78858471 -3.79800606  2.29649056  0.6197388   1.68911638 -1.80643445] -229.35976520087598
[ 2.97695537 -3.68526633  2.10911108  1.00905867  1.69633877 -1.51086709] -229.45291285591634
[ 2.74369952 -3.5648314   2.04538194  0.66022157  1.74734042 -1.58279681] -229.29657650478796
[ 2.65101464 -3.43231315  2.00750335  0.56055286  1.79348325 -1.67390551] -229.27028343448305
[ 2.89973614 -3.76073981  1.99533686  0.60702065  1.73234954 -2.01837746] -229.47789654287078
[ 3.02947353 -3.84815083  2.42041336  0.78989563  1.79049653 -1.72794078] -229.27892399899994
[ 2.91705246 -3.58875945  2.07552866  0.63842219  1.66187634 -1.89244949] -229.2057571540272
[ 2.94803894 -3.46899069  2.01476274  0.56467003  1.59633641 -2.09221329] -229.2493697203163
[ 2.87816794 -3.59898982  2.30398289  0.82779524  1.69899195 -1.32501793] -229.24453776366192
[ 2.77645137 -3.59046883  2.41543104  0.79504162  1.78072121 -1.89361623] -229.17659207622268
[ 2.67936129 -3.52235672  2.62869044  0.84917267  1.83972522 -2.13112993] -229.3503755085422
[ 2.70329285 -3.60029638  2.39733887  0.40142345  1.77522312 -1.92892104] -229.17890498867973
[ 2.86323289 -3.42165342  2.2435755   0.71797153  1.81114775 -1.67418255] -228.9778719571759
[ 2.90055697 -3.23347711  2.21711798  0.76708789  1.87216344 -1.6080566 ] -228.89996814423773
[ 2.57937187 -3.16661741  2.05188757  0.54021212  1.73698991 -1.71271482] -229.1157874111813
[ 2.93394985 -3.49388985  2.47959232  0.76277464  1.71517207 -1.77968653] -228.9216847128641
[ 2.72539052 -3.29217986  2.24164926  0.47385872  1.81505675 -2.28013031] -229.02315126956117
[ 2.62261868 -3.20355036  2.52547702  0.60837729  1.90323249 -1.84192569] -229.10856334669586
[ 2.80948691 -3.05976476  2.24637953  0.91436065  1.8325555  -1.77645569] -228.97502926772248
[ 2.74734023 -2.89269096  2.17193685  0.56051548  1.84433551 -1.77270697] -228.799289031767
[ 2.73278467 -2.54380202  2.05018975  0.44325242  1.87614266 -1.71225235] -228.8680656115037
[ 3.00040918 -3.22523355  2.57549675  0.82211277  1.92384868 -1.97360577] -228.73486778678006
[ 3.21092783 -3.25454162  2.83730133  0.9630631   2.01727806 -2.10405125] -228.77326385052598
[ 3.08309254 -3.19552833  2.11858054  0.82519277  1.76447816 -1.88828827] -228.8225090345946
[ 3.09955471 -3.07468166  2.3613854   1.07682268  1.83579437 -1.31946964] -228.92071646297958
[ 3.11214758 -3.31206906  2.39499042  0.69047476  1.81937524 -1.67081558] -228.7043291753257
[ 3.26347792 -3.4382212   2.46929586  0.57853182  1.81278511 -1.61799552] -228.8524869129592
[ 3.0470839  -2.81733704  2.13357698  0.81796081  1.97149306 -1.63129442] -228.78294356276498
[ 2.86398876 -3.15076369  2.17584777  0.41762548  1.89610366 -2.1954529 ] -228.9049501737143
[ 2.92288025 -3.13174318  2.22223218  0.58242478  1.88102633 -1.97645708] -228.75346785331516
[ 3.07042759 -2.95805693  2.32181993  0.6658059   1.86268889 -2.0296661 ] -228.54928689047495
[ 3.15536289 -2.82034684  2.3741709   0.61516491  1.85795162 -2.24047084] -228.51598648159424
[ 2.91198214 -2.87094521  2.50555416  0.53769174  2.00153199 -1.86682862] -228.76045912162255
[ 3.30261508 -3.166534    2.56340361  0.79476111  1.97407346 -2.0137838 ] -228.64601299569398
[ 3.08804848 -3.35828691  2.74503902  0.52958255  1.84777605 -2.28269282] -228.76688635056155
[ 3.07780733 -3.22304944  2.59217351  0.60167711  1.8787053  -2.11984322] -228.63627214803788
[ 3.2784253  -3.42204682  2.40193497  0.83118008  1.77679489 -2.13149681] -228.9158921906716
[ 3.00359293 -3.00872061  2.47964936  0.61106382  1.94534771 -1.93299567] -228.62370581962745
[ 3.29443142 -3.12024132  2.77106267  0.79599338  1.918741   -2.00738121] -228.51996218919956
[ 3.3149099  -2.99175354  2.48298674  0.54759893  1.8742161  -2.021491  ] -228.52551733389026
[ 3.27075893 -2.7981462   2.69282518  0.63161166  1.99696982 -2.441173  ] -228.60788688859384
[ 3.06967272 -2.82088532  2.56755251  0.47294216  1.84990372 -2.24066785] -228.46844747451524
[ 2.95320154 -2.64806097  2.56962696  0.31203269  1.78781885 -2.35410987] -228.53617343637384
[ 3.29176893 -2.63031517  2.53057561  0.62311451  1.93567136 -2.17488331] -228.434430251364
[ 3.39874973 -2.33394803  2.49977666  0.6338332   1.96415439 -2.20240335] -228.49918351407516
[ 3.462042   -2.71850885  2.66007518  0.61774469  1.8658035  -2.44236007] -228.59184568982576
[ 3.25863702 -2.90253748  2.43598269  0.59257453  1.77045928 -1.93457842] -228.42393639213935
[ 3.25257607 -2.95473312  2.30756144  0.57305597  1.657204   -1.68128113] -228.54067311971937
[ 2.99955229 -3.04351771  2.39403519  0.59805145  1.8698442  -1.76413081] -228.58918755947454
[ 3.11517472 -2.96226549  2.46054519  0.60297476  1.86883402 -1.93368812] -228.47161138892034
[ 3.080106   -2.76044367  2.56364311  0.68665583  1.85963756 -2.15573225] -228.4742155404408
[ 3.02914268 -2.51202333  2.20642733  0.40181552  1.79541152 -2.21929239] -228.53167857774696
[ 3.22810923 -2.96818683  2.62990383  0.69744892  1.88790863 -2.060359  ] -228.44678921810896
[ 3.19245998 -2.86119781  2.68856341  0.61007199  1.86618657 -1.92616547] -228.36499348809616
[ 3.21100853 -2.88162329  2.84575967  0.60752554  1.87030405 -1.76901279] -228.3737360401426
[ 3.3051682  -2.9546857   2.5407313   0.51305313  1.86668363 -1.9343818 ] -228.47222059299023
[ 3.24890265 -2.90612519  2.54645925  0.55645381  1.86492211 -1.98971942] -228.41823490123772
[ 3.31467546 -2.73415044  2.67246725  0.58122721  1.8561832  -2.17510303] -228.38096288930825
[ 3.44184504 -2.84661899  2.60043151  0.74735483  1.87720666 -1.84626837] -228.4137954181094
[ 3.3546538  -2.65879487  2.52825607  0.53948338  1.83563443 -1.95521367] -228.35176548724152
[ 3.41792608 -2.50409889  2.47743219  0.46050061  1.80949733 -1.902641  ] -228.3816835852882
[ 3.31195572 -3.00615976  2.62681112  0.58594074  1.75452606 -1.76746616] -228.40667339997867
[ 3.36286053 -2.7684782   2.78501352  0.61426945  1.91442707 -1.95206695] -228.36057872311622
[ 3.41058086 -2.71900816  2.75405504  0.66966206  1.83646589 -1.88437513] -228.31869396256513
[ 3.49141996 -2.62544965  2.85785293  0.72626619  1.82223778 -1.83170299] -228.33871074999104
[ 3.20721708 -2.73597742  2.75129063  0.45286345  1.81060108 -2.04052844] -228.32406270520974
[ 3.30219351 -2.48637587  2.76640419  0.56991844  1.95197336 -2.21035141] -228.4173202869118
[ 3.30951517 -2.87621379  2.66170938  0.58193517  1.80388789 -1.87818747] -228.34474573129472
[ 3.29775368 -2.80573964  2.7171621   0.57486795  1.83288444 -1.70374268] -228.32661331990337
[ 3.45506705 -2.66020622  2.71059883  0.5342885   1.81178036 -1.87853931] -228.33118160839393
[ 3.31540201 -2.71683517  2.58934383  0.50343072  1.72932429 -1.82812861] -228.31972896554456
[ 3.31052482 -2.84586527  2.86646387  0.56619924  1.77268022 -1.78262021] -228.3137499997252
[ 3.28846033 -2.93940047  3.03556776  0.57955717  1.74120311 -1.69632348] -228.3795035192412
[ 3.356      -2.61833017  2.80126205  0.51850214  1.79402421 -1.82779066] -228.27265919305944
[ 3.37924241 -2.48938837  2.87103838  0.48678563  1.78909237 -1.80259225] -228.275838499658
[ 3.17742576 -2.82037906  2.78259367  0.56088669  1.78021302 -1.8105226 ] -228.32030179152252
[ 3.29462983 -2.67972544  2.79784092  0.51564682  1.74155179 -2.02091254] -228.31940946025983
[ 3.41430402 -2.730737    2.77922917  0.6585791   1.74081872 -1.67758815] -228.33163710078676
[ 3.25898881 -2.73466732  2.75827526  0.50429237  1.79315549 -1.94979336] -228.29675771386374
[ 3.47128302 -2.61776478  2.73981998  0.53169109  1.77552095 -1.95401757] -228.34079771884814
[ 3.25089008 -2.76972549  2.77190025  0.55358779  1.77904    -1.84639634] -228.29471608058478
[ 3.31180278 -2.73893878  2.99392196  0.60586609  1.84298158 -1.9425008 ] -228.32833372467752
[ 3.31450221 -2.72236107  2.69048837  0.52903956  1.75773861 -1.85672166] -228.2955106271718
[ 3.33919909 -2.79026039  2.74964068  0.59811424  1.83614968 -1.69498658] -228.32252994114597
[ 3.30577215 -2.70735918  2.78579086  0.53626367  1.76520127 -1.93943105] -228.29573243801087
[ 3.18831183 -2.74709467  2.80400518  0.39963286  1.71748071 -1.84987596] -228.3052925159181
[ 3.2476302  -2.58731403  2.67077679  0.44757356  1.76286654 -1.97404947] -228.2900240055199
[ 3.38961599 -2.63282442  2.68882601  0.63012017  1.83319467 -1.94818489] -228.31347227343724
[ 3.23863787 -2.71852711  2.77521039  0.45725469  1.7464092  -1.87445319] -228.2875286590991
[ 3.31215535 -2.6398717   2.74020098  0.50978144  1.74193778 -1.82315409] -228.2779087924794
[ 3.26749975 -2.64468401  2.69748874  0.46898272  1.76213752 -1.79475742] -228.27363866568865
[ 3.24310221 -2.60378977  2.7951247   0.45618789  1.77106647 -1.85681207] -228.27127007866986
[ 3.20740221 -2.54450412  2.84744287  0.41976205  1.7777304  -1.85685727] -228.2826739845227
[ 3.30411839 -2.50111344  2.7214543   0.39917302  1.74710724 -1.87060929] -228.2766411799562
[ 3.32620765 -2.65479137  2.83947026  0.48905374  1.7580276  -1.7084761 ] -228.27621326214395
[ 3.36438992 -2.50233305  2.75645662  0.48997229  1.77835774 -1.75274669] -228.27142818956835
[ 3.30828395 -2.53514224  2.79688458  0.4308425   1.79496914 -1.78057665] -228.27282687195188
[ 3.31770944 -2.68524343  2.84077468  0.55200741  1.80575365 -1.70311057] -228.2851051407737
[ 3.30751615 -2.54714594  2.75128439  0.43738162  1.76176885 -1.82873461] -228.2675342710878
[ 3.28938967 -2.49568369  2.69336343  0.44490264  1.79608038 -1.90532993] -228.27712004084012
[ 3.31700316 -2.61501445  2.80294355  0.47801597  1.76754079 -1.75768956] -228.26834731076002
[ 3.36459871 -2.49590119  2.87049655  0.46798474  1.79377155 -1.80669265] -228.27426527989593
[ 3.29177449 -2.60748831  2.74074069  0.46873323  1.77004603 -1.79774123] -228.26767541880594
[ 3.31831136 -2.62955832  2.75238609  0.51875521  1.75263222 -1.82659496] -228.27462334724694
[ 3.3107908  -2.55874626  2.78575996  0.45282068  1.78438491 -1.79208122] -228.26723164761313
[ 3.25552558 -2.52650908  2.74284126  0.40920175  1.75036405 -1.7674778 ] -228.2683900257275
[ 3.21084755 -2.65056489  2.78310823  0.41080808  1.75669929 -1.84743215] -228.28023723765858
[ 3.32600432 -2.53939101  2.76311952  0.47018124  1.77294313 -1.77641805] -228.26601228393696
[ 3.35976929 -2.52764191  2.73377176  0.44925694  1.76461611 -1.71656876] -228.2781421212864
[ 3.27226898 -2.5847528   2.77978646  0.45445515  1.76945388 -1.82175124] -228.26621065964295
[ 3.35292706 -2.62433717  2.79837027  0.51132754  1.79168181 -1.82399417] -228.27303131525085
[ 3.27987595 -2.55096611  2.75672351  0.4347332   1.76069349 -1.78160689] -228.26576449517958
[ 3.27907374 -2.51448236  2.72286129  0.42808574  1.77222264 -1.84175486] -228.26845291348542
[ 3.3075208  -2.58988143  2.78292299  0.46553341  1.76871125 -1.77870588] -228.2660771834141
[ 3.30955118 -2.51613954  2.79912492  0.43630187  1.76927248 -1.79535807] -228.2664878938424
[ 3.29448786 -2.56614644  2.80452806  0.46729356  1.78005087 -1.75323918] -228.26688952066948
[ 3.2857789  -2.55701285  2.77630853  0.4566788   1.75599012 -1.77694521] -228.26469826652544
[ 3.27327294 -2.55614615  2.77158282  0.45860786  1.74179273 -1.76937721] -228.26683847967317
[ 3.29917885 -2.54656813  2.74813392  0.43866766  1.75230392 -1.82368927] -228.26724240354466
[ 3.29566061 -2.56125187  2.79042952  0.46013709  1.77311413 -1.7708517 ] -228.2652167851622
[ 3.27948534 -2.61161248  2.7506386   0.47760443  1.76436286 -1.77340159] -228.267047429196
[ 3.30203472 -2.54000777  2.78700334  0.44662751  1.76804507 -1.78986895] -228.26482051530328
[ 3.32668945 -2.52808421  2.77238267  0.45684193  1.76371185 -1.73638099] -228.26767343413138
[ 3.2858741  -2.57058565  2.77793552  0.45505184  1.76801838 -1.80040868] -228.26506983059622
[ 3.28422206 -2.51652366  2.76758366  0.44226982  1.76422352 -1.78666061] -228.26491262755343
[ 3.25181112 -2.55939163  2.78887517  0.42831818  1.75708511 -1.79236263] -228.26760811464587
[ 3.30745602 -2.54439116  2.76955843  0.45971547  1.76897863 -1.7804042 ] -228.2644834923598
[ 3.30713285 -2.54562488  2.79954949  0.47209365  1.77209646 -1.78677289] -228.2640195274398
[ 3.32076131 -2.54295427  2.82096248  0.49077387  1.77779794 -1.78935589] -228.26467940865993
[ 3.29517228 -2.53013013  2.76888346  0.45067528  1.75933659 -1.80283515] -228.26462039063443
[ 3.30805818 -2.50731117  2.77836012  0.45430166  1.76153842 -1.77408699] -228.26525211303223
[ 3.29142012 -2.55476703  2.77804167  0.4548643   1.76639839 -1.79382826] -228.2644462060952
[ 3.31210957 -2.57412095  2.79219798  0.47128185  1.76605823 -1.79022427] -228.26490768972434
[ 3.30513769 -2.55972163  2.7860444   0.46402884  1.76559955 -1.78933336] -228.2643914654481
[ 3.29533123 -2.55720812  2.77245866  0.47272461  1.76142151 -1.7868374 ] -228.26417594209704
[ 3.31477117 -2.54026814  2.78187017  0.46802191  1.77528692 -1.80305853] -228.26439435853325
[ 3.31191075 -2.57053019  2.79362414  0.47980765  1.77725722 -1.77724307] -228.2648573549744
[ 3.29935689 -2.54023015  2.77506863  0.45795837  1.76381675 -1.79643713] -228.2642384355863
[ 3.2969273  -2.55488215  2.79478591  0.47018175  1.76589457 -1.80501833] -228.2643812523125
[ 3.31479893 -2.54454466  2.79188409  0.48013874  1.76830687 -1.79532429] -228.26390059547694
[ 3.32648833 -2.53943347  2.7988053   0.49277597  1.7692611  -1.79607231] -228.26514169711524
[ 3.29145713 -2.56046906  2.79139355  0.47102007  1.75709165 -1.78351593] -228.26474939799232
[ 3.30894266 -2.54531837  2.78425102  0.46877145  1.7707381  -1.79817288] -228.2639874661051
[ 3.30235893 -2.53621448  2.78662153  0.47659401  1.76849186 -1.80018762] -228.26362602243296
[ 3.30096955 -2.52446091  2.7869101   0.4828766   1.76993802 -1.80561474] -228.26415999286127
[ 3.31237987 -2.5348314   2.77515857  0.47257853  1.76906261 -1.78289241] -228.26395738790254
[ 3.31429126 -2.54768382  2.79490582  0.48967529  1.77288905 -1.7869587 ] -228.2638393333927
[ 3.32463693 -2.52753108  2.80499818  0.48055929  1.77910681 -1.79659886] -228.26499654123222
[ 3.30265766 -2.54978886  2.78059354  0.47468328  1.76584283 -1.78927777] -228.2638440399678
[ 3.31134358 -2.54050231  2.7715887   0.48205346  1.76634732 -1.79749833] -228.26393593847538
[ 3.31033409 -2.53920348  2.78266639  0.48980298  1.76624208 -1.78587349] -228.2639378293365
[ 3.30621495 -2.55114781  2.79426146  0.4917374   1.76697739 -1.80214766] -228.26430404379775
[ 3.31083864 -2.5389105   2.77993429  0.47736824  1.76854131 -1.78770622] -228.26363731069327
[ 3.30842892 -2.54667807  2.78584293  0.47036803  1.77056433 -1.79977749] -228.26395052389796
[ 3.30985779 -2.54107212  2.78346053  0.48494424  1.76732264 -1.78934949] -228.26374389856818
[ 3.30692415 -2.54556917  2.8008779   0.47908115  1.7707842  -1.78543636] -228.26375798081676
[ 3.30084389 -2.54186833  2.78358044  0.48064333  1.76965044 -1.78431443] -228.26354798568477
[ 3.29386636 -2.54053017  2.77942862  0.48089562  1.77032222 -1.7788095 ] -228.2637796404703
[ 3.31238056 -2.53398395  2.79586663  0.48808548  1.77338367 -1.78870651] -228.26383713388765
[ 3.30011006 -2.53152236  2.78187462  0.47256353  1.76650232 -1.79160817] -228.26369341023863
[ 3.29793059 -2.54440171  2.77624981  0.46897935  1.76371392 -1.79082759] -228.26395389678882
[ 3.30876807 -2.53658839  2.79096242  0.48330895  1.77096623 -1.78923678] -228.26365437982776
[ 3.30400164 -2.52982289  2.76793338  0.47939295  1.76637406 -1.79536454] -228.2637388709046
[ 3.29911595 -2.53057019  2.78017504  0.47167943  1.76951943 -1.79345643] -228.26370987170978
[ 3.30334354 -2.54206853  2.79978274  0.47465954  1.77151647 -1.78680534] -228.26372638374596
[ 3.30350806 -2.53900712  2.7918204   0.4758429   1.77023087 -1.78894514] -228.26355495264247
[ 3.30969327 -2.54413353  2.79142287  0.48376089  1.76860824 -1.78720969] -228.2636933473041
[ 3.31189356 -2.54738509  2.79290603  0.48660925  1.77232733 -1.78759179] -228.26371530040987
[ 3.30305593 -2.53548804  2.78463247  0.47607496  1.76795857 -1.79060408] -228.26349500989133
[ 3.30009791 -2.53189209  2.78109432  0.47284991  1.77000485 -1.79312173] -228.2636125401458
[ 3.29813305 -2.5378718   2.77826539  0.4698155   1.7673264  -1.79238963] -228.2637019405889
[ 3.30610932 -2.53690924  2.78778817  0.47993559  1.77005627 -1.79002499] -228.2635525758019
[ 3.29448604 -2.5348826   2.79191149  0.47661199  1.77025631 -1.79469311] -228.26392042676486
[ 3.30675049 -2.53790353  2.78292859  0.47717918  1.76897006 -1.78945294] -228.26349673379028
[ 3.3044296  -2.53814163  2.78399327  0.47758127  1.77046516 -1.77863349] -228.263543124375
[ 3.30813452 -2.54454721  2.79048679  0.4829025   1.76910561 -1.78086996] -228.26365090287098
[ 3.30210706 -2.53505587  2.78344244  0.47536305  1.76978004 -1.79005879] -228.26361026175024
[ 3.30612537 -2.54138343  2.78813867  0.48038935  1.76933042 -1.7839329 ] -228.2635418664817
[ 3.3055968  -2.53822428  2.77853347  0.481425    1.76857944 -1.7833758 ] -228.2635203932121
[ 3.30282471 -2.54076051  2.77948081  0.47782877  1.76826175 -1.78007956] -228.26351272374305
[ 3.30875042 -2.53543214  2.78232198  0.47618285  1.7682047  -1.78437849] -228.26358245889057
[ 3.30282052 -2.54025928  2.78326583  0.47952821  1.769289   -1.78433045] -228.26347616813968
[ 3.30462834 -2.53986472  2.78166668  0.47989389  1.76699792 -1.79195842] -228.26357596225446
[ 3.30447929 -2.53857241  2.78341162  0.47815942  1.76959835 -1.78196472] -228.26348586412743
[ 3.30238388 -2.53568592  2.77594559  0.47634249  1.76822197 -1.78600295] -228.26345811132356
[ 3.30051313 -2.53283717  2.76984905  0.47431907  1.76766775 -1.78703797] -228.26358242117686
[ 3.30184147 -2.53799895  2.78468816  0.47361268  1.7688538  -1.78743576] -228.2634668960793
[ 3.30428581 -2.5345422   2.78547661  0.47580354  1.76936883 -1.79318407] -228.26352996862948
[ 3.30318999 -2.53920593  2.78097976  0.47732247  1.76853852 -1.78335569] -228.26348575581312
[ 3.2991732  -2.53783332  2.78137922  0.4765009   1.76851668 -1.78177827] -228.26370585034027
[ 3.30485617 -2.53788597  2.78254125  0.47700961  1.76885671 -1.78753427] -228.26348567123236
[ 3.30346783 -2.54104811  2.77897826  0.47791667  1.76982755 -1.77960387] -228.2634933203916
[ 3.30336486 -2.53965809  2.78039182  0.47745624  1.7693603  -1.78235392] -228.26349579161226
[ 3.30211267 -2.53684243  2.78031688  0.47497759  1.76853789 -1.78671935] -228.26344010180176
[ 3.3026022  -2.5379726   2.77960571  0.47793535  1.76875549 -1.7851667 ] -228.26348491452535
[ 3.30362002 -2.53678595  2.77924342  0.47667605  1.76853934 -1.78676861] -228.26345883926254
[ 3.30278693 -2.53744593  2.77846268  0.47683248  1.76838025 -1.78467932] -228.2634478557345
[ 3.30343158 -2.53712916  2.77967861  0.47725096  1.76891016 -1.78398383] -228.26347806062057
[ 3.30271991 -2.53558698  2.78028903  0.47620873  1.76809027 -1.78830351] -228.2634667957546
[ 3.3030828  -2.53518619  2.77837302  0.47482742  1.76813781 -1.78698583] -228.26345861166396
[ 3.30213716 -2.53538197  2.77786493  0.47470396  1.76772568 -1.78916935] -228.26344849880672
[ 3.30265458 -2.53685581  2.77644647  0.4752446   1.76842404 -1.78513829] -228.2634525636489
[ 3.30143265 -2.53568014  2.77655977  0.47430013  1.76793654 -1.78612975] -228.26344619059716
[ 3.30141982 -2.53744454  2.77682575  0.475973    1.76827098 -1.78562718] -228.26345132761983
[ 3.3017974  -2.53753102  2.77954657  0.47433476  1.76820315 -1.7864848 ] -228.26344884633264
[ 3.30124096 -2.5365862   2.78007905  0.47512937  1.76792745 -1.78779829] -228.2635982323228
[ 3.30230118 -2.53678841  2.77735462  0.4752158   1.76829989 -1.78580329] -228.2634536547088
[ 3.30177266 -2.53626128  2.77843832  0.47463886  1.76823721 -1.78642455] -228.26344894051084
[ 3.3024498  -2.53714418  2.77938978  0.47590503  1.76845907 -1.78569933] -228.2634480212431
[ 3.30212492 -2.5361122   2.77909091  0.47484077  1.76813178 -1.78794435] -228.263437236715
[ 3.30195504 -2.53718673  2.77993172  0.47465618  1.76837052 -1.78660208] -228.26347380694844
[ 3.30176625 -2.53714349  2.77857131  0.4754753   1.76840443 -1.78617327] -228.26343556349872
[ 3.30238363 -2.53684912  2.77838168  0.4751111   1.76848096 -1.78592882] -228.2634656800634
[ 3.30224828 -2.53626418  2.77813123  0.47566004  1.76837993 -1.78636115] -228.2634262520509
[ 3.3023949  -2.5358029   2.77723099  0.47616198  1.76838464 -1.78624069] -228.26347289106755
[ 3.30177457 -2.5364068   2.7795978   0.4753881   1.76823581 -1.78717851] -228.26347888399943
[ 3.30223136 -2.53673854  2.77868571  0.47518035  1.76841967 -1.78624125] -228.26346753023358
[ 3.30200726 -2.53670383  2.77835127  0.47556767  1.76839218 -1.78626721] -228.26343423585206
[ 3.3021866  -2.53618819  2.77861107  0.47525041  1.76825586 -1.78715275] -228.26342870432416
[ 3.30218048 -2.5365533   2.77922406  0.47531882  1.76845891 -1.78654025] -228.26345138556235
[ 3.30234904 -2.53670418  2.77876051  0.47578254  1.7684195  -1.78603024] -228.263448664934
[ 3.30201047 -2.53626273  2.77828478  0.47514945  1.76830857 -1.78639285] -228.26344634783402
[ 3.30231595 -2.53655665  2.77825645  0.47538557  1.76843045 -1.78614499] -228.26344048466285
[ 3.30219206 -2.53633995  2.77757438  0.47561308  1.76826992 -1.78624281] -228.26344843309886
[ 3.30197116 -2.53606766  2.77764256  0.47509287  1.76825947 -1.78682368] -228.2634439796193
[ 3.30205452 -2.53634113  2.77885141  0.47508893  1.76840557 -1.78680473] -228.26343836453225
[ 3.30225079 -2.53644448  2.77832989  0.47553238  1.76839925 -1.78679198] -228.26345464305024
[ 3.30207055 -2.53630817  2.77829606  0.47524518  1.76833124 -1.78649263] -228.26346501927387
[ 3.30221744 -2.53622618  2.77837115  0.47545522  1.76831789 -1.78675695] -228.26342854201152
[ 3.30212777 -2.536484    2.77824125  0.47561386  1.76838606 -1.78631418] -228.2634494891256
[ 3.3021514  -2.53630266  2.77849132  0.47537448  1.76839275 -1.78658294] -228.2634362638349
[ 3.30228211 -2.53641041  2.77819384  0.47552281  1.76840519 -1.78625307] -228.26345243118314
[ 3.30210972 -2.53616592  2.7778869   0.47537645  1.7683197  -1.78659241] -228.26344672327275
[ 3.30212937 -2.53626345  2.77820801  0.47540475  1.76834425 -1.786377  ] -228.26346614635239
[ 3.30224953 -2.53635433  2.77823056  0.47559621  1.76838959 -1.78657657] -228.26345357132777
[ 3.30221949 -2.53633161  2.77822492  0.47554834  1.76837825 -1.78652667] -228.26344789485148
[ 3.30207592 -2.5361811   2.77825508  0.47548666  1.76831967 -1.7867917 ] -228.26343817763086
[ 3.30221298 -2.53600655  2.77821228  0.47535321  1.76831668 -1.78688976] -228.26343796597547
[ 3.30211908 -2.53605058  2.7782244   0.47535368  1.76830395 -1.7867983 ] -228.26343892735628
[ 3.30223197 -2.53617783  2.77867493  0.47551798  1.76835726 -1.78680119] -228.2634559866134
[ 3.30214028 -2.5361689   2.7780839   0.47541184  1.76832909 -1.78664461] -228.2634478073744
[ 3.30223286 -2.53624518  2.77825119  0.47555763  1.76834891 -1.78655905] -228.2634659464402
[ 3.30219984 -2.53628342  2.77831128  0.47551726  1.76838634 -1.78647204] -228.2634467850516
[ 3.30223063 -2.53613536  2.77817176  0.47550663  1.7683483  -1.78662546] -228.26345639897602
[ 3.3021621  -2.53622264  2.77819316  0.47557335  1.7683498  -1.78657642] -228.26344013805095
[ 3.30218368 -2.53615738  2.77817782  0.47550686  1.76834194 -1.78657972] -228.26342899261343
[ 3.302179   -2.53621505  2.77800907  0.47551825  1.76834982 -1.78647678] -228.2634443973693
[ 3.30216831 -2.53618083  2.77808024  0.4755365   1.7683698  -1.78647148] -228.2634318574524
[ 3.30214977 -2.5363058   2.77812917  0.47559746  1.76837757 -1.78635374] -228.26344120183384
[ 3.30216388 -2.53616521  2.77792895  0.47561356  1.76833661 -1.78646772] -228.26346111183884
[ 3.30219085 -2.53625386  2.7782157   0.47554134  1.76837391 -1.78647096] -228.26343038233685
[ 3.30218866 -2.53624652  2.77830004  0.47562027  1.76838117 -1.78646105] -228.26344869067967
[ 3.30218141 -2.53622292  2.77808181  0.47554375  1.76835765 -1.78647285] -228.26345126090428
[ 3.30221598 -2.53621078  2.77815453  0.47558345  1.76836094 -1.78647044] -228.26345372466105
[ 3.30221956 -2.53625902  2.77817347  0.47560069  1.76837692 -1.78641606] -228.26343662679236
[ 3.3022083  -2.5362225   2.77810574  0.47559827  1.76837486 -1.78641631] -228.26344278572512
[ 3.30220519 -2.53624341  2.7781622   0.4756167   1.76836487 -1.78646879] -228.2634417308869
[ 3.30219903 -2.53628499  2.7781302   0.47562875  1.76837875 -1.78635745] -228.26343797693988
[ 3.30221364 -2.53623961  2.77807015  0.47558914  1.76836487 -1.78641897] -228.26344176407514
[ 3.30221535 -2.53629379  2.77810314  0.47564775  1.7683858  -1.78634247] -228.26343724764803
[ 3.30222538 -2.53630583  2.77815106  0.47564942  1.76837551 -1.78637198] -228.26345722928974
[ 3.30221257 -2.53624333  2.77811707  0.47561106  1.76837503 -1.78640523] -228.26344319847573
[ 3.30223392 -2.5362616   2.77815235  0.47563037  1.76837842 -1.7863886 ] -228.2634067625305
[ 3.30223181 -2.53627898  2.77811719  0.47565389  1.76838286 -1.78635181] -228.26340325360707
[ 3.30222365 -2.53627458  2.77813072  0.4756444   1.76837934 -1.7863593 ] -228.2634233640392
[ 3.30222673 -2.53625379  2.77814672  0.47563837  1.7683724  -1.78641497] -228.2634606892914
[ 3.30223096 -2.53625189  2.77810069  0.47562459  1.7683724  -1.78639006] -228.26344145487005
[ 3.30222829 -2.53624334  2.77811849  0.47562916  1.7683774  -1.78638873] -228.2634407241582
