[-0.76597422  1.02399845 -1.22356702  0.53596916  0.84495165 -0.28489682] -238.35765566327677
[ 0.40323464  0.50873317 -0.10069822 -0.78805485 -0.10234288  0.1843478 ] -237.8308652715762
[-0.32496807 -0.53470982 -0.50445134 -0.96782884 -1.08561495 -0.63966518] -251.84241290135614
[ 1.50978036  1.53639203 -0.71841724 -1.10054468  0.61446607 -0.15603835] -240.97038869032335
[-1.32386445  1.26660679 -0.1224179   1.31731629 -0.48572805 -1.07411503] -241.29467587613632
[ 1.37946514  0.83538158  1.36638204  0.29979824 -0.16283784 -0.67206269] -229.52851857134206
[-0.6948062  -2.01088999 -0.73036115 -0.25444081 -0.04737299 -0.00753177] -245.83732905519284
[ 0.4942465   1.58811717 -0.00524182  0.97117663  1.30599361 -0.03043377] -232.2227414529091
[ 1.26043552  4.26396638  0.46237444  0.66632774  0.71887384 -0.67020118] -227.4507016507948
[ 2.23805639  7.40139457  1.05874223  1.12671202  1.10199726 -1.00153589] -236.37092242215482
[ 2.7509271   1.98558947  0.04936196 -1.12242554  1.55876287  0.53102003] -258.3982512072108
[-0.30516657  1.44635246 -0.07947293  0.70738083  0.02539468 -0.67283126] -230.78522766356272
[-0.68770002  1.68579104  0.85834273  1.89807726  0.26221161 -0.55932096] -235.04475671440528
[ 1.61414596  2.41878215  2.05746243  0.71559946 -0.16252064 -0.5219372 ] -227.80853658770855
[ 0.84857421  3.57073042  1.65398052  2.54084157  0.76471464 -1.22661016] -229.616485791607
[ 2.45160028  3.02198568  0.96015216  0.06896423  0.56766115 -0.70537112] -228.98843568328215
[ 1.92210502  3.59761573  2.14553471  0.69512739 -0.72223166 -1.45923743] -234.84323826448318
[ 0.85121113  2.09049181  0.53245231  0.90216432  0.79893729 -0.38763469] -226.42414668926972
[ 3.10697731  3.95409355  2.4237409   1.02385102  0.8162148  -0.72177441] -226.70531935219407
[ 2.70603757e+00  1.95750329e+00  9.46874243e-01 -1.31527324e+00
  9.40615683e-02  2.83060420e-04] -243.4656898029475
[ 1.31294005  3.16742364  1.47720395  1.57681287  0.59705137 -0.91988685] -223.86994150739017
[ 2.1529716   5.47019949  1.27141335  1.35144164  1.27491044 -0.63687247] -227.08812061560369
[ 0.98129358  4.09966666  1.78139697  2.00976812  0.78016122 -0.58073114] -228.9559484522742
[ 1.34887026  3.83024642  1.57608577  1.52456715  0.7270362  -0.61189114] -225.4181831300588
[ 1.73032266  5.17335828  0.52362781  1.63278879  1.80686195 -0.79414972] -226.99953733039504
[ 2.24066215  3.63130468  2.13913359  2.00421418  1.28813017 -0.68720191] -222.29695437308635
[ 2.73077546  3.31497382  2.97751317  2.67315741  1.57275834 -0.69570227] -222.97347351116653
[ 1.37735624  1.81210664  1.61933476  1.53669114  0.73650015 -0.73730711] -222.90090679430298
[ 1.68234971  0.98853063  2.73235595  1.22331144 -0.15223862 -0.56108232] -228.4886823520551
[ 1.71832943  4.12715137  1.07580984  1.53041945  1.31708681 -0.73588287] -223.94630834321595
[-0.15718756  2.2654813   0.38293251  2.00110535  1.00536586 -0.63816044] -230.20247234040465
[ 2.29093609  3.53194049  1.9135388   1.2681646   0.86350257 -0.70087092] -223.70736643202233
[ 2.57848694  4.60956594  2.73458326  2.24479214  1.04416514 -1.07671224] -228.4838019795782
[ 1.28303008  2.72026034  1.08298505  1.23782128  0.86024425 -0.55990408] -223.9043175272556
[ 2.05888109  2.49981597  1.5265829   1.52680736  1.16046891 -0.83512677] -221.60793013178622
[ 2.41388651  1.83460074  1.50183146  1.52792747  1.37718526 -0.94674459] -222.1766921986532
[ 1.80293914  1.66046588  2.1771165   1.51975103  0.51821233 -0.74421634] -223.31127236643016
[ 2.41154151  2.71409209  2.53465179  1.90632579  0.86104425 -0.98163256] -222.6744096897878
[ 2.74783203  2.11581827  2.4929155   1.67717183  1.21223476 -0.64223168] -222.67826957896568
[ 1.92213463  1.27926069  2.24970621  2.12215584  1.06202762 -0.8417012 ] -221.32760085404985
[ 1.73773389  0.15292079  2.41778991  2.54915146  1.16129015 -0.91211635] -222.32914601522486
[ 2.4498634   3.02366689  2.01032507  2.07137102  1.58858962 -0.83085073] -220.60130412042662
[ 2.77332554  3.7052674   1.92692936  2.34718102  2.12377827 -0.87416793] -220.5308678529945
[ 3.3407694   3.50307973  2.67063836  2.3245942   1.83272784 -0.88338025] -221.60396116938213
[ 2.16793941  3.66178858  1.85629857  2.39992097  1.56382426 -1.05883852] -221.30301540101308
[ 2.42302923  3.37941359  1.58844454  2.33529874  2.14927478 -0.74517297] -220.33418575776338
[ 2.42877309  3.71207433  1.11534092  2.54978521  2.79339004 -0.62694317] -221.8702967382834
[ 2.65469762  2.3782373   1.80039972  2.34777186  2.00923705 -1.0589273 ] -219.2095537953212
[ 2.86171535  1.75170362  1.63103278  2.51955069  2.36979049 -1.24479   ] -219.51556308750563
[ 3.03508418  3.4691998   2.50422269  3.09883351  2.41982104 -0.98560262] -220.3088128821801
[ 1.6513008   2.45464272  1.30469534  2.55912644  1.94325983 -0.97142327] -220.43521794411365
[ 2.97965763  5.07025577  1.41062386  2.90722167  3.00770412 -1.056343  ] -222.27951238966008
[ 2.18651538  2.22700946  2.03993562  2.3184223   1.54844675 -0.89536165] -219.82092406200178
[ 2.74004484  2.20946818  1.86524385  2.60229032  2.50078164 -0.78471339] -220.04579363270796
[ 2.12356514  1.66738962  1.77405123  2.74006671  2.06649543 -0.93956581] -219.05267248592384
[ 1.79868495  0.64845073  1.69761216  2.93650955  2.037854   -0.97226475] -220.13169207920316
[ 3.40301133  2.65559659  2.55273721  2.5884347   2.28809239 -0.83169131] -219.82614151089274
[ 2.9579436   1.4895534   2.5904189   2.89664106  2.12834999 -1.08678106] -219.06082838681144
[ 2.32017512  0.73988505  1.70337282  2.0657088   1.76064671 -0.88007756] -222.63234088229328
[ 2.85635692  2.78687111  2.30401022  2.84055233  2.25502746 -0.95922135] -218.8958963666946
[ 2.65398516  2.19208432  2.48860711  2.64167266  1.59776805 -1.13913611] -219.6385763868543
[ 1.74134328  1.59145181  1.77973706  2.67327427  1.58034918 -1.19463978] -219.62878145234535
[ 2.80944853  1.80818639  2.20580579  3.06157067  2.33062897 -1.23072882] -217.88679225539343
[ 3.1209151   1.59877486  2.28874087  3.43314485  2.72172008 -1.3984124 ] -217.49812306731218
[ 2.49762206  1.64534172  1.69051222  3.00214436  2.65595835 -1.0733798 ] -218.91637692509238
[ 3.66235687  2.26393752  2.36964066  3.08016612  3.0319136  -0.97745613] -218.90499732335434
[ 3.08488895  1.4390521   2.53872498  3.64979995  2.94391792 -1.08601154] -217.9240072556914
[ 2.82395808  2.31090225  1.7314745   3.35198372  3.09666095 -1.05790128] -217.6371096815585
[ 3.89180085  2.34757023  2.53364992  3.71253041  3.50190403 -1.24456169] -218.2371374114122
[ 3.98247019  2.60369431  2.89823484  3.6872481   3.194423   -1.16780834] -219.6704772710431
[ 2.86883409  1.88492986  1.99244287  3.1734203   2.79057451 -1.09698693] -217.95981180672493
[ 2.55322779  1.85876261  2.09337379  3.64031107  2.73802137 -1.30357561] -217.96383901985965
[ 3.25818471  1.02645953  2.08879209  4.14651109  3.6759055  -1.43659514] -217.3229903418745
[ 3.4590986   0.14625374  1.98118303  4.79949048  4.38634452 -1.67528203] -218.59452907170143
[ 2.01153539  1.02539017  1.71086645  3.41919325  2.48702942 -1.21526594] -218.70778863110453
[ 3.42173448  2.01702522  2.32795405  3.63919612  3.24818537 -1.23723776] -217.47956858401426
[ 3.63961068  1.56695199  2.229336    3.49104094  3.42096673 -1.13413941] -218.34084281579152
[ 2.82482351  1.78580996  2.12736434  3.60299354  2.90875771 -1.26121656] -217.43363459653818
[ 3.30933418  1.50774477  2.37524074  4.10112279  3.407808   -1.39547129] -217.5314650879437
[ 3.16809441  1.97652009  1.77446389  3.77518408  3.40909462 -1.50959993] -216.70353164194887
[ 3.20969714  2.24525409  1.39233334  3.83787614  3.64168298 -1.72139413] -216.58473692323685
[ 3.55760496  1.08278723  2.46866732  4.23496446  3.43802559 -1.75887448] -218.44313568034138
[ 3.0073698   2.00387349  1.9157727   3.5727289   3.18200211 -1.23314458] -217.08847670857793
[ 2.97157406  2.05132094  1.67174506  3.30969409  3.05160992 -1.36719556] -217.34448748694658
[ 3.1102128   2.11113955  1.55257966  3.93652178  3.84766112 -1.35384884] -217.10542196325827
[ 2.70555286  1.72426063  1.25490834  3.82957906  3.52102107 -1.55389384] -217.16125174980985
[ 3.26270694  1.93495945  1.16467939  3.94131015  4.06453652 -1.62747413] -217.24709721039778
[ 3.21300068  1.63066131  1.45127678  4.44514829  4.25932651 -1.60825466] -216.87182757362058
[ 2.9113287   2.85692331  0.82172464  3.70787701  3.82950461 -1.59607492] -217.6364693550616
[ 3.1714707   1.48407547  1.77202523  4.03685257  3.71430527 -1.47646508] -216.88903275607043
[ 2.87639439  1.79812873  1.94828596  3.94492543  3.32412984 -1.35485958] -217.1632341574195
[ 2.97297252  1.83233641  1.75238432  3.94402161  3.50923151 -1.42301322] -216.8563515571157
[ 3.52268836  2.04485281  2.02388233  4.09480404  3.86371543 -1.38481299] -216.98452158988252
[ 3.25552027  1.63587831  1.88331191  4.04062207  3.54242682 -1.59517938] -216.69147947491854
[ 3.44108009  1.62047931  1.5092986   4.56037934  4.3282274  -1.8365619 ] -217.04186111826658
[ 3.33265252  1.71632785  1.61091713  4.31346673  4.04167107 -1.68570757] -216.7401867694417
[ 2.86241625  1.46999167  1.2635339   4.11119177  3.70583263 -1.78519169] -216.75999864690183
[ 3.11061576  2.0260744   1.3458939   4.19392297  3.85241857 -1.79644847] -216.63367627839034
[ 3.03495747  2.01129294  1.63151472  3.70188548  3.17176134 -1.72739016] -216.5935632190959
[ 3.29564728  1.86927001  1.29011731  4.12230011  3.80936629 -2.01409058] -216.53389421119832
[ 3.45698465  1.88773681  1.05898381  4.21143936  3.95943369 -2.30962927] -216.89572987466826
[ 3.55061389  2.36470753  1.78782886  3.95883273  3.6472764  -1.72821174] -217.04771953697835
[ 3.03446566  1.69367064  1.39460764  4.07310201  3.69119357 -1.7709467 ] -216.53816940978683
[ 2.98098201  2.11081894  1.36834248  3.6764362   3.19461212 -1.8561089 ] -216.4144130532713
[ 2.80514675  2.30806449  1.24705515  3.35792093  2.77108264 -1.94130956] -216.55278290599296
[ 2.9666015   2.34958203  0.92429122  3.82788556  3.57791814 -2.0336136 ] -216.65826727794325
[ 3.03883119  2.1711561   1.16404639  3.88106969  3.56904531 -1.92400504] -216.5010197648242
[ 3.08757782  2.0077465   1.4010934   3.57030024  3.17346864 -1.87486337] -216.4978979541939
[ 3.18077623  2.02134582  1.03866547  4.01847599  3.85469496 -1.99307942] -216.53544608108479
[ 2.99639626  1.71274858  1.15995756  3.94268527  3.45577732 -2.08963721] -216.38591133311573
[ 2.88974582  1.44649583  1.04376967  3.99508983  3.36282448 -2.27375875] -216.51423088138765
[ 3.15893793  2.27069135  1.07946656  3.66398715  3.32779464 -2.1463148 ] -216.50531356889823
[ 3.00534794  2.02613134  1.4490091   3.60045023  2.98865981 -1.97526055] -216.54733340228213
[ 3.13691916  2.0225422   1.14125138  3.91396955  3.63818617 -1.9886247 ] -216.42929382895375
[ 2.83756751  2.22929788  1.14793528  3.42718259  2.97692843 -1.94576076] -216.5074395493789
[ 2.95208745  2.13929091  1.18348078  3.60096197  3.1850379  -1.96284322] -216.41932007152377
[ 2.9053267   1.7840764   1.39325744  3.86448715  3.41091451 -1.75237934] -216.51871660580224
[ 3.09553513  2.14903761  1.15791428  3.71411215  3.34857461 -2.04783094] -216.41695573565974
[ 3.04433475  1.87623882  1.30663357  3.5917521   3.09617361 -2.0159644 ] -216.36833447089202
[ 3.04708653  1.72878018  1.37792716  3.44709331  2.85973776 -2.06194408] -216.47929490779566
[ 2.98117376  1.99581252  1.03809995  3.90967217  3.46598527 -2.11213975] -216.3779052219208
[ 2.87991729  1.97210693  1.26355816  3.5645704   2.94386743 -2.0395501 ] -216.3964083807213
[ 3.04069228  1.79963022  1.24802121  3.86544746  3.31662555 -2.09090055] -216.3525375025777
[ 3.08499469  1.62979988  1.28029143  3.99769021  3.38241938 -2.15492922] -216.45152241131754
[ 2.87896366  1.67341439  1.30362337  3.80274238  3.14243916 -2.02026937] -216.35213907335276
[ 2.77067792  1.43560278  1.37647791  3.8470575   3.03937143 -2.00648858] -216.4812951728489
[ 2.95951066  1.56583155  1.07162213  3.8825204   3.27901066 -2.26671157] -216.39551952052796
[ 3.08710649  1.56911843  1.11242777  4.10036952  3.64146975 -2.15899085] -216.43700150410064
[ 2.93171459  1.87135981  1.22577556  3.69852018  3.11826801 -2.06941029] -216.3364441131996
[ 2.99824777  2.07723657  1.35574828  3.72108612  3.25274564 -1.86606229] -216.39402052732294
[ 2.98856349  1.94938531  1.28471674  3.76144469  3.2593119  -1.96622461] -216.3390982127352
[ 2.95875125  2.00919844  1.30899924  3.60050773  3.01049052 -2.00199911] -216.3445911426847
[ 2.96649958  1.73059647  1.52115661  3.53046601  2.84845098 -1.94278303] -216.48788460327737
[ 2.97750521  1.92950851  1.15886412  3.81487063  3.3116017  -2.06980057] -216.32270488903234
[ 2.88106208  1.86792674  1.20336651  3.92275892  3.290072   -2.05690377] -216.43309258574334
[ 3.00351658  1.8741608   1.2808168   3.67450381  3.14464821 -2.02619924] -216.32455950753115
[ 2.87231265  1.96937887  1.27291073  3.58541568  3.01229428 -1.96040051] -216.34680922164975
[ 3.03182427  2.19424952  1.20707103  3.57567853  3.14309904 -2.01107541] -216.39897864465692
[ 2.91717881  1.80362317  1.27948528  3.74597642  3.14260413 -2.01797088] -216.32192694451098
[ 3.05343066  1.84303315  1.23997519  3.84652547  3.31668054 -2.09013439] -216.3493307026343
[ 2.91759216  1.93779244  1.26467684  3.65069313  3.08839084 -1.99283398] -216.32626572294149
[ 2.95327237  1.77941157  1.18911254  3.84816189  3.34445108 -2.04548074] -216.35909646872474
[ 2.95738153  1.95175172  1.27902757  3.66242127  3.09398066 -2.01286952] -216.32357030748452
[ 2.91306613  1.8400135   1.21149865  3.65421712  3.04051928 -2.09680355] -216.31463598855615
[ 2.87531745  1.7853276   1.17488961  3.60060334  2.93112298 -2.16209302] -216.33299778027038
[ 2.96369888  1.90759024  1.26568086  3.70237394  3.15564693 -2.00274896] -216.2895369750437
[ 2.97969102  1.92570546  1.28563351  3.70430082  3.17433638 -1.96941829] -216.26994212144973
[ 2.99852094  1.83712862  1.23376513  3.76807023  3.21417261 -2.07152004] -216.29501969285252
[ 2.9109313   1.8884162   1.20194128  3.77544835  3.18109005 -2.05326171] -216.29813267632093
[ 2.94158295  1.78971344  1.17803509  3.82520659  3.26079406 -2.08005549] -216.28891376831837
[ 2.90948517  1.76535829  1.30458886  3.67620255  3.02623714 -2.02654275] -216.29186422632628
[ 2.96724703  1.87848866  1.19233556  3.7218388   3.15644571 -2.08122973] -216.25022034159997
[ 2.99228114  1.91592141  1.1487607   3.70976999  3.1633665  -2.11285916] -216.226385504857
[ 2.99776471  1.86740097  1.23940954  3.83211572  3.29947963 -2.00774893] -216.23765304608955
[ 3.02884401  1.8119932   1.26145633  3.72977361  3.19837206 -2.03611985] -216.24226199542878
[ 2.95136206  1.8549023   1.23886288  3.7243862   3.16002265 -2.00606145] -216.2028090641317
[ 2.92778262  1.86378914  1.24141175  3.70254418  3.13294767 -1.97333216] -216.16372727548796
[ 3.04649698  1.95948291  1.1469801   3.82503443  3.38352829 -2.03330188] -216.21368837540098
[ 3.04937055  1.99171759  1.26318222  3.675973    3.18988278 -1.9642046 ] -216.17751009760593
[ 3.03448898  1.87772961  1.14810004  3.78743616  3.28152259 -2.0731039 ] -216.14276082903498
[ 3.06188795  1.85374168  1.0793333   3.82900383  3.3351157  -2.1249467 ] -216.10223516727547
[ 2.99635064  2.00535804  1.11156954  3.79504011  3.30306813 -2.03601129] -216.1255819989171
[ 3.02695858  1.99593595  1.091003    3.68033946  3.20315673 -2.073803  ] -216.09403488986496
[ 3.04155552  2.06020345  1.01679973  3.60445132  3.15499528 -2.10683003] -216.06451991402196
[ 3.04886694  1.99550953  1.13766485  3.76757896  3.33647945 -1.96668306] -216.0334433973718
[ 3.07715984  2.03530359  1.13211693  3.79648345  3.42303593 -1.89359501] -215.96341927249452
[ 3.00487206  1.97722158  1.13449105  3.64279754  3.12948687 -1.99967138] -215.95280429488005
[ 2.9840596   1.98609092  1.12824652  3.55167909  3.00246617 -1.98285614] -215.8541017542083
[ 2.98022818  1.94311134  0.97331037  3.75042766  3.26066018 -2.07498584] -215.88549256923935
[ 3.11929796  2.09748053  0.90571372  3.73981763  3.36016613 -2.09974284] -215.8720423663592
[ 3.09171238  1.98661913  0.96693731  3.62891422  3.20907833 -2.05830756] -215.79456963345015
[ 3.13939324  1.97724968  0.8946212   3.54585128  3.16208343 -2.06945569] -215.72044792499608
[ 3.05201016  2.17940482  0.93760285  3.50056632  3.11935334 -1.95087516] -215.71721446527954
[ 3.04707126  2.34223639  0.86673763  3.33634756  3.01147215 -1.86383939] -215.67557629517913
[ 3.07418118  2.06695404  0.95011573  3.6357509   3.25163271 -1.88799494] -215.48929116284202
[ 3.09049401  2.07032933  0.91677373  3.65140069  3.29995142 -1.7785774 ] -215.23716170177076
[ 3.04302158  2.10352914  0.76301746  3.39535786  2.94256389 -2.06289076] -215.47159627850627
[ 3.16088437  2.24919399  0.85172638  3.32305704  2.99890755 -1.87746823] -215.49514515632922
[ 3.03567673  2.14539595  0.90132726  3.19474688  2.77898208 -1.77861969] -215.3952629321409
[ 3.1881208   2.30988724  0.6031547   3.26390801  3.06218735 -1.82742758] -215.39509074920093
[ 3.04902968  2.42960767  0.73962452  3.17575474  2.86927139 -1.66015199] -215.22191008965734
[ 3.00384789  2.65578667  0.66212618  2.99070646  2.72286537 -1.45550014] -215.21276299743434
[ 3.12694386  2.16913771  0.69930428  3.27004475  2.9236804  -1.72965521] -214.9166153968337
[ 3.16688016  2.08258838  0.6155876   3.23689334  2.87978452 -1.66256312] -214.61626581087194
[ 3.01512935  2.20664491  0.63560259  3.25461404  2.89653732 -1.64439134] -214.77563369187607
[ 3.12369474  2.38668168  0.68183989  3.13539862  2.93753879 -1.31946899] -214.9216845155829
[ 3.16037892  2.42524346  0.47036764  3.31622685  3.15397285 -1.45068983] -214.60303506611865
[ 3.22273001  2.56516721  0.25488783  3.37696683  3.34146823 -1.2867249 ] -214.42409848572285
[ 3.01947125  2.34584548  0.65245124  3.28475198  2.96386121 -1.22164771] -214.2118827807956
[ 2.93514648  2.3638246   0.67709951  3.29517396  2.91469814 -0.91875778] -213.83427270510455
[ 3.06531554  2.68323515  0.2589408   2.77851706  2.59767937 -0.98389136] -214.62304058219212
[ 3.17245087  2.10692731  0.37919323  3.36848149  3.13303676 -1.14976569] -213.72581104853938
[ 3.25675236  1.83249764  0.23772676  3.557369    3.33812245 -0.99689847] -213.24846367518666
[ 3.09695656  2.19130428  0.21144181  3.36444613  3.05189122 -1.17827333] -213.27322600291936
[ 3.23279769  2.36622751  0.11629217  3.28184141  3.14467732 -0.69797832] -213.30777740636339
[ 3.23843888  1.78396805  0.44540442  3.92571316  3.62586792 -1.26317395] -213.23918249985203
[ 3.32500056  1.3343345   0.53863623  4.49931121  4.1399622  -1.40281524] -213.61547880289942
[ 3.16072716  2.28507472  0.0320299   3.69694349  3.59245724 -0.45137246] -212.8137773464388
[ 3.15765066  2.3863179  -0.25974895  3.92696856  3.94879359  0.15422288] -212.82971194355252
[ 3.0842097   1.70913173  0.3184437   3.66352889  3.21443653 -0.54875987] -212.13876573884295
[ 3.01494955  1.28111398  0.35022163  3.80680991  3.15092069 -0.17977735] -211.53086345323925
[ 3.39839425  1.54957079 -0.21272728  3.91586707  3.71994748 -0.67040018] -212.2384440172587
[ 3.1559419   1.27494898  0.23840691  4.14054152  3.68172501 -0.88198692] -212.21179311878578
[ 3.31144481  1.14442044  0.15224564  4.31663525  3.98445571 -0.30292978] -211.8774599827411
[ 3.16987983  1.27386802  0.09746698  4.37680113  3.9136689  -0.25298174] -211.31483562984022
[3.12644356 0.99455321 0.02733709 4.7865172  4.20144212 0.11897663] -211.0321240220987
[ 3.15086153  1.05925932 -0.24956646  4.29539165  3.81778149  0.47401059] -211.19272612776894
[ 3.2252847   0.14954752  0.06994261  4.72364404  3.92630026 -0.02932988] -211.3809642848483
[2.92991443 0.41837703 0.40892309 4.77397945 3.86759428 0.40338794] -211.6922317330658
[3.09702429 0.40747485 0.01462763 4.76045099 3.96777317 1.04343297] -211.21952515717305
[2.87004788 0.29235487 0.05491623 4.73229583 3.65948163 0.91316341] -211.0432448005772
[ 3.23162274  0.97639089 -0.31976351  4.26105709  3.70697217  0.37677085] -210.7062014746063
[ 3.38247689  1.25539782 -0.68410681  4.00459591  3.62666111  0.36346231] -211.12574628791788
[ 3.21881202  0.01207957 -0.48439043  5.37964235  4.60899626  1.14545221] -211.4224022398531
[ 3.1678464   0.32933818 -0.27573742  4.98643424  4.24447737  0.81414482] -210.94007796455608
[ 2.98933076  1.20357625 -0.31933809  4.55040496  3.93967572  1.27616297] -211.0870122053273
[ 3.08169333  1.21101605 -0.37534501  4.44358267  3.88883699  0.28097679] -210.53040987446124
[ 3.07402785  1.61278665 -0.57033133  4.28514851  3.8493689  -0.10025131] -210.68665627378212
[ 3.00480003  0.60981716 -0.15307711  4.95803901  4.06251384  0.78605456] -210.56726512516744
[ 3.17148722  0.26758053 -0.02788515  4.83890372  3.98156565 -0.17946729] -211.10940040978033
[ 3.03486988  0.96957732 -0.24647486  4.62252965  3.9501482   0.91225541] -210.69086078240662
[ 3.34571077  1.40454274 -0.50260317  4.62042412  4.3586486   0.1832296 ] -210.82758526561435
[ 3.16240416  0.83900757 -0.65167078  4.51083839  3.86909027  0.99883405] -210.521188099907
[ 3.18038445  0.76123475 -0.99117472  4.37299899  3.70291435  1.43876277] -211.10596272647678
[ 3.11918723  1.6741124  -0.47390739  4.1523894   3.700926    0.36522894] -210.48605826240694
[ 3.09485765  2.34649952 -0.57299238  3.73536698  3.42915031  0.140771  ] -211.1220731296992
[ 2.86581502  0.68876439 -0.23747639  4.36238795  3.36751389  1.0568106 ] -210.49815652870325
[ 2.85796714  1.02104074 -0.39288701  4.75553194  3.90603756  1.08994926] -210.53566299202424
[ 2.99575243  1.04500878 -0.51497971  4.43839347  3.64815798  0.61369599] -209.91403974761818
[ 2.97619371  1.08272451 -0.64923214  4.34632538  3.49716287  0.46441628] -209.63132821573063
[ 3.01628683  1.56240473 -0.77376247  3.89897956  3.34734202  0.63268407] -210.63217767155027
[ 3.00767173  0.84796405 -0.30824845  4.69327415  3.88372089  0.74771194] -210.24468032698346
[ 3.21302125  1.09348892 -0.50573972  4.08073405  3.49637941  0.21471027] -210.51319513395833
[ 3.03307103  0.8643379  -0.56674661  4.27173377  3.38276078  1.00159391] -209.94842694849734
[ 2.90924917  1.24478982 -0.26211278  4.12477651  3.24039767  0.28465659] -209.88233375924744
[ 2.75737472  1.04074211 -0.32683487  4.56956167  3.52778129  1.09209581] -210.21727939687855
[ 3.06843418  1.56279254 -0.62488436  4.35696568  3.71006928  0.26175723] -209.72758100972305
[ 2.79814428  0.54033791 -0.43877901  4.63515632  3.37970493  0.91884832] -209.81228507195192
[ 2.83981729  1.26394421 -0.64794814  4.07489896  3.02890472  0.59341077] -209.28571855898574
[ 2.75589007  1.47193429 -0.81779799  3.76571137  2.60149664  0.51626019] -209.1598149672172
[ 3.08961943  1.21489688 -0.79301609  3.93066134  3.07608276  0.05708169] -209.58646427418086
[ 2.83277258  1.50815409 -0.62852751  4.11479843  3.11887727 -0.16725381] -209.54778062173042
[ 2.93110224  1.21549025 -1.05529958  4.25842967  3.22073358  0.39904671] -208.97328677944608
[ 2.94202878  1.20084046 -1.45189298  4.32525625  3.21090153  0.45624177] -208.8582621348376
[ 3.09016864  2.14010968 -1.21633801  3.64474983  3.02515852 -0.3893472 ] -210.20265930907087
[ 2.87115037  0.94028085 -0.63316876  4.3875547   3.29106833  0.59179944] -209.3089188402172
[ 2.75411747  0.91015116 -1.03299413  3.93313681  2.55512719  0.37775796] -209.05126883096167
[ 2.77233253  1.33269473 -1.13656702  3.80604758  2.4540217   0.1462128 ] -208.96543053295062
[ 2.5531445   1.23978831 -1.10730004  4.1801737   2.66774812  0.58325775] -209.0618498067041
[ 2.716782    0.85707585 -1.43137946  4.01782837  2.47457724  1.05776377] -209.04146781593755
[ 2.62694808  1.39721408 -1.69280845  3.62183     2.03022248  0.45403197] -209.25265838937779
[ 2.68799865  1.28298078 -1.42789853  3.81326117  2.34543394  0.48847384] -208.91890814766342
[ 2.7195779   0.80257614 -1.71154607  4.25952326  2.63443994  0.52030911] -209.06741283674435
[ 2.72865595  0.96991568 -1.48810905  4.13607029  2.62620411  0.51929688] -208.86643567692613
[ 2.98082729  0.94476457 -1.54898035  3.83035978  2.55434045  0.43199125] -209.2851715730005
[ 2.6600652   1.16603238 -1.21772012  4.09272022  2.6393962   0.54544113] -208.8543485906651
[ 2.74850356  1.35969547 -1.68486159  4.13059116  2.69505105  0.69338544] -208.77760477710487
[ 2.74569661  1.58446762 -2.01079531  4.22931833  2.76501298  0.85119918] -209.00725207894658
[ 2.79641289  1.58031065 -1.3709703   4.08348718  2.84909228 -0.10807983] -209.1109741741706
[ 2.73668972  1.03788455 -1.41627717  4.03424308  2.568206    0.76630287] -208.83454580099263
[ 2.72898143  1.00642171 -1.75901946  4.37133314  2.90770924  1.01016785] -208.97868451041467
[ 2.76149475  1.25112648 -1.29218013  3.94736897  2.56744359  0.36220156] -208.8184212278602
[ 2.837814    1.04551756 -1.42244849  4.40882215  3.09030022  0.62581604] -208.79336095347256
[ 2.83354273  1.38378329 -1.34035111  4.17693032  2.96422875  0.63049939] -208.72162915499354
[ 2.88598612  1.59071709 -1.26647214  4.19736034  3.13324107  0.68610065] -208.79458157679295
[ 2.58400787  1.21383944 -1.33938655  3.93830238  2.29730707  0.75164038] -208.9578061581255
[ 2.85252355  1.20409021 -1.42376638  4.22851778  2.98250292  0.53009142] -208.7581841102549
[ 2.93012424  1.26133347 -1.6422415   4.21610426  2.98318131  0.65732445] -208.7431727195613
[ 2.91797789  1.46396427 -1.51900589  4.3352018   3.19269662  0.40013656] -208.80253726520124
[ 2.94533391  1.32166828 -1.71871152  4.55135352  3.4018767   0.81688287] -208.88231437997564
[ 2.80745454  1.26876193 -1.39881298  4.09836511  2.77605187  0.47587189] -208.73260339350256
[ 2.75200965  1.04376303 -1.45182145  4.08457512  2.63774209  0.80419298] -208.81529092679258
[ 2.87648583  1.35891396 -1.50220978  4.27254513  3.05395798  0.50115066] -208.7347327194412
[ 2.84506415  1.56667521 -1.57496596  3.9655291   2.72802441  0.53695837] -208.76955105185573
[ 2.96656145  1.32149056 -1.27592098  4.18873941  3.13426469  0.41724662] -208.84135963751172
[ 2.80301804  1.35014424 -1.58262643  4.14512822  2.80485446  0.62435073] -208.7212776943031
[ 2.85598549  1.04233382 -1.3883701   4.41366784  3.12690136  0.60280447] -208.79834729916456
[ 2.84779449  1.43558986 -1.52831699  4.07756379  2.82774364  0.5534199 ] -208.7228751973883
[ 2.84694973  1.48208538 -1.57441989  4.10036116  2.82083642  0.61744759] -208.69255162554109
[ 2.84416282  1.62108296 -1.64974665  4.03628285  2.74000317  0.66112567] -208.71603852937173
[ 2.74162421  1.49842608 -1.33333756  4.07419365  2.76604307  0.47692227] -208.77257720904663
[ 2.88299923  1.32060662 -1.56501552  4.18062661  2.92889675  0.6122239 ] -208.70965486938624
[ 2.79743375  1.38807648 -1.49430453  3.98711327  2.65357931  0.67012047] -208.73235610863375
[ 2.86312478  1.51800003 -1.62953185  4.12420935  2.89066125  0.76014877] -208.71583508517145
[ 2.89504258  1.44199333 -1.57911607  4.28115988  3.09216111  0.59590963] -208.72895042434746
[ 2.87064037  1.42851412 -1.55791319  4.20764823  2.98251566  0.61446234] -208.70624084510268
[ 2.85229714  1.39212136 -1.554969    4.23407084  2.96958745  0.73295768] -208.6878520969528
[ 2.85454847  1.37038711 -1.568295    4.31232437  3.04050936  0.82272657] -208.69764287584965
[ 2.87280037  1.44670729 -1.81447418  4.15375115  2.83488858  0.69003095] -208.77044052439408
[ 2.84335714  1.39951429 -1.45888188  4.17113553  2.93189371  0.64538228] -208.69684535404255
[ 2.91677143  1.49680302 -1.53095067  4.19422235  3.03660928  0.70319012] -208.6922995387483
[ 2.8745469   1.32188157 -1.45118487  4.23847889  2.99945185  0.54840586] -208.69623417177348
[ 2.85185501  1.51969995 -1.47775765  4.20134572  2.98473471  0.67505805] -208.68678557276496
[ 2.83628289  1.61924662 -1.43412872  4.21170528  3.01265369  0.70647512] -208.71145472761262
[ 2.85795208  1.44218774 -1.45814147  4.17222327  2.93185548  0.69301819] -208.66344351011583
[ 2.85160793  1.44902455 -1.40825561  4.15451079  2.90652539  0.73229611] -208.6512100401248
[ 2.88798558  1.48769099 -1.54029735  4.20319439  2.97402132  0.69106952] -208.65645649260662
[ 2.86127537  1.62059352 -1.57769852  4.12408953  2.89798635  0.8356005 ] -208.6918498687045
[ 2.89364775  1.50655909 -1.45555638  4.27011672  3.10231842  0.83927641] -208.68430807569197
[ 2.81611816  1.49509346 -1.47389416  4.20155365  2.9084486   0.79889597] -208.6691263131937
[ 2.85656182  1.32946962 -1.39254486  4.29750784  3.05055895  0.65425075] -208.68446328042884
[ 2.86696161  1.53705786 -1.361133    4.2086722   3.00594834  0.73065793] -208.65298005599666
[ 2.87243927  1.41526524 -1.39946947  4.24383947  2.99787229  0.80709084] -208.63134763585253
[ 2.88273141  1.36304788 -1.36032538  4.26508635  3.00444109  0.87310724] -208.61610002207198
[ 2.87645566  1.61668833 -1.47394244  4.13687019  2.91667544  0.90085031] -208.651961665345
[ 2.83363903  1.4763086  -1.4170596   4.11984581  2.80303498  0.73634929] -208.62313673670582
[ 2.91700891  1.48151261 -1.37977696  4.16117293  2.96176692  0.75588083] -208.60829020057776
[ 2.96745428  1.47472218 -1.33271836  4.14098257  2.98842608  0.73437326] -208.60597381743312
[ 2.87163106  1.48459214 -1.24418078  4.13879491  2.90099578  0.87814186] -208.62250348417388
[ 2.89421152  1.4177367  -1.38436106  4.11002467  2.83408457  0.88771476] -208.6032470690743
[ 2.90783648  1.35807611 -1.39597508  4.06070091  2.74815269  0.96624318] -208.62382182635682
[ 2.89063608  1.27178902 -1.24169116  4.17287817  2.89582719  0.71314387] -208.6082334665632
[ 2.9284932   1.38037429 -1.25185651  4.16136003  2.90241117  0.87531398] -208.55659300022205
[ 2.96693583  1.34604916 -1.17365696  4.16478465  2.90035407  0.94682292] -208.5304028427284
[ 2.99089437  1.30967042 -1.1619183   4.21100463  3.03834128  0.94141868] -208.6100107279332
[ 2.99265677  1.24307964 -1.30737629  4.21612544  2.98616232  0.82071839] -208.57251310774393
[ 3.01819821  1.3246345  -1.17358199  4.0735137   2.87662409  0.80829005] -208.59285051397458
[ 2.91913653  1.38299997 -1.37587698  4.0817651   2.78881815  0.6956024 ] -208.58029331742617
[ 3.02889497  1.45795169 -1.34083272  4.08952053  2.89566257  0.91803006] -208.5607139495218
[ 2.97255699  1.24942837 -1.2525103   4.10426213  2.77214251  0.9580196 ] -208.55405263228337
[ 3.07191492  1.25031108 -1.15691736  4.13329918  2.90583666  0.82811304] -208.53414259052258
[ 2.96583379  1.31863881 -1.36214154  4.18973865  2.87303467  0.91414542] -208.52004849007045
[ 2.93965158  1.31564097 -1.45642132  4.24785112  2.87123997  0.9670731 ] -208.54124762166802
[ 3.08046123  1.23881961 -1.15526808  4.21747843  2.98891278  1.09968074] -208.54403549260357
[ 3.03620914  1.37731993 -1.17306603  4.08356908  2.79248543  1.0675522 ] -208.51609206496835
[ 3.05798533  1.44444008 -1.1059109   4.01729091  2.69564699  1.19096911] -208.5522445604797
[ 3.002409    1.13557063 -1.08368737  4.20819017  2.8485928   1.02008124] -208.5288338062003
[ 3.06869764  1.30614137 -1.11573548  4.22809125  2.9975963   1.00077892] -208.4809262131863
[ 3.11676797  1.33449786 -1.04734806  4.29000581  3.11032319  1.02215858] -208.46771879316609
[ 2.97289566  1.34864288 -1.17700436  4.13905076  2.82129617  0.83327706] -208.48754972990028
[ 2.94843555  1.36992867 -1.18205075  4.2251472   2.87619212  1.1065661 ] -208.51501547602402
[ 3.04724787  1.28215044 -1.16810908  4.21378257  2.87362073  1.04110395] -208.45640428516782
[ 3.08740389  1.25020108 -1.16533514  4.23828153  2.86025406  1.08824447] -208.45043603835475
[ 3.04010633  1.53083912 -1.28529459  4.18040751  2.92926908  0.9905667 ] -208.45520143216993
[ 3.10143905  1.41850437 -0.98122477  4.19574865  2.92357201  1.12197629] -208.4449032367497
[ 3.16924168  1.46843715 -0.79076638  4.19875365  2.94884068  1.22589173] -208.48282381137767
[ 3.05280701  1.3735514  -1.1063532   4.3393114   3.04781677  0.98671086] -208.43756348049237
[ 3.06110594  1.37166713 -1.07299678  4.46718256  3.17548244  0.9462902 ] -208.49583757593726
[ 3.17537108  1.38215023 -1.07213596  4.23578803  3.02131831  0.90774522] -208.40581277070496
[ 3.28883885  1.38826101 -1.01717856  4.24110844  3.0938814   0.80833478] -208.43586283659369
[ 3.21840278  1.41460514 -1.04222621  4.35413022  3.14288831  1.20585698] -208.41134362850576
[ 3.10840875  1.45545258 -1.17017523  4.22454997  2.86471632  1.07820826] -208.4224271731522
[ 3.20783786  1.23398249 -0.89385558  4.34886243  3.02425285  1.13901399] -208.43528504296194
[ 3.20068496  1.50921432 -0.92332184  4.3278487   3.14793413  1.0582594 ] -208.40443956389586
[ 3.25732549  1.63872094 -0.80231519  4.37263228  3.29177416  1.04326687] -208.45989384333612
[ 3.21973176  1.37114768 -1.08813123  4.41441493  3.15940355  1.00328862] -208.40343481257202
[ 3.27887812  1.34746933 -1.14158447  4.52374807  3.27731932  0.94394478] -208.4749598782657
[ 3.32400539  1.41529942 -0.95692882  4.29588669  3.07235438  1.14407996] -208.41029386833733
[ 3.20769705  1.61530731 -1.19045085  4.26867708  3.11195215  0.99346549] -208.4003458627486
[ 3.20762665  1.80596972 -1.33874849  4.22858441  3.1558018   0.92069124] -208.4814011645138
[ 3.34022226  1.44712212 -0.92088974  4.40769858  3.35390062  1.02602363] -208.4361628810659
[ 3.16636212  1.45336997 -1.10785386  4.27033712  2.98701239  1.0651621 ] -208.39089947233342
[ 3.21288134  1.50089117 -1.07071464  4.25018729  3.02377     0.85147662] -208.3920586213361
[ 3.07023738  1.52872747 -1.19394064  4.29319769  3.07810913  0.81571919] -208.43988804561968
[ 3.26056339  1.44365643 -1.01618177  4.29521444  3.07379307  1.06198977] -208.38548045113478
[ 3.24726912  1.58237873 -1.06008211  4.37310516  3.14663679  1.10346878] -208.40642969770624
[ 3.19334559  1.43220735 -1.0691225   4.27011731  3.05264793  0.95667611] -208.38628467439656
[ 3.21950879  1.42964565 -1.25749644  4.26180069  2.9882589   0.9190935 ] -208.42246607736755
[ 3.20539092  1.48932215 -1.00686549  4.3113367   3.10801532  1.02346793] -208.38448215255335
[ 3.19568171  1.60710378 -1.06559847  4.14087505  2.95966007  0.98079072] -208.41256555893912
[ 3.21371925  1.43013671 -1.08249804  4.34602996  3.10946768  0.99766414] -208.38506409325333
[ 3.20972382  1.30122062 -0.92729458  4.31239719  3.00628331  0.9920134 ] -208.40776629812436
[ 3.20820374  1.53678563 -1.12466178  4.27960711  3.08553494  0.99310247] -208.3841443808425
[ 3.20298033  1.42760158 -1.06501317  4.34069359  3.11505378  1.18121089] -208.40418125867802
[ 3.21040609  1.48256877 -1.06928927  4.27281386  3.04659094  0.93391019] -208.381974962693
[ 3.26418087  1.48485572 -1.0150191   4.32136934  3.1716709   0.92377476] -208.389138345642
[ 3.23972618  1.47698428 -1.03822779  4.30861128  3.12550627  0.9591216 ] -208.3821791500553
[ 3.25265759  1.52094397 -1.04345222  4.33442047  3.13032148  1.03307592] -208.38283732796123
[ 3.18280454  1.53525741 -1.10548309  4.32239202  3.12801915  0.91812431] -208.393105024649
[ 3.24112367  1.46655667 -1.0385071   4.30200883  3.08734959  1.0260234 ] -208.3801637074705
[ 3.23878348  1.56091712 -1.02450318  4.25690279  3.08497184  0.99190302] -208.38404356304426
[ 3.25824267  1.52559666 -1.10601496  4.27345142  3.07874303  0.95557761] -208.3865576738566
[ 3.21860385  1.49839078 -1.03165286  4.30186538  3.10069725  1.00649535] -208.38047759343513
[ 3.25889655  1.4653349  -0.95721569  4.31260044  3.10627752  0.99040736] -208.38351925864532
[ 3.23502116  1.40934267 -1.03494513  4.35387063  3.11394251  0.99110825] -208.3860986223173
[ 3.2378429   1.52302351 -1.02711367  4.28114475  3.09221451  0.99170433] -208.38017808983693
[ 3.20789022  1.52415443 -1.12553195  4.28768776  3.08794916  0.99303624] -208.3834919892039
[ 3.2206418   1.50944955 -1.08345288  4.29391593  3.09253125  0.99237902] -208.3802703752323
[ 3.20345724  1.46471388 -1.05262897  4.25236621  3.05130846  0.93680204] -208.38685391316406
[ 3.2403575   1.50688645 -1.04574641  4.31390691  3.11056822  1.00900745] -208.3795987217762
[ 3.21659909  1.51864096 -1.06035961  4.27994061  3.05114431  1.02738498] -208.38041998211864
[ 3.24798352  1.52508054 -1.02632157  4.3181136   3.13157743  1.08375466] -208.38369017574828
[ 3.21980045  1.49319671 -1.05854735  4.2841388   3.06783757  0.9713713 ] -208.3796052259355
[ 3.24018462  1.50752717 -1.07292282  4.28315323  3.0665179   0.99946148] -208.3804517366934
[ 3.23478943  1.50524307 -1.06260533  4.28783127  3.07506274  1.00121995] -208.37940539781567
[ 3.24825282  1.48281102 -1.04496463  4.30770823  3.12404364  0.96985017] -208.38152704868455
[ 3.22451253  1.50968348 -1.05651087  4.28688251  3.06936915  1.01300128] -208.3792296494681
[ 3.24550036  1.49208042 -1.01289069  4.29138843  3.074936    1.01173022] -208.37988341463299
[ 3.23085174  1.46819209 -1.06448891  4.30757416  3.06949325  1.0190802 ] -208.38137418022737
[ 3.23609511  1.50931565 -1.03645748  4.28775211  3.08653419  0.9985483 ] -208.37917758425243
[ 3.22589479  1.53891192 -1.05241227  4.28195784  3.07408637  0.97560276] -208.38038899324695
[ 3.23731645  1.48464549 -1.04198339  4.29699609  3.08403378  1.01341824] -208.37925125341607
[ 3.21879013  1.51090987 -1.08772625  4.29444746  3.08953255  0.99045862] -208.38032208812734
[ 3.2388228   1.49678778 -1.03159958  4.29215319  3.07858514  1.00641232] -208.37918602650714
[ 3.25083083  1.5109906  -1.033087    4.30436856  3.10021351  1.04249788] -208.38018858915186
[ 3.22755804  1.49764518 -1.05218226  4.28919624  3.07593155  0.98915295] -208.37908518066314
[ 3.22600728  1.49422044 -1.04803323  4.26636356  3.04593729  0.99824356] -208.38001590026897
[ 3.23676995  1.50371995 -1.04631811  4.30202107  3.09441049  1.00631648] -208.37920742190983
[ 3.23223553  1.4953561  -1.02574524  4.29716913  3.08789203  1.00772991] -208.37918070351262
[ 3.22801487  1.5195239  -1.04095445  4.288062    3.08020707  0.9936355 ] -208.3792354059021
[ 3.23034027  1.51080429 -1.04121169  4.29029552  3.08116375  0.99858118] -208.37901814142623
[ 3.24276138  1.49485951 -1.02132725  4.29931324  3.09880324  0.98924577] -208.37950946594714
[ 3.22907474  1.50597749 -1.04771496  4.28999019  3.07672767  1.0070624 ] -208.37903973830487
[ 3.22793888  1.50157555 -1.03198562  4.28016439  3.06786762  0.99617921] -208.37920544291515
[ 3.23014665  1.50211165 -1.03556875  4.28562856  3.07450334  0.99871353] -208.37902128908195
[ 3.22299398  1.51028234 -1.04802721  4.28785739  3.08233237  0.9935171 ] -208.3792124199301
[ 3.2348656   1.50016142 -1.03570649  4.29107924  3.07952195  1.00318852] -208.37902762041344
[ 3.23045793  1.51331579 -1.05720197  4.28081149  3.07023545  0.99068572] -208.3793177956381
[ 3.23179113  1.49984603 -1.03360942  4.29307972  3.08347788  1.00346886] -208.37901818005628
[ 3.2251637   1.4961997  -1.04554038  4.29200438  3.07057452  1.00150751] -208.3791254353613
[ 3.22789655  1.49947869 -1.04326965  4.29094131  3.07456444  1.00076771] -208.3789800942916
[ 3.2338136   1.50848134 -1.02684472  4.29114194  3.08072146  1.01477445] -208.37923965437707
[ 3.22912193  1.50035422 -1.04584788  4.28968266  3.07712903  0.99555832] -208.37899589835942
[ 3.23231264  1.49827461 -1.03068966  4.29024548  3.08005912  0.99303031] -208.37906174942347
[ 3.22988421  1.50405177 -1.04345864  4.29005401  3.07756053  1.00355438] -208.37899484543186
[ 3.22486132  1.50538746 -1.04528219  4.28881469  3.07661104  0.99702614] -208.37899385968498
[ 3.22781849  1.50452917 -1.04865774  4.29532742  3.08233222  1.00093867] -208.37905820940358
[ 3.22956461  1.50271603 -1.03884099  4.28805327  3.07646056  0.99926981] -208.37898753187778
[ 3.22543183  1.50775146 -1.05236092  4.28620077  3.07101856  0.99478366] -208.37907817292256
[ 3.23020131  1.50182238 -1.0382973   4.29135998  3.08036305  1.00129756] -208.37898678565335
[ 3.22683638  1.49379923 -1.04378719  4.28933979  3.0730658   1.00057679] -208.37899608509662
[ 3.22771235  1.49805049 -1.04314332  4.28957873  3.07509029  1.00007789] -208.3789814797883
[ 3.22758485  1.50348139 -1.03824948  4.289918    3.07642094  1.00510617] -208.37898774216237
[ 3.22605612  1.49959371 -1.03890234  4.28950131  3.07560958  0.99762739] -208.37895787712122
[ 3.22414207  1.49736469 -1.03662419  4.28922496  3.0746341   0.99466389] -208.3790155518265
[ 3.23147728  1.49632677 -1.03495218  4.29096951  3.07622524  1.00435603] -208.37902333322768
[ 3.22651531  1.50312229 -1.04269968  4.2893534   3.07651459  0.99885862] -208.37895568461903
[ 3.22839723  1.49811315 -1.04346828  4.289678    3.07644656  0.99419348] -208.37899482098032
[ 3.22778795  1.50213933 -1.03955418  4.289858    3.07642735  1.002378  ] -208.378947524737
[ 3.22582525  1.49868627 -1.0431145   4.29214431  3.07639588  1.00106591] -208.3789821283224
[ 3.22372987  1.49853454 -1.04526393  4.28909904  3.07117099  0.99896094] -208.37900429340436
[ 3.22858345  1.50100042 -1.04003895  4.29079475  3.07806504  1.0007134 ] -208.37894585422993
[ 3.22902532  1.50244204 -1.03942155  4.28786486  3.07569455  0.99907509] -208.37894736697567
[ 3.22757588  1.50454167 -1.03815214  4.28985915  3.07720156  0.99972885] -208.37898735641343
[ 3.22767823  1.49967329 -1.04189552  4.28964883  3.07561811  0.99999063] -208.37895034263266
[ 3.22731891  1.50317834 -1.03756776  4.28806574  3.07807863  0.99878   ] -208.3789734838183
[ 3.22746332  1.50225343 -1.03899323  4.28878463  3.07720008  0.99927693] -208.37895695384344
[ 3.22962841  1.50394989 -1.04196537  4.28926684  3.07756366  1.00247017] -208.37898608987774
[ 3.22694919  1.50068276 -1.0396681   4.2894427   3.0760981   0.99883808] -208.37895243579388
[ 3.22804983  1.50076662 -1.04209943  4.29020288  3.07560583  1.00067435] -208.37895590810118
[ 3.2279032   1.50113832 -1.04132288  4.28984832  3.07600439  1.00032499] -208.37894233160543
[ 3.22946047  1.49923643 -1.03793404  4.28979909  3.07612125  1.00158145] -208.37898324311092
[ 3.2272516   1.50215082 -1.04150827  4.28946482  3.07641626  0.99953932] -208.37894601127442
[ 3.22912739  1.50216532 -1.04157902  4.28971716  3.0766438   1.00183573] -208.3789846406863
[ 3.22749374  1.5010534  -1.04014583  4.28951131  3.07623452  0.99958749] -208.37895207607127
[ 3.22858284  1.50179468 -1.04110129  4.28964855  3.07650737  1.00108632] -208.3789444637882
[ 3.22869989  1.50388192 -1.03908685  4.28951093  3.07742021  1.00104842] -208.3789565316684
[ 3.22793365  1.50072544 -1.04119336  4.28961436  3.07606863  1.00025508] -208.3789320504838
[ 3.22863874  1.50094458 -1.04197459  4.28922055  3.0764914   0.9979534 ] -208.37898016864193
[ 3.22800064  1.50184064 -1.04015928  4.28969864  3.07644336  1.00127185] -208.37894575306473
[ 3.2270598   1.5004414  -1.04235313  4.29182495  3.0774738   1.00198856] -208.37895898624578
[ 3.22853394  1.50194188 -1.04015444  4.28885488  3.07613936  0.99980346] -208.3789468445591
[ 3.22755118  1.50094156 -1.04162024  4.29083493  3.07702899  1.0012602 ] -208.37894919324873
[ 3.22828825  1.5016918  -1.04052089  4.28934989  3.07636177  1.00016764] -208.3789457423674
[ 3.22917908  1.50057961 -1.03993728  4.29018668  3.07673393  1.00173377] -208.37897732179428
[ 3.22773347  1.50175802 -1.04111552  4.28964528  3.07649568  1.00008794] -208.3789396535965
[ 3.22756391  1.50198254 -1.04176545  4.2884736   3.07456203  1.0003512 ] -208.37893947253372
[ 3.22800113  1.50118963 -1.04218052  4.28916136  3.0755566   0.99948587] -208.3789408472957
[ 3.22761781  1.50117108 -1.04237212  4.28944726  3.0753698   1.00036282] -208.37894523090426
[ 3.22778542  1.50130126 -1.04190931  4.28942292  3.07561779  1.00031403] -208.37894034106742
[ 3.22705742  1.50090373 -1.04206106  4.2890734   3.07492767  0.99918672] -208.37894600117508
[ 3.22820149  1.50157194 -1.04134123  4.28950476  3.07611245  1.00061142] -208.37894032161086
[ 3.22783648  1.50170463 -1.04184558  4.28875911  3.07546667  1.00004352] -208.37894556409503
[ 3.22788652  1.5012799  -1.04145356  4.28957602  3.07586996  1.00025462] -208.37894082244813
[ 3.22770036  1.50168341 -1.04074563  4.28958428  3.07601892  1.00113889] -208.37893795119152
[ 3.22775291  1.50172764 -1.04123661  4.28917239  3.0757552   1.00066489] -208.3789493090883
[ 3.22785312  1.50139183 -1.04139932  4.28947511  3.07584127  1.00035719] -208.3789426986564
[ 3.227817    1.50120442 -1.04096949  4.28959932  3.07604377  1.00069698] -208.37894139937424
[ 3.22774878  1.50135399 -1.0414794   4.28904398  3.07531533  1.00030314] -208.37894123562327
[ 3.22783356  1.50124173 -1.04115444  4.28962982  3.07628215  1.00017151] -208.37894428081617
[ 3.22806757  1.50114869 -1.04126729  4.28955956  3.07609054  1.00043325] -208.37894002234532
[ 3.22785953  1.50101335 -1.04155133  4.28951864  3.07584321  1.00028455] -208.37893942849618
[ 3.22791008  1.50100267 -1.04132346  4.28959519  3.0759693   1.00025485] -208.37893413500979
[ 3.22794531  1.50090779 -1.04144034  4.28934719  3.07549478  1.00057111] -208.37894331198592
[ 3.22791737  1.50099128 -1.04136886  4.28941785  3.07569162  1.00047121] -208.37893854594418
[ 3.22799533  1.50087405 -1.04175841  4.2893172   3.07561577  0.99997037] -208.37893823193883
[ 3.22814573  1.5005645  -1.0413415   4.28996362  3.07644436  1.0002533 ] -208.3789414071596
[ 3.22784802  1.50115662 -1.04144493  4.28927389  3.07559759  1.00029068] -208.37894599658887
[ 3.22792187  1.50086406 -1.04125841  4.28960477  3.07601897  1.00025496] -208.37894189477754
[ 3.22796449  1.50079975 -1.04147588  4.28946578  3.0758422   1.00011273] -208.37894013682788
[ 3.22792551  1.50085836 -1.04128111  4.2895161   3.07588013  1.00036314] -208.3789414091234
[ 3.22789659  1.5008694  -1.04137234  4.2895665   3.07595592  1.00026981] -208.37894226152866
[ 3.22800061  1.50093707 -1.04123032  4.28958696  3.07607959  1.00034416] -208.37894051454802
[ 3.22784121  1.50103972 -1.04133638  4.28932917  3.07569198  1.00027911] -208.37894086352324
[ 3.22796585  1.50087207 -1.04121948  4.28947255  3.07590458  1.00026658] -208.37894112057427
[ 3.22795524  1.50088008 -1.04132044  4.2893902   3.0758034   1.0002853 ] -208.378932490057
[ 3.2279615   1.50089301 -1.04131084  4.2894369   3.07591667  1.00015117] -208.37894294213942
[ 3.22793451  1.50086702 -1.04128854  4.2894963   3.07588926  1.00031015] -208.37894040514885
[ 3.22791071  1.50087763 -1.0413955   4.28948837  3.07588711  1.00026226] -208.3789380872414
[ 3.22805852  1.50065594 -1.0412983   4.28968482  3.07616475  1.00024412] -208.3789434648154
[ 3.22789554  1.50094378 -1.04132686  4.28941808  3.07581017  1.00027036] -208.37894075160227
[ 3.22800419  1.50075189 -1.04130782  4.28959591  3.07604656  1.00025286] -208.37893883044228
[ 3.22790032  1.50069687 -1.04143019  4.28943002  3.07576614  1.00014863] -208.37893847410888
[ 3.22795503  1.50071019 -1.04141918  4.28949858  3.07591542  1.0001288 ] -208.37893977196802
[ 3.22792189  1.50074762 -1.04121294  4.28954003  3.07598689  1.00033159] -208.37893952217703
[ 3.22792031  1.50084965 -1.0412009   4.28952105  3.07593749  1.0003831 ] -208.37894185133652
[ 3.22794635  1.50074506 -1.04136461  4.28950419  3.07592094  1.00019238] -208.3789328341657
[ 3.22796159  1.50081137 -1.04145769  4.28946765  3.07584404  1.00013392] -208.37894567076643
[ 3.22793182  1.50076356 -1.04127413  4.28952194  3.07595118  1.00028217] -208.37894099484623
[ 3.22794444  1.50080276 -1.0412569   4.28950228  3.07593602  1.00027019] -208.37894396364345
[ 3.22794     1.50073525 -1.04127898  4.28955928  3.07599479  1.00022373] -208.37894518652217
[ 3.22792218  1.50080154 -1.04129443  4.28955136  3.07597787  1.00025867] -208.37894244486236
[ 3.22791698  1.50071116 -1.04131177  4.28952219  3.07591739  1.00020185] -208.37894092396144
[ 3.22796892  1.50073867 -1.04125059  4.28960513  3.0760576   1.00025397] -208.37894473957377
[ 3.22792777  1.50073653 -1.04120315  4.28957719  3.07602776  1.00029333] -208.37893992147727
[ 3.22793132  1.50077011 -1.04122441  4.28956489  3.0760003   1.0002873 ] -208.37894164140684
[ 3.22788986  1.50077718 -1.04124408  4.28950563  3.0759184   1.00026817] -208.378934009838
[ 3.22789614  1.50070456 -1.0412335   4.2896096   3.0760341   1.00025128] -208.3789411015574
[ 3.22790973  1.50067346 -1.04117566  4.28957992  3.07601099  1.00026033] -208.37893966759765
[ 3.22789339  1.50067266 -1.04122943  4.2895714   3.07599212  1.00022271] -208.37893758198442
[ 3.22792765  1.50072759 -1.04121898  4.28951396  3.07594433  1.00024921] -208.3789392926093
[ 3.22791036  1.50072647 -1.04110978  4.28959863  3.07607002  1.00031443] -208.3789434611801
[ 3.22791533  1.50071498 -1.04126127  4.2895413   3.07595554  1.00023   ] -208.37893980799095
[ 3.22789543  1.50069391 -1.04123778  4.28953166  3.07593557  1.00020184] -208.37893604869228
[ 3.22790124  1.50070843 -1.04117182  4.28956434  3.07600113  1.00025578] -208.3789453480925
[ 3.22791181  1.50071335 -1.04123891  4.28954706  3.07596694  1.00023644] -208.3789426625798
[ 3.22791175  1.50075131 -1.04121872  4.28955999  3.07599351  1.00026162] -208.3789346607108
[ 3.22791454  1.50070968 -1.04121557  4.28957301  3.0760021   1.00022846] -208.3789357833332
[ 3.22791352  1.50069905 -1.04121139  4.28959288  3.07603037  1.00023889] -208.3789380818876
[ 3.22793065  1.50072652 -1.04120617  4.28956416  3.07600648  1.00025214] -208.37894338346524
[ 3.22792169  1.50069945 -1.04118451  4.28959714  3.07603981  1.00025771] -208.37893764529332
[ 3.22792449  1.50072021 -1.04122731  4.28957783  3.07601209  1.00024254] -208.37893708417718
