[ 0.08439755 -0.78245477  0.02851122 -1.01136038 -0.83900491 -0.66081056] -316.02028865392975
[-0.81067542  1.58278538 -1.34406585  0.22852159  0.58613219 -1.37869897] -311.43553760357696
[-1.66695726  0.25632499  0.40996451 -2.22076857 -1.46056676 -1.04508848] -371.8994437872169
[-1.49662853  0.97305588 -0.99965242 -0.53468874  1.52648979 -1.15673352] -326.78470532736554
[ 1.69649702 -0.54681818 -0.30047684  0.42914608  1.35559392  0.20478084] -294.8779692290669
[ 1.42352079 -1.32587286  0.3778249   0.48824494  1.65440759  1.24305072] -305.96430622877926
[-1.10877198  1.54471472  0.52101589 -0.25322164  0.70499681  0.25245165] -319.6601863914421
[ 1.59640374  0.2254784  -0.98224554  2.00298253  3.12343856  0.54643519] -307.1846517580158
[ 2.45708577 -0.74044498  0.43317367  1.16279311  0.66869827  1.22580314] -286.85680573573336
[ 4.43394292 -1.59719541  1.14958672  2.01153404  0.23980251  2.41707148] -291.24274789109216
[ 3.25784846 -2.07382372 -1.11677537  1.35333093  1.47809173  0.14106847] -294.60962247510486
[ 3.1224959  -0.17711055 -1.0060329   2.89970011  3.794459    1.32162369] -297.7962413675747
[ 5.32862597 -3.12898268  0.47922182  2.55021098  3.43876417  2.93961966] -323.2745976417327
[ 0.72414993  0.40484337 -0.88824393  0.80894394  1.29929019 -0.29911932] -296.2199320607455
[ 2.63079555 -1.71188737  0.14873538  0.37773718  0.29340834  0.73263399] -293.2010922366481
[ 3.20610342 -0.28920762 -1.28769823  1.85563884  1.30877289 -0.13412045] -281.5225954548501
[ 4.09739474  0.229125   -2.12045979  2.53933579  1.13595553 -0.82270603] -284.5303571377516
[ 1.53499748 -1.47533562  0.00227112 -0.90383675 -1.65984055 -0.69794146] -322.36374730126914
[ 2.7256213  -0.50166682 -0.75395689  1.94881589  2.43088411  0.8167324 ] -291.9867723022949
[ 4.60050057 -2.3594596  -0.0707555   1.56687674  1.21252623  1.29475212] -297.09019401592917
[ 1.69323759 -0.28623237 -0.68387182  0.99842714  1.2775992   0.09934854] -290.0480123465522
[ 3.62706701 -1.32093612 -0.78632091  2.13643495  1.13022426  0.75570787] -284.5804658017935
[2.18878842 0.45703196 0.14012911 1.47328477 0.89177062 1.02430003] -283.8983030462056
[ 2.66850562  0.81806872 -1.12825041  2.81406106  2.27590811  0.52995652] -280.22749418977986
[ 2.68736065  2.08304677 -1.7667433   4.032223    3.267158    0.42861779] -283.3944690164611
[ 2.55464131  0.04776001 -0.35032264  1.5313974   0.08677367  0.35026615] -283.8605176357298
[ 3.87415959 -0.05634363 -0.30922464  2.65944291  0.84311674  1.15128921] -281.70641038898907
[ 3.58266936e+00  6.25902755e-01 -1.67373625e+00  2.99396020e+00
  1.51015716e+00 -3.36953362e-06] -280.00552818287815
[ 4.14546115  1.30907662 -2.7271912   3.90954374  1.93088661 -0.61290663] -292.35665592425823
[ 2.39788889  1.85534018 -0.75004677  2.30616011  1.17527547  0.21818816] -280.3592284661693
[ 3.90586765  0.54347485 -1.97322208  3.2469354   1.50823073 -0.31910795] -283.3048904259579
[ 3.99042353  1.11798507 -2.02373682  3.76066877  2.7870467   0.13180123] -279.4497530004346
[ 4.70831463  1.6530976  -2.86044392  4.87530446  4.13718321  0.02256877] -289.7045694519568
[ 2.66738249  0.81377365 -0.41767562  2.21637523  1.79186163  0.95147838] -280.8587167142376
[ 2.29683151  1.70363122 -2.11782339  2.6561785   2.77322391 -0.58552238] -284.8479382565227
[ 3.47982757  0.38365008 -0.76137433  2.6586268   1.32564354  0.71708631] -278.39828157372784
[ 3.05612906  2.16078111 -0.96390851  3.72764522  2.31319132  0.98362286] -282.0811757821206
[ 3.16860983  0.32328956 -1.2067508   2.32364044  1.5598775   0.14531538] -278.68949574380065
[ 3.76192578  0.89430515 -2.09695617  3.4026639   1.75277453 -0.37069697] -282.67501321184795
[ 2.94101831  0.83390652 -0.83749576  2.5129474   1.78208986  0.62093455] -278.32025226745776
[ 4.21246251 -0.48773928 -1.79373468  3.38180812  2.57163215  0.49684204] -281.9050963997163
[ 2.8515323   1.26957032 -1.01096875  2.57507211  1.52436464  0.28785163] -278.11151827811875
[ 4.00285468  0.70003271 -1.37643716  2.79424418  1.22048502  0.10437206] -281.18215971828573
[ 3.00209288  0.78855972 -1.1902971   2.80910684  2.01205234  0.4235604 ] -278.1189901252849
[ 2.89516545  0.94641767 -0.66980494  2.55272726  2.15353436  0.77551987] -279.2544661198214
[2.12232525 0.39714622 0.13150627 1.38337151 0.66547404 0.85828815] -283.9040396499903
[ 3.52339896  0.93777536 -1.48492605  3.16634446  2.25665353  0.31342296] -277.3108747838325
[ 3.4269945   0.56583285 -1.49413265  2.79585209  1.33335944  0.06053721] -279.59598769248686
[ 3.02812271  0.85127146 -0.87588687  2.61350846  1.94849063  0.59677421] -277.9775172594268
[ 3.10672108  1.36495493 -0.84689882  3.12156159  2.05655402  0.84122797] -277.8298935867672
[ 2.67113451  1.63169602 -1.32078345  2.94088681  2.5344248   0.3108376 ] -279.9803423762587
[ 3.27765431  0.69566157 -0.90122661  2.72919181  1.62783885  0.61552413] -277.5722634212002
[ 3.32215577  1.13535793 -1.26590564  3.15864769  2.02656148  0.40518589] -277.5086795994924
[ 3.36776882  1.29630413 -0.93830715  2.97900187  1.80143538  0.59643519] -277.2579124863193
[ 3.55060679  1.55017634 -0.81231218  3.06394938  1.6961269   0.68287259] -278.0023406881019
[ 3.69040825  0.82420481 -1.09341496  3.34767985  2.38147999  0.83500515] -277.04607708474083
[ 4.10984623  0.60152205 -1.13463807  3.73398372  2.81003766  1.10858191] -277.77909319063946
[ 3.73457968  1.23348144 -1.30100621  3.55396729  2.10168379  0.6054929 ] -279.38357283879765
[ 3.20473696  0.94682396 -0.9821667   2.84862317  1.98678892  0.59895388] -277.2403840905273
[ 3.68865328  0.58042099 -1.37508355  2.95493469  1.97036537  0.2802811 ] -277.59039384775843
[ 3.54317023  0.77655448 -1.24303737  2.99659142  1.99191253  0.42051782] -277.1821406727174
[ 3.60622536  1.27667866 -1.43469268  3.43643768  2.52043843  0.44098283] -277.1786852977159
[ 3.65641376  0.8840892  -1.126276    3.09957845  2.28634144  0.66325339] -276.7829390332868
[ 3.82354275  0.75845483 -1.05646118  3.07004383  2.41623143  0.79228713] -276.9498425036666
[ 3.49950883  1.06377639 -0.78770557  3.06962635  2.06614536  0.87162646] -276.6967885624443
[ 3.48756377  1.1267769  -0.43909534  3.0212673   1.97089128  1.15072821] -276.78667154025226
[ 3.6990523   0.62773836 -1.28412395  3.28717711  2.60960018  0.68034465] -277.3729934056074
[ 3.45058969  1.12916269 -1.02476135  3.05604568  2.00347658  0.61741256] -276.91991022929693
[ 3.94403508  1.03799811 -1.25446261  3.48669664  2.42980919  0.68397885] -277.42596267166743
[ 3.38956149  0.9696175  -1.05024068  3.00814154  2.09754399  0.62021012] -276.9192693847368
[ 3.5543989   1.27262194 -0.92932638  3.34257843  2.45989607  0.92897902] -276.73280165358625
[ 3.47406828  0.77114552 -0.56921563  2.87144576  1.91118938  1.0711794 ] -277.0922166778046
[ 3.50710755  0.8975288  -0.7855849   3.01269374  2.06350164  0.91363026] -276.8297379374283
[ 3.32878515  1.2480607  -0.80788333  2.84854155  1.94415504  0.70336545] -276.688875909015
[ 3.1479736   1.45998864 -0.66511751  2.5989724   1.72549256  0.6375456 ] -276.9308293723212
[ 3.5280022   0.98273548 -0.80424427  3.07100768  2.3023846   0.94960901] -276.696163531526
[ 3.63517731  1.14665334 -0.69676614  3.1398672   2.2765974   1.05661107] -276.43916196156397
[ 3.75798522  1.23517126 -0.52002887  3.20573003  2.3661241   1.27481154] -276.3421382139139
[ 3.60125714  1.33128952 -0.87290325  3.19966043  2.4115139   0.8835847 ] -276.3276641337297
[ 3.64833193  1.54816988 -0.91656242  3.29314377  2.58552002  0.86856191] -276.2193342929865
[ 3.44925699  1.56608934 -0.46230761  3.17729748  2.28840029  1.20239775] -276.7565776618004
[ 3.50104618  1.39558931 -0.62829971  3.15786772  2.28788558  1.06761166] -276.53256543913
[ 3.53348761  1.21854573 -0.55891501  2.87272727  2.05750884  0.98288299] -276.31090709093235
[ 3.59970393  1.47898106 -0.6242723   3.08004632  2.4483807   1.07732106] -276.2232154181744
[ 3.59511114  1.72543716 -0.54774294  3.08167787  2.26080682  1.0419092 ] -276.17141974276313
[ 3.62866561  2.096788   -0.41949227  3.08701297  2.24001793  1.08805929] -276.36370276020824
[ 3.88310351  1.61923744 -0.45739042  3.38185611  2.72458698  1.40100067] -276.0861597964505
[ 4.1602627   1.80482581 -0.28214396  3.64851339  3.11480295  1.74981829] -276.33448692491925
[ 3.83819493  1.5462582  -0.58000427  3.14719273  2.52642358  1.14788414] -275.81947462379196
[ 4.00676931  1.62159265 -0.55585655  3.14185523  2.64569258  1.18802038] -275.64457162900527
[ 3.66418392  1.83548338 -0.70021768  3.07803883  2.54137454  0.91175386] -275.7980057921926
[ 3.93224698  2.05775479 -0.70843242  3.47947878  3.01127838  1.17997271] -276.02574790593104
[ 3.97687833  1.99024403 -0.67112851  3.40530388  2.80803908  1.11975185] -275.8418142989966
[ 4.0377658   2.06841327 -0.29702709  3.22959313  2.74507277  1.41224097] -275.64087863459946
[4.23248274 2.32853497 0.01274058 3.19781782 2.82484914 1.6840805 ] -275.74078205509846
[ 4.23853815  2.00547136 -0.58227462  3.49036412  3.23120795  1.36233762] -275.75511565738196
[ 4.06902398  2.24041573 -0.71425521  3.22635521  2.93630145  0.99035846] -275.43272279744633
[ 4.16198421  2.55100487 -0.84268761  3.14860476  3.04215868  0.78503735] -275.4195345414139
[ 4.0964596   1.96631506 -0.50796493  3.01844121  2.65990349  1.0797413 ] -275.2504584349301
[ 4.17856591  1.9205952  -0.40773118  2.78792242  2.48421604  1.0296256 ] -275.22761736978623
[ 4.11905744  2.01060955 -0.45746973  2.88682229  2.75520178  1.10992008] -275.5344876689379
[ 4.58337635  2.22374558 -0.34746458  3.15034849  3.09314206  1.38397347] -275.52977690065416
[ 4.1239682   2.12651568 -0.38713763  2.62468466  2.35728669  0.94060167] -275.22740335540266
[ 4.06668322  2.18703784 -0.28956913  2.19184493  1.92032606  0.72973369] -275.5346224447097
[ 4.39480333  2.67870207 -0.35731605  2.80080335  2.84666676  1.032446  ] -275.2180612220503
[ 4.58882034  3.20725679 -0.2580458   2.63027741  2.94715386  0.95465881] -275.5784105180469
[ 4.48281934  2.43531104 -0.63624184  2.57013552  2.78115124  0.68162708] -275.881402424474
[ 4.14902919  2.16013772 -0.38183078  3.06472873  2.75409239  1.2295875 ] -275.28400655300914
[ 4.41151829  2.5429575  -0.45058621  2.97220852  2.77065243  1.02383712] -275.131064348916
[ 4.55774872  2.80913147 -0.44714446  3.01490164  2.77837776  0.98079564] -275.4211302484087
[ 3.88991336  2.43622543 -0.59496524  2.64930233  2.3252156   0.62973827] -275.13472783789433
[ 4.22061521  2.07070633 -0.01716809  2.48461191  2.13721796  1.17690804] -275.38980331422084
[ 4.20595746  2.19078097 -0.22354797  2.65061012  2.36345314  1.07894037] -275.153047478013
[ 4.25254633  2.4717879  -0.42526398  2.4304484   2.29507117  0.68214218] -275.1484423117772
[ 4.24766974  2.89506131 -0.40520785  2.58809671  2.50189922  0.76627627] -275.1341325354096
[ 4.34350131  2.94532271 -0.43182481  2.73913849  2.67703276  0.79719173] -275.0712017268446
[ 4.45326786  3.35472623 -0.45416839  2.7963654   2.83690579  0.72548677] -275.35195639455065
[ 4.0555655   2.48200987 -0.48648263  2.54246484  2.13110801  0.62692931] -275.10765954471736
[ 4.19428072  3.06700727 -0.70789561  2.65660964  2.53687326  0.42976459] -275.2841863487373
[ 4.20303827  2.40983754 -0.34463488  2.65211     2.40680817  0.91664642] -275.0292569050323
[ 4.13118917  2.76535022 -0.47930322  2.95065856  2.64250089  0.90473087] -275.2586024876493
[ 4.22220704  2.54517848 -0.43877379  2.56050094  2.3819286   0.73778935] -275.0331394718322
[ 4.60458669  2.83723037 -0.25753815  2.70220417  2.63126079  0.99315179] -275.2532598284933
[ 4.06858169  2.53647667 -0.51060847  2.66252779  2.4017269   0.72059165] -275.0223603818431
[ 4.18713429  2.25886627 -0.48242908  2.78822015  2.4211864   0.8413856 ] -274.9812449849536
[ 4.15686657  1.94076875 -0.5210397   2.88828188  2.38082999  0.87894026] -275.0850315526743
[ 3.94849108  2.51627302 -0.44766501  2.34277888  2.03594452  0.52300757] -275.1191838755487
[ 4.06424788  2.52294414 -0.44839531  2.50013629  2.21962149  0.64821496] -275.0111570332467
[ 4.30733799  2.5908654  -0.39907281  2.75841305  2.70499343  0.92701059] -275.04730398429183
[ 4.00734775  2.00940012 -0.44281331  2.56816426  2.16838891  0.80002112] -275.1806884914089
[ 4.25946292  2.71134206 -0.43457193  2.69639493  2.54987179  0.79789908] -274.98649514063953
[ 4.02755271  2.40401632 -0.48739834  2.52821698  2.08872102  0.62716509] -275.1300091059523
[ 4.23739167  2.54415313 -0.42115419  2.70086403  2.55092533  0.85204922] -274.9881806746271
[ 4.11774521  2.44936146 -0.44182416  2.77291679  2.46811809  0.85447296] -274.9634279125125
[ 4.06551429  2.40145295 -0.44334934  2.87912472  2.51121284  0.91281477] -275.0151129279325
[ 4.10848294  2.59787703 -0.5683595   2.72157666  2.46367517  0.6548914 ] -274.957756519311
[ 4.06120528  2.69189678 -0.68022182  2.75630999  2.49210867  0.52401389] -275.021203415394
[ 4.25623994  2.4917047  -0.42163626  2.73084183  2.48940586  0.82904608] -274.9025955581999
[ 4.35006907  2.46931872 -0.37715016  2.76499885  2.53324534  0.8832733 ] -274.8847415232347
[ 4.35584749  2.48736209 -0.46010104  2.98152085  2.77605255  0.97977556] -274.98972298838885
[ 4.28294758  2.4962576  -0.4571746   2.86117471  2.63694478  0.89688541] -274.939661182533
[ 4.197889    2.45018792 -0.49934895  2.83423     2.47342187  0.7908867 ] -274.9432496863348
[ 4.15529312  2.1959476  -0.50752356  2.88464413  2.44899209  0.84269937] -274.9542026641037
[ 4.21700802  2.6274505  -0.46803123  2.82496023  2.58694605  0.79965078] -274.88623452041884
[ 4.31948471  2.49631833 -0.51737184  2.8576114   2.57962367  0.76828936] -274.8892422709527
[ 4.39908089  2.31394986 -0.37384061  2.95429644  2.6227161   1.00567024] -274.9319793195812
[ 4.43353331  2.75521337 -0.39011557  2.81444642  2.69530718  0.87218589] -274.9356909239624
[ 4.46948552  2.60264821 -0.36187905  2.85826602  2.74483917  0.9510983 ] -274.89825642746877
[ 4.44660625  2.59204207 -0.37228822  2.83035174  2.61728105  0.86317055] -274.84107183215366
[ 4.52843558  2.6399343  -0.32984502  2.81494026  2.60744918  0.84631312] -274.8389559512704
[ 4.32765462  2.29465993 -0.41925706  2.87724465  2.52963266  0.87924581] -274.8356941301987
[ 4.27471528  2.06438321 -0.43382781  2.90864377  2.4467954   0.88277577] -274.87839675920446
[ 4.33829829  2.72949347 -0.45067085  2.71171069  2.57119593  0.70361998] -274.8321283319423
[ 4.30790699  2.93726528 -0.48908596  2.59041782  2.54543584  0.55259485] -274.90251690290137
[ 4.22416457  2.48307687 -0.49222967  2.75888934  2.39119177  0.67569915] -274.8433210349641
[ 4.34239201  2.58499293 -0.32835616  2.72663661  2.49359664  0.82764469] -274.76765710005645
[ 4.35384566  2.62933023 -0.23384831  2.66114921  2.45058312  0.85732235] -274.74140790148834
[ 4.49048125  2.45448734 -0.2996358   2.70468411  2.44081995  0.81550712] -274.8183140770329
[ 4.40422426  2.60767533 -0.36467875  2.74454057  2.4637122   0.70929588] -274.71689677691506
[ 4.43130185  2.67685364 -0.35844304  2.73431142  2.42894562  0.62230717] -274.69396671480445
[ 4.59917451  2.65850943 -0.20500369  2.74245744  2.61835039  0.8990727 ] -274.7644960703768
[ 4.31848314  2.50784372 -0.32577456  2.66224558  2.40572671  0.74604526] -274.6641285134571
[ 4.21350692  2.44179843 -0.32373932  2.58589825  2.30486547  0.69591133] -274.6356613933471
[ 4.48121487  2.90216425 -0.20452327  2.50282572  2.40862083  0.65200107] -274.722482168408
[ 4.51821007  2.52488763 -0.0910603   2.59873136  2.31286587  0.8104206 ] -274.64110734405307
[ 4.37527005  2.82336053 -0.17257018  2.57044036  2.40059048  0.69683795] -274.5401180843939
[ 4.31766444  3.00779713 -0.10903738  2.50331848  2.38047575  0.63750337] -274.5011542685256
[ 4.1727401   2.73576767 -0.23521352  2.45295404  2.1437685   0.5260826 ] -274.5832736202626
[ 4.35770042  2.80042602 -0.20682397  2.46486388  2.20926423  0.45741969] -274.4758593899358
[ 4.3596278   2.88597391 -0.19331179  2.36672122  2.08860479  0.25746836] -274.4851351317157
[ 4.18915973  2.49367926 -0.2369159   2.61053342  2.18477431  0.59788051] -274.4416314867479
[ 4.04313216  2.28943676 -0.25311222  2.66438727  2.07285105  0.57082023] -274.50604331804846
[ 4.15835871  2.65793174 -0.04248709  2.33778839  2.08305909  0.6194322 ] -274.48333748854657
[ 3.95150004  2.85424578 -0.29367876  2.38638746  2.12253658  0.36765597] -274.6180473046286
[ 4.16886756  3.07481744 -0.05097955  2.33271698  2.06976068  0.37274678] -274.49923005957424
[ 4.50333028e+00  2.73589397e+00 -1.40373843e-04  2.51433760e+00
  2.23449761e+00  7.02699084e-01] -274.53389136132586
[4.39228695 2.85441418 0.0197521  2.46823221 2.24350872 0.60314461] -274.2812255641816
[4.50206038 2.91373743 0.14723491 2.4758713  2.29337883 0.64167562] -274.17870195083367
[ 4.06127347  2.91356904 -0.16619595  2.39402655  2.17240669  0.40618698] -274.38567531218484
[ 4.16147565  2.61025651 -0.0763518   2.36861502  1.9570722   0.39427723] -274.2909144907471
[ 4.30780856  2.38838256 -0.14286706  2.55118254  2.23022443  0.66621063] -274.31735096943
[ 4.36813402  2.71541853 -0.1848195   2.61724252  2.26598115  0.43511802] -274.242106178047
[ 4.17227018  2.54458843 -0.0131478   2.5409599   2.15868164  0.58969664] -274.04810640631194
[4.07955506 2.41666963 0.08369028 2.5790079  2.13339035 0.65583511] -273.9515074770128
[4.30427598 2.82566531 0.12381286 2.38478185 2.16604357 0.46855401] -273.90101799385263
[4.36183411 2.99165833 0.30417724 2.27190607 2.15667819 0.40389076] -273.76613511099856
[4.53234913 2.4318053  0.20988397 2.5605819  2.17316836 0.65948215] -273.9763888735929
[4.36066089 2.97146602 0.30413875 2.40655903 2.09633192 0.39721567] -273.8553546113329
[4.57338889 2.86999523 0.36445369 2.60177455 2.41590407 0.67012855] -273.62493434699724
[4.77934551 2.9998646  0.58485643 2.71835431 2.64532    0.80805421] -273.5220280847044
[4.503801   2.85964857 0.72948003 2.38685099 2.2334414  0.75359982] -273.5715371418921
[4.37045485 2.64330005 0.59150733 2.49854877 2.18606458 0.58435028] -273.1825842858956
[4.30465208 2.50808136 0.81364354 2.50988751 2.13240745 0.55568761] -272.8274739918894
[4.26426709 3.15065754 0.73011145 2.39694004 2.29268808 0.53194558] -273.3803553057274
[4.77863183 3.41045584 1.07177887 2.31782474 2.38556534 0.49429611] -273.40456762070716
[4.63684966 3.0019894  1.10721043 2.46069552 2.5190349  0.7852757 ] -273.03244943672536
[4.72734828 2.98524077 1.37484968 2.6582783  2.5794742  0.90572891] -272.9123721237563
[4.65989715 3.1591146  1.16467011 2.63380915 2.61805526 0.60672956] -272.6184962338985
[4.73794522 3.30884761 1.38226515 2.75728824 2.81036218 0.53329442] -272.3784126475352
[4.37055255 3.12189291 1.57509661 2.3152838  2.26119072 0.46068857] -272.7627792398681
[4.23523979 2.61511402 1.25594675 2.71496639 2.47948717 0.76324415] -272.54873772015884
[4.73992877 2.69639782 1.7728926  2.74185988 2.63463079 0.80269421] -272.1111517394917
[4.97775961 2.46926795 2.29428318 2.91431981 2.80560215 0.93806852] -272.0420543744609
[4.48098285 2.66749214 1.79148453 2.8293125  2.50380639 0.60029504] -272.1262970208713
[4.30836242 2.57832457 1.66272357 2.68874111 2.41814448 0.37803053] -271.696609756728
[4.09886949 2.37486647 1.80666052 2.70397252 2.33747963 0.11418133] -271.4629341338872
[4.66246442 3.01107901 2.55493537 2.90182691 2.93356863 0.58090307] -272.16677151727055
[4.69386791 2.36032949 2.12009523 3.29194498 3.02891133 0.71597361] -271.55500084952126
[4.98205671 2.78218021 2.72729458 3.08458859 2.99375626 0.39766118] -271.7559832656547
[4.56072178 1.91289081 3.04931932 3.15136687 2.72401261 0.58239983] -272.0573108457206
[4.60228837 1.84459669 2.04144374 3.09000818 2.53095416 0.5352901 ] -271.4677551216462
[4.8242051  1.91388506 2.88821432 3.24942116 2.96976565 0.49422982] -271.14851389361286
[4.99581623 1.53708152 3.43657921 3.45947548 3.20274529 0.44119721] -271.3390427763634
[4.83229395 2.66881781 1.57667787 2.96005155 2.83147711 0.48273503] -271.4362729266662
[ 4.36676757  2.17895729  2.09251224  3.21234252  2.75851257 -0.0247115 ] -270.9920716878904
[ 4.06127155  2.03380196  1.99162677  3.36135387  2.73496778 -0.50610151] -271.47742376609244
[4.15737409 1.66497073 1.44790673 3.08465837 2.49194389 0.37490495] -271.2765279033121
[ 4.26673161  1.85503519  1.83104325  2.80820645  2.27779968 -0.05709703] -270.79058680576975
[ 4.05316346  1.60238804  1.68651726  2.56633718  1.90224385 -0.44363235] -271.0354356377495
[ 4.24645891  2.3742475   1.83956123  2.91620934  2.69137202 -0.0738759 ] -270.61878333051726
[ 4.06854418  2.6390729   1.73861998  2.82930992  2.77158095 -0.3784589 ] -270.76271425278867
[4.79907425 1.84377139 2.08531136 3.37299061 3.00281068 0.28454713] -270.57840702802724
[5.14917663 1.57822385 2.22463678 3.70749965 3.33547621 0.36973002] -271.09209124012006
[ 4.05457656  1.27480458  2.48483851  3.25455794  2.56592438 -0.15006921] -271.12547165573136
[ 4.69523058  2.14859627  2.95925357  3.18658429  2.93011777 -0.21723052] -270.7111496834774
[ 3.98540806  1.97791901  1.54262573  3.00087589  2.43908004 -0.57370883] -270.7138834561757
[ 4.73198043  2.85137097  1.63193062  2.91117843  2.80063987 -0.07062301] -270.9623436493046
[ 4.54152704  2.17135616  1.87072968  2.85300582  2.62209412 -0.21128455] -270.0746129500926
[ 4.62890678  2.16755559  1.7598384   2.67333747  2.55388489 -0.30457108] -270.0206037153128
[ 4.1419563   1.27100401  2.37394723  3.07488958  2.49771515 -0.24335573] -270.4734138963003
[ 4.56561334  2.07266273  2.3558026   3.26675595  3.09386051 -0.31896795] -269.8129447868051
[ 4.71505421  2.18147651  2.61818227  3.4960307   3.50189093 -0.44990341] -269.82188393443755
[5.04033866 1.98136016 2.91527907 3.16271319 3.1508403  0.28255748] -270.42197519158526
[4.44555216 1.75493752 1.48399306 2.96904775 2.73337675 0.09267516] -270.1704925490661
[4.96068826e+00 1.32284964e+00 2.48516267e+00 3.25703551e+00
 2.98612408e+00 4.83756693e-03] -269.8806479375798
[ 4.46194425  1.67968516  2.37269631  2.76160254  2.66912321 -0.44682198] -269.6394509292747
[ 4.29337925  1.59764204  2.51638879  2.45590851  2.50227948 -0.81250653] -270.0409578837134
[5.22572485 2.38867959 2.08364347 2.95527455 3.23135476 0.0132588 ] -270.1608185385381
[ 4.38913789  1.81409658  1.26509977  2.79830473  2.60506777 -0.60242064] -269.67974795511464
[ 4.96511962  2.06023891  2.62342136  2.93505583  2.97976166 -0.64423692] -269.43427283777174
[ 5.22490335  2.2128896   3.19313551  2.91805987  3.10295411 -1.01269297] -269.9407341267379
[ 4.09807852  1.31701661  2.2036969   2.94208946  2.39791928 -0.7839858 ] -269.9800825912472
[ 4.51795385  1.25462762  2.6754548   3.31361054  3.02340061 -0.62596082] -269.38771513030446
[ 4.46247739  0.79816364  3.133263    3.63374708  3.25815847 -0.78665569] -270.0652018808595
[ 5.18874054  2.08437027  2.38884894  3.16869891  3.38786    -0.09387111] -269.6013988488733
[ 4.40214824  2.33237745  2.07527859  2.82430733  2.93356717 -0.91559737] -269.4034760829201
[ 4.74273479  1.66913593  2.11113066  2.66710401  2.77239963 -0.79066834] -269.34572566193845
[ 4.83129551  1.46737253  1.98879469  2.36727805  2.61166919 -1.02651853] -270.22964883031847
[ 5.03707588  1.87938186  3.48384378  3.09182165  3.31696966 -0.56996488] -269.90727379263427
[ 4.55112238  1.8304179   1.81978577  2.87168396  2.78304324 -0.5943067 ] -269.2558404507891
[ 4.99399556  2.06403754  2.19194372  3.16521765  3.29088756 -0.77472511] -269.0345580042632
[ 5.26002122  2.25621373  2.10156743  3.36702521  3.60176973 -0.93867668] -269.4833553941514
[ 4.20228427  1.65257485  2.11015603  2.75696087  2.53982662 -1.35462731] -269.3202526392893
[ 4.17162674  1.54081819  1.70449517  2.93123896  2.80127995 -1.04105829] -269.1367133001891
[ 4.65775763  1.00482656  2.12904347  3.07763134  2.8033787  -0.81151815] -269.13357729874946
[ 4.58855328  1.99930937  1.34673014  2.50966839  2.64020462 -1.16300714] -269.65733008432835
[ 4.53560371  1.44079806  2.34327363  3.112625    2.92760161 -0.7602224 ] -269.0236995114071
[ 4.29472864  1.50868844  1.98843527  3.30468191  2.9429396  -0.98815099] -269.3444896201779
[ 4.40673018  1.54880031  2.01910912  3.14528744  2.90030461 -0.93878032] -269.03557362531194
[ 4.9033278   1.490658    1.95906093  3.34426725  3.29567193 -0.28557635] -269.15590411263025
[ 4.67189149  1.19956165  2.29585624  3.38707192  3.22333155 -0.94298685] -268.7875721967067
[ 4.73227604  0.88413352  2.53389147  3.64476589  3.4434757  -1.11732692] -268.9930074522315
[ 4.24254064  1.44228944  2.26884618  2.92875685  2.68658939 -1.47085402] -269.1912682070715
[ 4.73813101  1.47856586  2.03650725  3.24038965  3.1434013  -0.58189577] -268.91841492853064
[ 5.16307645  1.37137847  2.63408264  3.44483538  3.29502182 -0.56231791] -269.4965359210713
[ 4.41948917  1.49845826  1.93689204  3.05963806  2.92471542 -0.9213732 ] -268.89051541329167
[ 4.59752274  2.071914    2.14548387  3.29244524  3.33336865 -0.8284764 ] -269.04741052894974
[ 4.61258147  1.80514214  2.14137377  3.23874176  3.20087116 -0.82423684] -268.8771990416986
[ 4.91716729  1.61338752  2.2961731   3.25594058  3.33663159 -0.66303307] -268.8070657934685
[ 4.30429248  0.94793363  2.15808162  3.26625134  2.96129665 -0.7898576 ] -269.1745745709889
[ 4.82156979  1.78501156  2.1834782   3.19047607  3.20848983 -0.77850823] -268.848053162768
[ 4.85800636  1.68591094  1.95348656  3.34479434  3.418212   -0.81045558] -268.7316534219251
[ 5.01920769  1.80846738  1.75859302  3.46087901  3.6635172  -0.83557217] -268.88295622865064
[ 4.69543751  1.71725817  2.23257939  3.25183126  3.29401589 -1.06496882] -268.6821957039131
[ 4.67409077  1.83660432  2.33061546  3.25755207  3.36932318 -1.30650534] -268.72274182844967
[ 5.10606213  1.77029907  2.43075705  3.49664725  3.63580192 -0.7733566 ] -268.951363048345
[ 4.59113241  1.56641846  2.06035829  3.16889036  3.10248704 -0.88436905] -268.75751732562617
[ 4.90582015  1.38404063  2.19927016  3.29425975  3.32685147 -0.89053702] -268.7013495432315
[ 4.72491528  1.27051423  2.16242971  3.37711999  3.35868668 -0.97360856] -268.61348715024064
[ 4.67658802  1.01326556  2.15190547  3.47044196  3.43378511 -1.07115873] -268.63354924192356
[ 4.56523378  1.32784717  2.00515368  3.35204863  3.23789662 -1.19260889] -268.6669976757957
[ 4.77495701  1.78443488  1.90856969  3.20924286  3.35605169 -0.99586246] -268.65372133414644
[ 4.91699096  1.49025021  2.09347144  3.44087526  3.56141774 -1.09164473] -268.5998095526607
[ 5.07992023  1.45216608  2.11002802  3.5768677   3.79088309 -1.19528257] -268.71528189447343
[ 4.66977854  1.30553749  2.2470048   3.29699824  3.29342803 -1.25928792] -268.5807234542379
[ 4.57566463  1.11535076  2.39376391  3.27310019  3.23103605 -1.48370408] -268.6818539072386
[ 4.54328421  1.58124008  2.01713275  3.34844567  3.37364741 -1.30212344] -268.6333359868189
[ 4.70294908  1.20268318  1.91200797  3.42307896  3.43302684 -1.20674318] -268.5823202526055
[ 4.87905791  1.55037286  2.1083851   3.34653836  3.55418951 -1.08381454] -268.54247666116737
[ 5.03596997  1.6616357   2.16000081  3.34378323  3.71233596 -1.02941736] -268.64172817329677
[ 4.70403498  1.01576447  2.27157423  3.5351093   3.50208038 -1.30987833] -268.64615158757954
[ 4.72176549  1.20793207  2.1808231   3.45364269  3.46557321 -1.23137436] -268.5671390247054
[ 4.99520154  1.09452326  2.21757463  3.43097216  3.51512659 -0.98003433] -268.7251019635401
[ 4.65626354  1.45956088  2.06724322  3.36907729  3.40901721 -1.22160116] -268.5574023958008
[ 4.79068656  1.46826467  2.04054883  3.39961694  3.54686416 -1.3912134 ] -268.53421572167497
[ 4.8235722   1.56713989  1.97960839  3.41086541  3.6409529  -1.60001582] -268.60870911474063
[ 4.55650941  1.24120017  2.09186623  3.3221089   3.33928191 -1.37303345] -268.5679467209579
[ 4.72173807  1.54160619  2.33328245  3.30624852  3.43642451 -1.31336509] -268.5598027618008
[ 4.77222846  1.51744146  2.02704485  3.43541266  3.62368881 -1.27884608] -268.51460630020836
[ 4.82345341  1.62339345  1.91706487  3.50461987  3.78881919 -1.28862517] -268.56611366441626
[ 4.95740393  1.6738592   2.16057628  3.44806991  3.67263722 -1.13370476] -268.5985025217339
[ 4.65673304  1.34936493  2.10904374  3.35359916  3.42262074 -1.31320128] -268.52676794580566
[ 4.77047037  1.75427159  2.04769297  3.28318829  3.53202844 -1.30263949] -268.548868861416
[ 4.78674189  1.49148594  1.80003711  3.42289571  3.59304512 -1.21707356] -268.57031433820504
[ 4.73798903  1.52907613  2.19997112  3.33541032  3.47557966 -1.28929221] -268.5218163611596
[ 4.87945825  1.596703    2.11031898  3.34884461  3.6426399  -1.33140118] -268.5305056501194
[ 4.80158071  1.24946942  2.15074457  3.45661906  3.55649916 -1.25995007] -268.53185016883566
[ 4.66716743  1.35306701  2.10417226  3.42996255  3.53510796 -1.53748687] -268.56548026262203
[ 4.82608529  1.5010464   2.10733189  3.36739441  3.54941912 -1.19723262] -268.5125448222922
[ 4.76733836  1.44610245  2.19426956  3.36614313  3.54328496 -1.16542775] -268.5091141366953
[ 4.75566427  1.43502134  2.27112992  3.34940623  3.54149537 -1.05253492] -268.55203156846227
[ 4.7450301   1.73044203  2.09858214  3.27898237  3.52924524 -1.26518363] -268.5430810173551
[ 4.78744306  1.36971258  2.13770397  3.41220989  3.54968568 -1.26125846] -268.5081362338258
[ 4.63648083  1.30754498  2.14813606  3.40787857  3.41211976 -1.17035162] -268.5728558861116
[ 4.81871389  1.52441349  2.11977325  3.3636031   3.58500986 -1.29113879] -268.5056058640926
[ 4.91319965  1.61323257  2.1529878   3.40645868  3.68626862 -1.18119736] -268.53198042563196
[ 4.72084969  1.41533184  2.12002976  3.36681404  3.48853271 -1.2802003 ] -268.50788167596954
[ 4.82623056  1.39560661  2.0354133   3.43511543  3.63762739 -1.20207579] -268.5158361442517
[ 4.80417018  1.42897399  2.07655276  3.41018915  3.59711546 -1.2238799 ] -268.50442475632474
[ 4.80263837  1.37775212  2.22484222  3.32670525  3.48066046 -1.19419985] -268.52001922066074
[ 4.77983093  1.48251913  2.07649419  3.4082358   3.58793172 -1.25768453] -268.5041153030872
[ 4.73336341  1.38797143  2.13427593  3.4083373   3.56776767 -1.29596395] -268.5031318407589
[ 4.68700248  1.33143395  2.14774796  3.42880874  3.57694195 -1.34532962] -268.5189088790629
[ 4.78078536  1.42353837  2.02734039  3.42365329  3.58206274 -1.3712809 ] -268.5215012294113
[ 4.77070011  1.44046143  2.15253727  3.38052067  3.55297941 -1.21689103] -268.5008287334981
[ 4.75509969  1.52351119  2.08885042  3.36702347  3.57675993 -1.26066104] -268.50251509897083
[ 4.83310971  1.51395171  2.09613152  3.41248913  3.66732197 -1.23520611] -268.50753838769117
[ 4.80504471  1.48929675  2.10210608  3.40107035  3.62262466 -1.24645466] -268.50186063472455
[ 4.73068912  1.39316448  2.09049896  3.42818915  3.58338309 -1.20937291] -268.50690636507306
[ 4.7967077   1.49160124  2.11245468  3.37974961  3.58460317 -1.27069732] -268.50104340269894
[ 4.74274534  1.50947973  2.14568676  3.37145659  3.56710673 -1.29223761] -268.50316736171607
[ 4.75472272  1.46492146  2.16880953  3.36115019  3.5693488  -1.26995068] -268.50213965496414
[ 4.79580077  1.4231081   2.10732454  3.39449394  3.59092115 -1.22796861] -268.50157852729706
[ 4.82599515  1.55632863  2.10975157  3.35299879  3.59797803 -1.20157716] -268.5114420280828
[ 4.75652135  1.43006073  2.12814484  3.39450267  3.57532026 -1.27236725] -268.4987795705414
[ 4.80473277  1.38963871  2.16827522  3.40347235  3.58850589 -1.24078215] -268.50189209722885
[ 4.82177975  1.42313419  2.08813802  3.42345301  3.60230271 -1.22176966] -268.50834149139854
[ 4.77148698  1.45447464  2.14864165  3.3767259   3.57758728 -1.25790542] -268.4987245303862
[ 4.76068777  1.52002892  2.08212779  3.37221537  3.57950609 -1.25664595] -268.5021395102535
[ 4.79372152  1.42223626  2.14673837  3.3956581   3.58625594 -1.2447481 ] -268.49952294113154
[ 4.75660143  1.39801739  2.16317437  3.37281328  3.53326441 -1.25040459] -268.501479865538
[ 4.75277893  1.45584246  2.17657252  3.3721628   3.545749   -1.27636929] -268.5012605076975
[ 4.79070409  1.5002082   2.12518874  3.39362664  3.60756728 -1.26258822] -268.50046838833003
[ 4.80716832  1.45717171  2.09466266  3.40143173  3.61568877 -1.23202982] -268.50254032978955
[ 4.76637627  1.45617477  2.15609506  3.37948003  3.56323395 -1.26528443] -268.4988554318263
[ 4.75312907  1.4096041   2.17332729  3.39375506  3.56971153 -1.2358975 ] -268.50167772618124
[ 4.78581304  1.47110196  2.12767283  3.38325097  3.58088026 -1.26199736] -268.49921434466506
[ 4.7841743   1.47095743  2.12495656  3.3938941   3.61063558 -1.30473923] -268.4995879009918
[ 4.76199373  1.4014604   2.1522277   3.38087728  3.55707048 -1.27309238] -268.49934384157814
[ 4.76112999  1.4075455   2.16155025  3.37627089  3.53614714 -1.22039242] -268.5023525753786
[ 4.77841323  1.45510444  2.13410498  3.3894883   3.59201347 -1.28365253] -268.49839109064374
[ 4.74648002  1.46722272  2.13555732  3.37245028  3.56244596 -1.29335169] -268.4993596971902
[ 4.75829039  1.45597611  2.13835258  3.37825224  3.56839846 -1.28120079] -268.4982971153676
[ 4.77697336  1.50617049  2.12544295  3.38635608  3.59540741 -1.26771022] -268.5006843329175
[ 4.76573864  1.42763792  2.14553151  3.38224698  3.56665471 -1.27174684] -268.49823449258304
[ 4.74646257  1.42204092  2.15595071  3.38364773  3.56685578 -1.28205506] -268.4997635725025
[ 4.77597543  1.4588367   2.1347423   3.38335016  3.57737414 -1.26701179] -268.49850638237484
[ 4.76909906  1.43785541  2.1204109   3.38870872  3.5892155  -1.27934378] -268.4986488723045
[ 4.78314656  1.46656768  2.14578313  3.37175476  3.58176092 -1.27458646] -268.4989459404765
[ 4.76317765  1.43918747  2.13255442  3.38881569  3.57693043 -1.27292206] -268.49841796419093
[ 4.76541115  1.43705803  2.11992392  3.39356147  3.57927496 -1.29405384] -268.49861198825806
[ 4.76656977  1.45341148  2.14799234  3.38319623  3.56433323 -1.27751883] -268.49867051194997
[ 4.76846674  1.44174443  2.12730626  3.38733059  3.58299493 -1.27888754] -268.49832494652435
[ 4.7712762   1.45577098  2.1509401   3.37626652  3.57551376 -1.25775334] -268.4987034501305
[ 4.76687742  1.44173627  2.12767796  3.38923773  3.57833466 -1.28497871] -268.4983110982337
[ 4.75767926  1.42829218  2.13376694  3.38844035  3.57773474 -1.29078437] -268.49819815920495
[ 4.74853118  1.41301992  2.13327925  3.39098544  3.57791504 -1.30267066] -268.4992004798887
[ 4.76864424  1.44430965  2.136359    3.3828497   3.57844656 -1.29082821] -268.4978641565258
[ 4.77137753  1.44687074  2.13826129  3.37986671  3.57920463 -1.29978128] -268.4980878474922
[ 4.75015233  1.42479441  2.13555977  3.37996424  3.55884122 -1.28248963] -268.4986463911957
[ 4.771348    1.44752693  2.13446868  3.38710728  3.58372041 -1.2833618 ] -268.4982782977217
[ 4.76105924  1.44008193  2.14474596  3.3820475   3.56810158 -1.28874603] -268.49817857912956
[ 4.76070918  1.43953863  2.15006359  3.37774362  3.56935083 -1.28391063] -268.4984351588924
[ 4.76533536  1.44118686  2.13327437  3.3863642   3.5760887  -1.28471169] -268.4978147754223
[ 4.77164452  1.42036905  2.13769624  3.3914331   3.58185045 -1.28885885] -268.4985708312594
[ 4.76162892  1.44707434  2.1381885   3.38154745  3.57176145 -1.28311531] -268.49801003493934
[ 4.75534722  1.42866736  2.14282008  3.38072478  3.56254218 -1.28661568] -268.4984416965153
[ 4.76734781  1.44281204  2.13655653  3.38551166  3.57842585 -1.28417527] -268.49781673170577
[ 4.76149297  1.45361442  2.12876559  3.3866733   3.58353158 -1.30237346] -268.49874382898224
[ 4.76467722  1.43413204  2.14134003  3.38335356  3.57087393 -1.27940349] -268.4979864313514
[ 4.771885    1.45490678  2.14305453  3.37878435  3.57016462 -1.2795423 ] -268.49803621484546
[ 4.7721136   1.44805864  2.13151169  3.38408948  3.58048545 -1.27851273] -268.49831105046013
[ 4.76382283  1.44207611  2.14143739  3.38255799  3.57119755 -1.28618771] -268.4979835258831
[ 4.75860046  1.42895691  2.13266408  3.38861051  3.57876673 -1.2899316 ] -268.49813799835994
[ 4.76856387  1.44841931  2.14045691  3.38124089  3.57231515 -1.28213962] -268.4978965970398
[ 4.77116818  1.43723766  2.13828625  3.38574522  3.57735446 -1.28603336] -268.49782104723056
[ 4.77028354  1.45121517  2.13411679  3.38473632  3.58040216 -1.29195513] -268.4983831625627
[ 4.7660788   1.43840282  2.13953422  3.38369925  3.57325599 -1.2825414 ] -268.49788041737935
[ 4.77188992  1.44204668  2.13338503  3.38591231  3.58076468 -1.28395548] -268.4982920125518
[ 4.7658396   1.44206875  2.1394243   3.38339657  3.57358933 -1.28562965] -268.49787819038744
[ 4.7662408   1.43358662  2.13402131  3.38794798  3.58007182 -1.2891669 ] -268.49838531987655
[ 4.7679831   1.44471114  2.13884801  3.38291766  3.57425431 -1.28389644] -268.4978380732242
[ 4.76936063  1.44570588  2.13471527  3.38522908  3.57946375 -1.28921681] -268.4983197103158
[ 4.76689926  1.44022859  2.13832948  3.38408171  3.57480793 -1.28421025] -268.49784334381286
[ 4.76995304  1.44142656  2.13446024  3.38576014  3.5795366  -1.28565543] -268.49828744727733
[ 4.76686796  1.4419082   2.13818329  3.38398747  3.57507615 -1.28563609] -268.49784842237716
[ 4.76655632  1.43838518  2.13813365  3.38668627  3.57355591 -1.27872616] -268.49787057371293
[ 4.76812226  1.44282853  2.13680266  3.38380885  3.5772239  -1.2878027 ] -268.4978350371749
[ 4.76875069  1.4410934   2.13584915  3.38548896  3.57764223 -1.28464048] -268.49778350491204
[ 4.76969205  1.44068601  2.13468207  3.38623971  3.57892527 -1.28414267] -268.4982844412688
[ 4.76933654  1.44306129  2.13487617  3.3858638   3.57885522 -1.28620973] -268.4983017814674
[ 4.76750858  1.44093676  2.13746615  3.38452723  3.57581975 -1.28471012] -268.49780986182714
[ 4.76809452  1.43732062  2.13389702  3.38756438  3.57993065 -1.28679476] -268.4983101484208
[ 4.76801096  1.44286351  2.13761027  3.38407934  3.5756734  -1.28462102] -268.4978207327985
[ 4.76791826  1.43921488  2.13621158  3.38676336  3.57644423 -1.28182795] -268.4983100191591
[ 4.76807126  1.44192512  2.13665489  3.38454747  3.57702898 -1.28630901] -268.49781520978917
[ 4.76384003  1.44636824  2.1341842   3.38442774  3.57620518 -1.28368918] -268.4978646913558
[ 4.76933615  1.43952031  2.13726074  3.38541585  3.57706714 -1.28544731] -268.49780671177444
[ 4.76743899  1.43962799  2.13474368  3.38653912  3.57835082 -1.28537694] -268.49831094129354
[ 4.76786796  1.44205463  2.13689362  3.38469429  3.57634275 -1.28481   ] -268.49780748268626
[ 4.76827552  1.43942699  2.13590978  3.38483435  3.574904   -1.28603427] -268.4978127926013
[ 4.76762016  1.4394812   2.13556304  3.38589415  3.57559255 -1.28380895] -268.4978091473285
[ 4.77111766  1.4396509   2.13970645  3.38392074  3.57636744 -1.28510535] -268.4978322900421
[ 4.76678093  1.44080287  2.13488239  3.38575334  3.57615839 -1.28481011] -268.4977950448374
[ 4.7676793   1.4418694   2.13672859  3.38575693  3.57797027 -1.28337472] -268.49779094025047
[ 4.76850315  1.44067051  2.13492635  3.38647394  3.57777135 -1.28425374] -268.4982851988281
[ 4.76775722  1.4408702   2.1368312   3.38501391  3.57630765 -1.28459602] -268.49781127220507
[ 4.76821499  1.4414814   2.13628887  3.38562295  3.57780625 -1.2840076 ] -268.4977986891753
[ 4.76776581  1.44094814  2.13536577  3.38562115  3.57690031 -1.28472529] -268.4977921613853
[ 4.76904342  1.44030686  2.13655494  3.38545241  3.57735469 -1.28504389] -268.4977911437012
[ 4.76830933  1.44157402  2.13637138  3.38509163  3.57699249 -1.28472524] -268.4977988786303
[ 4.76818542  1.4402873   2.1357061   3.38569156  3.57661739 -1.28422471] -268.49778308651025
[ 4.76812963  1.44101508  2.13665765  3.3850081   3.57673099 -1.2846753 ] -268.49780773926506
[ 4.76862692  1.44088196  2.13538775  3.38598145  3.57770679 -1.28444711] -268.49777874810337
[ 4.76887556  1.44081539  2.1347528   3.38646813  3.57819469 -1.28433301] -268.49829070741475
[ 4.76855309  1.44009234  2.13534614  3.38619453  3.57768339 -1.28430445] -268.49828487671635
[ 4.76837027  1.4412036   2.13611507  3.38536735  3.57716522 -1.28462004] -268.49778953879206
[ 4.76869918  1.44009235  2.13537072  3.38557802  3.57665596 -1.28522624] -268.4977912041824
[ 4.76945949  1.44034035  2.13629547  3.38556543  3.57748045 -1.28467553] -268.49778294509514
[ 4.76877955  1.44127881  2.13659877  3.38560437  3.57799963 -1.28399101] -268.49777557635974
[ 4.76881974  1.44187204  2.13721279  3.38561755  3.57867146 -1.2833734 ] -268.49778105522773
[ 4.76834736  1.44138828  2.13542916  3.38578064  3.57751588 -1.2838224 ] -268.49778559224956
[ 4.76901288  1.4405531   2.13564039  3.38600345  3.57782224 -1.28398037] -268.4982957413723
[ 4.76853092  1.44104097  2.1359964   3.38552638  3.57732947 -1.28446013] -268.49779381248277
[ 4.76870324  1.44108038  2.13599326  3.38579291  3.57785321 -1.28421906] -268.4977811866519
[ 4.76911952  1.44080958  2.13644712  3.3855849   3.57774004 -1.28433327] -268.4977697408534
[ 4.76848249  1.44078305  2.13615243  3.38564797  3.57730851 -1.28410786] -268.49778094393844
[ 4.76876512  1.44118611  2.13622396  3.38554667  3.57782093 -1.28431575] -268.49780090682935
[ 4.76856346  1.44133354  2.13601396  3.38569251  3.57775776 -1.28390671] -268.4977812770905
[ 4.76857491  1.4412412   2.13635692  3.38548586  3.57758242 -1.28430553] -268.49779507128534
[ 4.7686426   1.44098942  2.13629686  3.38572284  3.57759293 -1.28397207] -268.49778593831644
[ 4.76885538  1.44085039  2.13614388  3.38586264  3.57783493 -1.28387113] -268.4977771502428
[ 4.76885861  1.44105584  2.13615294  3.38567226  3.5779051  -1.28417095] -268.4977912933517
[ 4.7686966   1.44100602  2.13626088  3.38571019  3.57767097 -1.28402179] -268.4977977018224
[ 4.76894954  1.44104419  2.13652295  3.38559464  3.57786983 -1.28416214] -268.49779279693547
[ 4.76898745  1.44082998  2.1362955   3.38572377  3.57778749 -1.2841022 ] -268.49777855454573
[ 4.76880101  1.44079632  2.13629978  3.38561643  3.57752427 -1.28422057] -268.49778816470246
[ 4.76891138  1.44094498  2.13622019  3.38568891  3.57779663 -1.28427617] -268.4977895359651
[ 4.76884149  1.44107156  2.13623054  3.3856387   3.5777489  -1.28411999] -268.4977881951847
[ 4.76888106  1.4408995   2.13637199  3.38565387  3.57766648 -1.28415267] -268.4977976051873
[ 4.76898907  1.44093271  2.13630003  3.38562858  3.57782257 -1.28425211] -268.49778382727754
[ 4.76893377  1.44075085  2.13607478  3.38569913  3.57760346 -1.28427263] -268.49778310629387
[ 4.76897939  1.44078535  2.13632906  3.38560827  3.57761229 -1.28415742] -268.4977858433777
[ 4.76909524  1.44056337  2.13635155  3.38564832  3.57761447 -1.28432608] -268.4977869864812
[ 4.7692338   1.44076096  2.13629957  3.38568122  3.57786917 -1.28426067] -268.4977824516656
[ 4.76898576  1.44105978  2.13623047  3.3856603   3.57786386 -1.28413336] -268.49778698626125
[ 4.76901313  1.44093567  2.13626074  3.38565731  3.57780152 -1.28418154] -268.49777744324547
[ 4.76911286  1.4408879   2.13623019  3.3857167   3.57792913 -1.28431005] -268.49778554669854
[ 4.76907949  1.44086226  2.13625491  3.38568959  3.57784992 -1.28427189] -268.4977912385804
[ 4.76906632  1.44087263  2.13635393  3.3856211   3.57777078 -1.28425741] -268.49778548644997
[ 4.76905349  1.44081978  2.13637131  3.38565434  3.57776376 -1.28421774] -268.49778499074563
[ 4.76917666  1.44078527  2.13637335  3.38563306  3.5778046  -1.28429697] -268.49779511320924
[ 4.76902664  1.44078021  2.13626095  3.38564202  3.57767175 -1.28430295] -268.49778031829976
[ 4.76905429  1.44087114  2.13637358  3.38560674  3.5777813  -1.28429269] -268.4977856314596
[ 4.76904945  1.44079747  2.13638809  3.38559658  3.57767616 -1.28424535] -268.4977835223581
[ 4.76894658  1.440865    2.13635831  3.38560217  3.57766333 -1.28425283] -268.49778002579245
[ 4.76903304  1.44077708  2.136353    3.38562696  3.5776473  -1.28424382] -268.4977849433555
[ 4.76900992  1.44074374  2.13637233  3.38561455  3.57761667 -1.28427458] -268.49779253638087
[ 4.76905222  1.44084041  2.13635853  3.38561947  3.57773225 -1.2842617 ] -268.4977892167695
[ 4.76903305  1.44083729  2.13640272  3.38559353  3.57770168 -1.28429305] -268.49778527571146
[ 4.76907308  1.4407949   2.13635404  3.38561346  3.5777059  -1.28431811] -268.49777498380297
[ 4.76908449  1.44080352  2.13641761  3.38559074  3.5777081  -1.28428931] -268.4977827443005
[ 4.76907628  1.44079333  2.13640006  3.38560593  3.57769367 -1.28428855] -268.4977712537903
[ 4.7690865   1.44081468  2.13640922  3.38561962  3.5777519  -1.28427551] -268.4977825352783
[ 4.76909292  1.4408411   2.13640053  3.385603    3.57775541 -1.28429534] -268.49778446944117
