[ 0.33892676  0.23827145 -0.43721341  1.49536425  0.79883342  1.54837172] -238.81695907135116
[ 0.21494199  0.09589679 -0.21895096  0.13170996  0.57171908  1.48314096] -238.61499670051248
[ 0.24342716 -0.82184756  0.82390671 -0.24222347 -0.81861515 -0.26526061] -231.98374063533242
[ 0.81537507  2.37690457  0.90094861 -0.29132278  0.0513668   0.00690038] -232.09727206938456
[-1.39780212 -0.41664099 -0.72515849 -0.96136708 -0.62614306  2.53572271] -246.17830418417384
[ 2.06813455  0.19467884  0.03306612  3.15663486 -1.24876087  0.07343269] -243.2537224525739
[-0.0399822  -0.98699709  1.84372967 -1.04864434 -0.20406159  0.27876599] -236.20890766721587
[ 2.6114099   0.78227665  1.7069874   2.02853991  0.34297029 -1.49393899] -225.336837746689
[ 4.61601591  1.38173547  2.92306034  3.5234934   0.82752696 -3.50876985] -257.1164874622583
[-0.67343499  0.36682276  1.50673654 -2.46549368  1.49616515  0.44589379] -253.9968831693662
[ 1.38274216  0.23771482  0.40148373  1.75110272 -0.56252936  0.16654797] -225.08109957973733
[ 1.40371127  0.32304461  2.25658179 -0.71897692 -1.00521673 -1.48965316] -233.13827589204476
[ 1.92395247  0.54113521  2.86349693  0.36111508 -1.30374767 -2.41535377] -237.59489536903533
[ 1.49669985  0.4298256   2.09288496  0.3037638  -0.83488098 -1.44073009] -229.3235856725594
[ 2.691104    2.09630332  0.88386806  1.9922721  -0.73824013 -1.78414415] -235.90026871626313
[ 2.00833245  1.32547822  1.12383346  1.23204299 -0.60469549 -1.26841662] -226.59733307252284
[1.44895093 1.12040616 0.09343316 2.31294464 0.1964221  0.05802051] -226.75946693611382
[ 2.24847908 -1.3522866   1.17989453  2.75337964 -0.81180967 -1.42149299] -234.954156578281
[ 1.17365107  1.44460677  0.97068509  0.46985283 -0.16442732 -0.35019796] -226.73199394691
[ 3.13050163  2.60195031  1.30586256  2.9416391   0.2762349  -1.17764445] -237.5007012192268
[ 0.96519578  0.0341019   0.94439567  0.55374217 -0.54490264 -0.49335657] -226.53309766707898
[ 1.70006092  1.21836924 -0.34594545  2.47897795  0.38916017  0.3136162 ] -225.68540534022995
[ 1.83151316  0.56044305  1.5070468   0.52514155 -0.57789688 -1.09993583] -225.33193223184813
[ 2.32610038 -0.05847881  0.80858212  2.38666294 -0.35487066 -0.94162999] -226.64175139374987
[ 2.03798806  0.31729259  0.84910786  1.90746041 -0.30725982 -0.79377198] -224.45097750909025
[ 1.50130421 -0.27541213  0.56385854  1.84961192  0.18454274  0.13480355] -224.15509234658225
[ 1.24779008 -1.07585731  0.28387108  2.15839638  0.57916186  0.83641363] -227.88178968727453
[ 2.72314369  0.91279283  0.61645062  2.95986931  0.36789835 -0.4308698 ] -226.45774865553972
[ 2.28365671  0.6931201   0.69843688  2.35833753  0.1396981  -0.44649149] -223.82394649619434
[ 2.18281048 -0.44655755  2.25491919  0.99442006 -0.64931848 -1.49121179] -227.4290870087312
[ 1.82074831  0.80213754  0.30427071  2.10783848  0.12954051 -0.1375908 ] -223.8083148236144
[ 1.00790764 -0.00384466 -0.26558589  1.47129096 -0.67427186  0.76845946] -225.54703689362373
[ 2.21053433  0.58574632  1.21384408  1.88922767  0.08865975 -0.92833938] -223.8256698207265
[ 1.91414476  0.22642336 -0.16337954  3.4293847   0.46878085  0.43165512] -228.4967523492782
[ 1.85217106  0.47693813  1.08944022  1.25120234 -0.31622745 -0.71703809] -223.6025489144486
[ 2.51939206  0.62889269  1.17150237  2.03679006  0.53551397 -1.12935737] -223.6358933117297
[ 2.02461417  0.65318163  0.83134307  1.92354225  0.56116903 -0.28089921] -223.5806680792461
[ 2.01792723  0.82112616  0.82246068  1.93158318  0.99538345 -0.02446283] -225.8050226580095
[ 2.73573468  1.55541761  1.2057539   2.00603419  0.19490856 -1.34804233] -225.68777120528915
[ 1.80991182  0.1822953   0.72433238  1.88871749  0.1871342  -0.23590792] -223.23508245101192
[ 1.89296372  0.55977548  0.3925978   1.96624838  0.32361637 -0.05408892] -222.96956914896143
[ 1.73417841  0.54679005 -0.01802534  2.00475873  0.44109468  0.38303632] -223.64483699032198
[ 1.68961034  0.40795349  0.80605863  1.36644213  0.33388411 -0.40513595] -224.36679773481086
[ 2.13514512  0.62182845  0.72534232  2.11036368  0.1882446  -0.4361526 ] -223.09557004872556
[ 2.25731768  0.23883302  1.34058201  1.61778292  0.36360973 -0.81355724] -223.30188034191255
[ 1.47131579  0.28205798  0.52971023  1.54916229 -0.09966514  0.28347604] -223.55224262337663
[2.01158504 0.36905249 0.42519572 2.43407    0.82426371 0.20466147] -224.0008696791032
[ 1.89202456  0.44996672  0.92337909  1.54691925 -0.03110466 -0.4866132 ] -223.00890280130398
[ 1.79494539  0.12507068  0.71397154  1.63618908 -0.25055733 -0.30004874] -223.0140074106429
[ 2.4561203   0.44386524  1.07702481  2.03957797  0.35997945 -1.05893224] -223.34585178083344
[ 2.20991917  0.40341342  0.94019617  1.91697405  0.2450683  -0.72333017] -222.90445529468815
[ 1.65431891  0.54195033  0.13269109  2.07068773 -0.14280924  0.06817672] -224.08881266162717
[ 2.10656799  0.31461235  1.03860928  1.73100912  0.23700499 -0.59312375] -222.85644825266797
[ 2.20061015  0.64259373  0.85369969  1.7471837   0.0502899  -0.62854454] -222.6304290014628
[ 2.39595932  0.87274294  0.91838334  1.67641681 -0.01813225 -0.82486284] -222.81767324975496
[ 1.89719854  0.20998234  0.89547554  1.40447751  0.00319459 -0.4924305 ] -222.81325258085542
[ 2.27148265  0.735044    0.96734765  1.80141492  0.52658049 -0.69266162] -223.20016089638705
[ 1.9140797   0.27756401  0.77731557  1.67749554 -0.05627287 -0.39820196] -222.74814471851838
[ 2.1817552   0.35268039  0.70925225  1.93421018  0.29873841 -0.47662674] -222.4219835829001
[ 2.32662052  0.30403723  0.60218883  2.12785565  0.46365995 -0.47163351] -222.32065559880365
[ 2.32536831  0.15762555  1.30989723  1.56875015 -0.00930142 -1.04833256] -223.21208262345664
[ 2.00106486  0.459238    0.62192266  1.86687382  0.24038692 -0.30264983] -222.64748890804822
[ 1.93879475  0.33259579  0.65620768  1.60132439  0.06768619 -0.23886452] -222.3450560206519
[ 1.98622153  0.42739135  0.43032737  1.74406109  0.0193099  -0.25098454] -222.22244455419067
[ 1.9260483   0.48378086  0.12618642  1.75058707 -0.08953764 -0.07991493] -222.18144070422824
[ 2.20520756  0.62328753  0.31703141  2.18596254  0.22220956 -0.2141726 ] -222.4554309207774
[ 2.28536901  0.67094703  0.28176333  2.08243352  0.3745045  -0.24705802] -222.0522402518016
[ 2.47101367  0.86763855  0.03398721  2.2849025   0.58989319 -0.17148605] -222.11806444130252
[ 2.2931519   0.55984273  0.3237698   1.96490847  0.12255056 -0.32407954] -221.87390146276113
[ 2.43919542  0.61014509  0.17469337  2.0139258   0.06363238 -0.3347944 ] -221.82637005372584
[ 2.17313503  0.36567078 -0.13434267  2.17351262  0.31709508  0.09973188] -221.87147746339497
[ 2.15784679  0.29910473  0.25186758  1.7305838   0.17680393 -0.21000524] -221.66035193533293
[ 2.1341664   0.13701334  0.21928566  1.50289443  0.15410111 -0.20792156] -221.74673444077288
[ 2.49727694  0.57863278 -0.22208873  2.35830843  0.36769988 -0.17569355] -222.03191260720442
[ 2.16633664  0.6987232  -0.44282906  1.90859476 -0.06026058  0.15572209] -221.77064798397873
[ 2.64700498  0.59062702 -0.15649848  2.33853257  0.50269604 -0.15745082] -221.65866999127712
[ 3.00748332  0.6440501  -0.29784093  2.63250533  0.79881289 -0.19621876] -222.19233824103773
[ 2.40822959  0.3766875  -0.45816266  2.09205248  0.08138441  0.03956133] -221.49445400837268
[ 2.46965987  0.22955774 -0.82812565  2.09686196 -0.06517563  0.18287101] -221.79726832000878
[ 2.16663921  0.40168666 -0.03300191  1.72742559 -0.00724945  0.0399485 ] -221.27923085679004
[ 2.00132034  0.3132136   0.0615415   1.41198417 -0.19472412  0.14776953] -221.36134653163242
[ 2.48861584  0.62665395 -0.08696772  1.76352571 -0.06475951 -0.25540472] -221.3657645438738
[ 2.23902893  0.3876826  -0.48322413  1.83964585  0.1459059   0.20558478] -221.29981098070502
[ 2.53611847  0.19542429  0.12083329  1.9219939   0.33852102 -0.26831081] -221.25996125012915
[ 2.72100939 -0.05622517  0.40266447  1.92869348  0.53791181 -0.48032726] -221.7948296196234
[ 2.67069888  0.56048261 -0.61754145  2.16380823  0.15536221  0.07798133] -221.50399739220543
[ 2.18943866  0.25891218 -0.36285638  1.49761801 -0.28630785  0.10390429] -221.25958235809912
[ 1.9606555   0.09305477 -0.46603533  1.07716073 -0.6808098   0.23458185] -222.12633069473424
[ 2.00532468  0.18853312  0.18308161  1.45027895 -0.08619737 -0.12288687] -221.63811802039396
[ 2.50435533  0.46749524 -0.41738568  1.98542591  0.09497232  0.02776428] -221.197881321972
[ 2.29983589  0.40259747  0.03729515  1.48649251 -0.00769027 -0.08839923] -221.06255862785002
[ 2.24563905  0.41555246  0.28502406  1.18371253 -0.05222761 -0.15237951] -221.33030117027397
[ 2.15652299  0.07794552 -0.29247883  1.72267488  0.15747673  0.26223533] -221.3849301919094
[ 2.40559263  0.48947685 -0.1383455   1.753313   -0.00920045 -0.12599471] -221.13952576087203
[ 2.46163114  0.3508483   0.21873712  1.61777713 -0.1048908  -0.30928068] -221.18914216931685
[ 2.6323515   0.31989812 -0.14757209  1.6934479   0.01571744 -0.26005412] -221.08223878657304
[ 2.29494991  0.56765176 -0.39087575  1.42269759 -0.43765422  0.05095742] -221.51561346446843
[ 2.47582633  0.28848116 -0.00709397  1.79716983  0.14447721 -0.18849375] -221.06391176588824
[ 2.73709228  0.51402019  0.21140139  1.94692408  0.33076967 -0.41872369] -221.2722642204343
[ 2.32635206  0.32268919 -0.21929194  1.60994453 -0.13203847 -0.02675271] -221.07962410185698
[ 2.36284118  0.25716846  0.33196194  1.33395573 -0.12618076 -0.36075601] -221.2978564366481
[ 2.4689768   0.41491354 -0.23004878  1.82255836  0.03968405 -0.06936579] -221.05563794815947
[ 2.40801393  0.39517047 -0.45375616  1.76986491  0.12187397  0.05626057] -221.09381856546196
[ 2.46485954  0.22510647 -0.20181043  1.63984635  0.06987509 -0.06627363] -220.97919067281802
[ 2.494493    0.09292128 -0.23354289  1.58311302  0.10941286 -0.03641309] -221.07837401338702
[ 2.48138678  0.26272484  0.19758214  1.57995491 -0.07853228 -0.28937365] -221.08979451046213
[ 2.46304357  0.29583625  0.03474757  1.62743241 -0.02843072 -0.20296509] -221.01163661980766
[ 2.20061323  0.32997658 -0.04782871  1.63436676  0.01290818  0.04597072] -221.1413706868427
[ 2.52441693  0.32241773 -0.12263624  1.67867762  0.01501513 -0.18354791] -221.0049531754126
[ 2.57263429  0.32709502  0.0561097   1.74078116  0.20968196 -0.23959576] -221.04112731123587
[ 2.45542934  0.37417434 -0.13502037  1.53475965 -0.0450988  -0.09488872] -220.93055181737822
[ 2.44523085  0.41702092 -0.19898357  1.40355456 -0.1398868  -0.0480862 ] -220.9398338166217
[ 2.68328426  0.25058364 -0.236848    1.86152601  0.09459917 -0.19714641] -221.10297911161152
[ 2.39569799  0.36459401 -0.03124064  1.58025089  0.01788209 -0.11558602] -220.98418503122215
[ 2.48971709  0.2214944   0.09676531  1.44469099  0.03995754 -0.23158659] -221.08299536055418
[ 2.47416187  0.36655876 -0.14834526  1.72809152  0.03975242 -0.10992099] -220.9816430343201
[ 2.35323546  0.3224675  -0.25754483  1.52223831 -0.18668356 -0.01813169] -221.05570046755884
[ 2.51778458  0.32593814 -0.02230393  1.68614545  0.11059058 -0.18422975] -220.9806532936059
[ 2.48107319  0.36376023 -0.25519985  1.65515808  0.09776956 -0.04851725] -220.96700160402116
[ 2.4052519   0.35095958 -0.14200392  1.59607302  0.08190852 -0.02292421] -220.96234935255976
[ 2.53715549  0.30423849 -0.27032061  1.6997738   0.1003837  -0.05999883] -220.95142665077879
[ 2.47968948  0.28150033 -0.19387445  1.54249393  0.0987238  -0.04902313] -221.00599210466976
[ 2.47554377  0.34529415 -0.15972755  1.68169212  0.05449526 -0.09469653] -220.95058142609273
[ 2.4219865   0.32857295 -0.36572365  1.58295556  0.0091872   0.05513003] -220.9559423934637
[ 2.46062052  0.46389344 -0.24085489  1.61029106  0.02967339 -0.0223582 ] -220.91208101269382
[ 2.45850101e+00  5.83286933e-01 -2.60377126e-01  1.59551342e+00
  9.57254323e-03 -4.00490209e-04] -220.90747830403808
[ 2.43688282  0.39841525 -0.18919122  1.57509778 -0.02762008 -0.02407567] -220.89452394775614
[ 2.41478764  0.41574276 -0.15618691  1.53506764 -0.0903149  -0.01185488] -220.88778398786087
[ 2.51588268  0.43281029 -0.30711483  1.61384771 -0.06916685 -0.04597893] -220.95380213729922
[ 2.53044681  0.4899427  -0.06385882  1.63726256 -0.02256354 -0.15773615] -220.94612952372387
[ 2.44140534  0.4047495  -0.0413823   1.61417536  0.07132494 -0.0938796 ] -220.93519787718952
[ 2.38821581e+00  5.66824969e-01 -1.86374513e-03  1.49971645e+00
 -1.07911867e-01 -9.11532983e-02] -220.97203335551725
[ 2.49992057  0.36988511 -0.2032064   1.64975946  0.04830981 -0.06778744] -220.91535348037021
[ 2.45795313  0.5339663  -0.12694975  1.50715391 -0.06408525 -0.0474859 ] -220.8743422058189
[ 2.44915781  0.62830237 -0.11056085  1.4198848  -0.12337551 -0.02388059] -220.8724266781103
[ 2.37595376  0.43543763 -0.23838584  1.47912422 -0.02063043  0.06017224] -220.91617693220815
[ 2.44317803  0.53086021 -0.32653019  1.45719437 -0.1451707   0.04766631] -220.91322297757154
[ 2.42507026  0.613664   -0.29672873  1.51075499 -0.06210426  0.09619377] -220.85481440486453
[ 2.40989073  0.73340884 -0.37758291  1.49875266 -0.070607    0.19173501] -220.86256193659062
[ 2.52091802  0.61180949 -0.2128109   1.57693401 -0.10039725 -0.04686002] -220.92825215806806
[ 2.41219482  0.4795306  -0.2319921   1.50357667 -0.04057213  0.03341418] -220.88266489369047
[ 2.36770929  0.71391051 -0.25758557  1.35757116 -0.1989648   0.11483354] -220.9214746193805
[ 2.46686775  0.45589146 -0.21680119  1.57671239 -0.01350884 -0.0221322 ] -220.88241280705606
[ 2.4323484   0.52794583 -0.09768544  1.5899756   0.038403   -0.02388638] -220.8816853292526
[ 2.40830789  0.45707207 -0.10960795  1.4498106  -0.10673009  0.01635179] -220.84226561690002
[ 2.38321132  0.39396464 -0.03422336  1.37695919 -0.16488141  0.02472793] -220.84784591576465
[ 2.44986134  0.63839269 -0.19827185  1.48183738 -0.01231438  0.0372084 ] -220.85041780777289
[ 2.46500966  0.62755888 -0.11122657  1.50608192 -0.0526379  -0.00679591] -220.830646921661
[ 2.49141708  0.70157302 -0.05084381  1.50733454 -0.05867078 -0.02690095] -220.8279382572647
[ 2.41851984  0.73309187 -0.07109836  1.40982024 -0.09475516  0.04716088] -220.83311332020733
[ 2.44842968  0.72941951 -0.18135174  1.33650525 -0.19105306  0.07259748] -220.85488256349643
[ 2.43137755  0.66276868 -0.19207329  1.47880287 -0.05183374  0.10475104] -220.79490047131748
[ 2.42248742  0.68000184 -0.23282951  1.50826191 -0.01606286  0.16906686] -220.78041247201776
[ 2.42345827  0.54517899 -0.13844166  1.61943463  0.07417388  0.04042944] -220.86736922230176
[ 2.44218682  0.68335938 -0.17062422  1.4072376  -0.12474632  0.06455547] -220.82349847222747
[ 2.4525232   0.68416629  0.01897017  1.4106791  -0.0756556   0.00628705] -220.79875800994097
[ 2.42861941  0.67469546 -0.00707271  1.41587729 -0.14655923  0.05496529] -220.79020477221033
[ 2.47694337  0.92855721 -0.06155819  1.43659296 -0.06541989  0.08869307] -220.81038281897986
[ 2.48620593  0.71769253 -0.09688774  1.48550756 -0.06761639  0.07172805] -220.7474061460903
[ 2.52004897  0.70999286 -0.10978243  1.52335121 -0.05404701  0.08401164] -220.71261934139386
[ 2.42285265  0.752018   -0.13678849  1.39333215 -0.10215953  0.18276075] -220.7354556472691
[ 2.46563818  0.79311784 -0.0057295   1.48879394 -0.02855505  0.13070609] -220.70870872777533
[2.47736386 0.84799707 0.07671786 1.52957211 0.01954059 0.16378139] -220.68695036595707
[ 2.4310218   0.52106663 -0.06870351  1.49043163 -0.05956132  0.13159792] -220.69490171741828
[ 2.44827484  0.711091   -0.17845643  1.54292967 -0.04396085  0.25577424] -220.65657401809537
[ 2.44615066  0.72455336 -0.27716973  1.60905495 -0.02811348  0.38051783] -220.63462318022158
[ 2.47802238  0.73718112 -0.24244589  1.60212403  0.0664247   0.31561351] -220.66497574947286
[ 2.50266602  0.75093451 -0.01989455  1.54102678 -0.03657582  0.25036082] -220.5579750699756
[ 2.54275532  0.78640084  0.08657293  1.55740922 -0.04683231  0.2910078 ] -220.47841679817273
[ 2.54226834  0.69037929 -0.04148177  1.7106489   0.06796325  0.27274928] -220.53965227511648
[ 2.45247849  0.72586657 -0.04572094  1.64306241  0.06052082  0.43441094] -220.53771673847112
[ 2.54865789  0.98305946 -0.07913901  1.72685891  0.10606251  0.48776233] -220.56459813355121
[ 2.5260805   0.70114981 -0.27651266  1.75348069  0.05580124  0.5635725 ] -220.48686611673594
[2.54144135 0.79995532 0.0312955  1.731381   0.00537598 0.49439339] -220.43065425451738
[ 2.57315083  0.83134242  0.1681662   1.79600948 -0.02514837  0.58378333] -220.43046235048382
[2.61564646 0.84817944 0.21446464 1.78676826 0.10090252 0.49724422] -220.37713305470115
[2.70039436 0.90999249 0.46028183 1.87562491 0.16541053 0.55560742] -220.3840854953227
[ 2.53546876  0.54471334  0.1143018   1.68893408 -0.03499346  0.39316036] -220.37182292254047
[ 2.5288742   0.32554028  0.21102221  1.66997166 -0.10552145  0.34585937] -220.39651807572716
[ 2.53959178  0.78883818  0.12857242  1.69790581 -0.0312131   0.64831043] -220.3138519354471
[ 2.53825349  0.83806762  0.21359952  1.69153426 -0.08080128  0.83609101] -220.2873975864746
[ 2.6579733   0.79075125  0.21925175  1.78164959 -0.07087804  0.62054213] -220.32351265474375
[ 2.62833556  0.84533517  0.61529828  1.68062094 -0.10838488  0.51037045] -220.46917991865496
[ 2.64018749  0.77972891  0.42845447  1.91776298 -0.02626886  0.85605604] -220.38408083790472
[ 2.55855788  0.69892583 -0.16255215  1.87359861  0.06265572  0.75192191] -220.38780219945875
[2.6088783  0.66877971 0.17434048 1.78407311 0.00868724 0.73455523] -220.18244552184228
[2.62674203 0.58749835 0.17742762 1.77810493 0.02560505 0.80994119] -220.1044299082387
[ 2.64619929  0.76405381  0.61838542  1.67465275 -0.09146708  0.5857564 ] -220.31667554529224
[ 2.56657363  0.6780257   0.09068912  1.54945164 -0.02427523  0.3915224 ] -220.343739946293
[ 2.57475704  0.55285725  0.26342043  1.60134083 -0.19317254  0.71509361] -220.18624650051555
[ 2.66803083  0.85903799  0.41328948  1.66997726 -0.11000291  0.92648856] -220.15232054500373
[ 2.67074504  0.78606306  0.54443563  1.8496349  -0.14929703  1.10644857] -220.3761775984212
[ 2.59261648  0.70503504  0.20412574  1.62449746 -0.05553068  0.57025394] -220.2194953927786
[ 2.55755975  0.64476543  0.41083099  1.5650529  -0.09757844  0.8606661 ] -220.1321268366199
[ 2.53978725  0.63170009 -0.05748749  1.63551646 -0.07902652  0.9870884 ] -220.18219815260892
[ 2.6482443   0.48889709  0.25693608  1.59996235 -0.08910073  0.78708625] -220.0352446058586
[ 2.7032397   0.31431183  0.27860435  1.5541764  -0.09325046  0.76258387] -220.0375017852379
[ 2.61242392  0.5498837   0.28401329  1.65882079 -0.12556135  1.12520076] -220.04014563930656
[2.64283899 0.7010703  0.23158289 1.7011374  0.03461757 1.11706348] -220.07770857940076
[ 2.71215936  0.64535087  0.64884761  1.68883542 -0.04164708  0.88839371] -220.05398840577425
[2.59862528 0.34678393 0.25659001 1.66066067 0.01211458 0.93629528] -220.0906674817489
[2.72278487 0.46172931 0.20763485 1.79745428 0.03625445 1.02732745] -219.96904101861702
[2.80539743 0.37021125 0.10603678 1.91365497 0.10317089 1.11065813] -219.97941735525887
[ 2.68561688  0.47707338  0.45110728  1.59085204 -0.08337924  1.15051446] -219.98208809693926
[ 2.74273082  0.76121763  0.43678399  1.68502676 -0.10172004  1.09556676] -220.01396348982283
[ 2.7318144   0.42698036  0.53019148  1.63917981 -0.1696689   0.90763299] -220.00810185285775
[ 2.66904571  0.40990962  0.07337471  1.63492992 -0.13607819  1.14271585] -220.0218889759925
[ 2.78765507  0.45871877  0.36799617  1.65698093 -0.05566954  0.91174716] -219.92041558642185
[ 2.87527065  0.4131363   0.40998761  1.65606101 -0.02072363  0.80502036] -219.9309005752576
[ 2.79830495  0.50964593  0.43209342  1.73484556 -0.08098642  1.2914153 ] -219.92272894461672
[ 2.82058996  0.62187884  0.73522768  1.7331832  -0.01564504  0.9853522 ] -219.98513652566362
[ 2.77285789  0.22412457  0.47129963  1.69913852 -0.02131152  0.99576309] -219.94855389701394
[2.79745548 0.49074324 0.35826153 1.76497171 0.0960898  1.21307357] -219.9591075689665
[ 2.70096842  0.2521329   0.02756995  1.68156448 -0.02068911  1.21126148] -220.08928510628243
[ 2.79068458  0.52944235  0.55831325  1.72027852 -0.01690606  1.04182952] -219.9205494127403
[2.87096406 0.41439468 0.34742567 1.8670378  0.06920281 1.00987091] -219.8942104914755
[2.96363766 0.38305532 0.29558486 2.00513069 0.14549383 0.93954913] -219.95086111852106
[ 2.88318914  0.41396053  0.63749504  1.68363007 -0.03944809  1.12723906] -219.89343097261894
[ 2.96339127  0.39007614  0.85242514  1.62671796 -0.07729936  1.17719487] -219.96517744266865
[ 2.83709642  0.35935236  0.57994619  1.68899877 -0.14446274  0.91288145] -219.97636250801347
[2.80736571 0.45789552 0.4136827  1.74597847 0.03595166 1.13802554] -219.90460980935904
[ 2.87319662  0.70389469  0.44770245  1.77044527 -0.00797369  1.17761274] -219.91154927719438
[2.87271344 0.48312292 0.49211167 1.74660479 0.07603878 0.84402634] -219.91441087738733
[2.90767677 0.44788668 0.34382465 1.76994726 0.04294004 1.02767773] -219.8753911518779
[2.96617287 0.40710885 0.23658035 1.79478162 0.07286309 1.02060183] -219.91059216886504
[2.95071351 0.51499957 0.52608456 1.87090029 0.11457337 1.19640361] -219.87490990430683
[3.03224273 0.54313998 0.60512875 1.97785996 0.19969483 1.33873183] -219.92575932107414
[ 2.89165516  0.50122097  0.41329335  1.82270826 -0.00429008  1.38158352] -219.90240975000944
[2.89732484 0.2128913  0.44623287 1.81628878 0.08095026 1.11598738] -219.92157318512253
[2.87922867 0.58114384 0.44733505 1.78190615 0.0142573  1.1622064 ] -219.8775745022093
[2.98711006 0.49997324 0.49147007 1.85273147 0.02979345 1.16363487] -219.8675735382805
[3.07698223 0.52101209 0.53036376 1.90610797 0.02671434 1.17643954] -219.9146771684108
[2.93463891 0.45623187 0.51791833 1.78600942 0.08139637 0.84742734] -219.90087730253083
[2.92389297 0.46747915 0.49176209 1.79518413 0.05997476 0.98096638] -219.87117240138912
[2.97297298 0.56075299 0.63189816 1.71772865 0.00482747 1.20950511] -219.8761087895605
[2.99067585 0.61011796 0.33996315 1.91250257 0.12823689 1.11955897] -219.89094473359975
[2.96380417 0.5610786  0.41434612 1.85528445 0.08631564 1.121479  ] -219.866184220077
[3.02282815 0.43624624 0.51912683 1.83868593 0.09855095 1.07101583] -219.86438404597948
[3.09462789 0.36379744 0.55502272 1.86707583 0.14069777 1.02542055] -219.89744014079113
[2.94570224 0.41513483 0.29697328 1.94318253 0.13922194 0.97755403] -219.91394220697268
[2.96615529 0.52434845 0.54816694 1.77409212 0.03842608 1.15151734] -219.85805025157666
[3.03049128 0.5534884  0.65316088 1.89234554 0.09960471 1.20066128] -219.8855188639199
[2.9383804  0.47428711 0.42115871 1.80054683 0.05710621 1.07092362] -219.86098387502622
[2.98334351 0.47280469 0.4359257  1.76794135 0.00881565 0.99010874] -219.8753003304409
[2.95887101 0.50445085 0.50354484 1.84516055 0.08813394 1.14482989] -219.86147890500308
[3.02182339 0.53264902 0.47417575 1.86031632 0.07280066 1.26016713] -219.86451185794874
[2.97017741 0.51104686 0.46870299 1.80529726 0.11731771 1.10967606] -219.8721628772039
[2.9828769  0.50274164 0.4857783  1.84087292 0.05167451 1.15014517] -219.85859547169127
[2.99984087 0.43049583 0.56963767 1.79794044 0.04924848 1.16138733] -219.86115664167068
[2.93449415 0.42487436 0.54162868 1.77211661 0.05491273 0.9897726 ] -219.87281130785146
[2.99999108 0.50570535 0.49103898 1.83826639 0.06832868 1.1925685 ] -219.85710264651007
[2.92587703 0.54443018 0.48731498 1.79360715 0.01908836 1.21944145] -219.8660801425991
[2.99859037 0.46329222 0.51117387 1.82741624 0.0786853  1.10812224] -219.85746605615333
[3.00307396 0.46250602 0.50543998 1.78121776 0.02635581 1.13339151] -219.85825161655202
[2.96318179 0.5471311  0.41794793 1.82286364 0.05761039 1.10750212] -219.86111326961142
[2.97234656 0.51797228 0.45587036 1.81663284 0.05551991 1.12097343] -219.85648153671687
[3.03596432 0.51790155 0.57799744 1.82561926 0.04922389 1.21464911] -219.86368518561247
[2.96277638 0.48519072 0.46036839 1.80681493 0.05513563 1.10685499] -219.8559531355369
[2.98476765 0.48359671 0.50490787 1.77394051 0.05580929 1.1209975 ] -219.85794488871693
[2.95846848 0.53086256 0.48506882 1.83116992 0.09094582 1.13361982] -219.86176917718345
[2.99192259 0.47959515 0.50034719 1.7937058  0.04250331 1.13344859] -219.85541750234506
[3.00397625 0.45410236 0.42640195 1.84483345 0.08023462 1.10947107] -219.86152385715104
[2.97561053 0.50678693 0.51772569 1.79177745 0.04887822 1.14100577] -219.85561714643336
[2.98231152 0.50258418 0.47393362 1.85093071 0.06054106 1.14666034] -219.85924958098119
[2.98415362 0.48834358 0.49716431 1.79318806 0.05699223 1.12741321] -219.8557095038971
[2.96367655 0.53123912 0.46299777 1.78604559 0.03043403 1.16596592] -219.85606925552736
[2.950171   0.49733724 0.47378559 1.7577885  0.0281591  1.07265214] -219.85792505395972
[2.98753606 0.50361332 0.48672563 1.81814692 0.05828628 1.16258941] -219.8550696622316
[2.98287868 0.48028399 0.5192393  1.77992674 0.04188999 1.1581192 ] -219.85636536501295
[2.98024565 0.48970606 0.50339707 1.78910327 0.04529747 1.14883276] -219.8552364348111
[2.99707173 0.45317281 0.52557832 1.81153322 0.07193035 1.10741565] -219.85834570836
[2.97202534 0.51172254 0.47864291 1.7924175  0.04080811 1.15132836] -219.85498675220094
[3.00105489 0.50806514 0.53429921 1.78596473 0.04245291 1.18135104] -219.85659101168278
[2.97234601 0.49090933 0.4788511  1.80160238 0.05196495 1.125479  ] -219.8549680538381
[2.97574178 0.50576754 0.49139889 1.80239638 0.03892055 1.16014809] -219.85526012128233
[2.98432861 0.48698438 0.46206191 1.80734663 0.04371534 1.15293629] -219.85525266517126
[2.96548522 0.51663924 0.46667864 1.80996523 0.05049425 1.16698938] -219.85596580127924
[2.98531325 0.48885618 0.49193005 1.79777066 0.04450105 1.14183379] -219.8548192391785
[2.98485653 0.48482973 0.475804   1.79973274 0.05593718 1.13418511] -219.85540042726086
[2.97802047 0.50053309 0.48750017 1.80173047 0.04317471 1.15365734] -219.8548558581078
[2.97416698 0.50812912 0.5136204  1.79291043 0.05096218 1.14163726] -219.85556072126636
[2.9817882  0.49227057 0.47495153 1.80373758 0.04552705 1.15011154] -219.85485182852025
[2.97876413 0.50626228 0.4628034  1.8160319  0.04945658 1.14616705] -219.8556233407951
[2.97987527 0.49384512 0.49324865 1.79583543 0.04633725 1.14816633] -219.85481192007788
[2.96892012 0.48909895 0.48164917 1.77955108 0.03248475 1.12760271] -219.85480238859495
[2.95961215 0.48184176 0.47911093 1.76025317 0.01958399 1.11010936] -219.85621729167786
[2.98339576 0.47344853 0.49073398 1.8009917  0.04718848 1.13095521] -219.85507524023427
[2.97486795 0.50215404 0.48166568 1.79456105 0.0424032  1.14623507] -219.85464958767972
[2.98391575 0.49800998 0.49146399 1.7894597  0.03284439 1.16372326] -219.85528409900982
[2.97523844 0.49268449 0.48200432 1.79856671 0.04718481 1.13504007] -219.85467108760332
[2.97731395 0.48577003 0.48098297 1.78827703 0.04297133 1.12933916] -219.8550066730571
[2.97784384 0.49684232 0.48587087 1.79836711 0.04312386 1.1475778 ] -219.85474507728622
[2.97223142 0.49555646 0.49717138 1.78447976 0.03981792 1.13204039] -219.85476607419918
[2.96434576 0.50120428 0.48193997 1.78601639 0.03928288 1.13705367] -219.85468048028702
[2.96460724 0.4986684  0.47685181 1.78467861 0.03509523 1.1270169 ] -219.85484473273186
[2.97605826 0.49505094 0.48914944 1.79304622 0.04352674 1.14287897] -219.85468128965272
[2.97794177 0.50539856 0.49095138 1.80546133 0.05262839 1.15267261] -219.8549625739705
[2.97117553 0.49317385 0.48397472 1.78602865 0.03752066 1.13387019] -219.85474158950498
[2.97427851 0.49814685 0.47103028 1.80104895 0.04452946 1.14884487] -219.85478385696445
[2.97274319 0.49620406 0.49063611 1.78862206 0.04099581 1.13624151] -219.85471491102737
[2.96696588 0.49664823 0.48391921 1.78391325 0.04051417 1.12952869] -219.85481989763937
[2.97512435 0.4967938  0.48538295 1.79475365 0.04247144 1.14306552] -219.8546324569653
[2.97495045 0.50152335 0.48628477 1.79916005 0.04776763 1.14630142] -219.85466270053433
[2.97411855 0.50026624 0.47817293 1.8000793  0.04654976 1.1472834 ] -219.85470599112386
[2.97377471 0.4992507  0.48128873 1.79721499 0.04516127 1.14452293] -219.85465168922377
[2.97004229 0.50281928 0.47703936 1.79704472 0.04456367 1.14119392] -219.85474002704152
[2.97455427 0.49699302 0.48612192 1.79404585 0.04378597 1.14245771] -219.85467075257475
[2.98515763 0.49526218 0.48564282 1.80675104 0.05030856 1.14882057] -219.85473300577488
[2.96954873 0.49971876 0.48286568 1.79120005 0.0420393  1.13999539] -219.85474414029414
[2.97499615 0.49947392 0.48352431 1.79465735 0.04243732 1.1446503 ] -219.854657179213
[2.97444953 0.49802225 0.48333584 1.79598432 0.04381636 1.14379422] -219.85461581365564
[2.9750374  0.49915857 0.48583386 1.79695685 0.04511954 1.14468347] -219.85449378582524
[2.97483931 0.49689341 0.48575244 1.79439975 0.04312871 1.14276162] -219.85464841851132
[2.97518139 0.49473914 0.48369364 1.79666018 0.04482812 1.13905279] -219.8545003343809
[2.96973505 0.49899904 0.48366146 1.79038502 0.04087716 1.14005959] -219.85474472565113
[2.98014099 0.49602799 0.48551289 1.80075234 0.04639    1.14594305] -219.8546723646724
[2.9775395  0.49677075 0.48505003 1.79816051 0.04501179 1.14447218] -219.8547371057407
[2.9751094  0.49694886 0.48476375 1.79680851 0.04497383 1.14186813] -219.85461578204556
[2.97474346 0.49859041 0.48458485 1.79647058 0.04446795 1.14423885] -219.85463330444756
[2.97508087 0.49797619 0.48560841 1.79585525 0.04379549 1.1438745 ] -219.85459997148902
[2.97493835 0.49802599 0.48579315 1.7956783  0.04412412 1.14372254] -219.85461248396538
[2.97501677 0.49931625 0.48467909 1.7958071  0.04377843 1.14466688] -219.8546144211614
[2.97238623 0.49907881 0.48474766 1.79367093 0.04299835 1.14237153] -219.85472466316108
[2.97758919 0.49759328 0.48567337 1.79885459 0.04575477 1.14531326] -219.85475835545392
[2.97368697 0.49870743 0.48497909 1.79496685 0.04368745 1.14310696] -219.8547054597422
[2.97628845 0.49796466 0.48544194 1.79755868 0.04506566 1.14457783] -219.85459594095732
[2.97574695 0.4978731  0.48612188 1.79641764 0.04448441 1.14355894] -219.85460883764998
[2.97559354 0.49982273 0.48639569 1.79594942 0.04381539 1.14649325] -219.8546295525991
[2.97523043 0.49766733 0.48517173 1.79659374 0.04468422 1.14302441] -219.85460581768868
[2.97575738 0.4969057  0.48664457 1.79721305 0.04531272 1.14314701] -219.8546117286246
[2.97610881 0.49782252 0.48581432 1.79785344 0.04536322 1.14389951] -219.85462889923022
[2.97523097 0.49797513 0.48579844 1.79622208 0.0444339  1.14376678] -219.85461556398573
[2.97566292 0.49856162 0.4856379  1.79725776 0.0450926  1.14463065] -219.85462664583412
[2.97505914 0.49856738 0.48572113 1.79640605 0.04445751 1.14427898] -219.85460608198704
[2.97513391 0.49841295 0.4855028  1.79677529 0.04490188 1.14385394] -219.8546191295884
[2.97539218 0.49851584 0.48597787 1.79668725 0.04480197 1.1441212 ] -219.8545974895214
[2.97539739 0.49803214 0.48623921 1.79708495 0.04521613 1.14391524] -219.85461381310813
[2.97498788 0.49859228 0.4858135  1.79631757 0.04462183 1.14420301] -219.85460363493718
[2.97467304 0.49853143 0.48605822 1.79615156 0.04461369 1.1437213 ] -219.8546201904909
[2.97492051 0.49853898 0.48595314 1.79642811 0.04473341 1.14394864] -219.8545817468972
[2.97513091 0.49872211 0.48634344 1.7965183  0.04474825 1.14452957] -219.85454845866744
[2.97477861 0.49933292 0.48564177 1.79601975 0.04427805 1.14467305] -219.8546381028295
[2.9752427  0.49835733 0.48608985 1.79681865 0.04498161 1.14410469] -219.85461254217378
[2.97493331 0.49900772 0.48579113 1.79628605 0.04451257 1.1444836 ] -219.85461080055137
[2.97501065 0.49884513 0.48586581 1.7964192  0.04462983 1.14438887] -219.854608096916
[2.97516535 0.49851993 0.48601517 1.7966855  0.04486435 1.14419942] -219.85459061383247
[2.97515227 0.49878186 0.48625786 1.79679181 0.04517227 1.14428279] -219.854606141408
[2.97508242 0.498621   0.48585532 1.79650249 0.0446362  1.14427993] -219.85461932810938
[2.97508416 0.49894034 0.48608865 1.79673757 0.0449339  1.14460652] -219.85461918222742
[2.97497895 0.49884878 0.4858935  1.79669248 0.04492648 1.14431605] -219.8546272076672
[2.97510137 0.49883925 0.48592452 1.79682117 0.04499194 1.14444144] -219.8545146799993
[2.97521479 0.4988372  0.48590586 1.79682205 0.04496076 1.14440234] -219.8546267390525
[2.97501264 0.49887543 0.48582368 1.79663721 0.04487068 1.14444324] -219.85460874113568
[2.97504827 0.49886298 0.4857775  1.79668145 0.04478852 1.14448123] -219.85461033815616
[2.97518725 0.49898915 0.48589119 1.79685962 0.04496197 1.14470336] -219.85456024811663
[2.97494224 0.49905137 0.48587393 1.79674258 0.0449281  1.14471742] -219.85456910724687
[2.97502557 0.49898524 0.48561957 1.79682872 0.04495302 1.1445502 ] -219.8546201954681
[2.97506951 0.49895157 0.48597138 1.79676036 0.04493868 1.14459244] -219.85463458505367
[2.97506939 0.49899891 0.48587919 1.79688901 0.04505574 1.14456246] -219.8546171678672
[2.97511233 0.49907386 0.48586252 1.79690823 0.04504075 1.14469341] -219.8545923652335
[2.97498982 0.49910497 0.4858539  1.79684971 0.04502382 1.14470044] -219.85457939972798
[2.97502502 0.499017   0.48582877 1.79679703 0.04499511 1.14456335] -219.85462070965983
[2.97504283 0.49901078 0.48580568 1.79681915 0.04495403 1.14458235] -219.85455720879236
[2.97506078 0.49904946 0.48596126 1.79684721 0.04502672 1.14464499] -219.85450767697742
[2.97507916 0.49911518 0.48590336 1.79695969 0.04507842 1.14472569] -219.85460134320516
[2.97503805 0.49917203 0.485861   1.79689127 0.04502535 1.144781  ] -219.85461004324895
[2.97504589 0.49912875 0.48586555 1.7968907  0.04503295 1.14472636] -219.85458508433607
[2.97501718 0.49906028 0.48582422 1.79679759 0.04498751 1.14461799] -219.85462642505448
[2.97506367 0.49910146 0.48588358 1.79691917 0.04505569 1.14469876] -219.8546039011159
[2.97504909 0.49910402 0.48589756 1.79690203 0.04507313 1.14466423] -219.8545418098547
[2.97504012 0.49908468 0.48581977 1.796888   0.04503678 1.14463291] -219.85457717427292
[2.97501361 0.49913177 0.48584388 1.79690328 0.04507168 1.14469196] -219.85460958575996
[2.97504164 0.49914366 0.4858497  1.79692378 0.04507624 1.14470491] -219.85460938390102
[2.97507486 0.49911622 0.48584819 1.79693254 0.04508015 1.14468844] -219.85460182567533
[2.97505828 0.49913688 0.48586861 1.79695827 0.04509898 1.14470458] -219.8546259311274
[2.97502729 0.49910943 0.48582904 1.79687722 0.04505352 1.14465073] -219.85463101512943
[2.97505053 0.49913002 0.48585872 1.79693801 0.04508762 1.14469112] -219.85463638107618
[2.97504324 0.4991313  0.48586571 1.79692944 0.04509633 1.14467385] -219.85463653848902
[2.97503876 0.49912162 0.48582681 1.79692242 0.04507816 1.14465819] -219.85459236699558
[2.97505613 0.4991374  0.48584102 1.79694469 0.04509984 1.14468596] -219.8545111491178
[2.97503952 0.49915112 0.48584178 1.79694031 0.04509789 1.14469419] -219.85461204709864
[2.9750255  0.49914517 0.48583887 1.79693006 0.04509561 1.14468771] -219.85461483862528
[2.97504784 0.49914773 0.48585123 1.79695756 0.04510926 1.14469402] -219.85460602559522
[2.97503847 0.49915591 0.48581215 1.79695453 0.04510377 1.144694  ] -219.8546126053757
[2.97506054 0.49914561 0.48583009 1.79696206 0.04510721 1.14468223] -219.8546304971261
[2.97503426 0.49914528 0.48583667 1.79693806 0.04509851 1.14468634] -219.85457744158012
[2.97504616 0.49913133 0.48586498 1.7969321  0.0450973  1.14467339] -219.8546074335444
[2.97504733 0.49912953 0.48584308 1.79694358 0.04510298 1.14466627] -219.8546185736305
[2.97504147 0.49914572 0.48584211 1.79694113 0.04509916 1.14468721] -219.854630195976
[2.97504676 0.49914799 0.48583744 1.79695077 0.04510969 1.14468471] -219.85462220001102
[2.97503583 0.49915193 0.48583527 1.79694745 0.04510902 1.14468491] -219.85453049456572
[2.97503808 0.4991401  0.48583034 1.79693963 0.04509885 1.14467083] -219.85456886509937
[2.97504262 0.49915315 0.48584255 1.7969572  0.0451144  1.14468875] -219.8546284775295
[2.97504178 0.49914495 0.48584942 1.79694447 0.04510842 1.14467843] -219.854626453819
[2.97503846 0.49915485 0.48583782 1.79694858 0.04510871 1.14468883] -219.8546348723294
[2.97504236 0.49914405 0.48583847 1.79695022 0.04511126 1.14467487] -219.85461024024664
[2.97503812 0.49914271 0.48583238 1.79693926 0.04510453 1.14467033] -219.85460182739973
[2.97503774 0.49915016 0.48581983 1.79695025 0.04510921 1.14467794] -219.85461548017648
[2.97502974 0.49914786 0.48582594 1.79694378 0.04510778 1.1446694 ] -219.8546062049422
[2.97503611 0.49914491 0.48584558 1.79694215 0.04510778 1.14467333] -219.8546293031331
[2.97503733 0.49914885 0.48582627 1.79694823 0.04510885 1.14467679] -219.85462724861677
[2.97503661 0.49915525 0.48583456 1.79695215 0.04511428 1.14468419] -219.8546130831263
[2.97503774 0.49914934 0.4858321  1.79694824 0.04510919 1.14467715] -219.8546330804671
[2.97503776 0.49915064 0.48583312 1.79694805 0.04511203 1.1446769 ] -219.85461665142196
[2.97503357 0.49915322 0.4858299  1.79695032 0.04511366 1.14467643] -219.85460636012928
[2.97503988 0.49915131 0.48583616 1.79695353 0.0451154  1.14467917] -219.85462614908872
[2.97503757 0.49915437 0.48582685 1.79695355 0.04511437 1.1446807 ] -219.85462609393537
[2.97503653 0.49915845 0.48583272 1.79695658 0.04512057 1.14468314] -219.8546130480021
[2.97503326 0.49915886 0.48582751 1.7969523  0.04511608 1.14468244] -219.8546166613248
[2.97503414 0.4991573  0.48583704 1.79695186 0.04511768 1.14468149] -219.85461654528464
[2.97503874 0.49915229 0.48583956 1.79695297 0.0451165  1.14467943] -219.85461824711984
[2.97503463 0.49915721 0.48583052 1.79695247 0.04511619 1.14468169] -219.85458728451292
[2.9750332  0.49916269 0.48583308 1.79695869 0.04512194 1.14468657] -219.85462411132113
[2.97503662 0.49915366 0.48583311 1.79695071 0.04511451 1.14467932] -219.8545840558091
[2.97503764 0.49915483 0.48582785 1.79695449 0.04511523 1.14468126] -219.85461295921579
[2.97503552 0.49915673 0.48582809 1.79695499 0.04511895 1.14467758] -219.85459246624976
[2.97503527 0.49915295 0.48582839 1.79695003 0.04511213 1.14467678] -219.8546378487356
[2.97503621 0.49915708 0.48583164 1.79695494 0.04511846 1.14468155] -219.85461341996034
[2.97503701 0.49915611 0.48583348 1.79695378 0.04511702 1.14468139] -219.8546319662339
[2.97503602 0.49915789 0.48583219 1.79695466 0.04511786 1.14468258] -219.8546297547906
[2.97503646 0.49915765 0.48583097 1.79695592 0.04511924 1.14468052] -219.85462016326812
[2.97503548 0.4991559  0.48583188 1.79695358 0.0451166  1.14467995] -219.85462160395656
[2.97503752 0.4991567  0.48583085 1.79695567 0.04511738 1.14468236] -219.8546030173481
[2.97503696 0.49915851 0.48583329 1.79695671 0.04512005 1.1446833 ] -219.8545486193558
[2.97503627 0.49915896 0.48583086 1.79695735 0.04511987 1.14468267] -219.85462278329769
[2.97503735 0.49915754 0.48583172 1.79695737 0.0451197  1.14468152] -219.8546219958613
[2.97503745 0.499156   0.48583333 1.79695468 0.04511763 1.14468104] -219.85462856035937
[2.97503657 0.49915822 0.48583148 1.79695668 0.04511931 1.14468226] -219.85462670929553
[2.97503718 0.49915854 0.48583357 1.79695678 0.04511979 1.14468339] -219.85462954365448
[2.97503746 0.49915764 0.48583236 1.79695626 0.04511846 1.14468292] -219.8545987240485
[2.97503693 0.49915811 0.48583242 1.79695638 0.04511939 1.144682  ] -219.8546181582789
[2.97503644 0.49915723 0.48583287 1.79695521 0.04511807 1.14468171] -219.85459868036833
[2.97503737 0.49915806 0.48583279 1.79695711 0.04511962 1.14468249] -219.85460989610178
[2.97503683 0.49915877 0.48583236 1.7969571  0.0451197  1.14468307] -219.85449706307273
[2.97503697 0.49915758 0.48583198 1.79695619 0.04511846 1.14468183] -219.85463099030423
[2.97503713 0.4991583  0.48583317 1.79695663 0.04511946 1.144683  ] -219.85463135702798
[2.97503712 0.49915867 0.48583311 1.79695697 0.04511962 1.14468327] -219.85461191301977
[2.97503692 0.4991579  0.48583336 1.79695603 0.0451188  1.14468259] -219.85460676453698
[2.97503743 0.49915811 0.48583311 1.79695655 0.045119   1.14468319] -219.8546267954336
[2.97503739 0.49915832 0.48583332 1.79695698 0.04511958 1.14468298] -219.85453836945635
[2.97503716 0.49915834 0.48583314 1.79695661 0.04511946 1.14468273] -219.85462600070662
[2.97503729 0.49915856 0.48583372 1.79695681 0.04511967 1.14468343] -219.85460532769778
[2.975037   0.49915868 0.48583373 1.79695687 0.04511989 1.14468296] -219.85461379955186
[2.97503721 0.49915856 0.4858339  1.79695689 0.04511957 1.1446835 ] -219.8546355048595
[2.97503717 0.4991584  0.48583333 1.79695668 0.04511949 1.14468293] -219.85463950627482
[2.97503739 0.49915844 0.48583359 1.79695691 0.04511956 1.14468323] -219.85460176455163
[2.97503734 0.49915857 0.48583379 1.79695683 0.0451196  1.14468345] -219.85463374816797
[2.97503716 0.49915824 0.48583361 1.79695644 0.04511917 1.14468303] -219.85452768043353
[2.97503726 0.49915862 0.48583348 1.79695691 0.04511958 1.14468337] -219.8546366556311
[2.9750372  0.49915863 0.48583379 1.79695686 0.04511971 1.14468322] -219.85462748973987
[2.97503728 0.49915846 0.4858335  1.79695673 0.0451195  1.1446831 ] -219.85463002769424
[2.97503733 0.49915835 0.4858339  1.79695663 0.04511945 1.14468313] -219.85463580001513
[2.97503731 0.49915842 0.48583379 1.7969567  0.04511948 1.14468319] -219.85460755724068
[2.97503724 0.49915835 0.48583359 1.79695666 0.04511938 1.14468296] -219.85460885872686
[2.97503729 0.49915843 0.48583392 1.79695674 0.04511945 1.14468326] -219.85461961097045
[2.9750374  0.49915819 0.48583366 1.79695658 0.04511915 1.14468316] -219.85461344236077
[2.97503735 0.49915831 0.48583345 1.79695664 0.04511931 1.14468308] -219.854621263802
[2.9750373  0.4991584  0.4858338  1.79695672 0.04511941 1.14468322] -219.8546207898298
[2.97503728 0.49915841 0.48583373 1.79695664 0.04511935 1.14468325] -219.85463757939388
[2.9750374  0.49915851 0.48583372 1.79695688 0.04511955 1.14468335] -219.8546140333787
[2.97503736 0.4991585  0.48583383 1.79695677 0.04511951 1.14468333] -219.85460500608036
[2.97503732 0.49915846 0.48583373 1.79695676 0.04511946 1.14468322] -219.85457251666014
[2.9750374  0.49915838 0.48583376 1.79695671 0.04511934 1.14468332] -219.85462869864847
[2.97503734 0.4991585  0.48583389 1.79695679 0.04511949 1.14468337] -219.85462722957425
[2.97503746 0.49915857 0.48583386 1.79695694 0.04511961 1.14468343] -219.85461952194
[2.97503736 0.49915866 0.48583387 1.79695695 0.04511971 1.1446834 ] -219.85461807724474
[2.97503742 0.49915859 0.48583373 1.79695692 0.04511963 1.14468337] -219.85462668837658
[2.9750374  0.49915857 0.48583377 1.79695689 0.0451196  1.14468337] -219.85460003519233
[2.97503728 0.49915852 0.48583373 1.79695675 0.04511951 1.14468328] -219.85461938387002
[2.97503733 0.49915853 0.48583376 1.7969568  0.04511954 1.14468332] -219.8546372011467
[2.97503736 0.49915852 0.48583379 1.7969568  0.0451195  1.14468334] -219.85459894326928
[2.9750374  0.49915857 0.48583382 1.79695687 0.04511957 1.14468342] -219.8545313008442
[2.97503738 0.49915853 0.48583384 1.79695681 0.04511952 1.1446834 ] -219.85460885681934
[2.9750374  0.49915854 0.48583379 1.79695686 0.04511954 1.14468341] -219.85462339154145
[2.97503738 0.49915861 0.48583386 1.7969569  0.04511962 1.14468344] -219.8545521176451
[2.97503743 0.49915857 0.48583386 1.7969569  0.04511957 1.14468345] -219.85462307424763
[2.97503738 0.49915859 0.48583389 1.79695684 0.04511957 1.14468343] -219.85460501186404
[2.97503734 0.49915856 0.48583383 1.79695679 0.04511953 1.14468338] -219.85462209497902
[2.97503736 0.49915856 0.48583383 1.79695682 0.04511954 1.1446834 ] -219.85459036073377
[2.97503738 0.49915861 0.48583384 1.79695688 0.04511959 1.14468343] -219.85461857434245
[2.97503738 0.49915855 0.48583384 1.79695683 0.04511954 1.14468341] -219.85461988227195
[2.9750374  0.49915857 0.48583384 1.79695686 0.04511955 1.14468344] -219.85452220593413
[2.97503739 0.49915859 0.48583386 1.79695687 0.04511958 1.14468345] -219.8546236028431
[2.97503738 0.49915857 0.48583385 1.79695683 0.04511954 1.14468343] -219.85460617933833
[2.97503738 0.49915855 0.48583383 1.79695682 0.04511952 1.14468341] -219.85457533796105
[2.97503739 0.49915858 0.48583387 1.79695685 0.04511955 1.14468345] -219.8546313931382
[2.97503739 0.49915855 0.48583385 1.79695683 0.04511953 1.14468343] -219.85460168768958
[2.97503739 0.49915856 0.48583382 1.79695684 0.04511953 1.14468343] -219.85462083145606
[2.97503739 0.49915853 0.48583382 1.7969568  0.04511949 1.14468342] -219.85457940945068
[2.97503739 0.49915856 0.48583386 1.79695682 0.04511952 1.14468344] -219.8546088327803
[2.97503739 0.49915856 0.48583385 1.79695683 0.04511952 1.14468344] -219.85462088806347
[2.9750374  0.49915857 0.48583385 1.79695685 0.04511954 1.14468346] -219.85460561516305
[2.97503739 0.49915856 0.48583384 1.79695684 0.04511953 1.14468344] -219.85460568901647
[2.97503739 0.49915855 0.48583384 1.79695683 0.04511951 1.14468344] -219.85457825222943
[2.97503739 0.49915856 0.48583385 1.79695684 0.04511953 1.14468345] -219.85460467905415
[2.97503739 0.49915857 0.48583385 1.79695684 0.04511954 1.14468345] -219.85455785760294
[2.97503739 0.49915857 0.48583384 1.79695684 0.04511954 1.14468345] -219.85460981126363
[2.97503739 0.49915857 0.48583386 1.79695683 0.04511953 1.14468345] -219.85461994938157
[2.97503739 0.49915857 0.48583384 1.79695684 0.04511953 1.14468345] -219.85460800716868
[2.97503739 0.49915857 0.48583385 1.79695684 0.04511953 1.14468345] -219.85460389458405
[2.9750374  0.49915857 0.48583386 1.79695684 0.04511954 1.14468347] -219.8546200592566
[2.97503739 0.49915856 0.48583385 1.79695684 0.04511953 1.14468345] -219.8546048644228
[2.97503739 0.49915856 0.48583385 1.79695682 0.04511952 1.14468345] -219.85461824151656
[2.9750374  0.49915857 0.48583385 1.79695684 0.04511954 1.14468345] -219.85462340098212
[2.97503739 0.49915857 0.48583386 1.79695684 0.04511954 1.14468346] -219.85463459137574
[2.9750374  0.49915856 0.48583385 1.79695684 0.04511953 1.14468346] -219.85460616185497
[2.9750374  0.49915857 0.48583386 1.79695684 0.04511953 1.14468346] -219.8546026811094
[2.9750374  0.49915857 0.48583386 1.79695684 0.04511954 1.14468346] -219.85461681907003
[2.97503739 0.49915857 0.48583385 1.79695684 0.04511953 1.14468346] -219.85461319484617
[2.9750374  0.49915857 0.48583385 1.79695685 0.04511954 1.14468346] -219.85453543672932
[2.9750374  0.49915857 0.48583385 1.79695684 0.04511953 1.14468346] -219.85459630627523
[2.9750374  0.49915857 0.48583385 1.79695684 0.04511953 1.14468346] -219.85461583101232
[2.9750374  0.49915857 0.48583385 1.79695684 0.04511953 1.14468346] -219.8546282624732
[2.9750374  0.49915857 0.48583386 1.79695685 0.04511954 1.14468347] -219.85460347970752
[2.9750374  0.49915857 0.48583386 1.79695684 0.04511953 1.14468347] -219.85459386744213
[2.9750374  0.49915857 0.48583386 1.79695684 0.04511954 1.14468347] -219.85461874575685
[2.9750374  0.49915857 0.48583385 1.79695684 0.04511953 1.14468346] -219.85458540363078
[2.9750374  0.49915857 0.48583386 1.79695684 0.04511954 1.14468346] -219.85462686123623
[2.9750374  0.49915857 0.48583386 1.79695684 0.04511954 1.14468346] -219.85462062771262
[2.9750374  0.49915857 0.48583386 1.79695685 0.04511954 1.14468347] -219.8545667869062
[2.9750374  0.49915857 0.48583386 1.79695685 0.04511953 1.14468347] -219.8546155865658
[2.9750374  0.49915857 0.48583385 1.79695685 0.04511953 1.14468347] -219.8546191076697
[2.9750374  0.49915857 0.48583386 1.79695684 0.04511954 1.14468347] -219.854617576106
[2.9750374  0.49915857 0.48583386 1.79695685 0.04511953 1.14468347] -219.85462208067523
[2.9750374  0.49915857 0.48583386 1.79695684 0.04511954 1.14468347] -219.85462827238695
[2.9750374  0.49915857 0.48583386 1.79695685 0.04511954 1.14468347] -219.85460533322453
[2.9750374  0.49915857 0.48583386 1.79695684 0.04511953 1.14468347] -219.85459385115962
[2.9750374  0.49915857 0.48583386 1.79695685 0.04511954 1.14468347] -219.85460374658302
[2.9750374  0.49915857 0.48583386 1.79695685 0.04511954 1.14468347] -219.8546087912007
[2.9750374  0.49915857 0.48583386 1.79695685 0.04511954 1.14468347] -219.85462810810915
[2.9750374  0.49915857 0.48583386 1.79695685 0.04511954 1.14468347] -219.85459201266735
[2.9750374  0.49915857 0.48583386 1.79695685 0.04511954 1.14468347] -219.85460823654816
[2.9750374  0.49915857 0.48583386 1.79695684 0.04511953 1.14468347] -219.85462809915188
[2.9750374  0.49915857 0.48583386 1.79695685 0.04511954 1.14468347] -219.85460274119328
[2.9750374  0.49915857 0.48583386 1.79695685 0.04511954 1.14468347] -219.8545123962556
[2.9750374  0.49915857 0.48583386 1.79695685 0.04511954 1.14468347] -219.85461172682164
[2.9750374  0.49915857 0.48583386 1.79695685 0.04511954 1.14468347] -219.85462001072992
[2.9750374  0.49915857 0.48583386 1.79695685 0.04511954 1.14468347] -219.85461567689768
[2.9750374  0.49915857 0.48583386 1.79695685 0.04511954 1.14468347] -219.8546285442683
[2.9750374  0.49915857 0.48583386 1.79695685 0.04511954 1.14468347] -219.85460006147952
[2.9750374  0.49915857 0.48583386 1.79695685 0.04511954 1.14468347] -219.85462360323032
[2.9750374  0.49915857 0.48583386 1.79695685 0.04511954 1.14468347] -219.85460843941334
[2.9750374  0.49915857 0.48583386 1.79695685 0.04511954 1.14468347] -219.8545937749147
[2.9750374  0.49915857 0.48583386 1.79695685 0.04511954 1.14468347] -219.85457439799828
[2.9750374  0.49915857 0.48583386 1.79695685 0.04511954 1.14468347] -219.85462028256097
[2.9750374  0.49915857 0.48583386 1.79695685 0.04511954 1.14468347] -219.85461934108417
[2.9750374  0.49915857 0.48583386 1.79695685 0.04511954 1.14468347] -219.8545490278546
[2.9750374  0.49915857 0.48583386 1.79695685 0.04511954 1.14468347] -219.85462755616524
[2.9750374  0.49915857 0.48583386 1.79695685 0.04511954 1.14468347] -219.8546104335399
[2.9750374  0.49915857 0.48583386 1.79695685 0.04511954 1.14468347] -219.85462964105687
[2.9750374  0.49915857 0.48583386 1.79695685 0.04511954 1.14468347] -219.85463298325294
[2.9750374  0.49915857 0.48583386 1.79695685 0.04511954 1.14468347] -219.85460759219686
[2.9750374  0.49915857 0.48583386 1.79695685 0.04511954 1.14468347] -219.8546284280019
[2.9750374  0.49915857 0.48583386 1.79695685 0.04511954 1.14468347] -219.854634964295
[2.9750374  0.49915857 0.48583386 1.79695685 0.04511954 1.14468347] -219.85460615334156
[2.9750374  0.49915857 0.48583386 1.79695685 0.04511954 1.14468347] -219.8546158259669
[2.9750374  0.49915857 0.48583386 1.79695685 0.04511954 1.14468347] -219.85460616549182
[2.9750374  0.49915857 0.48583386 1.79695685 0.04511954 1.14468347] -219.85462855071324
[2.9750374  0.49915857 0.48583386 1.79695685 0.04511954 1.14468347] -219.85450227635138
[2.9750374  0.49915857 0.48583386 1.79695685 0.04511954 1.14468347] -219.85463171375412
[2.9750374  0.49915857 0.48583386 1.79695685 0.04511954 1.14468347] -219.85461041273257
[2.9750374  0.49915857 0.48583386 1.79695685 0.04511954 1.14468347] -219.85461034797328
[2.9750374  0.49915857 0.48583386 1.79695685 0.04511954 1.14468347] -219.85460636880856
[2.9750374  0.49915857 0.48583386 1.79695685 0.04511954 1.14468347] -219.85461636128232
[2.9750374  0.49915857 0.48583386 1.79695685 0.04511954 1.14468347] -219.85461289636865
[2.9750374  0.49915857 0.48583386 1.79695685 0.04511954 1.14468347] -219.85461654931007
[2.9750374  0.49915857 0.48583386 1.79695685 0.04511954 1.14468347] -219.854605427704
[2.9750374  0.49915857 0.48583386 1.79695685 0.04511954 1.14468347] -219.8546333686264
[2.9750374  0.49915857 0.48583386 1.79695685 0.04511954 1.14468347] -219.8546200811071
[2.9750374  0.49915857 0.48583386 1.79695685 0.04511954 1.14468347] -219.85462793855376
[2.9750374  0.49915857 0.48583386 1.79695685 0.04511954 1.14468347] -219.85460188930745
[2.9750374  0.49915857 0.48583386 1.79695685 0.04511954 1.14468347] -219.854627101011
[2.9750374  0.49915857 0.48583386 1.79695685 0.04511954 1.14468347] -219.85460482628798
[2.9750374  0.49915857 0.48583386 1.79695685 0.04511954 1.14468347] -219.854635781948
[2.9750374  0.49915857 0.48583386 1.79695685 0.04511954 1.14468347] -219.8546266113675
[2.9750374  0.49915857 0.48583386 1.79695685 0.04511954 1.14468347] -219.8546083650896
[2.9750374  0.49915857 0.48583386 1.79695685 0.04511954 1.14468347] -219.85461994257855
[2.9750374  0.49915857 0.48583386 1.79695685 0.04511954 1.14468347] -219.85461046531623
[2.9750374  0.49915857 0.48583386 1.79695685 0.04511954 1.14468347] -219.8546267940696
[2.9750374  0.49915857 0.48583386 1.79695685 0.04511954 1.14468347] -219.85458877589755
[2.9750374  0.49915857 0.48583386 1.79695685 0.04511954 1.14468347] -219.8546252207112
[2.9750374  0.49915857 0.48583386 1.79695685 0.04511954 1.14468347] -219.85460593317663
[2.9750374  0.49915857 0.48583386 1.79695685 0.04511954 1.14468347] -219.85460635641587
[2.9750374  0.49915857 0.48583386 1.79695685 0.04511954 1.14468347] -219.85461888618238
[2.9750374  0.49915857 0.48583386 1.79695685 0.04511954 1.14468347] -219.8546102555125
[2.9750374  0.49915857 0.48583386 1.79695685 0.04511954 1.14468347] -219.85461528544565
[2.9750374  0.49915857 0.48583386 1.79695685 0.04511954 1.14468347] -219.85463200471523
[2.9750374  0.49915857 0.48583386 1.79695685 0.04511954 1.14468347] -219.8546300498639
[2.9750374  0.49915857 0.48583386 1.79695685 0.04511954 1.14468347] -219.85462662627884
[2.9750374  0.49915857 0.48583386 1.79695685 0.04511954 1.14468347] -219.85461894600138
[2.9750374  0.49915857 0.48583386 1.79695685 0.04511954 1.14468347] -219.85460171469853
[2.9750374  0.49915857 0.48583386 1.79695685 0.04511954 1.14468347] -219.8546032336159
[2.9750374  0.49915857 0.48583386 1.79695685 0.04511954 1.14468347] -219.85460326585974
[2.9750374  0.49915857 0.48583386 1.79695685 0.04511954 1.14468347] -219.85449611434584
[2.9750374  0.49915857 0.48583386 1.79695685 0.04511954 1.14468347] -219.8546242017081
[2.9750374  0.49915857 0.48583386 1.79695685 0.04511954 1.14468347] -219.8546353538955
[2.9750374  0.49915857 0.48583386 1.79695685 0.04511954 1.14468347] -219.85462176307476
[2.9750374  0.49915857 0.48583386 1.79695685 0.04511954 1.14468347] -219.8546117837377
[2.9750374  0.49915857 0.48583386 1.79695685 0.04511954 1.14468347] -219.85460041529666
[2.9750374  0.49915857 0.48583386 1.79695685 0.04511954 1.14468347] -219.85462504310854
[2.9750374  0.49915857 0.48583386 1.79695685 0.04511954 1.14468347] -219.85451075296362
[2.9750374  0.49915857 0.48583386 1.79695685 0.04511954 1.14468347] -219.85462732150165
[2.9750374  0.49915857 0.48583386 1.79695685 0.04511954 1.14468347] -219.854598018006
[2.9750374  0.49915857 0.48583386 1.79695685 0.04511954 1.14468347] -219.85463750872444
[2.9750374  0.49915857 0.48583386 1.79695685 0.04511954 1.14468347] -219.85460574974292
[2.9750374  0.49915857 0.48583386 1.79695685 0.04511954 1.14468347] -219.85458073678336
[2.9750374  0.49915857 0.48583386 1.79695685 0.04511954 1.14468347] -219.85461105794107
[2.9750374  0.49915857 0.48583386 1.79695685 0.04511954 1.14468347] -219.85462741292562
[2.9750374  0.49915857 0.48583386 1.79695685 0.04511954 1.14468347] -219.85456296100935
[2.9750374  0.49915857 0.48583386 1.79695685 0.04511954 1.14468347] -219.85461860006498
[2.9750374  0.49915857 0.48583386 1.79695685 0.04511954 1.14468347] -219.85460542430383
[2.9750374  0.49915857 0.48583386 1.79695685 0.04511954 1.14468347] -219.8546346747722
[2.9750374  0.49915857 0.48583386 1.79695685 0.04511954 1.14468347] -219.85461110913886
[2.9750374  0.49915857 0.48583386 1.79695685 0.04511954 1.14468347] -219.85460830530798
[2.9750374  0.49915857 0.48583386 1.79695685 0.04511954 1.14468347] -219.85461178895025
[2.9750374  0.49915857 0.48583386 1.79695685 0.04511954 1.14468347] -219.85462338278325
[2.9750374  0.49915857 0.48583386 1.79695685 0.04511954 1.14468347] -219.85451426769387
[2.9750374  0.49915857 0.48583386 1.79695685 0.04511954 1.14468347] -219.8546262876458
[2.9750374  0.49915857 0.48583386 1.79695685 0.04511954 1.14468347] -219.85448682515667
[2.9750374  0.49915857 0.48583386 1.79695685 0.04511954 1.14468347] -219.8546040951795
[2.9750374  0.49915857 0.48583386 1.79695685 0.04511954 1.14468347] -219.85456779743018
[2.9750374  0.49915857 0.48583386 1.79695685 0.04511954 1.14468347] -219.85461608047535
[2.9750374  0.49915857 0.48583386 1.79695685 0.04511954 1.14468347] -219.85461785081623
[2.9750374  0.49915857 0.48583386 1.79695685 0.04511954 1.14468347] -219.8546102954598
[2.9750374  0.49915857 0.48583386 1.79695685 0.04511954 1.14468347] -219.85463613641994
[2.9750374  0.49915857 0.48583386 1.79695685 0.04511954 1.14468347] -219.85461296575073
[2.9750374  0.49915857 0.48583386 1.79695685 0.04511954 1.14468347] -219.85460667841917
[2.9750374  0.49915857 0.48583386 1.79695685 0.04511954 1.14468347] -219.8545974370712
[2.9750374  0.49915857 0.48583386 1.79695685 0.04511954 1.14468347] -219.85461376169854
[2.9750374  0.49915857 0.48583386 1.79695685 0.04511954 1.14468347] -219.85461958926678
[2.9750374  0.49915857 0.48583386 1.79695685 0.04511954 1.14468347] -219.8546057476778
[2.9750374  0.49915857 0.48583386 1.79695685 0.04511954 1.14468347] -219.85460393544977
[2.9750374  0.49915857 0.48583386 1.79695685 0.04511954 1.14468347] -219.85458755312115
[2.9750374  0.49915857 0.48583386 1.79695685 0.04511954 1.14468347] -219.85460595032563
[2.9750374  0.49915857 0.48583386 1.79695685 0.04511954 1.14468347] -219.8544929190388
[2.9750374  0.49915857 0.48583386 1.79695685 0.04511954 1.14468347] -219.85449284158202
[2.9750374  0.49915857 0.48583386 1.79695685 0.04511954 1.14468347] -219.85461033661062
[2.9750374  0.49915857 0.48583386 1.79695685 0.04511954 1.14468347] -219.8546006434573
[2.9750374  0.49915857 0.48583386 1.79695685 0.04511954 1.14468347] -219.85462903541463
[2.9750374  0.49915857 0.48583386 1.79695685 0.04511954 1.14468347] -219.85454578083994
[2.9750374  0.49915857 0.48583386 1.79695685 0.04511954 1.14468347] -219.85463535680748
[2.9750374  0.49915857 0.48583386 1.79695685 0.04511954 1.14468347] -219.85460259000243
[2.9750374  0.49915857 0.48583386 1.79695685 0.04511954 1.14468347] -219.8546293740605
[2.9750374  0.49915857 0.48583386 1.79695685 0.04511954 1.14468347] -219.85462807808437
[2.9750374  0.49915857 0.48583386 1.79695685 0.04511954 1.14468347] -219.85461322964164
[2.9750374  0.49915857 0.48583386 1.79695685 0.04511954 1.14468347] -219.85451913029942
[2.9750374  0.49915857 0.48583386 1.79695685 0.04511954 1.14468347] -219.85459204407059
[2.9750374  0.49915857 0.48583386 1.79695685 0.04511954 1.14468347] -219.85460643113117
[2.9750374  0.49915857 0.48583386 1.79695685 0.04511954 1.14468347] -219.8546243350622
[2.9750374  0.49915857 0.48583386 1.79695685 0.04511954 1.14468347] -219.854602373697
[2.9750374  0.49915857 0.48583386 1.79695685 0.04511954 1.14468347] -219.85454487400466
[2.9750374  0.49915857 0.48583386 1.79695685 0.04511954 1.14468347] -219.85462744049985
[2.9750374  0.49915857 0.48583386 1.79695685 0.04511954 1.14468347] -219.85453177397645
[2.9750374  0.49915857 0.48583386 1.79695685 0.04511954 1.14468347] -219.85462788421142
[2.9750374  0.49915857 0.48583386 1.79695685 0.04511954 1.14468347] -219.85460246433578
[2.9750374  0.49915857 0.48583386 1.79695685 0.04511954 1.14468347] -219.8545507103309
[2.9750374  0.49915857 0.48583386 1.79695685 0.04511954 1.14468347] -219.8546353721279
[2.9750374  0.49915857 0.48583386 1.79695685 0.04511954 1.14468347] -219.85458248381445
[2.9750374  0.49915857 0.48583386 1.79695685 0.04511954 1.14468347] -219.8546270906542
[2.9750374  0.49915857 0.48583386 1.79695685 0.04511954 1.14468347] -219.854606431237
[2.9750374  0.49915857 0.48583386 1.79695685 0.04511954 1.14468347] -219.85458955728748
[2.9750374  0.49915857 0.48583386 1.79695685 0.04511954 1.14468347] -219.8546204019302
[2.9750374  0.49915857 0.48583386 1.79695685 0.04511954 1.14468347] -219.85459864499717
[2.9750374  0.49915857 0.48583386 1.79695685 0.04511954 1.14468347] -219.85462386372228
[2.9750374  0.49915857 0.48583386 1.79695685 0.04511954 1.14468347] -219.85460064211878
[2.9750374  0.49915857 0.48583386 1.79695685 0.04511954 1.14468347] -219.8545141549006
[2.9750374  0.49915857 0.48583386 1.79695685 0.04511954 1.14468347] -219.85461280161326
[2.9750374  0.49915857 0.48583386 1.79695685 0.04511954 1.14468347] -219.85460518735565
[2.9750374  0.49915857 0.48583386 1.79695685 0.04511954 1.14468347] -219.85457023742413
[2.9750374  0.49915857 0.48583386 1.79695685 0.04511954 1.14468347] -219.85460070431955
[2.9750374  0.49915857 0.48583386 1.79695685 0.04511954 1.14468347] -219.85452755732888
[2.9750374  0.49915857 0.48583386 1.79695685 0.04511954 1.14468347] -219.85461841960486
[2.9750374  0.49915857 0.48583386 1.79695685 0.04511954 1.14468347] -219.8546238637188
[2.9750374  0.49915857 0.48583386 1.79695685 0.04511954 1.14468347] -219.85460087107558
[2.9750374  0.49915857 0.48583386 1.79695685 0.04511954 1.14468347] -219.854549176208
[2.9750374  0.49915857 0.48583386 1.79695685 0.04511954 1.14468347] -219.85460810382105
[2.9750374  0.49915857 0.48583386 1.79695685 0.04511954 1.14468347] -219.85462640121915
[2.9750374  0.49915857 0.48583386 1.79695685 0.04511954 1.14468347] -219.8545648760742
[2.9750374  0.49915857 0.48583386 1.79695685 0.04511954 1.14468347] -219.85461160002816
[2.9750374  0.49915857 0.48583386 1.79695685 0.04511954 1.14468347] -219.85458375914578
[2.9750374  0.49915857 0.48583386 1.79695685 0.04511954 1.14468347] -219.85458375914203
[2.9750374  0.49915857 0.48583386 1.79695685 0.04511954 1.14468347] -219.854628500451
[2.9750374  0.49915857 0.48583386 1.79695685 0.04511954 1.14468347] -219.85460494929794
[2.9750374  0.49915857 0.48583386 1.79695685 0.04511954 1.14468347] -219.8545819036607
[2.9750374  0.49915857 0.48583386 1.79695685 0.04511954 1.14468347] -219.8546201822082
[2.9750374  0.49915857 0.48583386 1.79695685 0.04511954 1.14468347] -219.85458554463233
