[-0.21014954 -1.27210186 -0.38421622  0.91871347 -0.67215911  0.82220814] -307.69070446277664
[ 0.8144038   1.85242996  1.09775504  0.0230992  -1.02163318  0.45265103] -308.9892964900379
[ 1.06916228 -0.46548171 -0.22192894  0.66560321  0.79580525 -2.11485057] -280.21654297647683
[-0.09235033  0.61281927  0.04419165  1.59389734 -0.12821913  0.19747981] -305.8407205885353
[-0.06631722  1.00340867  0.97738815 -0.3001503   1.09904067  0.15547571] -280.29358797062093
[ 0.23315659  0.52440445 -1.54746784  1.05694781  0.23563107  0.28111816] -290.5981421354156
[ 0.72193106 -0.23227294  1.5028244  -1.34488385 -1.13816956 -1.58733159] -326.7926283430443
[-0.13929587  0.9840992  -1.51425046  2.66425409  1.24099142  1.51869235] -301.72950573541146
[-0.5496685  -1.39004729 -1.97984959  2.17665601  1.87866324 -0.16594317] -292.5755096859093
[ 0.36171185  1.69516939 -1.02975612  1.70035592  2.37946328 -0.86488404] -284.4009090070236
[ 0.39526671  0.17103163 -1.81614658  1.06065825  2.67141744 -0.594277  ] -280.5015204517424
[ 0.62039977 -0.47127082 -0.35833652 -0.54423046  1.77901556 -2.61981266] -276.3974646752933
[ 1.00024759 -1.19895583  0.21962045 -2.14847274  2.04802764 -4.68906516] -290.5922407561751
[ 1.42079516  2.20913449  0.64776697 -0.96359453  1.10812785 -1.75313364] -275.03687381851694
[ 2.40602699  4.00872539  1.96157526 -2.5337198   0.72286016 -2.54672887] -289.4182331517467
[ 1.03384959  0.85625944  0.94713016 -0.51740045  3.04199228 -2.87827889] -280.4487460122831
[ 1.12934024 -0.59414216  1.08838054 -1.90006068  1.11900308 -2.40340831] -282.82782958384723
[ 0.93743314 -0.02181427  0.55884637 -0.99995653  1.43411813 -2.01877724] -274.48231439327355
[ 1.27650753  0.86571364  2.66643531 -1.9472346   0.41461581 -3.14884876] -296.51577649994357
[ 0.61557691  0.34470213 -0.69550111  0.30868503  2.10721703 -1.23291994] -274.048723023024
[ 0.49850042  0.00996673 -0.64438518 -0.09381407 -0.26755078 -0.31639389] -292.39321576652884
[ 0.9000123   0.64468626  0.54925132 -0.41150386  2.21460652 -2.23780764] -273.8753191982336
[ 1.92077708 -0.25675665 -0.81735545 -0.34818208  2.04725611 -4.1479096 ] -278.39784961277013
[ 1.06916918  1.28170876  0.18348614 -1.65186402  2.76764182 -2.55526967] -279.5150039303844
[ 1.06916745  0.84491114  0.08213237 -1.07249721  2.27468268 -2.44516489] -274.69560784570217
[-0.0663155   1.44020629  1.07874192 -0.8795171   1.59199981  0.04537093] -278.98365423445637
[ 1.42400393  0.16748409 -0.34333111 -0.48101584  1.93344204 -3.09958947] -274.1686386107374
[ 1.50192986  1.86763877  0.62472479 -0.66239718  1.91171585 -1.64265162] -271.07551522426576
[ 1.94269491  3.03709356  1.11625545 -0.72148054  1.97806599 -1.15407109] -271.87107501888966
[ 0.72857938 -0.92659845 -0.38905943 -0.142634    2.85046622 -2.4725033 ] -279.51371103978374
[ 1.24774121  1.42520126  0.38856037 -0.7583544   1.54371245 -1.93297605] -272.49015620361877
[ 1.13973167  0.63105493  0.27871785  0.07098295  1.44025466 -1.60974243] -271.95084029907684
[ 1.33889882  1.71540342 -0.29137233  0.3554221   2.28286472 -1.89978514] -272.71348232159994
[ 0.82395966  2.04207817  0.62812474  0.11529406  1.90001504 -0.41903814] -274.3601131473385
[ 1.27399286  0.63613261 -0.10046714 -0.33193836  1.92508529 -2.42945164] -272.2392319778445
[ 1.85185866  1.96200362  1.17863939 -0.88794795  1.66552946 -2.68455156] -273.59681350930504
[ 1.8847054   2.10112528  0.14368299 -0.32657376  1.37511429 -1.8285785 ] -271.7805633458377
[ 0.94380795  0.8301818  -0.83069055  0.33699507  1.82738629 -1.09651023] -272.124850826983
[ 1.32507083  0.78170813  0.45954843 -0.91251733  1.05822489 -1.61351835] -273.6906422559316
[ 1.33544182  1.4819796  -0.10364214  0.03843724  1.97670476 -1.82821844] -271.44260658712705
[ 1.44546198  1.09083641 -0.38445178  0.46685639  1.94170793 -1.54540823] -270.3989515805687
[ 1.54432236  0.92365398 -0.77095785  1.07946178  2.14070568 -1.35162432] -270.8922118920192
[ 1.47636669  2.03147299  0.0099142   0.30670527  1.56587598 -0.75425151] -271.1273685740544
[ 1.98407119  2.23785419  1.02033919 -0.37232476  1.57640487 -1.97310668] -271.548043860833
[ 2.06959398  2.9725808   0.1581379  -0.25408189  2.0089199  -1.5809959 ] -271.40381510693095
[ 1.38624978  1.79299564  0.29799107  0.16763878  2.2853288  -1.27963229] -271.4692395832408
[ 1.08761018  1.50798055 -0.81944784  0.39337763  2.32034621 -0.90394599] -273.01287644830023
[ 1.75995594  2.05538578  0.56039243 -0.18089916  1.7623902  -1.70581651] -270.54725019616666
[ 1.81000031  2.04030247 -0.0096326  -0.26276522  1.4371094  -1.73948178] -271.397932285962
[ 2.01899443  2.53742614  0.42333712 -0.23396451  1.56586833 -1.16131674] -270.1555916376295
[ 2.36077074  3.06514942  0.68682675 -0.37016539  1.36045011 -0.82786589] -270.98822179610113
[ 1.26797576  0.90177338  0.24995682  0.06526041  1.38596933 -1.26864623] -271.08619386701844
[ 1.34689457  1.45454201  0.50425713  0.18328563  1.94073314 -0.95321517] -270.1044984945674
[ 1.11534171  1.16166178  0.76120199  0.40631105  2.192545   -0.56008186] -271.53616255196863
[ 1.63737082  1.27106118  0.64949131 -0.42732475  1.93691895 -2.00476665] -270.3226698377925
[ 1.96889344  2.52385672  0.54262685 -0.35007495  2.30047547 -1.73574541] -271.442307912012
[ 1.44320518  1.30729421  0.32312433 -0.03857343  1.61459586 -1.38542102] -270.1240195986428
[ 1.71536444  1.37120981  0.06732539  0.5855239   1.67568895 -1.27599649] -269.8902588893186
[ 1.82208174  1.12299533 -0.21137432  1.20948445  1.55767551 -1.09266893] -271.93813712612
[ 1.44247454  0.95540414 -0.03269793  0.35950024  1.79611419 -1.06955826] -269.2628371383163
[ 1.28373383  0.40541332 -0.32924312  0.62969994  1.81297618 -0.75142914] -269.6056512069069
[ 1.75597269  1.87480943  1.02939756 -0.32404069  1.56826521 -1.07134988] -269.58121783253586
[ 1.6035978   1.89583407  0.12208989  0.60456846  1.45016961 -0.30085254] -271.0182119076483
[ 1.62892757  1.4272544   0.51764095 -0.16935145  1.81523161 -1.57878812] -269.55873294716963
[ 1.0919519   0.25941186  0.37967868  0.43274591  1.90434133 -1.28345957] -270.755628025918
[ 1.7872338   1.96792257  0.41242251 -0.06728691  1.65048658 -1.19185245] -269.5120037620692
[ 1.78241736  1.70975324  0.50965754  0.22778367  1.86757736 -0.99483244] -268.68900648739634
[ 1.95202344  1.91098275  0.60292415  0.36096222  1.99406811 -0.79953814] -268.33333099033763
[ 2.08043758  1.71465235  0.36141375  0.06515015  1.55921841 -1.37581261] -268.94337411721165
[ 1.83365876  1.91246541  0.89637494 -0.51054605  1.78543908 -1.08630333] -269.07013999376807
[ 1.81894587  1.42141778 -0.1100381   0.33685009  1.96525412 -1.29593443] -268.62847380372887
[ 2.00933043  1.86702727  0.19249215  0.35089469  1.76829521 -0.69421162] -268.07722395754377
[ 2.19953187  2.08691371  0.02991775  0.61101776  1.74482701 -0.25192337] -268.1480388172804
[ 1.92505641  1.29272733  0.22440047  0.38822402  1.97230979 -0.91526702] -267.48524581895924
[ 1.99396772  0.95512971  0.13038945  0.61597948  2.1332214  -0.7769743 ] -266.99874585514397
[ 2.45364673  2.30515429  0.72388338  0.04692995  1.93905126 -0.94003322] -267.75284615368054
[ 2.26912517  1.47898931 -0.26268668  1.10280158  2.00093042 -0.87453144] -268.3617442534491
[ 2.08524221  1.59824802  0.06424103  0.87298919  2.37438843 -0.41792843] -267.8260144524718
[ 2.43549936  1.950426    0.59378593  0.78000228  2.10473082 -0.20513796] -266.8924448235261
[2.7437761  2.21493011 0.94569794 1.00157837 2.17446918 0.34026028] -267.0308463485786
[ 2.04077813  2.05000004  1.03192538 -0.09354897  2.10365465 -0.40340978] -268.2870638630316
[ 2.38746475  1.66434569  0.30931496  0.49678666  2.14704582 -0.34636029] -266.32937526268285
[ 2.60518541  1.54102716  0.16251037  0.56469888  2.22353468 -0.11977137] -265.79603399701523
[ 2.48684582  1.35567078 -0.40949128  1.1707138   2.07741928 -0.64794252] -267.4762353305036
[ 2.67746532  1.36819138  0.22928081  0.99954316  2.51582008 -0.34171764] -266.04385993129335
[ 2.79896125  1.56028509  0.41254519  0.51963332  1.95687075 -0.59259723] -265.7598183509751
[ 3.15582077  1.54130362  0.58669726  0.34295539  1.7481119  -0.67993163] -266.1111947860873
[ 2.54566156  0.60508909 -0.35087656  1.50326035  2.39814775  0.04531954] -266.31477736267874
[ 2.53206771  1.3043787   0.80203634  0.49032536  2.36668921 -0.0156838 ] -266.02425275174204
[3.20431248 1.82133609 0.48603791 1.00317497 2.38870969 0.36711148] -265.43031719867156
[3.80948486 2.25443928 0.66386213 1.19677272 2.51645384 0.93915437] -266.3505534195657
[ 3.01905188  0.78300983 -0.01327458  0.91354307  2.51185989 -0.01397505] -265.5131454506201
[ 3.06668646  2.18765366  1.0439219  -0.00628743  2.25634702 -0.28419742] -266.7215385803947
[ 2.67591778e+00  1.00073023e+00 -2.17694237e-03  1.12587341e+00
  2.36269756e+00 -3.70596954e-02] -265.54180357045635
[2.93436685 1.30206431 0.38661195 0.53953984 2.08763385 0.20439242] -264.88528378132276
[3.06281762 1.26900078 0.46527752 0.30953818 1.87354073 0.47744745] -264.88939740194604
[ 3.21386417  1.36510554 -0.32461837  1.06516247  2.14374626 -0.04828268] -265.97795896552225
[ 3.04341506  1.34992383 -0.0429547   0.92145319  2.199482   -0.04013296] -265.345001909751
[3.28682303 1.06475597 0.24641924 1.10970706 2.27888324 0.08235102] -264.9295431754435
[ 3.25566778  0.88032167 -0.05899089  1.35146386  2.65288467  0.78015964] -265.6123877461834
[3.14149115 1.05031252 0.05889313 1.14350623 2.47888119 0.43697042] -265.16559868317324
[3.53390236 1.45640395 0.37608793 0.75110138 2.28578572 0.38263214] -265.1554891447635
[3.3623851  1.89858906 0.51697306 0.90928448 2.06126533 0.49174989] -265.6291816070128
[3.10488518 1.06190464 0.11928733 0.91247843 2.39921125 0.11245618] -265.0868499903608
[ 3.14398206  0.60711899 -0.10458961  0.78942041  2.18791606  0.02577826] -265.16106698997976
[3.33840182 0.83092963 0.40385802 0.82713126 2.37328843 0.45499311] -264.9085001184237
[ 3.30596262  1.05741331  0.41699849  0.4996199   2.05869166 -0.01610271] -264.9113698501825
[3.35746523 1.65070495 0.75434393 0.75710555 2.306582   0.38112913] -265.0133146209322
[2.90873255 0.86618698 0.39975173 0.79742596 2.21564442 0.02377425] -264.70579604050045
[ 2.59614764  0.5710785   0.41158363  0.82058825  2.18057378 -0.1556547 ] -264.9783728309673
[3.27236552 1.19544708 0.75004045 0.5976981  2.04102995 0.26438956] -264.596975023153
[3.35610568 1.26221831 1.06541701 0.44030793 1.8619393  0.34035624] -264.77771084379947
[ 2.9914189   0.45489415  0.11354936  0.69993516  2.04514186 -0.04319658] -264.8614310483162
[2.96359306 0.83755586 0.57718409 0.21074301 1.99492682 0.21373233] -264.9183859378844
[3.04440055 0.89435588 0.49449288 0.43548402 2.06591593 0.180887  ] -264.72166172311825
[2.85726611 0.79054604 0.43243631 0.79945155 2.21752648 0.37784929] -264.7026203365021
[ 2.66444834  1.00356852  0.45510287  0.46271362  1.85100906 -0.11896113] -264.9799775412553
[3.16991345 0.87408935 0.41666923 0.73602685 2.24271859 0.31150455] -264.683059190187
[3.14699884 0.38977552 0.48236804 0.8158007  2.18835856 0.1673436 ] -264.56285651880233
[ 3.25331483 -0.06636888  0.53024608  0.95393113  2.23872092  0.14881919] -264.8123765212992
[3.14180677 1.21523947 0.87837018 0.69402724 2.27858945 0.48511266] -264.74130933254037
[3.1042098  1.02515314 0.68716498 0.69550422 2.22022755 0.35303535] -264.58462077292916
[3.10876153 0.81937682 0.5616507  1.04515177 2.30925259 0.31841186] -264.5190078784024
[3.14094203 0.78188729 0.59522961 1.34998564 2.43092093 0.3871743 ] -264.70204371677966
[3.31110587 0.83194233 0.71035817 0.7657851  2.19072682 0.57373716] -264.49118356899885
[3.51229253 0.81482001 0.8656614  0.74996466 2.17826802 0.84871861] -264.66084420851735
[3.51385223 0.92138205 0.77031422 0.75253736 2.17991154 0.28495807] -264.5965761852554
[3.31585115 0.85360296 0.90396295 0.82146557 2.13378375 0.34245398] -264.3496974802752
[3.38882    0.84335976 1.14760981 0.86418493 2.07931633 0.3579287 ] -264.37685504655406
[3.22789429 0.41829719 0.62189923 1.03438347 2.36639032 0.41559045] -264.5555430434359
[2.89108826 0.52466728 0.55215381 0.97349291 2.28966833 0.43856607] -264.6407696272103
[3.35816124 0.82220335 0.71577411 0.80777625 2.20735074 0.32336007] -264.462534591568
[3.38538117 0.35324625 0.64483942 1.06795007 2.24506004 0.36059702] -264.4779683853323
[3.42205291 0.97644745 0.9037935  1.03170337 2.29582953 0.61070658] -264.45385478863733
[3.405877   1.13397587 0.85822705 0.81222723 2.0942775  0.42749844] -264.52396461746446
[3.36138132 0.9550562  0.7991451  0.86776629 2.1623057  0.42452144] -264.4129848507299
[3.60921635 0.77812269 0.99764039 0.74233045 2.10243293 0.56004689] -264.5930566969234
[3.23387524 0.80906329 0.67064812 0.96944644 2.25754768 0.37882062] -264.4110856140051
[3.38112847 0.75793084 0.83569623 1.08958424 2.24323233 0.23974942] -264.41961082214743
[3.30543561 1.37152178 0.96483391 0.79463065 2.18828987 0.41260701] -264.641739152069
[3.36539478 0.60781513 0.72483805 0.99962021 2.2308675  0.37359952] -264.38535675331974
[3.33506672 0.83110194 0.89692053 1.11875246 2.23383809 0.46659045] -264.4009892536049
[3.24217965 0.62840933 0.70661016 0.9238417  2.12469549 0.13120523] -264.39376406915613
[3.23678781 0.80375212 0.73167874 0.81071332 2.13778041 0.465981  ] -264.3682069375905
[3.21500379 0.55619206 0.74574109 1.0135136  2.21053193 0.29502883] -264.33205484442664
[3.14181503 0.35675999 0.71903908 1.08638726 2.23464505 0.23028252] -264.3767494112673
[3.33621939 0.61789455 0.89926906 0.92652251 2.09961804 0.31279905] -264.3322001958859
[3.23541214 0.52478678 0.67377948 0.71313985 2.07858762 0.17376542] -264.44718688047965
[3.31015307 0.75452315 0.84113527 1.01734931 2.19502547 0.3933842 ] -264.3409604284257
[3.35095702 0.76951733 0.90893155 0.93921981 2.21117355 0.59654363] -264.34856447483867
[3.2229293  0.84401225 0.95206818 0.84330783 2.09843689 0.42846404] -264.31980453515297
[3.15169656 0.96211081 1.06568324 0.76515163 2.03222158 0.4558963 ] -264.39358492256133
[3.34691676 0.66149532 1.01869062 1.04307956 2.17840947 0.32357691] -264.32737541117785
[3.27820863 0.54760859 0.88464897 1.10619864 2.19728137 0.44081157] -264.31579917421976
[3.25938738 0.39461141 0.87499198 1.24856518 2.22903018 0.48999036] -264.38705962084333
[3.2188533  0.55772465 0.87158617 1.044104   2.11526084 0.13481123] -264.4006226525569
[3.31793109 0.71656916 0.89959521 0.96544086 2.18719537 0.48111053] -264.308841683718
[3.26224992 0.5600675  0.9588691  0.9486717  2.12879888 0.36721278] -264.2724785534558
[3.23829834 0.46283967 1.01773602 0.91433289 2.09568559 0.35412707] -264.2653246600196
[3.20354324 0.64501113 0.94022431 1.03543528 2.22289549 0.46157393] -264.3035169433693
[3.32093866 0.73631998 1.15858001 0.95575141 2.11610279 0.53485919] -264.31776970096035
[3.18036632 0.65595828 0.93226027 0.89707608 2.12745637 0.57673854] -264.29012556476124
[3.29016613 0.41075668 0.99228009 1.11477056 2.21710211 0.52127624] -264.29767045125845
[3.18189926 0.40992785 0.73033494 1.05533336 2.23310264 0.41035343] -264.34727735796093
[3.28617881 0.65472195 1.05151875 0.9806469  2.14535275 0.50373275] -264.2820918137874
[3.22728601 0.63434369 1.05988924 0.86303555 2.13461453 0.52537478] -264.27820517047326
[3.15734853 0.43797464 1.09837435 0.96965823 2.12717358 0.49983057] -264.2723710405377
[3.25633814 0.44052051 1.11046193 0.87773812 2.05956615 0.53211939] -264.27471189650436
[3.15843925 0.68469623 1.0978001  0.71939203 2.01284755 0.47603147] -264.30316690436763
[3.25723441 0.47924157 1.01866009 1.01592593 2.16603847 0.50996504] -264.2680595648972
[3.29386176 0.38058907 1.18661985 0.97670313 2.11535399 0.39831133] -264.28339743242645
[3.2654879  0.44943137 1.12302996 0.95679636 2.11837958 0.44291813] -264.2634737947118
[3.1811523  0.3133952  1.09119845 0.88518213 2.08846654 0.45104558] -264.27862577447723
[3.20740893 0.39872689 1.08127853 0.90904832 2.10268809 0.46421737] -264.2627290552925
[3.2334194  0.25523452 1.08995772 1.01813107 2.08856262 0.40901774] -264.3048219543017
[3.22881936 0.5395664  1.06740636 0.90180943 2.12310155 0.49628552] -264.26066994976406
[3.19519435 0.482073   1.02503317 1.01145226 2.18478947 0.39032852] -264.27037311206254
[3.30679923 0.49931832 1.01267369 0.93346351 2.13638734 0.38611665] -264.2733508025702
[3.19471121 0.45331056 1.07694919 0.96060955 2.12947702 0.47140209] -264.26109822557413
[3.26879236 0.44563248 1.10332021 0.8747219  2.06033396 0.52264323] -264.27609902469607
[3.21359385 0.47296287 1.04460493 0.97726967 2.1536756  0.4234072 ] -264.26024873205677
[3.19220545 0.44637102 1.11834157 0.85736281 2.07496401 0.37415409] -264.26459099584287
[3.19577723 0.45728337 1.15280083 0.93996582 2.13840969 0.53666773] -264.2752996013567
[3.22766806 0.46145059 1.05150222 0.92074112 2.10636662 0.39976224] -264.2583247227071
[3.25369099 0.47877854 1.02991549 1.01806201 2.16959881 0.52517676] -264.26920569427796
[3.20757683 0.4544729  1.09623505 0.89753761 2.09862271 0.41190976] -264.25840512790325
[3.16110485 0.4773987  1.01629547 0.89887554 2.11959761 0.44607659] -264.260775369545
[3.20374913 0.55432712 1.03638588 0.94323265 2.14092561 0.41873043] -264.2599289561035
[3.21945949 0.53341564 1.02719412 0.88587913 2.11795288 0.39398849] -264.2579045510798
[3.23183363 0.57346817 1.00231658 0.84851392 2.11219081 0.35528168] -264.2671668271965
[3.27251739 0.52799981 1.09148072 0.943281   2.12728404 0.40195128] -264.26239107994377
[3.18895798 0.49004898 1.03509178 0.9099769  2.12151922 0.43504527] -264.25675134736383
[3.19151575 0.4493263  1.0295983  0.9430696  2.12325266 0.33132893] -264.26285341178914
[3.21949346 0.51700638 1.05795435 0.91212447 2.12313933 0.45504638] -264.25667811000835
[3.2087078  0.530611   1.05684953 0.84589429 2.08249986 0.41475365] -264.2598888574625
[3.22020541 0.44134137 1.0718898  0.84748519 2.0757746  0.41810483] -264.2654974871495
[3.2078632  0.52608069 1.04526186 0.91929579 2.12463785 0.41857403] -264.2561923658775
[3.21496521 0.46354739 1.04756359 0.96929072 2.14824635 0.42335506] -264.25904983841326
[3.21340086 0.48031329 1.04988508 0.93844161 2.13180972 0.42120471] -264.25625724626775
[3.21803751 0.54829895 0.99272808 0.93128206 2.14318583 0.42929728] -264.25982301849905
[3.210192   0.47792941 1.07035831 0.90597372 2.10976349 0.41625664] -264.2562404143571
[3.19212094 0.5468142  1.04374628 0.90315608 2.13657422 0.44694293] -264.26067709876503
[3.21878128 0.4827915  1.04956323 0.91634486 2.11391852 0.41155741] -264.25597077641527
[3.20010344 0.45797445 1.07551075 0.94817333 2.12364316 0.45857299] -264.2587928211554
[3.21462047 0.51455534 1.03927328 0.90145268 2.11937545 0.41013461] -264.25610389786755
[3.23915911 0.50950989 1.06900692 0.92123414 2.11936223 0.40921266] -264.2563719362159
[3.21517885 0.48005366 1.04982855 0.92212313 2.11648309 0.37393364] -264.25753405484573
[3.21841481 0.5077682  1.0559229  0.91462414 2.12147527 0.43476819] -264.25586068666496
[3.18859843 0.48696959 1.03441463 0.91081012 2.12096453 0.42828587] -264.2565513310561
[3.22651894 0.50387481 1.06035885 0.91862814 2.11976281 0.41398096] -264.25613788443354
[3.21872938 0.52402002 1.05702773 0.88699817 2.10450141 0.4138859 ] -264.25670918754736
[3.21473299 0.49123998 1.05167074 0.92558075 2.12498264 0.41937501] -264.255756041069
[3.22345189 0.53084075 1.03032531 0.92600173 2.13162069 0.41987343] -264.25691437464803
[3.21350697 0.49115725 1.06035006 0.91098073 2.11522779 0.41716084] -264.2556489961627
[3.22766195 0.47104834 1.06045116 0.90990798 2.11360964 0.41708498] -264.25683561812366
[3.21281289 0.5123226  1.04905918 0.91694883 2.1218808  0.41820177] -264.2557632379874
[3.20443753 0.49607014 1.04158762 0.91001586 2.11919068 0.42308498] -264.2556102386435
[3.19339683 0.4921678  1.032202   0.90570972 2.11890462 0.42763699] -264.2562938908201
[3.21294168 0.47922788 1.06344463 0.93004571 2.11951645 0.43124812] -264.256099331523
[3.21336138 0.48805974 1.05740179 0.92289745 2.1194812  0.42596974] -264.25570492904757
[3.20697424 0.51274781 1.05576753 0.91733772 2.12682761 0.43462943] -264.2562603525371
[3.21582952 0.49028057 1.05111431 0.91659308 2.11714579 0.41732542] -264.2556559802019
[3.20647895 0.4819419  1.047805   0.91971476 2.1178277  0.40560439] -264.25594433319816
[3.21543084 0.50131162 1.05389342 0.91589679 2.12056338 0.42747724] -264.25567219527795
[3.21295352 0.47371717 1.05628013 0.91703938 2.11698303 0.42526264] -264.2560312785204
[3.21284805 0.50267124 1.05086442 0.91697147 2.12065636 0.41996699] -264.2556476679262
[3.21040511 0.49861021 1.0533998  0.90553771 2.11243909 0.42428673] -264.2556189765214
[3.2107913  0.50530727 1.04633475 0.90243443 2.11559316 0.41713099] -264.25574772010225
[3.21271886 0.49237163 1.05463503 0.9177817  2.11850919 0.42376005] -264.25555916012723
[3.20781784 0.48907539 1.05009032 0.91006339 2.11382626 0.41438442] -264.2555715314133
[3.2047486  0.49970471 1.05252811 0.90719054 2.11613733 0.42355592] -264.25557789418065
[3.20415169 0.50167719 1.04068504 0.9115395  2.11835851 0.42585219] -264.2555313535468
[3.19947404 0.50693716 1.03085253 0.91181888 2.11992387 0.43019787] -264.25581586338615
[3.20191183 0.48983185 1.04677755 0.90373809 2.112164   0.42500778] -264.2557389829665
[3.21011399 0.49946139 1.0498427  0.91366313 2.11853327 0.42122718] -264.2555569587835
[3.20425772 0.4941766  1.04305647 0.91788032 2.12241266 0.41966819] -264.2556323955831
[3.20886826 0.49750181 1.05081397 0.90862336 2.11493248 0.42313209] -264.25549901539335
[3.21170222 0.4971939  1.05794411 0.91293801 2.11424166 0.42088564] -264.2556345758091
[3.2062537  0.49635108 1.04567674 0.9107464  2.11795343 0.42253514] -264.2555037493912
[3.21189285 0.49244145 1.04471983 0.91694862 2.11790038 0.42007444] -264.25553475766054
[3.21018195 0.50419279 1.04536745 0.91637084 2.1215695  0.43114261] -264.2557025675658
[3.20840886 0.49285474 1.0489096  0.91164025 2.11576207 0.41857397] -264.2554815310335
[3.20384426 0.5010576  1.03891426 0.90660539 2.11597085 0.42003829] -264.2555567779233
[3.20435922 0.4944999  1.04006378 0.90837138 2.11509264 0.42217486] -264.2555141363032
[3.2108006  0.49071779 1.05137539 0.91601778 2.11736231 0.42407595] -264.2555310788641
[3.20238793 0.49875939 1.04778835 0.90536427 2.11525343 0.42537362] -264.25559636460474
[3.20951662 0.49402094 1.04548696 0.91405253 2.11723864 0.42139924] -264.25547643054034
[3.2119174  0.48697156 1.05342377 0.91161107 2.11442201 0.41811156] -264.25561556018596
[3.20609312 0.49800078 1.04386972 0.91155739 2.11737439 0.42391703] -264.255472267838
[3.20369933 0.50035862 1.04023153 0.90564599 2.11542223 0.41983483] -264.255554781066
[3.20902528 0.493128   1.04858943 0.91342483 2.11687729 0.42301567] -264.2554852932086
[3.21169607 0.49611922 1.05438503 0.91497688 2.11828679 0.42201619] -264.2555264463069
[3.20619343 0.49490473 1.04364409 0.91002275 2.11589118 0.42213519] -264.25549009742656
[3.20978149 0.49378592 1.04809452 0.91236064 2.11473859 0.42152259] -264.2554765448803
[3.20747133 0.49139656 1.0420508  0.91572944 2.1176949  0.42038914] -264.25550425823417
[3.20851903 0.4959755  1.04862318 0.91039988 2.11562309 0.42244635] -264.2554686550297
[3.21092137 0.49435057 1.05088038 0.91445576 2.11664684 0.42148976] -264.25549149100505
[3.20737541 0.49476619 1.04545316 0.911131   2.11608009 0.42197383] -264.2554707460111
[3.20753956 0.49667336 1.04488962 0.91028907 2.11539499 0.420262  ] -264.2554598096694
[3.2067967  0.49844603 1.04303972 0.90872119 2.11465384 0.41888517] -264.2554733993025
[3.20786621 0.49821949 1.04322945 0.91162325 2.11638786 0.42526638] -264.2554549640829
[3.20759489 0.50090186 1.04038937 0.91161476 2.11670076 0.42861258] -264.25549788118826
[3.20585516 0.49876616 1.04242285 0.91065707 2.1179611  0.42356569] -264.2555025794685
[3.20879991 0.49503098 1.0466766  0.91193475 2.11554422 0.42203336] -264.25546468880447
[3.20588113 0.49886783 1.04542695 0.90825925 2.11489624 0.42390042] -264.2554760095935
[3.20679    0.49765611 1.04544195 0.90970757 2.11548184 0.42327512] -264.2554701148028
[3.20953693 0.49477309 1.04756826 0.91013779 2.11412965 0.42116865] -264.25547713553885
[3.20695407 0.49719386 1.04479436 0.91120249 2.1165632  0.42322994] -264.2554545054016
[3.20811418 0.49881691 1.04576522 0.910588   2.11558497 0.42353055] -264.25544922985847
[3.20848356 0.50084227 1.04592126 0.9103165  2.11533741 0.42430891] -264.2554452265335
[3.20926411 0.49698904 1.0459362  0.91221441 2.11613509 0.42257386] -264.2554613989712
[3.20778344 0.4990075  1.04185932 0.91212694 2.11616451 0.42344513] -264.25546258055
[3.20716375 0.50127752 1.04220013 0.91065614 2.11645014 0.42432871] -264.255466008428
[3.20839087 0.49659262 1.04555748 0.9116151  2.1157707  0.4226072 ] -264.25545094666506
[3.20838269 0.49649604 1.04825014 0.91029333 2.11569858 0.42263763] -264.2554619619144
[3.20823287 0.49712391 1.04665243 0.91075173 2.11581506 0.42283951] -264.2554554448903
[3.20655827 0.49855945 1.044412   0.9097183  2.11562132 0.42359745] -264.255467681909
[3.20858765 0.49738165 1.04555515 0.91159038 2.11600665 0.42282976] -264.2554545081634
[3.20863218 0.49911124 1.04568042 0.91207742 2.1165653  0.42676523] -264.25546569575954
[3.20781272 0.49728283 1.04508732 0.91073616 2.11568757 0.42188781] -264.2554500177787
[3.20779882 0.49871366 1.04339591 0.91160956 2.11610274 0.42387049] -264.2554551700833
[3.20790733 0.49831622 1.04421004 0.9113951  2.11603082 0.42361275] -264.25545235857044
[3.20817919 0.49765033 1.04714575 0.91066199 2.11541092 0.42089241] -264.25544951255347
[3.20732159 0.49857773 1.04535025 0.91038539 2.11559356 0.42268325] -264.25544546692805
[3.20907769 0.4992268  1.04629634 0.91050092 2.11471379 0.42210084] -264.25545977714035
[3.20748497 0.4977021  1.04516985 0.9110271  2.11610085 0.42294766] -264.25545203601814
[3.20798364 0.49789973 1.0472006  0.91018564 2.11526952 0.42149634] -264.2554524224977
[3.20792641 0.4982121  1.04495768 0.91109274 2.11584049 0.42308364] -264.25545006671774
[3.20855314 0.49868386 1.04617006 0.91057553 2.1151127  0.42220675] -264.2554596821583
[3.20775201 0.49794754 1.04541991 0.9109142  2.11585381 0.42276243] -264.25544876466256
[3.2074343  0.50024498 1.04573657 0.9097539  2.11547056 0.42259895] -264.2554522359257
[3.20815172 0.49750571 1.04560226 0.9111498  2.11569566 0.42260514] -264.2554493344684
[3.20797386 0.49839003 1.04655124 0.91029528 2.11535249 0.42196301] -264.25544911555085
[3.20814126 0.49968837 1.04690957 0.9105049  2.11539371 0.42318391] -264.2554466312659
[3.20776215 0.50000022 1.0447724  0.9105267  2.11566463 0.42494314] -264.2554467196288
[3.20765976 0.50097634 1.04603929 0.90983119 2.11536954 0.42400974] -264.2554438761489
[3.20741377 0.50271166 1.0462578  0.90917189 2.11520648 0.42471205] -264.2555389395999
[3.20773292 0.50095412 1.04491965 0.91053102 2.1157184  0.42533412] -264.25545631664875
[3.20791363 0.49903105 1.04614334 0.91035421 2.11544397 0.42280579] -264.255451666904
[3.20807166 0.50090931 1.04598027 0.91007385 2.11535348 0.42415933] -264.25545134445457
[3.20749068 0.49977704 1.04569477 0.91010829 2.11548155 0.4233465 ] -264.2554482071522
[3.20790051 0.50033236 1.04647443 0.91016805 2.11538163 0.42359683] -264.255444968798
[3.20771095 0.50048828 1.04540584 0.91017895 2.11551709 0.42447644] -264.2554488136783
[3.20770589 0.49946194 1.0457296  0.9103727  2.11561168 0.42338609] -264.25545023407693
[3.20781681 0.49968319 1.04629526 0.91006323 2.11536101 0.42298638] -264.2554443567303
[3.20735654 0.49933041 1.04589946 0.91016696 2.11555402 0.42310799] -264.25544956496253
[3.20760586 0.50073393 1.04620675 0.90979953 2.1152766  0.42378854] -264.25544540321135
[3.20803832 0.5013333  1.04613932 0.90988279 2.11524179 0.42429348] -264.2554629138315
[3.20752698 0.49983113 1.04595942 0.91009592 2.11547596 0.42340437] -264.25544741509
[3.20762258 0.49995638 1.04681746 0.90984312 2.11526501 0.42256767] -264.255440390608
[3.20757839 0.49969043 1.04752327 0.90967521 2.11513898 0.42161329] -264.2554557193269
[3.20788682 0.50072741 1.04690277 0.90982539 2.11522837 0.42343801] -264.2554402379203
[3.2080849  0.5012026  1.04750676 0.90968393 2.11510178 0.42348377] -264.25545160770633
[3.20797046 0.50097207 1.04695256 0.90974759 2.11515143 0.42339136] -264.2554487409553
[3.20763785 0.50011637 1.04620771 0.91000883 2.11539483 0.42340111] -264.2554496155079
[3.2077547  0.5003419  1.04686011 0.90983425 2.11524669 0.42300284] -264.2554513522285
[3.20777329 0.50085188 1.04647103 0.90982829 2.11529896 0.42372388] -264.2554522827108
[3.20785182 0.5002053  1.04659901 0.90994431 2.11529469 0.42321219] -264.2554533272717
[3.20789367 0.50052988 1.0466886  0.90999672 2.115305   0.42351742] -264.2554477713601
[3.20774634 0.50073067 1.04655476 0.90981246 2.11525249 0.42361327] -264.25545359469294
[3.2077069  0.50027927 1.04643109 0.90996065 2.11535217 0.42342119] -264.2554455882717
[3.20787606 0.50024788 1.04676278 0.90998408 2.1153228  0.42315857] -264.255451099672
[3.20777867 0.50078744 1.04677311 0.90986548 2.11528997 0.42354178] -264.2554525844903
[3.20779695 0.5006419  1.04672959 0.90988519 2.11529115 0.42345938] -264.2554545062325
[3.20779686 0.50050334 1.04666693 0.90989302 2.11529027 0.4234296 ] -264.25544847242026
[3.20789025 0.50062865 1.04679568 0.90991105 2.11526668 0.42347771] -264.2554467170888
[3.20788144 0.50048764 1.04683277 0.90990473 2.11527559 0.42329829] -264.2554507640212
[3.20782076 0.50053465 1.04688144 0.90982982 2.11523753 0.42322043] -264.2554560789427
[3.20783006 0.50078964 1.0466869  0.90982684 2.11526366 0.42358094] -264.2554474790104
[3.20786932 0.50046635 1.04675089 0.90988485 2.11526153 0.4233251 ] -264.2554524197953
[3.20789749 0.50066636 1.04666387 0.9099188  2.11529117 0.42362946] -264.25544893685554
[3.20785832 0.50080133 1.04676542 0.90987509 2.11527705 0.42362624] -264.2554573575213
[3.20786657 0.5005501  1.04675452 0.90988241 2.11526541 0.42340039] -264.2554468717548
[3.20784124 0.50080086 1.04665745 0.90984777 2.1152596  0.42368708] -264.25544927736735
[3.20785129 0.50072255 1.04670128 0.90986201 2.1152636  0.42358988] -264.2554492682229
[3.20787139 0.50056595 1.04678894 0.90989049 2.11527159 0.42339549] -264.2554551311125
[3.20785632 0.5006834  1.0467232  0.90986913 2.1152656  0.42354128] -264.2554556459988
[3.20788853 0.50067803 1.04684922 0.90986822 2.11524753 0.42345786] -264.2554500932867
[3.2078767  0.50063875 1.04682864 0.9098539  2.11524689 0.4234192 ] -264.25545185840616
[3.20785844 0.50075853 1.04679483 0.90982611 2.11524602 0.42350948] -264.25545023784133
[3.20784184 0.50061538 1.04678485 0.9098592  2.11525932 0.42343381] -264.2554561677875
[3.20789216 0.50069689 1.04678332 0.90987209 2.11525977 0.42353374] -264.25544969705106
[3.20786906 0.50072498 1.04680202 0.9098437  2.11524598 0.42351395] -264.2554499614206
[3.20791539 0.50079282 1.04686875 0.90983727 2.1152322  0.42352361] -264.25544682693453
[3.20789344 0.5008208  1.04683833 0.90983703 2.11523973 0.42357301] -264.25545266551273
[3.20788088 0.50068427 1.04683106 0.90984968 2.1152451  0.42345765] -264.2554549519867
[3.20790111 0.50076012 1.04688576 0.90983133 2.11523029 0.42348081] -264.25544729431624
[3.20788949 0.50071215 1.04684304 0.90984874 2.11524407 0.42348587] -264.2554538895874
[3.20787794 0.5007262  1.04685239 0.90983454 2.11523718 0.42347598] -264.25544698919924
[3.20788768 0.50070272 1.04687599 0.9098468  2.11523795 0.42344794] -264.25544717377636
[3.20787263 0.50074297 1.0468488  0.90982575 2.11523719 0.42347374] -264.2554499402036
[3.20788176 0.50068308 1.0468657  0.90983964 2.11523763 0.4234286 ] -264.2554510329103
