[-0.13440608  0.67863114  1.55265388  0.00436278  0.57131884  0.76681481] -374.4547140109291
[-0.25973586  0.64590808  0.02669425 -0.05759351 -1.5686738  -0.06369156] -368.4711948109964
[ 0.43287292  1.6972064   0.72211373  0.34081386 -1.0496974   0.06129396] -353.51600695377067
[-0.54912407  1.16383022 -1.34826935 -1.23478236  0.48113052 -1.14478902] -381.23113514963825
[-0.13022257 -1.40703015 -0.30385002 -0.69653113  1.32889452  0.29330479] -392.05459238333583
[-0.78814578  0.77885449 -0.06041517  0.48470559 -0.55267447  0.78980876] -364.91793156342976
[ 0.47220658 -0.32904332  0.04801159 -0.71022178  1.09014186  0.17730496] -381.27963370991654
[-0.14522152  2.95215915  0.61744633  0.30562599 -1.67171267 -0.09772416] -366.1631545209213
[-0.95346004  2.96790648  0.4553963   0.65793256 -2.35357818 -0.0734007 ] -385.02374891714925
[ 0.11578992  0.49519413  0.14985776 -0.36818319  0.22921185  0.11462855] -366.9472798065474
[ 0.2895086   1.25215424  2.35105294  1.47135954 -1.82853974  1.66849914] -360.8643548606858
[ 0.01609551  1.92852769 -0.28373726  0.72121331 -2.71868092  0.05745676] -373.3130697287704
[-0.02152989  1.61605355  0.17536052  0.54200068 -1.89618098  0.23479627] -362.35749824346254
[ 0.22082728  2.28463257  1.29177779  0.98303433 -0.68785734  0.98745907] -351.8983846956599
[ 0.46110885  3.10399482  1.92431956  1.50334825 -0.24744911  1.51303439] -349.4297909265859
[-0.03959219  3.30494675  1.76010154  1.91746783 -2.64462997  1.27527424] -380.7210459813688
[ 0.07694439  1.19763228  0.55241871  0.20322956 -0.48924861  0.40478997] -357.7418805535429
[ 0.29547455  0.26313945  1.2708371   1.20952651 -0.34955076  1.65513166] -350.5561318818839
[ 1.29960559  2.26453909  2.39244936  1.27205388 -1.40088106  1.0560397 ] -347.3091011995338
[ 2.34348127  3.0073814   3.61888163  1.66572802 -1.82498435  1.18915517] -352.7141537719364
[0.97336819 1.64350188 2.89570328 1.45810985 0.10772542 1.88480001] -348.7648889347227
[0.89028289 2.1378504  0.90156097 0.52433444 0.6855059  0.52319742] -353.14461936058706
[ 1.37395993  2.5057784   2.81657596  1.89949937 -0.26220039  1.82637574] -339.2539405532108
[ 2.0224677   3.15985145  3.94865459  2.74763427 -0.14867629  2.53716863] -338.10028808612896
[1.54789634 2.49375263 3.72239456 2.56418853 0.59858877 2.99516331] -341.04455211126856
[ 1.30969085  2.17174271  4.48322518  3.06061933 -1.16558691  3.35724848] -358.2960785124705
[0.99513488 2.14632348 1.79697702 1.15840566 0.2227327  1.23171019] -344.9508876565451
[2.13771929 4.67418167 4.28932902 2.35838697 0.06023091 2.08417375] -344.03553599215354
[2.53095515 2.35672192 4.42418305 2.34957814 0.06068926 2.4166508 ] -335.31120936237465
[3.5658783  1.98308546 5.67411479 2.77269308 0.21475845 2.86845901] -334.8655987367342
[ 2.88286585  3.93040938  4.3789365   2.83301094 -0.2588076   2.37277152] -338.321460779647
[3.08438187 3.86466227 5.5443528  3.53938594 1.63049003 3.64044243] -335.16057613191236
[4.08526824 4.55565748 7.3889504  4.44669425 0.47612873 4.26768269] -374.9148545362916
[1.76766822 2.74865698 3.19497037 1.98047781 0.28608171 1.99070331] -336.8503750149879
[2.81933347 1.38595772 4.53181218 3.12074322 0.71391412 3.38406232] -328.5301762375989
[ 3.16014055 -0.25815426  4.65305376  3.50192134  1.04075572  4.0340066 ] -326.94967508956233
[3.94657116 2.64908446 5.40896638 3.22751926 0.32294524 2.81935386] -330.76151683419863
[2.96617009 0.7853194  5.09576773 3.09019962 1.37425922 3.59060643] -333.99345666779254
[4.14113569 0.76436665 5.90842069 3.28976475 1.77177307 3.77735525] -329.27819799102764
[5.187091   0.51413102 7.56658835 4.49335019 1.83224554 4.91937121] -332.93406755521954
[ 4.5712804  -1.71871802  5.89128443  3.25243013  0.55508904  3.69594169] -333.4957620431294
[ 4.424918   -1.07107571  5.83391232  4.17903535  2.08426416  4.74375267] -324.81499515335975
[ 4.85443784 -2.59815629  5.91381108  4.88220649  3.01901702  5.68139951] -327.08429371899234
[ 5.51087551 -0.49210802  6.65830758  4.22447405  1.16143171  4.40598734] -327.88582774462753
[4.21896357 2.4207994  6.11846526 4.38625818 2.1827161  4.53733395] -324.88739983859614
[3.28044383 0.82350649 3.96045364 3.10964079 1.02238313 3.18655868] -320.44738355967263
[2.32712024 0.97819423 2.15738629 2.41778609 0.61745193 2.32015241] -322.82351918698964
[ 4.29892122 -1.91997294  5.63523804  4.33617889  2.76482939  5.40897764] -332.90728700712737
[4.03465868 1.50682011 5.46553429 3.50468417 0.93341628 3.4667598 ] -324.2858460574969
[4.06886435 0.21222936 4.98815493 4.34557321 1.0365493  4.34744443] -319.86589399855546
[ 4.03272868 -0.06383929  4.52802205  4.87347744  0.66893741  4.63248902] -324.0380981383307
[2.21845415 1.70348315 3.68155049 3.45123029 1.60526319 3.69929805] -328.7909839205237
[4.68777017 0.05678977 5.91411831 4.03116311 1.27238958 4.22931501] -322.6921991276912
[5.07839898 1.57451073 6.10715916 4.35019693 1.80315047 4.13638158] -320.54098567785076
[ 4.30605443 -1.38653915  4.63797896  3.45383967  0.5346682   3.49940344] -322.59623244931925
[4.06047882 2.00018148 4.52388745 3.41933061 0.11658815 2.87820165] -324.8839335407374
[ 4.3338082  -0.30326141  5.5064061   3.98910916  1.59234516  4.27736492] -320.8872722561656
[ 4.55045464 -1.18107485  4.9058894   4.25515679  1.487079    4.42539622] -316.2738605439706
[ 4.80835263 -2.52502233  4.62606696  4.6303931   1.76391036  4.90471443] -316.15818405086526
[ 3.9375373  -0.59164854  4.02795494  3.92842118  1.31194596  3.88797415] -313.4809128097895
[ 3.56242087 -0.9158677   3.08487326  3.87705021  1.33172415  3.71730371] -311.27202317363685
[4.07137519 1.00857086 4.78639239 4.64681479 2.31535265 4.69051914] -312.3124960890152
[3.95614375 0.36257055 3.67796068 4.33078051 1.49867819 4.05027574] -307.9466866476864
[3.76731152 0.69548653 2.76373798 4.50161619 1.45184471 3.93673116] -303.9202790547826
[ 2.77452381 -1.80820966  1.9627339   4.02016584  1.17077097  4.12470893] -314.96138605861955
[ 4.40383896 -1.93444414  3.44353283  5.56423033  2.00100091  5.38724859] -306.87902723349526
[ 3.72707664 -2.03872483  1.90095751  4.73451695  2.30831862  4.57296422] -304.67203200366504
[2.62716304 0.86062601 1.35467566 4.484405   1.76242698 3.90511083] -303.9955890305252
[4.61187159 1.03342524 3.81532264 5.24937865 2.55278504 4.61191695] -302.7676398976694
[5.53054548 2.45424269 4.74161702 5.86398506 3.24379208 4.85552096] -317.6095489784779
[ 3.49518568 -1.7750705   0.66797423  4.82358431  1.48734748  4.01990601] -299.02606872252426
[ 3.20709093 -3.16689117 -1.39123485  4.91196907  1.0733449   3.68459944] -303.4462872126965
[ 3.98172828 -0.13703286  1.56386036  5.90886026  2.52285043  5.09398887] -297.1637037269027
[4.19138198 0.25238455 0.8033539  6.92476529 3.11841357 5.78233145] -307.6142589791358
[2.99960662 1.48068067 0.5786433  4.33655679 2.02752351 3.32629075] -296.55905859671844
[ 2.29749045  3.18824307 -0.85380147  3.72272002  2.0407848   2.29581184] -302.5312100278339
[3.43387893 2.75809653 1.68044721 5.03361679 1.62660743 3.7250173 ] -309.2185960803748
[ 3.65377721 -0.83951949  1.84582993  4.80929191  2.13789082  4.36097749] -298.8654866267135
[ 4.87599726 -0.70796948  2.39044715  5.39202437  2.29765369  4.54482625] -296.1911664239746
[ 6.00041438 -1.49226723  2.9083329   5.84583406  2.56526704  4.86468396] -302.5485674557046
[ 4.1054107  -1.01064867  0.85695456  5.67161591  2.89017228  4.71590428] -289.5428739350674
[ 4.27446028 -1.86371627 -0.09643714  6.25661577  3.60933607  5.10549085] -286.6550893660733
[ 3.14838019 -2.31430122 -1.49855003  5.25959916  2.14141563  4.20524312] -296.5792886295125
[4.14946427 0.31445094 0.92662362 5.83073177 3.4248759  4.8590331 ] -287.12647139327805
[ 4.15610175 -0.23644325 -0.55763418  6.18550414  3.20332758  4.68398016] -286.90095286068646
[ 3.88627518 -0.97206667 -0.98282945  5.17815041  3.04519369  3.81429921] -287.5509774766114
[4.96558827 1.65261319 2.2514878  5.80026193 3.72788785 4.57273032] -290.41144829665683
[ 5.76968905 -2.08505785  0.7319093   7.21120601  4.40856809  5.86716254] -293.4132203772067
[ 4.19119567 -0.35543715 -1.6327405   6.7621323   4.84207604  5.08940581] -279.5874803698226
[ 3.84879488 -0.17917099 -3.64433433  7.44718627  6.11428722  5.36169559] -280.9664116898266
[ 2.77133942  1.59819144 -0.76241925  4.79325943  2.87566429  3.50781727] -292.8444278972193
[ 3.52092683  0.67737912 -0.38883711  5.39774608  3.25889024  4.09765359] -285.9370338280219
[ 3.0938864  -2.46455762 -3.16210606  6.07003156  3.40001199  4.64389059] -294.7038660204581
[4.4976628  0.62332049 0.89808934 5.86770434 3.64591889 4.59052039] -284.6663946299765
[4.37699535 0.69191797 0.69918412 6.92199439 4.28294788 5.66106209] -292.83459909407026
[ 4.00895522 -0.55607051 -0.56232606  5.6141114   3.35463224  4.27598993] -284.1969151106151
[ 4.06696992 -0.88477347 -1.70658551  6.19720624  3.87985112  4.42198047] -281.8561402004888
[ 4.03062182 -0.54998935 -0.60531148  5.84633457  4.32690729  4.50970019] -283.1803976159323
[ 3.83098381  1.51519265 -1.2361333   5.63846254  4.1600892   3.88959261] -280.3427749000674
[ 4.68786959 -0.74663157 -1.22616539  6.57757105  4.81093469  4.82807621] -278.34386824768023
[ 5.27134096 -1.45863691 -1.64482953  7.16748354  5.58695691  5.19328752] -279.4374999063589
[ 3.77453588 -1.14922362 -3.22117675  6.34423503  4.81224464  4.41439469] -284.4494652821404
[ 3.95531761 -0.7060876  -2.19136023  6.22510236  4.5206632   4.45842611] -281.1168137312458
[ 4.24536425 -0.01983831 -2.30377275  6.80149162  5.49220827  4.7897372 ] -276.8130209485024
[ 4.36356876  0.24827779 -3.17449609  7.39518172  6.56099629  5.04661084] -276.3881935053938
[ 4.33467996  0.24016956 -3.11718219  7.08555083  5.26462956  4.73499716] -280.61381716860797
[ 4.38756854  0.94993469 -2.48610706  7.03079403  6.17327854  4.92705577] -275.5259550713474
[ 4.54786786  1.86728877 -2.87586783  7.44758793  7.31999225  5.17959343] -275.8865399647464
[ 4.6433045   1.32325625 -2.09958129  7.2714618   6.08333824  5.04682002] -279.27571168562304
[ 4.366817    0.73802799 -0.83455902  6.47298365  5.61227477  4.87418992] -276.34585361210696
[ 5.04912421 -0.79604998 -2.58174981  8.19824565  7.20087699  6.04779358] -280.7877095780711
[ 4.13551891  0.93738199 -1.57253743  6.27840831  4.92028615  4.42914285] -277.3108694305472
[ 4.67035343  1.50551953 -2.16507492  6.91333456  6.54496018  4.62789273] -273.15790446946176
[ 4.9099323   2.43599788 -2.43124213  6.98893568  7.39640225  4.39713619] -272.1240979462774
[ 4.30712053  0.19774    -1.80878775  6.30982968  5.74138599  4.45391724] -277.7275196564418
[ 4.13563909  2.58241835 -2.8764111   6.91447331  7.32393998  4.5479414 ] -276.2285658260999
[ 4.45922767  2.43293956 -2.64966319  7.38376255  6.92100667  4.95344175] -279.53911029746894
[ 4.34514732  0.75653989 -2.01900661  6.5783129   6.03629116  4.57879837] -275.0698199256633
[ 4.70070543  1.63301687 -3.03473658  7.51515212  8.11410818  5.02810131] -272.88341308533825
[ 4.58503447  2.78370077 -1.38619141  6.43836884  6.991102    4.40446349] -274.3652698066867
[ 4.65452539  2.9758415  -3.91000595  7.34902864  8.3994326   4.42030892] -275.43086750456104
[ 5.05866539  1.26259218 -2.21268547  7.05239076  7.04626494  4.70401328] -271.6387717505631
[ 5.52017854  0.6026791  -1.88082266  7.12134949  6.90742741  4.78204923] -272.375495900097
[ 5.03043489  2.999295   -2.51184899  6.94326895  8.48792184  4.25055141] -271.6569602540484
[ 4.88878121  0.98120604 -0.62189778  6.48978111  6.29126419  4.70071243] -273.3637248758391
[ 5.37937058  3.27539636 -2.04719418  7.23098625  8.73939664  4.582861  ] -271.1227202474959
[ 5.89648221  4.53482459 -2.06128796  7.55732293 10.09094938  4.58489232] -275.32138233357676
[ 5.40426213  1.412134   -2.90034364  7.63513612  8.36735068  4.81666173] -271.7461662066358
[ 5.27234236  3.3582714  -4.42411921  7.96550885  9.75921732  4.55906254] -279.27213446283434
[ 4.9846715   1.57547238 -1.57245314  6.85871305  7.15825247  4.66529996] -271.0257942371898
[ 5.5550735   2.68727906 -1.52385261  6.72132482  7.61775476  4.11073988] -270.0235563066182
[ 5.98225753  3.21441016 -0.76841062  6.32441117  7.36957804  3.65205916] -271.0683234733949
[ 5.56089369  1.96805845 -1.82488388  7.15833763  8.40924485  4.64623956] -268.9890038299869
[ 5.88637438  1.73408874 -1.52170475  7.24303861  8.91566615  4.77079125] -268.40950039483636
[ 5.22726795  3.09924057 -0.89623608  6.38143803  7.62106826  4.21142387] -272.1368243710459
[ 5.36001358  1.83391065 -2.39931675  7.3217116   8.18078007  4.66535226] -270.19781148551596
[ 5.71095476  1.12361812 -1.24721997  7.19945274  7.3981165   4.91580113] -271.0066122082643
[ 5.90015404  2.81399625 -1.22456166  7.13935159  8.95705726  4.53293521] -268.5340919973566
[ 5.75304334  0.64739204 -1.11584212  6.93021122  7.3364791   4.63744556] -270.27465670557285
[ 6.40386637  2.03795591 -1.43837948  7.32631715  8.97703214  4.54572181] -269.34046571892236
[ 5.90855365  2.79458943 -1.82733248  7.02786558  9.26347333  4.17186086] -268.96991257377533
[ 5.91830184  3.98654797 -2.19587379  7.32965857  9.96744214  4.29502153] -271.1521350937121
[ 5.79435797  1.48218102 -1.38585003  7.03007305  7.99421986  4.55183955] -268.93431131342436
[ 6.45611306  2.68278616 -0.57457692  6.84094534  9.06095443  4.22927726] -268.58585816428933
[ 6.56139966  1.82792011 -1.13361583  7.48120563 10.1050463   4.8234021 ] -267.90203834771984
[ 7.06456274  1.39824063 -0.93849744  7.86114603 11.34869207  5.17973321] -268.9466591218078
[ 5.76511788  2.40723133 -1.11750108  6.92784279  9.12177363  4.48098027] -269.8105028040534
[ 6.24417925  2.13027476 -1.35815988  7.22669856  9.01321752  4.52953642] -268.3206338081791
[ 6.3723058   1.42915958 -0.57215721  7.29257201  8.75191385  4.97406641] -268.4856243181354
[ 6.67915077  2.72389418 -0.74240871  7.37786419 10.27373198  4.73483   ] -267.7963957594733
[ 7.12154717  3.34475076 -0.42068805  7.55175976 11.41348804  4.82632522] -268.5879748809318
[ 6.09174158  1.53699172 -1.60962576  7.74596486  9.61125659  5.22590987] -268.28264154229817
[ 6.7115631   0.98011345 -1.08799572  7.64976302  9.9332202   5.15324347] -269.00649871573336
[ 6.10300631  2.35552555 -1.19042017  7.26695445  9.201098    4.68801228] -267.92477934695046
[ 6.14964485  2.67373877 -1.94648782  7.48800342 10.28809166  4.6167609 ] -268.43169895286763
[ 6.20531009  2.36259397 -1.60290517  7.43914557  9.90404721  4.70608728] -267.9294239135284
[ 6.74188817  2.57831136 -1.02400709  7.60290581 10.45379971  4.79846807] -268.12670833191726
[ 6.54998627  2.33147086 -1.0761677   7.74464828 10.83644241  5.12936677] -267.3629816266384
[ 6.70288978  2.43206891 -0.93517162  8.00362313 11.74805486  5.42928195] -267.3890130347992
[ 6.85517217  3.18958029 -0.64688247  7.22494312 10.64679861  4.40081229] -268.5267692074029
[ 6.28259923  1.95013886 -1.36893994  7.61570942  9.8701421   5.01963548] -267.726738652796
[ 6.05192927  1.93886982 -1.34747875  7.37227004  9.60970295  4.90197657] -268.09502799047516
[ 6.224419    2.0987302  -1.26661084  7.42992898  9.82072714  4.87609944] -267.7079715136341
[ 6.59487699  2.06663262 -0.65648256  7.53295808 10.1316821   5.05102808] -267.3997942767012
[ 6.86113766  1.97740339 -0.89098835  7.79381707 11.14482601  5.19010835] -267.7193424792616
[ 6.50265698  2.5548366  -0.86691687  7.68376972 10.58747095  5.17695394] -267.49502558101256
[ 6.32607461  1.60251    -1.29962671  7.88907966 10.52336493  5.41290069] -267.57086218060294
[ 6.73711794  2.26038903 -0.64999107  7.74235784 11.14469575  5.25918361] -267.39282490868646
[ 6.1172396   2.32745304 -1.04761023  7.54709711  9.86996841  5.11173583] -267.6154901072635
[ 6.7182318   2.28236718 -0.59898755  7.95004125 11.21048104  5.5042902 ] -267.30246642517506
[ 6.9651382   2.37418566 -0.2651759   8.21009738 11.90535799  5.81838558] -267.8304414146688
[ 7.02574193  2.03861572 -0.66844726  7.96718783 11.60807731  5.39950527] -267.6306648210619
[ 6.34436518  2.25524371 -0.95281949  7.65211979 10.30449564  5.18367819] -267.33982073494974
[ 6.82300378  2.98113666 -0.30082837  7.54621866 10.88172437  5.02193291] -267.7690573072668
[ 6.4503069   1.94716667 -1.04992712  7.80336441 10.61295479  5.31515874] -267.3151237547129
[ 6.62897139  1.82625342 -0.79454163  7.7913935  10.82611296  5.30394793] -267.2930503622717
[ 6.69212859  1.46196184 -0.758354    7.84520539 10.94543397  5.36744492] -267.65211771675087
[ 6.54811617  2.23433101 -1.05099562  8.02835027 11.51337877  5.5141804 ] -267.3513229609212
[ 6.34287463  2.03188858 -1.1911553   7.91428132 10.62325945  5.3910238 ] -267.45497001101813
[ 6.63855712  2.20326392 -0.78528213  7.78533871 11.01433668  5.29214366] -267.2590662478348
[ 6.55952992  1.91807111 -0.66801681  7.92555436 10.99081088  5.5750996 ] -267.17799716609466
[ 6.56430174  1.71137123 -0.46394136  8.01600741 11.06799511  5.79796602] -267.27240152029367
[ 6.5652046   1.90979099 -0.56552928  7.60758707 10.13968523  5.21059237] -267.3456904806452
[ 6.56093249  1.990926   -0.68689587  7.71277787 10.48310861  5.28648938] -267.2275111875516
[ 6.84114469  1.80077239 -0.57506421  8.00403691 11.40810602  5.57536498] -267.3003006032739
[ 6.86548223  2.06005134 -0.31966894  7.91968312 11.36469728  5.53061984] -267.1891205205081
[ 6.64664081  1.65074555 -0.67750232  7.76288691 10.81857643  5.35026493] -267.5584251426633
[ 6.70033405  2.12446177 -0.61861624  7.90325266 11.11250489  5.46578388] -267.1802001247242
[ 6.47679104  2.2402368  -0.71594299  7.6752965  10.52241775  5.24266312] -267.2188065709574
[ 6.63823756  2.35275022 -0.47026603  7.84924091 11.00317906  5.4936519 ] -267.27828755431295
[ 6.63592102  2.22112602 -0.55133493  7.83477906 10.95891254  5.44622591] -267.1883216752471
[ 6.62777313  1.98169376 -0.40154313  7.87177582 10.79648064  5.55681692] -267.20250557882304
[ 6.72767797  2.19095427 -0.40481181  7.99733597 11.43216604  5.65258037] -267.16816444972216
[ 6.81105072  2.2909684  -0.26376978  8.13961503 11.90669476  5.83562587] -267.2957805769013
[ 6.8954484   1.92521595 -0.2720543   8.14216383 11.69610634  5.83304572] -267.2824207605063
[ 6.58145538  2.16148159 -0.60497082  7.79201333 10.8158399   5.39025877] -267.15594124683776
[ 6.72902706  2.24368827 -0.65426339  7.91909702 11.42849654  5.46337254] -267.2303579904062
[ 6.65308661  2.04719239 -0.46472319  7.88360612 10.95448461  5.53345582] -267.15718057644216
[ 6.42051942  2.16104437 -0.78448899  7.85916405 10.72354234  5.49051495] -267.29557877441914
[ 6.75424153  2.0852996  -0.43587395  7.90455335 11.20440854  5.52059362] -267.1470617368791
[ 6.6895208   1.95469422 -0.51433601  7.96732621 11.21115908  5.59969812] -267.12521602546377
[ 6.7163207   1.82147832 -0.49583655  8.03359978 11.33728235  5.67643422] -267.1358584185088
[ 6.62150335  1.99476928 -0.41229463  7.92021045 11.09045146  5.62477822] -267.14466757273937
[ 6.7829653   2.22672601 -0.27765333  7.89612745 11.245359    5.53202204] -267.15707056510917
[ 6.63324635  1.96576676 -0.49847216  7.79060967 10.74173482  5.41435515] -267.1464154237074
[ 6.70122429  2.08238676 -0.44981044  7.87334071 11.14849966  5.49377948] -267.1210639481397
[ 6.72529313  2.09998395 -0.44235406  7.868208   11.24550718  5.47394131] -267.15005773368785
[ 6.5440986   1.85474006 -0.69426601  7.85322379 10.82533882  5.48246575] -267.1936827949227
[ 6.72324863  2.13372952 -0.3818065   7.88540154 11.14035396  5.51963296] -267.12571587147283
[ 6.79287294  1.91073379 -0.29256041  7.98846731 11.36302928  5.66735375] -267.1453693678274
[ 6.63296393  1.92872718 -0.4138861   7.90389861 11.02733421  5.58593894] -267.11176594204363
[ 6.57232513  1.85044098 -0.40289217  7.90357123 10.93879704  5.6186116 ] -267.1290518738131
[ 6.75386496  2.03591349 -0.32309253  8.05560527 11.58520773  5.749372  ] -267.1547016378931
[ 6.66340101  1.98330344 -0.45462726  7.85685857 10.95260305  5.49810936] -267.1226503885042
[ 6.55108107  2.11513634 -0.58302656  7.81387805 10.82710453  5.43995861] -267.1373559762803
[ 6.69897656  2.07122321 -0.52020299  7.84669077 11.01190003  5.42092761] -267.11375277513946
[ 6.81869734  1.93621843 -0.32852987  7.96396075 11.33684547  5.59940354] -267.1384978222341
[ 6.61798513  2.07040687 -0.51940239  7.85139872 10.95453976  5.47981985] -267.11737970326976
[ 6.61144195  1.89651771 -0.57561523  7.88110299 10.96165798  5.50645816] -267.12339062133503
[ 6.61914348  2.05616084 -0.46351213  7.77043725 10.80768581  5.39531302] -267.1231457419038
[ 6.69978952  2.16755173 -0.3648652   7.81977188 11.00586287  5.4515046 ] -267.1289692961676
[ 6.63352884  1.96427621 -0.52292772  7.86577021 10.9727092   5.49271977] -267.1123082709185
[ 6.6968831   1.97728039 -0.49677351  7.96221528 11.21484282  5.59511865] -267.12380838772395
[ 6.63857839  2.03644073 -0.47182747  7.81838176 10.90947507  5.44526442] -267.1127180130089
[ 6.64435137  2.06785021 -0.51139178  7.86296836 11.05554959  5.47470732] -267.09915961613734
[ 6.63482656  2.11012359 -0.53977405  7.86602325 11.10702287  5.46300631] -267.09774261857285
[ 6.58439551  1.9780125  -0.54619647  7.84404707 10.84582739  5.46877949] -267.09659421809823
[ 6.52598112  1.92582537 -0.59438948  7.82940025 10.69449125  5.45627949] -267.1099728641435
[ 6.65643813  1.95919427 -0.48553588  7.8635385  11.00354982  5.479059  ] -267.0894336997335
[ 6.67566462  1.90358798 -0.46860262  7.86960838 11.02805485  5.47867857] -267.0887918387731
[ 6.56767606  1.90249952 -0.46753515  7.87588566 10.9515745   5.55720156] -267.12458733543906
[ 6.66615143  2.02904229 -0.50703603  7.85398949 10.99681865  5.4549961 ] -267.09943568139215
[ 6.63726524  1.93481586 -0.52764686  7.91606392 11.08311399  5.53610863] -267.0805259055243
[ 6.63660867  1.88400342 -0.55555655  7.964905   11.16993345  5.58153073] -267.07654305723565
[ 6.6433414   1.98022277 -0.48742288  7.90172038 11.08562127  5.51825695] -267.05895984223037
[ 6.64824768  1.98819606 -0.46967046  7.91969547 11.14207731  5.53102554] -267.03455038396237
[ 6.64900089  2.03559476 -0.6150593   7.86885761 11.06924396  5.4067333 ] -267.0601824000968
[ 6.61009655  1.93746382 -0.55791712  7.92372277 11.1239013   5.52158855] -267.04593459448324
[ 6.63317808  1.79882925 -0.5312268   7.93092218 11.01932322  5.53310575] -267.04659631543456
[ 6.69986999  1.8712126  -0.51981448  7.98185674 11.33835064  5.54877466] -267.04097308864027
[ 6.61666933  1.93484532 -0.61447895  7.99371154 11.25955511  5.56224094] -267.0172742509163
[ 6.58717168  1.950474   -0.68741711  8.05576312 11.37530523  5.60402212] -267.018821594397
[ 6.64907884  1.97137718 -0.54716581  7.90801711 11.1475504   5.45295885] -266.9924878056895
[ 6.65531392  2.01506406 -0.54297044  7.87957316 11.13635887  5.3886729 ] -266.96151811232966
[ 6.63879095  1.81294227 -0.46363345  8.00763634 11.27061152  5.62173615] -266.9997976734687
[ 6.65648473  2.05441212 -0.52493484  7.97114316 11.40429503  5.52490716] -267.00592428454
[ 6.69502899  1.95476033 -0.48725043  7.99414937 11.39318153  5.53753057] -266.95716670702495
[ 6.73749521  1.96340858 -0.45191708  8.02936266 11.52782165  5.54550158] -266.9229607843575
[ 6.61779729  2.05174354 -0.50272059  7.95185071 11.24188919  5.50925342] -266.9438883618077
[ 6.65926946  1.95594258 -0.56388132  8.02473039 11.47143314  5.51974518] -266.90924570257096
[ 6.66478035  1.93981584 -0.61098675  8.07724785 11.63611106  5.514105  ] -266.8736273664364
[ 6.70688482  2.01095015 -0.41790877  7.97855975 11.479474    5.47248447] -266.8841114231104
[ 6.68386946  1.87689602 -0.47177752  8.00360033 11.35979373  5.49234401] -266.83245613003425
[ 6.69756182  1.78813797 -0.44519887  8.01982892 11.33754309  5.47606244] -266.76376973985003
[ 6.72115352  2.11009777 -0.52693405  7.97117135 11.51578776  5.34695713] -266.80415413767207
[ 6.72657708  1.93965389 -0.44225159  8.12976725 11.77651671  5.56611511] -266.77275831258254
[ 6.80035365  1.86561119 -0.46234511  8.11679522 11.84919557  5.46448848] -266.7726179040015
[ 6.70160854  1.92134702 -0.51662464  8.06842745 11.67038774  5.40123597] -266.68156383025666
[ 6.6836652   1.90031625 -0.54897841  8.08795984 11.74167079  5.32910316] -266.58535634946895
[ 6.72447905  1.83692749 -0.59432282  8.15569706 11.80613433  5.42645931] -266.6378349460238
[ 6.78648308  1.87376569 -0.3956902   8.0831587  11.70617169  5.35562354] -266.55591846567813
[ 6.84733445  1.84074061 -0.28804193  8.08611412 11.741202    5.27638281] -266.4341700062113
[ 6.77217023  1.61369803 -0.40011219  8.22754946 11.90163307  5.49924665] -266.5348523975728
[ 6.78194439  1.67548995 -0.47074818  8.10154763 11.68260957  5.25779917] -266.48095504072
[ 6.7020314   1.68615891 -0.45345569  8.10943712 11.55440205  5.29052936] -266.34626924277205
[ 6.65287028  1.59643276 -0.44901098  8.10575808 11.40700529  5.2035498 ] -266.17473426259556
[ 6.78992605  1.69973039 -0.47187264  8.23504647 12.0892086   5.18811786] -266.2367465191443
[ 6.78482448  1.60520851 -0.28193196  8.12562814 11.71497545  5.15827384] -266.1646837668592
[ 6.8149972   1.48934902 -0.12573652  8.11059369 11.669396    5.02418111] -266.0019026803058
[ 6.86941567  1.40483067 -0.18619574  8.20090997 11.75534739  5.15398931] -266.1028777385846
[ 6.81332578  1.62182644 -0.26375647  8.05244053 11.54662322  4.86876004] -265.96927457140254
[ 6.83390355  1.62589065 -0.19557861  7.96488606 11.36911829  4.55351674] -265.8429365689928
[ 6.82087134  1.54350142 -0.10139729  8.1328885  11.66114962  4.8754467 ] -265.75154022651844
[ 6.84033482  1.47750715  0.08327816  8.14855894 11.65041964  4.68427046] -265.5226068228672
[ 6.75314807  1.25717294 -0.16033018  8.16913694 11.5722964   4.65949228] -265.524079456595
[ 6.79829714  1.250664    0.12734802  7.99823475 11.05198574  4.57154871] -265.67568262618437
[ 6.98382853  1.23870538  0.29660602  8.09168204 11.6158492   4.34544973] -265.64282684894033
[ 6.80542077  1.37493237  0.1947247   7.96012084 11.2210077   4.12549704] -265.4248703445201
[ 6.77342332  1.35998321  0.38518491  7.83972627 10.95383786  3.61125091] -265.48347080443386
[ 6.8566471   1.25227514  0.24108589  8.00027951 11.15749632  3.95574388] -265.49638870947985
[ 6.84532193  0.99119501  0.45648281  8.15778495 11.38723338  4.22715063] -265.3379594611581
[ 6.85103112  0.67384719  0.78251352  8.2542344  11.39629092  4.06396758] -265.42909817478505
[ 6.89660326  1.27993199  0.24326778  8.17761966 11.81611514  4.0943193 ] -265.3116764588849
[ 6.94575632  1.29456599  0.30122767  8.26731211 12.19817984  3.8557046 ] -265.36701917258796
[ 6.68199678  1.30563282  0.05623037  8.11281824 11.31900699  4.23670813] -265.16677748620646
[ 6.5310809   1.33909655 -0.06395746  8.12338633 11.17058589  4.18233734] -265.07824095122123
[ 6.83865486  1.31447313  0.54529081  8.02011313 11.2286563   3.76361393] -265.4145657536748
[ 6.75090812  1.03979425  0.45568668  7.99787586 11.00994527  3.43195025] -265.4113671030787
[ 6.69934952  1.19419929  0.36941255  8.14535408 11.45368491  3.98587895] -265.0502375111707
[ 6.62070073  1.16516136  0.43357588  8.21789137 11.6017792   4.00094648] -264.96437411354617
[ 6.6890025   1.00161839  0.4953908   8.27143627 11.51709735  3.77460893] -265.10069087979406
[ 6.60588429  0.95779272  0.12819135  8.29521835 11.60559578  4.14015704] -264.940632468158
[ 6.48949901  0.77945251 -0.08035838  8.43277095 11.79406553  4.3284286 ] -264.990781105327
[ 6.64528975  1.20513776  0.10863037  8.41656978 12.02285698  4.70788966] -265.15210699682086
[ 6.48419855e+00  1.32505125e+00 -8.11656927e-03  8.34292230e+00
  1.18574434e+01  4.07293562e+00] -264.9043755851482
[ 6.30363686  1.49197936 -0.24041626  8.43549097 12.09254842  3.99582812] -265.1231494623135
[ 6.29544898  1.05135401  0.12130367  8.37818848 11.44233773  4.19863906] -265.0067370519342
[ 6.4301489   1.074887    0.26016552  8.12644459 11.04208947  3.41531849] -265.03113200131236
[ 6.30015162  1.30282923 -0.20500334  8.22324754 11.38951314  4.22883574] -264.97874845973337
[ 6.38109678  0.95326198  0.30732963  8.40458454 11.80900035  3.83660681] -264.9279575111623
[ 6.46567808e+00  1.17692985e+00 -1.07197769e-03  8.49423960e+00
  1.21931337e+01  4.74405509e+00] -265.2389624779245
[ 6.4390312   1.10039771  0.19485615  8.21839334 11.32985054  3.74750264] -264.8755899444998
[ 6.64823874  1.21681074  0.16230736  8.18923067 11.75538974  3.81035572] -265.0475874786873
[ 6.38364642  1.0927182   0.13155459  8.33094902 11.52060073  4.10156823] -264.88615589392253
[ 6.6713677   0.8952985   0.60080035  8.3800721  11.8519102   3.73773653] -265.03893325266023
[ 6.39295564e+00  1.20094655e+00 -3.55241734e-03  8.26245368e+00
  1.15051124e+01  4.10606094e+00] -264.87769473576935
[ 6.27490357  1.04489478 -0.1834883   8.40028237 11.60742187  4.00066395] -264.8961446951258
[ 6.17939309  1.28129743  0.01800301  8.35797674 11.60421399  3.81495569] -265.0861364184835
[ 6.49926149  1.0386689   0.10064427  8.31090795 11.60525033  4.0588567 ] -264.85692960859495
[ 6.44356884  1.31429715 -0.23003039  8.21738501 11.33289274  4.19258922] -265.01166351221536
[ 6.3967148   1.04352077  0.17298963  8.35778466 11.68997345  3.92560241] -264.85832059970767
[ 6.31130582  0.84866439  0.14578454  8.28400138 11.22862637  3.90714934] -264.87083013695013
[ 6.53273489  1.06341073  0.43091388  8.18788097 11.35238274  3.94824947] -264.93990516288363
[ 6.3393614   1.04952377 -0.02988775  8.34718202 11.54366209  3.98756033] -264.849972638733
[ 6.40923036  1.00118917  0.06205688  8.26262532 11.446891    3.80934256] -264.82949150619424
[ 6.42202233  0.95542466  0.02730802  8.22846346 11.41003613  3.66322973] -264.863793976064
[ 6.40534605  0.82637502  0.21903365  8.33117787 11.44297219  3.70594372] -264.87180509240613
[ 6.34804211  0.83558296  0.02868426  8.41283305 11.65594127  4.05064905] -264.86781344674233
[ 6.36262595  1.11267497 -0.05894305  8.32726692 11.61380932  4.20710974] -264.9045128704177
[ 6.39466602  0.89795001  0.14953948  8.33020013 11.48568147  3.83123523] -264.83988757733243
[ 6.4844529   1.10681413  0.01555771  8.389843   11.91384017  3.98059943] -264.86728696721184
[ 6.49318688  1.21030596  0.12828248  8.25334797 11.57249156  3.81374984] -264.86909326712015
[ 6.3843283   0.92926371  0.05358381  8.37296178 11.63507884  3.99142425] -264.84145081411447
[ 6.32340122  0.87989131  0.15408439  8.27071095 11.22167223  3.88740774] -264.8672310776877
[ 6.36366414  0.93662201  0.11945272  8.30049396 11.39471421  3.91070566] -264.84114287299616
[ 6.40012244  0.90755175 -0.02119316  8.2836724  11.3471192   3.93743916] -264.84513236023304
[6.26452940e+00 8.68697904e-01 1.05397277e-02 8.32147059e+00
 1.13457986e+01 3.76371236e+00] -264.8552244802831
[ 6.32321242  0.91119065  0.03306586  8.31882993 11.41066154  3.83749845] -264.83568229923605
[ 6.4190465   0.811732    0.16205628  8.27574582 11.36305333  3.78498811] -264.8539231363458
[ 6.35928267  0.99007582  0.01809826  8.32932297 11.4985099   3.93691727] -264.833077151737
[ 6.3446722   0.98121204  0.16645883  8.3544723  11.61005979  3.83493531] -264.86771228128725
[ 6.38625988  0.92596682  0.02571984  8.30137237 11.41285435  3.9118132 ] -264.831474553631
[ 6.3611102   0.95840112  0.08239387  8.24131978 11.24802531  3.75441321] -264.8457663229869
[ 6.37852378  0.93654806  0.06078633  8.34005128 11.53831546  3.93217149] -264.8325887918877
[ 6.38672757e+00  9.51018164e-01 -3.03050924e-03  8.32697337e+00
  1.15362570e+01  3.84228707e+00] -264.82842024549063
[ 6.39825928  0.95821624 -0.06427213  8.34021308 11.60702843  3.80807778] -264.83761346445175
[ 6.35307954  1.00737956 -0.08397393  8.29619161 11.46214828  3.92544145] -264.8330201424683
[ 6.43448885e+00  1.02620188e+00 -6.51357448e-03  8.30001571e+00
  1.15543305e+01  3.94849257e+00] -264.83437589181216
[6.40666974e+00 9.97449073e-01 3.38128481e-03 8.30471927e+00
 1.15184132e+01 3.92074404e+00] -264.8270896752647
[6.41421428e+00 9.49774459e-01 3.54837263e-03 8.28132144e+00
 1.14731165e+01 3.84368267e+00] -264.83270231144803
[ 6.44079567  0.91326902  0.13479466  8.30949607 11.51313425  3.82790556] -264.8348925235226
[ 6.37500857  0.98385193 -0.02928178  8.29951773 11.47489478  3.90105748] -264.8279431846174
[ 6.36659235  0.98223328  0.03632897  8.33043168 11.50275873  3.92878928] -264.83259654540603
[ 6.37849783  0.97411857  0.02813382  8.31815412 11.49534818  3.90751263] -264.82790616713214
[ 6.40227421  1.00798318 -0.03179315  8.26440277 11.42323739  3.83208084] -264.8298708358739
[ 6.39987621  1.04590321 -0.01589766  8.29075848 11.55215952  3.82586168] -264.8320576327905
[ 6.38966396  0.95595092  0.01531547  8.2987189  11.44768064  3.89032532] -264.82609671261685
[ 6.37965847  0.94654276  0.0573182   8.33916679 11.54992423  3.92500886] -264.8322870031359
[ 6.39662027e+00  9.92623076e-01 -9.51531131e-03  8.28309378e+00
  1.14549091e+01  3.85531285e+00] -264.8255058237281
[ 6.36849896  0.95048141 -0.06038922  8.34776707 11.52894332  3.96307056] -264.8367643007392
[ 6.39904751  0.98851223  0.03144535  8.28391075 11.46740408  3.84777456] -264.8248979977808
[ 6.39510839  1.01315043  0.01619012  8.26906481 11.41662632  3.93195522] -264.83051668158225
[6.38882278e+00 9.66551232e-01 1.77464816e-03 8.31249623e+00
 1.15063493e+01 3.86470411e+00] -264.8257766112197
[ 6.41143213  0.97454978  0.05279354  8.30084662 11.48847342  3.86106702] -264.82571152109267
[6.41892096e+00 9.84426861e-01 3.59783511e-03 8.27644107e+00
 1.14657284e+01 3.83913001e+00] -264.8299339861287
[ 6.38860362  0.97669565  0.02199983  8.30772585 11.48794324  3.89041697] -264.8254894193882
[ 6.38472702  0.95417855  0.03455655  8.29087811 11.43250671  3.81578957] -264.82638660409503
[ 6.3902127   0.96499618  0.02676274  8.2943384  11.45398334  3.84202819] -264.82546796520046
[ 6.4019157   0.9986918   0.02643813  8.29541831 11.5053402   3.83010925] -264.8253552421839
[ 6.4071212   0.998805    0.04820011  8.27594834 11.44633512  3.84419884] -264.8258730620031
[ 6.39339738  0.97461467  0.01338101  8.30335926 11.49134579  3.85957779] -264.82398128105433
[ 6.37850027  0.99082809 -0.01595629  8.2884355  11.4651685   3.84733951] -264.8255969036046
[6.38673323e+00 9.86758513e-01 1.23116938e-03 8.29153828e+00
 1.14709947e+01 3.85077139e+00] -264.8252426442077
[ 6.39001644  0.97079994  0.04993472  8.30900318 11.50409469  3.85157987] -264.8256409807861
[6.39496932e+00 9.87167292e-01 5.34719674e-03 8.28957113e+00
 1.14672055e+01 3.85437960e+00] -264.8243944607439
[ 6.400155    0.99021792  0.01286871  8.27831953 11.46414797  3.80446329] -264.82680111601115
[ 6.39149146  0.98007621  0.01971705  8.30037427 11.48199442  3.86892855] -264.82385483787453
[6.39897217e+00 1.00694406e+00 5.75723308e-03 8.29371893e+00
 1.15074449e+01 3.86181886e+00] -264.82564150301073
[ 6.39240257  0.97548315  0.02151136  8.29418354 11.46734873  3.84697586] -264.82390722159084
[6.38409812e+00 9.65512229e-01 4.43958234e-03 8.29222743e+00
 1.14434242e+01 3.87936000e+00] -264.82576552233036
[ 6.39746131  0.9903969   0.02093849  8.29462059 11.48986121  3.84242194] -264.824342692809
[ 6.40285662  0.97865831  0.03621565  8.2971349  11.48405851  3.85591471] -264.8245505284676
[6.39181204e+00 9.73619952e-01 7.59156814e-03 8.30917047e+00
 1.14932006e+01 3.86162492e+00] -264.8247918235257
[ 6.39362091  0.97734302  0.01355501  8.30285554 11.4867515   3.85816233] -264.82399972998553
[ 6.38492436e+00  9.83035444e-01 -4.73227675e-03  8.29785321e+00
  1.14774439e+01  3.85423398e+00] -264.825034178241
[ 6.39837355  0.97975259  0.02597867  8.29731448 11.48240485  3.85549453] -264.8241823904051
[ 6.39394641  0.97205489  0.03301334  8.3079981  11.49936334  3.85614073] -264.8240670139326
[ 6.39028279  0.96271128  0.02144699  8.3074078  11.47987501  3.87267133] -264.8254916972617
[ 6.39566668  0.9834755   0.02106562  8.2978174  11.48736466  3.84998429] -264.82409414905084
[ 6.38846825  0.97459656  0.01476913  8.30488156 11.48898463  3.85776199] -264.82428958508234
[ 6.39589723  0.97846358  0.02317628  8.29920625 11.4840498   3.85606139] -264.82399592992124
[ 6.39125197  0.96920302  0.02038573  8.30484159 11.48291987  3.86529793] -264.82440230302694
[ 6.394563    0.97990738  0.02089565  8.29957344 11.48625346  3.8538127 ] -264.8239102995323
[6.39317777e+00 9.83241113e-01 4.39878567e-03 8.29185267e+00
 1.14665512e+01 3.85836548e+00] -264.82421176175575
[ 6.39375425  0.97485145  0.0258597   8.30396174 11.49116031  3.85669692] -264.82391679220194
[ 6.39354772  0.97712246  0.02795867  8.29736396 11.48063267  3.85585541] -264.8239126402272
[ 6.39048823  0.97555486  0.01993153  8.30039915 11.48219533  3.85788768] -264.82430484003453
[ 6.39454498  0.9777364   0.02236509  8.29950447 11.48358618  3.85651797] -264.8239422743597
[ 6.39337061  0.98044434  0.03272149  8.29496121 11.4723128   3.85335134] -264.8238379657092
[ 6.39335723  0.98335918  0.04239173  8.29076219 11.46279631  3.85023811] -264.8240781714004
[ 6.39183156  0.97822526  0.02718954  8.29730158 11.47631462  3.85535562] -264.82376628760665
[ 6.39047485  0.97846969  0.02960177  8.29620013 11.47267884  3.85477445] -264.8242872664782
[ 6.39198139  0.98223482  0.02413822  8.29062426 11.46379192  3.85472957] -264.8238638335318
[ 6.39166581  0.98166793  0.02076577  8.29497548 11.46870598  3.85519581] -264.82377130369946
[ 6.3896848   0.97946986  0.0277855   8.29123334 11.45723604  3.85769956] -264.8249513367713
[ 6.39334345  0.979798    0.02261811  8.29748842 11.4789991   3.85478441] -264.823885593737
[ 6.39215886  0.98533237  0.0275387   8.29772487 11.48002422  3.86713925] -264.8238861240014
[ 6.39221979  0.98287007  0.02603186  8.29683954 11.47685535  3.8620984 ] -264.823802605566
[ 6.39084342  0.98204155  0.02756987  8.2942037  11.46765926  3.86176869] -264.8237741998446
[ 6.39182616  0.9795403   0.02719364  8.302261   11.48415556  3.8641699 ] -264.823869727826
[ 6.39194258  0.98156119  0.02490208  8.29353344 11.46888283  3.85708966] -264.82376131699493
[ 6.39246646  0.9821939   0.03334316  8.29023071 11.46158253  3.84602462] -264.8239007871007
[ 6.39173521  0.98060563  0.02312357  8.29783838 11.47689145  3.86320257] -264.82380084939035
[ 6.39004218  0.98187953  0.01713941  8.29660283 11.47279036  3.86488558] -264.8242812656123
[ 6.3925385   0.98080314  0.02882597  8.29537162 11.47243219  3.8562349 ] -264.8237919704986
[ 6.39129924  0.97876483  0.0247604   8.2942352  11.46677343  3.85418402] -264.82374422807413
[ 6.39083897  0.97671222  0.02412467  8.29293302 11.46173247  3.85022682] -264.82434057786503
[ 6.39163849  0.98041567  0.0282143   8.29203529 11.46336466  3.85007366] -264.82380935443643
[ 6.39171103  0.98055814  0.02439626  8.29638761 11.47350975  3.85992034] -264.82377381977955
[ 6.39055938  0.98013649  0.02103533  8.29484072 11.4681831   3.85826981] -264.824312247854
[ 6.39204372  0.98063648  0.02687831  8.29523889 11.47136992  3.85674363] -264.8238143982833
[ 6.39162091  0.98016301  0.02483124  8.29388432 11.46782813  3.85563684] -264.82375967259003
[ 6.3915654   0.97849505  0.02597497  8.29576839 11.47154402  3.85476982] -264.82379343395047
[ 6.39148252  0.98021638  0.02276308  8.29460534 11.46773971  3.85468991] -264.8237687754428
[ 6.39150514  0.97966149  0.02457833  8.2953114  11.47014159  3.85705218] -264.8237958141926
[ 6.39107133  0.98040319  0.02616514  8.29421945 11.46721635  3.85797635] -264.82376477444416
[ 6.39191887  0.97978399  0.02679319  8.29480341 11.46960281  3.85520946] -264.8238803658093
[ 6.39092931  0.97945066  0.02289787  8.29453796 11.46747827  3.85622691] -264.82429592817886
[ 6.39167148  0.97970066  0.02581936  8.29473704 11.46907168  3.85546382] -264.82375745396246
[ 6.39139849  0.97958622  0.0255264   8.29383851 11.46658285  3.85385474] -264.82377286805706
[ 6.39128259  0.98111638  0.02398023  8.29273823 11.46352669  3.85583207] -264.82377209592306
[ 6.39141087  0.98053527  0.02391342  8.29430135 11.46746915  3.85740626] -264.82372586880706
[ 6.39141706  0.98100979  0.02310692  8.29453277 11.4679123   3.85918202] -264.8237777561583
[ 6.39156952  0.9788114   0.02543731  8.29592267 11.47183946  3.85595366] -264.8237962582708
[ 6.39135433  0.98054014  0.0243445   8.29353434 11.46560488  3.85586247] -264.82379061906147
[ 6.39135505  0.97965005  0.02433691  8.29426827 11.46712129  3.85579514] -264.8237991245789
[ 6.39154117  0.98011796  0.02486639  8.2945192  11.46827041  3.85643504] -264.82379903928154
[ 6.39151589  0.98034914  0.02437233  8.29409283 11.46764864  3.85652155] -264.8237246563699
[ 6.3912411   0.98046923  0.02503928  8.2942604  11.46734275  3.85769131] -264.82376736288626
[ 6.3914467   0.98037582  0.02333825  8.29445334 11.46760443  3.85604809] -264.8237858868649
[ 6.39134673  0.98082583  0.02394682  8.29351979 11.46549792  3.85661917] -264.8237660827428
[ 6.3914791   0.98124103  0.02415525  8.29411403 11.46748981  3.85777867] -264.8237657831511
[ 6.39127229  0.98114748  0.02338873  8.29372805 11.46608048  3.85758664] -264.8237699458271
[ 6.39130863  0.98114683  0.02493369  8.29355214 11.46623849  3.85848644] -264.82380619938175
[ 6.39141218  0.98056858  0.02373711  8.29422804 11.46726294  3.85665768] -264.82377370687675
[ 6.39134315  0.98095408  0.02453483  8.29377744 11.46657997  3.85787685] -264.82378832642263
[ 6.39139492  0.98066495  0.02393654  8.29411539 11.4670922   3.85696247] -264.8237830002041
[ 6.39146338  0.9804422   0.02414287  8.29419709 11.46755889  3.85696391] -264.8237502610727
[ 6.39149749  0.98079509  0.02426379  8.29410343 11.46756922  3.85715011] -264.8237660754262
[ 6.39143131  0.98058748  0.02415958  8.29380631 11.46657328  3.85657036] -264.82378312082096
[ 6.39137849  0.98040918  0.0247058   8.29417662 11.46749569  3.85710643] -264.8237877957308
[ 6.39139409  0.98074831  0.02388053  8.29391044 11.46686456  3.85705409] -264.823776213428
[ 6.39146403  0.98045886  0.02405472  8.29416044 11.46745579  3.85658961] -264.82382913396725
[ 6.39142952  0.98065161  0.02445358  8.29393514 11.46711431  3.8571992 ] -264.823788169135
[ 6.39143815  0.98060342  0.02435386  8.29399146 11.46719968  3.8570468 ] -264.82380876482944
[ 6.39148963  0.98039567  0.0242576   8.29414496 11.46760377  3.85674273] -264.82373673290573
[ 6.39150669  0.98057211  0.02431806  8.29409813 11.46760893  3.85683583] -264.82379429060444
[ 6.39145499  0.98054872  0.02412643  8.29400164 11.4672566   3.85678782] -264.82379379126434
[ 6.3914736   0.98046831  0.02426595  8.29394957 11.46711096  3.85654595] -264.82374760114084
[ 6.39144719  0.98037916  0.02453906  8.29413473 11.46757217  3.85681399] -264.82377577338775
[ 6.39148996  0.980404    0.02421352  8.29412664 11.46755222  3.85655558] -264.82377318623514
[ 6.3914504   0.98027622  0.02427357  8.29405199 11.46730585  3.85648671] -264.8238137105767
[ 6.39149262  0.98049814  0.02430694  8.2940866  11.46753316  3.85674855] -264.8237459590791
[ 6.39151464  0.98028275  0.02452537  8.2941768  11.46775037  3.85652163] -264.823789642275
[ 6.39149973  0.98034924  0.02442564  8.29413301 11.46762693  3.85658818] -264.8237607240806
[ 6.39153995  0.98044234  0.02407493  8.29404315 11.46745306  3.85642019] -264.82379521358814
[ 6.39147038  0.98039496  0.02442303  8.29411183 11.46754239  3.85671554] -264.823755093585
[ 6.39149066  0.98041449  0.0244703   8.2940463  11.46746973  3.85673192] -264.82373497054607
[ 6.39147786  0.98049099  0.02427308  8.29401102 11.46734262  3.85674724] -264.8238214745198
[ 6.39149426  0.98038468  0.0243875   8.29410252 11.46755585  3.85662794] -264.82378142209
[ 6.39150327  0.98038181  0.02442132  8.29406957 11.46755919  3.85662673] -264.82379825053806
[ 6.39150276  0.98037241  0.02431496  8.2941189  11.4676262   3.85663214] -264.82373102888226
[ 6.39150425  0.98042364  0.02433963  8.29408972 11.4675909   3.85663505] -264.823738828835
[ 6.39149474  0.98040873  0.02431914  8.2940212  11.4673798   3.85653375] -264.8237942280242
[ 6.39149314  0.98037205  0.02439768  8.29410233 11.46759551  3.85661854] -264.8237304755374
[ 6.39150781  0.98034919  0.02439898  8.29411292 11.46763778  3.85655486] -264.8237689666588
[ 6.39150293  0.98037657  0.02429293  8.29410974 11.46760043  3.85653857] -264.82375147694205
[ 6.39151418  0.98033894  0.02438636  8.29418761 11.46785336  3.85663315] -264.82377110609445
[ 6.39150932  0.98035639  0.02436956  8.29414601 11.46773497  3.8566083 ] -264.82373169161013
[ 6.39150162  0.98040087  0.02429671  8.29410692 11.46762777  3.85662985] -264.82380719077025
[ 6.39150626  0.98036211  0.02437341  8.29411142 11.46763528  3.85657361] -264.82381875487056
[ 6.39150451  0.98036059  0.024385    8.29409758 11.46762208  3.85657005] -264.8237468207373
[ 6.39150933  0.98036077  0.02434365  8.29410587 11.46763742  3.85657684] -264.8237858431861
[ 6.39151261  0.98035276  0.02437094  8.29411942 11.4676918   3.85656493] -264.82373778944566
[ 6.39151007  0.98038639  0.02435598  8.29409128 11.46761977  3.8565783 ] -264.8237332566966
[ 6.39150941  0.98036285  0.02433263  8.29410129 11.46762453  3.85653006] -264.8237683349736
[ 6.39151185  0.98034917  0.02438565  8.29410288 11.46764321  3.85653821] -264.82381766317883
