 Warning: xe at redshift zero is < 1
 Check input parameters an Reionization_xe
 function in the Reionization module
 Warning: xe at redshift zero is < 1
 Check input parameters an Reionization_xe
 function in the Reionization module
 Warning: xe at redshift zero is < 1
 Check input parameters an Reionization_xe
 function in the Reionization module
[-0.10778751 -0.57166364 -0.14541585 -0.15274329  0.4868675   2.05815272] -246.55121321052007
[-0.3933606   0.32978203  1.36437181 -1.21384763 -2.21963131 -0.99608914] -247.66906510022287
[ 0.22281037  0.49583845 -0.9714606  -0.89425896  1.35269171  1.54388266] -260.6886930484198
[-1.67873371 -1.63373675  0.24569507  0.08292052  1.59959134  1.23786529] -266.9870947893704
[-0.51762243 -2.33527491 -0.68642642 -0.37654605  1.4349126   1.65159532] -256.3314548619485
[-1.63606367  1.07245727  0.74354803 -0.43801121  1.43062261 -0.56026105] -264.4227325465188
[ 0.84014125  2.71607802  0.47812753  1.08066388  0.06598031 -1.04490209] -255.63697624225892
[ 1.14810617  2.20280915  0.01521977 -0.74783494 -0.74911021 -0.35373915] -237.9215482223033
[ 2.56152611  4.1210821  -0.10001789 -1.16321268 -1.92346098 -1.14954137] -257.6720782057011
[ 2.03349275 -0.12660091 -0.72540929 -0.33017779 -1.30671908  1.51322782] -238.28223152496227
[ 0.77817951  0.24253813  1.07161645  0.31409702 -2.11525844 -0.60113417] -246.37675526065112
[ 1.95054629  3.93292251  1.37259656  0.02659847 -3.38086968 -1.45975666] -294.1827473536689
[ 0.09941975 -0.76822556 -0.17167068 -0.27575992  0.23096703  0.87375733] -236.65278912763554
[ 0.34587544 -2.27986494 -0.00855679 -1.88275273 -1.95694181  1.87629389] -241.82523486009137
[ 1.82578931 -0.76345129 -1.35244395  0.18879042  0.41623298  2.78494196] -255.30578902019937
[ 0.16142687  0.0564737   0.68516787 -0.86318812 -1.56066524 -0.05083137] -233.45813348641371
[ 1.62995434  0.3473735   0.43420496 -1.10912887 -2.97277675 -0.9722946 ] -258.544988890232
[ 3.26647954e-01 -3.41904354e-01 -5.10650086e-04 -3.91839682e-01
 -3.78043564e-01  1.30054089e+00] -233.58712949264708
[ 0.59347681 -0.66164244 -1.14020304 -1.81128142  0.20842082  2.32088398] -235.86792381672268
[ 1.10831466  2.40016814 -0.43724521  0.4093921   0.77189173 -0.0083474 ] -256.3911833724511
[ 0.53648525 -1.10985667 -0.1157289  -1.30971652 -1.27473343  1.40513357] -229.52072474935463
[-1.07830515 -0.08084781  0.48283408 -1.46969575  0.13233088  0.31868726] -229.5581322545209
[-0.93505568 -3.17147686 -0.10192354 -1.29265886 -0.1314643   2.40979637] -229.37539679414778
[-1.97663661 -5.85861987 -0.16049519 -1.56507081  0.17735866  3.79156413] -241.0412682877579
[-0.2311944  -1.00152592  0.10821596 -2.10370019 -1.23235198  1.69431291] -230.96796854219983
[-1.00014186 -1.22140354  1.49288798 -0.66565162 -1.69006336  0.03832923] -239.05141136011596
[ 0.19507214 -0.80158271 -0.48193028 -1.52487397 -0.26620023  1.75024529] -228.8646604158576
[-0.77717161 -1.69436774  0.19272238 -2.46277145 -1.06631787  1.20857379] -233.52434350838396
[-0.50121672 -1.35625189  0.14441412 -1.94503851 -0.89424929  1.23156556] -227.33437007102125
[-0.83283173 -2.56365433 -0.67320739 -2.35203981  0.33844246  2.98741169] -228.68636480356787
[-0.64075623 -2.02636417 -0.35672992 -1.19430761  0.53372734  1.67330034] -233.09677801334652
[-0.33358486 -1.25773548 -0.00802051 -1.87635205 -0.79083215  1.68905976] -226.95975673553764
[ 0.45459462 -3.33933817 -0.89496625 -1.96386416 -1.13867652  3.50571682] -237.7716626717472
[-0.69508021 -0.8954704   0.138384   -1.59323785 -0.18542097  1.11544465] -226.17763025374722
[-1.5707176  -2.23886722 -0.21169897 -2.2183505   0.63149194  2.32270754] -227.88574312618957
[-0.31106398  0.13362285 -0.26209614 -2.54397204 -0.25745845  1.28901513] -225.9244878932355
[ 9.31875405e-04  1.78617270e+00 -3.42182449e-01 -3.16962863e+00
 -3.20455525e-01  7.28624510e-01] -229.8214179994042
[-1.60990384 -1.92453611  0.19118865 -2.65145628 -0.11980859  1.79482282] -227.90109408648757
[-0.841024    0.05057491  0.67059777 -1.92409593 -0.87720163  0.1601268 ] -228.95577068025526
[-0.8348798  -1.91009702 -0.3372561  -2.24505384  0.03453144  2.28059047] -226.03591475558974
[ 0.19438945 -0.58373028 -0.36994652 -1.48921198 -0.3675039   1.51463822] -228.2618850304786
[-1.15883051 -1.58933465  0.05090486 -2.36089521 -0.18173242  1.72477667] -225.5368388607921
[ 0.29249891 -0.05288831  0.12047571 -1.96983267 -1.38987922  0.78744321] -231.02399174870126
[-1.10491347 -1.69237249 -0.1286553  -2.15622104  0.12614915  1.93889146] -225.6371045503555
[-0.97823422 -1.04754384 -0.32666052 -2.31353883  0.47599483  2.11436048] -227.97679968120153
[-0.62047109 -1.27907488  0.02664546 -2.03716359 -0.55168826  1.45226429] -225.66116537879245
[-1.24149483 -1.15317338 -0.16267056 -2.43582914  0.45229231  1.57793446] -225.21912005740788
[-1.69544982 -1.10089233 -0.23999558 -2.71556769  1.07385454  1.5223718 ] -227.17720882522343
[-1.06213769 -1.60133946 -0.40942659 -2.9998071   0.05945223  2.30571284] -226.44380347995036
[-7.86844578e-01 -1.07193767e+00  1.43135033e-03 -1.94488016e+00
 -1.24202671e-01  1.41301170e+00] -225.28836637855557
[-0.90632636 -0.30732639  0.17910932 -2.24793322 -0.21341155  0.8513741 ] -225.10461674866295
[-0.94204964  0.49405892  0.43729203 -2.24937291 -0.33738305  0.13676592] -226.84209500845847
[-1.62856297 -2.49802934  0.25101785 -1.85033541  0.09326063  1.69706909] -226.68636158097362
[-0.64043873 -0.5242902  -0.13381764 -2.37056288 -0.16977868  1.39102862] -225.00810486268495
[-1.32581173 -0.83373672 -0.09121145 -2.46827696  0.51479364  1.51340804] -225.92927068998833
[-0.79680625 -1.16774034 -0.00281877 -2.14494193 -0.28506779  1.46755023] -224.97128956733545
[-0.73866695 -0.24556172  0.10603482 -2.34545981 -0.30011608  0.86966714] -225.01374331461705
[-0.54469538  0.09932476 -0.05514869 -2.13564051 -0.03169573  0.79874541] -226.0421742150736
[-1.00529673 -1.1671698   0.02439147 -2.30458153 -0.14422325  1.49326886] -224.83511732158127
[-9.89498705e-01 -4.49816277e-01  1.97819644e-03 -2.67155601e+00
 -9.58990072e-02  1.13726277e+00] -224.74332162607502
[-1.09082577e+00 -1.38755582e-01  2.25161949e-03 -3.03489393e+00
 -8.17471754e-02  9.99388304e-01] -225.70916165798937
[-0.45084974 -0.13412819  0.22096303 -2.25918265 -0.85512443  0.82544945] -227.66663120790835
[-1.04383356 -0.89841209 -0.06676216 -2.39166752  0.12543813  1.3898132 ] -224.58675277682147
[-0.83185395 -1.17700375 -0.20277402 -2.49499001 -0.07647067  1.7314895 ] -224.76708433764992
[-1.03057569 -1.5492491  -0.23263579 -2.44730682  0.08478233  2.00047059] -225.14295412982509
[-0.81164414 -0.57148356  0.02136717 -2.37092156 -0.20389148  1.152368  ] -224.71280243470034
[-1.18587239 -1.28625174  0.05894494 -2.42232331 -0.05692601  1.39955557] -224.63275704351236
[-1.15919357 -0.6823054  -0.05146604 -2.74040471  0.13441036  1.30036907] -224.33918519562886
[-1.34038723 -0.43958793 -0.07578967 -3.0381361   0.34414943  1.21677849] -224.39817168766115
[-1.00200204 -0.52125447 -0.10396211 -2.72603951  0.08644368  1.21035052] -224.25102494124457
[-1.00035469 -0.1982968  -0.1681389  -2.93676849  0.20177715  1.06889135] -224.25221358006922
[-1.23216085 -0.29283743  0.15614068 -2.61264753  0.07299589  0.79841687] -224.68058170493353
[-1.15540347 -0.96769862  0.00277596 -2.41644537  0.14872253  1.27969497] -224.33543983393105
[-1.44784449 -0.97810302 -0.02281007 -2.73225442  0.37425301  1.30703207] -224.19766097434376
[-1.76594466 -1.18141275 -0.0448987  -2.91292085  0.66332525  1.3843641 ] -224.39168132972844
[-1.09922232 -1.48517101 -0.21723384 -2.53039742  0.19778467  1.8305216 ] -224.61209023279034
[-1.11662743 -0.55806313 -0.2120977  -2.75674634  0.41261013  1.37303824] -224.57604521156063
[-1.20907919 -0.05010789  0.06579314 -2.72412187  0.22950794  0.78957776] -224.76578836923352
[-1.12668654 -1.12640523 -0.1464771  -2.57882853  0.20571549  1.57028564] -224.3167429823991
[-1.29208562 -0.71286454 -0.11125019 -2.92523877  0.32861361  1.29044363] -224.0565345339099
[-1.41621165 -0.62009076 -0.1334942  -3.1920244   0.43020135  1.24075885] -224.22291099803616
[-1.27777781 -1.10481396  0.06770118 -2.6163241   0.01344276  1.27968706] -224.5727988894454
[-1.23749022e+00 -9.68126255e-01 -2.24853867e-03 -2.65142966e+00
  1.13234600e-01  1.30302485e+00] -224.25790265275285
[-1.26131056 -1.07584531 -0.07652465 -2.60300737  0.28458395  1.35324149] -224.04690032840267
[-1.31236905 -1.27261527 -0.08905395 -2.5343087   0.35967075  1.3796777 ] -224.07629693533096
[-1.30040301 -0.82650099 -0.15720018 -2.98915405  0.31555891  1.39843109] -224.15947402965068
[-1.38702544 -0.56782629 -0.01152148 -2.96354606  0.29518043  1.05055558] -224.2149963687939
[-1.32606683 -0.59267195 -0.15884102 -2.99498374  0.44830993  1.23365994] -223.99262118872502
[-1.37035514 -0.4049448  -0.23713726 -3.16676078  0.6158476   1.19897748] -224.08135834115816
[-1.66957661 -1.06334956 -0.07542042 -3.01002197  0.59572293  1.33410408] -224.12146453586115
[-1.37873694 -1.18195216 -0.1891607  -2.78800738  0.48716701  1.58841519] -224.21525500201133
[-1.38495331 -0.72135776 -0.05593129 -2.91966139  0.34317708  1.18502048] -224.06289771367125
[-1.29695416 -0.68609369 -0.18891251 -3.08176801  0.3977358   1.29126817] -223.9490870826577
[-1.221509   -0.54008902 -0.27196372 -3.25652481  0.40947719  1.28338622] -224.07304486207613
[-1.44324602 -0.79089328 -0.06509317 -2.8557397   0.48382218  1.16414817] -223.93733092236425
[-1.51466752 -0.77308943 -0.01903967 -2.78903253  0.56795382  1.04700672] -224.0934914699101
[-0.99862889 -0.46322594 -0.14343052 -2.78344436  0.16635792  1.17182321] -224.10337516671754
[-1.16636582 -0.61325685 -0.126428   -2.84008876  0.27369917  1.21239343] -223.98270450288692
[-1.21038969 -0.76918411 -0.18641856 -2.84728073  0.39574447  1.33003113] -223.92582579468075
[-1.12310788 -0.79309729 -0.2516622  -2.8110904   0.42202816  1.40253646] -224.03868829880565
[-1.27602541 -0.79645053 -0.15615578 -2.81571733  0.43268489  1.23780381] -223.8496729269976
[-1.2679953  -0.83824352 -0.17860858 -2.76095661  0.48472054  1.2114839 ] -223.87326534447521
[-1.31170542 -0.34033816 -0.21742503 -3.20885205  0.52608153  1.13652673] -224.01397133051563
[-1.2991067  -0.52421495 -0.18219994 -3.05739088  0.46570714  1.19070542] -223.9147448496944
[-1.23796243 -0.80069251 -0.14289496 -2.83767807  0.36815462  1.24179011] -223.7685604820573
[-1.19391023 -0.9047028  -0.13492193 -2.75902523  0.32807696  1.24585519] -223.68678967394948
[-1.40684492 -0.87725627 -0.1781393  -2.96555187  0.56089131  1.27421054] -223.72561574012897
[-1.31288683 -0.86814029 -0.11206372 -2.6851339   0.49123985  1.18964992] -224.05289421152375
[-1.30093733 -0.73160534 -0.16970031 -2.98260948  0.42111181  1.26586361] -223.82415432997664
[-1.11915874 -0.74357805 -0.2707521  -2.95345214  0.38425001  1.35067506] -223.77087466557933
[-1.32160475 -0.75675186 -0.17753789 -2.99730158  0.46849624  1.19167341] -223.62880970997267
[-1.37721228 -0.75053574 -0.17309756 -3.07231201  0.50487212  1.12249455] -223.54652612425906
[-1.25892293 -1.07716129 -0.17872239 -2.79216514  0.41158857  1.30826217] -223.5762639060058
[-1.27630341 -0.89849597 -0.21228875 -3.02598796  0.4375787   1.28464989] -223.55818695061504
[-1.24318018 -1.01897136 -0.21294037 -2.8735553   0.45464075  1.26285219] -223.4114763380089
[-1.2143016  -1.16265438 -0.2345604  -2.81902821  0.47140522  1.26134648] -223.27172300550671
[-1.45667305 -1.14669076 -0.09982468 -2.85790467  0.52055428  1.14826455] -223.39722276036568
[-1.18559625 -1.10282405 -0.1663326  -2.80992254  0.33046731  1.18274708] -223.2685199900165
[-1.07497192 -1.21560794 -0.16042925 -2.73210788  0.21525531  1.13701535] -223.17715778836825
[-1.35888483 -1.17901256 -0.21805241 -3.00747672  0.52567444  1.17482247] -223.11184704967437
[-1.44137213 -1.31616744 -0.25961765 -3.13170247  0.62447318  1.13930611] -222.9831514973434
[-1.35468853 -1.08622278 -0.20121704 -3.08751593  0.51312437  1.05609681] -223.0492273605121
[-1.36343643 -1.32746371 -0.16396011 -2.87420243  0.51231613  1.00352473] -222.80311400657496
[-1.40700294 -1.54194759 -0.13979579 -2.79830966  0.54968484  0.86296215] -222.5475887443138
[-1.27245777 -1.73922789 -0.19205071 -2.73654426  0.45996027  1.07916926] -222.69318450723642
[-1.13159192 -1.54058524 -0.2960656  -2.91049813  0.42408011  1.03036751] -222.55320718365226
[-1.34639347 -1.65059858 -0.18183162 -2.97986456  0.45745414  0.84029258] -222.72738645948536
[-1.576197   -1.74264191 -0.26309688 -3.14937045  0.79433699  0.86571613] -222.4733303529725
[-1.82680955 -2.0061589  -0.3144307  -3.35800174  1.08387784  0.73006652] -222.2155403516679
[-1.45385406 -2.17867243 -0.26004698 -2.88412435  0.68671909  0.83795789] -222.3418797200832
[-1.37133111 -2.23622944 -0.20178948 -2.75741177  0.59611892  0.65429919] -222.14825006032999
[-1.3363106  -2.69626044 -0.17287539 -2.57026641  0.58194179  0.41179573] -222.20540173788558
[-1.47462232 -2.09700858 -0.28622813 -2.83509874  0.80935955  0.89131493] -222.34420850706232
[-1.61594619 -2.1276395  -0.30740152 -3.11127054  0.92331984  0.58982013] -222.0880080750891
[-1.7876904  -2.3218453  -0.36507692 -3.29863368  1.15499962  0.34514556] -222.97856895235302
[-1.91826347 -2.5219669  -0.20716527 -3.0042408   1.12561324  0.49177276] -222.60237042632411
[-1.32825981 -1.78593066 -0.27384052 -2.9339338   0.5994634   0.89571882] -222.28540846964646
[-1.61660473 -2.60193225 -0.40811665 -3.16163732  1.01660137  0.67009701] -222.4344037387837
[-1.56420429 -2.33693608 -0.34103644 -3.0708054   0.89987224  0.7183133 ] -222.23362600624216
[-1.57884602 -2.12684709 -0.27995374 -3.20341713  0.78709756  0.58407702] -222.68580122612198
[-1.50067824 -2.10446821 -0.28465954 -2.92717833  0.80379405  0.81450545] -222.20022043481464
[-1.61522233 -2.02044849 -0.31433908 -3.16874284  0.948763    0.62961657] -222.06675783196388
[-1.69590646 -1.94133652 -0.34148513 -3.31105209  1.07978496  0.52544591] -222.0256617124334
[-1.86336547 -2.46499222 -0.32309375 -3.24463949  1.19612589  0.44843134] -222.19470468290012
[-1.72714139 -1.95667218 -0.24991693 -3.16571258  0.99446826  0.53587622] -222.13960840063362
[-1.43131341 -2.27095379 -0.25501809 -2.81441986  0.78065947  0.4593929 ] -221.80883315858543
[-1.23356534 -2.40335124 -0.22531178 -2.54262892  0.62905029  0.32405609] -221.78172142602799
[-1.66840708 -2.27227216 -0.26500666 -3.11706013  1.00249534  0.21147084] -221.89761815775807
[-1.24073371 -1.84750813 -0.20721008 -2.75707252  0.54561998  0.49855811] -221.78308551478648
[-1.68923562 -1.94669714 -0.33032122 -3.24418716  1.12879397  0.24077658] -221.69322701682893
[-1.84818787 -1.80193099 -0.39458709 -3.48757486  1.39513149  0.03401527] -222.66162043952667
[-1.32079008 -2.22292938 -0.3089952  -2.86204454  0.77521986  0.260833  ] -221.485827253133
[-1.11761442 -2.35605799 -0.33853433 -2.71021051  0.66559567  0.12331139] -221.4023695046332
[-1.26587468 -2.12810156 -0.26188822 -2.78279991  0.76046023  0.05138618] -221.28672567446736
[-1.09083893 -2.12833259 -0.23913157 -2.6185646   0.67903042 -0.2178308 ] -221.17161937949328
[-0.98422524 -2.37673656 -0.19368675 -2.35218919  0.47041026 -0.13199851] -221.5183374915196
[-0.78366401 -2.08062239 -0.24639192 -2.29122417  0.37033819  0.06748678] -221.67376049885993
[-1.0589808  -2.58309118 -0.31724911 -2.495929    0.76878628 -0.36329094] -221.50159881043064
[-1.00795433 -2.08716137 -0.32979319 -2.69480595  0.73193464 -0.41790458] -221.04566890916215
[-0.89514883 -1.92906644 -0.38203389 -2.77089447  0.78337682 -0.78888492] -221.00895638512412
[-0.28758846 -2.53793857 -0.2420213  -1.83548348  0.11705191 -0.67784557] -222.36964950168152
[-1.33882383 -2.0945075  -0.30824624 -2.89201124  0.87585845  0.01112104] -221.24663766918434
[-1.37821334 -2.4086417  -0.34656871 -2.98870883  1.04401444 -0.52334436] -221.21539537981852
[-1.30898148 -2.12316257 -0.45023453 -3.13991703  1.13514377 -0.45430768] -221.02801573689334
[-1.31755948 -1.76349841 -0.37100065 -3.2108399   0.95888691 -0.25335417] -221.09353944563384
[-1.32557421 -1.79301175 -0.36053753 -3.16343484  1.15984127 -0.86551169] -221.04490301327445
[-1.09994827 -1.95406365 -0.40825605 -3.07210865  1.04423942 -1.04553225] -221.03148143385442
[-0.96780372 -1.48840344 -0.39049603 -3.003211    0.87615842 -0.68512948] -220.9840355040208
[-0.76259892 -1.02828432 -0.41245969 -3.01046208  0.79223041 -0.76602204] -221.38242647753643
[-1.2141664  -1.55540283 -0.54838799 -3.5015707   1.30685178 -1.14640926] -221.335395681021
[-1.1216708  -1.98510015 -0.31644567 -2.83931612  0.83598576 -0.44997541] -220.95857511023468
[-0.92214963 -1.99410425 -0.39833392 -2.78545414  0.98602824 -1.1764263 ] -221.37936290883388
[-1.21870702 -1.82114987 -0.37783397 -3.10449346  0.96567224 -0.48412221] -220.92540749562167
[-0.8785125  -1.97397029 -0.41456252 -2.81321206  0.72035087 -0.43713896] -220.9805080675589
[-1.03032652 -1.81955393 -0.36894615 -2.8182394   0.72798987 -0.05432064] -221.11271614518816
[-1.08254283 -1.92043622 -0.39842857 -3.00864134  0.96517703 -0.79772934] -220.92848872097258
[-0.74581375 -1.58287957 -0.30969902 -2.70667245  0.58042995 -0.76001909] -221.04380113556667
[-1.16818955 -1.98809182 -0.41510065 -3.03160589  0.99646531 -0.53073554] -220.9330617373016
[-1.25065997 -1.79665083 -0.38892191 -3.16259882  1.0032264  -0.33939206] -220.94353859183906
[-1.2722905  -2.34006296 -0.37993507 -2.98341156  0.95280078 -0.32790169] -221.1373703093405
[-1.04392542 -1.70131832 -0.38785579 -2.99826114  0.89531901 -0.59582253] -220.9035145906358
[-1.41671936 -1.76361212 -0.34696634 -3.23509352  1.16693104 -0.62878674] -221.04608297874253
[-1.01306421 -1.92138075 -0.39766347 -2.91868243  0.83199592 -0.4850509 ] -220.91184801271643
[-1.13735887 -1.73124245 -0.47215578 -3.2354449   1.04996621 -0.62764211] -220.93321644711608
[-0.97060266 -1.89788898 -0.42742417 -2.93644423  0.89830551 -0.83430882] -220.96647994274696
[-1.18064564 -1.82196037 -0.39854748 -3.10606017  0.97699618 -0.46312125] -220.90307488979136
[-1.09833269 -1.99353667 -0.31965419 -2.82046991  0.82724235 -0.49121848] -220.95920438455175
[-1.12760232 -1.79681601 -0.43403039 -3.13170115  0.99428525 -0.5935362 ] -220.9005343946252
[-1.05397293 -1.6729287  -0.38301924 -3.05767401  0.88001656 -0.60905861] -220.88570840441383
[-0.99686462 -1.51534713 -0.36697853 -3.07070807  0.82179219 -0.64822015] -220.92050347251777
[-1.13009635 -1.65808178 -0.39455487 -3.09698278  0.88291802 -0.27917456] -220.94417880923285
[-1.09443121 -1.85484761 -0.39746015 -3.0307267   0.94461228 -0.66809065] -220.8956172806092
[-0.9525069  -1.76860071 -0.42169154 -2.97654174  0.87540282 -0.65410451] -220.91548038160093
[-1.01905693 -1.781738   -0.41072714 -3.00852967  0.89797018 -0.61160894] -220.8920208963844
[-1.16014727 -1.62182226 -0.40621659 -3.19230185  1.03107057 -0.69536182] -220.92731408863904
[-1.04983498 -1.84649113 -0.39980175 -2.98708728  0.88176458 -0.53762863] -220.89058199050828
[-1.13125592 -1.89027562 -0.42000626 -3.10899852  0.96322933 -0.56519223] -220.90473434991696
[-1.06575804 -1.74855765 -0.39589341 -3.02594548  0.91229659 -0.58816496] -220.88970698124103
[-0.95623983 -1.74516599 -0.40842988 -2.97449459  0.85998564 -0.73957475] -220.91490424935498
[-1.12454419 -1.80276178 -0.40101808 -3.07316878  0.94774354 -0.53223463] -220.88828487639017
[-1.00826377 -1.77229228 -0.36194287 -2.92934282  0.82718266 -0.58872593] -220.88978799551734
[-1.0127124  -1.68674223 -0.38667401 -2.99652265  0.83771243 -0.48771658] -220.893132695588
[-1.0331421  -1.72876857 -0.38937055 -3.00507366  0.86443739 -0.5328101 ] -220.88544245667546
[-1.09278175 -1.74219536 -0.36628815 -3.01756768  0.87317693 -0.51793202] -220.88629823601977
[-1.07631928 -1.64267699 -0.36604234 -3.04917019  0.88651998 -0.58534678] -220.888511117174
[-1.14057566 -1.67367073 -0.40526772 -3.14685711  0.960881   -0.5331231 ] -220.90309044936748
[-1.04134174 -1.74763689 -0.37277408 -2.98372139  0.86060725 -0.57482522] -220.88299677090222
[-1.07494262 -1.69709845 -0.36361074 -3.03617975  0.85853729 -0.5292375 ] -220.88392855607745
[-1.0639225  -1.8211196  -0.39265127 -3.0086249   0.87498634 -0.51335258] -220.8851766468839
[-0.99549036 -1.66715408 -0.3548866  -2.96311169  0.78951038 -0.56017072] -220.89049887451708
[-1.09228073 -1.76885985 -0.38948521 -3.0456545   0.90818525 -0.53921865] -220.88282590509317
[-1.0270858  -1.73660866 -0.39734887 -3.02807506  0.87574643 -0.58156887] -220.88042066081528
[-0.99423782 -1.73381531 -0.41287923 -3.03332876  0.87703118 -0.61338729] -220.88587836056854
[-1.05693223 -1.82710198 -0.38539433 -2.97810242  0.86748342 -0.48127903] -220.889858595283
[-1.05471276 -1.71147202 -0.38361301 -3.03778111  0.87688328 -0.57711372] -220.88121517672323
[-1.08495328 -1.76549658 -0.37712385 -3.04160524  0.88721122 -0.57229541] -220.88071841863544
[-1.06118315 -1.65460455 -0.36866732 -3.04904746  0.88073723 -0.61140054] -220.8840700879981
[-1.06186798 -1.69623331 -0.37466331 -3.03894182  0.87929951 -0.58688855] -220.8804089598116
[-1.04580481 -1.77833732 -0.40139204 -3.02241329  0.90410702 -0.61473264] -220.8856650242755
[-1.06765817 -1.71740817 -0.37305606 -3.03273814  0.86992973 -0.55061128] -220.88033370115124
[-1.08817783 -1.71772264 -0.39232269 -3.09121056  0.90514456 -0.5610736 ] -220.8861348795338
[-1.05305076 -1.74015833 -0.37766123 -3.01059369  0.87174158 -0.57138732] -220.88001392031293
[-1.02416218 -1.6869325  -0.37167024 -3.01759052  0.84541866 -0.60740307] -220.8809251467694
[-1.05154664 -1.7361405  -0.37356151 -3.01873371  0.86623243 -0.57960445] -220.87669713886513
[-1.04996358 -1.74847474 -0.36853576 -3.00921001  0.86090701 -0.58084982] -220.8748590282005
[-1.09069767 -1.78119409 -0.38445946 -3.0361308   0.90285983 -0.54046402] -220.88092277536464
[-1.0740638  -1.7576287  -0.38126215 -3.03149573  0.88849954 -0.55719878] -220.87880279693974
[-1.02627675 -1.70000739 -0.38038528 -3.00874624  0.86149671 -0.57053946] -220.88201267339207
[-1.07028415 -1.74912428 -0.37793921 -3.03339049  0.88078259 -0.57185642] -220.87869519512142
[-1.09854368 -1.73306719 -0.35369037 -3.02404823  0.87464022 -0.55802852] -220.8822156987022
[-1.04495027 -1.73572329 -0.38643425 -3.02706835  0.87546988 -0.57568378] -220.87853604173316
[-1.05812226 -1.78660586 -0.38029958 -3.00922365  0.8698106  -0.54897392] -220.8783327405094
[-1.04915343 -1.7884969  -0.38432133 -3.00758917  0.87914067 -0.5847054 ] -220.8779355140048
[-1.06246173 -1.78185959 -0.38193619 -3.02873212  0.87979519 -0.56836872] -220.8760732971292
[-1.03758134 -1.77246619 -0.37855995 -3.00690887  0.86013578 -0.58628057] -220.87564317513733
[-1.03046005 -1.78875124 -0.38208981 -2.9961869   0.86097045 -0.57643098] -220.8759536338577
[-1.05096386 -1.81982822 -0.37214663 -2.99221522  0.86145002 -0.57285268] -220.8756187560366
[-1.03540574 -1.78001977 -0.37556364 -3.00439045  0.86432244 -0.60752214] -220.8734202783317
[-1.02404748 -1.77672673 -0.37319567 -3.00197384  0.86157836 -0.63679625] -220.8726592489225
[-1.03600591 -1.77420534 -0.36783334 -3.00415315  0.84913826 -0.58915428] -220.87228528499475
[-1.02943215 -1.76705957 -0.35958935 -3.00243514  0.83413705 -0.59137872] -220.8720265306504
[-1.01168776 -1.7759093  -0.36276953 -2.97424454  0.83326437 -0.61316096] -220.87277515325923
[-1.037432   -1.76473701 -0.35617582 -2.99947564  0.84285375 -0.61734202] -220.872156257161
[-1.03026094 -1.77844567 -0.3522443  -2.98627593  0.83792774 -0.61784625] -220.86932189413895
[-1.02660074 -1.7814354  -0.33908648 -2.97595946  0.82682373 -0.63362908] -220.8674839585083
[-1.00875737 -1.71828603 -0.34763758 -2.99555099  0.82507141 -0.65153293] -220.87169839036855
[-0.99602226 -1.77957661 -0.34428239 -2.9740032   0.81366921 -0.66709684] -220.8708530605309
[-1.02907624 -1.75336448 -0.34388623 -3.00888821  0.83478014 -0.65276433] -220.8710921123645
[-1.01839277 -1.74475963 -0.32369028 -2.9834637   0.7975334  -0.63445172] -220.8745929572976
[-1.0226338  -1.76873496 -0.36081932 -2.99734631  0.84556712 -0.63621012] -220.87032128260847
[-1.00007552 -1.758082   -0.34225797 -2.98525213  0.81716247 -0.66019532] -220.86824216189893
[-0.99828983 -1.75276693 -0.3330673  -2.97656496  0.82022097 -0.70909749] -220.87002970882867
[-1.01547543 -1.81303409 -0.34016232 -2.97712043  0.82766981 -0.66813146] -220.8685973039491
[-0.99062295 -1.79784552 -0.34267236 -2.95319395  0.81559097 -0.67202244] -220.86923333291367
[-1.02187717 -1.77772303 -0.34173953 -2.98114255  0.83734248 -0.6593318 ] -220.86577468927254
[-1.03480462 -1.77679624 -0.3404681  -2.98471223  0.84917911 -0.65544927] -220.86452782775177
[-0.99932256 -1.79125177 -0.31841885 -2.95358808  0.80664856 -0.69663157] -220.86586140432695
[-1.02401077 -1.82004808 -0.34128806 -2.96671047  0.82747058 -0.61958889] -220.8659596075752
[-1.04280693 -1.78237035 -0.33122156 -2.99458698  0.83606045 -0.63918609] -220.86553182082417
[-1.02706495 -1.75696052 -0.33075135 -2.97648268  0.82677849 -0.63342862] -220.86358829375035
[-1.03285972 -1.72892374 -0.32604587 -2.97616381  0.82633283 -0.6160772 ] -220.86417057505435
[-1.05146133 -1.81153878 -0.32482017 -2.96542784  0.84049117 -0.63244252] -220.8641504913801
[-1.03322298 -1.79821985 -0.32323622 -2.97120996  0.83538572 -0.65861324] -220.8601442079274
[-1.03653411 -1.80661207 -0.31531109 -2.96883522  0.83966672 -0.67110532] -220.85698082462528
[-1.03998739 -1.7551285  -0.31237565 -2.98116721  0.83880426 -0.68982557] -220.86156300835833
[-1.07823056 -1.77188372 -0.33323046 -3.00348264  0.87034484 -0.61051423] -220.86371451755667
[-1.04655406 -1.7772696  -0.32109738 -2.96544896  0.85236108 -0.65840242] -220.86171104810896
[-1.05847285 -1.78300149 -0.30539393 -2.96890262  0.84030308 -0.64312362] -220.85807667479554
[-1.04415331 -1.73874651 -0.31456645 -2.98934527  0.84892832 -0.66969074] -220.85716975935483
[-1.006025   -1.76735585 -0.29993483 -2.94657801  0.81193581 -0.71134453] -220.85919726662615
[-1.05017728 -1.78574415 -0.29214176 -2.96360975  0.8505546  -0.71440211] -220.85536717306354
[-1.06173345 -1.80013596 -0.27283696 -2.95717328  0.86244265 -0.75488886] -220.85588135490042
[-1.03189592 -1.76825992 -0.29214386 -2.9740304   0.82436985 -0.70809487] -220.857022706156
[-1.03576543 -1.79477816 -0.29412165 -2.95593321  0.8331152  -0.68276149] -220.8511541537548
[-1.03365445 -1.814603   -0.28499465 -2.94331621  0.83027067 -0.67922945] -220.84711130014898
[-1.07893764 -1.79829987 -0.30158242 -2.98943514  0.86609527 -0.65053751] -220.85242431133912
[-1.03331139 -1.78775368 -0.29485281 -2.97395471  0.8463254  -0.72122971] -220.84990902216674
[-1.04401696 -1.84834438 -0.27910908 -2.94838187  0.83683252 -0.71184226] -220.85115103573483
[-1.06031468 -1.84552579 -0.29718674 -2.95514723  0.86554521 -0.67468725] -220.85098376013
[-1.06360336 -1.82014489 -0.26797806 -2.95577975  0.8588745  -0.71287078] -220.8448308005507
[-1.07713798 -1.8269113  -0.24431155 -2.94925202  0.86847839 -0.73375351] -220.84216543203243
[-1.05894708 -1.85473519 -0.27520399 -2.95621932  0.85396122 -0.67602445] -220.84039518904373
[-1.06333198 -1.88923072 -0.26673511 -2.9525241   0.85566453 -0.65683562] -220.83542278054617
[-1.02498484 -1.87248976 -0.25414756 -2.91809024  0.83494364 -0.74198843] -220.84237179841773
[-1.05356148 -1.8304937  -0.2683004  -2.9490463   0.86357676 -0.6907324 ] -220.8368703618981
[-1.03501269 -1.82830159 -0.24059395 -2.94024729  0.83420792 -0.7332358 ] -220.83214344519422
[-1.02236169 -1.81968949 -0.21229755 -2.93279733  0.81853928 -0.76251007] -220.82705860051965
[-1.05836609 -1.89671897 -0.21540947 -2.90772069  0.84416569 -0.70045345] -220.82965311512723
[-1.06626024 -1.89724164 -0.20207256 -2.92649401  0.86485209 -0.74952837] -220.8246151872474
[-1.08256313 -1.93856097 -0.16061151 -2.91808292  0.88214279 -0.78467784] -220.82197853846964
[-1.09412261 -1.86137862 -0.20174097 -2.95171755  0.87591217 -0.7009992 ] -220.81806634173242
[-1.1286915  -1.85582305 -0.17553767 -2.96853121  0.89639644 -0.68050459] -220.8118070385635
[-1.05915397 -1.91659433 -0.18865235 -2.92698216  0.85168344 -0.69148448] -220.80648856215106
[-1.05016197 -1.96143585 -0.16082275 -2.91584722  0.84328597 -0.67034996] -220.7945354026061
[-1.0815973  -1.95665932 -0.12883762 -2.91612152  0.84982148 -0.72771144] -220.8068113837743
[-1.07791525 -1.9203985  -0.08443709 -2.90050953  0.85578602 -0.78523349] -220.8002089913244
[-1.08939753 -1.92080342 -0.09210527 -2.94290922  0.87115831 -0.76987568] -220.78868720232907
[-1.10491324 -1.93284565 -0.03045317 -2.96050348  0.88465462 -0.8045868 ] -220.78064882423763
[-1.15291911 -2.03555162 -0.03460238 -2.92706797  0.91882316 -0.72184463] -220.79657389011956
[-1.11616965 -1.94901037 -0.04428538 -2.94477739  0.86744644 -0.67873247] -220.77253793363832
[-1.13297291 -1.95423507  0.01387768 -2.95812463  0.86009826 -0.62575978] -220.7649333843174
[-1.07146843 -2.06455228  0.03377922 -2.89086025  0.84109339 -0.76465744] -220.78478077460127
[-1.11518634 -1.99968034  0.04128479 -2.93484951  0.884759   -0.72976593] -220.75626729901808
[-1.13198086 -2.02119086  0.126346   -2.9442135   0.90222776 -0.73079317] -220.7434229944887
[-1.13689026 -2.06953861  0.06714529 -2.96502949  0.89427504 -0.65409711] -220.7582978106734
[-1.05654345 -1.96571448  0.05122648 -2.95112489  0.82305518 -0.69490345] -220.74927068234564
[-1.16142775 -2.04125647  0.24812992 -2.97410485  0.89184878 -0.75458263] -220.78831979824784
[-1.1336113  -2.02130131  0.14589175 -2.95954045  0.87970808 -0.73352446] -220.76351486958836
[-1.16083558 -1.92372304  0.09089879 -3.02198523  0.90691292 -0.64989748] -220.73856864069552
[-1.20551915 -1.85330842  0.11945857 -3.08754773  0.93982268 -0.5925175 ] -220.7421612226491
[-1.14603154 -2.0523888   0.19558183 -2.97283591  0.87077113 -0.55840502] -220.74943117182227
[-1.12232475 -2.0637173   0.21181903 -2.98011853  0.89888511 -0.71478045] -220.73812614789693
[-1.11700067 -2.11845842  0.3107897  -2.99111547  0.91827853 -0.75929078] -220.74951533633097
[-1.11792417 -2.01078972  0.10178072 -2.98556207  0.88566764 -0.60076777] -220.71866889000106
[-1.11008061 -2.00553393  0.0797252  -2.99857288  0.88864742 -0.53438942] -220.70480291081057
[-1.10570867 -1.94121753  0.18472049 -2.99125416  0.8692248  -0.64029256] -220.7074576544924
[-1.08312643 -1.92131024  0.0526635  -2.98958715  0.89221327 -0.76328049] -220.72170498343306
[-1.18147551 -1.99318315  0.19749786 -3.02411892  0.96298191 -0.6495744 ] -220.70566906357803
[-1.12253632 -1.92837087  0.14609562 -3.05766546  0.90406071 -0.58661176] -220.6958339044992
[-1.11781406 -1.88196088  0.15597042 -3.11439144  0.90497719 -0.51452105] -220.6987859354206
[-1.08091519 -2.02738796  0.19994178 -2.99178713  0.89842482 -0.64641221] -220.67993626619895
[-1.04095499 -2.07922043  0.25446327 -2.97668808  0.89418077 -0.64466958] -220.66786046694676
[-1.09230276 -1.89256141  0.09323628 -3.03251036  0.90488452 -0.55815896] -220.66458383510354
[-1.07729177 -1.80698346  0.03394491 -3.05870627  0.90788422 -0.47984821] -220.66129256353216
[-1.1295562  -1.99685955  0.24615229 -3.04608144  0.91678001 -0.41518149] -220.67077558091538
[-1.11492313 -1.9954996   0.13457256 -3.06269019  0.95562021 -0.4631324 ] -220.64595747024498
[-1.11953036 -2.02264064  0.10949859 -3.09840821  0.99881792 -0.37455231] -220.6389412518934
[-1.0185079  -1.95335314  0.0924621  -3.05458852  0.87380844 -0.36217652] -220.65551542205705
[-1.05937857 -1.92360877  0.21448039 -3.09880645  0.94319661 -0.41995721] -220.60414916989754
[-1.03402756 -1.8826462   0.28185799 -3.14892323  0.97047121 -0.3627411 ] -220.5788447261706
[-1.01741994 -1.98553026  0.1933641  -3.07013313  0.94992015 -0.29311131] -220.61723369461083
[-0.97302131 -1.91326516  0.07571137 -3.08973437  0.94824756 -0.42385152] -220.6096962800756
[-1.03897795 -1.77558586  0.00781641 -3.19680983  0.98886906 -0.12075742] -220.6827338404537
[-1.04046073 -2.00331178  0.19280156 -3.03171852  0.91785284 -0.51369154] -220.62411145672067
[-0.99036417 -2.1132656   0.281287   -3.10579572  0.97848848 -0.29685989] -220.61710403755004
[-1.03976678 -2.02020007  0.28571143 -3.12698254  1.04745761 -0.39275937] -220.5836160385307
[-0.91215646 -1.95009905  0.32741255 -3.09268763  0.93866136 -0.3864526 ] -220.58442508837598
[-0.94845801 -1.95169033  0.28897992 -3.17970036  1.02656261 -0.20490039] -220.60706744033234
[-0.94851149 -1.95819188  0.32028932 -3.17780816  1.0200428  -0.39607698] -220.56362040099881
[-0.91405727 -1.94452268  0.38375193 -3.23164567  1.05510412 -0.44755981] -220.56399397281075
[-0.96161637 -1.7787653   0.2453672  -3.1661497   1.0053259  -0.42540076] -220.57250666963625
[-0.97515758 -1.93393245  0.50749477 -3.20768283  1.05459294 -0.29892554] -220.58070581918437
[-1.00862074 -1.88958798  0.3670645  -3.12704434  0.98562133 -0.54921839] -220.56656621147434
[-1.07707705 -1.8710089   0.34184918 -3.22550931  1.0891759  -0.42192145] -220.55340305003463
[-1.15953734 -1.83146383  0.3490675  -3.29192015  1.16443316 -0.43965588] -220.56728485692693
[-0.96190348 -1.75117749  0.40226289 -3.22405665  0.99428574 -0.42533537] -220.5636387730374
[-1.02209465 -1.7765268   0.14540226 -3.1488143   0.96704802 -0.56130581] -220.59216501379143
[-0.98689185 -1.89458104  0.41697164 -3.1929657   1.03270671 -0.36452061] -220.55949499832644
[-0.94751277 -1.83179133  0.41607692 -3.22225472  1.07191492 -0.49808342] -220.55938447830835
[-1.01522276 -1.95334758  0.50947095 -3.22372992  1.05925656 -0.45965131] -220.56614545751634
[-0.97041906 -1.86377809  0.43524247 -3.29506381  1.10350622 -0.30597799] -220.56307873755492
[-0.94888247 -1.770162    0.26809319 -3.2221562   1.04462086 -0.34432063] -220.57894623402478
[-0.99863769 -1.90755118  0.44912651 -3.22333649  1.05559764 -0.43081864] -220.55258059985334
[-1.01444649 -2.02445665  0.39092246 -3.22158941  1.13002898 -0.38046433] -220.5732998448388
[-0.97503923 -1.81949728  0.39942778 -3.22343984  1.02822155 -0.41411761] -220.5519229013214
[-1.03668105 -1.77121073  0.49927552 -3.28304847  1.10699818 -0.41573626] -220.56127384660755
[-1.03686082 -1.83476873  0.40566672 -3.1617877   1.02469875 -0.54242134] -220.5642208452302
[-0.9870295  -1.85652575  0.42784853 -3.26174478  1.08380435 -0.36508883] -220.55249030771424
[-0.95404831 -1.95577443  0.31782467 -3.16670181  1.01347551 -0.41578059] -220.56219279895024
[-1.01602287 -1.81735166  0.4539128  -3.2539618   1.08361751 -0.41574734] -220.55218585070747
[-1.01354785 -1.806661    0.41244227 -3.27711662  1.10473725 -0.48407182] -220.5456628273323
[-1.02687585 -1.76270099  0.41017758 -3.31919208  1.14075252 -0.54384743] -220.5513962129764
[-1.07493862 -1.86107393  0.41212544 -3.26611489  1.07646981 -0.34583848] -220.56133097193234
[-0.97936923 -1.83911198  0.41508905 -3.23321976  1.07305364 -0.46002219] -220.54984296278175
[-0.91280508 -1.81122405  0.51076647 -3.26543046  1.05383475 -0.43470069] -220.57108208284023
[-1.03600905 -1.85606269  0.3840785  -3.2354896   1.08034061 -0.42511626] -220.54726079399498
[-1.00370156 -1.75751894  0.38180647 -3.27165431  1.09566067 -0.42390271] -220.55426364329185
[-0.99990365 -1.87004312  0.4322965  -3.23541595  1.06561339 -0.42908966] -220.54862609494756
[-1.01960113 -1.81305016  0.40456711 -3.22446974  1.0613903  -0.51096613] -220.5500982897968
[-0.99180052 -1.85079042  0.36205427 -3.22242203  1.05416807 -0.49204721] -220.54560133654644
[-0.97968935 -1.8675098   0.316125   -3.20665214  1.03944335 -0.53019714] -220.5493218061662
[-1.03837125 -1.85907584  0.40408145 -3.25260472  1.11821287 -0.51965348] -220.54785837880956
[-1.00006605 -1.88086486  0.39878024 -3.26095315  1.10398497 -0.42570074] -220.5461363571184
[-1.04719689 -1.86872066  0.38282203 -3.26144759  1.10263208 -0.4652042 ] -220.5437409202645
[-1.08111072 -1.88352501  0.36668852 -3.2755615   1.1174213  -0.46779521] -220.54733311085468
[-1.04242689 -1.83734871  0.34912309 -3.26792862  1.12241189 -0.50817492] -220.54526326254344
[-1.00531117 -1.8410736   0.35901868 -3.25584781  1.07121209 -0.4137849 ] -220.5448799566397
[-0.99744074 -1.8390904   0.37066835 -3.27974901  1.10604151 -0.504545  ] -220.54318863423634
[-0.97815658 -1.83060425  0.36396328 -3.30187872  1.11889196 -0.54425938] -220.54823433521182
[-1.03250863 -1.8003634   0.34659599 -3.26055074  1.08308265 -0.53024195] -220.54750355618268
[-1.0081767  -1.8607395   0.38573418 -3.26085255  1.09875939 -0.45183604] -220.5434960663599
[-1.01723645 -1.89259343  0.32403126 -3.23896592  1.08033776 -0.46112561] -220.54438047866017
[-1.04746243 -1.86239834  0.36174493 -3.29917514  1.13963017 -0.44284301] -220.54163774568485
[-1.07529338 -1.8682023   0.36159026 -3.3375517   1.18236122 -0.41824092] -220.54398766069983
[-0.99851457 -1.88418994  0.37888339 -3.26408405  1.07712578 -0.40493801] -220.54598069449514
[-1.03144881 -1.84905901  0.35656316 -3.26696748  1.11109036 -0.48236569] -220.5427001080923
[-1.04434284 -1.88312684  0.36816929 -3.27987142  1.14161834 -0.52218828] -220.5446060486943
[-1.03458492 -1.87261353  0.36588164 -3.27386552  1.12401677 -0.49508744] -220.54243331906204
[-1.03820038 -1.82494705  0.41710684 -3.30838651  1.14705233 -0.48616819] -220.5449534494169
[-1.02247743 -1.87568183  0.34730015 -3.25632107  1.09701641 -0.46738625] -220.54243491447366
[-1.00000011 -1.85114021  0.34647544 -3.284196    1.12288612 -0.48281694] -220.54432903427386
[-1.0353977  -1.86432555  0.37373538 -3.26713469  1.10769559 -0.46960739] -220.54226456227278
[-1.04809398 -1.86031673  0.33956369 -3.28688509  1.12973754 -0.50210889] -220.54250515863245
[-1.07571435 -1.88904127  0.3442613  -3.27036732  1.13035411 -0.44858789] -220.54553612222784
[-1.01700914 -1.85157811  0.36406659 -3.27740359  1.11211966 -0.49055572] -220.54180509366986
[-1.03689306 -1.87991235  0.36086763 -3.28662755  1.12564835 -0.47349721] -220.54132296582293
[-1.03961518 -1.89533902  0.36301987 -3.29645759  1.13292735 -0.46906298] -220.54180901770596
[-1.01651425 -1.87518652  0.38496841 -3.2666241   1.10563811 -0.44421679] -220.54271396686158
[-1.04019904 -1.86403417  0.35091487 -3.28181984  1.12371268 -0.48763586] -220.54168649579645
[-1.048038   -1.85593886  0.37843686 -3.30568771  1.147258   -0.4856893 ] -220.5420259113127
[-1.04041487 -1.85344893  0.36404045 -3.29875066  1.12800471 -0.4548554 ] -220.54100772172973
[-1.04332984 -1.84386663  0.36311986 -3.31119323  1.12999868 -0.43473937] -220.54152964236152
[-1.04127448 -1.85811137  0.35295506 -3.31602014  1.1510956  -0.47541811] -220.5414520420338
[-1.02637968 -1.86722224  0.33975965 -3.28091127  1.11281239 -0.45591248] -220.54132415319498
[-1.06053204 -1.87679769  0.34602761 -3.31036461  1.14818164 -0.4394983 ] -220.54189019586386
[-1.02788987 -1.85788301  0.35955685 -3.28564385  1.12113515 -0.47779137] -220.54122089875898
[-1.03323908 -1.86229124  0.36205998 -3.30722303  1.13572944 -0.43913667] -220.54110983410933
[-1.02123458 -1.86389137  0.35133495 -3.29255035  1.11851171 -0.48269406] -220.54138866745285
[-1.02074256 -1.87010501  0.35958477 -3.26788209  1.09618499 -0.45254428] -220.54186704047873
[-1.0361415  -1.86110978  0.35461249 -3.30398563  1.13736795 -0.46969966] -220.5410062050512
[-1.04575143 -1.86339781  0.3622974  -3.29516364  1.13505428 -0.44093686] -220.54161555562615
[-1.02736379 -1.86376798  0.35407556 -3.29320367  1.12264736 -0.47225476] -220.54100479710618
[-1.04093438 -1.85891553  0.37864467 -3.3109002   1.14403193 -0.47316587] -220.54127962812328
[-1.03176811 -1.83922647  0.36346237 -3.31327479  1.13732383 -0.45547069] -220.54122186464426
[-1.02467136 -1.85366028  0.34062456 -3.28979368  1.11670421 -0.44990364] -220.5412354736674
[-1.02873711 -1.85497409  0.35012959 -3.29507031  1.12353614 -0.4557192 ] -220.54096196053703
[-1.0328273  -1.87859854  0.35136261 -3.28135092  1.11881642 -0.46768165] -220.5413078719511
[-1.03203291 -1.84906949  0.36043743 -3.30529382  1.13269698 -0.45852343] -220.5409462251698
[-1.03808655 -1.85700416  0.35556166 -3.31553186  1.13885904 -0.43893834] -220.5411169374885
[-1.03553738 -1.85722388  0.35656046 -3.30805986  1.13442807 -0.44865159] -220.54091474522335
[-1.03350344 -1.85090681  0.35122534 -3.29423162  1.12383096 -0.48076468] -220.54116031711274
[-1.03330517 -1.85944513  0.35935132 -3.30397517  1.13275482 -0.44954367] -220.54090660735073
[-1.02395775 -1.86174785  0.34768183 -3.3044455   1.13313906 -0.46327538] -220.54122770723126
[-1.03630059 -1.85552366  0.3599508  -3.30017437  1.1292883  -0.45696039] -220.54087530393176
[-1.02828415 -1.85222496  0.35888923 -3.29794011  1.12108261 -0.44418469] -220.54105289258683
[-1.03417716 -1.85888858  0.35568168 -3.30247425  1.13329661 -0.46332092] -220.54089245467895
[-1.03933298 -1.84794029  0.35996153 -3.31181225  1.13935295 -0.43865164] -220.54123717316608
[-1.03035609 -1.85981106  0.35554705 -3.29785582  1.12682375 -0.46385398] -220.54087661369886
[-1.03849932 -1.85834651  0.36571332 -3.31087412  1.13956003 -0.4578988 ] -220.540926784272
[-1.037359   -1.86734345  0.35716411 -3.30251071  1.13268688 -0.45488635] -220.54090781440127
[-1.03051248 -1.86106541  0.34903849 -3.2941426   1.12353278 -0.45450684] -220.54095181638536
[-1.03650261 -1.85902623  0.36154461 -3.30669124  1.13555322 -0.45705081] -220.54086856689338
[-1.03379616 -1.86278883  0.35985274 -3.29650066  1.1290398  -0.46655378] -220.54090554244522
[-1.03078693 -1.85115105  0.36014529 -3.30004646  1.12956528 -0.46420817] -220.54094715420908
[-1.03571598 -1.86329535  0.35790941 -3.30189465  1.13190648 -0.4572168 ] -220.5408607100936
[-1.03564436 -1.86033277  0.35747744 -3.29788849  1.12921457 -0.47210856] -220.54094952720817
[-1.03388997 -1.85966704  0.35888285 -3.3024535   1.13186976 -0.45518489] -220.5408677249541
[-1.03518464 -1.85594848  0.35665273 -3.30734728  1.13387291 -0.45130882] -220.54089715080283
[-1.03483752 -1.85765857  0.35745273 -3.30463562  1.13266463 -0.45512006] -220.54085612863744
[-1.03502376 -1.85943873  0.36141414 -3.30209415  1.12940544 -0.45180806] -220.54088130563505
[-1.03481211 -1.85930119  0.35998103 -3.30218918  1.13037823 -0.45468627] -220.54085534904996
[-1.04033017 -1.85834629  0.36302675 -3.30815703  1.13706312 -0.44821909] -220.5409503076297
[-1.03284961 -1.85944487  0.35741698 -3.30043112  1.1293836  -0.45994526] -220.5408494860796
[-1.03323534 -1.86394076  0.3577784  -3.30592407  1.13463034 -0.45610764] -220.5408979179856
[-1.03553428 -1.85762793  0.3594077  -3.30161179  1.13062381 -0.4567472 ] -220.54085275971255
[-1.03271055 -1.85997208  0.35547229 -3.29771405  1.12672228 -0.45591602] -220.54086469885488
[-1.03493005 -1.85943295  0.35699719 -3.30037197  1.12868992 -0.45802565] -220.5408568979878
[-1.0368493  -1.8589482   0.36091606 -3.3059974   1.13449327 -0.45799773] -220.54086161539016
[-1.03581461 -1.85920417  0.35955511 -3.30392656  1.13255053 -0.4574773 ] -220.54085403161582
[-1.03387675 -1.85426121  0.35902751 -3.3024941   1.12952375 -0.45678378] -220.54085979572264
[-1.03433655 -1.85651975  0.35874798 -3.30234424  1.13011944 -0.45689204] -220.5408534012894
[-1.03446485 -1.85715254  0.36052332 -3.3046742   1.13321682 -0.45559706] -220.54086979844547
[-1.03481375 -1.85886285  0.35787872 -3.30144753  1.12982165 -0.4574185 ] -220.540851090267
[-1.03454945 -1.85932835  0.36020978 -3.29934785  1.12829445 -0.4592688 ] -220.54085771408162
[-1.0347655  -1.85807601  0.35814199 -3.30331368  1.13157209 -0.45615724] -220.54085659532183
[-1.03383168 -1.85915386  0.35764785 -3.30093932  1.12960262 -0.45868188] -220.5408467135885
[-1.03419194 -1.8585364   0.35841234 -3.30102146  1.1300037  -0.45834623] -220.5408518834423
[-1.03359308 -1.85798231  0.35808248 -3.30138768  1.12975152 -0.45841865] -220.54085226414608
[-1.03433211 -1.85932452  0.35848605 -3.30217884  1.13096706 -0.45871128] -220.5408454503824
[-1.03383086 -1.85937303  0.358699   -3.30131015  1.12988091 -0.45731577] -220.54085476685768
[-1.03384357 -1.85855172  0.35743485 -3.30253337  1.13102411 -0.45753266] -220.54084981792346
[-1.03371647 -1.85829153  0.35712785 -3.30152045  1.13036329 -0.45989622] -220.54085911426475
[-1.03380226 -1.85910265  0.35830621 -3.30136272  1.13000151 -0.45796088] -220.54084878787708
[-1.03402398 -1.8600557   0.35781895 -3.3014346   1.13057602 -0.45864075] -220.54085330811552
[-1.03370081 -1.85850065  0.3580166  -3.30139941  1.12995764 -0.45847417] -220.54084753320967
[-1.0332614  -1.85948969  0.35735718 -3.30192681  1.13030848 -0.45875581] -220.54084652746872
[-1.03341572 -1.85978703  0.35830877 -3.3002127   1.12904952 -0.4599771 ] -220.54084935304846
[-1.03459838 -1.85900794  0.3586239  -3.30224215  1.13057868 -0.45757512] -220.54085347406053
[-1.0332868  -1.85933563  0.35771871 -3.30088388  1.12968237 -0.45935272] -220.54085230828537
[-1.03379676 -1.85940711  0.35792161 -3.30205282  1.13063777 -0.45873355] -220.5408460427359
[-1.0340819  -1.85923919  0.35806695 -3.30155908  1.13028484 -0.45869658] -220.540838241648
[-1.03401646 -1.85891259  0.35825132 -3.30178913  1.13046235 -0.45859273] -220.54084599736
[-1.03406719 -1.85921359  0.35839613 -3.30177078  1.13048428 -0.45833608] -220.54084674281455
[-1.03387392 -1.85955578  0.35839741 -3.30119577  1.13000829 -0.45934419] -220.54085225810874
[-1.03359086 -1.85938469  0.35795151 -3.30130498  1.13017533 -0.45932827] -220.5408469873651
[-1.03408784 -1.85893812  0.35796045 -3.30235611  1.13099559 -0.45812197] -220.54084970621642
[-1.03403436 -1.85909253  0.35806969 -3.30206602  1.13074876 -0.45842752] -220.54084431920668
[-1.03451873 -1.85901181  0.35844574 -3.30250058  1.1310197  -0.45783764] -220.54084510656773
[-1.03419292 -1.85911566  0.35801765 -3.30227804  1.13088921 -0.45866369] -220.5408508697696
[-1.03409862 -1.85918911  0.35830151 -3.3018976   1.13058552 -0.45841798] -220.54084693697587
[-1.03405813 -1.85916586  0.35806832 -3.30181255  1.1305168  -0.45856205] -220.54084243980998
[-1.03430031 -1.8591255   0.35825634 -3.30202983  1.13065227 -0.45826711] -220.54084963422534
[-1.034207   -1.85928186  0.3582765  -3.30186896  1.13062595 -0.45870393] -220.54084336369777
[-1.03404918 -1.85907589  0.35815914 -3.3016741   1.1303736  -0.45864465] -220.54084581544245
[-1.03393933 -1.85932315  0.35799428 -3.30180595  1.13046131 -0.45871506] -220.54084771364492
[-1.03407454 -1.85922639  0.35823154 -3.30166493  1.13038456 -0.45851633] -220.5408432531955
[-1.03383638 -1.85931194  0.35800923 -3.30143203  1.13023008 -0.45901243] -220.54084981283668
[-1.03418433 -1.85917211  0.35819456 -3.30188038  1.13054672 -0.45845344] -220.54084747505303
[-1.03427903 -1.85906395  0.35833806 -3.30168072  1.13044952 -0.45847727] -220.5408471025716
[-1.0340656  -1.85917893  0.3581856  -3.30153974  1.1303317  -0.45874683] -220.5408471601621
[-1.03409528 -1.85917723  0.35818784 -3.3016249   1.13038546 -0.45867348] -220.54084204563142
[-1.03390964 -1.85932485  0.35799204 -3.30172079  1.13040755 -0.45878841] -220.5408448482054
[-1.03409299 -1.8593959   0.35811526 -3.30174297  1.13049479 -0.45866894] -220.5408498450414
[-1.03406013 -1.85915589  0.35814817 -3.30169132  1.1304039  -0.45865073] -220.54085070258046
[-1.03408859 -1.85920821  0.3581274  -3.30159199  1.13033515 -0.45868503] -220.54084723489484
[-1.03407001 -1.85920253  0.35806763 -3.30168582  1.13040082 -0.45862932] -220.54084538276393
[-1.03407822 -1.85923279  0.35814924 -3.30161201  1.1303347  -0.45860646] -220.54084639538982
[-1.03414445 -1.85926052  0.35817172 -3.30171402  1.1304554  -0.45870026] -220.54084638580332
[-1.03399577 -1.85928202  0.35802949 -3.30163994  1.1303462  -0.4587425 ] -220.54084556481956
[-1.03406554 -1.85915754  0.35811304 -3.30161659  1.13032922 -0.45867062] -220.5408484356869
[-1.03408744 -1.85931755  0.3580911  -3.30165103  1.13038982 -0.45868276] -220.5408502293679
[-1.03407101 -1.85919754  0.35810756 -3.3016252   1.13034437 -0.45867365] -220.54083919055134
[-1.03405853 -1.85926332  0.35807014 -3.3016867   1.13038696 -0.45866455] -220.54084632132967
[-1.03406234 -1.85924892  0.35802192 -3.30169158  1.13040483 -0.4587625 ] -220.5408438579942
[-1.03396874 -1.85921732  0.35794951 -3.30158208  1.13026727 -0.45868944] -220.5408459709879
[-1.03402472 -1.85919918  0.35801088 -3.30157453  1.13029582 -0.45873344] -220.5408530107574
[-1.03405008 -1.85924729  0.35805532 -3.30165866  1.13036417 -0.45868178] -220.5408496418418
[-1.03407645 -1.85921837  0.35808725 -3.30159214  1.1303146  -0.45868512] -220.54084171090037
[-1.03407212 -1.85924405  0.35804443 -3.30162533  1.13034483 -0.45872954] -220.5408427826261
[-1.03407595 -1.85922086  0.35806729 -3.30162245  1.13034283 -0.45866295] -220.5408450582237
[-1.03403883 -1.85926061  0.35804822 -3.30159951  1.13031552 -0.45871954] -220.54085268662
[-1.03402532 -1.85922825  0.35800823 -3.30157058  1.13027606 -0.45869301] -220.54085170351402
[-1.03407021 -1.85925126  0.35806854 -3.30162289  1.1303359  -0.45868057] -220.54084092262318
