[-1.00676076e+00 -1.87850096e-04 -3.19858895e-01 -3.21660871e+00
  5.67268357e-01  6.76094310e-01] -276.0655514745851
[-2.45746033  0.2080885  -0.37083309 -1.08795088 -0.64782282 -0.84514984] -326.8598334073365
[1.38330897 1.37080136 2.18053789 1.55370343 0.44363184 0.41955078] -282.31838706942887
[-0.91573393  0.54301194  0.07265555 -1.06870516 -0.36790191 -1.31939902] -290.28891275617406
[-1.01727941  1.64152162  0.13211466  1.52917194  1.24636756 -0.29779357] -285.93842587267955
[ 0.44864641  1.79976935 -1.06144772 -0.52854499 -0.01784353  0.824449  ] -262.8576125896437
[ 1.04926664  0.75246689  0.06100776  0.93491691  0.54592137 -0.3667817 ] -264.19635295962655
[2.43794297 1.82770594 0.72583618 0.82259535 1.45363739 0.82385644] -247.89900704745435
[4.88564462 2.63751465 1.27417082 1.77786846 2.50436749 1.65835958] -266.3753620619302
[2.01410887 1.92101383 0.50007441 1.43378313 1.78089624 2.01252411] -253.93191673433316
[ 3.12611711  0.91566822  0.56326855 -1.19589023  0.34480299  1.76102455] -242.36380290735414
[ 5.19781537  0.55274152  0.77884549 -2.55842131 -0.10597929  2.79043361] -261.1046126450393
[ 1.30646478  1.03467744 -2.02424446 -2.13695294  1.11459577  1.49083812] -232.8450930989785
[ 1.26804269  0.86661548 -4.12663564 -3.98228112  1.45007773  2.02648179] -247.35511264387412
[ 4.46760969  2.75062174 -0.0919762   2.99324446  1.17340172  1.50587586] -335.0988279050164
[ 0.36183185  0.68751455 -0.26288822 -1.66414542  0.7188017   0.8835397 ] -240.1110814808307
[ 2.18243736  1.97631622 -0.58080818 -2.02463528  1.25237548  2.96552568] -230.4012310264257
[ 2.74902272  2.58824088 -0.90171615 -3.50441137  1.60560253  4.63167936] -236.41438929326154
[ 3.3609879   0.98786271  0.70186047 -1.05987014  2.23954672  2.4879872 ] -228.35899223424428
[ 4.81715864  0.58190939  1.58351457 -1.32553272  3.36824184  3.31975629] -246.9487685034331
[ 2.24448512  0.55556786 -0.79239963 -3.85341602  0.59369044  1.45839978] -251.24321145061856
[ 2.18689106  0.89692935 -0.46928112 -2.53161623  0.89049189  1.59693086] -232.54388477897373
[ 1.73696705  0.33861689 -1.41653384 -4.36029876  0.73323413  2.90475893] -258.57407429533714
[ 2.26269899  1.45543368  0.19024368 -0.47312818  1.27353657  1.34408206] -233.59350037033633
[ 0.76098687  1.43057643 -1.37830783 -2.1008925   2.15164638  1.82860999] -225.29497966285336
[-0.42157825  1.68803053 -2.34909601 -2.55339363  3.05506807  1.86240271] -232.94398100705322
[ 3.6583238   1.90641739 -0.92395759 -1.77821967  2.25526257  3.02111827] -235.36507205276726
[ 2.83420081  1.60169168 -0.75869025 -1.7497011   1.87114735  2.48672363] -228.39948213920843
[ 1.94795727  1.18725093 -1.6934008  -3.39476122  1.89973129  2.94145643] -228.12115023452665
[ 3.11802231  1.658865    0.63136856 -2.15020588  2.32038394  3.27823981] -228.97794550645747
[ 2.54797312  2.05059164 -0.55671155 -1.62840581  3.0211185   3.73258338] -238.58912087230112
[ 2.27716157  1.18534492 -0.49113873 -2.30581362  1.42314854  2.13084399] -226.32073178766154
[ 2.58400155  0.70754767 -0.41529468 -2.22911288  2.71615926  2.08576134] -225.53376183123933
[ 1.47040968  0.70789311 -1.97635916 -2.1298446   1.78007591  1.37555439] -226.0653999103334
[ 1.29963413  0.46713358 -0.99218999 -2.65706388  2.19895535  1.79668082] -221.15206206160724
[ 0.53235079 -0.10014547 -1.10893986 -3.11074527  2.36285934  1.45165941] -221.32312986991374
[ 0.08572913  0.90738617 -3.0174242  -3.87929276  1.81702553  1.56498179] -239.47119229307168
[ 2.54217321  0.96774358 -0.2279607  -1.76472579  2.13391642  2.25723584] -224.54121704675686
[ 1.69683174  0.63482883 -0.1336829  -1.00105654  2.23490266  0.88343903] -223.42585123879007
[ 1.17418415  0.45322948 -1.21679302 -1.65508511  2.98207012  1.27824981] -225.53025140721877
[ 1.8821942   0.84579341  0.52161613 -1.67280097  3.02580748  2.00110455] -225.77679621145137
[ 1.77924807  0.81131833 -0.10287769 -1.78706187  2.71437459  1.84471701] -223.26351193596633
[ 0.50035117  0.88072907 -0.93530936 -1.42618235  2.08912925  1.21054949] -225.99311180853297
[ 2.06308896  0.75084302 -0.54529835 -2.02838025  2.55940176  1.86695838] -223.14277933554962
[ 2.20647017  1.23425178  0.09002054 -2.12464184  1.68232893  2.21429721] -223.8824566858955
[ 3.10149522  0.19146328  0.74097813 -1.6867509   2.35631352  1.79249944] -223.9630515050759
[ 1.50674956  0.39553603 -0.08638939 -1.99692597  2.44817585  1.20896145] -219.75942762055126
[ 0.98903773  0.10943226 -0.01560374 -2.11302605  2.60530557  0.68482426] -218.83465971234114
[ 0.24327505  1.14447266 -1.30752217 -2.21699258  2.3087761   1.30447279] -224.76938002935074
[ 2.38694018  0.42971562  0.22885305 -1.81931132  2.34442917  1.67049278] -221.71992577329607
[ 1.19845677 -0.16649456 -0.61028707 -1.6773248   3.20346076  0.70140687] -223.8956476635707
[ 1.95446682  0.88406519 -0.08505637 -2.01281258  2.06261189  1.83607463] -221.666533438571
[ 1.79397356  0.51600717 -0.3703748  -3.13816211  2.59345678  2.34981026] -220.87304072751652
[ 1.71646572  0.24108062 -0.4903457  -2.80252352  2.07367891  1.55689669] -220.63857749770352
[ 1.31708376  0.13163513 -0.0296075  -2.8192529   2.06674413  1.43130144] -219.7308225000585
[ 0.63661373  0.35340236 -0.88991242 -3.3616357   2.18915504  1.54803659] -222.54388981656206
[ 1.94935857  0.41063731 -0.05083831 -2.20489241  2.30561063  1.63987873] -220.2344918370643
[ 1.06738434 -0.2587565  -0.56459698 -3.23216105  2.5519719   1.3170561 ] -218.81917550469493
[ 0.6238431  -0.83016735 -0.80436729 -3.84183528  2.7966519   1.05754684] -221.1557108906544
[ 1.64480043 -0.08378825  0.48506765 -2.7796088   2.53330063  1.19657501] -217.52326609618606
[ 1.81738358 -0.35924916  1.22369646 -2.84088126  2.70047326  0.89652211] -217.063283824943
[ 1.15826434 -0.42441396  0.39460954 -2.19941696  2.17447136  0.15901618] -219.01625194801827
[ 1.04970505 -0.37131893  0.80956553 -2.33402002  2.72784671  0.48596958] -217.2077322813518
[ 0.5169277  -0.8015277   0.65685942 -2.97469367  2.63666034  0.01835115] -218.30282457781564
[ 0.88248382 -0.83357979  0.86445091 -2.41214677  3.06549891 -0.24405498] -217.4770336998784
[ 0.9493764  -0.41391932  0.59684766 -3.10289265  3.25478087  0.89387323] -216.905051325881
[ 0.84493243 -0.40867199  0.69796671 -3.55463049  3.79493563  1.26130175] -218.80106298135107
[ 1.10538256 -1.12221606  1.2112114  -3.51923909  3.04043843  0.43774814] -216.62735214722656
[ 1.16355497 -1.73804022  1.82461897 -4.2223456   3.25800486  0.31421009] -220.2464060935524
[ 1.03970203 -1.04184715  2.35214077 -2.49579677  3.25659428 -0.48758636] -218.43627087549646
[ 1.0466226  -0.84607449  1.62295633 -2.67988784  3.08043868 -0.03642574] -216.7881016003743
[ 1.76672364 -0.51392489  1.45271668 -2.65499554  3.31983195  0.79285962] -219.6772770272814
[ 0.82937668 -0.72962699  0.85582373 -2.89476914  2.80745324  0.21197827] -216.60030114560712
[ 1.38346514 -0.44722186  1.24224946 -3.37841656  2.80497815  1.20727684] -216.51797077982943
[ 1.6339558  -0.25404289  1.43114874 -3.86155146  2.67471777  1.93294275] -218.48479354256125
[ 1.32749727 -0.9347837   1.44136282 -3.80467549  3.16834084  0.71768804] -216.67118127288222
[ 0.39652331 -1.13869831  1.09978734 -3.61907899  3.35167014  0.24752415] -216.6278622533149
[ 1.08024612 -1.32562115  1.89428271 -3.52912972  2.82965896  0.03472334] -218.70737922287535
[ 0.98209383 -0.64184477  0.92120642 -3.20945192  3.14850039  0.67908576] -216.07880204737518
[ 0.96149033 -0.82538941  0.63425739 -4.12865589  3.02668839  1.20352614] -218.47662994079332
[ 1.02533954 -0.84090322  1.3757816  -3.04207985  3.06700111  0.27356223] -216.12484004057515
[ 0.57989641 -0.7053867   0.79399049 -2.7496697   2.90500632  0.30137042] -216.82806193137992
[ 1.14059706 -0.87743445  1.27951974 -3.54092404  3.10250721  0.61360864] -216.18036739265602
[ 1.75889496 -0.41438414  1.19547678 -2.90921454  2.6386227   0.89356247] -216.9476923299875
[ 0.73711622 -0.95761977  1.1237097  -3.44161288  3.17340828  0.40903373] -216.1314790188307
[ 0.92728026 -0.37600096  1.05488548 -2.98317904  2.9941777   0.69376701] -216.21236235902035
[ 1.23592067 -0.65071468  1.47662707 -3.63711896  3.28940437  1.08013313] -216.27702421773452
[ 0.63265072 -1.00095076  1.16832721 -3.23970567  3.45335487  0.04245333] -216.45017050327428
[ 0.82035433 -0.86251853  1.18680777 -3.27438339  3.29126069  0.3336592 ] -216.04924685433483
[ 0.64167308 -0.86805922  0.83734317 -2.86009141  2.96954742 -0.07922761] -216.781051937141
[ 1.08735877 -0.70505082  1.31680609 -3.44286207  3.20944014  0.79029295] -215.97455540050208
[ 1.00367298 -1.25245623  1.34639163 -3.66725901  3.33652824  0.33931382] -216.42037830181047
[ 0.94637844 -0.59511478  1.12776202 -3.15419903  3.07976533  0.60515371] -215.98742162216587
[ 0.72561665 -0.65691618  1.07117146 -2.98060568  3.22061811  0.41665389] -216.43426106889694
[ 1.03685196 -0.82230488  1.22743267 -3.40084445  3.13203493  0.56436995] -215.97215081557272
[ 1.2290094  -0.5316259   1.26155583 -3.06632736  3.13592592  0.67300753] -216.38122491687415
[ 0.86008952 -0.8511213   1.15817123 -3.3477915   3.16403769  0.47502718] -215.95754351303646
[ 0.88570275 -0.65174848  0.93694714 -3.56776427  3.27467862  0.87563402] -215.95442076232112
[ 0.81588435 -0.55717111  0.71752991 -3.83060648  3.37851737  1.17666992] -216.18540789632183
[ 0.89681809 -0.85410815  1.39676922 -3.51982966  3.23523874  0.53562658] -215.93518974327384
[ 0.85418022 -0.96023984  1.63455062 -3.67501853  3.27860792  0.463897  ] -216.17963390525318
[ 1.08404552 -0.63063094  1.20115502 -3.5367136   3.07380446  0.94837559] -216.0416707838549
[ 1.01812272 -0.68860283  1.19756821 -3.47113105  3.12816852  0.7946965 ] -215.93299907561402
[ 0.98193615 -0.92919738  1.2834695  -3.76254196  3.30143421  0.74006201] -216.1222188279485
[ 0.95526787 -0.67863543  1.16668889 -3.30628477  3.13518255  0.63888079] -215.91116455823823
[ 0.79692553 -0.81045621  1.04438636 -3.42835316  3.14700688  0.50445206] -216.01120813554843
[ 1.01475046 -0.73140216  1.24870116 -3.43923484  3.19383182  0.71883272] -215.91504873679517
[ 0.84006518 -0.66290124  1.14084928 -3.48316758  3.24501105  0.78186265] -215.8704715674803
[ 0.74167179 -0.58319941  1.09755758 -3.52432915  3.30149911  0.890609  ] -215.9099144808084
[ 1.01015284 -0.5713448   1.20433673 -3.58134589  3.23999941  0.97348391] -215.94997709565692
[ 1.02602297 -0.74391639  1.51469069 -3.36590033  3.11779875  0.60549369] -215.94600233778894
[ 0.90686293 -0.88184394  1.35075242 -3.28050352  3.1117444   0.38498041] -216.01682799423497
[ 0.98433036 -0.64896958  1.24094066 -3.5061353   3.20793566  0.82635803] -215.89411523970355
[ 0.87709525 -0.67762341  0.94914844 -3.54269407  3.2639907   0.82659206] -215.93897504423373
[ 0.91432718 -0.69419665  1.09053401 -3.49849564  3.22744271  0.77131747] -215.89584503618946
[ 1.0121365  -0.51412781  0.96499151 -3.3816534   3.14395203  0.9750228 ] -216.04292841661655
[ 0.92564769 -0.76911307  1.28882479 -3.48528559  3.21241706  0.64547564] -215.88656459333978
[ 0.86000686 -0.70646988  1.19461139 -3.43507019  3.2791051   0.6662126 ] -215.8922245272184
[ 0.81179792 -0.65535978  1.12544851 -3.46557818  3.24186622  0.72453634] -215.8672739544325
[ 0.71032165 -0.61733859  1.06382218 -3.47874984  3.26588342  0.72738814] -215.89010677911955
[ 0.82345719 -0.70036797  1.19371399 -3.65162606  3.33607671  0.83304012] -215.87143388265406
[ 0.83410789 -0.68686385  1.3042622  -3.51045866  3.28002789  0.72117766] -215.85173939148555
[ 0.79399824 -0.68319746  1.41112629 -3.51644017  3.30632048  0.69610775] -215.861569134051
[ 0.71403055 -0.74472235  1.17496273 -3.50426012  3.32356569  0.63107697] -215.8839050270582
[ 0.78969528 -0.69997288  1.21474245 -3.59838854  3.26721644  0.77951052] -215.8674040873656
[ 0.67873698 -0.61428296  1.09583492 -3.58587412  3.35217094  0.84492578] -215.89781858045922
[ 0.86392001 -0.73040554  1.24057733 -3.51043272  3.24735553  0.69533817] -215.860491863661
[ 0.94031727 -0.63390141  1.23156852 -3.56895712  3.21561893  0.88074485] -215.88661775338275
[ 0.77060223 -0.71701711  1.18911418 -3.52043437  3.296579    0.69349394] -215.86158292040324
[ 0.81327231 -0.6838055   1.21128399 -3.37786063  3.189942    0.6322663 ] -215.88053238015314
[ 0.82091097 -0.69622735  1.19810649 -3.5831847   3.29954303  0.78284667] -215.85810416191717
[ 0.79027959 -0.73238094  1.28323444 -3.57965814  3.29918499  0.68377178] -215.85434353526975
[ 0.84084426 -0.70611198  1.23217193 -3.45819372  3.28763578  0.654211  ] -215.87518105070927
[ 0.80248252 -0.70150765  1.21909982 -3.56333984  3.27232128  0.74818564] -215.85510162234672
[ 0.81563648 -0.7661077   1.35268297 -3.6235913   3.32313769  0.71706828] -215.8681416214232
[ 0.81275756 -0.68304676  1.18225713 -3.50508146  3.26218409  0.72266932] -215.85585739870086
[ 0.87088395 -0.69312692  1.28673162 -3.56361747  3.25695994  0.75783581] -215.85463945496542
[ 0.77988748 -0.66731229  1.25065324 -3.59134736  3.30938487  0.77682412] -215.8464484487895
[ 0.73787122 -0.63576566  1.25569119 -3.63180468  3.34039955  0.81756709] -215.8495115818473
[ 0.80922203 -0.69185212  1.31063966 -3.52131628  3.26047799  0.68730811] -215.8463888798234
[ 0.80337755 -0.6896645   1.36690624 -3.49038207  3.24094546  0.63953883] -215.8562326618059
[ 0.81619692 -0.70796783  1.3692832  -3.60483113  3.29726823  0.73569838] -215.85247474556866
[ 0.83104343 -0.69166033  1.38250163 -3.56040318  3.29544669  0.70601964] -215.84650507404683
[ 0.74936183 -0.6995522   1.34679316 -3.55905412  3.32363695  0.67909742] -215.85384099786856
[ 0.81632693 -0.64935527  1.37147659 -3.53614543  3.28956255  0.75160333] -215.84823950974425
[ 0.8795664  -0.6654517   1.31614567 -3.54911323  3.25375246  0.78044632] -215.8517778735846
[ 0.83385446 -0.64286402  1.27594313 -3.48476359  3.26561592  0.73876134] -215.853803773273
[ 0.82061131 -0.69169188  1.34594818 -3.57481424  3.28935515  0.73646412] -215.8456085496896
[ 0.75083329 -0.69412688  1.33901482 -3.54904849  3.32099926  0.67935267] -215.85390808192193
[ 0.84738312 -0.67262049  1.32186296 -3.54909704  3.27056416  0.75517291] -215.84589845241322
[ 0.80071688 -0.66796694  1.35676522 -3.60058252  3.29156925  0.74995309] -215.8442799835808
[ 0.78402138 -0.65851848  1.38301673 -3.64564445  3.29733993  0.7643408 ] -215.85553359991985
[ 0.81329448 -0.71167941  1.28464704 -3.59637478  3.28270349  0.71897733] -215.85480633048292
[ 0.81556882 -0.6649363   1.3497692  -3.55120277  3.28784778  0.74344683] -215.84347144065168
[ 0.79341978 -0.66046634  1.26271119 -3.56905023  3.27428637  0.77703675] -215.84512650200494
[ 0.8490865  -0.6825324   1.3985789  -3.53067366  3.24864869  0.70630315] -215.85223030798534
[ 0.79718724 -0.67111732  1.28763465 -3.57617894  3.29420083  0.75919388] -215.84226571520782
[ 0.81574036 -0.65108097  1.33092414 -3.6189923   3.30879653  0.81978108] -215.84686055929765
[ 0.81085161 -0.68165933  1.31571078 -3.54573528  3.27255762  0.72042635] -215.8433701109084
[ 0.76540209 -0.67332554  1.31765011 -3.59009095  3.29937485  0.74033409] -215.84668706354296
[ 0.82688786 -0.67279676  1.32080975 -3.55934552  3.27776683  0.7514632 ] -215.84304702608725
[ 0.79426609 -0.64795579  1.28518542 -3.55921751  3.27672108  0.76404258] -215.84102026391
[ 0.78109348 -0.62608774  1.25480403 -3.55141914  3.27040404  0.7778318 ] -215.8425592073539
[ 0.82173972 -0.67501113  1.37591382 -3.56170395  3.29260142  0.71913856] -215.8434469878046
[ 0.82145023 -0.66985861  1.28824265 -3.51721214  3.27566261  0.73595071] -215.8466155513969
[ 0.80590022 -0.66843985  1.33963458 -3.57973992  3.28759259  0.74645249] -215.84194288828112
[ 0.80337542 -0.67405709  1.29186046 -3.57610428  3.279299    0.74345886] -215.84274963692798
[ 0.7910831  -0.66366425  1.23769806 -3.5704032   3.27011123  0.77587389] -215.84953278075508
[ 0.81407556 -0.67217441  1.34135988 -3.56387876  3.28697887  0.73332239] -215.84157341656706
[ 0.80304586 -0.65385441  1.3064508  -3.59241969  3.29496211  0.77888478] -215.84085383494875
[ 0.79914298 -0.63995194  1.30182081 -3.6157619   3.30616436  0.808114  ] -215.84201513767897
[ 0.77906226 -0.65640287  1.29656551 -3.58983418  3.29548466  0.75698845] -215.84057929220663
[ 0.75514947 -0.64820592  1.28444339 -3.60507851  3.30434358  0.75975108] -215.84394533413905
[ 0.79447032 -0.64925779  1.32708315 -3.57765206  3.29934771  0.76950267] -215.84112631451177
[ 0.79975287 -0.64491105  1.34445846 -3.57806844  3.28616151  0.75720391] -215.83971118783657
[ 0.80103568 -0.63180792  1.37287036 -3.57901319  3.28214185  0.75620893] -215.84035770301023
[ 0.78899077 -0.63974558  1.29406649 -3.57395029  3.29229273  0.7735291 ] -215.83977440693897
[ 0.77245383 -0.62520142  1.27657673 -3.59316863  3.29467773  0.80006144] -215.84171728686832
[ 0.80367013 -0.66043116  1.32516409 -3.57120123  3.28890359  0.75000716] -215.8402658927638
[ 0.79512567 -0.6518425   1.29021377 -3.57724505  3.27882752  0.75738266] -215.84025975137604
[ 0.79561643 -0.65444007  1.33378763 -3.60168879  3.3021563   0.76062278] -215.83959916916464
[ 0.7962916  -0.65768221  1.35808873 -3.62292443  3.31487391  0.75891288] -215.8409901019028
[ 0.78436019 -0.64873667  1.32163452 -3.5715763   3.28631332  0.73969324] -215.839207483755
[ 0.77501735 -0.6461778   1.32922638 -3.56115461  3.28198893  0.72009747] -215.84025078999457
[ 0.81010975 -0.64363281  1.33987614 -3.56807585  3.28273366  0.7558245 ] -215.8390111017235
[ 0.8256335  -0.63724779  1.36153146 -3.55719669  3.27635815  0.75524252] -215.84019789080804
[ 0.78764843 -0.63400507  1.31618158 -3.58566701  3.28725809  0.76474491] -215.8382048196004
[ 0.77963758 -0.62079202  1.31169033 -3.5928999   3.28643534  0.77211379] -215.83814669994405
[ 0.79103019 -0.63224357  1.35829075 -3.58484147  3.2998701   0.76227978] -215.83934511589834
[ 0.7978449  -0.64183982  1.37584611 -3.59176663  3.28893068  0.74238356] -215.84042403517032
[ 0.7912043  -0.64026914  1.3145114  -3.57840438  3.29145222  0.76574272] -215.83875726025366
[ 0.78423328 -0.63512704  1.3154718  -3.58776046  3.29682547  0.76155502] -215.83737404422334
[ 0.77647348 -0.63023504  1.30097847 -3.59260647  3.30215745  0.76373058] -215.83680910996088
[ 0.78198874 -0.61752968  1.31520624 -3.56111267  3.28083107  0.75917209] -215.83816096359666
[ 0.78356116 -0.63482155  1.27634161 -3.57005039  3.27677092  0.75647919] -215.83882225547487
[ 0.78996482 -0.61369007  1.29790021 -3.58280692  3.28714689  0.78466104] -215.83717912448097
[ 0.75750027 -0.60881302  1.26566661 -3.59121772  3.29219764  0.77814197] -215.83939228921363
[ 0.79695738 -0.63492786  1.32132376 -3.57386132  3.28509965  0.76140387] -215.837790427303
[ 0.78851428 -0.61765973  1.34419518 -3.5905135   3.30093663  0.77912884] -215.83850166889707
[ 0.77997446 -0.60467566  1.31592    -3.58619589  3.28941679  0.77432735] -215.8362137643149
[ 0.77435954 -0.58687892  1.31662429 -3.59009164  3.28839908  0.77861966] -215.83574290325666
[ 0.77794624 -0.6170248   1.27704591 -3.57394614  3.2757532   0.7607715 ] -215.83759582984644
[ 0.78312428 -0.61698656  1.29331475 -3.60762479  3.29416614  0.78126139] -215.83653395195086
[ 0.78663766 -0.61245573  1.29070547 -3.58074586  3.29113879  0.77136889] -215.83538650926508
[ 0.79013771 -0.60828759  1.28021304 -3.57466884  3.29349052  0.77099644] -215.83541139914794
[ 0.76587796 -0.59082917  1.27086594 -3.60207929  3.29448753  0.78540049] -215.83595018010044
[ 0.78086634 -0.60000036  1.3130838  -3.61137218  3.31007876  0.79424252] -215.83614650798106
[ 0.76581494 -0.59877185  1.2972907  -3.61203316  3.30632903  0.7735468 ] -215.83427419346867
[ 0.75374    -0.59131274  1.29698594 -3.62664628  3.31592009  0.76798968] -215.83388008980387
[ 0.77172844 -0.56925279  1.2928816  -3.61358021  3.29590602  0.79589697] -215.8343557465409
[ 0.76127904 -0.56659001  1.30040093 -3.60054702  3.30447729  0.78324467] -215.83515862239545
[ 0.75700787 -0.57243943  1.27640426 -3.59319125  3.28669751  0.7665976 ] -215.83519004712764
[ 0.76903956 -0.5754807   1.32046822 -3.59952147  3.29969206  0.769172  ] -215.83327664712823
[ 0.77062036 -0.56780646  1.34526937 -3.59824256  3.30229432  0.76105776] -215.8333877896836
[ 0.75878465 -0.57563155  1.27599118 -3.61465239  3.30954484  0.77280361] -215.832563669269
[ 0.75099721 -0.57000787  1.25567462 -3.62693276  3.32011772  0.76989559] -215.83211858930082
[ 0.73462637 -0.53590545  1.29023306 -3.6393938   3.31646477  0.77956328] -215.83509075262873
[ 0.75679567 -0.56374376  1.30914386 -3.64234926  3.33082847  0.78865646] -215.83357003738757
[ 0.75103004 -0.56864442  1.2880615  -3.64892757  3.32183242  0.77381331] -215.8322714973734
[ 0.7831506  -0.61024198  1.29750553 -3.61325871  3.31163416  0.77557806] -215.83363571272753
[ 0.74985592 -0.5905577   1.2963983  -3.63896514  3.33743562  0.75247139] -215.8316860348702
[ 0.73891965 -0.60121015  1.29815665 -3.6516576   3.35820043  0.73075861] -215.83272795096988
[ 0.76654967 -0.56824607  1.29209807 -3.63000536  3.3245934   0.77520593] -215.83076043238015
[ 0.7729545  -0.55671273  1.28965414 -3.6316849   3.32893005  0.77881405] -215.83066837143568
[ 0.73374036 -0.53147375  1.28896136 -3.64953499  3.33464462  0.76869621] -215.8324382679891
[ 0.7524102  -0.5672153   1.27059552 -3.62283968  3.31672236  0.7489644 ] -215.8294648217719
[ 0.75021746 -0.56895107  1.25132135 -3.61308489  3.3096693   0.72911837] -215.82905870983205
[ 0.73389227 -0.55330181  1.2362222  -3.67018862  3.35118452  0.75509764] -215.83113205178532
[ 0.7692421  -0.60458478  1.25014935 -3.62705964  3.32174526  0.75104057] -215.8307952613594
[ 0.75802311 -0.57939423  1.23841181 -3.62037774  3.3345284   0.73833256] -215.83058626473195
[ 0.76039792 -0.58115957  1.26504442 -3.64018755  3.34104666  0.73172928] -215.8274803720917
[ 0.76509827 -0.58673542  1.26972932 -3.64681494  3.35151114  0.71264612] -215.8265819998704
[ 0.76661999 -0.55933566  1.21543109 -3.63077177  3.3284206   0.73587838] -215.82718889436092
[ 0.79349287 -0.59860282  1.26867682 -3.58640934  3.30708373  0.72684571] -215.82833786021718
[ 0.76622663 -0.54532586  1.2609255  -3.61598823  3.33163581  0.72283782] -215.82684116884226
[ 0.76027161 -0.58940229  1.21184449 -3.60613073  3.32535294  0.6764056 ] -215.82788868510065
[ 0.7759525  -0.57005681  1.25423105 -3.61268889  3.3166961   0.69624477] -215.82257125320774
[ 0.7849172  -0.56538809  1.26214066 -3.60884446  3.30777996  0.67520088] -215.82047768581907
[ 0.79532473 -0.57931231  1.24492795 -3.61856827  3.34092542  0.68748647] -215.82660363693526
[ 0.75265994 -0.54323039  1.21965619 -3.65596346  3.35479156  0.67663938] -215.82432363700477
[ 0.78334398 -0.53704029  1.27909241 -3.65285297  3.34633522  0.72715742] -215.82353588233184
[ 0.78257026 -0.55967514  1.29672625 -3.63557234  3.34923911  0.66477765] -215.82236750840428
[ 0.78841149 -0.57846802  1.26316543 -3.65688392  3.35189166  0.65846482] -215.82211427509134
[ 0.75700898 -0.54420014  1.28524214 -3.66707576  3.34625746  0.68414229] -215.82158455286367
[ 0.78453901 -0.5225986   1.2656117  -3.6455827   3.33392052  0.64948136] -215.81694335325753
[ 0.79425938 -0.49053018  1.26355289 -3.64496658  3.32512521  0.61789898] -215.81550184132317
[ 0.81084382 -0.5485369   1.33031708 -3.63276856  3.32075131  0.66590797] -215.81833457809728
[ 0.7893264  -0.5585592   1.28795574 -3.62918424  3.32067968  0.59497345] -215.82009206897624
[ 0.79235217 -0.53555237  1.26739839 -3.6443355   3.30825598  0.63408514] -215.81946618560434
[ 0.78782449 -0.50245427  1.3023702  -3.61884111  3.29105821  0.63227141] -215.8195120756491
[ 0.82949884 -0.52280687  1.28600285 -3.59257105  3.27829266  0.58930365] -215.81762028583978
[ 0.81645117 -0.48742517  1.31705839 -3.64537788  3.30694105  0.56961265] -215.8192845156667
[ 0.82108356 -0.47054272  1.3009442  -3.63043599  3.28946179  0.64138649] -215.815317083832
[ 0.83696214 -0.42653449  1.30743843 -3.63106187  3.27385285  0.66459301] -215.8190755777412
[ 0.83367182 -0.51601047  1.2860544  -3.64464408  3.31855112  0.60712688] -215.816070965944
[ 0.84291736 -0.4763984   1.32724487 -3.61925255  3.30478506  0.59632706] -215.8173716205679
[ 0.82764043 -0.52085001  1.28098038 -3.60950172  3.30538133  0.66970436] -215.8163973431644
[ 0.83884664 -0.45050932  1.25127612 -3.61435543  3.28644775  0.57467451] -215.816684051407
[ 0.82330756 -0.45214016  1.28401477 -3.6618144   3.33162477  0.64640244] -215.81652760194783
[ 0.80335243 -0.49046256  1.22836271 -3.64932019  3.31407893  0.65607082] -215.8161280255019
[ 0.79559175 -0.52966938  1.29669366 -3.66587222  3.34162663  0.70485548] -215.81942543701948
[ 0.82803292 -0.47029933  1.26263051 -3.62723463  3.30024247  0.60721975] -215.81442582970297
[ 0.81270596 -0.53409159  1.25682693 -3.60688666  3.28598885  0.62006665] -215.818141195305
[ 0.82065716 -0.47262802  1.27721781 -3.64808247  3.32021579  0.63981849] -215.81451172921945
[ 0.80604533 -0.44930776  1.25860713 -3.67205959  3.31717711  0.58680278] -215.81902257214406
[ 0.82224165 -0.50296444  1.27538706 -3.62514119  3.30833027  0.64897896] -215.81439006572364
[ 0.83662973 -0.4838625   1.32689958 -3.62418146  3.30656329  0.59807236] -215.81577805921603
[ 0.80729631 -0.4475986   1.28282295 -3.62203669  3.29809515  0.64399813] -215.81545699890907
[ 0.79456059 -0.4676586   1.22728556 -3.64178439  3.30726027  0.66836124] -215.81671161807873
[ 0.82611245 -0.47981153  1.30199607 -3.62858219  3.30673754  0.61564458] -215.81431074169785
[ 0.84754863 -0.45741803  1.30344664 -3.61553781  3.28256913  0.64778316] -215.81602689017876
[ 0.80758169 -0.48225215  1.27352633 -3.63760939  3.31448619  0.62537002] -215.81432018749382
[ 0.83460683 -0.5119008   1.28107771 -3.64365859  3.31506287  0.61547463] -215.81559781380892
[ 0.81412394 -0.46367415  1.28238664 -3.62744217  3.30233708  0.63686726] -215.81426605301687
[ 0.81849971 -0.48666715  1.25677061 -3.63426135  3.32798799  0.61657987] -215.81659934502957
[ 0.8204376  -0.47457383  1.2899008  -3.63139233  3.29909334  0.63518483] -215.81411509031673
[ 0.81885293 -0.48523046  1.28472466 -3.6110515   3.29019317  0.61660331] -215.81464046708496
[ 0.8202061  -0.47577863  1.27909452 -3.63882472  3.31271013  0.6340147 ] -215.81404022036068
[ 0.80886822 -0.48938557  1.30479997 -3.6357627   3.31432238  0.6581337 ] -215.81491017052508
[ 0.82324174 -0.47507089  1.27317287 -3.62936665  3.30376245  0.61994824] -215.813980434875
[ 0.81499286 -0.44742262  1.29130535 -3.63926463  3.30471197  0.60669758] -215.81537913498644
[ 0.82042945 -0.48907899  1.27936663 -3.62867205  3.3074257   0.63840862] -215.8139272487481
[ 0.8339354  -0.47041053  1.29511285 -3.62381732  3.29620256  0.63465272] -215.8139897047029
[ 0.8180123  -0.46971748  1.2643487  -3.63125622  3.30043955  0.65071421] -215.81416078812558
[ 0.83129692 -0.4878693   1.27794549 -3.63366759  3.3042075   0.63410718] -215.81400315333178
[ 0.83183677 -0.48787657  1.30051569 -3.63065733  3.30736101  0.61472456] -215.81437108097785
[ 0.82146842 -0.47425725  1.27339045 -3.6311065   3.30216991  0.64171679] -215.81387715588605
[ 0.82975508 -0.4829147   1.26946014 -3.63042595  3.30973274  0.63243125] -215.81429013906836
[ 0.82276697 -0.47665905  1.28479063 -3.63115073  3.30175319  0.63449644] -215.8138741746052
[ 0.8308402  -0.48200337  1.28216512 -3.62043556  3.29246363  0.63376196] -215.8139253059319
[ 0.81959714 -0.4679574   1.2847207  -3.62118201  3.29705165  0.63355441] -215.81410303249757
[ 0.82837198 -0.48289132  1.27963929 -3.6305462   3.30241854  0.63396899] -215.81383957568156
[ 0.81510419 -0.48957643  1.26239548 -3.63327524  3.30712858  0.63278096] -215.81418093826886
[ 0.8292276  -0.475202    1.28693351 -3.6261818   3.29893406  0.63418478] -215.81382618583206
[ 0.82779313 -0.48495977  1.28892234 -3.6266643   3.29795923  0.65223095] -215.8140020438762
[ 0.82437959 -0.47754311  1.27711024 -3.62869106  3.30231164  0.62801892] -215.81384534621034
[ 0.83192213 -0.46710638  1.28197644 -3.62736523  3.2925913   0.63030734] -215.81410490974125
[ 0.82330262 -0.48358584  1.28001909 -3.62834534  3.3037171   0.6363833 ] -215.8138281216742
[ 0.81899885 -0.47470949  1.27846261 -3.63823832  3.31130451  0.63582777] -215.81399104759493
[ 0.82787986 -0.4801799   1.28123949 -3.62488625  3.29717385  0.63427842] -215.8138267349826
[ 0.83050779 -0.48442982  1.28985364 -3.62549396  3.29993288  0.62539349] -215.81393206186672
[ 0.82372826 -0.4768004   1.27750624 -3.62970336  3.30161066  0.63763597] -215.81381849851368
[ 0.82952967 -0.48207514  1.27602532 -3.62496727  3.30030209  0.63366035] -215.81382513321918
[ 0.82963374 -0.48270175  1.28334408 -3.62618568  3.29907379  0.64201835] -215.8138304111773
[ 0.82606194 -0.47729035  1.28204995 -3.62287704  3.29785198  0.6387514 ] -215.81381447735703
[ 0.82490692 -0.47448987  1.28325529 -3.61904246  3.29556871  0.64114261] -215.81392270004628
[ 0.82360958 -0.47567612  1.27791379 -3.62613467  3.30078946  0.62961305] -215.8138433548626
[ 0.8281277  -0.48094535  1.28198651 -3.62617293  3.29950271  0.63891703] -215.81380748313853
[ 0.83154905 -0.47391188  1.28189459 -3.62325087  3.29474135  0.63609268] -215.81384525398573
[ 0.82536423 -0.48116735  1.28048796 -3.62707173  3.30147316  0.63631064] -215.81379858458828
[ 0.82613327 -0.47764696  1.28042367 -3.62743846  3.3027177   0.63887497] -215.8138263386049
[ 0.82656992 -0.4782802   1.28062763 -3.62680041  3.30133174  0.63772583] -215.81379600811732
[ 0.82389964 -0.48365092  1.2726277  -3.62634911  3.30175672  0.64014896] -215.8138522599973
[ 0.82789561 -0.47731423  1.28335706 -3.62622363  3.29963973  0.63567582] -215.81379146888017
[ 0.82305288 -0.47519082  1.2859798  -3.62798243  3.3001679   0.64134521] -215.81387035384324
[ 0.82791047 -0.48035406  1.27851394 -3.62572106  3.30026854  0.63558157] -215.8137856245825
[ 0.83024836 -0.48165012  1.28483477 -3.6219189   3.29841196  0.6366848 ] -215.81382705746566
[ 0.82535828 -0.47801283  1.27933838 -3.62775725  3.30081098  0.63739817] -215.81379171732604
[ 0.82768013 -0.48140098  1.2793872  -3.63037196  3.30315697  0.63511829] -215.81382136701473
[ 0.82646649 -0.47831801  1.28138427 -3.62475077  3.29917823  0.63784312] -215.81380289473142
[ 0.82506063 -0.47687021  1.2792499  -3.62660202  3.30139809  0.6345947 ] -215.81380487964603
[ 0.8258274  -0.477889    1.27993405 -3.62649474  3.30092424  0.63567528] -215.81380225730385
[ 0.82650882 -0.47935454  1.27936874 -3.6286055   3.30230457  0.63494598] -215.81379724492567
[ 0.82737504 -0.48027207  1.28063051 -3.62756511  3.30101866  0.63687073] -215.81380180770915
[ 0.82698813 -0.4796763   1.2804564  -3.62729752  3.30099506  0.63657187] -215.81378815947426
[ 0.82837951 -0.47649671  1.28006608 -3.62706339  3.30031038  0.63632244] -215.81380074553243
[ 0.82611805 -0.47999969  1.28038249 -3.62706964  3.30118247  0.63631359] -215.8137832844913
[ 0.82710467 -0.47852456  1.28152322 -3.62501767  3.29910494  0.63814297] -215.8137996797984
[ 0.82665778 -0.47914705  1.27990736 -3.62770854  3.30150466  0.63574523] -215.81379444085056
[ 0.82707286 -0.47988786  1.28002425 -3.62712547  3.30013541  0.63470292] -215.81379460193844
[ 0.82694712 -0.47948594  1.28017509 -3.62704421  3.30043449  0.63545865] -215.8137876407033
[ 0.82708144 -0.47913397  1.28083376 -3.62599589  3.29960576  0.63658799] -215.81378468633778
[ 0.82895532 -0.48064191  1.2819012  -3.62536007  3.2998977   0.63466499] -215.8137967616188
[ 0.82625754 -0.4786701   1.27997908 -3.62715795  3.30058266  0.63671488] -215.81379195968807
[ 0.82659975 -0.47956683  1.28060812 -3.62653277  3.30039411  0.63645079] -215.8137782706749
[ 0.82701426 -0.48017687  1.27944822 -3.62639535  3.3007255   0.63594758] -215.81378985296018
[ 0.82653259 -0.47974281  1.28027879 -3.62705692  3.30080848  0.63588612] -215.81378752895552
[ 0.82655309 -0.47983799  1.28041945 -3.62718358  3.30108876  0.63644273] -215.81379354470818
[ 0.82700683 -0.47865696  1.28186977 -3.62664663  3.3004111   0.63599471] -215.81378471159795
[ 0.82573817 -0.47900626  1.27986043 -3.62741345  3.30099672  0.63685588] -215.81379244277613
[ 0.82645012 -0.47921181  1.2803965  -3.62652134  3.30041736  0.63604016] -215.81378739979644
[ 0.82750236 -0.48011207  1.2811342  -3.62599411  3.30031628  0.6353551 ] -215.81379978479887
[ 0.82617922 -0.47928271  1.28017888 -3.62705861  3.30082661  0.63648069] -215.81378855731012
[ 0.82594792 -0.4786434   1.28178997 -3.62723329  3.30062121  0.63644111] -215.81379773695565
[ 0.82674768 -0.4797935   1.28003365 -3.62660484  3.30069943  0.63607096] -215.81378392801673
[ 0.82697245 -0.47970783  1.2810109  -3.62641877  3.3004777   0.63577142] -215.81379093151708
[ 0.82637753 -0.47938899  1.28038688 -3.62689865  3.30073939  0.63630337] -215.81378009831408
[ 0.8265674  -0.47912978  1.28094702 -3.6263677   3.30047281  0.63650508] -215.81378132893468
[ 0.82668895 -0.47963344  1.28101282 -3.62685207  3.3008824   0.63650601] -215.81380248405512
[ 0.82650983 -0.47931722  1.28055058 -3.62660402  3.30053362  0.63615662] -215.81379947445714
[ 0.82648864 -0.47947791  1.2804975  -3.62671571  3.30056675  0.63637708] -215.81379108071982
[ 0.82658357 -0.4793483   1.28077757 -3.62645023  3.30043346  0.63647794] -215.8137874768311
[ 0.8263589  -0.47978326  1.28049531 -3.62680121  3.30078829  0.63638219] -215.81378867930613
[ 0.82667371 -0.47968017  1.28032089 -3.6265688   3.30054677  0.63626088] -215.813788992361
[ 0.82680329 -0.47911189  1.28123895 -3.6265897   3.3004026   0.63622275] -215.813792649828
[ 0.82652494 -0.47938932  1.28050231 -3.62652705  3.30040574  0.63624548] -215.81378996827604
[ 0.82627321 -0.47997003  1.27982829 -3.62660889  3.30064244  0.6365087 ] -215.81381053795968
[ 0.82667077 -0.47932643  1.28088628 -3.6265945   3.30046256  0.63629424] -215.81379050989236
[ 0.82664857 -0.47955353  1.28069933 -3.62644248  3.30044356  0.63632676] -215.8137880385412
[ 0.82645904 -0.47978071  1.28024823 -3.62651301  3.30054142  0.63642044] -215.81377787236937
[ 0.82635318 -0.48000784  1.2799292  -3.62647227  3.30058084  0.63648354] -215.81379018350364
[ 0.82658291 -0.47984828  1.2805475  -3.62657578  3.30064347  0.63652752] -215.81379579473221
[ 0.82653943 -0.47950406  1.28051361 -3.62653924  3.30046517  0.63631599] -215.81378457575536
[ 0.82638938 -0.47949873  1.28079317 -3.62652418  3.30047523  0.63653049] -215.81378481885383
[ 0.82671435 -0.47930079  1.28071803 -3.62619943  3.30012936  0.63645861] -215.8137896792367
[ 0.82644776 -0.47966264  1.28055099 -3.62665076  3.30062356  0.6364013 ] -215.81379083702632
[ 0.8265294  -0.47967377  1.28042818 -3.62652289  3.30046777  0.63643562] -215.81379071183224
[ 0.82649924 -0.47964238  1.28038092 -3.62652612  3.30050329  0.63636821] -215.8137884457515
[ 0.82642421 -0.47963972  1.2805207  -3.6265186   3.30050832  0.63647546] -215.81379160664096
[ 0.82652131 -0.4795645   1.2805129  -3.62648162  3.30048744  0.63644919] -215.81378759725675
[ 0.82655381 -0.47966712  1.28047378 -3.62647775  3.30049249  0.6363736 ] -215.8137867861917
[ 0.82640897 -0.47978198  1.28037177 -3.62665711  3.30066485  0.63640132] -215.813788712732
[ 0.82656638 -0.47973044  1.28028456 -3.62654091  3.30054409  0.63634066] -215.8137788705132
[ 0.82647352 -0.47971527  1.28032921 -3.62654262  3.3006101   0.63634885] -215.81378725676208
[ 0.82661546 -0.47958482  1.28037143 -3.62637024  3.30039476  0.63636567] -215.81379469755035
[ 0.82646059 -0.47973269  1.28037168 -3.62658539  3.30059733  0.6363924 ] -215.81379667592972
[ 0.82651271 -0.47975557  1.28026639 -3.62652696  3.30054276  0.63638055] -215.81378969649222
[ 0.82650643 -0.47972391  1.280361   -3.62649538  3.30051695  0.63639702] -215.81378754519622
[ 0.82646628 -0.47974799  1.28028872 -3.62652782  3.30057576  0.63638465] -215.81378908676393
[ 0.82649018 -0.4796726   1.28038056 -3.62649732  3.30051443  0.63643481] -215.81378585131137
[ 0.82647914 -0.47971154  1.28031457 -3.62651957  3.30052236  0.63639433] -215.8137889781207
[ 0.82643401 -0.47978134  1.28031    -3.62658506  3.30060313  0.63641088] -215.8137935118382
[ 0.82653725 -0.47968277  1.28030983 -3.62644163  3.30046809  0.63639305] -215.81378382678886
[ 0.82646673 -0.47968427  1.28036791 -3.62647128  3.30050358  0.63642755] -215.8137850511265
[ 0.82651331 -0.47967061  1.28037198 -3.62645158  3.30044652  0.63643775] -215.8137898013612
[ 0.82647804 -0.47972864  1.28030953 -3.62650876  3.30054345  0.63639792] -215.81378922850686
[ 0.82649815 -0.47973174  1.28027903 -3.62647732  3.30050475  0.63640675] -215.8137920348342
[ 0.82646289 -0.47973249  1.28030807 -3.62649215  3.3005225   0.63642399] -215.81378741197219
[ 0.82647461 -0.47972666  1.2803144  -3.62650517  3.30052792  0.63642763] -215.81378672196806
[ 0.82648274 -0.47975231  1.28030461 -3.6265042   3.30052918  0.63640873] -215.81378685143852
[ 0.82646909 -0.47974612  1.2802814  -3.62651629  3.30053189  0.63640738] -215.81378099787113
[ 0.82646266 -0.47976435  1.28026847 -3.62652042  3.30055859  0.63640254] -215.81378811495014
