[ 0.25681516 -0.71936663  0.64691251  1.89349476  0.01475889 -0.07147224] -280.056786397823
[ 0.99821735 -0.63696577  0.24781619 -0.3154271   1.52003124  0.0982243 ] -310.8439952485688
[ 0.51456371  0.18726698 -2.35932994  1.93071681 -1.21793299 -0.76538859] -287.91309883233004
[-0.46227724 -1.74686055  0.8650954  -0.94458418  0.82198057 -0.30581241] -309.79388699350676
[-0.12487146  0.18977146  0.07238014  0.30132817 -2.07927221 -0.71374185] -302.58882151754506
[ 0.32112718 -1.7011359   0.07328131 -0.22562258 -0.77524831 -0.28658547] -293.4909883975025
[ 0.08274872 -0.16491826  0.53072061  0.78533735  0.25178153  0.55571048] -289.0996384048999
[-0.802182   -0.68144853 -0.30479618  1.56231721 -2.51467541 -0.62732099] -315.4727257528704
[ 0.54811752 -0.64808646  0.1096631   0.15400897  0.51135457 -0.08316202] -292.21286216241595
[ 0.99511085  0.79470428 -1.17388615  2.55767201 -1.92016674 -0.14906749] -293.4659936022947
[ 1.03103251 -0.94028346 -0.796593    2.06387427  1.03412119  0.44708674] -281.5213916320308
[ 0.82166898  1.20424138 -1.08745227  3.35399063  0.33322046  0.26448777] -276.7088265192613
[ 1.07193988  2.65693002 -1.66781907  5.14379724  0.88745485  0.54002439] -302.5764718229783
[ 0.08987135 -1.15508644  0.18852649  0.83613559  2.22926796  0.26482154] -324.7723573572841
[ 0.76880097  0.3072566  -0.83328299  2.1272879  -0.88280807 -0.04559523] -278.40972984625654
[ 0.61042583  0.606152   -1.40933813  3.89755826 -0.66697424  0.21143833] -290.256321244414
[ 0.59484875  0.29259238 -1.02958782  2.96167094 -0.37239203  0.13778824] -278.5527460754113
[ 1.24649464  0.27548735 -2.35049845  3.99167442 -0.61545905 -0.56674158] -289.3287850047419
[ 0.3736852  -0.05481686 -0.18958416  1.58692162  0.03497138  0.27509746] -280.7552794651441
[ 0.76772015 -0.1573925   1.2628007   2.73169657  1.27189027  1.10118617] -279.5110709968172
[ 0.16348057  1.23112158  0.38652832  2.82114654 -0.90090756  0.10674398] -288.42623488526834
[ 0.81414452 -0.3974322  -0.50081267  2.25319234  0.550364    0.36200105] -276.2659113548878
[ 0.96764764  0.23144987 -0.32422336  3.52018943  0.27003979  0.30770112] -272.7540438469573
[ 1.26462886  0.37458324 -0.39154296  4.48682333  0.38757399  0.32400295] -278.0306468006033
[ 1.32146184  1.21293847 -1.48443198  3.75584785  0.37534592  0.78066195] -274.4799536212623
[ 0.99513742  1.10774134 -3.0160644   3.25902979 -1.18063358 -0.49883787] -295.14242656880003
[0.82457447 0.15889096 0.19308442 2.86352987 0.65875931 0.70118016] -273.4266297418578
[ 1.24458405  0.61318931 -0.31611847  2.99634173  0.80736584  0.65235736] -269.7928972464911
[1.5694517  0.77348778 0.04061621 3.01367713 1.39724478 0.90964192] -269.15130371880343
[ 1.33751541  0.75393548 -0.22112356  4.12618785  2.07779948  1.15415322] -271.3826736323446
[ 1.45659622 -0.29315126  0.32182196  3.15688419  1.4432973   1.14062537] -270.4123720956354
[1.67827124 1.34328263 0.0093939  4.5589131  1.52379819 1.30265353] -270.11532688606746
[ 1.28989039 -0.22363998  1.49095518  3.32394601  2.0816337   1.05798983] -276.8440620887654
[ 1.31356898  0.85379386 -0.74058519  3.64787239  0.80191786  0.84999392] -270.00865282218
[ 1.94977593  1.06204183 -0.49778444  4.47771148  1.84593983  1.1870762 ] -265.6971308638298
[ 2.51237667  1.51361727 -0.84321887  5.28480229  2.43953008  1.43002422] -268.5985099110483
[ 2.13407885  1.2663469  -0.03833034  4.14022595  2.75995935  1.87368026] -267.39829302096535
[ 2.02973223  0.9146651  -0.08049908  3.5389069   1.17958628  1.26707051] -263.10226809862087
[ 2.37584064  0.99502991 -0.01018684  3.24526642  0.73047968  1.32352915] -261.4771826189335
[ 2.21706623  2.39114556 -0.73411419  4.5376713   1.5764826   1.34156629] -271.2451151898666
[1.64671372 0.37792295 0.05783792 3.50208097 1.47659362 1.1908606 ] -266.65874791944447
[ 1.98487204  0.43292511 -0.40553813  2.78336501  1.48024685  1.14227382] -269.1972797714911
[2.57334198 0.7821243  0.45612333 3.4062366  2.42823684 1.69236007] -266.2260244504317
[2.09819558 1.31939278 0.40829674 4.47836784 2.06590451 1.58344224] -264.3025232912349
[2.68986387 1.16079845 0.08470258 4.73628596 2.37179317 2.04067426] -260.49968315245445
[3.25006995 1.35445378 0.10674576 5.59759038 2.85906737 2.60619043] -264.8205299188375
[2.31049839 0.6327565  0.20466011 3.80842381 0.87968987 1.13230058] -261.4926235635902
[3.01912507 1.60612498 0.15743257 4.54868307 1.96408768 1.79560023] -260.3889049211352
[3.70533075 2.22022599 0.2072299  5.07198412 2.2078347  2.09797005] -267.19545333764506
[ 2.24109118  1.47659051 -0.34041641  5.02534293  0.85772807  1.32851415] -280.7458289402525
[2.49027928 0.95574085 0.25698839 3.81101318 2.03560965 1.60139859] -260.88528281976903
[3.04482501 1.16123933 0.86508229 3.73163528 1.50324836 1.97190549] -257.1340210343403
[3.59234955 1.21083807 1.54651565 3.35859717 1.33190263 2.36432013] -256.1401431313126
[3.39445669 0.86770347 0.33840741 3.35772204 1.03861638 1.83583207] -257.37548046809184
[3.54347331 1.63265541 0.58662648 3.87743214 2.27780653 2.52148423] -256.81826454505875
[3.86734195 1.48292384 1.0004112  4.65131143 2.94279233 2.72957402] -254.81509635668698
[4.6130926  1.7268708  1.50571021 5.35433393 4.04894865 3.43259645] -255.04423342317978
[4.2119242  1.69794055 0.98104357 4.36566409 1.94005659 2.82776306] -257.6084987443843
[4.51969306 1.67193033 1.45210972 3.31685069 1.45996087 2.65085032] -256.4512542221292
[4.69062118 1.24853891 1.81093877 3.09384278 1.6996241  3.18100771] -258.18010483949877
[4.27274715 1.33793543 1.39756222 3.45755285 1.76573999 2.83465584] -255.82340203944221
[3.51809637 1.03672163 1.12616732 2.97415802 1.66554966 2.15114248] -259.2495757326441
[4.03846724 1.53263582 1.01732451 4.01778757 1.87142986 2.65860792] -255.57073658119006
[4.55023406 2.08860282 1.99510918 4.20212192 2.84459436 3.41733208] -255.03832475236533
[4.73680436 1.47563336 2.21638434 3.79064174 1.79433348 3.03029587] -255.33200531598146
[3.83295505 1.37092612 1.60565932 4.50915354 2.72363668 3.02741163] -254.88461738136144
[4.84050039 1.88538106 1.53096794 4.85092584 3.31560627 3.53497232] -255.27433892814884
[4.34935387 1.94076558 1.72438994 5.21642783 3.398391   3.29807544] -257.2870493693698
[4.29189883 1.48864297 1.47926915 3.8972716  2.17390275 2.95051074] -254.69058953748856
[4.66811097 1.7314009  2.2586092  4.61602112 3.39352543 3.57142431] -254.1132650422725
[4.98293284 1.83078344 2.87925154 4.91513789 4.15457322 4.02783251] -254.87892157926362
[3.94687606 1.87365921 1.07362432 5.11829341 4.00368579 3.3801125 ] -256.8044199932612
[4.53932228 1.57513982 1.93069434 4.12255466 2.34667156 3.11775003] -254.32014214976962
[3.74278733 1.36049777 1.89228285 3.81521891 2.15943477 2.73636195] -255.46279101797748
[4.56607212 1.75416023 1.62129667 4.59199911 3.0265634  3.33531973] -254.39524207553023
[4.038333   1.04579514 1.30353745 4.5939819  2.69110302 2.82666474] -253.8225607228173
[3.78238247 0.52439129 0.95775158 4.78991189 2.61435735 2.53133106] -254.15655287611395
[4.82407134 1.65509484 1.59228002 4.3152264  2.80121615 3.14966956] -254.11653567016901
[5.10859423 1.60048747 2.39481774 4.06104016 2.53486844 3.58753901] -255.01607137328548
[4.17765502 1.51231474 1.34901283 4.50374361 2.84081136 2.94406527] -254.11526648752374
[4.64595608 1.60265893 1.87254102 5.01723733 3.52606089 3.3644538 ] -254.1319249561237
[4.39841078 1.28664122 1.81426161 4.4642559  2.83989941 2.98935617] -253.25352740419942
[4.3145801  1.05288172 1.91074409 4.40038429 2.74656742 2.81637439] -252.90877800385925
[4.35024656 1.2915756  1.49821386 5.02631023 3.65308986 3.10646733] -253.5221034293562
[4.14504292 1.16036205 1.43159147 4.13465185 2.51604352 2.77376806] -253.87595965563142
[3.74058485 0.94301521 1.65828961 4.77647127 3.14583072 2.86325181] -254.49238695363061
[4.55319972 1.47707493 1.60878242 4.43053761 2.88736979 3.07806512] -253.58320175476783
[4.51218274 1.0740487  1.98814666 4.56355205 3.12175499 3.11352271] -252.87426260126048
[4.67944659 0.85491568 2.30771357 4.59345627 3.26222681 3.19825144] -252.6394924261117
[4.02550533 0.56280081 1.09491841 4.44375293 2.52527471 2.36177271] -253.14316983014643
[4.50872752 0.93465257 1.8097118  5.0281559  3.40583368 3.02209718] -252.763206801585
[4.7722356  1.01217197 2.1064906  4.71355051 3.46901774 3.03434465] -252.25224408536582
[5.1391869  0.99536039 2.50796718 4.77333481 3.8579751  3.13818461] -252.2174891934638
[4.45269795 0.42032066 2.10097389 4.99126053 3.59628607 2.8029841 ] -251.8630429785333
[ 4.40244707 -0.10805648  2.34706963  5.27162199  3.95074421  2.66544359] -251.8385187777702
[4.67305128 0.13927596 2.49449436 4.4772585  2.92978411 2.62757398] -251.87672797632516
[5.21364116 0.72687581 3.36431513 5.07098432 4.19243574 3.46086901] -252.4497060140163
[5.22425341 0.12812626 3.03301314 5.33788631 4.45309913 3.22109888] -251.69781664965512
[ 5.67909006 -0.33425147  3.59414766  5.80663732  5.30636499  3.42346112] -252.377276732212
[ 5.26861462 -0.0224867   3.54181254  4.81335817  4.14292135  3.08170999] -253.64900604586654
[4.6986993  0.69536775 2.24273698 4.97445647 3.5901056  3.03700038] -251.91399395492445
[5.10431311e+00 4.06754430e-03 3.02215190e+00 5.37505786e+00
 4.39582115e+00 2.85180538e+00] -251.19662815647445
[ 5.31674637 -0.42135653  3.37937107  5.76585866  4.96261832  2.67858236] -251.29586140251553
[ 4.53367586 -0.10882866  1.85149594  4.99888766  3.53340737  2.38616659] -251.4350274090333
[ 4.4062931  -0.74537626  2.48902013  5.37172145  3.75967876  2.45817832] -251.6541193994963
[ 4.74931198 -0.92563164  2.83634472  5.30302146  4.08407264  2.36642187] -251.77858631866474
[ 4.80038023 -0.72450904  2.69853745  6.07547374  5.12915697  2.68879756] -252.10910001381913
[ 4.70488352 -0.07667029  2.54550514  4.87681231  3.47962733  2.64287988] -251.4163888016131
[ 5.17179659 -0.46671453  2.91210736  5.14950703  3.95115792  2.64340672] -251.30584060491387
[4.96575988 0.50383299 2.44808649 5.06693608 3.77352458 3.03475672] -251.56643185397783
[ 4.40465395 -0.42468933  2.05644252  4.94175449  3.17797323  2.11796566] -251.3231184136821
[5.22206787 0.55570883 2.45624298 4.76459703 3.67749177 2.76748199] -251.6454602439389
[5.01812418 0.23043756 2.46443727 4.91637814 3.69803851 2.69015608] -251.25486284553932
[ 4.68005585 -0.78463223  2.50262689  5.01919641  3.63848393  2.07603671] -251.4730154605635
[ 4.75148186 -0.46251592  2.48899179  5.03113133  3.67224409  2.31571672] -251.19196139604924
[ 5.18474188 -0.28986633  3.31171606  5.09799273  3.92488004  2.70114355] -251.315357398932
[ 5.173487   -0.39309005  2.8731105   5.29379488  4.12707765  2.46385149] -250.93566991342053
[ 5.40778875 -0.55129993  3.03691318  5.50228616  4.45080282  2.3743373 ] -251.07385739860771
[ 5.72999426 -0.03453791  3.63439577  5.3461995   4.74509989  3.10406098] -252.0479524788207
[ 4.73598903 -0.32715148  2.45093083  5.04286574  3.5697549   2.36448949] -251.02521929509078
[ 4.80032205 -0.1817893   2.09219383  5.1715856   3.87981803  2.40866508] -251.12717167609554
[4.68944248 0.09003399 2.21849801 5.12743082 3.82976019 2.38815469] -251.01181849852037
[ 4.73355433 -0.6539193   2.58418835  5.43091061  4.12678683  2.24073821] -251.07257906041218
[ 4.52377914 -0.64687823  1.88048587  4.99084846  3.33932608  1.87539984] -251.3860089728504
[ 4.95917962 -0.1586689   2.73673539  5.27900551  4.13169738  2.607704  ] -250.99086921855815
[ 4.94584298 -0.07901242  2.49622718  5.41739972  4.21605424  2.5088176 ] -250.90297788412317
[5.04302354 0.11273933 2.49984488 5.61053392 4.48795931 2.60536805] -251.16914987226653
[ 4.94550977 -0.32548009  3.02770293  5.3588835   4.12055904  2.44925342] -250.89196180744665
[ 5.01810363 -0.39732548  3.49545747  5.45253245  4.24092954  2.46954759] -251.1423571236671
[5.08292929 0.25612965 2.6835466  5.07554945 3.87151431 2.68668536] -251.03567726458152
[4.99558555 0.02861741 2.65870703 5.16438974 3.93533244 2.57519857] -250.90434180502047
[5.16702678 0.04795146 2.88606285 5.50410232 4.55040542 2.63317043] -250.92891728130485
[ 5.37276808 -0.38326151  3.34101728  5.5450944   4.53061519  2.69117715] -251.1582830386964
[ 4.86027388 -0.02828989  2.49912783  5.23184672  4.00497394  2.46391031] -250.87704268107615
[ 5.07006237 -0.09109896  2.74357738  5.37780011  4.18643686  2.42369661] -250.78246725186483
[ 5.12550374 -0.05731399  2.74699837  5.42719741  4.2138066   2.33169292] -250.82257683079277
[4.8212801  0.24398588 2.56402457 5.39101249 4.21084299 2.55416416] -251.0504959952683
[ 5.08543528 -0.23382106  2.79583901  5.31809928  4.14801899  2.48642966] -250.83897425800993
[ 4.80054317 -0.29097979  2.52099761  5.11870404  3.65338642  2.33593162] -250.89140820794157
[ 4.90697026 -0.37817815  2.70245028  5.44318805  4.17447739  2.31414784] -250.82013335083553
[ 4.94375526 -0.37027023  2.93367116  5.19877417  3.87989664  2.31563888] -250.81487537455857
[ 4.94350364 -0.13873261  2.3708515   5.20392063  3.89517105  2.33066489] -250.84183988211677
[ 5.13612373 -0.12248384  2.82750811  5.47250561  4.44293854  2.4422311 ] -250.79202452919597
[ 5.16834296 -0.41657173  2.95883798  5.43958257  4.23733921  2.30702602] -250.81592315924917
[ 5.16005965 -0.39874205  3.28310981  5.54606264  4.46119816  2.43239182] -250.94510894844223
[ 4.99764264 -0.20373497  2.59891607  5.28945613  4.03667783  2.35609662] -250.77369672771005
[ 4.9888638  -0.29362489  2.79248131  5.42233627  4.1712365   2.2331827 ] -250.72896135235848
[ 4.94057806 -0.32352681  2.79080246  5.47445476  4.18284525  2.10655922] -250.75442797446559
[ 5.19462666 -0.12108339  2.9158804   5.29029691  4.1436978   2.37847614] -250.75670811526453
[4.94201519 0.0158063  2.64517349 5.2441405  4.04962218 2.40941467] -250.76388761163756
[5.16602287 0.09819698 2.57417443 5.500071   4.46363993 2.4320604 ] -250.8889387974106
[ 4.99932217 -0.25315342  2.84379698  5.27409838  4.02583246  2.34474426] -250.74741901140064
[ 4.92805388 -0.19314594  2.6857671   5.16020382  3.76156267  2.27297256] -250.7517690278057
[ 4.94677908 -0.25854648  2.75042774  5.18237722  3.87643962  2.2412657 ] -250.7179443651461
[ 4.88513743 -0.34227023  2.75385293  5.08466578  3.721441    2.15005025] -250.75931599933665
[ 5.00224428 -0.16418097  2.94559293  5.23502823  3.97278592  2.27058873] -250.68966240850625
[ 5.0045451  -0.14440397  3.11893136  5.20781429  3.94083996  2.22783478] -250.706645164693
[ 5.0779481  -0.443718    2.99947533  5.27730645  3.93422948  2.17099537] -250.76533033120708
[ 4.97599842 -0.09907477  2.73374895  5.25243198  4.020774    2.34980984] -250.71963846583745
[ 4.75246054 -0.2994921   2.66805794  5.2185284   3.79917926  2.19237846] -250.77436901564207
[ 5.08408513 -0.16568557  2.85392478  5.27235478  4.05756816  2.33195172] -250.7186809270245
[ 5.07104375 -0.2182761   2.9542238   5.38600514  4.27998289  2.31754175] -250.72378826202015
[ 5.02368265 -0.14664283  2.83300287  5.30941283  4.1004299   2.23670255] -250.65688088306547
[ 5.0358629  -0.09338754  2.82760581  5.32707005  4.13772862  2.1826817 ] -250.63376767176106
[ 5.04980738 -0.03942558  2.89602669  5.12941953  3.94385657  2.33143045] -250.72529951635468
[ 5.03457149 -0.10297541  2.87014035  5.20264872  4.00070155  2.30686851] -250.69295428376518
[ 4.95547002 -0.07634081  2.70625639  5.10463186  3.74201641  2.24351365] -250.71267679614442
[ 5.04367255 -0.18796415  2.91756705  5.1889383   3.90830609  2.1758135 ] -250.65853024758158
[ 4.92211497 -0.12877955  2.81860531  5.14121002  3.8217579   2.14162554] -250.6360989612187
[5.05119966 0.007337   2.9448282  5.21746517 3.98465921 2.19909817] -250.64578092967434
[ 5.0744186  -0.14697606  3.0685235   5.33282164  4.19996336  2.18204507] -250.65018952443904
[ 5.00859949 -0.13500835  2.97076725  5.27819575  4.00769882  2.07708239] -250.62560100143332
[ 4.9956135  -0.15102482  3.0210807   5.31596927  4.01119745  1.96218933] -250.66582675208448
[ 5.04304511 -0.06407858  2.9037061   5.26020541  4.04725208  2.04886006] -250.5840538013102
[ 5.06344552 -0.01402738  2.88276269  5.272794    4.08448517  1.93799573] -250.56918251994966
[5.00820783 0.01768352 2.92013054 5.33424724 4.17045827 2.0643627 ] -250.61228177505868
[4.95539153 0.03158196 2.71970977 5.1908391  3.86896597 2.01890368] -250.62276199444563
[ 4.94667442 -0.11464944  2.76836558  5.29732022  4.0457057   1.94178574] -250.5759076145062
[5.08394559 0.02617714 2.87784191 5.42561211 4.28325628 1.93264511] -250.69167321451616
[ 4.96257263 -0.09004038  2.83341446  5.21231054  3.9371325   2.08938043] -250.5957389342913
[ 4.94576758 -0.00809915  2.87077762  5.2014989   3.90042019  1.86048853] -250.57796991810596
[4.952087   0.07582472 2.6942863  5.22480758 3.99469045 1.89388988] -250.56097428308706
[4.92383076 0.18124126 2.55604583 5.1981135  3.98818626 1.80229363] -250.57703038850514
[ 5.00419347 -0.076018    2.93686929  5.32348706  4.17533145  1.91039733] -250.5566762990087
[ 5.02859444 -0.12981798  3.04544905  5.38981103  4.32851419  1.85614416] -250.58828854072638
[ 4.95003904 -0.0933534   2.74202811  5.17649219  3.87546355  1.81361651] -250.54693749494123
[ 4.92095465 -0.14887186  2.6529769   5.09761467  3.72796619  1.68824342] -250.58090289214155
[4.99149638 0.01326616 2.79828208 5.28648944 4.088233   1.69667748] -250.57614062347156
[ 5.02354437 -0.0615533   2.73675373  5.32563126  4.18754959  1.8709657 ] -250.55095875577874
[ 4.98849822 -0.10785843  2.78873983  5.25368799  4.0328423   2.09287282] -250.58636726198358
[ 4.99074684 -0.01701499  2.79589651  5.27828908  4.07438533  1.79572631] -250.55310251687342
[5.04801099 0.052602   2.8278333  5.23651351 4.08492947 1.79907808] -250.5302375716461
[5.09867928 0.13622772 2.85756715 5.20611015 4.10454136 1.72772425] -250.5365602736351
[ 4.92609505 -0.02581027  2.69512639  5.24894623  4.04629811  1.75656221] -250.52747657486898
[ 4.85741982 -0.03170171  2.60130824  5.23702234  4.02720459  1.66584545] -250.54250594077746
[ 5.02878958 -0.14954071  2.88388281  5.30497886  4.15329539  1.75489216] -250.5359970710777
[ 4.98488183 -0.02220556  2.62363766  5.20012999  3.96530903  1.68654966] -250.55710465404624
[ 4.99936556 -0.06256489  2.85856138  5.29264779  4.12282585  1.85443541] -250.5371129122018
[ 5.00120136 -0.09639187  2.78549873  5.2501142   4.08240199  1.82079038] -250.51585127738463
[ 5.00642861 -0.13608031  2.78029984  5.23602675  4.08641032  1.83332241] -250.52073001952184
[ 4.96095616 -0.06346642  2.86088984  5.17759966  3.93418853  1.72882588] -250.51583971279516
[ 4.92966205 -0.06442298  2.9229579   5.10358386  3.807508    1.65775598] -250.53148059208357
[ 5.03810053 -0.02170398  2.89523604  5.32710789  4.26584957  1.75791153] -250.53082527701008
[ 5.00168567 -0.0388722   2.79092765  5.22243899  4.06616184  1.684918  ] -250.50632460547277
[ 5.00284572 -0.02702585  2.75711079  5.18733459  4.03782984  1.6001593 ] -250.50808305899957
[4.963227   0.08499313 2.73462117 5.18259463 4.00664779 1.76113653] -250.50635990200584
[ 4.92895822 -0.00727789  2.66972966  5.11229451  3.80769301  1.75919216] -250.54192273990404
[ 5.01081495 -0.01809746  2.83885944  5.27340454  4.15131043  1.75823169] -250.51539308260843
[ 4.90664907 -0.10515036  2.74080778  5.21518591  4.01074009  1.70441015] -250.51091481256438
[ 5.02208301 -0.05318479  2.88874182  5.19149975  4.03751878  1.729542  ] -250.50147842444036
[ 5.07007699 -0.06687205  2.98554953  5.16277651  4.03312911  1.7160319 ] -250.51345257229477
[4.95393726 0.03179917 2.83278384 5.17079363 3.98645383 1.63489771] -250.50210597051378
[4.99184283 0.03062892 2.74802406 5.24103949 4.15208905 1.69555281] -250.50421668381034
[4.93566000e+00 1.50208442e-03 2.73977600e+00 5.13444626e+00
 3.93522670e+00 1.64525405e+00] -250.49450121288928
[4.89808252 0.01130186 2.69023428 5.06496711 3.82718483 1.58876523] -250.50653949780946
[5.04949619 0.1241058  2.83748373 5.16575167 4.0506259  1.67935688] -250.50872424119868
[5.01378441 0.06679176 2.81331475 5.17811023 4.04065445 1.6856202 ] -250.4992303774626
[ 5.00977073 -0.07210481  2.86990153  5.19684815  4.06605376  1.59745839] -250.5040788123825
[4.97400708 0.04068297 2.83991968 5.14847352 4.00650368 1.64452372] -250.48700835663942
[4.96016778 0.08046056 2.86441569 5.11149078 3.9766746  1.62432658] -250.489436761587
[ 4.97790467 -0.02546679  2.91345514  5.09901769  3.87204801  1.61687921] -250.51132989081015
[4.98835829 0.01660499 2.78938183 5.20553404 4.08207879 1.67588441] -250.4948767197589
[4.95283929 0.10683688 2.76473777 5.14610432 3.96342498 1.74111564] -250.4999871447325
[5.00830676 0.02794546 2.77917344 5.16392907 4.03534863 1.7390823 ] -250.49228477897705
[4.93556893 0.13997284 2.68669267 5.13403273 3.9835603  1.6476181 ] -250.49963057634127
[ 4.99905586 -0.00900351  2.78468168  5.1754043   4.06436587  1.60487862] -250.49616562790536
[ 5.03748854 -0.09179825  2.89538979  5.20126641  4.07116574  1.68412967] -250.50595491904082
[4.96104883 0.08203006 2.73886695 5.15084115 4.00546166 1.65674599] -250.49108504071984
[ 4.94169453 -0.01353774  2.74395178  5.14809921  4.00234066  1.63650283] -250.4921398722346
[4.93730263 0.06074612 2.75900821 5.14170345 3.95795417 1.72778581] -250.4927104258894
[4.93098166 0.04985133 2.74418352 5.09029685 3.89886637 1.67408049] -250.49110185812646
[4.9821205  0.08107065 2.79525853 5.14666816 4.03359836 1.71431966] -250.48636820339857
[5.00535075 0.12085494 2.82299979 5.15277911 4.08278419 1.74885247] -250.489809005716
[4.99541715 0.02860146 2.78810976 5.14106587 4.03608562 1.62729919] -250.49173115819306
[4.92011649 0.06162079 2.7709233  5.11121918 3.95893682 1.57874166] -250.49186337014223
[4.97953604 0.12815683 2.81513546 5.11475569 3.97747684 1.66206741] -250.4901942268932
[5.0209206  0.07517698 2.80290133 5.15281457 4.02706069 1.74760382] -250.4932357463628
[4.94531752 0.06500984 2.77891781 5.12161802 3.97596779 1.6209572 ] -250.48741860394887
[4.92892005 0.12033243 2.78265089 5.11648526 3.92987262 1.6969323 ] -250.49696793082728
[4.97879288 0.0515342  2.78674504 5.13492071 4.00953237 1.64470747] -250.4882533066327
[5.00929262 0.09964352 2.8407643  5.18212891 4.10398053 1.64036   ] -250.49262470290455
[4.9505594  0.06229938 2.76832872 5.11325486 3.95014491 1.66565036] -250.48700891944597
[4.97572897 0.06088789 2.85590146 5.10905584 3.97894632 1.66066262] -250.4870690590776
[ 4.95597274 -0.00766185  2.79322161  5.14324135  4.00742097  1.65487294] -250.49027470902357
[4.97364521 0.09420216 2.809657   5.12187711 3.98496287 1.66026879] -250.48707854638727
[4.95500001 0.08318343 2.82924936 5.11872845 3.96717561 1.67741999] -250.48676313992138
[4.99170288 0.07576566 2.85385377 5.13106796 3.99780947 1.71999118] -250.48723184690448
[4.98010654 0.0730767  2.83511978 5.12870547 3.99234905 1.69523268] -250.48608695357564
[4.96552895 0.03953152 2.83160217 5.133085   3.99127644 1.69233422] -250.4855980614682
[4.96147082 0.0121962  2.84257476 5.13868894 3.99443322 1.70836694] -250.4878025688459
[4.96004519 0.06572699 2.77725795 5.15391598 4.00140302 1.7024976 ] -250.48828116546997
[4.97180803 0.06209767 2.83624058 5.12027088 3.9845605  1.67112136] -250.48601276751538
[4.99229764 0.06424827 2.88746798 5.15205563 4.0416763  1.69933351] -250.4882458473161
[4.96099396 0.0627866  2.79811353 5.12295505 3.97302776 1.67407115] -250.4853074737293
[4.96451225 0.09323255 2.80194164 5.10833082 3.97415889 1.7303093 ] -250.48843242857578
[4.97163337 0.05382037 2.83042517 5.13843784 3.99841748 1.66597012] -250.48523770191045
[4.98906377 0.04094441 2.8130039  5.14464568 4.02390092 1.69359641] -250.48746003209024
[4.96351595 0.07262367 2.82518799 5.12520776 3.98135694 1.68146409] -250.48538559668646
[4.95574177 0.04024152 2.85697122 5.10955251 3.94006436 1.64574488] -250.48868505976142
[4.97552582 0.07086337 2.8106867  5.13738925 4.01021486 1.69717597] -250.48557369868166
[4.95622882 0.0474977  2.8089656  5.13040979 3.98726894 1.66547962] -250.4854585401975
[4.95933427 0.05361007 2.79875314 5.14222402 3.99596031 1.68771036] -250.4853622667909
[4.96354844 0.08086908 2.79244187 5.13245624 3.99080566 1.66495621] -250.48580397335027
[4.96503383 0.04986591 2.8218121  5.13292781 3.99115874 1.68548972] -250.4850098034173
[4.95005425 0.04253807 2.81706581 5.12666484 3.9655152  1.65621905] -250.4867827165014
[4.96915793 0.06378204 2.81228148 5.13470815 3.99903994 1.68693674] -250.4845398440036
[4.97366094 0.07133186 2.8198922  5.13507709 3.99238478 1.69506777] -250.48651659941854
[4.96058685 0.05345624 2.81169725 5.13157661 3.9885479  1.67287666] -250.48507247093897
[4.96539745 0.03981674 2.7991729  5.14240207 4.00069378 1.67622082] -250.4866677636807
[4.96398633 0.06442194 2.81868422 5.12950634 3.98619115 1.68015328] -250.48514743326714
[4.97112982 0.06243429 2.83225144 5.12114658 3.98283402 1.66745552] -250.48600262404508
[4.96228315 0.05581613 2.80712772 5.13695466 3.99267874 1.68264665] -250.48504789137166
[4.96989986 0.05093427 2.83589578 5.14508208 4.01231689 1.68395324] -250.4849901186824
[4.95868261 0.05893848 2.80540768 5.13181404 3.99156031 1.69804864] -250.4853317881111
[4.96839568 0.05509989 2.8241708  5.13678189 3.99670319 1.67398975] -250.48489976192712
[4.96779944 0.04522956 2.81897749 5.14317073 4.00729066 1.68181098] -250.48464539823863
[4.97360311 0.05345303 2.8283912  5.14496516 4.01118148 1.6920657 ] -250.48605714400543
[4.96384092 0.05345544 2.81587074 5.13492375 3.9942063  1.67767392] -250.4847803617053
[4.97242606 0.05030624 2.83587508 5.13891014 4.00755984 1.68063813] -250.4847309954742
[4.97213947 0.05640324 2.82587835 5.14493111 4.01454686 1.67617786] -250.4860071889912
[4.96681024 0.05150024 2.82282866 5.13592863 3.99700577 1.68316176] -250.4847294652185
[4.96624356 0.05552353 2.80743897 5.12972568 3.98828501 1.67745052] -250.4847945873637
[4.96703037 0.05149912 2.81358667 5.1356738  4.00109265 1.6885676 ] -250.48458371484244
[4.96944476 0.04973402 2.83236774 5.14471272 4.01378005 1.68881252] -250.48484180155532
[4.96704386 0.05407615 2.81367116 5.13347244 3.99465877 1.68029102] -250.4845597105054
[4.97291505 0.05200902 2.82320277 5.13903088 4.00800958 1.68946149] -250.48450147347614
[4.97745211 0.05128581 2.82686879 5.14108445 4.01491122 1.69535527] -250.4856636957748
[4.9644929  0.0557258  2.79897434 5.13508473 3.99480595 1.6894384 ] -250.48476789626503
[4.97044277 0.05166113 2.82664989 5.13795379 4.00437137 1.68283819] -250.48459576474733
[4.97131957 0.05458543 2.81329449 5.1387413  4.00781521 1.68680691] -250.4844319638953
[4.97357423 0.05612803 2.80852741 5.14014763 4.01321993 1.68862949] -250.48555055377903
[4.97150374 0.06397475 2.81525134 5.13002272 3.99770518 1.68982301] -250.48567044693587
[4.96872551 0.04991585 2.81804595 5.13988373 4.00489429 1.68381398] -250.48462447148952
[4.97057766 0.05928845 2.81618287 5.13330972 4.00010155 1.68782   ] -250.48437369991197
[4.97150374 0.06397475 2.81525134 5.13002272 3.99770518 1.68982301] -250.48567044693587
[4.96890537 0.06008561 2.80408993 5.13369164 3.9992012  1.69045639] -250.48449471644295
[4.97294278 0.06310978 2.81398756 5.13531091 4.00184944 1.68535659] -250.4855027058144
[4.96850847 0.05440179 2.8136869  5.13558308 4.00128185 1.68776484] -250.4844975622366
[4.97341749 0.06064129 2.81390832 5.13821582 4.01049101 1.69612444] -250.4855304669676
[4.96863727 0.05571744 2.81373045 5.13465828 3.99861683 1.68424937] -250.4844810178786
[4.97112987 0.0482472  2.81578099 5.13696349 4.0059688  1.68858293] -250.48451881175916
[4.97063688 0.05213091 2.81490611 5.13639965 4.00423658 1.68817138] -250.48445102957749
[4.96661336 0.06006086 2.80209414 5.13176368 3.9957415  1.68562815] -250.48471317297236
[4.97133962 0.05402198 2.81792562 5.13721408 4.00494256 1.68850315] -250.48445780331718
[4.97196366 0.05754149 2.81302293 5.13575515 4.00368947 1.68757089] -250.48436676334472
[4.97369125 0.05911133 2.81269095 5.13584118 4.00489328 1.68747392] -250.4854544419856
[4.97258618 0.05100962 2.82559757 5.13833442 4.0072662  1.68391751] -250.48449319409823
[4.97166598 0.05327862 2.82022066 5.13717373 4.00524995 1.68555223] -250.4844524636679
[4.97386386 0.05456485 2.81812044 5.13820626 4.01006161 1.69055882] -250.48555439685717
[4.96994391 0.05542929 2.81482795 5.13554528 4.00147802 1.68582673] -250.48443684408474
[4.97069626 0.05672942 2.81289272 5.1350942  4.00258104 1.6854129 ] -250.48438387456582
[4.97004667 0.05862304 2.80815504 5.13444137 4.00138401 1.68831738] -250.48441429880538
[4.97087903 0.0619348  2.81121922 5.13456269 4.00144652 1.68574689] -250.48551497640835
[4.97069742 0.05458188 2.81398439 5.13594041 4.00353907 1.68756526] -250.48441510119358
[4.97182316 0.05835395 2.8110162  5.13554877 4.00489209 1.68867105] -250.4843650901307
[4.97276279 0.05981627 2.80911033 5.13555052 4.00659913 1.6900932 ] -250.48548828933633
[4.97061538 0.06045397 2.81179023 5.13128858 3.99758053 1.68831224] -250.48437914968406
[4.97121018 0.06241489 2.81036894 5.13253885 3.99987049 1.68780289] -250.4854955030709
[4.97082561 0.05654013 2.81308053 5.13509002 4.00262192 1.68762467] -250.48439616426123
[4.97212057 0.05767943 2.81784012 5.13425411 4.00243819 1.68681988] -250.48549697607052
[4.97056515 0.05838714 2.81057631 5.13439456 4.00164755 1.687943  ] -250.48438569159828
[4.97125481 0.060378   2.81207989 5.13337364 4.00087549 1.68761869] -250.48549358537102
[4.97093291 0.0574996  2.81283037 5.13466093 4.00218531 1.68762317] -250.48438644167027
[4.97114751 0.05941854 2.81233005 5.13380273 4.0013121  1.68762019] -250.4843581968047
[4.97125481 0.060378   2.81207989 5.13337364 4.00087549 1.68761869] -250.48549358537102
[4.9717094  0.0588748  2.81516869 5.13387183 4.00173804 1.68719276] -250.48548948155732
[4.97085121 0.05850905 2.8117244  5.13426387 4.00167017 1.68775544] -250.48437738163943
[4.97162993 0.06112573 2.81246284 5.13289541 4.00050093 1.6905037 ] -250.4855039453371
[4.97092968 0.0578285  2.81278525 5.1345445  4.00206101 1.6866856 ] -250.48437443908455
[4.97181558 0.05652601 2.81389701 5.13778634 4.00699494 1.68706215] -250.48439791040718
[4.97091543 0.05947198 2.81231692 5.13291302 3.99993413 1.68799972] -250.4843646747938
[4.97160116 0.05879191 2.81416034 5.13436076 4.00232661 1.68770038] -250.48549978602057
[4.9710387  0.05857977 2.81233339 5.1342881  4.00183428 1.68774167] -250.48436893063322
[4.97155903 0.05972289 2.81294887 5.13399466 4.00186019 1.68912224] -250.48551468050525
[4.97108702 0.0583021  2.81282616 5.13440704 4.00201081 1.68729476] -250.48436168303422
[4.97208083 0.05793416 2.80843234 5.13559521 4.00445607 1.68781276] -250.48436284297813
[4.97196717 0.05842763 2.81098148 5.13505255 4.00359727 1.68791478] -250.48435716644994
[4.97243141 0.05835157 2.81030552 5.13543477 4.00447876 1.68800134] -250.48548724586433
[4.97104339 0.0597613  2.80961145 5.13335129 4.00171136 1.68820019] -250.4843614881845
[4.97092395 0.05941796 2.81114993 5.13282518 3.99944849 1.68694309] -250.4843670401765
[4.97159836 0.05861995 2.81104963 5.13486787 4.00353119 1.68823906] -250.48436041836126
[4.97205933 0.05801591 2.80942678 5.13611255 4.00560547 1.68769419] -250.48436427357782
[4.97177335 0.05837992 2.81014932 5.13531267 4.00418763 1.68777058] -250.48434912533818
[4.97079144 0.05970232 2.81388369 5.13333617 4.00099405 1.68786709] -250.48437748024446
[4.97175848 0.0583762  2.80979518 5.13503045 4.00359057 1.68782634] -250.4843633201368
[4.97187026 0.05840378 2.8105654  5.13518261 4.00389245 1.68784268] -250.48435473267386
[4.97146043 0.05889923 2.81123968 5.1345577  4.00274986 1.68769538] -250.4843659438919
[4.97168586 0.05849994 2.81059948 5.13509027 4.00385941 1.68800482] -250.48436228360023
[4.97140837 0.05907061 2.80988039 5.13433198 4.00294949 1.68798538] -250.4843564322838
[4.97143019 0.05834101 2.81148774 5.13485985 4.00309922 1.68753267] -250.48435990605512
[4.97192709 0.05815704 2.80929083 5.13545394 4.00432185 1.68779167] -250.48436652320459
[4.9712824  0.05904112 2.8120165  5.13432442 4.00259084 1.68781883] -250.48435352643375
[4.97168971 0.05834623 2.81032659 5.1351429  4.00410982 1.68795627] -250.4843613934138
[4.97146557 0.05869429 2.81087583 5.13462787 4.00308374 1.68763065] -250.48436451876753
[4.97163079 0.05854852 2.81066857 5.13497467 4.00366549 1.68791128] -250.48435724821877
[4.97144208 0.05891543 2.81126271 5.13451917 4.00268523 1.6876642 ] -250.48436353994248
[4.9716278  0.05848853 2.81056062 5.13498696 4.00375367 1.68788325] -250.48435358912442
[4.97176747 0.05896982 2.80979253 5.13484458 4.00391397 1.68820466] -250.48434318599968
[4.97193611 0.05928423 2.80894492 5.13483694 4.00432135 1.68854066] -250.48549974564156
[4.97161243 0.05890274 2.81031968 5.1346864  4.00343053 1.68792385] -250.4843542347675
[4.97190287 0.05832469 2.8112543  5.13544723 4.00430687 1.68782924] -250.48435605004124
[4.97177924 0.05851117 2.81091082 5.13516842 4.00396753 1.68786827] -250.48434950115282
[4.97141064 0.05902732 2.81068443 5.13459188 4.00338894 1.68798047] -250.4843606508968
[4.97175536 0.05855967 2.81059515 5.13503492 4.00376657 1.68787713] -250.4843533990181
[4.97171611 0.05841401 2.81102196 5.13520426 4.00396288 1.68788372] -250.48435327260293
[4.97173018 0.05880338 2.81093481 5.13497612 4.00370947 1.68792448] -250.48436300866234
[4.97165339 0.05856724 2.81065417 5.13498425 4.00374262 1.68789356] -250.48435156999278
[4.97219925 0.05809282 2.80902481 5.13585861 4.00525623 1.68801381] -250.48434659637795
[4.97187425 0.05841866 2.80992271 5.13542267 4.00457705 1.68800107] -250.48436609438173
[4.97178508 0.05852442 2.81042704 5.13513186 4.00396919 1.68790811] -250.48435093043267
[4.97193649 0.05860112 2.8092976  5.13522921 4.00438285 1.68800261] -250.48435293951718
[4.97188139 0.05855435 2.80972869 5.13522297 4.00427786 1.68797289] -250.48436432737265
[4.97198336 0.05853132 2.80940867 5.1353516  4.0045851  1.68810924] -250.4843538157065
[4.97177041 0.05867487 2.80997092 5.13507862 4.0040508  1.68798762] -250.48435787702175
[4.97177336 0.0587405  2.81035167 5.1350065  4.00394075 1.68803647] -250.4843368565088
[4.97177628 0.05874712 2.81010979 5.13498822 4.00394158 1.68805639] -250.48435450325925
[4.97171043 0.05876853 2.81022335 5.13491442 4.0038283  1.68804911] -250.484350267307
[4.97174179 0.05869191 2.81040724 5.13502442 4.00393843 1.68804419] -250.4843523242695
[4.97181382 0.05880819 2.81012683 5.13496462 4.00399857 1.68817907] -250.48434896326353
[4.97182047 0.05875631 2.80999364 5.13504716 4.00412679 1.68815119] -250.4843427132804
[4.97155909 0.0590471  2.81088975 5.1345823  4.0033305  1.68811233] -250.48436680874073
[4.97187729 0.05866027 2.80977894 5.13515927 4.00427145 1.68811001] -250.4843571247494
[4.97179691 0.0587484  2.81017266 5.13502683 4.00403377 1.68809383] -250.48435657279254
[4.97177041 0.05885516 2.8100721  5.13492554 4.00392736 1.68812057] -250.48435501619713
[4.97179359 0.05877435 2.81023925 5.13498556 4.00396966 1.68810777] -250.48435480012964
[4.9717419  0.05875451 2.81028751 5.13496046 4.00388452 1.68804279] -250.48435102555825
[4.97175757 0.05871621 2.81037946 5.13501546 4.00393959 1.68804033] -250.48436268878686
[4.97187836 0.05863591 2.80988017 5.13517905 4.00426293 1.68807285] -250.48436253893868
[4.97182727 0.05878674 2.809955   5.13501252 4.00406674 1.68811776] -250.48435320464552
[4.97168945 0.05891731 2.81047922 5.13479342 4.00367801 1.68810021] -250.4843519944713
[4.97173508 0.05886112 2.81028893 5.13486784 4.00378858 1.68808136] -250.48435295885366
[4.9717498  0.05875635 2.81046176 5.13494989 4.00384873 1.68804155] -250.48434694039517
[4.97171203 0.05883116 2.81036878 5.13487798 4.00376612 1.68803228] -250.4843543712763
[4.97173242 0.05881696 2.8103364  5.13490488 4.003817   1.68805115] -250.48435515851332
[4.97176158 0.05874842 2.81040672 5.1349782  4.00389474 1.68803901] -250.48435856527308
[4.97175763 0.05874751 2.81031959 5.13498348 4.00391264 1.68803963] -250.48435961113051
[4.97173141 0.0588289  2.81041545 5.13489996 4.00380938 1.68806834] -250.48434904097758
[4.97175422 0.05880081 2.8103203  5.13493717 4.00386467 1.68805891] -250.4843613565414
[4.97180031 0.05876362 2.81015333 5.13500951 4.00400375 1.68807712] -250.48434688558552
[4.97178347 0.05875742 2.81029546 5.13499603 4.00395521 1.68807212] -250.48434727210497
[4.9717817  0.05872798 2.81032711 5.13502072 4.00397416 1.68805198] -250.48435150173228
[4.97178632 0.05877478 2.81033032 5.13498683 4.00394669 1.68807538] -250.48434614876638
[4.97179061 0.05878264 2.81021773 5.13499499 4.0039819  1.68808812] -250.48436194309457
[4.97176884 0.05875698 2.81035947 5.13498239 4.00391653 1.68805129] -250.48435256096758
[4.97178335 0.05877409 2.81026498 5.13499079 4.00396011 1.68807585] -250.48434808461818
[4.97177104 0.05881845 2.81027663 5.13494248 4.00389781 1.68808311] -250.4843575174532
[4.97177903 0.0587506  2.81031449 5.13500116 4.00395507 1.68805976] -250.48435138147408
[4.9717737  0.05879583 2.81028925 5.13496204 4.00391689 1.68807533] -250.48435397185867
[4.9717777  0.05876191 2.81030818 5.13499138 4.00394553 1.68806365] -250.48435371214273
[4.97177984 0.05875764 2.810341   5.13499666 4.00394372 1.68805592] -250.48435616737208
[4.97178684 0.05875206 2.8102525  5.13500801 4.00397225 1.68805679] -250.4843429815449
[4.97177842 0.05874896 2.81032357 5.13500127 4.00394798 1.68805429] -250.4843546870525
[4.97177835 0.05875729 2.81030833 5.13499865 4.00395043 1.68805616] -250.48434879021048
[4.97175238 0.0587847  2.81038356 5.13495323 4.00387507 1.6880524 ] -250.4843515102815
[4.9717762  0.05874555 2.81033308 5.13500383 4.00394791 1.68804812] -250.48435005500502
