[ 0.16792799  0.21458488 -0.1621677   1.16014994 -1.47235422 -0.86602585] -274.2978826558404
[ 0.40533741 -1.51817822 -0.52535601  0.32783354  0.35479473 -2.58725654] -254.24162991984113
[ 1.2378471   1.90736857  1.20113153 -1.43236723 -0.6544181  -1.01671921] -244.17692016747569
[ 0.26283443 -1.86599181  1.40274527 -0.75933432  0.04221118 -0.93411007] -246.8831498354516
[-0.74690603 -0.32229896 -1.0385089  -0.0612807   0.60960635  0.08672463] -264.85648007600435
[-0.578924    0.18211189  1.27413473 -0.01547208  0.69878509 -2.29370681] -263.24343778869667
[ 0.38894307  1.47965277 -1.11880945 -1.2311592  -0.05172184  0.37252431] -249.7067950711583
[ 0.15511601 -0.26036347  0.56061343 -2.21740993  1.80544002 -1.25815538] -253.4584990814026
[ 1.37062404  0.29716553  1.9699954  -1.71468905  0.12209068 -2.6591992 ] -241.36969318326047
[ 2.42938907  0.60689778  3.47424756 -2.54139322 -0.12166715 -4.03216112] -247.87733173828903
[ 1.85249135 -0.1688941  -0.11069468 -2.32690331 -0.15931953 -0.40059856] -239.96079557970867
[ 3.06819902 -0.34439709 -0.80310938 -3.48261893 -0.58837184  0.54595557] -252.32449915152324
[ 1.3506146   1.98115739  1.82701651 -3.55512122  0.01329941  0.62183716] -242.15469058475048
[ 1.99933552  1.47051626  1.16318144 -1.45578151 -2.03472609 -0.08059981] -256.47172985508934
[ 0.61617089  0.17235646  0.71125543 -2.02700283  0.84539849 -0.96376649] -243.164015142166
[ 1.84125107 -0.70526542  3.45262593 -2.70731345  0.12147588 -2.15670977] -242.4635231545696
[ 2.49349858  3.02728796  1.61436478 -3.82846471  0.05396443 -1.25760862] -243.77971834124895
[ 1.9370364  -0.37276596  1.95372293 -3.95413096  0.98672122 -1.25529594] -242.3476764758122
[ 0.49589753 -2.62603665  1.65360907 -1.59992223  0.58925762 -1.01363565] -245.2800774325349
[ 1.99409832  1.6139568   1.62417585 -3.27132909  0.18778773 -1.19661538] -239.6421165490142
[ 2.83253437  0.70942829  2.86102522 -3.81615953 -0.42138003 -1.38509407] -248.14909959469094
[ 1.17026176  0.30662442  1.24869788 -2.474292    0.52870386 -1.06909839] -239.14180982201762
[ 1.38379109  1.92434678 -0.61498797 -3.05817509  0.43828524  0.17038633] -243.39011342241207
[ 1.72688607 -0.04786237  2.43572246 -2.79502886  0.20067822 -1.57493574] -239.36274568228566
[ 1.21795564  1.70014852  1.04458154 -1.42499022 -0.68897443 -0.83757409] -243.86148302195124
[ 1.75726621  0.14546266  1.72643758 -3.32184577  0.56779731 -1.15086548] -239.41456660655493
[ 1.93992799 -1.26567307  1.13776165 -1.74624148  0.46928002 -3.30560808] -243.07977111601977
[ 1.49794294  1.16944977  1.6547028  -3.10290129  0.12729456 -0.36002415] -239.19604960265812
[ 1.96235818  0.70908019  0.88968522 -4.04941106  0.36222337  0.74181998] -242.32593642473105
[ 1.51855757  0.4001442   1.69991786 -2.29836955  0.18212385 -1.80894441] -238.97487134187338
[ 1.36917961  1.36481926  3.57391282 -3.42768554  0.75744804 -1.98622929] -243.4072967320147
[ 1.73166342  0.21453424  0.8104572  -2.60209887  0.06987236 -0.79700624] -238.44721250015888
[ 1.14009434 -0.88450583  1.56780274 -2.26018303  0.37103566 -1.05700943] -239.49191789515072
[ 1.35359534 -0.25989017  1.58189602 -2.51296954  0.32522368 -1.09191091] -238.6522403933964
[ 1.24236949  0.44887071  1.41736048 -1.94004093 -0.0898318  -1.0831078 ] -239.22055834819383
[ 1.1112441   0.80777342  0.36862162 -2.18186186  0.18045062 -0.49509489] -239.95425436953207
[ 1.57297558  0.16604658  1.91894725 -2.64173711  0.19562132 -1.30497553] -238.5471950920732
[ 1.70596272  0.21676564  1.55417918 -3.27074853  0.56611167 -1.06087874] -239.2293799345555
[ 1.35826779  0.39084444  1.45156516 -2.27271783  0.07415407 -1.07755053] -238.54646848975378
[ 1.40383087 -0.76334854  1.24912432 -1.83116035  0.33127182 -2.02313786] -239.8707481379369
[ 1.47441493  0.6862502   1.55330818 -2.78496605  0.17828887 -0.77580257] -238.4942110126094
[ 1.83289645  0.22601874  1.75666601 -2.56332765 -0.18694248 -1.21629835] -239.1702476263055
[ 1.33592043  0.286473    1.37568991 -2.49655092  0.34979228 -1.10589838] -238.5397937183687
[ 1.42372159  0.09460856  1.19737004 -2.80531056  0.21552701 -0.24210365] -238.50222768001493
[ 1.61205924  0.87280918  1.18721656 -2.68815757  0.03586163 -0.67586805] -238.3447681282876
[ 1.7412912   1.43915885  0.98987683 -2.77575159 -0.1088194  -0.46784662] -238.9192103331443
[ 1.40570689  0.68245996  0.6062551  -2.57486348  0.11221075 -0.25310095] -238.79651326496327
[ 1.53115841  0.29514992  1.59077421 -2.62501871  0.17476868 -1.04200688] -238.29160686725356
[ 1.67804488  0.42576393  1.12004021 -3.06131639  0.2672162  -0.46867806] -238.6277084419095
[ 1.43821206  0.39957431  1.36868392 -2.46986747  0.1224196  -0.92533242] -238.30442158152883
[ 1.73448945  0.5678358   1.19358013 -2.82858883 -0.08421289 -0.38014156] -238.6769476143154
[ 1.43556269  0.3568137   1.33016246 -2.57956039  0.24129098 -0.92445917] -238.2991150714083
[ 1.65063533  0.84710195  1.41616413 -2.44457913  0.05864037 -1.47138813] -238.65111075387065
[ 1.48045002  0.28273191  1.25206857 -2.7151277   0.17630535 -0.54942477] -238.29029576931129
[ 1.60195368  0.12095423  0.95981279 -2.44164419  0.09521733 -0.86222994] -238.18616705615494
[ 1.66572306 -0.16169376  0.6630651  -2.26998325  0.05368155 -0.90544362] -238.41477115760762
[ 1.30146862  0.56147684  1.75244898 -2.57102647  0.21208216 -0.8627675 ] -238.55694024112452
[ 1.62411472  0.30126989  1.04595514 -2.59433077  0.10542481 -0.81344656] -238.24427641882556
[ 1.42509128 -0.28731119  1.32860247 -2.45369217  0.26928062 -1.02976519] -238.49122131435192
[ 1.56531725  0.58277909  1.22256304 -2.62954122  0.09421638 -0.76434234] -238.21756690529548
[ 1.64130686  0.24699193  1.09842815 -2.72520686  0.17332157 -0.72663747] -238.242402122113
[ 1.71253763  0.25314529  1.05970484 -2.66406275  0.03179372 -0.66157014] -238.28276913763844
[ 1.67740165  0.30080752  0.62206996 -2.63161912  0.05065771 -0.41721019] -238.51058468268562
[ 1.56771922  0.29656432  1.34859815 -2.62666881  0.14374094 -0.88580771] -238.19238314856256
[ 1.75719976  0.31783634  0.99295214 -2.51202383  0.03826623 -1.02191995] -238.2289160287615
[ 1.53999954  0.36898664  1.16306497 -2.51240914  0.18493537 -1.02989117] -238.22289059990024
[ 1.60038405  0.34343429  1.21585127 -2.55483391  0.13780779 -0.95016297] -238.09655914466438
[ 1.58851872  0.36451649  1.30079934 -2.53508548  0.15399928 -1.01852118] -238.05168337638392
[ 1.56559587  0.4368871   1.23083532 -2.36058403  0.06347027 -1.13426663] -238.20786567726043
[ 1.385835    0.40572628  1.41560573 -2.52328712  0.20692695 -0.87643304] -238.29103850966013
[ 1.66435857  0.33980883  1.09861554 -2.51483966  0.08043141 -0.98554822] -238.15233964597726
[ 1.64448824  0.34485004  1.22400976 -2.52371199  0.02542317 -0.85368083] -238.0908310572106
[ 1.64556085  0.05174792  1.16499393 -2.3713035   0.09321109 -1.14900916] -238.13435311345313
[ 1.67193723  0.06926017  1.13477451 -2.64383384  0.1338708  -0.78399905] -238.17840263035063
[ 1.70455321  0.1338149   0.94573714 -2.38347074  0.05031009 -0.99852175] -238.0898851338201
[ 1.70451859  0.31371189  1.32983061 -2.54910421  0.08386462 -1.06753013] -238.0318681663969
[ 1.75580104  0.41009073  1.51483952 -2.60283423  0.07818827 -1.17018022] -238.0587135605254
[ 1.6453955   0.44688985  1.21988759 -2.31533802  0.02854242 -1.24027137] -238.14361522632174
[ 1.64665313  0.21203488  1.29647059 -2.37783166  0.06468548 -1.12362992] -237.96693267757817
[ 1.63780041  0.1481479   1.39539811 -2.30932766  0.05681251 -1.19267076] -237.91743590777622
[ 1.6630845   0.0053732   1.23370204 -2.57532984  0.12599783 -0.8530399 ] -238.04933855187366
[ 1.66876038  0.38505689  1.3114984  -2.58737314  0.07225808 -0.84564569] -237.91899472224767
[ 1.6779237   0.10535705  1.28164545 -2.45618503  0.15565764 -1.13829564] -237.8996892638077
[ 1.69464144 -0.01438944  1.3104633  -2.42242156  0.22077487 -1.28060304] -237.90458126608792
[ 1.60898222  0.30690624  1.67188751 -2.62066438  0.16588656 -1.04004601] -237.98280014337368
[ 1.73183788  0.05700123  1.44052137 -2.49757595  0.0661598  -1.02722153] -237.85275845430186
[ 1.80349745 -0.0967564   1.51038239 -2.47882118  0.02224006 -1.03157171] -237.8538285772462
[ 1.68018989  0.43335387  1.57655845 -2.43141362  0.07421524 -1.25076335] -237.90284848057837
[ 1.63064624  0.16489583  1.56267249 -2.41840905  0.11313199 -1.09735087] -237.73318922620712
[ 1.59371006  0.0904878   1.67909343 -2.35306147  0.12776567 -1.11226124] -237.64538143808997
[ 1.72109188  0.09956201  1.22301756 -2.2576479   0.01840308 -1.14890672] -237.761494238297
[ 1.67875756 -0.0737536   1.55391305 -2.18103073  0.0940799  -1.44439406] -237.86063258396155
[ 1.72336992  0.08918822  1.52285166 -2.41631058  0.12194793 -1.18127676] -237.6277967241494
[ 1.76615467  0.05970838  1.58657843 -2.46980203  0.15451564 -1.17557975] -237.51973955543875
[ 1.70963537 -0.32056625  1.34503132 -2.30702075  0.13131201 -1.09812296] -237.7090153995191
[ 1.72247211 -0.13454386  1.66107294 -2.23252791  0.0417544  -1.19719979] -237.5134928706205
[ 1.74474631 -0.25449431  1.85078668 -2.12069935 -0.01519722 -1.22665186] -237.44963281762665
[ 1.74363449 -0.01568011  1.48776321 -2.48757175  0.06690643 -0.81852063] -237.46356335607695
[ 1.69448638 -0.17066206  1.61690217 -2.16769181  0.09507541 -1.16612619] -237.2780259674387
[ 1.67581064 -0.2844937   1.70509257 -2.00274974  0.10953321 -1.23557852] -237.14251046694753
[ 1.69013863 -0.3412414   1.99509765 -2.32265379  0.17320883 -1.0733316 ] -237.26068283470246
[ 1.69509623  0.07199513  2.08977267 -2.27849196  0.07426551 -1.11585157] -237.180390227902
[ 1.84481693 -0.34522314  1.89260365 -2.20759474  0.05997846 -1.10291007] -236.93513307055707
[ 1.97037036 -0.56307861  1.99935876 -2.13486138  0.02608486 -1.09823448] -236.73944295960297
[ 1.74044422 -0.52203938  2.12271208 -1.97920728 -0.00958177 -1.0138098 ] -236.95488034594038
[ 1.76190097 -0.61543732  2.43317693 -1.79198275  0.05253138 -1.43596532] -237.2477503996754
[ 1.76650737 -0.49693745  2.26428354 -2.04928295  0.15721123 -1.09760524] -236.64188913825765
[ 1.77738791 -0.61815901  2.47103198 -2.01357475  0.24341545 -1.03308192] -236.46945360398382
[ 1.85019815 -0.50249623  2.27861734 -1.74430216 -0.00779262 -1.23750894] -236.5555021642589
[ 1.8078682  -0.19065328  1.7890182  -2.25907967  0.09277684 -0.80872309] -236.51592518123024
[ 1.91226359 -0.96563521  2.03217097 -1.7660997   0.07721314 -1.02646068] -236.4310817353314
[ 2.02084726 -1.48445037  2.00337012 -1.50990358  0.07868696 -0.98176524] -236.67207808322672
[ 2.01036683 -0.83619354  2.5258772  -1.96295858  0.03117209 -0.83702779] -236.140313688674
[ 2.17764493 -1.11204347  2.93626952 -1.943063   -0.00800846 -0.63775242] -236.13644189304213
[ 2.09146683 -0.79531589  2.37944351 -1.97445293  0.15081151 -0.93344405] -235.80151042174978
[ 2.26697813 -0.93195414  2.50780923 -1.97207576  0.23100815 -0.89326117] -235.57858468880215
[ 1.96040994 -0.87723517  2.67228033 -1.76453697  0.18345264 -0.78069493] -235.7421625842055
[ 2.11731942 -1.06273053  2.52424273 -2.16184113  0.28107854 -0.48914913] -235.9378651044681
[ 2.26279977 -1.66526589  3.25891671 -1.61465076  0.24327631 -0.81141033] -236.52788394334763
[ 1.92160109 -0.55930644  2.15649283 -2.09797245  0.13040171 -0.8093949 ] -236.0223569554672
[ 2.34135113 -1.21814263  2.47205656 -1.88828825  0.05496645 -0.51248916] -235.56453769869313
[ 2.62333274 -1.51813444  2.47256885 -1.82564501 -0.03925805 -0.25219278] -235.76198888871352
[ 2.34950462 -0.95483558  3.05754609 -2.17649282  0.21375319 -0.34778655] -235.5240477566522
[ 2.56812514 -0.94943577  3.57023365 -2.38168937  0.28202322 -0.00844949] -235.98274231536718
[ 2.14140985 -0.75602469  2.19387307 -2.07733946  0.37289535 -0.63983953] -235.58373695092234
[ 2.47072327 -1.37433448  2.98610984 -1.91555235  0.3153164  -0.41167859] -235.72650284421397
[ 2.39280623 -0.97477837  2.77231564 -1.76958741  0.17605219 -0.70610084] -234.99747783753836
[ 2.53054963 -0.93080229  2.89635209 -1.57346055  0.12353902 -0.8145767 ] -234.66858077926358
[ 2.73976227 -1.17812944  2.69896864 -2.10319943  0.25370688 -0.42584897] -235.5761965107336
[ 2.31912861 -0.61562845  2.28942539 -2.01473307  0.10130661 -0.79958877] -235.17514184329804
[ 2.70768162 -1.18713948  3.11351293 -1.83207717 -0.04680192 -0.62467758] -235.4007610565067
[ 2.72901450e+00 -1.09627182e+00  3.00147800e+00 -1.89067467e+00
  2.48193463e-03 -2.81728072e-01] -234.92027185023898
[ 2.25264776 -0.82281064  2.91115505 -1.68870942 -0.10395845 -0.70109997] -235.3835277968545
[ 2.62149112 -0.65102012  3.2844333  -1.83709431  0.04180701 -0.67733006] -234.6849097223594
[ 2.70399979 -0.81305535  2.77457283 -1.43575691 -0.17429513 -0.9518805 ] -234.72818390005548
[ 2.34459552 -0.45605674  2.60562596 -1.64806581  0.04376225 -0.78405711] -234.45256431903653
[ 2.16305247 -0.09051537  2.35168248 -1.55606013  0.08904434 -0.86374688] -234.60178694948016
[ 2.83027862 -0.69813428  2.7061408  -1.77788569  0.15015902 -0.7352871 ] -234.36173730676853
[ 3.11909405 -0.63579609  2.60363368 -1.82247383  0.27721776 -0.75238066] -234.7270045227352
[ 2.93418112 -0.93281842  3.46677561 -1.37291291 -0.03882191 -0.61536441] -234.27690138447196
[ 3.24170737 -1.0914134   4.05545071 -1.05200283 -0.10888617 -0.52325222] -234.66158068544263
[ 2.5926841  -0.39769058  2.90982219 -1.32438406  0.04623482 -1.24443722] -234.44511600211706
[ 2.58059359 -0.54245213  3.18181049 -1.74217753  0.29652187 -0.6718037 ] -234.53271860000223
[ 2.64946974 -0.66829802  2.63774242 -1.30920121  0.16532468 -0.94451202] -234.13866232333237
[ 2.66345905 -0.67693697  2.31439698 -1.04525466  0.22708351 -1.078103  ] -234.31949167811504
[ 2.78005126 -0.30101443  2.9396204  -1.48474852  0.09752123 -0.85057715] -233.7580397215057
[ 2.90480208  0.01387949  2.96125455 -1.4403925   0.08451233 -0.86857738] -233.49804738260082
[ 2.83807681 -0.50392072  2.58064335 -1.21543653 -0.14613147 -1.05894137] -234.10964404439792
[ 3.23856864 -0.60627077  3.14850035 -1.16533849  0.04333024 -1.03831605] -233.8599188773571
[ 3.2057749  -0.73416366  2.9238635  -1.43600505  0.03988947 -0.50922889] -233.74246822727082
[ 3.09334581 -0.44572976  3.20011912 -0.86854321 -0.10079124 -0.94302628] -233.6917205504631
[ 3.04249821 -0.04868273  2.35059882 -1.10539275  0.06753325 -1.17216959] -233.65299014448885
[ 3.45821907 -0.10666469  3.08391748 -1.1011683  -0.16921048 -0.91890784] -233.4939026320805
[ 3.86259374  0.17415198  3.30700501 -0.99715185 -0.33647806 -0.90610575] -234.09266132180198
[ 3.47632609 -0.13862331  3.30877458 -1.15684357  0.13455266 -0.75780063] -233.37423438394256
[ 3.79545074  0.04402539  3.6728402  -1.12754709  0.27489472 -0.60723026] -233.88228222401406
[ 3.15508675  0.11960922  2.79434234 -1.20410997 -0.02450158 -0.68492081] -232.9865620927025
[ 3.1133458   0.48254921  2.61726333 -1.22349571 -0.05841748 -0.5082232 ] -232.84757182029455
[ 3.15707079  0.65307306  2.91677913 -0.86260696 -0.0538298  -1.21367274] -233.81189240872578
[ 3.19359887 -0.38735448  2.92209241 -1.29265553  0.01645966 -0.68533985] -233.33392863513058
[ 3.30291757  0.38409759  2.54784794 -1.57143958  0.12593455 -0.69397989] -233.42034087326928
[ 3.44057162  0.13131066  3.46311794 -1.48993898 -0.02292284 -0.30544   ] -233.2003772025425
[ 3.7568576   0.10789217  3.01975001 -1.17145472 -0.07571364 -0.42131976] -233.05744883763523
[ 3.30298678  0.2999553   2.87569793 -1.53410773  0.20917478 -0.20512661] -233.3077797904068
[ 3.45831135 -0.2188544   3.5210508  -1.0513925  -0.05822351 -0.26710347] -233.02008416700482
[ 3.27889791  0.2771228   2.83088289 -1.43083815 -0.13110033 -0.039717  ] -232.74197740239586
[ 3.18018382  0.48499586  2.59193704 -1.56783544 -0.26392683  0.31932482] -232.9142089348622
[ 3.59005815  0.74734639  3.18716189 -1.34108707 -0.062194    0.10302984] -232.83211077273947
[ 3.5763607   0.20916697  3.3373777  -1.03529465 -0.34536538 -0.27446458] -233.18586703431922
[ 3.48403888  0.40376372  2.70804427 -0.92791529 -0.22074861 -0.16382605] -232.65496198004715
[ 3.50577251  0.53999024  2.33050743 -0.64690344 -0.3196615  -0.09301907] -233.06343114265692
[ 3.31747586  0.39077299  2.6240067  -1.3467665   0.14323286 -0.15792196] -232.97937620479465
[ 2.99051839  0.5863414   2.80971995 -1.26904368 -0.05343671  0.07673249] -232.76471284394177
[ 3.13313364  1.18148657  2.07130888 -1.4616563  -0.06933125  0.03712818] -233.21160167109062
[ 3.37701692  0.13123084  3.15861532 -1.15395845 -0.06100044 -0.19104555] -232.69557371154715
[ 3.29381615  0.48534513  3.14655585 -1.10201295 -0.33886538 -0.08309453] -233.0031105572566
[ 3.31156093  0.41441602  2.75464399 -1.28557811  0.0227083  -0.1392151 ] -232.6984088622405
[ 3.56401793  0.37085785  3.19909277 -1.24597787 -0.11017312  0.39020941] -232.7137634148122
[ 3.07862551 -0.01943552  2.63317117 -1.09668345 -0.12238964 -0.12531711] -232.67903152034728
[ 3.70753431 -0.06035616  2.95176352 -1.11127343 -0.15413124 -0.16636962] -232.92371228284466
[ 3.16977237  0.42466701  2.84523084 -1.22960112 -0.07861034  0.01595696] -232.60551553530397
[ 3.3827796   0.29804384  2.93538323 -0.88239994 -0.05897095 -0.03136215] -232.50573918622203
[ 3.43472045  0.30850436  2.9876334  -0.60818084 -0.02290626 -0.02718473] -232.60012220769934
[ 3.03724681  0.18003746  2.47927017 -0.94606758 -0.06283078 -0.60181241] -232.93688848432808
[ 3.43232515  0.32315275  3.01913712 -1.1710003  -0.09833753  0.14220395] -232.5629446414018
[ 3.32995854  0.10605819  3.01188333 -0.86827474 -0.23606081  0.02141845] -232.65555261718617
[ 3.24881642  0.38085249  2.55900133 -0.9046665  -0.21070552  0.14407023] -232.56503009620528
[ 3.60393815  0.66494818  3.0597222  -0.89793584 -0.17875495  0.16813758] -232.6091408365979
[ 3.44393165  0.72575114  2.69695634 -1.13623159 -0.04598183  0.07030839] -232.6034703826817
[ 3.27648223e+00  5.35374751e-01  2.99709942e+00 -1.14602981e+00
 -3.03843298e-03  3.33597703e-01] -232.67926886467689
[ 3.43214972  0.43666647  2.78030806 -0.98244392 -0.16632107 -0.03947011] -232.5286989289087
[ 3.09932016  0.19809639  2.55228343 -1.20417861 -0.04088747 -0.06756849] -232.6413556750473
[ 3.47778365  0.54823523  2.93286251 -0.97449654 -0.14428808  0.10921106] -232.5144434750936
[ 3.63615636  0.47956696  2.79598535 -0.78747848 -0.16292465  0.11569683] -232.55080434075052
[ 3.42607199  0.09642144  2.97726953 -0.76459696 -0.2345341   0.07647488] -232.63040118755907
[ 3.43946673  0.56841871  2.76703464 -1.04332294 -0.0931199   0.07185001] -232.51373605674618
[ 3.68473731  0.50384217  3.18456897 -1.04238087 -0.03061521 -0.02136037] -232.6808561925404
[ 3.35779665  0.41159991  2.71539324 -0.93909509 -0.16568294  0.10271258] -232.49258652030514
[ 3.47638575  0.5910243   2.62318522 -0.69874533 -0.16543166 -0.03265788] -232.64577293879347
[ 3.4433403   0.39012063  2.92014915 -1.05293656 -0.11511107  0.09848849] -232.49533157976052
[ 3.20828252  0.40479464  2.88772492 -1.17075318 -0.08490668 -0.01188687] -232.58211452414895
[ 3.5291879   0.46087388  2.81892025 -0.88329715 -0.14342016  0.08380091] -232.49759356230294
[ 3.44463523  0.45576426  2.91627295 -0.94273882 -0.07387663  0.18437041] -232.48377405788315
[ 3.45087798  0.46531316  2.98425539 -0.92288627 -0.02765442  0.29629068] -232.54277904363383
[ 3.38795182  0.31337185  2.75818864 -0.9401003  -0.07243914  0.06074236] -232.47236810600867
[ 3.34303591  0.19594016  2.6708517  -0.92290218 -0.03651467  0.03650801] -232.50129781687056
[ 3.4090971   0.20817274  2.92106785 -0.83686635 -0.11671373  0.09440085] -232.4846477658802
[ 3.47455673  0.44859059  2.74794746 -0.98261148 -0.17011027  0.23953402] -232.48518895807632
[ 3.30993804  0.28166611  2.84075285 -1.01481905 -0.09455777  0.176282  ] -232.4810928116266
[ 3.35131822  0.31626785  2.71305851 -0.83247381 -0.11601576  0.18752558] -232.46919240830974
[ 3.30530718  0.27934146  2.6095132  -0.72224243 -0.11646811  0.23204413] -232.51779396704237
[ 3.4347024   0.26301123  2.91703617 -0.91077485 -0.04888816  0.2115725 ] -232.48817840097908
[ 3.41547596  0.3001584   2.86662544 -0.91785491 -0.07808686  0.18435752] -232.4671884859048
[ 3.29824873  0.17654315  2.92404128 -0.84567293 -0.01378636  0.05635889] -232.53617112108915
[ 3.43047973  0.38057873  2.79197091 -0.94837684 -0.13102929  0.19374024] -232.46473303417267
[ 3.3708359   0.47442966  2.70788859 -1.02858822 -0.07195475  0.23460519] -232.49562599456672
[ 3.3995318   0.27473697  2.86777303 -0.88479682 -0.10552399  0.12945194] -232.4662530046781
[ 3.3202633   0.16649571  2.69651685 -0.90340175 -0.12534097  0.12632947] -232.4787070696081
[ 3.45840224  0.30220372  2.72395828 -0.79418243 -0.1149209   0.11776703] -232.4749141082815
[ 3.49412329  0.46261013  2.87734143 -0.86919328 -0.08066434  0.16486542] -232.47831045045032
[ 3.45065829  0.38858153  2.83213528 -0.8777454  -0.0918335   0.15523143] -232.4613388992285
[ 3.35340304  0.35569472  2.88595899 -1.00626693 -0.08338861  0.18591599] -232.48297102086198
[ 3.43215244  0.31557647  2.76445846 -0.84720355 -0.10703783  0.13480427] -232.46232879362194
[ 3.43858699  0.34526147  2.85381858 -0.82938348 -0.13740327  0.26762797] -232.47211346864083
[ 3.4259282   0.33728906  2.82991109 -0.85706268 -0.12116224  0.21590657] -232.46217654160748
[ 3.50009059  0.34937253  2.93789956 -0.94520626 -0.09554214  0.15030507] -232.47843908812882
[ 3.38851131  0.32454402  2.76926877 -0.86065692 -0.11089736  0.17822046] -232.46046179449917
[ 3.42694463  0.37361053  2.75188041 -0.84075917 -0.14440788  0.15142745] -232.47520558405847
[ 3.41834313  0.31852143  2.83793918 -0.89858097 -0.09466711  0.176125  ] -232.460741720044
[ 3.44915923  0.41362678  2.7407882  -0.87841197 -0.11335179  0.22189072] -232.46054928178575
[ 3.42443781  0.31880104  2.79952942 -0.79151032 -0.08195398  0.16698591] -232.46931993845845
[ 3.42896925  0.36513431  2.79386054 -0.90916021 -0.11876047  0.18705166] -232.46020393881804
[ 3.42170404  0.40032257  2.83684257 -0.91333583 -0.10985299  0.24333767] -232.4660709365851
[ 3.42954034  0.336763    2.78255449 -0.86373662 -0.10774162  0.16193762] -232.45995362069536
[ 3.42913232  0.37843462  2.7556044  -0.90570135 -0.09125504  0.14424573] -232.46333025708847
[ 3.42672923  0.34757545  2.81133442 -0.86922235 -0.11368544  0.19799136] -232.4600761283762
[ 3.39642587  0.31347347  2.74644659 -0.88217762 -0.12786776  0.21917417] -232.45908717480702
[ 3.36930966  0.27591944  2.70360224 -0.88439373 -0.14588489  0.25114554] -232.46567412578275
[ 3.42143528  0.38185091  2.71014515 -0.85587426 -0.13610103  0.21263033] -232.46758209214155
[ 3.41911617  0.3343538   2.80599068 -0.88790429 -0.10502559  0.18525133] -232.4584956785702
[ 3.38060482  0.26032124  2.82903029 -0.87920737 -0.11464096  0.15465148] -232.46332400404918
[ 3.43202063  0.37530039  2.76284872 -0.87861082 -0.11367408  0.20508091] -232.46035594631303
[ 3.45575585  0.36632278  2.7984097  -0.90294705 -0.11802096  0.20727523] -232.46191125880063
[ 3.40532245  0.33498871  2.77655401 -0.87122945 -0.11267826  0.18548415] -232.45900496538468
[ 3.40334714  0.30212919  2.80939818 -0.8825327  -0.1149123   0.17388252] -232.45918476754173
[ 3.39785781  0.29129357  2.78356558 -0.84310746 -0.10854319  0.18752206] -232.46033278539318
[ 3.42119139  0.34667412  2.7912868  -0.89264703 -0.11620615  0.18716926] -232.4589051295098
[ 3.39825189  0.30855198  2.75940916 -0.89085355 -0.11445845  0.17297499] -232.45811829369205
[ 3.38401321  0.28904024  2.73344653 -0.90166916 -0.11484496  0.16046681] -232.45942293443292
[ 3.38501129  0.30996076  2.78047398 -0.90537826 -0.12264122  0.21270785] -232.45834805612094
[ 3.40509255  0.34720509  2.74398889 -0.89419737 -0.11804684  0.21370473] -232.45857006917308
[ 3.41490271  0.34710469  2.80612125 -0.89855903 -0.10181774  0.16658993] -232.45975153067434
[ 3.40104508  0.32188127  2.76136525 -0.88627297 -0.12135526  0.20602811] -232.45811361772354
[ 3.40458034  0.3212203   2.77095091 -0.9145217  -0.11989958  0.20712794] -232.4577314093375
[ 3.40420929  0.31433609  2.76814937 -0.93616783 -0.12351024  0.21794984] -232.45899542334377
[ 3.38317438  0.30105028  2.74943949 -0.90039569 -0.11760283  0.21209573] -232.4577514876343
[ 3.39196717  0.28513437  2.79855427 -0.90091145 -0.11561413  0.18502392] -232.45844091811225
[ 3.36889388  0.28157918  2.73407368 -0.91154025 -0.1321649   0.21340152] -232.46051693243805
[ 3.4065606   0.32116015  2.78801143 -0.89381328 -0.11181042  0.19228888] -232.45763366103893
[ 3.40090736  0.34280721  2.73799581 -0.89616703 -0.12030845  0.21605058] -232.45867110273159
[ 3.39420222  0.29955258  2.78341465 -0.89972535 -0.11678771  0.19278059] -232.4576936225135
[ 3.41092687  0.31451142  2.75705632 -0.88981593 -0.1113302   0.18172423] -232.45763939754772
[ 3.40191128  0.31790669  2.77733686 -0.90399475 -0.11847021  0.2243735 ] -232.45755269153244
[ 3.40374097  0.32258404  2.78630071 -0.91056535 -0.12047609  0.25007275] -232.458589361689
[ 3.39940682  0.30325253  2.78070463 -0.9144826  -0.11061173  0.19743551] -232.4574521824099
[ 3.39858768  0.29393816  2.79037433 -0.92858741 -0.10523996  0.19313921] -232.45866782687773
[ 3.42268832  0.32481761  2.80305211 -0.90505551 -0.11203378  0.18648115] -232.45830171017607
[ 3.39305287  0.30699211  2.76284265 -0.90156065 -0.11621057  0.20569209] -232.4572850981382
[ 3.39743987  0.29990486  2.77883793 -0.88660915 -0.10850737  0.19097032] -232.45741823625252
[ 3.40889722  0.32169001  2.76484862 -0.89703344 -0.10885912  0.20471426] -232.45720362552498
[ 3.41624472  0.33275873  2.7555656  -0.89568748 -0.10489483  0.21068109] -232.4579097333235
[ 3.39149601  0.30912403  2.79380439 -0.90934869 -0.11349294  0.22343396] -232.45799107150572
[ 3.40606916  0.31316457  2.76624333 -0.89469912 -0.11187088  0.19215166] -232.45721150591643
[ 3.39569847  0.29981011  2.75559325 -0.90564662 -0.11303288  0.21282357] -232.45726055191253
[ 3.39827686  0.29703138  2.75901995 -0.89601577 -0.10456064  0.17688897] -232.4575928527201
[ 3.40100267  0.31268786  2.77275763 -0.90200001 -0.11499282  0.21250237] -232.4572274067427
[ 3.40131327  0.31483065  2.75300317 -0.88136706 -0.11387949  0.20884924] -232.4574764693667
[ 3.39988343  0.30614706  2.77377927 -0.90620371 -0.11142867  0.20028894] -232.45722218469257
[ 3.40409473  0.32025905  2.75318365 -0.91577203 -0.11695761  0.21842064] -232.4577624447328
[ 3.39910359  0.30499341  2.77242436 -0.89389987 -0.11061993  0.1978329 ] -232.4571925716458
[ 3.41049865  0.31250556  2.77237284 -0.89826694 -0.10739086  0.20107915] -232.45714651864841
[ 3.41922153  0.31526229  2.77713794 -0.89662009 -0.10298101  0.19877268] -232.45756737822043
[ 3.41278643  0.32391938  2.78521544 -0.89172108 -0.10868788  0.19003286] -232.45753756314025
[ 3.39997046  0.30583743  2.7629988  -0.90216523 -0.11194663  0.20712589] -232.45714975796724
[ 3.40713816  0.30875815  2.76479811 -0.89542276 -0.10571255  0.1885619 ] -232.45728495568463
[ 3.40253654  0.31170543  2.77076775 -0.9003557  -0.11267275  0.20651725] -232.45712620048351
[ 3.40914178  0.31715175  2.76277263 -0.88926972 -0.10969139  0.20285142] -232.45718423097142
[ 3.40398025  0.31146329  2.76915167 -0.89896451 -0.10852268  0.21455529] -232.45720218659972
[ 3.39951321  0.29952895  2.77198073 -0.89727389 -0.11142229  0.20527305] -232.45706309114422
[ 3.3948212   0.28844842  2.77554679 -0.89739411 -0.11270388  0.20555244] -232.45727927947144
[ 3.40294115  0.30577755  2.76862071 -0.89477927 -0.11272528  0.19233792] -232.45723969429537
[ 3.40372048  0.31004186  2.76901893 -0.8979182  -0.10957333  0.20900095] -232.45711647286862
[ 3.40935678  0.31393025  2.76421286 -0.90118336 -0.11027915  0.212783  ] -232.4571883404411
[ 3.40679348  0.31169604  2.76626574 -0.89936248 -0.11036435  0.20904548] -232.45708922420263
[ 3.39853583  0.29995334  2.77502896 -0.90917776 -0.11143201  0.20982916] -232.45724985435828
[ 3.40649029  0.31285215  2.76583671 -0.89424673 -0.11012655  0.20459586] -232.45707214001683
[ 3.40988042  0.3136059   2.77574877 -0.89364275 -0.10857008  0.20471135] -232.45711076171946
[ 3.39914616  0.30730455  2.76750004 -0.89599964 -0.11351892  0.21196883] -232.4571615783768
[ 3.40766052  0.31120531  2.77115464 -0.89770012 -0.10892288  0.20380157] -232.45707676612898
[ 3.40881626  0.30793797  2.76923409 -0.89302569 -0.10698707  0.2056255 ] -232.45710693961928
[ 3.40933091  0.30890025  2.77105464 -0.89383235 -0.10922441  0.20201665] -232.45705420162946
[ 3.41213613  0.30832944  2.77207249 -0.89178942 -0.10904996  0.1985245 ] -232.45709257769406
[ 3.4029878   0.30376765  2.76276008 -0.89817101 -0.11044577  0.20540801] -232.45711971223906
[ 3.40815727  0.31114634  2.7725016  -0.89477481 -0.109039    0.20488552] -232.45706200098292
[ 3.40383231  0.31050504  2.77036393 -0.8993711  -0.11271275  0.2042472 ] -232.4571164123154
[ 3.40757027  0.30857974  2.76951655 -0.89461204 -0.10841849  0.20528093] -232.4570616214968
[ 3.40611401  0.3057082   2.77441588 -0.89145083 -0.10868686  0.19957238] -232.45707147080574
[ 3.40473146  0.30436656  2.77061406 -0.8910301  -0.11004966  0.20340656] -232.45704395182517
[ 3.40326693  0.30094719  2.77034378 -0.88769509 -0.11061305  0.20320905] -232.45714626944354
[ 3.40531542  0.2998912   2.77752444 -0.89341128 -0.10882036  0.20221583] -232.45708422931392
[ 3.40619657  0.30961191  2.76875865 -0.89403787 -0.1098      0.20400085] -232.45704125828365
[ 3.40571922  0.30833638  2.76705952 -0.89706952 -0.11063109  0.20871547] -232.4570362897525
[ 3.40552183  0.30965047  2.76338134 -0.89987887 -0.11160321  0.21328702] -232.45710352009323
[ 3.4143887   0.31745144  2.76785427 -0.89117835 -0.10763193  0.20416228] -232.45723064165992
[ 3.40323208  0.30400957  2.77094912 -0.89575    -0.1104747   0.20499535] -232.45708261202896
[ 3.4059579   0.30897415  2.76790908 -0.8955537  -0.11021555  0.20635816] -232.4570344248522
[ 3.40522534  0.30635147  2.76883679 -0.89404981 -0.11034038  0.20606101] -232.4570169754905
[ 3.40752507  0.30861831  2.76905708 -0.89545094 -0.10992775  0.20536606] -232.45704492084917
[ 3.40664475  0.30845806  2.76828804 -0.89584078 -0.10952479  0.2069982 ] -232.45704403665664
[ 3.40693824  0.30974136  2.76978056 -0.89592217 -0.10983505  0.20680049] -232.4570484800346
[ 3.40261621  0.30393266  2.76952013 -0.89717171 -0.11102669  0.20699426] -232.4570747364649
[ 3.41005396  0.31289391  2.7674569  -0.89412394 -0.10913151  0.20643887] -232.4570973304033
[ 3.40447565  0.30617298  2.76900432 -0.89640976 -0.1105529   0.20685541] -232.457070098766
[ 3.40819452  0.3106536   2.76797271 -0.89488588 -0.10960531  0.20657772] -232.45705340850975
[ 3.4072648   0.30953344  2.76823061 -0.89526685 -0.1098422   0.20664714] -232.45704416291264
[ 3.40584078  0.30701591  2.76667981 -0.89515503 -0.11032554  0.20658152] -232.4570353517031
[ 3.40469253  0.30760482  2.76661087 -0.89552763 -0.11036543  0.20842111] -232.45708794741233
[ 3.40681693  0.30836494  2.76844553 -0.89547011 -0.11003717  0.20612982] -232.4570333000091
[ 3.4048035   0.30630019  2.76750898 -0.89577947 -0.11051597  0.20696759] -232.457020115462
[ 3.40480981  0.30665629  2.76719187 -0.8951851  -0.11116377  0.20660633] -232.45702476810808
[ 3.4054322   0.30621794  2.7684645  -0.89332822 -0.11023503  0.20418601] -232.45702401823414
[ 3.40517445  0.30727241  2.76943911 -0.89463377 -0.11051042  0.20552145] -232.45702060082746
[ 3.40479618  0.30474694  2.76871985 -0.89392846 -0.1107187   0.20546591] -232.45701903607286
[ 3.40326356  0.30415014  2.76827484 -0.89349817 -0.11112425  0.20547294] -232.4570785027687
[ 3.40592859  0.30731124  2.76840286 -0.89497712 -0.11030894  0.2059656 ] -232.45702881912698
[ 3.40415191  0.30520384  2.76831751 -0.89399115 -0.11085248  0.20563716] -232.45707629490371
[ 3.40548442  0.30678439  2.76838152 -0.89473063 -0.11044483  0.20588349] -232.45702137223913
[ 3.40549555  0.30590149  2.76992504 -0.89363169 -0.109758    0.20475549] -232.45702402624784
[ 3.40532412  0.30609019  2.76924175 -0.89402004 -0.11010944  0.2052182 ] -232.4570305119794
[ 3.40501076  0.3055492   2.76877832 -0.89398914 -0.11052954  0.20576346] -232.4570224388136
[ 3.40501442  0.30632583  2.76817289 -0.89491464 -0.11042817  0.2065143 ] -232.45702606685308
[ 3.40519989  0.30681194  2.76913795 -0.89434179 -0.1104254   0.20579123] -232.45702449530532
[ 3.40535488  0.30656793  2.76860916 -0.89439022 -0.1103926   0.20597225] -232.4570283330405
[ 3.40532877  0.3062847   2.76865065 -0.89368901 -0.1102877   0.20512351] -232.45702060131111
[ 3.40501758  0.30650388  2.76801433 -0.89461746 -0.11075208  0.20633367] -232.4570178568897
[ 3.40491071  0.30604108  2.76858782 -0.89414373 -0.11052849  0.20589014] -232.45702406053243
[ 3.4052166   0.30618826  2.7691624  -0.89336234 -0.11052635  0.20514004] -232.4570252748923
[ 3.40516605  0.30622266  2.76891502 -0.89375041 -0.11050181  0.20548361] -232.4570233960242
[ 3.40501984  0.30550572  2.76812303 -0.89373806 -0.1105546   0.20576057] -232.45702843674798
[ 3.40515488  0.30648539  2.76888422 -0.89419086 -0.1104577   0.20578357] -232.45702570566655
[ 3.40512146  0.30642768  2.76842556 -0.89433363 -0.11054623  0.20619734] -232.45702314404133
[ 3.40527706  0.30631809  2.76874372 -0.89386941 -0.11031404  0.20559226] -232.4570351697042
[ 3.40511805  0.30595034  2.76880756 -0.89401948 -0.11043496  0.20591224] -232.45701921822797
[ 3.4051957   0.30628706  2.76887591 -0.89390011 -0.11042109  0.20577231] -232.45702444278444
[ 3.40506802  0.30619628  2.76871231 -0.89409677 -0.11043443  0.20597558] -232.45702450938714
[ 3.40521262  0.30658171  2.76898737 -0.8941958  -0.11038289  0.20592612] -232.45702258206921
[ 3.40503667  0.30628009  2.76880478 -0.89432912 -0.11053928  0.20635594] -232.4570268203083
[ 3.40509677  0.30628959  2.76878951 -0.8942142  -0.11048297  0.20616502] -232.45702932718874
[ 3.4051717   0.30615091  2.76882217 -0.89403464 -0.11038767  0.20598663] -232.45702552578928
[ 3.40521898  0.30646659  2.76891208 -0.89412281 -0.11036163  0.20599357] -232.4570318851675
[ 3.4051734   0.30638957  2.76863118 -0.89419172 -0.1104433   0.20612918] -232.45702852862672
[ 3.40521052  0.30631927  2.76885635 -0.89397496 -0.11038073  0.20591666] -232.45703026991123
[ 3.40514668  0.30627387  2.76877455 -0.89407329 -0.1103874   0.2060183 ] -232.457021534349
[ 3.4052512   0.30633478  2.76879026 -0.89395961 -0.11032721  0.20582664] -232.45701722410604
[ 3.40517397  0.30614004  2.76865835 -0.89397188 -0.11039393  0.2059859 ] -232.45702773375191
[ 3.40517024  0.30622761  2.76864808 -0.89411869 -0.11037923  0.20608589] -232.45702695918436
[ 3.40520631  0.30610332  2.76887889 -0.89387759 -0.1102953   0.20585894] -232.45702362502504
[ 3.40521652  0.30634062  2.76892523 -0.894066   -0.1103118   0.2059599 ] -232.4570255890051
[ 3.40523567  0.30629071  2.76902788 -0.89390163 -0.11030402  0.20581792] -232.45702634342786
[ 3.40521932  0.30627494  2.76893293 -0.89395589 -0.11032283  0.20588491] -232.45702436176094
[ 3.40519032  0.30615581  2.7687533  -0.89391761 -0.11037513  0.20591891] -232.45702697552065
[ 3.40520997  0.30629442  2.76888225 -0.89402891 -0.11032763  0.20594965] -232.45702778700573
[ 3.40523827  0.30634313  2.76881353 -0.89400471 -0.11033379  0.20594383] -232.4570218277418
[ 3.40518601  0.30631267  2.76880567 -0.89406155 -0.11036389  0.20603965] -232.4570240870963
[ 3.40521582  0.3062274   2.76885784 -0.8939637  -0.11031784  0.20595998] -232.4570282675657
[ 3.40522233  0.3063132   2.76888486 -0.89400285 -0.1103316   0.20597296] -232.4570259447829
[ 3.40519852  0.30625119  2.76882948 -0.89404223 -0.11036402  0.20602382] -232.45702760696915
[ 3.40522093  0.30634605  2.76888101 -0.89405791 -0.11032609  0.20601046] -232.45702595822647
[ 3.40521464  0.30641184  2.76882594 -0.89410932 -0.11036875  0.20605727] -232.4570225741627
[ 3.40523732  0.3064416   2.76885312 -0.89405316 -0.11032414  0.20600457] -232.4570194111957
[ 3.40522037  0.30637859  2.76879229 -0.8940359  -0.11036143  0.20601597] -232.45702268076977
[ 3.40521832  0.30643323  2.76875758 -0.89410197 -0.11036586  0.20606781] -232.45702059107492
[ 3.40526541  0.30647395  2.76882075 -0.89405674 -0.11033423  0.2060105 ] -232.45702171417676
[ 3.40524606  0.30643981  2.76884361 -0.89408934 -0.11032762  0.20603235] -232.45702467434506
[ 3.4052268   0.3063939   2.76880512 -0.89404926 -0.11035298  0.20602007] -232.45702914245678
[ 3.40523133  0.30639654  2.76884496 -0.89405149 -0.11033226  0.20603279] -232.45702405315862
[ 3.40522183  0.30639235  2.76879719 -0.89407589 -0.11035312  0.20606441] -232.45702581674027
[ 3.40524538  0.30641271  2.76882877 -0.89405328 -0.1103373   0.20603576] -232.45702205304866
[ 3.40523181  0.3063473   2.76882516 -0.89402726 -0.11033708  0.20600242] -232.4570239819985
[ 3.40521999  0.30638166  2.76883137 -0.89407957 -0.11035456  0.20605914] -232.45702621551575
[ 3.40522286  0.30636503  2.76881454 -0.89404285 -0.1103509   0.20603849] -232.45702690058374
