[-0.70451863 -0.83660426 -0.84856936  0.10812673 -0.65355478  0.20523966] -290.2829056052823
[ 0.62436525  2.08340548 -1.05926824  1.57844027 -0.12683615  1.2040508 ] -283.76444842293563
[-1.00751809 -0.30230035  0.47598235 -0.20299806 -0.68859158  0.25070328] -295.23103561714305
[ 0.05844445 -2.32984988  0.89572219 -0.1771499   1.22072959 -0.749985  ] -293.0028166326224
[ 1.26511982 -0.36299328  0.40522831  0.97123157  0.05614828 -0.14685447] -272.9653818461608
[ 0.01622957  0.78412903  0.23358497  0.01596133 -1.00591902  0.16192719] -286.6781855004757
[ 0.76554126 -0.61922747  1.16855886 -0.80164883  0.67690523 -0.6088096 ] -283.86997892378304
[ 1.68257867 -0.12474644 -0.21089678  0.76798511  0.74441597 -0.22884709] -274.1606652131708
[ 1.1579942   2.63783757 -0.99950961  1.05718196 -1.32367641  0.94555383] -286.97928898019825
[2.54179489 2.30273922 0.69446853 1.08825707 0.32723408 0.23710056] -270.74067675236495
[4.16495164 3.87241097 1.46598747 1.57832224 0.81762851 0.25303102] -273.4959511634452
[ 1.14054896 -1.28340205  1.41006815  0.14956021  1.54765921 -0.7393647 ] -290.39958682952147
[ 1.15363289  1.65752766 -0.39711517  0.83027652 -0.60584251  0.5243242 ] -277.2090972307133
[ 2.66144802  0.86143937 -0.0332598   1.46221925  1.36326066  0.16506094] -271.9564996112929
[ 2.54410526  2.75835148 -1.36883991  3.03445209 -0.09077845  1.19375458] -286.80154172043814
[ 1.21018226  0.22516727  0.53420917  0.1573764   0.48498431 -0.15816855] -276.9631692198775
[ 2.8805536  -0.56369422  1.39014633  0.18067504  0.91690308 -1.07317894] -276.4481046394705
[ 2.9269262  -0.87822369  1.32374709  0.71230496  1.9034913  -0.92595338] -285.7500043396656
[1.59695622 1.02358982 0.0331004  0.80078363 0.02149094 0.1617548 ] -272.1943502327431
[ 2.99930148  0.82027756  0.22538649  1.59967416  0.6581667  -0.13681951] -266.65147638863436
[ 3.89386109  1.11783271  0.07097516  2.32082303  0.74475789 -0.12614499] -267.0718143505403
[ 1.36851277  2.07046297 -1.01880394  2.04937522  0.14000247  1.09031068] -278.14506582478083
[ 2.50254339  0.09484508  0.78790876  0.64785009  0.72267792 -0.53230653] -271.6188154419903
[2.83980927 1.70471237 0.91517434 1.42202014 0.30524356 0.14482569] -268.6069849079384
[3.7821646  2.63219442 0.46903127 1.36903654 1.076543   0.16005979] -269.45696051182875
[ 4.178731    1.78181285  0.98646947  1.72890211  1.46288436 -0.14911449] -268.11899633013377
[ 3.62000018  2.25075447  1.39273942  1.15636079  0.15432255 -0.25714577] -269.78476832467004
[4.15139042 3.73598522 0.77318108 2.14023352 0.60545349 0.53194196] -276.02471855588317
[ 2.91475515  1.00513011  0.78422684  1.02094594  0.69337182 -0.26624441] -268.77269750451273
[ 4.23645901  1.0955547   0.89654075  1.67738949  1.12294325 -0.4052468 ] -267.2288040876151
[3.36373998 0.76247287 0.03287031 1.78296201 1.61872834 0.03963253] -269.9712115381796
[ 3.55593513  1.87868407  1.05277214  1.31301109  0.520424   -0.1829512 ] -267.8897801544926
[ 3.12616575  0.1298628   1.15115874  1.55161111  0.51113489 -0.49191003] -266.61391212760714
[ 2.79816632 -1.12130301  1.49222248  1.64289839  0.22843083 -0.81789494] -268.24081139405735
[ 4.0640454   1.46517133  0.9582738   2.07659009  0.83356044 -0.1408277 ] -266.91064325043016
[ 4.54706999  0.68574207  0.84169279  1.89370588  1.39779432 -0.6471156 ] -267.8324219355332
[ 3.33092792  0.24328466  0.72213877  1.64175849  0.21845683 -0.51917579] -266.6991404730102
[ 3.87872138 -0.39871969  0.54562498  2.16723198  1.06026147 -0.59741394] -266.18245008591856
[ 4.0401145  -1.53742157  0.2920514   2.59434242  1.33018021 -0.80464532] -268.1770940943888
[ 2.66480366  0.43273505  0.65801506  1.67771256  0.07038021 -0.11668232] -267.6599034738495
[ 3.13537024  0.49598681  0.70393449  1.73171089  0.40223374 -0.24929064] -266.31190026546085
[ 2.60838505 -0.17693354  0.53896501  1.91213608  0.10499477 -0.30656574] -267.53345913870294
[ 3.82944052  0.77743264  0.80714681  1.73607614  0.86845613 -0.38057653] -266.22788694548296
[ 2.70259703 -0.77579641  0.42685629  1.39943083  0.40600948 -0.65090112] -267.80501200992666
[ 3.72368331  0.9049294   0.82541943  1.90730027  0.7266727  -0.26834605] -266.03722511685703
[ 3.56663297  0.66663851  0.69741821  1.92277636  1.19051837 -0.18894312] -266.29883680868807
[ 4.08736991  0.03843259  1.35151439  2.07256142  0.92825907 -0.58867393] -266.18636947353065
[ 4.28090703  0.69837062  0.49252736  2.29427458  1.21433227 -0.26583805] -266.182222327771
[ 4.65354813  0.39970788  0.86928257  2.30169603  1.59393294 -0.51397323] -267.20803605062133
[ 3.51491471  0.47191708  0.74527151  1.87420717  0.70015854 -0.31546129] -265.79606366776096
[ 4.20504598  0.16414904  0.89174995  2.09444083  0.64219502 -0.61649348] -266.99250843620183
[ 3.72623622  0.54101614  0.74600115  1.96569248  1.05343754 -0.29583071] -265.83771866616985
[ 3.907837   -0.02545059  0.76163946  2.35767983  1.02591773 -0.39661146] -265.56768988414024
[ 3.94703524 -0.42689221  0.73888578  2.66848168  1.10464853 -0.40462892] -265.7625988542485
[ 3.59006331  0.69225506  0.0206469   2.11623401  0.99866768 -0.12449324] -265.79104501958324
[3.70249248 1.49306559 0.65154362 2.00456414 0.84613401 0.04188701] -266.4772468256983
[ 3.83466416  0.07422663  0.57210464  2.12656502  1.00672961 -0.4375887 ] -265.7340113426108
[ 3.15155921  0.18792728  0.731167    1.82161835  0.62286232 -0.34693911] -265.98020261659923
[ 3.5180749  -0.2576322   0.36685746  2.18003201  1.07591844 -0.37062878] -265.83878290444954
[ 4.21237089  0.31085009  0.33967337  2.38518516  1.33074752 -0.29993229] -266.08421214424527
[ 3.41676213  0.21865798  0.63329359  1.96251005  0.79983362 -0.3351874 ] -265.6620103859533
[ 3.81208428  0.91517297  0.79279496  1.95426418  0.78566313 -0.26442882] -266.0150841143769
[ 3.59157724  0.03556909  0.47334183  2.12359005  1.00335461 -0.34407879] -265.62030973491915
[ 3.55903663 -0.05195773  0.32276483  2.22123624  0.79144973 -0.35530959] -265.618852355447
[ 3.78506544 -0.1574836   0.18265891  2.42839789  1.17515912 -0.34896177] -265.6772276869823
[ 3.77491756 -0.6610678   0.96128752  2.29042568  0.93548047 -0.61475267] -265.9750843451012
[ 3.63627687  0.35392434  0.25580706  2.15978193  0.98287087 -0.24705809] -265.5727141966205
[ 3.46418762  0.0501932   0.30439725  2.29116698  0.91946562 -0.23814699] -265.44135232122784
[ 3.27894935  0.03817649  0.17054356  2.37346796  0.87583363 -0.13842614] -265.55244747644014
[ 3.40682705  0.35112903  0.73442243  1.94359047  0.66580494 -0.28983567] -265.7413572205499
[ 3.69050585 -0.03033044  0.32059979  2.30719604  1.04782058 -0.33418024] -265.5248852444303
[ 3.86637827 -0.10800869  0.17955648  2.52437364  1.12379276 -0.30327432] -265.69623441870647
[ 3.52916617  0.13699131  0.51985932  2.10297595  0.88082341 -0.32720913] -265.52349391694423
[ 3.67075947  0.10888761  0.35501407  2.35642227  0.87942803 -0.28875971] -265.56630108297895
[ 3.74054103  0.25002954  0.51634082  2.30383809  1.12065902 -0.25534563] -265.4071578366777
[ 3.83129323  0.40102317  0.61312881  2.34513902  1.28526367 -0.20536365] -265.46447146761847
[ 3.6980555  -0.19048413  0.67014318  2.41331112  0.97516726 -0.36635963] -265.4521814254342
[ 3.35656821  0.13387963  0.13381201  2.23395699  0.91520358 -0.20672232] -265.54290571900304
[ 3.48891532  0.00787209  0.46670339  2.19439279  1.07361845 -0.28722827] -265.5870183223302
[ 3.62529843  0.08363373  0.3829364   2.3159149   0.92797564 -0.28837685] -265.4536369153998
[ 3.89268332 -0.03386855  0.7709469   2.34417737  1.04210027 -0.39648384] -265.5429690220801
[ 3.49059699  0.09194258  0.29309574  2.26151208  0.94692775 -0.2541627 ] -265.44871979895106
[ 3.4921094   0.17109919  0.57499111  2.25571034  0.87585232 -0.2423534 ] -265.419628125522
[ 3.64109682  0.01514672  0.39410885  2.51084189  1.04119246 -0.22103927] -265.38023472220976
[ 3.69706215 -0.04577557  0.33123361  2.71477486  1.12137699 -0.16795434] -265.50636505428434
[ 3.55023069  0.0456753   0.53475592  2.36287861  1.03177917 -0.23742569] -265.3302830495599
[ 3.51269682  0.02669609  0.61066567  2.38636046  1.08368094 -0.2119501 ] -265.3256285240724
[ 3.41568739  0.39218657  0.2277233   2.25649883  1.02075878 -0.10797307] -265.50762592110874
[ 3.62746347 -0.04481646  0.55953821  2.37410805  0.98656514 -0.30176299] -265.3750571719217
[ 3.66876807  0.06417351  0.6935849   2.44582985  1.06221076 -0.23603676] -265.30691937038335
[ 3.75785361  0.05028898  0.89382948  2.53798874  1.11985226 -0.22697379] -265.3342274530452
[ 3.76337092  0.11058299  0.8120126   2.46772925  1.13725459 -0.25134905] -265.302401712071
[ 3.91296257  0.14077789  1.06582027  2.55601038  1.24614908 -0.25795008] -265.37170448028775
[ 3.82586964 -0.03049505  0.62042591  2.57385886  1.26800198 -0.2501412 ] -265.3190503355135
[ 3.60588089 -0.2029336   0.71377123  2.61573803  1.0723096  -0.23541417] -265.37134519827265
[ 3.69358645 -0.04074423  0.94255732  2.44369961  1.16214854 -0.27451216] -265.33178814056885
[ 3.72926078  0.02057636  0.904801    2.60363064  1.27530366 -0.18470483] -265.2671571636348
[ 3.78015944  0.05327277  1.0774324   2.71839193  1.41967293 -0.12617575] -265.32753028115064
[ 3.79197001  0.25319683  0.81424457  2.35796486  1.25722389 -0.23415053] -265.40589307828634
[ 3.65240317 -0.088901    0.73888956  2.55129474  1.11853817 -0.23509826] -265.29574809817336
[ 3.69053669  0.0749552   0.51756922  2.56586832  1.15284816 -0.18191458] -265.29319398010625
[ 3.93070627  0.02360125  0.81842872  2.68304343  1.2543715  -0.23446479] -265.3983156917014
[ 3.61719918  0.02592238  0.66260644  2.4605312   1.12635358 -0.21757878] -265.2782092409019
[ 3.54797662  0.0995982   0.82272867  2.45776914  1.02283433 -0.18541955] -265.34912500115473
[ 3.75639639e+00  2.02826102e-03  6.71001596e-01  2.54483643e+00
  1.20671007e+00 -2.33960788e-01] -265.27949920393655
[ 3.73428764 -0.01578545  0.74204191  2.61880034  1.27679199 -0.198832  ] -265.25139962748085
[ 3.76704743 -0.05576493  0.76627041  2.70528558  1.38408261 -0.18022962] -265.26162740781945
[ 3.62999036 -0.10431774  0.60029065  2.64725797  1.24826062 -0.16601402] -265.2677704264306
[ 3.73348718  0.09002733  0.62721404  2.59568023  1.31021786 -0.15923674] -265.2554014636293
[ 3.70967049 -0.06880482  0.88508265  2.59104395  1.32836443 -0.20486114] -265.30348347831216
[ 3.69532014  0.03901519  0.60944758  2.57216223  1.19672723 -0.18765122] -265.2608347841539
[ 3.62345204  0.0164511   0.71113227  2.62118444  1.27117491 -0.1373784 ] -265.25547810492844
[ 3.76473354 -0.01060012  0.73570271  2.75904075  1.39980518 -0.12702696] -265.2589792848122
[ 3.79685675  0.15087921  0.84315586  2.6095749   1.32841299 -0.16559603] -265.25894716693125
[ 3.72011831  0.0694194   0.51809712  2.65518366  1.31907306 -0.14053562] -265.2616238746882
[ 3.72240393  0.05720864  0.61477309  2.6422954   1.30813071 -0.15157792] -265.24717353885933
[ 3.76308689  0.05704505  0.81522571  2.71002979  1.43478398 -0.1255648 ] -265.2693671982803
[ 3.71226183  0.04352266  0.66089211  2.60662912  1.25624142 -0.17212961] -265.2464558135987
[ 3.67618292  0.12470128  0.66403372  2.4723474   1.18385145 -0.20122328] -265.2666797842142
[ 3.74259588  0.02322523  0.71778546  2.68736741  1.34581675 -0.14557604] -265.2463706165281
[ 3.62597276 -0.07932938  0.51479044  2.64774408  1.26104489 -0.15598088] -265.27457377587615
[ 3.75413575  0.09332707  0.7610645   2.6191172   1.31157096 -0.16319224] -265.2456483329686
[ 3.8429387   0.08072406  0.6634581   2.63544546  1.33174831 -0.19280311] -265.2779675932311
[ 3.67832371  0.03251934  0.69921373  2.62474969  1.28631826 -0.15123458] -265.2445099770656
[ 3.71451573 -0.0120215   0.77137623  2.67063949  1.28473884 -0.1682774 ] -265.2521396307429
[ 3.71925859  0.01349071  0.73533568  2.65189967  1.29110859 -0.16601723] -265.2451301460914
[ 3.70870559  0.10354999  0.65431296  2.6585525   1.32293691 -0.11774388] -265.24451934005043
[ 3.71602318  0.04600303  0.79476172  2.64047646  1.29653359 -0.15371994] -265.24740631495087
[ 3.72080874  0.05440723  0.65977025  2.64184067  1.30523143 -0.15211343] -265.243442825204
[ 3.72901426  0.0633172   0.74826875  2.68787993  1.36475288 -0.12649619] -265.24796627250134
[ 3.71644993  0.04847129  0.68273627  2.62694182  1.28336928 -0.16072126] -265.2430445338331
[ 3.68996489  0.09202998  0.67969233  2.58699977  1.25436173 -0.15809817] -265.24325317655826
[ 3.65703473  0.02149578  0.60928924  2.64454418  1.26953777 -0.13878394] -265.2490033139949
[ 3.72986049  0.07536924  0.72312069  2.62547394  1.30106267 -0.15709017] -265.24257882888986
[ 3.69544586  0.12195832  0.63094639  2.60295312  1.29331817 -0.13298326] -265.24654623213485
[ 3.71330541  0.04060761  0.70923836  2.63966304  1.29166099 -0.15775874] -265.24239503107145
[ 3.70753214  0.01091824  0.73027759  2.59000382  1.25106455 -0.1945949 ] -265.24873142420995
[ 3.70841222  0.08039205  0.67330411  2.64141533  1.30496882 -0.13695663] -265.24187331465015
[ 3.74794353  0.09790647  0.67674028  2.62936183  1.29390004 -0.15634488] -265.2451027172796
[ 3.69572866  0.04886612  0.69359537  2.62590273  1.28821371 -0.15251216] -265.2423426387799
[ 3.69709846  0.07417153  0.72745879  2.60695821  1.2693143  -0.15559894] -265.2428757993979
[ 3.73032017  0.03059597  0.72345886  2.66845191  1.32516819 -0.14878113] -265.2443406060805
[ 3.70005371  0.07667148  0.69063397  2.60736281  1.27206335 -0.15576891] -265.2419921325989
[ 3.69836972  0.08355472  0.72304749  2.62198353  1.29239199 -0.14450726] -265.2422207239916
[ 3.71814494  0.06098221  0.67685453  2.64697558  1.31413954 -0.14593234] -265.2423392690041
[ 3.68147773  0.05498882  0.66577059  2.63562706  1.28675013 -0.14072185] -265.24268170325996
[ 3.7177648   0.07027414  0.70878316  2.62801222  1.29748453 -0.15299809] -265.24186992891504
[ 3.69951928  0.0996393   0.67950118  2.61755436  1.29809299 -0.13846639] -265.2426902550469
[ 3.70985888  0.05536553  0.70180407  2.63413587  1.29326899 -0.15293565] -265.241815849449
[ 3.7218061   0.09354726  0.69788041  2.63405905  1.30322536 -0.14385414] -265.2414196362799
[ 3.73484482  0.11588783  0.70002293  2.63813721  1.31073119 -0.13952513] -265.24209498268596
[ 3.7006102   0.09228618  0.72162987  2.60868069  1.27366148 -0.14974122] -265.2424708066717
[ 3.71376126  0.0688082   0.68804837  2.63740186  1.30402002 -0.14688456] -265.24165169208436
[ 3.72551594  0.06479817  0.66377054  2.63881218  1.29928503 -0.15195873] -265.2433851602665
[ 3.70515627  0.07886558  0.70822825  2.62619069  1.29411525 -0.14637013] -265.2413835705651
[ 3.7255328   0.07241278  0.70204883  2.65970886  1.32696431 -0.13756416] -265.24244037945255
[ 3.70642348  0.0756068   0.69348768  2.62044932  1.28578859 -0.15121772] -265.24142982995113
[ 3.71651137  0.06709712  0.72610653  2.61866768  1.28766543 -0.16113013] -265.2419230396055
[ 3.71043701  0.07706832  0.68650472  2.63572841  1.30064297 -0.14300001] -265.241500180291
[ 3.7047162   0.07947976  0.68320134  2.63464285  1.29620253 -0.14175598] -265.2413537510963
[ 3.69819189  0.08408257  0.67041042  2.63795816  1.29556153 -0.13613493] -265.2417643200067
[ 3.7109079   0.10242644  0.68397952  2.62868819  1.30139592 -0.13809186] -265.2416439215323
[ 3.70605439  0.10018985  0.69637894  2.62251765  1.28977019 -0.14121205] -265.24147577280115
[ 3.70728992  0.06582608  0.70458092  2.62917446  1.28851904 -0.15104481] -265.24144954821077
[ 3.70671178  0.08743679  0.70808113  2.61994959  1.28523068 -0.14881827] -265.2413071359116
[ 3.70484916  0.09262103  0.71886934  2.61206018  1.27752454 -0.1517274 ] -265.24183481577825
[ 3.71131352  0.06006424  0.70210764  2.63230434  1.2945903  -0.15314163] -265.2416437015665
[ 3.70736918  0.09015845  0.69781112  2.62496432  1.29097522 -0.14419445] -265.24122741108727
[ 3.71010441  0.1025388   0.69164905  2.62424414  1.29666017 -0.14102541] -265.2414858594758
[ 3.70799354  0.07500426  0.70134796  2.62794188  1.29055432 -0.14853996] -265.2413904885172
[ 3.71149421  0.09255723  0.70536239  2.63546681  1.3009792  -0.13995992] -265.2413457208794
[ 3.69267429  0.07428677  0.70346365  2.62232633  1.28279371 -0.14602543] -265.2416333565553
[ 3.71452315  0.08873213  0.69927622  2.63112587  1.29811745 -0.14439696] -265.24130230351824
[ 3.70866338  0.09740572  0.69930552  2.62950483  1.29798579 -0.1399586 ] -265.24139790841974
[ 3.708161    0.08060463  0.70083735  2.62833262  1.29241219 -0.14639462] -265.24128648736604
[ 3.71250223  0.09412408  0.68996159  2.63196999  1.29385717 -0.14213661] -265.24133916262355
[ 3.71553765  0.09839134  0.71724193  2.62262689  1.29098811 -0.14687763] -265.2416281262217
[ 3.70742156  0.08420766  0.69171148  2.63163886  1.29489892 -0.14303639] -265.2413085276605
[ 3.70740209  0.08253068  0.69053058  2.62052694  1.28418468 -0.14969918] -265.2413197399966
[ 3.70469402  0.07709936  0.70612103  2.62020941  1.28808254 -0.15004335] -265.2414916571356
[ 3.71055018  0.0898679   0.69400145  2.62902985  1.29241351 -0.14411329] -265.2413052359604
[ 3.71084352  0.0911385   0.70670901  2.63448676  1.30049798 -0.14061882] -265.2413559799175
[ 3.70826245  0.08468264  0.69457519  2.6240169   1.288263   -0.14742909] -265.2412330039979
[ 3.71110435  0.08961986  0.70648267  2.62083419  1.28757176 -0.14874583] -265.24132407776864
[ 3.70834226  0.08556071  0.69540428  2.62893769  1.29306713 -0.14446375] -265.24128456056667
[ 3.71235763  0.08576536  0.6858874   2.63551949  1.29985215 -0.14151245] -265.24144241201435
[ 3.70812324  0.08701893  0.7025327   2.62384207  1.28888605 -0.14699182] -265.24119752561995
[ 3.70771025  0.08238459  0.70281083  2.62470997  1.2914935  -0.14717694] -265.24122605189694
[ 3.70146631  0.08140451  0.69871426  2.62047532  1.28358158 -0.14781993] -265.24140558844977
[ 3.71125894  0.08690023  0.69913573  2.62846323  1.29448348 -0.1452527 ] -265.2413186582315
[ 3.70791674  0.08470176  0.70267176  2.62427602  1.29018978 -0.14708438] -265.24123380340876
[ 3.70774621  0.08858869  0.70017191  2.62440319  1.28993063 -0.14559313] -265.24120912759963
[ 3.70819284  0.08585079  0.69855394  2.62392948  1.28857453 -0.14721045] -265.2412015975372
[ 3.70823275  0.08628982  0.69896849  2.62638988  1.29097659 -0.14572778] -265.2413071012224
[ 3.70814212  0.08381178  0.70168502  2.62608734  1.29064912 -0.14669322] -265.2412017788095
[ 3.71132319  0.08787553  0.70090446  2.62748397  1.29350175 -0.14569439] -265.2413073176243
[ 3.70479477  0.08421172  0.70062348  2.62215869  1.28623382 -0.14740587] -265.241291411987
[ 3.70673923  0.08510474  0.70311112  2.62184239  1.28717805 -0.14793184] -265.2412984740706
[ 3.70711261  0.08540101  0.70207546  2.62297926  1.28812768 -0.14738082] -265.2412399244543
[ 3.71094981  0.08757926  0.70194012  2.6263471   1.29255211 -0.1462454 ] -265.24132540739447
[ 3.70633353  0.08505361  0.70095264  2.62320579  1.28781339 -0.14711575] -265.2412405472427
[ 3.70941105  0.08673738  0.70161096  2.6253      1.29097254 -0.14653552] -265.2411971064582
[ 3.71094981  0.08757926  0.70194012  2.6263471   1.29255211 -0.1462454 ] -265.2413254073944
[ 3.70939813  0.08683543  0.7003333   2.62630011  1.29160653 -0.14598868] -265.2412995932969
[ 3.70768399  0.08575962  0.70163992  2.62380947  1.2889974  -0.14703279] -265.2412285664241
[ 3.70851641  0.0878873   0.69939305  2.62484783  1.28914698 -0.14626793] -265.241177474972
[ 3.70881624  0.08948007  0.6977537   2.62513374  1.28862558 -0.14585971] -265.24118070248835
[ 3.70902664  0.08753867  0.69967594  2.6256605   1.29038922 -0.14606457] -265.24132151954694
[ 3.70801965  0.08620438  0.70114893  2.62427223  1.28934535 -0.14679073] -265.2412003798546
[ 3.70905556  0.08391483  0.70146963  2.62502312  1.28926089 -0.14790343] -265.24118837974004
[ 3.70896413  0.08872609  0.69988471  2.62298423  1.28807966 -0.14720674] -265.24120918730426
[ 3.70834762  0.08504036  0.70123495  2.62531157  1.29000675 -0.1468216 ] -265.24120053911514
[ 3.708965    0.08641694  0.70390946  2.62560279  1.29063166 -0.14655989] -265.24117683944024
[ 3.70935108  0.08670002  0.70658722  2.62643944  1.29166023 -0.14623461] -265.2413472663238
[ 3.70901602  0.08768623  0.70211996  2.62431778  1.28940774 -0.14686151] -265.24118612995846
[ 3.70967611  0.08701616  0.70252966  2.6253723   1.29008993 -0.14691596] -265.2411677265416
[ 3.71050434  0.08742204  0.70322003  2.62592233  1.29046223 -0.14697858] -265.2412860667344
[ 3.71009015  0.08620068  0.70114487  2.62631254  1.29095053 -0.1466896 ] -265.2413108119103
[ 3.70861497  0.08681437  0.70218574  2.62445968  1.28940217 -0.14691626] -265.24118665455956
[ 3.70853697  0.08650789  0.70225821  2.6245745   1.28834058 -0.14727281] -265.2411826878904
[ 3.70871959  0.0901948   0.7026624   2.62470184  1.28974547 -0.14569469] -265.24117537540354
[ 3.70919507  0.08842207  0.70210517  2.62534599  1.28971862 -0.14627467] -265.24133037809435
[ 3.70875999  0.08721629  0.7021656   2.62468126  1.28948128 -0.14675586] -265.24118242877466
[ 3.70870868  0.08739356  0.70218617  2.62560906  1.28973757 -0.14629421] -265.24117100334513
[ 3.70924496  0.08886712  0.7020239   2.62569719  1.29127038 -0.14555671] -265.2413266625743
[ 3.70871397  0.0870977   0.70219963  2.62485518  1.28907303 -0.14684378] -265.2411796309504
[ 3.70900659  0.08811919  0.70212786  2.6256484   1.2899936  -0.14610296] -265.24133140605534
[ 3.70882164  0.08744202  0.70215616  2.62492305  1.28960936 -0.14659264] -265.24118387247796
[ 3.70919239  0.08720486  0.70235791  2.62549068  1.28991375 -0.14660509] -265.24116640935875
[ 3.70919785  0.08860548  0.70259603  2.62503707  1.2899177  -0.14630533] -265.24116771638234
[ 3.70932056  0.08671655  0.70321956  2.62548754  1.2903608  -0.14673793] -265.24116961133586
[ 3.70909626  0.08745173  0.70096136  2.62511006  1.28961846 -0.14659195] -265.24116977308944
[ 3.70919504  0.08705693  0.70236465  2.62511374  1.28958148 -0.14687987] -265.24116702928035
[ 3.70921805  0.08711622  0.70234763  2.62502678  1.28978561 -0.14683591] -265.24117140170625
[ 3.70934135  0.08756767  0.70232876  2.62551035  1.29004177 -0.14650946] -265.24131808931674
[ 3.70924888  0.08722909  0.70234291  2.62514767  1.28984965 -0.1467543 ] -265.2411833191094
[ 3.70919372  0.08713089  0.70236128  2.62530221  1.28974762 -0.14674248] -265.24119866319006
[ 3.70919512  0.08790517  0.70247697  2.62526387  1.28991573 -0.14645521] -265.2411776746511
[ 3.70943425  0.08711051  0.70244379  2.62543149  1.29000184 -0.14676052] -265.24117506117045
[ 3.70925647  0.0869607   0.70278874  2.62548911  1.29013727 -0.14667151] -265.2411670294361
[ 3.70914433  0.08732829  0.70165963  2.62530037  1.2897661  -0.14659852] -265.2411635396798
[ 3.70920522  0.08716054  0.70235277  2.62525873  1.28984968 -0.1467205 ] -265.24116719051864
[ 3.70928221  0.0874258   0.70233199  2.62544254  1.29011384 -0.14652797] -265.2411634781801
[ 3.70932646  0.08757325  0.70231735  2.62551271  1.29029695 -0.14642071] -265.2413247717241
[ 3.70930984  0.08649173  0.70216797  2.62554043  1.29001177 -0.14683949] -265.2411649200034
[ 3.70902924  0.08708014  0.70210922  2.62540914  1.28992896 -0.1465605 ] -265.241159590204
[ 3.70882673  0.08706495  0.70194194  2.62539796  1.28989253 -0.14646049] -265.24117461591254
[ 3.70919961  0.0870033   0.70211905  2.62563203  1.29010756 -0.14654719] -265.2413226718682
[ 3.70920382  0.08712123  0.70229434  2.62535205  1.28991415 -0.14667717] -265.2411731218911
[ 3.70915573  0.08725297  0.70222061  2.62542584  1.2900214  -0.14654423] -265.2411628252028
[ 3.70908678  0.08720421  0.70188443  2.62535475  1.28984753 -0.14657951] -265.2411653173933
[ 3.70916954  0.08678593  0.7021386   2.62547478  1.28997037 -0.1467    ] -265.24116414204013
[ 3.70911082  0.0871425   0.70223357  2.62544991  1.28992136 -0.14658279] -265.2411678696073
[ 3.70914286  0.08702042  0.70244898  2.62544912  1.29003312 -0.146616  ] -265.2411635952075
[ 3.70911723  0.08712034  0.702231    2.62533393  1.28988932 -0.1466405 ] -265.2411728098067
[ 3.70911442  0.08704172  0.70211414  2.62552058  1.29001826 -0.14655384] -265.2411651883248
[ 3.70912204  0.08698596  0.70207175  2.62542817  1.29001853 -0.1466019 ] -265.24117627489295
[ 3.70911362  0.08710336  0.70219311  2.62544447  1.28994565 -0.14658757] -265.24116342889164
[ 3.70915502  0.08689063  0.70252379  2.62555323  1.29012505 -0.14660787] -265.2411809873959
[ 3.70910384  0.08712582  0.70204427  2.62540437  1.28991691 -0.1465866 ] -265.2411536155561
[ 3.70912385  0.08708116  0.70227079  2.62534866  1.28992055 -0.14664446] -265.24117035150755
[ 3.70911678  0.08705158  0.7021533   2.6254776   1.28999383 -0.1465765 ] -265.241167944802
[ 3.70906654  0.08710298  0.70207674  2.62540675  1.28992294 -0.14657355] -265.24116270095556
[ 3.70912978  0.08718939  0.70213244  2.62541511  1.28996916 -0.14656542] -265.24116953124803
[ 3.70910873  0.08711459  0.70211869  2.62542442  1.28993128 -0.14658708] -265.241162177011
[ 3.70912335  0.08707312  0.70224662  2.62542675  1.28997502 -0.1466013 ] -265.24117040924864
[ 3.70913669  0.08695588  0.70209143  2.62543958  1.28994364 -0.1466433 ] -265.24116999293443
[ 3.70910913  0.08708377  0.7020792   2.62546248  1.28996759 -0.14657022] -265.24115772566535
[ 3.70909489  0.08711769  0.7019343   2.62542416  1.28990882 -0.14657409] -265.2411726767313
[ 3.70911623  0.08708426  0.70216854  2.6254261   1.28995847 -0.1465945 ] -265.24115969586677
[ 3.70907473  0.08727773  0.7021152   2.62540683  1.28994514 -0.14651583] -265.2411618842881
[ 3.70906329  0.08707366  0.70206844  2.62542855  1.28991162 -0.14657718] -265.2411566154692
[ 3.70912545  0.0871503   0.70212137  2.62544416  1.28995407 -0.14657025] -265.24116204890885
[ 3.70908883  0.08715058  0.70208032  2.62543307  1.28995332 -0.14655111] -265.24116347892056
[ 3.70910375  0.08712359  0.7021091   2.62542658  1.28993679 -0.14657809] -265.2411631247341
[ 3.70908356  0.08709974  0.70205636  2.62541646  1.28991427 -0.14658189] -265.2411621150077
[ 3.70910649  0.08710479  0.70206174  2.62543342  1.28994225 -0.14657841] -265.24116687084245
[ 3.70911004  0.08710504  0.70210641  2.62541524  1.28993769 -0.14659055] -265.24117155484197
[ 3.70908929  0.08720177  0.70207973  2.6254056   1.28993103 -0.14655121] -265.2411698781433
[ 3.70911464  0.08713806  0.70208282  2.62542427  1.28993549 -0.14657843] -265.2411507610197
[ 3.70910629  0.08712021  0.70208148  2.6254144   1.2899241  -0.14658684] -265.24116832418645
