[-1.17979057  0.78426962 -0.34070502  0.40108769 -0.56319615 -0.86053988] -274.27374496574527
[ 0.46214177  0.54874204 -0.11618865  0.77186925  1.87284457  0.96219776] -259.0852833442106
[ 0.2472006  -2.57512001  0.34087277 -1.67229751  2.24783371 -0.64840211] -288.399892575413
[-0.45127318  0.56095198 -2.41266981 -0.18239747 -0.77866305  0.73924417] -268.28808711042154
[ 0.42127394  0.3768552   0.04417142 -1.04591267 -0.36258249 -1.10533619] -268.2364880989616
[ 2.37183265  1.16355692  1.04553634 -1.13216829 -1.15078901 -0.6949168 ] -274.72851258735096
[-2.55941714 -0.0203122   1.27911679 -0.70005797  1.06153423 -0.00777554] -288.3631093628644
[-0.55894478  3.71314119 -0.50778575  1.04310436 -2.22145101  0.32602661] -302.2906435154425
[ 0.04566426 -1.00305471  0.12870814 -0.99344704  1.13051253 -0.40479493] -267.73073066950286
[ 3.11603343  0.83075255 -1.82949931 -0.02693154 -1.01215876 -0.44693975] -267.80925453852376
[-1.56714944 -0.46405135 -2.55426408  0.77359103  1.24637456  0.32286053] -272.8252213792329
[ 1.85535417 -0.50087105 -1.90587575 -0.63549717  1.26197194  0.8829504 ] -264.52007712780636
[ 3.38354757  0.73517669  0.52381276 -1.47769657 -0.54239965 -0.11375337] -271.33832417631646
[ 2.14587332  0.43536968 -0.24570645 -0.91487467 -0.0952061  -0.0045999 ] -259.7281018387928
[ 3.1333868  -0.33168741  1.1045396  -0.76586714  1.71045695 -0.77808504] -269.99695709240876
[ 0.44489182  0.33779213 -1.53336745 -0.32826489 -0.15638305  0.35991187] -258.09899257350605
[ 2.26871231 -0.16061165 -1.87814791  0.33686398  1.36310953  1.55491134] -257.4756195247985
[ 3.1924315  -0.42934507 -2.83930758  1.0282523   2.22595554  2.88503511] -271.1095598884223
[-0.70848755 -0.94496374 -0.02069338 -0.56085197  2.8044419   1.5637986 ] -296.06632045823807
[ 2.15990318  0.38682348 -1.37729783 -0.16041165 -0.0580086   0.05574484] -254.67987499308168
[ 3.06662793  1.35213625 -2.48090282  0.68334199  0.2655969   1.67516703] -249.88453714766945
[ 4.57710977  2.52973173 -3.7857083   1.52173651 -0.16686091  2.71514801] -267.6761904340127
[ 1.66069595  1.4676217  -0.63799462  0.76500517 -0.19798751  0.65149391] -248.9794401543006
[ 1.56336684  2.45186807 -0.00405406  1.46525635 -0.92796724  0.53576566] -262.5989387125858
[ 1.20845101  0.87546497 -2.42892665  1.60434263  1.12493004  1.75774215] -246.54799611248077
[ 0.73973985  1.09551262 -3.52053674  2.86395127  1.73499811  2.63891317] -251.96166907909938
[ 3.1409523   0.87100025 -3.32935711  0.19508983 -1.09242546  1.05612595] -269.1706383699909
[ 1.1318444   0.62930659 -0.91948077  0.6276744   1.13152706  0.98567981] -249.6091917827221
[ 3.38718645  1.17912165 -1.70754941  1.61387039  1.36610553  1.86700116] -244.34070453925708
[ 4.85833376  1.59978641 -1.79464039  2.58493804  2.12734982  2.6205458 ] -248.22135587476618
[ 1.93619066  2.1241032  -1.30590279  1.37441033 -0.15238839  0.77603162] -248.12469907195404
[ 1.97042895  2.1557613  -1.78295452  2.38329329  1.23726981  2.51529372] -242.19635192404002
[ 1.87569183  3.04023022 -1.98578287  3.65514575  1.88490901  3.74506816] -250.41280465779874
[ 0.69830454  1.45832355 -0.4467001   2.10619008  1.23755528  1.17591375] -247.84434658080113
[ 2.48857478  2.4574922  -1.8505286   2.65469623  0.40696785  1.92881229] -250.22992545071716
[ 1.471027    1.08635299 -1.15224272  1.13442986  0.95038726  1.22146293] -244.79114225668576
[ 1.89650025  1.49208752 -2.30343077  2.64050702  2.11927402  2.45298786] -243.58229363254597
[ 1.6077754   0.62493413 -1.96803194  2.45313409  2.8308957   2.88743557] -256.44161535552246
[ 1.85408685  1.74931093 -1.47143508  1.64409127  0.59343263  1.30388261] -242.75004784767518
[ 3.2309223   1.38770957 -3.16881295  1.56732141  1.22624449  2.53020972] -248.03604956151437
[ 1.33145898  1.44067006 -1.12722831  1.97147291  1.23472758  1.51448774] -243.5338803507653
[ 2.76177848  2.15896985 -0.75268696  2.19154562  1.3754689   1.86729653] -239.58995452926564
[3.53844222 2.80072229 0.08543288 2.48514711 1.50073833 1.92207372] -241.37683721237596
[ 2.92945299  2.30562078 -1.89618563  3.01383031  1.69170556  2.61885361] -241.84814216871075
[ 0.86071572  2.58835183 -1.40375768  3.00104308  1.38452064  2.22393287] -250.40014604214412
[ 2.75556877  1.53142919 -1.63160148  1.96066356  1.37070931  1.95623408] -240.99115887976416
[ 2.63775808  2.28849985 -0.58393322  1.74779197  0.38183057  1.47236156] -244.3309789302323
[ 2.08181471  1.69119061 -1.87355639  2.41732825  1.68491316  2.20783129] -241.24311143254454
[ 3.45291794  2.42342416 -2.00891171  2.56544453  1.41643888  2.6419762 ] -242.70456862944138
[ 3.46323376  2.3394877  -1.84386382  3.19994392  2.33206924  3.29861254] -241.55326882092825
[ 1.86784128  1.63739565 -1.25137123  2.49009046  1.81427311  2.17939772] -242.00113990331815
[ 3.31613438  1.73226995 -1.30013398  2.70784075  2.18577662  2.19411487] -239.46028924201661
[ 3.9889871   1.52052428 -1.05872371  2.87011449  2.66003003  2.03352545] -240.56776580201384
[ 3.90148641  2.28226038 -1.84797152  2.67362701  1.73260782  2.53491658] -242.82388934675075
[ 2.37625257  1.79861183 -1.4005213   2.5359746   1.79385679  2.26827744] -240.2580620212917
[ 2.65547457  1.44503227 -1.03793568  1.99060193  1.88922578  1.97860197] -241.58594349062932
[ 2.72396917  1.66017939 -1.25249817  2.24640902  1.83984572  2.13866488] -240.2238569860688
[ 1.87527226  1.18472924 -0.89313561  1.48664335  1.08478759  0.91219383] -242.30704097323044
[ 3.06624339  2.05079809 -1.60618177  2.77161878  2.02024883  2.70200786] -240.0185720849327
[ 3.58483421  1.9528955  -0.77431817  2.38735586  1.84372223  2.1677006 ] -239.91757188305886
[ 3.18750197  2.25314568 -0.73051197  2.98625131  2.31559706  2.48978664] -239.08536327690126
[ 3.40346857  2.61400392 -0.27996721  3.49904518  2.78804093  2.75656292] -240.29034079404067
[ 3.83723464  2.13747432 -0.7382557   2.56103251  2.06636299  2.25157969] -239.88130350207237
[ 3.86060651  2.43500507 -0.71486468  2.95547259  2.09587982  2.41883051] -240.73852325678783
[ 3.00812851  1.85388581 -1.1180898   2.42367491  1.90385425  2.20870629] -239.46506011995257
[ 3.49896067  1.97874895 -0.19848376  2.31428155  1.87667852  1.69105368] -239.25419118192568
[ 2.95174534  2.08526936 -0.83840255  2.67418636  2.06419055  2.06647863] -238.69423072709884
[ 2.63520091  2.15145629 -0.87044475  2.81760162  2.17442471  2.01586765] -238.94220056682295
[ 2.40418182  1.88328888 -0.9078473   2.53822765  1.84082564  1.92089919] -239.58329006925106
[ 3.36043908  1.76989969 -0.94513616  3.02327523  2.68683864  2.32304991] -239.20203868252815
[ 4.03678817  2.00778427 -0.80240543  2.83827572  2.50348624  2.40349748] -240.0861657047165
[ 2.8123334   1.91441273 -0.88148684  2.61323967  2.00649079  2.04154877] -238.9919199889231
[ 3.36757644  2.05736297 -0.51329529  3.01601671  2.47466981  2.05997121] -238.539282481489
[ 3.54730041  2.15910155 -0.21089803  3.31218761  2.7600776   1.98560367] -238.78606944328385
[ 3.07671792  2.28734317 -0.06897154  2.83457619  2.28904517  2.02984807] -238.80988814078472
[ 2.75314405  2.14372892 -1.12745102  3.40156694  2.73559882  2.64584073] -240.1207970290826
[ 3.31250652  2.01999394 -0.43072557  2.5861029   2.0914086   1.92975044] -238.71938836322036
[ 2.87568812  2.43594292 -0.20932843  2.54684915  1.72696201  1.88274468] -239.3480336933117
[ 3.23925134  1.9364105  -0.76118422  2.90416871  2.44686949  2.2129736 ] -238.77783249035613
[ 3.06587502  1.84711855 -0.43417671  2.5565122   2.14196108  1.62373694] -238.5607123163899
[ 3.52555746  2.16342011 -0.13409846  2.91061469  2.49622411  1.9327042 ] -238.482221614636
[3.88216948 2.28792379 0.23959573 3.05930219 2.74109077 1.87828192] -238.85942408314307
[ 3.41078612  1.74918197 -0.96832273  2.71462433  2.28272938  1.9120236 ] -238.94163130771108
[ 3.16023497  2.15280287 -0.29380934  2.80458822  2.28746622  2.00039196] -238.56311219808177
[ 3.22191391  2.17224543 -0.12031841  2.61183832  2.07177064  1.65803753] -238.50299535894624
[ 3.1184612   2.13941249 -0.34730801  2.93848261  2.42068554  1.85068971] -238.35699737433615
[ 3.02143854  2.19912176 -0.30559923  3.11467246  2.58532402  1.81115935] -238.49508434107062
[3.53479432 2.09218478 0.22406715 2.93849789 2.56673525 1.64203188] -238.56817147673343
[ 3.38903208  2.09045593 -0.04155028  2.87242001  2.44109908  1.74814357] -238.4216888474269
[ 3.4025704   2.00386895 -0.23643971  2.83070662  2.39467053  1.62403576] -238.28160851235742
[ 3.52373811  1.92940199 -0.2077549   2.84376582  2.44827269  1.43585767] -238.2996544295
[ 3.60916214  2.36180341 -0.03016002  3.17018078  2.62441216  2.00079039] -238.86330172103166
[ 3.2016968   1.97578976 -0.33317253  2.70992935  2.26257385  1.7180003 ] -238.38859874636853
[3.2521675  2.12436792 0.10899948 2.60864715 2.22100477 1.45056581] -238.41556847358407
[ 3.40791457  1.99352628 -0.20753809  3.01176182  2.67364866  1.78334226] -238.3177860707374
[ 3.06505672  1.94572034 -0.21823792  2.74670116  2.3083367   1.45888827] -238.28945651743211
[ 3.09359032  1.97043932 -0.36968199  2.74298956  2.31920761  1.54703047] -238.1993187030282
[ 2.94586944  1.91043102 -0.53374784  2.67827434  2.25826187  1.44647392] -238.21533951160495
[ 3.17759583  1.8852178  -0.67979224  3.05154322  2.57203619  1.87676311] -238.3935693511657
[ 3.19623875  1.94500533 -0.48259431  2.9408192   2.48427834  1.77021379] -238.2852288599095
[ 3.22624718  2.02353447 -0.28742748  3.02722431  2.60436861  1.62673312] -238.16382773257428
[ 3.23852237  2.04740683 -0.26455495  3.18587179  2.77526599  1.58109953] -238.17660749513155
[ 3.34541145  1.82128575 -0.25333182  2.82825162  2.5074846   1.41939151] -238.26015920192782
[ 3.03512371  1.90975843 -0.40836632  2.69380234  2.19913347  1.36542205] -238.19624927140717
[ 3.36800388  1.94557708 -0.46104262  2.94123006  2.52804436  1.65872063] -238.16174755693524
[ 3.51947745  1.94550545 -0.58244497  3.0384945   2.63789818  1.75863681] -238.2595502534147
[ 3.29407689  1.94648267 -0.18950234  2.74724897  2.36669139  1.31023073] -238.13121796829188
[ 3.34299597  1.94722135 -0.04295635  2.65046385  2.30789792  1.0802392 ] -238.2058258129083
[ 3.05158075  1.86849029 -0.42001114  2.82954233  2.44697281  1.35180708] -238.1203309742873
[ 2.87608592  1.80080096 -0.51179685  2.82896019  2.47312395  1.21569273] -238.25226676603003
[ 3.01079612  2.06680835 -0.45867881  2.83242757  2.31398815  1.53392318] -238.11464079222995
[ 2.84348846  2.18956965 -0.5613523   2.83451554  2.21723992  1.59118901] -238.28123274921654
[ 3.23501919  1.94977778 -0.37199425  2.9475023   2.50052532  1.40191512] -238.02962180802496
[ 3.30573363  1.93944701 -0.37315038  3.04975866  2.59118418  1.32935745] -238.02230614794027
[ 3.38368911  2.02035486 -0.32157127  3.11534163  2.75128302  1.57150201] -238.04212827363878
[ 3.24504628  1.90551895 -0.45389137  2.81129209  2.39501936  1.29178057] -237.98965896048895
[ 3.25444583  1.84651118 -0.53712332  2.70332598  2.29034473  1.12430429] -238.03306893962426
[ 3.06230372  1.97012363 -0.27789248  2.85397369  2.42700195  1.13747971] -237.98768293386203
[ 2.90945364  1.9823969  -0.18631741  2.81034551  2.37648074  0.87685925] -238.11562453857533
[ 3.05897298  1.97709835 -0.57889614  3.08352969  2.60845843  1.42838594] -238.0154052697981
[ 3.3039332   2.09129342 -0.40134901  3.08589878  2.58200555  1.41233588] -238.00347615826084
[ 3.44243018  1.90113706 -0.34357141  3.16750395  2.80432935  1.18969067] -237.9924658306162
[ 3.08911755  1.90785128 -0.48801233  2.90197733  2.38471658  1.02484139] -237.95067527305542
[ 2.94183177  1.85159949 -0.57123286  2.79529518  2.20143336  0.75151108] -238.10953979628064
[ 3.09486767  1.97822722 -0.47472054  2.91829985  2.4759929   1.1654806 ] -237.84764694270385
[ 2.98943469  1.99761732 -0.52550562  2.85257044  2.41839726  1.08354218] -237.8181554344951
[ 3.3184489   1.94741553 -0.25117793  2.8075424   2.39536492  0.95150419] -237.98056755885693
[ 3.07832724  1.78526117 -0.37866804  2.71238786  2.35960425  0.81394369] -238.03269970161548
[ 3.24753171  2.01478536 -0.39567877  2.99252105  2.52640523  1.26273783] -237.9128457946127
[ 2.8748641   2.0133003  -0.45381476  2.57245506  2.04463908  1.06093795] -238.09406436386172
[ 3.30053866  1.92917787 -0.37113225  3.01874172  2.61440678  1.15750249] -237.90736599766086
[ 3.09074546  2.01680472 -0.31590842  2.99781679  2.52707821  0.91408869] -237.93004347295346
[ 3.28296861  1.9677604  -0.50457929  3.00308289  2.52845438  0.99392589] -237.86667756270978
[ 3.01499666  1.99725011 -0.61576096  3.11469434  2.60445456  1.19404196] -237.9504236839267
[ 3.21962105  2.06661398 -0.42150943  3.09116508  2.68834889  1.17710496] -237.7879436191033
[ 3.2848728   2.14599533 -0.38825799  3.18575895  2.84016504  1.25323674] -237.7705084863844
[ 3.38370065  2.02679688 -0.21792648  2.90213628  2.54718107  1.02763598] -237.86250681918384
[ 3.40560357  2.010573   -0.48511838  2.98712032  2.63125837  1.34543834] -237.83135388534222
[ 3.30150795  2.01118824 -0.43516123  2.99061582  2.66688241  1.02435604] -237.69071141894054
[ 3.32849607  2.00938969 -0.45490247  2.9896632   2.737121    0.90516515] -237.63392459841054
[ 3.25782014  2.12353301 -0.48763116  2.9547023   2.61978559  1.04547893] -237.5675079619293
[ 3.23646087  2.22071058 -0.54588062  2.92268259  2.62247499  0.98946715] -237.42306068879188
[ 3.25988761  2.1692672  -0.36795123  2.94356104  2.7370782   1.20756929] -237.61296291288446
[ 3.11788456  2.15772082 -0.70461228  3.05831591  2.78165055  1.23383697] -237.57458491095252
[ 3.0000753   2.22299398 -0.51058502  2.99706373  2.74770398  0.87883415] -237.58190440632657
[ 3.41979105  2.31107521 -0.46522425  3.17977803  3.070334    1.07249431] -237.43395488195767
[ 3.16932569  2.21772383 -0.6281273   2.84459589  2.7252892   0.84255227] -237.36819085034818
[ 3.11155213  2.25358808 -0.74806196  2.67401435  2.66785128  0.63721003] -237.41947188909683
[ 3.07264562  2.42377419 -0.61922443  2.99233586  2.82438931  1.1697529 ] -237.41747120576215
[ 3.07884008  2.34873233 -0.78993341  3.05469629  2.85353581  0.85474329] -237.3189562392166
[ 2.98831632  2.4384649  -1.0009245   3.11026392  2.91176461  0.67833029] -237.3643351370851
[ 3.36490733  2.33691834 -0.74041574  3.02040447  2.87818731  1.17544814] -237.2910080218204
[ 3.54732334  2.39388053 -0.8553311   3.03207483  2.94342898  1.32375514] -237.3683205368998
[ 3.32943899  2.461924   -0.55832297  2.94651513  2.87641965  0.80098238] -237.1592034728204
[ 3.4352162   2.61402559 -0.48517832  2.89061475  2.9238042   0.58455509] -237.11456156409767
[ 3.03267422  2.40955308 -0.80436236  2.72866525  2.53889294  0.79967864] -237.1793275861735
[ 3.14807551  2.56286521 -0.80986657  2.92108824  2.95889126  0.81944296] -237.1725020543522
[ 3.33703405  2.40616528 -0.80007013  2.82768576  2.80181093  0.52238723] -237.16930235023713
[ 3.29625677  2.67502945 -0.84848154  2.96978903  2.92641829  0.74286618] -236.98089657362715
[ 3.35972232  2.90368226 -0.95865866  3.03238561  3.02698283  0.69302314] -236.9589391463357
[ 3.48036979  2.72900425 -0.74291718  2.75225173  2.85598736  0.67676844] -237.00681798897708
[ 3.23279003  2.87151354 -0.79326866  2.69715931  2.82393587  0.18983702] -237.03692084258483
[ 3.63172841  2.95286563 -0.72562415  2.97839655  3.25824454  0.36232599] -237.17481779160687
[ 3.48196486  2.81703749 -0.7453087   2.91596373  3.07840664  0.47166415] -237.02849003194385
[ 3.62762358  2.88427759 -0.69860065  2.78426539  2.87808468  0.2266354 ] -237.25702169805294
[ 3.26796252  2.64321831 -0.78205009  2.88688253  2.93868962  0.67124107] -237.01848661718697
[ 3.41564119  3.11999521 -0.70239041  2.89740012  3.08079124  0.57330908] -236.92726053087583
[ 3.45494476  3.47691017 -0.65355054  2.93225729  3.22028139  0.59877   ] -237.05454033261015
[ 3.31093404  3.08079143 -1.08968625  2.83673293  3.01112698  0.50739254] -236.89517052894706
[ 3.24879296  3.31417434 -1.39194022  2.80979202  3.05478837  0.46881127] -237.01669311828442
[ 3.53940821  2.89306277 -0.88040177  3.0767129   3.17339236  1.00796245] -236.9920665971988
[ 3.30938116  2.97288058 -0.97339275  2.91149154  2.95058349  0.90490143] -236.86059281552954
[ 3.22308931  3.05080212 -1.08743477  2.90925545  2.88667191  1.12152006] -236.91255983605615
[ 3.53718971  3.25658719 -1.00043225  2.94877575  3.09426513  0.78321129] -236.90669527653048
[ 3.34372242  3.34666222 -1.12540351  3.14891455  3.25639332  0.81316487] -237.1270902771269
[ 3.44620795  2.88341874 -0.83853877  2.85141743  2.95608885  0.71086755] -236.89366887085237
[ 3.25361724  3.17938903 -0.97396459  2.74935489  2.86655382  0.38293922] -236.87822375546392
[ 3.39793478  3.2606718  -0.90080968  2.69933861  2.959487    0.59451723] -236.86421961997505
[ 3.33611377  3.09125105 -1.22321769  2.7683036   2.86524385  0.72130068] -236.83942288911828
[ 3.29635006  3.07687898 -1.48363133  2.70375534  2.75747015  0.79529648] -236.93641552456342
[ 3.14753994  2.89954702 -0.99943766  2.65677059  2.77542953  0.49076159] -236.93427798198982
[ 3.43977727  3.16732715 -1.0001836   2.87577446  3.01455623  0.71009887] -236.8458754436558
[ 3.41674335  3.10418802 -0.88034944  2.78182725  2.85971076  0.83414911] -236.80758970516246
[ 3.46964801  3.11588632 -0.77568104  2.75437442  2.78400265  0.9975274 ] -236.8555455967764
[ 3.27164791  3.37515047 -1.14543382  2.74394602  2.88262287  0.67176796] -236.82303724256855
[ 3.47024884  3.14443399 -1.0671644   2.8442056   2.97751425  1.09597253] -236.87733451927335
[ 3.41609094  3.15317275 -1.04386445  2.82049293  2.94977414  0.91771421] -236.82435698620736
[ 3.33198335  3.02731821 -1.18800424  2.93460665  2.88134344  0.99212686] -236.9033453198866
[ 3.38144692  3.2023334  -0.97260832  2.75815562  2.93995111  0.69391964] -236.8160886702921
[ 3.44455889  3.3915937  -1.11515969  2.67134175  2.88670283  0.6114154 ] -236.85786243758713
[ 3.41076446  3.28691542 -1.07971795  2.7313792   2.902673    0.6847869 ] -236.8174287939805
[ 3.30449185  3.23700989 -1.11488029  2.65892708  2.78543568  0.79778063] -236.78909799853344
[ 3.23684914  3.27185127 -1.17222863  2.5505034   2.6708754   0.84162152] -236.8186218271475
[ 3.39761471  3.36167227 -0.85573374  2.7299391   2.90814534  0.81207214] -236.8098467327148
[ 3.3114788   3.36925041 -0.97237674  2.64756517  2.80973878  0.58044459] -236.8062934164499
[ 3.46919879  3.14530601 -0.81312167  2.69198512  2.85259535  0.79594971] -236.8358063249833
[ 3.32103563  3.31768935 -1.06235578  2.7309558   2.87511599  0.7028134 ] -236.79446172029412
[ 3.30017263  3.24379903 -0.87305015  2.70441081  2.82335955  0.7889396 ] -236.7893921180105
[ 3.30239873  3.34220292 -0.94697373  2.65971945  2.74721759  0.81148019] -236.77947167454099
[ 3.26287463  3.41213768 -0.93415643  2.61050136  2.65085082  0.87026046] -236.80977898637636
[ 3.25449229  3.17637427 -1.09426164  2.66452942  2.72538078  0.69313037] -236.7810903489086
[ 3.18127996  3.4579206  -1.14095     2.57354199  2.72903869  0.62404715] -236.83874498963416
[ 3.3578775   3.19262117 -0.94549958  2.72975594  2.82704274  0.78162362] -236.78308130626954
[ 3.30201074  3.13398181 -1.03996365  2.735201    2.78477867  0.94481135] -236.7918706146674
[ 3.28611228  3.12430701 -0.94252056  2.65322544  2.68928901  0.90310852] -236.78777212587627
[ 3.29983768  3.30478963 -0.93243166  2.62165505  2.74779645  0.64720963] -236.78538040073477
[ 3.30156415  3.21530261 -1.11913901  2.62485998  2.68402786  0.75583805] -236.7840961314095
[ 3.29626903  3.21485598 -0.87872844  2.65898801  2.68814913  0.73301616] -236.78785920716567
[ 3.29832473  3.22039446 -0.9377664   2.65897278  2.71247077  0.74920728] -236.7743533416729
[ 3.31871941  3.35958801 -1.04950344  2.66660543  2.79202305  0.57638786] -236.80820063425594
[ 3.29426407  3.18312726 -0.96926628  2.65657044  2.71497252  0.82142835] -236.77267406946166
[ 3.30313614  3.13855127 -1.07187055  2.70981428  2.7225743   0.89035966] -236.78681866275744
[ 3.3006623   3.26323004 -0.96729138  2.64369486  2.74149091  0.70799714] -236.77381246729436
[ 3.30110905  3.2440141  -0.83454733  2.71288764  2.80549724  0.76578426] -236.79258993008267
[ 3.30145038  3.22248048 -1.04799109  2.6468669   2.71439521  0.75832461] -236.77268811184126
[ 3.22598666  3.27664864 -1.04235059  2.58036201  2.62493318  0.73223236] -236.78125614093184
[ 3.25895937  3.25564177 -1.01813784  2.61771049  2.67546057  0.74458017] -236.773275064288
[ 3.3308609   3.31931804 -0.86821393  2.62998221  2.70995508  0.83787554] -236.78551365651546
[ 3.27358444  3.21211021 -1.03774971  2.65589262  2.72152435  0.72931666] -236.77228629418727
[ 3.2733497   3.11012515 -1.04576051  2.63351658  2.67955386  0.69213788] -236.78562954755523
[ 3.29513647  3.28418348 -0.97167042  2.65316873  2.73030165  0.78164461] -236.77201971767605
[ 3.27636094  3.25319663 -1.06626918  2.63232857  2.7202443   0.76522324] -236.7735024440735
[ 3.26592293  3.20701657 -1.06973679  2.64381772  2.68414196  0.82550874] -236.77548826403262
[ 3.29197745  3.24917667 -0.99290274  2.64372557  2.72715367  0.73737504] -236.7711094580709
[ 3.29542979  3.21571    -0.94630352  2.65898301  2.70769169  0.75899991] -236.7738418901923
[ 3.28112815  3.24382497 -1.03627776  2.63899218  2.71710615  0.7636674 ] -236.7710742513409
[ 3.32022095  3.20932592 -1.00048149  2.68069499  2.76635728  0.78600539] -236.77154177427767
[ 3.2839868   3.23810236 -0.95479171  2.66281461  2.74474334  0.78148788] -236.77203168292903
[ 3.28774736  3.29578061 -1.02869166  2.65519246  2.75408963  0.70507064] -236.7759862914265
[ 3.29263489  3.2112906  -0.98412263  2.65622594  2.7247518   0.79233893] -236.77020142777593
[ 3.31477713  3.26652445 -0.94233254  2.65598139  2.74861361  0.81818975] -236.7727479432944
[ 3.28388261  3.22571377 -1.01389542  2.65591481  2.72829667  0.75153493] -236.77038124811543
[ 3.30434004  3.23640278 -1.04499177  2.64675946  2.7199124   0.75603422] -236.77267231946047
[ 3.28907511  3.23767746 -0.97734173  2.65880082  2.7385356   0.77512447] -236.77030897864142
[ 3.29116992  3.17481965 -1.0300035   2.65828271  2.73709874  0.75370411] -236.7745186167301
[ 3.29414483  3.25684252 -0.98625369  2.65444722  2.73200092  0.77465949] -236.77025927470936
[ 3.2573934   3.26551608 -0.99644983  2.6220072   2.68959099  0.74556136] -236.77326428224924
[ 3.30451406  3.22337346 -0.99947358  2.66602304  2.74716571  0.77589438] -236.77019912939022
[ 3.28981577  3.21706426 -1.00621887  2.6664091   2.73546528  0.80703149] -236.7703668032175
[ 3.30356094  3.21349572 -0.95282421  2.68028147  2.75163251  0.79519382] -236.77138962993732
[ 3.28673635  3.23624266 -1.01541437  2.6493145   2.72573774  0.77154901] -236.77002711159125
[ 3.30175772  3.23511655 -0.97571287  2.66115873  2.73958902  0.81399765] -236.77067197074797
[ 3.28835139  3.22806447 -1.00434978  2.65722579  2.73111975  0.76715061] -236.76991348797753
[ 3.29533645  3.2474328  -0.98276639  2.64760334  2.7309719   0.74520747] -236.77077103444424
[ 3.29119594  3.22465639 -1.00035575  2.66170766  2.73434193  0.79157549] -236.76989300779786
[ 3.29678404  3.22247924 -1.01931487  2.65618056  2.72650368  0.78259817] -236.77021173259163
[ 3.29259406  3.19185975 -1.0214233   2.66111194  2.73120595  0.78570938] -236.77148522263022
[ 3.29375714  3.24059683 -0.99504609  2.6561134   2.73180218  0.77742196] -236.76977438786
[ 3.28894588  3.23226223 -0.98027253  2.65935622  2.73846936  0.77604529] -236.77023748180696
[ 3.2948245   3.22492498 -1.00955429  2.65697448  2.7294951   0.78095995] -236.7699033276006
[ 3.2938249   3.24799567 -1.02394199  2.65956035  2.74180234  0.76251154] -236.77054899604698
[ 3.29293239  3.22046686 -0.99407747  2.65705954  2.72901443  0.78488208] -236.7698601854669
[ 3.27808517  3.23494394 -1.00679234  2.64677542  2.71333801  0.78195198] -236.77019412242464
[ 3.2846924   3.23205132 -1.00496265  2.65158732  2.72179493  0.78043758] -236.76984501678314
[ 3.29518157  3.22067763 -0.98736764  2.66424157  2.7334517   0.78926021] -236.76989228856758
[ 3.29584325  3.22639354 -0.99277151  2.65866887  2.72884701  0.80102848] -236.76993776392075
[ 3.29022436  3.22764673 -1.00145521  2.65758656  2.73055157  0.77562008] -236.7697934767223
[ 3.28783676  3.23044027 -0.98486732  2.65912421  2.73082382  0.78543919] -236.76998787659267
[ 3.29307757  3.22630381 -1.00338254  2.65751191  2.72982728  0.78207976] -236.76978750815096
[ 3.29209254  3.231258   -0.99507479  2.65299244  2.7244721   0.7716584 ] -236.76980472263148
[ 3.28707723  3.23876356 -1.01063195  2.64670883  2.72236913  0.76810641] -236.77007901341693
[ 3.29315548  3.22519911 -0.99318371  2.65985838  2.73068106  0.78397176] -236.76978431431945
[ 3.28940077  3.24055174 -1.0036242   2.6548238   2.72736194  0.7721811 ] -236.76983530102055
[ 3.29921022  3.23180075 -0.99229287  2.66137484  2.73643711  0.77387344] -236.7698492792052
[ 3.28832185  3.23198868 -1.0017952   2.6540342   2.72545548  0.77879655] -236.7697377468653
[ 3.29414221  3.22044598 -0.99302165  2.65787517  2.73023462  0.78433507] -236.76985412413632
[ 3.29058613  3.2355253  -1.00097356  2.65558664  2.72808011  0.77521959] -236.76975467650706
[ 3.29094831  3.23116215 -1.00353732  2.66057126  2.73432712  0.78604483] -236.76980332377627
[ 3.29123436  3.23118611 -1.00142169  2.65867655  2.73186337  0.78244822] -236.76975344382487
[ 3.29315315  3.23595321 -0.99714572  2.65634047  2.72868492  0.7843592 ] -236.76971611622176
[ 3.29461755  3.24010645 -0.99499098  2.65571743  2.7277516   0.78872876] -236.76976609439419
[ 3.29032514  3.24051261 -0.99313945  2.65602464  2.72902843  0.77865934] -236.76982254543933
[ 3.29238946  3.22985601 -1.00082177  2.65714009  2.72962757  0.78122465] -236.76973219371644
[ 3.28999188  3.2431696  -1.0058843   2.65277207  2.72782348  0.77585163] -236.76981561677385
[ 3.29236458  3.22969173 -0.99635886  2.6580868   2.72996667  0.78194173] -236.76972580540814
[ 3.28892604  3.22413685 -1.00445951  2.65717485  2.72609052  0.78390802] -236.76980991849783
[ 3.29254936  3.23648183 -0.99739945  2.65637877  2.73037427  0.77904347] -236.76972730303888
[ 3.29275146  3.22952723 -0.99734067  2.65796566  2.73057731  0.78738502] -236.7697491551012
[ 3.29260893  3.23331345 -0.9955322   2.65463878  2.72636537  0.78180198] -236.7697283070216
[ 3.29104432  3.23623441 -0.9990104   2.65424071  2.72624744  0.77500418] -236.76976208454047
[ 3.29232468  3.23120402 -0.9977581   2.65703442  2.72949485  0.78428981] -236.769722921675
[ 3.2968082   3.23351141 -0.99321016  2.65917224  2.73271574  0.78542374] -236.76974766310306
[ 3.29044344  3.23236936 -0.99964894  2.65531871  2.72727054  0.78045334] -236.769735722079
[ 3.29468662  3.23313072 -0.99535642  2.65788773  2.73090067  0.78376694] -236.76972227754038
[ 3.29350632  3.23673565 -0.99236182  2.65631556  2.72896801  0.78384306] -236.76976595368353
[ 3.29266867  3.23157592 -0.99870678  2.65693396  2.72946268  0.78187925] -236.76971959998124
[ 3.29330676  3.23269903 -0.99870958  2.65958194  2.73326265  0.78329148] -236.76972737980935
[ 3.2931323   3.23285264 -0.99791523  2.65834615  2.73153833  0.78291911] -236.76972627826706
[ 3.29356064  3.22832091 -0.99701426  2.65849775  2.72964177  0.78734187] -236.76974629829644
[ 3.29280218  3.2344416  -0.99730315  2.65690851  2.73019114  0.78111807] -236.76971234212476
[ 3.29286766  3.23247977 -0.99629445  2.65605115  2.72802865  0.78286589] -236.76971567977975
[ 3.29380307  3.23657002 -0.99782935  2.65563194  2.7289543   0.78415133] -236.76971479368487
[ 3.29433578  3.23684639 -0.99645386  2.65621683  2.72924594  0.78175709] -236.76973461307497
[ 3.29282745  3.23261461 -0.99743204  2.65683002  2.72943262  0.78365663] -236.7697279438456
[ 3.29330263  3.23550581 -0.99756625  2.65627023  2.72957272  0.7826347 ] -236.76970930989867
[ 3.29283492  3.23346069 -0.9967988   2.65647983  2.72910989  0.78199198] -236.76971391833885
[ 3.29297767  3.23519741 -0.99722444  2.65662449  2.72943803  0.78273864] -236.76971022208937
[ 3.29273543  3.23300876 -0.99800497  2.65692124  2.72982691  0.78149866] -236.76972409804011
[ 3.2937444   3.23378616 -0.99632979  2.65739812  2.73054591  0.78244251] -236.76970884066347
[ 3.29256343  3.23282281 -0.99753063  2.65697147  2.72984299  0.78270394] -236.76971656986612
[ 3.29333965  3.23539607 -0.99624605  2.65662965  2.72973999  0.78304462] -236.76971779952515
[ 3.29318859  3.23479924 -0.99668578  2.65670254  2.72976172  0.78265813] -236.76971740356913
[ 3.29288648  3.23360559 -0.99756524  2.65684834  2.72980518  0.78188515] -236.76971133905235
[ 3.29361933  3.23584294 -0.99673193  2.65653837  2.7297113   0.78156641] -236.76971297340157
[ 3.29360931  3.23599915 -0.99744146  2.65704952  2.73064487  0.78213651] -236.76971525901027
[ 3.29302852  3.2340953  -0.99695947  2.65662225  2.72949364  0.78202812] -236.76971777771357
[ 3.29352351  3.23464599 -0.99694802  2.65683417  2.73005931  0.7825386 ] -236.76969218359605
[ 3.29336103  3.23449179 -0.99677711  2.65701131  2.72999197  0.78259057] -236.76972183224055
[ 3.29331544  3.23369588 -0.99694751  2.65712323  2.73017554  0.78216383] -236.76971470805722
[ 3.29327329  3.23411388 -0.99681647  2.65715332  2.73036852  0.78178029] -236.7697255653068
[ 3.29368187  3.23481455 -0.99653086  2.65696825  2.7301286   0.78200446] -236.7697086608317
[ 3.29328966  3.23362343 -0.99656429  2.65693898  2.7298279   0.78221724] -236.76971635862708
[ 3.29369868  3.23423871 -0.99654939  2.65693804  2.72987455  0.78287211] -236.76970049384164
[ 3.29372349  3.23377645 -0.99651284  2.65705562  2.73021197  0.78215568] -236.769718036432
[ 3.29363287  3.23395529 -0.99657891  2.65704454  2.73015697  0.7822644 ] -236.76973170306238
[ 3.2936111   3.23444235 -0.9967487   2.6568861   2.72996693  0.78270536] -236.76971389482415
[ 3.29360269  3.23473027 -0.99673944  2.65690121  2.73009396  0.78227153] -236.76968907617209
[ 3.29363396  3.23421608 -0.9966389   2.65711615  2.73030261  0.78249055] -236.76971970315142
[ 3.29341948  3.23417093 -0.99694777  2.6569787   2.73011743  0.78235122] -236.76970947551501
[ 3.29340659  3.23413471 -0.99675616  2.65688658  2.72994361  0.78237792] -236.7697160573098
[ 3.29344227  3.23456889 -0.99686257  2.65692274  2.73002564  0.78256459] -236.76971836057425
[ 3.29336792  3.23468163 -0.99702865  2.65668702  2.72976635  0.78244585] -236.76968340042862
[ 3.29323491  3.23491441 -0.99722352  2.65647246  2.72949822  0.7824235 ] -236.7697208615884
[ 3.29353482  3.23436641 -0.99686034  2.65680186  2.72995689  0.78233224] -236.76971847540824
[ 3.29346541  3.23451827 -0.99686201  2.65689252  2.73000845  0.7825065 ] -236.76972136452574
[ 3.29348531  3.23470595 -0.99688404  2.65679412  2.72993016  0.78235869] -236.76971994141408
[ 3.29344572  3.23466381 -0.99698833  2.6567606   2.72991283  0.78249223] -236.76971315403225
[ 3.2933937   3.23442628 -0.99698821  2.65683286  2.72994189  0.78239853] -236.7696864163185
[ 3.29348951  3.23456199 -0.99688868  2.65678656  2.72986664  0.78257561] -236.76971578662747
[ 3.29338726  3.23440817 -0.9968924   2.6567868   2.72985498  0.78241189] -236.76971161172187
[ 3.2934051   3.23462526 -0.99694561  2.65680488  2.729896    0.78250522] -236.76971308478724
[ 3.29334443  3.23441643 -0.99702658  2.65675879  2.72981608  0.78258442] -236.76971557499456
[ 3.29329186  3.23451187 -0.99706791  2.65675709  2.72986273  0.78237044] -236.76971851195825
[ 3.2934401   3.23454946 -0.99693349  2.65677919  2.72986567  0.78252431] -236.76971527728858
[ 3.29346884  3.23470178 -0.99689898  2.65679166  2.72992983  0.78234159] -236.76972327044498
[ 3.29337553  3.23448777 -0.99699468  2.65676701  2.72984451  0.78252371] -236.76970986237606
[ 3.29335164  3.23454818 -0.99701247  2.6567672   2.72987319  0.7824015 ] -236.76971420017085
[ 3.29337376  3.2345485  -0.99699273  2.6567702   2.72987131  0.7824322 ] -236.7696966005309
[ 3.29332204  3.23439539 -0.99695909  2.65678899  2.72981218  0.78241357] -236.7697142379712
[ 3.2934148   3.23459671 -0.99698102  2.6567677   2.72988767  0.78247256] -236.7697098993724
[ 3.29336589  3.23442443 -0.99701362  2.65673231  2.72982624  0.7823897 ] -236.76971667796582
[ 3.2933953   3.23457505 -0.99696261  2.65678674  2.72987856  0.78247634] -236.7697146506007
[ 3.29338081  3.23455396 -0.99700843  2.65675994  2.72985412  0.78242219] -236.7697082174485
[ 3.29337084  3.23461507 -0.99701069  2.65672861  2.72981883  0.78243903] -236.76972108407693
[ 3.29337173  3.2345847  -0.99701166  2.65672701  2.72980543  0.78248478] -236.76972558059498
[ 3.29339136  3.23463917 -0.99700483  2.65672736  2.72982701  0.78245921] -236.76971689304864
[ 3.29337759  3.2345449  -0.99696052  2.65673691  2.72981067  0.78242887] -236.7697193109767
[ 3.29338651  3.23465345 -0.99698713  2.65674595  2.72983117  0.78247554] -236.76971426883463
[ 3.29338662  3.23464469 -0.99698842  2.65673492  2.72983062  0.78240545] -236.76971695505296
[ 3.29339276  3.2346242  -0.99698197  2.65673542  2.72982115  0.78244001] -236.7697200067246
[ 3.29338728  3.23462192 -0.99698915  2.65673372  2.72982057  0.78243976] -236.76970906006127
[ 3.29338925  3.23472004 -0.99704168  2.65672606  2.72983262  0.7824538 ] -236.7697125352456
[ 3.29338109  3.23464536 -0.99703154  2.6567251   2.72981333  0.78249334] -236.7697192052744
[ 3.29338524  3.23464486 -0.9969992   2.65673246  2.7298263   0.78242742] -236.7697185423373
[ 3.29337437  3.2346178  -0.99701854  2.65672348  2.72981024  0.78243402] -236.7697009956024
[ 3.2933776   3.23465178 -0.9970089   2.65671037  2.72979346  0.78244281] -236.76972072476931
[ 3.29337858  3.23470084 -0.99703516  2.65670654  2.72979948  0.78244982] -236.76971625595004
[ 3.29337722  3.23466754 -0.99700789  2.65671649  2.72979876  0.78246069] -236.7697133315972
[ 3.29337964  3.2346604  -0.99701674  2.65670719  2.72979668  0.78245253] -236.76968179858972
[ 3.29337727  3.23466316 -0.99700853  2.65671097  2.72979848  0.78242565] -236.76971158309442
