[-0.53960686 -0.15841054 -0.73111457  0.20464555  0.37717812 -0.47037041] -273.18918300896576
[-2.12072349 -0.31308584 -0.89300454  0.35422047 -0.04729102  1.1142585 ] -297.3798002435207
[-0.11514843  0.53101325 -0.87285397 -0.33953653  0.08905999 -1.17944995] -271.78559647423884
[-0.48129156 -0.89882941 -0.7491344   0.52652476 -0.26297624  0.47768018] -275.26317665813616
[ 0.00969682 -0.98769106 -0.16386593  1.31685385 -0.30531761 -1.4034619 ] -273.8677745607218
[-2.66434064  0.67243888 -1.24444366  0.42760655  1.65675407  1.08533371] -316.4047377600626
[-1.18368207 -0.05450553 -0.61175552  0.26080117  0.58381033 -0.0791327 ] -281.16620683291717
[ 1.18742212 -1.29960859 -0.09613265  0.34689654 -1.51193288 -1.59882581] -287.66782466235907
[ 1.74652017 -0.64292478 -0.18194781  0.41784131 -0.29610174 -2.53211203] -267.0932521428512
[ 3.680142   -0.80784425  0.17358055  0.44965172 -0.42050711 -4.35529729] -279.1256048164174
[-1.37525942  0.56249257 -1.00742475  0.4488135   1.57381716 -0.13012313] -288.9436341110332
[ 0.54675173 -0.8340833  -0.32395568  0.37237578 -0.74049537 -1.23165014] -274.75854520249914
[ 1.57265603 -0.94246975 -0.39586859  0.5721004  -0.96336129 -2.03398871] -274.6576059124007
[ 1.55491472 -0.11269265 -0.14073445  0.3215687  -0.35003639 -3.42802456] -271.7293262697175
[ 0.86292575  0.06302479 -0.50483943  0.45878198  0.25763573 -2.45081905] -264.3220757323226
[ 1.02101276  0.51157884 -0.59528131  0.50198508  0.75670128 -3.06040351] -262.7385946572497
[-0.34685963  0.6560941  -0.49939742  0.23568559  1.05385583 -1.99061874] -273.09521812064094
[ 1.09724742  1.24924381 -0.84324392 -0.86945729  0.84886997 -2.81686449] -268.1144228442571
[ 2.19216919  0.88918139 -0.31337173 -0.11528326  0.32360486 -4.53212068] -269.67442346190023
[ 2.84576491  0.15237252 -0.48308031 -0.26331292 -0.59648985 -3.85903967] -277.06177672796076
[ 0.4512965   0.53016371 -0.49531814  0.11093596  0.64126941 -2.45772397] -266.7801383427242
[ 2.80286868  0.27717018  0.01622152  0.46206669  0.55237581 -5.0962998 ] -269.70502649693583
[ 1.5487902   1.05083036 -0.66357934 -0.15220587  1.29227625 -3.40381693] -264.73285191205525
[-0.11718993  0.91885426 -1.04713561 -0.49746138  0.63649753 -1.17138074] -270.6148098135477
[ 2.07285403  0.4375912  -0.24961776  0.22218467  0.57340624 -4.11507003] -265.2701941974205
[ 0.45373783  0.15631298 -0.69629103  0.19237788  0.94853562 -1.59654298] -264.94058686630325
[ 1.33415641 -0.5680597  -0.11743455  1.30049697  0.45649238 -2.90502532] -261.82201891811457
[ 1.45261091 -1.47671146  0.24547013  2.38547409  0.26030358 -2.94910573] -266.9110247130661
[ 0.54742908  1.34906391 -0.75722624  0.30741692  1.85232881 -3.31408222] -271.07904546956604
[ 1.4467474  -0.14492761 -0.32576742  0.39023521  0.24100589 -2.72760458] -263.19900439448674
[ 2.17446971 -0.04905501 -0.387339    0.70742202  0.78153647 -3.47843048] -259.8362473701836
[ 3.03605631 -0.33866437 -0.33334942  1.00566505  0.85167    -3.98878373] -260.7016815651862
[ 0.58678407 -0.11869791 -0.67894646  0.75791909  0.91877639 -1.60887123] -261.9469458449795
[ 2.25024901  0.07091    -0.22649166  0.97623962  0.53372728 -4.13150771] -263.0485480445491
[ 1.38901626 -1.15024749 -0.11350745  1.69697186 -0.06286302 -2.56679734] -265.653205313371
[ 1.50884671  0.5005609  -0.52606137  0.31008856  0.95349143 -3.19456203] -261.55024149905927
[ 1.51175883  0.26067331 -0.51808403  1.12781523  1.22590252 -3.39866218] -259.0595196098051
[ 1.54426455  0.46347377 -0.61424234  1.49660525  1.71835083 -3.73419099] -259.23050533407263
[ 0.46209382  0.10809014 -0.71455725  0.59233603  1.16390622 -1.75047721] -264.0796108792292
[ 1.80321021  0.08020504 -0.34850806  0.88026372  0.69127201 -3.53625008] -260.6097439988373
[ 1.95206255 -0.47636997 -0.26350984  1.19268345  0.91912246 -2.98019694] -257.3845032755856
[ 2.41758744 -0.97034437 -0.09762411  1.53803264  1.00033304 -2.94009365] -256.14432643729475
[ 2.99655903 -0.12997536  0.01392942  1.19678729  0.7842329  -4.87547002] -265.39442451101615
[ 1.18922781 -0.12151728 -0.50572749  0.86763614  0.88514052 -2.42552093] -259.33836554952126
[ 2.20087716  0.4682339  -0.67701347  0.50992247  1.38939962 -3.41948113] -259.5376017140478
[ 2.25686368 -0.61116237 -0.31870401  1.56694218  1.03770329 -3.20491745] -256.1310424900226
[ 2.63087216 -1.167024   -0.21502533  2.19536899  1.07980922 -3.21009516] -255.8480928207382
[ 2.23838749 -0.60654952 -0.45176308  1.43513545  1.42943512 -2.7545111 ] -254.763527856448
[ 2.45597613 -0.9499268  -0.5033906   1.71257131  1.79851667 -2.3636416 ] -253.71485408559988
[ 1.96096347 -0.77758007 -0.45161601  1.94302691  1.67816406 -2.44073441] -253.7003586338201
[ 1.85421036 -1.14184259 -0.48375452  2.56082936  2.12647785 -1.92188637] -253.21249409136144
[ 1.81900042 -1.83156114 -0.09752189  2.82416208  1.31599366 -2.0004855 ] -255.2553736727608
[ 3.04057397 -1.81182459 -0.13273934  3.11862373  1.96387047 -2.85276723] -252.67354381305748
[ 3.96624704 -2.65697824  0.05375474  4.24411752  2.50323545 -3.06639038] -258.49409401640537
[ 3.227648   -2.88484781  0.00806544  3.52204747  1.86909779 -1.69766099] -252.91666017727812
[ 2.59183957 -2.29199794 -0.37716464  3.77316834  2.38425551 -1.7420853 ] -251.00438298160157
[ 2.67896563 -2.95282473 -0.5169349   4.89073618  3.07621674 -1.14308112] -253.21484975360735
[ 2.36554398 -2.47030962 -0.31380985  3.6417651   2.73959476 -0.98274717] -252.25830235420153
[ 3.35959692 -2.01868864 -0.50340928  3.28550635  2.97794403 -1.85311072] -250.56581604002463
[ 4.12989517 -2.11225239 -0.70635297  3.51617849  3.80891921 -1.77942333] -253.75162374344285
[ 3.02382813 -3.25657693 -0.0975468   4.92140881  2.88856346 -1.31977765] -254.9214698135577
[ 2.59793913 -1.52658933 -0.40192965  2.51478068  2.07102837 -2.10267562] -251.4405839232278
[ 3.87350349 -3.19291005 -0.08990792  4.0578012   2.54211913 -1.82179597] -253.46053939142945
[ 2.35903364 -1.65460946 -0.38529287  2.93507232  2.23038817 -1.89686377] -251.18140403774242
[ 2.21052774 -1.03982538 -0.71284731  2.90092471  2.91992932 -2.11242228] -253.68377141808045
[ 2.97336793 -2.4235922  -0.17216275  3.36676678  2.13180567 -1.80135131] -250.97646360542987
[ 2.37519976 -2.31677114 -0.58518367  3.38706279  2.88113503 -0.60684406] -253.15156342541877
[ 2.87423041 -1.93806123 -0.24585042  3.1857335   2.19318661 -2.29128644] -250.91807046745126
[ 3.21979188 -1.48086998 -0.38146002  2.71191088  1.92327469 -2.91304388] -251.890323631071
[ 3.00622991 -1.72822989 -0.36454747  2.94437444  2.12735471 -2.4304697 ] -250.68818422111968
[ 3.12349366 -2.49180379 -0.28087949  3.98209322  2.61061653 -1.90238013] -250.80165795388643
[ 3.61721916 -2.64284844 -0.26271182  3.91080856  2.57799952 -2.11003076] -251.65749515244613
[ 2.67358002 -1.9016692  -0.3546476   3.17900638  2.317291   -1.95015552] -250.43031457794385
[ 3.41166005 -1.87535038 -0.26333437  2.87465855  2.40181067 -2.33416597] -251.2321376222681
[ 2.79679469 -2.18783605 -0.34870707  3.54854089  2.3886443  -1.89010547] -250.37303941577858
[ 2.97127394 -1.66517073 -0.52718436  3.34165148  2.73987339 -2.30448468] -249.87548935415128
[ 2.97022694 -1.28595999 -0.70469517  3.32909383  3.04390725 -2.55605137] -250.21370210749964
[ 3.1027593  -2.05973821 -0.54727467  3.57465742  2.86072138 -1.81894897] -249.34813723323182
[ 3.21702374 -2.1205767  -0.6979868   3.76911939  3.19448876 -1.58278023] -249.10108548086157
[ 2.88467274 -1.38225328 -0.65128137  2.70730642  2.63791554 -2.10132198] -251.27931231194617
[ 3.06378843 -2.21441616 -0.37347996  3.66339652  2.61744128 -1.95211559] -249.9193565803212
[ 3.02112267 -2.30788927 -0.57059089  3.98469923  3.28453954 -1.41378103] -249.74994482899064
[ 2.55493091 -2.11383073 -0.45412295  3.87663161  2.53614873 -1.84469679] -250.82829637958926
[ 3.15843042 -2.04247416 -0.4910877   3.43328767  2.8674952  -1.85100724] -249.81790460134815
[ 3.40256461 -2.27778515 -0.64836466  4.06789202  3.38020315 -1.71460256] -249.1698925942954
[ 3.48127325 -2.02160134 -0.75419105  3.87147454  3.63936948 -1.71615165] -249.8187421875157
[ 3.35344111 -1.93074962 -0.85632185  3.82597825  3.75121523 -1.57548687] -250.49125896994832
[ 3.1362016  -2.14349953 -0.49419044  3.70404195  2.90088477 -1.85795841] -249.44347651890257
[ 3.50093149 -2.63943799 -0.69161948  4.26852012  3.68245358 -1.07427569] -249.6824418719973
[ 2.99748493 -2.48895292 -0.4437556   3.87104558  2.79731886 -1.44865008] -249.732914795222
[ 3.26667926 -2.61690636 -0.69108159  4.45515176  3.54580102 -1.17967543] -249.27264866842006
[ 3.4858392  -2.45449695 -0.65174197  4.06055771  3.21584383 -1.53886644] -249.0096989933529
[ 3.71819747 -2.52780078 -0.69231751  4.09848695  3.18149598 -1.60140914] -249.2026305088442
[ 3.67226171 -2.26194797 -0.84790604  4.23738207  3.84257284 -1.53406951] -249.2031903576805
[ 3.22592522 -1.98563289 -0.65213769  3.82952818  3.01081121 -2.0617085 ] -249.04818998211266
[ 3.62056298 -2.42894915 -0.90221581  4.43583509  3.82902217 -1.34594248] -248.82823712610872
[ 3.86274367 -2.57167395 -1.1062285   4.80173165  4.29309087 -1.08993452] -249.07301089519876
[ 3.60804656 -1.89288991 -0.77570273  3.67828639  3.27851297 -2.07964781] -249.27282461144543
[ 3.35202108 -2.43590225 -0.71223687  4.26093542  3.47897901 -1.40466853] -248.98628931690203
[ 3.09571724 -2.30583306 -0.57365522  3.9039072   2.8605432  -1.68212007] -249.24865509239868
[ 3.52812559 -2.27291924 -0.77934334  4.15401335  3.59706543 -1.57108215] -248.96117272300853
[ 3.407268   -2.2883739  -0.81685617  4.10210436  3.39520032 -1.45374688] -248.53360971442967
[ 3.40961969 -2.29366828 -0.90110193  4.11921054  3.4026989  -1.32331904] -248.25371272178612
[ 3.65700752 -2.50327955 -0.83493907  4.51757404  3.65031809 -1.49908215] -248.91143147829766
[ 3.79180014 -2.81077224 -0.94172197  4.68651387  4.0471646  -0.83261176] -249.33399186244137
[ 3.36739395 -2.19191773 -0.72453376  4.0437746   3.26989956 -1.75443432] -248.76684451580272
[ 3.4924044  -2.25438178 -0.96638163  4.44988997  3.86015056 -1.42730979] -248.54868308896152
[ 3.67301696 -2.21246966 -0.99060163  4.31249711  3.72407257 -1.56905478] -248.40082818822611
[ 3.54520958 -2.35530281 -0.9939146   4.4722471   3.64832185 -1.40196537] -248.2585203211235
[ 3.37906167 -2.07561692 -0.99131072  4.09357743  3.59440377 -1.44159311] -248.38051149175
[ 3.33500577 -2.03216991 -0.95373228  4.06123049  3.33749356 -1.62661632] -247.97748108524624
[ 3.19222717 -1.8337803  -0.97949051  3.8739282   3.09172926 -1.76695324] -247.76239533672845
[ 3.52978587 -2.14982218 -1.21639992  4.39667551  3.83722607 -1.22229746] -247.76245045121973
[ 3.41723591 -2.05250493 -1.05789148  3.97282199  3.23933358 -1.48108455] -247.58630558825982
[ 3.37965167 -1.95156651 -1.10364641  3.734288    2.9289251  -1.50797193] -247.31462454001573
[ 3.13883492 -2.00744934 -1.07135306  3.91747848  3.11036242 -1.3189786 ] -247.46654803287404
[ 3.35271463 -2.12157955 -1.09732476  4.07769851  3.07868409 -1.40556877] -247.35974482612576
[ 3.12240174 -1.76398591 -1.12919092  3.56751265  2.83488676 -1.44639765] -247.17012600641
[ 2.91099783 -1.46832746 -1.19682908  3.11514542  2.42816922 -1.46861379] -247.16497948576344
[ 3.09178433 -1.55050684 -1.32057932  3.58586084  2.75566649 -1.57347556] -246.570332738092
[ 2.93286665 -1.17892612 -1.53031801  3.31918599  2.43215028 -1.69855381] -246.23457188633148
[ 2.77264508 -1.37072091 -1.1099207   2.94923269  1.85278071 -1.83324925] -248.00990314776053
[ 3.34050067 -1.95504687 -1.18978011  4.03481481  3.34111473 -1.37503541] -247.21978176770708
[ 3.15962829 -1.72718498 -1.41692663  3.52560887  2.68140602 -1.1579542 ] -246.2921256757734
[ 3.21995166 -1.46009449 -1.44025527  3.35143539  2.5197874  -1.55225403] -246.31880472067158
[ 2.96181763 -1.12546925 -1.52859375  2.94912765  2.36516683 -1.51455895] -246.51823392991255
[ 2.79560258 -1.02011655 -1.66392121  3.03081804  2.3270064  -1.41435147] -246.03944228450854
[ 2.50357803 -0.55439157 -1.94405862  2.67908307  2.02604705 -1.36754123] -246.16776805938974
[ 2.65312087 -0.70499275 -1.73583454  2.39562565  1.57678065 -1.56039334] -247.00592456079067
[ 2.99666473 -0.93726726 -1.90845406  3.07545511  2.20592997 -1.49740815] -245.53512644953653
[ 3.03949819 -0.67173716 -2.26426654  3.05560995  2.09481035 -1.51180532] -245.3086091330415
[ 3.38333413 -1.68951676 -1.5455926   4.01496965  3.22999511 -1.38943259] -246.18075653344525
[ 3.21514287 -1.4570561  -1.75849967  3.81674832  2.72988503 -1.39355819] -245.70616793760686
[ 2.95540591 -1.12141806 -1.95291962  3.56954488  2.645297   -1.30296449] -245.16618584487122
[ 2.82313304 -0.95207985 -2.20925179  3.67859963  2.7080518  -1.17831972] -244.92890489954692
[ 2.90356419 -0.5959592  -2.24035665  3.44636832  2.49256029 -1.70405284] -245.32458364760905
[ 3.12055835 -0.94989575 -2.36364481  3.69518531  2.76195271 -1.16528623] -244.54358208337186
[ 3.21440419 -0.83538057 -2.78030821  3.88318497  2.92685392 -0.89865244] -244.25048551751811
[ 2.61378089 -0.15459304 -2.7599421   2.95547343  1.86306082 -1.31081407] -245.34065155602846
[ 3.14090522 -0.53548542 -3.00695378  3.91451016  2.611401   -1.25138273] -245.65701556910068
[ 2.69661903  0.20864435 -3.32852668  3.16116717  2.1690277  -1.22478419] -245.06269848527575
[ 2.6227613  -0.46488307 -2.18726355  2.812291    2.14005396 -1.35809347] -245.5254943897315
[ 2.75229728 -0.48253366 -2.39218611  3.08784579  2.25789072 -1.33141578] -244.89768081393262
[ 3.19605775 -0.95508898 -2.3116899   3.81545185  3.02000411 -1.30552936] -244.74200324983536
[ 3.0037723  -0.63343276 -2.8550531   3.4475848   2.56631924 -0.77944943] -244.09820596521035
[ 3.05387635 -0.65216954 -3.16240132  3.44819304  2.60319871 -0.31714773] -244.12825630220192
[ 2.85592968 -0.54488666 -3.02807205  3.96900145  3.12123881 -0.72757832] -244.40256041130556
[ 3.25191238 -1.67644518 -1.86366037  4.13272233  3.36442516 -0.84886417] -245.57771511873221
[ 2.83544237 -0.26262803 -2.9623101   3.40405596  2.46787707 -1.13080418] -244.42038835390858
[ 3.12950148 -0.28590371 -3.23395469  3.52377531  2.74534283 -0.87949011] -244.11465824281888
[ 3.32607198 -0.68990658 -3.33160991  4.25983899  3.35798794 -0.57575217] -244.55554208897436
[ 2.92564958 -0.12895712 -3.75207946  3.68036198  2.70853583 -0.35837952] -244.33878050241202
[ 2.66216122 -0.20715637 -2.87231596  3.04281583  2.15406796 -1.01569917] -244.58605314387052
[ 3.16009429 -0.56921903 -3.21678642  3.9555832   3.05700794 -0.68573892] -244.1733522871817
[ 3.26100814 -0.73663192 -3.32644121  4.08244128  3.24055579 -0.31229207] -244.2060282272725
[ 3.37554699 -0.51828837 -3.36013564  3.55530906  2.62696637 -0.57708918] -244.41106465623162
[ 2.985834   -0.53823709 -3.11108795  3.86557836  2.9976707  -0.68995603] -244.1209853067675
[ 3.32588855 -1.07064457 -2.4224644   3.90568732  3.13604765 -1.05681348] -244.57427729959028
[ 3.02570933 -0.36437898 -3.41967569  3.73669332  2.81541378 -0.53298801] -244.08354793501115
[ 2.97423565 -0.20722059 -3.60735814  3.65403378  2.88058284 -0.39465242] -244.210253145116
[ 3.03427779 -0.36426058 -3.40059566  3.71132158  2.89215061 -0.52065242] -244.06736002494426
[ 2.85205492 -0.18184546 -3.0859433   3.33107091  2.45074591 -1.05046624] -244.3358255943845
[ 3.15876983 -0.5979353  -3.26631673  3.89459869  3.04310332 -0.49683561] -244.0594365285968
[ 2.95252729 -0.35883045 -3.21210818  3.43760081  2.62965888 -0.61405163] -244.0296908468613
[ 2.84874379 -0.25363616 -3.20976906  3.17860962  2.41598435 -0.57820798] -244.21358246286357
[ 3.11568534 -0.33001017 -3.35148007  3.38494648  2.56632552 -0.58453304] -244.12309565012262
[ 3.01829684 -0.48618036 -3.17118598  3.74542039  2.88983441 -0.66360028] -244.0321841655047
[ 2.93494964 -0.64910244 -3.20769042  3.80063122  2.86681725 -0.32303568] -244.07786994002393
[ 3.03773794 -0.30679662 -3.70413779  3.99450387  3.14600685 -0.27093845] -244.35991444534625
[ 3.01226371 -0.55177372 -3.06732427  3.58431457  2.71124114 -0.65232169] -244.00182232940793
[ 3.01131904 -0.6383153  -3.02206472  3.65460244  2.86218809 -0.55717776] -244.052656513884
[ 3.12753519 -0.34999613 -3.17217476  3.54198827  2.80924156 -0.84517745] -244.08093365492974
[ 2.98309603 -0.57432586 -3.1988115   3.73597048  2.85242333 -0.45357112] -244.02010886050846
[ 3.01114646 -0.70485975 -2.91200814  3.63951421  2.77066578 -0.62520027] -244.02053025809067
[ 2.83744662 -0.50682651 -2.9281842   3.37120895  2.52890055 -0.69180531] -244.15589289372116
[ 3.07843903 -0.57515811 -3.1817836   3.76375125  2.91455263 -0.54557804] -243.99934067696836
[ 3.00727074 -0.44539411 -3.22567584  3.64758814  2.72727063 -0.62759658] -244.00887274293632
[ 2.99661758 -0.58393364 -3.09471786  3.52415944  2.64543639 -0.50917282] -243.99195877138004
[ 2.98577796 -0.63281028 -3.05648381  3.41352896  2.52323738 -0.43195909] -244.04915049456088
[ 3.0770839  -0.78631795 -3.01466555  3.86083188  2.91087109 -0.52376188] -244.04860184586573
[ 2.98366644 -0.46570232 -3.16274753  3.54340858  2.69996193 -0.59147919] -243.99581353760732
[ 3.00930472 -0.36056951 -3.3983454   3.62688328  2.74629624 -0.50137288] -244.04318272700476
[ 3.01068602 -0.61878719 -3.03359245  3.63635648  2.76457339 -0.59424342] -243.98981946090856
[ 3.04655181 -0.50592383 -3.05646901  3.49722233  2.63525538 -0.71989279] -244.00385202627305
[ 3.03547079 -0.65503216 -2.9732024   3.53548275  2.72973632 -0.57663273] -244.04326429649868
[ 3.01432075 -0.49780362 -3.16255748  3.61956179  2.72788705 -0.61485562] -243.9844297734374
[ 2.98544603 -0.5917957  -3.17777205  3.72662837  2.8526288  -0.44932414] -244.0200782532704
[ 3.03127537 -0.5273918  -3.08679477  3.55457384  2.68959873 -0.65225063] -243.98476158730494
[ 3.02607136 -0.5378185  -3.17340696  3.62962256  2.76942891 -0.51687155] -243.96457129307012
[ 3.03297518 -0.5308409  -3.2264483   3.65227655  2.79852279 -0.44914649] -243.9597069728792
[ 2.94474142 -0.49966172 -3.07383587  3.41302764  2.5274408  -0.59147136] -244.00981054653326
[ 3.04501463 -0.55628401 -3.15479666  3.67607035  2.81777467 -0.55705137] -243.9779249976629
[ 3.05996341 -0.6393114  -3.09022165  3.6775909   2.78130241 -0.53409426] -243.96423814361012
[ 3.06812754 -0.53953933 -3.15675258  3.74798387  2.88111663 -0.62470777] -243.98761482645313
[ 3.07320627 -0.47826983 -3.25893136  3.67299596  2.80082737 -0.54979195] -243.97206721046948
[ 3.01745766 -0.53709452 -3.16983083  3.5363726   2.65752105 -0.49435567] -243.97815279035947
[ 3.04970393 -0.55247629 -3.26746733  3.72371554  2.83834638 -0.41418116] -243.97459828007933
[ 3.07845294 -0.60028869 -3.22667457  3.69344551  2.83687784 -0.38468468] -243.9694097011787
[ 3.09564779 -0.58206252 -3.23834913  3.82899234  2.96702944 -0.46862763] -243.98952082564887
[ 3.0370052  -0.54833652 -3.18696041  3.60952753  2.73489815 -0.48792366] -243.96410287233147
[ 3.06542101 -0.56022387 -3.26410454  3.66711365  2.77915031 -0.38288937] -243.9531704814881
[ 3.07562421 -0.5621938  -3.31875848  3.6626353   2.75983812 -0.29580837] -243.96081233503864
[ 3.06597074 -0.56661411 -3.15031295  3.60060116  2.73884657 -0.51532898] -243.95172764324894
[ 3.07410414 -0.57368302 -3.09173576  3.53904397  2.68909666 -0.56590288] -243.96198071844682
[ 3.04005656 -0.67026866 -3.12264278  3.62718914  2.75570532 -0.36823052] -243.97780515322472
[ 3.06491884 -0.52626954 -3.22485922  3.66154425  2.78954686 -0.5044016 ] -243.957780232237
[ 3.03029852 -0.52357675 -3.15429445  3.59610584  2.70387786 -0.57324344] -243.95931484454817
[ 3.03889976 -0.44597583 -3.31210497  3.58479876  2.7336451  -0.43688358] -243.96676851106895
[ 3.05469749 -0.5909775  -3.14569248  3.65439287  2.76938808 -0.50979159] -243.95503536728185
[ 3.0677554  -0.55116437 -3.20161024  3.66781724  2.79154601 -0.49034349] -243.93963237004414
[ 3.0831305  -0.55257829 -3.20893516  3.6969621   2.81986994 -0.49155341] -243.93182938053323
[ 3.08850385 -0.57590579 -3.15628463  3.6399634   2.73503708 -0.5432563 ] -243.95051194857675
[ 3.11058229 -0.60061295 -3.22910188  3.7107533   2.84006842 -0.40916364] -243.9513097502409
[ 3.09118312 -0.6227013  -3.15995133  3.6617179   2.77123994 -0.4462595 ] -243.9334586407892
[ 3.11356635 -0.56856793 -3.24387102  3.67131097  2.792016   -0.41969214] -243.933586604147
[ 3.11889127 -0.60210292 -3.11871445  3.6599893   2.78654235 -0.55886196] -243.93619695249805
[ 3.13598173 -0.60754229 -3.2219732   3.74629783  2.84274468 -0.44093334] -243.93522459280112
[ 3.09983665 -0.57585323 -3.14080806  3.64799387  2.74241491 -0.55768858] -243.92723062452595
[ 3.09446382 -0.56347336 -3.09666115  3.61661415  2.69358815 -0.63195104] -243.93776818938005
[ 3.12569269 -0.60054286 -3.20846644  3.72146059  2.84990552 -0.42840667] -243.91435400019654
[ 3.1442871  -0.6128614  -3.23455734  3.76220918  2.90733975 -0.37098185] -243.91026703644326
[ 3.10377055 -0.57793189 -3.28465092  3.73550798  2.83866606 -0.35017432] -243.92712878365919
[ 3.07594303 -0.56262239 -3.20228474  3.64560284  2.78110419 -0.43784992] -243.9159170385915
[ 3.0858173  -0.5996149  -3.16652483  3.71202032  2.82819559 -0.46514372] -243.90563699603032
[ 3.07194278 -0.61513839 -3.12785174  3.73237499  2.84628538 -0.48786951] -243.89999108313057
[ 3.10178708 -0.54296056 -3.23974466  3.74516575  2.8739868  -0.45244636] -243.89552295930227
[ 3.10708906 -0.50309019 -3.27964132  3.78688967  2.92536022 -0.45553979] -243.88957273171803
[ 3.11782589 -0.59658754 -3.21432955  3.73989741  2.86052023 -0.39514791] -243.87373777788525
[ 3.13517358 -0.61859216 -3.21702674  3.76136507  2.88084538 -0.34694517] -243.84998827653655
[ 3.11289872 -0.58755891 -3.30786288  3.82665604  2.98411875 -0.25876494] -243.911594942553
[ 3.11200754 -0.58868926 -3.17175733  3.76952461  2.93635183 -0.43580941] -243.8544234455888
[ 3.15185656 -0.61268771 -3.24394771  3.90073702  3.04566292 -0.34745364] -243.86922017877245
[ 3.12788682 -0.59612746 -3.11706452  3.74437747  2.86316308 -0.55610151] -243.87310692646747
[ 3.09103168 -0.56524699 -3.15120578  3.80288043  2.92521653 -0.50559116] -243.834244713883
[ 3.06440396 -0.54143978 -3.10953     3.82321605  2.93415492 -0.57289581] -243.82728044255427
[ 3.16086306 -0.5384038  -3.25180413  3.86299497  3.01556073 -0.4170456 ] -243.8104982286349
[ 3.2053232  -0.50003651 -3.31378032  3.92830496  3.10019841 -0.38163365] -243.7974188003081
[ 3.1584615  -0.64943409 -3.11139422  3.85561873  2.99476529 -0.42473994] -243.77263997678617
[ 3.18414772 -0.72260605 -3.02727067  3.88998326  3.02946782 -0.40934001] -243.7342829116812
[ 3.15641737 -0.59855636 -3.24403974  3.94666619  3.11239735 -0.27525772] -243.77731057340483
[ 3.1339679  -0.57728566 -3.11718722  3.80561636  2.95214232 -0.45984029] -243.7102389159432
[ 3.12502356 -0.55958463 -3.05380697  3.75805604  2.90538202 -0.51603361] -243.64833604318852
[ 3.17815559 -0.59158257 -3.15006081  3.93300591  3.05113013 -0.39822591] -243.6658090535413
[ 3.16931689 -0.55267648 -3.08246943  3.99837907  3.16339816 -0.50418373] -243.6534851616914
[ 3.27505748 -0.63357442 -3.18094599  3.99491575  3.18650304 -0.25532907] -243.62500495529892
[ 3.38038424 -0.67964173 -3.21665398  4.0807656   3.3126771  -0.0965457 ] -243.623924049629
[ 3.19249192 -0.7348461  -2.94432022  3.94064706  3.09128579 -0.35156191] -243.5514684006432
[ 3.18607628 -0.8522509  -2.75959016  3.9468181   3.08682948 -0.33652604] -243.50568786347955
[ 3.25128406 -0.72089109 -2.8525776   3.92233647  3.07056422 -0.47836062] -243.4655929522473
[ 3.29871741 -0.78205845 -2.65684654  3.91017161  3.04964766 -0.57991207] -243.39771269162566
[ 3.2617436  -0.61665887 -2.94587197  3.98574886  3.16022037 -0.40113568] -243.3208167909568
[ 3.30054154 -0.56368529 -2.90517262  4.03363165  3.22559664 -0.39703351] -243.13454750134872
[ 3.30853105 -0.73838326 -2.74145242  3.97626811  3.19671356 -0.41185231] -243.25505340004543
[ 3.36377447 -0.83919161 -2.69537147  3.90352464  3.09555065 -0.27511735] -243.2117642966979
[ 3.48765144 -0.92548578 -2.60455542  4.19233721  3.41695635 -0.18296205] -243.1178958802425
[ 3.66896538 -1.10843636 -2.37992964  4.40947779  3.67274351 -0.01642626] -243.09978297252417
[ 3.32848447 -0.94836022 -2.1628003   3.97919837  3.1296834  -0.57574347] -243.16306388896805
[ 3.57026183 -0.8077875  -2.42093416  4.12393929  3.36981566 -0.41550229] -242.84821996988347
[ 3.7623546  -0.7855558  -2.25160616  4.21249988  3.51130876 -0.45499042] -242.71186279320034
[ 3.61216643 -0.87914573 -2.38859767  4.26136187  3.56088452 -0.13047571] -242.67478761217978
[ 3.76889093 -0.92768937 -2.25447323  4.436957    3.81650294  0.09424247] -242.49518610615928
[ 3.75580608 -0.98592296 -2.14166539  4.34882833  3.62041508 -0.1298372 ] -242.60724424255048
[ 3.83123986 -0.93402505 -2.00317765  4.57000637  3.89653279 -0.21814545] -242.65416098402648
[ 4.03411499 -0.82007805 -2.48254126  4.69126864  4.11801651  0.20168002] -242.7826002712834
[ 4.3065824  -1.29021724 -1.59929183  4.85604768  4.31957655  0.22254123] -243.10458313896294
[ 4.05507219 -1.10858425 -1.92576203  4.65044368  4.04608158  0.06764754] -242.73885078002667
[ 4.06686084 -0.74551547 -1.9731456   4.56052351  3.99687571 -0.13004141] -242.2392304191135
[ 4.26580857 -0.56405502 -1.76975357  4.63604637  4.1589418  -0.18684899] -242.13062520592177
[ 3.77894242 -0.94853277 -1.63293808  4.26032524  3.56524447 -0.47765737] -242.52784689842167
[ 3.66594196 -0.60667607 -2.09210933  4.17111072  3.47690037 -0.52539319] -242.26327678622275
[ 3.92652201 -0.87007795 -1.71309959  4.59525813  4.00020373 -0.02622283] -242.07696396359293
[ 4.00860572 -0.91233902 -1.4438463   4.78663726  4.24465121  0.18816097] -241.99357612366322
[ 3.9167587  -0.71438001 -1.77508432  4.30996194  3.73101917 -0.12763232] -241.74337354334392
[ 3.95951812 -0.6045575  -1.66103766  4.17993972  3.64826237 -0.08237575] -241.400143306828
[ 4.0600965  -0.53536029 -1.47638734  4.47484377  4.01641931 -0.20012009] -241.4979090342338
[ 4.13067818 -0.43502632 -1.93293106  4.63485304  4.22198153  0.24021251] -241.34562259964483
[ 4.30654606 -0.1782731  -2.08292756  4.82211695  4.55035006  0.59914744] -241.2325550896472
[ 4.31994804 -0.2060643  -1.25421402  4.58660792  4.21533877 -0.16338568] -241.26620878997036
[ 4.64089904 -0.39354034 -1.13727948  4.99095327  4.80108747  0.57691916] -241.41717859397002
[ 4.16606259 -0.37932316 -1.24881055  4.64431992  4.33309459  0.49296434] -240.67538123184968
[ 4.11618959 -0.28695722 -0.98833903  4.6484567   4.42017099  0.83287101] -240.5134600739664
[ 4.45912673  0.17742144 -1.42288206  4.44766886  4.30589178  0.33285773] -240.2147742854842
[ 4.68438724  0.72230167 -1.41239994  4.27818466  4.33651206  0.40520611] -239.95675184123482
[ 4.61573287  0.21966336 -1.36901189  4.6939093   4.64082126  0.92291419] -240.09884893617013
[ 4.0265416   0.28224464 -1.78536389  4.07878514  3.80273103  0.26120661] -239.95793219913855
[ 4.73026368  0.78886251 -1.30304779  4.85608051  5.00704569  1.03502898] -240.1466591621804
[ 4.50660564  0.72201158 -1.72614934  4.5392365   4.70387159  1.51551046] -239.8147968986339
[ 4.59993444  1.18604952 -1.96211701  4.51555078  4.94813801  2.35495852] -240.8260196311107
[ 4.58669415  0.99431528 -0.77850974  4.20943399  4.42003414  1.05843168] -239.2895642938667
[ 4.72676819  1.58060947 -0.12630083  3.90309251  4.35487618  1.2880738 ] -239.94997610069998
[ 4.93388546  1.53009024 -1.80315516  4.23675333  4.5501676   0.899895  ] -240.2446309113364
[ 4.7294615   1.07582837 -1.59945113  4.33967917  4.51766845  0.883139  ] -239.68541317709727
[ 4.31954398  0.54992579 -1.58724752  3.85699575  3.80016716  0.64710704] -239.7286847037389
[ 4.33534517  1.22921242 -1.59402863  3.74019576  3.88617355  0.66728611] -239.44746421465797
[ 5.02747095  1.48228706 -1.11389822  4.2424568   4.75207796  1.46435352] -239.7763655020091
[ 4.48398656  1.2955585  -1.38736159  4.031148    4.35681889  1.67340316] -239.7105960988822
[ 4.65422846  1.48703089 -0.96068293  3.60073333  3.87377512  0.61572971] -239.6044123135141
[ 4.00894898  0.72833669 -1.5218623   3.6836052   3.53280115  0.38401204] -239.54008111204348
[ 4.61334429  1.72016826 -1.02671791  4.0112694   4.39558995  1.1135602 ] -239.303706277952
[ 4.49202096  1.11607213 -1.10638929  3.83049095  3.8518619  -0.09935024] -239.87755421752283
[ 4.48599516  1.25068691 -1.31711851  3.98098374  4.23057964  1.23021481] -239.330293251149
[ 4.16539057  1.39408844 -0.80018888  3.40239463  3.59531607  0.80660585] -239.88253201803062
[ 4.58844377  1.15539339 -1.39963557  4.10535804  4.28708035  0.86400571] -239.30706604031224
[ 4.21869538  0.87234009 -1.58527462  4.30954872  4.37697781  1.15677381] -239.40839561625134
[ 4.93389032  1.67903543 -1.0452327   4.43532468  4.999344    1.64607873] -239.72349026239357
[ 4.24018432  0.96601137 -1.4027049   3.87153507  3.89943686  0.69952872] -239.26255165553658
[ 4.57577385  1.09042602 -0.90929179  4.42251389  4.6503927   1.37355219] -239.302204473762
[ 4.8114498   1.51999365 -0.69271818  3.89081599  4.25072674  0.95632396] -239.47545990300296
[ 4.36688398  1.03425348 -1.36213551  4.20486554  4.34541504  1.10666135] -239.21848365947483
[ 4.50444629  1.06950236 -0.97587996  4.29400824  4.43540337  0.84169848] -239.2370102635363
[ 4.37399853  1.13616553 -0.75211104  4.23251734  4.42834366  1.20047182] -239.3499843545024
[ 4.53483246  1.15058642 -1.23775443  4.13714786  4.32239618  0.94812224] -239.19170114688148
[ 4.32292739  0.38153005 -1.1953742   4.36856546  4.29543615  0.89577135] -239.49865476264262
[ 4.54074007  1.38550871 -1.06888199  4.10059342  4.3705515   1.05911299] -239.17834898911306
[ 4.3488199   1.10963319 -1.36599706  3.85001415  3.947353    0.53096629] -239.30943911348
[ 4.51903536  1.09522781 -1.0234681   4.27938895  4.47463277  1.16290572] -239.1947582051638
[ 4.31534668  1.23938144 -1.57843189  4.08641237  4.1959111   0.88091148] -239.18209263902224
[ 4.68691063  1.3588087  -1.0128124   4.49593706  4.81533313  1.30027537] -239.40999850423563
[ 4.3518659   1.0642107  -1.30523177  4.02763557  4.12841093  0.84971538] -239.15975646223544
[ 4.37178852  1.25355383 -1.54942127  3.984673    4.1770358   1.16077791] -239.3066180184613
[ 4.47128185  1.11551523 -1.11926529  4.21667443  4.37081148  0.92146833] -239.16123181229545
[ 4.54415012  1.31588996 -1.08220898  4.077752    4.27548961  0.83408403] -239.15854706433126
[ 4.63278319  1.45670819 -0.94224571  4.01419523  4.2405269   0.69779538] -239.27114265785534
[ 4.40037033  1.32846968 -1.44045668  3.93601626  4.07989083  0.66823243] -239.2088344931618
[ 4.48936911  1.15353828 -1.12771525  4.19354578  4.37594729  1.0392374 ] -239.14991889661923
[ 4.36941878  1.27409501 -1.18949062  4.09705666  4.24997778  0.91338763] -239.10715920873005
[ 4.28671195  1.3358493  -1.16535871  4.07701106  4.21376859  0.89602032] -239.12834812757947
[ 4.6069286   1.19687119 -0.71916607  4.15134025  4.3944851   0.99142377] -239.25991792802324
[ 4.38824216  1.22875388 -1.36361544  4.10264434  4.2455546   0.90853955] -239.12911678154825
[ 4.33070257  0.99849231 -1.32696046  4.13784284  4.17817906  0.76303112] -239.14966036989657
[ 4.35330103  1.22947815 -1.34580889  3.99548463  4.11370828  0.84786337] -239.1126603185068
[ 4.47319536  1.33587182 -1.17336811  4.17380652  4.35120795  0.91899899] -239.1244336107427
[ 4.25725955  1.09085319 -1.42677727  4.15570826  4.22936871  0.96293532] -239.16117604206792
[ 4.47242748  1.25963077 -1.16835105  4.09724106  4.26395939  0.86629686] -239.11918145831544
[ 4.30639336  1.28856904 -1.39481627  4.0078129   4.09158173  0.70013511] -239.1233327858159
[ 4.45695682  1.54030724 -1.21818966  4.02017253  4.26048418  0.95537605] -239.13879349475928
[ 4.42539326  1.40485351 -1.24538236  4.04959011  4.2399079   0.90728982] -239.11064075986576
[ 4.41180093  1.36874556 -1.14212366  4.03768629  4.19122641  0.80945104] -239.09651641951976
[ 4.42358031  1.4387414  -1.03137778  4.00520726  4.16406232  0.75990678] -239.11929184323986
[ 4.30638292  1.27258552 -1.32195618  3.9211507   4.03224588  0.76247562] -239.12884704873653
[ 4.43149225  1.32005025 -1.21051512  4.11064256  4.27146743  0.87986815] -239.10433168690358
[ 4.51488455  1.33038205 -1.0390743   4.12142087  4.351834    1.04125051] -239.14238936943468
[ 4.35851616  1.29902229 -1.30588078  4.03621489  4.1566448   0.78541396] -239.1012088805389
[ 4.31087999  1.37245082 -1.31138276  4.01165065  4.14368482  0.8481278 ] -239.0993699664358
[ 4.41586609  1.45026099 -1.12244955  4.11879575  4.3039281   0.86664943] -239.1344609733056
[ 4.36894229  1.28467386 -1.28996905  4.02631241  4.16126323  0.85255988] -239.09733810340327
[ 4.32495688  1.23482575 -1.2377383   4.05693105  4.15151359  0.78897967] -239.0942658650466
[ 4.27473869  1.14981187 -1.23391628  4.06060152  4.10731644  0.72982459] -239.10436262167514
[ 4.36611071  1.3524945  -1.30971261  3.99608929  4.10862231  0.74141254] -239.09532236385488
[ 4.2822434   1.31735401 -1.32175393  3.94431897  4.03285096  0.72878015] -239.0995773175128
[ 4.32979525  1.34449255 -1.23167933  3.98811466  4.10640898  0.8043564 ] -239.08282656735855
[ 4.31543479  1.36722768 -1.1945786   3.96406454  4.08129106  0.81382762] -239.07990270308477
[ 4.4171318   1.34278538 -1.1734144   4.08659245  4.24634952  0.88933937] -239.0905678468058
[ 4.42391248  1.27780008 -1.13779612  4.04424136  4.16973723  0.7837289 ] -239.0912124698998
[ 4.38417357  1.36328579 -1.10848551  4.03555591  4.15498347  0.75635316] -239.09104127965594
[ 4.33210581  1.27739417 -1.24511818  4.02347191  4.11293932  0.78176271] -239.07453406315688
[ 4.29225826  1.23171847 -1.29661544  4.01636472  4.07379577  0.76791855] -239.06899480114302
[ 4.35317854  1.25338655 -1.07316352  4.07182738  4.18393457  0.85863655] -239.08307094513964
[ 4.4037396   1.37724223 -1.09027956  4.01595107  4.15185028  0.83428838] -239.07029432239236
[ 4.29805971  1.36741528 -1.17438289  4.01921067  4.12766433  0.8563923 ] -239.0760964481554
[ 4.309094    1.28330608 -1.22565929  4.0224477   4.13331171  0.91711443] -239.0744051717047
[ 4.24012317  1.28398005 -1.17814537  3.95002958  4.00426639  0.79338658] -239.06885018064983
[ 4.15161886  1.25457739 -1.18051085  3.88174815  3.88322483  0.74541018] -239.0937377118548
[ 4.2663913   1.38357671 -1.3133902   3.92419538  4.00679194  0.8023394 ] -239.06879180570763
[ 4.22299768  1.44867179 -1.43350354  3.85037938  3.91822063  0.77419083] -239.09452617505022
[ 4.28778722  1.27518527 -1.23157898  4.0186685   4.08460241  0.84331893] -239.04610673786738
[ 4.27396343  1.22916406 -1.25007917  4.04597048  4.08625809  0.85806459] -239.03642198727306
[ 4.29713021  1.22891392 -1.27700678  3.97244231  4.02442706  0.80131167] -239.04807266282305
[ 4.28210799  1.29489241 -1.24284621  3.95253682  3.98248481  0.70198863] -239.0477523730966
[ 4.14691852  1.17350631 -1.4290815   3.93789536  3.90749107  0.74071476] -239.0877795157684
[ 4.33953433  1.32630825 -1.17498004  3.99643715  4.09076048  0.81089497] -239.0542543985708
[ 4.27415856  1.35056    -1.18220048  3.93083919  3.99120048  0.82141006] -239.03193629648624
[ 4.2651087   1.40998076 -1.12499301  3.88807642  3.94990284  0.84815582] -239.0396605258779
[ 4.33763877  1.32049173 -1.30202226  3.99077752  4.05637456  0.8052832 ] -239.0372742058037
[ 4.3351198   1.19986674 -1.16298812  4.03880578  4.07037655  0.79731164] -239.02670434582532
[ 4.36948405  1.10801176 -1.08778708  4.09611097  4.10216885  0.79479776] -239.0431757124294
[ 4.26050525  1.21498804 -1.29740097  3.98068689  3.97961337  0.78422829] -239.01674922397288
[ 4.22099072  1.15932793 -1.35861144  3.97281176  3.92403982  0.77089495] -239.01839835700662
[ 4.29070106  1.3077404  -1.20217229  4.00742991  4.03100889  0.78811713] -239.01883004992638
[ 4.30858763  1.24604458 -1.22277489  4.0456331   4.08912584  0.91614968] -239.00814385358476
[ 4.32182744  1.22162067 -1.21273922  4.09218124  4.14244636  1.0232302 ] -239.00804323470547
[ 4.24778641  1.18748824 -1.13383782  4.04119364  4.04392669  0.88550411] -239.0257861541276
[ 4.30273608  1.26492397 -1.1470338   3.9844084   3.9999327   0.84186922] -238.99194521033797
[ 4.3171224   1.28280392 -1.09551112  3.95362736  3.95677     0.83377154] -238.9803080566386
[ 4.31686223  1.12094268 -1.18601603  4.10713575  4.08351347  0.88264424] -239.00203423551375
[ 4.24981513  1.24532791 -1.21290436  4.02194582  4.00871638  0.93518686] -238.98001140022367
[ 4.2071628   1.26805849 -1.23786249  4.01351584  3.97788629  1.00412447] -238.97779782027666
[ 4.32360732  1.28456316 -1.27672955  4.01033203  4.01315278  0.88653451] -238.97202232508099
[ 4.36151777  1.33310062 -1.34817542  3.99490122  3.99776582  0.88704972] -238.9757751047107
[ 4.29166143  1.15658525 -1.2332475   4.04506313  4.02011853  1.01672729] -238.95545265257107
[ 4.29214161  1.08100767 -1.2487851   4.06387974  4.01467335  1.13103237] -238.95624690267155
[ 4.33224262  1.22987002 -1.11663433  4.0932649   4.08501577  1.09811579] -238.9542717752796
[ 4.3681113   1.23731101 -1.02625101  4.1495539   4.13771697  1.25505955] -238.97017669120194
[ 4.27439215  1.22598716 -1.16926112  3.98213176  3.90303925  0.88407575] -238.93360065767374
[ 4.25067451  1.22817041 -1.14752206  3.92710701  3.78333569  0.81449852] -238.9423209736
[ 4.26520067  1.36167999 -1.19039933  3.92550925  3.90181407  1.02513888] -238.93236655071868
[ 4.23936989  1.48204865 -1.19259099  3.834696    3.81096437  1.0963862 ] -238.95277803804356
[ 4.24763327  1.22611076 -1.31253366  4.06964494  4.0102389   1.13780069] -238.9456901163526
[ 4.37108302  1.22687363 -1.19507268  4.02846616  3.99990681  1.0120065 ] -238.92499021817144
[ 4.45304313  1.2062812  -1.17367777  4.03594131  4.01091707  1.01594752] -238.94902672836741
[ 4.27046373  1.19113911 -1.12898665  4.03769468  3.960225    1.17142045] -238.9196029198383
[ 4.24389194  1.14442709 -1.05511521  4.05137601  3.93376111  1.31386342] -238.9571180805873
[ 4.29534373  1.33063498 -1.13771509  4.00050744  3.93329473  1.09279207] -238.90880445342134
[ 4.29718488  1.41765984 -1.08994889  3.97822959  3.88988284  1.13082446] -238.91872133917641
[ 4.24246291  1.29093853 -1.26135518  3.92138651  3.81782381  1.00962898] -238.89620902421683
[ 4.19757305  1.32147278 -1.3337156   3.83544732  3.68422784  0.96538558] -238.90120424587823
[ 4.3253488   1.31630703 -1.04839636  3.89558699  3.82846233  0.92722018] -238.92476463396937
[ 4.31557547  1.34653726 -1.15138065  3.95425192  3.910803    1.19532661] -238.90164334132086
[ 4.34155855  1.20579686 -1.1172362   4.02045531  3.91502449  1.11099272] -238.88865401463525
[ 4.37973748  1.12785529 -1.08065464  4.06792835  3.9216297   1.15391964] -238.90734916004428
[ 4.22583471  1.33357763 -1.08661737  3.91482813  3.78863765  1.15712051] -238.9145139194494
[ 4.23839756  1.24990108 -1.24603402  4.05412101  3.94680723  1.31854026] -238.93089020772288
[ 4.30361099  1.29970555 -1.09780578  3.93522049  3.85804856  1.0250502 ] -238.89895870549606
[ 4.30433172  1.41125782 -1.1550501   3.87785525  3.78098575  1.02554991] -238.8951076096813
[ 4.37512641  1.2947127  -1.2202303   3.98839752  3.95002247  0.995993  ] -238.91610983805572
[ 4.26315763  1.3238614  -1.1200206   3.93322047  3.82898385  1.11683863] -238.89615224912816
[ 4.29488869  1.29539749 -1.16323441  3.88028922  3.77059509  1.06833695] -238.87715512412097
[ 4.29466118  1.27777875 -1.17599407  3.82018011  3.68924526  1.0561094 ] -238.88070383173593
[ 4.26776136  1.26244862 -1.15352011  3.9018905   3.74635085  0.92347252] -238.8978613608635
[ 4.26777596  1.29686136 -1.22566642  3.90981193  3.76187273  1.0598897 ] -238.87151471667607
[ 4.24985844  1.29543926 -1.28959675  3.89710765  3.71378481  1.07730945] -238.87433040775477
[ 4.30363046  1.34558919 -1.19400087  3.9457824   3.87874439  1.20693978] -238.8899837042289
[ 4.3493181   1.33531618 -1.06371436  3.93441835  3.82757829  1.18655358] -238.8860886649323
[ 4.35734352  1.30621157 -1.18628019  3.92298368  3.81594972  1.10258226] -238.87580154706936
[ 4.33384004  1.18379973 -1.16166072  3.99339171  3.87560249  1.21954842] -238.8769470858767
[ 4.34461116  1.19553853 -1.1119299   3.94133434  3.77679654  1.04236143] -238.88553631733294
[ 4.30770061  1.33191143 -1.1869258   3.84028776  3.69444046  1.11543139] -238.87269631100614
[ 4.28606857  1.20125719 -1.28151812  3.89494787  3.73750739  1.01616314] -238.88044252126915
[ 4.2712613   1.34294106 -1.28983199  3.87256972  3.77519275  1.15162252] -238.8815768925635
[ 4.28959877  1.30609043 -1.24535646  3.88976087  3.7755937   1.12430725] -238.87146315653024
[ 4.33098063  1.37216681 -1.10818988  3.9172272   3.82717734  1.21386885] -238.885777260555
[ 4.29729658  1.2439846  -1.23818606  3.9005177   3.75992488  1.06558957] -238.87249577310615
[ 4.32296313  1.26088888 -1.25145747  3.93862867  3.7905329   1.16077924] -238.8696121715493
[ 4.33700036  1.24363457 -1.295569    3.96779839  3.80050181  1.20700039] -238.8750958908213
[ 4.28038615  1.39818302 -1.28296342  3.80727183  3.65716898  0.98997805] -238.89457155152843
[ 4.32047657  1.23739555 -1.19198639  3.94686174  3.82099411  1.16215583] -238.8704172795702
[ 4.24459369  1.25283251 -1.26024602  3.88563921  3.7185032   1.12680207] -238.86916276716943
[ 4.18821877  1.22614298 -1.29722893  3.86696698  3.66977994  1.13891198] -238.8816887834505
[ 4.27320095  1.20077301 -1.28404048  3.98345228  3.84803338  1.11774316] -238.87899743219867
[ 4.2990757   1.29912682 -1.21120447  3.87607889  3.73283869  1.11600934] -238.86673570202512
[ 4.28419802  1.30708059 -1.22378635  3.91507608  3.77352023  1.18439158] -238.86554160254173
[ 4.27764874  1.33862858 -1.2165865   3.92235526  3.78031791  1.24379258] -238.87096557377754
[ 4.31919267  1.25761023 -1.2356793   3.90753656  3.77545488  1.23159206] -238.87207024464897
[ 4.28063014  1.28704858 -1.22816964  3.90924309  3.76526827  1.10281529] -238.86675319986946
[ 4.29438031  1.24203388 -1.21026031  3.93408168  3.7582921   1.16001053] -238.8649980903856
[ 4.29677109  1.21000561 -1.19271224  3.95624209  3.7496413   1.17786218] -238.8709415300621
[ 4.25480376  1.31227487 -1.2697217   3.8727208   3.69199102  1.12144686] -238.869526782695
[ 4.22959741  1.3059102  -1.21633869  3.85898458  3.68960493  1.10971265] -238.873101445351
[ 4.2996217   1.27214421 -1.24267778  3.91871765  3.76530091  1.14801259] -238.86529829030303
[ 4.31269609  1.24114733 -1.18905983  3.94022473  3.81258344  1.15790028] -238.86940865786133
[ 4.29822301  1.25892921 -1.20922529  3.92334875  3.78243534  1.14878692] -238.86589463491342
[ 4.34078261  1.30262192 -1.1815286   3.93987617  3.80738198  1.15987335] -238.87292194273104
[ 4.26864092  1.26527986 -1.24056666  3.89919845  3.74072289  1.13506989] -238.86237536601826
[ 4.30074975  1.26114962 -1.21773731  3.91292408  3.75243512  1.19461166] -238.86363260338584
[ 4.28286221  1.2364123  -1.2368801   3.95837     3.79139684  1.20761839] -238.8655508960568
[ 4.27859463  1.26910427 -1.24807755  3.9227739   3.74478736  1.19445129] -238.86385451315218
[ 4.2925329   1.30251851 -1.22415522  3.87588727  3.72028936  1.13123079] -238.8647924106451
[ 4.29397538  1.23032953 -1.23737193  3.90611827  3.72042235  1.13673734] -238.86502726084174
[ 4.2766696   1.25132768 -1.21671188  3.8982769   3.71368216  1.16935791] -238.86113798781608
[ 4.26519355  1.24091942 -1.20372894  3.88805653  3.68787278  1.18003057] -238.86065019871597
[ 4.27272197  1.29667232 -1.2108034   3.9048557   3.74771085  1.19506423] -238.8641624764374
[ 4.26509759  1.30318078 -1.23809604  3.86715029  3.70631402  1.18347561] -238.8695371258364
[ 4.28705963  1.25732061 -1.21721925  3.91734884  3.74529758  1.1658768 ] -238.86334045219297
[ 4.26512058  1.22763019 -1.22188915  3.93916523  3.75265283  1.22380402] -238.86467358344044
[ 4.27197366  1.24635227 -1.22245567  3.92334574  3.74456197  1.20066071] -238.8621588752755
[ 4.28468208  1.21670303 -1.23912505  3.91636014  3.72418172  1.16183607] -238.86252758157423
[ 4.28083857  1.226804   -1.19886675  3.89630403  3.72023666  1.15157728] -238.86215921858872
[ 4.25204638  1.22331011 -1.22291679  3.90061383  3.70185608  1.13707212] -238.8665282869211
[ 4.28857391  1.25168974 -1.21903218  3.90984652  3.73979036  1.18022677] -238.86290754408057
[ 4.26624126  1.22526216 -1.22403917  3.8936883   3.70715788  1.1705903 ] -238.86116011060244
[ 4.25728277  1.22208384 -1.22389523  3.89580455  3.7017876   1.15302817] -238.8615263048557
[ 4.25204149  1.25886416 -1.19872575  3.88243906  3.70993154  1.1684829 ] -238.8686221779179
[ 4.27652193  1.22724331 -1.22902523  3.90787987  3.72061917  1.16349778] -238.86121746059558
[ 4.27070966  1.19760847 -1.193437    3.90249455  3.68668912  1.20472504] -238.8631604739546
[ 4.2691581   1.24836201 -1.22878425  3.90002248  3.72721445  1.15248368] -238.8606920182471
[ 4.25461852  1.24327034 -1.24510941  3.90662846  3.70950129  1.18851979] -238.86608434967664
[ 4.27428356  1.23092058 -1.21042741  3.89888514  3.71755282  1.16081291] -238.86120782033493
[ 4.26425339  1.21857817 -1.21751107  3.87143322  3.67617293  1.12615375] -238.86247220726483
[ 4.27004359  1.23940875 -1.22121952  3.91036761  3.72746471  1.18203397] -238.8610744396953
[ 4.2831979   1.24862157 -1.21517961  3.90382876  3.72750633  1.1834549 ] -238.86241196553476
[ 4.26376155  1.22871827 -1.22171632  3.8978106   3.70821728  1.16063485] -238.86096689957878
[ 4.25970527  1.24395376 -1.20761331  3.88839701  3.7045408   1.17203098] -238.8608296791677
[ 4.25708422  1.24462087 -1.22527309  3.89389571  3.70326982  1.17845521] -238.86579279447432
[ 4.26998372  1.23434566 -1.21413883  3.89763778  3.71398207  1.16522348] -238.86109971273345
[ 4.266374    1.25330712 -1.20836122  3.90040904  3.71593949  1.16688888] -238.860528538594
[ 4.26644038  1.26732961 -1.20052224  3.90376941  3.72033029  1.16503817] -238.8615919685649
[ 4.2614283   1.25054412 -1.21633569  3.89738331  3.70976777  1.17281083] -238.86024115013313
[ 4.25715059  1.25864336 -1.21743411  3.89725608  3.70766062  1.1766045 ] -238.86619771112106
[ 4.25849666  1.24919282 -1.20762705  3.88032538  3.69038615  1.15292595] -238.8661392602974
[ 4.26715686  1.24185477 -1.2178214   3.90285705  3.71819507  1.17475697] -238.86023274727881
[ 4.26591048  1.26426213 -1.20583194  3.89456454  3.7129595   1.17903245] -238.86074506841518
[ 4.27203516  1.2557961  -1.21934117  3.90603397  3.71944222  1.16997015] -238.86058920868143
[ 4.26787151  1.23266572 -1.22562561  3.90368959  3.71318442  1.15994791] -238.86084392854156
[ 4.26640074  1.25636303 -1.21078036  3.8968458   3.71301573  1.17426131] -238.86038747015058
[ 4.26370477  1.25123284 -1.19667201  3.89717276  3.69419657  1.19375589] -238.86165839504483
[ 4.26779477  1.24907972 -1.22075619  3.89931005  3.71895998  1.16280173] -238.8602501780025
[ 4.2685364   1.26139553 -1.22740307  3.91288987  3.74390064  1.16046606] -238.86134037867083
[ 4.26602926  1.24603845 -1.20964747  3.89426487  3.70187974  1.17513944] -238.8603496216717
[ 4.25969282  1.2432663  -1.20855961  3.8909894   3.70647704  1.17224957] -238.8607491070841
[ 4.26894957  1.25266365 -1.21664578  3.90227283  3.71620092  1.17054   ] -238.8603206691326
[ 4.2662125   1.24554079 -1.22230108  3.8972356   3.71006692  1.17654788] -238.8600293148087
[ 4.26613175  1.24165762 -1.229271    3.89564888  3.70713064  1.18137738] -238.8608187823999
[ 4.26612302  1.23887747 -1.22372217  3.90092877  3.71200774  1.16993764] -238.86067374833968
[ 4.26633131  1.25199164 -1.21401581  3.89786654  3.71276373  1.17318039] -238.8602099485708
[ 4.26659518  1.25118645 -1.22631118  3.90471026  3.72677172  1.1684065 ] -238.86043954890988
[ 4.26617074  1.24732545 -1.2138134   3.89687622  3.70810274  1.1734562 ] -238.86014715078932
[ 4.26274858  1.24278184 -1.21836874  3.89490343  3.70975114  1.173978  ] -238.8603229616346
[ 4.26739933  1.2501932  -1.21707652  3.90043048  3.71458848  1.1713995 ] -238.86021626934635
[ 4.26377158  1.24673693 -1.21303178  3.89823968  3.70553492  1.18458219] -238.8603191565704
[ 4.26678897  1.24849402 -1.21882508  3.89904246  3.71560372  1.16824685] -238.86018152063934
[ 4.27192493  1.24458916 -1.21828208  3.90071947  3.71667245  1.17305177] -238.8608274866122
[ 4.26405246  1.24905538 -1.21682228  3.89821735  3.71149394  1.17287106] -238.86013986843278
[ 4.26516157  1.25567873 -1.21646332  3.89369916  3.70601144  1.17047699] -238.86016514957174
[ 4.26417319  1.2491688  -1.21700381  3.89388196  3.70675902  1.17352696] -238.8602318726513
[ 4.26659279  1.2499371  -1.21705834  3.89879335  3.71263111  1.17193137] -238.86016761927016
[ 4.26532837  1.24668552 -1.22107869  3.89675483  3.70853956  1.17132972] -238.86002191596765
[ 4.2648269   1.24403246 -1.22461013  3.89619898  3.70642747  1.17040439] -238.85993324096188
[ 4.26421668  1.24869594 -1.21819776  3.89463109  3.70264082  1.17698245] -238.8600653642283
[ 4.26362083  1.24683915 -1.22034431  3.89349278  3.70228333  1.17498163] -238.86011708476153
[ 4.26453846  1.238151   -1.222233    3.89851818  3.7076603   1.17793754] -238.86001191843224
[ 4.2629852   1.24344612 -1.22768946  3.89588845  3.70542152  1.17645212] -238.85989122681409
[ 4.26139244  1.24150646 -1.23462749  3.89539456  3.70408091  1.17795007] -238.86005515767943
[ 4.26474773  1.23984644 -1.22830296  3.89377101  3.70000618  1.17823094] -238.86005336076505
[ 4.265555    1.23973177 -1.22743381  3.89858832  3.70845774  1.17720348] -238.86078382802728
[ 4.26410437  1.2450623  -1.22211669  3.89476667  3.70382693  1.17553709] -238.8601211268728
[ 4.26390605  1.24373929 -1.22614979  3.89604371  3.70592449  1.17342825] -238.85992135869773
[ 4.26376183  1.24079856 -1.22496123  3.89720331  3.70654091  1.17719483] -238.85995966256067
[ 4.26459885  1.24449346 -1.22499527  3.89656202  3.70774422  1.1765    ] -238.85995779051643
[ 4.26386647  1.24164628 -1.22799621  3.89482973  3.70271385  1.17734153] -238.86003378486643
[ 4.26360094  1.24607103 -1.22294361  3.89525977  3.70403117  1.17671728] -238.8599541839872
[ 4.26330301  1.24514264 -1.22401689  3.89469062  3.70385243  1.17571687] -238.86007358229895
[ 4.2642701   1.24158895 -1.22756163  3.89723838  3.70693963  1.1768278 ] -238.8599299602787
[ 4.26384119  1.24506619 -1.22343745  3.89790215  3.7094868   1.1750319 ] -238.85999239288475
[ 4.26384751  1.24421121 -1.22457714  3.89713405  3.70779356  1.17560931] -238.85994512412975
[ 4.26397439  1.24705146 -1.22634441  3.89550548  3.70607729  1.17465009] -238.8599465445297
[ 4.26292922  1.24420923 -1.22676008  3.89579459  3.70431834  1.17472828] -238.85984812658916
[ 4.2620944   1.24406712 -1.22764249  3.89541088  3.7026054   1.17384243] -238.86002589626835
[ 4.26370322  1.24201106 -1.23008389  3.89727512  3.70812711  1.173848  ] -238.85993846023666
[ 4.26323938  1.23935049 -1.22792959  3.89761928  3.70676426  1.17564783] -238.85992508120373
[ 4.26316354  1.2405705  -1.23081434  3.89615246  3.70470489  1.17470145] -238.85987588150883
[ 4.26312795  1.24229047 -1.22555107  3.89563718  3.7032306   1.17674725] -238.8599316723661
[ 4.26327177  1.24222062 -1.22668428  3.89604666  3.70445473  1.17602243] -238.85993031424113
[ 4.2635594   1.24208091 -1.22895069  3.89686563  3.70690298  1.17457281] -238.85987226381138
[ 4.26232416  1.24287657 -1.22853635  3.89554966  3.70440586  1.17301578] -238.86002049644543
[ 4.26378362  1.24191085 -1.22780531  3.8968162   3.70630619  1.17587479] -238.85986454380503
[ 4.2635363   1.24596848 -1.22812696  3.89490107  3.70442854  1.17427141] -238.86005702167228
[ 4.26331361  1.24100499 -1.22797894  3.89693973  3.70618033  1.17530372] -238.85992043918478
[ 4.26267214  1.24066825 -1.23051648  3.89677531  3.70535359  1.17711614] -238.8599146829469
[ 4.26305077  1.2432903  -1.22953318  3.89582449  3.70482217  1.17584481] -238.859909524023
[ 4.26381844  1.24450106 -1.22666787  3.89567196  3.70547177  1.17360861] -238.85991621884068
[ 4.26295872  1.24162645 -1.22955433  3.89649947  3.70538313  1.17623926] -238.85990284871863
[ 4.26340913  1.24132439 -1.22765822  3.89684778  3.70619018  1.17501143] -238.85992299318286
[ 4.26314036  1.24279882 -1.22906444  3.89608031  3.70516417  1.17563646] -238.8598728982744
[ 4.26356173  1.24337903 -1.22747378  3.89603308  3.70555623  1.17441605] -238.85990274841998
[ 4.26341098  1.24294089 -1.22799392  3.89614968  3.70551296  1.17487185] -238.8599032201026
[ 4.26335642  1.24306004 -1.2272827   3.8963054   3.70531226  1.17530154] -238.8599165894311
[ 4.26324431  1.24314507 -1.22785538  3.89633011  3.70561066  1.17465055] -238.85987409377725
[ 4.26303479  1.24350403 -1.22791226  3.89593745  3.70474126  1.17518237] -238.85991645879812
[ 4.26304638  1.24238987 -1.22878721  3.89597353  3.70451161  1.17471487] -238.8598936593326
[ 4.26295721  1.24382768 -1.22722477  3.89584152  3.70486993  1.1755902 ] -238.85990023322472
[ 4.26294397  1.24291784 -1.2281572   3.89614703  3.70485074  1.17548377] -238.85991426409086
[ 4.26269554  1.24360453 -1.22828294  3.89570268  3.70432191  1.17481514] -238.85984536855807
[ 4.2623651   1.24387678 -1.22878306  3.89540132  3.70382674  1.17457194] -238.860012312934
[ 4.26290409  1.24319405 -1.22777693  3.89599237  3.70475314  1.1748119 ] -238.85990172232394
[ 4.26298161  1.2438723  -1.22740523  3.89573124  3.70461113  1.17428654] -238.85986027587117
[ 4.26304734  1.24382218 -1.22766161  3.89579885  3.70466139  1.1747833 ] -238.85990718469623
[ 4.2629399   1.24335108 -1.2277481   3.89594399  3.7047302   1.17480475] -238.85986917513654
[ 4.26298844  1.24302968 -1.22838822  3.89598386  3.70449802  1.17374318] -238.8598951631252
[ 4.26298063  1.24322918 -1.22809735  3.89594828  3.704591    1.17420493] -238.8599114264453
[ 4.26281238  1.24390688 -1.22752151  3.89574864  3.70432013  1.17477171] -238.85985284372998
[ 4.26283858  1.24373842 -1.22784409  3.89571696  3.70446652  1.17455084] -238.85988986967493
[ 4.26281772  1.24347781 -1.22801552  3.89582334  3.70452606  1.17480994] -238.8598944167144
[ 4.26296992  1.2433748  -1.22806916  3.8960164   3.70496629  1.17473284] -238.85991104666024
[ 4.26287096  1.2429972  -1.22853508  3.8958381   3.70441676  1.174765  ] -238.85989695721574
[ 4.26282638  1.24371611 -1.22775385  3.8957721   3.70459592  1.17520267] -238.85990235668265
[ 4.26265059  1.24377218 -1.22791517  3.89551754  3.70391615  1.17490559] -238.85987427203466
[ 4.26273555  1.24344957 -1.22828425  3.89567699  3.70405992  1.17433674] -238.85987064691207
[ 4.26264582  1.24431926 -1.22741942  3.89555728  3.70412013  1.17463165] -238.8598860346242
[ 4.26264177  1.24411914 -1.22774027  3.89548336  3.70387553  1.17452728] -238.85988600124765
[ 4.26255531  1.24398544 -1.2278771   3.89551187  3.70373807  1.17477854] -238.8598893364982
[ 4.26262612  1.24392368 -1.22786884  3.89556314  3.70392018  1.17472161] -238.85989212673528
[ 4.26275396  1.24375571 -1.22790223  3.89572566  3.70432102  1.17479343] -238.8598824916368
[ 4.26271554  1.24352705 -1.22828359  3.89568983  3.70419092  1.17457594] -238.85986785250503
[ 4.26267307  1.24368836 -1.22809905  3.89561011  3.70411903  1.17486037] -238.85987515458166
[ 4.26266865  1.24386184 -1.2280116   3.89559302  3.70409872  1.17467121] -238.85987563047578
[ 4.26267068  1.2439619  -1.22785118  3.89562998  3.70422102  1.1747234 ] -238.85985118585523
[ 4.26276706  1.24367147 -1.22806351  3.89570982  3.70439422  1.17468299] -238.85989538302317
[ 4.26262542  1.24379498 -1.22808002  3.89560727  3.70402999  1.17479684] -238.85983354413588
[ 4.26255461  1.24385674 -1.22808827  3.895556    3.70384788  1.17485376] -238.85988190318568
[ 4.26259568  1.24372384 -1.22830057  3.89555197  3.70400618  1.17468754] -238.8598859237544
[ 4.26271439  1.24374774 -1.22800181  3.89568224  3.70424231  1.17476696] -238.85987462229912
[ 4.26269623  1.24357968 -1.22818793  3.89571435  3.70427634  1.17484167] -238.85987278500474
[ 4.26269954  1.24371694 -1.2281301   3.89573201  3.70430847  1.17464628] -238.85987407097684
[ 4.26265326  1.24364729 -1.22827011  3.89567647  3.70420724  1.17469947] -238.85988243612064
[ 4.26269911  1.24372263 -1.22806889  3.8956808   3.70423354  1.17475008] -238.85985417560636
[ 4.26266797  1.24367998 -1.22812141  3.89560963  3.70411611  1.17485474] -238.85987321657467
[ 4.26267586  1.24368922 -1.22812358  3.89564023  3.7041642   1.17480263] -238.85988409699627
[ 4.26266048  1.24369976 -1.22818148  3.89565498  3.70417595  1.17480599] -238.85984818687618
[ 4.26264805  1.24387844 -1.2279656   3.89561863  3.70412551  1.17476012] -238.85988358298718
[ 4.26266227  1.24375881 -1.22807445  3.89564404  3.70413177  1.17477346] -238.85987894311418
[ 4.26267048  1.24366102 -1.22818181  3.89564855  3.70411045  1.17468639] -238.85987987872008
[ 4.26266083  1.24368733 -1.22813397  3.89566081  3.70415317  1.17481925] -238.85988189759945
[ 4.26266248  1.24375596 -1.22810506  3.89566964  3.70416923  1.17472156] -238.85988124511175
[ 4.26266593  1.24357418 -1.22828666  3.89567647  3.70413135  1.17477438] -238.85988637080112
[ 4.26265252  1.24380238 -1.22804586  3.89563309  3.70412697  1.17476368] -238.8598860307909
[ 4.26264295  1.24374737 -1.22813075  3.89563113  3.70410297  1.17480141] -238.8598815436868
[ 4.26264384  1.24377689 -1.22807723  3.89562565  3.70408088  1.17478515] -238.8598812141272
[ 4.26264795  1.243728   -1.22813091  3.89562791  3.70407022  1.17474161] -238.85988337513126
[ 4.26264395  1.24377547 -1.22809254  3.89563846  3.70409961  1.1747592 ] -238.85989753844026
[ 4.26264312  1.24374116 -1.228107    3.89563404  3.70409158  1.17480805] -238.85988278125274
[ 4.26263674  1.24383671 -1.22802281  3.89561295  3.70407775  1.17477848] -238.8598886267618
