[-0.04001075  0.0793585   1.04225854  0.41979423  1.17561791  0.92931263] -351.36033685175494
[ 0.90647768  0.23048711  0.07028972 -0.1756814   0.65017072 -0.63084693] -345.76236650009196
[-1.30760869  0.23197514 -0.29995803  0.38818269  0.5788027   0.60852987] -351.8246130216761
[-0.16972105 -0.8732103  -0.1132795   0.68846566 -0.04633469 -0.42097283] -332.4624458721839
[ 0.59289162 -0.34948108 -0.48251432 -0.47065253  0.61226524  0.37690497] -357.5617501401844
[ 0.26848933 -0.28948242 -1.57558989  0.01803131 -0.46248247 -1.04941158] -340.6700250594522
[-0.05449175  0.23665641 -0.21833591 -0.23787169 -0.1974069   0.73352233] -343.34444126805823
[-0.72518003  0.22140923  0.11764263  0.83762613 -0.04614281 -0.3201938 ] -329.80976308994394
[-1.38421585  0.50685438  0.41772111  1.49176546 -0.37534684 -0.66874319] -326.26442701693423
[ 1.14978455 -0.26842058  0.17431272  0.34665183 -0.33073012 -0.9775764 ] -328.6538590597361
[ 0.27878505 -0.2317303  -1.45721912  0.29065949 -1.42966134 -1.93398883] -338.66233091614345
[-0.87693426 -0.53693139 -0.99441992  1.04158208 -1.59749151 -0.8082099 ] -334.3362008630686
[-0.19011232 -0.80096327 -0.96448896  1.53025696 -1.21660876 -2.68648991] -324.5157065871079
[-0.2579226  -1.31977311 -1.33756548  2.41432129 -1.7262097  -4.39649603] -333.13235648258234
[-0.66596062 -0.44531806  0.59646534  1.77842918 -1.20290862 -1.44924877] -319.0907283969288
[-1.1331856  -0.52323589  1.68249295  2.65862812 -1.57312169 -1.64916736] -322.3623108068996
[-0.99117157 -0.57426611  1.16265605  2.00172423 -0.16014551 -0.4030915 ] -318.56174679401573
[-1.62614988 -0.74553402  2.47259364  2.85725661  0.47461241  0.36235716] -326.1437541321016
[ 0.12646863 -0.28150993  1.41888217  1.57084902  0.4868     -1.39383097] -315.39016273451847
[ 0.62817008 -0.1537992   2.62553322  1.83548249  1.52894575 -1.68664151] -318.9703177406839
[-0.48201467  0.25200244  1.04846231  2.21809324 -0.88664526 -2.10535408] -310.5294828423733
[-0.63816148  0.81460881  1.62933321  2.98290704 -1.30680054 -2.9475447 ] -315.6346130819361
[-2.34545335 -0.17931293  1.05225329  3.18372087 -0.78755487 -1.92467641] -334.06010594567715
[ 0.27597508 -0.24614367  0.39379786  1.05591909 -0.44493631 -1.2143514 ] -318.4670754705542
[ 0.74194403 -1.20558725  0.80087048  1.89332512 -0.76613465 -2.41537902] -310.81957646392334
[-0.14147406 -0.03264426  2.7715337   1.97585633  0.22528532 -0.30726201] -310.77773425316826
[ 0.5092031  -0.25073153  1.93560219  1.79349317  0.68764981 -1.16384089] -310.7053730599554
[ 1.33453894 -0.01393862  1.62706018  1.50078776 -0.07251486 -2.46358128] -307.32961506419787
[ 2.4973942   0.26622512  1.85926225  1.25031952 -0.02869953 -3.49382618] -312.45428999733195
[ 0.42024692 -0.26465938  2.80700581  2.59488246  0.33641643 -2.06873135] -298.5997069808249
[ 0.49238284 -0.27391723  4.01360979  3.36436414  0.7270928  -2.49592133] -293.5607421547216
[ 0.69172476 -0.22676222  2.64683071  2.6777909  -0.51522227 -2.25661523] -297.75212966408236
[ 0.05950961  1.02359011  3.88016248  2.61680339  0.82134983 -1.18214592] -302.7701966631834
[ 1.00992225  0.20272524  2.27904219  2.7479212   0.02861804 -3.58189091] -295.3020677067908
[ 0.52615147  0.57196477  3.2294537   3.24842704 -0.65342372 -3.53132869] -302.1753674137526
[ 1.85342463  0.1758849   4.84359071  3.16727157  0.99861187 -3.06514038] -288.8135100033672
[ 3.02114428  0.13782614  6.74115491  3.64186073  1.94124043 -3.54503352] -289.0299363535804
[ 0.20983291  0.50510048  5.33716967  4.44007165  0.54152371 -2.90743287] -299.56229032776776
[ 1.53497001 -0.70525813  3.56973645  3.93181211 -0.44561636 -4.76396388] -304.61508268505435
[ 0.42837471  0.59137805  3.80255597  2.94555557  0.50460828 -2.07760041] -294.8539284612661
[ 1.03573589 -0.24716169  4.41147931  3.1992313   1.41516786 -1.93020501] -293.3072523678866
[ 1.62735545 -0.43105146  1.99519989  1.59397324  0.51143515 -2.22835822] -308.8372564883361
[ 0.56421354  0.27106249  4.50167723  3.72854705  0.53400157 -2.73766421] -292.1148146639787
[ 1.10295986  0.46675281  5.30382102  3.70650604  1.91792241 -3.03952551] -291.0981469073982
[ 0.81577491  0.12527454  6.67986916  3.95590403  2.00385023 -1.53346137] -297.7437146949637
[ 0.96138541  0.18336256  3.37924893  3.0499169   0.52242609 -3.06978352] -291.4064296224298
[ 1.57499268 -0.39938344  5.01525303  3.79305676  1.53379925 -3.36847957] -287.16236399293103
[ 2.14830167 -0.89476418  5.62160156  4.21680736  2.04839473 -4.01391916] -286.391547921423
[ 2.0629575   0.25896287  5.34019646  3.65839594  1.7517487  -3.45615794] -285.64750459465813
[ 2.84824483  0.52540292  6.0034898   3.80541183  2.26407665 -3.93627624] -285.15093507426496
[ 2.12377409  0.48972886  5.4729971   4.02558895  1.34664324 -4.69056466] -289.41596325443027
[ 3.11514995  0.04439347  5.70657248  3.59528717  2.49869009 -4.53407228] -290.7436519314937
[ 3.4358996   0.08577036  7.60477529  4.45570741  3.16902025 -4.69004922] -289.8846075798766
[ 4.07197173 -0.32461403  6.44718796  4.04885205  2.19055653 -5.2704818 ] -294.0531223663654
[ 1.84521283  0.2689111   5.58966276  3.79209255  1.98608094 -3.59726458] -287.27866331949707
[ 1.63646926  0.17258452  6.00546659  4.22567272  1.43891913 -3.46366579] -287.257835261692
[ 0.71590951  0.16014568  3.57416088  3.28857425  0.19188861 -2.89889438] -292.2905871443367
[ 2.75590207  0.10436419  6.59712169  4.16392412  2.42473734 -4.24226051] -286.8175884119003
[ 2.23874434 -0.37226771  6.08064727  3.76480443  2.37363031 -2.74894423] -289.1440215035574
[ 2.21000178 -0.15676857  5.92873473  3.83000056  2.11688354 -3.23434934] -286.6403981481762
[ 2.62795285 -0.16930824  7.07176833  4.84403148  3.09441891 -4.4307715 ] -286.05737477704645
[ 2.89707799 -0.40840755  6.81973148  4.56985681  2.47639583 -4.17648293] -285.274393878972
[ 3.52602447 -0.505745    6.67534927  4.25100467  3.3693832  -4.54768743] -289.845890298192
[ 2.10885806e+00  3.00214165e-03  6.17293726e+00  4.23200571e+00
  1.92153515e+00 -3.73467120e+00] -285.4245684366358
[ 2.19091032 -0.47131202  5.94229936  4.33544713  2.21583093 -3.59989628] -283.6514884853982
[ 1.90841445 -0.75915013  5.6148882   4.42120864  2.11137773 -3.27871416] -282.8521062529544
[ 2.63628151 -0.41097311  6.50607082  4.86644005  2.52184946 -4.62259573] -285.41575362661393
[ 2.86064156  0.48828619  7.10802707  4.69617748  2.74815652 -4.04591809] -283.8102818130897
[ 2.45855328 -0.0179716   5.66994654  4.01966869  1.58671153 -3.50078129] -283.1471502973606
[ 3.09421314 -0.19727324  6.40111404  4.56091546  2.64798742 -4.11891828] -281.96705506378464
[ 3.58689068 -0.29741093  6.51520243  4.72537034  3.01121356 -4.31104181] -281.4919258972372
[ 2.88365943  0.25455608  6.07102435  3.87945788  2.21079448 -3.12714245] -282.3659409906318
[ 2.61839008  0.47297839  5.50779465  3.94590814  2.16771433 -3.22347509] -280.02368075678527
[ 2.47904613  0.91367136  4.85182624  3.63393381  2.01337358 -2.74697117] -279.27698966403113
[ 2.54415701 -0.33140926  5.94014848  4.65319378  2.29646582 -3.06724675] -277.50609109906975
[ 2.3921131  -0.75981535  5.90847782  5.07708475  2.3126604  -2.632732  ] -275.48089503687294
[ 2.37558413 -0.71032638  4.43576146  3.88939722  1.66722058 -2.48654286] -279.47411552856045
[ 2.75001602 -0.43485351  5.46244696  4.52248219  2.85550191 -2.6936002 ] -275.4951897806765
[ 3.58068872  0.41442388  5.46669155  4.15470009  2.57887711 -2.72062934] -274.5812841779991
[ 4.41682586  1.00121089  5.39259322  4.02144582  2.81262679 -2.44158692] -274.2713401130336
[ 3.11649922 -0.35039738  4.78441169  4.74378016  2.68007113 -2.64368254] -269.5259357866788
[ 3.23291911 -0.65287411  4.14110535  5.17594131  2.91470945 -2.40195259] -264.8615923515795
[ 2.29527743  0.0830819   3.54886792  4.04805803  1.84748401 -0.8234201 ] -271.1180366104309
[ 3.47981509  0.76046677  5.33267771  4.93691807  3.2515648  -2.0935448 ] -264.79638452455026
[ 4.03193057  1.49586334  5.78113584  5.4606785   4.04373692 -1.89704576] -261.7721603296991
[ 3.89398124 -0.66946698  5.2263828   5.80129639  3.58219958 -1.54980803] -261.175553474395
[ 4.60144879 -1.46103615  5.41366108  6.88497767  4.36661258 -0.95122646] -263.4443072857631
[ 4.00433308  0.60085341  4.53707403  5.33901941  2.9823038  -1.22191494] -261.2067110976976
[ 4.89964266  1.3793715   3.63390857  4.8717284   3.74835979 -0.81251078] -259.4750285033799
[6.15340743 2.44896492 2.49662395 4.76905022 4.46620948 0.09759983] -265.4619908344081
[ 3.03586884 -0.2556012   3.56356495  6.21079486  3.56030439 -0.46063048] -254.59630955608117
[ 2.34539033 -0.88400725  2.64905081  7.30546938  3.93414319  0.52984775] -258.2710298954777
[ 5.40428106  0.54963342  5.41218926  6.90509492  5.0963873  -1.95786742] -274.1651728113654
[ 3.07252834  0.19971978  4.01469826  4.76231725  2.65970983 -1.10703193] -262.60247588987505
[4.4131758  1.5697874  4.77781613 5.63933696 3.94416198 0.05230528] -254.8973688897646
[ 5.02044905  1.17388271  5.15859585  6.34530092  4.62731232 -0.85616964] -261.5289147773931
[ 4.39055298 -0.22958773  3.18464494  5.94181381  3.43781037  0.2808029 ] -255.88097763519715
[ 3.19206914 -0.37543058  3.14920129  4.92269569  2.45773432 -0.38108238] -260.7594050059922
[ 3.93743047 -0.12782927  3.30809886  5.79020263  3.92788634  0.26494045] -251.57626430791677
[ 3.90397917 -0.49217061  2.69361128  6.01579424  4.40067761  1.00836814] -249.8640005847134
[4.05111496 1.2015899  1.77453292 5.39942493 3.60081658 1.44555893] -251.57092431494922
[5.03937566 1.433227   3.39349164 6.43693538 5.10630925 0.88571371] -250.35934882279508
[ 3.37837981 -0.30362325  2.82864538  7.00963832  4.26833361  1.88321694] -250.30685197012068
[3.55007843 1.28065747 3.1592425  6.29549442 4.8557241  1.32404127] -245.85652398768747
[3.12984115 2.03578008 3.14654128 6.47233472 5.56468096 1.84566045] -246.91351966701365
[ 3.23975649 -0.61509429  1.02654676  6.81669042  4.65322653  1.97645089] -247.14094244158971
[4.685026   1.09046327 1.39512521 6.44719771 5.4013915  3.3017471 ] -245.94468845456834
[ 3.88108356 -0.40377004  3.057688    7.60782523  5.96107096  2.01428709] -244.23238754235496
[ 3.79606786 -1.20645001  3.69926555  8.71202538  7.14119815  2.29865117] -249.76249450973543
[ 2.5067255  -1.24773948  1.32679474  6.9606114   4.74049885  2.95032343] -252.2987862826014
[4.40621312 0.76298538 2.87681742 6.56785438 5.01485665 1.40186614] -245.9264074089969
[4.51033245 0.84464698 1.90769834 6.24064714 5.82731551 1.79236994] -245.35389991348197
[4.18685085 1.4788002  1.78076146 7.3094422  6.17051747 2.92855267] -243.13143612606464
[4.32828669 2.46428561 1.32433655 7.95626618 7.0554374  3.88864493] -251.03043458399927
[5.16677164 2.29968872 3.69923089 6.67279661 6.4237322  2.27783718] -243.8364515823872
[3.88208401 0.9972063  4.09868766 7.11748895 6.01634746 0.61123766] -245.9087888390465
[3.98618719 1.40275783 3.02428553 7.1800438  6.73671258 2.24757579] -240.3810756381133
[3.77617423 1.72264406 3.09801959 7.48613851 7.59764055 2.67043062] -240.69482375657955
[4.54501736 1.30372076 1.44428125 6.65126085 5.97534348 3.58365032] -243.61633833773521
[5.20866925 1.02795734 1.81207266 7.59184419 7.5091733  3.62404973] -241.17961574209681
[4.48119417 1.52507129 3.03174159 8.09709048 7.09820116 3.76628099] -249.43701032472848
[4.50304788 1.01475306 2.18870915 6.70475798 6.14503692 2.2858477 ] -241.5917322113263
[5.3177645  3.24632934 1.59209231 6.42888998 7.02576769 3.63488404] -244.32875540364128
[4.2402538  0.50875481 2.69128908 7.31309142 6.22724514 2.41943633] -241.49743276531865
[ 3.72323714 -0.05410738  0.61456883  7.5773502   6.49761076  3.41853367] -242.4937131411022
[4.07106467 0.48925119 2.59294766 7.90758241 7.12008858 2.05768164] -241.2753308636071
[ 4.3906358  -0.01567792  2.52719618  7.44878113  7.24143829  2.42248895] -239.39798102230168
[ 4.49252827 -0.76291698  2.90041353  7.5184506   7.7768987   2.16945709] -242.06988867705655
[5.07671573 1.53003949 4.33093126 7.13801677 7.16228751 1.60049305] -242.22712364218827
[4.73834608 1.13400277 3.40184065 7.24785013 6.99611832 2.0550032 ] -240.12334339689113
[4.37533772 0.50092895 3.1611681  8.19163972 7.79855515 2.65623085] -240.9703375725404
[4.68315978 1.00431858 2.81521451 7.87615571 8.24011694 2.60157373] -237.32609992746953
[4.90461277 1.25210047 2.87717723 8.15768786 9.24655283 2.69264243] -236.2539753334982
[5.13019826 1.27810529 3.00829913 7.3650332  8.05609491 3.17498201] -238.28391919302857
[3.96643669 0.82278179 4.18791628 7.60516775 7.8493174  1.45892468] -241.58162810355873
[4.89811111 0.97666345 2.40603357 7.59517508 7.59420932 3.08276847] -238.7406450184642
[4.97402602 1.50838835 2.58710933 6.80655068 7.49182027 2.56892277] -240.97883965232307
[4.52500979 0.7527938  3.01765341 7.84536746 7.72187143 2.63440383] -238.67506822844277
[5.54278408 0.38990479 2.72178118 8.03992116 8.88204912 3.1065205 ] -238.33894994051542
[5.05877119 0.41062719 2.11753958 8.2361385  9.25128698 3.64959886] -236.5812265019808
[5.62919327 1.70240958 2.85563185 8.29765995 9.67591658 3.69114974] -238.84216878872013
[5.3195539  1.27288771 2.77352293 8.08544025 9.06729701 3.37398455] -237.33914824635602
[5.26219889 0.80880963 3.09929092 8.31468772 9.81417477 3.12794225] -235.7215933251542
[ 5.44424278  0.72488272  3.4459196   8.67444404 10.92415749  3.15052915] -235.3432284405423
[ 5.9417112   1.02337559  2.63042648  8.34085421 10.75394135  3.74834867] -236.70396152121236
[ 5.05691262  1.59742153  2.89584713  8.24661153 10.21772774  3.49017472] -235.42882610227286
[ 5.44506989  0.81565978  2.57184519  9.21535893 11.76422622  3.52677745] -236.1268569919184
[ 5.29755291  0.66846805  2.73939546  8.87159144 11.65200053  3.37870587] -235.0440270928188
[ 5.28655241  0.36625823  2.72233173  9.26466704 12.9443523   3.38106654] -236.57645681327375
[ 4.46067619  0.79967766  2.91881492  8.79308989 10.26470925  2.88112749] -236.8207847794846
[ 5.57145245  0.96745111  2.70252359  8.45391313 10.63163333  3.53154337] -235.4441437373663
[ 5.51450995  1.59803403  3.62669649  8.97039714 12.22747907  2.94052547] -235.96756162227464
[ 5.87196743  0.87187194  3.11689859  9.31975088 13.22585529  3.98010959] -235.28231696687152
[ 5.47380949  1.32705001  3.6039151   8.29687713 11.19539159  3.29708528] -236.72002350428943
[ 5.45225479  0.94350734  2.82986266  8.98573848 11.62201756  3.4693544 ] -235.0861211242771
[ 5.38361771  0.3265002   2.28345252  8.54695269 10.53031825  4.05961356] -236.3526829017073
[ 5.48178689  1.28015057  3.2908855   8.86453603 11.80318886  3.22029749] -235.06980436724749
[ 5.29678669  1.06131628  3.40374606  9.20031101 12.5166825   3.36484704] -235.57368957845534
[ 5.50278601  0.9909174   2.8778292   8.6405126  11.10289562  3.48986929] -234.9713476242987
[ 5.95995098  0.22917781  3.20441654  9.53891296 13.22564405  3.40611388] -236.25901864982535
[ 5.28267221  1.2553606   2.97298948  8.56968689 10.96970682  3.46915951] -234.921829975924
[ 5.51876397  1.27854258  2.4967007   9.07616139 12.5343974   3.85196957] -234.88239701511114
[ 5.55602457  1.55537252  2.02209126  9.27702007 13.33951736  4.20268978] -235.5172362043329
[ 4.97330483  1.26711025  2.61898908  8.34965806 10.00221364  2.97967579] -235.26553873136228
[ 5.19797048  1.16830067  2.74346646  8.59218127 10.80812405  3.22978424] -234.8689524692604
[ 5.30825603  1.27040595  2.87722627  8.55248473 11.33475353  3.41057426] -235.2281603013664
[ 5.4162551   1.02523199  2.84170357  8.87742504 11.55020156  3.45465937] -234.8285537498997
[ 5.25688001  0.84878986  2.26647613  8.67798351 11.06925313  3.73775179] -235.10806919935942
[ 5.42556017  1.17231039  3.03478315  8.8178979  11.61970493  3.34966107] -234.83141459051114
[ 5.48378307  1.62841983  2.91642873  8.65303025 11.20967626  3.56966181] -235.18076475962266
[ 5.34411045  0.908456    2.78365378  8.81695114 11.54141946  3.42644486] -234.81725640501622
[ 5.22565812  1.27848335  2.74660318  8.94292195 11.90495579  3.43735692] -234.88613601294074
[ 5.42676722  1.02174773  2.5759808   9.13815935 12.34989425  3.44746583] -234.88135588238455
[ 5.55081768  0.91304644  2.74549298  8.83000342 11.5629581   3.48263806] -234.89727801654112
[ 5.30694801  1.18712412  2.74632563  8.91469231 11.81945636  3.4486772 ] -234.77423822507123
[ 5.1871065   0.88251438  3.07860376  8.64294094 10.6952028   2.93359462] -235.17920360887777
[ 5.4358496   1.17953553  2.64217647  8.96785628 12.07459875  3.62237583] -234.75446556561815
[ 5.28213072  1.19190518  3.02138889  8.5241753  10.78794079  3.39640169] -234.97825525883187
[ 5.39060809  1.06428709  2.68733282  8.98466334 11.95940588  3.4346998 ] -234.77009388899594
[ 5.57513999  1.01068104  2.83519201  9.20098074 12.7134716   3.68238847] -234.93846626966553
[ 5.29226286  1.12889576  2.76639785  8.74438114 11.28446094  3.3429353 ] -234.76545458141823
[ 5.30311787  0.99219977  2.45441355  8.95075852 11.79014272  3.56026972] -234.76692631933278
[ 5.27471053  1.12826743  2.51839646  8.91567587 11.93962649  3.49047487] -234.85169829067675
[ 5.38086896  1.05099085  2.76087679  8.88698775 11.64755779  3.46361324] -234.75604600850102
[ 5.35910801  1.29255504  2.56885392  8.9994953  11.98378802  3.53107884] -234.84256191578808
[ 5.34785984  1.00448076  2.72995381  8.86258718 11.6520116   3.45260335] -234.75347342674263
[ 5.40990773  0.9530058   2.6007248   8.88438575 11.6499362   3.51015521] -234.76298169173427
[ 5.33268086  1.03874907  2.63084827  8.78098887 11.40683012  3.54928442] -234.75737676681928
[ 5.43002541  1.12635282  2.92257912  8.75830381 11.44832241  3.42005274] -234.79557912701065
[ 5.33484476  1.02573803  2.57145494  8.90264484 11.70468765  3.52521547] -234.7382159225852
[ 5.45507439  0.95527092  2.54561385  9.01743576 12.09407976  3.69814721] -234.8078311703443
[ 5.33296574  1.08548955  2.71120185  8.81264479 11.48686565  3.43173828] -234.73772334867505
[ 5.31178219  1.17532213  2.74811257  8.85351749 11.67424765  3.50478832] -234.7508999415711
[ 5.38204283  1.13510322  2.75707721  8.98109057 12.00649291  3.45082708] -234.78116807530083
[ 5.34502135  1.06283761  2.6624055   8.8310143  11.55674582  3.52467009] -234.73645062633753
[ 5.32190554  1.12681035  2.59422493  8.85643388 11.73549458  3.55685054] -234.76063648426546
[ 5.3661281   1.06994573  2.71921382  8.87934928 11.66954199  3.48692257] -234.73687115795437
[ 5.24368439  0.96173574  2.73860437  8.74606301 11.1734347   3.35293686] -234.79449636379212
[ 5.3878083   1.12508558  2.66628344  8.91240796 11.84930774  3.55501609] -234.7357179082774
[ 5.34499031  1.17699212  2.62960356  8.86793903 11.66178722  3.55684692] -234.72973387567788
[ 5.34355554  1.2632478   2.57942844  8.87061496 11.66667504  3.6089687 ] -234.74927479614058
[ 5.39213733  1.00670741  2.5719418   8.88181592 11.6353977   3.52201481] -234.75310127439374
[ 5.33187097  1.13316845  2.70406988  8.86059209 11.66453516  3.50909494] -234.73477481438672
[ 5.3680835   1.19210165  2.79280441  8.81867098 11.59157355  3.49621416] -234.7436121367278
[ 5.34315444  1.06732894  2.62679231  8.88165137 11.67640912  3.51796514] -234.7307001268415
[ 5.37335875  1.12629659  2.62492099  8.93167322 11.87257671  3.61843364] -234.73968428351142
[ 5.34306399  1.09569131  2.68963163  8.8424019  11.58329341  3.47841212] -234.7304203329699
[ 5.33250836  1.15042228  2.60704829  8.85265294 11.66115084  3.56041253] -234.7288803745003
[ 5.31569848  1.19066055  2.55096552  8.83930477 11.65695526  3.59715752] -234.7367642224547
[ 5.3494441   1.18672529  2.6454042   8.90820081 11.80874868  3.53457916] -234.7365898441052
[ 5.34612704  1.09380953  2.65815518  8.85031092 11.61974653  3.52714735] -234.72946417839321
[ 5.2927634   1.11405196  2.63881684  8.80610812 11.43966636  3.49494358] -234.73392747072188
[ 5.33566487  1.09959692  2.57927939  8.83976267 11.54948266  3.5361476 ] -234.72927764677004
[ 5.38907293  1.11389508  2.62468661  8.90546482 11.81095691  3.56403364] -234.731934854138
[ 5.36499555  1.1139343   2.62821917  8.88062565 11.71813427  3.54676113] -234.72662498409414
[ 5.34596226  1.17615321  2.63718677  8.82957966 11.58812253  3.55061074] -234.72593335669785
[ 5.34736618  1.23056535  2.64238399  8.80354381 11.54397923  3.56693354] -234.73014127322503
[ 5.3470188   1.17461147  2.55686582  8.86455506 11.68284794  3.61422997] -234.73007058055555
[ 5.3460301   1.15488143  2.59005727  8.85901677 11.65795931  3.58027551] -234.72642965571936
[ 5.34543909  1.08594044  2.60371179  8.83604384 11.60307815  3.54360471] -234.7340818150102
[ 5.3451025   1.1542292   2.62313062  8.85996524 11.64710996  3.55353636] -234.7261515638199
[ 5.34396084  1.18926292  2.56348532  8.85689005 11.65423999  3.5821006 ] -234.72712761005909
[ 5.35718833  1.21336419  2.63709642  8.87314743 11.75942296  3.58841802] -234.73038372690215
[ 5.34104574  1.12803874  2.59373365  8.84810886 11.60196774  3.54921521] -234.7259675172241
[ 5.36319064  1.15507766  2.60488931  8.85874247 11.62802709  3.56042065] -234.73085072781106
[ 5.34017893  1.15158612  2.60650854  8.85417532 11.6528699   3.56041456] -234.7258486244888
[ 5.35047752  1.10367808  2.66279335  8.85360045 11.63448125  3.5315039 ] -234.72867980943568
[ 5.34559001  1.16786671  2.58831233  8.85606765 11.6493003   3.56945143] -234.7255420619128
[ 5.3229743   1.19698418  2.58475722  8.82167885 11.54764231  3.57440681] -234.72696999778995
[ 5.35449024  1.13469677  2.61735368  8.86588895 11.67551128  3.55367255] -234.7254782817859
[ 5.34475979  1.14930882  2.63201792  8.84557846 11.61366793  3.53202477] -234.72479716223407
[ 5.34412464  1.14652251  2.65299825  8.8388593  11.59152224  3.50789941] -234.72567571457296
[ 5.34557316  1.14832092  2.60190701  8.8398344  11.61336993  3.55159339] -234.72464075643651
[ 5.34580848  1.14536679  2.59129521  8.82976898 11.59649992  3.5506219 ] -234.72566875921058
[ 5.35113906  1.18127211  2.63402844  8.84893262 11.66231288  3.55670727] -234.72539003147693
[ 5.34794813  1.13486394  2.58952254  8.8739128  11.70088822  3.55734392] -234.72596198738793
[ 5.34645873  1.16583089  2.62527071  8.84066295 11.61631395  3.55229404] -234.72497689138507
[ 5.35582473  1.16417929  2.62645482  8.84481302 11.62395552  3.54483325] -234.7250232981034
[ 5.35382523  1.14666956  2.6573652   8.83916915 11.61907686  3.52759033] -234.7251608900975
[ 5.34470333  1.18383043  2.64166102  8.82044125 11.57405441  3.53467514] -234.72523009834487
[ 5.34590926  1.13810786  2.62753046  8.82790045 11.55783332  3.52429637] -234.7258831603674
[ 5.34983161  1.17048105  2.63240394  8.84367458 11.63619299  3.54860455] -234.72472531935514
[ 5.35405442  1.13109974  2.61681218  8.86413627 11.66680465  3.55097164] -234.7255570324367
[ 5.3470411   1.17064776  2.63544881  8.831365   11.59724197  3.53874926] -234.72444679211262
[ 5.34267115  1.17625335  2.59380254  8.84280699 11.6145039   3.56177609] -234.72508351880674
[ 5.34545967  1.1688574   2.60969321  8.84189753 11.61564714  3.55322965] -234.72458696468044
[ 5.33721662  1.160303    2.61912571  8.83619129 11.60685578  3.54733197] -234.72498778970248
[ 5.34186865  1.16127207  2.62095799  8.83834672 11.61113072  3.54670729] -234.72438006365152
[ 5.34505259  1.15713178  2.61887225  8.83956928 11.61276961  3.53800894] -234.72364211954803
[ 5.34434953  1.15278222  2.61567302  8.83902245 11.61099745  3.53086639] -234.72330881164103
[ 5.34661478  1.17481166  2.60667674  8.83246844 11.61452548  3.55789207] -234.72469448001243
[ 5.34047068  1.15508296  2.59771498  8.83063693 11.5847779   3.54440813] -234.72415414249755
[ 5.34163948  1.14417612  2.62045494  8.84123258 11.59652956  3.53062597] -234.7246875085222
[ 5.34288331  1.15183501  2.61701039  8.83904154 11.60102854  3.53744249] -234.72413289199594
[ 5.34178449  1.17183822  2.63025912  8.83360232 11.59357131  3.53220768] -234.7244952237689
[ 5.34067292  1.15229534  2.62932823  8.82877413 11.58393549  3.5235641 ] -234.72392978896332
[ 5.34397757  1.14280024  2.60845202  8.83545993 11.60279938  3.54170487] -234.7247356479353
[ 5.34233276  1.16457872  2.62480735  8.83406673 11.59587833  3.53458198] -234.72377772677098
[ 5.33715151  1.14196768  2.59971518  8.83859783 11.59867417  3.5337742 ] -234.7238235768059
[ 5.34075159  1.14490858  2.60712506  8.83169981 11.58063324  3.52150514] -234.7235023196381
[ 5.34224319  1.14770622  2.63350476  8.83976389 11.6056045   3.51616996] -234.7238140459699
[ 5.33961719  1.14957791  2.61970748  8.83160007 11.59087918  3.51604476] -234.72318326356992
[ 5.33798413  1.14844937  2.62105602  8.82787934 11.5858045   3.50534589] -234.72304060593476
[ 5.34093132  1.14783559  2.60463223  8.84156922 11.60859524  3.52385042] -234.72314469078978
[ 5.34571266  1.16011922  2.6358843   8.83273599 11.59716358  3.5103324 ] -234.72297119205143
[ 5.34999323  1.16919498  2.65396887  8.82980507 11.59640829  3.4986115 ] -234.72398526611542
[ 5.34177747  1.15851835  2.6028879   8.82922728 11.58741961  3.52599078] -234.7226940512195
[ 5.34154461  1.16392441  2.58757947  8.82395898 11.57832717  3.53090118] -234.72279114798835
[ 5.3415028   1.13962572  2.60427883  8.8333113  11.59432621  3.50471503] -234.7224157898654
[ 5.34108782  1.12714922  2.59401458  8.83293359 11.59355016  3.48978155] -234.72291657283773
[ 5.34333438  1.15753491  2.62101238  8.83621538 11.61413562  3.51219516] -234.72235208110936
[ 5.34462578  1.16384808  2.62795604  8.83847316 11.63088682  3.50754017] -234.72233290577282
[ 5.33982852  1.15334988  2.61655875  8.82870965 11.59040121  3.49505851] -234.72194712972845
[ 5.33756802  1.15363371  2.61700162  8.82355325 11.58010309  3.47715457] -234.721695746274
[ 5.34212564  1.16022922  2.63172268  8.82015755 11.58330603  3.48650919] -234.72273889985365
[ 5.34645333  1.16354206  2.61885443  8.83127351 11.60526395  3.49873482] -234.7217143390224
[ 5.33897169  1.15301316  2.59834953  8.82592937 11.59660499  3.48988245] -234.72194095750154
[ 5.34150739  1.1504978   2.59138678  8.84043174 11.61489553  3.51483008] -234.7221260975919
[ 5.34176553  1.14953517  2.61638784  8.83509683 11.61994058  3.47162826] -234.72191561075826
[ 5.34212778  1.17173094  2.61903325  8.83160798 11.6215721   3.48187509] -234.7214442227802
[ 5.34244027  1.18778356  2.62641046  8.83075632 11.63519505  3.47045513] -234.72212763850825
[ 5.33817214  1.15013621  2.59238178  8.82415773 11.5819066   3.47049493] -234.72131092388457
[ 5.33494532  1.14328028  2.57459465  8.81700001 11.55741649  3.4519723 ] -234.7223188219522
[ 5.34017877  1.16336595  2.62928271  8.81677448 11.58690158  3.44842663] -234.72256394432193
[ 5.34117524  1.15371484  2.60086076  8.83451742 11.60789704  3.49822922] -234.7215013435892
[ 5.34344899  1.16108448  2.62315703  8.83413954 11.60895613  3.47615651] -234.72140164252494
[ 5.3412163   1.16841225  2.60737511  8.82465299 11.58195905  3.49592012] -234.72112147538238
[ 5.34094168  1.17785079  2.60286875  8.81943107 11.56296829  3.50806604] -234.7222122089566
[ 5.33478283  1.15602875  2.60108208  8.82626946 11.58886739  3.46787533] -234.72111360759976
[ 5.32894758  1.15227209  2.59219591  8.82376744 11.58066911  3.45244558] -234.72119628157853
[ 5.34273974  1.16673544  2.59762838  8.83489512 11.61694968  3.48636249] -234.72053183909674
[ 5.34532559  1.17328631  2.58794177  8.84056606 11.63537298  3.49096645] -234.72076357803394
[ 5.33965402  1.17099452  2.61269179  8.82405685 11.59217328  3.46133227] -234.7205559104399
[ 5.33787689  1.15273294  2.59240548  8.82444925 11.56869861  3.47083879] -234.72146200569932
[ 5.34106506  1.16698144  2.61237631  8.8298183  11.60835373  3.47911602] -234.72079938403368
[ 5.33576104  1.16534506  2.58468812  8.82047728 11.58111378  3.47754387] -234.72067840223576
[ 5.34023419  1.18136295  2.61289882  8.82923227 11.60789904  3.4855551 ] -234.72117568519633
[ 5.33971867  1.17355626  2.60776956  8.82796363 11.60140093  3.48179006] -234.72083807649759
[ 5.33669082  1.16480157  2.59803696  8.82984056 11.61432721  3.45541989] -234.72093622487338
[ 5.34376028  1.18010935  2.60331496  8.82941445 11.61590548  3.47931287] -234.72056689650645
[ 5.34420878  1.17643912  2.60811941  8.82570132 11.59097175  3.49973263] -234.72142238374985
[ 5.33857031  1.16771096  2.60055758  8.82880575 11.60848834  3.46649808] -234.72052463004425
[ 5.34079814  1.165736    2.59598282  8.82785895 11.6062605   3.46826514] -234.72041288351977
[ 5.34133787  1.16182586  2.59008945  8.82780661 11.60869029  3.46150268] -234.72069934024861
[ 5.33936278  1.17189567  2.58591158  8.82535117 11.59860996  3.46732222] -234.72005565423106
[ 5.33851165  1.17435278  2.57267921  8.8231176  11.59373807  3.46142533] -234.72002529426194
[ 5.34558368  1.17653463  2.60959679  8.8355723  11.63005801  3.46352152] -234.72104282372985
[ 5.3382167   1.16814245  2.59091529  8.82425103 11.59334984  3.47403828] -234.72033002230222
[ 5.33573656  1.15778137  2.58683673  8.82491398 11.58774776  3.45999432] -234.7207391733915
[ 5.34175435  1.17452735  2.5991954   8.82828934 11.60886605  3.47448323] -234.72046193170738
[ 5.34054294  1.16807381  2.57296111  8.83168242 11.61704422  3.48235858] -234.72054144589978
[ 5.34032071  1.16880399  2.58289378  8.82977602 11.61082648  3.477102  ] -234.72028900494
[ 5.33665088  1.1730224   2.58311297  8.81913777 11.59022675  3.45424153] -234.72031366724707
[ 5.3401805   1.17381736  2.57436891  8.82200449 11.59260089  3.47002043] -234.7204438321733
[ 5.33647184  1.1667643   2.56745559  8.82042596 11.58680146  3.46054767] -234.72064364973198
[ 5.34043373  1.17258659  2.59126045  8.82632349 11.6033499   3.47099934] -234.72043276270975
[ 5.3381301   1.16706404  2.59791259  8.82815047 11.60664963  3.46533678] -234.72050702050876
[ 5.3396679   1.17212903  2.58025483  8.82354098 11.59611307  3.46884952] -234.72009438632938
[ 5.3376216   1.16814229  2.57735252  8.82290397 11.59348834  3.46364126] -234.72035770337575
[ 5.33619834  1.17579498  2.56642005  8.81971685 11.58632035  3.46483417] -234.72016768529568
[ 5.33890046  1.17593958  2.58140619  8.82360946 11.59670318  3.46985569] -234.72029014894346
[ 5.33853328  1.17853847  2.56467372  8.82204853 11.59795947  3.45806446] -234.7204455046073
[ 5.33829584  1.17074145  2.5843549   8.82370041 11.59450224  3.47004483] -234.72014913398897
[ 5.34064742  1.17289821  2.57289001  8.82868267 11.60250772  3.48312898] -234.7201750877844
[ 5.33898016  1.16896723  2.57175807  8.82590205 11.59796613  3.47193925] -234.72029120103502
[ 5.33892038  1.1741965   2.57899416  8.82418261 11.59701892  3.47037658] -234.72000025466258
[ 5.33709313  1.17790033  2.56897061  8.81787101 11.57924031  3.46245113] -234.72086188784792
[ 5.33951382  1.17107807  2.57941299  8.82679977 11.60292994  3.47343928] -234.72014215929926
[ 5.33638856  1.1731994   2.5811487   8.81833674 11.58769981  3.45319426] -234.72079611053542
[ 5.3395827   1.1729735   2.57495468  8.82609618 11.59880574  3.4756453 ] -234.72008472418491
[ 5.34196576  1.16936213  2.59046354  8.82942901 11.60804898  3.47509278] -234.72017354454505
[ 5.33764019  1.17418677  2.57243092  8.82214489 11.59175251  3.46739882] -234.72007750330468
[ 5.33964971  1.17556409  2.56855404  8.82492694 11.59895051  3.46900011] -234.7203757685881
[ 5.33863431  1.17194711  2.58040468  8.82400704 11.59561431  3.46978365] -234.72009321007823
[ 5.33813856  1.17551716  2.57382651  8.82089666 11.58808427  3.46438711] -234.72000046854373
[ 5.3374747   1.17559558  2.57084189  8.82327401 11.59222487  3.46748941] -234.71997496319503
[ 5.3363781   1.17732885  2.56613542  8.82314052 11.59028077  3.46680936] -234.7200159466715
[ 5.33812175  1.17699364  2.56750445  8.82256361 11.59159382  3.46579053] -234.72034808497008
[ 5.33850617  1.17320875  2.57717962  8.82364618 11.59460919  3.46878537] -234.72004126516526
[ 5.33681452  1.17604567  2.57369609  8.8196578  11.58700353  3.45764224] -234.7200305694895
[ 5.3384818   1.17545204  2.57664157  8.82278007 11.59247378  3.46263653] -234.71994741666512
[ 5.3389026   1.17608468  2.5787469   8.82309766 11.59283441  3.46025538] -234.72027296495656
[ 5.3376077   1.17717783  2.57171352  8.82099007 11.58890529  3.45920036] -234.7202912306044
[ 5.33828155  1.17420102  2.5758131   8.82298215 11.59318321  3.46638912] -234.72001473201487
[ 5.33978836  1.17372602  2.57590273  8.82608657 11.59857084  3.47325911] -234.7199924355692
[ 5.33851681  1.17520999  2.57799411  8.82361642 11.59344722  3.47342063] -234.71997489225203
[ 5.33882532  1.17569808  2.57558723  8.82396329 11.59409009  3.47080067] -234.7202807323089
[ 5.33841749  1.17457528  2.57575663  8.82322744 11.59340993  3.46749201] -234.7199969249784
[ 5.33906129  1.17406798  2.57821719  8.82682571 11.60096425  3.47383764] -234.71998774797186
[ 5.33832643  1.1753458   2.57279055  8.8244208  11.59334471  3.46900186] -234.71997839980827
[ 5.33879897  1.17522385  2.57503938  8.82577375 11.59693196  3.47238972] -234.7199754247554
[ 5.3370983   1.17657239  2.5746055   8.82281035 11.59122476  3.46633282] -234.7199179451672
[ 5.33575327  1.17799558  2.57395689  8.82117224 11.58755171  3.46286967] -234.7199027601453
[ 5.3367227   1.17753964  2.57087094  8.82018672 11.5843605   3.4620983 ] -234.71996180683323
[ 5.33692298  1.17699309  2.57565772  8.82118027 11.5889853   3.46463288] -234.71993917126184
[ 5.33582512  1.17770479  2.57361499  8.81829616 11.58274917  3.45865941] -234.71997111533628
[ 5.33659953  1.17803613  2.57873685  8.81913662 11.58429769  3.46061639] -234.7198713856234
[ 5.33616194  1.17925641  2.58268433  8.81706792 11.5803341   3.45717989] -234.72081029754912
[ 5.33491833  1.17936377  2.57183221  8.81730094 11.58002549  3.4504171 ] -234.72053601698684
[ 5.33761719  1.17624843  2.57645364  8.82203755 11.59009179  3.46766974] -234.71993978818313
[ 5.33820737  1.17638352  2.57715754  8.82386833 11.59317109  3.46818176] -234.72024811786548
[ 5.33642068  1.17737447  2.57450063  8.8196892  11.58535465  3.46104   ] -234.7199485309648
[ 5.33720911  1.17649361  2.58111149  8.82181193 11.59189114  3.46439011] -234.71993240942018
[ 5.33777394  1.17636516  2.57968542  8.82301702 11.59307582  3.46656511] -234.71988860490856
[ 5.33547687  1.17859197  2.57855909  8.82000514 11.58615738  3.46627811] -234.71995650857576
[ 5.33773057  1.17623702  2.57712095  8.82208634 11.59089468  3.46354692] -234.71988749578844
[ 5.33637928  1.17779177  2.57896947  8.82076392 11.58880699  3.45987062] -234.71987151800238
[ 5.33689225  1.17731333  2.58086931  8.82148242 11.58985404  3.46132005] -234.71989017893566
[ 5.3365005   1.17808605  2.57533481  8.82074093 11.58626917  3.46053948] -234.71988430200312
[ 5.33820542  1.17661424  2.58294872  8.82123684 11.59018109  3.46128319] -234.7202598928957
[ 5.33636631  1.17765025  2.57620485  8.82118839 11.58820906  3.46247305] -234.71988138697358
[ 5.33689113  1.17740879  2.57448148  8.82082866 11.58733043  3.46321713] -234.71990912069367
[ 5.33689197  1.1773372   2.57927235  8.82131898 11.58922314  3.46179432] -234.7198900555376
[ 5.33689141  1.17738493  2.57607843  8.8209921  11.58796133  3.46274286] -234.71988805777218
[ 5.33571525  1.17869689  2.57446304  8.81861907 11.58240382  3.456698  ] -234.71992151916672
[ 5.33725927  1.17694809  2.57837982  8.82191754 11.59040782  3.46409833] -234.71988054423906
[ 5.33672041  1.17753151  2.57883715  8.82095248 11.58833381  3.46097207] -234.71989115329745
[ 5.33684866  1.17742157  2.57676811  8.82098219 11.58805445  3.46230017] -234.7198982879934
[ 5.3364894   1.17791395  2.57885316  8.81995027 11.58655234  3.46024351] -234.71989394971894
[ 5.3369294   1.17749211  2.57855834  8.82052708 11.58735276  3.46235736] -234.71990757781023
[ 5.33648292  1.17784319  2.57747085  8.8201625  11.58625337  3.46154472] -234.71989116757257
[ 5.33655001  1.17806109  2.57703583  8.81993877 11.58528343  3.46057794] -234.7198782720004
[ 5.33716505  1.17713658  2.5779289   8.82061148 11.58759618  3.46208166] -234.7199030477349
[ 5.33674547  1.17771053  2.57740764  8.82006436 11.58612951  3.46167963] -234.71990008988882
[ 5.33641473  1.17807504  2.57725274  8.81942759 11.58468476  3.45989059] -234.7198960764797
[ 5.33592897  1.1787434   2.57765679  8.81894856 11.58347085  3.45943593] -234.71995890466835
[ 5.33685603  1.17753828  2.57786087  8.82019575 11.58656485  3.46142023] -234.71989374502056
[ 5.33638541  1.17811203  2.57832913  8.81953948 11.58508264  3.45975149] -234.7198780362328
[ 5.33670637  1.17775985  2.57884282  8.82021354 11.58666002  3.46149417] -234.71988636823124
[ 5.33670402  1.17786958  2.57723896  8.81977862 11.58482833  3.46155814] -234.71988637477085
[ 5.33628672  1.17835567  2.57802394  8.81939409 11.58423698  3.46042739] -234.71988893702726
[ 5.33659444  1.1782216   2.57859833  8.8191712  11.58387632  3.45993046] -234.72023520998508
[ 5.3365108   1.17793779  2.57775272  8.81991468 11.58565911  3.46114116] -234.719905155022
[ 5.33649247  1.17807408  2.57853299  8.81933805 11.58469016  3.46018394] -234.71989503872425
[ 5.33657477  1.17804861  2.57788634  8.8195377  11.58479056  3.46059717] -234.7198941230506
[ 5.33665295  1.17789799  2.57878984  8.81967508 11.58547886  3.46105528] -234.71988277037707
[ 5.33665177  1.17795286  2.5779879   8.81945762 11.58456301  3.46108727] -234.71989115012389
[ 5.33644313  1.1781959   2.5783804   8.81926536 11.58426733  3.46052189] -234.71990903423685
[ 5.33654122  1.17793966  2.57810385  8.81964956 11.58527553  3.46108056] -234.7198812842603
[ 5.33672778  1.17778721  2.57829886  8.81966618 11.58543127  3.46101831] -234.71989231443342
[ 5.33675687  1.1778134   2.57806823  8.81970287 11.58525548  3.46163438] -234.7198911955112
[ 5.33673527  1.17776047  2.5787755   8.81955828 11.58531005  3.4615669 ] -234.71990865375642
[ 5.3366149   1.17797658  2.57810863  8.81954284 11.58492043  3.4608396 ] -234.71990674687274
[ 5.33657037  1.1779879   2.57842035  8.81939309 11.58478661  3.46084848] -234.71988331077915
[ 5.33662624  1.17796706  2.57876335  8.81940585 11.58488827  3.46083584] -234.71989534817556
[ 5.33662565  1.17799449  2.57836238  8.81929712 11.58443035  3.46085183] -234.71989028264076
[ 5.3366782   1.17792477  2.57840254  8.81941974 11.58477658  3.46112539] -234.71988858652816
[ 5.33666365  1.17791167  2.57851786  8.8194014  11.58486448  3.46081735] -234.71989673970955
[ 5.33658715  1.17804237  2.5783116   8.81933716 11.58454413  3.46060678] -234.71989060280964
[ 5.33656539  1.17807257  2.57848116  8.81926179 11.58437673  3.46081088] -234.7198982478334
[ 5.33663909  1.1779519   2.57850868  8.8193665  11.58474254  3.46081574] -234.71990982164655
[ 5.33658495  1.17801202  2.5785786   8.81926485 11.58454215  3.46073243] -234.71989949962708
[ 5.33663886  1.17798045  2.5785697   8.81927818 11.58453714  3.46087089] -234.7199042336528
[ 5.33661259  1.17801531  2.57854962  8.81921687 11.58436402  3.46073411] -234.71988466655822
[ 5.33659334  1.17803925  2.57852422  8.81923689 11.58442091  3.46061159] -234.71990583689663
[ 5.33661288  1.1780016   2.5787501   8.81927123 11.58459298  3.46072612] -234.71989733211308
[ 5.33663159  1.1779739   2.57862736  8.81926901 11.58458109  3.46071687] -234.71989963291188
[ 5.33663346  1.17796722  2.57874652  8.81924203 11.58455078  3.46085402] -234.71990137873863
[ 5.33658614  1.17802161  2.57875998  8.81918869 11.5844391   3.46058909] -234.71989792883417
[ 5.33657576  1.17805297  2.57858765  8.81920706 11.58438823  3.46051765] -234.71989557675283
[ 5.33655903  1.17807265  2.57869358  8.81915943 11.58429364  3.4605884 ] -234.719895864624
[ 5.33659702  1.17805474  2.57878066  8.81912845 11.58424974  3.46052482] -234.72025427564057
[ 5.33658797  1.1780227   2.57862912  8.81923075 11.58446905  3.46068053] -234.71989325439705
[ 5.33659645  1.17804551  2.57855566  8.81921863 11.58436277  3.46069864] -234.7198929992624
[ 5.33656422  1.17808016  2.57850073  8.81911855 11.58413215  3.46055246] -234.71989977856998
[ 5.33660072  1.17802124  2.57868776  8.81923306 11.58447778  3.4606827 ] -234.71989175377288
[ 5.33663198  1.17799198  2.5785553   8.8192549  11.58449287  3.46072162] -234.71989929217
[ 5.33657726  1.17805248  2.57865901  8.8191833  11.58434345  3.4606217 ] -234.719893423507
[ 5.33661574  1.17801148  2.57868501  8.81919935 11.58438336  3.46082704] -234.7198934441756
[ 5.33660575  1.17802186  2.57866067  8.81920128 11.58438457  3.46074969] -234.7199037993936
[ 5.33660606  1.17802572  2.57864323  8.81917674 11.58433086  3.46067525] -234.71989181418078
[ 5.33660012  1.17802869  2.5787123   8.81918484 11.58438773  3.46064955] -234.71991026057026
[ 5.33659799  1.17804082  2.57864625  8.81917762 11.58433023  3.46065752] -234.71990155889966
[ 5.33659375  1.17802942  2.57868298  8.81918368 11.58438337  3.46064846] -234.71991621537452
[ 5.3365884   1.17804431  2.57869793  8.81915996 11.58432057  3.46061905] -234.71990083655425
[ 5.33658764  1.17804455  2.57866225  8.81917184 11.58434296  3.46056702] -234.71990955288564
