[-0.43726548  0.46685956  0.73354177 -0.25579472 -0.52273034  1.84950698] -382.7473744832379
[ 1.35201927  0.30622121  0.49862521 -1.1245732  -0.97245931  0.15143203] -389.5682623822024
[ 1.36563953  0.98664803  1.25030598 -0.12054781 -0.64949149  0.36507247] -367.5019687127041
[ 2.61208654  0.23289231  0.73703727 -0.06784042  0.49486879 -0.28535231] -360.951874580343
[ 0.98510157  1.22190348 -1.52430573 -0.06015977  0.09112546 -1.16168879] -369.14003260058234
[ 0.27057471  0.66442479  0.30398169 -0.61141614  1.31512453 -0.70655484] -384.4032302010288
[-0.47028785  2.24207041  0.63888899 -0.03522186 -0.02221937  1.92966095] -382.2753832613726
[0.0899304  1.63204499 0.21452478 0.74091296 1.2080185  0.51211612] -365.7525734265202
[ 1.1111602   1.59638147  0.37934933  0.67853227 -1.11526735  1.77632665] -362.0461534175806
[ 2.33514227  2.170454   -0.16827489  0.63435318  0.52507519 -0.80412862] -350.0969599294856
[ 3.72134615  3.02225122 -0.61918323  1.07942714  1.04897795 -2.13094642] -348.0717720599531
[ 3.76537598  0.65530342 -0.49297952  0.78532999  0.38162999 -2.23781837] -354.18437100378515
[3.2367447  1.48660367 2.0139906  1.09209781 0.36512001 0.49482151] -339.4296725752221
[4.36256627 1.61895376 3.78313876 1.6682266  0.50211729 1.32307667] -334.1039489566799
[ 3.85518232  1.93262769  0.08365648  1.74874399  1.48960654 -0.71260503] -330.8486920242431
[ 5.09995372  2.40561753 -0.49966827  2.68338989  2.55915556 -1.25144378] -325.25571761936015
[ 6.80089921  1.54508825  0.88137333  1.53477553  0.08247558 -1.44750197] -372.0796266016936
[1.76767261 1.6103058  0.38123692 0.9393786  0.92663277 0.0222116 ] -345.90873920720526
[ 5.99850689  1.58539321  0.71717798  1.68410499  3.0863948  -3.29641752] -354.45843106395375
[ 5.62638733  3.39971601  0.35287028  3.01445949  2.34010066 -2.23842697] -335.29522750954914
[ 2.11592713  2.65198937  0.25129366  1.70596557 -0.50019006  1.12530176] -343.7769791320837
[3.79924175 4.24764114 1.70954223 2.91161911 1.91063473 1.18774266] -320.65969126307266
[3.81617464 6.04381    2.81080311 3.97476368 2.6751371  2.90052317] -331.1572434589114
[3.86923678 2.28915665 2.61198775 3.22825262 1.5305057  2.1871004 ] -313.0942064751694
[3.9431821  1.92260936 4.22757324 4.30266536 1.77126957 4.34612381] -314.54140453064895
[6.52343172 3.92738568 2.35515122 4.13125916 1.85414186 0.75557198] -357.40736144976665
[2.95661239 2.18957577 0.87471549 1.73734874 1.15851004 0.20555169] -329.52822953375676
[ 6.45540562  2.73156424  2.69290175  3.37513324  3.83386472 -0.65410154] -316.25255126213244
[3.22128485 1.76112036 3.37133563 2.18686392 1.49149534 3.23773567] -327.47570271704564
[ 4.10467877  3.58927147 -0.19620057  3.70597591  3.65927141  0.3144517 ] -306.75008958247315
[ 3.97573502  4.57443032 -2.18587024  4.72485056  5.23784847 -0.18986078] -308.68966019829764
[5.89332144 3.48521469 2.35525068 4.29306282 3.83646578 1.46827668] -307.76836173831794
[ 6.51932785  4.48836821 -0.48006444  4.54561395  4.28513728 -2.15372696] -348.00209175475493
[4.0457956  2.44293232 2.40848561 2.77655142 2.18990583 1.88987001] -313.70574959208875
[4.28927294 3.85630931 4.36032409 4.08014182 3.09439383 3.38255708] -312.40696954016596
[5.75332863 1.88384175 3.03470754 4.24142016 4.13750102 1.67497545] -296.6547347305318
[6.73037207 0.70194206 3.6972902  4.90632069 5.25093417 1.91859185] -292.25150387333525
[3.18882025 2.72337792 2.38614417 4.28830185 2.68662752 4.37438411] -307.3741660662176
[5.31277182 3.10549171 2.66311316 5.39080048 4.4961603  2.65858393] -300.9812006906814
[5.97050898 3.53137907 2.47665282 5.65994857 6.14411197 2.51851472] -294.05753194666437
[6.11088484 1.85591633 0.10042606 5.33466162 5.59679655 1.03504392] -295.1461132254855
[4.57935746 1.6839115  1.35389127 5.46894022 5.44150153 2.8049134 ] -281.7342406743185
[3.92237547 0.78325991 0.85321157 6.05687892 6.24401941 3.47323176] -277.8718040998608
[ 7.52837706  1.79904226  0.81202024  6.06322688  7.77713708 -0.40157816] -306.72067661356823
[7.75375131 0.33640565 3.73043859 7.43130314 8.17711509 3.41967763] -298.8356356142905
[4.40517776 1.63908931 3.69502389 5.5300776  4.19257541 5.40945942] -294.3177420953685
[ 6.31825165 -0.15616093  2.18790121  6.2489297   7.37235723  3.26625584] -275.4140195338545
[ 6.82099157 -1.78698726  1.95029524  6.67799432  8.81045569  3.57009179] -280.64427552195497
[3.39877228 2.44873627 0.60639666 3.81430256 3.42314983 2.45402153] -302.6426804152774
[6.66500655 0.8644883  2.94942811 6.527053   6.98862377 3.17826361] -282.95502313685944
[5.22634599 0.59874958 5.18607654 6.30840787 6.46741077 5.55306181] -282.8274090672013
[7.20577581 0.46879668 2.08849626 6.37243532 8.62991036 1.22651377] -282.82761855306893
[ 6.0522002  -2.44435388  3.1774818   6.48005993  7.50697326  3.68679149] -277.2379780853388
[ 5.06627982 -0.66368217  1.78357496  7.75826756  9.1521641   4.87611425] -264.0191649027506
[ 4.2342337  -1.34649429  0.82671735  9.18424099 11.10277907  6.35487545] -266.49771115298387
[ 4.59873643 -1.33561858  2.14281934  6.5479401   8.1356546   4.1823927 ] -282.12919778715565
[ 3.18895405 -1.54139871  3.02185888  6.76105937  6.3296161   7.11943551] -293.8459783256634
[ 6.20157037 -0.03375217  2.32183691  6.46959133  8.05483679  2.69974421] -272.601893495037
[ 5.49345866 -1.88218552 -1.03046794  6.87881464  9.0212577   1.8417816 ] -285.5130034934887
[ 5.29312416 -0.0214842   3.63194042  6.45100956  7.1058725   4.62524176] -273.596182616591
[6.35253079 0.49022743 2.50916295 6.60697223 7.00975316 3.36006707] -278.3545432123606
[5.9140822  0.03376593 2.41757705 6.5922142  7.29122852 3.56564848] -271.7643449904498
[ 7.692794   -1.87848238  4.32022589  7.27647851  9.25045806  4.10003358] -275.11886672736046
[6.10983387 1.53775523 2.37687035 7.11877036 8.56866581 4.02422121] -273.7725187757014
[ 5.77430982 -0.18579898  3.42944065  7.63984747  9.10205137  4.69741199] -265.7046670645278
[3.76027274 2.10075026 1.00018756 6.73342165 7.17448163 4.06276038] -280.21679013885625
[ 6.70966369 -0.88367422  3.4902163   7.14071429  8.73146396  4.09071528] -269.29832229058877
[ 5.54317615 -2.12263051  3.31465842  6.89844445  7.91053994  4.16073745] -271.1744629319014
[ 6.44323653 -1.26377318  1.95382768  7.7153502   9.64155573  3.40488212] -265.944502155153
[ 5.6153457  -1.66151221  3.14126144  8.11202139  9.22149774  5.56542565] -263.65282081315314
[ 5.32223337 -2.47539224  3.5509737   8.93323642  9.80482822  6.99826637] -266.6384847019472
[ 5.80325503 -2.29412302  3.28674944  8.49600092 10.62852909  5.36611377] -260.9703317460241
[ 5.74784145 -3.45806749  3.72133563  9.44789428 12.29717937  6.26634641] -261.047807410073
[ 6.26085404 -0.19489076  2.38036507  8.7222895  10.91521405  5.17281691] -267.86754905539664
[ 4.9447633  -1.20425256  1.83485677  9.00721139 10.82220674  5.60353961] -262.47776942917324
[ 4.95487602 -2.22948995  2.76287191  7.52061014  8.6074542   4.66501222] -267.43716904494556
[ 5.28137053 -1.72084015  2.6672452   7.82102998  9.18439416  4.79196339] -263.4181096540148
[ 4.38520487 -1.31296319  3.42721514  8.56277603  9.72872534  6.89530743] -271.40925701795516
[ 5.92872861 -1.27607068  2.32217455  7.92720666  9.66334813  4.27748845] -262.3769634751381
[ 5.10560451 -2.75436128  1.58251347  8.73406516 10.45532862  5.46280305] -261.5426560809793
[ 5.82674274 -2.97337113  3.16135866  8.94091094 10.83960406  5.47966373] -260.0236990599393
[ 6.2069742  -4.1282156   3.85025051  9.53223264 11.68332404  5.78143847] -261.0525373402332
[ 5.34814254 -2.41282739  1.81037126  8.86345363 11.30963919  4.76176502] -259.47412853619835
[ 5.21454096 -2.78848498  1.14492616  9.23916975 12.35370991  4.3599347 ] -260.6521596524211
[ 5.70437505 -2.58416187  1.99876285  9.50191958 12.05515778  5.52516115] -258.91587237589454
[ 5.91587731 -3.01582272  1.66452167 10.34236439 13.49053958  5.89176002] -261.9555678266147
[ 6.2941862  -3.56071923  2.88578663  8.48064091 10.82832889  4.68745877] -264.37080127411286
[ 5.28211902 -1.79336922  2.09758924  8.87556877 10.82373727  5.3745194 ] -260.01378038985695
[ 5.09468435 -3.66133396  2.32360709  9.87676634 12.37398387  6.37918692] -261.1294657615298
[ 5.9141684  -2.48536758  3.31029937  9.45080823 12.22155513  5.49933361] -258.68731025147486
[ 6.31845034 -2.35087073  4.17419232  9.80917977 13.10466839  5.51759889] -260.77654911579987
[ 6.19824991 -1.18640611  2.89810318  8.16612102 10.2520903   4.2896653 ] -261.85238736916153
[ 5.37057574 -3.042602    2.46723111  9.44910501 11.84351048  5.85680652] -259.3589905705818
[ 5.3454528  -2.80311004  1.66178806  9.8645878  12.40253888  5.46630271] -259.64225486706334
[ 5.16153511 -2.06710824  1.28732197  9.72757006 12.71244219  5.34829907] -259.46680883869743
[ 5.66596419 -3.33835648  2.0810023  10.07691267 13.35787728  5.44470329] -258.1999565459565
[ 5.85788678 -4.11085011  2.07270883 10.67758463 14.62494728  5.47979523] -259.3154728107325
[ 5.70946755 -2.50703114  2.65654156  9.1586686  12.0975218   5.34572018] -258.6035247139025
[ 5.82721948 -2.92871504  2.79001513 10.25820776 13.45304903  6.24490959] -260.4101883070154
[ 5.46791177 -2.5417993   2.05528222  9.21214216 11.84549165  5.13255116] -258.44427219187344
[ 6.11595246 -3.43266455  3.56905117  9.22228202 11.76126252  5.58645956] -259.74547245210385
[ 5.40013945 -2.40849732  1.85775427  9.60124805 12.47464727  5.4078392 ] -258.4360072983638
[ 5.9167664  -2.24580257  2.18598308  9.55146142 12.84057315  4.92829634] -257.81215344205947
[ 6.18986172 -1.84740286  2.04535906  9.60263963 13.33910449  4.46404126] -258.75261737604103
[ 5.6537642  -2.59145627  2.71685808  9.5151608  12.89073098  5.06098678] -257.76097796463273
[ 5.62845878 -2.59510347  3.0759057   9.5217814  13.30851758  4.8288996 ] -258.64718917622577
[ 5.35716945 -2.72561345  1.2075078   9.587723   12.94739224  4.94069871] -259.14768165609127
[ 5.77491866 -2.54542905  2.78460148  9.48503693 12.40301441  5.35967489] -257.95178234630185
[ 5.58368734 -2.71674919  1.90395225  9.98865208 13.17325645  5.09896371] -258.5735669357019
[ 5.6151324  -2.66431967  2.09209958  9.78115621 12.90432279  5.16065282] -257.93839739226325
[ 5.87431666 -2.72282115  2.51748404 10.12484987 13.77823031  5.32149995] -258.1989216489991
[ 6.10014805 -2.96089774  2.93492192  9.91027791 13.58360237  5.01743216] -257.4497652633112
[ 6.45015236 -3.23709796  3.47350574 10.06479284 14.13807992  4.82222864] -257.91792500240547
[ 5.97905126 -1.905219    2.99631376  9.37906837 12.77561406  4.83814436] -257.72143299569746
[ 5.80561033 -2.24822029  2.71944193  9.08253735 12.02105561  4.80022917] -257.98524273592034
[ 5.82278691 -2.3668705   2.66895245  9.34311548 12.46034929  4.93054687] -257.58260369609974
[ 5.92096441 -2.36609287  2.41377481  9.67504314 13.41538314  4.61901156] -257.26467384906607
[ 5.99398728 -2.27642479  2.22836148  9.77004624 13.9215675   4.2486799 ] -257.513806138683
[ 6.18269468 -2.14779331  3.21350179  9.34355283 13.08442821  4.63748653] -257.50926287746836
[ 5.96970345 -2.53364066  3.46212453  9.50394475 13.22946286  4.77290641] -257.66204463735863
[ 6.33801872 -2.1687151   3.17967167  9.53650669 13.29221566  4.54418918] -257.8283019313076
[ 5.82482783 -2.48577097  2.83256148  9.52049727 12.99110215  4.93178738] -257.3921120906309
[ 5.96132385 -3.04846969  2.8456319   9.71974209 13.47916194  4.79824594] -257.49037004259134
[ 5.96787847 -2.5916577   2.17432359  9.66679815 13.10854617  4.87193041] -257.6175451550426
[ 5.96833471 -2.57715344  2.49627382  9.6260848  13.13877534  4.84717441] -257.32057781311306
[ 6.16331093 -2.82852217  2.90993612  9.92195054 14.10380177  4.68649913] -257.2015227029411
[ 6.33357294 -3.05934801  3.03042795 10.21136807 14.92552801  4.56447526] -257.5817697242793
[ 5.79694191 -3.27450899  2.26419823 10.11431242 13.81951403  4.99589699] -257.68087864929765
[ 6.08625649 -2.42947223  2.9761759   9.53624273 13.26819966  4.72708915] -257.24100129788394
[ 6.05995696 -2.16750012  2.67558278  9.67695671 13.35445953  4.81141865] -257.59382566899967
[ 5.98598213 -2.8282273   2.80311962  9.70904574 13.44798634  4.80153912] -257.24406601091994
[ 5.88307745 -2.21084859  2.54235867  9.41934349 13.20481376  4.52026809] -257.50497996349714
[ 6.0458804  -2.77338545  2.8367811   9.78754431 13.48890522  4.89314114] -257.23345277005205
[ 6.23208186 -2.78184685  2.64612565  9.89813981 13.96324834  4.59303079] -257.46637924604545
[ 5.92664134 -2.55978994  2.78595252  9.61490791 13.2341387   4.84709823] -257.2198443609345
[ 6.07467719 -2.68467655  3.07897287  9.78882665 13.84736293  4.67761837] -257.1748236214339
[ 6.12784843 -2.7384381   3.37032239  9.87019757 14.20165673  4.59284035] -257.3632942127642
[ 6.17328508 -3.00193168  3.38320457  9.77779615 13.7147484   4.92531682] -257.4104975606452
[ 5.98404458 -2.52505257  2.65613225  9.70073139 13.49022445  4.69558787] -257.1658355207023
[ 6.10762152 -2.43873901  2.94486397  9.7410221  13.69622457  4.70747218] -257.1699562068392
[ 6.01446883 -2.84058301  2.76137038  9.9820849  14.01868622  4.77538316] -257.21123409248725
[ 6.04437439 -2.51906896  2.87562826  9.79563019 13.97457433  4.57007851] -257.16719956768935
[ 6.20285781 -2.71909082  2.95634876 10.02850735 14.47615272  4.52378151] -257.3119047427496
[ 5.99569546 -2.59961516  2.82855158  9.71830777 13.5446422   4.76626905] -257.14459820523473
[ 6.10877253 -2.35797514  3.00332464  9.57340464 13.53359054  4.59245854] -257.22610769339724
[ 6.03804475 -2.71993104  2.82185894  9.87991484 13.8974123   4.72965201] -257.1480000614553
[ 5.91817503 -2.33383893  2.82539984  9.61952711 13.37967849  4.69572687] -257.20119319902085
[ 5.979459   -2.45750974  2.84653391  9.69513296 13.56070931  4.69341993] -257.1460810172682
[ 5.97506938 -2.40196228  2.57888344  9.72141976 13.54056612  4.70987481] -257.2025298613792
[ 6.04977524 -2.61399798  2.95395051  9.77197493 13.77066373  4.68568248] -257.1367193106894
[ 5.92284296 -2.70631947  2.71602119  9.77954193 13.71651754  4.67275777] -257.20719878587664
[ 6.06142688 -2.50563413  2.88765327  9.75065205 13.70129781  4.69879358] -257.13484938974
[ 5.99177424 -2.62151124  2.78926522  9.70994113 13.34707561  4.85305647] -257.2144451491493
[ 6.03122436 -2.54467953  2.8540375   9.77420792 13.81769965  4.640823  ] -257.1342346447602
[ 6.06783065 -2.62206995  3.07472966  9.8293321  13.94058388  4.70929214] -257.1511162590111
[ 6.04688413 -2.59781561  2.9700803   9.79718192 13.82799402  4.70586607] -257.13221038084595
[ 6.01677693 -2.38648634  2.95841008  9.62257102 13.51025661  4.66729936] -257.18079489227927
[ 6.0327278  -2.63656987  2.85599673  9.81557888 13.80062338  4.71406385] -257.1302372293347
[ 6.09311895 -2.70859435  2.93688939  9.84750153 13.92693095  4.71041274] -257.1412428204596
[ 6.10935699 -2.60281533  2.99098432  9.86739131 14.07042764  4.61894485] -257.15642010433925
[ 6.02411084 -2.6004152   2.86915977  9.75557865 13.67608856  4.729438  ] -257.1309432618332
[ 5.9889308  -2.45777642  2.86006997  9.70755659 13.60452477  4.68114292] -257.14300907996267
[ 6.06707191 -2.64588987  2.91768454  9.81251529 13.84632941  4.70309529] -257.13073991020644
[ 6.03804007 -2.56300342  2.83092019  9.79659665 13.78601388  4.71167745] -257.1257162411144
[ 6.03217248 -2.53750614  2.76940504  9.80890751 13.79368895  4.72467493] -257.13559824910715
[ 6.01859282 -2.69049037  2.87830641  9.83323439 13.88361849  4.70286097] -257.1424663930045
[ 6.05071836 -2.55184819  2.88531656  9.77129764 13.74687798  4.69981043] -257.1272893594875
[ 6.05529335 -2.65383452  2.92234852  9.80870842 13.74360943  4.78049403] -257.1366807783188
[ 6.0372416  -2.57196828  2.87111526  9.78283305 13.79917709  4.67574075] -257.1276601336045
[ 6.0364194  -2.59208267  2.77331738  9.78095146 13.72370941  4.70540918] -257.1349897527731
[ 6.04426795 -2.59638237  2.92088957  9.79312431 13.80192287  4.70575185] -257.12714109196276
[ 6.06591172 -2.5881388   2.89148118  9.83506995 13.91755964  4.67394187] -257.1327448356543
[ 6.03456106 -2.5973461   2.87474012  9.77545148 13.73645633  4.71556397] -257.12658750598126
[ 6.0121137  -2.52648287  2.82864161  9.76577871 13.71069444  4.70444081] -257.1290679674669
[ 6.03958645 -2.49910721  2.88121104  9.74611506 13.72642416  4.69026457] -257.1267920664801
[ 6.06935813 -2.60006899  2.92608931  9.78936069 13.82159633  4.69516219] -257.1278496295102
[ 6.05504702 -2.58167246  2.90172738  9.78346519 13.79387086  4.69748185] -257.12552823086446
[ 6.05016537 -2.55781831  2.8938197   9.77251706 13.73134493  4.73110928] -257.1265854530779
[ 6.03650427 -2.57992844  2.88245278  9.78445894 13.77846636  4.71747256] -257.1234129022391
[ 6.02939723 -2.59396856  2.88102089  9.7910396  13.79426055  4.72630363] -257.1240815849421
[ 6.0403668  -2.52990961  2.8340675   9.75974382 13.71560264  4.71543804] -257.1256332861644
[ 6.04530841 -2.63745223  2.85803152  9.81129599 13.78749418  4.73931648] -257.1280222968572
[ 6.04101694 -2.53369347  2.87541616  9.76241029 13.74169166  4.70252755] -257.124498060765
[ 6.05248576 -2.5179958   2.86472778  9.77761251 13.77920711  4.70967161] -257.12454929236026
[ 6.03765492 -2.54424942  2.8359509   9.78224541 13.80027257  4.6869804 ] -257.1238728085786
[ 6.04965184 -2.53281297  2.90052731  9.75338207 13.75035652  4.69817989] -257.1252549752293
[ 6.05042012 -2.56687458  2.91953327  9.78811432 13.83235239  4.68866658] -257.1266876150726
[ 6.04288013 -2.53915085  2.85543394  9.76683644 13.74479008  4.70874518] -257.12368158674946
[ 6.03168427 -2.50093786  2.83644224  9.75885003 13.73772391  4.71037722] -257.12333573103325
[ 6.02000289 -2.46057056  2.80379967  9.74654245 13.70965043  4.7168249 ] -257.1268940141808
[ 6.03109026 -2.5391723   2.81628063  9.7907558  13.77702738  4.71374495] -257.1260960054902
[ 6.04501145 -2.53440281  2.87946564  9.7627255  13.75702423  4.70207116] -257.1234212919632
[ 6.0257649  -2.55945848  2.85699277  9.76156303 13.74078249  4.69971975] -257.1264447207562
[ 6.04580555 -2.52836147  2.86279403  9.77360014 13.76960096  4.70718364] -257.12312698571776
[ 6.03882992 -2.54198348  2.84209702  9.7804952  13.78760104  4.70841584] -257.1213262687454
[ 6.03773641 -2.54612848  2.82543745  9.78953765 13.81055573  4.71135998] -257.1206454817276
[ 6.0422191  -2.53205388  2.87805779  9.76309083 13.73244785  4.73208951] -257.12253903440984
[ 6.03677355 -2.53478679  2.86611603  9.77725126 13.78381627  4.71810618] -257.1205291573568
[ 6.03372026 -2.53260477  2.87145708  9.78245866 13.80332937  4.72278668] -257.1199395386434
[ 6.03087851 -2.53893549  2.83941482  9.78793991 13.78701716  4.73168538] -257.1202923200048
[ 6.03751043 -2.47974555  2.82208169  9.7673668  13.7684253   4.72102158] -257.12197293291143
[ 6.04427249 -2.55167202  2.86330538  9.79581464 13.81940155  4.73166504] -257.1179965108828
[ 6.05056659 -2.5770391   2.87673695  9.81429694 13.86024037  4.74230895] -257.1170209799244
[ 6.03173822 -2.54047429  2.84160123  9.79463013 13.81773764  4.74656705] -257.1159754108157
[ 6.02470456 -2.5465307   2.83100483  9.80514512 13.84180598  4.76625875] -257.11498116533033
[ 6.02948649 -2.54160748  2.81065315  9.81915753 13.89134345  4.73305093] -257.1180870586428
[ 6.03152052 -2.61453646  2.86281973  9.83214514 13.89633872  4.74812865] -257.12231674874505
[ 6.03601295 -2.51344327  2.8322662   9.78356138 13.80040365  4.72779834] -257.1189538406517
[ 6.03072005 -2.53725845  2.86174023  9.8079822  13.85082426  4.7632697 ] -257.1155201864611
[ 6.03752512 -2.54389244  2.85520466  9.8162607  13.89563187  4.75347241] -257.11465124563665
[ 6.04084843 -2.54637091  2.86309958  9.83042109 13.94993922  4.76436592] -257.1160467665457
[ 6.03595166 -2.55398572  2.81774492  9.83300929 13.91008716  4.77259968] -257.11453817155564
[ 6.03706735 -2.56467619  2.79088884  9.85828461 13.96346605  4.79750618] -257.1160885751423
[ 6.03363854 -2.58666135  2.85209537  9.84838921 13.94957404  4.7825218 ] -257.117345845873
[ 6.04154902 -2.5735151   2.8875225   9.82253695 13.87804444  4.7937595 ] -257.11351093922434
[ 6.04758029 -2.58946891  2.92595718  9.82422667 13.87139494  4.82411378] -257.11516164180347
[ 6.04003379 -2.52407915  2.85788932  9.78468786 13.79597065  4.74803453] -257.11730490890926
[ 6.03843498 -2.5397247   2.85644083  9.8006132  13.8343715   4.75665635] -257.1144526348272
[ 6.01906187 -2.52126327  2.82648238  9.81421888 13.87668137  4.79302984] -257.11430386649226
[ 6.03502236 -2.55571218  2.82972648  9.82261252 13.89471651  4.78198915] -257.1126260362197
[ 6.03717352 -2.56493905  2.81371961  9.82992768 13.91666263  4.79134887] -257.1125357931396
[ 6.04519416 -2.55257606  2.85470014  9.83371045 13.92868701  4.78736346] -257.1121119085395
[ 6.05543896 -2.55559874  2.86654779  9.84799311 13.97212752  4.79791582] -257.1108539301311
[ 6.03834488 -2.55911642  2.83428135  9.83317234 13.90035967  4.81496428] -257.11172452321006
[ 6.04071608 -2.55073338  2.87725324  9.81647809 13.88266189  4.80995854] -257.11104270127476
[ 6.03899313 -2.56866395  2.84549479  9.85416249 13.97447434  4.84366927] -257.1115297370438
[ 6.06500999 -2.60292562  2.88179072  9.85387134 13.96476213  4.82417558] -257.1110302623839
[ 6.05034316 -2.56047728  2.81884     9.85599806 13.99230495  4.83358462] -257.1095031611037
[ 6.05474023 -2.55395838  2.78449874  9.87272861 14.04943521  4.85349718] -257.1114608493811
[ 6.05910855 -2.56756608  2.89434969  9.85729747 13.97890087  4.85007383] -257.109808823368
[ 6.06485841 -2.57620526  2.89381072  9.86209451 14.02138423  4.83816161] -257.11054473214995
[ 6.07283193 -2.5691715   2.89870259  9.84374837 13.96290619  4.80762073] -257.10980343116637
[ 6.08181425 -2.59324812  2.87409393  9.89052286 14.08146675  4.84055219] -257.1118059017602
[ 6.05099063 -2.56136206  2.87646341  9.83498928 13.9323631   4.81760695] -257.11009483549185
[ 6.05284722 -2.52720136  2.86778068  9.84683559 13.98856683  4.82414561] -257.1092508657299
[ 6.04676584 -2.48933923  2.86077566  9.84331772 14.00046918  4.82413062] -257.11059483765797
[ 6.06155434 -2.56506244  2.88343457  9.85232799 13.9866812   4.85914863] -257.1075370554532
[ 6.06461204 -2.56979429  2.89187796  9.85449542 13.99395804  4.88976504] -257.107984078431
[ 6.05103353 -2.54074165  2.85271293  9.83497108 13.92585682  4.82589851] -257.1091465610622
[ 6.06491562 -2.54871138  2.86214341  9.86207023 14.01270919  4.84921703] -257.10776543086945
[ 6.05873338 -2.53622246  2.8335217   9.84135297 13.97744085  4.81646455] -257.10740564225887
[ 6.0585458  -2.52055065  2.80310771  9.83338073 13.97671084  4.79965991] -257.1097180167679
[ 6.04031049 -2.52363402  2.80744184  9.85410361 13.99828042  4.86186558] -257.109822137629
[ 6.06470157 -2.55778713  2.8758874   9.84633718 13.97174975  4.82118194] -257.1083478155918
[ 6.06758539 -2.53143152  2.90632024  9.83863362 13.96202993  4.83176747] -257.10886714030687
[ 6.06999406 -2.5661175   2.87022607  9.84506209 13.95692242  4.84374711] -257.1068995531336
[ 6.07856747 -2.58557557  2.87144876  9.84417534 13.94110021  4.85354786] -257.10845742734796
[ 6.07812792 -2.56103583  2.89113154  9.86029029 14.02998763  4.84794373] -257.1069811770415
[ 6.06509024 -2.58021406  2.83246133  9.86384663 14.01646709  4.84746686] -257.1089376130701
[ 6.0669616  -2.54362716  2.88785551  9.84493687 13.97563922  4.83569232] -257.1074896502623
[ 6.06872741 -2.54913846  2.86688353  9.8556763  14.00804375  4.86288917] -257.1058127954079
[ 6.07074033 -2.54481412  2.86238159  9.86034587 14.02619075  4.88374279] -257.10548174631435
[ 6.07045493 -2.55691512  2.88070692  9.83936846 13.97157817  4.84636268] -257.1067980417434
[ 6.07678307 -2.53784828  2.85850654  9.84479087 13.99257181  4.83216909] -257.10555999161517
[ 6.07464963 -2.55735728  2.84430261  9.85213331 14.00925799  4.854451  ] -257.10569321000787
[ 6.08818326 -2.57180692  2.90223005  9.85931065 14.01806207  4.88634091] -257.10525792623656
[ 6.1029082  -2.58959915  2.93658422  9.86828949 14.03837268  4.9212791 ] -257.10724916533405
[ 6.0721405  -2.55058391  2.84831972  9.8400468  13.96154011  4.8676608 ] -257.10518356348905
[ 6.06914678 -2.54535796  2.82691382  9.82992505 13.92731635  4.87751933] -257.10587458230543
[ 6.08098984 -2.54032438  2.86192308  9.85360322 14.03614455  4.87982865] -257.1047752848313
[ 6.08648774 -2.52742782  2.85777158  9.85787379 14.07575562  4.89786942] -257.1054614165374
[ 6.08404061 -2.54399651  2.84518094  9.86404178 14.04301093  4.8883684 ] -257.1042270005817
[ 6.09083345 -2.5375372   2.82741796  9.87637844 14.0787273   4.90937126] -257.10406247052094
[ 6.08524052 -2.53694766  2.87595703  9.85935864 14.02848754  4.89858684] -257.10268936498545
[ 6.09053597 -2.52674285  2.89178425  9.86297131 14.03810231  4.92065476] -257.10354199474443
[ 6.08592624 -2.55615645  2.86756994  9.87155701 14.05714563  4.94300799] -257.10535427779075
[ 6.09703094 -2.55297139  2.86542433  9.85973905 14.03384499  4.91118936] -257.10225333061453
[ 6.11017625 -2.55705003  2.86694571  9.85943565 14.0376721   4.92491265] -257.10280637155216
[ 6.0855466  -2.54056737  2.85952079  9.84458859 13.99512322  4.84131795] -257.10442386539876
[ 6.0824107  -2.51450372  2.81062425  9.8519276  14.0265605   4.88297737] -257.1032113005867
[ 6.10187686 -2.5237      2.85196943  9.87515172 14.10475592  4.90676301] -257.10298923866543
[ 6.09998985 -2.52841807  2.83504819  9.86877812 14.05302194  4.90357328] -257.1046941388488
[ 6.09523985 -2.53139464  2.84176691  9.8649844  14.04880259  4.89763712] -257.1029288191405
[ 6.09866417 -2.5251175   2.83153252  9.88459135 14.11193639  4.96085704] -257.104808247289
[ 6.088826   -2.5367049   2.85252372  9.85458928 14.02432651  4.87120272] -257.1026212988577
[ 6.09270817 -2.52787024  2.87200394  9.84553846 14.01019871  4.88008088] -257.1019970840793
[ 6.09364552 -2.52303675  2.89429692  9.83011847 13.97593442  4.86543569] -257.10315212363906
[ 6.10456342 -2.55535922  2.90925753  9.86785959 14.05691159  4.90550927] -257.1030511192042
[ 6.09902524 -2.54514535  2.88459921  9.86387659 14.04932382  4.8998763 ] -257.102168013766
[ 6.08414671 -2.5533114   2.87878896  9.84087709 13.9602388   4.87942806] -257.10460755167725
[ 6.09744432 -2.53110285  2.85867431  9.86658306 14.06862664  4.89992927] -257.10260011005005
[ 6.09151855 -2.54551948  2.89462727  9.8515773  14.02280015  4.889318  ] -257.1026437558474
[ 6.10361055 -2.54282374  2.86666056  9.85460927 14.0412194   4.88527868] -257.1019446377811
[ 6.11279556 -2.54576179  2.86201232  9.85223459 14.04758533  4.8786246 ] -257.1034761020358
[ 6.10136319 -2.53335334  2.83866809  9.86340128 14.05304655  4.89320107] -257.1032962414163
[ 6.09397971 -2.54247795  2.88063747  9.85453329 14.03036175  4.89028877] -257.10203728633195
[ 6.10577365 -2.54409226  2.89014289  9.86037063 14.05353192  4.91767837] -257.1022078832886
[ 6.09993176 -2.55402413  2.89448183  9.84630604 14.00420022  4.89486818] -257.1023275605378
[ 6.0993099  -2.54829381  2.88552995  9.85137529 14.02030682  4.89613345] -257.101850099237
[ 6.10110479 -2.53059639  2.89443367  9.85036212 14.03446915  4.87858945] -257.1022706211947
[ 6.0980494  -2.54737764  2.87267667  9.85739482 14.03400103  4.90303938] -257.10186690837304
[ 6.08978734 -2.54057064  2.86389304  9.84873862 14.00827192  4.86722079] -257.1024785101795
[ 6.10177707 -2.54321186  2.88358043  9.85746262 14.04221692  4.90506397] -257.10163560592457
[ 6.09745303 -2.53887306  2.86909712  9.84309466 14.01011106  4.88675208] -257.10179605796503
[ 6.10365633 -2.54033884  2.86921208  9.84862509 14.0223229   4.89516071] -257.1020204346266
[ 6.10123718 -2.54087361  2.87206843  9.85010214 14.02433261  4.89394273] -257.10151253906207
[ 6.10777087 -2.55928101  2.87786712  9.85914115 14.04719723  4.90998921] -257.1026228845748
[ 6.09647384 -2.53572293  2.87346973  9.84893913 14.01944834  4.88755796] -257.1015691391405
[ 6.09448959 -2.54196056  2.88548022  9.84818028 14.00891953  4.90555118] -257.10187585211946
[ 6.09676983 -2.54217636  2.8807753   9.84978753 14.0169945   4.90048306] -257.1017315504734
[ 6.09962421 -2.5356729   2.88216365  9.84285897 14.01046906  4.88693837] -257.10202288378736
[ 6.09844311 -2.54445146  2.87504841  9.85376086 14.02811804  4.89901413] -257.1016617465697
[ 6.09807479 -2.53347595  2.86581653  9.84967369 14.026767    4.89480453] -257.1019172270567
[ 6.09900112 -2.54458934  2.88060159  9.85094989 14.02192187  4.89580122] -257.10164281825035
[ 6.10044769 -2.54480212  2.88608417  9.86057273 14.0408997   4.90720228] -257.10187799786246
[ 6.09820169 -2.54035533  2.87334389  9.84746418 14.01780822  4.89186463] -257.101689014951
[ 6.10160817 -2.54089182  2.87192886  9.85310541 14.0342875   4.89059849] -257.1016166468052
[ 6.1013118  -2.54289168  2.8788886   9.85730917 14.03896687  4.89879487] -257.10163034447703
[ 6.10202662 -2.53827563  2.87846413  9.85219526 14.03227334  4.89157229] -257.10188914975555
[ 6.09933899 -2.5429075   2.87590234  9.85336946 14.02915686  4.89715367] -257.10156387445556
[ 6.10158123 -2.53757712  2.87134454  9.85581275 14.04088117  4.89523601] -257.1019260994873
[ 6.09964615 -2.54283629  2.87828733  9.85216561 14.02666169  4.89565992] -257.101596582772
[ 6.09809497 -2.53882942  2.86660133  9.84753435 14.01540104  4.88283858] -257.1016245188552
[ 6.09748796 -2.53779551  2.86719741  9.84442953 14.01079581  4.88378891] -257.1016934873453
[ 6.10035584 -2.54161764  2.8759658   9.85408926 14.03192411  4.89504338] -257.10155304748906
[ 6.10145842 -2.54278718  2.88260616  9.85638932 14.03986933  4.90381347] -257.10158788553946
[ 6.0978953  -2.54135656  2.88083774  9.85191289 14.02284348  4.90045855] -257.1016841686197
[ 6.10067995 -2.54100801  2.87415608  9.85280728 14.0314265   4.89306351] -257.10153708945774
[ 6.10020192 -2.53880266  2.87310219  9.85306659 14.03205756  4.89453166] -257.10144081123576
[ 6.10047981 -2.53678585  2.87050962  9.85351708 14.03475549  4.89396753] -257.1018718123301
[ 6.09797082 -2.5375236   2.86561536  9.8477353  14.016246    4.88328416] -257.10157965044687
[ 6.09884272 -2.5388395   2.86986306  9.8498988  14.02215183  4.88841649] -257.10151134469123
[ 6.10374502 -2.54562671  2.87354957  9.85550538 14.03756815  4.89982584] -257.10170072089744
[ 6.09829164 -2.53819887  2.87348969  9.85058069 14.02397829  4.89062493] -257.1016183313885
[ 6.09952232 -2.53882108  2.87148262  9.8514827  14.02710469  4.89147407] -257.10147218886254
[ 6.10071955 -2.53983814  2.87258531  9.85158436 14.02819509  4.89423719] -257.1014828515912
[ 6.10044094 -2.53990534  2.87362913  9.85293694 14.03174203  4.89379758] -257.1014961014596
[ 6.10027888 -2.54021015  2.87453399  9.85357792 14.03199083  4.89478752] -257.1014997602848
[ 6.09977045 -2.54085508  2.87450226  9.85321802 14.03060721  4.89584266] -257.10150495998874
[ 6.09833788 -2.5372628   2.87328596  9.85100286 14.02575295  4.89104481] -257.1015590692043
[ 6.10197347 -2.54221469  2.87332588  9.85428598 14.03481285  4.89717875] -257.10155003312053
[ 6.10106458 -2.54097672  2.8733159   9.8534652  14.03254788  4.89564527] -257.10151328541093
[ 6.09924678 -2.53850077  2.87329594  9.85182364 14.02801793  4.8925783 ] -257.1014355258739
[ 6.09833788 -2.5372628   2.87328596  9.85100286 14.02575295  4.89104481] -257.1015590692043
[ 6.10036635 -2.53783763  2.87170746  9.85160603 14.0290955   4.89129278] -257.101901682249
[ 6.09991943 -2.54010072  2.87380356  9.85281502 14.03022928  4.89470519] -257.10147373747793
[ 6.0997381  -2.53844609  2.87143226  9.85099183 14.02712469  4.89232048] -257.101435797781
[ 6.09934176 -2.53826449  2.87160483  9.85098444 14.02583439  4.89281805] -257.10141025379914
[ 6.09879217 -2.53744406  2.87059267  9.8500082  14.02288056  4.89232828] -257.10139440122634
[ 6.09842069 -2.53753365  2.87198444  9.85181163 14.02760982  4.89174213] -257.1015881853691
[ 6.10014484 -2.53926202  2.87243509  9.85164118 14.02804877  4.89361343] -257.1014622189859
[ 6.09929595 -2.53699151  2.87031003  9.85018969 14.02484879  4.89091021] -257.101555595695
[ 6.09976356 -2.53932342  2.87293018  9.85215869 14.02888416  4.89375645] -257.10145757805464
[ 6.09977347 -2.53843859  2.87311348  9.85174734 14.02856653  4.89490212] -257.10141545227964
[ 6.09902717 -2.53772318  2.87238715  9.85162425 14.02779504  4.89319233] -257.1014109216017
[ 6.09916298 -2.53712837  2.87171105  9.85092859 14.02659661  4.89286127] -257.1015318174855
[ 6.09961341 -2.53877465  2.8726254   9.85185117 14.02831227  4.89353265] -257.1014445403589
[ 6.09931312 -2.53767713  2.87201583  9.85123612 14.0271685   4.89308507] -257.10139856712823
[ 6.09842835 -2.53727394  2.87117693  9.84941054 14.02179352  4.89160387] -257.1015301129839
[ 6.09975853 -2.53842048  2.87262087  9.85215258 14.02949155  4.89379971] -257.1014088686384
[ 6.09889898 -2.53762198  2.87324306  9.85187222 14.02751534  4.89430812] -257.10139189611834
[ 6.09847943 -2.53720993  2.87414846  9.85231241 14.02771067  4.89530195] -257.1015410198923
[ 6.09927437 -2.53727437  2.87136175  9.85105659 14.02645458  4.89462692] -257.1015327903906
[ 6.09925368 -2.53819417  2.87281239  9.85163188 14.02762709  4.89309045] -257.1014285700057
[ 6.09926747 -2.53758097  2.8718453   9.85124836 14.02684542  4.89411476] -257.1013742243336
[ 6.09927437 -2.53727437  2.87136175  9.85105659 14.02645458  4.89462692] -257.1015327903906
[ 6.09857902 -2.53705068  2.87112148  9.85096656 14.02533228  4.89204064] -257.1015392830609
[ 6.09947485 -2.53809161  2.87261548  9.85155215 14.02775797  4.89418675] -257.10140365387315
[ 6.09947455 -2.5378889   2.87192392  9.85106562 14.02609141  4.8940819 ] -257.1013907511559
[ 6.09864852 -2.5370144   2.87145789  9.85017498 14.02326152  4.89356858] -257.1015097006031
[ 6.09948103 -2.53806896  2.87233012  9.85165818 14.02793404  4.89374193] -257.1014014657426
[ 6.09893425 -2.53733572  2.87136815  9.85081075 14.02505379  4.89303327] -257.10139491396995
[ 6.09874582 -2.53711396  2.87133286  9.85042224 14.02391763  4.89324187] -257.10137009004416
[ 6.09837822 -2.53663646  2.87083422  9.84980428 14.02190943  4.89299184] -257.10150296442936
[ 6.09872463 -2.53731807  2.87141949  9.85057301 14.02359955  4.893951  ] -257.10136511365346
[ 6.09843038 -2.53713854  2.87112132  9.85024146 14.02181508  4.89438397] -257.1015136060161
[ 6.09903362 -2.53765359  2.87208428  9.85091914 14.02522951  4.89430871] -257.10136454947514
[ 6.0990833  -2.53781253  2.87244234  9.85097333 14.02531738  4.89494643] -257.10138197306134
[ 6.09925618 -2.5376151   2.87335696  9.85202533 14.02818573  4.89567384] -257.10137585967107
[ 6.09926844 -2.53743488  2.87074454  9.85021235 14.02377441  4.89414924] -257.1013818654638
[ 6.09862417 -2.53701662  2.87167055  9.85073452 14.02442601  4.89439791] -257.10150655611653
[ 6.09926195 -2.53767083  2.87186058  9.85098285 14.02567506  4.8941609 ] -257.10138436597634
[ 6.09883677 -2.53723469  2.8717339   9.8508173  14.02484236  4.89431891] -257.1013756502562
[ 6.09868639 -2.53740391  2.87317972  9.85178944 14.02709899  4.89438713] -257.1015328371752
[ 6.09912293 -2.53742714  2.87135334  9.85060662 14.02460555  4.89420871] -257.10138518165763
[ 6.09887912 -2.53748583  2.87175188  9.85074607 14.02441453  4.89412985] -257.1013905779914
[ 6.09888972 -2.53738378  2.87170857  9.85067069 14.02457357  4.89377529] -257.10136417509176
[ 6.09915055 -2.53761728  2.87196479  9.85108375 14.02603747  4.89421173] -257.10136988785274
[ 6.09893519 -2.53744414  2.87190909  9.85086822 14.02503594  4.89431381] -257.1013702975439
[ 6.0991449  -2.53763435  2.87272062  9.85147223 14.02670762  4.89499128] -257.10138931650147
[ 6.09915103 -2.53754424  2.87141441  9.85056574 14.02450196  4.89422897] -257.10137653282607
[ 6.09922255 -2.53760663  2.87218203  9.85111385 14.02628082  4.89448008] -257.1013822717261
[ 6.09898265 -2.53744887  2.87103377  9.85026823 14.02384547  4.89344825] -257.1013725231955
[ 6.09882504 -2.53742401  2.8711896   9.85034474 14.02346048  4.89361551] -257.1013843897266
[ 6.09912317 -2.53756097  2.87193393  9.85092157 14.02557574  4.89426394] -257.1013869419226
[ 6.09896167 -2.53751868  2.87189642  9.85079491 14.02490154  4.894042  ] -257.10138388978305
[ 6.09902013 -2.53750053  2.87183668  9.85087722 14.02530552  4.89399351] -257.1013709993617
[ 6.09891246 -2.53741396  2.87180883  9.85076945 14.02480476  4.89404455] -257.1013739257126
[ 6.09893619 -2.53741632  2.87137117  9.85046946 14.02420952  4.89361177] -257.10138690578594
[ 6.09902038 -2.53746401  2.87156149  9.85061822 14.02453777  4.89400213] -257.10137850073704
[ 6.09905613 -2.5374952   2.8719453   9.85089227 14.0254272   4.89412768] -257.101372349019
[ 6.09901731 -2.53750906  2.87221459  9.85107146 14.0256406   4.89438328] -257.1013850798458
[ 6.09899703 -2.53748588  2.87200374  9.85092096 14.02528283  4.89419041] -257.10138663646705
[ 6.09895493 -2.53744215  2.87177262  9.85077395 14.02493955  4.8938844 ] -257.1013790975665
[ 6.09897293 -2.53743949  2.87182693  9.85078148 14.02500039  4.89395149] -257.1013697846124
[ 6.09890109 -2.53739887  2.8717587   9.85072007 14.02468916  4.89390992] -257.10138224945814
[ 6.09895505 -2.53742389  2.87163503  9.85064445 14.02455567  4.89388871] -257.10137873818076
[ 6.0989257  -2.53745123  2.8718025   9.8507328  14.02473756  4.89390865] -257.1013828583039
[ 6.09891295 -2.53740005  2.87153987  9.85057007 14.02439155  4.89369353] -257.1013680656346
[ 6.09893653 -2.53737818  2.87161141  9.85065411 14.02464574  4.89379247] -257.10138297575855
[ 6.0989284  -2.53743297  2.87175472  9.85071313 14.0247146   4.8938796 ] -257.1013817283658
[ 6.09897024 -2.53744191  2.87165388  9.85066452 14.02470261  4.89378109] -257.1013792690384
[ 6.09895687 -2.53741079  2.87162424  9.85065526 14.02467318  4.89377857] -257.10138577307316
[ 6.09893552 -2.53742742  2.8717221   9.85069866 14.02470425  4.89385434] -257.1013841923358
[ 6.09890134 -2.53739191  2.87162422  9.85062038 14.02448256  4.89373441] -257.10138819677974
[ 6.09893133 -2.53741163  2.87176775  9.85072608 14.02478698  4.89386339] -257.10137861754123
[ 6.09892239 -2.53740383  2.8716718   9.85065757 14.02456462  4.893832  ] -257.10137025949757
[ 6.09892232 -2.53741296  2.8717406   9.85072232 14.02475656  4.89382985] -257.1013774854097
[ 6.09892998 -2.53741284  2.87168123  9.85066761 14.02463809  4.89377819] -257.1013717417669
[ 6.09890906 -2.53740837  2.87173165  9.85069191 14.02464409  4.89382745] -257.10137380160296
[ 6.0989336  -2.53741923  2.87180964  9.85075835 14.02483874  4.89390098] -257.10137442368153
[ 6.09890437 -2.53740204  2.87168007  9.8506634  14.02455158  4.89378453] -257.10138125798915
[ 6.09892459 -2.53740923  2.87174583  9.85071041 14.02472813  4.89384367] -257.10137858856103
[ 6.09891111 -2.53740444  2.87170199  9.85067907 14.02461043  4.89380424] -257.10137929816875
[ 6.09892122 -2.53740804  2.87173487  9.85070258 14.02469871  4.89383382] -257.1013736867232
[ 6.098913   -2.53739906  2.87170532  9.85066058 14.02456272  4.89381939] -257.10138025204134
[ 6.09891999 -2.53740949  2.87173178  9.85070689 14.0247081   4.89382723] -257.10137494804513
[ 6.09891533 -2.53740254  2.87171414  9.85067601 14.02461118  4.89382201] -257.10135986548784
[ 6.098913   -2.53739906  2.87170532  9.85066058 14.02456272  4.89381939] -257.10138025204134
[ 6.09889564 -2.53738724  2.87160444  9.85059711 14.02440467  4.89372194] -257.1013784605975
[ 6.09892411 -2.53741123  2.87175834  9.85071804 14.02473023  4.89385622] -257.10137730134863
[ 6.09890252 -2.53739316  2.87171135  9.85067335 14.02459238  4.89379865] -257.10137317326047
[ 6.09891886 -2.53740319  2.87169297  9.85066679 14.0245879   4.893827  ] -257.10137798030985
[ 6.09892265 -2.53740769  2.87169768  9.85067181 14.02462463  4.8938001 ] -257.1013867293434
[ 6.09891827 -2.53740529  2.87172451  9.85068929 14.02465494  4.89382791] -257.1013914710729
[ 6.0989122  -2.53740546  2.87172289  9.85068396 14.02462763  4.89382473] -257.1013874215948
[ 6.09892446 -2.53741088  2.87176189  9.85071718 14.02472496  4.89386149] -257.10136983587563
[ 6.09891374 -2.53740235  2.87170914  9.85067374 14.02460129  4.89381675] -257.1013794027499
[ 6.09892032 -2.53740115  2.87170617  9.85067567 14.02461981  4.89381727] -257.10137544627213
[ 6.09890909 -2.53739673  2.8717342   9.85068911 14.0246212   4.89384763] -257.10137100344724
[ 6.09891646 -2.5374002   2.8717311   9.8506923  14.02465119  4.89384127] -257.1013846933384
[ 6.09891442 -2.53740181  2.87171463  9.85067838 14.02461376  4.89382288] -257.1013602191153
[ 6.09890986 -2.5373989   2.87175449  9.85070311 14.0246732   4.89382964] -257.1013790624113
[ 6.09891661 -2.53740212  2.87170835  9.85067587 14.02460922  4.89382766] -257.1013866956099
[ 6.09891487 -2.53740218  2.87171438  9.8506772  14.02461247  4.89382244] -257.101378122486
[ 6.09891989 -2.53740671  2.87173802  9.8506966  14.02466807  4.89384175] -257.1013842649825
[ 6.09891221 -2.53739964  2.87172417  9.85068256 14.02461619  4.89383482] -257.10139302229214
[ 6.09890893 -2.53739785  2.87171275  9.85067468 14.02460178  4.89381033] -257.1013759262455
[ 6.09891783 -2.53740184  2.87171015  9.85067584 14.02461549  4.89381964] -257.10139763955203
[ 6.09891709 -2.53740286  2.87170355  9.8506714  14.02459954  4.8938245 ] -257.10139848054223
