[ 0.60118493 -0.25867574 -0.5029552   1.07477669  0.0595952  -2.26492142] -268.35426322247616
[ 0.60976574  0.83842288 -0.47840267  0.26313016 -0.00814686  1.26221464] -255.21274273799892
[ 1.28315923 -1.20074084  0.10272915  0.17687124  0.06002721 -0.69361655] -260.88399725583525
[ 0.43669462  0.44052102  1.30149468 -0.31868571  1.83990899 -1.61604988] -278.097569011141
[-1.28634335  2.33881315  0.17581187  0.28199589 -0.86549801 -0.21717395] -280.9368095635681
[ 0.44151788 -1.45376653  0.73566403 -0.43244628 -0.60406945  0.83064393] -262.68634304531383
[-0.19259621 -0.30554798 -0.15834613 -0.99120656 -0.06831513 -0.17875791] -262.88275372849085
[ 2.34625207 -2.98540888  0.15758275 -0.35784938  1.29183133 -0.66965511] -278.8662232610625
[ 1.43810322 -1.65435337  0.16214003 -0.19788806  0.75249899 -0.55653482] -264.50800874351467
[ 0.95701698 -1.78540821 -1.34788495  0.28309811 -1.77604567  1.0823925 ] -273.1545406213969
[ 0.82693639 -1.2289259  -0.68554004  0.13265216 -0.872057    0.40778191] -262.2043342832011
[ 0.86777715 -1.40962818  0.39570333 -1.4244058  -0.30628261  2.62216515] -260.95291418410903
[-0.15924983  0.06762452 -0.19153747 -0.5605803  -1.35211361  1.97334521] -265.9222816768852
[ 1.03876496 -1.2238589   0.07372065 -0.28856112  0.22634584  0.07593519] -259.666870629781
[ 1.88190332 -1.58728451  0.20630428  0.46695335 -0.43307916  1.680466  ] -257.2210841335175
[ 1.72791771 -0.48357195 -0.86415913  0.20799294  0.15967192  0.95433818] -255.51054096844044
[ 1.64282631 -0.45996126  0.49750524 -0.3319919   0.77156912  1.55938563] -259.83635510164964
[ 1.86033528  0.03729665 -0.54980415  1.58920402  0.56507864 -1.00925746] -260.457891033146
[ 1.63734522  0.24108848 -0.47434108  0.45870457  0.36711929  2.20131061] -253.87273151266257
[ 1.81443821  0.96200313 -0.76287619  0.59962123  0.52066534  3.64877419] -255.59987713025012
[ 0.98583914 -0.92901841  0.20334658 -1.33046136 -0.20391858  3.58714087] -259.0978568222805
[ 0.98435238 -0.58811287 -0.9420157   0.25791141 -0.73557163  1.6944162 ] -256.38142620482677
[ 1.57027622  0.3877001  -0.85680989  0.39663814 -0.51098752  3.71736031] -253.25935867212115
[ 1.83603185  1.1934796  -1.32207516  0.73923777 -0.8796542   5.53807288] -257.45451423429
[ 1.81801439  0.53176578 -1.33982131  2.01423822 -0.1830794   0.24956111] -261.5362713368708
[ 1.19388295 -0.56382236 -0.18244539 -0.49428647 -0.19870879  2.75274593] -255.17980261901255
[ 0.69261008  1.53118593 -1.47236223 -0.10358976  0.12420464  2.51366262] -255.24281193329264
[ 1.49291359  1.23844724 -0.50082443 -0.01504822  0.7132892   2.77279456] -257.4134554372963
[ 1.11149268 -0.13147285 -0.83171788  0.1896715  -0.37335643  1.96401079] -253.83123082515866
[ 0.54387325  1.25127268 -0.56786725  0.02876311 -0.35963047  3.84943012] -255.75970642015912
[ 1.4319066  -0.04986079 -0.79008616  0.16318548  0.02984632  1.67811116] -253.69795282289837
[ 1.82561305 -1.29050078  0.26776121  0.42927089 -0.35561596  2.01158853] -255.85399423994167
[ 0.97586082  0.82576426 -1.03733137  0.0296254   0.00424949  2.3881441 ] -253.56356081913432
[ 2.03048909 -0.60195727 -0.91250792 -0.01528395 -0.21913235  3.63834633] -255.81728422034692
[ 0.96494658  0.47832784 -0.58692898  0.19352663 -0.06089323  1.85624756] -253.55623277455683
[ 1.37005975  1.14767137 -1.34329307  0.97140371  0.0173681   1.84898225] -253.49888557862795
[ 0.83750233  0.64495484 -1.34104804  0.18931239 -0.66504371  2.28297478] -254.57063024179539
[ 1.4373845   0.34205507 -0.69101782  0.39135652  0.10907854  2.22172665] -253.0388653973638
[ 1.47198547  1.1753588  -0.93677122  0.52557379  0.23624366  2.60617989] -253.21821833706275
[ 1.16493118  1.50215327 -1.02729795  0.67285592 -0.09815998  3.20143576] -253.7313527013042
[ 1.36516274  0.33814272 -0.84938911  0.29060309 -0.00215525  2.05894231] -252.98565567949788
[ 1.75074426  0.46398771 -0.71740532  0.89340856 -0.07469806  2.38166889] -252.4222361864238
[ 2.13818598  0.28309944 -0.5574423   1.32530014 -0.11417183  2.37843129] -253.1002089773512
[ 2.02359107  0.80664408 -1.21129982  0.96280131 -0.01415694  3.08870587] -252.59564771413048
[ 1.83632167  0.02362479 -0.41093799  0.18205676 -0.10292662  3.5092124 ] -253.7962692212067
[ 1.48662523  0.86665973 -1.1102043   0.77406697 -0.01270558  2.26403978] -252.65221566331113
[ 1.60822154  0.94324926 -0.98188597  0.88263194  0.59152297  1.15639415] -254.56255116831792
[ 1.57976255  0.52658739 -0.88807891  0.51813659 -0.23535989  3.07711877] -252.52025549033362
[ 1.74243798 -0.06066656 -0.88569388  0.75121722 -0.31290939  2.42455421] -253.0063643305952
[ 1.87872345  0.63839663 -1.1963393   1.00538806 -0.32640691  2.87661663] -252.89196921159478
[ 1.61909845  1.27413932 -1.10521171  0.73025097  0.09108184  2.82447655] -252.72973216507137
[ 2.08101892  1.1873289  -1.22679068  1.3374144  -0.18859326  3.44526652] -253.5001395483938
[ 1.54412679  0.55043927 -0.9437395   0.55230592 -0.04876475  2.40552336] -252.49537550310706
[ 1.455926    0.85775587 -0.79564056  0.47160205  0.22820578  2.47056111] -253.1629213894816
[ 1.77302408  0.69323644 -1.09616461  0.87194156 -0.18775374  2.77510275] -252.4613741532382
[ 1.76685954  0.02837889 -0.88375245  0.79396933 -0.28222816  2.50624327] -252.85413758584968
[ 1.65603872e+00  9.62699209e-01 -1.04984689e+00  7.46180561e-01
 -2.24566018e-03  2.74491823e+00] -252.439603420412
[ 1.95580393  0.46787164 -0.85864072  0.74085786 -0.1749541   3.22697284] -252.53418138844
[ 1.39624238  0.41496314 -0.63999216  0.47814237 -0.22710179  2.44839574] -252.59291168931014
[ 1.55307955  0.51288337 -0.78281908  0.59930711 -0.17386558  2.60847328] -252.3990621633606
[ 1.32978806  0.76873949 -0.96737738  0.65290224 -0.06594179  2.10396225] -252.79175858036635
[ 1.79929996  0.5430886  -0.88582489  0.71886895 -0.14770102  2.9462202 ] -252.36607007043926
[ 1.77900857  0.71552414 -0.93718785  0.94253429  0.02368362  2.21018346] -252.47342088784507
[ 1.89293826  0.74670056 -0.87934338  1.03844109 -0.13876206  2.81666557] -252.4619822988664
[ 1.69603304  0.59200783 -0.86661354  0.68018165 -0.265359    3.21416618] -252.50848725820225
[ 1.75826469  0.68464506 -0.91954428  0.87694613 -0.04857703  2.46117914] -252.36056604232718
[ 1.53721216  0.54014624 -0.93785831  0.5304432  -0.07285164  2.48918859] -252.48393840039333
[ 1.80400674  0.69506198 -0.89397211  0.91144162 -0.12228445  2.73479633] -252.35484951613807
[ 1.66745389e+00  5.94218876e-01 -6.53639579e-01  7.10109423e-01
 -2.03686158e-03  2.51731593e+00] -252.35960270618443
[ 1.7882443   0.20192933 -0.56788819  0.82384671 -0.18747534  2.47163303] -252.54597351428225
[ 1.68909012  0.77250674 -0.92935722  0.7655971  -0.04855308  2.67659693] -252.33473286732462
[ 1.67298739  0.8034805  -0.9709804   0.63401488 -0.10630795  2.93319171] -252.3674392278749
[ 1.91062138  0.85145055 -0.96828708  0.9396856   0.01537878  2.8146268 ] -252.35675594176755
[ 1.86992487  0.57684344 -0.77922799  1.00686806 -0.0116166   2.45038673] -252.40117923877727
[ 1.72222176  0.74682123 -0.92304229  0.72722818 -0.08263512  2.81249046] -252.31480048362604
[ 1.71791956  0.90514621 -0.8767893   0.92480039  0.0514651   2.39278167] -252.43704585166853
[ 1.77895486  0.633603   -0.88356599  0.77035181 -0.09790949  2.80786056] -252.31134139038437
[ 1.76585156  0.74657573 -0.83107715  0.73119178 -0.06410304  2.9933832 ] -252.34867245255197
[ 1.88946158  0.88778753 -1.1561277   0.90505594 -0.13133194  3.09593549] -252.5040612724591
[ 1.72295581  0.66761104 -0.77926161  0.75884605 -0.03436063  2.66197082] -252.30406604868838
[ 1.5837389   0.56927603 -0.77847171  0.61519992 -0.16532738  2.7477393 ] -252.36799083785786
[ 1.82890076  0.78090692 -0.92083324  0.85856418 -0.02979776  2.79790493] -252.31536263511572
[ 1.69865155  0.75427958 -0.86174039  0.62581808  0.00316474  2.84860597] -252.42390423859334
[ 1.77766794  0.70986638 -0.88591418  0.84003573 -0.09092215  2.76324874] -252.3092846118347
[ 1.74074553  0.69052937 -0.94291436  0.84234924 -0.06395637  2.51330762] -252.34788064582867
[ 1.74702203  0.70454096 -0.91495506  0.81455987 -0.06399304  2.63332651] -252.3145316935194
[ 1.8368176   0.64194311 -0.83983357  0.82426485 -0.08465298  2.81567041] -252.29497130179735
[ 1.91068134  0.57666129 -0.79507175  0.85359872 -0.10270294  2.88520716] -252.31537744129722
[ 1.69964591  0.58722166 -0.82135767  0.71986466 -0.12169338  2.70028425] -252.31065100756283
[ 1.79879963  0.56810748 -0.78525373  0.84874615 -0.08187544  2.64829664] -252.3112223022173
[ 1.79125855  0.56490993 -0.75010719  0.77280988 -0.10647832  2.83245063] -252.30336500818424
[ 1.76342695  0.61295019 -0.73700999  0.81783729 -0.07541814  2.66611327] -252.290310189972
[ 1.755663    0.60262379 -0.66373199  0.84158003 -0.06417247  2.59523962] -252.301328907321
[ 1.73179129  0.69339329 -0.81924101  0.72914    -0.08929976  2.83161607] -252.2965286902731
[ 1.84166014  0.70966965 -0.78243152  0.86111328 -0.03868396  2.82340573] -252.2894268743236
[ 1.91266726e+00  7.70893649e-01 -7.62968447e-01  9.31737586e-01
  2.82075306e-03  2.88496648e+00] -252.31374009496605
[ 1.78496884  0.58695936 -0.68338078  0.74796805 -0.05204245  2.78049357] -252.29481139517645
[ 1.86035198  0.6023308  -0.75807308  0.82553173 -0.11449791  2.92127907] -252.30643940163338
[ 1.75730485  0.65129098 -0.77396448  0.77551747 -0.05439495  2.72679789] -252.28931056007315
[ 1.78073135  0.7338256  -0.79517992  0.81247043 -0.02501909  2.71558169] -252.28302386914706
[ 1.77546775  0.81828343 -0.81771629  0.83230071  0.01571052  2.65714721] -252.30277396793062
[ 1.85651195  0.61881968 -0.71802575  0.88391712 -0.02077076  2.67773812] -252.28930476333653
[ 1.75805043  0.66256205 -0.65683058  0.80867637 -0.00412347  2.64770634] -252.301267115716
[ 1.81712581  0.64709784 -0.79408282  0.82036773 -0.0645206   2.7736794 ] -252.283814171175
[ 1.82061817  0.73759196 -0.85018405  0.90910639 -0.04089339  2.68061179] -252.30887444439335
[ 1.79388118  0.62461751 -0.7250816   0.78825263 -0.04925518  2.75552313] -252.28337454413244
[ 1.85231147  0.71549022 -0.7925787   0.8293756  -0.00879671  2.82479538] -252.29727894248785
[ 1.78564808  0.6385852  -0.75090217  0.82072187 -0.05876278  2.7057838 ] -252.28281141255914
[ 1.7554076   0.59507595 -0.7366474   0.77263581 -0.05222384  2.6282956 ] -252.2899753018773
[ 1.82009701  0.68102123 -0.77098549  0.83899391 -0.04206893  2.7746282 ] -252.2830788365689
[ 1.8606936   0.6633647  -0.74412144  0.87939043 -0.03240417  2.74084689] -252.27926755680443
[ 1.91238798  0.66940157 -0.72919992  0.9313269  -0.02140878  2.74787139] -252.28728355114083
[ 1.76288039  0.71068435 -0.80875873  0.76948188 -0.06990616  2.81094291] -252.2848173735419
[ 1.78628828  0.68771818 -0.78607549  0.79809069 -0.05762231  2.77764172] -252.28002867319955
[ 1.79198736  0.6959463  -0.73003255  0.82560559 -0.02385688  2.71632241] -252.27988748134158
[ 1.81460072  0.7422029  -0.80068409  0.87017167 -0.0306562   2.72141177] -252.28462554461356
[ 1.79906106  0.65401385 -0.74398222  0.80873239 -0.04460544  2.74699529] -252.27951369173087
[ 1.7813729   0.67679672 -0.74577911  0.80934322 -0.03868796  2.69309573] -252.27535849508902
[ 1.76201085  0.67468446 -0.73317592  0.79451788 -0.03699748  2.65232949] -252.2757081271672
[ 1.82095242  0.60498272 -0.70511773  0.8348243  -0.06029409  2.74464692] -252.28150767812798
[ 1.82780379  0.68902229 -0.73413401  0.83127367 -0.02706083  2.76739919] -252.27434300859343
[ 1.84888164  0.71424083 -0.72574993  0.83654958 -0.01120986  2.79820688] -252.27648359294767
[ 1.79478325  0.75063796 -0.78959054  0.8159877  -0.01445177  2.73612015] -252.28258585968248
[ 1.81441012  0.64139653 -0.72623594  0.83011515 -0.04883351  2.74251523] -252.2770940680715
[ 1.83882133  0.65246195 -0.68868627  0.86339613 -0.01419396  2.69141653] -252.2780133265152
[ 1.84873358  0.62973905 -0.73094711  0.84847807 -0.04473841  2.74443387] -252.2762142996737
[ 1.85821739  0.66357989 -0.7126524   0.87859983 -0.02403417  2.71290719] -252.27339213962478
[ 1.88779555  0.66836291 -0.6969875   0.91353355 -0.01374854  2.69586314] -252.27644114695389
[ 1.79575944  0.65430078 -0.7020235   0.80767827 -0.03344545  2.70974236] -252.27354030112124
[ 1.80327774  0.66581647 -0.76190442  0.80509994 -0.05807282  2.76528133] -252.2725414647355
[ 1.78550595  0.67249373 -0.7985135   0.77595185 -0.08001226  2.80221373] -252.2768666398974
[ 1.82397816  0.68502187 -0.73624425  0.83004252 -0.02651304  2.72177132] -252.26788531177752
[ 1.82876217  0.70683454 -0.74124841  0.83000621 -0.0153528   2.71139937] -252.26513279154653
[ 1.78299756  0.72237784 -0.73496684  0.80552231 -0.02081294  2.70884118] -252.27296197770244
[ 1.85089979  0.69051389 -0.71653076  0.84338352 -0.02090504  2.76542781] -252.26755532501193
[ 1.81216757  0.67878551 -0.72230811  0.82548969 -0.03048025  2.69046722] -252.2641188369262
[ 1.80434946  0.67366712 -0.71639515  0.8225977  -0.03218995  2.65200124] -252.26180255300912
[ 1.84707527  0.71996248 -0.75920916  0.85405824 -0.02367713  2.72887702] -252.26291273422993
[ 1.78090328  0.72947755 -0.76409918  0.77495614 -0.03296939  2.73103546] -252.2648714315181
[ 1.85542501  0.67304617 -0.75149552  0.83784494 -0.04024277  2.74249956] -252.2604071373068
[ 1.89163874  0.64838033 -0.75975986  0.85400625 -0.04995769  2.75932875] -252.2646315674953
[ 1.85252725  0.73201744 -0.7210883   0.84918231  0.00296046  2.67846549] -252.25687673625316
[ 1.87715201  0.76511793 -0.70068024  0.87122349  0.0334771   2.63505758] -252.25939849788045
[ 1.80544769  0.72115455 -0.76798115  0.81283165 -0.02625215  2.64933157] -252.25604030715354
[ 1.78272164  0.73647488 -0.79370635  0.79755572 -0.02892571  2.59128345] -252.25777942520793
[ 1.81981382  0.70960723 -0.75217441  0.82048411 -0.03543751  2.68267074] -252.25082206070562
[ 1.81533964  0.71099358 -0.75763741  0.81572306 -0.04547986  2.66830643] -252.2455288615389
[ 1.87915149  0.6808029  -0.72716972  0.88912316 -0.02199108  2.64212498] -252.2607062114638
[ 1.82367158  0.67726478 -0.72137993  0.82170937 -0.03072132  2.61536607] -252.24937056884494
[ 1.87283809  0.72475935 -0.76585552  0.8528738  -0.02171896  2.68003013] -252.2461838859625
[ 1.7959316   0.73227573 -0.76797622  0.77426522 -0.03182712  2.70254144] -252.2515411834943
[ 1.79982694  0.75977564 -0.74914399  0.8043502  -0.01077021  2.58884748] -252.24710000359602
[ 1.78515793  0.7100571  -0.78890311  0.7780688  -0.05855034  2.62300888] -252.24400552755336
[ 1.75147326  0.69907692 -0.82281051  0.74251204 -0.08930574  2.59528057] -252.2494520169738
[ 1.82547424  0.71722084 -0.74898424  0.80283183 -0.04010379  2.64336857] -252.23282529703638
[ 1.83548751  0.71525399 -0.73948578  0.79783192 -0.0470296   2.64038708] -252.22265039468252
[ 1.84817564  0.70042575 -0.73949236  0.84925383 -0.03959631  2.56944058] -252.24293021651766
[ 1.82860367  0.76315702 -0.79212613  0.81099117 -0.04366044  2.64130745] -252.23011989358594
[ 1.86204055  0.68177329 -0.77868945  0.83056399 -0.07457496  2.6853127 ] -252.2411085088964
[ 1.78543021  0.70246089 -0.76625589  0.77460379 -0.08124488  2.59589091] -252.23291465098688
[ 1.83295886  0.71338243 -0.77734683  0.7980481  -0.06940565  2.58347611] -252.22413829746716
[ 1.87907422  0.71542736 -0.74222904  0.84236213 -0.05995361  2.61559606] -252.2226465595752
[ 1.92603236  0.7181125  -0.718892    0.8745088  -0.06065524  2.61188965] -252.22449121932817
[ 1.82635604  0.73005925 -0.79255201  0.76887987 -0.0856934   2.68454952] -252.21611362823606
[ 1.81544624  0.744876   -0.81908184  0.72869289 -0.10874194  2.74210399] -252.21344712842114
[ 1.79695968  0.76974594 -0.76681906  0.75361267 -0.06210375  2.58760783] -252.2073970267992
[ 1.76441925  0.81373227 -0.76088387  0.71513701 -0.05586815  2.5387554 ] -252.20407010408604
[ 1.86656637  0.7861488  -0.77746194  0.78975062 -0.04697492  2.65798445] -252.20069582997974
[ 1.90713444  0.82799275 -0.78306497  0.79732403 -0.02983994  2.68903122] -252.1956142874498
[ 1.84956984  0.74706458 -0.74857131  0.74880753 -0.07995252  2.62847583] -252.1854735030225
[ 1.86005293  0.73901835 -0.7267939   0.7177157  -0.09809856  2.62206002] -252.1697637475599
[ 1.854246    0.80538447 -0.74649964  0.73497313 -0.06377162  2.69916848] -252.17764482470673
[ 1.85797018  0.83355641 -0.78669864  0.71423638 -0.09172834  2.66185131] -252.16217353895152
[ 1.86921152  0.89270762 -0.81030506  0.67243862 -0.1140777   2.67258343] -252.1440071123487
[ 1.81109591  0.89247646 -0.80664739  0.613065   -0.0968457   2.70563812] -252.16093365447944
[ 1.87327378  0.91222798 -0.72564977  0.68819161 -0.04409195  2.5669749 ] -252.1390181881141
[ 1.90218756  0.99590397 -0.67893373  0.66794097 -0.01176695  2.47941036] -252.13524408134543
[ 1.97022353  0.90409561 -0.75653104  0.68601547 -0.08226535  2.75054181] -252.14072664602486
[ 1.84853804  0.91520275 -0.72550528  0.5667256  -0.12576869  2.62076952] -252.11136081721855
[ 1.81923984  0.95880774 -0.69672544  0.45142639 -0.17373306  2.58663867] -252.11048740333467
[ 1.88975776  0.98895211 -0.74547922  0.53456092 -0.12849082  2.57312232] -252.1019443130542
[ 1.90751365  1.08073594 -0.744969    0.43435481 -0.16085042  2.51009924] -252.11289820328136
[ 1.89385245  1.13862949 -0.77141339  0.49076675 -0.10429463  2.63391822] -252.115716875907
[ 1.97039498  1.06722239 -0.67981523  0.55465137 -0.10803047  2.52643348] -252.0888925000404
[ 2.05004451  1.15459536 -0.61639915  0.52544456 -0.11362286  2.43683117] -252.11314868266635
[ 1.94600718  1.12516282 -0.63266095  0.45601534 -0.08878272  2.51077152] -252.10499575027325
[ 1.83692306  1.1874639  -0.64514495  0.36577177 -0.12276754  2.35288971] -252.14178136897445
[ 1.93689841  0.97493768 -0.72868451  0.60595455 -0.09239089  2.65112879] -252.10555214222185
[ 1.91652932  1.08866677 -0.73932585  0.36318413 -0.22014058  2.68126064] -252.13766495013775
[ 1.905773    1.01909467 -0.69403176  0.59175176 -0.06386036  2.52987293] -252.1038614413621
[ 1.92883794  0.90609632 -0.62105232  0.57402003 -0.11413481  2.49207102] -252.09865929649945
[ 2.03998325  1.06834759 -0.67051589  0.65422494 -0.0248303   2.50782802] -252.1202242245947
[ 1.87442569  0.98619271 -0.69017305  0.50212602 -0.13650737  2.56693601] -252.09461961722155
[ 1.90150044  1.05596933 -0.62571966  0.46508727 -0.12087796  2.41527364] -252.1014573196702
[ 1.87755609  0.88267969 -0.71942946  0.61805045 -0.13518454  2.52379828] -252.11806234284074
[ 1.92889441  1.06454204 -0.65435308  0.49652412 -0.10038318  2.51402821] -252.09313013537331
[ 1.92549741  1.00389696 -0.64483243  0.45057148 -0.17228118  2.4994153 ] -252.10306174507616
[ 1.92056631  1.00769639 -0.65713226  0.48586655 -0.14517597  2.50702971] -252.0935608473682
[ 1.95178216  1.04028761 -0.56393599  0.49153087 -0.11321244  2.43413504] -252.09367335375615
[ 1.95680006  0.96804316 -0.66310098  0.56981905 -0.11827012  2.59827085] -252.08976922873882
[ 1.93878326  1.13856511 -0.68178455  0.45948597 -0.1263917   2.55687341] -252.09514320516814
[ 1.93629693  1.08044791 -0.66660149  0.48811948 -0.12332748  2.54067281] -252.0889632538981
[ 2.01381926  1.08988713 -0.60480662  0.52671113 -0.09962585  2.47325403] -252.09584481379204
[ 1.90927408  1.01211631 -0.66883145  0.5082723  -0.12728699  2.54351551] -252.08892058994965
[ 1.92229343  1.02640179 -0.76600884  0.54288676 -0.1276123   2.64251516] -252.10414826334693
[ 1.94440998  1.03681615 -0.6144542   0.50436984 -0.1168124   2.48623007] -252.08770709944596
[ 1.96145717  1.0686996  -0.65858655  0.55471884 -0.08619424  2.56268727] -252.08778228200546
[ 1.96398332  1.01323981 -0.66277689  0.56345951 -0.12625739  2.57190845] -252.08530976041706
[ 1.98152778  0.98758869 -0.66698879  0.59692721 -0.1391945   2.60084857] -252.0910525176962
[ 1.9384721   1.12480423 -0.65392095  0.48804473 -0.11103287  2.47887835] -252.09277409280224
[ 1.95221807  1.00723343 -0.66080597  0.54937547 -0.11646081  2.56842272] -252.08616856111738
[ 1.96428227  0.98799465 -0.64848861  0.59016296 -0.10368662  2.54572636] -252.087344568473
[ 2.00964118  1.0482857  -0.6394777   0.59730703 -0.09186032  2.54362061] -252.08804967935347
[ 1.96160235  0.98686739 -0.61504808  0.56514651 -0.10572679  2.56643167] -252.08354018784382
[ 1.95720604  0.94668988 -0.5826645   0.57039408 -0.10457495  2.58643077] -252.0853701704265
[ 1.90634321  0.98533131 -0.64724239  0.51177068 -0.1265191   2.55684824] -252.0882181644576
[ 1.98381669  1.0325471  -0.64141888  0.57592295 -0.10052502  2.54692752] -252.08510461836312
[ 1.96198039  0.95286658 -0.62241099  0.56142691 -0.1369621   2.53252833] -252.09045816622057
[ 1.96158798  1.03974134 -0.64954266  0.55639586 -0.09888621  2.55514753] -252.08480441753125
[ 1.98475358  0.98572509 -0.67823949  0.62911791 -0.10036854  2.63195802] -252.09357795003285
[ 1.95449588  1.02404339 -0.63040052  0.53555686 -0.11270144  2.52266206] -252.08463693054514
[ 1.96161916  1.04656283 -0.63817572  0.52512276 -0.11649926  2.56477363] -252.08328781821015
[ 1.9602876   1.07584692 -0.63301928  0.49260265 -0.12290559  2.57429726] -252.08479972007527
[ 1.97681706  1.04043386 -0.61831494  0.55782601 -0.10373789  2.5408609 ] -252.08191760514248
[ 1.98911655  1.05703407 -0.59706943  0.56205128 -0.09737644  2.52707998] -252.08132043107398
[ 1.97342954  1.04902557 -0.59444154  0.54327256 -0.08431433  2.52243234] -252.0860677277255
[ 1.96634488  1.02218625 -0.64569305  0.55841277 -0.11577163  2.55953943] -252.08343702149182
[ 1.94777224  1.02626465 -0.61722428  0.5249724  -0.11512891  2.55161725] -252.08169935314652
[ 1.96539571  1.01457818 -0.5983277   0.534025   -0.12218195  2.54222047] -252.08126742364726
[ 1.96729958  1.0019966  -0.57272022  0.52283958 -0.13382982  2.53575694] -252.08243667228894
[ 1.97612109  1.02712107 -0.60677889  0.55435338 -0.11152689  2.58122542] -252.07964282898968
[ 1.98693369  1.02865992 -0.59496808  0.56375164 -0.11093961  2.61050711] -252.07872156388424
[ 1.97745839  1.07822792 -0.61543801  0.52429877 -0.12023914  2.55214761] -252.08010620205633
[ 1.97642037  1.06158961 -0.57470802  0.51966118 -0.11168347  2.55657593] -252.07912897021907
[ 1.98607983  1.04222195 -0.56106944  0.55113067 -0.10935057  2.54860916] -252.07740180420907
[ 1.99831016  1.04005151 -0.5225163   0.56413462 -0.10577622  2.54052692] -252.07731093331523
[ 2.01677271  1.06711575 -0.55045157  0.5643351  -0.10760337  2.55806876] -252.07923902171095
[ 1.98464713  1.03970689 -0.55506713  0.52801749 -0.12876482  2.59293562] -252.07662247713208
[ 1.98241242  1.0310433  -0.53406599  0.5110006  -0.14445901  2.62586343] -252.0782765176067
[ 2.01478511  1.09053902 -0.53938867  0.55404127 -0.1061536   2.59470017] -252.077346539258
[ 2.01516467  1.03099298 -0.49692858  0.57368166 -0.10340123  2.59895722] -252.0785658889591
[ 1.97531433  1.03006423 -0.54407403  0.53676086 -0.11463628  2.60666557] -252.0764674793709
[ 1.95458514  1.01153846 -0.54088526  0.52297373 -0.11815273  2.63096397] -252.07881426127346
[ 2.01529799  1.0250819  -0.50960625  0.58713467 -0.11154045  2.62485494] -252.07755960039597
[ 2.01423944  1.05681893 -0.46089225  0.55083855 -0.11248459  2.57570637] -252.07918552384533
[ 1.99376013  1.03569967 -0.56144912  0.56052337 -0.11132585  2.60180692] -252.0766301016352
[ 1.97887362  1.05605476 -0.58043859  0.53652243 -0.12266451  2.58820616] -252.0754635977517
[ 1.96072809  1.06858564 -0.62219359  0.51794282 -0.13229615  2.58283063] -252.07805545423196
[ 1.96659883  1.07229012 -0.5913717   0.50619867 -0.11823332  2.55009218] -252.07990149564574
[ 2.0031232   1.03688396 -0.53004761  0.56690067 -0.11321366  2.60616425] -252.07534779692617
[ 1.96322442  0.98894799 -0.55847559  0.54357855 -0.12597352  2.5840683 ] -252.0779619917828
[ 2.00189494  1.06514126 -0.5441604   0.55142559 -0.11110858  2.59204221] -252.0763055627666
[ 1.98089428  1.04779874 -0.58256266  0.52924885 -0.12812834  2.65541332] -252.0785635821855
[ 1.99395619  1.04198832 -0.53752789  0.55541318 -0.11136425  2.56924852] -252.07596461754125
[ 1.98550967  1.0542468  -0.5356561   0.5311567  -0.12259151  2.58328052] -252.07493275113902
[ 1.98138445  1.06352037 -0.52275959  0.51647337 -0.12822434  2.57401731] -252.07498088445743
[ 1.99491019  1.05508622 -0.53556774  0.56470898 -0.10309478  2.58893346] -252.07466260798327
[ 2.00004171  1.06277588 -0.52581804  0.58305472 -0.09025976  2.58693238] -252.076473836024
[ 2.01077494  1.07306954 -0.54372541  0.56528166 -0.11337616  2.56929281] -252.07652373239938
[ 1.98417948  1.04081556 -0.54398688  0.54389106 -0.11432125  2.59732238] -252.0752749982326
[ 1.97828918  1.02988394 -0.5435812   0.54810542 -0.11797475  2.58567622] -252.07458901280543
[ 1.96648631  1.01225529 -0.5432916   0.54644534 -0.12140783  2.58249323] -252.07496015392374
[ 1.98100559  1.04900209 -0.55223148  0.54168191 -0.11992257  2.61394581] -252.074217855908
[ 1.97453029  1.05250898 -0.55958327  0.53481628 -0.12420172  2.63629445] -252.0745250969814
[ 1.99679882  1.03258477 -0.49991841  0.56229248 -0.10770833  2.60356805] -252.07581826341297
[ 1.98335492  1.05018726 -0.56030854  0.54296494 -0.11892547  2.59204663] -252.07474932479576
[ 1.96595981  1.05619    -0.56039637  0.52393567 -0.11906311  2.58090409] -252.07479198907373
[ 1.9788303   1.05738321 -0.55192693  0.54029349 -0.11953615  2.5842732 ] -252.07360880926754
[ 1.97615572  1.06566704 -0.55589696  0.5384947  -0.1221436   2.57774861] -252.07308802679333
[ 1.97438213  1.04775872 -0.56700466  0.55547384 -0.11111658  2.59647109] -252.07390541362082
[ 1.99673943  1.04300509 -0.54446716  0.5732076  -0.11199613  2.60403652] -252.0743151248061
[ 1.98380583  1.04661378 -0.53927452  0.5642592  -0.109824    2.5968906 ] -252.0732578943065
[ 1.9685491   1.03889067 -0.56525092  0.54236524 -0.12789776  2.60265616] -252.07354310003612
[ 1.98192341  1.06709518 -0.5644607   0.55705541 -0.11632547  2.61157337] -252.07258632843553
[ 1.98374053  1.08570081 -0.57490045  0.5615304  -0.11550083  2.62452195] -252.073416520618
[ 1.95853449  1.06200407 -0.57023925  0.52656917 -0.12374719  2.59572536] -252.07322575069932
[ 1.96677797  1.06034106 -0.56847753  0.55305728 -0.11709563  2.57974259] -252.0721776694422
[ 1.95966416  1.06601055 -0.57660056  0.55874496 -0.11568216  2.56264098] -252.07245961909385
[ 1.97086672  1.06577855 -0.5541953   0.53845983 -0.12789464  2.59164114] -252.0718359581322
[ 1.96910901  1.07478847 -0.54779062  0.52995283 -0.13628367  2.58922617] -252.07251383676783
[ 1.97747227  1.08360923 -0.55226384  0.55026662 -0.11111242  2.5817844 ] -252.07271210984163
[ 1.96010437  1.08821794 -0.58257001  0.52370847 -0.12961564  2.58251456] -252.07368473983075
[ 1.97788046  1.05701482 -0.55009839  0.55412152 -0.11477191  2.59329659] -252.0724780114364
[ 1.99182436  1.07116456 -0.54489165  0.57058262 -0.1127007   2.58287021] -252.07326604084108
[ 1.96685696  1.06429419 -0.56390235  0.53757253 -0.12098557  2.59251157] -252.0725302613751
[ 1.97110355  1.06704397 -0.56190241  0.5583497  -0.11391828  2.60576795] -252.071747346747
[ 1.96857747  1.06773243 -0.56490514  0.5682772  -0.10980562  2.61977762] -252.07217464958157
[ 1.96766408  1.04358003 -0.5687484   0.54927213 -0.12588475  2.60972667] -252.07265626013506
[ 1.97011613  1.05358733 -0.56462726  0.54952076 -0.12219167  2.6027411 ] -252.07227613625474
[ 1.95927718  1.05559145 -0.55660705  0.5399718  -0.1226271   2.57699361] -252.07202466850433
[ 1.97181704  1.05549154 -0.55473363  0.56025443 -0.11851417  2.59088275] -252.071534307949
[ 1.97429709  1.05109021 -0.55014926  0.57159538 -0.11727848  2.59006835] -252.07168449755608
[ 1.9587724   1.06226315 -0.57008266  0.54574974 -0.12597525  2.58929312] -252.07124412245741
[ 1.94921837  1.06488732 -0.5800748   0.54156385 -0.13157692  2.58729139] -252.0720283498771
[ 1.96275549  1.06858258 -0.55737227  0.5490935  -0.11981669  2.57536595] -252.07194332984773
[ 1.96475282  1.06457602 -0.54982024  0.54423572 -0.12581975  2.59690559] -252.0706965722703
[ 1.96374025  1.06669349 -0.5404916   0.53982494 -0.1301818   2.60548709] -252.07129339062305
[ 1.97407883  1.07232048 -0.55942846  0.55874251 -0.12135249  2.60629189] -252.07106865455302
[ 1.97437496  1.06057532 -0.55934863  0.55283714 -0.12467484  2.6182282 ] -252.07163415005837
[ 1.96743315  1.06164494 -0.56424338  0.56826325 -0.11552362  2.61081536] -252.07142882551506
[ 1.96597285  1.05857985 -0.55731659  0.5516779  -0.1300351   2.59837103] -252.07086441916596
[ 1.95990074  1.06438333 -0.55919302  0.55680404 -0.12106529  2.57929172] -252.07155498815018
[ 1.96351929  1.06343133 -0.55923192  0.55581232 -0.12196768  2.58902584] -252.0708187098752
[ 1.95969274  1.07211372 -0.56530746  0.54790605 -0.12837712  2.60601819] -252.0711471309633
[ 1.96149649  1.06944991 -0.5561524   0.5331115  -0.13565217  2.58448653] -252.0722385760594
[ 1.96594899  1.06359618 -0.56222063  0.55947531 -0.12055576  2.60423315] -252.07087463221706
[ 1.97254944  1.06927604 -0.54769244  0.5602002  -0.12339405  2.61098877] -252.07048891279788
[ 1.97943796  1.07278249 -0.53649733  0.56742542 -0.12210345  2.62183659] -252.0705423495881
[ 1.97591467  1.05847958 -0.54659597  0.56214193 -0.11933115  2.59592057] -252.07132717222188
[ 1.96374822  1.06870518 -0.56062959  0.55146502 -0.12611563  2.60349378] -252.0704798903353
[ 1.95808505  1.05706772 -0.55287535  0.54887964 -0.12794349  2.59471416] -252.07122352536007
[ 1.97008038  1.06850729 -0.55779018  0.55627679 -0.12300024  2.60339746] -252.07080958889162
[ 1.96759202  1.06742905 -0.54860635  0.54708067 -0.12955505  2.59649434] -252.07053490216236
[ 1.96810787  1.07539512 -0.55060699  0.55334567 -0.1199157   2.6017309 ] -252.07121607268786
[ 1.96650661  1.06278367 -0.55563919  0.55209484 -0.12750525  2.59921099] -252.07066388700662
[ 1.9715572   1.07032775 -0.54749407  0.5479721  -0.12982898  2.61447114] -252.07057137491825
[ 1.96548839  1.06585862 -0.54550378  0.54473939 -0.13107266  2.60379074] -252.07113481448056
[ 1.96893238  1.06784512 -0.55471858  0.55339244 -0.12501835  2.60349578] -252.0706235043152
[ 1.97220914  1.07087959 -0.5551065   0.5598327  -0.12798602  2.61247935] -252.07057174029677
[ 1.97235619  1.07537058 -0.54910999  0.55455287 -0.12646078  2.61459672] -252.0704229832085
[ 1.97528098  1.08166404 -0.54584539  0.55578188 -0.12593854  2.62228959] -252.0712905759608
[ 1.97107169  1.07281761 -0.54816107  0.55364208 -0.12942849  2.61401225] -252.07036231951363
[ 1.97214134  1.07530386 -0.54488231  0.55376689 -0.13163356  2.61927049] -252.07032574886864
[ 1.96777234  1.0712579  -0.54436509  0.54517988 -0.12767666  2.6072924 ] -252.07112259795935
[ 1.97109994  1.07097417 -0.55242115  0.5561695  -0.12790868  2.61118261] -252.0704739191226
[ 1.96827185  1.07202521 -0.55361987  0.55977295 -0.12519361  2.60420443] -252.07034113304826
[ 1.97246364  1.07645596 -0.55417876  0.56489514 -0.12401371  2.62475127] -252.07043318900907
[ 1.96747762  1.07700228 -0.55725478  0.5533406  -0.13038127  2.61484433] -252.07097389867076
[ 1.97128149  1.0712076  -0.55008302  0.5584853  -0.12514086  2.61195266] -252.07039821876438
[ 1.97878992  1.07840728 -0.54080211  0.56441586 -0.12733477  2.62515894] -252.07106112871213
[ 1.96750865  1.07113071 -0.55567272  0.55470273 -0.12642041  2.60891007] -252.07039274258815
[ 1.97024111  1.07619047 -0.55009441  0.55922246 -0.12504563  2.6167126 ] -252.0709876579902
[ 1.97088523  1.07227824 -0.55183946  0.55693274 -0.12719292  2.61256511] -252.0703747937654
[ 1.96835127  1.06931611 -0.54755703  0.54784269 -0.13000033  2.5990819 ] -252.0704535040001
[ 1.97143555  1.074671   -0.55252333  0.56063203 -0.12551037  2.61833392] -252.07045058591098
[ 1.97020659  1.07366454 -0.54925109  0.55676992 -0.12841358  2.61173746] -252.07021753687187
[ 1.97151328  1.07379105 -0.54836089  0.55534982 -0.12941324  2.6159178 ] -252.07034300971088
[ 1.96982499  1.07321728 -0.55027751  0.55423481 -0.12902699  2.61409028] -252.07030851658052
[ 1.97171141  1.07325573 -0.54748267  0.55612609 -0.12838721  2.61561157] -252.07029964730717
[ 1.97224877  1.07533722 -0.54699615  0.55415988 -0.12904717  2.61693361] -252.07034790145298
[ 1.97230249  1.07587991 -0.54953053  0.55933102 -0.12782364  2.62201088] -252.0703590674135
[ 1.97024631  1.07230998 -0.54621967  0.55080479 -0.13081695  2.60917619] -252.0703122667721
[ 1.96963254  1.07184359 -0.54849523  0.55485756 -0.13018334  2.61166766] -252.07027251383306
[ 1.96974111  1.07274061 -0.54717527  0.55350354 -0.13007397  2.61126675] -252.07023308546724
[ 1.96831298  1.07037339 -0.55141817  0.55499868 -0.12733378  2.60524615] -252.07031411373302
[ 1.96927007  1.071606   -0.54978421  0.55469073 -0.12840873  2.60875224] -252.07028126705256
[ 1.9698826   1.0731326  -0.55126899  0.5592561  -0.12734766  2.61519913] -252.07026789267135
[ 1.97032312  1.07219708 -0.54754164  0.55749984 -0.12857784  2.61065466] -252.07020937524214
[ 1.97057218  1.07168697 -0.5461737   0.55913235 -0.12835327  2.60893684] -252.07022481299722
[ 1.96797393  1.07180574 -0.55035614  0.55606647 -0.12928116  2.60748106] -252.0708402486085
[ 1.97077704  1.07289323 -0.54820104  0.55611119 -0.1286107   2.61357894] -252.07030747401396
[ 1.97026485  1.07293081 -0.54839636  0.55713488 -0.12849571  2.61119606] -252.0702183069027
[ 1.97003211  1.07246884 -0.54735846  0.55550169 -0.1293259   2.6109607 ] -252.07023332616473
[ 1.97010286  1.07266484 -0.54940531  0.55837797 -0.12796275  2.61292689] -252.0702329225984
[ 1.96997783  1.07202033 -0.54801843  0.5561787  -0.12938059  2.61116116] -252.0702604100616
[ 1.96979659  1.07190154 -0.54866292  0.55609529 -0.12849328  2.60970345] -252.07025929227737
[ 1.97101726  1.0727264  -0.54751215  0.55681297 -0.12848252  2.61313312] -252.07025031669355
[ 1.97053444  1.07294283 -0.54827385  0.55762884 -0.12773208  2.61169713] -252.07023459691973
[ 1.97096162  1.07340873 -0.54749967  0.55822344 -0.12836565  2.61381941] -252.0702325197576
[ 1.9697224   1.0728113  -0.54864628  0.55797592 -0.12833746  2.6106185 ] -252.0701839531491
[ 1.96907497  1.07285376 -0.54921334  0.5585574  -0.12826492  2.6093612 ] -252.07081109867767
[ 1.96993455  1.07255103 -0.54800872  0.55727574 -0.12928969  2.61169494] -252.07019797316113
[ 1.97040436  1.07305242 -0.54914087  0.55999424 -0.1276838   2.61267611] -252.07027849678934
[ 1.97012517  1.07261474 -0.54780406  0.55662483 -0.12891538  2.61138956] -252.07020611204095
[ 1.97034105  1.07283972 -0.54656026  0.55653358 -0.12936449  2.61019748] -252.0701882400187
[ 1.96927543  1.07190616 -0.54815277  0.55612482 -0.12929454  2.60809766] -252.0702307459636
[ 1.96969698  1.07228181 -0.5479895   0.55664948 -0.12906232  2.60952809] -252.07019455181057
[ 1.9697829   1.07216775 -0.54712045  0.55705158 -0.12935335  2.61016502] -252.07017553734926
[ 1.96954193  1.07178623 -0.5464825   0.55700993 -0.12978216  2.6096495 ] -252.07016350946185
[ 1.96946424  1.07276453 -0.54762214  0.55652332 -0.12967266  2.61037137] -252.07082461890982
[ 1.9701084   1.07233894 -0.54756176  0.55725571 -0.12885155  2.61058383] -252.0701981689337
[ 1.96965659  1.07225494 -0.54727895  0.55760862 -0.12931384  2.60936789] -252.07017571805227
[ 1.96952277  1.07250274 -0.54742697  0.55709538 -0.12953178  2.6097683 ] -252.07017684503006
[ 1.96955935  1.07227455 -0.5467861   0.55701523 -0.12917433  2.60801498] -252.07081845499425
[ 1.96984075  1.07248191 -0.54770307  0.55721061 -0.12926085  2.61077495] -252.07018801947916
[ 1.96984485  1.07261047 -0.54670985  0.55782854 -0.12946788  2.61059745] -252.07020030518677
[ 1.96973395  1.07236397 -0.54766958  0.55694424 -0.12916371  2.60979543] -252.07018532865547
[ 1.96899842  1.07189397 -0.54850885  0.55808132 -0.12909877  2.60979405] -252.07017700858967
[ 1.96921793  1.07205581 -0.54763465  0.55769453 -0.12914839  2.60888961] -252.07015903578832
[ 1.96890652  1.07184276 -0.54760044  0.55793649 -0.12909216  2.60794694] -252.07080105763433
[ 1.96915273  1.07207102 -0.54765648  0.55821099 -0.12924043  2.60956718] -252.07080014496916
[ 1.96958864  1.07229074 -0.54766631  0.55726093 -0.12918289  2.60973837] -252.0701782743546
[ 1.96911969  1.07145017 -0.54635313  0.55694098 -0.13034849  2.60845074] -252.0708252087608
[ 1.96957172  1.07247102 -0.54807299  0.55771719 -0.12884021  2.61007656] -252.07018454104082
[ 1.96937993  1.07192102 -0.54705857  0.55735223 -0.12946528  2.60926955] -252.07018868115085
[ 1.96943726  1.07215537 -0.5474568   0.55765158 -0.12923112  2.60912875] -252.070178117948
[ 1.96937035  1.07227927 -0.54753081  0.55739496 -0.12934008  2.60932895] -252.0701647183593
[ 1.96910817  1.07197489 -0.54807175  0.55788793 -0.12912358  2.60934183] -252.07018381362826
[ 1.96940329  1.07217327 -0.54765048  0.55747773 -0.12916564  2.60931399] -252.07018169226134
[ 1.96947017  1.07243356 -0.54814046  0.55783523 -0.12874292  2.60975405] -252.0701723135703
[ 1.96928913  1.07243637 -0.54843641  0.55796175 -0.1287853   2.60931617] -252.070177690143
[ 1.9696212   1.07253633 -0.54754478  0.55745066 -0.12901424  2.60923535] -252.0701798143527
[ 1.96939873  1.07245897 -0.54793082  0.55785184 -0.12892171  2.60923698] -252.07017735408968
[ 1.96910665  1.07207012 -0.5481652   0.55801263 -0.12904227  2.60931616] -252.0701614021485
[ 1.96918039  1.07242266 -0.54848932  0.55793207 -0.12876244  2.60948522] -252.07018133919553
[ 1.96937304  1.07222219 -0.54771493  0.5577217  -0.12911395  2.60921787] -252.070193718189
[ 1.96916229  1.07206297 -0.54789992  0.55785358 -0.12909533  2.60910288] -252.0701662466321
[ 1.96929414  1.07216754 -0.54758273  0.55754474 -0.12924424  2.60910928] -252.07017620534603
[ 1.96934405  1.07224468 -0.54788755  0.55776488 -0.12894566  2.60932183] -252.0701710075185
[ 1.96930833  1.07225739 -0.54778273  0.55777318 -0.12903505  2.60906329] -252.07016241477908
[ 1.96925353  1.07224609 -0.54803553  0.55782814 -0.12896685  2.60910289] -252.0701651261707
[ 1.9693276   1.07210559 -0.54754572  0.55767305 -0.12918975  2.60900918] -252.07016115204112
[ 1.96924377  1.07215663 -0.54801264  0.55798438 -0.12888277  2.60905395] -252.07016063378884
[ 1.96916043  1.07205014 -0.54774951  0.55783741 -0.12916039  2.6087521 ] -252.0701683861512
[ 1.96920634  1.07209878 -0.54778402  0.55781928 -0.12910671  2.60889453] -252.07016009331056
[ 1.96935687  1.0722438  -0.54769851  0.55773727 -0.12901451  2.6089016 ] -252.0701751266789
[ 1.96921094  1.07210817 -0.54784957  0.5578245  -0.12907513  2.60905256] -252.07016468866155
[ 1.96925144  1.0720147  -0.54750092  0.5577615  -0.12917909  2.60888482] -252.07016721273732
[ 1.96925301  1.07218824 -0.54790187  0.55781148 -0.12901991  2.60904837] -252.0701752447364
[ 1.96921213  1.07207729 -0.54770933  0.5577569  -0.12912755  2.60889207] -252.0701642540063
[ 1.96923085  1.07210622 -0.54782364  0.55783945 -0.12901558  2.60897178] -252.07016528012403
[ 1.96927276  1.0720807  -0.54759018  0.55768379 -0.12916907  2.60894939] -252.0701549782486
[ 1.96926313  1.0721566  -0.54770869  0.55773386 -0.12909172  2.60897645] -252.07017232074492
[ 1.96921443  1.07208199 -0.54774211  0.55775952 -0.12911176  2.60897108] -252.07016183240765
[ 1.96923573  1.07215095 -0.54783509  0.55776133 -0.12905762  2.60899625] -252.0701630642368
[ 1.96919815  1.07202772 -0.54773631  0.55776465 -0.12911827  2.60891361] -252.07016966040896
[ 1.9692144   1.07205994 -0.5477294   0.55775695 -0.12911163  2.60892932] -252.07016135761785
[ 1.96922495  1.07206267 -0.54758994  0.55763156 -0.12922642  2.60890413] -252.07017113799037
[ 1.96922937  1.07209533 -0.54776522  0.55778748 -0.12906829  2.60895487] -252.0701729968058
[ 1.96924535  1.07206825 -0.54761241  0.55768916 -0.12915873  2.6089195 ] -252.07016386303906
[ 1.96924358  1.07207032 -0.54765979  0.55772037 -0.12914035  2.60893936] -252.0701647539759
[ 1.9692436   1.07208134 -0.54766614  0.55772165 -0.12914041  2.60896024] -252.07014983329415
[ 1.96925425  1.07211582 -0.54771263  0.55772256 -0.12911334  2.60897282] -252.07016062505355
[ 1.96924245  1.072079   -0.54764976  0.55772035 -0.12914831  2.60892073] -252.07016459440177
[ 1.96925181  1.07209346 -0.54770691  0.55776162 -0.12909233  2.60896058] -252.07016137697426
