[-0.93633281  1.02347357 -0.30861601 -0.78172947  0.4122905  -1.0704292 ] -255.91403591738512
[-1.55903952  0.08415245 -1.26661675 -0.11574433 -0.91236023 -0.21365599] -265.14869778030686
[-3.77314018e-01  1.08493517e+00  8.41435998e-01 -2.11407122e+00
  8.25874635e-01 -1.29719210e-04] -248.85148600324933
[ 0.94101799  0.92593124 -0.15764073 -0.04382876 -1.15997306 -0.5391502 ] -258.12607624451863
[-0.09328608  0.89009893 -1.61701119  0.80923521 -0.26227908 -0.79654008] -260.8975326971739
[-2.28726917 -0.96674256  1.3722026   1.07020167 -0.25373141  0.72271284] -285.12739043027454
[-0.13304875 -0.19641282 -1.25718558 -0.79930342 -0.41924919  0.22837923] -244.0573436145245
[ 1.56793477  2.23746874 -2.62741402 -2.085349   -0.25150073 -1.51988816] -250.88833764433105
[ 1.88202989  1.90434583 -0.44219376 -1.55593789  0.62741459 -1.01893005] -250.7182194234263
[ 1.0747151   1.43648165  0.29980648 -3.26930846  0.273898   -0.51017596] -245.74851155384152
[ 0.08497674  1.5708328  -1.00708157 -3.49140439  1.64954899 -0.75790775] -246.76687692615937
[ 2.30276406  1.65574355 -1.08892814 -3.65672866  0.48970494 -0.12245493] -249.12838164583263
[ 0.04343956  0.24783999  1.7426985  -2.87690234  1.40056472  0.7928151 ] -246.8969389288423
[-0.88351899  0.02879428  0.28577566 -3.84663495  0.77936611  0.89577204] -245.33554637389838
[-2.36634751 -0.26491986  1.39074464 -1.80914627  1.01362948  0.33870591] -258.9284719844742
[ 1.13548616  1.1755777  -0.46900994 -3.19483306  0.62068607 -0.00716472] -242.6135800483747
[ 0.81799729  0.3361027  -0.97643481 -3.71205765  0.6090636   0.2140357 ] -240.18808769650573
[ 1.41565295 -0.03831354 -1.88537022 -4.51105087  0.50065808  0.32111841] -247.73459658215032
[ 0.65542962  1.20261878 -2.78407509 -3.22761163 -0.22946019 -0.77183558] -248.04591437589124
[ 0.19643708  0.48653469  0.6110051  -2.96457967  0.99305849  0.40165243] -241.74096203393452
[ 0.65104589 -0.48180674  0.50506721 -2.43750134 -0.69727463  1.16540733] -246.0208117378362
[ 0.5095286   0.03135315  0.12703001 -2.70097711 -0.11056873  0.68457856] -241.4461342779601
[-0.52708797 -0.81583176 -0.859413   -2.47015349  0.55022079  1.31592704] -237.24414681701597
[-1.3279895  -1.94198846 -1.43902275 -2.07057601  0.68838218  2.22897854] -239.4846194924922
[ 1.54995646  0.3103136  -1.22711174 -1.43399985 -0.03162909  0.0500307 ] -240.75286816546893
[ 1.36048796  0.70442951  0.32587412 -4.69289686  1.2961929   0.657974  ] -245.550698628159
[ 0.24033543  0.02879776 -0.86142065 -1.77270178  0.00961133  0.33577793] -239.4662356695809
[-0.20643053 -1.04982099 -0.59310509 -1.82332346  0.05256606  1.00783217] -237.90171274958297
[ 0.59832935 -0.87289653 -2.0744902  -1.67315811 -0.63330384  0.80107494] -239.92551704161664
[ 0.31483807 -0.71913155 -2.32435518 -1.59415435  0.29607834  0.55698093] -237.02628798565544
[ 0.21749281 -1.0943739  -3.55004777 -1.04074297  0.49940187  0.49318212] -240.20894610159888
[-1.13729592 -1.34124039 -1.33596124 -2.91451643  0.32637452  1.3605122 ] -241.7740628467929
[ 0.87814337 -0.1025749  -1.25432411 -1.804129    0.05787181  0.37765108] -238.05724244020863
[-3.85288053e-01 -1.51325535e+00 -1.67926793e+00 -4.82408541e-04
 -4.98048768e-01  1.25104566e+00] -245.31060634020417
[ 0.51717596 -0.12623681 -1.15214309 -2.78416384  0.33228551  0.47328819] -237.2927112837518
[-0.19267124 -0.05536955 -0.27376351 -2.40971719  1.06618178  0.55474418] -240.3876880260873
[ 0.4005792  -0.66851479 -1.62430853 -1.85729788 -0.20843243  0.73949225] -237.61650760011744
[ 0.21873727 -1.18950136 -1.74112901 -2.33837223  0.35058535  1.15461263] -235.06592988384662
[ 0.20793819 -1.79865092 -2.18098319 -2.62120745  0.52107237  1.56402998] -234.6934089018182
[-0.64247239 -1.62348737 -1.65711191 -2.57930449  0.45672506  1.50819911] -236.32809922088302
[ 0.29675422 -0.86746341 -2.67299988 -2.81210371  0.59675049  1.044807  ] -235.98768115472475
[-0.34486384 -1.31508582 -1.99136023 -3.0963979   1.12614328  1.4149185 ] -234.8007513643976
[-0.74880719 -2.25364679 -2.7432647  -2.27360995  0.8500446   1.99499933] -236.34659118130295
[ 0.22155032 -2.04332353 -3.66394536 -2.52210579  0.73205059  1.37871791] -236.70030773016384
[-0.65147164 -2.58142107 -2.64553325 -3.70742209  1.13151713  2.41157634] -238.61822222067033
[ 0.07326065 -1.18470393 -2.40464969 -2.12247128  0.50493804  1.02062979] -235.48201307628347
[-0.60761378 -0.97102255 -0.88617784 -2.64625914  0.61984069  1.47047666] -236.98165790869004
[ 0.0142593  -1.77524829 -2.96950348 -2.55314413  0.70399812  1.4016576 ] -235.26789253956412
[ 0.61709923 -0.60123312 -1.88227142 -2.98793303  0.45316452  0.65641466] -236.35242885810095
[-0.40733059 -1.84054338 -2.52801638 -2.45219072  0.75082458  1.66035316] -235.18764685301772
[ 0.58914504 -1.30374454 -3.2587257  -2.63986724  0.94451723  1.1939329 ] -237.88689072268423
[-0.33456804 -1.54355166 -2.05751536 -2.59444518  0.5786731   1.42963256] -235.04683147516258
[-0.56052233 -2.28513125 -2.03767623 -2.33451517  0.79846601  1.7856002 ] -234.88305883258104
[-0.54828975 -2.33469984 -2.18370193 -3.0948289   0.98812112  2.06476755] -235.1398853216987
[-0.67680475 -1.93063934 -1.35691429 -2.84471765  0.8837687   1.90477638] -235.22189437015678
[-0.50403874 -1.89179157 -1.76006159 -2.77182427  0.83882606  1.77899669] -234.7426064358581
[-0.28745091 -1.88242698 -1.54241646 -3.05221556  0.86627606  1.68562866] -234.52272835016888
[-0.22751107 -1.90336878 -1.0496165  -3.35222798  0.92400181  1.69826641] -235.23030539393196
[-0.05954547 -1.23751289 -1.67296909 -2.39537294  0.58836451  1.15483465] -234.86514445408804
[-0.181593   -1.92664815 -1.67097357 -2.82939925  1.00104299  1.69837034] -234.1707953870877
[-0.10510548 -2.11819639 -1.47770267 -2.94687629  1.21222794  1.83273923] -234.33282398392046
[ 0.17067108 -1.06557419 -1.56857848 -3.25429062  0.84877575  1.31332607] -235.1541252447443
[-0.37772398 -1.98024199 -1.92040179 -2.56445903  0.81104344  1.66753167] -234.44780164851218
[-0.43636528 -2.36076892 -2.01576318 -3.24979488  1.13310356  2.11499063] -234.83230517894393
[-0.34216033 -2.07995491 -1.93006466 -3.03618939  0.9969188   1.87495163] -234.43021834281024
[-0.15014574 -2.53815235 -1.67694019 -2.52870042  0.55224996  2.00825115] -234.7170608449301
[ 0.12699348 -2.17690019 -1.8805317  -2.77223277  0.74404182  1.72059112] -234.19109735902447
[-0.13451977 -1.41012203 -2.03151693 -3.09653406  1.09454854  1.39544998] -234.5869132567223
[-0.60675636 -2.02011383 -1.47765184 -3.16246924  1.31688485  1.78347782] -234.3378763681528
[-0.4217106  -2.61197332 -1.44249641 -2.70912102  0.81752078  2.08140043] -234.62121284775003
[-0.20631748 -1.71058485 -1.8842618  -2.9996808   1.0252916   1.56693759] -234.2633332487764
[-0.24173498 -2.08238766 -2.04554533 -2.73592793  1.09879843  1.75165806] -234.51023268601787
[-0.25316396 -2.03239749 -1.91976311 -2.81499984  1.04066784  1.73515071] -234.24817526007268
[-0.1099419  -2.00195782 -1.6673471  -3.30719807  1.23057252  1.79229474] -234.23560963741713
[-0.06809941 -1.87624587 -1.57011171 -2.92580393  1.12258174  1.55732248] -234.10905677494645
[ 0.06893105 -1.77439135 -1.39013524 -2.8706112   1.18541322  1.3985079 ] -234.43845361091928
[ 0.37604894 -1.88813096 -2.05334448 -2.72063565  0.73784799  1.57341117] -234.52176815892432
[-0.36105504 -1.98711811 -1.621575   -3.05201084  1.17212563  1.73096116] -234.1255325567472
[-0.07596913 -2.28983769 -1.55917227 -2.90086743  1.07838592  1.84462592] -234.03509965110825
[-0.01079496 -2.57946411 -1.3966275  -2.85146075  1.10493308  1.98347009] -234.17324194663212
[ 0.02994229 -2.05383845 -1.40347401 -3.11417092  1.07558237  1.71290454] -234.0481820464405
[-0.0666517  -2.10157167 -1.56793232 -2.55763032  0.8340143   1.62929711] -233.9926207364486
[-0.04500659 -2.15137859 -1.51822492 -2.18284644  0.63573519  1.5477983 ] -234.1867407572608
[-0.36813547 -1.90151979 -1.25054793 -3.02106146  1.35053584  1.67056939] -234.4820696843688
[ 0.00321124 -2.10805509 -1.72303575 -2.83443994  0.89566532  1.70808569] -234.02428759135407
[ 2.05241610e-03 -2.21224081e+00 -1.47746012e+00 -2.96557521e+00
  1.05840877e+00  1.69602863e+00] -233.88253258631596
[ 0.09387512 -2.35503715 -1.3807034  -3.03366319  1.08709166  1.69485778] -233.8609057269629
[ 0.33315784 -2.27441053 -1.44656815 -2.73684774  0.85898147  1.65140334] -234.04318889782104
[ 0.17395463 -2.51800433 -1.45685025 -2.80006925  0.8206586   1.85640232] -234.0891424979689
[ 0.11344112 -2.35756471 -1.48516561 -2.83150292  0.89613939  1.78163236] -233.95892468376846
[ 0.10374587 -2.44165382 -1.65071849 -2.51747959  0.80784365  1.72372953] -233.94182502412616
[-0.27594033 -2.27682952 -1.67567447 -2.82168006  1.00739861  1.80933945] -234.0178973341057
[ 0.06652958 -2.25706629 -1.60190441 -2.63126458  0.76433173  1.60435472] -233.82907866313593
[ 0.13777893 -2.2406806  -1.62327049 -2.49646315  0.60730463  1.48421911] -233.84133575384266
[ 0.00845531 -2.4885193  -1.39766381 -2.62996694  0.90327446  1.70631796] -233.7857685144126
[ 0.01107735 -2.6787514  -1.23497784 -2.52773044  0.90707903  1.70543409] -233.78744954609485
[ 0.38240544 -2.39030813 -1.35235488 -2.57882245  0.75683312  1.5707237 ] -233.9071194741216
[ 0.32280251 -2.66181147 -1.38823789 -2.84993624  0.90449037  1.73124157] -234.04110449928407
[ 0.03071186 -2.24163162 -1.52300871 -2.6307068   0.85163332  1.65478323] -233.8695725855114
[ 0.11513327 -2.36717406 -1.48361895 -2.5091316   0.82752992  1.53662328] -233.72230874719793
[ 0.11597934 -2.37197873 -1.48284562 -2.34794594  0.79322519  1.41411874] -233.70971156643876
[ 0.12890634 -2.25985991 -1.26210845 -2.76664371  0.91095284  1.49132251] -233.65131525071126
[ 0.14148658 -2.16896296 -1.06780343 -2.89122577  0.96250743  1.375119  ] -233.63674976026866
[-0.23005951 -2.23742389 -1.46562158 -2.80943529  1.03052148  1.57912677] -233.71348280132787
[ 0.03471028 -2.38469782 -1.27583871 -2.81712711  0.99535067  1.46984843] -233.5218644712649
[ 0.0367095  -2.45623092 -1.15225371 -2.91033726  1.06720934  1.37738103] -233.42521112795603
[-0.04750819 -2.30502355 -1.34199413 -2.37306206  0.75326488  1.32394829] -233.58957661784626
[-0.05817523 -2.41898015 -1.03415635 -2.68939318  1.07233587  1.32098254] -233.48079589375644
[-0.02231115 -2.16434744 -1.1172278  -2.71049955  0.98974694  1.09057417] -233.359494695174
[-0.03769438 -2.00226151 -0.97700979 -2.75076586  1.03298318  0.78270227] -233.3755752838504
[ 0.28545312 -2.39108403 -0.93313877 -2.49805263  0.84890841  1.05491448] -233.42646495034063
[-0.00409447 -2.26289762 -0.73267911 -3.00957755  1.10476576  1.10018777] -233.48310636404992
[-0.07812872 -2.49722495 -1.03601319 -2.50574831  0.98290297  1.04754376] -233.26810197457277
[-0.18793636 -2.66135594 -1.02011807 -2.31300958  0.99310073  0.88375614] -233.35946268178645
[ 0.10065921 -2.42523149 -0.65982885 -3.06814076  1.26869154  1.00657962] -233.48436246691384
[ 0.06361736 -2.3951795  -0.83037017 -2.89437109  1.13983488  1.08592179] -233.36377001947085
[ 0.07981609 -2.51145138 -1.30170755 -2.39322312  0.92888037  1.22558482] -233.5034385970223
[ 0.01688317 -2.32503606 -0.87493622 -2.85548894  1.06079441  1.13153703] -233.36584004442255
[ 0.15891633 -2.32405415 -0.94715693 -2.76877275  0.95746311  0.94164154] -233.25675018269865
[ 0.26746211 -2.27659114 -0.90365723 -2.80846254  0.90002674  0.75197104] -233.3395263848305
[-0.22689096 -2.32960697 -1.05284724 -3.05035334  1.21707548  1.16995196] -233.31618824382292
[-0.06601415 -2.2222521  -0.8005968  -2.68474073  1.04872993  0.77834239] -233.31274542828154
[-0.07382027 -2.31918564 -1.05313449 -2.68267298  1.05112335  0.90645484] -233.1804353188923
[-0.11917199 -2.31626043 -1.14223363 -2.596265    1.04628782  0.79391374] -233.16482448776475
[-0.18148424 -2.22273584 -1.20165503 -2.54442214  0.94090054  0.85473406] -233.26720877955097
[-0.14861343 -2.47303071 -0.94293981 -2.67293454  1.07470634  0.77146832] -233.08739150009734
[-0.21176457 -2.62737234 -0.85579581 -2.65415203  1.11718604  0.61191539] -233.0587253726374
[ 0.06100851 -2.4070263  -0.94163656 -2.20101365  0.81408132  0.50607834] -233.29704901469728
[-0.0575274  -2.57597257 -1.24090025 -2.40538389  0.90421068  0.80693322] -233.0531320423367
[-0.05328403 -2.7528328  -1.46105197 -2.26570547  0.83195105  0.82122864] -233.09461109400203
[-0.22406204 -2.4475138  -1.19961505 -2.95723439  1.16890239  1.17948223] -233.21561499457408
[-0.13356926 -2.34074476 -1.15977238 -2.80299509  1.06208056  0.6819963 ] -233.0299937565491
[-0.16128953 -2.26250467 -1.22165198 -2.95161848  1.10166936  0.49922258] -233.12074433148192
[-0.01424207 -2.65457018 -0.98016966 -2.85051224  1.14447633  0.81722675] -233.02821543521847
[ 0.06937901 -2.87048734 -0.86942697 -3.0035573   1.24626423  0.7984731 ] -233.17646817244264
[-0.41236211 -2.66342388 -1.24567199 -2.65340813  1.1902515   0.68884767] -233.06743572963993
[-0.09215042 -2.61193426 -1.00856619 -2.36367107  0.98592858  0.28746213] -233.059349211619
[-0.18803328 -2.84174556 -1.0213918  -2.64710915  1.08842341  0.50421342] -232.93446379779314
[-0.22246393 -3.10448813 -0.96097089 -2.67253123  1.1094912   0.35936326] -233.08486595660355
[ 0.17993311 -2.55402268 -0.84319337 -2.58786636  0.91051704  0.54773473] -233.08720160724616
[-0.2642883  -2.63607358 -1.14505234 -2.63702269  1.12031788  0.65356944] -232.97623217103964
[-0.19765787 -2.61355874 -1.12579456 -2.96872063  1.15963639  1.07115605] -233.1469934950672
[-0.11852728 -2.61234038 -1.03787328 -2.51493346  1.02935553  0.48338561] -232.96931586802435
[-0.04696463 -2.59311    -1.33925742 -2.63183348  0.99910209  0.70385952] -232.9206116117062
[ 0.03543533 -2.57597883 -1.58098822 -2.62067421  0.94006011  0.74983159] -232.990180416343
[-0.19768087 -2.65022225 -0.98693871 -2.95608481  1.24370793  0.47448379] -232.99792816727177
[-0.14300956 -2.98860922 -1.01045535 -2.60950352  1.1463805   0.53024987] -232.92712105639876
[-0.30525924 -2.78613016 -1.20015331 -2.48165013  1.06461944  0.29936046] -233.00266159439542
[-0.23250495 -2.75324016 -1.1451574  -2.57386566  1.08458367  0.42882704] -232.92229027841577
[-0.13342846 -2.82481738 -1.24612382 -2.24867117  0.91234643  0.62688451] -233.06551214411115
[-0.18161777 -2.69387104 -1.05173499 -2.7792314   1.16086755  0.51258397] -232.91481957282775
[-0.03926419 -2.85823187 -1.05690441 -2.61513621  1.04925303  0.4008037 ] -232.90927514912536
[ 0.07324787 -2.96931102 -1.01283044 -2.60419296  1.01372061  0.27442084] -232.98849988546658
[-0.15860418 -2.96392891 -1.17042717 -2.77062635  1.14684788  0.54346023] -232.92177701148813
[-0.07928848 -2.7752515  -1.23658711 -2.67962306  1.10725483  0.53571469] -232.8513869949026
[-0.02491608 -2.74200447 -1.34418477 -2.69588001  1.11667054  0.55146533] -232.87358009778532
[-0.10307184 -2.55726861 -1.32290081 -2.74060186  1.03625586  0.51149985] -232.91311184647745
[ 0.02956792 -2.72731381 -1.24744657 -2.83181846  1.08194342  0.64048029] -232.96572960865188
[-0.16698673 -2.74675857 -1.17072969 -2.63835386  1.0839236   0.48174035] -232.87859688822138
[-0.04712704 -2.44423496 -1.22227763 -2.59096694  0.99870444  0.5052738 ] -232.9369666067733
[-0.13073489 -2.83400542 -1.18338979 -2.7257115   1.10981202  0.53391362] -232.87872705179197
[-0.18669    -2.89535234 -1.00149151 -2.76105248  1.18335354  0.28822587] -232.9595828058534
[-0.08189598 -2.66867058 -1.25481594 -2.66413823  1.04516495  0.59995111] -232.87330222724822
[-0.01879627 -2.78619115 -1.3567076  -2.57529017  0.98302055  0.50862381] -232.8775576107877
[-0.06925034 -2.9991011  -1.0968107  -2.55881581  1.08988714  0.50874925] -232.91192510212295
[-0.07770571 -2.88864297 -1.15333323 -2.60426232  1.07647932  0.5094369 ] -232.87955523391963
[-0.14587183 -2.70827486 -1.39495005 -2.68065684  1.08596539  0.65565646] -232.8718766149637
[-0.13015234 -2.61774106 -1.37906016 -2.71699556  1.06190113  0.59576311] -232.88352833105387
[-0.09081737 -2.82091749 -1.20976496 -2.63244563  1.07283477  0.53101845] -232.8574817960063
[-0.06381733 -2.66801597 -1.35779533 -2.56445776  1.01624268  0.57032133] -232.88337967945185
[-0.1140055  -2.79250806 -1.22699117 -2.68539806  1.08641969  0.54301555] -232.86167184858255
[-0.00990508 -2.77051264 -1.38920926 -2.6674968   1.04296312  0.64291967] -232.8910584223079
[-0.12771632 -2.75269709 -1.22534958 -2.6456396   1.07368348  0.52203518] -232.86054024632935
[-0.19440223 -2.71991538 -1.15944534 -2.75401031  1.17408716  0.62050668] -232.88911501687758
[-0.06269776 -2.76962221 -1.30739203 -2.6199702   1.0307872   0.53659452] -232.86707641178054
[-0.12490311 -2.87108649 -1.27886236 -2.65043956  1.10715017  0.50806051] -232.84933298408137
[-0.14640667 -2.97229444 -1.29088557 -2.64359023  1.13814278  0.46211521] -232.8603956520361
[-0.05393768 -2.88575275 -1.10003236 -2.62384853  1.07341132  0.40315651] -232.89315510217037
[-0.12288829 -2.75264433 -1.32122063 -2.66645476  1.08282688  0.59253147] -232.85599142144963
[-0.15717527 -2.81874611 -1.1921999  -2.70003002  1.14593607  0.5408641 ] -232.86077172278857
[-0.12025744 -2.80460628 -1.26100368 -2.63947948  1.11014238  0.53372592] -232.8507933312298
[-0.06478174 -2.77365495 -1.31872953 -2.60466401  1.03869477  0.53349798] -232.8624276929914
[-0.13407688 -2.80747332 -1.22383231 -2.67618852  1.11912575  0.53902257] -232.85410150051192
[-0.09636088 -2.85796271 -1.2850741  -2.66923741  1.12609478  0.55798936] -232.8514353302481
[-0.13510766 -2.80209072 -1.32576177 -2.6946953   1.14469682  0.55799638] -232.8478090958039
[-0.1572528  -2.79267733 -1.38376017 -2.72582013  1.18062785  0.57148535] -232.85467549532277
[-0.10710986 -2.88684601 -1.21581982 -2.67009968  1.15532803  0.48497167] -232.85562389631494
[-0.11105447 -2.85329559 -1.24217002 -2.66918845  1.13720274  0.51186162] -232.84984857227565
[-0.08824713 -2.84729111 -1.3193207  -2.65803257  1.12505483  0.52942693] -232.85912459886688
[-0.12261944 -2.81742777 -1.24770441 -2.67164953  1.12060802  0.53662366] -232.84982655051857
[-0.13471599 -2.78329007 -1.24562235 -2.66578772  1.11625688  0.50333824] -232.84916604874354
[-0.17026423 -2.8686808  -1.29712108 -2.65079029  1.13809751  0.51482075] -232.85218282409744
[-0.10203242 -2.79860883 -1.2517206  -2.67241486  1.1149655   0.53049121] -232.84823395694735
[-0.12322025 -2.83732687 -1.26961016 -2.70191233  1.13681766  0.51573129] -232.84749343704183
[-0.12470165 -2.85368716 -1.2739134  -2.73312875  1.1501553   0.50673398] -232.85195145671116
[-0.13647849 -2.78331466 -1.29759053 -2.68311132  1.10962894  0.53888547] -232.84864451336426
[-0.12953319 -2.80781144 -1.30868485 -2.68447083  1.12256397  0.51487738] -232.84406515107804
[-0.13299007 -2.80300327 -1.33917507 -2.69088148  1.12354195  0.50400424] -232.8432384430992
[-0.12994518 -2.73145832 -1.29763113 -2.71916144  1.14148575  0.54208844] -232.84881874208975
[-0.11854203 -2.80197749 -1.34820741 -2.72160452  1.14078866  0.55972744] -232.84797496247714
[-0.11951179 -2.87731563 -1.31305738 -2.66904517  1.11532743  0.52685691] -232.84913788919982
[-0.12733683 -2.76792265 -1.30148769 -2.70663237  1.13494617  0.53828055] -232.84588534793912
[-0.10993126 -2.82032862 -1.31439704 -2.71293564  1.15562332  0.52985823] -232.84645816426007
[-0.14701028 -2.81227438 -1.3811591  -2.73713902  1.16383936  0.5380415 ] -232.84777430092026
[-0.13999009 -2.81233801 -1.2956562  -2.69312752  1.14569977  0.50157663] -232.84389541756963
[-0.12505194 -2.81564055 -1.30806665 -2.71951415  1.14212592  0.4845011 ] -232.84464362451968
[-0.10582986 -2.80657895 -1.22830517 -2.67119548  1.11574557  0.48660917] -232.84773571698062
[-0.11612497 -2.8080028  -1.26651865 -2.68768136  1.12776902  0.49946726] -232.84475345005302
[-0.1272548  -2.77175177 -1.33882361 -2.70167852  1.13975105  0.50349805] -232.84201496431174
[-0.12927207 -2.73896421 -1.37343033 -2.70156161  1.14121775  0.49738142] -232.8436934462471
[-0.1463183  -2.77255773 -1.30217892 -2.68690283  1.11565464  0.48058438] -232.84642616978294
[-0.13722154 -2.78450045 -1.30523345 -2.69341103  1.12564681  0.49290284] -232.84378421689613
[-0.13220763 -2.83048964 -1.31633685 -2.68879899  1.133232    0.45703615] -232.84268620249262
[-0.14878039 -2.7979051  -1.36791196 -2.70812253  1.14223015  0.48170574] -232.843184028681
[-0.1477629  -2.78435553 -1.34631239 -2.67249253  1.12790799  0.49574012] -232.84322261416224
[-0.13541569 -2.77833057 -1.37560824 -2.69200084  1.11840356  0.47671908] -232.8432408823431
[-0.13758228 -2.80411151 -1.38948925 -2.69124726  1.13604209  0.47999828] -232.8422868564603
[-0.14011033 -2.81887503 -1.32374147 -2.69240626  1.14916486  0.49727511] -232.84286993704194
[-0.14490938 -2.79949292 -1.35503011 -2.69403388  1.15256743  0.46774691] -232.8416401466747
[-0.15086904 -2.79773774 -1.36295763 -2.69561008  1.16708017  0.44961825] -232.84355505520006
[-0.12918537 -2.82318645 -1.35079869 -2.71960328  1.1564212   0.46667996] -232.84282343429538
[-0.12163621 -2.81806401 -1.3234947  -2.6878002   1.1468294   0.47570575] -232.84154215513178
[-0.10806413 -2.82814347 -1.30128607 -2.67763903  1.14912902  0.47270575] -232.8440843808674
[-0.12414823 -2.79682373 -1.36758294 -2.70198111  1.1391162   0.45294659] -232.84091946394312
[-0.11616717 -2.78579808 -1.38950367 -2.70676854  1.13409187  0.43078233] -232.84256080039827
[-0.13339414 -2.78372474 -1.34612046 -2.66891004  1.12609152  0.47896394] -232.84123971094124
[-0.13076738 -2.76083325 -1.39051017 -2.69308469  1.14690056  0.49591703] -232.84460485139678
[-0.13184757 -2.81307554 -1.33488018 -2.68987041  1.13664914  0.46675637] -232.84099120093154
[-0.12348116 -2.79019939 -1.29915475 -2.69017746  1.14429282  0.46854092] -232.84149743844793
[-0.13255077 -2.82870835 -1.33659744 -2.67591252  1.14209778  0.43338878] -232.84104263643127
[-0.11077664 -2.81070567 -1.31424671 -2.6775167   1.12579152  0.4576872 ] -232.84035359509278
[-0.09371028 -2.81631205 -1.29385501 -2.6692581   1.11240357  0.45265735] -232.84168436561947
[-0.13042996 -2.7896818  -1.34269945 -2.68032255  1.12451694  0.44372219] -232.8404860047614
[-0.13090127 -2.81737388 -1.38155432 -2.67466032  1.12046155  0.44261411] -232.8423211253383
[-0.12533619 -2.79699302 -1.31975464 -2.68629817  1.138335    0.46205921] -232.84037651044946
[-0.11830231 -2.8282713  -1.32579999 -2.70172378  1.14274401  0.42655617] -232.842550910409
[-0.12962118 -2.79486138 -1.34104034 -2.67711347  1.13025464  0.465862  ] -232.84024577348086
[-0.11816916 -2.77200537 -1.33680398 -2.69512162  1.12279003  0.48295574] -232.84110161703853
[-0.12895536 -2.8145326  -1.33664907 -2.68071479  1.13727085  0.44578052] -232.8402975733051
[-0.11790828 -2.78812386 -1.33911087 -2.67811185  1.12844591  0.4425962 ] -232.8393275687018
[-0.11093864 -2.77564801 -1.34122622 -2.67223258  1.12434429  0.43051612] -232.83919247522527
[-0.12120443 -2.79731709 -1.29762254 -2.65608497  1.12105488  0.44892916] -232.8413293557861
[-0.12341228 -2.79694707 -1.35009284 -2.69050708  1.13460087  0.45194223] -232.8400057484697
[-0.11258348 -2.80688078 -1.32497048 -2.68113838  1.13901546  0.46089358] -232.8405302513509
[-0.12596834 -2.79398154 -1.33826721 -2.6805265   1.12814157  0.44801504] -232.83992555296615
[-0.11788796 -2.79856574 -1.35408616 -2.67323887  1.12179958  0.43787516] -232.839725322933
[-0.13481794 -2.78080645 -1.3728739  -2.6805944   1.13301241  0.43564315] -232.8405165162491
[-0.11678697 -2.80323086 -1.32890351 -2.67828612  1.12759674  0.45217619] -232.83981632918727
[-0.11258309 -2.77321227 -1.34788968 -2.67658675  1.11830838  0.44968173] -232.8393869117771
[-0.10623791 -2.78566712 -1.34578153 -2.68001249  1.1213425   0.42420682] -232.839603130687
[-0.10672202 -2.77982145 -1.33529193 -2.66312069  1.11257682  0.42888145] -232.83921352734066
[-0.09775053 -2.77806694 -1.3461258  -2.66729933  1.11384787  0.42643079] -232.8395889982769
[-0.10058641 -2.76042965 -1.36123027 -2.66587745  1.10980974  0.41368783] -232.84011264817946
[-0.11273683 -2.79253056 -1.3369852  -2.67518395  1.12314999  0.4425541 ] -232.83930258025404
[-0.09776838 -2.76308304 -1.33034729 -2.67157306  1.11605704  0.42954851] -232.8398264563379
[-0.11285806 -2.78969507 -1.34815144 -2.67282242  1.12036394  0.4357935 ] -232.83929475446945
[-0.11162515 -2.77732431 -1.33944189 -2.66240275  1.11618793  0.44707907] -232.83932428092186
[-0.12473741 -2.78467695 -1.33686966 -2.67348372  1.12446258  0.45173787] -232.8397175651299
[-0.10449725 -2.77971944 -1.34381176 -2.66884543  1.11650155  0.43275756] -232.83907660898234
[-0.10720956 -2.79170068 -1.33374646 -2.66161586  1.11939979  0.42284554] -232.8392716224514
[-0.10669564 -2.79238076 -1.34029578 -2.67553756  1.12259086  0.41737035] -232.83958433470582
[-0.11039277 -2.78108842 -1.33965537 -2.66568645  1.11778866  0.43965189] -232.83912911879816
[-0.10480261 -2.77336046 -1.34364253 -2.65959052  1.11384169  0.42092792] -232.83922282027913
[-0.10199622 -2.77075109 -1.33097331 -2.65754142  1.11445366  0.42273333] -232.83973198741802
[-0.1101426  -2.78495907 -1.34385691 -2.66900217  1.11888637  0.43252846] -232.83914637659072
[-0.1086224  -2.76649828 -1.34874844 -2.67121009  1.11524667  0.43890893] -232.83928173902777
[-0.10756277 -2.78540008 -1.33749696 -2.66401441  1.11836151  0.42686139] -232.83911690381944
[-0.11194941 -2.7888517  -1.33680385 -2.67471006  1.12231138  0.44280437] -232.83926491499182
[-0.10658931 -2.77723327 -1.34193286 -2.6633704   1.11595911  0.42639703] -232.83912393723134
[-0.10998576 -2.78152798 -1.34736809 -2.67126312  1.12470368  0.4340227 ] -232.8391572369493
[-0.10545151 -2.78766141 -1.3434811  -2.66182808  1.11305601  0.43355689] -232.83909406534679
[-0.10489298 -2.78382591 -1.33604356 -2.65965253  1.10881406  0.42989504] -232.839278372091
[-0.10871256 -2.78210247 -1.34453696 -2.66836047  1.12073128  0.43299078] -232.83906972037826
[-0.10425946 -2.77944262 -1.33978143 -2.66169958  1.11524634  0.43154339] -232.83908109905119
[-0.10196485 -2.78276468 -1.34402499 -2.66368634  1.1154966   0.42171712] -232.83912403117597
[-0.10407183 -2.78234561 -1.34293258 -2.66418637  1.11606962  0.42620081] -232.83907966841244
[-0.10492915 -2.78832394 -1.34208074 -2.66627438  1.11736299  0.43490657] -232.83905896595596
[-0.10409907 -2.79386928 -1.34215467 -2.66772637  1.11806492  0.43916134] -232.83917947185563
[-0.10307782 -2.78113176 -1.34804456 -2.66638369  1.11462775  0.43712395] -232.83906446139062
[-0.10439784 -2.77669387 -1.34358158 -2.67008855  1.12045716  0.43161747] -232.83910511280317
[-0.1051881  -2.78491953 -1.34350622 -2.6638932   1.1149063   0.43307203] -232.83906166368075
[-0.10589944 -2.78673829 -1.34852285 -2.67094826  1.11815349  0.43414051] -232.83914816262256
[-0.10466945 -2.78126654 -1.34196678 -2.66401175  1.11597312  0.43219267] -232.83905131559285
[-0.10628628 -2.78347561 -1.34504976 -2.66840327  1.11729804  0.44148038] -232.8390686149589
[-0.10645721 -2.78735384 -1.34458324 -2.66359683  1.11713161  0.43783124] -232.8390666109652
[-0.1014901  -2.78672127 -1.34387348 -2.6624939   1.11170199  0.4392115 ] -232.83909371566253
[-0.10690695 -2.78325717 -1.34437109 -2.66689383  1.11847395  0.43454596] -232.83905446304453
[-0.10412328 -2.78527531 -1.34313445 -2.66194796  1.11552719  0.42841043] -232.8390632263083
[-0.10317437 -2.78070424 -1.34311804 -2.66620477  1.11515883  0.4289193 ] -232.83908417964568
[-0.1056365  -2.78569144 -1.34421694 -2.66424882  1.11663841  0.43560325] -232.83904593504585
[-0.10740666 -2.78844622 -1.33838084 -2.66270629  1.11833291  0.42911969] -232.83915066255489
[-0.10416003 -2.78296037 -1.34562863 -2.66546434  1.11555404  0.43512288] -232.83904691512674
[-0.10637345 -2.78353102 -1.34412235 -2.66831415  1.11744241  0.44007069] -232.83906378844742
[-0.10468582 -2.78483924 -1.34338143 -2.66353951  1.116006    0.4313255 ] -232.83904524071386
[-0.1051412  -2.78386004 -1.34370898 -2.666251    1.11842987  0.43482692] -232.83905360244754
[-0.10547083 -2.77896766 -1.34567722 -2.66386204  1.11632881  0.43296582] -232.8390639984782
[-0.10506457 -2.78598487 -1.34297986 -2.66567129  1.11710444  0.43442139] -232.83904942568802
[-0.10287891 -2.78494367 -1.34292312 -2.66283507  1.11476134  0.43328491] -232.83904286405573
[-0.10086489 -2.78578692 -1.34219914 -2.6608057   1.11290503  0.43265438] -232.8390584565253
[-0.10389056 -2.784702   -1.34332327 -2.66233926  1.11358258  0.43248995] -232.83905385706763
[-0.10482854 -2.78407053 -1.34361256 -2.66527307  1.11721805  0.43424267] -232.83904255346502
[-0.10441534 -2.78823016 -1.34561406 -2.66499895  1.1164543   0.43580753] -232.83905715307026
[-0.10460592 -2.78300745 -1.3428786  -2.66425855  1.11609342  0.43309639] -232.83904165289846
[-0.10386733 -2.78251936 -1.34456724 -2.66286849  1.11498598  0.43313715] -232.8390405928745
[-0.10326872 -2.78078661 -1.34536093 -2.66146709  1.11392674  0.43249503] -232.83904812939662
[-0.10467432 -2.78539686 -1.34156466 -2.66221016  1.11634703  0.43177374] -232.83905975677192
[-0.1042886  -2.78356949 -1.34461264 -2.6646508   1.11575228  0.4342856 ] -232.83903904130955
[-0.10274854 -2.78195847 -1.34310825 -2.66355968  1.11496728  0.43085415] -232.83904160970496
[-0.10305346 -2.78185042 -1.34385271 -2.66427571  1.11525345  0.43497479] -232.83903724356423
[-0.10223729 -2.78035601 -1.34408835 -2.66464382  1.11487718  0.43679944] -232.83905157975516
[-0.10491856 -2.78071491 -1.34462088 -2.66546036  1.11666214  0.43357868] -232.83904743720288
[-0.10338882 -2.78388648 -1.34334756 -2.6634914   1.11523654  0.43335835] -232.83903558155586
[-0.10248902 -2.78152669 -1.34384311 -2.66242847  1.11354493  0.43232613] -232.83904114121154
[-0.102006   -2.78209619 -1.34489857 -2.66283297  1.11382007  0.43321567] -232.83904285153866
[-0.10395594 -2.78277963 -1.34338359 -2.66390215  1.11552508  0.43312621] -232.83903966258092
[-0.10426585 -2.78341889 -1.3447607  -2.663646    1.11513215  0.43621526] -232.83904227176788
[-0.10312787 -2.78232358 -1.34352136 -2.66358126  1.11500849  0.43219443] -232.8390407134984
[-0.10473832 -2.78411629 -1.34391859 -2.66516146  1.11704234  0.43469937] -232.83904377569758
[-0.10305135 -2.78217409 -1.34386198 -2.66311172  1.11441929  0.43291944] -232.83904645309647
[-0.10322114 -2.78286845 -1.34360013 -2.66388355  1.115245    0.43416657] -232.8390400473638
[-0.10383871 -2.78372799 -1.3439801  -2.6640711   1.11549441  0.43382197] -232.83904305158376
[-0.10367238 -2.78333306 -1.34336558 -2.66369677  1.11538081  0.43324228] -232.8390406120896
[-0.10362808 -2.78320292 -1.3439574  -2.66317994  1.11511126  0.43324775] -232.83903976538002
[-0.10325835 -2.78310503 -1.34343446 -2.66353633  1.11512252  0.43277639] -232.83903790527535
[-0.10293892 -2.78270658 -1.34359534 -2.66295993  1.11439074  0.43284224] -232.83904045198065
[-0.10286385 -2.78263952 -1.34312006 -2.66284488  1.11466787  0.43272255] -232.83903991604654
[-0.10276067 -2.78280327 -1.34365274 -2.66293524  1.11454383  0.43312901] -232.83903954694287
[-0.10343472 -2.78346197 -1.34344211 -2.66366384  1.11558494  0.43362463] -232.83904398237974
[-0.10306287 -2.78289543 -1.34355703 -2.66313591  1.11468929  0.43303784] -232.83904697416858
[-0.10332358 -2.78349575 -1.34339101 -2.66351386  1.11517953  0.43306737] -232.8390443752298
[-0.10307475 -2.78334487 -1.34350015 -2.66321332  1.11489019  0.43324368] -232.8390393896836
[-0.10350845 -2.7835447  -1.34365248 -2.66333567  1.1151739   0.43330305] -232.83904213664653
[-0.10312634 -2.783263   -1.34323381 -2.66316814  1.11495221  0.43304045] -232.8390396598133
[-0.10330498 -2.78337746 -1.34347385 -2.66368747  1.11524077  0.43376246] -232.83903975373372
[-0.10316387 -2.78329653 -1.34347145 -2.66322566  1.11481364  0.4331003 ] -232.8390303266135
[-0.10319882 -2.78340859 -1.34350209 -2.66319336  1.11492289  0.43353539] -232.83904128461393
[-0.10291074 -2.78331428 -1.34319049 -2.66332411  1.11484484  0.43337716] -232.83904521789202
[-0.10335902 -2.78348709 -1.34353698 -2.66333278  1.11509164  0.43332158] -232.83904327631416
[-0.10327635 -2.7835915  -1.3434095  -2.66335853  1.11502509  0.43322932] -232.8390378874099
[-0.10311931 -2.7833207  -1.3434858  -2.66321949  1.11485191  0.43317199] -232.83903942546152
[-0.1031451  -2.78327976 -1.34335263 -2.6631969   1.11488292  0.43307037] -232.83903934498196
[-0.10323443 -2.783337   -1.34347265 -2.66345657  1.1150272   0.43343138] -232.8390413992362
[-0.10318135 -2.78335256 -1.34348677 -2.66320951  1.11486826  0.43331784] -232.83903980576326
[-0.10333616 -2.78342061 -1.34356196 -2.66328067  1.11499377  0.43320167] -232.83904258915612
[-0.10303731 -2.78330541 -1.34333097 -2.66327489  1.11482924  0.43323873] -232.8390403979952
[-0.10307333 -2.78337849 -1.34337306 -2.66303843  1.11472982  0.43294481] -232.83904269873102
[-0.10319415 -2.78334737 -1.34344775 -2.66335203  1.11495286  0.43330973] -232.83904432005033
[-0.10322011 -2.78344402 -1.34344048 -2.6632921   1.11491937  0.43316481] -232.83903591725235
[-0.10315449 -2.78328815 -1.34341204 -2.66321128  1.11484828  0.43308533] -232.83904013699268
[-0.10314159 -2.78330862 -1.34347862 -2.66322258  1.11483278  0.43313614] -232.83903702801854
[-0.10317261 -2.78332455 -1.34347911 -2.66321759  1.11484095  0.43320907] -232.83903907056333
[-0.10310059 -2.78330097 -1.34340121 -2.66325028  1.11482144  0.43316951] -232.83903976633314
[-0.10319915 -2.78331676 -1.34347205 -2.66334112  1.11492042  0.43326584] -232.83904357046538
[-0.1031186  -2.78333751 -1.34342225 -2.66313205  1.11477173  0.43302255] -232.83904106515695
[-0.10313874 -2.78333232 -1.3434347  -2.66318431  1.1148089   0.43308337] -232.83903899425755
[-0.10315801 -2.78338085 -1.34348982 -2.66325289  1.11483074  0.4332024 ] -232.83903232666182
[-0.10323105 -2.78339466 -1.34353018 -2.66321477  1.11486069  0.43312918] -232.8390389440897
[-0.10317852 -2.78339445 -1.34346931 -2.66324651  1.11484775  0.433063  ] -232.83904034524022
[-0.10317409 -2.78334202 -1.34347666 -2.66322482  1.11484265  0.43317255] -232.83904145497252
[-0.10316094 -2.78333869 -1.34348063 -2.66323928  1.11482219  0.43315135] -232.83903973499773
[-0.10319199 -2.78337027 -1.34345596 -2.66325888  1.1148665   0.43313255] -232.83904029819698
[-0.10315273 -2.78330257 -1.34347504 -2.66322412  1.11482321  0.43311822] -232.83903901500096
[-0.10319746 -2.7833456  -1.34350082 -2.66322022  1.11483716  0.43311474] -232.8390377384021
[-0.10315131 -2.78331443 -1.34345307 -2.66320499  1.11481127  0.43309183] -232.83904393031767
[-0.10316824 -2.78331054 -1.34347528 -2.66322163  1.1148273   0.43315468] -232.83904078149598
