[-2.2537409   0.78229443  0.73141727  0.20918208  0.1367403   1.42581857] -331.2332263134539
[ 0.64459167  0.1011357   0.75835741  1.9278627   0.82075857 -2.40897678] -281.8905514942077
[ 0.32623977 -0.06735716 -0.01839206 -0.34995107  0.46938065  1.15266543] -292.49579893537265
[ 1.53384366 -0.10390612 -0.26180727 -0.8301653  -0.89228467  1.03555954] -292.0175278401499
[-1.40476511  1.25062964  1.21847869 -1.53297491  1.05720759 -0.61335277] -322.947308923663
[ 0.553955   -0.69667349 -1.27185873  1.30221607  0.60438766  0.96375217] -282.9847067082184
[-0.97251262 -0.04325686  1.30838582  0.26920178  0.38451186  1.08383347] -305.6248948451145
[ 2.48085835 -0.63543719 -0.15369598  0.05288101  0.67791358 -1.02132488] -280.55923237022625
[ 4.84815798 -1.344303   -0.59625261 -0.02526952  0.94850022 -2.24489661] -299.1759323918086
[ 2.92709039 -1.73246135 -1.09814896  2.32365664 -0.36898504  0.88185575] -271.79185178957266
[ 5.09301814 -3.22400685 -2.25646278  4.25197242 -1.08208135  1.62946001] -325.0719768591538
[ 3.79470557 -1.00164301 -1.99023435  1.20629824  0.05254506 -0.8826564 ] -280.4494516962102
[ 3.65210845 -1.28897132 -1.32073723  2.34420086 -0.17126894 -1.62992896] -279.04255811667764
[ 3.15059281 -1.6474441  -1.43029868  3.88253714  1.43073497 -2.40131924] -271.60832832463944
[ 3.95896739 -2.41921309 -2.01454439  6.23888836  2.59224479 -4.11975862] -318.5009299893511
[ 4.99602741 -1.37160027 -0.47306054  2.61026279  0.20951174 -3.45120233] -291.63909460572864
[ 1.66447311 -0.86540518 -1.07215918  1.62922775  0.50566868 -0.13998646] -271.961772578019
[ 5.24535123 -2.49158975 -3.11344887  1.88507118 -0.11188914  0.67785672] -302.36408824864543
[ 1.79478156 -0.54704566 -0.20959416  1.91716482  0.58759664 -1.6372684 ] -270.5735213471577
[ 3.18039228e+00 -1.72555302e+00 -2.22002821e+00  4.38148080e+00
  8.50207463e-04 -9.15109686e-01] -294.7438149444895
[ 2.65574183 -0.90796615 -0.67027904  1.13503096  0.50864774 -0.99477108] -272.1447773539809
[ 1.48689048 -1.32812158  0.05649527  3.20430782  0.77825296 -1.09114973] -270.6843119722055
[ 0.90774828 -1.05384336 -0.15392435  2.35310752  1.31857425 -0.16428409] -275.17826740977097
[ 1.59383832 -1.11262535 -0.44562757  2.35088085  0.94611346 -0.53069531] -268.732731189321
[ 1.55014706 -1.50306826 -0.72949872  3.96756071  0.78447948 -0.64475005] -273.81646552295547
[ 2.37934314 -1.05674168 -0.68508396  1.8431634   0.57760567 -0.90726582] -268.3778173014802
[ 2.7797058  -1.60940806 -0.19859351  3.54467581  0.81143754 -1.75529446] -268.7977140287409
[ 1.46796031 -0.70133412  0.12724809  3.2572533   2.07956545 -3.65618674] -277.1002159451854
[ 2.56230787 -1.47467954 -0.7917997   2.55705581  0.24315258 -0.25265487] -267.312612738812
[ 1.04836291 -0.72876319  0.67223081  1.25654569 -0.11601535  0.3432097 ] -276.56615555252915
[ 2.62503534 -1.41777387 -0.90466631  3.22603928  1.04404739 -1.715187  ] -267.0376026670359
[ 3.09144686 -1.0779698  -1.13495034  1.94201883  0.6250648  -1.17497222] -268.86035670393017
[ 3.21577755 -2.03602044 -1.17731297  3.23744651  0.82821051 -0.47475483] -266.1115963969868
[ 3.92627555 -2.78050783 -1.66117237  3.89758735  0.94851744  0.10650196] -271.6539637079573
[ 1.96055581 -1.82444651 -0.26607767  3.64440172  0.85845758 -0.70364521] -268.12000251182843
[ 1.99924688 -1.36468774 -1.22492922  2.07498671  0.68775819  0.22722678] -269.13253668658035
[ 2.58459107 -1.54822798 -0.45517744  3.17725353  0.7805177  -1.25966415] -266.251281485876
[ 3.51536527 -2.00667132 -0.98107844  3.54423923  0.49788369 -1.24036198] -273.4019211723301
[ 2.07422006 -1.33613684 -0.57949029  2.64922045  0.83405601 -0.70811198] -266.0751178243751
[ 2.62815276 -2.15568672 -0.70642416  4.32064236  0.95187492 -0.79740686] -271.206346132164
[ 2.44154554 -1.33147794 -0.69041901  2.46253314  0.67117298 -0.87980108] -266.2474343415304
[ 3.20727    -1.22365903 -1.26687757  2.12544785  0.60859481 -1.0597461 ] -268.7991643540186
[ 2.27223436 -1.67424964 -0.51627764  3.26466325  0.79599189 -0.79267043] -266.1679172003833
[ 2.50882677 -1.63994936 -0.64931485  3.44866291  1.40817958 -1.69074162] -265.41272405400304
[ 2.48208622 -1.72258426 -0.57807243  3.89446646  1.99069308 -2.40978499] -266.93462519103144
[ 2.40736311 -1.77091352 -0.45133109  2.85388732  0.72866217 -0.22006103] -264.43908689615955
[ 2.298527   -1.94748335 -0.22466348  2.66781134  0.57096956  0.52750196] -264.72129696001053
[ 2.3887314  -1.71468793 -0.89953785  2.79488433  0.97490668 -0.3290495 ] -264.95226342161703
[ 2.5141722  -2.05917464 -0.73400255  3.62038845  1.18549596 -0.52532871] -264.0998689050776
[ 2.55048553 -2.42302299 -0.75579432  4.1993161   1.44265745 -0.34809253] -264.69188502414937
[ 2.76412934 -1.84471127 -0.98071889  2.9368334   1.19051175 -0.52334546] -263.9674474572148
[ 3.01007683 -1.92994209 -1.21293951  2.77291848  1.38777167 -0.38868298] -265.0462849061318
[ 1.67003674 -1.41917075 -0.25415221  2.86384578  1.27906021 -0.85745794] -267.49247194598416
[ 2.82934235 -1.88180802 -0.94652278  3.14404632  0.94092293 -0.57043061] -264.52742075694636
[ 3.06330166 -2.30094474 -0.97431905  3.6170138   1.30883701 -0.578207  ] -263.8721258771572
[ 3.55784247 -2.78334869 -1.17173343  4.10091047  1.5462275  -0.51325451] -265.8433106201598
[ 2.81351992 -2.21746402 -1.01282922  2.87368829  0.70159925  0.77526752] -264.88123261650713
[ 3.07521146 -2.31031747 -0.80037001  3.55373487  1.04376968 -0.21831893] -263.81390545231795
[ 3.4184515  -2.60813224 -0.75078609  3.93316014  1.07820118 -0.16295364] -265.4185488581751
[ 2.73765346 -1.83849253 -0.61625891  3.70161309  1.43113391 -1.65383143] -265.3122038498411
[ 2.7945533  -2.12272115 -0.91368664  3.08066949  0.88398292  0.16799278] -263.91408039321925
[ 2.71023468 -2.25445291 -0.67161997  3.41012945  1.17283023 -0.06199218] -262.7259098413125
[ 2.65068085 -2.44077536 -0.53416856  3.54317101  1.28878388  0.19222704] -262.1919641411955
[ 3.21331983 -2.58863469 -1.19442414  3.93004969  1.57179822 -0.2749324 ] -263.6711227806171
[ 3.33955994 -2.47686025 -1.06522654  3.26676897  1.24373186  0.11380073] -263.8397881041891
[ 3.28141301 -2.90203995 -0.84667942  4.06030254  1.25645611  0.32419953] -264.21971479673846
[ 2.89345026 -2.10904344 -0.94720902  3.21770069  1.20699784 -0.31145921] -263.3138013306688
[ 3.2839547  -2.61947084 -0.92488581  3.96214352  1.67065658 -0.52695604] -263.0638223424393
[ 3.08875735 -2.54742261 -0.84777565  3.54084245  1.36640901  0.2363274 ] -262.2035497898916
[ 2.7288982  -2.39502788 -0.68438452  3.9824451   1.47240654 -0.41483811] -263.10706276566316
[ 2.87780893 -2.58980747 -0.91057922  3.83838262  1.81524768 -0.14822485] -262.1066128865326
[ 2.77910766 -2.72955247 -0.96568383  3.98070649  2.20098668 -0.11317781] -262.606392121441
[ 2.6278636  -2.31188118 -0.42191012  3.43151211  1.36836895 -0.04937552] -261.88805544778256
[ 2.33513548 -2.17350443 -0.0356531   3.18224332  1.26665431  0.06340291] -262.488381625928
[ 2.85920428 -2.85908501 -0.4940256   4.21513158  1.78695971  0.07451252] -261.4979043457008
[ 2.8420813  -3.23410579 -0.26743389  4.71384703  2.07694064  0.26749838] -261.85600286700463
[ 3.0671917  -2.72778628 -0.69339713  3.52794933  1.62640205  0.34100829] -261.9014440912397
[ 2.43988087 -2.53944847 -0.37573295  3.40351952  1.41340051  0.74244766] -262.49260655112516
[ 2.65089933 -2.55945406 -0.51302117  3.54317552  1.47771453  0.42509674] -261.80401226773137
[ 2.48912555 -2.61550718 -0.34125829  3.82559827  1.75474992  0.04208734] -261.9500349030726
[ 2.87335028 -2.78039836 -0.59056195  3.91741213  1.98769707  0.03614113] -261.27564990771475
[ 2.984685   -2.95020986 -0.61875864  4.10453268  2.33715367 -0.04190182] -261.38058265439173
[ 2.64473598 -2.69489655 -0.10747886  3.64854369  1.5187164   0.43804834] -261.119610342843
[ 2.52819951 -2.74744109  0.29407132  3.55362423  1.37045076  0.73118494] -261.2637135967002
[ 3.08528951 -2.69565997 -0.59887332  3.60230985  1.50053631  0.37972316] -261.3125789963379
[ 2.51325596 -2.5726721  -0.21522654  3.92474563  1.58692893  0.09370717] -261.6016822169495
[ 2.91438152 -3.0755075  -0.41781903  4.18559402  1.91781537  0.53178521] -260.7798152814453
[ 3.05764048 -3.45732066 -0.41577348  4.56263498  2.19253858  0.82236558] -260.8643748865131
[ 2.97917319 -2.99995244 -0.29497393  4.28807012  1.95517007  0.09287577] -260.6264829754377
[ 3.14331012 -3.22020163 -0.18595031  4.66051742  2.19389784 -0.07323471] -260.9269007952514
[ 3.27212229 -3.12916117 -0.61935102  4.02760817  1.96870271  0.42398821] -261.17922344482133
[ 3.06381331 -2.93277365 -0.3823271   3.67471441  1.82925294  0.55967476] -261.05275294722895
[ 2.83056934 -3.17523659 -0.20529731  4.311671    2.22524854  0.31444799] -260.77794746897615
[ 3.02824826 -3.22211094 -0.08518714  4.12798834  1.8172716   0.75079896] -260.23604264916514
[ 3.10569725 -3.44296723  0.16750027  4.23327645  1.73205887  1.10812788] -260.1911408258607
[ 2.57400124 -2.97795015  0.2058857   4.0863484   1.75738469  0.59099844] -260.7950671794482
[ 3.1778093  -3.50656597 -0.20153161  4.61134778  2.28692709  0.62792167] -260.2672865071407
[ 2.79673064 -3.45995297  0.1335818   4.89738818  2.1289486   0.52904423] -261.91988603321937
[ 2.99704264 -3.06456848 -0.25334988  3.98038285  1.90417685  0.55201712] -260.4123787559897
[ 3.42755651 -3.44364926 -0.60770953  4.45043234  2.24974758  0.48472678] -261.1880147181859
[ 2.78739006e+00 -3.09437492e+00  2.48689432e-03  4.17736938e+00
  1.88047541e+00  5.64430522e-01] -260.38181731923737
[ 3.04484574 -3.35238104  0.15609717  4.34844517  2.07687024  0.55482177] -259.75969488736786
[ 3.11007785 -3.49081781  0.44305527  4.42987074  2.15639767  0.56634006] -259.3938124830579
[ 3.22182742 -3.3578457   0.15969298  4.26176811  1.74648679  0.85612302] -259.83286194318407
[ 3.15410832 -3.6524276   0.40092524  4.27660165  1.94700416  1.33211098] -259.88914992994563
[ 3.18859409 -3.7837646   0.5773929   4.68302852  2.01227314  1.13300092] -260.00186831173795
[ 3.53198136 -3.98375471  0.51319146  4.65459503  2.07990717  1.31011099] -259.9329184583793
[ 3.25961947 -3.73062658  0.95545098  4.23503239  1.60444884  1.47401628] -259.85587384222725
[ 3.38303892 -3.89011177  0.84906934  4.61368903  2.11678039  1.11577287] -259.1682049844227
[ 3.52170975 -4.11368404  1.18985388  4.80389532  2.30914114  1.11959537] -258.97856023530346
[ 3.41118063 -3.65928755  0.64333038  4.2042259   1.93552211  1.08643131] -259.1646273734557
[ 3.02752646 -3.35114172  0.75091146  4.08253634  1.81975974  0.83476136] -259.20618735786866
[ 3.36320554 -3.5820402   0.97983974  4.39584128  1.91024794  0.64697815] -258.835304744722
[ 3.46775414 -3.5468465   1.26929699  4.45546109  1.89186983  0.30441173] -258.9907042429004
[ 3.29222308 -3.45431243  0.43344359  4.4910135   2.35473629  0.22939348] -258.87536930911045
[ 3.35348035 -3.85924889  1.32045179  4.54069292  2.41544818  0.63837689] -258.56820536891456
[ 3.41930681 -4.10995048  1.9008312   4.68015532  2.74992888  0.52950382] -259.03277953981507
[ 3.54636408 -3.84908713  1.32955501  4.40953101  2.09188746  0.95217213] -258.2749368856132
[ 3.76450719 -4.02822179  1.77280487  4.39936115  2.05963236  1.14508816] -258.2141948433872
[ 3.87457572 -4.21445658  1.36232996  4.86247368  2.50848294  0.7871931 ] -258.6641328793743
[ 3.64538658 -4.09136709  1.70957757  4.96020005  2.5837075   0.43577707] -258.49846340432805
[ 3.57608307 -3.62953162  1.33629529  4.41263221  2.30161059  0.17467358] -257.8954847191729
[ 3.60326973 -3.3874554   1.409516    4.21700065  2.29784532 -0.29778732] -257.8761463450158
[ 3.90925196 -4.26661755  2.41806306  4.63417641  2.23705179  0.88914854] -258.54233864087297
[ 4.02028498 -4.36708224  2.35107467  4.80879367  2.79047475  0.55228733] -258.16958743244015
[ 3.55748454 -3.78554107  2.29816602  4.32426793  2.28623703  0.33377046] -257.9303934642252
[ 4.14658131 -4.11617949  2.66594894  4.57390704  2.3362014   0.38105119] -258.05557816773495
[ 3.66991949 -3.6586648   1.6509663   4.46033376  2.54764767 -0.03908624] -257.50770756017374
[ 3.55025325 -3.35468843  1.26741793  4.37341243  2.70294561 -0.50320363] -257.86100652573714
[ 3.9419625  -3.68968117  2.3399147   3.96768801  2.18897201  0.25599746] -257.8501754678061
[ 3.88199366 -3.6399796   2.46572401  4.38463587  2.75616037 -0.74967721] -258.197604400087
[ 3.85262204 -3.73704015  2.29249423  4.38831719  2.58202837 -0.27598586] -257.7097831001754
[ 3.57032823 -3.09110513  1.86792739  3.83504452  1.95583584 -0.43296744] -257.76669925405827
[ 3.25194753 -3.00031642  1.28704594  3.82364365  2.28332068 -0.53307084] -258.8437248422184
[ 3.92292287 -3.83721372  2.32122319  4.38634119  2.32298122  0.15252068] -257.5638324342706
[ 3.96285708 -3.34817906  1.66251458  4.09397384  2.34553311 -0.5462067 ] -257.74795086355584
[ 4.03693433e+00 -3.73317261e+00  2.63549747e+00  4.16023219e+00
  2.34982075e+00  2.54461979e-03] -257.50143299917175
[ 4.25376663 -3.90603121  3.2484882   4.13184795  2.37580847  0.15271059] -257.98430715780273
[ 3.72989885 -3.44544398  1.80362635  4.47372622  2.51231031 -0.63572444] -257.77045109271387
[ 3.78291476 -3.50650328  1.93769844  4.34721666  2.43147574 -0.41279396] -257.49395846151447
[ 4.17239529 -4.18248608  2.29887068  4.77709375  2.90399311  0.05996495] -257.83032281054517
[ 3.72084499 -3.36395037  1.97566321  4.07055683  2.19287516 -0.30973434] -257.5013856002432
[ 3.69919575 -3.93066925  2.60866636  4.51035877  2.46340986  0.25202833] -257.85258932590364
[ 3.89694175 -3.49380161  1.89905253  4.19807007  2.3750023  -0.34664794] -257.4827361913795
[ 3.82420402 -3.46072865  1.84753949  4.15259971  2.15790591 -0.04174653] -257.21997168291523
[ 3.80999501 -3.32257289  1.62506212  4.03474097  1.94584468  0.07537314] -257.2597956778969
[ 3.72099691 -3.23506005  1.66091595  4.07666188  2.36192795 -0.53500881] -257.46088205731576
[ 3.9910261  -3.27240738  2.33448939  3.87477869  2.07535494 -0.50870941] -257.65511306114644
[ 3.75019614 -3.56210045  1.82184708  4.31394499  2.42957448 -0.15649204] -257.3559984220142
[ 3.52843186 -3.14087552  1.07874143  4.22611786  2.29976643 -0.60335249] -258.0657532397362
[ 3.90980871 -3.58509834  2.24630846  4.17670361  2.33730717 -0.14892966] -257.32624645678277
[ 3.90750911 -3.58381376  1.82879077  4.35117548  2.50485603 -0.23747197] -257.2398980268121
[ 3.88697079 -3.467031    1.83045298  4.07583525  2.29071554 -0.07597169] -257.24404394855907
[ 3.76962015 -3.47080914  1.84623238  4.1842369   2.3190934  -0.05189229] -257.036397512132
[ 3.70595935 -3.45931291  1.81982231  4.17732031  2.29113895  0.09548553] -256.8852162097586
[ 3.94055246 -3.80430165  2.13733774  4.3391979   2.30857141  0.34663336] -257.2026119440317
[ 3.97480534 -3.55799498  2.08157017  4.11033243  2.20059052  0.13582505] -256.9985810067369
[ 3.83685831 -3.52596264  1.60219603  4.22545008  2.24728562  0.22318091] -256.93908116637914
[ 3.84299207 -3.66367386  1.94196585  4.37619006  2.2794006   0.24994047] -256.94627040977423
[ 3.80094808 -3.57351114  1.9813531   4.10918802  1.99010831  0.57391157] -256.9971795960636
[ 3.87650118 -3.73419042  2.00720891  4.29329322  2.28112589  0.58340549] -256.7629355775536
[ 3.90264976 -3.8709213   2.08704362  4.36363998  2.34273588  0.89598151] -256.73821638825234
[ 3.74751851 -3.41282396  1.70064595  4.11484239  2.14184855  0.37814165] -256.5236263428861
[ 3.65100154 -3.21708512  1.48230006  4.00266464  2.05848713  0.39389579] -256.33370225209205
[ 3.60533103 -3.54549401  1.55665682  4.3078186   2.20246164  0.67497354] -256.65755259748835
[ 3.71398261 -3.5206388   1.51530847  4.37517321  2.4837283   0.27057435] -256.4946318242904
[ 3.62893546 -3.38279773  1.41247658  4.10783222  2.26254524  0.60142341] -256.5194389709678
[ 3.56576161 -3.47278731  1.68900659  4.21936624  2.29974676  0.7542638 ] -256.28727119678763
[ 3.43021326 -3.44619965  1.73241187  4.21632432  2.32597734  1.01980525] -256.3366698375283
[ 3.64992798 -3.54392852  1.42777507  4.28151132  2.2587627   1.10155193] -256.21465695623846
[ 3.6219123  -3.58623632  1.23175145  4.33360683  2.24257457  1.60458514] -256.32579254374747
[ 3.36899698 -3.02332253  0.94079757  4.06781543  2.1791747   0.36957944] -256.48776061404413
[ 3.58753769 -3.17469266  1.26589796  4.04363575  2.31168663  0.48878936] -256.10648566402176
[ 3.57864102 -2.98929199  1.12051854  3.91154433  2.36629912  0.39569727] -256.1525934215449
[ 3.55013401 -3.26802058  1.36121866  4.22222331  2.2679835   0.52479482] -255.93383772204825
[ 3.51073329 -3.21063201  1.33558969  4.27941885  2.27070263  0.48648052] -255.73387824734067
[ 3.39733709 -3.02684391  1.19848052  3.92296421  1.97579189  0.9276126 ] -255.99473028901238
[ 3.75176942 -3.52533398  1.85888573  4.18203824  2.21255121  1.01461857] -255.86962458373546
[ 3.50335415 -3.43432102  1.44291179  4.30698023  2.38459348  1.1972098 ] -255.83684294920712
[ 3.5677916  -3.16579672  1.15417367  4.11948329  2.17161608  0.98449047] -255.481571891304
[ 3.5688066  -3.01230143  0.8867572   4.06954182  2.10755074  1.0996038 ] -255.25586835149784
[ 3.45658476 -2.91744649  1.2350659   3.98668171  2.16219616  0.63655295] -255.2549111567146
[ 3.35991315 -2.60420547  1.13871131  3.83926691  2.1139129   0.40405346] -255.04399760970037
[ 3.44310021 -3.09651994  1.35454745  4.15643433  2.04334765  1.22107023] -255.09404992253207
[ 3.64855518 -3.26759404  1.47398721  4.35492925  2.40176098  0.88006619] -254.68773532658875
[ 3.77416423 -3.3879691   1.61174055  4.57091178  2.61474553  0.85629299] -254.21937560780583
[ 3.30158779 -2.72331568  0.73120028  4.22547973  2.29906643  0.74028503] -254.73114398489383
[ 3.4827476  -2.57732686  0.90993704  4.07337091  2.09851515  0.40538554] -254.4054219358021
[ 3.46603991 -2.58991415  0.87537492  4.03224964  2.15501017  1.08908316] -253.68113729783872
[ 3.44369322 -2.27955522  0.64526753  3.90866503  2.09716394  1.39038447] -253.0555596398704
[ 3.36626214 -2.543996    1.24371085  4.18850108  2.31469979  0.57288677] -253.42884784652804
[ 3.46635584 -2.27560283  0.73897507  4.11229748  2.46935359  0.23535919] -253.2672962130488
[ 3.58502379 -2.65838309  0.82156579  4.5204751   2.51726858  0.99614454] -252.5952178187854
[ 3.6975791  -2.6854719   0.66299303  4.8610792   2.71894642  1.29219007] -252.15831008015914
[ 3.77534625 -2.5266583   1.20634108  4.34612876  2.47207504  0.84388132] -251.55306654355525
[ 4.01222548 -2.42832961  1.44391148  4.40645328  2.55857934  0.89567946] -250.26378490248396
[ 3.77067907 -2.62298136  1.2055958   4.60926504  2.82598105  1.34221211] -250.61018974191967
[ 3.47810072 -1.5573432   0.3684107   4.12450859  2.38016251  1.05327771] -250.44454250226468
[ 3.92328234 -2.07243204  0.44467369  4.48558846  2.70202916  1.49681423] -249.79581723904448
[ 4.20179244 -1.83665007  0.04515511  4.63413215  2.89569385  1.95877796] -249.19215141593298
[ 4.06833417 -2.19450762  0.71813615  4.73573695  2.68948878  2.40881474] -249.20143180219185
[ 4.29921044 -2.16220603  0.83613323  5.21506004  3.25912005  1.59326621] -248.81944621277765
[ 4.72696906 -2.10353143  0.93156608  5.86825754  3.84009811  1.69470708] -251.31926567993185
[ 4.24586834 -1.58186739  0.87612112  4.38063948  2.81739544  1.79181932] -246.79813490220255
[ 4.52001296 -1.03006514  0.98268516  4.14041962  2.86661995  2.04163395] -245.19855208089774
[ 4.42254633 -1.11338586  0.25921481  4.47617184  2.72390711  1.9749379 ] -247.40317744557618
[ 5.02993989 -2.03103824  1.06000128  5.07814937  3.28430718  2.57109236] -247.7606349891066
[ 4.83505326 -1.02762138 -0.14346957  5.02010338  3.34779963  3.28716158] -247.845060226638
[ 5.03451761 -0.87248129  0.29510386  4.78560852  3.43632714  2.06680859] -246.16879931606442
[ 5.17863439 -0.90894925  1.05140115  4.93770543  3.41033317  2.55285557] -245.09299490164133
[ 5.66705537 -0.44509884  1.55452417  5.08949207  3.66765283  2.84989437] -245.44548905515805
[ 5.3743577  -0.16564102  0.332179    4.26432601  3.09731135  3.23823044] -246.24446291429572
[ 5.01828303 -1.01289889  1.47033132  4.20735689  2.92513567  1.52802468] -245.06037319143172
[ 5.10989791 -1.00553764  2.27723176  3.80098364  2.71380368  0.64845623] -246.34116673385492
[4.81951078 0.32989776 0.40363715 3.85904674 2.86890429 1.89640468] -244.53189107664804
[4.71429623 1.51036575 0.07545509 3.24949542 2.66120284 1.55906083] -245.95592334380473
[ 5.55922582 -0.10666008  1.25256441  4.2553159   3.47763675  2.4663814 ] -243.0632132066072
[6.12756557 0.39670281 1.74923921 4.14488792 3.85450157 2.71210316] -242.7707887844257
[ 4.85848374 -0.86695698  1.65195362  4.42734903  3.35662925  1.0277131 ] -243.65101507902966
[ 5.13964589 -0.15827527  2.14131201  3.78664669  2.99104749  1.85276979] -242.6372430676469
[5.19221003 0.19882774 3.06441609 3.28716578 2.76840766 1.74575039] -243.7910861558139
[5.86069484 0.2899052  1.83993966 4.31391128 3.60223052 1.81498971] -242.82546373240564
[5.42942689 0.56840746 2.03406984 3.30869408 3.12248309 1.05781281] -244.4960512685737
[5.72682621 1.19945922 1.80305251 3.73948836 3.67346307 1.9259064 ] -241.57980684641697
[6.08109779 2.30563827 1.9694131  3.5055541  4.04762677 2.12484726] -242.2544669406115
[6.22803693 0.14651639 3.33621846 4.04794572 3.99788071 1.56736031] -242.0178960475629
[ 5.88432417 -0.23262367  2.13983531  4.84471558  4.03610112  2.57580135] -241.67142970102614
[6.79721412 1.4141852  2.68457877 3.86518283 4.02844558 3.12193047] -243.32991028042835
[6.31253153 0.84389966 2.42642248 4.00572438 3.86049149 2.59837613] -241.88290075748665
[5.94561525 0.44198784 2.69208701 3.87589161 3.86893129 2.59578267] -241.5763280680893
[5.98807546 0.51802916 3.11816068 3.65688177 4.00228168 2.98617915] -243.64606870131797
[5.61809442 0.35028524 3.09707005 3.95524952 3.62147015 1.65989573] -240.73543235988265
[5.36335885 0.32707646 3.77098547 3.86043032 3.50495445 1.13379201] -241.6983118374997
[6.76549695 1.0747835  3.02358326 4.3696917  4.69506513 2.45493774] -240.9565883442829
[5.85625925 1.07941421 1.72446508 4.21564133 3.92062671 3.03620636] -240.49052434482755
[5.6703704  1.54586311 0.91858839 4.29948914 3.8819997  3.77062938] -241.82561556998408
[5.61967389 0.46053579 2.40027526 4.32783499 4.07806099 2.15113395] -239.33870945587654
[5.27324506 0.26885385 2.38720165 4.4888903  4.18684574 1.92751287] -239.03771704428502
[5.84418821 1.70421829 2.76931787 3.37023535 3.95269958 1.95761257] -242.60346879158476
[5.87429018 0.25158682 2.29720595 4.47609553 4.01525073 2.42125416] -240.25660116073445
[ 6.05084083 -0.04382206  3.27081849  4.7209983   4.42926685  2.77262344] -239.21527471836652
[5.86712698 0.55171268 2.57469449 4.86629728 4.42057714 2.16169409] -239.76827661524914
[ 4.74778862 -0.25543992  2.09356864  4.53803239  3.50294732  2.20479114] -240.74177579929187
[5.2522157  0.07711594 2.3260723  4.49594722 3.80097677 2.26732779] -239.61039661776442
[5.77323158 0.3780019  1.7630826  5.13270713 4.63637783 3.20231051] -239.86264542584564
[ 5.50739087 -0.58493116  3.14856008  5.17800392  4.57580498  1.88136793] -239.89767913876497
[ 5.36706016 -0.03594311  2.85960392  5.15151919  4.66803237  2.31635805] -238.62425563772507
[ 5.11344515 -0.17970807  3.1408029   5.48923102  4.99442319  2.26391   ] -239.38487297986518
[5.68718257 0.9835709  1.91193107 4.44078255 4.13822059 3.00124099] -239.1740476441445
[5.39265886 0.22249416 3.3470247  4.25543782 3.91159533 1.61327524] -239.84900227526052
[5.48780204 0.2613711  2.95103918 4.47475514 4.09279095 2.01053405] -239.00374014683027
[ 5.17232181 -0.04799714  2.66086104  4.39133362  4.01813395  2.60350497] -239.70536345142295
[5.3460231  0.10193032 2.63931941 4.51007453 4.11874475 2.49305225] -238.95613173687133
[5.81850222 0.43487106 3.01389894 4.76639279 4.74365698 2.57311276] -237.84753355334186
[6.10164548 0.61374863 3.35781226 4.90161557 5.21499708 2.72600525] -237.40872513006258
[5.03681198 0.77499929 2.09815067 4.60154746 4.37727698 2.05227771] -238.51867607354802
[ 5.18368003 -0.32191754  3.51911129  4.93535152  4.74800871  1.50733907] -239.68879095770234
[5.56130694 0.65719879 2.31372612 4.56442479 4.29066762 2.62776551] -238.40901811677398
[5.69363817 0.52224782 3.01934887 4.91242193 4.73399084 2.81448474] -237.66488802867883
[5.54769324 0.61668948 2.47828123 5.07244602 5.04177893 2.99944712] -237.3142702376107
[5.57763884 0.79434867 2.24190226 5.37129146 5.51627291 3.49390365] -237.23403974678277
[5.76667742 1.00693638 2.65752863 5.32419894 5.48166786 2.85054605] -237.3169761138283
[5.87884611 1.4924363  2.36988568 4.7403142  5.20359206 3.20530292] -237.32042763648172
[6.48977234 0.92063957 3.22191728 5.3365415  5.76978581 3.853725  ] -237.75325942266022
[6.27476584 1.12625367 3.3090722  5.63103641 6.34943457 3.68689036] -236.88966655396152
[6.6314953  1.36078111 3.80674524 6.16434222 7.37881805 4.21645278] -238.3945447559838
[5.27463161 0.93135092 2.42993269 4.95708467 5.06353263 2.40531933] -237.43549678197297
[5.93109693 1.46611037 2.43602904 5.39609181 6.20917487 3.30817111] -236.60060772208703
[6.04982631 1.93804164 2.14436913 5.63792675 6.94676688 3.55501429] -237.04890900918517
[6.56892526 1.23526042 3.02747733 5.49776479 6.26151382 4.01828712] -237.5369957753195
[5.59820502 1.00732829 2.57931885 5.0922547  5.36302793 2.80856128] -236.88144284121475
[5.57409791 1.68405593 1.84009997 5.61678026 6.15939298 3.72511988] -237.87860247634035
[5.96975859 0.88132545 2.97838418 5.08040675 5.45109606 2.9757839 ] -236.83658377973387
[5.82720143 0.60166465 3.03085937 5.89144582 6.25329934 3.16931586] -237.62782073194737
[5.86593494 1.26974338 2.53512911 5.0280971  5.46601888 3.19630616] -236.83488866908633
[5.97245597 1.1747669  2.70241659 5.20886047 5.97000722 3.6393261 ] -236.75479649751077
[6.29310026 1.51416068 3.27154773 5.10762429 6.08664693 3.04444265] -236.5989805635298
[6.65083097 1.87406669 3.78637046 4.97579071 6.37183393 2.81971215] -237.3599836479046
[5.60208473 1.31155803 2.19186963 4.67340863 5.16588939 2.63730671] -237.6354468045597
[6.10659556 1.17257976 3.02977156 5.39162946 6.05354827 3.42449445] -236.5396677616593
[6.44810906 1.48556722 3.07177388 5.31198193 6.38246948 3.72094685] -236.72791353269116
[6.23600566 1.81298398 2.70383845 5.40102161 6.60485915 3.80211187] -236.6617145113725
[6.46318621 1.60564625 3.20332998 5.57763942 6.96954976 3.78352485] -236.53145290977298
[6.76181184 1.77359769 3.53743041 5.85241058 7.7213152  4.0771342 ] -236.9300168096024
[6.52024192 1.84424919 3.20301362 5.51980237 6.79874227 3.38857116] -236.85186676485776
[6.10940246 1.34213747 2.82756585 5.28659595 6.17719098 3.57663736] -236.52704578262387
[5.93168663 1.48563895 2.75225365 5.40821892 6.31785384 3.25884725] -236.4321674060756
[5.67347542 1.48567481 2.59249353 5.45633741 6.28554602 3.02779745] -236.6992589341442
[6.04235036 1.04910718 3.13632748 5.32157834 5.99979573 2.99659402] -236.47602746677734
[6.38434356 1.25697973 3.63756971 5.30167032 6.32568697 3.38667575] -236.5404181474816
[6.05275467 1.12320243 2.92405835 5.65481985 6.52789493 3.76448191] -236.5100250568257
[5.85098173 1.33579095 2.32019925 5.57849033 6.35625753 3.5481842 ] -236.76037884403047
[6.25100311 1.27668253 3.30822709 5.37087532 6.33332961 3.42705286] -236.39187023714584
[6.17686558 1.45489185 3.02081591 5.48161313 6.72165667 3.51121831] -236.39865308656786
[5.72483473 0.97157388 2.78641947 5.26359441 5.72302416 3.06141906] -236.6142775755313
[6.27859834 1.44712816 3.09910235 5.49912817 6.65791836 3.6029984 ] -236.3772430244839
[6.1350171  1.27007956 3.25269576 5.62548196 6.6756254  3.27709355] -236.37399836403145
[6.14782442 1.23405061 3.46526072 5.79492497 6.92484261 3.12732165] -236.64560505845122
[6.2190857  1.53797365 3.26574907 5.24747877 6.37416495 2.92678622] -236.4672117978302
[6.28840179 1.77502439 3.09662046 5.55602042 7.02705388 3.67140484] -236.50241323071103
[6.10386322 1.23058648 3.12640073 5.38018886 6.25661027 3.16529673] -236.35529800123095
[6.07325895 1.18369553 2.92074943 5.67435669 6.61349977 3.82071614] -236.5141480517404
[6.18262902 1.44940412 3.17949916 5.35419825 6.43399865 3.1502687 ] -236.3532703734506
[6.44430549 1.22395195 3.57666002 5.49560965 6.70852581 3.45246227] -236.47737365415801
[6.05984135 1.4202172  2.95835524 5.4300666  6.41552183 3.307251  ] -236.3452816795645
[6.16011846 1.24314084 3.28727754 5.40503325 6.20267803 3.13210211] -236.47845818252605
[6.1726788  1.4019541  3.08743131 5.46246816 6.59191201 3.41643926] -236.33311108859115
[6.05987283 1.46310734 2.92626776 5.54630202 6.67719923 3.21272969] -236.37037944376172
[5.9593691  1.2979881  3.07778097 5.43377378 6.35903744 2.90669458] -236.41198107106055
[6.19879103 1.40984315 3.093772   5.48278957 6.58319813 3.42892245] -236.32691678245112
[6.12420831 1.52162457 2.87121297 5.25985586 6.31052131 3.28320905] -236.4597157158652
[6.1323149  1.33296581 3.15732507 5.53407544 6.58434938 3.27862243] -236.324163465373
[6.22349994 1.28521628 3.27466008 5.33496028 6.27799753 3.36953717] -236.39064361150187
[6.10077961 1.41863457 3.01336584 5.49346658 6.57739881 3.25193156] -236.32968307529003
[6.17848168 1.58041984 3.03684881 5.53883268 6.805516   3.4458484 ] -236.3691191753708
[6.12251783 1.31804482 3.10401275 5.41984981 6.3938367  3.23543465] -236.32682213405567
[6.07967882 1.31781576 2.95858825 5.58670714 6.6147403  3.48926508] -236.36258107387425
[6.15689147 1.41650703 3.12427143 5.41232547 6.47918406 3.2350178 ] -236.3269845336165
[6.23481654 1.34576596 3.23503756 5.50492508 6.65443786 3.30820504] -236.31370401293907
[6.32230413 1.30854034 3.37337872 5.54235432 6.77389588 3.30868206] -236.34000661098543
[6.14269166 1.34529968 3.15516357 5.48667582 6.49888963 3.16293871] -236.34392363900884
[6.16518201 1.38779049 3.10436438 5.46852008 6.56865642 3.35306412] -236.31854013863108
[6.23605832 1.31833785 3.25956189 5.4473619  6.51048871 3.36115727] -236.32965692879975
[6.20223864 1.34341203 3.19801288 5.45888807 6.52721624 3.33385084] -236.3178979407581
[6.19506218 1.29610039 3.17323678 5.54402388 6.62471418 3.41101538] -236.31553950899328
[6.15191968 1.26485002 3.23022446 5.49397121 6.53453879 3.21114171] -236.3173077547241
[6.23799349 1.33891675 3.26205429 5.58161811 6.77080092 3.39653186] -236.31591845604277
[6.26342261 1.3259794  3.24365172 5.48324004 6.64243876 3.39264722] -236.32888982795214
[6.16509183 1.33121921 3.17890673 5.52136659 6.59887172 3.30712863] -236.31349901848088
[6.23052544 1.25229763 3.32145986 5.5664109  6.66820349 3.3028937 ] -236.32775484748547
[6.18151787 1.35391728 3.15863825 5.49299278 6.59354319 3.34052152] -236.31189118694462
[6.18656189 1.30017784 3.21468648 5.58741115 6.73175265 3.32433054] -236.31317242740346
[6.24842825 1.39051579 3.17729557 5.58347465 6.79016805 3.48476928] -236.32677036490918
[6.17604682 1.29626646 3.21699224 5.51634707 6.59844611 3.2795486 ] -236.30933046426256
[6.14170556 1.3022323  3.13044505 5.47407074 6.49645431 3.26038471] -236.31559337686312
[6.16577754 1.31140341 3.16334736 5.50095758 6.56504097 3.29442149] -236.31143629066582
[6.17487531 1.35014966 3.21596609 5.49730954 6.62264999 3.20703656] -236.31603865707064
[6.19001547 1.30961271 3.18391911 5.53234529 6.62419813 3.36002067] -236.31003790521208
[6.12018727 1.28843301 3.13712583 5.54554841 6.58284639 3.32711878] -236.31912492716037
[6.20615922 1.33143272 3.21055963 5.51508091 6.63654    3.31293347] -236.30946183973776
[6.2036011  1.30305093 3.20380763 5.52701168 6.65096862 3.33013014] -236.30810035541828
[6.22285574 1.28896679 3.21625808 5.52983422 6.67701707 3.34163089] -236.3101775142116
[6.18781079 1.33505    3.16440159 5.44083396 6.49115968 3.31486143] -236.31954393328098
[6.18687411 1.30889588 3.20211526 5.55076685 6.67160441 3.32196326] -236.30837153845778
[6.19464022 1.26630343 3.23494216 5.55451035 6.65538956 3.29248436] -236.3119598884912
[6.18479846 1.33201381 3.17771423 5.50837217 6.60900478 3.32851223] -236.3077564521978
[6.21672085 1.31568743 3.235022   5.54901708 6.69854638 3.34994796] -236.30939145147386
[6.20138472 1.31950304 3.23148455 5.52318663 6.66417197 3.28099121] -236.30860171732132
[6.18364947 1.29370646 3.21181901 5.54315291 6.66104076 3.31743099] -236.30669173745832
[6.1723946  1.27484333 3.2124487  5.55718891 6.67329114 3.31967975] -236.30931463560762
[6.16206404 1.30212477 3.1796223  5.50726203 6.5865325  3.26957751] -236.3097265874024
[6.20305665 1.31229676 3.22117208 5.53857831 6.67054291 3.32985535] -236.30739300776358
[6.21174135 1.32688917 3.19904534 5.54734245 6.71066504 3.35674579] -236.30869690909537
[6.20281772 1.31923349 3.20353207 5.5395936  6.68261031 3.3374465 ] -236.30698004835057
[6.18688111 1.30356274 3.17523554 5.54597188 6.6510853  3.37412161] -236.30902500110273
[6.19775882 1.31551796 3.2174223  5.52888294 6.6609003  3.30427381] -236.30693886070966
[6.20501996 1.31637726 3.20970717 5.51109702 6.64008482 3.32725308] -236.3084156966624
[6.19141057 1.31076622 3.20401324 5.54084939 6.66372451 3.32328571] -236.30730968654763
[6.18422946 1.32479398 3.20808334 5.53946477 6.66497257 3.31680473] -236.30789281885228
[6.18907237 1.31935821 3.20701441 5.5363515  6.66147158 3.32013608] -236.30747306228957
[6.20445675 1.29161256 3.24394347 5.56743071 6.72442535 3.31563059] -236.30980395975487
[6.18971303 1.3219135  3.19427154 5.52313681 6.63785992 3.32529182] -236.30769982116357
[6.19954217 1.30171287 3.22738616 5.55266608 6.6955702  3.318851  ] -236.30801352798608
[6.19217032 1.31686334 3.20255019 5.53051913 6.65228749 3.32368161] -236.30718127879126
[6.20121548 1.30343653 3.21315521 5.53750727 6.66889718 3.32518858] -236.307370775921
[6.18661748 1.30754458 3.19632526 5.53492343 6.65927727 3.31391372] -236.3062761306665
[6.17839789 1.30516848 3.18390185 5.53309599 6.65364445 3.3059429 ] -236.30589574184248
[6.18085278 1.31698212 3.19459101 5.53452406 6.65583876 3.31216526] -236.30663893143276
[6.18713842 1.3117244  3.20059224 5.52907348 6.65838285 3.31036131] -236.30632833537157
[6.18470139 1.30391429 3.20140263 5.53892187 6.67185165 3.30552531] -236.30641344796229
[6.16801521 1.29643775 3.19971094 5.52962348 6.63794262 3.28112004] -236.3088675423415
[6.19411709 1.31353455 3.20257679 5.53710107 6.67144339 3.32336488] -236.30693205149123
[6.17186019 1.29949214 3.18087221 5.54307352 6.66316699 3.32065641] -236.3081260010072
[6.19128416 1.31151151 3.20828477 5.53243059 6.66146697 3.30836946] -236.30675563821623
[6.17455762 1.3008012  3.19762038 5.53329856 6.64929843 3.29656687] -236.30833476125298
[6.18922722 1.31035122 3.20133769 5.53615044 6.66590715 3.31666538] -236.30646970712144
[6.17670489 1.30243748 3.1895967  5.539209   6.6607549  3.31432759] -236.30597406159947
[6.18202473 1.32315287 3.17865503 5.52717204 6.66108583 3.30423159] -236.30672741467652
[6.18324329 1.30106806 3.20352801 5.53915769 6.66105203 3.31413114] -236.30634236217549
[6.18561825 1.29457252 3.19886203 5.53734544 6.66802558 3.31015262] -236.30610181744916
[6.17604082 1.29594386 3.19129014 5.53611738 6.65866334 3.30348158] -236.3058286430328
[6.16944762 1.28874019 3.18626636 5.53610085 6.65504144 3.29688968] -236.30795917500424
[6.1776798  1.29972398 3.18785436 5.53241113 6.64832273 3.3139404 ] -236.30569463765147
[6.17416901 1.29762882 3.18108023 5.52915576 6.63655827 3.31814795] -236.3079359282616
[6.17728341 1.30212218 3.18050443 5.52992645 6.65487926 3.30527099] -236.3060338867353
[6.17010326 1.28826511 3.17674427 5.54029498 6.65638058 3.30734405] -236.30778640252976
[6.18287963 1.30585957 3.19463024 5.53187886 6.65788228 3.309607  ] -236.3060439736929
[6.17071057 1.30917933 3.17706388 5.53020083 6.64335674 3.30737087] -236.30821455174978
[6.18189133 1.29822423 3.19341249 5.53555929 6.66185837 3.30945718] -236.30589580557367
[6.17311975 1.29534716 3.18088975 5.53689422 6.65482541 3.30786655] -236.30784064920152
[6.18043966 1.30323147 3.19119512 5.5331327  6.65711806 3.30917189] -236.30589955012587
[6.17976806 1.29945432 3.19857913 5.53991538 6.6585747  3.31350286] -236.3062265397255
[6.17790457 1.30145521 3.1850231  5.53242368 6.65580312 3.30732896] -236.30577639357102
[6.18074646 1.2988116  3.18796232 5.52837106 6.65104846 3.30211338] -236.30605938923415
[6.17771529 1.30153101 3.1891881  5.53649951 6.65832829 3.31127404] -236.30584998397111
[6.17610357 1.29745079 3.1856949  5.53556963 6.65508871 3.3079698 ] -236.3057024828288
[6.17272265 1.30220022 3.18090499 5.53314649 6.64809184 3.30718871] -236.307899464818
[6.17959916 1.29921822 3.19028562 5.53495609 6.65841674 3.30889006] -236.30582061229572
[6.17661651 1.29327254 3.19254355 5.53622981 6.65789652 3.31168538] -236.30572040272966
[6.17693286 1.29415719 3.18837578 5.53273639 6.65306876 3.30649136] -236.30585569441155
[6.17751968 1.29968756 3.18898502 5.53555873 6.65701341 3.31007837] -236.3057765516195
[6.17910028 1.30099224 3.18550538 5.53293231 6.65218374 3.31648274] -236.30571960496124
[6.17537564 1.29830921 3.18491649 5.53341901 6.65035267 3.31360515] -236.30560410448348
[6.17326389 1.29785471 3.18223192 5.53265047 6.64632063 3.3159627 ] -236.30792021738225
[6.17674045 1.29738043 3.1848609  5.53210312 6.64953575 3.31359245] -236.3057820390194
[6.17732487 1.29911078 3.18795399 5.53469483 6.655144   3.31095689] -236.30572068777454
[6.17616232 1.2948313  3.18979979 5.53599523 6.65052634 3.31755117] -236.30566923178318
[6.17635451 1.29574924 3.18748416 5.53415754 6.64964624 3.31612133] -236.30560642440332
[6.17697553 1.30241304 3.18120814 5.5319318  6.64414362 3.31687148] -236.30578232403877
[6.17670627 1.29555767 3.1897097  5.53515531 6.6544583  3.31298191] -236.30566084308077
[6.17369376 1.29288183 3.18964775 5.53597031 6.65061459 3.31090718] -236.3078279322029
[6.17774865 1.29896463 3.18654097 5.53369181 6.65179145 3.31508885] -236.30567656121337
[6.17723883 1.29692789 3.18974026 5.53270705 6.64661053 3.32179313] -236.30564714308343
[6.1755156  1.29372267 3.18820943 5.53596419 6.65280578 3.31844011] -236.3055968947093
[6.17443351 1.29072202 3.18838697 5.53774072 6.6550473  3.32068997] -236.305612704703
[6.17470241 1.29273469 3.19007897 5.53544097 6.64967517 3.31840875] -236.30559879877637
[6.1758021  1.29616916 3.18691321 5.53295279 6.65065656 3.3162323 ] -236.30559112599155
[6.17562198 1.2968381  3.18546993 5.53143158 6.65072167 3.31557286] -236.30579270714884
[6.17495676 1.29564662 3.18607114 5.53305854 6.64545735 3.32188502] -236.3057665634564
[6.17626889 1.29557991 3.18880006 5.53463112 6.65220806 3.31520768] -236.30562063980284
[6.17410089 1.29382707 3.18572718 5.53614816 6.65517096 3.31087864] -236.30777437050753
[6.17645434 1.29615269 3.18873699 5.53356732 6.64875064 3.31906451] -236.30561650865562
[6.17513264 1.29536598 3.18664636 5.53386949 6.64842096 3.3187497 ] -236.30558020815198
[6.17456452 1.29525902 3.18556951 5.53348868 6.6465274  3.32052071] -236.30772941543614
[6.17450663 1.29453097 3.18601255 5.53503401 6.65176848 3.31478793] -236.30773555389075
[6.17596741 1.29574726 3.18805588 5.53393399 6.6495051  3.31799537] -236.3056054927069
[6.17447743 1.29493375 3.18745595 5.53436927 6.65082584 3.3183558 ] -236.307758073175
[6.17588524 1.29554537 3.18747711 5.53421047 6.64994114 3.31667995] -236.30558936877253
[6.17483713 1.29486844 3.18669131 5.53468498 6.65111232 3.31604328] -236.30558335479776
[6.1752494  1.29115956 3.19042231 5.53562195 6.65051797 3.32124621] -236.30559048646325
[6.17610496 1.29620904 3.18537428 5.53366033 6.65147641 3.31738843] -236.30558349061187
[6.17548822 1.29604985 3.18629876 5.53236915 6.64790267 3.31700651] -236.30574027662468
[6.17550876 1.29430446 3.18773176 5.53506543 6.65158    3.31808171] -236.30558361174585
[6.17510395 1.29298179 3.18786783 5.53608476 6.65035971 3.3198308 ] -236.30559139461897
[6.17562756 1.29537232 3.18715187 5.53373579 6.65058235 3.31713192] -236.30558277148072
[6.1757827  1.29939564 3.18326859 5.53278688 6.65051975 3.31344546] -236.30561965804372
[6.17538272 1.29321858 3.18863388 5.53491318 6.65051842 3.31929602] -236.30557581398298
[6.17497935 1.29423424 3.18659937 5.53443259 6.65128901 3.31888374] -236.30556826696832
[6.17452641 1.29357867 3.18616051 5.53454365 6.65196294 3.31998564] -236.3074108226453
[6.17517937 1.29545173 3.18596726 5.53336669 6.64955315 3.31774932] -236.305560363001
[6.17501467 1.29602537 3.18508501 5.53251732 6.64853973 3.31758313] -236.30574552836848
[6.17427463 1.29329473 3.18852241 5.53467391 6.64901566 3.3185629 ] -236.30775736151722
[6.17564738 1.29548046 3.18616131 5.53391372 6.65086122 3.31768205] -236.30556578173247
[6.17581254 1.29483933 3.18702871 5.53339217 6.64929604 3.3204543 ] -236.3055665997183
[6.17508378 1.29415779 3.18652709 5.53422683 6.64939725 3.32047312] -236.30554680212722
[6.17481189 1.29355053 3.18621471 5.53447236 6.64880471 3.32214372] -236.3055480510399
[6.1755624  1.2937614  3.18699285 5.53421224 6.65188407 3.31942982] -236.3055694170837
[6.17537222 1.29608974 3.18445832 5.5329349  6.65024184 3.3189281 ] -236.30575771970535
[6.1753801  1.29393637 3.18758999 5.53441861 6.65044927 3.31920404] -236.30556751473165
[6.17513177 1.29560525 3.1862984  5.53370463 6.64839791 3.31871904] -236.30556049024307
[6.17576562 1.2955894  3.18659154 5.53324163 6.64802927 3.31921021] -236.30557534577804
[6.17517592 1.29457303 3.18659742 5.53413485 6.65047408 3.31896536] -236.30556514294412
[6.17529682 1.29609949 3.18527007 5.53316102 6.64887728 3.31881036] -236.30556136665044
[6.17469247 1.29561659 3.18524514 5.53411041 6.64989092 3.31701212] -236.3077311330237
[6.17553252 1.29503364 3.18658281 5.53357173 6.64944476 3.31959375] -236.3055628362401
[6.17481935 1.29482652 3.18625304 5.53347486 6.64785359 3.3204216 ] -236.30554141506119
[6.17440533 1.29449955 3.18629891 5.53325543 6.64634978 3.32179138] -236.30791362882331
[6.17517195 1.29581845 3.18570214 5.53303374 6.64736724 3.31962371] -236.30575174401494
[6.17517493 1.29488438 3.1863736  5.53385957 6.64969737 3.31912995] -236.30557225470383
[6.17495156 1.29449216 3.18639007 5.53385085 6.64862542 3.32044736] -236.30555202716354
[6.17499936 1.29513913 3.18611015 5.53342078 6.64870337 3.31908546] -236.30555101991237
[6.17497556 1.29521588 3.18627572 5.53358975 6.64812575 3.31957032] -236.30556711511255
[6.17505808 1.29546301 3.18576156 5.53331794 6.64836543 3.31961598] -236.30555447261236
[6.17517594 1.29493008 3.18641793 5.5335233  6.64864918 3.32000768] -236.3055580836324
[6.17499763 1.29469978 3.18642523 5.53380486 6.64916383 3.31969348] -236.30555775261013
[6.17502508 1.29463434 3.18617694 5.53354111 6.64899453 3.32018687] -236.3055565299001
[6.17477442 1.29482156 3.1859544  5.5336135  6.64858622 3.31980924] -236.30556239621447
[6.17507556 1.29490295 3.18630205 5.53354585 6.64863344 3.31995807] -236.30555713428558
[6.1749787  1.29511959 3.18590604 5.53324561 6.64789476 3.32021163] -236.30554987147013
[6.17486849 1.29498863 3.18589722 5.53340454 6.64817893 3.32003157] -236.30553981485872
[6.17476495 1.29503147 3.1856948  5.53333388 6.64795168 3.32006832] -236.3055331920445
[6.17483225 1.29538962 3.18586161 5.53334019 6.64747023 3.31976325] -236.3055412906899
[6.17472397 1.29453649 3.18631035 5.53357078 6.64780091 3.32038323] -236.30554656563152
[6.17475463 1.29552212 3.18565526 5.53294452 6.64726609 3.31953047] -236.30791807544682
[6.17490233 1.29474965 3.18620637 5.53362427 6.64828559 3.32021814] -236.3055578361789
[6.1747986  1.29521054 3.18577821 5.53333704 6.64771095 3.31991579] -236.3055543572601
[6.17479215 1.29492899 3.18597392 5.53340437 6.64790264 3.32024496] -236.3055378204079
[6.17474446 1.29478398 3.18600258 5.53345233 6.6478763  3.32022577] -236.3058926590443
[6.17487182 1.29507553 3.18580042 5.53328974 6.64792322 3.32013998] -236.3055512680765
[6.17488215 1.2950853  3.18590248 5.53337733 6.64832753 3.31957689] -236.3055498051156
[6.17485826 1.29476181 3.18604244 5.53359236 6.64828855 3.32025784] -236.305552794678
[6.17491152 1.29524724 3.18572818 5.53332591 6.64815856 3.31984215] -236.3055503696546
[6.17489502 1.2948329  3.18593587 5.5334375  6.6484731  3.32012759] -236.30554696028122
[6.17484761 1.29530533 3.18563612 5.53313055 6.64795702 3.31974212] -236.30573343160546
[6.1748556  1.29489769 3.18594086 5.53347691 6.64820567 3.32012891] -236.3055441525023
[6.17482864 1.29493233 3.18592495 5.53349555 6.6484165  3.3198563 ] -236.30555033674386
[6.17476132 1.29465566 3.18606278 5.53351594 6.64826715 3.32015884] -236.30554101659308
[6.17482176 1.29487834 3.18591195 5.53335308 6.64795942 3.32024554] -236.30554524679013
[6.17474811 1.29465639 3.18593759 5.53346323 6.64792569 3.32074783] -236.30554625610995
[6.17468628 1.29484994 3.18590476 5.53341164 6.64759764 3.32040387] -236.30733973807986
[6.17484283 1.29483716 3.18592809 5.53343103 6.64825424 3.32019666] -236.3055484185922
[6.17477855 1.29498023 3.18583436 5.53336913 6.64792716 3.32015664] -236.3055415179793
[6.17476313 1.29484356 3.18587879 5.53342491 6.64810941 3.32011358] -236.30562402961903
[6.17481027 1.29496458 3.18581783 5.53340539 6.64807867 3.32009861] -236.3055542559956
[6.17479335 1.2949549  3.18580338 5.53334348 6.64795555 3.32015693] -236.30554578414961
[6.17475653 1.29484393 3.1858162  5.53339855 6.64793869 3.32040808] -236.30555056117373
[6.17482998 1.29493219 3.18581534 5.53338569 6.64821239 3.32009796] -236.30554651356383
[6.17481475 1.29505887 3.18571518 5.53332047 6.64791197 3.32021526] -236.3055427051739
[6.1747691  1.29496928 3.18574192 5.53331167 6.64788714 3.32026911] -236.3055530278289
[6.17477939 1.29496811 3.1857609  5.5333351  6.64793502 3.32022649] -236.30555527505226
[6.17477175 1.29500585 3.18576458 5.5333515  6.64793942 3.32011248] -236.3055441737034
[6.17478985 1.29504517 3.18570499 5.53332717 6.64793182 3.32014179] -236.30554401674905
[6.17477915 1.29499319 3.18574909 5.53333868 6.64795361 3.32011262] -236.30554123389513
[6.17479747 1.29498183 3.18575507 5.53335978 6.64808204 3.32008314] -236.30554662412146
[6.17476074 1.2949377  3.1857555  5.53336622 6.64794518 3.3202382 ] -236.3055556824363
[6.17478761 1.29499802 3.18575632 5.53336964 6.64801518 3.32008347] -236.30554856772756
[6.17480285 1.29508081 3.18571945 5.53332733 6.64801273 3.31996241] -236.305547845482
[6.17478106 1.29504808 3.18570635 5.53330981 6.64794192 3.32007679] -236.3055343472458
[6.17475856 1.29495438 3.18573884 5.53334628 6.64792077 3.32023597] -236.30656770647226
[6.17479178 1.2950492  3.1857243  5.53333207 6.64798974 3.3200308 ] -236.30554477981633
[6.17476205 1.29507582 3.18569297 5.53330459 6.6478207  3.3200978 ] -236.30554495483295
[6.1747709  1.29505232 3.18570849 5.53331839 6.64788603 3.32009413] -236.30554299499835
