[-0.10210566  2.3644     -0.31365174 -0.81052038  2.20458711  1.66102984] -680.4302729454254
[-1.07119334  0.33408176 -0.31801234 -0.22235084 -0.4419166  -1.04810435] -647.3203570136272
[ 0.42395248  1.28177394  1.62798146 -0.00335979  1.7385516   0.44631728] -633.073875389501
[ 0.07585989  0.61487566  0.41115033  1.17221873 -0.40769879  0.47233153] -596.0400722589474
[-0.8039964  -0.19595663  0.59626564  0.2073644  -0.14767366  1.18424632] -640.9448445028129
[-1.47579121 -1.1540465  -0.9541255   0.40291993  0.1462795   2.17516552] -663.9342027686076
[-0.80276117 -1.72844277  1.22782188  1.55903303 -1.11792999 -2.2248402 ] -622.000620741675
[-1.11587092 -2.64697152  1.17734557  1.84912887 -2.28138308 -1.32599113] -649.9867834315177
[ 0.37778805  0.37383331  2.52830968  1.1177582  -1.03229634 -3.00717904] -597.1149153671101
[ 0.51575409  2.87369327  0.84715998 -0.57224096  1.81172849 -0.06641835] -639.3943186286585
[ 1.00005899  0.73917717  2.73090867  1.38260871  0.72347704 -0.01707647] -575.7190415200505
[2.03568515 0.94172487 4.25536918 2.18508848 1.30617386 0.49843748] -545.579480375466
[ 1.67942257  1.64844272  3.03633186  1.61213483  0.91384993 -2.47803009] -550.7614414417232
[ 0.74756156 -1.82962403  3.51516148  3.11986545 -1.34484507 -2.03123599] -577.7569681595536
[ 0.94723287 -1.27483735  3.36340001  3.59205936 -2.29946707 -3.36982271] -599.8454109889603
[ 2.75727787  1.88658116  4.47541896  2.70734199  0.16316883 -1.08032608] -523.0897069455438
[ 4.53729739  3.69409313  6.0992175   3.28149647  0.80371824 -0.50806902] -501.944256567809
[2.203972   3.0892859  3.25178    0.57079469 2.37910102 1.01857434] -594.6822275228066
[3.3821448  2.34576611 4.32802711 2.86277468 2.24906274 1.99784846] -509.97150380732944
[ 4.78616794  2.68168725  7.75081205  3.3718328   2.51005237 -0.97315648] -488.62683732598134
[ 7.14132196  3.71509304 11.4206429   4.47163983  3.96892794 -1.69590048] -485.48338197631057
[ 4.30383914  0.41587938  7.63313668  5.27353856  0.25319487 -2.42422422] -539.6200432207016
[6.94567544 6.08329045 8.7424136  3.44235883 4.50982093 0.49459004] -467.49747556568485
[10.04473238 10.03974769 11.35603965  3.60360552  7.43715393  1.75750305] -474.28158034444556
[ 7.76923206  4.08350627 11.12327046  5.56016412  3.44978293  1.9322575 ] -514.2285055806501
[ 9.32415178  5.83748459 12.19353357  6.11223569  3.77199536 -0.56627005] -624.234901014257
[3.85780181 2.1656648  6.23991028 3.16687528 1.92262923 0.2322606 ] -498.7431374232744
[6.90731868 6.94659188 8.35135727 2.32156451 5.38145247 3.24188659] -507.3401561395525
[ 3.1546213   4.23332687  3.93725243  0.95540574  2.82875426 -0.67805211] -559.6440357056605
[6.61557937 4.12096142 9.32676595 4.40897453 3.29452576 1.2796801 ] -475.7874268254783
[ 8.61952008  6.5627988  12.39874206  4.16819514  4.37796212 -0.98303252] -507.5903527003949
[ 7.31017626  5.50854063 10.38106332  3.84184002  3.84573728 -0.23781227] -481.2526611236432
[ 5.22863206  1.4826226   9.05198058  5.21616381  0.73366732 -3.38697027] -549.1258171341157
[6.48764702 5.58059956 8.5265131  3.04521434 4.21950619 1.58467237] -479.40132699430603
[ 8.2487699   5.36395684 12.11321888  4.17747114  6.44999753  1.0605658 ] -465.24180754665946
[10.10450615  6.1988887  15.12021957  4.62545848  9.27313718  1.84488321] -468.75217764449235
[10.39192151  7.95848251 13.93029564  4.62895762  6.84020931  0.59633792] -505.58111745556675
[5.49133173 3.61386923 8.16250662 3.53239587 3.15202425 0.32327993] -478.75973528375977
[6.55840461 6.375313   7.66351758 3.01111174 4.52160937 3.19755914] -479.62493752454225
[6.13895976 4.87078954 7.79724859 3.36400212 4.87009074 2.88459473] -478.5015850093512
[ 6.75091646  3.50250935 10.55937132  4.31236053  4.3103791  -0.65509815] -470.9732888735143
[ 6.90943053  3.60452604 10.37399522  4.70064001  4.64277325  0.21119844] -463.56934190039664
[ 7.12032228  2.61648928 11.29773628  5.52835284  4.85440678 -0.47553852] -470.5923079143112
[ 8.37844542  5.56814198 11.47516457  4.60287319  6.20717152  1.43523039] -458.7067212973983
[ 9.82200226  6.54527836 13.13149355  5.13811185  7.73474515  1.99120563] -466.19921806544346
[ 8.47731261  4.54367249 13.06639459  5.18422395  4.93479863 -1.60920586] -506.05178376741964
[6.72354798 4.78901028 9.11453509 3.81905758 4.88626771 1.76114458] -464.7972043515775
[ 8.03668254  5.51618356 11.46613361  3.94261257  7.04094425  0.15619694] -464.12502034392026
[ 8.32993414  6.80586037 10.53578233  3.91597724  6.9352793   2.36140688] -457.6801379629591
[ 9.11944298  8.45753588 10.52398783  3.71778559  8.2477294   3.86965939] -460.7776988136069
[ 8.59659473  4.46593591 12.95052964  4.94385175  7.54432359  1.83399097] -455.4706915820414
[ 9.42205437  3.65725864 15.05458766  5.6945982   9.06157492  2.50369144] -456.7567115943584
[7.40944188 4.88592921 9.85882794 4.46419963 5.96892234 1.5258236 ] -450.2294772511698
[6.98977787 4.64691539 8.73163247 4.60756388 5.72838474 1.75845251] -444.80483310887445
[ 9.0234071   5.41351081 12.72987752  5.08544863  7.81335784  0.82434746] -452.32310607198394
[ 8.03918072  4.65211328 10.79952697  5.34283899  5.9161525   2.65201195] -455.90434985902215
[ 9.54301613  6.91296654 12.03350928  4.79887788  8.73878324  3.41061494] -445.43683943239404
[ 8.46219148  5.39762545 11.11845483  4.9619796   8.01825555  2.84504451] -440.31978725453126
[ 8.50406451  5.31236719 10.94009997  5.1415328   8.92379757  3.54995157] -435.449442073086
[ 8.56874622  3.662076   12.19260962  6.05739407  7.95298719  2.31504959] -440.3758224027523
[ 9.03602146  5.48581067 12.39322586  4.86871734  9.6510589   1.91212373] -445.40050320517884
[ 8.62508304  6.01194629 10.05645527  5.24265979  8.72513291  2.75618896] -426.16976067424474
[8.63932719 6.78495148 8.60941808 5.39206381 9.31553757 3.21728795] -415.95655099663304
[8.07024403 5.52151828 8.9036209  5.20326797 8.95682523 4.5634793 ] -427.738325004481
[7.05971096 3.55824646 8.55669302 5.6246354  8.10408049 2.36149994] -422.12953130782654
[6.90793546 4.34288093 6.91813216 5.80676863 6.67614537 4.00978322] -425.090159105729
[ 8.92689825  5.08043139  9.97522545  6.46765702 10.91473973  4.91389802] -405.33327323694556
[ 9.89545844  5.29718938 10.59702194  7.39770359 13.50791723  6.49162077] -394.4862317371061
[ 7.79016731  6.61030857  5.98238574  5.46459666 10.54178062  5.74949133] -418.90824108872323
[ 7.61688329  5.39266452  5.58232398  6.48814589 10.11029793  5.24776927] -396.37269778707787
[ 7.89958352  5.14056217  6.51170407  6.85470336 10.46176117  4.46233819] -392.84122754441574
[ 7.81425327  4.95008411  5.31574566  7.68042106 11.21422914  4.41176764] -390.3704423132778
[ 9.36399802  6.52160058  7.96306397  6.8757535  14.25513563  5.15002908] -380.5474017800275
[10.5920293   7.6109604   8.48552988  7.41024593 18.04463076  5.72015201] -368.5999284847597
[10.38966197  8.65713969  6.30078207  7.65309024 16.14071726  7.91786305] -388.32855001249095
[10.52570384  6.28735462  8.98122147  8.54262684 15.56932934  5.25266223] -408.9317816105098
[10.30533618  5.94684609  6.47812358  9.66534738 18.88016965  8.46332371] -383.7666540217524
[ 8.34550364  6.33094011  5.27195424  6.88902452 13.72999132  7.49816992] -390.8613814780833
[11.49719765  7.53838875  8.56739514  9.07713169 20.39558719  8.25319643] -381.40336640650173
[ 9.75253557  8.38093034  2.87615492  8.72738335 19.29385788  7.59653681] -367.8449786436587
[ 9.68107414  9.92280082 -0.98427859  9.39222323 22.1868282   8.14899483] -389.9884968216285
[11.77150101  8.03050969  7.40262285  9.8488487  20.92640597  6.62277663] -447.7195689351571
[ 9.20200298  6.7558325   5.80462139  7.62898056 15.52909498  7.2793216 ] -371.35647405368854
[12.76533462 10.01328181  7.52179001  9.04030533 24.88045676 10.66503023] -379.1297817369532
[10.98181679  6.75827361  6.94375623  9.53004117 22.86721515  8.07465721] -346.42220433325593
[11.2778942   5.80884057  7.26524331 10.46851663 26.23046409  8.15305429] -333.5719669916223
[11.39032859  9.42256536  7.02878797  7.78550712 22.5778609   7.42577341] -365.43390279581763
[10.16284411  8.45908158  4.42664735  7.94318129 21.78986794  7.36009302] -368.69701406230274
[ 8.02721031  5.46612177  4.44053827  7.61429964 16.27480208  3.84661348] -370.8232236969287
[11.19894438  8.2936675   5.70301251  9.02073076 25.8747329   6.08808608] -344.53401850134475
[13.43098175 10.52589348  7.48792038  9.50422206 28.32900274 10.26795173] -376.7370584988184
[ 9.37815317  6.7310647   5.2023838   8.08678024 19.28835225  5.45194804] -356.9615212618795
[11.0337843   6.95692804  7.76039011  9.22320672 21.98009832  6.11842386] -351.2589552053799
[10.75185077  7.58703844  3.45979433 10.36046234 27.03715802  7.89112215] -339.83772169199494
[11.92444956  6.55243787  9.26371576  9.58768459 28.36903095  6.11293247] -342.42584999674534
[10.46469686  4.55409368  5.85605864 11.13028664 27.01541794  5.84608221] -326.1943565190727
[10.001881    2.11985784  5.26969397 12.8026764  29.23419647  5.05623662] -337.4365908643852
[12.83905352  6.51993733  7.90035442 11.84351565 32.88061516  7.95128564] -357.13472946734134
[10.24337826  6.67828286  5.87687645  9.02596409 22.68641798  6.07678244] -341.29980900986664
[10.91995371  6.20119226  4.71451022 10.64134163 30.42430897  7.27092935] -330.9078749265525
[10.66179674  4.16696105  6.44238706 11.38402122 28.04619975  7.69554823] -321.8971157799731
[10.39322293  2.10360783  6.81207433 12.56566645 29.13193318  8.4992793 ] -325.10613304958264
[ 9.51540729  5.11303175  1.94124091 11.41584626 25.4442913   8.19824043] -347.25136538945947
[11.32218899  6.19258634  7.43309705 10.04472501 27.63784604  6.63425946] -330.2586147931847
[11.55608217  4.82528792  5.84682041 12.31715373 32.7773803   8.42021612] -328.1059774950764
[11.3156868   2.99594883  9.0595779  11.63488595 30.34004768  6.78224107] -318.5310322603907
[11.59760481  0.70040403 11.85946969 12.27209775 31.9914925   6.22780053] -326.4989313429562
[10.80224089  3.83651613  5.85224045 11.91562142 32.5166028   6.0633712 ] -318.10856527257596
[10.56441423  2.8503539   5.14573901 12.63917382 35.65967216  5.01852965] -326.1541528473678
[11.12094377  2.65593905  8.78221695 12.16755636 29.0201892   6.54297674] -331.1522097455163
[10.97020123  5.31487896  5.7314369  11.02289531 30.07327903  7.0889412 ] -322.0073319471269
[10.60137924  2.37197585  5.49641008 13.09022975 32.61846313  7.33120722] -321.18836497769666
[10.04925175  2.92150358  6.96588326 11.07549303 27.42595648  5.18224759] -323.99330406894785
[11.00215535  2.64850112  7.32658658 12.24409559 33.32476501  7.53510329] -316.93185877643157
[11.27088459  1.69570485  8.06185055 12.80100006 36.47943855  8.37961382] -325.46602895181576
[11.735235    4.1900904   6.33699639 12.68842338 34.88049599  8.98322315] -319.4954236295281
[11.06929678  1.4217855   7.77329592 13.29619712 33.83557909  7.70795685] -315.67825660152266
[11.11884455 -0.52476122  8.79422542 14.43284803 35.71672913  8.01746467] -326.05516144549256
[11.51353461  1.65464489  7.50598205 13.57246318 37.79245148  7.10548603] -313.37979233438625
[11.93940354  0.39848682  8.03777954 14.66668417 42.66557735  6.81045493] -319.94328249276236
[11.8780039   3.21051978  9.12181635 12.02699913 34.94485089  7.39458664] -321.8467482778487
[10.9205354   2.58161183  6.40276165 12.82442209 33.20006007  7.34705207] -314.9860907703989
[10.47258161  0.8562457   8.30315178 12.47413841 32.12267272  5.19718035] -322.21606972355335
[11.41957165  3.35662923  6.82853524 12.63485214 34.19104017  8.03671245] -314.25775827939094
[10.9267581   2.17061407  4.83688939 13.8609979  37.9467852   7.81631956] -316.9297497268326
[11.48170974  0.77474609  7.70577649 14.22872125 37.58029087  9.11950555] -317.09093369107205
[11.31184253  1.5401886   7.24239248 13.65044629 36.31436886  8.35547196] -313.4068010158005
[11.38502434  1.59332359  6.20336566 14.36903066 37.76866328  7.92122969] -333.3269901753097
[11.0978726   2.38470674  7.04578135 12.77532935 34.43573958  7.63163489] -312.445275030872
[11.51745976  2.14257486  9.42936017 12.39023883 31.97629455  7.57845186] -316.60415202383194
[11.36978434  2.14958466  8.28124248 12.75792859 33.46891721  7.63791878] -313.66242651430093
[11.4750836   3.13400315  6.66226916 12.77561676 35.96528003  7.66346855] -313.3820777256479
[11.80869437  2.15830726  8.11930594 13.23112335 37.52253904  8.12984548] -312.0302189875896
[12.25277386  1.94665497  8.97757809 13.43447397 39.68377853  8.52124218] -314.1378433439382
[11.4393657   0.98384921  8.12378924 13.61945038 37.64205856  7.47122945] -313.041131215055
[11.51234679  1.80231528  6.6185976  13.78354785 39.75522864  7.81446   ] -314.69337912070023
[11.40542495  2.06276732  7.86558126 13.01433341 35.04049507  7.68205409] -312.1583628881841
[11.60148275  2.58590426  7.86517719 12.67899252 36.4851524   6.87243419] -317.6253889899482
[11.38425258  1.80161751  7.39808866 13.40758285 36.35706474  7.98471252] -311.8935113282729
[11.40796467  0.54796116  8.69057367 13.76447741 36.96483613  7.67151893] -312.8170999828541
[11.33432368  1.65842484  8.24172466 13.03163573 34.86179289  8.41817909] -311.9843872679792
[11.37347859  2.55407907  7.66322927 12.78871032 34.08543059  8.36808555] -312.7295287718793
[11.39338426  3.65867308  6.75399671 12.3184276  33.80285118  8.39998494] -313.88555075456503
[11.40431957  1.32563914  8.20642943 13.40296496 36.17433989  7.85363543] -311.8244018931043
[11.43815066  1.2430752   7.96240783 13.49894623 37.37855982  7.53193495] -312.7770149384764
[11.38964661  2.2263281   7.73802391 12.9662693  34.9087129   8.1590479 ] -311.88889222292903
[11.81101466  1.35965465  8.81060327 13.57597384 37.1859086   8.44418995] -312.1026765119532
[11.63865887  1.44722318  8.3058107  13.52418327 37.29629095  8.64781604] -311.2070607274622
[11.75527583  1.13945111  8.52592542 13.7791082  38.42418889  9.13069701] -311.2509595737867
[11.17561724  2.17952536  7.1925245  12.94527931 35.18767154  7.95355554] -312.1277172330572
[11.6521653   1.56462233  8.40608357 13.41830021 36.68634933  8.32153135] -311.589038134348
[11.12576117  1.18297778  7.97941437 13.35252209 34.57231119  8.3317953 ] -312.6772229138844
[11.63796107  1.91447489  8.08433305 13.26147303 36.78498208  8.18033293] -311.52481911526894
[11.70134432  1.76821021  7.80453178 13.62862214 37.8741204   7.96417963] -312.4308112840487
[11.42607884  1.68587118  8.13242644 13.18088233 35.61487477  8.30467923] -311.5371406919385
[11.6653575   1.58643543  8.89294704 13.17710818 36.1314519   8.50430177] -312.1084349280744
[11.45452881  1.74782199  7.77180325 13.34996418 36.30066153  8.11460983] -311.5309544731175
[11.68159088  1.0022228   8.56427157 13.74632003 38.04378662  8.3151537 ] -311.73048798573774
[11.75934169  1.79510632  8.21514677 13.42407606 37.40130854  8.77440559] -311.1580977837134
[11.93685275  2.02983991  8.21950544 13.43463162 38.01479286  9.23479067] -311.17766468089553
[11.50798732  2.38281716  7.74092969 12.97330633 35.31770245  8.46597129] -311.7457404682906
[11.63818999  1.34737139  8.3584361  13.55306661 37.36226558  8.3528581 ] -311.4189844778847
[11.53275446  1.74800066  7.88323519 13.34624829 36.90044515  8.47003589] -311.3223125041247
[11.79439945  1.64746163  8.07382858 13.63878815 38.40044317  8.5420069 ] -311.37311763046944
[11.8792397   1.55205736  8.53512688 13.56598095 38.41458363  8.87454198] -311.53521003455546
[11.56070653  1.69888083  7.96263416 13.40396838 36.82914205  8.30459287] -311.32054483087165
[11.67005593  1.31353978  8.18203078 13.70197055 37.94498307  8.85023886] -311.11457336309843
[11.68610336  1.01307223  8.23087965 13.92221931 38.52498356  9.18519183] -311.19645686877067
[11.68044899  1.86936607  7.84912596 13.46001162 37.56193873  8.84350729] -311.0720968734197
[11.70157849  2.13036341  7.59447089 13.41348413 37.66177531  9.08883188] -311.1340377979185
[11.48625604  1.64324399  8.05883261 13.31469791 36.24425966  8.75485861] -311.23688699444085
[11.73240156  1.50778607  8.30795846 13.59672098 37.52552919  8.92177053] -311.2022625684083
[11.76168116  1.49320764  8.3436676  13.60325175 37.82896132  9.29293944] -311.0580984088523
[11.86216847  1.39037104  8.53418432 13.70289344 38.32887096  9.78711272] -311.2219614847219
[11.92794003  1.49883237  8.34241415 13.78870684 38.94207761  9.02203397] -311.23737428923596
[11.59667703  1.60714108  8.12972799 13.43320014 36.91871415  8.82165245] -311.1123243248091
[11.76154325  1.74815914  8.03674182 13.54889377 37.76418738  9.18702202] -311.0085135364057
[11.82298544  1.89862712  7.90220739 13.56124902 37.9981356   9.45662501] -311.0812940962956
[11.67751446  1.76772061  7.94418851 13.46041366 37.61450188  9.00148469] -311.12831369164184
[11.62329858  1.47127179  7.94668079 13.6451711  37.80978697  9.22454266] -310.9737529705904
[11.55527702  1.30935453  7.8124478  13.75571862 38.01402619  9.44961119] -311.0324268016217
[11.68705386  1.39984123  8.21846981 13.67041932 37.66168866  9.07181622] -311.12562039346926
[11.68466901  1.49181107  8.14989948 13.61791791 37.64989197  9.05423333] -311.0289532989408
[11.69938341  1.91344582  7.9699171  13.40084488 37.23284377  9.2910602 ] -311.077143260456
[11.80699776  1.72194609  7.96894959 13.6588302  38.36382257  9.47611586] -310.99051062375696
[11.74016284  1.35180812  8.12843798 13.77718057 38.42668588  9.06839333] -311.06626656497474
[11.77900188  1.22336854  8.34233313 13.82373681 38.38583996  9.59090826] -311.11185450318453
[11.70508721  1.70786669  7.97242775 13.55094292 37.76791404  9.03035753] -310.9971132683098
[11.70759615  1.85961269  8.0110177  13.43115531 37.30150221  9.35334361] -311.069794943395
[11.73202117  1.47875926  8.09908291 13.69067426 38.14538996  9.1396309 ] -310.99557336085263
[11.67619117  1.71339705  7.71425985 13.63422496 38.00470297  9.07769466] -311.0234308811814
[11.75037737  1.7886556   7.76281476 13.6249945  38.30204267  9.32422121] -311.0097693675024
[11.78358395  1.59215581  8.21463936 13.60561062 38.04634489  9.38293539] -311.02627952890646
[11.70303936  1.68308674  7.83935473 13.62707138 38.01511345  9.15400485] -310.98136175637035
[11.6936184   1.48170764  8.19159777 13.61553338 37.65336213  9.07967006] -311.03585985652813
[11.73618763  1.71191861  7.87001051 13.62262922 38.13987253  9.26308342] -310.97345811976186
[11.67400066  1.51012392  7.86209361 13.71621259 38.3164458   9.24222306] -310.98519105512287
[11.72009451  1.48450211  7.88962963 13.76925333 38.49556305  9.46950938] -310.9802668562724
[11.689185    1.71552383  7.69315671 13.65571502 38.2348115   9.4701955 ] -310.99994194037777
[11.72131213  1.5379504   7.99760136 13.68193445 38.16774535  9.22227205] -310.97097717371605
[11.58564652  1.4110051   7.83284062 13.69526048 37.95101981  9.04909595] -311.00253404573044
[11.75165995  1.64421084  7.93492235 13.66793777 38.26062188  9.36936088] -310.96825393927173
[11.74453007  1.66752291  7.96397285 13.62178649 37.97978862  9.32536802] -310.9771346509328
[11.72932159  1.48937215  8.0282511  13.70916608 38.26934601  9.47070729] -310.9801313781476
[11.71534214  1.68958012  8.02418336 13.54695504 37.71349073  9.15560206] -310.98525927774597
[11.71890642  1.53577162  7.92326806 13.71367876 38.30004497  9.39103255] -310.96526668384405
[11.70264333  1.70017657  7.85056754 13.60854652 37.94994076  9.1278459 ] -310.9824893472624
[11.72265203  1.54207326  7.98383021 13.68401119 38.1894947   9.38499195] -310.9650641426727
[11.68014218  1.48020926  7.92146491 13.71666767 38.30940018  9.29305981] -310.9886410039456
[11.72843309  1.6206945   7.95334587 13.64550679 38.06219151  9.31729097] -310.963544525545
[11.8364185   1.72626795  7.94097866 13.69339495 38.56353667  9.42480128] -311.02031668624034
[11.67657856  1.53502083  7.94525526 13.65722706 37.9982244   9.27460731] -310.9564402824925
[11.70365976  1.42665521  8.04273052 13.72746945 38.18623507  9.39010182] -310.9747679202973
[11.72805566  1.64060276  7.91319052 13.64883928 38.15146317  9.29483802] -310.96522081778244
[11.72078311  1.63484087  7.88700273 13.6571325  38.15293487  9.45510184] -310.97047088874297
[11.72091537  1.61061825  7.91465239 13.66333299 38.15663749  9.39689439] -310.9636215490222
[11.68018709  1.51738289  7.94292508 13.66959425 38.02539686  9.31719085] -310.9573418909506
[11.70003418  1.61969255  7.96113171 13.60915843 37.8944244   9.27090528] -310.96229172425456
[11.68154444  1.50789133  7.98718966 13.66077095 37.95732662  9.35912223] -310.9627218922908
[11.67324555  1.59502686  7.91766978 13.6178523  37.84190572  9.26034507] -310.95623030849623
[11.64854231  1.62150366  7.88458956 13.58477286 37.66811124  9.19802163] -310.96057603885833
[11.65909227  1.52128474  7.9878534  13.62337027 37.76985235  9.20292618] -310.9616414185991
[11.62846094  1.4780719   7.96066243 13.63381764 37.76685194  9.244408  ] -310.9758500593359
[11.70344006  1.58503885  7.95517501 13.6425845  37.98835662  9.29907023] -310.9584927333854
[11.68264813  1.61659091  7.91614709 13.61249131 37.88206017  9.18255941] -310.96115365725313
[11.65836304  1.50375581  7.92721016 13.66521481 37.94084097  9.24132774] -310.95942929461984
[11.69906187  1.59632065  7.88027406 13.66495114 38.12240923  9.32210736] -310.959284808746
[11.68097726  1.49425772  7.94002269 13.6933167  38.09031777  9.38899011] -310.96258106649844
[11.68223041  1.58600761  7.92211599 13.63269766 37.93412457  9.23416708] -310.95704342400853
[11.71321814  1.63451008  7.92726157 13.62975416 38.02929816  9.3278349 ] -310.96144597257
[11.67207681  1.53644438  7.92722301 13.65634965 37.96295527  9.26295453] -310.9538380421184
[11.66352429  1.52198649  7.98984732 13.62715067 37.79457859  9.22733767] -310.9611498967829
[11.69017747  1.57773711  7.90766737 13.65550102 38.04045157  9.29841494] -310.9538179030199
[11.65472524  1.53083438  7.89911049 13.65382281 37.94599618  9.25015636] -310.9591354132513
[11.69126135  1.57148773  7.94115888 13.64539408 37.97776651  9.28684176] -310.9568912177
[11.68166963  1.61652528  7.91077168 13.61874634 37.89307915  9.22191938] -310.95709959760404
[11.681299    1.59173968  7.91881003 13.63145832 37.92615858  9.24573725] -310.9558456429585
[11.67931584  1.54981125  7.93047879 13.65522981 37.98169611  9.30879987] -310.9535119008384
[11.67785855  1.53171308  7.93466018 13.66649589 38.00548189  9.34611626] -310.95550108023554
[11.66630306  1.55710564  7.90787587 13.64581198 37.93936404  9.26344456] -310.9525484261019
[11.65382391  1.5499146   7.89123436 13.64602093 37.92016281  9.25174595] -310.95253896852694
[11.67340097  1.59853713  7.88577252 13.63024361 37.89288562  9.26805855] -310.9517234021276
[11.67181217  1.63029528  7.85603115 13.61675189 37.84021624  9.26478417] -310.95770863551724
[11.67678578  1.53970119  7.90272558 13.67374881 38.0661976   9.28489196] -310.9543422291009
[11.66722793  1.5256422   7.89622385 13.67423962 38.02862442  9.31255135] -310.95830075368156
[11.67778123  1.57521531  7.91316348 13.64215365 37.95177504  9.26244077] -310.9523686622788
[11.67207296  1.58951874  7.9157876  13.62141741 37.85044454  9.26591291] -310.952930162505
[11.67678065  1.610467    7.88747836 13.6271725  37.9161833   9.28883647] -310.954790024888
[11.67325277  1.55495003  7.91728685 13.64905536 37.95126228  9.26942501] -310.9526337967426
[11.65303842  1.56157858  7.91024049 13.62587257 37.80895723  9.24371276] -310.95232827853823
[11.65514092  1.59342688  7.88068298 13.61635803 37.81013306  9.21163212] -310.95195436133383
[11.65673978  1.55502211  7.88367263 13.64848397 37.92794747  9.23642548] -310.9516311512009
[11.64907318  1.53777379  7.86761515 13.66201725 37.96669893  9.22168176] -310.95739780262716
[11.65005564  1.58961483  7.87096864 13.62065556 37.81935814  9.22191353] -310.9507514685915
[11.63845707  1.60694723  7.84780954 13.60645566 37.75340606  9.19815779] -310.95146032771515
[11.6682284   1.60788368  7.89026589 13.61523487 37.81685604  9.22964845] -310.95629603487055
[11.65742503  1.56440687  7.89099224 13.63832441 37.89433612  9.24622158] -310.9512199861264
[11.63748569  1.57898015  7.86094635 13.61782574 37.76609751  9.21354723] -310.9511195916876
[11.65704425  1.59841741  7.84743797 13.63142454 37.89462874  9.22222007] -310.9514343901374
[11.6555762   1.56823262  7.86591381 13.64596125 37.92161814  9.25783003] -310.9502682076018
[11.65579384  1.5556355   7.85852922 13.66076286 37.97736068  9.28092899] -310.9509661234456
[11.63137456  1.55302087  7.8542047  13.63731488 37.84844308  9.19799409] -310.9564225588746
[11.66289437  1.58715806  7.87788056 13.63201143 37.88177499  9.25054244] -310.95058156890235
[11.65008728  1.60724787  7.85437389 13.61358367 37.79799041  9.23433282] -310.9508669865117
[11.64746382  1.56679606  7.89292053 13.62469615 37.79909636  9.2525758 ] -310.9514435349354
[11.65464914  1.59051207  7.85880861 13.62974244 37.87074564  9.22980901] -310.95066511724815
[11.64615774  1.60950834  7.83863838 13.61493562 37.79152549  9.22310344] -310.95099876256415
[11.66898777  1.60511112  7.86124828 13.63447092 37.92824009  9.25896319] -310.9512588493354
[11.64536121  1.58551289  7.86102183 13.62198703 37.80663315  9.22490122] -310.950484062624
[11.66005021  1.56658445  7.8910174  13.63971151 37.907848    9.25000624] -310.9512387093321
[11.64963085  1.59877736  7.85173313 13.62112959 37.82060612  9.22982914] -310.9504038469185
[11.65596852  1.56602141  7.87440164 13.64357876 37.90892165  9.23727564] -310.9507889821963
[11.65449821  1.57632802  7.8693947  13.63607999 37.88118884  9.23653993] -310.95034794879973
[11.65748102  1.57922551  7.85728224 13.64164835 37.90816416  9.25457039] -310.9503808302076
[11.65383148  1.57456609  7.86893349 13.63653011 37.86924949  9.25492871] -310.949996931043
[11.65342265  1.5665931   7.87399592 13.63992394 37.86850141  9.26748856] -310.95013839924
[11.64256529  1.57372277  7.84687917 13.63576734 37.85404498  9.23565737] -310.9498513610233
[11.63240076  1.56700513  7.83137847 13.6376453  37.84017997  9.22821484] -310.9541980588623
[11.65916648  1.5714379   7.85902368 13.65038518 37.94499075  9.26488397] -310.9505187765721
[11.64881253  1.58199414  7.8605223  13.62908657 37.84122255  9.23489691] -310.9501097083114
[11.65462406  1.55257902  7.8712421  13.65389495 37.93788994  9.26164531] -310.95086152134684
[11.65087915  1.58722778  7.85661038 13.62932093 37.84992707  9.23778318] -310.95001025128784
[11.64457326  1.5747983   7.86546904 13.62926705 37.83091953  9.23130832] -310.9500705807435
[11.64424776  1.57718588  7.85204802 13.63256443 37.84113841  9.24759491] -310.94966691354193
[11.63912254  1.5776148   7.84337468 13.63080664 37.8211132   9.2531224 ] -310.9495423527726
[11.63768522  1.58840867  7.84801588 13.61763163 37.76720747  9.2247356 ] -310.95050131235297
[11.65110345  1.57327663  7.86143932 13.63887884 37.88301547  9.24955642] -310.9498711628516
[11.64521253  1.57174131  7.85371306 13.6377704  37.86153403  9.25255523] -310.94957111412987
[11.64966489  1.57791817  7.84484766 13.64042438 37.88204188  9.26322612] -310.94988084519923
[11.64295424  1.56238548  7.84978542 13.64407164 37.87373928  9.26523223] -310.9539507029881
[11.64889793  1.5810172   7.85490414 13.63300861 37.85588012  9.24464544] -310.94982464955655
[11.6383574   1.57719754  7.83278586 13.63568863 37.8499604   9.24465895] -310.95387444818033
[11.64996296  1.57522395  7.85989658 13.63631974 37.86442722  9.25236127] -310.949778918346
[11.64262335  1.57294739  7.86188799 13.63042615 37.83129646  9.23273993] -310.94991246350264
[11.6479045   1.57667547  7.84910774 13.63792482 37.86935552  9.25560457] -310.949702049576
[11.64011846  1.57872187  7.8411858  13.63165367 37.82576955  9.24842567] -310.94962227916386
[11.64784101  1.5799421   7.85384816 13.63339395 37.8453149   9.26658082] -310.9497220589595
[11.64115608  1.5722893   7.84547121 13.63628114 37.83995802  9.26490454] -310.9496508819347
[11.63715542  1.57710434  7.83567031 13.63295714 37.82325452  9.2613698 ] -310.95384347536617
[11.64676107  1.57569405  7.85384001 13.63547909 37.85413404  9.2546134 ] -310.94968057751794
[11.63891738  1.57097017  7.841716   13.63657797 37.84530655  9.24316111] -310.95392652234796
[11.64561011  1.57769912  7.85081512 13.63418996 37.84531281  9.26072589] -310.9495734551954
[11.63808909  1.57457801  7.84702555 13.63080215 37.81325169  9.25584447] -310.94961045280115
[11.63634186  1.57518743  7.8400218  13.6316889  37.81484572  9.257246  ] -310.9538411415405
[11.64415627  1.57556739  7.85038546 13.63453154 37.84431196  9.25527155] -310.9497439805015
[11.64216754  1.57467806  7.84854387 13.63428852 37.84132361  9.25283881] -310.94953303394016
[11.64236632  1.57765696  7.8470949  13.6324983  37.83321301  9.25692414] -310.94957485899266
[11.63860581  1.57609641  7.84520012 13.63080439 37.81718245  9.25448343] -310.9495915689886
[11.6396205   1.57816834  7.84228024 13.63123016 37.82344137  9.25077403] -310.94957219512276
[11.64013931  1.57495205  7.84442294 13.63354389 37.83053561  9.25901347] -310.94956745398497
[11.6429418   1.57665443  7.84860735 13.63314287 37.83762362  9.2538679 ] -310.9495671299949
[11.64351352  1.57714514  7.84624121 13.63436573 37.84523436  9.25436348] -310.9495513375232
[11.64013541  1.57541398  7.84406186 13.6332943  37.83321092  9.25106922] -310.9495386397438
[11.64305287  1.57398448  7.8494704  13.63525049 37.84623906  9.25731772] -310.94952829788826
[11.64476906  1.57189255  7.85306548 13.63726066 37.85763791  9.26058957] -310.94955880668186
[11.64350525  1.57687824  7.84901018 13.63350563 37.84437932  9.24851304] -310.949559367364
[11.64089057  1.57525048  7.84496006 13.63402758 37.8395432   9.25187366] -310.9495666496573
[11.64140338  1.57560146  7.84587188 13.6338064  37.83906331  9.25237222] -310.9495432334561
[11.6396265   1.57460106  7.84351112 13.63376507 37.8310155   9.25851491] -310.9495189848359
[11.63768712  1.57346248  7.84076159 13.63389479 37.8243336   9.26351584] -310.9538892335731
[11.63832256  1.57348614  7.84537006 13.63270475 37.82542084  9.25404828] -310.94959750426096
[11.64221578  1.57623039  7.84602342 13.63395049 37.84028098  9.25428468] -310.9495355136693
[11.6407035   1.57523946  7.84578991 13.63331211 37.83199779  9.25667703] -310.9496783820757
[11.64122841  1.57551096  7.84585139 13.63368283 37.83729693  9.25344842] -310.94950762622943
[11.6436863   1.57252484  7.84911267 13.63727059 37.85534247  9.25603553] -310.94963989774425
[11.64026348  1.57634231  7.84480918 13.63242263 37.82967052  9.25385068] -310.9495420225134
[11.64254536  1.57379733  7.84767818 13.6356546  37.84678515  9.25530724] -310.94952041098645
[11.64347674  1.57418679  7.84963093 13.6355697  37.84776949  9.25950138] -310.94951463503594
[11.64181669  1.57268917  7.84887187 13.63545325 37.8431956   9.25802481] -310.94950171460715
[11.64161715  1.57091856  7.85029609 13.63620463 37.84465292  9.25989488] -310.94953962314423
[11.64174799  1.57357854  7.84646076 13.63550346 37.84277697  9.26119935] -310.9496322877318
[11.64206265  1.57440318  7.84802309 13.63459226 37.84168695  9.25492895] -310.9494948525536
[11.64053258  1.57441168  7.84505179 13.63432207 37.83634415  9.25592418] -310.94946919647737
[11.63927243  1.57462528  7.84284249 13.63385786 37.83139669  9.2552274 ] -310.9494722900445
[11.64036916  1.57480362  7.84596856 13.63347379 37.83231772  9.2581403 ] -310.94950471781084
[11.64353558  1.5740674   7.85095475 13.63526623 37.84852145  9.25480777] -310.9496000643944
[11.64060377  1.57446765  7.84537203 13.63414036 37.83539199  9.25758812] -310.9495200063445
[11.64129761  1.57440743  7.84653744 13.63445716 37.83901555  9.25542656] -310.9495155490453
[11.64117463  1.57355043  7.84696183 13.63488766 37.83976988  9.2569745 ] -310.9494947107534
[11.64045087  1.57460765  7.84551017 13.63389793 37.83433093  9.25703224] -310.9495271366497
[11.64088049  1.57496132  7.84545159 13.63400245 37.83682054  9.2546863 ] -310.9495018657558
[11.64200466  1.57429923  7.84734136 13.63494588 37.84205682  9.25771278] -310.9494941488782
[11.64007954  1.57450637  7.84428146 13.63404357 37.83367982  9.25721954] -310.9494918391956
[11.64153897  1.57410451  7.84636498 13.63498834 37.84156465  9.25561571] -310.94951932113497
[11.64126694  1.57423029  7.84615128 13.63471574 37.83975622  9.25596984] -310.94949635824673
[11.640682    1.57424568  7.845209   13.63451529 37.83712693  9.25740248] -310.9494970104595
[11.64103296  1.57345324  7.84621398 13.63514096 37.83942407  9.25904814] -310.94950548973964
[11.64091861  1.5745843   7.84564219 13.63428708 37.83747142  9.25577676] -310.9494919755352
[11.64131032  1.57428176  7.84660098 13.63455204 37.83923251  9.25579005] -310.94949880062904
[11.64083908  1.5742547   7.84555699 13.63452448 37.83765332  9.25699937] -310.94950030442567
[11.64030606  1.57445903  7.84466663 13.63418282 37.83501199  9.25657186] -310.949505916308
[11.64072559  1.57449799  7.84534699 13.63430457 37.83690778  9.25585047] -310.94950229269955
[11.64126862  1.57435546  7.84619658 13.63463398 37.83920048  9.25681848] -310.9495071412987
[11.6408536   1.57398106  7.84600681 13.63460487 37.83805701  9.25644934] -310.9494827907948
[11.64089976  1.57432099  7.84560154 13.6345189  37.83805018  9.25594701] -310.9494999897119
[11.64060729  1.57432868  7.84513039 13.63441868 37.83673554  9.25666333] -310.9494957297206
[11.64003968  1.57431102  7.84440481 13.63415    37.83450173  9.25565025] -310.9494962518082
[11.64091344  1.57415811  7.84584749 13.63459021 37.83852014  9.25558966] -310.9494681705799
[11.64121714  1.57400765  7.84643792 13.63479391 37.84027422  9.25509857] -310.9494864248701
[11.64055652  1.57400585  7.84533395 13.63456367 37.8371618   9.25622412] -310.94946513724653
[11.64047199  1.57375978  7.84532743 13.63469322 37.83728881  9.25641095] -310.9495268721737
[11.64026794  1.57407781  7.84499021 13.63436426 37.83572327  9.25621995] -310.9494870648573
[11.64120412  1.57401005  7.84638208 13.63480459 37.83967891  9.25670661] -310.9494824904101
[11.64083545  1.57388617  7.84607372 13.63466454 37.83842622  9.25570796] -310.9494861821887
[11.64136396  1.57407316  7.84657507 13.63481906 37.84033947  9.25598067] -310.94946958267207
[11.64097263  1.57432713  7.84565868 13.63457028 37.83827427  9.25658357] -310.94949038440393
[11.64086974  1.57399641  7.84596996 13.63464098 37.83838824  9.25592686] -310.9494749152655
[11.64095985  1.57423737  7.8457133  13.63464199 37.83875389  9.25566803] -310.9494748348384
[11.64052791  1.57428415  7.84511511 13.63438807 37.83682366  9.25506457] -310.94956026694376
[11.64103507  1.57407857  7.84606533 13.63470046 37.83896509  9.2562961 ] -310.9495083919925
[11.64073498  1.57408198  7.84559072 13.63457694 37.83784097  9.25590689] -310.94949754659524
[11.64054455  1.57420877  7.84519287 13.63444287 37.83675297  9.25607415] -310.9494749527215
[11.64096024  1.57403951  7.84595451 13.63469136 37.83875064  9.2561024 ] -310.94957039710215
[11.64075819  1.57412161  7.84552363 13.63460283 37.83795785  9.25594608] -310.9494924161698
[11.64071313  1.57400113  7.84565196 13.63460232 37.83777502  9.25607549] -310.94947691838445
[11.64088032  1.57400795  7.84585802 13.63468413 37.83842035  9.25646537] -310.94948935035507
[11.64043566  1.57410293  7.84509587 13.63446623 37.83655235  9.2561283 ] -310.94949428544
[11.64056114  1.57406743  7.84529471 13.63454374 37.83703248  9.25639761] -310.94950973164885
[11.64069152  1.57407834  7.84551672 13.63456864 37.83763885  9.25602957] -310.94958748890156
[11.64055054  1.57410731  7.84526341 13.63450327 37.83695739  9.25614914] -310.9494742649485
[11.64063483  1.57400349  7.84549295 13.634583   37.83746841  9.25614981] -310.9494836355504
[11.64071842  1.5740069   7.84559598 13.6346239  37.83779108  9.25634474] -310.94948702117296
[11.64065735  1.57406373  7.84542879 13.63458325 37.83755982  9.2560851 ] -310.9494936897888
[11.64049609  1.57405439  7.84521491 13.63451495 37.83685708  9.25617621] -310.9494988105352
[11.64064575  1.57404392  7.84546234 13.63457031 37.83750139  9.25606551] -310.94949577291834
[11.64075838  1.57402268  7.84564423 13.63462752 37.83795622  9.25616326] -310.9495083010658
[11.64056166  1.57404646  7.84532224 13.63454309 37.83713186  9.25617297] -310.94948889727755
[11.64058069  1.574034    7.84535011 13.63456309 37.83718873  9.25630979] -310.9495354736557
[11.64062949  1.57404144  7.84543428 13.6345685  37.83742322  9.25612658] -310.9495046879441
[11.64055353  1.57405658  7.84529868 13.63453347 37.83705959  9.25618663] -310.94948259844347
[11.64059568  1.57400467  7.84541345 13.63457333 37.83731511  9.25618696] -310.9495583578586
[11.64063747  1.57400638  7.84546497 13.63459379 37.83747644  9.25628443] -310.94949349917727
[11.64055909  1.57402616  7.8453281  13.63455338 37.83714683  9.25619855] -310.9495135166776
[11.64060694  1.57403479  7.84538137 13.63457346 37.83736081  9.25615461] -310.949491592841
[11.64060114  1.57402489  7.84539814 13.63456699 37.83733159  9.25614481] -310.94955492359804
[11.64057589  1.57404688  7.84532162 13.63455492 37.83719725  9.25621075] -310.9494824834477
[11.64056201  1.57403399  7.84531142 13.63455724 37.83713598  9.25627488] -310.9494837168112
[11.64060503  1.57403533  7.84537591 13.63457213 37.83731713  9.2562466 ] -310.9495299369434
[11.64057058  1.57402845  7.84534005 13.63455807 37.83718941  9.25621056] -310.9495120618519
[11.64059354  1.57403304  7.84536396 13.63456745 37.83727455  9.25623458] -310.94947949346994
[11.64051201  1.574064    7.84520537 13.63452295 37.83692023  9.2561441 ] -310.94949196045445
[11.64054337  1.5740496   7.84527027 13.63454066 37.83705928  9.25617918] -310.9494804315341
[11.64052135  1.57404052  7.84525193 13.63453234 37.83693534  9.25628211] -310.94948142385783
[11.64055273  1.5740435   7.84530205 13.63454026 37.83709329  9.25616424] -310.94948530103875
[11.64055969  1.57403637  7.84530908 13.634553   37.83712531  9.25624722] -310.9494735591343
[11.64056326  1.57401417  7.84531825 13.63457054 37.83719159  9.25627269] -310.9494667780139
[11.64053669  1.57401297  7.84529419 13.6345543  37.83705204  9.25626922] -310.9494925597259
[11.64056609  1.5740384   7.84531476 13.63455476 37.83716095  9.25622537] -310.94953246243597
[11.64055989  1.57401001  7.8453261  13.6345671  37.83717669  9.25624841] -310.9494810887701
[11.64055811  1.57402111  7.84532152 13.63455833 37.83714356  9.25623567] -310.9494724099689
[11.64057503  1.57401945  7.84534895 13.63456556 37.83721818  9.25622935] -310.94953295234916
[11.64054995  1.57402772  7.84530211 13.63455216 37.83711054  9.25620165] -310.94948711049193
[11.64053894  1.57402319  7.84529294 13.63454801 37.83704857  9.25625311] -310.94947118642744
[11.64056621  1.57402637  7.84532779 13.63455929 37.83717953  9.25621744] -310.94947671067143
[11.64053484  1.57401864  7.84528585 13.63455063 37.83705539  9.25623078] -310.9494859329192
[11.64055489  1.57400733  7.84532727 13.63456352 37.83714464  9.2562682 ] -310.9495797357124
[11.64055118  1.57402263  7.8453084  13.634555   37.83711906  9.25621829] -310.94955412613433
[11.64054773  1.57401452  7.84531345 13.63455584 37.83710519  9.25623862] -310.94949332331424
[11.64055732  1.57401348  7.84532773 13.634561   37.83715268  9.2562299 ] -310.94953830520194
[11.64056136  1.57401611  7.84533087 13.63456148 37.83717066  9.25622078] -310.94947299633657
[11.64055821  1.57400793  7.84533003 13.63456539 37.83716925  9.25623626] -310.94955455800084
[11.64054568  1.57401225  7.8453099  13.63455715 37.83710859  9.25622745] -310.9494673776181
[11.64055324  1.57401679  7.84531803 13.63455792 37.83713617  9.25621289] -310.9495828256137
[11.6405557   1.57400659  7.84533061 13.63456359 37.83715322  9.25624616] -310.9495092093083
