[-0.11833633 -0.10798487  1.85535974 -0.23714155 -0.5657499   1.58088875] -531.3699975555164
[-0.23509034 -1.64858968  0.03808098 -0.63489946 -2.03502988  0.34118984] -568.089991384075
[ 0.52682459  0.68859783  1.04239326 -0.77071732  0.59546151  0.0119285 ] -517.8269471782497
[-1.39094553 -0.73245867 -0.31076812 -1.58622855  1.65541228  1.23802671] -584.0896711027099
[ 0.84449945  0.17053601  0.84925895 -1.1148963   0.42221261  0.86053438] -522.7645974524339
[ 1.10263403  0.66452018  0.11219388  1.38410647 -2.11952445  0.83433208] -505.1521375052557
[-1.20223207e+00  5.99035674e-01 -8.37900620e-01 -5.03725091e-01
  2.06922149e-03 -2.25027521e+00] -547.5058934016802
[ 1.69704531  0.85449705  1.33056352  0.9604708  -2.88893258 -0.77849393] -521.1274727935672
[ 1.18523533  2.6049903   1.41254192  0.5409318   0.51687536 -0.25488498] -481.5599851331018
[ 1.89539816  4.7317803   2.09977239  1.12884743  1.79282798 -0.55292239] -464.8784307176617
[ 3.18492048  1.73494649  3.26774787  0.95394826 -0.92330417  2.90236434] -467.7271181861273
[ 3.20211033  3.05627749  1.04528355  1.08439467 -0.4746698  -0.48830776] -450.92517124642933
[ 4.86233366  4.63840867  0.64024545  1.74516278 -0.42912974 -1.52290601] -445.0361800058507
[ 3.57855262  4.2670475   1.98171317  2.91550244 -1.7464131  -0.56243352] -493.0189191231942
[3.35317587 4.72060327 1.71745849 1.49181256 1.94557192 1.14861493] -438.29003716192517
[4.18124115 6.65365639 1.91090597 1.75748344 4.36282417 2.11216937] -445.6650279913417
[ 5.46551368  6.2305043   2.23065049  3.9771773  -1.08878536  0.73708798] -534.4980663730462
[1.76149686 2.07407445 1.33945757 0.41625633 0.17439979 0.19321837] -474.9684134949345
[ 5.10932519  6.72443338  3.56993777  1.49973679  2.39084201 -0.29902018] -418.3604849053931
[ 7.11267078  9.75438998  5.29880971  1.55755195  4.64602524 -0.86569631] -414.3463397489278
[ 3.81144598  4.95102022  2.80611732 -0.48430934  4.14854344  0.99665783] -529.571135867383
[ 3.63677596  4.43804068  2.18781421  2.0655495  -0.27267396 -0.17266068] -444.17387639616004
[6.25359477 7.93198201 3.73115847 2.56470116 2.07870596 0.11904626] -422.35022083091155
[ 5.85306259 10.33678848  1.95733838  2.56392686  4.17707996 -3.5178724 ] -427.6320389871466
[ 8.46180639  9.20829074  3.07783584  2.8673875   2.25569848 -1.05090235] -467.7347166068788
[ 3.53700022  5.85090791  2.34428826  1.56348245  1.9085456  -0.67741738] -431.86310136314285
[5.05309307 9.70582878 5.10537706 2.19051204 5.25688131 0.20091082] -430.7954799055767
[ 6.75075647 11.66212613  4.53032925  1.91177951  6.94361063 -1.02481068] -426.1452465606128
[ 8.16688343 13.69340449  5.93830855  2.62550543  6.39137765 -3.0705615 ] -453.71787742411215
[4.55660276 6.96380358 2.772671   1.77523577 3.05702335 0.09382083] -420.2850659573828
[ 8.3229266  12.93406508  5.45427303  2.62441998  6.81122988 -0.98744978] -423.53565080470804
[ 7.89677826 10.15522298  2.80948289  2.14202637  3.98101036 -2.26189818] -423.0369727271356
[7.77804729 9.46374144 6.24156975 1.62797806 4.99545518 1.87554312] -413.58182585744953
[8.74053963 9.02721792 8.38368543 1.16000365 5.40464279 4.57225088] -441.2970027756129
[7.22278368 7.40560889 4.23899238 2.18552492 1.57953936 0.34926599] -425.8613739993316
[7.10477688e+00 8.46973820e+00 4.31182659e+00 2.11708857e+00
 2.92055718e+00 5.74682223e-03] -412.10093244221014
[5.24456364 4.64556098 2.93423311 1.30377397 0.41502921 0.64297063] -428.04181440228405
[ 7.55333586 10.86193906  4.82426305  2.29425848  5.21217971 -0.57984468] -410.74849251962985
[5.55623119 7.65997511 6.25061664 1.83691163 3.65563851 2.47810353] -428.0013035180701
[ 7.31164149  9.53141101  3.66976633  2.06574768  3.8996674  -1.07689775] -410.69136149033477
[ 7.55209691 10.41635908  5.30847701  1.24791901  6.16493006 -0.30148892] -427.0537227583512
[6.57822031 8.55307628 4.12548811 2.23550562 3.10026199 0.01391246] -410.76920833797845
[ 9.92296144 11.91429508  6.71790351  2.19080768  5.20102555 -0.3028996 ] -437.1105841341331
[ 5.89819243e+00  8.20142645e+00  3.75897913e+00  1.87912875e+00
  3.59302390e+00 -5.35928212e-03] -409.9921611608879
[6.96206731 8.60605417 3.67848794 2.51568377 3.26102322 0.94339654] -408.80290431330053
[6.88676557 8.03188626 2.86832705 2.99474968 2.56852221 1.84794296] -419.16930316966835
[ 6.02469747  8.61080695  1.8813673   2.74115957  2.33344928 -2.10855841] -433.1828092744794
[7.33970983 9.25050782 5.15151914 1.90627343 4.32995371 0.87951773] -406.89547410633395
[6.77627887 9.86506673 4.09100797 2.18177734 4.87814613 0.05249485] -406.4141350085038
[ 6.61202986 10.56273099  3.98059866  2.21412173  5.8569406   0.07586886] -410.526669335023
[ 7.36885495 10.2190588   4.26585308  2.04545087  5.29106937  0.05719   ] -405.80196491655306
[ 7.76417228 11.05205006  4.33603556  1.95042349  6.38647306  0.07882877] -409.30323149804786
[6.33224576 7.6959026  3.38094147 1.90376213 3.20544819 0.86329204] -406.4869696382907
[6.2474749  8.41459451 4.43916325 2.07827775 4.28655411 2.00707505] -409.8338999717456
[7.77735144 9.81563509 4.57667848 2.33127968 4.82437434 1.60634802] -402.89745507849636
[ 8.71693095 10.6227394   4.98552816  2.55735515  5.44004956  2.41220167] -405.8276585513189
[ 7.93802783 10.06948056  3.94233278  2.21646466  4.31011755 -0.53966199] -411.6371708056896
[6.67011313 8.82831602 4.31495563 2.11282448 4.29244497 1.37039079] -405.382011976277
[7.12611736 9.95210818 4.91516399 1.64477221 5.67945568 0.66634794] -416.653923263003
[7.00307982 8.94256767 3.98765695 2.29795588 3.86563133 0.87413439] -404.5863907187175
[6.63626482 9.20500782 3.05417873 2.38474336 4.45575107 0.7284323 ] -402.22448369791647
[6.28454232 9.18225782 2.00550852 2.62397833 4.51864975 0.65288958] -401.9579640576739
[ 7.62782774 11.25506477  4.36627874  2.62732672  6.01799044  0.67452383] -405.6411091068082
[7.46764427 9.54923333 3.74796916 2.49782797 4.7252406  1.69266402] -400.8296543735816
[7.81332697 9.39131663 3.57644976 2.65585329 4.64878784 2.5127486 ] -400.9549352252195
[6.90799795 8.9719661  3.40049609 2.78494682 4.12370777 2.23312687] -402.7902667653957
[6.4090819  7.17492723 2.97814288 2.255611   2.76535915 2.13532739] -405.9938185023257
[ 7.32314128 10.23503039  4.01924477  2.53439779  5.20483262  1.03972472] -402.7091742220262
[ 7.58447257 10.07058077  2.9308957   2.91063768  4.79503384  1.32923841] -406.07028355517974
[6.89870299 9.13888221 3.96894065 2.31227778 4.41809218 1.36010269] -402.66874058504516
[ 7.2167136  10.0217673   3.25195561  2.73028025  5.40600109  1.98748425] -399.4573673507882
[ 7.32353049 10.56136712  2.88410494  2.94644243  6.17618597  2.54415918] -398.6368390145925
[6.29116833 9.39727723 2.09874289 2.90201069 4.89786196 1.56787434] -400.65355874307863
[ 6.95491194 10.3827166   2.84100756  2.48736484  5.85657992  0.71934464] -402.1159041377439
[6.4170255  9.16888105 1.82951314 2.72223622 4.99270418 1.80595343] -399.67271663759675
[ 6.68090463 10.27502884  1.16667476  3.08100905  5.97098194  1.63419236] -399.585825527109
[6.5333599  8.99529853 1.73649691 3.10380339 4.57062822 2.57989966] -400.4548864278185
[ 7.28666872 10.13343755  2.48232541  3.12713159  5.92588454  3.28869142] -397.7522495583962
[ 7.78773192 10.60902742  2.72073385  3.37870822  6.62950193  4.60659234] -398.67855850677137
[6.04324159 9.96119678 0.31798352 3.46304981 6.11950833 2.78092611] -401.84793825987833
[7.1115436  9.65222419 2.89047275 2.73913343 5.07380754 1.96472954] -399.03648018710896
[ 7.49317595 10.19813519  2.23111974  3.00457468  6.0055355   3.03800086] -397.4004931464911
[ 8.09417976 10.59856417  2.29730817  3.05585667  6.55937227  3.77306412] -397.9058215635441
[ 7.57092306 11.00105945  2.75824     2.76970575  6.81107167  2.17867593] -399.40731180218165
[ 8.07188999 11.43820307  2.9747994   3.16709609  6.99511821  3.07686301] -399.6017267477802
[ 7.65817386 10.87087256  2.68847783  3.05588112  6.4945147   2.75913561] -398.2462095086594
[ 8.13376727 10.53066985  4.14490547  2.79994729  6.19135136  3.62360515] -399.5096912006371
[ 7.77055161 10.4667596   3.40034779  2.87021273  6.13625901  3.12625195] -398.2746483993469
[7.31029169 9.62653929 2.76737615 3.14475291 5.12632408 3.39498026] -400.19454499844676
[ 7.50576521 10.65742941  2.76052404  2.86346754  6.38988477  2.48275201] -398.17053434307974
[ 7.90107835 11.31044295  2.59182717  3.21676993  7.30228063  3.7816008 ] -398.41209933025425
[ 7.88160741 10.65099197  2.50076906  3.0995701   6.57526708  3.61465171] -397.4181497591544
[7.29756924 9.68209914 2.76269413 2.79017599 5.20683457 2.32156039] -398.26199555743034
[ 7.27043519 10.26422901  1.74162228  3.11005428  6.06304805  2.70867871] -397.54847444469243
[ 7.73437288 11.24293276  2.03891866  3.29671711  7.27787697  3.64240972] -398.2272377764638
[ 7.39916792 10.1781794   1.89661523  3.11129065  6.2513176   3.4992592 ] -397.15794875874417
[7.26966496 9.83183282 1.50068393 3.13899541 6.12971906 3.869321  ] -397.51286429370623
[7.21123393 9.45120142 2.49873992 2.80864583 5.12576887 2.56826825] -397.86088911684703
[7.34166449 9.63462877 1.68987317 3.2236215  5.59238911 3.75643137] -398.0886284436998
[7.38268967 9.89032893 1.95753589 3.13358301 5.79176302 3.43801153] -397.45019483142966
[ 7.6933477  10.9872326   1.77125594  3.3867556   7.07850306  3.96082956] -398.1649969329617
[7.33176237 9.83520921 2.31686893 2.95317328 5.61395242 2.91640858] -397.36235134461685
[ 7.63294412 10.20558702  1.7325183   3.01028374  6.17441002  3.11631211] -397.22196914456345
[ 7.77001396 10.05524823  2.47018677  2.9941042   6.07436717  3.83220262] -397.41050358946444
[ 7.78686757 10.48412141  2.42515679  2.92408253  6.43985357  3.23426683] -397.35239519208653
[7.25636989 9.66783486 1.85671953 2.89959959 5.61121168 2.93083169] -397.3817326531504
[ 7.19674865 10.1344408   1.68281274  2.97356395  5.95772643  2.41282381] -397.59080504672363
[ 7.62669763 10.07504637  2.27334326  2.98896914  6.04520698  3.47735792] -397.18936983533115
[7.51809388 9.95052423 1.93595427 2.95789163 6.03978193 3.35347791] -397.02173364238524
[7.53055285 9.82671876 1.78837153 2.93455011 6.05690514 3.51121644] -397.1571083828179
[ 7.84214128 10.57505436  2.33676606  3.0822974   6.57696249  3.60152916] -397.16298192522345
[ 7.9368751  10.65429506  1.88324904  3.07176509  6.89522512  3.8443258 ] -397.6565663472197
[ 7.48304055 10.03998067  2.20846396  2.98282123  5.93427059  3.14838788] -397.10312022583264
[7.38049423 9.85733594 1.70273024 3.12043539 5.9007963  3.49784123] -397.13219809963823
[ 7.45026771 10.01978664  2.38543937  3.0709514   6.07503528  3.74297232] -397.2168630681142
[ 7.49593681 10.06623674  2.22220911  3.05578449  6.09987897  3.58630727] -397.0750747453781
[ 7.41292726 10.14739074  1.82756969  3.11453779  6.22246231  3.41824297] -396.90942344129337
[ 7.30604208 10.18356293  1.60468291  3.17732211  6.31108998  3.3886855 ] -396.9042879429451
[7.01878388 9.51688561 1.52011918 3.05288444 5.60208263 3.22312384] -397.39464080545736
[ 7.63630193 10.31051217  2.13260434  3.07494416  6.33324253  3.50692783] -396.9944450936323
[7.5408019  9.9578715  2.03893304 3.01177569 5.95503583 3.32795001] -396.81862442539045
[7.61161889 9.84771754 2.11009195 2.96201821 5.80689494 3.24229541] -396.8110432109586
[ 7.63651716 10.27550882  2.36860527  2.94982522  6.27425668  3.24418604] -396.9391510623503
[ 7.5851297  10.17137347  1.91625199  3.07644071  6.35411108  3.6255721 ] -396.73041630768637
[ 7.63617427 10.23706987  1.77014601  3.12325045  6.56403132  3.86416421] -396.78153486821714
[ 7.6019644  10.18016299  1.80052114  3.01036286  6.27324674  3.20074099] -396.67727939639224
[ 7.65497819 10.23712611  1.58967715  2.98765204  6.35993063  3.00795786] -396.7120744988631
[ 7.60776416 10.37242174  2.0416316   3.12574612  6.41116538  3.38265804] -396.57685044278816
[ 7.65259931 10.5833705   2.09447026  3.20967337  6.59685711  3.39724811] -396.5962090477712
[ 7.48004353 10.03307032  1.81465728  3.02562758  6.14367907  3.18778487] -396.399485114218
[7.40191433 9.8943494  1.65568374 3.0009693  6.04889734 3.02821339] -396.2032561355289
[7.40162736 9.94102054 1.34101584 3.16779455 6.12754514 3.37853578] -396.5266783328718
[7.76396421 9.95211897 2.01704918 2.93712181 6.02953023 3.23065307] -396.4116834859181
[ 7.50916916 10.32276482  1.48062588  3.1441269   6.60793704  3.37316238] -396.3949198273896
[ 7.51033818 10.04957268  1.52925713  3.05226647  6.14532955  2.90574911] -396.1495058300263
[7.47294242 9.98867228 1.33575971 3.04017935 6.04093878 2.54583762] -396.1719483927745
[7.46296141 9.99725306 1.55456665 3.1323122  6.18355482 3.2322496 ] -395.8883235968519
[7.39345991 9.9057981  1.43158941 3.19328687 6.13870886 3.2480039 ] -395.5792372904534
[7.38572689 9.64945309 1.1101088  3.03944251 5.95481734 3.00544783] -396.05486845946325
[7.58656353 9.98366515 1.73375554 2.95461007 6.18086164 2.88520745] -395.6934528114124
[7.16509313 9.98308211 0.96329099 3.19111223 6.32932035 2.91794162] -395.94313625326845
[7.30519616 9.49920869 1.32726933 2.99976891 5.65804133 2.62369205] -395.6461755967363
[7.3802116  9.79591054 1.04273999 3.14252639 6.08679568 2.8338006 ] -395.4204460878259
[7.36936023 9.74669111 0.73626811 3.21330493 6.10574485 2.73659421] -395.3242882105101
[7.2247951  9.53972674 0.90483693 3.1449087  5.97716857 2.89987991] -395.05504456997534
[7.08202357 9.28480376 0.59262683 3.19122982 5.89308809 2.8969453 ] -394.75224048045067
[7.24817196 9.81829655 1.15149127 3.20832843 6.14710437 2.76401368] -394.6448453232965
[7.17939449 9.90271827 1.17218251 3.29277139 6.24324788 2.6432966 ] -394.1620120508659
[7.47357283 9.45787958 1.36793959 3.0905451  5.74391053 2.75997156] -394.4887117960415
[7.01443887 9.28203469 0.47553638 3.37235894 5.74671887 2.75096042] -394.8738790572596
[7.19888714 9.69409982 0.59811161 3.45139677 6.29909837 3.05489861] -393.99510660351496
[7.14573263 9.79154539 0.23353276 3.6772107  6.61962689 3.27050189] -393.757073838047
[7.02804763 9.24942617 0.09443931 3.41918676 5.97873684 2.43808609] -393.66693088430486
[ 6.84534149  8.92124021 -0.57413573  3.53213671  5.89875083  2.03312719] -393.77971858544447
[6.93837644 9.24277818 0.57581768 3.46779597 5.96936485 2.84999308] -392.8174668036865
[6.72288454 8.99082171 0.49559246 3.59504149 5.90117485 2.90669251] -391.9147121813984
[7.19611303 9.61036361 0.84323477 3.38296948 6.37987615 2.88753756] -392.20967295352
[7.16655815 9.71611448 0.8096803  3.62801182 6.39576963 2.73841677] -392.2003877653779
[ 6.67267066  9.62911696 -0.15171888  3.90785212  6.76223355  2.86820559] -392.55282148587276
[ 6.79794106  9.09307783 -0.39726227  3.91065273  6.43589142  3.0598502 ] -391.6679077998776
[ 6.60721434  8.68825761 -1.18198466  4.2195934   6.53221319  3.26812701] -392.01438784679794
[6.71567239 8.9714282  0.33112247 3.60402743 5.99826726 2.36242768] -390.5969925798055
[6.50064227 8.56136961 0.37991733 3.5674358  5.68758745 1.90839058] -389.57998022563874
[6.65755561 9.28419523 0.56537526 3.91146772 6.54210751 3.01827831] -389.6385635434325
[7.00789423 8.78953053 1.05056483 3.42400756 5.68523545 2.63818306] -390.03715714889074
[6.42171226 8.53467286 0.1247212  3.96256956 5.83604595 2.53573292] -390.0822597922318
[ 6.20298517  8.03510811 -0.07004403  3.82904647  5.63357791  2.61729242] -389.2073894589635
[ 5.72119869  7.19460492 -0.5099062   3.92956379  5.25248205  2.55673025] -389.54703728315883
[6.47335899 8.44182968 0.05549832 3.94001845 6.03897372 2.35254999] -387.5158750909252
[ 6.34859622  8.16733366 -0.16454876  4.11250694  6.10787315  2.07547873] -385.7546016677119
[6.24852086 8.03099217 1.02592422 3.69169195 5.39491772 1.87126847] -387.0803933154189
[6.5670192  8.42150358 0.80434175 3.54948258 5.84772045 2.17389761] -386.97347863226815
[ 5.83387888  8.04397026 -0.20357624  4.12986959  6.05269261  1.91668565] -386.9237330621707
[5.90965859 7.13589723 0.02529617 3.71521006 5.03268225 1.16939285] -386.5551961404916
[5.86957737 7.38356539 0.09254703 4.10850006 5.66890058 2.03294799] -384.2173235255872
[ 5.55404491  6.79466328 -0.05113812  4.37903219  5.65955715  2.0952267 ] -382.57271266525396
[5.95092105 7.49634528 0.54881037 4.03021797 5.73156987 1.15002424] -382.23278157038544
[5.82488898 7.22696386 0.85823757 4.13080372 5.78056584 0.41639015] -379.9668898261831
[ 5.76417473  7.23245179 -0.60305343  4.31394308  6.09877944  1.41108876] -382.07215155750544
[ 5.17806157  6.44558978 -0.85060268  4.71097261  5.72966303  0.85419   ] -383.630283727921
[ 5.69259612  6.29032961 -0.05836017  4.32428661  5.41701434  0.75723675] -379.3940433306223
[5.62195474 5.41350928 0.01424786 4.42149512 5.09917521 0.1775123 ] -377.2807334865293
[ 5.52091513  6.62427332 -0.29091535  4.9743745   6.45918902  1.1739027 ] -377.17583387401066
[ 5.3265434   6.36846137 -0.44902111  5.60395672  7.1724424   1.17615763] -375.677729732985
[ 4.74129323  4.9932128  -0.19589455  5.07422754  5.73885454 -0.03195688] -376.80849003065333
[5.76623842 6.23083101 0.70839543 4.59684685 6.12012849 0.89394955] -372.2000718791867
[6.06032685 6.12345163 1.48789448 4.53978397 6.31536122 0.91382933] -367.7429234300903
[ 5.55901573  5.6580203   0.42194173  4.98237119  6.40883573 -0.74088627] -370.3011338554979
[ 5.28049958  4.69542129  1.31552209  5.27026968  6.07296555 -0.77407334] -368.851094275793
[ 5.03832219  3.85706169  0.00665926  5.83323102  6.48864571 -0.1761959 ] -366.86942677774067
[ 4.6450388   2.1721106  -0.41912989  6.68444466  6.84268564 -0.47248893] -366.980706231029
[ 5.04671225  5.15170041  0.84811944  6.01311825  7.63319318 -0.05522077] -366.4244739538165
[ 4.759091    5.02079597  1.26505523  6.80892981  8.90020216 -0.17158731] -368.4118039411148
[6.0291801  5.6248261  1.40626651 5.6733494  7.62496005 0.14649377] -361.0399540737953
[6.67312354 5.94063275 2.20734704 5.97291032 8.56801281 0.2357191 ] -357.2871437101488
[ 5.89278998  4.10696799  2.54484912  5.26660476  6.65656233 -1.37510025] -358.03862569568633
[5.77157573 4.30039162 2.38152208 5.98293481 7.50274453 0.33053899] -355.6851027254032
[5.87785574 3.62157728 3.36131226 6.48321662 8.04969893 0.86625162] -351.6455808357793
[6.2492106  4.90504262 2.16987178 6.09935197 8.49752585 0.91050105] -350.25081685759466
[6.73356612 5.00985328 2.59704662 6.51389312 9.709806   1.75278824] -343.7032250470329
[ 5.69379642  3.10581284  2.36721677  7.48787406  9.38661176 -0.49774865] -355.362936709676
[ 6.93429249  5.12178649  4.63530449  6.74597469 10.17931596  0.48509233] -347.1061838594183
[7.55509585 3.81717647 5.05623933 6.81037294 9.88347609 0.54422157] -340.71677699332537
[ 8.80928765  3.1499145   7.16029928  7.20900028 11.00861755  0.84394274] -340.1448268088137
[ 7.681184    4.54289106  4.89799303  8.2043516  12.31079201  2.60378205] -355.9489223249353
[ 7.2368706   2.2433124   6.13237711  8.2418598  11.64693459  1.78231701] -339.999654994123
[ 7.51874413  0.39465223  8.09489215  9.37633454 13.18639548  2.55561596] -346.1443673367818
[ 6.08070567  2.87452787  3.85319248  6.02292125  7.68286959 -0.85956762] -347.2972325720483
[ 8.19706299  4.2345111   6.87929398  6.2510812  10.03913578  2.12135676] -337.1121611271057
[ 9.44869628  4.79886023  9.13533258  5.63268477 10.36539779  3.43090946] -344.19559505882813
[ 8.78607277  3.92305794  7.05785906  7.17836016 12.03919422  1.17572486] -332.37431800323066
[10.24018129  4.07379827  8.90613245  7.52593193 14.03394187  1.33046149] -335.0903675496399
[ 9.48501187  5.01961737  7.63420103  8.02380183 13.85813178  3.57997493] -351.1719425105764
[6.93178222 3.41080024 4.79844462 6.5231414  9.22668514 0.25031802] -339.2754969935331
[ 8.63058829  2.20203     6.90646907  7.22647063 11.04414179  2.15705688] -328.34935492889116
[ 9.4787362   0.74215176  8.04205136  7.46671859 11.47655471  2.99303916] -326.7767215550205
[ 9.74637136  0.89139603 10.75972851  7.7761607  12.102568    1.30277795] -339.57326196796123
[ 7.98301106  1.99849533  7.3962856   7.270107   11.1684066   2.36456851] -327.75310902134595
[ 9.8041416   2.82349173  8.84551059  5.91332988 10.37058022  1.62027808] -335.1137122686717
[7.31389759 4.81944    3.58008656 5.75808538 9.33761756 2.20565052] -340.1461411866678
[ 9.13825292  1.87340702  8.96481802  7.27164187 11.41133039  1.52849609] -331.9776950028219
[10.86397696  1.78757138 10.93016158  7.26060483 12.9417155   3.6841698 ] -331.94835705343496
[10.48766751  0.14821395 10.19960143  7.86917291 13.09679144  2.33406874] -327.0853191733987
[ 9.10843087  0.66747406  8.68474842  8.85887191 13.67408406  3.07307765] -332.33603683605423
[10.2339524  -1.51728677 11.01469641  8.15401221 12.55043334  4.15008178] -332.24713626977643
[10.28676815  1.01004349 10.16445638  6.23854723 10.54099326  2.61173038] -337.11796577240284
[ 9.40301519  0.75311642  9.05467541  8.20379074 12.89081136  2.95774083] -327.48477682774126
[ 8.88426754  3.95160539  7.18116805  6.95999977 11.77810332  1.13727926] -331.8346909798887
[ 9.89530524  1.25364439  8.63649646  7.73848942 13.03946392  3.62845935] -322.14654251072926
[10.2738314   0.94376307  8.47233567  7.97191319 13.85353069  4.67844098] -320.3295051384544
[ 7.972866    1.05821059  5.85187759  7.98662923 11.8130172   1.80420936] -323.313008163779
[ 9.64877491 -2.07028836  9.1577743   8.62944412 12.98826734  4.57340993] -325.42834932855516
[11.105286   -1.47343952  9.52981965  8.77244927 14.20458432  4.08240116] -331.460748637542
[ 8.7635798   1.13051161  7.92966911  7.64569256 11.92745103  2.79402667] -323.53707091828574
[ 9.47213675 -0.10226221  7.49642774  7.6527328  12.16105944  3.43465745] -321.1089232607334
[ 8.04897418  0.4191482   5.45044383  7.91520392 11.6431687   4.42519244] -323.3525150097115
[ 8.58131815 -0.28245745  6.74412473  8.46715335 13.31894343  4.24360645] -316.64395655346294
[ 8.13260913 -0.79476206  6.09516141  8.96737073 14.24013779  4.8688901 ] -315.7515488583916
[ 7.90589084  2.95515809  4.60753082  7.41707003 12.22452094  2.76172907] -321.43335239549776
[ 8.50518963  0.36257361  4.72825658  8.32461407 13.38436056  4.53034646] -316.71493998512085
[ 9.37186707  1.05507882  6.96675277  8.19157276 14.24904017  2.93423203] -312.5608355868165
[10.03331352  1.37304414  7.72490724  8.32975719 15.5519759   2.18875182] -311.35815150710323
[10.13479109  0.52096096  7.18966223  8.23452343 15.32551124  5.68339593] -315.68212640519806
[10.944733   -2.18738559  9.29471947  9.07656711 15.94767093  5.69976518] -320.21836427229266
[ 9.86935251  0.17499358  7.00525313  9.31551577 17.27333626  5.7818727 ] -308.31794320540365
[10.06796039  0.31362148  6.75966582 10.14690726 19.82947467  6.95548032] -306.9618226775294
[ 8.99903419 -1.08107889  5.45845525  9.7213334  17.57284634  5.29710229] -307.73788379983955
[ 7.67956632  2.41883867  3.35731671  8.83160158 16.02043123  4.14155713] -314.07200486832835
[ 9.84390191  0.55430115  7.46679965  9.75255046 19.46243183  5.18137941] -301.992264568113
[10.51325805  0.65016492  8.83607118 10.46651866 22.50146747  5.50689588] -300.22444574185204
[11.01003205  2.19327915  7.0135314   9.60950978 21.36043117  5.05550436] -303.0224266446939
[ 9.29959708  1.43499553  5.8603203  10.80068586 22.28669769  4.03170134] -305.4027400087227
[12.29483211 -0.79082989 10.52700036 10.85996913 23.68053318  5.53692155] -310.83072052918607
[10.69492443 -0.4663267   7.09344086 12.20521751 26.85850761  8.60578343] -307.9546813509104
[ 7.90010329  1.80571506  3.14682791 10.12342169 19.78927513  6.28056766] -313.1874539058117
[11.1961499  -0.14169365  8.68195725 10.67583227 22.70771867  5.72283308] -303.1579387748602
[ 9.66708612  1.58942288  7.10989287  8.26837823 15.2277044   2.25072233] -310.92011477690824
[10.43796485  0.0476107   7.09755386 11.22100769 23.9508068   7.01701815] -302.072427454121
[11.84261992  2.58040493  9.29124469 11.25215377 26.63935249  6.13270875] -319.4691257751457
[ 9.70993062 -0.16570793  6.41665261 10.10403849 19.83947288  5.50600391] -302.0767486714009
[10.65435047  1.02592809  7.87569638 10.81229033 24.38605689  3.99117192] -299.3815723751608
[10.94754551  1.3820814   8.43371165 11.14498186 26.664348    2.50901771] -304.59058648140405
[11.87429823 -0.23180178  9.44683392 10.16237988 22.62862027  6.90144109] -305.49793401444356
[ 9.94327237  1.01829621  6.75694871 10.64110936 22.37217834  4.74913628] -301.0180139297494
[ 9.56011957  1.7315507   5.98352747 10.27565917 22.09575251  4.88574376] -299.73900430793145
[ 9.26293326 -0.75733159  7.30861867 11.56403145 23.68814713  5.4964856 ] -302.779721660104
[ 9.69970796e+00 -1.96789052e-02  7.23484685e+00  1.10754010e+01
  2.31062181e+01  5.38624029e+00] -299.9406091708836
[10.55962713  1.65033184  8.17822887 11.39329025 26.29802051  5.00606485] -303.9665244600547
[ 9.92235475  0.28830201  6.85704667 10.42635143 21.45410978  5.38101914] -299.7153528614333
[ 9.65972286  1.51724364  7.41715856 10.01143564 21.35445424  2.9497176 ] -300.9065642582933
[10.05989885  0.71287395  7.97783366 10.38144272 22.59384134  4.61779325] -298.3146420758044
[10.11821209  0.56016282  8.58827614 10.2516094  22.70467284  4.55212174] -299.9146298727959
[10.47684035 -0.05419672  7.50451551 11.13445214 24.02469447  6.97323715] -300.3534382987907
[10.27256098  0.33866337  7.48267628 10.85369802 23.35713441  5.96735726] -298.8309047248198
[ 9.54307281  0.70904815  5.63447125 10.80842891 23.16290355  4.569546  ] -298.9998275087355
[10.30441118  1.62180099  6.70223705 10.11055582 22.57704803  4.41797015] -298.2444110302305
[10.6067628   2.44254094  6.43593215  9.62813322 22.31246297  3.93383508] -300.3598049291257
[10.69209678 -0.16601185  8.1931263  10.85526324 23.74794549  4.76254215] -297.71689293735943
[11.25808538 -1.11479312  9.29792572 11.14506528 24.57404198  4.70094134] -299.94336842211527
[10.58644227  1.12579889  7.76496696 10.84754158 25.15420012  4.06110776] -297.7120497982778
[10.91848603  1.54454733  8.21892711 11.05813665 27.00424529  3.40115207] -300.08507474338796
[ 9.83181049  0.42146307  6.70940746 10.4733531  22.47830076  5.47426694] -298.8063030071518
[11.03933404  0.64248133  9.30894465 10.36552259 23.47325316  5.19746651] -298.6290817348459
[10.56543689  1.11413876  8.06949575 10.15752834 23.31772855  3.54302499] -298.36674096733475
[11.25072952  1.26223095  9.29612734 10.43259833 24.47637147  3.392368  ] -300.26278326968645
[10.18654024  0.63165504  7.35608743 10.46316441 22.97781844  4.9537922 ] -297.52893811770787
[ 9.75894137  1.03760393  6.04563774 10.57297612 23.31627416  3.58794366] -298.6231014898072
[10.07903953  0.93882328  6.86146446 10.52111273 23.35551891  3.99032437] -297.59312242949056
[10.07070606  0.50750801  6.88240954 10.90216517 23.48439556  5.39148497] -298.5153664441518
[10.44175418  0.96248107  7.7727242  10.34368754 23.3593953   4.00513999] -297.5154140785838
[10.70352922  0.9919752   6.90570181 10.66566572 24.46346742  4.11249896] -298.14350567136125
[10.59205622 -0.12689378  8.24912    11.12158925 25.1090672   4.21049833] -297.4722370273775
[10.73587875 -1.00124116  9.02256148 11.62710597 26.37507679  4.10676242] -299.1852496750238
[10.15578053  0.12997569  8.49346131 10.71845387 23.43784773  4.54863598] -298.3693892678159
[10.56659204  0.77647532  7.30264168 10.67886276 24.2070625   4.22153321] -297.34139753588516
[10.12537806  1.60212512  6.90920861 10.47005618 24.30640867  3.71825648] -298.37385880809893
[10.5504171   0.2760224   7.87214688 10.75896148 23.88756129  4.50147073] -297.27460742727413
[10.21902417  0.02705556  7.37309459 10.44825115 22.47794109  4.56647852] -297.80802975222366
[10.49458775  0.85111306  7.66699887 10.74771897 24.48513536  4.18745045] -297.2357112993668
[10.86494298  0.18479442  8.54510856 10.8502154  24.65316112  4.7029706 ] -297.20116044613223
[11.2578947  -0.19222001  9.3869306  11.01476674 25.30198223  5.05929371] -297.9599670609408
[10.98357651  0.34300912  8.44682597 11.03718073 25.58930915  3.65589557] -298.70104782050646
[10.38579931  0.55949356  7.62877206 10.60666849 23.63069112  4.62931804] -297.07415948913473
[10.70971095 -0.12214608  7.98220515 11.24431791 25.29816423  4.81260713] -297.5850814979367
[10.50874338  0.69132428  7.82509444 10.56884513 23.84408753  4.20700677] -297.17701572748217
[10.53163796  1.23996813  7.36446749 10.28216816 23.12683244  4.60608494] -297.58158756891834
[10.57695166  0.2148217   8.02795687 10.91173398 24.61350851  4.30939498] -297.1552466797142
[10.56055534  0.14938115  8.55271754 10.80251839 24.16431914  4.62433731] -297.40842192861453
[10.56508287  0.61970178  7.61516065 10.70977667 24.19637666  4.32223424] -297.1257264516932
[10.58161888  0.76439387  7.89755027 10.70602474 24.58675882  4.2846543 ] -297.027482567133
[10.59721978  1.00857961  7.91025197 10.67955637 24.93635758  4.17624608] -297.23440446337014
[10.66645861  0.16039682  8.17954875 10.70336917 24.02305922  4.63107586] -297.1333424869673
[10.22994192  0.81858292  7.17958579 10.55192399 23.6449995   4.0915908 ] -297.3027688916512
[10.70619272  0.34324154  8.20372786 10.77564255 24.40112072  4.55012565] -297.0485682443281
[10.65195797  0.19602547  8.02581105 10.90222673 24.63975081  4.70192758] -296.9277151049542
[10.72356527 -0.05162393  8.12616936 11.06891753 25.03758245  4.94938799] -296.9820748494217
[10.6087518   0.66626265  7.82223334 10.5561688  23.87907727  4.73038358] -297.02593309329836
[10.50000924  0.88930948  7.55153633 10.71546682 24.42153258  4.44180527] -297.01987106530805
[10.57969377  0.51987375  8.09471633 10.71095604 24.32326711  4.7905039 ] -296.9452591602459
[10.82360881  0.56687536  8.23641967 10.84882674 25.11981132  4.53714872] -296.93741834271714
[10.54235411  0.85767198  7.67236113 10.70424741 24.58894525  4.61201547] -296.8523800598766
[10.46043481  1.1148872   7.40667777 10.66854984 24.68285752  4.64296038] -296.9623104083867
[10.65383969  0.46761236  7.90347568 10.77327278 24.40403596  4.98660721] -296.8653326039927
[10.64173607  0.49952682  8.00587339 10.99549671 25.28670374  4.6262858 ] -296.88504947099784
[10.7977209   0.14655243  8.42801608 10.92954198 25.03263882  4.97635762] -296.91323974762975
[10.79071208  0.39154773  7.99593601 11.00691473 25.36736153  4.68961023] -296.8974556118125
[10.53583146  0.28610357  7.77407145 10.92174004 24.65333406  4.99378592] -296.8110106409818
[10.39194278  0.14571767  7.54289734 10.95819669 24.42009543  5.22210453] -296.9884908515011
[10.66877346  0.68697949  7.90076686 10.87484448 25.13792231  4.92629317] -296.68990608681247
[10.6771812   0.9324565   7.83824476 10.86115336 25.38700805  5.03847596] -296.6996883792692
[10.48002805  0.91659488  7.32281209 10.82929674 24.78012879  4.63517498] -297.01404617615987
[10.71829769  0.33906304  8.15171508 10.90448067 24.96951132  4.89106196] -296.7839743982846
[10.46289874  0.65410469  7.80681852 10.71777929 24.31278935  4.98907295] -296.9223754159116
[10.70875875  0.45718697  7.94865664 10.93463087 25.10371848  4.76447591] -296.78281377117975
[10.63421565  0.53201232  7.77780889 10.70890871 24.33245205  5.09846074] -296.88767988534335
[10.63985596  0.50764819  7.94885726 10.92384971 25.04814082  4.74432954] -296.7799385447175
[10.61745079  0.57727206  7.8953338  10.98132495 25.42982145  4.65738012] -296.78980738230894
[10.75396859  0.09374579  8.20077256 11.1427095  25.52520422  5.0470934 ] -296.8480119695187
[10.70106497  0.28472734  8.06866971 11.03309398 25.29113948  4.93832392] -296.76038009306467
[10.81556908  0.66485546  8.19726167 10.96233485 25.67341723  4.64683562] -296.8518564103361
[10.60576587  0.38079154  7.879869   10.93188874 24.90835485  4.90704835] -296.7481845226367
[10.73005477  0.30819347  8.07084439 10.8862712  24.72310764  5.06646416] -296.8655478233661
[10.64560179  0.51000241  7.93921144 10.95756151 25.25314299  4.75965113] -296.7396247974946
[10.60497591  0.60338227  7.74362855 10.9808091  25.27796166  4.78897871] -296.7625407397617
[10.57992057  0.53399011  7.87834431 10.96605163 25.20183555  4.92373236] -296.71755423174886
[10.62884489  0.49230953  7.85463936 10.99090011 25.3086448   5.00367967] -296.6709397219913
[10.62333936  0.4846402   7.80753041 11.02442531 25.43889679  5.13335474] -296.6491706157139
[10.6698461   0.35699476  8.08116869 10.94847945 25.132469    5.07382251] -296.73305446579167
[10.56335074  0.69973883  7.76029386 10.86798973 25.06640101  4.9696435 ] -296.71448430171444
[10.64451147  0.70999039  7.90923619 10.9478953  25.5018677   5.02178412] -296.68556605659643
[10.60431211  0.64744218  7.839902   10.91900046 25.23998779  5.256559  ] -296.7087242285388
[10.55822314  0.89726564  7.61752252 10.91825618 25.39650139  5.00329978] -296.7220587118983
[10.58612888  0.76219792  7.73343406 10.925812   25.33049329  5.02093047] -296.6833066216662
[10.6502181   0.79633956  7.77204349 10.88727079 25.37002074  5.1857893 ] -296.6867551739218
[10.69574372  0.66279108  7.89401047 10.99175971 25.60666186  5.21192677] -296.6280879665866
[10.76194021  0.64431721  7.96086877 11.0536447  25.87679228  5.33306841] -296.61395274060476
[10.70732505  0.71404607  7.8547246  10.98563041 25.64534325  4.9505144 ] -296.6605313218105
[10.65571423  0.68353096  7.77851231 11.06671502 25.91654904  5.28885398] -296.6531472359364
[10.67610163  0.53656802  7.90939196 11.11410345 25.86662671  5.06371273] -296.67481913560243
[10.69233832  0.56510973  7.77225118 11.10888166 25.85636608  5.24169412] -296.6342389987277
[10.78612405  0.44720614  7.96099235 11.19198818 26.20303142  5.31613566] -296.6357221589633
[10.73282544  0.64304875  7.80223458 11.02965831 25.77903292  5.35749437] -296.61892668395615
[10.71010216  0.44190493  7.83940527 11.17280732 26.0448796   5.60635269] -296.6812123433589
[10.70801933  0.64601078  7.85089476 11.03242464 25.74522733  5.11447397] -296.62364503906275
[10.779148    0.45991331  7.93974504 11.08029258 25.71656656  5.20988644] -296.65326898086147
[10.68657268  0.62762655  7.81882049 11.07010941 25.86655342  5.26911209] -296.6247786991224
[10.83260065  0.70646619  7.9144903  11.13781033 26.33677103  5.41063813] -296.6178357268244
[10.68530816  0.83032026  7.74552768 10.95218817 25.61721627  5.25935804] -296.64428255141775
[10.76092008  0.54298467  7.90712618 11.13203818 26.05657763  5.30194125] -296.61513123060297
[10.80195448  0.70504165  7.97922718 11.04301353 26.03061879  5.35388196] -296.62411080000106
[10.84618072  0.66832987  7.98612677 11.07275382 26.07511991  5.3547206 ] -296.6074919406857
[10.92598475  0.68868153  8.0697799  11.07407602 26.17940315  5.39752486] -296.6285355696282
[10.745541    0.57867751  7.82801994 11.10976313 25.92588824  5.27023029] -296.6287281068329
[10.78785111  0.67345061  7.94142537 11.05970093 26.00443615  5.33296904] -296.6102996107232
[10.86608675  0.64685498  7.98652923 11.12944412 26.29768264  5.58246996] -296.63096222962315
[10.74753618  0.64622183  7.88480338 11.05667951 25.88334116  5.23147297] -296.6098170950502
[10.84618421  0.65087472  8.06271235 11.14121751 26.29864647  5.29744243] -296.63274733785454
[10.76116513  0.64500524  7.86735402 11.05754811 25.90893631  5.34248138] -296.60751009332125
[10.72259716  0.56697029  7.93474453 11.00631142 25.59829678  5.22157975] -296.6230537430679
[10.80509978  0.67159221  7.91955386 11.1049356  26.15215247  5.36337354] -296.6082140787043
[10.8090043   0.77332099  7.94625121 11.00304938 25.91034846  5.35075406] -296.61995160977017
[10.77294113  0.60056875  7.91690744 11.09979098 26.02002034  5.31414445] -296.60846731986794
[10.81165114  0.65740563  7.87785484 11.09682494 26.1378765   5.31331892] -296.6094146434324
[10.79367359  0.6229239   7.87610806 11.10314339 26.05471274  5.30686825] -296.611467679983
[10.78930673  0.66081893  7.92509604 11.07056154 26.0170053   5.32644384] -296.6066348300825
[10.84791203  0.65501838  7.94616094 11.11079216 26.22036245  5.44002128] -296.61177474992877
[10.77263014  0.64842097  7.90014277 11.07020767 25.96759648  5.28361005] -296.60619791041586
[10.77079008  0.64083969  7.96053879 11.0617743  25.9090671   5.34827237] -296.6124819006319
[10.80143587  0.65326415  7.89852583 11.08806228 26.08067415  5.32205728] -296.60636319879126
[10.81899833  0.71524171  7.91535899 11.0548987  26.0471412   5.35008444] -296.60739378001193
[10.79147253  0.65876807  7.91131428 11.03307511 25.88000531  5.29642566] -296.60722464109165
[10.84550964  0.68994266  7.97816754 11.07230493 26.11357781  5.30196591] -296.60932319831943
[10.78225126  0.65623959  7.8950574  11.06123732 25.96009668  5.33235252] -296.60517132869444
[10.73918423  0.66258794  7.82903834 11.05326039 25.90905313  5.28227066] -296.6108694846042
[10.8194316   0.66689439  7.94685466 11.06788046 26.03360321  5.33660812] -296.60560004462883
[10.76651105  0.59956033  7.91030467 11.07544276 25.93251918  5.28241471] -296.6061649332859
[10.78571636  0.63629805  7.91401284 11.11138891 26.11715969  5.33140318] -296.6086372370756
[10.79003349  0.65315057  7.91198892 11.05265356 25.93929391  5.30517004] -296.605194264699
[10.78812441  0.63169106  7.89586204 11.06793314 25.9542559   5.29429373] -296.604755863841
[10.78753325  0.61712713  7.88124504 11.06661894 25.92288121  5.27821867] -296.60652251018456
[10.77155811  0.63205482  7.92154433 11.04372269 25.84844764  5.28942577] -296.6069837734069
[10.79396643  0.64796182  7.90428045 11.07697738 26.02261752  5.31389941] -296.6053105856696
[10.80747594  0.63674495  7.92130661 11.06383387 25.97986565  5.33796946] -296.6053532330286
[10.82724999  0.69800046  7.91481203 11.05472915 26.03072511  5.35768304] -296.6071275009151
[10.78169579  0.62417036  7.91143151 11.07026436 25.95707066  5.3012318 ] -296.6048474815195
[10.76175084  0.61642506  7.86645432 11.06308608 25.90413023  5.29169753] -296.60559340003033
[10.77617103  0.6290424   7.8865544  11.06428467 25.93649848  5.30292518] -296.60480459587296
[10.76327153  0.64400698  7.8804183  11.06728294 25.94341206  5.27865476] -296.60620290918985
[10.79642484  0.63856046  7.91108453 11.06469614 25.97075226  5.32314079] -296.6047413400979
[10.7776005   0.62965633  7.89971248 11.05004568 25.88337177  5.30580528] -296.6044204360249
[10.76941754  0.62050359  7.8974285  11.03657982 25.8137489   5.30175821] -296.6074418204132
[10.77738912  0.61663617  7.88791187 11.07350021 25.94805468  5.31474639] -296.604896919161
[10.78355064  0.600346    7.90246154 11.06900408 25.9232379   5.2816952 ] -296.60521281528355
[10.7825761   0.6422662   7.89690844 11.06317901 25.95088199  5.31968819] -296.60469014707866
[10.79014177  0.64849277  7.91260593 11.05330079 25.93622234  5.3009486 ] -296.6050052487622
[10.78057728  0.62460032  7.89408538 11.06845035 25.94509659  5.31129694] -296.6046779835568
[10.78546227  0.64110189  7.88330425 11.05593197 25.923215    5.31781824] -296.60495013716877
[10.78263741  0.62840324  7.90439969 11.06668126 25.94860675  5.30537841] -296.60461815229974
[10.79314249  0.63601681  7.91412979 11.06271052 25.94782328  5.3169426 ] -296.6044630179228
[10.7828618   0.63481005  7.9109114  11.05732118 25.92792164  5.33312367] -296.60595600941116
[10.78680876  0.63247081  7.89962438 11.06528015 25.94767234  5.30400121] -296.60448857924257
[10.77135601  0.62591078  7.89186886 11.06075285 25.90373198  5.29789675] -296.6048656784578
[10.79015763  0.63539804  7.90628061 11.06371032 25.95399719  5.31682978] -296.6045207450956
[10.78773192  0.61991565  7.90916901 11.06244708 25.92464065  5.30039655] -296.6047115421869
[10.78386506  0.63667856  7.89997358 11.06299603 25.94432165  5.31486528] -296.604539952681
[10.79082666  0.64160761  7.9139548  11.05535763 25.93016773  5.30997724] -296.6045662556325
[10.79149629  0.64220614  7.90682552 11.05335218 25.92051124  5.31742872] -296.60478611790137
[10.78485213  0.63185397  7.90500615 11.06334899 25.94158287  5.30839098] -296.6045183206672
[10.78131552  0.62575056  7.89428754 11.0673396  25.9427553   5.31230113] -296.60459165853024
[10.78844888  0.63764335  7.90903798 11.05835312 25.93331462  5.31055822] -296.6045450840107
[10.78369331  0.62971482  7.89920435 11.0643441  25.93960841  5.31172016] -296.6044475802568
[10.78821988  0.62835837  7.90801234 11.06015056 25.9270303   5.30636473] -296.6045962545915
[10.78495376  0.63459851  7.90198327 11.06228466 25.93999882  5.31274014] -296.6045171474806
[10.78019269  0.62937238  7.90027286 11.05896105 25.91268864  5.30303701] -296.60469353469585
[10.78766639  0.63389162  7.90477868 11.062523   25.94367005  5.31338159] -296.60448622858917
[10.78643628  0.63359567  7.9014715  11.05904704 25.92579868  5.31313934] -296.6045208350811
[10.78524817  0.63228939  7.90412249 11.0622735  25.93763682  5.30957807] -296.60453051839517
[10.78064691  0.62968558  7.89945842 11.05719489 25.91149009  5.30876272] -296.6047194054015
[10.7853715   0.63283657  7.90692113 11.0563781  25.91559753  5.31137394] -296.6047421644697
[10.78263345  0.63177398  7.90224558 11.05628434 25.91352091  5.30959343] -296.6047466200407
[10.78220463  0.63106357  7.89966843 11.05766291 25.91552206  5.30490325] -296.6047024526474
[10.78127713  0.63212742  7.90084788 11.05616517 25.91168529  5.30927271] -296.60487098394276
[10.78122632  0.63075515  7.90235932 11.05669733 25.91247732  5.30709813] -296.6048382916763
[10.78195063  0.6297963   7.90260724 11.05525591 25.90564127  5.30657287] -296.60483209664164
[10.78224289  0.63084896  7.90117845 11.05424328 25.90257055  5.30857236] -296.6049232634108
[10.78148046  0.6307786   7.9020641  11.05608382 25.91000063  5.30746669] -296.60488141447166
[10.77990257  0.63035995  7.89969046 11.05385429 25.89944692  5.30535426] -296.6049086386307
[10.77912371  0.62967095  7.89958545 11.05362028 25.89743093  5.307284  ] -296.60499370288807
[10.781486    0.63124645  7.90331681 11.05321189 25.89948465  5.30858961] -296.6050530615014
[10.78011698  0.63071515  7.90097903 11.05316501 25.89844634  5.30769935] -296.60508670347525
[10.77977557  0.62972632  7.90115986 11.0526508  25.89450652  5.30618907] -296.60500499255875
[10.77941341  0.63020574  7.9010359  11.0533715  25.89792455  5.3064517 ] -296.6050446879768
[10.77898361  0.62957343  7.90052129 11.05241981 25.89227544  5.30552529] -296.6051500511758
[10.77983363  0.63042972  7.9008646  11.05297871 25.89690362  5.30715584] -296.60508733975655
[10.77875154  0.63000814  7.89970147 11.05194999 25.89140934  5.30557977] -296.60519975593274
[10.7783621   0.62966364  7.89964897 11.05183298 25.89040135  5.30654464] -296.60516648132653
[10.77868804  0.62969132  7.90043617 11.05134824 25.88893915  5.30599718] -296.60526298898924
[10.77850696  0.62993104  7.90037419 11.05170859 25.89064816  5.30612849] -296.6051876740939
[10.77954325  0.63045139  7.90151465 11.05162878 25.89142821  5.30719744] -296.60520837609073
[10.77885874  0.63018574  7.90034576 11.05160534 25.89090906  5.30675232] -296.60521293203806
[10.77851966  0.6302741   7.89999633 11.05157555 25.89045015  5.30667213] -296.60523362989164
[10.77856176  0.63012841  7.90010629 11.05151872 25.8900724   5.30650339] -296.60518596806986
[10.77824996  0.62976057  7.90000693 11.05128957 25.88820136  5.30583402] -296.60525637292136
[10.77870655  0.63007945  7.90026105 11.0515264  25.89023213  5.30652274] -296.6051838964345
[10.77728655  0.62937095  7.89842017 11.051232   25.88728351  5.30516399] -296.60527490621286
[10.77897908  0.63018128  7.90074103 11.05152959 25.89039204  5.30668908] -296.60518369215686
[10.77815411  0.62987191  7.90057987 11.05077067 25.88696328  5.30715144] -296.60531090868403
[10.77860218  0.62997408  7.89992107 11.05165516 25.89029783  5.30597269] -296.6051599878392
[10.77843043  0.62996336  7.8997561  11.05099425 25.88760768  5.30655078] -296.6052512123356
[10.77848783  0.62993912  7.90021967 11.05153001 25.88988804  5.30623406] -296.6052054023978
[10.77810134  0.62981521  7.89981678 11.05085042 25.8868348   5.30588898] -296.6052850585043
[10.7779813   0.62965999  7.89968073 11.05093933 25.88688656  5.30617496] -296.6052522391067
[10.77828979  0.62991881  7.90022676 11.05078763 25.88688191  5.30624718] -296.60526404669747
[10.77815352  0.62986789  7.89998677 11.05078604 25.88680195  5.30616401] -296.6052848532408
[10.77808113  0.62989237  7.89990939 11.0507822  25.88672209  5.30615434] -296.6053052422465
[10.77805373  0.62979368  7.90004334 11.05087713 25.88700997  5.30596688] -296.6053201798588
[10.77801547  0.62980985  7.89973429 11.05051996 25.88548973  5.30617803] -296.6053208751706
[10.77804416  0.62979772  7.89996608 11.05078784 25.88662991  5.30601967] -296.60532791255736
[10.7777909   0.62965816  7.8996966  11.0504925  25.88512917  5.30599012] -296.60438449463334
[10.77794515  0.62978757  7.89996962 11.05041665 25.88512684  5.30602623] -296.6044251940601
[10.77787701  0.62976211  7.89984962 11.05041586 25.88508686  5.30598464] -296.60440405236824
[10.77785092  0.62973577  7.89976463 11.05044805 25.88510329  5.30584713] -296.60431062422197
[10.77784082  0.62977435  7.89981094 11.05041394 25.88504693  5.30597981] -296.60439818389045
[10.77782712  0.62972501  7.89987791 11.0504614  25.88519087  5.30588608] -296.60429901280213
[10.77765061  0.62964967  7.89960111 11.05034249 25.88451613  5.30580479] -296.60444203343025
[10.77787151  0.62975309  7.89987749 11.05039811 25.88497416  5.30597087] -296.60440609716227
[10.77808559  0.62981317  7.89991325 11.05083094 25.88680532  5.30608094] -296.60529799997164
[10.77772178  0.62969554  7.89976267 11.05024199 25.88423016  5.30587419] -296.6043514902788
[10.77776467  0.62969722  7.89970997 11.05042647 25.88495493  5.30588312] -296.6043866877695
[10.77772172  0.62966657  7.89969128 11.05041226 25.88479825  5.30583551] -296.60430386067134
[10.77771822  0.6296184   7.89969009 11.05041362 25.88475529  5.30579224] -296.6043752970488
[10.77777888  0.62966927  7.89978443 11.05039681 25.88478075  5.30585863] -296.6043765494359
[10.77774864  0.62971203  7.89982707 11.05029888 25.88449037  5.30570781] -296.6044435441347
[10.77778034  0.62967163  7.89972922 11.0504441  25.88496947  5.30591954] -296.6043443704537
[10.77776115  0.62970171  7.89972084 11.05041033 25.8849017   5.3058596 ] -296.6044264324292
[10.77777445  0.62967738  7.89976853 11.05040019 25.88481098  5.30585887] -296.6043447120656
[10.77784055  0.62977223  7.89984133 11.05038904 25.88494571  5.3059482 ] -296.6044075403289
[10.7777488   0.62965686  7.8997279  11.05040748 25.8848029   5.30583123] -296.60441123135234
[10.77777442  0.62969579  7.8997846  11.05043683 25.88499456  5.30586079] -296.6043911525827
[10.77783902  0.62973039  7.89982127 11.05045473 25.88514708  5.3058666 ] -296.60433879395555
[10.77780373  0.62969832  7.89980357 11.05045275 25.88508017  5.30590281] -296.6043483437991
[10.77780078  0.62970119  7.89982322 11.0504308  25.88500093  5.30587248] -296.6043733979194
[10.77777445  0.62971027  7.89982029 11.0503517  25.88471052  5.30588014] -296.60440559111805
[10.77777267  0.62967171  7.899784   11.05043751 25.88497308  5.30583916] -296.6043691451705
[10.77783147  0.62969719  7.89981123 11.05053964 25.88541838  5.30586251] -296.60527352960474
[10.7777887   0.629707    7.89981803 11.05039868 25.88488748  5.30587573] -296.60437195966415
[10.77783625  0.62971542  7.89985807 11.05044179 25.88509864  5.30588683] -296.60435978274
[10.77782171  0.62971475  7.89983106 11.05045149 25.88512485  5.30587993] -296.60437389800774
[10.77780602  0.62970458  7.89982518 11.05043597 25.88503191  5.30587434] -296.60436693759607
[10.77783957  0.62970813  7.89983864 11.05049603 25.88528643  5.30587621] -296.60439487815734
[10.77780142  0.62970729  7.89982318 11.05042302 25.88498722  5.30587585] -296.6044203014586
[10.77783307  0.6297277   7.89984959 11.05045807 25.88516897  5.30587634] -296.6043570294123
[10.77781542  0.62971166  7.89984074 11.05045708 25.88513552  5.30589444] -296.60428944597066
[10.77783169  0.62972021  7.89986799 11.0504516  25.88514476  5.30588645] -296.60432098127393
[10.77781657  0.62971479  7.89985155 11.05044869 25.88511139  5.30588021] -296.6044219809516
[10.77779989  0.62969836  7.89983095 11.05044946 25.88508198  5.30586262] -296.6043064663878
[10.77780791  0.62971601  7.89984797 11.05043004 25.88503918  5.3058809 ] -296.6043708551154
[10.7778218   0.62971819  7.8998535  11.05045386 25.88514237  5.30588207] -296.60435818249533
