[ 0.87664253 -1.689771    1.23986686  0.10439879 -1.42660092 -0.62563417] -372.6246926332833
[ 0.51852574 -1.63427301  1.16132924 -0.69243609  0.51820719 -0.71760542] -375.29289193000716
[ 0.43312508  0.78687606 -0.73175908  1.68433828  0.95401647  0.11234668] -346.3255393874131
[-1.45305757 -0.93970861  0.13870925  0.34102411 -0.83821257  0.22389513] -398.70742303402614
[-0.59513169 -1.59746576 -1.12672158  0.91388184  0.5715328  -0.26723136] -376.7176075772057
[-0.46996608  0.52225122  0.97537275 -0.08573696  0.97261116  1.46744171] -382.94581326023547
[-1.6717606   1.04385861 -1.25469144  0.84467192 -0.49652331 -0.35312667] -397.55876181650234
[ 1.15020257  0.08353398 -0.05091033  0.58201515  1.20262703 -0.35183155] -350.726530563515
[ 2.30955998 -2.22014145  1.74375073 -0.00918491  1.42732123  0.22562196] -362.05268225412135
[ 2.03427415 -2.61266495 -0.23018747  0.94674131  0.10975677 -2.00888633] -348.60496505723694
[ 3.03590837 -0.8313477   2.17075156 -0.04192433  0.35690979 -0.85476492] -340.4311082455943
[ 4.8514284  -0.44828867  3.81948812 -0.51982742  0.24959828 -1.1485317 ] -341.7191987427417
[ 2.76137849 -0.52689867  0.21917485  1.78123085  0.3564696  -0.45011069] -318.48141066233956
[ 3.88280486  0.02678849 -0.25190235  3.01806433  0.27560081 -0.31636332] -308.0945524151593
[ 3.40531581  0.10078582 -0.35661918  1.95561782  2.86867828 -0.43899165] -325.3240690841046
[ 2.3376503   1.40479868 -1.56062635  2.72413577  0.49520849 -1.51178566] -319.091702991818
[ 3.89282362 -0.45845518 -0.26920396  2.84697591  0.4840965  -1.32098352] -309.90819969352714
[ 3.62826853  2.95581367 -0.10293231  3.11566128  1.70174667  0.56537219] -294.24530456164956
[ 4.42526572  5.74005298 -0.03930473  4.20012126  2.49774162  1.85250145] -304.5324571863555
[ 6.29446542  0.27925187  0.60824822  2.85517197  1.10673038 -1.4048523 ] -309.1581880806354
[ 4.77786781  2.26767548 -2.81509687  5.54713336  1.95377726 -0.62110317] -348.0375582143197
[ 3.47139823 -0.0565919   0.92428945  1.35534009  0.75612666 -0.79634948] -316.18096287170243
[ 4.43048785  1.28308273  0.13924341  3.34949863 -1.26217511 -1.15599571] -351.8575849749826
[ 3.66160882  0.39636005 -0.23265353  2.30408802  1.83596493 -0.61824267] -305.5291063537838
[ 5.93947286 -0.35707635  1.78590819  2.44096477  1.55821349  0.21464596] -298.45559075020185
[ 5.62841647  1.00415275 -0.41180137  4.17163534  1.56465761 -0.16379174] -305.48206312163893
[5.78552203 1.89355201 0.73415958 3.12155266 2.1968748  0.74657289] -286.1240523115785
[6.73187124 3.0695556  1.23584135 3.25884104 3.05326394 1.7803511 ] -281.3861184933201
[3.52968218 2.0859462  0.06590511 3.24791295 2.22308544 1.89217614] -291.4374530643582
[5.82363517 3.02479548 1.03199149 3.16163681 3.70337656 1.53986699] -279.37017501485474
[6.79405032 4.52379898 1.67393841 3.23342304 5.41726443 2.46798214] -279.4215131083472
[6.76550666 3.53136908 1.43429102 4.1614627  2.76548297 2.56111621] -290.5941385535526
[5.17772907 3.76598181 2.22880298 2.29052451 3.43706542 3.01496794] -294.68358094557937
[4.61275809 6.50156363 0.17872502 3.97104833 4.06979351 3.5699709 ] -288.04310004237834
[ 5.18617822  3.29036608 -0.94752909  4.68166319  2.40185095  0.95464991] -304.95444639675395
[5.17984136 3.64707788 1.43471996 2.88830918 3.1782618  2.49988843] -282.5976056355959
[7.2528297  4.33095562 1.89675696 3.78074239 4.6293414  4.0490844 ] -273.0742637145404
[9.06511029 5.01852659 2.8966016  4.11328294 6.09313876 5.7909405 ] -278.6145549779814
[8.59246523 5.94915956 2.33820349 3.82610053 4.91008795 3.44124987] -286.74067289728094
[5.96562693 5.30966685 1.27112174 2.80076339 5.08255875 3.06568768] -290.1950482008823
[6.16559686 4.8650924  1.31191406 3.14093822 4.5032898  2.93954481] -278.87272945017656
[8.63598843 1.79398188 2.90441742 2.71447439 3.92274698 1.84669096] -296.31137067214837
[5.61856568 5.32466819 0.86014812 3.65690484 4.03303187 3.13915092] -277.3915889870081
[3.66498144 2.13822216 0.25225382 2.80302363 2.79010051 1.87471235] -296.9404544204723
[7.36059428 4.99642521 1.81671607 3.5703313  4.38009109 3.04961549] -276.30716850331544
[7.80452295 4.89008629 1.28306939 3.96815568 4.92253642 2.99931614] -278.5325623309654
[6.61004364 6.07445213 1.49769068 3.83406204 5.67062511 4.12517515] -273.3952253661021
[7.78041587 7.13576447 1.85677361 4.15540802 5.67626201 5.22742865] -281.0881856520627
[6.31283034 4.05253773 1.23818702 3.41007961 4.19659792 2.4617574 ] -275.1665891349968
[7.487532   5.02461599 1.55227536 4.26582041 4.77411813 3.66848835] -277.85889906287616
[5.74294226 5.04446533 1.67085535 3.53782451 4.30539875 3.83177443] -276.1988371459853
[5.4784033  4.91655208 1.44117605 2.99749449 4.29757725 3.21703091] -283.86687801155114
[6.98524983 4.99760001 1.52450053 3.94873893 4.65498291 3.55562399] -273.56968024719225
[7.80293101 4.50747715 2.35475408 3.70368809 5.24598052 3.8851927 ] -272.99754362667346
[8.89511368 4.09888163 3.10205707 3.72707971 5.85245484 4.25821359] -277.415995229817
[6.20834798 4.67273744 1.57753213 3.83471388 5.18755111 4.25325387] -273.1644374433969
[7.98113524 4.50078803 1.69228512 3.9661838  5.55629424 3.61158807] -273.85833498907175
[7.96734879 5.6421324  2.27631949 4.27929677 6.11832717 5.36488199] -271.9625543000419
[8.79460801 6.43692973 2.79538572 4.71390535 7.0791918  6.81644429] -277.8333025491761
[6.29444841 5.57433022 2.0168995  3.82756357 4.94597517 4.79948263] -274.11134526173214
[7.55946353 4.76917358 1.77343872 3.93152874 5.40371447 3.90856171] -271.8923762549278
[7.48173839 5.00137609 2.26766349 3.83927171 6.09686368 4.97309262] -273.15602398736564
[8.14750949 3.56683196 2.55113094 3.95568515 5.22330101 4.68618062] -274.059888685953
[6.99441011 5.44754709 1.76105075 3.86446782 5.55879408 4.26542651] -271.6930801394069
[8.81122586 5.22681653 2.53246236 3.96495128 5.83012266 4.56215944] -277.9459627318509
[6.85906745 4.81125721 1.81626469 3.86727323 5.348194   4.33048026] -271.3487361305375
[7.33027847 4.83480492 1.69186474 3.9697273  4.67125353 3.62811658] -274.45745620164297
[7.44387341 4.9597333  2.1237138  3.87188561 5.74046114 4.63684861] -271.6528119629967
[7.6228684  5.71481796 2.13842355 4.0586377  6.50914906 4.7480462 ] -270.5510531901333
[7.80788775 6.40674913 2.25925684 4.19758535 7.4490529  5.09752709] -271.0271022526266
[7.01274622 5.94074336 1.60831625 4.25400854 6.31356613 5.19955573] -271.0378589938213
[6.53012758 4.9056251  1.4640831  3.66997044 5.50629912 3.66475768] -274.2173896898508
[7.60804349 5.45800557 2.07326039 4.12696519 5.96532016 4.93985091] -270.78075420737645
[6.95420616 6.00819459 2.06690443 4.08288395 6.40811372 5.46484103] -272.79355757618237
[7.40814919 5.07892883 1.84680514 3.96936754 5.65481428 4.29763154] -270.9558038185147
[7.65717262 5.20694833 2.10787719 4.18491145 6.28504084 5.11871123] -270.02185767925994
[7.98855387 5.08664895 2.28129042 4.34513326 6.64816422 5.54535359] -269.8192001760726
[7.38926946 5.73706733 1.79773967 4.33524288 6.40594148 5.05012414] -269.5905459278412
[7.36196748 6.12573434 1.63475261 4.56692152 6.73868164 5.2567619 ] -269.6957343265786
[8.15080942 6.19414679 2.09901378 4.49584513 7.15079111 5.59637377] -270.87497513551796
[8.37648506 5.14912844 2.47052807 4.18972203 6.46449398 4.85957099] -271.3371643346198
[7.35368093 5.74283963 1.8238692  4.23793691 6.35129809 5.11455954] -270.2388528934806
[7.962926   6.23224658 2.22439386 4.56388615 7.35540709 6.03380451] -269.9649510864186
[7.15763796 5.12972855 2.01397858 4.06008889 5.92763559 4.88087252] -270.3310665791152
[7.55026872 5.75644409 2.01997137 4.40667674 7.10054502 5.51773592] -269.33499783450094
[7.52138133 5.90566335 1.99332687 4.54653252 7.66815745 5.80667843] -269.59790149378125
[7.51124391 5.51350709 1.91532415 4.59101725 6.7538481  5.96610388] -269.1722106439807
[7.45543167 5.41285165 1.80377446 4.85720703 6.87619762 6.57513272] -269.55814769150805
[8.09434301 6.22652267 2.00688431 4.76654217 7.61076574 6.19502134] -270.0819035530743
[8.14518739 5.77463927 2.25799873 4.76489591 7.60692579 6.32148825] -268.896924252083
[8.54094063 5.79053908 2.47506349 5.02837541 8.23473965 6.92495261] -269.2334794314742
[7.42147345 5.14032843 2.15868842 4.23574189 6.34617816 5.28318209] -269.435263940497
[7.37240627 4.7706318  1.91927706 4.3290165  6.26512716 5.19419145] -268.8492487261066
[7.0771464  4.03982442 1.76671866 4.21158168 5.7199872  4.77438492] -269.4222395005701
[7.14139586 5.81089039 1.74170939 4.54239713 6.84469101 5.56558832] -269.0077544236698
[7.65805574 5.1850797  2.20658337 4.62133893 7.23316361 6.23263917] -268.7422193129847
[7.79244888 4.90908588 2.41100521 4.76438695 7.64677467 6.82389668] -269.54193321978727
[7.70471252 5.79673568 1.8615996  4.84937226 7.58858874 6.3160669 ] -268.3959478706651
[7.84633205 6.12493931 1.71305519 5.15618744 8.20979403 6.83250931] -268.9121835054643
[7.62739851 5.19405055 1.94752606 4.82600258 6.99690312 6.3476234 ] -268.3192532903514
[7.66596341 4.91285378 1.9113034  5.0356655  6.94508217 6.76256714] -268.9260572971165
[7.70514152 5.33050204 2.06290725 4.71999052 7.42461838 6.02642862] -267.6323685293853
[7.80209032 5.23899952 2.1366988  4.78447715 7.76000352 6.05659098] -267.2183126363115
[8.29522105 4.84248845 2.36818515 4.84930398 7.63887963 6.59061173] -268.68411242264585
[7.34144074 4.56802263 1.88862462 4.65494123 6.88729613 5.92441963] -268.0918891304327
[8.10390003 5.5044937  2.2171288  5.19946221 8.43648442 7.29512582] -267.9517355832182
[7.96686532 5.19651715 1.93333764 5.09984754 7.86955492 6.61084032] -267.1771141416613
[8.12127011 5.20223588 1.79671478 5.33910185 8.18775057 6.7999409 ] -267.3531975989202
[7.22024809 5.65711797 1.62678669 4.95539701 7.54073065 6.25961062] -267.7800683407065
[7.64926849 4.65633149 2.05510127 4.99067031 7.57506885 6.51533669] -266.6906380604305
[7.62154647 4.0861294  2.1518521  5.06131934 7.5683089  6.61497158] -266.54350414839206
[7.72463181 4.88970958 2.03728349 5.09247891 8.35722306 6.57289625] -266.87017454293124
[8.13831994 5.62296647 2.14573789 5.40938616 8.95680569 7.2122589 ] -266.37775579841303
[8.53675954 6.15043839 2.27429452 5.78660863 9.99156046 7.85617854] -267.46770326123
[7.38733396 4.72598632 1.79343673 4.93483983 7.58105782 5.8139304 ] -265.73381394412274
[7.02905092 4.33673263 1.5815907  4.80252864 7.15334452 5.07333268] -265.7399114234039
[8.32668118 4.26298485 2.43932886 5.17205264 8.49025399 6.70088553] -266.74420061728654
[7.91970257 4.35576507 2.03029344 5.47216432 8.51439794 7.11867001] -265.3089587731712
[7.9785087  3.91414784 1.97709077 5.81600791 8.89159515 7.64970952] -265.14029752150606
[7.7588087  3.97079101 2.24823897 5.39551406 8.74552662 6.9107104 ] -266.17982285581627
[8.0124345  3.97129239 2.21461162 5.5038944  8.387293   7.06125919] -264.71124433159827
[8.15633585 3.5120838  2.30327568 5.70960214 8.40232797 7.30544067] -264.6719226355521
[7.35360336 4.34771676 1.76721519 5.60350384 8.22495339 7.1347883 ] -264.73639184084425
[7.9694237  4.611768   1.92647964 5.89496531 9.36577998 7.39397448] -263.4953832113527
[ 8.14336231  4.8745873   1.81379341  6.31178829 10.26451552  7.78347593] -263.36067762487335
[7.45433102 2.82547121 1.8219457  5.84769919 8.41318647 6.98709284] -263.68620308334476
[7.7323497  4.09587341 1.57734685 6.01229968 8.51368549 7.31410215] -264.855515609421
[8.21882969 3.13064045 1.96011913 6.83212719 9.98903017 8.91093941] -266.47405925715464
[7.59520789 4.32714986 1.83510733 5.40916167 8.18305091 6.58818265] -264.1420909650588
[7.49988801 4.08014627 1.72913729 5.8153437  8.44231143 6.72131799] -262.2113838363599
[7.26057766 4.16314548 1.60516055 5.81501159 8.21766957 6.25712222] -261.53770642055105
[7.58878967 3.92084473 2.13815243 5.55328923 8.72154912 6.70459872] -263.53747942752943
[8.04593144 3.52671069 2.07192985 5.94534687 9.17581313 6.74051604] -261.2251311844356
[8.39209548 3.11620765 2.22428718 6.11626838 9.65124299 6.54337991] -260.70824394588846
[7.32178549 4.23038495 1.50953985 5.97480398 9.41474356 6.31584342] -260.7110463192396
[ 7.79177265  3.38306392  1.86918571  6.46379189 10.04458484  6.9423217 ] -258.75778970194034
[ 7.89005504  2.91102095  1.88622489  6.99110699 10.9753518   7.11939122] -257.04294580952563
[ 8.07789086  4.91325915  1.90377374  6.4063903  10.66850439  6.58751097] -259.07754416560846
[ 8.10646595  4.14869043  1.50944078  6.98516728 11.00912682  6.83097584] -260.4284459007197
[7.53959452 2.95298223 1.73234892 6.45112788 9.71436419 5.4345986 ] -255.79928499751313
[7.23771062 1.99217969 1.69162667 6.52079768 9.43928853 4.26015993] -254.94666127163117
[ 8.41475682  2.94076879  1.96980382  7.1831666  12.16841646  6.29529821] -255.52506867406657
[ 8.71787276  2.44365728  2.21884584  7.42616176 11.88923343  6.2297286 ] -257.4530275989956
[ 7.7561552   3.33365111  1.50228474  7.72132849 12.39873082  5.89764168] -255.70813739504356
[ 7.92501449  2.02948856  2.2147458   7.09781666 11.50404832  5.29893437] -253.4093904008532
[ 7.83428876  0.96988762  2.56739831  7.15414136 11.75150907  4.53291364] -255.8474283395799
[ 7.90263078  0.30366298  1.92407018  7.9070691  12.1231854   5.11287371] -254.97089319377636
[ 6.99090155  2.05993342  1.51073952  7.04760008 10.98044034  5.0983711 ] -255.6304111123674
[ 7.51900145  1.3088739   1.71819868  7.50148588 11.89601816  3.53503511] -253.79114858831824
[ 7.57385003  0.21131801  2.17411015  6.69798351 10.30506825  3.96924913] -261.43911175381453
[ 7.71057891  2.55306783  1.67024109  7.46549225 11.87531518  5.41554354] -253.2081161939315
[ 8.57899614  1.64941384  2.21882256  7.51100931 12.02165034  4.87424386] -255.6187069759423
[ 8.18197249  1.75204373  2.0418018   7.395157   11.76134784  4.93027567] -253.83912024095784
[ 7.0775461   0.37233677  1.78375759  7.44610625 10.69798468  3.22230923] -254.534291966309
[ 7.31464391  3.03233385  1.78272036  6.56854947 10.26814884  3.77454558] -253.83462488969548
[ 8.00520849  1.69053519  2.04552843  7.97073816 13.22833247  4.4653879 ] -252.2388781803426
[ 8.38895743  1.53971294  2.22247932  8.69570841 15.12285445  4.56800189] -254.00296680547982
[ 8.47459381  3.74977758  2.04065447  7.22030689 12.81308559  5.91759816] -254.56792780343278
[ 7.42680803  1.21669698  1.84798181  7.38965641 11.22675991  3.89613146] -253.02712679635562
[ 7.11844593  2.19162171  1.71800359  7.26942261 11.57152645  3.86491699] -253.04764911213317
[ 7.92037519  0.6310942   1.95551277  8.32965452 13.49918466  5.05077088] -253.48867199856477
[ 7.8498089   2.12862758  2.09913915  7.67277432 12.40570417  5.7955266 ] -252.08249555177127
[ 8.01521262  2.53850442  2.28960938  7.75841855 12.66054718  6.92577235] -253.29534432736273
[ 7.42491305  3.30558508  1.90970052  6.62564562 10.43804418  4.52804274] -253.49219193276582
[ 7.79650966  1.29971692  1.94405971  7.90365229 12.73389954  4.92008885] -252.4560703298027
[ 7.37743882  1.66393351  1.5602388   8.12609535 12.84313092  4.15359741] -253.2661755642236
[ 7.51433274  1.75532227  1.72386555  7.86902568 12.50836027  4.43993165] -252.3430382281905
[ 7.52645901  0.87443905  2.12261832  7.89293091 12.6828791   3.71178428] -252.72667237815224
[ 8.25459634  0.79682429  2.2097274   8.29683665 13.3571187   5.21136659] -253.72316186391808
[ 7.40248353  1.84292235  1.84093454  7.52627612 12.01792451  4.20152939] -252.21852927202428
[ 7.93812608  1.98049082  2.07740009  8.22214275 13.96560678  5.28195143] -251.63797104936486
[ 8.19378511  2.36238774  2.19210924  8.63838592 15.33503022  5.97486141] -252.42589843330902
[ 7.97569746  2.69143266  1.78769084  7.82860553 12.93706349  5.98968766] -253.40131819078348
[ 7.63876862  1.32868745  2.03888645  7.87684957 12.74642519  4.28126012] -251.96582350677983
[ 7.65306646  2.27581163  1.99785836  7.80894991 12.89021826  4.56844019] -251.44611784298803
[ 7.58134486  2.76385899  2.02475769  7.76159872 12.96837763  4.39261586] -251.60138286776115
[ 7.98148796  1.99370274  2.30938346  7.82355127 13.24304353  5.09143356] -251.18781073444444
[ 8.21506557  2.11289297  2.60214242  7.80081406 13.61038516  5.41718451] -251.16485473217222
[ 7.56056456  2.19927575  2.17325857  7.66519741 12.65042222  5.38324285] -251.55475431357678
[ 8.2159832   2.16567305  2.48862714  8.15596656 14.07166275  6.04100584] -251.16685757744784
[ 7.89071593  1.8923163   2.36025187  8.17053243 14.23920262  4.52883504] -251.21107803119685
[ 8.18573865  2.88013272  2.52762637  8.06435147 14.39607407  6.1256265 ] -251.13417472034385
[ 8.45922367  3.65585535  2.77199633  8.15810242 15.22089851  7.04780968] -252.4337567157512
[ 7.96891871  2.52820999  2.63918815  7.66646119 13.32038158  5.40616021] -250.699394867842
[ 7.98431502  2.80206958  2.92008218  7.38862041 12.99776898  5.46826461] -251.122834274921
[ 8.48259828  2.41906981  2.69863953  8.22382779 14.85888592  5.31250792] -250.8988500917992
[ 8.66660699  2.39028664  3.10763346  8.21836793 15.27531243  6.37533316] -251.0744447350249
[ 8.68758786  2.93977209  2.99436716  7.87273057 14.27169802  7.03043767] -252.17878317441867
[ 8.08993392  2.15418025  2.51878069  8.09608196 14.24732647  5.1542357 ] -250.70602800331966
[ 8.32030417  2.66258441  2.87604307  7.86733491 14.49779246  5.22267682] -250.89180120670704
[ 8.35630133  2.89859497  2.853828    8.24466103 15.25487249  5.78166226] -250.51101584572078
[ 8.42691921  3.29144598  2.97967079  8.46658451 16.07711615  5.96390113] -251.00165706540923
[ 8.44248248  2.13750931  3.03707793  8.0412268  14.75544971  4.95856553] -250.73220718310898
[ 7.88690598  2.54309627  2.43355233  7.8281633  13.70292378  4.23660299] -250.92061287313436
[ 8.08183123  2.50489386  2.60207261  7.92571446 14.09602094  4.77128553] -250.5515400483959
[ 7.93732567  2.54292112  2.81035729  7.72333233 13.86506196  5.11902076] -251.23148459600756
[ 8.34628013  2.45003264  2.72656897  8.09870393 14.61042993  5.26413613] -250.52668277612037
[ 8.10827843  2.22855593  2.58312905  8.15694821 14.26370124  5.22267163] -250.37808126877562
[ 8.00226555  2.01154169  2.43667204  8.30175486 14.14665564  5.22266903] -250.77340715700018
[ 7.87469877  2.78397991  2.27077789  8.02163013 13.84212783  5.57481829] -251.14481174811007
[ 8.30053655  2.29912696  2.84550292  8.03632763 14.52711924  5.11262872] -250.43541891019123
[ 8.29744821  2.81562453  2.89798255  7.94685685 14.44351534  5.36527913] -250.1309634429611
[ 8.40120536  3.14634668  3.08758347  7.8722443  14.54160978  5.47080084] -250.05131092023655
[ 8.56255896  2.64764036  2.92704019  8.44507199 15.7775363   5.13490149] -250.8616629637932
[ 8.11732877  2.55806758  2.71115116  7.86111389 13.93467026  5.33834553] -250.37139602974582
[ 8.46147896  2.68868105  3.00051525  8.1642852  14.94811337  5.95879617] -250.23176508523045
[ 8.23542967  2.82309175  2.96733432  8.01315616 14.54626553  5.69749892] -250.04062795412855
[ 8.18000445  3.00962131  3.08771699  7.97038228 14.51418333  5.91418032] -250.0907568912819
[ 8.18511791  2.34936168  2.87791072  7.79003077 13.66562066  5.15191835] -250.0166356891357
[ 8.0995262   2.07474503  2.88995208  7.56271564 12.87099474  4.8370464 ] -250.186873612517
[ 8.20240981  2.9655746   2.8970384   7.91626521 14.1062077   5.83404843] -250.1058052285321
[ 8.42604507  3.28181852  3.26404872  7.71541697 14.31712786  5.92779779] -250.36227760057548
[ 8.51990016  3.19355718  3.3203258   7.96268564 14.77364471  6.00860797] -249.8786422973426
[ 8.72118585  3.51130198  3.62491312  8.01347152 15.19313193  6.34373919] -250.02893803011756
[ 8.24246889  2.44038579  2.78618726  8.19080546 14.5433594   5.44609244] -250.09231473870503
[ 8.13403164  2.95075817  2.97827808  7.75077731 13.77745588  5.24419281] -249.73691981656327
[ 7.97030798  3.08179673  2.96715949  7.54402337 13.19212714  4.88689113] -249.77719753021572
[ 8.37030806  2.66892582  3.10883482  7.94363467 14.50977761  5.17232201] -249.81645992536653
[ 8.37286205  3.27029463  3.32723514  7.58670416 14.061432    5.46902119] -250.20229493867998
[ 8.27506718  2.647863    2.92144923  8.03978013 14.42287755  5.45182463] -249.86962454891116
[ 8.17207952  2.39817252  2.97046085  7.9611106  14.0236042   5.43798739] -249.65474359481877
[ 8.0575166   2.02408545  2.91189953  8.00554376 13.76460141  5.42158066] -249.66468010644041
[ 8.31673848  2.5797877   3.09175218  7.80285022 13.84472801  5.12478547] -249.55533235633183
[ 8.35739289  2.45813568  3.15396112  7.69769724 13.49395925  4.83842874] -249.5469825769083
[ 8.42447523  3.08977578  3.27319258  7.99519776 14.66815241  5.5658695 ] -249.53747337407614
[ 8.54415389  3.45998283  3.4708335   8.09778126 15.16941828  5.77284508] -249.79343635310727
[ 8.05788468  2.21098648  2.81506642  7.83338027 13.52496426  4.56160039] -249.86175901178856
[ 8.2303235   2.61105515  3.17848205  7.68748582 13.57642699  4.82164232] -249.36383900159615
[ 8.20795166  2.59265122  3.30699846  7.51133866 13.15320172  4.50655117] -249.31863260020376
[ 8.49752832  3.17515325  3.44884221  7.78653848 14.35041943  5.69351681] -249.52835742293917
[ 8.22751169  2.88595639  3.26840962  7.62391869 13.31248668  5.25652679] -249.20482448603065
[ 8.15611351  2.99447168  3.34819702  7.4640607  12.71384121  5.29862918] -249.29445927729927
[ 8.49494813  2.58252344  3.49567687  7.77448983 13.88981868  5.18876732] -249.02086197094684
[ 8.67540637  2.39840608  3.75437626  7.78634609 13.94600008  5.16105458] -248.91254818072346
[ 8.62467587  3.13518694  3.76479923  7.50590171 13.61780232  4.90266181] -249.15669615525687
[ 8.52845682  3.30090754  3.78491167  7.70538322 14.1887283   5.52363148] -249.0152927209798
[ 8.49603501  2.73964469  3.83625324  7.31127785 12.8547271   4.78211138] -249.03511849737708
[ 8.42248416  2.50909771  3.78974062  7.36151692 12.67389596  4.35066225] -248.93960132581796
[ 8.78357165  3.06374857  4.09249841  7.58677617 13.7113451   5.48566493] -248.88658436250276
[ 9.07138164  3.29929724  4.48524839  7.62449493 13.99041679  5.97522181] -249.41314935446886
[ 8.94936493  2.82970745  4.40578353  7.4618153  13.68501294  4.81206868] -248.97697142573344
[ 8.66043045  2.4786504   4.12305534  7.56513681 13.40210084  5.13573596] -248.49554198670944
[ 8.67830774  2.15038214  4.3021834   7.59475437 13.2942501   5.25227303] -248.38854348757695
[ 8.84982888  2.6777718   4.20691139  7.85425284 14.31168372  5.41300694] -248.4581275203397
[ 8.92453108  1.90879704  4.39891953  7.50977068 13.01866767  4.63461199] -249.312114149765
[ 8.62747539  2.95287992  3.93841363  7.65648009 13.89621314  5.30137661] -248.65440576251518
[ 8.39632646  2.42105462  3.62225771  7.81822686 13.5927831   5.50927743] -248.62243014652023
[ 8.914488    2.71231666  4.18247298  8.07076188 14.91019578  6.35688892] -248.93157635074903
[ 8.79148704  2.66151193  4.08428989  7.89345064 14.35112082  5.85533225] -248.62375232468054
[ 8.70025935  2.91071024  4.32780855  7.68163423 13.77313192  5.77792249] -248.393543454271
[ 8.5643233   2.19435498  4.06812311  7.9128235  14.0283825   5.55073132] -248.16621526205154
[ 8.45469913  1.75965819  4.05593546  8.07584717 14.1869012   5.58326452] -248.20526465760827
[ 8.69936887  2.05238198  4.26544438  7.92856739 13.88757091  5.81813788] -248.2431060530589
[ 8.50465116  2.14070666  4.17995295  7.70330242 13.27814659  5.25178411] -248.02185749958562
[ 8.36123321  1.88030403  4.22778448  7.60822831 12.74165947  4.95001004] -247.96814505088682
[ 8.88811399  2.20091377  4.84382739  7.70852669 13.75277645  5.41141647] -247.97200844895423
[ 8.44737327  1.78524391  4.47147905  7.62392532 12.84757339  5.5071568 ] -248.13660774190947
[ 8.51264745  1.17715003  4.39847205  7.77730763 13.07760569  5.05198603] -248.47807025338597
[ 8.65335637  2.47732019  4.34547443  7.70555258 13.59925036  5.59643837] -248.1038703833799
[ 8.52628194  2.04645748  4.43852755  7.90112023 13.65815427  5.69235727] -247.77114087406252
[ 8.45026904  1.99449516  4.50669963  8.05430316 13.84010635  5.91239938] -247.77425567809973
[ 8.44752516  2.1424828   4.53296096  7.55815815 12.98836123  5.08456554] -247.80288429849747
[ 8.54363801  1.98321908  4.88522818  7.45568026 12.50087589  5.19658351] -247.95783003814654
[ 8.69267629  2.45832187  4.61978861  7.68849675 13.56611916  5.1366336 ] -247.78010308007237
[ 8.49979983  1.75991283  4.8372313   7.60118422 12.80339846  4.89408377] -247.67493430878594
[ 8.42302156  1.40120915  5.08310973  7.54900004 12.40547251  4.54290647] -247.86136495589065
[ 8.13560416  1.88931893  4.33667963  7.56242928 12.33341305  4.90666144] -247.84588962926813
[ 8.58727525  2.21293364  4.98902093  7.64746132 13.20844788  5.35361833] -247.5799587951879
[ 8.70029627  2.37924845  5.36963915  7.66707783 13.44184208  5.55542248] -247.67420335601835
[ 8.4194162   2.1865901   4.36617481  7.86393639 13.6850888   5.15938981] -247.56956415480775
[ 8.35730529  2.28827561  4.10664813  8.06806446 14.27719525  5.14079295] -247.79617760675728
[ 8.92205407  2.37958065  4.92455509  7.85768974 14.30311022  5.53355467] -247.77387633490193
[ 8.76830936  2.20544939  4.85880514  7.96180473 14.0864117   5.5053136 ] -247.5611433538615
[ 8.92870146  2.23693268  5.02172723  8.16362802 14.63543693  5.71568763] -247.81299130434084
[ 8.54836926  1.80531949  4.85164966  7.9225688  13.68208461  5.57613888] -247.49006213783576
[ 8.47621574  1.4788183   4.96758018  8.03960482 13.74006733  5.79589153] -247.65804226957184
[ 8.19442988  1.69264033  4.52258138  7.77500216 12.73808502  5.19341255] -247.6703145271974
[ 8.47958466  1.90782444  5.03662686  7.68953231 13.07635122  4.86829505] -247.4139870397872
[ 8.45623601  1.83850792  5.33567651  7.58373835 12.7854497   4.45626394] -247.61422656304828
[ 8.49932837  2.24367297  4.70438829  8.01891769 14.02209128  5.65797231] -247.52382422368206
[ 8.90633115  2.49462302  5.07964052  7.92640492 14.51540681  5.51349677] -247.60174494996483
[ 8.72835583  2.29412734  4.94037573  7.88855423 14.07107636  5.43347572] -247.45471793868364
[ 8.56051264  2.00139427  4.5969859   8.13431006 14.33258678  5.37991012] -247.4447220802768
[ 8.77540384  1.96600586  5.29676905  8.00795954 14.07177852  5.64764542] -247.41770911156448
[ 8.42887551  1.86733207  4.95012669  7.92547614 13.66557789  5.34916557] -247.33618067650505
[ 8.25915858  1.69827341  4.99578747  7.90731185 13.45516099  5.27109155] -247.49644438484057
[ 8.67437221  1.70366152  5.18645634  7.83721601 13.61106052  5.09357128] -247.42170291184652
[ 8.6673323   2.10812901  5.1507972   7.90511397 13.92739249  5.01454884] -247.3063044451875
[ 8.72681383  2.25953378  5.30037097  7.89638656 14.05004642  4.73375381] -247.47710139992108
[ 8.46700455  1.55732172  5.13221161  7.94464845 13.49050611  5.01756971] -247.29947215864564
[ 8.33632891  1.18891891  5.22812955  7.97269556 13.20022098  4.8096167 ] -247.49251134524368
[ 8.60367838  1.70203061  5.65401001  7.63567208 12.94830214  4.95035517] -247.6555757738775
[ 8.57130408  1.92655335  4.86124193  8.00965057 13.98651562  5.27252138] -247.29780690738386
[ 8.45546277  2.07406063  4.95613477  7.99024432 13.7949801   5.29634404] -247.3531112029007
[ 8.24778411  1.84773455  4.7322773   7.81359571 13.24199596  4.62516944] -247.41302504558087
[ 8.46633645  1.885886    4.89096965  8.17337741 14.29263817  5.32347794] -247.2980919026083
[ 8.77098777  1.95869305  5.24821664  8.16924124 14.4772075   5.79937305] -247.43040071013255
[ 8.37858503  1.87547417  4.86126214  7.90250709 13.55079884  4.91872034] -247.29133396277518
[ 8.5376832   1.66617148  4.99273497  7.96334689 13.8428296   5.00232388] -247.31487052555173
[ 8.6005397   1.80584651  5.0129458   8.04073865 14.03131571  4.83388847] -247.32462283441023
[ 8.55762365  1.8212179   4.99724103  8.01192302 13.93988126  4.96270774] -247.25931685432582
[ 8.49837882  2.05868924  4.97183955  8.01905994 13.88641456  5.16752477] -247.3541007537943
[ 8.52785711  1.76430092  4.98751111  7.97727515 13.85372584  5.0436241 ] -247.25801181880936
[ 8.32223798  1.50212234  4.75934863  8.10134659 13.77729613  5.16499157] -247.3599835291521
[ 8.58105872  1.95662735  5.05293505  7.95417213 13.8898684   5.05215952] -247.25461850023885
[ 8.56058379  2.18603151  4.75150869  8.06498667 14.34730327  5.17350064] -247.36571403568783
[ 8.49039936  1.71449917  5.03703588  7.974733   13.7047054   5.05655244] -247.2522948932132
[ 8.56927286  1.80033828  5.0414394   7.77004291 13.34919362  4.77861724] -247.40426006131827
[ 8.49207055  1.86449907  4.92858709  8.07254378 14.05677703  5.18726276] -247.2482662077557
[ 8.43789406  1.73898617  5.0936155   7.95473416 13.67873664  4.80115425] -247.27244287464958
[ 8.65038279  1.74456936  5.17104641  8.07928666 14.15709934  5.1157666 ] -247.2423798844246
[ 8.78628167  1.67911695  5.32593855  8.16767644 14.46024959  5.21428973] -247.29833621976454
[ 8.66190333  1.88291842  4.96450336  8.06857709 14.18861578  5.33820347] -247.3040598415035
[ 8.49389638  1.77496923  5.06133747  7.98319489 13.80620643  4.93541656] -247.2434645850779
[ 8.52093132  1.78527047  5.08224331  8.00181218 13.88291289  5.16755292] -247.2320626033961
[ 8.50258516  1.76729675  5.12474445  7.99675677 13.8544287   5.26997551] -247.25613137755562
[ 8.54838927  1.84917729  5.12355062  8.04463906 13.97879732  5.12794616] -247.235853186182
[ 8.48429784  1.62103418  5.08166521  8.09789774 13.97229774  5.14467296] -247.24072185312338
[ 8.57292336  1.83200737  5.11244082  8.11839177 14.24665818  5.16965355] -247.22399739922992
[ 8.61418536  1.89076147  5.15014329  8.19022115 14.51763457  5.2262041 ] -247.25300900839585
[ 8.5982031   1.67117689  5.2821742   8.03586365 13.95788027  5.03307349] -247.2383491201804
[ 8.63114618  1.72610929  5.22303606  8.1427688  14.25900882  5.317472  ] -247.23772207761198
[ 8.46824757  1.75035581  5.13065699  8.06783774 13.94208573  5.2043571 ] -247.2432032665197
[ 8.60484899  1.74601597  5.16094906  8.07642443 14.10334594  5.13791422] -247.22406350026063
[ 8.67451624  1.91555157  5.24646615  8.04206889 14.17057007  5.17319782] -247.23975083423593
[ 8.62696164  1.84192223  5.20526591  8.05602611 14.12100198  5.16606661] -247.2258144449887
[ 8.57019715  1.92232398  5.02032107  8.1108238  14.23936144  5.32912834] -247.25209232015303
[ 8.59120161  1.73396366  5.21671091  8.05460369 14.02825056  5.1070872 ] -247.22273001018132
[ 8.52393922  1.87000971  5.07735082  7.97453028 13.86131347  4.97460155] -247.23624291973942
[ 8.55074096  1.8340346   5.11377213  8.01658991 13.96073731  5.06031916] -247.22328965788836
[ 8.60748002  1.74189414  5.17357676  8.0633103  14.13550497  5.14158506] -247.2250193094642
[ 8.66378753  1.79134219  5.24532856  8.12663655 14.31558676  5.09332234] -247.24463227993706
[ 8.55664538  1.7867884   5.12301462  8.03301828 13.99108135  5.14899528] -247.21972635094428
[ 8.53431847  1.71631249  5.09488886  8.06475335 14.03419079  5.08911822] -247.22628007632278
[ 8.60380084  1.81051979  5.17767165  8.05820792 14.09929919  5.14682951] -247.21931024072742
[ 8.55257369  1.83921579  5.12794297  8.05576836 14.00761921  5.11534792] -247.23602137944644
[ 8.59375344  1.76622455  5.16216831  8.06142482 14.10353353  5.13502577] -247.21876807236077
[ 8.55150621  1.84183016  5.14097709  8.03765436 14.03984077  5.11805593] -247.21662086231694
[ 8.52483482  1.88973725  5.13099111  8.01826933 14.00808818  5.10812679] -247.22224262000992
[ 8.57629279  1.75911302  5.19899742  7.96877455 13.82758939  5.0691174 ] -247.23712051294353
[ 8.57376572  1.81378378  5.13407997  8.08098747 14.14189098  5.14451951] -247.21756379178396
[ 8.60615011  1.75033551  5.20443539  8.09204226 14.17389482  5.20651857] -247.21784526891153
[ 8.57067228  1.85586373  5.09740477  8.06650801 14.15492965  5.19289433] -247.22012437736646
[ 8.57580462  1.82538872  5.1272313   8.06353193 14.12325988  5.17144254] -247.21654770226715
[ 8.61161493  1.81590577  5.19250662  8.09826464 14.23615837  5.15846867] -247.21804096563977
[ 8.56706416  1.7939697   5.14279458  8.08642724 14.17356026  5.16451416] -247.21605803266831
[ 8.54869582  1.78569466  5.12535604  8.10053691 14.2106908   5.17335648] -247.22165525620304
[ 8.56821515  1.84751333  5.15184     8.09154449 14.19266816  5.18614736] -247.21843055529027
[ 8.57459972  1.82719113  5.15442208  8.08401457 14.1703845   5.17336696] -247.21582773711827
[ 8.53801524  1.8015939   5.10880685  8.04995464 14.03811871  5.16767056] -247.21853271616598
[ 8.59321501  1.8123278   5.17158168  8.08618714 14.18664845  5.16076914] -247.21602243418073
[ 8.53916837  1.88782825  5.08592684  8.05422531 14.10463346  5.10437085] -247.22227580907935
[ 8.58940467  1.7847087   5.17480825  8.08258802 14.15657948  5.18098164] -247.21543454103804
[ 8.57676575  1.81468829  5.16985836  8.06581363 14.14153346  5.17852395] -247.21555928803207
[ 8.6074451   1.77759462  5.17258832  8.11853315 14.27748125  5.22514353] -247.21923389849502
[ 8.56549093  1.82577127  5.1488799   8.05787406 14.09925089  5.14482783] -247.21540234365722
[ 8.5797088   1.79416358  5.19355031  8.09076962 14.18605914  5.16288535] -247.2149991914801
[ 8.58166089  1.77855102  5.22670982  8.10438847 14.21745877  5.15860675] -247.21688022100113
[ 8.59266413  1.82564722  5.19490561  8.06932177 14.13992505  5.1692708 ] -247.21556605855326
[ 8.56632966  1.81172893  5.17389316  8.06394008 14.11126239  5.1758497 ] -247.2149336941035
[ 8.55288698  1.81142949  5.17504891  8.05281655 14.07356936  5.18338998] -247.21736825605615
[ 8.58218826  1.79171153  5.19754312  8.05942116 14.10781896  5.16407946] -247.2156769277185
[ 8.58029113  1.80058143  5.18676286  8.06556951 14.12346035  5.16640134] -247.21446574426818
[ 8.55999951  1.78490018  5.15434533  8.0728632  14.13279019  5.16721914] -247.21657365533162
[ 8.58449798  1.81546046  5.18476554  8.07020713 14.13814133  5.16875788] -247.2144532530665
[ 8.57847531  1.7961165   5.18436165  8.07783585 14.13005106  5.15471063] -247.21510934364892
[ 8.56219326  1.8298987   5.18259623  8.0594774  14.10616224  5.14349594] -247.21485809067872
[ 8.58500778  1.79021193  5.21976335  8.08472581 14.16579461  5.17920578] -247.21515051626764
[ 8.58012857  1.79910177  5.20204249  8.07801287 14.14915868  5.17061129] -247.2145176605731
[ 8.57257449  1.82086179  5.19017521  8.06482302 14.14136365  5.1746232 ] -247.2156941406046
[ 8.5770001   1.80230282  5.18581504  8.07458264 14.13287921  5.15968878] -247.21440960998547
[ 8.5704381   1.82552779  5.17840813  8.04649359 14.06762893  5.16538296] -247.21580890766873
[ 8.57739112  1.80200464  5.18976477  8.07970061 14.15645159  5.16350975] -247.21439942086616
[ 8.5875044   1.80472101  5.20335581  8.07857664 14.15748874  5.14830529] -247.21462994359197
[ 8.60007784  1.77815868  5.20157261  8.08940574 14.17969773  5.18226217] -247.2156738980629
[ 8.5716644   1.81696369  5.18734032  8.06695948 14.12454611  5.1531875 ] -247.21428331790224
[ 8.5694867   1.80741726  5.17547453  8.06643411 14.11739035  5.17908022] -247.2148678743887
[ 8.58299997  1.80539507  5.19638549  8.07554101 14.14746414  5.15599902] -247.21430077076525
[ 8.57781967  1.81513427  5.17490219  8.06617393 14.12515556  5.15190346] -247.21425476233514
[ 8.57666522  1.82315053  5.16133203  8.06025446 14.113154    5.14254955] -247.21468639287963
[ 8.57683329  1.81850556  5.18622826  8.07881876 14.15141896  5.15128079] -247.21510437362798
[ 8.57942667  1.80506246  5.18662921  8.06888182 14.13045     5.1626212 ] -247.21421920743407
[ 8.570936    1.80016053  5.1888468   8.07373937 14.1341742   5.14687869] -247.21427296224655
[ 8.57641251  1.81260406  5.18880788  8.06908276 14.13986799  5.15167777] -247.2141995537414
[ 8.57611872  1.81775468  5.1903043   8.06633282 14.14336239  5.14767226] -247.2145708749378
[ 8.57569529  1.8164354   5.1845392   8.06042551 14.11076775  5.14391279] -247.21419193359907
[ 8.57484737  1.82365078  5.18192641  8.05078796 14.08792584  5.13411432] -247.21511304528087
[ 8.56765154  1.81672507  5.1739697   8.05954662 14.10752306  5.14739478] -247.21495048085694
[ 8.57916287  1.80822757  5.19078155  8.07154241 14.13747887  5.15384796] -247.21415385412013
[ 8.5814866   1.8022444   5.18416195  8.06965579 14.13475202  5.15042646] -247.21419935637087
[ 8.58573186  1.8197422   5.18109386  8.0615147  14.12531653  5.15791786] -247.21477527958405
[ 8.57463497  1.80505594  5.18690856  8.0706832  14.13195979  5.14963848] -247.21416178898173
[ 8.57778663  1.80140901  5.19904059  8.07058324 14.13660325  5.15213809] -247.2142381563206
[ 8.57779489  1.80484032  5.19300599  8.06948091 14.13374133  5.15207944] -247.21415255791098
[ 8.5756357   1.81140677  5.18943917  8.06807504 14.13240592  5.13790643] -247.2141817889913
[ 8.57839092  1.80346607  5.18747092  8.06753819 14.12050056  5.14425942] -247.21423809686368
[ 8.57690711  1.81031957  5.18847364  8.06869662 14.13502614  5.14982318] -247.21411436075692
[ 8.57179035  1.81651745  5.19355409  8.06664544 14.12570791  5.14530963] -247.2143520720105
[ 8.57906253  1.80581267  5.18650998  8.0689032  14.13249099  5.14914725] -247.21413035576
[ 8.57870407  1.79878555  5.19383377  8.07870162 14.15693326  5.15356812] -247.21435153009764
[ 8.57644748  1.81202293  5.18686284  8.06499454 14.12230913  5.14632663] -247.21410920091546
[ 8.57903425  1.80401956  5.18807502  8.07002526 14.1319295   5.16238121] -247.21421101204217
[ 8.57648534  1.80955997  5.18909813  8.06856259 14.13228681  5.14402513] -247.21411071914287
[ 8.58065177  1.81187173  5.19133548  8.06671022 14.13248464  5.14877805] -247.2141221500037
[ 8.57662018  1.80991483  5.18764714  8.06424028 14.1253008   5.14287859] -247.21414670230973
[ 8.57759659  1.81499357  5.18363641  8.06455491 14.12622484  5.14158017] -247.2141456522607
[ 8.57909676  1.81161199  5.18765835  8.06990041 14.13497338  5.15034821] -247.21415618478173
[ 8.57723933  1.81033912  5.18764995  8.06565531 14.12771895  5.144746  ] -247.21411532184726
[ 8.57800127  1.80498175  5.19300693  8.06995259 14.13454738  5.1527019 ] -247.21414409235462
[ 8.5779001   1.80748471  5.1906643   8.06860317 14.13246674  5.14992147] -247.21413195612945
[ 8.57769776  1.81249062  5.18597904  8.06590433 14.12830548  5.14436061] -247.214122514837
[ 8.5760804   1.81638865  5.18995638  8.06460467 14.12688605  5.14353927] -247.21416983757834
[ 8.578317    1.80845666  5.18737158  8.06782857 14.13108976  5.14774526] -247.21411327498151
[ 8.57765159  1.80836604  5.1909515   8.06824496 14.13199966  5.14945414] -247.2140935412381
[ 8.5776285   1.80630375  5.19343773  8.06941527 14.13384676  5.15200091] -247.21415989159965
[ 8.57369751  1.80781636  5.18546706  8.06795064 14.12765884  5.14526206] -247.21413779105578
[ 8.57891321  1.81085789  5.18986838  8.06702032 14.13127819  5.14789905] -247.21409150825036
[ 8.57766792  1.8095219   5.18989208  8.06946055 14.13361095  5.15034513] -247.2141115145549
[ 8.57825373  1.80927557  5.18954119  8.06667389 14.12583203  5.14544193] -247.21411046648217
[ 8.57682276  1.81141144  5.19136646  8.06715705 14.12801583  5.14675208] -247.21411977713464
[ 8.57794344  1.80919536  5.1883703   8.06766069 14.13032128  5.14749696] -247.2140965863201
[ 8.57756368  1.81023735  5.1883387   8.06492511 14.12439809  5.14320282] -247.21409078513702
[ 8.57751156  1.81059507  5.18756201  8.06265739 14.11979165  5.13963166] -247.2141366841788
[ 8.5791057   1.81042508  5.18887951  8.06461058 14.12309265  5.14924871] -247.2141089772021
[ 8.5776213   1.81109265  5.18821588  8.06581151 14.1286343   5.14910084] -247.21411174949205
[ 8.57809562  1.80972984  5.18920986  8.06645829 14.1265326   5.14635666] -247.2140910021939
[ 8.57997693  1.80758092  5.19167658  8.06797878 14.13356502  5.14822616] -247.21409606737006
[ 8.57760912  1.80823072  5.19059227  8.06948547 14.1362723   5.14496321] -247.2141223728536
[ 8.57873156  1.80987649  5.1893077   8.0658293  14.12638756  5.14817734] -247.21408300800465
[ 8.57903409  1.80968748  5.19141394  8.0658249  14.12773243  5.14694176] -247.21410799665182
[ 8.5782161   1.80931839  5.18913121  8.06720174 14.12967406  5.14735816] -247.2140822582923
[ 8.57641365  1.81188108  5.18725921  8.0652478  14.1231917   5.14592323] -247.21409556879377
[ 8.57730447  1.81080604  5.18836355  8.06593054 14.12578503  5.14649896] -247.21408639223517
[ 8.57862329  1.81190929  5.18712163  8.06421015 14.12268551  5.14371019] -247.21410843938486
[ 8.57789451  1.80925185  5.18999403  8.06723625 14.12967113  5.14801815] -247.21411508892749
[ 8.57847383  1.80959744  5.18921945  8.06651552 14.12803081  5.14776775] -247.2140838685029
[ 8.57776029  1.81006221  5.18874738  8.06656614 14.12772955  5.14692856] -247.21408329299626
[ 8.57788989  1.80977787  5.18873496  8.06606343 14.12703607  5.14528049] -247.21408538495712
[ 8.57815586  1.80952411  5.18917054  8.06683002 14.12810333  5.14685741] -247.21408941120617
[ 8.57856465  1.81008814  5.18949979  8.06711103 14.13047613  5.14762861] -247.21409663111945
[ 8.57793384  1.80884221  5.19004135  8.06772335 14.13083686  5.14840615] -247.21408286536845
[ 8.57757862  1.80895261  5.1888485   8.06652237 14.12666077  5.1465709 ] -247.21408283712287
[ 8.57779499  1.80932613  5.18907041  8.06670083 14.12855271  5.1472466 ] -247.21408790673243
[ 8.57788521  1.80937563  5.18909544  8.06673313 14.12844037  5.1471493 ] -247.2140875198811
[ 8.57806565  1.80947462  5.18914551  8.06679772 14.12821568  5.14695471] -247.21409833490054
[ 8.57793032  1.80940037  5.18910796  8.06674928 14.1283842   5.14710065] -247.21409328760524
[ 8.57789736  1.8091355   5.18898986  8.06686205 14.12816742  5.14696453] -247.21408503129115
[ 8.57807497  1.8090803   5.18958628  8.06746254 14.13025546  5.14788216] -247.21409803337139
[ 8.57798819  1.8096903   5.18893929  8.06688394 14.12870181  5.14714336] -247.2140778460483
[ 8.57834497  1.80945791  5.18917533  8.06685863 14.12885244  5.14756296] -247.21407691278887
[ 8.578053    1.80954813  5.18893308  8.06663258 14.12835507  5.14631933] -247.2141054799939
[ 8.57805066  1.80934701  5.18911333  8.06696743 14.12905722  5.14725373] -247.2140942293788
[ 8.57813775  1.80912834  5.18937868  8.0674462  14.12988107  5.14840231] -247.21409629968093
[ 8.5781367   1.80961218  5.18865629  8.06661079 14.12785587  5.14701286] -247.21408486673215
[ 8.57807357  1.80972542  5.18862308  8.06634866 14.12755521  5.14602956] -247.21410180824373
[ 8.57812171  1.80927761  5.18918978  8.06717181 14.1292996   5.14780912] -247.2140921672019
[ 8.57818435  1.80948362  5.18891393  8.06689556 14.12845985  5.14736327] -247.21409759628904
[ 8.57808408  1.80938116  5.18906348  8.06694946 14.12890787  5.14728111] -247.21408235222034
[ 8.57810076  1.80958754  5.18879537  8.06661706 14.12808689  5.14663187] -247.21409428290062
[ 8.57811647  1.80935509  5.18909118  8.06703313 14.12899642  5.14751481] -247.21409990152807
[ 8.57816658  1.80957411  5.18905731  8.06687129 14.12877712  5.14735316] -247.21409001713903
[ 8.57828053  1.80938815  5.18915327  8.06703019 14.12926325  5.14746056] -247.21409671966694
[ 8.57821452  1.80941954  5.1891194   8.06690405 14.12888016  5.14742204] -247.21410413944844
[ 8.57824083  1.80953505  5.18891581  8.06673471 14.12835416  5.14728791] -247.21409236300596
[ 8.57812116  1.8092967   5.18908259  8.06686034 14.12850993  5.14726374] -247.21409358757995
[ 8.57823334  1.80936776  5.18918256  8.06701522 14.12907602  5.14768604] -247.21409811150983
[ 8.57824795  1.80945369  5.18906955  8.06688608 14.12873082  5.14744942] -247.214087634641
[ 8.578234    1.80953411  5.18896873  8.06673185 14.12841988  5.14710654] -247.2140961692899
[ 8.5781713   1.80956237  5.18893651  8.06661745 14.12795153  5.14721402] -247.21409747109868
[ 8.57825322  1.80943171  5.18909908  8.066927   14.12893532  5.14739892] -247.21409465359588
[ 8.57822423  1.80938228  5.18916449  8.06698083 14.12896671  5.14766549] -247.2140918912167
[ 8.57819535  1.80946821  5.18905595  8.06680362 14.12846174  5.14746197] -247.21408445234817
[ 8.57835214  1.80966038  5.18906356  8.06685138 14.12887106  5.14766322] -247.21408698212522
[ 8.57826957  1.80946381  5.18927959  8.0670159  14.12919914  5.14776417] -247.21409735816144
[ 8.57824802  1.80951724  5.18900675  8.06680501 14.1285654   5.14740697] -247.2140993332463
[ 8.57827016  1.80946306  5.18911564  8.06683113 14.12865709  5.14751246] -247.21410082131666
[ 8.57834855  1.80955914  5.18911944  8.066855   14.12886175  5.14761309] -247.21408653710347
[ 8.57829646  1.8094558   5.18912244  8.06687235 14.12879163  5.14750619] -247.21407829129728
[ 8.57825577  1.80951601  5.18911632  8.06686496 14.12881478  5.14745806] -247.21409664798318
[ 8.5782846   1.8094201   5.18916991  8.06691973 14.12890957  5.14761422] -247.21408405976862
[ 8.5782929   1.80949648  5.18904557  8.06679667 14.1286033   5.14742543] -247.21407526347528
[ 8.57833759  1.80950542  5.18913403  8.06689132 14.12895407  5.14754752] -247.21409794177623
[ 8.57832073  1.80949483  5.18912943  8.06687627 14.12887982  5.14753876] -247.214082473894
[ 8.57837363  1.80944541  5.18913772  8.06686126 14.12881806  5.14762882] -247.2140827752981
[ 8.57828921  1.80936437  5.18914069  8.0668733  14.12875652  5.14747904] -247.2140781247493
[ 8.5783547   1.80948484  5.18908049  8.0667931  14.12865768  5.14743284] -247.21409433199193
[ 8.57830212  1.80943628  5.18914756  8.06688807 14.1288466   5.14756888] -247.21408478723689
[ 8.57831893  1.8094772   5.18911045  8.06682765 14.12872787  5.14749419] -247.21408877739697
[ 8.57829105  1.80943042  5.18909313  8.06683499 14.12867991  5.14745223] -247.21408237057665
[ 8.57829468  1.80947614  5.18908401  8.06683451 14.12869746  5.14746581] -247.21409713258183
[ 8.57830682  1.80949566  5.1890875   8.06683647 14.12874156  5.14748209] -247.21408031441445
[ 8.57833326  1.80947095  5.18909165  8.06682897 14.12871068  5.14752713] -247.21407306099647
[ 8.57828875  1.80945829  5.18910774  8.0668582  14.12875644  5.14751983] -247.21409142130102
[ 8.57831589  1.80946686  5.18909467  8.06682647 14.12870912  5.14750116] -247.21409410279634
[ 8.57831059  1.80946918  5.18909201  8.06682848 14.12870621  5.14749232] -247.21408797419505
[ 8.5783291   1.80948834  5.18906569  8.06679288 14.1286334   5.14743797] -247.21409400273308
[ 8.57829884  1.8094658   5.18909723  8.06684187 14.12872568  5.14749936] -247.21407714741116
[ 8.57829222  1.80946563  5.18905858  8.06682816 14.12866124  5.14746533] -247.21408271335162
[ 8.57829444  1.80947247  5.18906588  8.06682723 14.12866791  5.14745821] -247.21409410628937
[ 8.57830655  1.80947     5.18908548  8.06682817 14.12869663  5.14748379] -247.21409636676876
[ 8.57831308  1.80948371  5.18906861  8.06681282 14.12865699  5.14747628] -247.21409470573371
[ 8.57831605  1.80946837  5.18909444  8.06683542 14.12871818  5.14751325] -247.21409431819757
[ 8.57832004  1.8094833   5.18908957  8.06683272 14.12872612  5.14750461] -247.21407555138592
[ 8.57831216  1.80945068  5.18909239  8.06683198 14.12869529  5.14748968] -247.21409492775956
[ 8.57831274  1.80946829  5.18907511  8.06682857 14.12868596  5.14749623] -247.21408979583907
[ 8.57832193  1.80947006  5.18909183  8.06682872 14.12870844  5.14750973] -247.21408559505477
