[1.31557931 0.61676862 1.37660676 0.08207934 0.02602823 0.1085456 ] -251.78081848460263
[-0.26563758  0.40084069  1.54389021  0.32713853 -1.25437425 -0.85688681] -276.9523004160063
[ 1.26240485 -1.0055985   3.20528096 -0.49049513 -2.16197301  0.06735249] -296.6578031198871
[-0.22721812 -1.59379381 -1.03123804  0.13489411 -0.3863088   0.0935573 ] -262.52304482937143
[-0.20761794  0.52850763  0.98294824 -0.28259078  1.10458494 -0.15704198] -264.01591703334486
[-0.27175485  0.77621758 -0.03657611 -0.69881196  0.27330175 -0.20973991] -264.2022557226235
[-1.16018509 -0.36347364 -0.96399077 -0.29021714 -0.82679063 -0.11184435] -278.4768842223992
[-1.53468294  1.12728752 -2.58140086  0.24799249  1.80745343 -0.44515587] -284.5881370162392
[-0.83541099  0.59406602 -1.1347304   0.06337059  0.81509682 -0.31702878] -265.1773495440313
[ 0.99616503  0.80434255  1.53095765  0.16557708  1.01956686 -0.33435384] -253.6328563130218
[ 0.52221839  0.17452884 -0.98123418 -0.50563241  2.20513085  0.58486628] -276.54829936086986
[ 0.3252544   0.2311068  -0.34995308 -0.29743967  1.34025458  0.22442801] -261.7176786164936
[ 1.47888027 -0.1396829   1.95897888 -0.36213455  0.31071237  0.22549384] -255.354910139288
[ 1.49876916 -0.62713462  1.52600958  0.5122738   0.86497763  0.26328288] -248.71649282138733
[ 2.38403117 -1.32881072  2.30730242  1.11781669  1.16081557  0.49979428] -245.43241740285495
[ 2.2985153  -0.99853079  0.94793662  0.56285511  0.052438    0.42953037] -246.8604343450178
[3.16002661 1.32219167 3.62184779 0.28802389 1.68958067 0.29092212] -257.05315701948143
[ 3.55247817 -0.13901399  4.26449646  0.91551219  0.07945933  0.18221612] -251.8694273156533
[ 0.84852314 -1.71716741  0.50691181  0.5392114  -0.80657389  0.07948667] -258.34260657783466
[2.58215074 0.5623519  2.8431138  0.35082077 1.06554203 0.23806326] -250.46669861355383
[ 2.89742631 -0.02128125  2.46449236  1.42702161  0.82390431  0.14910476] -240.3063539392595
[3.60669933 0.03791957 2.7172491  2.32159968 1.08050028 0.11091021] -236.74594831148227
[ 4.25031964 -1.22078102  3.28794407  1.61798418  0.13536096  0.85737379] -247.2405248508494
[ 1.92662033 -0.63801349  0.2288878   1.10220639  1.09410236  0.56585638] -242.75491254360827
[ 4.36719952 -1.8120568   2.73420451  2.2756816   1.50355817  0.79196383] -239.28117507174574
[ 3.69564435 -2.54910964  1.23139438  2.64856045  0.61004975  0.8470797 ] -238.75458815128525
[ 1.84258369 -1.20875294  0.10104755  1.72492247  1.69846042  0.22433781] -241.89120171183498
[ 3.64241084 -1.50107722  2.15875863  3.16740732  2.33005752  0.5837837 ] -231.43305554516243
[ 4.31435861 -1.75235043  2.76416964  4.46968343  3.46886728  0.66091036] -228.63555616286487
[ 4.20033744 -1.31197719  0.9516819   3.72973465  1.99103051  0.56722515] -230.9817725788931
[ 5.41565398 -2.22742899  3.2710279   4.6211877   2.35671977  0.5016193 ] -242.9984933225646
[ 2.79887875 -1.03536736  0.98942282  1.98195172  1.40975671  0.54979711] -236.0849043008131
[ 5.81845564 -1.59889435  3.69499324  4.08414805  1.65612714  0.95162432] -249.9031234946465
[ 2.83655168 -1.30628829  0.99953397  2.31472886  1.6878771   0.40615943] -234.78705875650087
[ 2.78362386 -0.82700098  0.48361276  3.54640467  1.91246904  0.25539683] -229.16175501961618
[3.15117220e+00 4.84088082e-01 1.73716235e+00 3.47280722e+00
 3.24011723e+00 3.05333474e-03] -230.96290046644793
[ 3.08827485 -1.9542183  -0.07538795  4.18350383  3.48953901  0.70327053] -229.88819020309316
[ 3.9925608  -1.18721501  1.2975014   5.2570025   3.85354334  0.31554143] -228.60239720661968
[ 4.58940183 -1.26313883  1.45154069  6.89452789  5.07543665  0.19841359] -251.9121408195316
[ 4.34022424 -0.87660298  1.38671273  5.90498324  4.2973117   0.42897311] -235.95865297647393
[ 3.21246982 -1.19886696  1.09632866  3.21229246  2.34023575  0.41186285] -229.81910622793612
[ 2.64714927 -0.83321068  1.48278038  4.31749671  4.11056004  0.21611996] -233.40988138743984
[ 3.8120404  -1.19228556  1.08445652  3.87667517  2.52091289  0.47944885] -227.7619539478727
[ 3.91660391 -3.18806716  0.47973132  4.7090468   2.62173854  0.93909028] -230.8719657539651
[ 3.72524598 -2.27002835  0.79408908  4.3999869   2.77633321  0.70508104] -227.89017850665118
[ 4.19182497 -0.8550308   2.58210731  4.07051121  2.13458149  0.2394766 ] -234.10670142845342
[ 3.36416238 -1.67942142  0.58898586  4.15525568  3.15079963  0.58732204] -227.29175919961068
[ 4.11819419 -1.77056696  1.24127643  5.35604366  3.55407271  0.58937067] -230.2843548398314
[ 3.43890091 -1.34179196  1.1325656   3.74823026  2.64369499  0.45623981] -227.8045595335843
[ 4.76546583 -2.31402993  2.07030994  5.08920665  4.22558141  0.81278435] -228.18039741460706
[ 3.38510016 -1.57590698 -0.4415335   4.37243562  2.92142122  0.45789548] -227.27792772386573
[ 2.92047094 -1.48768525 -2.04438507  4.32381172  2.64769819  0.35638804] -230.42105262304202
[ 3.50441109 -2.27060639  0.44545644  3.29026093  2.22603778  0.85071576] -231.77599005084247
[ 3.87052337 -1.45806285  1.08449016  4.76531711  3.44666695  0.44933501] -226.6569743326866
[ 2.4331919  -0.85846911 -0.6559587   3.3500936   1.59436156  0.23232306] -230.68314796092153
[ 4.18239735 -1.95013972  1.38874278  4.65442838  3.56777645  0.66766903] -226.93412229954956
[ 3.62579554 -0.79584115  0.81848006  4.12412717  3.30742416  0.3275557 ] -226.42621188233437
[ 3.57607032 -0.05874755  0.83067555  3.9861973   3.57296963  0.13879303] -227.1754107221324
[ 3.97443882 -1.54209393  0.37530836  4.90118279  3.66130544  0.53350223] -226.51907090913926
[ 3.65543215 -1.80820313  0.18703472  5.11424041  4.16421839  0.52831098] -226.25435017626978
[ 3.57712802 -2.11616191 -0.26167619  5.73302303  4.98587114  0.55274205] -227.5718873025762
[ 4.20040009 -1.3639945   0.54852166  5.15532148  3.8721379   0.40076744] -227.68125892363247
[ 3.57322181 -1.60056469  0.57886981  4.40527213  3.3311342   0.54068339] -226.43870944799676
[ 4.24216952 -1.47572818  1.91917546  4.94908704  4.23808731  0.55778997] -226.52908782162734
[ 3.46479639 -0.94335825  0.26571008  4.76531383  3.81516904  0.31139007] -226.01241843717878
[ 3.1059959  -0.43996752 -0.29580628  4.82075655  3.93886534  0.13325058] -227.14075290237952
[ 3.64142804 -1.26386693  0.297036    4.65442402  4.05911256  0.48374243] -226.38394291931573
[ 3.06953473 -1.17558118 -1.07836245  4.37243307  3.20803395  0.35060497] -227.6877122646668
[ 3.94901082 -1.40069143  1.16979098  4.80492355  3.98057397  0.50599372] -225.94401718919556
[ 3.32878942 -1.06208126  0.73033219  4.38825092  3.89123867  0.36572319] -227.52926537400623
[ 3.81302647 -1.42209077  0.46406432  4.77294982  3.71878875  0.49155747] -225.95802947510575
[ 3.80994133 -0.94411919  0.48850224  5.0067208   4.35062809  0.34216673] -225.7782788211439
[ 3.92830109 -0.61589644  0.44331845  5.30744514  4.86037504  0.2429084 ] -226.26333180970954
[ 3.81874952 -1.79826875  0.13889939  5.58206364  4.72207277  0.56016477] -226.57636541441627
[ 3.67403404 -1.04644805  0.64858489  4.48861129  3.66108631  0.38570797] -225.9577040997469
[ 3.8139857  -1.25777001  0.77752641  4.99649588  3.83770895  0.37129988] -226.33693587708495
[ 3.77084628 -1.25929424  0.6574038   4.91097792  3.89305986  0.39941052] -225.92055290525647
[ 3.83845296 -0.53046418  1.04431739  4.46892532  3.64221695  0.28376451] -226.098946415191
[ 3.79269776 -0.84989892  0.82999672  4.63025409  3.77271731  0.34490113] -225.8349739813212
[ 4.13838918 -1.36415595  1.15373758  4.77283199  3.97711573  0.51185578] -226.000858108713
[ 3.96999098 -1.25895652  0.9317307   4.77095245  3.93662905  0.46173935] -225.83281234660032
[ 3.84248059 -0.83104535  1.11127213  4.76453022  4.14610945  0.321749  ] -225.92371786357995
[ 4.03762188 -1.13488717  1.08098064  5.14084172  4.36548626  0.40627885] -225.995560120436
[ 3.764931   -1.06855783  0.75668383  4.6516689   3.8371863   0.39085069] -225.80925658066775
[ 3.70128516 -0.66993259  0.42207216  4.77344458  3.99820272  0.24761209] -225.88366056202145
[ 3.76075024 -1.18587441  0.25085769  4.81680936  3.78336499  0.4071445 ] -225.95091860998636
[ 3.82204801 -0.91975262  0.89616852  4.7776      4.05542334  0.34309787] -225.78958252826027
[ 3.8494518  -0.64444498  0.78431425  4.62590236  4.09053575  0.3107121 ] -225.8691117755107
[ 3.9684018  -1.22531077  1.14039326  4.71425496  4.01617056  0.48354387] -225.92188224048823
[ 3.76806432 -0.80877713  0.60165243  4.75864717  4.00269468  0.30659503] -225.77234631219662
[ 3.793106   -1.30557576  0.7172639   4.90604545  3.89455718  0.4190715 ] -225.90755052278
[ 3.83536535 -0.80972768  0.76755166  4.69593813  4.0415411   0.33780195] -225.76781708735078
[ 3.86408257 -1.0867314   0.65076641  4.92358839  4.30198355  0.38251608] -225.76669769506537
[ 3.89977497 -1.20514765  0.56115125  5.07025554  4.56661666  0.40132356] -225.9217145451156
[ 3.65148654 -0.62026543  0.45537766  4.83376868  4.25985663  0.2392701 ] -225.98955679480594
[ 3.89036487 -1.09928375  0.81264244  4.78665651  4.01743595  0.40612204] -225.74396650723648
[ 3.89835781 -0.8209061   0.64907741  4.99804811  4.4193826   0.31524922] -225.78425512385454
[ 3.86667741 -0.93676247  0.42722901  4.9455997   4.32246532  0.35371914] -225.74879032198675
[ 3.77980747 -1.07422778  0.60037066  4.7076688   3.9262003   0.39439111] -225.76653215767416
[ 3.85817933 -0.99438421  0.7982353   4.5993121   3.85347887  0.38488172] -225.82715631068837
[ 3.82200083 -0.95668545  0.56593551  4.90486863  4.22634079  0.35284548] -225.72989202672895
[ 3.91803518 -1.17902904  0.67317946  4.89612621  4.27596099  0.43587024] -225.77511567790958
[ 3.80555703 -0.90134011  0.61953419  4.79301693  4.07101126  0.33891383] -225.73334580378304
[ 3.84079805 -1.20861598  0.45794108  4.99119485  4.24693795  0.40503394] -225.77580790392383
[ 3.83672352 -0.90944975  0.69014902  4.76975231  4.09289031  0.35460995] -225.730731329164
[ 3.80296114 -0.87251836  0.58785387  4.7122659   3.91679776  0.35101777] -225.7379524953799
[ 3.89495414 -0.81778552  0.63407735  4.92971787  4.28944683  0.32468496] -225.74512658913318
[ 3.81750977 -0.91559185  0.87616845  4.68649301  3.88217565  0.35567887] -225.79831470953812
[ 3.8543855  -0.93146981  0.53946387  4.88082303  4.2123929   0.35420907] -225.71989980629283
[ 3.77571016 -1.07246356  0.63778228  4.68607657  3.88950949  0.39455442] -225.77510559700605
[ 3.86514314 -0.88145503  0.63500358  4.86880754  4.1894625   0.34215233] -225.7206945008493
[ 3.77189219 -0.71835575  0.40000424  4.85652161  4.21886256  0.29179411] -225.79956023950982
[ 3.8607467  -1.00405175  0.70948289  4.80412278  4.0677926   0.37754006] -225.71930385772015
[ 3.87855777 -0.9889656   0.66533582  4.96153117  4.36983236  0.35573914] -225.76055037196213
[ 3.8218603  -0.90163017  0.60722435  4.77458222  4.03005641  0.35219811] -225.71877476951164
[ 3.8813963  -0.96024054  0.62955222  4.87463524  4.20196725  0.37227117] -225.70207151579675
[ 3.91931593 -0.98969076  0.63456123  4.91544439  4.26744524  0.38894983] -225.69387443801787
[ 3.87776061 -0.97887791  0.54040813  4.94646389  4.23827317  0.36802168] -225.72130759933825
[ 3.9110699  -0.9390397   0.65611251  4.82521266  4.10880015  0.37484488] -225.69929011943987
[ 3.86641321 -0.90356783  0.72020802  4.74320032  4.0537101   0.36194308] -225.72771789932165
[ 3.87492376 -0.96005039  0.5853581   4.89564799  4.1921324   0.36650203] -225.70829505689292
[ 3.88229089 -1.02718916  0.60906407  4.82980348  4.10341074  0.395929  ] -225.70009699279666
[ 3.90235032 -1.00908083  0.72780385  4.80078148  4.04415295  0.39777889] -225.70571957268794
[ 3.909857   -0.93817525  0.56389181  4.87636796  4.18087336  0.38119419] -225.68995282099047
[ 3.93441215 -0.90523701  0.49109628  4.91249055  4.23741375  0.38302126] -225.70116334406777
[ 3.97807563 -1.05277852  0.65170617  4.9398371   4.26888187  0.4162015 ] -225.69465887593708
[ 3.95939613 -1.02526769  0.69568845  4.83350103  4.13238904  0.41846407] -225.69137580363525
[ 3.95098483 -0.98163286  0.54253757  4.93927406  4.30978052  0.39408226] -225.70189195564828
[ 3.93882621 -0.98849486  0.58885414  4.90465092  4.24337363  0.39500642] -225.6939471928567
[ 3.98988938 -0.95062643  0.6545407   4.9352012   4.29717703  0.39562463] -225.6906090832869
[ 3.98738353 -1.04263814  0.60696832  4.97645488  4.35457991  0.42363534] -225.69370341263576
[ 3.92348042 -0.92551918  0.59646205  4.87403636  4.2230642   0.38475666] -225.68276202421376
[ 3.89618282 -0.86188951  0.56883998  4.84113598  4.20015536  0.36903425] -225.68997935562882
[ 3.95761459 -0.96881096  0.66185005  4.89901769  4.24180263  0.40253515] -225.6806806666519
[ 3.96700878 -0.95896902  0.698348    4.89620107  4.24101713  0.40629952] -225.67645613437327
[ 3.99302248 -0.95737448  0.63740522  4.88180977  4.20892165  0.41437497] -225.67839634248233
[ 3.92683454 -0.87600588  0.67514376  4.78925092  4.07323423  0.37660268] -225.69614346066234
[ 3.97224628 -1.00098008  0.62401218  4.92965389  4.28424349  0.41187717] -225.68347746247267
[ 3.95910532 -0.88528046  0.56253154  4.96425572  4.34604325  0.37957831] -225.7019071781608
[ 3.95932343 -0.99027088  0.66239922  4.8661897   4.18580259  0.40874263] -225.68359087472575
[ 3.91842342 -0.97313654  0.60629879  4.83955172  4.14413045  0.40679042] -225.6742754604109
[ 3.88269044 -0.98439159  0.58217784  4.79172697  4.06760715  0.41237332] -225.68068544107646
[ 4.00131127 -0.99724147  0.71108334  4.88611288  4.24818647  0.42975293] -225.67345721509702
[ 4.04703841 -1.02677458  0.7846791   4.89098534  4.28184302  0.4540323 ] -225.6771453733337
[ 3.96584079 -0.94746937  0.62880397  4.90293219  4.26405187  0.40920793] -225.67121408293985
[ 3.96909947 -0.92606862  0.61200635  4.92130344  4.30317651  0.40944058] -225.66897537868084
[ 3.951869   -0.91178969  0.66318907  4.83668452  4.17192198  0.40526119] -225.66914911804486
[ 4.01009772 -0.98267409  0.71298154  4.87985145  4.21605386  0.43921654] -225.66408726914986
[ 4.05340637 -1.01125154  0.77124129  4.88275899  4.21254869  0.46644648] -225.66185125697405
[ 3.96068362 -0.96877781  0.7166504   4.87239443  4.23140543  0.4269554 ] -225.6623704376388
[ 3.98458894 -0.97045287  0.66180841  4.85006759  4.19610604  0.44191615] -225.65516036534493
[ 3.99337902 -0.9761948   0.64353861  4.82700084  4.1736505   0.45972446] -225.65226930295262
[ 4.0581595  -0.95730478  0.76627089  4.90253332  4.30283275  0.45906993] -225.6484256795083
[ 4.12802754 -0.9493889   0.84625694  4.93402412  4.3821839   0.48520968] -225.64925030903825
[ 3.99422106 -0.91988761  0.6798822   4.86144564  4.21699215  0.44587975] -225.63693946537657
[ 3.99067595 -0.88121068  0.66428163  4.84911202  4.20139498  0.45394316] -225.62206787848433
[ 4.05659898 -0.99514638  0.72814065  4.91501649  4.30308097  0.48659881] -225.63078238937248
[ 4.068535   -1.00389338  0.81803481  4.82830193  4.1717946   0.50813884] -225.64056923764855
[ 4.11290132 -0.97288937  0.74718556  4.86251343  4.2236954   0.51768516] -225.6330194465926
[ 4.04001022 -0.91762825  0.68457609  4.84540035  4.24626771  0.49527364] -225.61622698042444
[ 4.03331215 -0.87081661  0.64124349  4.82672103  4.26312722  0.50968721] -225.6079557905579
[ 4.11334862 -0.91755893  0.81151374  4.90106523  4.31499148  0.5186499 ] -225.6013303213341
[ 4.17333341 -0.888241    0.8955013   4.93809743  4.38566197  0.54811263] -225.60358356534238
[ 4.0669645  -0.92320034  0.7038624   4.82504339  4.18986214  0.53916443] -225.58915077559567
[ 4.07136701 -0.90614812  0.67265816  4.78629842  4.13337683  0.57921168] -225.57337310276614
[ 4.057533   -0.84402999  0.6036396   4.88527361  4.30809436  0.51378647] -225.58073610932556
[ 3.99471058 -0.83208087  0.62664019  4.85864884  4.28432655  0.50294059] -225.57800313269436
[ 4.03038346 -0.75546869  0.61185162  4.78735656  4.1986895   0.53947419] -225.55927156607657
[ 4.0172757  -0.63562984  0.5537071   4.7235266   4.14649376  0.56591188] -225.55241804279092
[ 4.10517306 -0.78754411  0.63885246  4.81139923  4.28207508  0.60945276] -225.53928529975502
[ 4.16242162 -0.74071083  0.62613788  4.79254283  4.32241513  0.68720756] -225.54227315712896
[ 4.08649051 -0.77018067  0.66109359  4.82868295  4.22665881  0.58696388] -225.52464212363003
[ 4.11307969 -0.7198627   0.67101864  4.82966391  4.2084246   0.62560222] -225.50531665268164
[ 4.0063644  -0.65753961  0.44399165  4.7305383   4.13927225  0.61365196] -225.53213678964389
[ 4.04512381 -0.6689051   0.5986498   4.69475148  4.08989533  0.65180389] -225.51114472796988
[ 4.12475064 -0.62646229  0.56631908  4.66674381  4.04885274  0.71227088] -225.53779897398115
[ 4.06588876 -0.45916643  0.48485475  4.69924268  4.17162776  0.68035285] -225.5150212847465
[ 4.13618442 -0.67086358  0.58085503  4.75391987  4.16688883  0.73179964] -225.47204226193617
[ 4.19563878 -0.68848045  0.594429    4.76911651  4.17708636  0.81474352] -225.4650517736179
[ 4.0784423  -0.48592808  0.48090184  4.65195301  3.99631127  0.75668901] -225.5149660014468
[ 4.0434286  -0.60016516  0.52496282  4.79167816  4.21201978  0.66867694] -225.4571580510282
[ 4.00276758 -0.5870166   0.50428468  4.85414533  4.2936033   0.64687997] -225.4534379072395
[ 4.16061591 -0.54558017  0.66738792  4.769086    4.17304395  0.77837186] -225.4396891430038
[ 4.23774167 -0.48960045  0.77908606  4.78835986  4.1899298   0.86073181] -225.46413193819058
[ 4.13266726 -0.77275794  0.68736921  4.82366273  4.14116051  0.74434397] -225.45315848124326
[ 4.13818872 -0.84160623  0.76014458  4.92818898  4.36476009  0.6638928 ] -225.4664619277646
[ 4.20252884 -0.71619627  0.69622821  4.963203    4.3627976   0.77280755] -225.4449275274527
[ 4.16438934 -0.66401652  0.63226256  4.87280362  4.295726    0.84807767] -225.35561376136744
[ 4.19004417 -0.63609342  0.61288452  4.89437347  4.3393767   0.95931539] -225.30249371725742
[ 4.15656547 -0.47376872  0.49404994  4.7630067   4.13092939  0.90826129] -225.41644813480445
[ 4.08609096 -0.55532393  0.62630583  4.92004257  4.30321746  0.78858316] -225.3970035046905
[ 4.30673662 -0.64622355  0.75712386  4.8569795   4.18990524  1.0036811 ] -225.4790357776856
[ 4.07875984 -0.60181834  0.56749448  4.85485387  4.26767879  0.73608026] -225.4010076704693
[ 4.1588678  -0.40350234  0.53408109  4.89785915  4.38452079  0.90346253] -225.3548781668042
[ 4.07445255 -0.3558327   0.47117305  4.73653759  4.17012476  0.91855061] -225.3717378974455
[ 4.08764435 -0.46319964  0.43460838  4.91980511  4.35890534  0.95971256] -225.3099945234585
[ 4.06872109 -0.53148808  0.58813251  4.97815055  4.47701189  0.84697355] -225.33372247757146
[ 4.14318047 -0.37999504  0.52156732  4.92740227  4.41004019  1.05611902] -225.28066952105135
[ 4.17539078 -0.26908338  0.49860374  4.96367647  4.4812209   1.2161384 ] -225.26907137138983
[ 4.16561595 -0.33107593  0.4201886   4.87675821  4.43383599  1.14613452] -225.28520509465835
[ 4.20764217 -0.5223149   0.55832656  5.1070034   4.65483245  1.09202837] -225.2666349633691
[ 4.27423698 -0.60555599  0.60190332  5.29223631  4.89718629  1.17876724] -225.33841157550427
[ 4.13948504 -0.51424944  0.50350035  5.0153966   4.5305403   1.16997173] -225.19777165049211
[ 4.12979366 -0.56962299  0.48820997  5.07416532  4.60355006  1.30322633] -225.164983970137
[ 4.24998927 -0.39897534  0.41614141  4.96711011  4.48022859  1.37854497] -225.2528185288236
[ 4.28518098 -0.44585568  0.56350989  5.04122389  4.63877622  1.40541676] -225.2098393587893
[ 4.21449343 -0.20954932  0.36877553  5.11560566  4.7581047   1.55451439] -225.29963603573566
[ 4.20838112 -0.31618535  0.42980278  5.06029762  4.6534227   1.40571464] -225.23505361108602
[ 4.2531767  -0.50960328  0.56467619  5.19440073  4.73684098  1.45422197] -225.207930212004
[ 4.26933052 -0.65176913  0.5082852   5.18439055  4.77466277  1.46357928] -225.20166661440354
[ 4.25764191 -0.44168903  0.43188191  5.06685933  4.64099466  1.71153962] -225.2321121716557
[ 4.21784569 -0.57926647  0.5793139   5.24000236  4.86918721  1.53602123] -225.1921253527891
[ 4.26260871 -0.74975018  0.61548957  5.20671644  4.7679146   1.55228709] -225.17368693248252
[ 4.21500351 -0.72693355  0.67461299  5.24677376  4.82264928  1.19337794] -225.2390046984455
[ 4.24698231 -0.51300016  0.49256468  5.11183794  4.68640832  1.5819992 ] -225.1840783954737
[ 4.17473155 -0.74514839  0.51933662  5.29594723  4.84074509  1.5583616 ] -225.1906369108713
[ 4.18058744 -0.75991583  0.50305713  5.17661922  4.77731503  1.54426961] -225.21688942285746
[ 4.23502939 -0.57218142  0.54927142  5.18995535  4.74695949  1.47673388] -225.17513051598655
[ 4.15299992 -0.59122074  0.57311019  5.18848434  4.73025882  1.53929716] -225.14983995725532
[ 4.09483462 -0.56094655  0.60552269  5.19053123  4.70805684  1.5771561 ] -225.17281888394444
[ 4.18286948 -0.66770815  0.50001358  5.11569984  4.58942492  1.46794719] -225.14250816679592
[ 4.16538138 -0.711929    0.46036342  5.05354859  4.44954377  1.43391017] -225.154650218901
[ 4.22869627 -0.47601282  0.55354986  4.99967252  4.53409365  1.41546868] -225.17362650583559
[ 4.15035016 -0.69583195  0.60065018  5.14639333  4.63765886  1.33632091] -225.14115591322977
[ 4.10203409 -0.78724784  0.65469293  5.16367103  4.61328413  1.21348177] -225.17237345280407
[ 4.13407668 -0.67786753  0.5610697   5.05375525  4.54067414  1.39478191] -225.13228370354565
[ 4.08360032 -0.73071058  0.56696884  4.98565519  4.43753146  1.35380592] -225.1484887830043
[ 4.06365335 -0.47633788  0.47671159  4.98600709  4.44397222  1.26672697] -225.17443368489492
[ 4.21286987 -0.68139711  0.58079508  5.15153911  4.686929    1.48089706] -225.1460631013326
[ 4.09229032 -0.81853667  0.54773305  5.24367321  4.72873829  1.42535484] -225.1716902039502
[ 4.12639181 -0.73290571  0.54918725  5.18267304  4.68007713  1.4228833 ] -225.1460192636705
[ 4.19005898 -0.77935407  0.63339869  5.20534965  4.6847909   1.57748285] -225.13711776041234
[ 4.17920574 -0.82046743  0.56859463  5.0966524   4.54292616  1.35414058] -225.15289969239305
[ 4.15955137 -0.64853241  0.5719813   5.16552635  4.68342565  1.49300801] -225.13516247603135
[ 4.10156296 -0.71933617  0.55797183  5.13826005  4.5850882   1.41657766] -225.13164155944418
[ 4.04590951 -0.7383057   0.5465602   5.13162052  4.53416779  1.38441796] -225.14092433953311
[ 4.17976474 -0.66330439  0.59250785  5.09232178  4.5602771   1.47248955] -225.1222869037536
[ 4.20645121 -0.62850373  0.61416815  5.04714616  4.50037708  1.49729267] -225.13016774388748
[ 4.12225215 -0.72703402  0.67251293  5.15150229  4.64121336  1.42893977] -225.1301854341242
[ 4.14540546 -0.70931092  0.59583058  5.12251179  4.59416425  1.59143901] -225.1221829058046
[ 4.14293311 -0.7160504   0.59342078  5.11057102  4.57241695  1.71899805] -225.14457583747068
[ 4.09081214 -0.60244107  0.55055938  5.03594286  4.51682334  1.35492912] -225.13622126205303
[ 4.11562385 -0.64666932  0.5712692   5.07829456  4.55881523  1.41056755] -225.12863972169694
[ 4.10667724 -0.7326417   0.61173939  5.04668889  4.47665177  1.4119238 ] -225.11431130042922
[ 4.08024017 -0.77469634  0.63161844  4.98727015  4.37326483  1.37138169] -225.12626919860216
[ 4.12301879 -0.72156464  0.6395409   5.15610454  4.59806249  1.51586387] -225.12015124175537
[ 4.16268445 -0.68083883  0.66982846  5.0775479   4.55797321  1.52716352] -225.11605213566932
[ 4.1554727  -0.65774258  0.55439253  5.0396542   4.47410132  1.54754266] -225.12178677204662
[ 4.17538394 -0.74179836  0.6500107   5.09998181  4.52826149  1.61157325] -225.1196714924989
[ 4.10978279 -0.75132795  0.64793967  5.08850792  4.51612775  1.59601249] -225.11927997043142
[ 4.13226784 -0.71932711  0.66198663  5.04698329  4.45622842  1.47858753] -225.1090124138842
[ 4.12569903 -0.7243352   0.69506466  5.00921904  4.3872605   1.42216179] -225.11382699853678
[ 4.11446565 -0.79142361  0.73928939  5.13228392  4.57033372  1.49949883] -225.12173240139947
[ 4.12471741 -0.75800336  0.69306518  5.10912649  4.54627562  1.51150979] -225.11363896682064
[ 4.14748577 -0.73974779  0.67198245  5.00017423  4.42911026  1.52972625] -225.12634017638766
[ 4.12913553 -0.72611043  0.64765128  5.11712196  4.55582444  1.51932947] -225.11285686545813
[ 4.07970448 -0.71428476  0.66072617  5.06201034  4.50809892  1.40326895] -225.12221858676824
[ 4.15146408 -0.73491996  0.65268957  5.09048894  4.52322084  1.55949718] -225.1111478469752
[ 4.1591994  -0.69928584  0.6643805   5.07414457  4.52259702  1.40665793] -225.1151643336754
[ 4.10513605 -0.77592397  0.64067572  5.08397015  4.4689595   1.43533838] -225.11071597198628
[ 4.09059999 -0.783023    0.63822209  5.09064867  4.48645651  1.56540411] -225.11903005928616
[ 4.14204954 -0.72022013  0.6578409   5.07827059  4.51356189  1.44634448] -225.1086224507887
[ 4.15491291 -0.74552662  0.70623037  5.12863159  4.54470513  1.5716118 ] -225.1136984176836
[ 4.14285399 -0.74230539  0.68260762  5.10814591  4.52769179  1.5316898 ] -225.1083224324154
[ 4.14291826 -0.7149323   0.62141874  5.06586713  4.46888667  1.47875249] -225.10950947151096
[ 4.14309439 -0.74309919  0.65808844  5.04078671  4.4303586   1.45740715] -225.1106489553291
[ 4.11797595 -0.73701607  0.65484978  5.05085232  4.43200812  1.38320943] -225.1155531518163
[ 4.14309204 -0.73544399  0.65322962  5.08057979  4.50041766  1.51542524] -225.10747512515027
[ 4.17695598 -0.68251873  0.67104826  5.056241    4.49675552  1.53406385] -225.11399065768148
[ 4.12309103 -0.75257266  0.64826886  5.07703786  4.4759085   1.46001975] -225.10958969685927
[ 4.13232985 -0.71850133  0.65036235  5.11150815  4.55053971  1.51286595] -225.1121324234128
[ 4.14040325 -0.73694973  0.65615692  5.05846707  4.46040388  1.47127185] -225.10755183430246
[ 4.15810395 -0.70382022  0.66281129  5.06906674  4.4998216   1.51400405] -225.10926552834098
[ 4.14333861 -0.73775655  0.70345893  5.08130401  4.51715508  1.50702183] -225.10838197607308
[ 4.12323115 -0.76018074  0.67561559  5.08218349  4.49199797  1.46944286] -225.10943661706318
[ 4.14938575 -0.71791035  0.66601236  5.07234592  4.4978657   1.50286375] -225.10748169156514
[ 4.15477323 -0.74420161  0.67778215  5.11272114  4.54947024  1.51295145] -225.11068600011538
[ 4.13789419 -0.72554573  0.66593551  5.06341775  4.47953888  1.48717851] -225.1057100573238
[ 4.1436064  -0.74508378  0.68462609  5.07648289  4.48079577  1.55880585] -225.10856736104424
[ 4.14321719 -0.73886787  0.67792979  5.07692982  4.4889873   1.5306905 ] -225.10710214849775
[ 4.14227686 -0.7279178   0.63049835  5.07199142  4.46781332  1.50601806] -225.10899259000135
[ 4.14307317 -0.73529686  0.68521878  5.07897586  4.50481964  1.50677088] -225.1069933811639
[ 4.14283454 -0.72103279  0.65222004  5.03542616  4.44965256  1.47304378] -225.10915674524628
[ 4.14284913 -0.73698724  0.67501073  5.08996597  4.50818198  1.5170283 ] -225.10685154254858
[ 4.14610057 -0.72640095  0.68495535  5.09560463  4.53286651  1.54871388] -225.10904968140716
[ 4.14182758 -0.73431253  0.66335653  5.06775146  4.47851954  1.49063236] -225.10670029123884
[ 4.13459869 -0.75090772  0.67421463  5.08019429  4.48895597  1.51304484] -225.10611474133378
[ 4.13806127 -0.73852866  0.69399237  5.07183193  4.48258344  1.49968989] -225.1058220528354
[ 4.13621749 -0.73499171  0.67464639  5.07378261  4.49187918  1.47409109] -225.1059414072123
[ 4.13407627 -0.73846101  0.66383327  5.07000548  4.47173336  1.48711744] -225.10566458751003
[ 4.12957783 -0.74004308  0.65314051  5.0655203   4.45519022  1.47729073] -225.10977326400055
[ 4.13137603 -0.73726188  0.6703155   5.05236187  4.45622147  1.46688975] -225.10943098320502
[ 4.13998086 -0.7370559   0.67383692  5.08056495  4.49519186  1.50449366] -225.10622408307822
[ 4.131782   -0.74085105  0.68546317  5.07884755  4.49144136  1.49790612] -225.10902873214621
[ 4.13931619 -0.73594716  0.66888319  5.07052548  4.48174999  1.4924508 ] -225.10611838339557
[ 4.13340718 -0.7377381   0.67333153  5.06268757  4.47028842  1.48003053] -225.1090970292858
[ 4.13833744 -0.73722645  0.67371057  5.0760956   4.488966    1.49837788] -225.10592550413725
[ 4.13374559 -0.73927327  0.67989439  5.07458374  4.48613562  1.49404909] -225.10906878955214
[ 4.13792354 -0.73677869  0.67163599  5.07154005  4.4828464   1.49285037] -225.10585559565826
[ 4.13957138 -0.71960303  0.67370341  5.06203018  4.47689311  1.46672355] -225.10607153144448
[ 4.13832821 -0.7274292   0.67383121  5.06657121  4.47990883  1.47830387] -225.1057519708392
[ 4.13865615 -0.7329982   0.67299992  5.06603807  4.46997978  1.50708157] -225.1058233434547
[ 4.13664244 -0.72935405  0.67369885  5.06037256  4.46656423  1.48569601] -225.1054430108022
[ 4.13579494 -0.72541784  0.67369299  5.05251104  4.45536335  1.47935507] -225.10922445914727
[ 4.1366293  -0.72732693  0.67646105  5.06120562  4.46725644  1.48883873] -225.10528570746123
[ 4.13598218 -0.72260105  0.67887359  5.05603841  4.45946146  1.48683291] -225.10891509067122
[ 4.13522108 -0.72921699  0.67625083  5.06509679  4.47921528  1.46852658] -225.10931466444413
[ 4.13779738 -0.7320529   0.67381265  5.06580275  4.47228866  1.49744282] -225.10559377744232
[ 4.13572799 -0.72152794  0.64853181  5.0572932   4.46318002  1.47516924] -225.10618685677787
[ 4.13747795 -0.73427848  0.68262723  5.06819725  4.47773259  1.49355973] -225.10553943280516
[ 4.13517764 -0.73491049  0.67162497  5.06309593  4.46512922  1.50164054] -225.10534957114902
[ 4.13470614 -0.73991555  0.68141716  5.06614211  4.46069596  1.49758658] -225.10941470024727
[ 4.13709717 -0.72913819  0.66980592  5.06409884  4.47482815  1.48978053] -225.10549216287637
[ 4.13953102 -0.72389267  0.68551029  5.0575855   4.46953307  1.49853534] -225.105643980541
[ 4.13816733 -0.72753476  0.68009104  5.0606905   4.47008314  1.49568087] -225.1054737506461
[ 4.13593323 -0.72879473  0.67762371  5.06008415  4.4682426   1.48762264] -225.10522470277124
[ 4.13500116 -0.72716565  0.67952924  5.05722486  4.46621957  1.48271255] -225.1088780577488
[ 4.13573776 -0.72474123  0.66714129  5.05498529  4.45963534  1.48952671] -225.10881628204646
[ 4.1370429  -0.73189417  0.67875574  5.06489426  4.47320828  1.49255147] -225.10541670919568
[ 4.13610044 -0.73080019  0.68294586  5.05934883  4.46199983  1.49422956] -225.10530181478043
[ 4.13434132 -0.7334921   0.67361236  5.06230996  4.46405039  1.48784545] -225.10899173498746
[ 4.13721083 -0.72902409  0.67847137  5.06109536  4.46857495  1.49372201] -225.10536664854547
[ 4.13605568 -0.73156282  0.68159539  5.06286882  4.46823954  1.50050564] -225.1052292158641
[ 4.13532614 -0.72891225  0.67748504  5.05767198  4.45993925  1.49630157] -225.1089266595853
[ 4.13661371 -0.73114869  0.67843807  5.06308869  4.46989102  1.493489  ] -225.1054028667133
[ 4.13575533 -0.72965773  0.67780272  5.05947755  4.46325651  1.49536404] -225.1089658146454
[ 4.13639912 -0.73077595  0.67827923  5.0621859   4.46823239  1.49395776] -225.10530085132157
[ 4.13488764 -0.73236628  0.67770537  5.06183439  4.46445839  1.49520961] -225.10891216209052
[ 4.13663003 -0.72985964  0.67827987  5.06128012  4.46754581  1.49409391] -225.10531090264504
[ 4.13740496 -0.72479626  0.68677006  5.05922856  4.46870965  1.48477554] -225.10532597779059
[ 4.13684813 -0.72732482  0.68298379  5.0601954   4.46781454  1.48899179] -225.10527171438773
[ 4.13602527 -0.72900217  0.68168314  5.06068279  4.46638264  1.49062146] -225.10526466889524
[ 4.1365298  -0.72746229  0.67659624  5.06305873  4.47338956  1.48928312] -225.105234659431
[ 4.13627469 -0.72638197  0.68070188  5.0605126   4.46887605  1.4879967 ] -225.1051608627538
[ 4.13621247 -0.72418498  0.6819132   5.05967595  4.46919788  1.48501618] -225.1088866362779
[ 4.1359263  -0.72951601  0.68393366  5.06126188  4.47039187  1.49283506] -225.10893963306754
[ 4.13645355 -0.7278742   0.67832921  5.06121969  4.4680403   1.48983781] -225.1052392727208
[ 4.13557594 -0.72970124  0.6758594   5.06261353  4.46990902  1.492964  ] -225.1089103019623
[ 4.13653008 -0.72791892  0.68120269  5.06079993  4.46833816  1.48998484] -225.10523588079653
[ 4.13656708 -0.7276628   0.67699989  5.06216519  4.47199277  1.49112212] -225.10523652824975
[ 4.13617663 -0.72872032  0.67991073  5.06194346  4.4716526   1.49233388] -225.10518307134296
[ 4.13593296 -0.72928421  0.68221032  5.06092405  4.46758673  1.49145349] -225.10893719655363
[ 4.13640855 -0.72806816  0.6783025   5.0618549   4.47089126  1.49120497] -225.1052235077607
[ 4.13592944 -0.72907784  0.67704079  5.06264096  4.47209237  1.49299747] -225.10517439124868
[ 4.13572961 -0.73007299  0.68179542  5.0602429   4.46660858  1.49493732] -225.10892419717584
[ 4.13632975 -0.72811496  0.67789604  5.06235478  4.47169431  1.49069667] -225.10521333905717
[ 4.13629509 -0.72482317  0.67556316  5.06026146  4.47291019  1.48044514] -225.10529910393095
[ 4.13611553 -0.72987791  0.68008733  5.06221698  4.4694072   1.49549052] -225.1051958882842
[ 4.1364783  -0.72795232  0.68035605  5.06375707  4.47329533  1.49595076] -225.10516310843227
[ 4.13602623 -0.72864028  0.68036177  5.06262038  4.47144803  1.49395037] -225.10551938606332
[ 4.13631297 -0.72821119  0.67881732  5.06204627  4.47103045  1.49189132] -225.10519432493112
[ 4.13609944 -0.72862555  0.68107533  5.06201767  4.47042369  1.49485688] -225.10520239300385
[ 4.13615701 -0.7284979   0.6802805   5.06210195  4.47074134  1.49381683] -225.10515738187294
[ 4.13632749 -0.7264026   0.67894842  5.06211712  4.47315551  1.48950514] -225.10516713942891
[ 4.13613489 -0.72746646  0.68026214  5.06231145  4.47224062  1.49230895] -225.10575924277347
[ 4.13626845 -0.72802501  0.67917852  5.06211257  4.47133299  1.49199572] -225.10517807692185
[ 4.13630182 -0.72672556  0.67892466  5.06247063  4.47151194  1.49175366] -225.10513290635893
[ 4.13636442 -0.72572819  0.67843163  5.06273422  4.47144161  1.49146355] -225.10510439302794
[ 4.136242   -0.72665527  0.6794079   5.06250874  4.47186775  1.49191443] -225.10511611173808
[ 4.13668519 -0.72479491  0.68233467  5.06193628  4.47103349  1.49055166] -225.1051276605909
[ 4.13640639 -0.72693425  0.68155578  5.06239983  4.46926301  1.49439284] -225.10513370659598
[ 4.1362316  -0.72504518  0.68054807  5.06030747  4.46777909  1.48742791] -225.10889683778467
[ 4.13641662 -0.72722553  0.68040405  5.06289467  4.47191627  1.49382005] -225.10513830736787
[ 4.13648253 -0.72689671  0.68010297  5.06434596  4.47321177  1.49732308] -225.10512262738234
[ 4.1367087  -0.72424705  0.68046516  5.06350462  4.47216996  1.49267171] -225.10509830193368
[ 4.13698455 -0.72212162  0.68055749  5.06420596  4.47288426  1.49209915] -225.10509757881675
[ 4.1366384  -0.72381812  0.68039276  5.063149    4.4713177   1.49209485] -225.1050831655509
[ 4.13674929 -0.72211441  0.68038711  5.06327616  4.47101841  1.49123226] -225.10554894470962
[ 4.13672598 -0.72307069  0.67885335  5.06389355  4.47465585  1.49075607] -225.10508670690504
[ 4.13646076 -0.72463529  0.67691403  5.06500953  4.47409282  1.49466538] -225.1050670863038
[ 4.13634855 -0.72455547  0.67420371  5.06654616  4.47562249  1.49672224] -225.10507557653338
[ 4.13665618 -0.72177968  0.67808275  5.06282104  4.47220822  1.48700806] -225.10509679133662
[ 4.13703476 -0.72039593  0.6783361   5.06476236  4.47366574  1.49078126] -225.10509731233594
[ 4.13713579 -0.71954559  0.67928054  5.06521292  4.47483325  1.49100471] -225.1050854354987
[ 4.13656607 -0.72229347  0.67672902  5.06407684  4.47404026  1.4900043 ] -225.1050677315042
[ 4.13635963 -0.72465168  0.67841471  5.06329194  4.47338363  1.4910632 ] -225.10689005201053
[ 4.13686598 -0.72145986  0.67835576  5.06439475  4.47359521  1.49085174] -225.1050870709427
[ 4.13680815 -0.72316133  0.67875907  5.06575783  4.47530348  1.49611762] -225.10506569304067
[ 4.13688414 -0.72385215  0.67909722  5.06722622  4.47685111  1.5006724 ] -225.1050786149067
[ 4.13657907 -0.72404829  0.6786205   5.06463847  4.47448591  1.49402923] -225.10506328194762
[ 4.13643562 -0.72534251  0.67875287  5.06476033  4.47493126  1.49561798] -225.10506784419664
[ 4.13667011 -0.72276334  0.67804528  5.06538798  4.47336863  1.49521596] -225.10506494097322
[ 4.13610507 -0.72736102  0.67720635  5.06412696  4.47270301  1.49637108] -225.10509516907817
[ 4.13687811 -0.72149945  0.67876199  5.06494143  4.47430069  1.4923463 ] -225.10506580933423
[ 4.13668236 -0.7223156   0.67555054  5.06678837  4.4772129   1.49536474] -225.105057336616
[ 4.13670434 -0.72156435  0.67312943  5.06860805  4.4801605   1.49699969] -225.10506035499327
[ 4.13679344 -0.72384763  0.67882145  5.06676436  4.47554788  1.49924212] -225.10507483742379
[ 4.13662292 -0.72268201  0.67725213  5.06474872  4.47441717  1.49231375] -225.1050627937161
[ 4.13695281 -0.72085472  0.67874914  5.06574473  4.47560344  1.49379716] -225.1050429338529
[ 4.13719883 -0.71896444  0.67966669  5.06611233  4.47635874  1.49336305] -225.10512738472346
[ 4.13656036 -0.72377565  0.67689689  5.0660806   4.47582981  1.49659986] -225.1050420606854
[ 4.13640149 -0.72491376  0.67596435  5.06665018  4.47659437  1.49872664] -225.10506413149707
[ 4.13654773 -0.72231854  0.67627909  5.06537179  4.47500247  1.49298928] -225.1050710899735
[ 4.13674304 -0.72295063  0.67813907  5.06566132  4.47522823  1.49533554] -225.1050555328697
[ 4.13671008 -0.72277897  0.67702414  5.06583276  4.47755719  1.4939308 ] -225.10505295971987
[ 4.13684478 -0.7210709   0.6759168   5.06698036  4.47746367  1.49508472] -225.10505509761066
[ 4.1368749  -0.72190015  0.67684007  5.06761399  4.47854791  1.49772385] -225.10510956755934
[ 4.13668591 -0.72248654  0.67714911  5.06546504  4.47544985  1.49366628] -225.1050519451902
[ 4.13681664 -0.72232353  0.67907452  5.06513324  4.47516449  1.4941067 ] -225.10505654248644
[ 4.13678307 -0.72232155  0.67819352  5.06554702  4.4756766   1.49442121] -225.10504929068748
[ 4.1367693  -0.72147881  0.67650413  5.06622218  4.47729863  1.49383114] -225.10504068048033
[ 4.13678242 -0.7207429   0.67568666  5.06650261  4.47833383  1.49307894] -225.1050391485483
[ 4.13664677 -0.72324921  0.67864968  5.06474389  4.47535324  1.49341336] -225.10513389485783
[ 4.13679528 -0.72161548  0.67660002  5.06642124  4.47693606  1.49466688] -225.10505174419657
[ 4.13680987 -0.72115332  0.67740098  5.06608766  4.47505267  1.49481264] -225.10504621447845
[ 4.13687536 -0.72100133  0.67735996  5.06666292  4.47702761  1.49545929] -225.10503970183694
[ 4.13679268 -0.72166768  0.67816236  5.06578727  4.47557192  1.49472282] -225.10504100063008
[ 4.1368081  -0.72074365  0.67655847  5.06674158  4.4767965   1.49506902] -225.1050363802834
[ 4.13682061 -0.7199547   0.67574095  5.06733886  4.47735645  1.49539292] -225.10509428851014
[ 4.13678071 -0.72177533  0.67707018  5.06641891  4.4780017   1.49476305] -225.105043131451
[ 4.136788   -0.72161982  0.67715288  5.0663361   4.47726444  1.49477545] -225.10503580659682
[ 4.13658283 -0.72232896  0.67518994  5.06695896  4.4780046   1.49610463] -225.1050272521718
[ 4.13639785 -0.72306608  0.67341034  5.06756607  4.47920519  1.49725837] -225.10505510921584
[ 4.13698277 -0.7189258   0.6764732   5.06691588  4.47850316  1.49313686] -225.10503084046562
[ 4.13681381 -0.72011981  0.67464468  5.06758541  4.47973812  1.49448524] -225.1050287703677
[ 4.13671062 -0.72049232  0.67454198  5.06701726  4.47918594  1.49342409] -225.1050951396007
[ 4.13683417 -0.72087408  0.67665547  5.0667515   4.47756719  1.49495049] -225.10503892660236
[ 4.13682081 -0.72079447  0.67653822  5.06726053  4.47762418  1.49642829] -225.10504315759204
[ 4.13679202 -0.72075579  0.67589955  5.06669209  4.47815642  1.49391628] -225.1050299994276
[ 4.136755   -0.72062387  0.67531744  5.06699184  4.47858722  1.494212  ] -225.1050204759815
[ 4.13671542 -0.72049876  0.67464843  5.067112    4.47909723  1.49384276] -225.1050276382928
[ 4.13676338 -0.72071437  0.67500075  5.06708518  4.47995482  1.4938078 ] -225.1050363486169
[ 4.13677456 -0.72072169  0.67539018  5.06699928  4.47916524  1.4941231 ] -225.105037740255
[ 4.13666892 -0.72147641  0.67525369  5.0669754   4.47829591  1.49515832] -225.1050331538653
[ 4.13678441 -0.72037184  0.67498106  5.06728863  4.47916267  1.49434862] -225.1050317825318
[ 4.13677351 -0.72068983  0.6756085   5.06684197  4.47837182  1.49406414] -225.10502806927255
[ 4.13686888 -0.71977483  0.67589532  5.06695386  4.47854519  1.49367443] -225.10502779616175
[ 4.1367715  -0.72112185  0.67623516  5.06666397  4.47792583  1.49449373] -225.10511100111628
[ 4.13678155 -0.72068376  0.67593796  5.06686671  4.47769186  1.49464051] -225.1050213131227
[ 4.13677259 -0.720085    0.67476283  5.06730883  4.47895906  1.49420562] -225.1050424433591
[ 4.13677232 -0.72034421  0.67513091  5.06714761  4.47870075  1.49427764] -225.1050320847754
[ 4.13690964 -0.71935303  0.67570337  5.0670548   4.47872392  1.49324746] -225.1050243434702
[ 4.13685201 -0.72015484  0.67601697  5.06685165  4.47832681  1.49378475] -225.10503001902617
[ 4.13686246 -0.72005488  0.67651213  5.06656498  4.47758627  1.49352581] -225.10503984771543
[ 4.13680392 -0.7202926   0.67536383  5.06710771  4.47876857  1.49414292] -225.105026675889
[ 4.13677882 -0.7203178   0.6752585   5.06708731  4.47856938  1.49420908] -225.10502780632257
[ 4.1368591  -0.7196588   0.67555031  5.06717878  4.47859023  1.493978  ] -225.10503503629215
[ 4.13679491 -0.72043207  0.67559395  5.06692617  4.47842642  1.4940426 ] -225.10503295543853
[ 4.13676828 -0.72065381  0.6756277   5.06692927  4.47813954  1.49442626] -225.10502886926253
[ 4.13683232 -0.71998845  0.67551041  5.06702332  4.47865557  1.49372973] -225.10503644290668
[ 4.13677946 -0.72045823  0.67534063  5.06704978  4.47867789  1.49417746] -225.10502935557093
[ 4.13681194 -0.72019935  0.67560638  5.06697285  4.4785662   1.49394322] -225.10503194642743
[ 4.13676691 -0.72047083  0.67528797  5.06703957  4.4785783   1.49421054] -225.10503922182338
[ 4.13676426 -0.72065685  0.67546297  5.0669169   4.47847952  1.49413807] -225.1051047702106
[ 4.13680705 -0.72014133  0.67543387  5.06708531  4.47858872  1.494095  ] -225.10502677339716
[ 4.13681777 -0.72021752  0.67565751  5.06697788  4.47849342  1.49398402] -225.10503819586737
[ 4.13680506 -0.72028085  0.67556512  5.0669933   4.47851464  1.49404065] -225.10502860579115
[ 4.13674327 -0.72079736  0.67545331  5.06698413  4.47836917  1.49456846] -225.1050260845777
[ 4.13674076 -0.7207858   0.67530631  5.06703836  4.47839286  1.49456339] -225.1050265219679
[ 4.13676035 -0.72063611  0.67556062  5.06695763  4.47818615  1.49445779] -225.1050250846648
[ 4.13676889 -0.72043463  0.6752512   5.06708758  4.47874005  1.49421951] -225.1050306887299
[ 4.13676843 -0.72059902  0.67553357  5.06696885  4.47828967  1.49437457] -225.1050284836175
[ 4.1367199  -0.72091365  0.67530326  5.0670154   4.47828996  1.49471643] -225.10504036383514
[ 4.13678377 -0.72043905  0.67549966  5.06699883  4.47845847  1.49420959] -225.10503021280613
[ 4.13675767 -0.72062999  0.67543903  5.06697473  4.47838669  1.4943349 ] -225.10502476755119
[ 4.13674914 -0.72071062  0.67538538  5.06698798  4.47847819  1.49439023] -225.10504383108827
[ 4.13674788 -0.72070484  0.67531188  5.0670151   4.47849004  1.4943877 ] -225.10503616331704
[ 4.13678102 -0.7203826   0.67537566  5.06703857  4.47858797  1.4941535 ] -225.1050315726433
[ 4.13676172 -0.72061144  0.67542551  5.06698034  4.47843844  1.49429329] -225.10503007766164
[ 4.13678003 -0.72045236  0.67544128  5.06699257  4.47855093  1.49412633] -225.10502891420316
[ 4.13677864 -0.72042441  0.67538489  5.06700974  4.47853557  1.49411234] -225.10502895551105
[ 4.13679014 -0.72033672  0.67548273  5.06698083  4.4785389   1.49402309] -225.10502737436613
[ 4.13676004 -0.72064366  0.67545463  5.06693811  4.47842461  1.49421381] -225.10502871089523
[ 4.13677879 -0.72042556  0.67541449  5.06698226  4.47856953  1.49404753] -225.10503240103913
[ 4.13676598 -0.72056497  0.67542275  5.06698082  4.47847121  1.49423185] -225.10502995047943
[ 4.13677452 -0.72047203  0.67541725  5.06698178  4.47853676  1.49410897] -225.1050293965609
[ 4.13677239 -0.72049527  0.67541862  5.06698154  4.47852037  1.49413969] -225.10502818444408
[ 4.13675979 -0.72063621  0.67546636  5.06694347  4.47846734  1.4942376 ] -225.10502611470835
[ 4.13675165 -0.72066955  0.67541832  5.06694427  4.47842411  1.4942607 ] -225.10502653557842
[ 4.13676884 -0.72048687  0.67539287  5.06700079  4.47855027  1.49418885] -225.10502608230456
[ 4.13675531 -0.72063247  0.67542029  5.06696377  4.47846447  1.49427936] -225.1050254753971
[ 4.13672594 -0.72088959  0.67533538  5.06695879  4.47842113  1.49448138] -225.1050294542965
[ 4.13677409 -0.72047494  0.67544589  5.06697532  4.47850946  1.49413766] -225.10502802484933
[ 4.13675634 -0.72062693  0.67537824  5.06698328  4.47848695  1.49427345] -225.10502170897263
[ 4.13675516 -0.72062817  0.67536887  5.0669778   4.47852584  1.49424568] -225.10504296288084
[ 4.13676192 -0.72055537  0.67535515  5.06699631  4.47856874  1.49420043] -225.10503116433995
[ 4.1367574  -0.72063004  0.6753919   5.06696766  4.47852728  1.4942248 ] -225.1050927549538
[ 4.13675333 -0.72064671  0.67536788  5.06696805  4.47850567  1.49423635] -225.10503689616758
[ 4.13677257 -0.72048029  0.67540008  5.06698633  4.47856306  1.49411754] -225.1050305842612
[ 4.13676071 -0.72055707  0.67533732  5.06700022  4.47855188  1.49420368] -225.10503817152116
[ 4.1367648  -0.72053525  0.67534984  5.06699755  4.478562    1.49416881] -225.10503478992618
[ 4.13676061 -0.72059906  0.67538556  5.06697424  4.47853933  1.49419918] -225.10503275759243
[ 4.13677042 -0.72049355  0.67536089  5.06700846  4.47859677  1.49415412] -225.10502240735394
[ 4.13676082 -0.72059111  0.67538261  5.06698261  4.47855203  1.49421676] -225.1050296124339
[ 4.13676508 -0.72052464  0.67534591  5.06700871  4.47857893  1.49419226] -225.10503819401228
[ 4.13676173 -0.72058046  0.67537565  5.06698285  4.47854923  1.49419745] -225.1050309951758
[ 4.13676371 -0.7205767   0.67538315  5.06698215  4.47854301  1.49419002] -225.1050277003701
[ 4.13676456 -0.72055036  0.67536516  5.06699537  4.47856045  1.49419052] -225.10503807909265
[ 4.13676244 -0.72057293  0.67537302  5.06698598  4.47855203  1.49419572] -225.10503367024677
[ 4.13675567 -0.7206254   0.67534784  5.06698756  4.47853709  1.49424273] -225.10502382268885
[ 4.13676271 -0.72055871  0.67533916  5.06700015  4.47859199  1.49418306] -225.10502837076976
[ 4.13675935 -0.72060028  0.6753503   5.06698699  4.47856511  1.49420101] -225.10503110494963
[ 4.13675791 -0.72060749  0.67535003  5.06698722  4.47856962  1.49421438] -225.1050470783036
[ 4.13676379 -0.72055208  0.67535876  5.06698909  4.47857514  1.49416477] -225.10504701194586
[ 4.13675836 -0.72060216  0.67534654  5.06698735  4.47856822  1.49420473] -225.10502460897672
