[ 0.66651721  0.10535829  0.28035659  0.02182772  0.39891691 -0.57545723] -261.51856071956223
[-0.46253328  0.89654937  0.03865943  0.06782853  0.41133679 -2.1132635 ] -260.97709250877807
[-0.14153007  0.63241754  1.3995797   0.64261823  0.89101933  0.69926579] -272.1231532736125
[ 1.63703512 -1.30177639  0.31855636 -0.7214998   0.51644618 -0.36726335] -274.6240443732622
[-1.20516144  0.73383039  0.01590533  1.38178666  0.48679093 -1.13537865] -265.66269616243636
[-0.95194675  0.55110534 -0.8465691  -0.06137256 -0.11919627 -0.85779249] -260.51741895954956
[-2.15616754 -0.60019241 -0.950234   -0.09528456  1.10888835 -0.1136519 ] -285.86170779065526
[ 2.0036278   1.13935392  1.35239677  0.53901416 -0.24711707 -1.33631124] -252.51892607080993
[ 4.08352547  2.00912708  2.50371215  0.85616352 -0.92511977 -1.94764091] -264.072409273835
[-1.66737729  2.654648    0.42821988  1.58540071  0.09080403 -1.40571575] -273.67073189581095
[-0.84127419  1.66554191  0.400804    1.00867558  0.19721457 -1.14610265] -261.43495944397426
[-0.12206015  1.06482887 -0.98572869  0.34330181 -0.51503737 -3.08736771] -255.22997648498657
[ 1.30260499  1.07374884  0.06406767 -0.74202825 -0.44475174 -1.90338629] -258.1615398800943
[-0.3570444   2.02501779 -0.27247989  0.36331204 -0.63810061 -2.90595073] -256.30605544569954
[ 1.31215693  0.58465947 -0.61735527 -0.83865701 -0.71483666 -2.92192134] -261.1132276837701
[ 0.77379915  0.85488008 -0.36281545 -0.37682386 -0.48682385 -2.47796667] -255.82495428498572
[ 1.34552682  1.33976225 -0.38903566 -0.04602742 -1.22834577 -2.07632821] -255.3624578315789
[ 2.60076482  1.94809191  0.64870401  0.08828872 -1.0675292  -3.73797779] -261.8038107838571
[-0.06376886  0.90035198 -0.47275082 -0.02395724 -0.3562795  -1.57783882] -254.91113702808408
[-0.10924486  1.36764946 -0.44087225  1.00830141 -0.71248298 -2.58386817] -253.21563920962492
[ 1.63300437  0.19725773 -0.16045548  0.11795758 -0.54392824 -1.47394288] -254.83685541753727
[ 0.78856256  1.14818799 -0.00266659  1.02302062 -0.71423979 -1.56725235] -249.432689560807
[ 0.79594427  1.29484194  0.17740784  1.72294286 -0.82794776 -1.11189519] -249.4762399182452
[ 0.03118013  0.59944773  0.15234331  1.04857353  0.19865078 -1.79919884] -254.03459268199884
[ 1.54984719  0.71925407  1.12839367  0.89433488 -0.27676156 -0.35876972] -250.90254371701013
[ 2.02942792  0.82336498  1.14913063  1.5676913  -0.40901345 -1.46194225] -248.5358047681603
[ 3.07602631  0.78487148  1.96007136  2.36351557 -0.43538042 -1.40399396] -253.12869882095174
[ 0.46479588  1.73516166  1.27336399  1.90902106 -0.17639312 -1.56183798] -251.3908938556476
[ 2.2111587   1.71154296  1.33423876  1.26522094 -1.04398677 -1.15746172] -251.97575098324344
[ 3.12505155  1.0579724   2.519158    1.39113291 -0.24335427  0.10267642] -253.84015630408555
[ 0.69932924  1.29023019  0.29913531  1.10400928 -0.5952008  -1.91223202] -249.55729956405048
[ 0.5774127   1.33656003  0.37480182  2.04875187 -0.8247481  -1.3368541 ] -251.08545255459185
[-0.1747002   0.63937668  0.07314751  1.58372206  0.04520116 -1.57550108] -253.11332871576357
[ 1.61469397  1.44350139  1.01896595  1.34484622 -0.77168979 -1.26197156] -249.15511257499034
[ 1.95496198  0.51853789  0.04922294  0.75186367 -1.02082471 -1.07116935] -252.14673215706216
[ 0.83733741  1.43100572  0.96732873  1.61973171 -0.38750102 -1.43917082] -248.98123103989926
[ 1.92898674  0.94862142  1.14529408  0.46912614 -0.2267207  -1.3302588 ] -252.9067008723993
[ 0.91530621  1.23957538  0.56742489  1.65384544 -0.67524125 -1.33520528] -248.77230561770153
[ 0.74503857  1.73936781  0.20471263  1.87671331 -0.90753381 -2.63382171] -253.49297053374087
[ 1.34864504  0.9742825   0.89747341  1.13992949 -0.43445462 -0.92753271] -248.77892484144297
[ 1.81199513  1.06307579  1.23341703  1.67901231 -0.5355125  -0.7521263 ] -248.23085933555234
[ 2.36832807  0.94949859  1.70055789  1.96651382 -0.50566835 -0.17207344] -249.4364207104375
[ 2.063906    1.17674726  1.9472468   1.97866487 -0.35689775 -0.8253973 ] -248.8430623506958
[ 1.38751193  0.79251582  1.23504121  1.86811215 -0.16118374 -0.98515332] -247.67579401746846
[ 1.2739209   0.46702304  1.34307884  2.12974511  0.14406928 -0.8467442 ] -248.1758863980877
[ 2.34826     0.59218153  1.37591593  1.67602014 -0.46993342 -0.6566149 ] -249.17133419915695
[ 1.21506805  1.22129967  1.06947553  1.63380382 -0.40810912 -1.24353184] -248.12437489529108
[ 0.83874543  0.86129079  0.10340743  1.2021333  -0.51760714 -1.4097666 ] -248.77886330684458
[ 1.38403985  1.02609164  0.88849216  2.06160328 -0.46776778 -1.46837582] -248.11405528969686
[ 2.07570427  1.19401697  1.94425305  2.28588947 -0.36800213 -1.00567833] -249.42048813548848
[ 1.14798514  0.94447233  0.56361883  1.47307234 -0.48020589 -1.30874454] -247.99516804769144
[ 2.07670313  0.7173647   1.47896691  1.77391963 -0.14535624 -1.07141941] -248.20546350607682
[ 0.97833982  1.09824167  1.00720659  1.92881654 -0.32369831 -0.81450816] -248.32455688512266
[ 1.24111185  1.0295225   1.0426876   1.83853523 -0.34502709 -0.97636668] -247.79682043669987
[ 1.00547819  0.84734643  0.85934372  1.87066984 -0.13370412 -1.5990709 ] -248.0173647840459
[ 0.3836952   1.23638476  0.40725277  1.80801259 -0.51997634 -1.45566162] -250.05605874763174
[ 1.65345115  0.84711972  1.21103838  1.78244287 -0.23901127 -1.16747996] -247.6340853285509
[ 1.39145798  0.60772314  0.86393177  1.99767476 -0.20085751 -1.25819857] -247.25866179266936
[ 1.47965294  0.30093488  0.7611599   2.17961022 -0.09723171 -1.26553193] -247.08305277289585
[ 1.25435721  0.56121226  1.00247105  1.60921094 -0.01768683 -0.96573996] -248.55965604618257
[ 1.35161919  0.90987179  0.91698688  1.9485052  -0.35524754 -1.34271685] -247.5948075664629
[ 1.74829921  0.76079925  1.05083388  1.8260895  -0.42559829 -0.74959353] -247.68230626733617
[ 1.80589695  0.60244899  1.50896378  2.34135938 -0.06089399 -0.85353622] -247.46842209668142
[ 1.90103194  0.37504099  1.18532041  2.14350454 -0.10136175 -1.14497059] -247.35127517803835
[ 1.44475549  0.51517814  1.22200297  2.26175529  0.08728829 -1.5035361 ] -247.4481504536923
[ 1.82462396  0.39101568  1.03344956  2.35094702 -0.09430225 -1.44077056] -247.29114031293992
[ 1.61574234  0.18437711  0.99825612  2.62611768  0.03176161 -1.34954079] -247.22070413906795
[ 2.00561535 -0.12020653  1.31939736  2.68592618  0.27700094 -1.17657855] -247.4217583693639
[ 1.61791039 -0.0536689   0.66423166  2.4079276   0.09527903 -1.77343995] -247.32693978461
[ 2.03677015 -0.15601374  0.7652687   2.53625579 -0.05023967 -1.21340802] -247.50123052620077
[ 1.59275915  0.34738017  1.1078194   2.33038042  0.0529063  -1.43100408] -247.18962250120666
[ 1.33829156  0.63523317  0.59734832  1.99356964 -0.31465053 -1.62517409] -247.45558831675996
[ 1.8387844   0.06865339  1.1388851   2.51283705  0.12908807 -1.28872743] -247.18571106482608
[ 1.42212578  0.03785646  0.71594684  2.65910212  0.14052878 -1.70470099] -247.38467801330748
[ 1.7813054   0.29074485  1.06797702  2.27240394 -0.04088912 -1.28490319] -247.16153717456538
[ 1.75971234  0.58137093  1.37161738  2.34950451 -0.1015014  -0.91338605] -247.3680472309724
[ 1.65336088  0.10509106  0.84107809  2.39332183  0.04608393 -1.55842647] -247.15164193177583
[ 1.49591108  0.04137814  0.93827565  2.42061002  0.13487528 -1.28527407] -247.20725196360686
[ 1.66484894  0.20035039  0.95347559  2.07693681  0.04318263 -1.3550816 ] -247.40767179382735
[ 1.62801899  0.18837043  0.98706099  2.48882246  0.03461687 -1.35092599] -247.10242216902313
[ 1.82871618  0.39234679  1.02971785  2.30518195 -0.0933505  -1.4412323 ] -247.27450708433852
[ 1.57911235  0.1291203   0.9611362   2.391753    0.07781883 -1.32426363] -247.11431771568283
[ 1.72731917  0.01359146  0.8112797   2.41586908 -0.00307735 -1.25992213] -247.08124094352453
[ 1.79459917 -0.15330289  0.66300984  2.45861342 -0.03106917 -1.17438116] -247.1804298845554
[ 1.44413884  0.27396427  0.67101219  2.2010898  -0.12331426 -1.39259702] -247.10222307988002
[ 1.38922899  0.04627928  0.60959867  2.41775153  0.01918789 -1.4323192 ] -247.14461588158542
[ 1.42912955  0.21232915  0.75933779  2.30497688 -0.0767505  -1.11676016] -247.05774767757035
[ 1.31701388  0.2659482   0.71846765  2.2608044  -0.13816771 -0.895927  ] -247.16041287789653
[ 1.70656163  0.32649088  1.04073025  2.24295562 -0.08183393 -1.13768109] -247.11143243276626
[ 1.55916135  0.30944006  0.71572407  2.21935502 -0.19368246 -1.18354248] -247.06555939873658
[ 1.38257865  0.10638586  0.52779463  2.36028554 -0.07131254 -1.38541215] -247.1111957903233
[ 1.46357439  0.16141212  0.65602854  2.33095306 -0.07394289 -1.32347939] -247.0546645600202
[ 1.40630642  0.23552022  0.47111974  2.06179556 -0.22394992 -1.16301838] -247.16010955466703
[ 1.57259085  0.20015788  0.85807568  2.38206574 -0.03002483 -1.30394909] -247.0467238239257
[ 1.63300391  0.12532425  0.84952303  2.40985353 -0.03492232 -1.09179804] -247.0122322661591
[ 1.72743644  0.05100424  0.93877845  2.5142354   0.00927365 -0.94139856] -247.04940251957666
[ 1.6486068   0.03981676  0.78882971  2.50808088 -0.04023507 -1.16095183] -247.04897976845515
[ 1.37470312  0.33590194  0.73122658  2.30255928 -0.14677534 -1.13357153] -247.10302589014177
[ 1.63916515  0.09416908  0.79126642  2.38754163 -0.03900184 -1.22833448] -247.03168516375794
[ 1.56952887 -0.03170364  0.85196298  2.55513555  0.09538998 -1.22488185] -247.08325254585662
[ 1.56175323  0.22415413  0.7497838   2.30330015 -0.12141435 -1.19387732] -247.0280899959271
[ 1.74376856  0.06934892  0.8051646   2.46895479 -0.03642993 -1.31736989] -247.1090246556807
[ 1.5077893   0.17658409  0.77079449  2.34597135 -0.06667036 -1.16691259] -247.02379930932867
[ 1.72406202  0.12532328  0.94672917  2.44798471 -0.03681337 -1.05846174] -247.0519003472625
[ 1.65894011  0.13434549  0.87405401  2.41872679 -0.04609575 -1.12471615] -247.02595406566516
[ 1.54247405  0.27842821  0.84233611  2.24107219 -0.07247475 -1.20891073] -247.05204727591342
[ 1.62207361  0.09946962  0.80220631  2.44132871 -0.04829499 -1.17294156] -247.02486752572986
[ 1.63498426  0.08452435  0.75446701  2.38684165 -0.08877504 -1.02224429] -247.0195830596411
[ 1.56701632  0.18729823  0.8090098   2.38113243 -0.09638909 -1.02916217] -247.01542077368254
[ 1.64618261  0.04502788  0.87023442  2.491318   -0.00563483 -1.00871428] -247.0272881071694
[ 1.62507526  0.08980944  0.84012176  2.44431354 -0.03457971 -1.05500504] -247.01510751201477
[ 1.53770744  0.11999117  0.73465346  2.38442028 -0.07711475 -1.05463842] -247.00913171295304
[ 1.47709111  0.11281401  0.66495318  2.36726702 -0.09262425 -1.01959955] -247.023095580472
[ 1.54645188  0.16170755  0.78398355  2.34284889 -0.0845221  -0.96697863] -247.018096780477
[ 1.67362372  0.07963423  0.81979171  2.43716542 -0.07209731 -0.90636294] -247.03102871093262
[ 1.54924791  0.15234663  0.7830438   2.36876987 -0.0680271  -1.10177518] -247.01130019868083
[ 1.51784998  0.19430141  0.84564479  2.3902712  -0.04307665 -1.07754153] -247.02693512471222
[ 1.60570069  0.11196861  0.77726145  2.38769904 -0.07735044 -1.0360686 ] -247.00992340268965
[ 1.62613196  0.10053856  0.81388756  2.44921401 -0.04493903 -1.15583719] -247.02369630070223
[ 1.5663719   0.1464153   0.79145955  2.36944017 -0.07462634 -1.01419327] -247.0100482428539
[ 1.60535272  0.06132024  0.78301122  2.40703305 -0.0258178  -1.08866401] -247.01491184081374
[ 1.54071959  0.14931263  0.7328624   2.33142511 -0.08470654 -1.0740408 ] -247.01090297123062
[ 1.53889776  0.20713262  0.77325668  2.34350295 -0.11309803 -1.03550742] -247.0153954940567
[ 1.58873898  0.09777334  0.78057258  2.39115052 -0.04763785 -1.07537487] -247.00901813774513
[ 1.4964916   0.13394498  0.68376138  2.33444813 -0.10823202 -1.026899  ] -247.0209110631245
[ 1.59887583  0.12747943  0.80808262  2.39100218 -0.05324974 -1.07557328] -247.0076502612154
[ 1.59679024  0.09863353  0.75858689  2.38294256 -0.07020146 -1.0081879 ] -247.0084234928902
[ 1.62400877  0.0847745   0.81734311  2.43745981 -0.04868699 -1.01397131] -247.01348907519628
[ 1.56154189  0.1331781   0.75398258  2.35793378 -0.07570165 -1.05902343] -247.00783548899486
[ 1.59674645  0.08325942  0.74625365  2.39560929 -0.05912563 -1.08876223] -247.0086360187811
[ 1.55443292  0.10813638  0.7501158   2.37998717 -0.05032659 -1.08445144] -247.0082287863524
[ 1.62800133  0.09616223  0.79787792  2.38178822 -0.04163289 -1.0758193 ] -247.01284038741005
[ 1.56028091  0.11403394  0.75045957  2.38376227 -0.06824429 -1.05993364] -247.00676110491185
[ 1.56748377  0.12380026  0.74192112  2.37259522 -0.0779786  -1.04993577] -247.00498834964245
[ 1.55685616  0.13681373  0.72259539  2.36331757 -0.09314897 -1.03721623] -247.00541551634942
[ 1.54972207  0.15182779  0.77479588  2.36046511 -0.07277514 -1.02360626] -247.00930493263533
[ 1.58499036  0.10040151  0.75338921  2.38682324 -0.06253801 -1.07247324] -247.0065844404556
[ 1.54574499  0.13704301  0.76073008  2.37442539 -0.05914483 -1.12560903] -247.00978500058272
[ 1.58402892  0.1082359   0.75912269  2.38081327 -0.0674373  -1.03754318] -247.00646532433038
[ 1.59796764  0.12757333  0.77220346  2.37765616 -0.08472328 -1.03370941] -247.008616410487
[ 1.5653166   0.11299562  0.75563772  2.37940441 -0.05892576 -1.07176593] -247.00641895482363
[ 1.59211691  0.09580413  0.76888839  2.40686642 -0.05375625 -1.06338492] -247.00563130138895
[ 1.55252999  0.09094436  0.70172361  2.37908609 -0.07637699 -1.04277228] -247.0079906207789
[ 1.58728937  0.11834566  0.78149287  2.38802316 -0.05903156 -1.06737303] -247.006126026991
[ 1.60012773  0.10582709  0.76969109  2.38774631 -0.05831154 -1.06089172] -247.0055946542824
[ 1.58046408  0.12126804  0.77219542  2.38499302 -0.06260899 -1.04449162] -247.00460853374864
[ 1.57820094  0.1317013   0.78159853  2.38407791 -0.06264448 -1.03050081] -247.00465168316288
[ 1.58023723  0.1177777   0.77081952  2.39239625 -0.05610026 -1.08173781] -247.00445542820438
[ 1.57834138  0.1225486   0.77666793  2.39818773 -0.05043174 -1.10383513] -247.00467980435565
[ 1.6039231   0.11461201  0.77936509  2.39813571 -0.06366997 -1.05083903] -247.00502723069158
[ 1.5874949   0.10801742  0.75280068  2.39288782 -0.06511032 -1.04972059] -247.00329592946727
[ 1.58759766  0.10285329  0.73845458  2.39532015 -0.0681497  -1.04089437] -247.00246385277345
[ 1.58116094  0.13290867  0.75526055  2.37019581 -0.07518344 -1.04621186] -247.00323600926504
[ 1.56682786  0.1319129   0.74964767  2.38346574 -0.07625212 -1.04381177] -247.00324763558572
[ 1.55066742  0.12889495  0.73006786  2.36818635 -0.07508773 -1.05152204] -247.0044650593889
[ 1.5815013   0.12140492  0.76356074  2.39225721 -0.05981548 -1.05295405] -247.0015111906194
[ 1.58851006  0.12020725  0.77438056  2.40208821 -0.05073392 -1.05446319] -247.00034521182147
[ 1.57120298  0.12358355  0.73401482  2.38555781 -0.07122673 -1.06172206] -247.00054322453477
[ 1.60784483  0.11418617  0.77745803  2.40815497 -0.05746099 -1.05809165] -247.0025217401286
[ 1.58747755  0.12410625  0.73891922  2.38919798 -0.07690203 -1.01999382] -247.00001313121217
[ 1.59109771  0.12727052  0.72296907  2.38759885 -0.08730292 -0.98912182] -247.0001972769129
[ 1.60777015  0.10736883  0.75651492  2.40003923 -0.05696682 -1.04998055] -247.00019797026658
[ 1.6023068   0.09785977  0.75132016  2.42325698 -0.05196329 -1.04883669] -246.99919492806958
[ 1.61287973  0.08033532  0.74934997  2.44978756 -0.04035322 -1.0501491 ] -246.9995851861394
[ 1.57377691  0.11114014  0.72041005  2.39033181 -0.06785317 -1.03387191] -246.9989790370991
[ 1.55674295  0.10961712  0.69188606  2.38142024 -0.07304926 -1.02176204] -246.99985375742293
[ 1.58941715  0.1252353   0.75339866  2.40150386 -0.05706562 -1.04872836] -246.99623895685124
[ 1.5903269   0.13642631  0.7608707   2.40459572 -0.05152359 -1.05264536] -246.99365054593858
[ 1.61218647  0.10878597  0.76679038  2.41761217 -0.04742088 -1.02487511] -246.99702936045242
[ 1.60277153  0.10835517  0.72389459  2.40625642 -0.06680934 -1.02227129] -246.99640864958354
[ 1.58184524  0.12152237  0.73088678  2.41037779 -0.06385728 -1.01751751] -246.9947750814995
[ 1.6002604   0.10392367  0.74580501  2.42827898 -0.03957382 -1.0466788 ] -246.99327572231297
[ 1.60665182  0.09383238  0.7492479   2.44781948 -0.02090971 -1.0600213 ] -246.99183455584023
[ 1.58687949  0.12882767  0.73271331  2.40240749 -0.05416137 -1.02156414] -246.99078826243976
[ 1.57916584  0.14431162  0.72340988  2.39198274 -0.0552604  -1.00792786] -246.98826703890145
[ 1.61720569  0.12660447  0.76462336  2.43588296 -0.0340739  -1.0278809 ] -246.98813395427018
[ 1.63892009  0.13433663  0.78673001  2.45865853 -0.01718426 -1.02488539] -246.98569785375065
[ 1.58770733  0.13747552  0.72488958  2.42228473 -0.04442731 -1.03688113] -246.98445772596617
[ 1.57546776  0.1518203   0.70393918  2.42462101 -0.04293053 -1.04288414] -246.9799726074632
[ 1.58802102  0.1523947   0.76113356  2.43976201 -0.01707925 -1.04635589] -246.98309306431037
[ 1.6110059   0.14951827  0.76422363  2.44543537 -0.00443863 -1.06072247] -246.97911181472935
[ 1.62558623  0.16351622  0.78089205  2.46296416  0.02527069 -1.08232495] -246.9761824386757
[ 1.61427735  0.14364431  0.74091349  2.4706736   0.00882577 -1.03548782] -246.97273256383045
[ 1.62625258  0.14725331  0.73093489  2.50371254  0.03900045 -1.02690905] -246.96692059075787
[ 1.60448601e+00  2.04045218e-01  7.46431958e-01  2.44608085e+00
 -1.81805612e-03 -1.01707446e+00] -246.96683810017132
[ 1.60340311  0.25915164  0.74502399  2.44521153  0.00772777 -0.99560104] -246.96092849584147
[ 1.64005109  0.19184598  0.77947468  2.51966052  0.05352869 -1.06505896] -246.96947870710127
[ 1.58067384  0.22099075  0.7137361   2.47331872  0.03902353 -1.06149262] -246.96462309783576
[ 1.62912385  0.22579803  0.7235334   2.50340082  0.05761945 -1.04506769] -246.95414522566375
[ 1.64967527  0.2624997   0.70473331  2.53522023  0.0949688  -1.04442359] -246.94882754988748
[ 1.66641295  0.26326556  0.7809925   2.55540822  0.12943718 -1.0490526 ] -246.96707244077427
[ 1.62990338  0.28481942  0.7040731   2.54787976  0.09595811 -0.99852101] -246.95464457260385
[ 1.61205595  0.28748082  0.68035662  2.50058982  0.08184325 -0.99360768] -246.9523160436793
[ 1.5675751   0.22413298  0.64529351  2.44656931 -0.00992987 -0.99113239] -246.95895788627672
[ 1.5881763   0.3657718   0.66680399  2.47921725  0.06419675 -1.0013504 ] -246.95510546604504
[ 1.63625587  0.3402947   0.66835874  2.51157724  0.07256474 -0.94671941] -246.94437850354032
[ 1.66404688  0.39994668  0.64567005  2.5307065   0.08933534 -0.88933281] -246.94665839839288
[ 1.62447751  0.3291815   0.61151577  2.56180634  0.12547282 -0.99631712] -246.95141930107786
[ 1.679273    0.39921633  0.699987    2.5988609   0.1882647  -1.00251401] -246.97088102532356
[ 1.59549957  0.26790382  0.65896688  2.48464221  0.03961877 -0.9939778 ] -246.9488172827338
[ 1.66111288  0.22495486  0.67586415  2.56802128  0.10594541 -0.98983847] -246.9494337658972
[ 1.62978897  0.28595238  0.62919206  2.50607261  0.07751315 -0.98977369] -246.94054200538912
[ 1.62973176  0.28651885  0.59175153  2.48516904  0.06829068 -0.98540003] -246.93839514976338
[ 1.65352834  0.28297033  0.62337351  2.5482223   0.08711049 -0.99195113] -246.93823672592004
[ 1.67426453  0.28071508  0.59488195  2.57203853  0.0897441  -0.99112286] -246.93809486513607
[ 1.65770244  0.22511417  0.68666976  2.49041651  0.03157134 -0.98751027] -246.94599513980467
[ 1.61993026  0.32939392  0.62592324  2.45833331  0.0263074  -0.99321285] -246.93721784709865
[ 1.59933896  0.38161345  0.60095278  2.40348932 -0.01351161 -0.99490003] -246.94315836400534
[ 1.62145288  0.31414715  0.57078405  2.46550539  0.01439688 -0.92155748] -246.93938228584204
[ 1.68427967  0.32415747  0.58715621  2.50970446  0.06133961 -0.94786317] -246.93048331469464
[ 1.72866973  0.35228429  0.55125087  2.52223559  0.07220003 -0.92480585] -246.93302166605662
[ 1.63093588  0.39996156  0.52628215  2.51035948  0.07930979 -0.94111499] -246.94009741239063
[ 1.65060913  0.30466997  0.49723431  2.48879283  0.04056475 -0.98003771] -246.93356171143034
[ 1.66248687  0.21323926  0.62962828  2.4828217   0.02090468 -0.99861637] -246.94355125078337
[ 1.63882363  0.35328098  0.55211868  2.50347504  0.06470851 -0.95549034] -246.93381083047566
[ 1.67776012  0.31209828  0.57890459  2.54033235  0.10258814 -1.02948484] -246.93183911995592
[ 1.68549068  0.34825305  0.5536548   2.53905647  0.06012683 -0.98033722] -246.93427148136212
[ 1.64469997  0.37656947  0.53678199  2.44119295  0.02880097 -0.97101918] -246.93255733653444
[ 1.7072908   0.34361582  0.47602696  2.54918472  0.09306887 -0.9615313 ] -246.9352732291801
[ 1.68545067  0.34006035  0.51350103  2.52647187  0.0763785  -0.96945169] -246.9306625660021
[ 1.64171704  0.32202579  0.53491081  2.4642667   0.06466667 -0.97077842] -246.93699839884349
[ 1.67454727  0.34169623  0.5489688   2.52035903  0.06126179 -0.97794752] -246.9303877726245
[ 1.70029199  0.31313628  0.53539696  2.50547612  0.05893607 -1.00311103] -246.9310806785216
[ 1.70506743  0.36456939  0.60300221  2.52571943  0.08920361 -0.98625477] -246.9292477451968
[ 1.73229659  0.39451909  0.65588617  2.54418274  0.11352305 -0.9893633 ] -246.93561269177053
[ 1.73109908  0.28866986  0.58552794  2.60149481  0.1211016  -1.00035182] -246.94029859163544
[ 1.66629975  0.35459457  0.54896848  2.48126841  0.05187613 -0.97835234] -246.92888918490797
[ 1.69421881  0.36730648  0.53342664  2.48266743  0.03041043 -0.924842  ] -246.93415325089225
[ 1.68187479  0.32590033  0.5675351   2.52591612  0.08454371 -1.00332413] -246.92916149988483
[ 1.66554788  0.37052317  0.58764699  2.52433699  0.08259838 -0.95128684] -246.9330103888271
[ 1.69160596  0.327483    0.54845946  2.51019134  0.06485165 -0.99015498] -246.92909990354343
[ 1.68244096  0.33940665  0.62119573  2.4979144   0.06131366 -0.99184728] -246.9297575683594
[ 1.68299905  0.36039259  0.55888705  2.51075178  0.07634391 -1.02809718] -246.92852489778616
[ 1.68235873  0.37851015  0.54475248  2.51127544  0.08384606 -1.06821418] -246.93099392551926
[ 1.69554871  0.34908594  0.60038055  2.4968948   0.0814491  -1.01472937] -246.92863074135792
[ 1.69202427  0.35460195  0.52121522  2.51899957  0.08810904 -1.00845698] -246.9293003628957
[ 1.68962844  0.35080313  0.54621035  2.51372827  0.0814102  -1.00430455] -246.9282051739588
[ 1.66425146  0.32485046  0.52047812  2.48719748  0.05762129 -1.02006608] -246.93008490661114
[ 1.69486344  0.35463966  0.58237119  2.51608894  0.08130803 -0.9947076 ] -246.92815411159532
[ 1.69177366  0.3730993   0.56089059  2.48372507  0.06120263 -1.00012455] -246.92791696766602
[ 1.69672309  0.39669878  0.55756834  2.46262954  0.04953209 -0.99852475] -246.92940143606486
[ 1.68209839  0.38672206  0.58410994  2.49062775  0.07967835 -1.01661688] -246.92861499146008
[ 1.71267081  0.37031965  0.59531475  2.52267046  0.10192128 -1.04117436] -246.92997217662992
[ 1.67789251  0.35852584  0.56055505  2.49161893  0.06438742 -0.99405785] -246.92783838614375
[ 1.67753646  0.37897492  0.53062751  2.50528545  0.06666107 -0.99790683] -246.92911624154345
[ 1.69104564  0.35655818  0.58294229  2.49899246  0.0777521  -1.01052374] -246.92789927558707
[ 1.69396919  0.33128417  0.5465089   2.51434073  0.06778974 -0.99398827] -246.92912735243465
[ 1.68506609  0.37286259  0.57470968  2.496556    0.0767062  -1.01095973] -246.92788861482796
[ 1.69375755  0.36177031  0.577006    2.48948478  0.07124495 -0.97679549] -246.92837121770216
[ 1.69106792  0.36142588  0.57247626  2.49480153  0.07251969 -0.98962091] -246.92783843944918
[ 1.68760798  0.37490069  0.598438    2.48019937  0.06321516 -0.99569357] -246.9283921029094
[ 1.68912333  0.35682752  0.55926726  2.50534605  0.07686144 -1.00215181] -246.92778437833255
[ 1.68045961  0.37179345  0.55457585  2.47425773  0.06183512 -1.00777193] -246.92815385895517
[ 1.68406057  0.367505    0.56152469  2.48471553  0.06670335 -1.00450585] -246.92776936723288
[ 1.68097836  0.35146904  0.57626782  2.50695177  0.0837741  -1.00381541] -246.9284048207127
[ 1.68907483  0.36769173  0.5647349   2.48953174  0.0668455  -1.00104726] -246.9276869813505
[ 1.68104944  0.37172133  0.54814699  2.4885308   0.0635891  -0.9902574 ] -246.92799969887685
[ 1.68854659  0.36034897  0.57424346  2.49637705  0.07421135 -1.00545715] -246.92772346783545
[ 1.68818916  0.35124573  0.55622419  2.49090761  0.06380338 -0.98798722] -246.92803521549646
[ 1.68584686  0.36745837  0.57008831  2.4951439   0.07348049 -1.0052166 ] -246.92771923310053
[ 1.68044697  0.36469326  0.55766163  2.4927762   0.06831016 -1.01452459] -246.9277842244124
[ 1.69447387  0.36964911  0.56861837  2.49634457  0.07775001 -1.0169099 ] -246.9278460094125
[ 1.68203785  0.36130666  0.56257088  2.49280034  0.06772807 -0.99977086] -246.9276969893455
[ 1.68088123  0.37284048  0.57100736  2.47843554  0.06223153 -1.0080223 ] -246.92788916789146
[ 1.6870628   0.36083076  0.56220229  2.49861842  0.07320396 -1.00361943] -246.92769224609816
[ 1.69176286  0.36368723  0.57412655  2.49295279  0.07241408 -0.99201446] -246.92783334768387
[ 1.68327595  0.36444176  0.56177786  2.49282035  0.06933614 -1.00889706] -246.92767667397763
[ 1.68788773  0.35985442  0.57034788  2.50371506  0.07489848 -1.00349694] -246.9277309477728
[ 1.68693094  0.36176706  0.56814208  2.49896518  0.0728497  -1.00374917] -246.92768531818035
[ 1.68286315  0.36748314  0.55559531  2.49291626  0.0669366  -1.00197631] -246.92774256418477
[ 1.68712573  0.36213251  0.56958142  2.49551185  0.07239266 -1.00458694] -246.9276634946383
[ 1.68598918  0.35859846  0.5595815   2.49427206  0.06730485 -1.00200697] -246.92771618041803
[ 1.6859536   0.36081343  0.5622082   2.49449002  0.06884876 -1.00280938] -246.92767457368635
[ 1.69110343  0.36458576  0.56697804  2.49717885  0.07343084 -1.00846555] -246.92769257442944
[ 1.68883704  0.36376599  0.56587625  2.49608422  0.07200515 -1.00629188] -246.92765018391515
[ 1.68666989  0.36604007  0.56857128  2.49051603  0.06755534 -1.0055078 ] -246.92764327522013
[ 1.68647344  0.36864473  0.57175578  2.48646484  0.06473103 -1.00645199] -246.92769359804197
[ 1.68385621  0.35862854  0.56731747  2.49993081  0.07415042 -1.00956681] -246.92776530861838
[ 1.68777018  0.36542593  0.56538054  2.49213151  0.06867173 -1.00317715] -246.92765038645072
[ 1.68627986  0.36577284  0.56298977  2.48821948  0.06675356 -1.00667423] -246.9276698126417
[ 1.69093615  0.36354183  0.56975797  2.49283069  0.06940626 -1.0007854 ] -246.92767696495034
[ 1.685191    0.36421678  0.56377288  2.49282293  0.06935367 -1.00686914] -246.92765615831533
[ 1.6880043   0.3683046   0.56984918  2.49060532  0.07006194 -1.00822634] -246.9277047604899
[ 1.68646627  0.36268623  0.56411845  2.49351885  0.06915205 -1.00416362] -246.9276587150601
[ 1.68774018  0.36231633  0.56944384  2.49864232  0.07295664 -1.00352461] -246.92769014333385
[ 1.68664494  0.36490871  0.56460329  2.49082519  0.06830433 -1.00588683] -246.92765816917074
[ 1.68673404  0.36688205  0.56119281  2.48978773  0.06595476 -1.0060452 ] -246.9276710869356
[ 1.68702781  0.3633199   0.56748427  2.49408082  0.07078319 -1.00495151] -246.92765995524954
[ 1.68683196  0.36569467  0.56328996  2.49121876  0.06756424 -1.00568063] -246.92764745278984
[ 1.6875154   0.36733115  0.56637962  2.49101404  0.06866609 -1.00697419] -246.92762752197785
[ 1.68803996  0.36965362  0.56751021  2.48976163  0.06842311 -1.00837948] -246.92765803968234
[ 1.68762688  0.36591615  0.56648689  2.49377064  0.06963441 -1.00561344] -246.92765571192786
[ 1.68989279  0.36717455  0.56822196  2.4920888   0.06867865 -1.00421255] -246.92764945506445
[ 1.6882122   0.36589463  0.56608631  2.49058048  0.06807932 -1.0050013 ] -246.9276480190848
[ 1.68821624  0.36654108  0.56742792  2.4917026   0.06884454 -1.00804564] -246.92766936652413
[ 1.6878817   0.36570472  0.56589239  2.49202428  0.06871493 -1.00439427] -246.9276534528686
[ 1.68709264  0.36668561  0.56747545  2.49076504  0.06811072 -1.006241  ] -246.927690765286
[ 1.68717368  0.36651291  0.56483479  2.4911164   0.06811517 -1.00632741] -246.92763106168272
[ 1.6878638   0.36661289  0.56623297  2.49079726  0.06837271 -1.00598775] -246.9276445033745
[ 1.68870409  0.36725285  0.56730079  2.49155142  0.06867237 -1.00559337] -246.92764729178327
[ 1.68817622  0.36554857  0.56612794  2.49354913  0.07033562 -1.00663304] -246.9276465365109
[ 1.68764279  0.36637854  0.56588008  2.49157277  0.06866891 -1.00507567] -246.92763016486904
[ 1.68859934  0.3665267   0.56477661  2.4924353   0.06949957 -1.00595615] -246.92765074245548
[ 1.68822267  0.36656643  0.56545132  2.49201774  0.06915236 -1.00602736] -246.92765046929105
[ 1.68746932  0.36664588  0.56680074  2.4911826   0.06845793 -1.00616978] -246.9276488875354
[ 1.68765766  0.36662602  0.56646339  2.49139139  0.06863154 -1.00613418] -246.92765264901797
[ 1.68757909  0.36685485  0.56612985  2.49129341  0.0686675  -1.00602493] -246.92763573570778
[ 1.68734454  0.36692203  0.56560721  2.49106522  0.06839063 -1.0066508 ] -246.92763282667232
[ 1.6876896   0.36697202  0.5663063   2.49090565  0.0685194  -1.00648097] -246.9276307748045
[ 1.68784581  0.36643986  0.56625378  2.49228158  0.06950086 -1.00680361] -246.92764616481202
[ 1.68810974  0.367292    0.56684021  2.49128273  0.06866923 -1.00628378] -246.92764694035617
[ 1.68786903  0.36694879  0.56591547  2.49151589  0.06890923 -1.00650078] -246.92762783228173
[ 1.68717141  0.3665309   0.5653572   2.4914092   0.068882   -1.00686131] -246.92763946110145
[ 1.68721055  0.36741339  0.56564477  2.49011955  0.0678441  -1.00636071] -246.92763950463996
[ 1.68736936  0.36717001  0.56579702  2.49066006  0.06825829 -1.00647144] -246.92763359041695
[ 1.68795093  0.36753538  0.56668796  2.49074222  0.06825504 -1.00617306] -246.92764844257974
[ 1.68736629  0.36678202  0.56568989  2.49124245  0.06872526 -1.00668925] -246.92762764537207
[ 1.68747231  0.36718716  0.56576865  2.49084103  0.0684888  -1.00723088] -246.92765245541725
[ 1.6875524   0.36693793  0.56603955  2.49118031  0.06862283 -1.00632642] -246.92765529075635
[ 1.68744084  0.36705659  0.56603476  2.49112825  0.06869568 -1.00683172] -246.92764549546033
[ 1.68769221  0.36713997  0.56614755  2.49126496  0.06878766 -1.00673748] -246.92764772960285
[ 1.6876025   0.36715159  0.56634296  2.49095984  0.06859275 -1.00672758] -246.9276365615248
[ 1.68742997  0.36712659  0.56599341  2.49103963  0.06852836 -1.0068125 ] -246.92763966492612
[ 1.68744238  0.36725058  0.56608832  2.49083705  0.06846219 -1.00672282] -246.9276332792667
[ 1.68754724  0.367093    0.56625474  2.49115372  0.0686668  -1.00649956] -246.9276422505231
[ 1.68730056  0.36719653  0.56621706  2.49077921  0.0684163  -1.00678531] -246.92764142141067
[ 1.68750517  0.36732656  0.56639061  2.49079958  0.06841515 -1.0066756 ] -246.92763071364308
[ 1.68738475  0.367368    0.56621593  2.49065606  0.06836015 -1.00706643] -246.92763909558056
[ 1.68765949  0.36732163  0.56625323  2.49098952  0.06859193 -1.0068744 ] -246.9276582187734
[ 1.68739029  0.36722781  0.5662261   2.49083179  0.06846021 -1.00680758] -246.92763452717756
[ 1.68751686  0.3674253   0.56655443  2.49065983  0.06845715 -1.00684557] -246.92763550730368
[ 1.68760612  0.367203    0.56644476  2.49104465  0.0686577  -1.00651801] -246.92764469081922
[ 1.68744009  0.36732675  0.56627313  2.49075321  0.06843454 -1.00692933] -246.92764545953452
[ 1.68751028  0.36732886  0.56638512  2.49090681  0.06854062 -1.0068249 ] -246.9276307402403
[ 1.68747889  0.36729087  0.56623397  2.49092554  0.06856414 -1.0068485 ] -246.92763243399835
[ 1.68745284  0.36727948  0.56630286  2.49092291  0.06856315 -1.00689089] -246.9276440810811
[ 1.68751613  0.36737823  0.56646703  2.49083693  0.06856162 -1.00690988] -246.9276505336148
[ 1.68755895  0.36724137  0.56636129  2.49098694  0.06862942 -1.00685089] -246.92763724147653
[ 1.68745007  0.36734958  0.56629777  2.49083505  0.06851312 -1.00702031] -246.92762874369504
[ 1.68747268  0.36722887  0.56618652  2.49102683  0.06859723 -1.00689335] -246.92763777421396
[ 1.68754258  0.36731076  0.5663119   2.49097549  0.06860706 -1.00691316] -246.92764477132886
[ 1.68747528  0.3672873   0.56630512  2.49093606  0.06857413 -1.00689645] -246.92764417678563
[ 1.68748273  0.36734037  0.5663387   2.49092454  0.06858961 -1.00699725] -246.9276411103539
[ 1.68751284  0.36733001  0.56638237  2.49096042  0.06860336 -1.00689954] -246.92764709518542
[ 1.68749714  0.36731101  0.5663068   2.49096979  0.06861512 -1.00691135] -246.92763524576154
[ 1.68753717  0.36728626  0.56637046  2.49100049  0.06864776 -1.00691254] -246.9276300830331
[ 1.68749404  0.36728001  0.56628307  2.49102044  0.06863166 -1.00693377] -246.92764619176222
[ 1.68748412  0.36730532  0.56634124  2.49096848  0.06861462 -1.00693254] -246.92762582438
