[-0.32761119 -0.37152224  1.22136234  0.11137833  1.75701631  0.23406978] -391.7450300005733
[-1.82797333 -0.81899801  0.5543794   2.05400372  0.61396098  0.03043539] -411.80975088267917
[-1.60401558  0.80004354 -0.25511814 -0.34002921  0.74840213  0.10532783] -404.1943957455167
[-1.75889487  0.08432906  0.69733095  1.04507341  0.26447887 -0.65203168] -404.9122063416233
[-1.70478205 -1.99238153  0.81229061 -0.99297449 -0.46058761 -0.60168627] -417.7475814832669
[ 0.33454908 -0.53415135  1.22354039 -2.08678547 -0.37519993 -1.53816842] -382.1010325266072
[ 0.32239794 -0.42108624 -0.80408821  0.08401688  0.81999489  0.04956698] -364.8847408229844
[0.08426607 1.57191979 0.06684497 1.28219371 1.73680536 0.01141956] -368.85335034154895
[ 0.84487048  1.19550886  0.16224469 -2.02205451  1.03653823 -0.62704071] -368.63614179235543
[ 1.64371381  0.66257506 -0.15906894 -2.03550017  1.64337346  0.06375669] -374.0681108346785
[ 2.57141098 -0.09896225  0.82539656 -1.21555454  1.45777398 -0.70745987] -355.9176900966727
[ 4.65912425 -0.54846514  1.3656539  -1.6533172   1.81245991 -1.11385372] -365.0185247816456
[ 2.26134731  1.16345686 -0.78307252 -2.10927303  0.34941235 -1.15004504] -352.2724197630479
[ 3.55582656  1.93094641 -1.78528994 -3.2195987  -0.35438963 -1.84210245] -362.89295424132615
[ 2.24145311  1.89195538 -1.45412154  0.08139492  2.72316602  0.75156762] -368.62705851291986
[ 1.13153482  1.10502241 -0.50319641  0.73574132  1.06452349 -0.62108718] -342.2612610370917
[ 0.87544533  1.32624608 -0.67526015  2.12136206  0.7750985  -0.96350911] -336.84162780809396
[ 2.95470898  0.11378644 -0.97647869 -2.30222978  0.65052264 -0.89372627] -359.28206155337415
[ 2.89738407  0.12962323 -1.45145288  0.90862668  1.2221179  -0.34416119] -325.492422617336
[ 3.92364086 -0.40331959 -2.25830166  2.37396727  1.31490773 -0.20272142] -307.8763952482932
[ 2.06153069 -1.33191494 -0.10314669 -0.43063197 -0.93392933 -2.04086587] -350.18489766334545
[ 4.56029678  0.67751711 -0.51953284 -0.60480354  0.38460039 -2.03567617] -326.61644438666514
[ 2.46318167  0.33055465 -0.19482708  2.34725187  0.46543191 -1.47303289] -313.56213749689556
[ 2.81040323  0.68647564 -2.33677687  2.44817876 -0.67260013 -1.9144903 ] -326.44127837360907
[ 3.30348554 -0.73493721 -1.24620925  4.86104784  0.09509067 -1.72672022] -342.51803834070415
[ 3.91728711  1.95942717 -2.30715593  4.94630005  1.72143902 -0.73118417] -319.93854059300156
[ 2.87993278  2.2605709  -1.51774226 -0.31696235  1.23453513 -0.71348447] -332.359484326444
[ 5.97613548  0.51082921 -2.36951873  1.60994862  0.70767285 -1.39335403] -313.98798935310225
[ 5.00371559 -1.00674283 -1.81096211  4.69057669  0.07261546 -1.87000186] -345.2438335664822
[ 3.41087849  1.44374247 -1.59104723  0.93492241  0.94405521 -1.00261382] -312.5829141901424
[ 2.94021217  0.83171941 -3.16634299  5.49165986  1.10903514 -0.20345604] -344.63563505640434
[ 4.15527562  0.71606769 -1.18123538  0.91931231  0.56570908 -1.57762114] -310.25483872448314
[ 5.13839651  0.8326249  -0.96391847  1.92905542  2.5790054  -0.21235219] -303.4962909587488
[ 6.30239315  0.90569953 -0.27748927  1.66949375  4.20480816  0.63871686] -331.9088241950978
[ 4.43854909 -0.81592739 -0.54579358 -1.57481409  0.47082171 -1.22271433] -351.86115746674386
[ 4.04760261  1.26558853 -1.86681535  3.31602152  1.40878469 -0.85406671] -296.8195428136036
[ 1.73685644  0.884257   -0.31586299  2.3302283   1.71829182 -0.38078203] -324.7186084751696
[ 4.91631572  0.60418616 -1.8561048   1.79001854  0.9603276  -1.14021103] -303.88172514295337
[ 6.0675216   1.15574206 -3.04431388  1.40718062  2.125498   -0.19016255] -320.80536295104
[ 3.36426665  0.53685151 -0.90719878  2.11223405  0.88044843 -1.1523153 ] -304.32526039275757
[ 5.1042875  -0.25974273 -1.42014425  3.21194729  1.62567243 -0.71048212] -295.6131413714347
[ 5.95099201 -1.11148534 -1.33469277  4.35045974  1.96648103 -0.56441626] -302.1781610043949
[ 4.67622766  0.1426619  -1.90959239  3.99176905  2.35733968  0.15357155] -291.82346328962103
[ 4.93670367 -0.14404099 -2.27377089  5.52799742  3.25315497  1.01916789] -298.19838074454435
[ 5.15872469  1.44404301 -0.71628968  3.07638136  1.95561834 -1.10256384] -286.9228486284895
[ 5.77626661  2.36772431  0.05471631  3.42758841  2.27597365 -1.55248505] -285.02338861366667
[ 6.52209888  1.11416285 -1.7467542   3.77656602  2.85525271 -0.28635988] -290.9554132619894
[ 5.50531087  1.21682042 -0.76139798  4.76096403  3.40701526 -0.01384711] -283.6355308244872
[ 5.79980845  1.52313755 -0.21404458  6.24643677  4.63035909  0.54933486] -300.20994946508506
[ 5.40553487  1.11644686 -1.58607748  5.56589669  2.06434074 -0.87553758] -333.3757362089509
[ 5.2051811   0.90358039 -1.11945822  2.83826573  2.45033923 -0.37814854] -289.65739905327496
[ 6.88218827  0.56281385 -0.43406156  4.01967866  3.58174629 -0.07518367] -283.37982365104943
[8.2994811  0.21142651 0.28231533 4.37150724 4.66822709 0.31425784] -288.6077384121619
[ 6.41813696  2.36233064 -0.55203843  4.39299668  4.01688318 -0.00700212] -277.59812059076506
[ 7.07506169  3.67336733 -0.11798552  4.98352137  5.21248856  0.34473788] -279.4002335689562
[ 7.42683324  2.69981558  0.38992769  3.74691746  3.8383971  -0.92458034] -279.61845900900556
[ 5.88254013  2.25686555  0.9393168   3.95223763  3.66819885 -0.69738906] -273.7220853669898
[ 5.56276075  2.8282169   2.2823523   4.04007344  4.07467192 -0.90290365] -273.4674701462073
[ 7.31865113  3.10899351  1.44595767  5.29114049  4.61455657 -0.78051877] -296.3946267657554
[ 5.73354861  1.45493367 -0.47810425  3.45148442  2.99139357 -0.4787411 ] -280.5933304630492
[6.73332629 1.34058605 0.09417628 4.70978315 5.02739546 0.75173239] -271.983471021421
[7.21185613 0.82701692 0.11390626 5.35088053 6.40310636 1.90384111] -271.5854730566572
[ 7.57313045  2.36155543  1.20205865  3.57304637  4.89505089 -0.14767615] -273.3934702265041
[ 6.42656711  3.61514253  1.42009564  4.1654543   5.15808805 -0.11050374] -267.0917646644921
[ 6.19875653  5.14130687  2.34717424  4.23834212  5.94625892 -0.12816378] -269.16458721999794
[7.80621294 3.44309233 2.09687162 4.9716385  6.47067227 0.41579947] -265.6362823020957
[8.8425451  4.43717166 3.38435956 5.73171554 8.21031162 0.86306975] -273.5986363824665
[6.23938821 2.44596933 1.79782099 5.08444581 6.50109379 1.30843198] -265.47451159981574
[5.64566569 2.31904621 2.50176763 5.75320999 7.83244214 2.42493813] -273.74991964935083
[7.18850157 2.81133383 3.52307358 4.66884964 7.15067791 0.82933179] -264.1984318958723
[7.57368387 3.03583543 5.56062959 4.80677612 8.71757528 1.24749874] -273.28882856052405
[8.58579138 2.33981989 1.10225661 5.23136494 8.1182245  2.30264514] -268.5832570249189
[6.91297533 2.79923618 2.14928291 6.25116487 8.37223674 2.3641914 ] -262.8855475857785
[ 6.58289778  3.01807656  2.62289504  7.59022412 10.11082967  3.62012517] -277.43565674022113
[7.17462272 4.99118112 3.9158942  4.77342549 7.52055805 0.46612423] -264.10486496166413
[ 5.33029791  4.36216521  3.86542303  4.7402946   5.60621777 -0.54485343] -280.43497683784426
[7.77191801 2.84540622 1.79304822 5.10859736 7.49022282 1.5907705 ] -261.75084273024885
[7.93797248 2.83026381 3.67190153 6.12058626 9.34373248 2.43538686] -257.95035329617036
[ 8.69367517  2.43782445  4.79780448  7.09815224 11.4365547   3.70833216] -259.0570701378171
[6.6022465  2.79803784 3.52013552 5.69738465 8.988835   2.58227945] -269.7112082564888
[7.50522133 3.28182871 2.4526876  5.15307504 7.10021295 0.95741946] -261.1147955387673
[8.59101561 4.07378063 4.03747503 5.60745374 9.15811986 1.57264277] -258.52294963593425
[8.10940693 4.12923172 2.48368958 6.33591795 9.17768305 2.29951328] -266.5526819196783
[7.41872791 3.14080831 3.26322758 5.08561672 7.6574292  1.19687716] -260.37643222090315
[8.20465418 1.3325935  1.87331343 6.33540583 8.85342663 2.90630515] -263.6585487722826
[7.94714631 2.24724041 2.38395862 5.94491075 8.52020948 2.29625992] -259.97311181331884
[8.81102522 3.34053984 3.71814994 4.75558175 8.05107219 0.98559416] -261.5180768898433
[8.2984516  3.45941434 4.71608522 5.78047739 9.1200359  1.55728962] -258.5623248900522
[7.08848653 3.00390556 3.12362858 6.47512488 8.91550777 2.35303111] -263.49281790333856
[8.38039055 3.25638127 3.5695196  5.18546753 8.26718108 1.3274534 ] -258.89407560667627
[ 8.68601349  3.05413422  4.76136826  6.08842909 10.25535639  2.50455045] -256.9722660897096
[ 9.27640957  2.94028697  5.9157086   6.55610612 11.83292811  3.27811594] -257.605611832131
[ 9.19493544  3.16626325  4.4502085   6.4901582  10.56411587  2.70098384] -259.68294063744395
[ 9.08244675  4.3661721   6.01822743  5.81261332 10.38263771  1.73650906] -259.5454268204558
[7.79716139 3.84711887 4.47465052 5.04151758 8.27823861 1.01029354] -260.5646714029496
[8.84549193 3.33647716 4.45631901 6.12799805 9.99264655 2.27831127] -257.789143580166
[7.83066514 2.30397837 2.38599545 5.8241907  8.32971971 2.15536906] -259.86070518478806
[8.76950134 3.85062367 5.11016944 5.81550767 9.86940821 1.84122406] -257.9032944328775
[ 8.66242494  3.61185     5.34825322  6.66134987 10.97925205  2.73568161] -260.1925962172442
[8.45089914 3.34524845 4.01420301 5.55443812 8.94519882 1.67951045] -257.70153755202085
[ 8.79517973  3.37076163  3.96772688  5.99099358 10.0681182   2.54658567] -256.9580733299981
[ 9.04354379  3.32643528  3.59354771  6.09625168 10.54215935  3.04123369] -257.58263821857395
[ 8.57067043  2.52205569  4.62308768  6.29186385 10.33336703  2.85588015] -257.30495468189105
[ 9.43461287  3.66283646  5.30572322  5.83582386 10.47763259  2.13330048] -257.68568997659725
[ 8.82478785  2.57988087  3.93263992  6.14767451 10.15469832  2.8248221 ] -257.53989512000396
[ 8.74189591  2.84182862  4.41193065  5.84174296 10.08547723  2.56990516] -258.10095494437917
[ 8.81959292  3.21281502  4.44522192  6.05643427 10.01585422  2.35120974] -257.1017198927928
[ 9.25938662  2.78891284  4.99771962  6.58263494 11.48981009  3.39260574] -257.0030594350765
[ 8.21726414  2.18001696  3.60353153  6.55018622 10.29476883  3.35858413] -258.2262653542103
[ 9.13027569  3.29213159  4.8801753   6.01441445 10.43191665  2.4396214 ] -256.992128683692
[ 8.92891844  3.50038946  5.29245997  6.19391555 10.71010921  2.53866228] -257.18609291700625
[ 9.30245187  3.8843259   4.8251363   6.01707678 10.65702123  2.40186495] -257.41169783363034
[ 8.75361579  2.86262324  4.67359984  6.22316708 10.41428058  2.74237635] -256.8909017733189
[ 8.88576964  2.69340338  3.9494773   6.12477559 10.1816695   2.7869875 ] -257.47921017282226
[ 8.91813124  3.29864294  4.9567143   6.17663056 10.57799928  2.60074359] -256.8456916896143
[ 9.02794126  3.00958713  4.96721281  6.30232229 11.06330617  3.05761799] -256.9026697440975
[8.51099911 3.50704741 4.40454618 5.68268408 9.44718233 1.9045594 ] -257.32311304409814
[ 9.07228974  2.96844648  4.84942626  6.35764723 10.97915315  3.02059416] -256.78200700210186
[ 8.6207814   2.89593363  4.51184081  6.36531549 10.68748794  3.05120134] -256.9562938500107
[ 9.04329956  3.08119747  4.54747204  6.38359632 11.00809205  3.16848925] -256.73647106156506
[ 9.2219426   3.0947291   4.44052392  6.53117993 11.38445989  3.50045865] -257.0175475157632
[ 9.01683994  2.66804867  5.53436181  6.61189941 11.50865486  3.33375522] -257.5017630415175
[ 8.85059478  3.19508339  4.35938561  6.14622004 10.42825237  2.74337806] -256.7238824256539
[ 9.26784273  3.24259326  4.93942947  6.16454568 10.80287326  2.72653179] -256.9442578660616
[ 9.1060774   3.15592835  4.83253231  6.21473813 10.77402693  2.80769918] -256.7735374147004
[ 8.88672824  3.17772016  4.43916397  6.19834416 10.33062861  2.63680887] -256.9871554783056
[ 8.99263801  3.05162039  4.8352006   6.27632776 10.88013678  2.95241571] -256.7560986159804
[ 9.24072779  3.3876831   4.78664387  6.2952196  11.13493961  3.02206363] -256.7331365146312
[ 9.18374452  2.98134345  4.44683926  6.3812858  11.15686768  3.30413641] -256.99197958023444
[ 8.98453456  3.21931807  4.82924554  6.22779437 10.72271638  2.77659179] -256.72037010178246
[ 9.00033429  3.39516378  4.5474004   6.15698485 10.67023489  2.80295171] -256.66126680691355
[ 8.96435656  3.60852242  4.39638747  6.05665366 10.51577576  2.69413049] -256.7009762432319
[ 8.93129893  3.28742705  4.46925038  6.28064285 10.84076377  3.0142642 ] -256.61980464584474
[ 8.8439097   3.3531764   4.28760941  6.3135952  10.87413219  3.11754672] -256.6256338685731
[ 9.02429196  3.47033723  4.34459868  6.22049158 10.72152957  2.89016384] -256.7912973791355
[ 9.0005515   3.1562996   4.71255012  6.26236872 10.84048498  2.93685274] -256.6790489055196
[ 8.95938105  3.46579419  4.68735327  6.07281382 10.53770528  2.59687813] -256.7081723261947
[ 8.66817058  3.18534559  4.41508457  6.08705528 10.21177961  2.60157525] -256.78487503648535
[ 9.09758849  3.33709872  4.69375404  6.24317852 10.90414961  2.91694154] -256.671596193831
[ 9.14063483  3.42528375  4.95379897  6.26837433 11.07709927  2.93811532] -256.6719900936867
[ 9.05872847  3.46970429  4.52545685  6.20032666 10.90076288  2.95874276] -256.62084749261516
[ 9.11699778  3.22453154  4.61338365  6.39781149 11.20679319  3.25907796] -256.68458516545866
[ 9.0775936   3.2848472   4.63187606  6.31656207 11.03952121  3.093528  ] -256.64293605523983
[ 9.10150804  3.57687533  4.56129545  6.22632104 10.9703589   2.97132843] -256.6404918730464
[ 8.94838244  3.35842171  4.18921209  6.20629766 10.69816448  2.9811369 ] -256.71631323216394
[ 9.09257173  3.40856824  4.76265225  6.25285516 10.98236557  2.94887071] -256.63322806954704
[ 8.98975653  3.4704299   4.47222308  6.23471902 10.89718613  3.01295374] -256.58798735845767
[ 8.93584055  3.53709549  4.3614576   6.23048928 10.89370439  3.06095984] -256.5783648525297
[ 9.06551282  3.45967543  4.5565958   6.34541417 11.20559068  3.21294627] -256.591512357188
[ 8.98422658  3.62826808  4.44702672  6.19545432 10.89166085  2.96217607] -256.58207804677096
[ 8.92121832  3.35337086  4.47951776  6.27540643 10.93459049  3.08132485] -256.59735564047685
[ 8.87303683  3.50327883  4.18378279  6.2563894  10.90665878  3.14793395] -256.6215492491415
[ 8.92792055  3.47960118  4.32850015  6.25550584 10.92558548  3.09816814] -256.58864233576566
[ 8.86327745  3.44544174  4.35532595  6.32731097 10.99653567  3.18453704] -256.6023105282886
[ 8.96803316  3.68039054  4.37355762  6.26255082 11.10845876  3.1857732 ] -256.57521778988286
[ 8.98640027  3.87687229  4.32571124  6.25350481 11.24230625  3.27152769] -256.62003787205356
[ 9.07097321  3.60069212  4.49355927  6.19429598 10.98999455  3.01591242] -256.60032083721933
[ 9.01904927  3.56187953  4.45900094  6.22754973 10.99162983  3.05806857] -256.5789271121356
[ 9.04564265  3.76226589  4.36252852  6.23024829 11.07095284  3.11137251] -256.608283275816
[ 8.95232441  3.45559462  4.45027045  6.2641169  10.96868108  3.08883677] -256.57550542299964
[ 8.86361869  3.65460105  4.25000869  6.13314146 10.72098278  2.93838126] -256.60033090844695
[ 9.01503929  3.50840683  4.47994902  6.29234599 11.08443871  3.14430502] -256.5748739596373
[ 9.03025053  3.64427718  4.5285873   6.23532984 11.05393906  3.06853835] -256.5674503550643
[ 9.08141552  3.72661518  4.62863087  6.22524183 11.11811585  3.05372345] -256.5793888276788
[ 8.98928582  3.50094666  4.43724759  6.3086732  11.14195642  3.23998451] -256.58891757645574
[ 8.98549139  3.59643772  4.44458194  6.22375904 10.95423475  3.03162818] -256.57065616669985
[ 8.94327717  3.5788546   4.42046704  6.27531422 11.02952242  3.13527854] -256.5660714173195
[ 8.90539112  3.58734214  4.40120009  6.29919647 11.04846871  3.17388352] -256.57725279697354
[ 9.02896476  3.61755834  4.53768018  6.28731633 11.17272053  3.15716018] -256.5630061812883
[ 9.07552687  3.65778976  4.62579147  6.31572985 11.3122286   3.20526035] -256.56937731679807
[ 9.03802769  3.75304712  4.47800392  6.26142185 11.16575699  3.15205772] -256.5741710663015
[ 9.04565045  3.55247006  4.58953218  6.2626116  11.04507873  3.0438828 ] -256.57827421551406
[ 8.98743748  3.64841042  4.42755126  6.26256602 11.09261375  3.1503006 ] -256.56706520661544
[ 8.98944373  3.77112163  4.46567485  6.22288977 11.07182379  3.0873495 ] -256.5696878671263
[ 8.95026066  3.53250618  4.46351027  6.24096989 10.95919443  3.05802739] -256.56473897740744
[ 8.99105339  3.66780506  4.5032417   6.28436965 11.17236991  3.18725667] -256.56701164270476
[ 8.98763761  3.4586823   4.49467106  6.30573221 11.08829624  3.16483774] -256.576113738822
[ 8.9889922   3.6930118   4.47292391  6.24360038 11.0759419   3.10672156] -256.56298598293694
[ 8.93307802  3.60177162  4.41320415  6.29604899 11.11351526  3.19637664] -256.5731310812288
[ 9.0059574   3.63365079  4.49974151  6.25050963 11.06883311  3.10049792] -256.5627599983292
[ 8.98206438  3.5927185   4.53830361  6.26479402 11.06691369  3.09801349] -256.56164116499696
[ 8.97937783  3.56487254  4.59367979  6.26590801 11.05406365  3.07186994] -256.56419033676127
[ 8.97545214  3.54829501  4.47430048  6.23646517 10.95200545  3.03130969] -256.56769502571217
[ 8.98715308  3.63792755  4.49600639  6.27239353 11.1172788   3.14826993] -256.56303345865985
[ 9.03785365  3.65693645  4.58225492  6.24454703 11.12410507  3.08761828] -256.56390843952005
[ 9.06006783  3.74476163  4.57879324  6.28008375 11.24940326  3.17473306] -256.57116856383874
[ 8.97771245  3.58557004  4.49233101  6.25074835 11.03174664  3.08720381] -256.5612413768021
[ 8.95242777  3.59654256  4.43007395  6.27857371 11.05370649  3.14500401] -256.56528080040175
[ 9.01649718  3.64183798  4.54420968  6.2530537  11.10650542  3.10196472] -256.56169563894576
[ 9.01290972  3.61685493  4.53239024  6.2442806  11.05694163  3.0689173 ] -256.5625376166742
[ 8.96574635  3.63698967  4.48895314  6.21501257 10.96290694  3.03061276] -256.5631687042457
[ 9.01316016  3.62241617  4.52549842  6.26924039 11.12026713  3.12552332] -256.56124742740974
[ 9.0137749   3.53800434  4.57123425  6.26727518 11.07446064  3.08731862] -256.56461866762146
[ 8.99518787  3.65425993  4.49750149  6.24951908 11.07557159  3.10187083] -256.56154347371444
[ 8.99321985  3.60423506  4.54366997  6.26003576 11.08381559  3.0939999 ] -256.56106155407593
[ 8.98685107  3.5895272   4.5656342   6.26479882 11.09130683  3.0907509 ] -256.5625404821042
[ 8.97970425  3.6168243   4.51478115  6.27151649 11.10466505  3.13394139] -256.5615803904335
[ 8.96385247  3.58350336  4.49315221  6.26889766 11.05448781  3.11155287] -256.5603636586859
[ 8.93753011  3.55433605  4.46762348  6.27681964 11.028479    3.11634694] -256.5634858489067
[ 8.99221464  3.62955112  4.48400781  6.25852523 11.08993758  3.12001722] -256.5624171395548
[ 8.98460194  3.60192666  4.52472966  6.26322682 11.07266966  3.10351442] -256.5611903741625
[ 8.99620734  3.60047945  4.51084644  6.24903952 11.04152109  3.07394699] -256.56225487053104
[ 8.98383002  3.61273808  4.51379747  6.26589725 11.08887906  3.11894279] -256.56129380538243
[ 8.97693776  3.54920319  4.53355809  6.27649633 11.07505038  3.11170821] -256.56178998477037
[ 8.99062534  3.62799575  4.50651564  6.25626339 11.07544128  3.10433017] -256.56126756475396
[ 8.99056072  3.59581093  4.51483483  6.25690687 11.05726364  3.08976537] -256.56134632556626
[ 8.9855127   3.60850629  4.51405681  6.26364966 11.08097521  3.11164844] -256.56126391526243
[ 8.98206118  3.57405678  4.52463039  6.26900282 11.07254606  3.10681741] -256.56051349996807
[ 8.98602332  3.58206306  4.52061374  6.26340094 11.06420242  3.09788881] -256.5603147174424
[ 8.98627864  3.56884145  4.52389221  6.26327658 11.05581603  3.09100899] -256.5607995255444
[ 8.94933025  3.55470215  4.50754391  6.25586373 11.00622227  3.07480242] -256.5613530615215
[ 8.99720268  3.60548767  4.52100979  6.26589622 11.09175591  3.1128431 ] -256.56105334803027
[ 8.9912747   3.59818749  4.55027091  6.27940505 11.11474585  3.12166836] -256.56156864648193
[ 8.98110301  3.5887244   4.50681599  6.25791253 11.05249644  3.09581995] -256.56043818709475
[ 8.9832189   3.57743012  4.51190104  6.26515516 11.06709842  3.10279292] -256.56060272404784
[ 8.97126734  3.56618674  4.48237108  6.27005269 11.0503801   3.11523845] -256.5612883220389
[ 8.98773172  3.59472298  4.52834525  6.26253999 11.07545672  3.09930954] -256.5611043391528
[ 8.9749379   3.58278321  4.50688298  6.2661493  11.05934512  3.10472084] -256.55973841333287
[ 8.98356317  3.58539373  4.51371486  6.26065673 11.05834943  3.09685438] -256.560361196844
[ 8.98404225  3.57805992  4.52262207  6.26620188 11.06837424  3.10235311] -256.5604777151418
[ 8.98462111  3.57974659  4.51625739  6.26427805 11.06565042  3.10034087] -256.5604337951353
[ 8.991613    3.59377536  4.52081177  6.26464858 11.07797917  3.10536595] -256.5613106883492
[ 8.98962159  3.59314906  4.53214186  6.26171835 11.07400901  3.09594436] -256.56110216601536
[ 8.97599011  3.57328983  4.5165992   6.26281984 11.05199771  3.0940015 ] -256.5605494581335
[ 8.9734377   3.56729639  4.50008822  6.26611723 11.04863078  3.10277548] -256.56046507007545
[ 8.98621837  3.58515781  4.51012722  6.26611488 11.06951976  3.10764299] -256.5605578293733
[ 8.97854718  3.57625682  4.5149812   6.2636436  11.05637822  3.09741187] -256.56058457495163
[ 8.98048061  3.58242314  4.51374836  6.26477512 11.06177377  3.10130482] -256.56037028470575
[ 8.97925053  3.58408847  4.51029892  6.26340302 11.05884727  3.10078761] -256.56039853622894
[ 8.9797795   3.5812649   4.51157018  6.26521367 11.06249777  3.10253085] -256.56043284567244
[ 8.9741878   3.5750398   4.5034856   6.26613327 11.05398795  3.10374816] -256.5599891772612
[ 8.97949007  3.58042157  4.51475252  6.26617559 11.06385968  3.10353698] -256.56046400541226
[ 8.975464    3.57803652  4.51174109  6.26448457 11.05567141  3.09936117] -256.55973470107904
[ 8.97521004  3.58079045  4.50448985  6.26387739 11.05351475  3.10061418] -256.5597510201743
[ 8.97339746  3.57978896  4.50531208  6.26439388 11.05188232  3.10098141] -256.5598764066342
[ 8.9719754   3.57553222  4.50492107  6.26653483 11.05321116  3.10278925] -256.55991455477266
[ 8.96791026  3.57490058  4.4985292   6.26574929 11.04743047  3.10276684] -256.56017705572737
[ 8.97105285  3.57678122  4.50233399  6.26550575 11.05101629  3.10240134] -256.55993801011397
[ 8.97315808  3.58286439  4.50840809  6.26418197 11.05422574  3.09987457] -256.5596462373383
[ 8.97264323  3.58677669  4.51086933  6.26320633 11.05434464  3.09793777] -256.55946492432554
[ 8.97682317  3.5844548   4.51240481  6.26404302 11.05830684  3.09973353] -256.559481875786
[ 8.97751653  3.58867799  4.51231231  6.26218334 11.05781053  3.09832705] -256.55986601797156
[ 8.9774675   3.58738426  4.51425471  6.26358743 11.06111544  3.09925011] -256.5605321804388
[ 8.97441497  3.58168778  4.50754774  6.26419227 11.0541906   3.10054858] -256.55969935706884
[ 8.97231457  3.57616516  4.50566628  6.26646762 11.05398059  3.10264497] -256.55987316182626
[ 8.97621604  3.58554978  4.51065081  6.26325441 11.05685304  3.09940653] -256.55948544966674
[ 8.97495639  3.58563915  4.5155424   6.2645659  11.05938914  3.0999553 ] -256.55950158070004
[ 8.9752347   3.58459836  4.51603575  6.2617662  11.05357344  3.09426012] -256.5594231599708
[ 8.9753831   3.58550594  4.52061213  6.25957464 11.05068761  3.08902976] -256.5593405462072
[ 8.97468163  3.59183486  4.51413465  6.26179429 11.05558587  3.09617599] -256.55927537567806
[ 8.97429044  3.59873403  4.51533143  6.26044915 11.05554311  3.0945834 ] -256.559157411818
[ 8.97568915  3.59386568  4.52092256  6.26083888 11.05751752  3.09300018] -256.5591514713575
[ 8.97632625  3.59995462  4.52760998  6.25916218 11.05918098  3.08922598] -256.56026398056315
[ 8.97539198  3.59265649  4.5147213   6.2592229  11.05169512  3.09127509] -256.55913359937443
[ 8.97560978  3.59616516  4.51431075  6.2565514  11.04784811  3.08693499] -256.5590457005728
[ 8.97393025  3.59628432  4.52083286  6.25830006 11.05122956  3.08766668] -256.55910498621176
[ 8.97235882  3.60132248  4.52188821  6.25559714 11.04741667  3.0833174 ] -256.56031754941233
[ 8.97570708  3.58867172  4.51477566  6.26193155 11.0555843   3.0956295 ] -256.55929190275754
[ 8.97756004  3.59963225  4.5247258   6.2560089  11.0517921   3.08434374] -256.5601869242893
[ 8.97387243  3.58999058  4.51433345  6.26140697 11.0537065   3.09453926] -256.5592858458936
[ 8.97431661  3.60239789  4.51289011  6.26025136 11.05645543  3.09508824] -256.56027953675596
[ 8.97511648  3.58972893  4.51868163  6.25974382 11.05212956  3.09054438] -256.5592237825725
[ 8.97379576  3.59958451  4.52002856  6.25716521 11.05040716  3.08679347] -256.5602822464628
[ 8.97522925  3.59139992  4.51608889  6.26073996 11.05429001  3.09342049] -256.5592008612157
[ 8.97608269  3.59873543  4.52105593  6.25746746 11.05247946  3.08751078] -256.5602247638538
[ 8.97442499  3.59217679  4.51601407  6.26042209 11.05339974  3.09278214] -256.5591840092406
[ 8.97460814  3.59981304  4.51581856  6.25935669 11.05447979  3.09225158] -256.55905774748084
[ 8.97428834  3.60094642  4.51832119  6.25789946 11.0523826   3.08898584] -256.5602553960189
[ 8.97499402  3.59378654  4.51664696  6.26002984 11.05381316  3.09231183] -256.55910850757846
[ 8.97528227  3.60070613  4.51860698  6.25808658 11.05341068  3.08946741] -256.56022445173426
[ 8.97463931  3.59430913  4.51666229  6.25983821 11.05340247  3.09195346] -256.5591272122043
[ 8.97553311  3.59267392  4.51973323  6.25785588 11.05055377  3.08678951] -256.5590856641208
[ 8.97408239  3.59714503  4.51374566  6.25647182 11.0462581   3.0863025 ] -256.55903735348625
[ 8.973279    3.5987847   4.5101572   6.25428829 11.04062839  3.08295366] -256.5590454400184
[ 8.97494659  3.59764688  4.51703371  6.25635035 11.04799169  3.08546557] -256.5589756047581
[ 8.97510022  3.59931575  4.51721942  6.25460642 11.04528629  3.08222163] -256.56015930844023
[ 8.97457606  3.59945624  4.51717796  6.25493223 11.04564051  3.08282512] -256.55897107855867
[ 8.97436709  3.60229109  4.51744346  6.25238343 11.04155419  3.07808176] -256.56013368553243
[ 8.97585511  3.59801577  4.51177376  6.2555394  11.04636109  3.08585641] -256.55899249062344
[ 8.97435957  3.60340678  4.51022023  6.25521142 11.04563933  3.08642255] -256.5602048552417
[ 8.97523973  3.59535714  4.51735498  6.25719477 11.04932516  3.08669777] -256.55903063842925
[ 8.97549507  3.59478237  4.51464704  6.25298997 11.0399951   3.07910921] -256.55904029719557
[ 8.9744552   3.59796931  4.51626696  6.25460811 11.04400911  3.0818172 ] -256.55897734639507
[ 8.97422328  3.60041442  4.51647063  6.25870893 11.05320012  3.09054565] -256.5602468390321
[ 8.97517713  3.59619038  4.51510294  6.25441971 11.04329635  3.08196832] -256.55898583766384
[ 8.97600089  3.59773354  4.51782445  6.25454304 11.04594987  3.08190763] -256.55893668157074
[ 8.97696014  3.5980278   4.51986385  6.25357864 11.04579576  3.07971019] -256.5600962729896
[ 8.97509726  3.60031357  4.51437161  6.25293618 11.04175772  3.07991565] -256.56013976050764
[ 8.97520411  3.59659625  4.51660914  6.25613012 11.0474333   3.08500224] -256.5589880469009
[ 8.97426489  3.59718176  4.52156463  6.25478845 11.04507918  3.08047228] -256.5590260780505
[ 8.97545755  3.59780727  4.51422148  6.25535166 11.04604062  3.08451038] -256.5589920342241
[ 8.97466244  3.59739026  4.51911691  6.25497619 11.04539966  3.08181831] -256.5589739839767
[ 8.97473532  3.59886596  4.51756517  6.25381309 11.0433291   3.08026515] -256.5589471309406
[ 8.97461504  3.60016368  4.51989211  6.2553213  11.04747696  3.08273134] -256.5601613855866
[ 8.97503661  3.59718371  4.51630023  6.2546451  11.0443415   3.08215907] -256.5589872005134
[ 8.9753681   3.59829975  4.51769481  6.25417806 11.04463949  3.08108639] -256.5589430102354
[ 8.97528848  3.59859489  4.51750121  6.25473763 11.04579519  3.08236637] -256.5589376920591
[ 8.97533166  3.5975619   4.51847068  6.25475961 11.04567477  3.08186297] -256.5589672551087
[ 8.97547374  3.59769021  4.51742908  6.25544669 11.04697078  3.0836866 ] -256.55897021614
[ 8.97522805  3.59785143  4.5170457   6.25457557 11.04497949  3.08186241] -256.5589480348163
[ 8.97558901  3.59696196  4.5164637   6.25448137 11.04462311  3.08193797] -256.5589721205958
[ 8.97530796  3.59894861  4.51885828  6.25493217 11.04671342  3.08231948] -256.5601511249606
[ 8.97551875  3.59745863  4.51706234  6.25459407 11.04514569  3.08203335] -256.5589553645192
[ 8.97543824  3.59814317  4.51777065  6.25368264 11.04375738  3.08001977] -256.5589336541412
[ 8.97542049  3.59836965  4.51794143  6.25280061 11.04215069  3.07818636] -256.5589322539144
[ 8.97560992  3.59854073  4.51655263  6.25371671 11.0438787   3.08061787] -256.5588985715204
[ 8.97574905  3.59903014  4.51559361  6.25319527 11.04298067  3.07999531] -256.5589306071854
[ 8.97545323  3.59900471  4.51779107  6.25358981 11.04398546  3.07997566] -256.5601232377904
[ 8.97550237  3.59784515  4.51724452  6.254343   11.04485563  3.08151893] -256.55895149387607
[ 8.97546961  3.59861819  4.51760889  6.25384087 11.04427551  3.08049008] -256.55893394291945
[ 8.97582445  3.59886749  4.51799544  6.2533634  11.043917    3.07968915] -256.56012882332453
[ 8.97537715  3.59810544  4.51728314  6.25427253 11.04471387  3.0813191 ] -256.55894223801596
[ 8.9756874   3.5983544   4.51720911  6.2537924  11.04428179  3.08054275] -256.55893025774355
[ 8.97578178  3.59863169  4.5175961   6.25353789 11.04406339  3.08005126] -256.5589322693538
[ 8.97603489  3.59815451  4.51740967  6.25267287 11.04240479  3.07823228] -256.5589085204228
[ 8.97533381  3.59915617  4.51694816  6.25224408 11.04106842  3.0774659 ] -256.55888559964757
[ 8.97500027  3.59986749  4.51651002  6.25109461 11.0386277   3.07524504] -256.56012009587863
[ 8.97581982  3.59845086  4.51694348  6.25241398 11.04167375  3.07787539] -256.55891510557404
[ 8.97552033  3.59837708  4.51673872  6.25234233 11.04108933  3.07758893] -256.5588824568119
[ 8.9753896   3.59824978  4.51631004  6.25174455 11.0396023   3.07635776] -256.5589187618358
[ 8.9759149   3.5986416   4.51599249  6.25292686 11.04264824  3.07925467] -256.55891848138697
[ 8.97572382  3.59875259  4.51631928  6.25164655 11.03997262  3.07646893] -256.5589146339499
[ 8.97543263  3.59850238  4.51764482  6.25208532 11.0407143   3.07682842] -256.5589314221226
[ 8.97579433  3.59860679  4.51640557  6.25271647 11.04216476  3.07864811] -256.55890666939536
[ 8.97551921  3.5987451   4.51651453  6.25269902 11.04185246  3.07846528] -256.5589080096882
[ 8.97554701  3.59844087  4.51720382  6.25381729 11.0441802   3.08053719] -256.5589189814432
[ 8.97567962  3.59867466  4.51654041  6.25218923 11.04102452  3.07748599] -256.55891834727834
[ 8.97542707  3.59876663  4.51684344  6.25229321 11.04107887  3.07752741] -256.55892012722705
[ 8.97556512  3.59845891  4.51664568  6.25302952 11.04248402  3.0791034 ] -256.55894494202755
[ 8.97565733  3.59849194  4.51657215  6.2525294  11.04162704  3.07811852] -256.55893085069397
[ 8.97551977  3.59856109  4.51662663  6.25252068 11.04147089  3.0780271 ] -256.55892482806854
[ 8.97577761  3.5982658   4.5170742   6.2525076  11.04174706  3.0779106 ] -256.5589147247374
[ 8.97562207  3.59856484  4.516529    6.25199444 11.04053097  3.07702893] -256.5589294311131
[ 8.9756096   3.59855022  4.5168157   6.25169969 11.04003071  3.0762971 ] -256.55893008726804
[ 8.97550149  3.59853661  4.51697042  6.25192325 11.04035557  3.07667484] -256.5589339273548
[ 8.97561837  3.59850311  4.51667172  6.25237786 11.04130917  3.0777576 ] -256.5589239552366
[ 8.97555214  3.59846263  4.51667887  6.25297901 11.04237806  3.07898309] -256.5589254494736
[ 8.97551635  3.59841394  4.51701552  6.25301246 11.04249349  3.07890265] -256.55891792787355
[ 8.97557436  3.59849992  4.51697788  6.25203903 11.04068488  3.07692168] -256.5589170838475
[ 8.97562493  3.59838107  4.5171472   6.25233682 11.04133004  3.07750919] -256.5589068422741
[ 8.97552851  3.59839837  4.5172606   6.25246595 11.04149872  3.07769589] -256.55891972997864
[ 8.97575363  3.5980121   4.51722793  6.25260819 11.04186896  3.07798223] -256.55892924986784
[ 8.97550871  3.598578    4.51693956  6.25237195 11.0412764   3.07764112] -256.55892731699254
[ 8.97557263  3.59837908  4.51694296  6.25233958 11.04120969  3.07754906] -256.558916756904
[ 8.97564897  3.59832144  4.51690646  6.25242497 11.04141819  3.07774976] -256.55892361965573
[ 8.97554734  3.5984385   4.5168583   6.25219068 11.0408871   3.0772553 ] -256.55892420178867
[ 8.97551834  3.59839551  4.51687712  6.25267739 11.04179141  3.07824579] -256.55891522098744
[ 8.97552442  3.59838773  4.51699966  6.25240414 11.04129402  3.07764241] -256.55892905520494
[ 8.9754737   3.59857186  4.51679108  6.25231777 11.0410841   3.07755817] -256.5589218593624
[ 8.97556935  3.5984401   4.51670522  6.2523601  11.04119925  3.07767326] -256.5589322449916
[ 8.97553565  3.59840082  4.51692605  6.25239313 11.04127033  3.07765012] -256.55893791573703
[ 8.97551933  3.5983863   4.51680792  6.25250986 11.04144037  3.07791736] -256.5589055783122
[ 8.97554648  3.59837808  4.51684084  6.25234095 11.04114951  3.07756899] -256.5589297087536
[ 8.97549701  3.59847447  4.5167649   6.25233005 11.04108671  3.07757355] -256.55893931751393
[ 8.97558465  3.59834926  4.51682259  6.25238365 11.04125376  3.07766935] -256.55894058577945
[ 8.97553384  3.59840779  4.51679851  6.25226651 11.04098822  3.07742211] -256.5589207674219
[ 8.97552237  3.59838241  4.51686919  6.25237324 11.04119168  3.07761567] -256.55893953207647
[ 8.97546181  3.59845278  4.51678411  6.25233733 11.04106151  3.07755952] -256.55892632165666
[ 8.97550389  3.5984431   4.51670914  6.25233577 11.04108021  3.07759449] -256.5589324840471
[ 8.97553155  3.59834057  4.51679485  6.25238087 11.041183    3.07764358] -256.5589186281539
[ 8.97553388  3.59833777  4.51687918  6.25239018 11.04122377  3.07763901] -256.5589308554108
[ 8.97552639  3.5983641   4.51683667  6.25237658 11.04118788  3.07762788] -256.55891204468685
[ 8.9754846   3.59839813  4.51674609  6.25239687 11.04116726  3.07768414] -256.5589263159743
[ 8.97557687  3.59830521  4.51679015  6.25242034 11.04129051  3.07773514] -256.5589311900204
[ 8.97549057  3.59841589  4.51678562  6.25235808 11.04111876  3.07760343] -256.55892000155757
[ 8.97555607  3.59836578  4.51684135  6.25234787 11.04116859  3.07758363] -256.5589286998529
[ 8.97550247  3.59839004  4.5167699   6.25238462 11.04116759  3.07765901] -256.5589323366891
[ 8.97551983  3.59838169  4.51677332  6.2524261  11.04126485  3.07775314] -256.5589238870191
[ 8.97552336  3.59837059  4.5167877   6.25235945 11.0411386   3.0776084 ] -256.55891514513326
[ 8.97552594  3.59835883  4.51676679  6.2523616  11.04113616  3.07761626] -256.55890468073915
[ 8.97550545  3.59839649  4.51676217  6.25235021 11.04110404  3.07759618] -256.55892718807075
[ 8.97552708  3.59839244  4.51676862  6.25230442 11.04103877  3.07750552] -256.55892122042945
[ 8.97550246  3.59838761  4.51674241  6.2523696  11.04112829  3.07763653] -256.5589284775286
[ 8.9755382   3.59837143  4.51679004  6.2523451  11.04112896  3.07758628] -256.558916214648
[ 8.97554613  3.5983542   4.51677956  6.25236279 11.04116151  3.07762333] -256.5589145207277
[ 8.97554051  3.59835984  4.51677048  6.2522658  11.04096626  3.0774231 ] -256.5589220573441
[ 8.97553534  3.5983653   4.51677119  6.25230588 11.04104091  3.07750561] -256.5589397226022
[ 8.97552313  3.59836796  4.51675276  6.25235196 11.04111275  3.07760259] -256.5589219814762
[ 8.97553323  3.59836564  4.51675914  6.25235256 11.04112542  3.07760613] -256.55892057551165
[ 8.97552184  3.59837384  4.51676321  6.25235089 11.04111397  3.07759866] -256.55893061341965
[ 8.97552926  3.59837426  4.51676438  6.25234371 11.04110914  3.0775876 ] -256.5589338460478
[ 8.97552371  3.59838476  4.51675367  6.25232337 11.04106405  3.07754722] -256.5589239992798
[ 8.97552008  3.59837939  4.51675602  6.25238421 11.04117709  3.07767103] -256.55893136082943
