[-0.82070092 -0.93912378 -0.5227346   0.54200774  0.07247402  0.42810327] -304.04454827681195
[ 0.77403836  0.23151417 -1.54488246 -1.45164875  0.32564758  1.95263339] -300.32507788411255
[-0.00434141 -0.00557562 -0.08740318  0.45919067  1.59378039 -0.09902606] -307.586612854605
[ 1.44832222 -0.71684641  0.46391243  0.15333481  0.79345936  0.84230297] -282.8450832150846
[ 1.64438342  0.80077461  0.36020661 -0.22954178 -0.0760244  -0.22988512] -274.81928108433584
[ 1.16522414  2.20932033  0.52550349 -0.28397632 -0.24715556  0.87001698] -283.8778064460484
[-1.35271594 -0.24006701  0.65276317 -2.19790726 -1.31156296  0.99406797] -340.85032670914455
[ 2.75502454  0.76675478 -0.92122907  1.92769604  2.13229009  0.26064717] -268.9636605760531
[ 4.80889478  1.27016567 -1.70822519  3.99049769  3.85421661 -0.10606322] -249.7658963609502
[ 3.01106208  0.95751049 -0.72133673  0.44770045 -0.01957452  1.35139548] -265.91368237158815
[ 5.10467591  2.52327006 -0.35220601  0.33344763  1.471049    1.13203022] -271.5779054996997
[ 4.95348249  2.11655075  1.06750066  2.92213624  1.59967592 -0.66603428] -246.930035884965
[ 7.04320455  3.05906904  2.37369223  5.10902874  2.23669009 -1.97536811] -325.1022018568582
[ 5.8250495   0.10782139 -0.82221956  2.823168    2.78808955 -0.09543497] -253.62169499879425
[ 7.0008605   3.30887739 -1.18933918  3.27580127  2.41235136 -0.38030026] -266.66666182765164
[ 8.59029167  2.62729064 -1.60214861  4.82712555  4.11129371  0.64174944] -299.59226412286284
[ 3.38086048  1.25740362 -0.1303822   1.03462505  0.97080513 -0.01197648] -259.84908861424174
[ 4.55539403  0.48283971 -0.81579472  4.49786194  2.39747235 -1.10150146] -252.32743725187007
[ 1.84405395 -1.24478019  0.14585327  1.96286186  1.45121032  0.17042862] -270.9320321015591
[ 5.71165886  2.170463   -0.85554107  2.94756642  2.1720661  -0.24261804] -250.11985987227789
[ 6.7340513   1.51090422 -0.36688396  5.62425133  4.61368307 -2.09260497] -275.7894826887338
[ 3.94180938  1.09585892 -0.63272354  1.74183817  1.13873988  0.49039537] -254.13206720961966
[ 6.55123587  1.15716286 -1.12528561  5.27306444  3.67928168 -0.56177572] -269.84331450325686
[ 4.17345433  1.23234343 -0.37910805  2.0942349   1.64792426 -0.14942629] -251.24050116275484
[ 6.06750194  1.36420239 -0.53840577  4.68331689  3.68107505 -1.27742146] -253.8394945867058
[ 5.5360788   1.29711652 -0.56198521  3.94794721  3.04549126 -0.83546725] -246.68209637839763
[ 4.08793827  2.74867164 -0.26216496  3.97691346  2.11752595 -0.93826855] -258.5785305291341
[ 5.39077169  0.76803395 -0.68220591  3.11160437  2.62044865 -0.30614336] -247.13777819847812
[ 5.63605296  2.46871807 -0.22406021  1.84013367  2.58246859  0.33291732] -257.0453829070634
[ 4.82555876  0.9793093  -0.66786109  3.83342987  2.44372141 -0.74289677] -246.70200670412896
[ 6.2353608   1.63486964 -0.75699789  4.82349237  3.59728239 -0.81698135] -259.2039991249406
[ 4.68893095  1.33297498 -0.47358051  2.77654927  2.13526379 -0.31631505] -247.11193327507632
[ 4.35624696  0.41758739 -0.15324469  3.91315513  3.06087312 -0.74835527] -244.54332288881287
[ 3.678541   -0.45885041  0.1979035   4.39594949  3.50527663 -1.00122389] -248.10248485228382
[ 5.10812843  1.03369197  1.21776628  2.84444301  1.11427477 -1.09900744] -247.32371176280958
[ 5.03332002  1.09281039  0.48626841  3.13095668  1.79926023 -0.85077139] -244.87566618320133
[ 4.40710097  1.64408249  0.58123844  3.7297871   2.07431326 -1.08046998] -248.8863466350742
[ 5.14485401  0.98704609 -0.36634482  3.26615005  2.4839148  -0.49972502] -244.98372433223255
[ 5.26091607  0.96383183  0.40835826  4.22804246  2.67571512 -1.13143494] -247.40580140343985
[ 4.83192723  1.24068919 -0.25309582  3.13942257  2.27037663 -0.52009503] -245.18797504107846
[ 4.95584611 -0.11169779 -1.57292174  4.15488426  3.4348699  -0.73306929] -248.32811690943623
[ 4.95407339  1.55948862  0.40739506  3.23032325  2.05847441 -0.68279303] -244.9340891995974
[ 5.12660804  1.21893677  0.52085873  3.04255509  2.46240874 -0.63617223] -243.57698229291313
[ 5.27713268  1.33875051  1.11521864  2.6471177   2.47175241 -0.58280995] -244.57241901589498
[ 4.27959774  0.87506963  0.77593084  2.62624038  1.66627805 -0.47717007] -245.6072334404024
[ 4.59371801  0.98058135  0.44145183  2.95666708  2.01108135 -0.56674436] -244.34771743845488
[ 4.90434625  0.84479434  0.69855732  3.37384653  2.35496093 -0.80809207] -242.71881978764932
[ 4.94055576  0.64684692  1.17438389  3.49105851  2.39725308 -0.9520906 ] -242.0100151118887
[ 4.52332005  0.98503772  1.32538257  3.32208853  2.11253551 -0.97925061] -243.72777718168396
[ 4.57051622  0.22111157  0.85763852  3.38850376  2.55599626 -0.89500179] -242.92184710089793
[ 4.33700166  0.39722352  0.90255521  3.57371936  3.06745579 -0.7417669 ] -244.4506329577725
[ 5.00765963  1.06565856  1.8940016   2.67837564  1.80803713 -0.84198689] -243.32509896092617
[ 5.25045758  1.30883411  1.16868384  2.71936351  1.38164824 -0.88198192] -245.67030208399876
[ 4.56536564  0.62512616  0.96908737  3.3601304   2.6460039  -0.77682066] -243.0524461615991
[ 4.98429044  0.60699122  1.80566574  3.47090356  2.64966352 -1.12702989] -241.40307632254118
[ 5.17957666  0.42019615  2.48777269  3.7280218   2.9689546  -1.40717265] -240.98596092189922
[ 5.2734406   0.41425432  1.30919836  3.2407932   2.8336824  -0.85716432] -242.01431503301663
[ 4.7190968  -0.08787221  2.37650208  3.58640602  2.60756705 -1.27390674] -241.8294653408932
[ 4.7418576  -0.31910426  1.1641927   4.25326225  3.52844864 -1.21206536] -241.72218666765656
[ 5.24298224 -0.19331534  2.15414205  3.86921812  2.98463011 -1.42231317] -240.44542095636425
[ 5.58179054 -0.60253609  2.74666939  4.12376197  3.15394321 -1.74505942] -240.75955254657651
[ 5.46198699  0.07255696  2.69775874  4.00108287  3.2175157  -1.4799025 ] -240.3598587715967
[ 5.90772238e+00 -1.72034631e-03  3.61781885e+00  4.30737242e+00
  3.54827541e+00 -1.77235286e+00] -241.6748383291116
[ 4.82191142 -0.23448491  2.70905235  4.40222332  3.06777399 -1.72531935] -243.60288364959356
[ 5.1605583   0.25206951  1.65916186  3.53115073  2.8922053  -1.07420308] -240.874282383075
[ 5.22813043 -0.59866998  3.00545948  4.16532208  3.66918739 -1.67109724] -241.1332199082083
[ 5.61926728 -0.03421677  2.01299376  4.2629466   3.81274686 -1.48167793] -240.01236826466757
[ 6.06935252 -0.00738905  1.8312396   4.60121689  4.41533676 -1.58556352] -240.74176520364702
[ 5.88897637  0.29197776  3.50823683  3.59931848  2.98663135 -1.63339016] -241.1575555602373
[ 5.60219668  0.13920726  2.9222258   3.76280442  3.12208567 -1.52805896] -240.4125576556678
[ 5.52739228  0.81750257  1.63922548  3.5530861   2.66352536 -1.12667886] -241.46321168865612
[ 5.3029459  -0.24462684  2.66390098  4.01226309  3.41777188 -1.53499264] -240.42035375254224
[ 5.61706914 -0.42297123  2.21562171  4.08513348  3.5133639  -1.4332101 ] -239.87685573151757
[ 5.83581538 -0.84455491  2.07954621  4.26368932  3.78556855 -1.44622883] -240.22579868014049
[ 5.78825777 -0.47985816  3.22971915  4.46666546  3.79716607 -1.88584868] -240.92327610074463
[ 5.31748317  0.06908759  2.05180118  3.76502941  3.11844549 -1.27711448] -240.26528672243575
[ 5.73066748  0.05299433  2.70062534  4.09386851  3.74934639 -1.48933904] -239.81421170269192
[ 5.9745101   0.17614916  2.97386699  4.20619371  4.13170453 -1.52285197] -239.83105002617594
[ 5.81327768  0.20351289  2.20310786  3.97802535  3.42672946 -1.36144169] -239.96407385999234
[ 5.58438724 -0.158886    1.70507707  4.29922432  3.82396359 -1.31283629] -239.94798514877442
[ 5.765397   -0.16938336  1.59865023  4.16032635  3.93068287 -1.30530401] -240.41432966432393
[ 5.5378395   0.01207188  2.42298161  4.04089374  3.39580749 -1.43625288] -239.9561190605342
[ 5.98335294 -0.18491923  2.3683346   4.48833458  4.12220707 -1.56113816] -239.96716329446443
[ 5.80293071 -0.13184901  2.52558897  4.06554672  3.53105911 -1.38306146] -239.6098493054074
[ 5.89476243 -0.18066513  2.78188657  3.96684679  3.39021523 -1.33375323] -239.58245309484482
[ 5.40931489  0.02027147  2.30809879  3.66632948  2.97760161 -1.22780625] -240.13173986514894
[ 5.83984342 -0.13362155  2.35327565  4.28283331  3.83605571 -1.47780518] -239.743766017559
[ 5.58824538 -0.48053879  2.52338145  4.27824137  3.80952131 -1.46629055] -239.75321762477103
[ 5.88048553 -0.45330134  2.33697431  4.29448885  3.97834789 -1.40149192] -239.64835022273581
[ 5.93263722 -0.3804819   3.26551127  4.03457978  3.60165321 -1.55446038] -239.92125178765275
[ 5.84557473 -0.32508293  2.87540272  4.10074092  3.65723081 -1.49405436] -239.69331305498383
[ 5.97612385 -0.08376725  2.97489364  4.2538731   3.96020854 -1.45436798] -239.51567806504488
[ 6.15565121  0.08583474  3.35452961  4.33824291  4.18363087 -1.46494693] -239.65899587406534
[ 5.9443443  -0.60531999  2.58131278  4.29847293  3.79451344 -1.38658204] -239.52693560619252
[ 6.20546604 -0.1133806   2.7778671   4.12084393  3.72933589 -1.38306102] -239.72832824497684
[ 6.0757422  -0.45355086  3.0895034   4.06225553  3.66722823 -1.339965  ] -239.49604303670375
[ 6.1936916  -0.61351552  3.45761727  3.95196664  3.58281449 -1.27104491] -239.79446449570196
[ 5.66687831 -0.5871819   2.7687907   4.20471544  3.75324549 -1.42034382] -239.67427646739768
[ 5.96720415 -0.4628459   2.63571775  4.25947663  3.85735546 -1.2847803 ] -239.25962920117797
[ 6.02801886 -0.53172738  2.51587526  4.33884448  3.95741779 -1.18014327] -239.17444501231438
[ 6.26628075 -0.18226209  2.65802462  4.20021178  3.82939822 -1.27842399] -239.59515567086459
[ 6.18127193 -0.22579623  3.19685777  4.07901269  3.55464593 -1.25625325] -239.49694333533736
[ 5.76714044 -0.51134686  3.05541852  4.13289005  3.6120115  -1.37193093] -239.52214294454055
[ 6.09611811 -0.62317105  3.02273389  4.42160281  4.12512658 -1.3293276 ] -239.2594624301182
[ 6.0971275  -0.20446655  3.37044805  4.13101996  3.83103275 -1.25741398] -239.31787285284298
[ 6.38432704 -0.19614625  3.00135215  4.29597947  4.08654178 -1.23389277] -239.32397069479515
[ 6.31141136 -0.66118553  3.09069653  4.18903188  3.78045581 -1.07796397] -239.21677927389948
[ 6.14964309 -0.66428631  2.83334532  4.40056535  4.26128838 -1.21664894] -239.33234012261454
[ 6.27980645 -0.50677683  2.85531366  4.53009245  4.34672614 -1.09183184] -238.9030675394963
[ 6.38183857 -0.53338981  2.7382188   4.76401092  4.68647509 -0.96776527] -238.82411057437804
[ 6.28330406 -0.25240921  3.0797629   4.31293115  3.89439488 -1.13218668] -239.12212049645296
[ 6.01494578 -0.7393036   2.937893    4.4231676   4.00509253 -1.08104082] -238.84918837321055
[ 6.27475141 -0.90926231  2.42461207  4.68550966  4.31862148 -0.99872856] -239.24704655977632
[ 6.33530524 -0.58592156  2.5729523   4.48289576  4.08902594 -0.81661526] -238.8310723701177
[ 6.17685654 -0.19205005  3.22052085  4.15145094  3.8189992  -1.08650987] -238.98134558819788
[ 6.09534499 -0.28374834  2.59771117  4.63540174  4.37001267 -1.01012308] -238.74222616735142
[ 5.9873118  -0.09502975  2.3512185   4.85858666  4.6647911  -0.97620263] -238.99535078409758
[ 6.40117953 -0.33054681  3.19981108  4.58444155  4.33058231 -0.85127038] -238.51549114241237
[ 6.58775986 -0.22995653  3.541779    4.70724008  4.51716458 -0.68683394] -238.54343206289363
[ 6.18518616 -0.63591085  2.6759395   4.70085835  4.53900103 -0.80558822] -238.46639585125584
[ 6.13612722 -0.82766167  2.47402779  4.89482194  4.86130411 -0.64228899] -238.60199196018635
[ 6.29441021 -0.84422361  2.35365443  5.04547436  4.85439732 -0.75762448] -238.91650949847238
[ 6.2650218  -0.68118022  2.57037103  4.82196851  4.59554779 -0.83984582] -238.65496988161135
[ 6.53967965 -0.2775956   2.51377496  4.90669134  4.86512242 -0.68269519] -238.85736609949276
[ 6.14612925 -0.6238766   2.83186349  4.54404853  4.2201     -0.98145441] -238.64394656957384
[ 6.15626152 -0.44362932  2.96501939  4.86734744  4.82488036 -1.00206714] -238.69634070770763
[ 6.03453584 -0.4662409   2.87535309  4.62067779  4.2735663  -0.86235108] -238.3512007305447
[ 5.86088448 -0.43266644  2.94392024  4.54901122  4.0671119  -0.80964399] -238.37839544303128
[ 6.30075971 -0.77671322  3.10840802  4.74437899  4.55787993 -0.77073594] -238.33021400897982
[ 6.40346707 -1.02319566  3.36375644  4.79886761  4.65181356 -0.65104237] -238.34131085782232
[ 6.28800924 -0.72786021  2.78889601  4.4714438   4.0140121  -0.70168148] -238.50327839751628
[ 6.18691145 -0.50586931  3.25638603  4.39998116  4.04949943 -0.81784802] -238.39256623386368
[ 6.31939807 -0.52383717  3.13640109  4.62987867  4.36808037 -0.62170396] -238.06292273170337
[ 6.40603248 -0.47381746  3.28866989  4.67279374  4.44207055 -0.44182873] -237.85248125056182
[ 6.06596543 -0.86492384  2.7980731   4.61893639  4.2947608  -0.61540744] -238.24639009745505
[ 6.10512112 -0.51329831  3.2120472   4.78109834  4.70491392 -0.73623833] -238.25102722104353
[ 6.18125585 -0.56437683  3.50370628  4.57843046  4.23522928 -0.60921496] -238.10708851851464
[ 6.17764536 -0.71392088  3.00569983  4.93879074  4.78664083 -0.52741081] -237.98135616534086
[ 6.37772414 -0.83610928  3.43018168  4.82413177  4.7335988  -0.37126099] -237.88126155927662
[ 6.13715508 -0.54543565  3.30438464  4.72701483  4.50785813 -0.32971782] -237.69289220707373
[ 6.05535276 -0.42979686  3.40237295  4.71833275  4.48284723 -0.10920875] -237.6259300117748
[ 6.31620422 -0.78101674  3.26418738  4.66937361  4.28680191 -0.15520557] -237.60685566631574
[ 6.42174577 -0.91487595  3.29025747  4.61351124  4.07774591  0.13531081] -237.64420350209988
[ 6.43877284 -0.40142218  3.83353291  4.84834797  4.69430207 -0.12263583] -237.70048721935666
[ 6.40932142 -0.64765096  3.23784193  4.9788264   4.90685785  0.03336473] -237.37281235570006
[ 6.5233542  -0.68928802  3.10490975  5.17902437  5.24267214  0.35465458] -237.29111452748506
[ 6.52816818 -0.48989597  3.76891835  4.69854399  4.50745674  0.24558238] -237.373073813617
[ 6.37823742 -0.25230313  3.45734873  4.77134038  4.48511808  0.29504701] -237.2799079514807
[6.37849406 0.03959995 3.47093225 4.74494468 4.36087772 0.62820101] -237.48335165514047
[ 6.34066406 -0.54075684  3.6550868   4.95552728  4.7909955   0.61124   ] -237.18984051657878
[ 6.30797986 -0.57422653  3.83829525  5.09689404  4.96545798  1.13777437] -237.45526466690913
[ 6.27522078 -0.65959701  3.05074175  4.81569949  4.57099513  0.53667238] -237.16201236270143
[ 6.19344475 -0.78868442  2.65934617  4.79937526  4.50934167  0.86632649] -237.47819292053077
[ 6.7319302  -0.70782238  3.36469131  4.97817029  4.8118326   0.73853902] -237.26243023671276
[ 6.60965406 -0.33220438  3.53637819  5.13006166  5.18288815  1.0824507 ] -237.04499205353216
[ 6.75637898 -0.1077982   3.67247359  5.36040569  5.63093128  1.70127883] -237.44308398383384
[ 6.42485206 -0.57076128  2.95413382  5.2447305   5.18737713  0.96061885] -237.10638209677268
[ 6.39683199 -0.33186031  3.56788378  4.78615216  4.43373006  1.05353474] -237.19055751290557
[ 6.54814696 -0.79536427  3.25228981  5.19877342  5.17415478  1.36597155] -237.24349243051094
[ 6.13319311 -0.36902565  3.30748007  5.06547788  4.96821432  1.13162373] -237.39426425608988
[ 6.58224592 -0.62312319  3.3503885   4.99999719  4.85092803  0.8368102 ] -237.0559351100258
[ 6.32834266 -0.22407007  3.45258113  4.77861601  4.49814989  0.32780407] -237.26613676598296
[ 6.49319589 -0.65254072  3.30236264  5.09373407  5.00515356  1.10642968] -237.0607759662635
[ 6.51177893 -0.79446749  3.04848012  5.29376457  5.42904911  0.65787253] -237.30657825045168
[ 6.42556873 -0.44751211  3.43803286  4.91305526  4.68255982  0.95461919] -237.03756939101063
[ 6.59624842 -0.55448939  2.88892579  5.11023211  5.03563844  1.214627  ] -237.22072907883916
[ 6.40456015 -0.54418998  3.46354655  4.99420349  4.85215624  0.76208675] -237.04476089522652
[ 6.70480482 -0.39718021  3.63087244  5.30956123  5.34935918  1.36433274] -237.2341267144023
[ 6.38261679 -0.59399281  3.19577442  4.93916493  4.76558614  0.74358747] -237.03766910146842
[ 6.54109512 -0.49375978  3.80802723  4.77867503  4.59238019  0.86804248] -237.2145871415992
[ 6.45391282 -0.5515109   3.16760717  5.12821663  5.03862789  0.93747476] -237.0149713127261
[ 6.45965694 -0.37830374  3.41487992  4.94116565  4.78576187  0.66591334] -237.03737135182755
[ 6.32974391 -0.32611478  3.3883512   5.01529202  4.91826534  0.87856721] -237.07620790902072
[ 6.51912042 -0.54887109  3.35987917  5.0038209   4.86776236  0.84724945] -237.01001627298743
[ 6.27215789 -0.68925583  3.14352851  4.84314729  4.48126329  0.55452629] -237.1139660499557
[ 6.52528002 -0.42146724  3.43816577  5.05833307  5.00748194  0.9504696 ] -237.00309188153048
[ 6.51749175 -0.43636265  3.20789989  5.00038199  4.86377044  0.93768451] -237.00390623371345
[ 6.58439344 -0.33401644  3.47971384  5.07582624  4.98306863  1.02088281] -237.06120812232408
[ 6.43306095 -0.52899872  3.26675928  4.97333026  4.81995677  0.81291131] -237.00322627011525
[ 6.54393891 -0.50765934  3.1803642   5.12202757  5.11189393  0.76261513] -237.04053400471886
[ 6.45516127 -0.46254892  3.3736157   4.96529834  4.78989335  0.90661817] -237.00440100403063
[ 6.50835214 -0.60494944  3.18976241  5.10196141  5.01006905  1.13155593] -237.0537348836737
[ 6.47183074 -0.43496516  3.35860054  4.98136459  4.84183866  0.78232399] -237.00294674033947
[ 6.52006889 -0.39289369  3.50069961  4.86595975  4.69160661  0.80827758] -237.04279006431955
[ 6.47045184 -0.5118566   3.25088028  5.06265241  4.95187257  0.90517546] -236.9945254356413
[ 6.43863844 -0.38319534  3.27209464  5.00996599  4.89050888  0.91781157] -236.99039972798798
[ 6.39839745 -0.30035746  3.22820238  5.01303854  4.90188215  0.95309262] -237.0042787766803
[ 6.49708998 -0.44306632  3.22451777  5.06337776  5.0019164   0.86217397] -236.99294309740029
[ 6.4279589  -0.47148714  3.39577287  5.0492927   4.97408797  0.80593745] -237.0206757191236
[ 6.49510854 -0.44514378  3.25486814  5.01260967  4.89134982  0.90474775] -236.98973283573426
[ 6.53307223 -0.35089943  3.33294977  5.08943758  5.04169933  0.9613228 ] -237.0049578630646
[ 6.45806377 -0.48447389  3.2833069   5.00235709  4.87539241  0.85001418] -236.98995860596273
[ 6.41844775 -0.47943312  3.10992366  4.9857761   4.81014431  0.79027938] -237.00650210735202
[ 6.49857195 -0.43595871  3.35610524  5.04019383  4.95814753  0.91042204] -236.99100402134434
[ 6.48081077 -0.46626639  3.18865712  5.08235432  5.01455721  1.00112434] -237.00013436675815
[ 6.47856576 -0.45844108  3.23114297  5.05710689  4.97137757  0.94642425] -236.99037164779395
[ 6.48489431 -0.37156977  3.28979827  4.999218    4.91102497  0.89202245] -236.98306469814997
[ 6.49211554 -0.30142636  3.30925727  4.96750079  4.89060116  0.88544595] -236.98917832805805
[ 6.45419095 -0.41652787  3.33792095  4.97710606  4.83068399  0.94497344] -236.9966651705071
[ 6.48636522 -0.43643171  3.25286857  5.04180984  4.9591083   0.88287384] -236.98716314100517
[ 6.44864006 -0.42379315  3.17192126  5.00082866  4.87477312  0.88754264] -236.9903081567547
[ 6.51190745 -0.49008912  3.22254072  5.02801073  4.93716651  0.87006347] -236.99939647298828
[ 6.45695569 -0.40991878  3.25970616  5.01447717  4.90217329  0.90587454] -236.98762092201756
[ 6.46477677 -0.39866928  3.27301346  4.96665992  4.83322973  0.82793422] -236.9902669053589
[ 6.50008137 -0.42494259  3.36593257  5.01154856  4.91598639  0.86694636] -236.99141698425345
[ 6.46150039 -0.42408051  3.22042409  5.00350864  4.88507644  0.88239357] -236.98498624076402
[ 6.48285254 -0.45853687  3.24731058  5.05800022  4.97481201  0.94470789] -236.9900058165781
[ 6.47833359 -0.44356997  3.2537363   5.03516514  4.93941644  0.91551447] -236.98669339057767
[ 6.49632214 -0.35909761  3.22716028  5.03323907  4.95399068  0.94446136] -236.98699361022395
[ 6.45968191 -0.36974568  3.24636309  5.02986295  4.95891355  0.90296566] -236.98784147077527
[ 6.46853856 -0.3885952   3.24848935  5.02554963  4.94202262  0.90341118] -236.9868357685894
[ 6.50169571 -0.39786281  3.23778612  5.03168626  4.96137319  0.90101775] -236.98608965031272
[ 6.47739635 -0.35849358  3.23959624  5.00097908  4.90519314  0.93006643] -236.98310663722125
[ 6.46113083 -0.43562634  3.26944985  4.99879652  4.89404492  0.86368059] -236.98838788632207
[ 6.48752431 -0.37822979  3.23773267  5.02462843  4.93900424  0.92426617] -236.98489498105496
[ 6.49524299 -0.40267361  3.24453521  5.00617889  4.90500686  0.91168243] -236.98582714528362
[ 6.49108443 -0.33406672  3.23622123  4.98690129  4.89614317  0.89830179] -236.9842151979457
[ 6.46418521 -0.35850852  3.25164978  4.97545184  4.85244308  0.91189319] -236.98741673215596
[ 6.49231809 -0.38802424  3.24125203  5.01762766  4.93414066  0.90373661] -236.98447307532493
[ 6.46966297 -0.34881459  3.2438063   5.00477548  4.91852068  0.89857991] -236.98550344735028
[ 6.47605797 -0.36227935  3.24398853  5.00512633  4.91514223  0.90185554] -236.982952962464
[ 6.5082581  -0.30680731  3.27577224  5.00798496  4.94847303  0.9343561 ] -236.98684012762325
[ 6.47318982 -0.39476221  3.23426112  5.00462772  4.90092559  0.8953842 ] -236.98359265577582
[ 6.47745601 -0.35816883  3.25730647  4.98019826  4.88185235  0.88285617] -236.98541998955423
[ 6.48500724 -0.37321455  3.24262612  5.01352089  4.92471627  0.91391367] -236.98385735616588
[ 6.47022528 -0.34343783  3.25424513  4.98583011  4.88357446  0.90677808] -236.9860058337315
[ 6.48679489 -0.37687763  3.24450031  5.00967827  4.92149911  0.90449698] -236.98362199321227
[ 6.4700291  -0.41166565  3.26203563  5.0241488   4.93002393  0.91427796] -236.98444678051285
[ 6.48582059 -0.35346645  3.24267483  4.99621317  4.90461336  0.90229583] -236.98310839600703
[ 6.4763774  -0.36593511  3.25564698  4.99175997  4.89474987  0.89479347] -236.9856234963287
[ 6.48284978 -0.37139469  3.24588133  5.00808066  4.91722467  0.90913362] -236.9834103532329
[ 6.47327472 -0.36044439  3.25423313  4.99507005  4.89654221  0.90575571] -236.98585789636942
[ 6.48341484 -0.37276932  3.24693351  5.00602621  4.91525988  0.90481166] -236.9832727652979
[ 6.49028813 -0.33522885  3.26869645  5.00058676  4.92189383  0.91801098] -236.98340056970477
[ 6.48310762 -0.34654108  3.26468127  4.99463586  4.90715114  0.90722068] -236.98261610486247
[ 6.48323654 -0.33411428  3.27408124  4.98791346  4.90211437  0.90626421] -236.98592192795797
[ 6.47327576 -0.38647767  3.24052777  5.00014612  4.89756774  0.89474655] -236.9831319927249
[ 6.47676936 -0.35350665  3.26015545  4.99274664  4.89830431  0.90459083] -236.98541856382968
[ 6.48175347 -0.36795365  3.250239    5.00270632  4.91102099  0.90475645] -236.98306371773808
[ 6.48973434 -0.33362363  3.26979828  4.99948013  4.92048087  0.91799258] -236.98344185387936
[ 6.47739041 -0.37326416  3.2478454   4.99997962  4.90329602  0.90055806] -236.98291855428727
[ 6.47437945 -0.37323408  3.26937474  5.00466857  4.91299614  0.90986404] -236.98600670445333
[ 6.48296031 -0.35840836  3.24934981  4.99832702  4.90670905  0.90418788] -236.98268691702506
[ 6.48465835 -0.36817854  3.27570452  4.99901864  4.91292166  0.87346726] -236.98294725522473
[ 6.47708174 -0.35397194  3.22080457  5.00071326  4.90772206  0.90532617] -236.98315350179413
[ 6.48294116 -0.36717032  3.27254985  4.99959182  4.91019924  0.89534838] -236.98260618613642
[ 6.48061847 -0.35732695  3.26780079  4.99618678  4.90745212  0.88945615] -236.98251677094157
[ 6.48005096 -0.3520136   3.27658169  4.992927    4.90566769  0.88180599] -236.9857350497375
[ 6.48783413 -0.36135046  3.28198869  4.99078691  4.90076752  0.88822393] -236.9829879539052
[ 6.47900201 -0.36204712  3.25348857  5.00154148  4.91154855  0.89844764] -236.98241709899625
[ 6.47734831 -0.35340745  3.24286737  4.99773555  4.90253039  0.924939  ] -236.98588308263894
[ 6.48283084 -0.36448577  3.26749523  4.99869787  4.91032384  0.8863352 ] -236.98258806801132
[ 6.48642973 -0.34539571  3.27727644  4.99634731  4.91449863  0.89310725] -236.9829039282074
[ 6.4841699  -0.35236282  3.26991868  4.99725539  4.91169797  0.89496995] -236.98266527606862
[ 6.48126303 -0.35823633  3.28262832  4.99764271  4.91274857  0.88640478] -236.98577708962944
[ 6.48253599 -0.35836535  3.25766944  4.99815594  4.90821893  0.89974211] -236.98254164851733
[ 6.4795088  -0.36628271  3.25797637  4.99901452  4.90659997  0.89721343] -236.982850131995
[ 6.48300462 -0.35584279  3.2669331   4.99769517  4.91042347  0.89553082] -236.98256113949202
[ 6.48053674 -0.37520502  3.26396438  5.00265382  4.91223758  0.88106609] -236.9831434399415
[ 6.4824649  -0.35370707  3.26450205  4.99664035  4.90842275  0.90068203] -236.98254012496528
[ 6.48054445 -0.35008804  3.25341321  4.99671405  4.90859731  0.89471627] -236.98251549308432
[ 6.47989264 -0.34797334  3.25377382  4.99694672  4.90789721  0.90652314] -236.98554993600783
[ 6.48209629 -0.36035766  3.26406488  4.99826008  4.90971718  0.89138218] -236.9825045780407
[ 6.47941608 -0.35812127  3.25337988  4.99813772  4.90756214  0.89594463] -236.98240634964438
[ 6.4776218  -0.35926051  3.24660326  4.99835899  4.90613148  0.89615154] -236.9824007004155
[ 6.47824665 -0.3558971   3.25895482  4.99774463  4.90907087  0.89053649] -236.98534511446755
[ 6.48146365 -0.35774829  3.25799078  4.99805311  4.90843192  0.8974407 ] -236.9824847566148
[ 6.47798399 -0.36190246  3.24995178  4.99973114  4.90887011  0.88851613] -236.98289818085865
[ 6.48134467 -0.35575591  3.26086448  4.99741305  4.90853459  0.89764056] -236.98246363913196
[ 6.48007249 -0.3577589   3.24434094  5.00059348  4.91020155  0.90247015] -236.9825676189112
[ 6.48048197 -0.35743494  3.26193583  4.99728845  4.90813948  0.89270965] -236.9824434819546
[ 6.48012569 -0.36744677  3.26156939  5.00025767  4.90890375  0.89654116] -236.9828922632517
[ 6.48043976 -0.35442772  3.25545226  4.99759995  4.90867392  0.89517249] -236.98246083517697
[ 6.47802167 -0.3552005   3.24804685  4.9984916   4.90743613  0.90113868] -236.9854229935935
[ 6.48107763 -0.35906837  3.26006037  4.99831796  4.90914692  0.89382131] -236.98245238625245
[ 6.47852563 -0.3582499   3.25481081  4.99878684  4.90895973  0.89387369] -236.98237095916622
[ 6.47705662 -0.35850071  3.25322082  4.99915371  4.90922364  0.89209018] -236.9853072291185
[ 6.47770493 -0.36107361  3.24991921  4.99988484  4.90899877  0.89241821] -236.98239450841888
[ 6.47769824 -0.3646171   3.25348709  5.00045957  4.90896772  0.89396819] -236.9828194722626
[ 6.47975438 -0.35697507  3.25496097  4.99831486  4.90874737  0.89487141] -236.98241672615342
[ 6.47661928 -0.35927868  3.24717918  4.99974053  4.90836154  0.89566941] -236.98534914031495
[ 6.47996304 -0.35912095  3.25684007  4.9986736   4.90895058  0.89428333] -236.98241828529044
[ 6.47704196 -0.36147412  3.24360514  5.00123175  4.90963935  0.89730563] -236.9829012862324
[ 6.47962197 -0.35844473  3.25735316  4.99827428  4.90851445  0.89385864] -236.98241458446157
[ 6.4774472  -0.3595627   3.24887192  4.99971349  4.90868288  0.89559038] -236.98237964552405
[ 6.47788996 -0.35580838  3.25068454  4.99623629  4.90512968  0.89047366] -236.98536366154843
[ 6.478724   -0.36048744  3.25278756  5.00021518  4.90994383  0.89645414] -236.98239409069632
[ 6.47679413 -0.36205123  3.24848767  5.00009635  4.90832967  0.89457746] -236.98282104955277
[ 6.47901432 -0.35824411  3.25334264  4.99876023  4.90864295  0.89479792] -236.9823980830581
[ 6.47672399 -0.36051469  3.24475865  5.00029892  4.90860543  0.89590332] -236.98286208488963
[ 6.47889747 -0.35896222  3.25420453  4.99878044  4.90853719  0.89436981] -236.9823935532122
[ 6.47914938 -0.35959948  3.25804229  5.00035469  4.9117903   0.89301651] -236.98241850065904
[ 6.4780037  -0.35934525  3.24946302  4.99885791  4.90754619  0.89536778] -236.98237633299695
[ 6.47741999 -0.36098294  3.25000971  4.99998601  4.90891325  0.89456008] -236.98282613906693
[ 6.47861574 -0.35892881  3.25250941  4.99906667  4.90871052  0.89473846] -236.9823875889391
[ 6.47903298 -0.3574385   3.25429653  4.99858867  4.90846134  0.89771321] -236.98238918226428
[ 6.47811691 -0.35700836  3.25193118  4.99771616  4.90702212  0.89409697] -236.98534013156257
[ 6.47857223 -0.35961767  3.25257346  4.99959043  4.9092134   0.89586485] -236.98239750814406
[ 6.47826466 -0.35879758  3.25213691  4.99882238  4.90825296  0.89462074] -236.98237665147985
[ 6.47798641 -0.3589063   3.25184136  4.99925017  4.9088213   0.89473203] -236.98238240008854
[ 6.47857068 -0.35858936  3.25366011  4.99892676  4.90883513  0.89430608] -236.98238177664246
[ 6.47877931 -0.3578442   3.25455367  4.99868776  4.90871054  0.89579345] -236.98237877898362
[ 6.47871155 -0.35860606  3.25450767  4.99878364  4.90874846  0.89412175] -236.9823838792538
[ 6.47862481 -0.35936867  3.25379918  4.99950101  4.90945178  0.89516391] -236.98238446290986
[ 6.47832127 -0.35762913  3.25337099  4.9982515   4.90799093  0.89398533] -236.98535480510023
[ 6.47854893 -0.35893379  3.25369214  4.99918864  4.90908657  0.89486927] -236.98236743044282
[ 6.47818032 -0.35850098  3.25239067  4.99910387  4.90880695  0.89527667] -236.98236355232777
[ 6.47791471 -0.35844844  3.25133216  4.99926399  4.90883619  0.89585413] -236.98533683452783
[ 6.4789701  -0.35806564  3.25524007  4.99858858  4.90872932  0.89484793] -236.98238157354893
[ 6.47851897 -0.358208    3.25394798  4.99879926  4.90868023  0.8954545 ] -236.98237020151214
[ 6.47796918 -0.35877918  3.25193732  4.99920767  4.90876967  0.89511484] -236.98534592409808
[ 6.47871987 -0.35824402  3.25441438  4.99874335  4.90873941  0.89491466] -236.98237955556576
[ 6.47821941 -0.3586008   3.25276301  4.9990529   4.90875958  0.89504811] -236.9823603613778
[ 6.47796918 -0.35877918  3.25193732  4.99920767  4.90876967  0.89511484] -236.98534592409808
[ 6.47797333 -0.35925281  3.25202683  4.99923021  4.9088048   0.89392088] -236.9823622720976
[ 6.47839087 -0.35845118  3.2544069   4.99923153  4.90944633  0.8948603 ] -236.98534322554187
[ 6.47829621 -0.35871098  3.25270441  4.99892467  4.9085513   0.89468063] -236.98237026977603
[ 6.47805343 -0.35915255  3.25103087  4.999313    4.90860341  0.89587633] -236.98236901817359
[ 6.47820191 -0.35883866  3.25257942  4.99930463  4.90902921  0.89546796] -236.9823680367551
[ 6.47787348 -0.35955186  3.25087966  4.99959848  4.90901661  0.89469857] -236.982373570478
[ 6.47835759 -0.35854397  3.2531809   4.99899907  4.90876432  0.89526552] -236.98237101032944
[ 6.47809637 -0.35892681  3.25239492  4.99914155  4.90878219  0.8944845 ] -236.9823607052099
[ 6.47819986 -0.35855089  3.25257684  4.99907839  4.90878326  0.89516239] -236.98236612513585
[ 6.47838417 -0.35876729  3.25322757  4.99912077  4.90892307  0.89495869] -236.98236864345336
[ 6.47821066 -0.35871973  3.25267122  4.99917876  4.9088944   0.89525804] -236.98236799838494
[ 6.47813642 -0.35887667  3.25189694  4.99918295  4.9086815   0.89546222] -236.98237551231935
[ 6.47836919 -0.3584044   3.25335549  4.99892608  4.9087199   0.89525131] -236.98237442414438
[ 6.4783568  -0.35844663  3.25376608  4.9989832   4.90893931  0.89459212] -236.98238052907945
[ 6.47819151 -0.35876916  3.25236422  4.99913301  4.90874595  0.8952447 ] -236.98236997403728
[ 6.47806481 -0.35904049  3.2519771   4.99930905  4.90890958  0.89480083] -236.98236772073236
[ 6.47820025 -0.35876617  3.25283933  4.99916079  4.90893808  0.89465949] -236.98237200898845
[ 6.4781937  -0.35876842  3.252483    4.99913996  4.90879398  0.8950984 ] -236.9823640213338
[ 6.4779441  -0.35876842  3.25172779  4.99917943  4.90871792  0.89499206] -236.98533889862634
[ 6.47827415 -0.35876757  3.25285263  4.99913543  4.90887179  0.89496703] -236.9823592802457
[ 6.47813877 -0.35883193  3.25234462  4.99910699  4.90873907  0.89459572] -236.9823560402627
[ 6.47810283 -0.35888802  3.25218132  4.99907111  4.9086614   0.89426456] -236.9823718272694
[ 6.47830928 -0.35844164  3.25316124  4.99890936  4.90866704  0.89498455] -236.98236367483074
[ 6.47821069 -0.35889483  3.2527563   4.99908368  4.90875462  0.89456371] -236.98236851563954
[ 6.47820257 -0.35863687  3.2526217   4.99907971  4.9087761   0.89501272] -236.98237454742886
[ 6.47820646 -0.35879975  3.25259862  4.99912121  4.90880543  0.89478138] -236.98236892324732
[ 6.47817909 -0.35871636  3.25255381  4.99907995  4.90874932  0.89482192] -236.98236345176417
[ 6.47811757 -0.35887937  3.25236977  4.99912427  4.90876063  0.89454011] -236.9823612422058
[ 6.47822403 -0.35863679  3.25275293  4.99900818  4.90870305  0.89479013] -236.98236423983576
[ 6.47816623 -0.35880017  3.25241381  4.99912348  4.90876652  0.89484706] -236.9823707683791
[ 6.47816932 -0.35869141  3.25246073  4.99909269  4.90876117  0.89487905] -236.98237264638283
[ 6.47817473 -0.35886338  3.25255046  4.99909534  4.90874684  0.89457971] -236.9823662337921
[ 6.47818065 -0.35877569  3.25264293  4.99905517  4.90873492  0.8945226 ] -236.9823628322694
[ 6.47813182 -0.35876808  3.25247288  4.99903542  4.90867252  0.89450202] -236.98236818046394
[ 6.47815048 -0.358776    3.25250432  4.99905687  4.90870575  0.89457186] -236.9823651555251
[ 6.47815546 -0.35867533  3.25250566  4.99904847  4.90871741  0.89470106] -236.98237087723098
[ 6.47816991 -0.35881637  3.25253926  4.99908362  4.90873948  0.89461005] -236.98236660763388
[ 6.47812817 -0.35885565  3.25235719  4.99911563  4.90874985  0.89456791] -236.982363445236
[ 6.47815971 -0.35880381  3.25249377  4.99908108  4.908737    0.89455916] -236.98236620929887
[ 6.47815893 -0.35877414  3.25244921  4.99909347  4.9087442   0.89470882] -236.98236101687414
[ 6.4781814  -0.35873436  3.25254877  4.99905759  4.90872106  0.89469293] -236.98237108113304
[ 6.47814463 -0.35880396  3.25242447  4.99908193  4.90872241  0.89458379] -236.9823720314313
[ 6.47815675 -0.35884765  3.25244754  4.99910117  4.90874296  0.89458772] -236.98236449942726
[ 6.47816329 -0.35881188  3.2524559   4.99910338  4.90875563  0.89465363] -236.98236939644568
[ 6.47812048 -0.35890733  3.25230064  4.99914299  4.9087685   0.89453139] -236.98237162402398
[ 6.47816617 -0.3587776   3.25248674  4.99907894  4.90873292  0.89465254] -236.98237366676574
[ 6.47814885 -0.35880304  3.25239691  4.99910023  4.90874163  0.89465227] -236.98237011546664
[ 6.47813347 -0.35884379  3.2523509   4.99911131  4.90874446  0.89458181] -236.98235501838673
[ 6.47814776 -0.35883979  3.25239608  4.99910408  4.90874101  0.89459172] -236.98235500475275
[ 6.47814924 -0.35881787  3.25241919  4.99909404  4.90873803  0.89457744] -236.98236886382583
[ 6.47815103 -0.3588219   3.25240026  4.99910519  4.90874735  0.89462467] -236.98236554161758
[ 6.47816008 -0.35878314  3.25244669  4.99908229  4.90873006  0.89464432] -236.98236279194353
