[-0.72476115  0.94726535 -0.44610615 -0.12014995  0.31792201  0.24907659] -277.89615565215354
[-0.90716047 -0.1676027  -1.8217946   0.53885822  1.16459597  0.3600865 ] -285.21914476727346
[-0.62569358  0.28994911  0.89093676 -0.33208843  0.38990154  1.14910836] -275.2088190883421
[ 1.77686044  0.31690266  2.00831443 -1.37732442 -0.88568758 -0.12842835] -273.59784980272536
[2.15460823 0.11500961 1.38974514 1.47270053 0.34638932 0.60621256] -248.5418152624496
[-0.2779271  -0.09457299  1.4865959  -0.84434689  0.00564696  0.76059467] -273.25807166382765
[ 0.14753639 -0.87666218  0.40862572  1.25823764  0.56250248 -1.50088272] -262.60869940894094
[ 1.72403488  0.40023321  3.73449853 -0.51984872 -0.91903773  0.01847388] -266.89000439905305
[ 2.3579009  -0.89697888  3.75234497  0.00592652 -0.48468368  0.05261621] -258.7330137404472
[ 3.25336483 -0.6353053   3.36910481  0.33053665 -0.84819162 -1.21291294] -262.7519489310284
[ 1.34297893 -0.9796615   2.70532392  1.94505966  0.43989615 -0.2968711 ] -250.50585812391068
[ 3.93806849 -0.86321535  3.63328513  2.34188431 -0.30668865 -1.53838271] -260.51462814642304
[ 2.67411771 -1.77917108  1.35164469  2.97129716  0.82211239 -1.31521411] -248.12438989374976
[ 3.14915912 -2.86887323  0.16021777  4.71687011  1.69268745 -1.9820581 ] -260.14452625608635
[ 0.95170539 -1.12492117  1.04455172  3.00116529  1.30803429 -0.11792768] -252.48496719913078
[ 4.32559016 -0.96631727  4.21700614  2.65444018  0.1458508   0.63102711] -251.69738469339487
[ 0.66423195 -1.01413141  1.1869204   1.6749788   1.16588841  1.39166371] -259.26341122308986
[ 1.48269109 -0.9764024   1.79851158  1.84170518  0.79774414  0.6591521 ] -249.54074133927818
[ 1.95266293e+00 -1.00684239e+00  4.16582758e-01  4.62286282e+00
  1.77135938e+00  2.84341174e-03] -254.25455191645742
[ 2.05397242 -0.97937651  1.25052331  3.46862874  1.20734861  0.01528661] -246.7591903346633
[ 3.72628079 -0.73038522  3.19303321  1.7834452  -0.05492048  0.21779207] -249.59954955882654
[ 0.15262623 -0.81034509 -0.32074552  1.83983864  1.04033925 -0.66890773] -262.88026399828163
[ 3.28234918 -0.92732423  3.08256823  2.4507898   0.36947291  0.3060434 ] -245.85692357609253
[ 3.78169421 -0.77955511  1.3166848   2.71779588  0.72281948  0.45996198] -246.78342560682583
[ 1.41686349 -1.04522135  0.20352604  3.19086057  1.47688277  0.02602211] -250.21363682775402
[ 3.14892647 -0.80909425  2.44565642  2.13529904  0.32803033  0.16984958] -245.99226390340297
[ 4.21586498 -0.74343479  1.81376261  3.2304652   0.46764687 -0.57843876] -256.6450131449746
[ 2.16598456 -0.9181605   1.80232434  2.18889519  0.71521982  0.34975439] -245.63726040869358
[ 3.54773995 -2.17923684  2.36005546  3.8382014   1.0419452  -0.61098528] -249.50516468406545
[ 2.50289116 -0.458552    1.63232272  2.06407575  0.52027829  0.3019131 ] -245.7878695116252
[2.97115496 0.15515021 2.49171524 2.03719763 0.46561076 1.84948379] -245.501503465463
[3.11967359 1.12231086 3.06175052 1.57014787 0.28735994 3.43183274] -250.85231921375052
[ 1.59339871 -0.53289732  2.91835196  2.06383284  0.47916743  0.53748165] -248.92454772870846
[ 3.23462033 -0.71789066  1.71710159  2.55430512  0.66190647  0.47934189] -244.76051598188886
[ 3.7146698  -0.24591396  3.14003953  1.00822543 -0.18717576  1.1368421 ] -251.22244421783577
[ 2.46914677 -0.79601088  1.72290237  2.85352791  0.85871752  0.29567549] -244.60075317754203
[ 2.39312252 -0.4118351   1.70398841  2.58096476  0.86903826  1.02422111] -244.48026598283414
[ 2.01522055 -0.21320552  1.3331544   2.80379762  1.13954222  1.45140687] -246.15858092152314
[ 1.96329092 -0.12177541  0.60754999  2.30886565  0.99411746  1.12741986] -247.79720585945805
[ 2.95258462 -0.72593702  2.46381367  2.41530876  0.52563405  0.51138751] -244.56443379549918
[ 2.89264676 -0.67967598  2.33495915  2.81265737  0.84509734  1.20137496] -243.28069818397213
[ 3.08752456 -0.79023797  2.68627737  3.18694819  1.00750686  1.65110589] -243.10109193303137
[ 3.53673336 -0.17742664  2.45960854  3.02052227  0.74758481  1.58731751] -245.24652529308923
[ 2.92008909e+00 -1.36159630e+00  1.75951540e+00  3.49999470e+00
  1.09118523e+00  1.99338847e-04] -245.21547555578562
[ 2.1489626  -1.42374267  1.55825773  2.67649421  0.92374465 -0.26667377] -245.58362049278537
[ 3.18979067 -0.48900565  2.23427084  2.93451526  0.79162477  1.12381969] -244.02308101715397
[2.8555074  0.05129054 2.41660268 2.00852863 0.48029074 1.69498452] -245.4070101640563
[ 2.90394367 -1.00837459  1.92378722  3.12712819  0.93846161  0.42389563] -244.01207056315167
[ 2.4307506  -0.68924307  2.52791171  3.14515924  1.00175456  1.19735988] -244.33502071825035
[ 3.18342545 -0.57553359  2.79044737  2.94314688  0.85262251  1.68158775] -243.38777134682468
[ 2.77693454 -0.59547296  2.15841397  3.55731207  1.29470214  1.85594247] -243.90147451399838
[ 3.46433397 -0.97078751  3.06971442  3.71710518  1.09318589  1.62034933] -245.31735793479652
[ 2.66092539 -0.5515732   2.04541991  2.86499986  0.92507517  1.17325316] -243.58461075304382
[ 3.50343082 -0.64748958  2.08496052  3.05952425  0.9349098   1.43917499] -243.67482063588432
[ 2.84893747 -0.90055498  2.32883129  3.31183789  1.19280126  1.61783361] -242.83459955327618
[ 2.67851087 -1.10632965  2.37611151  3.50049921  1.3933895   1.86484057] -243.02345923046184
[ 3.11644907 -0.34524617  2.77432959  3.18079486  1.1307443   2.71573699] -243.89892546217993
[ 3.35662971 -0.67473887  2.74500805  2.62510524  0.71985116  1.57028833] -243.45417817198555
[ 3.09717539 -1.03479656  2.11931858  2.81639257  0.74684462  0.32867759] -244.19954188903228
[ 3.11163065 -0.51763377  2.61057684  3.08969429  1.03476938  2.11897214] -243.1983033395729
[ 2.57959359 -0.68926788  2.98389308  2.94771987  0.97596565  1.83183864] -244.01413665369657
[ 3.27247151 -0.65793415  2.30969366  3.03157315  0.94517376  1.5373409 ] -243.13304371251965
[ 3.62594773 -0.82063791  3.11152495  3.19776868  0.99249981  2.21912304] -243.4959088864535
[ 3.38469215 -0.75337173  2.84499869  3.11457648  0.97564365  1.95765557] -243.1052612277983
[ 2.93959755 -0.7236832   2.44526703  3.60082039  1.28298798  1.9512103 ] -243.67791440633812
[ 3.25237167 -0.68697495  2.67007279  2.86903403  0.86063536  1.66551882] -243.08344389082555
[ 3.13578389 -0.8600356   2.35970284  3.25807446  1.15288758  1.83455456] -242.6359998195859
[ 3.11196312 -1.0022866   2.14433058  3.41553825  1.30302011  1.91103796] -242.49449894136637
[ 3.20768951 -1.07948636  2.38415796  3.2201417   1.06015762  1.32785878] -242.71700606557917
[ 3.02525464 -1.07970338  2.70986256  3.34111903  1.1880812   1.83966264] -242.61650591146258
[ 2.79322151 -1.09304301  2.12951216  3.33362988  1.22842382  1.38001699] -242.7375058080765
[ 2.99228808 -1.15711179  2.10264507  3.31015207  1.2701996   1.59620371] -242.3132238199076
[ 2.94466984 -1.3405487   1.81082892  3.37175401  1.40154596  1.56875262] -242.31128155494292
[ 2.72487369 -1.47823273  1.83243503  3.79563956  1.59737463  1.54953539] -242.97200382372375
[ 2.85674818 -1.28041828  2.04184447  3.56398818  1.41318981  1.57853124] -242.57112130099776
[ 3.13091146 -1.39127379  2.07801426  3.43688579  1.33867158  1.58411981] -242.196882407056
[ 3.27189846 -1.6366332   1.95260575  3.49940974  1.41160674  1.5672629 ] -242.20685019047852
[ 3.29919074 -1.29819603  2.26016742  3.44951244  1.33979827  1.88997069] -242.1664977170818
[ 3.55217535 -1.40077253  2.32549505  3.50745371  1.3954855   2.14494754] -242.27306165348867
[ 2.91522316 -1.3846559   1.96419145  3.63945753  1.60127802  2.12949954] -242.558753914291
[ 3.06098086 -1.48608973  1.3899298   3.61792637  1.61108673  1.71430798] -242.6370230829345
[ 3.0341862  -1.18129996  2.37987937  3.41032086  1.29383258  1.80832398] -242.34205187813228
[ 3.28863332 -1.25233538  2.1706262   3.34383478  1.34619237  2.05203696] -242.16978218736566
[ 3.3546284  -1.10399092  2.3170908   3.16982452  1.0730756   1.4752478 ] -242.5925471099741
[ 3.02507447 -1.31448966  2.05241629  3.52204927  1.46922742  1.96593661] -242.27976860374508
[ 3.12892556 -1.59042791  2.10631357  3.42924747  1.42673595  1.71200893] -242.01338529381135
[ 3.13740678 -1.88449857  2.08730507  3.43610208  1.48859387  1.61249441] -242.06188876932924
[ 3.23828226 -1.54779053  1.77957618  3.44077373  1.48022461  1.78261789] -242.21852141092327
[ 3.42566943 -1.45762239  2.33820905  3.50234715  1.39873743  2.09347767] -242.1545750901964
[ 3.47879646 -1.53139235  2.19188594  3.34548451  1.30755932  1.73880737] -242.20494707598613
[ 3.34576006 -1.29262543  2.60216264  3.39499699  1.23900703  1.90752258] -242.2908608686518
[ 3.26515171 -1.48399925  1.9852228   3.42932954  1.41992021  1.81384407] -242.10159986704878
[ 3.03403095 -1.2932259   2.12096516  3.51823455  1.44912595  1.97634533] -242.2783831758483
[ 3.36760508 -1.47185074  2.17415575  3.38867202  1.34295098  1.79819186] -242.09855511861048
[ 3.46081382 -1.46020344  2.266884    3.41076201  1.41944016  2.20239025] -242.1374703760043
[ 3.36048546 -1.66843121  2.206358    3.52612209  1.4363353   1.78459087] -242.0210900897294
[ 3.37035961 -1.74598229  2.0988803   3.44598099  1.4749084   1.91153052] -242.09432766413636
[ 3.22544432 -1.68267589  1.94106242  3.37435756  1.44135957  1.64737449] -242.09390427204713
[ 3.11184343 -1.75425232  1.90378028  3.45380788  1.42796331  1.35345666] -242.18245985403033
[ 3.37357122 -1.53371566  2.17610807  3.42152348  1.42157095  1.99015685] -242.04818207597413
[ 3.34364537 -1.74702865  2.24906991  3.43263833  1.4280335   1.80077378] -241.96546074277134
[ 3.3828922  -1.87854334  2.38099347  3.43429272  1.43209015  1.79423863] -241.95521780168127
[ 3.24628771 -1.89474136  2.12908287  3.48850275  1.53471579  1.81510823] -242.0311272752261
[ 3.20217588 -1.67019617  2.21442583  3.4453677   1.42269416  1.66962881] -241.91362253576418
[ 3.11808401 -1.63230311  2.27219859  3.44506106  1.39658704  1.54867796] -241.91620981624385
[ 3.33933503 -1.72934266  2.46336485  3.54066118  1.4500212   1.94120295] -241.9367926315279
[ 3.17979606 -1.94351189  2.32407146  3.53320783  1.47929324  1.58210262] -241.92860296532893
[ 3.28491568 -1.59874304  2.43609286  3.48113025  1.34767421  1.6794827 ] -242.0122221980155
[ 3.145528   -1.8018238   2.43539601  3.42851362  1.416501    1.67496401] -241.90000971005765
[ 3.03804927 -1.86852009  2.54991502  3.37970939  1.40658385  1.62015059] -241.9926512245764
[ 3.38262206 -1.95029239  2.64513459  3.52514363  1.4226887   1.73519765] -241.90936720808176
[ 3.25920072 -2.05916038  2.38503588  3.48793198  1.52675528  1.78629552] -241.980679831161
[ 3.26562946 -1.94405604  2.39780012  3.48623155  1.48198501  1.75959232] -241.9030324275878
[ 3.12213663 -1.80119764  2.44573749  3.55208245  1.45897096  1.65999082] -241.91890705710833
[ 3.09329434 -1.97434998  2.35749032  3.44952108  1.44402316  1.41928913] -241.95051424202288
[ 3.27782485 -1.79059449  2.43689622  3.51787615  1.44852169  1.81072449] -241.8889274729599
[ 3.28550957 -1.70920828  2.53439196  3.45186387  1.40449394  1.85459675] -241.8661328604705
[ 3.33836633 -1.59205648  2.63955221  3.41119189  1.36709428  1.99084382] -241.91412424857904
[ 3.39762665 -1.82085942  2.44227743  3.39958306  1.40665721  1.84157719] -241.94082127369708
[ 3.19100913 -1.80611308  2.44487247  3.5139576   1.44589252  1.70538741] -241.8768189114883
[ 3.31386515 -1.99716653  2.75040463  3.52916111  1.45066679  1.84385873] -241.91573259207655
[ 3.23009819 -1.75193876  2.34842053  3.46631605  1.42968732  1.71318629] -241.87737166909608
[ 3.08257768 -1.65095243  2.22079118  3.42977599  1.45300512  1.77095278] -241.982511419894
[ 3.30761096 -1.8754574   2.53904874  3.50130172  1.43026781  1.74413643] -241.87097780000207
[ 3.21356411 -1.63432256  2.51520852  3.47371146  1.37646975  1.74140615] -241.91963392507745
[ 3.25261313 -1.86662267  2.42715222  3.48310153  1.45560619  1.75504578] -241.87484990420197
[ 3.36936061 -1.79815443  2.4748647   3.54962535  1.45498882  1.85272837] -241.89653832185783
[ 3.31340246 -1.79907177  2.46499753  3.51934742  1.44536687  1.80828728] -241.87303482001136
[ 3.24892296 -1.8122095   2.4827316   3.46075324  1.42191653  1.71615549] -241.84308612744022
[ 3.23447202 -1.823017    2.50564929  3.43219179  1.40861394  1.66887099] -241.82864277628119
[ 3.29810756 -1.87455798  2.62361687  3.50093859  1.43372644  1.79892192] -241.85551148660994
[ 3.3728961  -1.84319862  2.5867464   3.44895737  1.41346587  1.83789897] -241.86896151210317
[ 3.35138643 -1.77488102  2.65766471  3.46843206  1.38970543  1.81585834] -241.86379842894488
[ 3.30325842 -1.83436833  2.68404179  3.41521438  1.38139094  1.76514052] -241.84711514763708
[ 3.30759907 -1.74428635  2.6583216   3.4045643   1.38019771  1.83629273] -241.83389928387652
[ 3.22054826 -1.74357436  2.63448234  3.44211096  1.38591026  1.74199478] -241.84409375885178
[ 3.28628101 -1.88902006  2.72020024  3.43595348  1.38868764  1.68776301] -241.8279759398402
[ 3.28666674 -1.97892595  2.81310438  3.42799829  1.38078449  1.60434613] -241.8436799492059
[ 3.19870235 -1.86139368  2.61777268  3.40855911  1.40313688  1.68380297] -241.83959154834884
[ 3.21884615 -1.75732861  2.64987244  3.34525942  1.34891936  1.66236641] -241.81966615590628
[ 3.17921544 -1.69871393  2.66300023  3.26741983  1.30651581  1.59408866] -241.83457435029297
[ 3.18555786 -1.77183836  2.57805774  3.4076653   1.39043099  1.66188978] -241.81190788426892
[ 3.12670758 -1.74057338  2.52506571  3.40389077  1.39495101  1.61026441] -241.81931639992342
[ 3.25660456 -1.87205366  2.60880899  3.36928684  1.38741858  1.65833385] -241.8191567588237
[ 3.29775121 -1.75778767  2.62253076  3.38974794  1.36495252  1.70803595] -241.80455862439362
[ 3.34727564 -1.70598466  2.6249098   3.38034235  1.34586034  1.72015243] -241.81441619614162
[ 3.18557187 -1.87939544  2.57005155  3.38880396  1.38280996  1.51279393] -241.82333671750175
[ 3.24239887 -1.8194576   2.74419128  3.34671386  1.34579241  1.62818999] -241.80648431220786
[ 3.17596249 -1.73026705  2.53763734  3.31320562  1.3514203   1.58944029] -241.80940316527114
[ 3.27346851 -1.69018221  2.6769813   3.3351557   1.34683475  1.78995816] -241.81647405797995
[ 3.25840169 -1.7898669   2.60619669  3.37533234  1.3800305   1.68291626] -241.7838664984101
[ 3.27817946 -1.80613605  2.58435882  3.3903688   1.39558607  1.69319119] -241.76969293819354
[ 3.22783491 -1.65316932  2.6391101   3.35833223  1.34425377  1.69856793] -241.79248445162966
[ 3.19575975 -1.82270314  2.55831405  3.40018888  1.38397726  1.53648022] -241.78996079630133
[ 3.28707104 -1.75800191  2.65065638  3.32518714  1.33822979  1.62274541] -241.7743649905282
[ 3.33370259 -1.80881818  2.72874978  3.42364067  1.37284364  1.7062966 ] -241.79084397628532
[ 3.29770078 -1.71608116  2.51704868  3.4157747   1.38748861  1.69358244] -241.77473577677253
[ 3.24233163 -1.76384892  2.60354851  3.3814162   1.37584052  1.60891865] -241.74080212823907
[ 3.21462184 -1.76687954  2.59405738  3.37725034  1.38128452  1.55936   ] -241.7158844806994
[ 3.30784358 -1.90637067  2.5719516   3.41913794  1.40888286  1.57198402] -241.7618129128805
[ 3.19335623 -1.78323931  2.43004585  3.3523286   1.39230607  1.51948449] -241.76945311249068
[ 3.33049789 -1.75619974  2.55772552  3.35982695  1.38394871  1.68363564] -241.73156998036086
[ 3.23948923 -1.87619458  2.61254984  3.3255919   1.3792574   1.52321781] -241.7512404365977
[ 3.23425837 -1.87367139  2.46623996  3.41631437  1.44219209  1.56087897] -241.72660992741314
[ 3.22850959 -1.84804903  2.49316457  3.35978123  1.40037114  1.44632912] -241.70994647041962
[ 3.20367465 -1.86900553  2.44756744  3.34448745  1.40276368  1.32289809] -241.70719504088484
[ 3.31677229 -1.89953451  2.65331807  3.39520771  1.40713702  1.55450701] -241.68599400417844
[ 3.37848033 -1.9576821   2.76495417  3.41664727  1.41455249  1.57201828] -241.6773275649782
[ 3.22583053 -1.79350696  2.57574651  3.32756815  1.3924501   1.50201891] -241.64962765458898
[ 3.184824   -1.7370751   2.57764396  3.28178326  1.38423372  1.46703635] -241.61736707447736
[ 3.27596313 -1.77730988  2.52351297  3.40651132  1.42373434  1.53205797] -241.60864557994867
[ 3.29420008 -1.72786753  2.47899454  3.44697102  1.44597281  1.53647805] -241.56349439474212
[ 3.17285521 -1.88786065  2.55209363  3.40132428  1.43971773  1.32258761] -241.61114053752993
[ 3.248627   -1.77511876  2.67219708  3.33984017  1.38064956  1.36591382] -241.54629403966015
[ 3.25581131 -1.72584245  2.77517563  3.30160307  1.3498783   1.26843125] -241.4997870713412
[ 3.28199335 -1.86823158  2.60475241  3.35368845  1.43108839  1.27045654] -241.47865756361898
[ 3.3156791  -1.9189076   2.61009992  3.3419075   1.45599033  1.12600481] -241.4122813262386
[ 3.33027535 -1.78273962  2.80541984  3.38559135  1.42735144  1.44128736] -241.38666275664778
[ 3.3935757  -1.73960666  2.98434605  3.40614331  1.43964532  1.500482  ] -241.29583066274228
[ 3.16050147 -1.62137123  2.56116374  3.30993021  1.42392691  1.16832175] -241.33726835899006
[ 3.34605028 -1.80341028  2.74298054  3.45417654  1.46747675  1.17373214] -241.2973738592938
[ 3.41575077 -1.62447459  2.83215985  3.35225294  1.42124575  1.26856239] -241.18266483813628
[ 3.53719856 -1.49278156  2.97219296  3.32771727  1.41200976  1.24154977] -241.0950627873396
[ 3.3754054  -1.70610573  3.06965841  3.26685494  1.40366965  0.95636252] -241.14841651941703
[ 3.45365887 -1.7015519   2.87163823  3.40064019  1.5176946   1.12038641] -240.93181385463834
[ 3.55258265 -1.68940662  2.91986953  3.45015874  1.60160275  1.046364  ] -240.70670545242083
[ 3.47275892 -1.43198643  3.13997049  3.3964195   1.46012006  1.23626591] -240.98115048316788
[ 3.73202236 -1.66639453  3.38184225  3.45722656  1.50424785  1.21659703] -241.0960019753592
[ 3.67513091 -1.43868357  3.41297935  3.3139969   1.47295505  1.22547494] -240.861892371851
[ 3.72145723 -1.40217949  3.31449162  3.33131466  1.51188972  0.80705606] -240.82018571921068
[ 3.85497815 -1.33437167  3.31079033  3.4920896   1.58393875  1.30140672] -240.86741120447846
[ 3.53934644 -1.26340859  2.9749225   3.313339    1.50992417  1.0694421 ] -240.64094423136407
[ 3.44300848 -1.06191561  2.77146263  3.24139522  1.51276233  0.99586464] -240.57555874576144
[ 3.70277355 -1.29339957  3.31766169  3.41407428  1.63574646  0.96259431] -240.401705817241
[ 3.78556105 -1.19370857  3.49039606  3.45725278  1.74761481  0.82311658] -240.18536124258299
[ 3.87148057 -1.27476875  3.26669269  3.3656498   1.68346775  0.83016173] -240.3202825178682
[ 3.49476215 -1.35251587  3.08117364  3.2278331   1.59282539  0.60793927] -240.41175572484173
[ 3.61448646 -1.2194814   2.8683827   3.37720453  1.74376587  0.47802582] -240.2017760851544
[ 3.53250322 -1.19508612  2.81816747  3.3751834   1.78212325  0.78676795] -239.96678195194673
[ 3.43802622 -1.09153943  2.57000539  3.39711776  1.91724001  0.7766239 ] -239.84241737918313
[ 3.66319233 -0.70856992  3.09616817  3.23865899  1.79762263  0.45754665] -239.88834939432394
[ 3.84616111 -1.21827904  3.35281026  3.44651043  1.98141648  0.32860668] -239.75240337507074
[ 4.04773743 -1.29646075  3.64348407  3.54906804  2.21574356 -0.0050223 ] -239.8233113290486
[ 3.91154043 -0.88293317  3.13364479  3.532965    2.0308838   0.62342119] -239.60196936377213
[ 4.11992957 -0.64814183  3.15988036  3.68553095  2.249913    0.63116215] -239.58605586482247
[ 3.61763834 -0.75180465  2.91252163  3.50177535  2.12905652  0.33486553] -239.4795940799697
[ 3.49071723 -0.4903226   2.7354361   3.56983813  2.35185091  0.08721743] -239.61679801095167
[ 3.87568308 -0.65119974  3.32554459  3.53174422  2.19718862  0.63928134] -239.1972954308339
[ 4.00628138 -0.36705892  3.55412553  3.60901407  2.42389999  0.71990911] -239.02810178498262
[ 3.77818194 -0.40142269  2.72477438  3.50228307  2.41876807  0.25978809] -239.2658582258157
[ 3.93888052 -0.78417893  2.99520435  3.80875156  2.57580873  0.5594385 ] -238.88134767020267
[ 4.07672462 -0.82198343  2.94472243  4.09379785  2.96490178  0.61038442] -238.7638834479624
[ 4.37694611 -0.31135741  3.6462728   3.88251948  2.80541194  0.18494809] -239.54211336246587
[4.14573954 0.1176894  2.96128879 3.97846316 3.01590062 0.58507912] -239.250969404124
[ 3.88057441 -0.19717074  3.0880215   3.83708671  3.00273331  0.26716264] -239.02626414643333
[ 3.45810064 -0.49589293  2.41554528  3.62495392  2.51300816  0.74078154] -239.4659623892544
[4.16422916 0.02985821 2.98363768 4.04675757 3.31734746 0.72616944] -238.87793811413584
[ 4.55914305 -0.05080313  3.66997815  4.06418022  3.20150892  0.31538273] -239.53140304437758
[ 3.73336124 -0.38462048  2.7291535   3.7347605   2.68513335  0.63443184] -238.97931028759947
[ 4.22412152 -0.13967263  3.36220876  4.26434354  3.38453743  0.92125743] -238.87719258182318
[ 3.88269123 -0.74457206  3.25933434  3.88345692  2.91028382  0.70802584] -238.67409791461986
[ 3.75116708 -1.17570278  3.40835712  3.8359538   2.85747542  0.7694992 ] -239.09927243772006
[ 3.98095268 -0.38566146  2.56823387  4.34438696  3.66441239  0.56923477] -239.2672858298225
[ 3.99994921 -0.37170955  3.30765262  3.79285729  2.73402809  0.68224052] -238.73605983466504
[ 4.14645125 -0.61372924  3.10754828  4.10157118  2.99601067  1.16034053] -238.59374691180096
[ 4.27938968 -0.82200849  3.11731168  4.23381342  2.99264935  1.60692947] -238.85897805721595
[ 4.43136109 -0.50264909  3.59254787  4.32616762  3.4172364   0.96837422] -238.68673308183634
[ 4.08953714 -1.09463021  3.54103376  4.10730723  2.81831861  0.95737155] -238.7425557962355
[ 3.98478333 -1.24341856  3.22207101  3.83737582  2.56238903  0.77432159] -238.85095553769486
[ 4.04461788 -0.96748208  3.25710545  3.94411775  2.76792613  0.81105555] -238.62620885552448
[ 4.12147798 -0.60960731  3.743685    3.95802815  2.91636613  1.15208498] -238.62389209374922
[ 4.11931241 -0.17528623  3.2149241   3.89475908  3.09563181  0.87000233] -238.64195592363603
[ 4.24868808 -0.83273245  3.41739573  4.24317628  3.30045689  1.20772063] -238.46762862335513
[ 4.37305751 -1.0632439   3.47226729  4.46833577  3.58367129  1.47046069] -238.63772458218915
[ 3.75638519 -0.8118207   3.07411643  3.68220216  2.57832208  1.00136907] -238.8743098965054
[ 4.26261712 -0.57994199  3.46294001  4.16517626  3.20750782  0.97662293] -238.50633841622198
[ 4.431697   -0.51502104  3.47519852  4.21881931  3.18434933  1.35124981] -238.6866513483838
[ 4.01994268 -0.6871843   3.31330039  3.96729752  2.9788002   0.86883183] -238.52826330532798
[ 4.16195259 -1.25493956  3.55240086  4.23169664  2.96005747  1.18888315] -238.7245227567317
[ 4.12997245 -0.44519956  3.29929329  3.97899347  3.06173822  0.94972254] -238.51368787250695
[ 4.26509864 -0.28864954  3.52428212  4.1939632   3.38570051  1.29405226] -238.61760305004452
[ 4.23611209 -0.53953838  2.96456827  4.25869781  3.39370531  1.00034526] -238.60157849138315
[ 4.08282925 -0.94412577  2.99739987  4.04434097  2.92703919  0.76047565] -238.65184839773787
[ 4.21953129 -0.4525186   3.39256156  4.15655764  3.27103518  1.16065811] -238.51297764493103
[ 4.10628887 -0.66423033  3.69977815  3.94555963  2.87814435  1.10762026] -238.60621234695705
[ 4.20365628 -0.57071137  3.14837074  4.18041327  3.26481507  1.02716401] -238.50482682422603
[ 4.21501804 -0.57570019  3.57040562  4.12896696  3.36544046  0.90323282] -238.543997302183
[ 4.19787635 -0.58520745  3.45469129  4.12211802  3.27308301  0.96750975] -238.4849893256204
[ 4.40083785 -0.46825284  3.41178382  4.31484746  3.4807452   1.22763416] -238.54859630577442
[ 4.11516647 -0.63245144  3.33792124  4.054185    3.10428645  0.95853241] -238.48300716859615
[ 4.28587274 -0.77265487  3.4386669   4.32821536  3.41198992  1.14968008] -238.4943359020211
[ 4.21842772 -0.87204792  3.36076708  4.20787042  3.24967787  0.93508516] -238.47272884494953
[ 4.1606121  -0.84199318  3.25633098  4.21348319  3.32726192  1.10527442] -238.51722667773143
[ 4.23711586 -0.64545479  3.41128775  4.17725299  3.23744635  1.0087858 ] -238.4692489367818
[ 4.23072612 -0.87613827  3.65853926  4.19719275  3.26083176  1.04860727] -238.49416910632206
[ 4.13012746 -0.70868924  3.44153388  4.00571646  3.06327086  0.89240027] -238.48444772599697
[ 4.15174119 -0.54938949  3.1493264   4.07291364  3.14857538  0.94140407] -238.50409455462
[ 4.21097989 -0.79445107  3.53123605  4.16612297  3.23276767  1.02180647] -238.4624641762773
[ 4.18895881 -0.91006819  3.37868929  4.16265669  3.12288568  1.0406005 ] -238.47727982293353
[ 4.27631815 -0.85371272  3.3708985   4.33137165  3.35256945  1.16511006] -238.5058943553224
[ 4.16667513 -0.74494511  3.42387504  4.08713026  3.1355955   0.96057771] -238.46252826646915
[ 4.30844869 -0.96744841  3.5031624   4.29388487  3.3219902   1.09965968] -238.4894927218701
[ 4.16348703 -0.71620068  3.37923153  4.11410997  3.15871239  0.99381423] -238.46301121183922
[ 4.22616576 -0.62520915  3.4625751   4.16923094  3.31533321  1.00199617] -238.4701150323803
[ 4.19927619 -0.58094983  3.51443332  4.11113738  3.21042613  1.12981518] -238.48773140095358
[ 4.21363984 -0.7992734   3.39918364  4.18368716  3.23986494  0.98376767] -238.45596667210543
[ 4.18736285 -0.88581001  3.39149481  4.1545956   3.1196147   1.056828  ] -238.47199262556182
[ 4.21646503 -0.69035937  3.44480503  4.1655721   3.26640358  1.01570413] -238.454853041343
[ 4.16952914 -0.88053257  3.45395459  4.14267992  3.20715398  1.05234448] -238.4826913943252
[ 4.22021918 -0.70422423  3.42195446  4.16860972  3.22987325  1.01967547] -238.45419485722914
[ 4.14846729 -0.65041884  3.44936618  4.05190112  3.12061555  0.79072793] -238.50193190651652
[ 4.22363288 -0.78715405  3.42538834  4.19535749  3.25549656  1.10347246] -238.45282121821225
[ 4.25371696 -0.79060173  3.50291599  4.20804993  3.29462144  1.04118707] -238.45538054866114
[ 4.27954279 -0.77707618  3.48461947  4.2753362   3.37074698  1.10129337] -238.47221858968297
[ 4.19489205 -0.75297787  3.43906114  4.13418175  3.19438337  0.99575663] -238.45432743082307
[ 4.22987542 -0.71374581  3.34653349  4.18569641  3.26078005  1.03138134] -238.4524938285141
[ 4.23932319 -0.67339318  3.25418221  4.19548313  3.27478624  1.03616877] -238.46655578281258
[ 4.23262733 -0.68041429  3.46103585  4.16880198  3.26065448  1.08529136] -238.45187455272915
[ 4.24212108 -0.62098473  3.49196195  4.16135939  3.27104926  1.13605321] -238.46395560287846
[ 4.18552034 -0.65235681  3.34334345  4.13135655  3.19457565  1.04257339] -238.4621898261748
[ 4.2366678  -0.7560405   3.46302285  4.18887659  3.26961     1.04153365] -238.4511583625529
[ 4.22950652 -0.77449288  3.40752702  4.18160254  3.22386232  1.07666618] -238.45023013121008
[ 4.23602727 -0.81655964  3.38888801  4.18961776  3.20259169  1.1071472 ] -238.45696573141234
[ 4.26261767 -0.71904605  3.40275953  4.22879983  3.30570885  1.12358352] -238.45909168003487
[ 4.21182345 -0.74449492  3.42998574  4.15783627  3.22221474  1.02771335] -238.449525021948
[ 4.23449196 -0.78122325  3.4225433   4.1907807   3.26766613  1.10234397] -238.44967683482756
[ 4.23469795 -0.6963165   3.41816107  4.16250734  3.24609935  1.01817083] -238.44788586951523
[ 4.24023049 -0.65089773  3.41454743  4.14608227  3.24140075  0.97552002] -238.45398189913095
[ 4.23006292 -0.76391497  3.52089179  4.16443872  3.23592229  1.08585844] -238.45449751349386
[ 4.2299223  -0.7262881   3.39012306  4.18038199  3.25456561  1.04500062] -238.44893961327134
[ 4.22640933 -0.81253776  3.38275184  4.18519316  3.23401823  1.01851817] -238.45260889439206
[ 4.23107283 -0.71344516  3.44146484  4.17289977  3.25399542  1.06859807] -238.44878555649194
[ 4.22050387 -0.7227131   3.37357883  4.15979295  3.21985786  1.07129735] -238.44707083203372
[ 4.2124219  -0.7060494   3.32885681  4.14525113  3.19498179  1.0861792 ] -238.44958900430134
[ 4.22466426 -0.68700079  3.4177586   4.15979713  3.26427072  1.03437522] -238.4492621571109
[ 4.21640293 -0.64886294  3.40114741  4.14029112  3.2193351   0.98604117] -238.45506508826017
[ 4.2299697  -0.74813317  3.41719433  4.1781583   3.25558337  1.07326827] -238.4473120987972
[ 4.24512018 -0.68680402  3.38944117  4.18000956  3.27590937  1.07585677] -238.44983760471868
[ 4.22014763 -0.73007219  3.4198496   4.16337959  3.2356384   1.03974921] -238.44800427887773
[ 4.23077383 -0.75865528  3.40236531  4.17924285  3.22430929  1.07098623] -238.44983922656337
[ 4.22619165 -0.70491442  3.41391028  4.16465856  3.25428036  1.04352797] -238.44764767060943
[ 4.22427225 -0.71224341  3.43792992  4.15341685  3.23391931  1.05986995] -238.4466524737304
[ 4.22144723 -0.70522107  3.46183334  4.13993428  3.22359616  1.06730462] -238.4477503941297
[ 4.22085485 -0.72468578  3.38540983  4.15440476  3.22779746  1.03336313] -238.44588943105524
[ 4.21574587 -0.73030609  3.35738232  4.14515725  3.21469848  1.01574566] -238.44651597378007
[ 4.23201579 -0.70626327  3.39554515  4.16093333  3.24354084  1.0600833 ] -238.44500955092997
[ 4.23794987 -0.6943588   3.38339293  4.1597102   3.24749206  1.07025034] -238.44428907695587
[ 4.21854945 -0.73936639  3.3856443   4.1608732   3.23354413  1.09902151] -238.44704302261727
[ 4.22450834 -0.74225247  3.3804731   4.15746019  3.21845104  1.09216222] -238.44531229591016
[ 4.21890984 -0.69707348  3.36494864  4.13706108  3.20477058  1.0687199 ] -238.4449185575625
[ 4.22784434 -0.71394701  3.40568741  4.14784914  3.235467    1.06983166] -238.44384463243284
[ 4.23151457 -0.70956396  3.4217417   4.14187724  3.24327157  1.06909882] -238.44424330120768
[ 4.23289705 -0.68882059  3.40030298  4.14242754  3.22242169  1.03237756] -238.44422669732083
[ 4.23004918 -0.70813596  3.33547504  4.14622079  3.21821397  1.06236498] -238.44508952930556
[ 4.23653135 -0.690177    3.3713502   4.14250489  3.22114132  1.09853909] -238.44319003280472
[ 4.2443696  -0.67292261  3.36432039  4.13655496  3.21781325  1.13112707] -238.44665777826404
[ 4.23688554 -0.65525181  3.37324597  4.13446436  3.2313845   1.04186563] -238.44634999893788
[ 4.22760264 -0.72050231  3.37866632  4.15171123  3.22168441  1.07958807] -238.44414122296263
[ 4.23052918 -0.69349043  3.43264111  4.14753391  3.23277838  1.07740389] -238.4451649680744
[ 4.23016918 -0.70447458  3.35976656  4.14654907  3.22185507  1.06612471] -238.44386054398944
[ 4.24542163 -0.70701995  3.40144016  4.15985628  3.2519166   1.07018391] -238.44255324380518
[ 4.25867753 -0.71199318  3.41968592  4.17125388  3.27548961  1.07091592] -238.44504820477601
[ 4.2288722  -0.71395501  3.38901161  4.13725585  3.21066997  1.06863132] -238.4421770945475
[ 4.22433336 -0.72375311  3.39182096  4.12602868  3.19225892  1.06782181] -238.44197005304227
[ 4.23107045 -0.73113739  3.36927423  4.14907222  3.22568608  1.11831886] -238.44469256406322
[ 4.2324404  -0.69939979  3.39254579  4.14408871  3.22323779  1.05386288] -238.44301955657204
[ 4.23797745 -0.69242151  3.39553738  4.13724769  3.22694116  1.06253329] -238.44147005504635
[ 4.24316485 -0.67838111  3.40397291  4.13001592  3.22956954  1.0540059 ] -238.44361725906995
[ 4.23801366 -0.70443154  3.42636074  4.1393094   3.22846586  1.07479951] -238.44192282613892
[ 4.24372828 -0.69178729  3.387331    4.13516274  3.21252022  1.0727485 ] -238.4437221264185
[ 4.2397573  -0.69732722  3.3919201   4.13833434  3.21825691  1.07201929] -238.44131248913706
[ 4.23611658 -0.71794071  3.42852484  4.13911681  3.22588443  1.03520114] -238.44210777308342
[ 4.24143293 -0.71489822  3.41932227  4.13587569  3.22467017  1.07365677] -238.44068019280456
[ 4.24592919 -0.72264744  3.43271051  4.13176917  3.22538637  1.08355371] -238.440781626089
[ 4.22712212 -0.70990416  3.4163886   4.11211459  3.18690922  1.05849336] -238.441103641194
[ 4.23342903 -0.69630454  3.38525851  4.12385332  3.19994965  1.1012402 ] -238.44186952269575
[ 4.24824413 -0.68134262  3.41977491  4.13621633  3.23613874  1.07975899] -238.44306364604438
[ 4.23031105 -0.71315049  3.39880944  4.12857559  3.20322888  1.07080611] -238.44136475148053
[ 4.2319963  -0.70357051  3.37605136  4.11935767  3.19151947  1.07145016] -238.44108661100418
[ 4.23610336 -0.71411949  3.41408454  4.1333152   3.21722562  1.03507946] -238.44127092463248
[ 4.23093024 -0.72523519  3.40998806  4.11861     3.1869956   1.06463509] -238.4407878450085
[ 4.23880302 -0.70853444  3.4104422   4.12396024  3.20529679  1.05430527] -238.44004118646643
[ 4.24304901 -0.70622641  3.41625858  4.12165256  3.20633075  1.04605485] -238.43961149413116
[ 4.23045402 -0.72732411  3.42544437  4.1086409   3.18629336  1.04443727] -238.44080002800376
[ 4.23222485 -0.71493337  3.40706654  4.10543527  3.1770139   1.08449638] -238.44063293754112
[ 4.24290699 -0.72082511  3.40165513  4.12440944  3.20403187  1.06975015] -238.43952374201757
[ 4.25079942 -0.72628559  3.39428839  4.13055687  3.21259319  1.07537855] -238.4392043793228
[ 4.24430052 -0.73473046  3.44807137  4.12089942  3.20644619  1.05810281] -238.44037748399452
[ 4.2504583  -0.71344564  3.4062207   4.13570237  3.2183899   1.08967088] -238.43966223916428
[ 4.25649144 -0.71160471  3.42042122  4.13143073  3.22815244  1.07781832] -238.44137347744172
[ 4.23732054 -0.72182757  3.41259635  4.12181518  3.19728481  1.0679309 ] -238.44003618720026
[ 4.24461795 -0.72425146  3.40884504  4.10947821  3.1813494   1.06688802] -238.43916122435797
[ 4.24621047 -0.72892807  3.40360643  4.09627947  3.15968902  1.06350365] -238.43989793642825
[ 4.25795707 -0.72732234  3.42169361  4.14126628  3.23045084  1.05017896] -238.4415184749638
[ 4.2386579  -0.71803061  3.4107233   4.11439302  3.19037314  1.07591702] -238.43974681601682
[ 4.24400052 -0.70195864  3.36823941  4.12363332  3.19566088  1.0825106 ] -238.44085874019964
[ 4.24422552 -0.7265375   3.42811338  4.1215829   3.20374986  1.06420476] -238.43951413541382
[ 4.25328217 -0.7164315   3.40888678  4.12264013  3.20697727  1.07144046] -238.44099345605886
[ 4.24131094 -0.72047855  3.41166896  4.12202142  3.19970792  1.06880829] -238.4395894545055
[ 4.25282915 -0.72104444  3.41107505  4.13260509  3.21700054  1.06108476] -238.43886560505024
[ 4.25991477 -0.72255135  3.41125092  4.14171113  3.23031424  1.05366863] -238.4413535315589
[ 4.24181903 -0.72816234  3.41719576  4.11026331  3.18852065  1.0378022 ] -238.43941805221723
[ 4.24881833 -0.74269355  3.40747028  4.1205167   3.19464311  1.07866734] -238.4393947579736
[ 4.25305886 -0.73584641  3.41066034  4.11964628  3.19957766  1.05920025] -238.43872338628174
[ 4.25893281 -0.74353033  3.41015604  4.11845871  3.19951253  1.05439624] -238.4387786029984
[ 4.25308872 -0.73289042  3.38839824  4.11943926  3.19414499  1.06213562] -238.4392242118331
[ 4.25925178 -0.73284161  3.38971668  4.13381749  3.21124898  1.09664932] -238.43957023032547
[ 4.24617722 -0.72933216  3.41032599  4.11615186  3.19420273  1.05251398] -238.43902596482494
[ 4.25137211 -0.71385661  3.40039407  4.12210915  3.20497973  1.04706639] -238.43890735096227
[ 4.24652951 -0.71731513  3.42346472  4.12407656  3.20908943  1.05857503] -238.43924556563724
[ 4.25144892 -0.7289966   3.39716486  4.12059859  3.1978811   1.06124547] -238.43888681226335
[ 4.24903532 -0.72482364  3.41853339  4.10963952  3.1857372   1.04062107] -238.43895089660086
[ 4.25668924 -0.72704849  3.40720619  4.13077195  3.21844358  1.04035596] -238.43888395669427
[ 4.25863398 -0.72120657  3.40468531  4.12897167  3.21367054  1.05067732] -238.44090036318298
[ 4.24929141 -0.72730076  3.40891582  4.11935681  3.19906968  1.05205482] -238.43885504103525
[ 4.25586124 -0.7265408   3.39327205  4.13872311  3.22658024  1.06638148] -238.4392331679303
[ 4.2507418  -0.72525293  3.41221806  4.11691042  3.19594796  1.04706117] -238.43876745054362
[ 4.25331434 -0.7413066   3.41535271  4.12452056  3.20432711  1.05993442] -238.4388810975983
[ 4.25385934 -0.73026994  3.42464453  4.12733845  3.21357441  1.04531832] -238.43886565423043
[ 4.24767573 -0.73329186  3.42041597  4.11602058  3.19138887  1.06786196] -238.43908371841997
[ 4.25443586 -0.72860934  3.41050864  4.12708411  3.21167991  1.04723246] -238.43874698144543
[ 4.25142446 -0.71480134  3.41065477  4.12312649  3.20795628  1.0440495 ] -238.43886154174018
[ 4.25006783 -0.72068179  3.3966997   4.11890462  3.19683626  1.05824267] -238.43891508711377
[ 4.25291146 -0.7278729   3.41765832  4.12522999  3.20938987  1.04854941] -238.43875146970484
[ 4.25112547 -0.73218345  3.41246361  4.11117961  3.19087325  1.03829778] -238.43885543501776
[ 4.25243049 -0.74422059  3.41348683  4.11667591  3.19422317  1.05341579] -238.43897910442496
[ 4.25167597 -0.72215615  3.41136279  4.12151385  3.204523    1.04639108] -238.43876036861278
[ 4.25291298 -0.72349604  3.41131105  4.13206755  3.21585611  1.06186529] -238.43882627337285
[ 4.25595424 -0.72711049  3.41565724  4.12812725  3.21325515  1.0513784 ] -238.4385491124329
[ 4.25928565 -0.72701536  3.41902796  4.13251247  3.22034788  1.0510402 ] -238.44086838245744
[ 4.25334641 -0.73212003  3.41471075  4.11410309  3.19560174  1.03807231] -238.438748482142
[ 4.2563858  -0.73265218  3.41463464  4.12832444  3.21539448  1.04988013] -238.43865488345597
[ 4.25702157 -0.73924763  3.41658053  4.12599121  3.21044327  1.05171324] -238.4387166621734
[ 4.25715611 -0.73732245  3.40992572  4.1225288   3.20592753  1.05060952] -238.4386675835639
[ 4.25799107 -0.73480947  3.41127829  4.13646427  3.2231576   1.0652657 ] -238.4388243810271
[ 4.25450757 -0.73279239  3.41385263  4.11969338  3.2024907   1.04487065] -238.43865067703257
[ 4.25692553 -0.73971452  3.41659506  4.12101968  3.20401636  1.05531828] -238.4386324769156
[ 4.25959142 -0.73376682  3.4184216   4.12891531  3.21759817  1.04205649] -238.4409698101373
[ 4.254692   -0.73532651  3.41260066  4.12196354  3.20408279  1.05491431] -238.4386519748143
[ 4.25485217 -0.72905855  3.41117479  4.12122782  3.2046124   1.05061052] -238.43853089790565
[ 4.25376747 -0.72396401  3.40847193  4.11884613  3.20169696  1.05005916] -238.43850152253304
[ 4.25358809 -0.72653091  3.417345    4.12346267  3.20771795  1.05153079] -238.43859096637294
[ 4.25342583 -0.72916076  3.41353954  4.11604644  3.19569216  1.05281041] -238.43852690148617
[ 4.25469758 -0.72443119  3.41588648  4.12043499  3.20420697  1.04707492] -238.43848517401992
[ 4.25470037 -0.71898353  3.41752939  4.11967071  3.20426907  1.04315522] -238.44088312393353
[ 4.25494534 -0.72417824  3.41531245  4.12295234  3.20637115  1.05785333] -238.43843126141823
[ 4.25516422 -0.71987116  3.41604236  4.12458181  3.20831138  1.06434467] -238.44079279462687
[ 4.25186732 -0.71207735  3.41214248  4.12227027  3.20563042  1.04825073] -238.44121183441484
[ 4.25566097 -0.73280523  3.41548192  4.12133232  3.20441988  1.05355139] -238.43852000554378
[ 4.25589572 -0.72735239  3.41077152  4.11911715  3.20082947  1.05271175] -238.43842784229082
[ 4.25704954 -0.72776313  3.40748478  4.11694439  3.19738523  1.05330223] -238.4384343617328
[ 4.25351007 -0.72685344  3.4108307   4.11144921  3.19115038  1.05330858] -238.4384773969818
[ 4.25606655 -0.72403407  3.41204546  4.1219976   3.20719945  1.05204264] -238.44074631028207
[ 4.25408601 -0.72787909  3.41316602  4.11753423  3.19856898  1.05261846] -238.43847506825475
[ 4.25330642 -0.71874756  3.40933111  4.11544569  3.19652143  1.05099068] -238.4384682676651
[ 4.25504624 -0.72584996  3.4166275   4.1167984   3.19751916  1.05479341] -238.4383654118127
[ 4.25568563 -0.72679294  3.42070528  4.11577454  3.19543026  1.05716054] -238.43837072357854
[ 4.25423236 -0.72585571  3.40945996  4.11399736  3.19277988  1.06035049] -238.43844757908812
[ 4.25566063 -0.72310087  3.41405882  4.12383252  3.20637965  1.05646412] -238.44080340979343
[ 4.25404771 -0.7259153   3.41163773  4.11454503  3.1949577   1.05409747] -238.43842967168914
[ 4.25507192 -0.72142063  3.41121407  4.11675109  3.19775729  1.05764724] -238.44069937358137
[ 4.25433249 -0.72626447  3.41267803  4.11733845  3.19836606  1.05387566] -238.43842970606946
[ 4.25619353 -0.7330578   3.41616461  4.11947055  3.20041971  1.06023669] -238.4384500975027
[ 4.25547175 -0.72948024  3.41445624  4.11846434  3.19944514  1.05792519] -238.43841525399074
[ 4.25568073 -0.72715783  3.4177012   4.12240788  3.20638301  1.05006845] -238.43846675462314
[ 4.25459445 -0.72618124  3.41152027  4.11609999  3.19618067  1.05777998] -238.4384213842775
[ 4.25485078 -0.72950297  3.41058465  4.11116878  3.18939491  1.05254115] -238.43852525323024
[ 4.2549217  -0.72550942  3.4141305   4.12000645  3.20212709  1.05652529] -238.4384032799645
[ 4.25566004 -0.72716504  3.41370322  4.11767201  3.19865369  1.05740203] -238.43836652829012
[ 4.25648226 -0.7279308   3.41543202  4.12150774  3.20329404  1.05828175] -238.43839119514246
[ 4.25482976 -0.72668651  3.41785173  4.11773249  3.19824379  1.06152413] -238.43837730227506
[ 4.25620946 -0.72802608  3.41921347  4.12129382  3.20358031  1.05770396] -238.43837509705907
[ 4.25557807 -0.72424236  3.41786324  4.11987263  3.20169422  1.057485  ] -238.44071549879172
[ 4.25549833 -0.72817077  3.41530799  4.11881641  3.20000741  1.05781514] -238.43839930021682
[ 4.25632033 -0.7291003   3.41858147  4.11793384  3.19830571  1.05931485] -238.43835467822777
[ 4.25701964 -0.73089574  3.42080696  4.11689754  3.19639502  1.06070964] -238.43836586111817
[ 4.2560177  -0.72674879  3.41849515  4.11882969  3.19985816  1.0585249 ] -238.43834229202994
[ 4.25627738 -0.7260378   3.42008872  4.11883633  3.19978353  1.05887979] -238.44067963683347
[ 4.25487892 -0.72659477  3.41939216  4.11524568  3.19542623  1.05813935] -238.43836102333972
[ 4.25654781 -0.72780848  3.41748593  4.11819199  3.19953729  1.0537687 ] -238.43834509920484
[ 4.25528088 -0.72639636  3.41554834  4.11359671  3.19285311  1.05627713] -238.43837103315124
[ 4.25551302 -0.72680379  3.41646462  4.11552099  3.19553491  1.05663384] -238.4383646764484
[ 4.2557813  -0.72713699  3.42197906  4.11650153  3.19674013  1.05632299] -238.438359866201
[ 4.25664012 -0.72888108  3.42083863  4.11727617  3.19761498  1.05944147] -238.43833785930167
[ 4.25743706 -0.73039664  3.4229442   4.11751505  3.19766289  1.06176549] -238.4383486833332
[ 4.25654903 -0.72861967  3.42245951  4.11913864  3.2002926   1.05853692] -238.4383444252385
[ 4.25773984 -0.72950367  3.42055442  4.12071161  3.20202339  1.05716393] -238.4406763110788
[ 4.25559415 -0.72732199  3.41968272  4.11661216  3.19707552  1.05789549] -238.43835044457833
[ 4.25677507 -0.72902312  3.41720208  4.11949264  3.20082129  1.05950446] -238.43834600361853
[ 4.25638763 -0.72703408  3.42013986  4.11857992  3.20009423  1.05657579] -238.44067508360015
[ 4.25633715 -0.72858374  3.41897107  4.11809536  3.19875284  1.05863009] -238.4383493089865
[ 4.25736148 -0.72923297  3.4188014   4.120396    3.20188353  1.05824002] -238.43832624643932
[ 4.25824514 -0.73018846  3.41836073  4.12228793  3.20428753  1.05841228] -238.44067475595622
[ 4.25695991 -0.72818762  3.41945649  4.11967968  3.20124977  1.0573754 ] -238.44067704724355
[ 4.25649284 -0.72848471  3.41909243  4.11849144  3.19937707  1.05831642] -238.4383439459419
[ 4.25642792 -0.72756878  3.4218556   4.11794867  3.19869992  1.05610501] -238.43834860457324
[ 4.25668829 -0.72865953  3.41836546  4.11910665  3.20029095  1.0586546 ] -238.4383336494568
[ 4.25670201 -0.72906711  3.42186493  4.11955421  3.20023514  1.0634694 ] -238.4383539866691
[ 4.25658636 -0.72812313  3.41858068  4.11853254  3.19971175  1.05619388] -238.4383339531301
[ 4.25671323 -0.7280904   3.4155984   4.11840553  3.19928622  1.05792018] -238.4383418300849
[ 4.25684288 -0.72809392  3.41780081  4.11902408  3.20017145  1.0580086 ] -238.438315252508
[ 4.25701789 -0.72789853  3.417155    4.11929041  3.20056864  1.05785469] -238.44066614245733
[ 4.25759308 -0.73027822  3.41816665  4.11875063  3.1997948   1.05762801] -238.4383467357985
[ 4.25641154 -0.72763115  3.41841302  4.11880993  3.19984232  1.05830068] -238.43833215947922
[ 4.25679699 -0.72878353  3.42200159  4.1193096   3.20055211  1.05835957] -238.43834276294479
[ 4.25673417 -0.72826368  3.4171992   4.11863154  3.19960269  1.05803002] -238.43833842531913
[ 4.25677605 -0.72861025  3.4204008   4.11908358  3.20023564  1.05824972] -238.4383404641268
[ 4.25674464 -0.72835032  3.4179996   4.11874455  3.19976093  1.05808495] -238.43833558408076
[ 4.25690494 -0.72781593  3.41581503  4.12092842  3.20293866  1.05638611] -238.43835355108686
[ 4.25670632 -0.72861479  3.41958273  4.11818923  3.1989459   1.05867763] -238.4383334181617
[ 4.25678765 -0.72843484  3.41918176  4.11927493  3.20052104  1.05794018] -238.4383376479388
[ 4.25675539 -0.72837145  3.41829514  4.11887715  3.19995096  1.05804876] -238.43832655568406
[ 4.25700228 -0.7287448   3.41850551  4.1196018   3.20064995  1.06044955] -238.4383269970825
[ 4.25700501 -0.72823683  3.41876741  4.11919275  3.20019042  1.05858714] -238.44066802721275
[ 4.25676747 -0.72855386  3.41846595  4.11912817  3.20026582  1.05863773] -238.43833260217139
[ 4.25700735 -0.72826126  3.41717788  4.12042315  3.20197544  1.05855082] -238.4383435439198
[ 4.25678158 -0.72852641  3.41898152  4.11874771  3.19970329  1.05864592] -238.43832820165446
[ 4.25695092 -0.72831304  3.41846652  4.11935739  3.20046802  1.05859344] -238.438328676418
[ 4.25748663 -0.72946305  3.41853728  4.11985812  3.20110008  1.05902808] -238.43832913585922
[ 4.25721786 -0.72900508  3.41850621  4.11959607  3.20078564  1.05884623] -238.43833487188346
[ 4.25710218 -0.72866345  3.4183011   4.11971004  3.20102749  1.05812431] -238.43833772649708
[ 4.25679913 -0.72823269  3.41804798  4.11895062  3.2000612   1.05802868] -238.4383254836471
[ 4.25692258 -0.72841936  3.41815316  4.11931294  3.2004107   1.05922907] -238.43833869584708
[ 4.25681223 -0.72831017  3.41839116  4.1188859   3.19993737  1.05832726] -238.43832126854588
[ 4.2568969  -0.72820348  3.41813366  4.11919073  3.20031974  1.05830102] -238.43833409307433
[ 4.25662721 -0.72786254  3.41810692  4.11891701  3.20000689  1.05815464] -238.43832731690017
[ 4.25677093 -0.72803605  3.41810739  4.11891318  3.20009735  1.05708576] -238.43834732685812
[ 4.25688467 -0.72832353  3.41814172  4.119213    3.20033236  1.05869324] -238.4383290215154
[ 4.25651883 -0.72767866  3.41790631  4.1183504   3.19924885  1.05838017] -238.4383276651779
[ 4.25659808 -0.72796369  3.41799797  4.1185896   3.19959964  1.05822984] -238.43832818742248
[ 4.25651479 -0.72772369  3.417942    4.11835953  3.19934277  1.05768315] -238.43834258290624
[ 4.2567922  -0.72817357  3.41809179  4.11899964  3.20008496  1.05844072] -238.43832899734733
[ 4.25660726 -0.72787365  3.41799193  4.1185729   3.19959017  1.05793567] -238.4383502938887
[ 4.25674596 -0.72809859  3.41806682  4.11889295  3.19996127  1.05831446] -238.43833137097496
[ 4.25682755 -0.72820204  3.41809599  4.11895499  3.20005441  1.05816793] -238.43832377573486
[ 4.25682101 -0.7281633   3.41792439  4.11898735  3.20011633  1.05801864] -238.43832348496542
[ 4.25673504 -0.72797823  3.41795386  4.11897055  3.20008917  1.05808162] -238.4383297847572
[ 4.25668085 -0.72788629  3.41785356  4.11868724  3.19971015  1.05819438] -238.43834875816992
[ 4.25672048 -0.7280288   3.41789939  4.11880684  3.19988555  1.05811922] -238.43832176065973
[ 4.25681754 -0.72813375  3.4179463   4.11901186  3.20012821  1.05822466] -238.4383267392251
[ 4.25690731 -0.72831372  3.41802002  4.11923131  3.20043822  1.0580125 ] -238.43833106083463
[ 4.2568507  -0.72820687  3.41797841  4.1190953   3.20025621  1.05805797] -238.438334073593
[ 4.25678168 -0.72806136  3.4178501   4.11891546  3.2000285   1.05806391] -238.43833556157492
[ 4.25683194 -0.72812861  3.4178626   4.11900572  3.20014389  1.05801362] -238.43832518749113
[ 4.25683521 -0.72814798  3.4179484   4.11898954  3.20011293  1.05808826] -238.43833905384116
[ 4.25683021 -0.72811383  3.41787356  4.11901797  3.20014983  1.05811663] -238.43832515770288
[ 4.25678896 -0.72803608  3.41787734  4.11899732  3.20013031  1.05804511] -238.4383316746762
[ 4.25676186 -0.72799011  3.41782719  4.11885566  3.1999408   1.05810149] -238.43832917580102
[ 4.25677729 -0.72799332  3.4177488   4.1189492   3.20007533  1.05802819] -238.43832350965576
[ 4.25682937 -0.72805726  3.41781333  4.11903452  3.20017537  1.05804063] -238.43832311797416
[ 4.25683556 -0.72808961  3.41776476  4.11896507  3.20008858  1.05805794] -238.43832362382392
[ 4.25688722 -0.72816875  3.4177941   4.11914319  3.20032735  1.05798704] -238.43832695550088
[ 4.25685588 -0.72812409  3.41780237  4.11907131  3.20023072  1.05801566] -238.43832840130338
[ 4.25683612 -0.72807559  3.41780707  4.1190293   3.20017341  1.05802461] -238.438323989419
[ 4.25681009 -0.72804362  3.4177748   4.11898664  3.20012339  1.05801839] -238.43832950973984
[ 4.25683922 -0.72809177  3.41778278  4.11899458  3.20013002  1.05803327] -238.4383271004536
[ 4.25683654 -0.72810388  3.41783718  4.11902103  3.20016064  1.05806261] -238.43832662675067
[ 4.25683741 -0.72811127  3.41783171  4.1190149   3.20015767  1.05801111] -238.43834086479535
[ 4.25680237 -0.72804201  3.417814    4.11893987  3.20005613  1.05805504] -238.43832738932414
[ 4.25681833 -0.728039    3.41777384  4.1189836   3.20011401  1.0580564 ] -238.438315346554
[ 4.2568484  -0.7281051   3.41783043  4.11901085  3.20014516  1.05806179] -238.4383323898808
[ 4.25681966 -0.72805899  3.41778871  4.11899269  3.20012884  1.05802924] -238.43832060379273
[ 4.25686188 -0.72811237  3.4177828   4.11907522  3.20023666  1.05801654] -238.4383206092903
