[-0.1123472  -0.47923892 -0.1308349  -0.89551602  2.67489665  0.44329604] -320.63722006906704
[-0.57522567 -1.14886182 -0.50753896 -2.77666182 -0.00906199  0.72209537] -289.7394178231868
[-0.21024401 -1.49073826 -0.12439111  1.09704935 -1.4516159   0.38357105] -272.9219770680027
[-1.81806796 -2.3616705  -0.79515552 -0.61901665 -0.44230476  0.80955941] -291.4809605492111
[ 0.51265978 -1.73082303  0.81966731 -1.99497447 -0.79163859 -0.75986297] -281.2268720425974
[ 0.33860077 -1.78850157  1.87352971  1.20020764  0.43065003 -0.09689036] -268.07720749801126
[ 0.40969389  0.48431313 -0.01109172  0.08987997  0.24989467 -0.82454854] -265.6097367163201
[-0.33518053 -2.19952177  0.5491748  -0.10565597 -3.34625549 -0.36532139] -324.78014489763336
[-0.16805553 -0.90930963  0.03916753 -0.69805101  1.16960861  0.24114168] -282.9092105501887
[ 1.92054437  0.1670301   1.49160311 -0.40850013  0.30825037 -0.92105733] -260.88121817289755
[ 3.78985054  1.43138041  2.63498243 -0.30324187  0.68352794 -1.7863657 ] -261.77756840408307
[ 1.50962542 -0.60714793  1.87036724  2.53853227 -0.01922161 -1.38131087] -255.4183408790032
[ 2.55205097 -0.33629098  3.05932035  5.19612932 -0.02430141 -2.43301399] -307.4450185040752
[ 1.66168228 -0.74597955  1.93406066  1.53878255 -1.59416895 -1.44117469] -266.6011821504436
[ 1.36397446  0.403815    1.52502532  4.01362502  0.09956813 -0.66727394] -273.93484365630604
[ 1.15114579 -0.12984451  1.34868582  2.51147515 -0.12323355 -0.6904212 ] -258.8868231809296
[ 2.54067486  0.61736148  2.96010939  1.39307647  1.20233955 -2.16870538] -257.0269963011994
[ 2.72585476  1.71707915  1.32438179  1.35420779 -0.42269653 -2.37884898] -254.6115366202303
[ 3.91948176  3.46986951  1.04980782  1.43120786 -0.84936981 -3.51982829] -272.3458884127213
[ 1.75749742  1.4955767   1.06062455  0.95410795  1.99261325 -1.34712274] -271.94398293309376
[ 1.68563606 -0.18559049  1.71570163  1.3926139  -0.6974734  -1.41766171] -256.18821916408734
[ 3.43479986  0.04198281  3.58137471  2.83725518 -0.16723973 -2.16145328] -259.85005583284055
[ 2.42870122  0.3175834   2.77527041  4.41755372 -0.38409213 -2.47840981] -295.9764027912555
[ 2.04758358  0.20466843  1.81251994  0.79801333  0.13516475 -1.31039545] -253.43295883886003
[ 0.4520403   0.49685924  0.09588056  0.49205112  0.19219946 -0.95432792] -263.79416950816926
[ 2.68910997  0.15570191  2.71000117  2.25095417 -0.07737993 -1.85967194] -253.1220093924437
[ 3.2483491   0.76386869  2.78234123  0.73099083  0.16347783 -2.81511024] -253.78841851332464
[ 2.09471144  0.06549844  1.11166162  1.6286943  -1.50838252 -1.55229435] -262.3243252629261
[ 2.429184    0.47939572  2.49799744  1.45198092  0.52465904 -2.01460262] -252.49786950892678
[ 3.19759955  1.09011248  2.61683464  1.64894587  0.79880792 -2.50231833] -250.23848419086758
[ 3.95358129  1.72796397  3.06740115  1.77711185  1.54694857 -3.04464664] -252.20982356166763
[ 3.93626823  2.07742339  2.71099149  0.2064987   0.39323263 -2.91233832] -258.2726254717832
[ 2.11628613  0.0639949   2.08052331  1.95552388  0.08389195 -1.76406773] -251.6727935710335
[ 2.51684935 -0.79783177  3.50902413  1.59126188  0.96557038 -1.70987312] -255.61949964125864
[ 2.67360341  1.08835142  1.87054237  1.41347131 -0.0756298  -2.21160502] -251.7271405584872
[ 1.80277312  0.2635396   1.74713172  2.44197233  0.29969348 -1.07244346] -253.4188925063565
[ 2.92193514  0.84236358  2.69515695  2.92293616  0.38284947 -2.49784091] -256.68878382256247
[ 2.26617147  0.36409222  2.03317919  1.32924404  0.19708593 -1.60725682] -251.42206876419343
[ 3.32121173  0.81700996  2.85589432  0.90806773  0.18411822 -2.91406403] -253.42173564880864
[ 2.18238277  0.40190719  2.02432237  2.05849618  0.27079966 -1.5328486 ] -251.3963163704839
[ 2.26596581  1.00691606  1.66446527  1.03493323  0.67725149 -2.01789443] -253.41232906121468
[ 2.58332393  0.36850545  2.4486172   1.94694893  0.11127793 -1.89922756] -251.27178842760193
[ 2.57727175  0.64625883  1.86000892  1.99889581 -0.06258117 -1.8245054 ] -250.71348297401335
[ 2.30074179 -0.11006106  2.48395284  2.23254693  0.54205721 -1.4984698 ] -250.5512751823482
[ 2.9195443   0.8562768   2.40844841  1.78283537  0.5352572  -1.85747443] -249.42055263376136
[ 3.32117338  1.25241775  2.57241096  1.69649112  0.76093983 -1.90417779] -249.37170201578846
[ 3.12132625  0.852288    2.63553645  2.53153091  0.61001453 -2.11325901] -250.34560493679726
[ 3.51809611  0.96459996  2.8481313   1.95995701  0.64937241 -2.38113736] -249.15970628604882
[ 4.18595279  1.24594635  3.26003576  1.91068742  0.83865879 -2.80528174] -250.3404050038902
[ 3.42874568  1.19669987  2.55700784  2.07584028  0.98825898 -2.175395  ] -248.00942437708196
[ 3.85145656  1.61079708  2.61120316  2.14028596  1.4267495  -2.31347871] -247.82331696727834
[ 3.85952613  1.24045924  3.3960142   2.07102345  1.65856164 -2.41310827] -251.00327600557983
[ 2.89783535  0.79480893  2.24401024  2.01692772  0.36770453 -1.97165611] -249.12475045151635
[ 4.33508728  2.29840247  2.69208941  1.76549927  0.9958057  -2.89687264] -251.67529320743597
[ 2.80932816  0.49205482  2.53598698  2.11578501  0.65549433 -1.84807051] -249.03756597099664
[ 3.41050345  1.21597568  2.50732264  1.32793332  0.94300831 -2.19368726] -250.3433758508778
[ 3.33820915  1.12505376  2.53937609  1.62883272  0.85975987 -2.1735802 ] -249.1083312778429
[ 3.38110002  0.98979828  2.50020493  2.20381398  0.77453224 -1.69504856] -247.16149372664236
[ 3.47285026  0.93964119  2.44189008  2.48124803  0.7623944  -1.29141368] -246.42069580085186
[ 3.30808515  0.72323416  2.50112165  2.41785436  0.81288519 -2.0889344 ] -246.99434672167442
[ 3.04115876  0.93059668  2.10973144  2.30702092  0.97895686 -1.51457385] -246.609745286146
[ 3.709194    1.1456503   2.6690929   2.34674795  1.46437552 -1.77169433] -246.268681485969
[ 4.11487333  1.32107098  2.88163423  2.51165806  2.01271102 -1.67171345] -246.33350641761388
[ 3.39248181  0.82227098  2.41696598  2.97414803  1.17385874 -1.4358083 ] -246.07700226390355
[ 3.41961814  0.67087959  2.35576092  3.64680568  1.33090817 -1.06692234] -247.9306325068071
[ 4.11574735  1.56534198  2.38068142  2.77331674  1.55091241 -1.62389725] -244.6535884877076
[ 4.76895694  2.10198555  2.30302864  3.1020826   1.99862145 -1.51181062] -244.9378631900225
[ 3.16171588  0.43144802  2.22862466  2.95982606  0.82104487 -0.92862856] -245.96905928734455
[ 3.65629754  1.22174888  2.24787384  2.86291488  1.43762908 -0.76640425] -244.49220805137185
[ 3.83040373  1.47100625  2.12124993  3.08544514  1.75000103 -0.10513917] -244.2384260214676
[ 4.18630558  1.19452288  2.64310355  3.23322306  1.52857213 -0.87095325] -244.8893436085844
[ 3.99243253  1.27043895  2.37801607  3.30965429  2.00052716 -0.95395994] -243.48860363936046
[ 4.25222367  1.43583783  2.34607906  3.72385741  2.61959354 -0.78523307] -243.0318170791077
[ 3.93709867  1.16115901  2.04314197  3.90319086  1.68361871 -0.14485887] -246.6754678087462
[ 3.76617017  1.14952748  2.51260517  2.73585868  1.51918632 -1.36498547] -244.71069728311315
[ 4.37837365  1.59362383  2.32714862  3.196361    2.08924469 -0.4571373 ] -242.79706267027626
[4.87131957 1.97930025 2.28223995 3.30746749 2.54693767 0.0321982 ] -242.5550527468206
[ 5.17900747  2.50039754  2.5333617   3.32656345  3.01735616 -0.64404145] -244.72318214194289
[ 4.4853184   2.17261422  2.08230219  3.08427991  2.80609025 -0.62607948] -244.37336756579595
[ 3.26138682  0.75747846  2.04169088  2.91017834  1.24688424 -0.84700397] -244.31432185718646
[4.50596301 1.97766552 1.90547598 3.55898967 2.65428672 0.04660055] -242.4869127474491
[4.87585943 2.39173454 1.60191138 3.97055516 3.22183693 0.75239356] -243.10881435441257
[4.28645772 1.6992922  1.87899791 3.78342258 2.99035207 0.86234493] -243.4135257782771
[3.85059977 0.93424595 2.10960904 3.70550696 1.79659485 0.36066864] -243.87337652568203
[5.27093567 2.4083042  2.17285975 4.14471808 3.53903772 0.98415066] -244.40808213204855
[ 3.76377403  1.1701849   2.07448309  3.21881327  1.81992261 -0.38921531] -243.04690220038776
[4.67970886 1.59450263 2.07771174 4.01390732 3.05922813 0.14759382] -241.36849528166834
[5.10436142 1.65625083 2.05594265 4.47813841 3.71384168 0.27396032] -241.2447613168972
[ 5.07743337  2.37193122  2.07146383  3.65138931  3.65171659 -0.34711677] -243.12664366550806
[ 4.90523397  1.83109798  2.36623028  3.52946261  2.67841419 -1.25194696] -242.6263692642655
[ 4.05685852  0.97818121  2.27201984  3.62085364  1.69261555 -0.34409532] -243.80006562657655
[ 4.82228966  2.02349372  2.12160283  3.6437554   3.16194133 -0.34636141] -242.12540200397336
[ 5.7233564   2.46436381  2.28470716  4.19507705  3.9717491  -0.28771214] -243.70891633428656
[ 4.25366963  1.49372962  2.12703911  3.46287922  2.35787923 -0.36383952] -242.1162981883303
[5.23538876 2.21800815 1.94009787 3.60304018 3.08484007 0.24877014] -241.542843649225
[4.69243004 1.95171804 1.77790252 3.82196085 3.16149471 1.21572306] -242.7451521673759
[ 4.85203299  1.861253    2.21914834  3.60258717  2.79918432 -0.63502946] -241.8511232788452
[ 4.71991558  1.76416669  1.84086231  4.1423292   3.37705345 -0.29083133] -241.12750490419947
[ 4.64421359  1.65659992  1.62017349  4.55976005  3.79211134 -0.45234609] -241.48461486758416
[ 5.15658967  1.69463515  2.19608839  4.08525352  3.51062664 -0.41771097] -240.52572693995205
[ 5.48190299  1.55311997  2.3413946   4.34838545  3.93879659 -0.64986673] -240.31297274529942
[ 5.06013413  1.4920157   2.05322546  4.23536448  3.26192379 -0.12591745] -240.42369872710788
[ 5.89757567  2.02120849  2.02318464  4.67373575  4.36733407 -0.02913198] -242.250262950895
[ 4.66464614  1.62559934  2.10107549  3.76559335  2.86024294 -0.28016263] -241.11336025160787
[5.23675002 1.57513389 1.89171779 4.58836319 3.94638185 0.3603469 ] -240.09312211708044
[5.42910853 1.43207434 1.72800252 5.0812512  4.51998061 0.85803507] -240.47660222857618
[ 4.85384801  1.00408733  2.15464156  4.91635118  3.94790669 -0.48626044] -241.510269586489
[ 4.94923319  1.30756753  2.10100564  4.58802343  3.73214004 -0.3025028 ] -240.68630024988036
[ 4.93316593  1.44961688  2.05381778  4.07788129  3.32500454 -0.703605  ] -239.7738395901087
[ 4.84756818  1.34629991  2.05275535  3.87775272  3.13058597 -1.19238766] -239.54545491747743
[ 5.36016263  1.20241209  2.33952913  4.32549835  3.57963695 -0.43933213] -239.34116170797802
[ 5.68028616  0.92153479  2.58886254  4.41708292  3.6809287  -0.51358254] -239.12386209492257
[ 5.75397876  1.10629126  2.24191164  4.91939738  4.37000937 -0.52780746] -240.20665556341783
[ 5.73764022  1.35723097  2.28895016  4.20742529  3.71073539 -0.58056885] -239.07940416131
[ 6.13184373  1.38206269  2.38292241  4.01712622  3.70003306 -0.71960187] -239.43975552820996
[ 5.85257464  1.12785457  2.41530523  4.55077117  4.3305555  -0.90870466] -238.98182770985392
[ 6.2487949   0.945774    2.59634512  4.70847452  4.86487136 -1.30009827] -239.5992916339444
[ 5.554363    0.92499516  2.15177297  4.50521211  3.784269   -0.4710347 ] -237.87867643958646
[ 5.590593    0.61093276  2.05696215  4.58362544  3.70700521 -0.38161868] -236.94997378495296
[ 5.22782532  1.20670437  2.1896061   3.8222762   3.13205483 -0.54436437] -238.3016511163004
[ 5.74207916  0.6150519   2.63909606  3.89794806  3.28424002 -1.73408915] -238.71477138658486
[ 6.42943132  0.60013654  2.6735054   4.6152903   4.15125391 -0.36192175] -238.85623298251664
[ 5.8464284   0.91776891  2.16561249  4.14202923  3.75768625 -0.99017329] -237.2546507699346
[ 5.82533706  0.33558537  2.42441232  4.32988817  3.74352985 -1.05972179] -236.56789163854083
[ 5.86918548 -0.17523743  2.4921434   4.39111962  3.75992709 -1.29929826] -235.82985360314765
[ 5.71593958  0.13059778  2.32366996  3.93332511  2.93350027 -0.86178384] -236.09902899301164
[ 4.90125233  0.50180289  1.94885799  3.64148425  2.70688398 -1.57518744] -236.5959455023459
[ 5.30832888  0.44913787  1.75318798  4.27333855  3.38144586 -0.15005281] -234.8973617709713
[5.09145374 0.36618085 1.31023394 4.4610338  3.43004878 0.64196536] -234.44479048070923
[ 5.77712552 -0.42268912  1.90955387  4.56192962  3.63296236 -0.94433434] -234.0808051316377
[ 6.05177562 -1.23738586  1.76952776  4.93175633  3.88341612 -1.14431933] -234.1525775728791
[ 5.13542149 -0.580573    1.84819462  4.38214338  2.96575631 -0.48324578] -233.5961784045242
[ 4.77991803 -1.32974396  1.68948568  4.50220046  2.56979133 -0.22978203] -233.27920790027028
[ 5.12103189 -0.92062908  1.8343528   3.91340551  2.63736606 -1.04118817] -232.98573183568874
[ 4.88625133 -1.68641     1.72304813  3.57829555  2.10254649 -1.37097292] -233.10263952568457
[ 5.88363242 -1.28564321  1.90428856  4.94618712  3.61431465  0.33038035] -233.387700588874
[ 5.12484278 -1.38651843  1.38968279  4.99196694  3.61463649  0.01436481] -231.5912071769207
[ 4.82929438 -2.14507653  0.9226892   5.52128785  3.9552046   0.45243913] -231.56465268169276
[ 4.62496652 -1.73729625  0.69805795  4.91089517  2.85330217  1.03579169] -232.13740988813518
[ 5.24720252 -2.97987357  1.67590876  4.99093478  2.99093161 -0.77419649] -232.66167534293382
[ 4.38488973 -3.04339842  0.99870711  5.03304068  2.57400779  0.86881584] -232.9346972563677
[ 3.77880194 -2.76636273  0.70211194  4.67773436  2.24588654 -0.22642036] -232.74810793055323
[ 4.54881096 -3.2011349   0.58779024  5.18023233  3.1824416   0.33486258] -231.15472073396515
[ 4.43325742 -4.13683038  0.03694251  5.51924826  3.48876673  0.61718488] -232.82534757556246
[ 4.01695679 -4.37041839  0.02740227  6.19130288  3.29655871  1.6049523 ] -237.4327181492516
[ 4.84501312 -1.78307641  1.38261517  4.48287985  2.80216422 -0.37965305] -231.25682217053017
[ 4.90647341 -1.82754171  0.99101731  4.88828077  3.43596913 -0.721208  ] -230.62524883965978
[ 5.16726525 -1.21961336  0.9871724   4.81590081  3.86694981 -1.51621992] -231.54832861155657
[ 5.8884517  -1.79163707  1.38391427  5.31376922  4.16078457  0.20909898] -232.04599902329895
[ 4.63380084 -1.18204739  0.31278595  5.10818029  3.80569049  1.08464026] -231.8220630520813
[ 5.25898162 -2.23954175  1.16221276  5.2539816   4.2607827  -0.70906506] -230.97188332228063
[ 3.78567308 -2.3345025   0.40245594  4.83117834  2.98663301 -0.18842703] -232.27079426184162
[ 5.36275704 -1.92735343  1.13854969  5.1931215   3.86724668  0.10971748] -230.851428638495
[ 5.28330933 -3.19252752  1.74883883  5.06508101  3.36224582 -1.38894257] -232.84073029922314
[ 4.79617796 -1.68466742  0.67179917  5.09740547  3.69482932  0.46624455] -230.75369429764558
[ 5.07677699 -2.07602867  1.05530557  4.51067932  3.12593995 -0.75213963] -230.54546224103487
[ 5.20051829 -2.04150474  1.12161376  4.00537505  2.71130762 -1.35442902] -231.70804958876613
[ 5.13831288 -2.53567956  0.48627641  5.55835381  4.38690557 -0.04420964] -230.53979868958132
[ 5.28496276 -2.91198113  0.03810703  6.09609078  5.17927624  0.12351206] -231.75106032708962
[ 5.63101568 -0.89580261  1.2472634   4.98704183  4.40811619 -0.88508268] -231.9290309397031
[ 4.81936214 -2.62480183  0.75265853  5.1319347   3.48886024  0.02987626] -230.4441969114105
[ 4.77430519 -1.98581579  0.5363228   4.87261026  3.0724676   0.40515873] -230.45162109735537
[ 4.47437915 -2.31749157  0.35924358  4.82663327  3.20107726 -0.31514339] -230.1393513582216
[ 4.0301902  -2.51256064 -0.03040948  4.64338916  2.86799254 -0.52757382] -230.63523310843232
[ 4.93369195 -2.77111895  0.72180889  4.8320919   3.20891059 -0.93213311] -230.47165898262045
[ 4.83246935 -2.94277041  0.31285462  5.02248699  3.3920846   0.18501108] -230.44859132599956
[ 4.58072990e+00 -2.98319736e+00  1.08270268e-03  5.57069099e+00
  3.79082867e+00  5.28326275e-01] -231.04796354483653
[ 4.95276521 -2.30282085  0.79174986  4.77568224  3.29216213 -0.43202316] -230.15064725922713
[ 4.45734478 -2.44592691  0.67193635  4.26212598  2.16494857 -0.30887489] -230.81723334786736
[ 4.96807085 -2.51324139  0.53269139  5.23429685  3.83141632 -0.11037595] -230.18516713372773
[ 4.67342535 -2.12452833  0.3733647   5.1224562   3.55044546  0.85296763] -230.84463394289423
[ 4.8686253  -2.6094713   0.63469784  4.90468298  3.29429431 -0.48585792] -230.1446555010163
[ 4.86425215 -3.11771666  0.59164247  5.09262875  3.76083069 -0.78132976] -231.03786434749716
[ 4.79679193 -2.26879101  0.55015272  4.92761488  3.24455837  0.10853661] -230.1239740218576
[ 4.79419551 -1.93610224  0.89421002  4.91112799  3.39203827 -0.58667359] -230.50178387464672
[ 4.82290089 -2.69110337  0.45819347  4.99464724  3.39207302 -0.00791009] -230.1763611702793
[ 4.80848231 -2.27617133  0.35625109  4.75591778  3.26300022 -0.44413423] -229.8349951273795
[ 4.80304239 -2.10185608  0.15804738  4.56790932  3.15007022 -0.68113948] -229.79615312440876
[ 4.6047641  -2.25060333  0.45133689  4.43142646  2.69332878 -0.49413652] -230.03876685538884
[ 4.6772218  -1.92590801  0.52354928  4.48333581  2.89975733 -0.75867786] -230.02138743371805
[ 4.45550968 -2.18855292  0.10059271  4.604852    2.86886663 -0.4434497 ] -229.82500070268924
[ 4.40194438 -1.74159634  0.07960967  4.3759076   2.72492522 -0.37547886] -229.93864357230618
[ 4.77204561 -1.84161099  0.26185263  4.30371542  2.65942493 -0.56630522] -229.90483574193104
[ 4.44138406 -1.74791821 -0.02515653  3.99476732  2.42089933 -1.21493249] -230.21731913859716
[ 4.70793996 -2.13857281  0.4063254   4.69440299  3.03864361 -0.22233067] -229.88134617813492
[ 4.66780384 -1.72876239  0.05865547  4.57861459  3.08723386 -0.52165741] -229.67274566323204
[ 4.69932371 -1.46784191 -0.13768523  4.65220866  3.2841864  -0.53541785] -229.6953439356217
[ 4.59220682 -1.9877425  -0.16852153  4.55846483  2.94329749 -0.17810925] -229.669716697392
[ 4.54969933 -2.01865974 -0.51455693  4.59602934  2.96506756  0.11217506] -229.82765956992662
[ 4.93090505 -2.25410289  0.19270768  4.72674545  3.19092036 -0.49551838] -229.76694078193538
[ 4.61375696 -2.29158554 -0.0125836   4.93994764  3.43358579 -0.28109641] -229.82031683771942
[ 4.64646829 -2.04562796 -0.2966927   4.63110829  3.1860145  -0.64465954] -229.67069975515608
[ 4.96255144 -1.9480062  -0.12338847  4.72941137  3.46150745 -0.49061045] -229.76105165050163
[ 4.92056898 -1.73044713 -0.04714713  4.32413698  2.9060955  -0.72280176] -229.87866565748413
[ 4.69045997 -2.15130094 -0.02122448  4.78599498  3.30171322 -0.39152275] -229.67661179724638
[ 4.69375608 -1.93665821 -0.27753538  4.76887052  3.24015874 -0.22621978] -229.5834535674341
[ 4.63911292e+00 -1.85405927e+00 -4.95326761e-01  4.86935112e+00
  3.28520301e+00  1.24007315e-03] -229.6888567745655
[ 4.48684376 -1.67859651 -0.46894338  4.62407608  3.2157214  -0.32207468] -229.7709416456159
[ 4.81988973 -2.11022629  0.02729492  4.70107811  3.19712062 -0.45215745] -229.64130773909662
[ 4.40764346 -2.03876656 -0.10261943  4.61196573  2.85700536 -0.31416494] -229.77125005036459
[ 4.82382445 -1.97069629 -0.11819621  4.70004996  3.31038193 -0.44649907] -229.63727064087695
[ 4.72418977 -1.77527028 -0.23710733  4.52673379  3.01968916 -0.43157809] -229.5915390434006
[ 4.7656412  -2.21331146 -0.41557488  4.71682057  3.21165362 -0.27141699] -229.72594834809706
[ 4.69226318 -1.84989965 -0.05990212  4.61316609  3.1183388  -0.4590973 ] -229.6035395414852
[ 4.80224172 -1.83120311  0.01870348  4.65834614  3.09031441 -0.08656077] -229.66958199416308
[ 4.92651482 -1.83690878 -0.04705935  4.76428337  3.38203706 -0.52259491] -229.6408956345217
[ 4.75790429 -1.99535005 -0.25620531  4.69971447  3.33226103 -0.7594881 ] -229.69218992137783
[ 4.79115736 -1.87223985 -0.05002371  4.66868822  3.15080106 -0.2547926 ] -229.601914670916
[ 4.73067882 -1.63699806 -0.29056962  4.64618588  3.21001497 -0.32810313] -229.5934333724739
[ 4.55877506 -1.84367867 -0.29738544  4.54361478  2.96775782 -0.19283508] -229.65563935124783
[ 4.83457988 -1.83860125 -0.10964087  4.70911622  3.27846725 -0.44015495] -229.58837532122777
[ 4.66505058 -1.66585948 -0.2233968   4.61087028  3.02877474 -0.26681621] -229.61422671871745
[ 4.70474405 -1.74206868 -0.19709665  4.6331652   3.09917654 -0.31173693] -229.57895528644397
[ 4.80077214 -1.75071245 -0.32742241  4.70442052  3.21443044 -0.20509786] -229.58909888904668
[ 4.70508288 -1.68786313 -0.42976704  4.66080915  3.20317797 -0.39283764] -229.58091995942888
[ 4.75702944 -1.94005994 -0.23562028  4.68818592  3.14168507 -0.34110528] -229.56576799369643
[ 4.77020475 -2.09159088 -0.20814561  4.70918595  3.10752011 -0.34760636] -229.58912102423568
[ 4.77446506 -1.85671761 -0.28858688  4.86145539  3.37267618 -0.20747273] -229.59500978093843
[ 4.73675859 -1.79563211 -0.24997722  4.61041419  3.10793591 -0.37555175] -229.57068458462203
[ 4.67654484 -1.89624865 -0.17245674  4.65243321  3.14243672 -0.49077092] -229.57460194450638
[ 4.59005874 -1.82757565 -0.4111769   4.62884318  3.0330564  -0.27258581] -229.58182761330917
[ 4.69631677 -1.69315785 -0.28782956  4.5224131   3.00233079 -0.50197633] -229.5855056822402
[ 4.69439625 -1.87578312 -0.28010893  4.70725616  3.18070176 -0.29515892] -229.5652947475359
[ 4.83479327 -1.81830955 -0.11049872  4.68857811  3.25864826 -0.46313467] -229.5904952697593
[ 4.65124238 -1.82525913 -0.33600735  4.64377691  3.08945436 -0.32022302] -229.56442555617912
[ 4.7018223  -2.00382075 -0.06065535  4.65093471  3.05061881 -0.31867797] -229.6029479902143
[ 4.70426774 -1.76685253 -0.33748912  4.65834054  3.16503818 -0.37429772] -229.5630612825656
[ 4.70200236 -1.95787648 -0.34012323  4.68697045  3.17657413 -0.42063228] -229.57005320605194
[ 4.73868742 -1.82423912 -0.42065197  4.67921485  3.14469308 -0.21821874] -229.58848522105106
[ 4.69208048 -1.87824627 -0.23450555  4.65912862  3.14300081 -0.42263287] -229.56150758672658
[ 4.66358096 -1.95239371 -0.33797427  4.73747201  3.19088219 -0.34913162] -229.56323741752087
[ 4.68553005 -1.78832175 -0.24711194  4.67774961  3.12701332 -0.28021754] -229.5736931679006
[ 4.69788429 -1.9154878  -0.3168704   4.68466524  3.16418393 -0.38552859] -229.5607278555556
[ 4.61078792 -1.79794758 -0.37869826  4.67536057  3.16940201 -0.3745523 ] -229.57837770471278
[ 4.72046906 -1.90453185 -0.27138977  4.68497959  3.1486143  -0.34946704] -229.55932947130543
[ 4.68211205 -1.87180731 -0.33130323  4.64886481  3.1196895  -0.43860137] -229.55652550678946
[ 4.67596995 -1.86981941 -0.35690038  4.61966913  3.08918338 -0.5103226 ] -229.56192344191345
[ 4.73555582 -1.93784736 -0.27383676  4.71404003  3.22101528 -0.45299671] -229.56634066008803
[ 4.67232074 -1.85340619 -0.32046471  4.66134269  3.12234459 -0.35341645] -229.55853969454336
[ 4.72613049 -1.77771694 -0.26603333  4.59496848  3.09674158 -0.4255164 ] -229.57036908442723
[ 4.67921834 -1.90872452 -0.31998903  4.70184613  3.16734704 -0.36822781] -229.55816806025317
[ 4.67709392 -2.01054878 -0.26068511  4.68860181  3.12335521 -0.39832699] -229.56454562588556
[ 4.69747428 -1.82777659 -0.31828812  4.66590586  3.15461744 -0.38030504] -229.55771333095373
[ 4.69107911 -1.88233182 -0.3915962   4.69007281  3.14926479 -0.33588256] -229.56166504544396
[ 4.69183014 -1.87926766 -0.27377821  4.66686467  3.14456681 -0.4009453 ] -229.55785445707357
[ 4.68325725 -1.83301691 -0.29486729  4.65860267  3.12154263 -0.37812574] -229.55609697726283
[ 4.67594374 -1.79178146 -0.28386573  4.64557139  3.10022198 -0.37442432] -229.56002385661654
[ 4.64826854 -1.82013454 -0.34817375  4.64949602  3.12808837 -0.4237402 ] -229.55987080940952
[ 4.70241893 -1.88343252 -0.29058577  4.6761087   3.14348282 -0.36803533] -229.5568499613505
[ 4.7064496  -1.88126898 -0.28913917  4.67805492  3.16140415 -0.42466375] -229.55615474173544
[ 4.70862907 -1.81679881 -0.27933156  4.62962108  3.11442075 -0.42866436] -229.55930477295792
[ 4.68657103 -1.88574309 -0.30982466  4.68378987  3.15411546 -0.38333695] -229.5563611247216
[ 4.69426424 -1.84841415 -0.33755787  4.67024427  3.14038386 -0.39007743] -229.55499771493245
[ 4.69548129 -1.83298739 -0.36944769  4.67193407  3.13829239 -0.3846435 ] -229.5558566500206
[ 4.68755008 -1.90678439 -0.29947121  4.67264922  3.1255887  -0.41397515] -229.55433757338983
[ 4.68258798 -1.94628829 -0.29006276  4.6760209   3.11107434 -0.43081021] -229.55544324102559
[ 4.67764915 -1.85891242 -0.33013538  4.66129323  3.13075862 -0.44155814] -229.5542870097467
[ 4.66526426 -1.84665237 -0.34991018  4.65388549  3.12439652 -0.47831955] -229.5555811924242
[ 4.6964684  -1.86623934 -0.28902863  4.69267992  3.15824164 -0.37197768] -229.55537605221772
[ 4.69530855 -1.84580231 -0.30357518  4.66071821  3.12519107 -0.42345568] -229.5533683669971
[ 4.69967731 -1.82583191 -0.30045044  4.64918239  3.11072888 -0.44351505] -229.55490839630724
[ 4.6717163  -1.83845419 -0.32907268  4.66067425  3.10583136 -0.3817262 ] -229.55487565038013
[ 4.69106166 -1.88851869 -0.33474636  4.68081703  3.14045579 -0.42946435] -229.55362857365293
[ 4.67604826 -1.86272271 -0.35582426  4.64278548  3.09782816 -0.45477464] -229.5550786040182
[ 4.68115329 -1.86360187 -0.33912535  4.65525909  3.11293153 -0.4340754 ] -229.55391718444932
[ 4.6738821  -1.88561048 -0.30781752  4.66022607  3.10653516 -0.45134088] -229.55329423092735
[ 4.66369103 -1.90420864 -0.29294735  4.65521697  3.08961081 -0.4819726 ] -229.5547864508588
[ 4.69715198 -1.9112892  -0.30921766  4.6696467   3.14132227 -0.48289701] -229.55747864529525
[ 4.67807522 -1.85666294 -0.32410892  4.66291736  3.11470409 -0.4070189 ] -229.5533262880007
[ 4.67815991 -1.82625184 -0.3470317   4.65442778  3.11793672 -0.4483293 ] -229.554180692174
[ 4.68823109 -1.86323695 -0.32199964  4.66349529  3.10849283 -0.42300336] -229.55296412852715
[ 4.69352206 -1.86539922 -0.31793177  4.66459632  3.09735994 -0.41372597] -229.5543481880947
[ 4.6910774  -1.9082259  -0.2967593   4.67338324  3.11816678 -0.40779023] -229.554009167408
[ 4.68784802 -1.88773239 -0.3093274   4.66864437  3.11810926 -0.41792499] -229.55314119952047
[ 4.69031559 -1.87891938 -0.29473299  4.67701369  3.12489787 -0.41666066] -229.55309736642928
[ 4.68015853 -1.85080279 -0.28577419  4.65018797  3.09218764 -0.4170038 ] -229.554671190805
[ 4.68833588 -1.87908972 -0.32250332  4.67315976  3.12838875 -0.42634922] -229.55297712991
[ 4.67358742 -1.90461498 -0.32325475  4.67443397  3.10851825 -0.42397698] -229.55301532018618
[ 4.68932481 -1.90973836 -0.30243628  4.67607369  3.11694329 -0.44606646] -229.55355826137102
[ 4.68088762 -1.8699318  -0.31869076  4.66620644  3.11526389 -0.41678079] -229.5530172158298
[ 4.6958531  -1.8755646  -0.3223521   4.68075844  3.12802179 -0.39022446] -229.5536443978444
[ 4.67937485 -1.88309901 -0.31145117  4.66535916  3.11190682 -0.43606177] -229.55292293866435
[ 4.67906279 -1.87189822 -0.32155014  4.67124506  3.11438021 -0.42968593] -229.55273297914505
[ 4.67467017 -1.86398114 -0.32766151  4.67254541  3.11251569 -0.4355664 ] -229.55301586506295
[ 4.67284429 -1.87837084 -0.3450836   4.66095288  3.10408571 -0.43529203] -229.55304356019906
[ 4.67721212 -1.87850798 -0.33249595  4.66496808  3.10928875 -0.43063418] -229.55282849133548
[ 4.6810471  -1.89021716 -0.32572756  4.67134733  3.11172799 -0.43978969] -229.55290018308335
[ 4.69083386 -1.8507347  -0.32198785  4.66209093  3.11954354 -0.4378644 ] -229.55332725283074
[ 4.67789903 -1.89114491 -0.32293802  4.67134821  3.11127457 -0.42744884] -229.55278089120193
[ 4.67260645 -1.88027836 -0.32288417  4.66276128  3.09396831 -0.43585871] -229.55301214701
[ 4.68440352 -1.87938688 -0.32259853  4.67056014  3.11978364 -0.42872659] -229.5527374727368
[ 4.67143537 -1.90151443 -0.32358748  4.67478071  3.11762783 -0.44111231] -229.55297588859645
[ 4.68403216 -1.87280632 -0.3223966   4.66631664  3.11077658 -0.4275306 ] -229.5529380179625
[ 4.6756343  -1.89194506 -0.32319052  4.67195935  3.11534408 -0.43658507] -229.55277492579623
[ 4.67904476 -1.88460106 -0.33804908  4.6751169   3.11535959 -0.42822833] -229.55286183237195
[ 4.67670508 -1.87561088 -0.32787986  4.67038525  3.11674896 -0.42064662] -229.5528193094651
[ 4.67792751 -1.87823025 -0.3121686   4.66503847  3.11358048 -0.42968075] -229.5529666264565
[ 4.67876545 -1.88300836 -0.33157896  4.67259729  3.11491482 -0.42859144] -229.5527266737154
[ 4.68027794 -1.88582346 -0.31741606  4.67773036  3.12152667 -0.42659398] -229.55272005048036
[ 4.68181085 -1.8894812  -0.30987612  4.6841115   3.12764563 -0.42457388] -229.55290115809703
[ 4.68197593 -1.89212475 -0.31854422  4.67476155  3.11565903 -0.43856399] -229.5526935283353
[ 4.68461136 -1.90038168 -0.31387641  4.67694971  3.11511407 -0.44752268] -229.55314560511613
[ 4.68214095 -1.87691733 -0.32202146  4.67493638  3.12259491 -0.43546683] -229.55274898612555
[ 4.68657456 -1.87110794 -0.32137927  4.67531758  3.12094235 -0.42595785] -229.55273444852062
[ 4.68154578 -1.8841992  -0.32233427  4.67246762  3.11314066 -0.42390643] -229.55276381673025
[ 4.68199216 -1.8787378  -0.32209966  4.67431919  3.12023135 -0.43257673] -229.55271411186644
[ 4.67847942 -1.8815133  -0.3215909   4.67809687  3.11610117 -0.43193005] -229.55285184621275
[ 4.68292249 -1.87991848 -0.32234663  4.67244432  3.11886302 -0.42952745] -229.5527593376924
[ 4.68198404 -1.88543127 -0.32032194  4.67454037  3.11794519 -0.43557036] -229.55275390570043
[ 4.68112693 -1.8889741  -0.31798014  4.67624596  3.11859285 -0.43257899] -229.5527127305174
[ 4.68037069 -1.88756655 -0.32506159  4.67367942  3.11528692 -0.43357771] -229.5527590527218
[ 4.68051936 -1.88201149 -0.32004718  4.67300331  3.11501962 -0.43412496] -229.55268516638347
[ 4.68427524 -1.88161634 -0.31996175  4.67503957  3.11830069 -0.43226092] -229.55270576029326
[ 4.68318972 -1.88575581 -0.32057138  4.67266085  3.11772134 -0.43364529] -229.55264737037567
[ 4.68398639 -1.8844047  -0.31408061  4.67507111  3.11912599 -0.43533712] -229.55276645796835
[ 4.68127462 -1.88677609 -0.32231635  4.67402735  3.11624669 -0.43401757] -229.55275633246475
[ 4.68308246 -1.88519517 -0.31682586  4.67472319  3.11816622 -0.43489727] -229.55278113799685
[ 4.68172658 -1.88638086 -0.32094372  4.67420131  3.11672657 -0.43423749] -229.55276509048088
[ 4.68185454 -1.88388365 -0.32030928  4.67283208  3.11637048 -0.43388513] -229.55276310148523
[ 4.68258283 -1.88894028 -0.3195578   4.6737112   3.11669019 -0.43610464] -229.55265154200436
[ 4.68373248 -1.88368608 -0.32026656  4.67385021  3.11801102 -0.43295311] -229.55258410553893
[ 4.68215833 -1.88736496 -0.31927576  4.6744534   3.1181571  -0.43311214] -229.55272293310614
[ 4.68258688 -1.88559354 -0.32044666  4.67360061  3.11783326 -0.43460783] -229.55278140362006
[ 4.68223217 -1.88626595 -0.32144386  4.6733441   3.11698401 -0.43383143] -229.5527630152037
[ 4.68266314 -1.88637203 -0.32002822  4.67335     3.11681144 -0.43323608] -229.55274466638784
[ 4.68366502 -1.88891139 -0.32007191  4.67429117  3.11842122 -0.43374244] -229.55265590545486
[ 4.68376501 -1.8874109  -0.31848002  4.67409485  3.11828675 -0.43376647] -229.5526371429689
[ 4.68370132 -1.88765111 -0.31937959  4.67433723  3.11895109 -0.43453861] -229.55264242942891
[ 4.68472046 -1.88675356 -0.32016666  4.6731951   3.1178701  -0.43513805] -229.55268972993693
[ 4.68407993 -1.88690641 -0.31994393  4.67350968  3.11794185 -0.43463157] -229.5526224427441
[ 4.68335208 -1.88453881 -0.31932785  4.67309683  3.11744619 -0.43480413] -229.55278298843186
[ 4.68358678 -1.88781824 -0.3198859   4.67399259  3.11817746 -0.43400786] -229.55261406254817
[ 4.68476892 -1.8841359  -0.31995133  4.6737706   3.11967298 -0.43174299] -229.5526300060595
[ 4.68468842 -1.8867804  -0.31873106  4.67519086  3.11929238 -0.43356824] -229.5526571070372
[ 4.6835644  -1.88601196 -0.3201113   4.67329335  3.1181141  -0.43362603] -229.5525937015825
[ 4.68413119 -1.88433873 -0.32016676  4.67316653  3.11778363 -0.43237073] -229.5526075757076
[ 4.68418956 -1.88355488 -0.32162857  4.67309947  3.11828026 -0.43267763] -229.55258551627153
[ 4.68299253 -1.8866362  -0.32071635  4.67320001  3.11642979 -0.43501265] -229.55264072478232
[ 4.68432482 -1.88476098 -0.32014258  4.67362795  3.11886218 -0.43256041] -229.5526449763841
[ 4.68396102 -1.88362048 -0.32094757  4.67347484  3.11814564 -0.43281537] -229.55261367603566
[ 4.68364844 -1.88484902 -0.32018893  4.67357178  3.11806256 -0.43328957] -229.55263832198384
[ 4.68393184 -1.8840124  -0.32021666  4.67350837  3.11789732 -0.43266192] -229.5526178354082
[ 4.68365963 -1.88575216 -0.32007623  4.6739214   3.11809424 -0.43348048] -229.552617644297
[ 4.68390621 -1.88529625 -0.32010525  4.67367994  3.11797643 -0.43379234] -229.55262489917868
[ 4.6842507  -1.88391099 -0.32010894  4.6738104   3.118842   -0.43234805] -229.55262264009107
[ 4.68416552 -1.88391043 -0.32038481  4.67384327  3.11825966 -0.43272752] -229.55258565939718
[ 4.68399419 -1.88300127 -0.32056167  4.67378955  3.11844019 -0.43186981] -229.5526612114026
[ 4.6839282  -1.8847225  -0.32021935  4.67370734  3.11809237 -0.43331171] -229.55262068284347
[ 4.6835422  -1.88465703 -0.32059478  4.67362474  3.11732475 -0.43363532] -229.55262687727475
[ 4.68407358 -1.8840975  -0.3202304   4.67376399  3.11846269 -0.43266987] -229.552618460809
[ 4.68391315 -1.88363718 -0.32048805  4.67374668  3.11819781 -0.43245771] -229.55261163537583
[ 4.68371431 -1.88410874 -0.32056289  4.67368427  3.11773921 -0.43302884] -229.5526214872859
[ 4.68398376 -1.88410031 -0.32031352  4.67374406  3.11828182 -0.43275961] -229.552617695073
[ 4.68387336 -1.88422314 -0.32060892  4.67401845  3.11843274 -0.43306935] -229.55261454548804
[ 4.68378463 -1.88417618 -0.32061052  4.67387422  3.11809855 -0.4330749 ] -229.55261600774116
[ 4.68415042 -1.881999   -0.32102592  4.67368116  3.11828757 -0.43221883] -229.5526372120751
[ 4.68378233 -1.88481387 -0.32031365  4.67386134  3.11814257 -0.43316507] -229.55261108178985
[ 4.68402466 -1.88378755 -0.32039267  4.67372404  3.11829793 -0.43265447] -229.55264044607435
[ 4.68384464 -1.88407902 -0.32055606  4.67383668  3.11814839 -0.43296979] -229.5526163280908
[ 4.683949   -1.88379826 -0.32032568  4.67384674  3.11813534 -0.43284031] -229.55261514908673
[ 4.68375741 -1.88424997 -0.32029011  4.67385577  3.11807679 -0.43305909] -229.55264859925796
[ 4.68382282 -1.88366163 -0.32037731  4.67379844  3.11810441 -0.43270541] -229.55261219216237
[ 4.68384675 -1.88365328 -0.32060706  4.67366252  3.11807833 -0.43288424] -229.55261541351828
[ 4.68380292 -1.88395461 -0.32043774  4.67393433  3.11822188 -0.43301123] -229.55260606863393
[ 4.68375856 -1.88393113 -0.32043854  4.67386222  3.11805478 -0.433014  ] -229.5526178703605
[ 4.68388011 -1.88331169 -0.32052753  4.67379571  3.11812512 -0.43274368] -229.5525897404419
[ 4.68391947 -1.88342405 -0.32040875  4.6737671   3.11817058 -0.43269865] -229.5526150604777
[ 4.68385551 -1.88362549 -0.32017413  4.67400165  3.11817779 -0.43276656] -229.5526178247612
[ 4.68384894 -1.88364633 -0.32049883  4.67374731  3.11810319 -0.43285482] -229.55260529436268
[ 4.68371991 -1.88342987 -0.32051322  4.67378429  3.11811006 -0.43281532] -229.5526030655985
[ 4.68368292 -1.88380602 -0.32046498  4.67386966  3.11805465 -0.43299587] -229.55260796723098
[ 4.68373294 -1.88361657 -0.32052565  4.67386206  3.11810423 -0.43308593] -229.55260678622065
[ 4.68388951 -1.88340903 -0.3204582   4.67378831  3.11817052 -0.43282549] -229.55260479408463
[ 4.68389168 -1.8835293  -0.32037505  4.67377132  3.11814304 -0.43264862] -229.5526193592967
[ 4.68377263 -1.88359475 -0.320488    4.67383938  3.11811393 -0.4329766 ] -229.55260626177386
[ 4.683852   -1.88355112 -0.3204127   4.67379401  3.11813334 -0.43275794] -229.5526106797751
[ 4.68379247 -1.88358384 -0.32046917  4.67382803  3.11811878 -0.43292193] -229.55261337719688
[ 4.68380629 -1.88349888 -0.32039704  4.67382296  3.11806807 -0.43284839] -229.5525782139069
[ 4.6837262  -1.88355798 -0.32038989  4.67381725  3.11806054 -0.43288421] -229.55261171743666
[ 4.683811   -1.88354755 -0.32036238  4.67381926  3.11809077 -0.4328893 ] -229.5526120863911
[ 4.68379071 -1.8836662  -0.3203827   4.67379876  3.1180571  -0.43290396] -229.55261083380844
[ 4.6837677  -1.88382034 -0.32035215  4.67389227  3.11811645 -0.43298217] -229.55257331548245
[ 4.68375256 -1.88364042 -0.32037728  4.67384479  3.11806247 -0.43296485] -229.5526124296355
[ 4.68379224 -1.8836186  -0.32033963  4.67382211  3.11807218 -0.43285552] -229.55261506762565
[ 4.68376248 -1.88363496 -0.32036787  4.67383912  3.1180649  -0.43293752] -229.55258027021708
[ 4.68371763 -1.88374059 -0.32035636  4.67385426  3.11803526 -0.43294715] -229.55260036586216
[ 4.68379957 -1.88379105 -0.32031767  4.67386861  3.11805706 -0.43297322] -229.55257257194987
[ 4.68383625 -1.88390758 -0.32028155  4.67389429  3.11805531 -0.43301773] -229.5526125336649
[ 4.683738   -1.88372443 -0.32030319  4.67391039  3.11806048 -0.43297656] -229.5526090880826
[ 4.68375118 -1.88370987 -0.32032306  4.67388248  3.11805963 -0.43295841] -229.55261372785245
[ 4.68378364 -1.8838057  -0.32033491  4.67388044  3.11808675 -0.43297769] -229.55257096720152
[ 4.68380293 -1.88364496 -0.32035736  4.67384578  3.11806256 -0.43291081] -229.5525761518588
[ 4.68378102 -1.883713   -0.32034277  4.67385386  3.11806098 -0.43295537] -229.55261862755137
[ 4.68376603 -1.88373856 -0.32029211  4.67385941  3.11803404 -0.43296316] -229.55260113984423
[ 4.6837586  -1.88376582 -0.32033701  4.67386144  3.11804616 -0.43296019] -229.55261360029826
[ 4.68379514 -1.88372863 -0.32035018  4.67383368  3.11805708 -0.43293859] -229.55260706202338
[ 4.68378761 -1.88377857 -0.32032031  4.67386259  3.11805357 -0.43295252] -229.55260506146018
[ 4.68381971 -1.88373    -0.3203205   4.6738554   3.11807086 -0.43294514] -229.55261489466926
[ 4.68377387 -1.88375687 -0.32033288  4.67385993  3.11805233 -0.43295643] -229.55258000777013
[ 4.68377607 -1.88377661 -0.32030157  4.6738919   3.11805836 -0.43297268] -229.55257893658785
[ 4.68377976 -1.88372601 -0.32032519  4.67387277  3.11806346 -0.43296548] -229.55261219690988
[ 4.68378565 -1.88376543 -0.32032153  4.67386513  3.11805604 -0.43295576] -229.5526061058427
[ 4.6837916  -1.88379837 -0.32032629  4.67387452  3.1180719  -0.43297546] -229.55257059145072
[ 4.68379328 -1.88372533 -0.32034613  4.67386311  3.11807466 -0.43294425] -229.55261189420423
[ 4.68377985 -1.88379115 -0.32031824  4.67388617  3.11807255 -0.43297519] -229.55258237837177
[ 4.68377875 -1.88378128 -0.3203339   4.67387018  3.11806954 -0.43296706] -229.55260619034811
[ 4.68377483 -1.88377213 -0.32031351  4.67386992  3.11806039 -0.43297043] -229.55261230709402
[ 4.68378562 -1.88379213 -0.32032761  4.67387151  3.11807016 -0.43296511] -229.5525865802709
