[-0.62332773  1.67875141 -0.74640254  0.45586637 -0.25743592 -0.74146076] -249.2903965495707
[ 1.97881084  0.61574351  1.16076892  0.84432349  0.07339021 -1.31271954] -236.40241771637352
[ 1.60371379 -0.46348651 -0.00564652  0.61720254  0.01377222  3.12838805] -243.0246001758998
[ 2.25375494 -0.86604459 -0.17201538 -0.80487752  0.32074734 -0.89277824] -246.1950618071126
[-1.88918869  0.72829396  0.78131376 -0.09478644 -0.05527906 -1.11974841] -266.9171767757215
[ 0.28855636 -1.31093285  0.47248762  0.21133102 -0.58512143 -0.8975252 ] -243.82145147977303
[ 0.7379953  -0.68483115  1.5816506  -0.96449766 -1.25335104 -0.58455891] -252.18292483312368
[ 3.96902319 -1.07189402 -0.01769952  0.21456919 -0.50738714  0.68619687] -242.07927433597243
[ 2.41884849  0.21221013 -1.35115308  1.47730269  0.93933946  0.57459264] -234.83445719610359
[ 3.25927509  0.66073077 -2.81755491  2.69820286  2.03568471  1.15416842] -236.139664917427
[ 4.79423027 -2.64021952  0.77531655  0.39741744  0.34234947  1.17017895] -258.2686316525526
[ 0.73106177  0.59900868 -0.36597277  0.44125414 -0.10748957 -0.26355083] -237.76137808294817
[ 1.40958321  0.39292757  0.13627693  2.07353855 -0.37857943  1.53123891] -235.40432870738948
[ 3.7484574   1.4057693  -0.6202963   1.67806584  0.59613668  2.3455739 ] -232.46863354606322
[ 5.47840792  2.76412038 -1.16668827  2.41143325  1.18676573  3.96712345] -240.78592150608097
[ 3.14821451  1.18140824 -0.34704542  1.62581542  0.19136452 -1.9412774 ] -232.6594733164607
[ 0.50930222  2.5409165  -0.44477438  2.49886419  0.9454411  -0.37491098] -248.4698739281729
[ 3.10409295 -0.16869139 -0.12446824  0.78564294 -0.14418008  0.42091991] -233.39309393492087
[ 4.53827403  0.61411378 -0.01599963  2.38697551  0.53331336  0.80299364] -231.84190057092943
[6.44188017 0.62166632 0.15898694 3.3598362  0.85371482 1.33626587] -251.08359307162027
[ 4.14367936  0.5968357  -1.9349975   2.49812349  0.50574129  2.55740007] -232.4214643970457
[ 5.62427237  0.88762101 -1.60093032  1.41043675  1.2524845   0.05549534] -247.54546472396908
[ 2.4632555   0.51660093 -0.29802488  1.9077631   0.02918655  1.16230302] -229.7023244419211
[ 4.62980943  1.16980206  0.23754242  2.15015941 -0.36881869  1.20804507] -237.20424504934127
[ 2.97158873  0.45160811 -0.9539792   1.64551687  0.61229992  0.73295575] -230.59862234462452
[ 3.9003969   1.75747008 -1.26564607  3.12844381  0.96686086  1.46572975] -230.79392875715394
[ 4.10700279  0.59939107 -1.34926911  2.78914745  0.88981504  4.96359611] -238.47113303477755
[ 3.38791158  1.03590394 -0.59760134  1.91664843  0.36597715 -0.21505902] -229.15885959065548
[ 3.38657797  0.25174154 -1.06845324  2.81642456  0.40832303 -0.1767995 ] -229.95939505307678
[ 2.73898888  0.94564376  0.53509604  2.10246727  0.46624567 -1.30002553] -232.1196265508219
[ 3.0901615   0.85844175 -0.08242734  2.20138132  0.47611957 -0.33566913] -229.32254338869018
[ 1.86169002  1.00980834 -1.4060444   2.15175052  0.41960901  0.07482665] -230.35816752286317
[ 1.8199982  -0.38276854 -0.2031974   1.08471779 -0.19635578 -1.05154383] -233.2001723149893
[ 3.38029722  1.22241042 -1.0000339   2.6175123   0.6760567   0.83641135] -228.3830933651512
[ 2.88504254  1.18002753 -0.53021583  2.89164321  0.17945741 -0.28428462] -233.22882708053163
[ 2.94995218  0.63371297 -0.84803836  1.95704845  0.5040893   0.47864565] -228.6727646013953
[4.35769529 0.49646218 0.10785137 2.32050887 0.40030843 0.50845081] -231.6376034947943
[ 2.48569134  0.8814718  -1.02757045  2.19394011  0.41478386  0.18323269] -228.64815155261078
[ 2.53251181  1.46443906 -0.21611219  1.44834001  0.41374801  0.88008769] -231.28829448893384
[ 3.17306143  0.55491592 -0.85536798  2.47440342  0.40967928  0.0874223 ] -228.5343565077901
[ 3.69243625  1.21235133 -1.17232158  2.54588158  0.9197154  -0.8173084 ] -230.05629550504068
[ 2.77055069  0.69053853 -0.51659906  2.06729272  0.25181876  0.66740016] -228.6399835743743
[ 2.95899332  0.81454278 -1.53264302  2.20756716  0.39801544  1.01502017] -228.18688004682025
[ 2.89340923  0.7925933  -2.25775086  2.21066007  0.35896338  1.69036482] -229.22815749069395
[ 2.51827047  0.56329353 -1.32914958  2.58927296  0.5188373   1.30443647] -228.77085106183105
[ 2.73568075  0.68144614 -1.14626252  2.42111683  0.48062226  0.92456259] -228.21706984295494
[ 2.88480607  0.98139557 -1.17812062  2.70356239  0.37290281  0.75937077] -228.92800800919
[ 2.93366565  0.72063362 -0.93055892  2.14367694  0.47129267  0.54882693] -228.21758336307357
[ 3.49839168  0.68002401 -0.96625135  2.44991635  0.48104451  1.17664848] -228.46847928955168
[ 3.45614599  0.86745243 -1.62710684  2.70410494  0.72041819  0.86223045] -228.39431514431712
[ 3.14799678  1.10725388 -1.54558421  2.37356142  0.66613732  1.7004777 ] -228.79484182384698
[ 3.16679526  0.69300041 -1.02792204  2.44919292  0.47379379  0.49068615] -228.12373630526548
[ 2.71213439  0.98647126 -1.45525774  2.39780735  0.59235517  0.3825974 ] -228.21145072030194
[ 2.5063762   0.83871578 -0.73711921  2.04151955  0.31029382  0.53713775] -228.8222571133593
[ 3.21870355  0.86026827 -1.40460993  2.5384586   0.6178871   0.78095727] -228.0351539168786
[ 2.52836042  0.36304374 -1.49905082  2.10176096  0.33526545  0.54447215] -228.455594578032
[ 3.16731302  1.00756875 -1.12478813  2.48857447  0.59085889  0.76342655] -228.06812648617182
[ 3.05287444  0.96046559 -1.63326887  2.69056217  0.57988488  0.90358978] -228.2776037228708
[ 2.96346785  0.78059161 -1.10623641  2.28039824  0.49844072  0.63751765] -228.04105664970967
[ 3.32678838  1.03270156 -1.40422323  2.36621609  0.57649478  0.43217247] -228.23551986576916
[ 2.88345766  0.76925999 -1.2107527   2.40739164  0.50459039  0.80146506] -228.03838986692483
[ 3.4074425   0.65527268 -1.01372634  2.39272033  0.43550694  1.11376022] -228.36992747881956
[ 2.88596142  0.90367162 -1.34487489  2.39653559  0.55314311  0.56538811] -228.02240733975506
[ 3.1362396   0.85691076 -0.87375168  2.64595     0.68155589  0.33146009] -228.25788288752108
[ 3.00330489  0.82513478 -1.36792019  2.31716287  0.46890055  0.84413015] -228.02752915505238
[ 2.87394086  1.02249793 -1.49180538  2.36031421  0.60414647  0.97360878] -228.1944871369172
[ 3.09358166  0.77537479 -1.14389287  2.42697324  0.50638196  0.61141681] -228.01057388141942
[ 2.84884599  0.6305316  -1.40130753  2.30039893  0.45892239  0.65019846] -228.03254572124658
[ 3.01448387  0.80748874 -1.51821629  2.51524204  0.53816778  0.78033431] -228.0157754465861
[ 3.13816947  0.83156327 -1.51618787  2.42419878  0.54321058  0.60934331] -228.0381509928823
[ 3.07449151  0.81598745 -1.43982907  2.419997    0.53355553  0.65737375] -227.9913056797291
[ 2.7548529   0.72579472 -1.33407035  2.25364463  0.40180334  0.58865659] -228.09188006602807
[ 3.10274088  0.82664988 -1.38697504  2.4672551   0.56386616  0.7328821 ] -227.98505911211203
[ 3.20934209  1.02090415 -1.33259525  2.54732302  0.5957493   0.74697661] -228.11641910698734
[ 2.93897001  0.72812474 -1.38412946  2.36212995  0.49312912  0.674393  ] -227.9817299818177
[ 3.03343823  0.79396429 -1.37138569  2.54554811  0.59384733  0.49646587] -228.0050103923487
[ 3.19994064  0.67885835 -1.40326792  2.51584623  0.52317285  0.75223384] -228.0686886299387
[ 2.96445622  0.8474683  -1.35947315  2.42636325  0.54565055  0.61209954] -227.98031974690392
[ 3.05474231  0.78836775 -1.17701213  2.36751351  0.54064244  0.48120938] -227.9925812439118
[ 2.96269806  0.82481268 -1.56237531  2.4359624   0.58384842  0.60672441] -227.99096959473346
[ 2.99926143  0.81650597 -1.3985457   2.28085896  0.49305007  0.75842819] -228.03282343847985
[ 3.02489403  0.79959971 -1.37817569  2.47937582  0.56864802  0.56195645] -227.9730108792246
[ 2.96800794  0.82584651 -1.65997377  2.496181    0.55559016  0.80060037] -228.03886133123646
[ 3.03305871  0.79773744 -1.29775254  2.39968038  0.54437937  0.56105713] -227.968313971731
[ 2.9344478   0.79214346 -1.34979799  2.43692531  0.56628501  0.59233046] -227.97282108173823
[ 3.03682449  0.7724285  -1.15639265  2.42128087  0.51013766  0.63818182] -227.99163559814247
[ 2.98122967  0.81171663 -1.46087964  2.43229202  0.56542073  0.61458876] -227.9711348651124
[ 2.85627793  0.76561355 -1.35642779  2.37833381  0.53063811  0.47259301] -228.01016541257397
[ 3.04112515  0.8113908  -1.37933822  2.44502478  0.55555915  0.66780983] -227.96808696414624
[ 3.05410051  0.89189404 -1.35767628  2.51109057  0.62218515  0.52888772] -227.99336724624555
[ 2.96775264  0.76906706 -1.37751617  2.39937011  0.52539313  0.63801668] -227.96840441507163
[ 3.02971311  0.74641674 -1.38834694  2.43785955  0.56291125  0.59982023] -227.95895721446365
[ 3.06234155  0.69589096 -1.40278384  2.4436077   0.57154161  0.59368058] -227.9614801885301
[ 2.97088166  0.77655767 -1.37303481  2.37100822  0.53800153  0.66258458] -227.97526755397425
[ 3.01139094  0.7938392  -1.37689047  2.45228392  0.5609864   0.58711348] -227.96431837284416
[ 3.08697561  0.78457916 -1.41044334  2.41857828  0.53859833  0.63047157] -227.9845726919368
[ 2.97257975  0.79025239 -1.36495933  2.43233855  0.55936334  0.60186574] -227.9642550463911
[ 3.03731043  0.75785124 -1.26738825  2.42322708  0.53744348  0.60397227] -227.96625268888894
[ 3.07397339  0.7967622  -1.31404242  2.46410132  0.58148787  0.56919621] -227.96574598642871
[ 3.02230554  0.76776675 -1.399236    2.48526469  0.57487113  0.64886879] -227.95897010601567
[ 3.00796591  0.73957204 -1.32428291  2.45333359  0.57012868  0.53580241] -227.95705448993962
[ 2.99138629  0.70366267 -1.29675525  2.457488    0.57741344  0.46979871] -227.96217137946442
[ 3.00199912  0.78701853 -1.45519777  2.48516679  0.5991394   0.57691669] -227.96375483213822
[ 2.94134473  0.74485968 -1.45559539  2.45131438  0.56097887  0.61426624] -227.96791636059925
[ 3.04081623  0.78378657 -1.34943066  2.46090458  0.57636062  0.58046372] -227.96090437014243
[ 3.01373561  0.74443181 -1.38359406  2.46600533  0.58660508  0.59413238] -227.95105101890383
[ 3.01490795  0.71972811 -1.38694586  2.47286603  0.59941442  0.59764183] -227.94656617431696
[ 3.0666562   0.72451053 -1.40285405  2.49945986  0.60157849  0.57797215] -227.95831702501164
[ 3.05878919  0.70690838 -1.2951677   2.45139598  0.56261546  0.60327302] -227.95571683292238
[ 3.02596307  0.68451428 -1.38284716  2.47248865  0.58081253  0.6073291 ] -227.949411664559
[ 3.04569293  0.67278328 -1.32757888  2.44386987  0.58428248  0.52507745] -227.95533936301985
[ 3.04361197  0.6695888  -1.31821191  2.49327844  0.6033661   0.54921176] -227.94722118993232
[ 2.99898748  0.67318777 -1.27549075  2.42961766  0.56529473  0.56147304] -227.95287249450175
[ 3.05468496  0.63599816 -1.33779785  2.46783862  0.59513323  0.61219965] -227.94811504303402
[ 3.00249359  0.64502509 -1.3811231   2.47525711  0.6134857   0.54770458] -227.94761096685022
[ 3.00119007  0.66989746 -1.36656     2.49324563  0.60155309  0.63344253] -227.94289960906042
[ 2.97893864  0.66845456 -1.38605057  2.51793352  0.61018839  0.68762507] -227.9481939358408
[ 3.04862973  0.6683962  -1.44900454  2.52870717  0.63262696  0.62103678] -227.95031854902555
[ 3.03621917  0.66959409 -1.4056261   2.50393479  0.6157939   0.60614584] -227.94623891445485
[ 3.02507283  0.65209629 -1.34924111  2.49631822  0.62876962  0.5747863 ] -227.94245619418416
[ 3.02462771  0.6358873  -1.33243809  2.50823301  0.65274817  0.55851491] -227.94347961285843
[ 2.98648024  0.70597845 -1.39810485  2.51046146  0.62566105  0.55744463] -227.94918718744609
[ 3.03763378  0.65349324 -1.3528746   2.47849433  0.60276518  0.5985109 ] -227.94478275642473
[ 3.050385    0.69977425 -1.34536343  2.50412204  0.60373507  0.63887514] -227.9451042588386
[ 3.01152429  0.68527235 -1.41732512  2.48971524  0.61397766  0.66725576] -227.9475262146828
[ 3.03559005  0.67350969 -1.34299022  2.49238764  0.60601899  0.57872276] -227.94457541445743
[ 3.04712235  0.6197269  -1.33393929  2.51663485  0.62013086  0.61251933] -227.94039781862793
[ 3.06322956  0.56972629 -1.307436    2.53851927  0.63048908  0.61995808] -227.94163789087395
[ 3.02944553  0.65323852 -1.29136345  2.48979945  0.60519704  0.60613981] -227.94261928390642
[ 3.00829988  0.60754645 -1.33362613  2.484838    0.61774319  0.56249874] -227.94455176564725
[ 3.01127313  0.63851187 -1.3196988   2.51258027  0.62370575  0.59085893] -227.93905063467508
[ 2.9980928   0.63102118 -1.30311091  2.52962325  0.63417603  0.58703294] -227.9410159993169
[ 3.00521121  0.60682947 -1.32181938  2.50541784  0.62634752  0.61469246] -227.94142438326006
[ 3.03147183  0.67255372 -1.32724788  2.51982742  0.61749143  0.64831438] -227.94124592126911
[ 3.04867556  0.61108812 -1.28120997  2.52028039  0.63899432  0.58232787] -227.93965916882485
[ 3.02683011  0.61369694 -1.35302203  2.53388689  0.64661613  0.60169328] -227.93996359978166
[ 3.03178856  0.60203938 -1.29640467  2.53989099  0.62899239  0.64201578] -227.93932918583613
[ 3.0605093   0.6457095  -1.31535483  2.54228243  0.6322961   0.6112174 ] -227.94058293554798
[ 3.04392784  0.57103718 -1.30596199  2.53535786  0.64608708  0.56522981] -227.94214048920065
[ 3.03458583  0.64717459 -1.32192641  2.52371003  0.62464035  0.62754324] -227.93934448458725
[ 3.00624921  0.59836976 -1.32004556  2.50671204  0.6287305   0.60776874] -227.94158621562875
[ 3.04694428  0.63387457 -1.31652752  2.53338984  0.6314047   0.61035523] -227.93908475189573
[ 3.0195768   0.62906826 -1.29565718  2.53794461  0.64465368  0.60574545] -227.93948687764936
[ 3.03745128  0.64022199 -1.25745282  2.52204516  0.61751426  0.61792222] -227.94227814596775
[ 3.0294854   0.6203282  -1.32912973  2.53092645  0.63934066  0.60575051] -227.93872218330904
[ 3.00920911  0.64591083 -1.34523813  2.53920035  0.62525152  0.64509518] -227.93988486441808
[ 3.03880894  0.6197938  -1.29721701  2.52501038  0.63555862  0.5980197 ] -227.93854881921192
[ 3.04471858  0.62483921 -1.33131087  2.51722471  0.61656047  0.61910235] -227.94039476886698
[ 3.02586225  0.628011   -1.3045706   2.53276464  0.63763038  0.60908467] -227.93873110840354
[ 3.02680169  0.60034502 -1.29925637  2.53447749  0.64090382  0.5911517 ] -227.93972571618303
[ 3.0326398   0.63546719 -1.3162589   2.5264019   0.62870621  0.61844535] -227.93857939837756
[ 3.0298827   0.65662283 -1.33139618  2.51380016  0.63645639  0.56882236] -227.94120439578467
[ 3.0313121   0.61568524 -1.30515255  2.53336829  0.63085839  0.62371742] -227.93869465556455
[ 3.00951626  0.61872453 -1.30748168  2.52029414  0.63386197  0.60493696] -227.9389413074418
[ 3.04460179  0.60749146 -1.30023802  2.54367499  0.64494633  0.62912595] -227.93731754838353
[ 3.06126612  0.59198125 -1.29050763  2.55922235  0.65556663  0.64825945] -227.93713554350146
[ 3.06360861  0.61836436 -1.30679712  2.54893719  0.64202499  0.62948874] -227.93840969046255
[ 3.05984474  0.60586235 -1.31045038  2.54185755  0.63972146  0.63214239] -227.9379105822178
[ 3.06634137  0.6087232  -1.2796648   2.54733943  0.6381381   0.64427384] -227.93897470326698
[ 3.03869939  0.61742695 -1.3167635   2.5350297   0.63904002  0.61538135] -227.93785879598462
[ 3.0669771   0.61394673 -1.3075123   2.5454514   0.64934759  0.62352824] -227.93781512419184
[ 3.07709517  0.58699129 -1.29349041  2.55876762  0.65838022  0.6304946 ] -227.93842347537995
[ 3.0836881   0.59173051 -1.3112901   2.57141156  0.65913502  0.66174523] -227.93941485477004
[ 3.05002873  0.61277798 -1.30073528  2.53661067  0.64145272  0.61395108] -227.937470910102
[ 3.03637973  0.63312859 -1.31743166  2.53026866  0.63067091  0.62375582] -227.9382305609214
[ 3.04079     0.60667692 -1.30766979  2.53387625  0.64324145  0.6228507 ] -227.9378884021648
[ 3.06948897  0.58309548 -1.2937813   2.55374731  0.65878571  0.62828192] -227.93792581924754
[ 3.06121166  0.59560375 -1.29969389  2.54787765  0.65175701  0.62715039] -227.93737984373146
[ 3.04647959  0.60694217 -1.29717708  2.54416512  0.65374702  0.61823135] -227.93710870898192
[ 3.03979702  0.60748208 -1.29054043  2.54531891  0.6607598   0.61127583] -227.93774400983517
[ 3.06743087  0.60621602 -1.2964601   2.55557605  0.65372888  0.62598325] -227.9378556778488
[ 3.07909863  0.59172902 -1.2805986   2.56127138  0.66282659  0.63698658] -227.9382692531662
[ 3.0487992   0.61100247 -1.30772227  2.54159012  0.64498667  0.62078265] -227.93718995999347
[ 3.0441566   0.60453543 -1.30465605  2.53606305  0.64522366  0.62465113] -227.9377042393162
[ 3.03700353  0.59366762 -1.29265177  2.54305826  0.64823031  0.62748045] -227.938330263173
[ 3.05948371  0.60887695 -1.30379717  2.54485311  0.64906827  0.62451629] -227.9369754561793
[ 3.06493307  0.6045261  -1.29522173  2.55537662  0.65363577  0.62631261] -227.93730737266532
[ 3.06402905  0.59353292 -1.29730464  2.56108432  0.66146773  0.64113317] -227.9368475034279
[ 3.07102921  0.58391039 -1.29558931  2.57332114  0.67147524  0.65472421] -227.9373354828375
[ 3.05378526  0.61001687 -1.29754961  2.55421956  0.65440035  0.63259478] -227.93647019543468
[ 3.05007206  0.61722343 -1.29647747  2.55739052  0.65572202  0.63531697] -227.9365360081478
[ 3.0463479   0.60292478 -1.30279774  2.54633491  0.65277645  0.63552663] -227.93717617101015
[ 3.06166467  0.59375585 -1.28865568  2.56170301  0.66402215  0.64597124] -227.9367433889816
[ 3.06922156  0.59877723 -1.2888662   2.56208091  0.65998093  0.6347088 ] -227.93719752517052
[ 3.05206632  0.60188789 -1.29931485  2.55027141  0.65457757  0.63532217] -227.93676031539627
[ 3.05123675  0.61302297 -1.30409205  2.54620983  0.65686107  0.61766354] -227.93661729842648
[ 3.06760899  0.60008898 -1.29972759  2.56194862  0.6597187   0.64750238] -227.93708909362053
[ 3.06232664  0.60180227 -1.29908996  2.55750275  0.65822578  0.64018462] -227.93657305020207
[ 3.05555252  0.59579597 -1.29153843  2.56547718  0.66744995  0.64644022] -227.9367379916818
[ 3.04818167  0.61189435 -1.29610889  2.55071026  0.65704456  0.63159235] -227.93652111752732
[ 3.05884952  0.60687487 -1.29303002  2.56166945  0.66475705  0.63616008] -227.93616823115872
[ 3.06224112  0.60936836 -1.28988761  2.56736848  0.66984679  0.63657904] -227.9368639443615
[ 3.04831278  0.61937992 -1.30514731  2.55022667  0.65555744  0.62224063] -227.93646834105976
[ 3.05201169  0.62520111 -1.30680085  2.541369    0.64816547  0.61370512] -227.93727152714087
[ 3.05466731  0.60314726 -1.29535404  2.55945013  0.66262883  0.63825644] -227.93641321916917
[ 3.05747098  0.60468221 -1.29133456  2.56504978  0.66067693  0.64934609] -227.9365634698662
[ 3.04476253  0.61686289 -1.29375152  2.55627254  0.66012927  0.62987884] -227.93660009307285
[ 3.05793562  0.60556743 -1.29775535  2.5571952   0.65870165  0.63760818] -227.9363815652582
[ 3.04977307  0.61427802 -1.30364718  2.54610731  0.6570197   0.61680473] -227.936680315007
[ 3.0555465   0.60708116 -1.29441272  2.56031417  0.65976262  0.64121075] -227.93637140244712
[ 3.06151732  0.60546148 -1.29830746  2.56364813  0.66155809  0.6377646 ] -227.93641415158885
[ 3.05849109  0.60582051 -1.29711935  2.56328169  0.66658821  0.63848545] -227.93619212990302
[ 3.06735634  0.59193765 -1.28684567  2.57162625  0.66910805  0.65425454] -227.93683406781014
[ 3.05307367  0.61251935 -1.3005719   2.55557657  0.65894509  0.63024411] -227.93625408699717
[ 3.05133725  0.60820871 -1.29444034  2.55551427  0.66223639  0.63622374] -227.9363554047217
[ 3.05707724  0.61221009 -1.29708919  2.55840031  0.66103484  0.63505433] -227.93611991199688
[ 3.0582822   0.6167415  -1.29795676  2.5578754   0.66023785  0.63345327] -227.93687102843583
[ 3.05352281  0.61200413 -1.29446582  2.56105696  0.66573975  0.63485131] -227.93613635569525
[ 3.05523736  0.61213139 -1.29782616  2.55818558  0.66667116  0.62912892] -227.9360762772722
[ 3.05508279  0.6146565  -1.29953288  2.55712129  0.67012542  0.623088  ] -227.93610268342948
[ 3.06074665  0.6123114  -1.29892714  2.56387592  0.66567564  0.63175099] -227.93657523038758
[ 3.0536896   0.60923438 -1.29556204  2.55760468  0.66309621  0.63510555] -227.93621465533374
[ 3.05921553  0.60690577 -1.29112563  2.56448966  0.67035065  0.6393511 ] -227.93611590995056
[ 3.06044159  0.60941454 -1.29465669  2.56475654  0.66861768  0.63590484] -227.93635210508927
[ 3.0553776   0.60927942 -1.2953357   2.55939265  0.66447657  0.63530537] -227.93615767528865
[ 3.05460226  0.61398138 -1.29250482  2.55778318  0.6644218   0.63146492] -227.9360598611147
[ 3.05265784  0.61806182 -1.29019756  2.55503393  0.6633386   0.62795466] -227.93612947503678
[ 3.05282808  0.61529586 -1.29641908  2.55809999  0.66614121  0.63222523] -227.9360553180029
[ 3.04981736  0.61950635 -1.29811361  2.55631526  0.66683328  0.63025781] -227.93616335934115
[ 3.05545016  0.61489679 -1.29447453  2.55994592  0.66697656  0.63205323] -227.9363158840286
[ 3.05539574  0.61068376 -1.29512041  2.55953096  0.66510157  0.63449234] -227.93611343622675
[ 3.05792926  0.61173195 -1.29556261  2.55777294  0.66550066  0.63238764] -227.93634655741855
[ 3.05462442  0.61193609 -1.29474002  2.56023595  0.66567998  0.63423539] -227.93608635092102
[ 3.05355722  0.61143466 -1.29215618  2.56104146  0.67175394  0.63191164] -227.93620899028525
[ 3.05619723  0.61201623 -1.29585594  2.5590606   0.66371462  0.63426865] -227.93606843769362
[ 3.05041283  0.61844247 -1.29969651  2.55314243  0.66022613  0.62592071] -227.93623197787824
[ 3.05701486  0.60978994 -1.29326835  2.56165285  0.66781952  0.63599351] -227.93606051795845
[ 3.05477233  0.61436654 -1.29508438  2.55880842  0.66638119  0.63127987] -227.93601383812373
[ 3.05446063  0.61620792 -1.29506637  2.55844716  0.667021    0.62967363] -227.936304296437
[ 3.05559295  0.61392436 -1.29557956  2.55762759  0.66603652  0.63055164] -227.9360105420701
[ 3.05607721  0.61491849 -1.29599933  2.55632341  0.66621479  0.62870977] -227.93632388410504
[ 3.05509854  0.61432672 -1.29174455  2.55949196  0.66483379  0.63613236] -227.93602826535292
[ 3.05377244  0.61521203 -1.29234431  2.55876073  0.66816339  0.63161385] -227.93603912594375
[ 3.05187401  0.61924568 -1.29462389  2.55520444  0.66417311  0.62842912] -227.93609699712925
[ 3.05572965  0.61215388 -1.29360723  2.56004075  0.66690792  0.63410241] -227.93603168150423
[ 3.05466241  0.61444508 -1.29575488  2.55982664  0.66839954  0.63383687] -227.93599677359606
[ 3.05469248  0.61467692 -1.29737991  2.56084836  0.67038841  0.63502284] -227.93600172781225
[ 3.05704803  0.61284701 -1.29161922  2.56008538  0.66743291  0.63361377] -227.93631933142035
[ 3.05388306  0.61468365 -1.29521912  2.55859634  0.66646413  0.63257237] -227.9360185968357
[ 3.05614054  0.6127547  -1.29665226  2.55936983  0.66484431  0.63454465] -227.93602124460043
[ 3.0543203   0.61601313 -1.29640435  2.55786618  0.66541191  0.63220351] -227.93597877675103
[ 3.05361563  0.61794276 -1.29780291  2.5567789   0.6646639   0.63125406] -227.9362999577837
[ 3.05469199  0.61440243 -1.2998203   2.55787304  0.66767874  0.62886394] -227.93602623698027
[ 3.05479363  0.6143835  -1.29780136  2.55827777  0.6669675   0.63068105] -227.93600592522023
[ 3.05320102  0.61651738 -1.29529562  2.55763115  0.66837596  0.62916378] -227.936033842928
[ 3.05540566  0.61369537 -1.2963131   2.55893516  0.66572722  0.63319943] -227.93600918207977
[ 3.05596603  0.61425901 -1.29709343  2.55851758  0.66651049  0.63134509] -227.93629692762113
[ 3.05440381  0.61457749 -1.2956877   2.55857665  0.66647572  0.63226555] -227.93600819233714
[ 3.05495392  0.61464644 -1.29742927  2.55822824  0.66662495  0.63296615] -227.93597325500414
[ 3.05504471  0.6147864  -1.29860172  2.55793815  0.66674683  0.63380929] -227.93597812561904
[ 3.05392029  0.61532931 -1.29755067  2.55960929  0.66716576  0.63449921] -227.93599955063073
[ 3.05361245  0.61610295 -1.29722964  2.55852643  0.66795457  0.63228468] -227.93600006670033
[ 3.05435053  0.61572932 -1.29836903  2.5588682   0.66769902  0.63322494] -227.93597138695858
[ 3.05432389  0.61630523 -1.2997097   2.55901397  0.66831067  0.63370463] -227.93628489917634
[ 3.05381301  0.6163719  -1.29644458  2.55936389  0.66745108  0.6356574 ] -227.93598879334158
[ 3.05506103  0.61474212 -1.29675462  2.55939438  0.66629618  0.63517802] -227.93597405132343
[ 3.05513344  0.61532002 -1.29616825  2.55823989  0.66679513  0.63318975] -227.9362871247346
[ 3.05422358  0.61532699 -1.29720506  2.55926694  0.6670731   0.63417184] -227.93598667784894
[ 3.05424505  0.61649822 -1.29844742  2.55783597  0.66511921  0.63396375] -227.93629370296986
[ 3.05455807  0.61495836 -1.29642802  2.55932897  0.66757945  0.63386859] -227.93598672876917
[ 3.0553428   0.61410021 -1.2977522   2.55828708  0.66611046  0.63154695] -227.93598575079534
[ 3.05485932  0.61522771 -1.29821016  2.5579747   0.66549241  0.63256188] -227.9359726167309
[ 3.05540572  0.61482599 -1.29776815  2.55760599  0.66547187  0.63172197] -227.93631282387042
[ 3.05451911  0.61520174 -1.29734583  2.5588517   0.66667279  0.63355937] -227.93598236501566
[ 3.05401193  0.61641994 -1.29708556  2.55877405  0.66662196  0.63501768] -227.93597205345372
[ 3.05466656  0.61572448 -1.29740516  2.55818355  0.66604268  0.63349135] -227.93596810178653
[ 3.05474029  0.61598585 -1.29743483  2.55784948  0.66572763  0.63345733] -227.93629079327266
[ 3.0549808   0.61481687 -1.29868025  2.55927486  0.66751383  0.63527649] -227.93596603517645
[ 3.05531104  0.61421873 -1.2998182   2.5599792   0.66856479  0.63681298] -227.93597964998656
[ 3.05421332  0.6161128  -1.29897185  2.55770682  0.66703544  0.63233481] -227.93598084643344
[ 3.0548491   0.61508479 -1.29730893  2.55897249  0.66648099  0.63446721] -227.93596003820608
[ 3.05428549  0.61635459 -1.29825709  2.55912104  0.66665869  0.63504703] -227.9362876197086
[ 3.05478681  0.61507348 -1.29763623  2.55845144  0.66663338  0.63348637] -227.93596976538714
[ 3.05435593  0.61572191 -1.29728489  2.55953349  0.66817154  0.63575947] -227.9359811064683
[ 3.05473347  0.61535126 -1.29797884  2.5583644   0.6661622   0.63336127] -227.93596498573623
[ 3.05544382  0.61417346 -1.29870726  2.5585976   0.66688874  0.63275154] -227.93599837298402
[ 3.05436991  0.61585832 -1.29749098  2.55872994  0.66668866  0.63445114] -227.9359689034019
[ 3.05511169  0.61490708 -1.2971311   2.55845736  0.66547489  0.63495301] -227.93597268312027
[ 3.05454082  0.61552376 -1.29805955  2.55876549  0.66714299  0.63365696] -227.93596634197442
[ 3.05459341  0.61571301 -1.29800501  2.5589788   0.6667104   0.63474844] -227.93596096831652
[ 3.05508481  0.61487974 -1.2983216   2.55878326  0.66666237  0.63388277] -227.93596488934313
[ 3.05492757  0.61473199 -1.2987129   2.55952955  0.66751491  0.63497303] -227.93598591940483
[ 3.05473181  0.61547636 -1.2977321   2.55852005  0.66641074  0.63386177] -227.9359619291073
[ 3.05511698  0.61491691 -1.29794936  2.5588658   0.66617052  0.6348757 ] -227.93596398185147
[ 3.0547224   0.61565715 -1.29708503  2.55822007  0.66535191  0.63312256] -227.93596960692113
[ 3.0549162   0.61502694 -1.29828144  2.55901116  0.66697335  0.63473801] -227.93597036131015
[ 3.05472125  0.6153989  -1.29765697  2.55897565  0.6665957   0.63460783] -227.9359538824863
[ 3.05479046  0.61528057 -1.29752051  2.55874627  0.66644587  0.63416449] -227.93596781839642
[ 3.05498304  0.61500085 -1.29762915  2.55891915  0.66632576  0.63467145] -227.93596505565642
[ 3.05496696  0.61498226 -1.29781527  2.55887788  0.66657168  0.63417499] -227.93597957380572
[ 3.05479129  0.61521802 -1.29764389  2.55866845  0.66632159  0.63391424] -227.93596369199147
[ 3.05491495  0.61495083 -1.29799459  2.55912368  0.66699741  0.63487185] -227.93598147777467
[ 3.05478575  0.61537097 -1.29719698  2.55859628  0.66591645  0.63379489] -227.93597123052018
[ 3.05467334  0.61546911 -1.29717021  2.55874822  0.66612377  0.63436505] -227.93596835319036
[ 3.05481708  0.61511311 -1.29777957  2.55908046  0.66684811  0.63493521] -227.9359601186977
[ 3.0549774   0.61489631 -1.29800946  2.55903927  0.66688223  0.6345551 ] -227.935964696774
[ 3.05492259  0.61495675 -1.29782214  2.55913888  0.66670559  0.63488586] -227.93596816212434
[ 3.05482349  0.61519962 -1.29759592  2.55884442  0.6665108   0.63434483] -227.93596642844926
[ 3.05488956  0.61503771 -1.29774673  2.55904073  0.66664066  0.63470551] -227.93595752221896
[ 3.05469885  0.61524876 -1.29775271  2.55900653  0.66693067  0.63439025] -227.93596387997076
[ 3.05461164  0.61547079 -1.2972868   2.5588755   0.66639034  0.63445165] -227.93597622778822
[ 3.05488596  0.61503993 -1.2978288   2.55899833  0.66675926  0.63452924] -227.9359590601001
[ 3.05495256  0.61504872 -1.29756892  2.5589055   0.66628477  0.63466283] -227.93596360941874
[ 3.05491389  0.61502303 -1.29765276  2.5593226   0.66688157  0.63538837] -227.93596836684858
[ 3.05482194  0.61516927 -1.2976461   2.55883199  0.66646159  0.63428277] -227.93596169968856
[ 3.05470907  0.61523251 -1.29775344  2.55906105  0.66697734  0.63451309] -227.93596573866137
[ 3.05489169  0.61509467 -1.29761505  2.55894439  0.66645791  0.6346254 ] -227.93597512717832
[ 3.05480541  0.6152183  -1.29770185  2.55900819  0.66661818  0.63465667] -227.93596178878215
[ 3.05480361  0.61521941 -1.29774288  2.55898699  0.66667748  0.63456853] -227.93596103230243
[ 3.05478518  0.61524184 -1.29748295  2.55897407  0.66653834  0.63453752] -227.93596561083226
[ 3.05476917  0.615256   -1.29771827  2.55902805  0.6667219   0.63477152] -227.93596737282633
[ 3.05477159  0.61528409 -1.29765154  2.55890382  0.66652864  0.6344453 ] -227.9359628234791
[ 3.05483691  0.61522381 -1.29761295  2.55894057  0.66644023  0.63463533] -227.93595783901839
[ 3.05480548  0.61527278 -1.29756478  2.55890171  0.66641096  0.63437888] -227.935972307749
[ 3.05477824  0.6152602  -1.2976799   2.55899647  0.66664417  0.63467336] -227.93597080399695
[ 3.05477908  0.61531135 -1.29763496  2.55895811  0.66651796  0.63462158] -227.9359689650602
[ 3.05476243  0.61530915 -1.29769993  2.55898132  0.66663659  0.63458818] -227.93596553632213
[ 3.05476333  0.6153086  -1.29767941  2.55899192  0.66660694  0.63463225] -227.93597081578565
[ 3.05474642  0.61534149 -1.29765425  2.55893973  0.66656217  0.63452656] -227.93596556421974
[ 3.05475322  0.61532037 -1.29756996  2.55897486  0.66656702  0.63457267] -227.9359647766266
[ 3.05474521  0.61532745 -1.29768762  2.55900185  0.6666588   0.63468967] -227.93596595586843
