[-0.3953936  -1.76527651  0.36234007 -0.61894201 -1.70337339  0.5760272 ] -345.70313302977485
[ 0.13916226  0.71615789  1.04786601 -0.88762985  0.40394071 -0.29770198] -345.1644651768561
[ 1.33001185 -1.99288863 -0.05450002  0.45740967 -0.48842365  0.44587177] -329.3858551003168
[ 0.25809692 -0.45467508  0.4824451   1.78702824  0.08082485  0.39842439] -326.3847656385484
[ 1.51791938 -1.12655461  0.56969544  0.67640524  1.0178     -0.00778845] -343.2927121194125
[-0.33839529 -0.44811295 -1.29514353  0.55217029 -1.042877   -1.39543125] -329.11465148075905
[-0.12431745 -1.32258594  1.27756396 -0.5828294   0.14693898 -0.33978616] -347.75114093002617
[ 0.96145129 -0.36786402 -0.90666293  1.23830993 -0.72430847  0.24625338] -315.17440363559297
[ 1.50433567  0.10949694 -1.99877638  2.1488796  -1.15993219  0.53927316] -306.35955526504426
[ 1.86577053  0.69975103 -0.77847786  2.19702974  1.30715096 -0.68181133] -314.8296715679367
[ 1.90675076 -1.78715232 -2.07278509  3.49393744 -0.49909305  0.06388141] -307.6706875747458
[ 0.6576041  -0.16463905 -2.47544137  2.86907975 -1.61858335 -0.20214217] -317.15097096948
[ 0.62137571  1.31111148 -2.65822636  3.89196535 -0.48907961 -0.87180703] -317.44660105029146
[ 2.60970652  0.35274394 -1.87194379  4.91046974  0.24997287  1.14403739] -305.6059603645186
[ 4.08375742  0.75317239 -2.16034392  7.08961947  0.8963978   2.41377172] -375.13204020792625
[ 2.79708418  0.62844576 -4.43432871  4.71675897 -0.81734631 -0.40128058] -328.2523613252657
[ 0.89284373 -0.18389487 -0.74674835  2.51946092 -0.14371794  0.19849815] -311.1802017334925
[ 2.52429473 -1.63567626 -0.65649792  2.15432038 -0.13232129  1.22571924] -311.5840225952456
[ 3.11029654 -0.65027146 -0.23296843  2.93895286  1.49260314  1.03200817] -309.05095075322026
[ 2.31697212 -1.96466904 -1.74809546  3.85831058 -1.37131378  2.0829505 ] -313.48201812249647
[ 2.20417172 -1.29856402 -1.50569106  3.44299037 -0.7016976   1.39176004] -304.75660626959495
[ 1.55174025  0.48312899 -2.15313978  4.3305766  -0.12163363  0.23076687] -307.72298787290833
[ 3.40282342 -0.7463111  -2.53168649  4.56914128 -0.10287555  1.2687442 ] -305.7876941754732
[ 1.28287957 -0.31194773 -3.81170577  4.69304548 -2.27102286  0.51414618] -348.59380713423616
[ 2.6534423  -0.56569053 -1.12765276  3.37747602  0.55169664  0.90254268] -299.0612712861848
[ 3.20866988 -1.79495469 -1.54970541  2.98372155 -0.43234266  1.53931276] -305.92033666503215
[ 3.28763241  0.47272584 -1.45570021  3.65028875 -0.03263311  2.19800867] -295.7891759876362
[ 3.97807324  1.60266492 -1.14715778  3.7284644   0.20059685  3.2650723 ] -294.94872028054357
[ 4.51462669 -0.92620077 -1.24583605  5.52187485  1.08171571  2.63121663] -306.8906516063272
[ 2.25690842 -0.14942748 -1.8105413   2.99212841 -0.59952022  1.06225903] -300.75460796257266
[ 2.49303867  1.52675993 -1.78185231  4.68983519  0.29840033  1.47215912] -304.21878395286615
[ 1.99562354  1.23580669 -0.54992651  3.14464676  0.10269184  1.81053265] -299.44999480177415
[ 2.58404611  0.43110589 -0.76899678  2.21471064 -0.29925025  2.15740454] -301.89589606127214
[ 3.1162057   2.6589705  -0.88968475  3.27276344  0.78656933  2.16489673] -292.2517987074121
[ 3.57222269  4.63773776 -0.5816816   3.18764998  1.53070279  2.55146507] -293.18886027740064
[ 3.03506111  0.21105006 -0.31613432  1.55356137 -0.0508056   2.31541019] -309.7409925876119
[ 2.62854428  1.19783247 -1.41542281  3.90576673  0.21109885  1.68297189] -296.0877107882592
[ 2.95888638  1.56227963 -1.54446519  4.59237128  0.71696135  1.47202054] -297.9315595978762
[ 3.52001672  2.71338204 -0.41422864  4.3483678   1.4560585   2.70375324] -292.4340465331821
[ 4.28943267  1.82067299 -1.6296108   4.5970898   1.20496867  2.25321981] -295.0128809331054
[ 4.17694403  4.41762471 -1.21920389  4.77079847  0.97372121  3.61143549] -311.60458310139336
[ 3.03431773  0.68013828 -1.15054055  3.72580663  0.65720278  1.57976588] -293.38462879366386
[ 3.89664373  1.99560744 -0.67108325  3.26704832  0.78853698  3.07787273] -292.2958345549843
[ 4.64968566  2.62597959 -0.55201244  3.74074673  1.48687886  3.33188834] -290.2907078801494
[ 5.66025635  3.34005315 -0.12030726  3.65823672  2.12476886  4.15634657] -292.99822087194667
[3.10888159 2.2715746  0.021375   2.76397597 0.5869791  3.1211966 ] -297.4101358596891
[ 3.9942949   1.93339839 -1.21686435  4.13881134  1.05047128  2.470214  ] -291.38689507579517
[ 3.42564824  2.59982716 -0.48431355  3.76938368  1.87464239  1.84439135] -291.0369066995678
[ 4.49984725  4.16225009 -0.25885512  3.78656714  1.82384966  3.61790625] -291.15638622517633
[ 4.34075844  2.61196235 -0.94337585  2.97673908  1.14759099  2.79863657] -292.5953851302441
[ 3.72520215  2.68802712 -0.54651544  4.00546062  1.37894163  2.72747407] -290.5165700131726
[ 3.90698424  3.56054351 -0.64499863  4.304196    2.01191407  2.30771751] -290.4718721729169
[ 4.95101511  3.19770479 -0.34483509  4.64229173  2.42232996  3.26830044] -290.8473230256449
[4.39183265 4.34471236 0.27302093 3.94407062 2.61571425 3.22901198] -291.1036433152417
[ 3.85027543  2.17668142 -0.50769629  4.34881599  2.10629072  1.95168831] -288.89167833598054
[ 3.52548952  1.18389709 -0.63211688  4.62994041  2.24751125  1.11857934] -290.4614466061328
[ 3.77777096  1.27154217 -1.29981141  4.32622762  1.1446183   1.91480803] -291.5949286594267
[ 4.23831723  3.57641981 -0.12018716  4.03960987  2.24794026  2.90046099] -289.4710564385619
[ 5.01484503  3.34195826 -0.42110147  4.59098996  2.01012278  3.65145188] -293.9606184805613
[ 3.82294744  2.78535993 -0.46851053  3.97478525  1.90851249  2.29615648] -289.3069000990839
[ 3.1134556   2.60663234 -0.60180508  3.49557976  1.29116271  1.90349479] -292.17290679826476
[ 4.49162523  3.04993668 -0.40907759  4.35561374  2.13953815  2.92709903] -289.24357081266544
[ 4.59474293  3.23694653 -0.35431211  4.24912857  2.58808322  2.51086282] -287.94690488308964
[ 5.02951331  3.51140624 -0.25821044  4.37096255  3.19265402  2.4025572 ] -287.7187584551561
[ 4.7871372   2.34805105 -0.12689952  3.97264871  2.34869076  2.96223261] -289.4489170709248
[ 4.09025296  3.18997212 -0.0781814   4.61339864  3.16099661  1.8148432 ] -289.1416374438276
[ 4.45226663  2.110716   -0.49600476  4.50579842  2.70428733  1.88439795] -287.7338489465633
[ 3.79182314  3.25997308 -0.61232749  4.75047615  2.72206901  1.46334812] -290.74661403931515
[ 4.53830868  2.57603155 -0.24825651  4.16710557  2.44203533  2.58751148] -288.2210979346508
[ 4.99446664  2.75288807 -0.19729847  4.81244638  3.34008823  2.22654258] -287.6335521263917
[ 5.58022624  2.73665214 -0.06169244  5.23127695  4.0558761   2.19173563] -289.1071114725624
[ 4.49340265  2.38929512 -0.18613837  4.58389545  3.50924593  1.36208121] -288.5643912593509
[ 5.02915816  1.98236735 -0.55302022  4.31627614  2.60387058  2.32341638] -288.57648057184247
[ 5.66209659  2.93088669 -0.1386133   4.57001218  3.82443641  2.31048062] -288.4849154628752
[4.69419334 3.44137388 0.04484627 4.68713071 3.73371184 1.93444063] -288.1492397047701
[ 5.29687908  3.38513902 -0.2450407   4.45392316  2.90315846  3.08656228] -288.85454939287644
[ 4.69427176  2.6382561  -0.20086395  4.55140237  3.35772406  1.79320148] -287.65714947485037
[ 3.80557686  2.74600392 -0.31331599  4.46160315  2.43239719  1.96573649] -289.3607719142094
[ 5.19796666  2.884666   -0.18228897  4.54290992  3.47642661  2.22429459] -287.61456171141066
[ 5.14925077  3.2037372  -0.1816836   4.98977788  4.15959537  1.56763332] -287.9387315386106
[ 5.14505191  2.25918266 -0.55029633  4.57063514  3.00988003  2.09843507] -288.02034465903677
[ 5.03233727  2.55473046 -0.40151068  4.59975903  3.19083798  2.05743646] -287.5067095164104
[ 4.65102332  2.28048375 -0.39704216  4.13798168  2.26107737  2.62851009] -288.40124995625433
[ 5.02469391  2.97292384 -0.23552324  4.77682883  3.68496587  1.83285252] -287.4451971950472
[5.53881655e+00 3.66090757e+00 4.10618117e-03 4.71230461e+00
 4.04327827e+00 2.29456366e+00] -288.10764164235184
[ 4.72390411  2.49826389 -0.37097703  4.55742497  3.03903506  1.98693938] -287.41998629102454
[ 4.85970014  1.92250321 -0.27127701  4.90929462  3.50370525  1.63786513] -287.75181119101916
[ 4.98706002  3.11418048 -0.26147708  4.50554557  3.27041683  2.21138418] -287.4486905382464
[ 5.29253778  2.95429482 -0.34882787  4.71356919  3.3095328   2.38661509] -288.053767939005
[ 4.84383826  2.71726578 -0.23785493  4.59194408  3.34567625  1.94155488] -287.4104665597444
[ 4.94213343  2.82778875 -0.36591218  4.37902442  3.3290313   1.85827809] -287.799004248235
[ 4.98138334  2.77161324 -0.23945189  4.70409089  3.337324    2.13447646] -287.41536582824716
[ 4.66643897  2.65832657 -0.39997598  4.70228786  3.14632539  1.8305867 ] -287.467430977238
[ 4.71010227  3.02279414 -0.1802427   4.67961504  3.41707648  1.92182824] -287.5243417879357
[ 4.95177852  2.67174638 -0.34619369  4.61972303  3.24739761  2.02353441] -287.385639934071
[ 5.17111374  2.9236713  -0.16384997  4.54956459  3.49527982  2.2129939 ] -287.5784360161325
[ 4.79260767  2.72466275 -0.34094448  4.66410705  3.233564    1.9261885 ] -287.3747842090353
[ 4.78567525  2.33797814 -0.32883801  4.79916071  3.3589041   1.7371312 ] -287.4710600620832
[ 4.93671383  2.9201299  -0.27831731  4.57894935  3.29253865  2.09282093] -287.37263080740524
[ 4.71871467  2.4616368  -0.36905654  4.46191762  2.81354598  2.202319  ] -287.54702767385805
[ 4.9481991   2.84510208 -0.26890656  4.69810103  3.4671109   1.92521914] -287.36203475221265
[ 5.09426946  3.05190948 -0.19957926  4.72821351  3.60216874  2.02765873] -287.4521282111788
[ 4.81649545  2.63667529 -0.32812759  4.6001221   3.17981848  1.99711921] -287.3635635021118
[ 4.7818276   2.73358082 -0.36066296  4.54689132  3.25137796  1.8343359 ] -287.39726255362757
[ 4.89870246  2.79336663 -0.40319593  4.64402055  3.21159295  1.99151782] -287.40637255202404
[ 4.88498641  2.77434142 -0.36186068  4.63100143  3.24511377  1.97902708] -287.36195592491924
[ 4.99509939  2.79063845 -0.28078714  4.71711001  3.30380318  2.14696719] -287.48049956544196
[ 4.83514555  2.74784523 -0.34069401  4.58944599  3.26448426  1.91249372] -287.35419503225245
[ 4.78627081  2.87783917 -0.29342319  4.63418595  3.31347908  1.92075513] -287.37843549297
[ 4.82764774  2.82631597 -0.30661581  4.63057022  3.29695871  1.94644995] -287.3554064044272
[ 4.95712169  2.85880721 -0.28722951  4.578623    3.34844426  2.02485484] -287.37439535379974
[ 4.91599318  2.8252711  -0.30065825  4.59999401  3.3197242   2.00018826] -287.3541638236353
[ 4.80610865  2.63172046 -0.35730365  4.67079558  3.29853146  1.82734485] -287.3630074097455
[ 4.92286476  2.91352346 -0.31721874  4.67318065  3.45082262  1.86645512] -287.36710217735356
[ 4.84308778  2.70588733 -0.32540037  4.61838674  3.24756952  1.96445319] -287.35176229523694
[ 4.94557794  2.94320058 -0.27740824  4.58503757  3.31512232  2.08193226] -287.372822925926
[ 4.84097597  2.70959049 -0.3373298   4.64935607  3.30267918  1.89099171] -287.3506106340506
[ 4.76774644  2.68464843 -0.38861308  4.5414838   3.09173231  1.97264883] -287.3692501996358
[ 4.90308593  2.80498867 -0.29883319  4.65894672  3.37326625  1.93707656] -287.3490554714313
[ 4.83699231  2.76562485 -0.2746498   4.61789849  3.35644693  1.90485738] -287.3740029578171
[ 4.87298788  2.77216227 -0.34005796  4.6277257   3.27294706  1.96048466] -287.3494110383674
[ 4.90944436  2.69559906 -0.34104205  4.61738152  3.29659811  1.94211275] -287.35950526021935
[ 4.84809689  2.79363674 -0.31522237  4.62727305  3.29686856  1.94536565] -287.3480525557934
[ 4.90626366  2.78933364 -0.29847331  4.67111477  3.33986732  1.98702628] -287.3570283333234
[ 4.85292508  2.75821733 -0.33013883  4.60986319  3.28333003  1.93112686] -287.34840602895696
[ 4.80439333  2.68955652 -0.34833593  4.66385648  3.272496    1.87631128] -287.3580435432265
[ 4.88809322  2.79134245 -0.31257767  4.61595963  3.30791715  1.96921901] -287.3475322148759
[ 4.89230055  2.83742532 -0.31931957  4.64465471  3.36476656  1.91363496] -287.34898071577595
[ 4.91152055  2.87633377 -0.30138673  4.61211826  3.33035269  1.9946442 ] -287.3514251472952
[ 4.85861211  2.75127631 -0.32834403  4.64004662  3.30959756  1.91690483] -287.34729001847114
[ 4.87471671  2.8068     -0.29475393  4.63785561  3.37230164  1.91062463] -287.35186454533
[ 4.87342009  2.78082171 -0.32873195  4.63025817  3.29778571  1.94801965] -287.3467596197359
[ 4.83473005  2.76591795 -0.34594495  4.59707174  3.24682227  1.93768043] -287.3482276941213
[ 4.82632526  2.70964551 -0.3343337   4.59550275  3.21600719  1.96913719] -287.35404167196685
[ 4.87580673  2.80548037 -0.3230731   4.63236672  3.32757672  1.92751052] -287.34642572254893
[ 4.87332795  2.80460785 -0.32115919  4.63779545  3.31219262  1.95043983] -287.347923372129
[ 4.90438895  2.80980386 -0.29709116  4.66416148  3.3704905   1.9481394 ] -287.35067556881535
[ 4.85214477  2.77688943 -0.3337315   4.61384417  3.27773933  1.94029517] -287.3464598453335
[ 4.8923714   2.77650263 -0.33398345  4.62948388  3.3140678   1.93876402] -287.346870453637
[ 4.87348815  2.75616312 -0.33232137  4.61619094  3.29936879  1.9297979 ] -287.3480038449768
[ 4.873368    2.79249667 -0.32394974  4.63239433  3.30898667  1.94527935] -287.34651695227944
[ 4.85381448  2.76981325 -0.34469359  4.643505    3.30400078  1.90303883] -287.34866576773663
[ 4.87952353  2.78596015 -0.32060665  4.62284597  3.30693806  1.95267397] -287.34638403097284
[ 4.89026606  2.82144067 -0.3263481   4.61368446  3.30143387  1.96727607] -287.3476817304183
[ 4.8665256   2.7688174  -0.32784505  4.63345608  3.30755663  1.92949764] -287.346309865463
[ 4.84789151  2.79365261 -0.31866255  4.62557127  3.29479324  1.94232808] -287.34774318683907
[ 4.88125143  2.78079012 -0.33015322  4.62850572  3.30924916  1.93965504] -287.34619100343315
[ 4.86945327  2.78932301 -0.3243878   4.62421282  3.31489648  1.93028424] -287.3461225318176
[ 4.86746985  2.79357366 -0.32221573  4.62119015  3.32345187  1.92141654] -287.34726650107723
[ 4.86820044  2.77659016 -0.32931604  4.6193495   3.30566546  1.92802617] -287.3464869375375
[ 4.86949233  2.78056679 -0.32797446  4.62261071  3.30649576  1.93233947] -287.3461470889107
[ 4.89520619  2.79342318 -0.31761526  4.64082184  3.34649828  1.93035845] -287.34688907123785
[ 4.86291013  2.78102287 -0.32970244  4.62058859  3.29492906  1.93781099] -287.34606758293427
[ 4.86724537  2.75667974 -0.33048344  4.61837324  3.28577833  1.9465766 ] -287.3471054814969
[ 4.87366639  2.79328021 -0.32492569  4.62886835  3.31712712  1.93227704] -287.34606753605067
[ 4.86157618  2.77863998 -0.33438957  4.62990146  3.30981335  1.91461417] -287.3461694088447
[ 4.8729243   2.79905693 -0.32933268  4.61810647  3.30994701  1.93282934] -287.3460759895158
[ 4.85542277  2.79317314 -0.32675099  4.61959041  3.3084871   1.92039671] -287.34685983352813
[ 4.87479426  2.78388588 -0.32930267  4.6262769   3.30905865  1.93484046] -287.3459775336077
[ 4.87950405  2.79707191 -0.32081901  4.61698649  3.30767134  1.95217968] -287.3465927157461
[ 4.86605815  2.78324796 -0.33099693  4.62667271  3.30927785  1.92400555] -287.34596506665025
[ 4.87044317  2.79603883 -0.32824161  4.62563124  3.3119163   1.9316764 ] -287.34586729245825
[ 4.87091859  2.80377485 -0.32837518  4.6271415   3.31462657  1.93134487] -287.3460283644347
[ 4.8708122   2.78952122 -0.33311287  4.62450193  3.30252218  1.93419568] -287.34595398832323
[ 4.86663713  2.77660873 -0.32942805  4.6327401   3.30499671  1.93210603] -287.3463182482734
[ 4.87135251  2.79344488 -0.32935652  4.62176488  3.30870944  1.93264851] -287.3459514165361
[ 4.87946543  2.79878346 -0.32894299  4.63065008  3.32460811  1.92540355] -287.346197348718
[ 4.86704895  2.78546302 -0.32951258  4.62310396  3.30234883  1.93470913] -287.3460055221487
[ 4.86650336  2.78392038 -0.3352487   4.62044885  3.29748396  1.93174821] -287.34586353340546
[ 4.86292184  2.77924047 -0.34041021  4.61623911  3.28766237  1.93148379] -287.34612750517726
[ 4.87293893  2.79122337 -0.33257386  4.62532821  3.31064063  1.92832914] -287.3458210317271
[ 4.87588392  2.79410354 -0.33410449  4.62644033  3.31478653  1.92513914] -287.34594085949414
[ 4.86457517  2.79524634 -0.33387416  4.62183905  3.30445814  1.92602738] -287.3458726767084
[ 4.87281697  2.79988371 -0.33313898  4.61983201  3.30263236  1.93753623] -287.34589405515
[ 4.86873117  2.79706461 -0.33103174  4.62044615  3.30942476  1.92845961] -287.3458453635521
[ 4.86731708  2.79434754 -0.33534649  4.62274362  3.30347595  1.92861047] -287.3457902049912
[ 4.86529936  2.79479886 -0.33834148  4.62323299  3.3008592   1.92659145] -287.345779094677
[ 4.86334675  2.78621376 -0.33329821  4.62581016  3.30896196  1.9200745 ] -287.34592754180494
[ 4.87044941  2.79646622 -0.33317878  4.62132654  3.30421476  1.9331708 ] -287.34580461201995
[ 4.87354663  2.79125776 -0.33233123  4.62363228  3.30705506  1.93396449] -287.3457993999012
[ 4.86871312  2.78887157 -0.33932699  4.61917377  3.29797649  1.92907816] -287.34570714188175
[ 4.86784809  2.78528794 -0.34486968  4.61594504  3.29100659  1.92777904] -287.34585578612763
[ 4.87338951  2.80264042 -0.33367932  4.62393113  3.31257301  1.92811634] -287.34581903561525
[ 4.87271448  2.79135478 -0.33877881  4.62509549  3.30168163  1.93129052] -287.34608368562493
[ 4.869727    2.79563716 -0.33296851  4.62160848  3.30748898  1.92916733] -287.34570603420804
[ 4.86743608  2.79866729 -0.33736825  4.61897352  3.29941521  1.93170039] -287.34566524221174
[ 4.86468466  2.80238926 -0.33976544  4.61579618  3.2938025   1.93338601] -287.3456985666181
[ 4.86500102  2.78592587 -0.33749242  4.61871807  3.29309689  1.93310787] -287.3458385197906
[ 4.87129239  2.79846178 -0.3346326   4.62262786  3.30770398  1.92936422] -287.3457417065725
[ 4.86822211  2.79276526 -0.33847756  4.62175643  3.30261821  1.92678455] -287.34568158827216
[ 4.86335006  2.79847622 -0.3413739   4.61882541  3.29829896  1.92359754] -287.3456947002806
[ 4.87094756  2.79616089 -0.33637446  4.6177555   3.30364141  1.92997262] -287.34582155304196
[ 4.86671141  2.79513937 -0.33784972  4.62186362  3.30155475  1.92743674] -287.3456445984502
[ 4.86342754  2.79139051 -0.34115571  4.61810588  3.29474688  1.92655735] -287.34567269563894
[ 4.86424495  2.80182036 -0.3370709   4.62120401  3.30339784  1.92600314] -287.34575095034705
[ 4.86759608  2.79210877 -0.33876297  4.61968133  3.29933183  1.92830941] -287.34570449948006
[ 4.86252076  2.79387865 -0.34536086  4.61812691  3.29116631  1.92562799] -287.34570683290895
[ 4.86792544  2.79519753 -0.3360666   4.62073809  3.30340831  1.9282825 ] -287.3457336490577
[ 4.86707375  2.79690333 -0.33760898  4.62041857  3.30048498  1.92956856] -287.3457461615525
[ 4.86506947  2.79326494 -0.33950272  4.61998475  3.29815082  1.92699705] -287.34569770350913
[ 4.86746676  2.79395231 -0.33816364  4.62181002  3.30208648  1.92711065] -287.34575840148597
[ 4.86503074  2.79680779 -0.33961181  4.62034451  3.29992686  1.92551714] -287.3457609767956
[ 4.86715374  2.79362407 -0.33830634  4.62077248  3.30044329  1.92787307] -287.3457587009596
[ 4.8682192   2.79538826 -0.33540912  4.62173605  3.30452186  1.92830204] -287.3457031419788
[ 4.86886738  2.7926163  -0.3360017   4.62185065  3.30248721  1.93024556] -287.3457896515619
[ 4.8659899   2.79575992 -0.33870928  4.62072105  3.30056694  1.92669925] -287.345751781875
[ 4.86635642  2.79651198 -0.33744148  4.62140555  3.30201199  1.92749835] -287.3456746307233
[ 4.86567329  2.79703696 -0.33734346  4.62023317  3.30034397  1.92839002] -287.3457399510311
[ 4.86704462  2.79565503 -0.33634254  4.62115952  3.30178918  1.92936501] -287.3457663603007
[ 4.86625358  2.7957337  -0.3381176   4.62083067  3.3008725   1.92736569] -287.34577063728835
[ 4.86653392  2.79582567 -0.3376456   4.62163458  3.30178337  1.92746755] -287.3456604799699
[ 4.86589044  2.79420216 -0.33867622  4.62092418  3.29985279  1.92721689] -287.3457780936515
[ 4.86746531  2.79526382 -0.33662942  4.62179984  3.30303831  1.92786939] -287.34574151534673
[ 4.86619235  2.79608816 -0.33759659  4.6210484   3.30094936  1.92791338] -287.34576366349546
[ 4.86689258  2.79602135 -0.33772935  4.6211411   3.30101987  1.92850265] -287.3457429007377
[ 4.86635065  2.79544965 -0.3382795   4.62129233  3.30106085  1.92706799] -287.3457023333571
[ 4.86749163  2.79706052 -0.33656718  4.62200244  3.30328272  1.92820234] -287.34568235386445
[ 4.86762282  2.79549863 -0.33730367  4.62219624  3.30296393  1.92760218] -287.3457119661529
[ 4.867166    2.7953912  -0.33702901  4.62245525  3.30354144  1.92671274] -287.3456722126547
[ 4.8664935   2.7961912  -0.33826214  4.62201499  3.30169071  1.92696046] -287.3456861992096
[ 4.86595955  2.79618724 -0.33790738  4.62155816  3.30134069  1.92701377] -287.34575416866494
[ 4.867207    2.79567078 -0.3374546   4.62203672  3.30255812  1.92745507] -287.3457131746235
[ 4.86662266  2.79548252 -0.33774766  4.6217491   3.30166906  1.92745214] -287.34574245606376
[ 4.86693871  2.79526529 -0.33743937  4.62215944  3.3025481   1.92707474] -287.34567933821734
[ 4.86710152  2.79609995 -0.33720845  4.62193303  3.30241873  1.92781954] -287.34573270203487
[ 4.86660246  2.79566528 -0.33805593  4.6219393   3.30162273  1.9271986 ] -287.34572612976484
[ 4.86653103  2.79529451 -0.33806461  4.62157798  3.3013078   1.92725237] -287.3457196521223
[ 4.86716711  2.795319   -0.3375767   4.62202993  3.30225934  1.92751946] -287.3457062081337
[ 4.86706142  2.79544528 -0.3376506   4.62208533  3.30223476  1.92731501] -287.3457584160415
[ 4.86673235  2.79547321 -0.3377234   4.62183316  3.30181049  1.92741786] -287.34566455076845
[ 4.8664595   2.79461894 -0.33836146  4.62186811  3.30128233  1.92681372] -287.34576063605766
[ 4.86694102  2.7957297  -0.3374967   4.6219168   3.30213463  1.92756808] -287.3456918338892
[ 4.86707142  2.79507507 -0.33732757  4.62185434  3.30224897  1.92755782] -287.34566582070903
[ 4.86732297  2.7953727  -0.3370732   4.62230778  3.30287763  1.92760587] -287.34573845335706
[ 4.86672902  2.79531406 -0.33781676  4.62176043  3.30170026  1.92734074] -287.3456814605306
[ 4.86654086  2.79534656 -0.33764114  4.621766    3.30173973  1.9272792 ] -287.3457423994161
[ 4.86701055  2.79532589 -0.33759281  4.62196395  3.30212944  1.9274594 ] -287.34569210104723
[ 4.86669742  2.79533967 -0.33762503  4.62183198  3.30186963  1.92733927] -287.34573506474396
[ 4.86693227  2.79532934 -0.33760086  4.62193095  3.30206449  1.92742936] -287.3456979351354
[ 4.86672188  2.79530629 -0.33778656  4.62184839  3.30168262  1.9274273 ] -287.3457206222593
[ 4.86689142  2.79510722 -0.33758864  4.62185898  3.30190186  1.92749728] -287.3456808299677
[ 4.86682506  2.79520233 -0.33764454  4.62201153  3.30205143  1.92725574] -287.345740586385
[ 4.86672021  2.79522672 -0.33783324  4.62181202  3.30162751  1.92738874] -287.3457144485128
[ 4.86682621  2.79543453 -0.33767321  4.62189021  3.30184469  1.92750241] -287.34572703462584
[ 4.86686098  2.79523263 -0.33772126  4.62191378  3.30184209  1.92744807] -287.34566346895014
[ 4.86675231  2.79527993 -0.33783967  4.62171747  3.30143308  1.92764444] -287.3457543552124
[ 4.86680687  2.79522173 -0.33769333  4.62193801  3.30189684  1.92735292] -287.3457245474809
[ 4.86674471  2.79497679 -0.33781771  4.62185473  3.3016572   1.92734794] -287.34569087055866
[ 4.86674333  2.79510795 -0.33783905  4.62177916  3.30152517  1.92749577] -287.34576047300595
[ 4.86679099  2.79519328 -0.33772976  4.6218983   3.30180392  1.92738863] -287.3457130657806
[ 4.86685136  2.79498571 -0.33772689  4.62188542  3.30177983  1.9274085 ] -287.3457007862576
[ 4.86689674  2.79498495 -0.33764475  4.62194625  3.30188571  1.92745364] -287.3457516060382
[ 4.86676435  2.79516628 -0.33778612  4.62184558  3.30169206  1.92740497] -287.34572073901256
[ 4.8667862   2.795186   -0.33778549  4.6218887   3.30169842  1.9274424 ] -287.3457066075674
[ 4.86680141  2.7951233  -0.33771918  4.6218613   3.30172831  1.92746701] -287.3457038562548
[ 4.86672806  2.79505808 -0.33783371  4.62185917  3.30160598  1.92739234] -287.3457469517692
[ 4.86678138  2.79506254 -0.3377883   4.62187452  3.30166729  1.92742262] -287.3456794159999
[ 4.8667512   2.79516633 -0.33778974  4.62188096  3.30167934  1.92741269] -287.3457298707237
[ 4.86671581  2.79518304 -0.33784148  4.62183782  3.30159113  1.92741274] -287.34575426447435
[ 4.86680408  2.79506216 -0.33774724  4.62190494  3.30172023  1.92744519] -287.3457364197511
[ 4.86681717  2.79518849 -0.33772618  4.62189884  3.30174347  1.92748321] -287.34571881572555
[ 4.86674551  2.79522651 -0.33780564  4.62185104  3.30163696  1.92744303] -287.34568639011036
[ 4.8667965   2.79514241 -0.33776843  4.62186505  3.30166373  1.92748566] -287.345753435576
[ 4.86676252  2.79516035 -0.33778441  4.62187698  3.30167544  1.92743093] -287.3457278152873
[ 4.86678517  2.79514839 -0.33777376  4.62186903  3.30166763  1.92746741] -287.3456609565652
[ 4.86671986  2.79510688 -0.33784785  4.62183723  3.30157432  1.92740986] -287.3457237773096
[ 4.86679284  2.79516809 -0.3377566   4.62188344  3.30170118  1.92746488] -287.3456570274251
[ 4.86675305  2.7951034  -0.33777891  4.62184561  3.30162029  1.92745816] -287.3457526869984
[ 4.86677791  2.79516535 -0.33778385  4.62187793  3.30167889  1.92744634] -287.34569920828517
[ 4.86673     2.79518012 -0.33786677  4.62187856  3.30157393  1.92742666] -287.3457085529664
[ 4.86678356  2.7951375  -0.33775608  4.62186561  3.30168971  1.92745692] -287.3456559979841
[ 4.86675538  2.79512878 -0.33779285  4.62185782  3.30162696  1.92745086] -287.3457310112183
[ 4.86677228  2.79515621 -0.3377861   4.6218729   3.30166591  1.92744747] -287.3457064388508
[ 4.86674749  2.79513844 -0.3378029   4.62186462  3.30162223  1.92744683] -287.34572180910703
[ 4.86675213  2.79515373 -0.33780316  4.62187353  3.30162797  1.92745081] -287.3456639150117
[ 4.86674829  2.79514388 -0.33781174  4.62186632  3.30161119  1.92745208] -287.34574857764125
[ 4.8667464   2.79510096 -0.33781901  4.62186907  3.30161102  1.92742968] -287.3457105372107
[ 4.86672846  2.79518294 -0.33782768  4.62185733  3.30159586  1.92743989] -287.345708756284
[ 4.86674466  2.79515236 -0.33781678  4.62187077  3.30161682  1.92744154] -287.34572174453194
[ 4.86672856  2.79514539 -0.33782801  4.62186666  3.30159836  1.92742975] -287.3456560046561
