[-0.06340677 -0.30788319  0.89447968 -1.19967096  0.29142082  0.04387256] -227.14549575188562
[ 0.68641042  0.6235163  -0.07814844 -0.35143096  0.78800697 -1.02974536] -215.76583861717816
[ 1.35027957  0.21875893  1.9579929  -0.55382784 -1.48898487 -0.81818478] -247.59838780061307
[-0.6042802   1.70141949 -0.45807045 -0.35520474 -0.55713732  0.86868054] -242.40808646313909
[ 0.27131002 -0.42141128 -0.2378727   0.13920218 -0.9946812   1.57637049] -236.53778356432275
[ 1.03154842 -1.2290127   0.01793601 -0.75448531 -0.76288804 -0.84498003] -230.33806919161424
[ 0.82851823 -1.37351512  0.7552598   0.18985472 -1.15332349  0.75965215] -235.97509325608365
[-0.63357953 -0.55438776 -1.6601316  -0.22341719  0.69278412  1.2761349 ] -227.80997177003704
[ 1.3112138  -2.78898408  0.3552447  -0.3781111   0.17757704 -0.2749123 ] -217.67366720144759
[ 0.78225817 -1.45534424  0.33275275 -1.04495578  1.00587367 -1.59969652] -215.6626270253293
[ 1.03773224 -1.97231072  0.61806547 -1.63703475  2.00615111 -3.18773002] -220.8109007256646
[ 0.20962994 -0.53051677 -0.80121544 -1.50721181  1.88424836 -1.56942773] -221.32685270252819
[-0.26737307 -0.44218721 -0.33694213 -0.81378062  2.3761917  -0.20627812] -232.04254372198992
[ 0.70681804 -1.03230633 -0.07078352 -0.76930914  0.0218819  -0.68530455] -220.28833607412145
[ 1.84455407 -1.27611834  1.87090818 -1.52681273  0.69688547 -2.9812062 ] -220.87304990369208
[ 1.91036825 -1.84536796 -0.35822694 -0.65960622  1.23340365 -2.75730345] -212.04872190420264
[ 2.89725575 -2.61411035 -0.98458025 -0.38957384  1.70439506 -4.15789146] -218.06794377617487
[ 2.20424431 -2.06101811  1.48513101 -0.06953016 -0.57637212 -1.53996173] -224.11920396856777
[ 0.70828353 -0.91314211 -0.22962883 -1.1477914   1.26909324 -1.56206123] -215.68355158693024
[ 0.19056334 -1.19442447 -1.88717161  0.0764112   0.80172669  0.34486506] -217.65844709583442
[ 1.15621446 -1.49227586 -0.5509426  -0.39918561  1.73667852 -1.60764672] -213.61070494167936
[ 0.50015225  0.69663797 -1.27903326 -0.79740849  2.10068387 -2.46228377] -221.34452727944583
[ 1.10844841 -1.91757857 -0.05332479 -0.48293545  0.65835375 -0.82175517] -213.55040295664276
[ 1.92676441 -1.13897301  1.57466532 -1.43837967  1.42874325 -3.47093455] -218.10886162709164
[ 0.62461361 -1.1805616  -1.02171237 -0.30228652  0.95848083 -0.60908484] -213.7602473423506
[ 1.41031839 -3.55827308 -0.54887915 -0.99415603  1.49928758 -1.95610395] -218.5482315334073
[ 0.86738741 -0.42193105 -0.19583112 -0.51211223  0.96582712 -1.26133501] -213.09615521210893
[ 1.4414799  -1.85787765 -0.38613287  0.01409747  0.91711261 -1.323546  ] -209.61990650989162
[ 1.80807809 -2.33024542 -0.46438489  0.5950419   0.7411223  -1.20428839] -208.23107295111333
[ 1.70944524 -1.60730925 -1.21422699  0.45792773  1.09208172 -1.15410801] -207.86752173077792
[ 2.17303878 -1.68329175 -1.98771685  1.20936949  1.13518574 -0.93131375] -206.83876677728216
[ 2.38323153 -2.0496686  -0.18176336  0.21914381  1.1983762  -2.25212932] -208.0519319934571
[ 2.26063636 -1.92375193 -0.52947338  0.52215272  0.2407444  -1.46839498] -210.40477625164996
[ 2.69246506 -1.500507   -1.18580739  0.94093194  1.17986605 -2.46983313] -206.03906412975306
[ 3.48447338 -1.29197122 -1.75204869  1.65286564  1.4406222  -3.29387211] -208.69609929698728
[ 3.54188527 -3.35567984 -1.37329315  1.45445678  0.94373899 -2.433086  ] -212.31892382295663
[ 2.87326081 -2.62224264 -1.07892764  0.96281453  0.94926102 -2.14014825] -208.1918677800949
[ 2.81986863 -2.19120115 -1.4511309   2.14275768  0.58144825 -0.73139916] -210.13466451607798
[ 2.65601126 -2.20196693 -1.58710362  1.5012004   1.68767546 -1.77464235] -206.06147012080697
[ 2.04215988 -1.9381063  -0.71077035 -0.33325699  1.715714   -2.85938591] -212.39904932712247
[ 2.62544144 -2.12792744 -1.26604076  1.52375401  0.86501469 -1.26339584] -206.4971241328508
[ 3.32640487 -1.7316227  -1.96473499  1.5240295   1.59733742 -2.40619916] -207.62150837112623
[ 2.41227017 -1.14275216 -1.64546135  1.34332852  1.60522417 -1.55902294] -205.27931939251943
[ 2.18177485 -0.40300692 -1.9287282   1.53358552  1.93320574 -1.26846028] -206.61460103327002
[ 2.911979   -1.41302073 -3.03052497  2.46172747  1.49172498 -1.21600641] -209.05038841820476
[ 2.51541839 -1.89050663 -0.89395376  0.77978973  1.27171339 -1.99309859] -206.1925554705298
[ 1.69847683 -1.78402794 -0.89062626  0.90876187  0.98422241 -0.92423637] -206.98429572093184
[ 2.10545884 -1.77092663 -1.15915344  1.06257878  1.13750116 -1.29472707] -205.79164482933427
[ 2.82931628 -1.86157051 -0.59145659  1.17449164  1.4471459  -2.52025956] -205.16602156995916
[ 3.15745503 -1.95070989  0.10667354  1.15705271  1.60312598 -3.31473246] -206.30119841938247
[ 2.44487189 -1.32814918 -1.08827129  0.74368632  1.91136069 -2.60713204] -207.68704552819224
[ 2.58029905 -1.92798287 -1.22159839  1.32873709  1.12660119 -1.59932989] -205.4308689565384
[ 2.57652183 -1.57806207 -1.56957317  1.67063306  1.45629125 -1.74617306] -204.70298843686138
[ 2.60707354 -1.42183979 -1.90738288  2.11605473  1.54858018 -1.62271029] -205.0461591802854
[ 2.40943248 -1.05863349 -0.87057982  1.00569995  0.96320112 -1.95513953] -205.5444993923646
[ 2.27863449 -1.61280224 -1.1668002   1.58755774  1.39878888 -1.08838422] -204.73333295397293
[ 2.92336593 -1.28967449 -1.19600307  1.64090389  1.52824967 -2.19470933] -204.39454042124575
[ 3.33231947 -1.04904842 -1.21442788  1.93006644  1.72362392 -2.64470045] -205.14556667428508
[ 2.79070344 -2.0789813  -1.5930511   1.90951737  1.89089923 -1.61415347] -205.27829841912958
[ 2.68997166 -1.25996472 -1.3658501   1.78007365  1.98226517 -1.97490429] -204.40371966868366
[ 2.9505677  -2.08426628 -0.84878339  1.91106392  1.62932254 -2.15383837] -204.20051611455804
[ 3.21971647 -2.55502334 -0.45044441  2.19493162  1.64137172 -2.45124608] -204.96318122286013
[ 2.62542252 -1.14979881 -0.6531044   1.3453906   1.25645523 -2.27860281] -204.47201885226983
[ 2.5188451  -1.12995236 -1.67524818  2.13738265  1.63664501 -1.29194446] -204.61641708888996
[ 3.14959708 -1.21777067 -1.26938724  1.90759152  1.76428742 -2.79167322] -204.92005876913365
[ 2.49637514 -1.51404435 -1.19244696  1.66756618  1.49016351 -1.51420647] -204.19676667025527
[ 2.82499419 -1.2311716  -0.74090553  1.8234939   1.7180758  -2.05656219] -203.47668654949686
[ 2.94923037 -1.05772636 -0.32657171  1.89992432  1.84896807 -2.21175675] -203.29120039571131
[ 3.02613267 -1.65520598 -0.18567169  1.27759154  1.60849639 -2.81739487] -204.92094347749594
[ 2.64566699 -1.26126576 -1.30285406  1.92243487  1.62960786 -1.67330707] -203.94870217402826
[ 2.9263034  -1.67251518 -1.42439869  2.26193168  2.11307037 -1.62897128] -204.223478994523
[ 2.94053152 -1.69986609 -0.73116919  1.98786797  1.43086216 -1.81735879] -204.09300425582208
[ 2.71285912 -1.80688685 -0.7460716   2.24269243  1.85241517 -1.47177025] -203.4531312229949
[ 2.63877354 -1.46883672 -0.29156694  1.61525155  1.1807094  -1.98510795] -204.43906625075797
[ 2.85442094 -1.62159556 -1.14119075  2.10026165  1.87998013 -1.71800545] -203.7253045075552
[ 2.58246032 -0.90286204 -0.96465137  2.02918522  1.74800976 -1.31496322] -203.7833033129507
[ 3.06534795 -1.26935654 -0.54505594  2.39322264  1.97311754 -1.88818071] -203.2762401790189
[ 3.34983435 -1.14701263 -0.22136043  2.75605086  2.21459455 -2.07516783] -203.84726252407702
[ 2.66279704 -0.94003162 -0.94429595  2.20803907  2.21317068 -1.60863569] -203.80105190958096
[ 2.96337159 -1.27155389 -0.25309171  2.36867357  2.20894593 -1.73113029] -203.06911929394195
[ 3.12222388 -1.27669796  0.27178946  2.59179292  2.49861496 -1.76004191] -203.29773243760545
[ 3.04643305 -1.70329546 -0.38124841  2.13661421  1.62397485 -1.8366332 ] -203.58566857402718
[ 3.28142735 -2.00727618 -0.16642534  2.35127772  2.0477908  -2.30419566] -203.58232529506114
[ 3.1518022  -1.41710287  0.33503585  2.36387331  1.97175733 -2.09655017] -203.34297669614878
[ 2.99491314 -1.24000543 -0.18614507  2.40327379  2.34369009 -2.06456141] -203.18475994369572
[ 2.6644141  -0.6802678  -0.40754139  2.2059423   2.01850724 -1.51712087] -203.62230479782136
[ 3.12717404 -1.67552408 -0.22670435  2.31494386  2.04046991 -2.10742696] -203.16794646510877
[ 3.37108731 -0.83686954  0.34522729  2.3386114   2.27656779 -2.56143185] -203.71287989886358
[ 2.87741616 -1.56438252 -0.47324688  2.26667217  1.95845332 -1.74418565] -203.11711069983954
[ 2.84068221 -1.27574674 -1.00530774  2.18503014  2.15279096 -1.81919709] -203.57622261669854
[ 3.07402220e+00 -1.38176384e+00 -5.00452573e-05  2.31916252e+00
  2.01701573e+00 -2.02721190e+00] -203.09084545292257
[ 3.08485132 -1.74313574 -0.23485962  2.78872519  2.3315961  -1.64247556] -203.22743099499988
[ 2.97523487 -1.68943196  0.08702338  2.42726106  2.32693949 -1.88414988] -203.26647823065707
[ 2.99776314 -1.58441311 -0.07099645  2.41875146  2.238484   -1.88515759] -203.0845963153857
[ 2.9267021  -1.16274521 -0.16855188  1.90843393  1.93742356 -2.21074904] -203.24951426087713
[ 3.04531402 -1.59803811 -0.21828269  2.56865238  2.23305297 -1.78454393] -203.07046573209968
[ 3.03344058 -1.78521975 -0.22797897  2.34901153  1.88845053 -1.69532403] -203.18863657811895
[ 3.004545   -1.37630901 -0.19660355  2.38970822  2.2298802  -1.97225207] -203.06141529441084
[ 2.86030333 -1.24996274 -0.17738609  2.46226291  2.25480747 -1.60740018] -203.21377567198647
[ 3.06045636 -1.56913375 -0.21437479  2.35177362  2.0940543  -1.98242027] -203.05285735270715
[ 3.1710746  -1.36268805  0.15544713  2.53890175  2.38202439 -2.05005303] -203.14543600781812
[ 2.95083077 -1.5139589  -0.31607337  2.33472957  2.06434609 -1.8206525 ] -203.0416258941391
[ 2.93340475 -1.58937176 -0.42309081  2.49160042  2.33923876 -1.69817365] -203.27536465321091
[ 3.03886784 -1.43366582 -0.10581024  2.36227199  2.09757149 -1.94495234] -203.02252967977853
[ 3.02336539 -1.33647339 -0.363749    2.37318499  2.07079966 -1.86015954] -203.05575675649598
[ 2.9684983  -1.23566014 -0.26495153  2.15812828  2.02214626 -1.9859784 ] -203.06155120739805
[ 3.05214963 -1.55017978 -0.23409578  2.28792532  1.98398674 -2.12434141] -203.14677230577092
[ 2.9855661  -1.34121036 -0.24834273  2.34848651  2.15270613 -1.82943307] -203.02565695447
[ 3.05271219 -1.62125693 -0.21669969  2.56192336  2.21430637 -1.81731152] -203.07365757755153
[ 2.98955177 -1.33205934 -0.25288857  2.25907705  2.07018628 -1.94381168] -203.03032474565566
[ 3.01166775 -1.46585817 -0.30380935  2.28679969  1.95334112 -1.82155773] -203.06509856824889
[ 3.00632568 -1.3986963  -0.223405    2.36398109  2.16074543 -1.93457848] -203.02974860516866
[ 2.98716746 -1.52643477 -0.08988257  2.30025495  2.14240358 -1.95845657] -203.05724307764905
[ 3.0143159  -1.38396373 -0.29528239  2.35495248  2.08870064 -1.8847338 ] -203.0280712227639
[ 2.93469633 -1.23205107 -0.26622598  2.32272594  2.11736439 -1.80363369] -203.05038322670674
[ 2.96613634 -1.31632174 -0.25326318  2.32998786  2.11153686 -1.84833033] -203.02694643333072
[ 3.04942377 -1.22134686 -0.14359066  2.33818943  2.16280286 -1.97462741] -203.03725900012756
[ 3.02477552 -1.29449987 -0.18671134  2.33732446  2.13818866 -1.93613368] -203.022123155443
[ 3.02244402 -1.3907266  -0.18471639  2.43992442  2.17963012 -1.84890889] -203.02302493976
[ 3.01104289 -1.32143307 -0.20130376  2.36033482  2.09536587 -1.82958555] -203.01405609445138
[ 3.0134015  -1.28280146 -0.19025313  2.35851168  2.0626761  -1.77708909] -203.02590958596784
[ 3.00196167 -1.31532209 -0.09810015  2.37115754  2.16963241 -1.86104749] -203.02712336565938
[ 3.00505023 -1.3324825  -0.14739571  2.36710627  2.14939947 -1.86696907] -203.0162264100341
[ 3.06311253 -1.388351   -0.1048302   2.40849496  2.15941705 -1.90366386] -203.01360397690206
[ 3.11160063 -1.42436563 -0.03061372  2.44774852  2.18335715 -1.93133063] -203.02737225597812
[ 3.06953158 -1.37917592 -0.06191315  2.40999913  2.12048476 -1.94730472] -203.04004313893842
[ 3.00655747 -1.35070175 -0.20173533  2.36386466  2.14465079 -1.85890099] -203.01377848208892
[ 3.02735814 -1.31631807 -0.13121247  2.29320798  2.08190099 -1.93115961] -203.01431014871534
[ 3.00709775 -1.23426294 -0.21858604  2.34783906  2.15873612 -1.83051858] -203.02747725523028
[ 3.03092532 -1.3838151  -0.13400419  2.35866376  2.11286265 -1.9163439 ] -203.01370674628097
[ 3.02324    -1.40320063 -0.12011588  2.37989969  2.10967694 -1.83274065] -203.00657005164837
[ 3.02247224 -1.457551   -0.08681816  2.4011873   2.09542108 -1.78104413] -203.0114841269996
[ 3.04902856 -1.38879071 -0.15033823  2.35438235  2.0852253  -1.89049579] -203.0120050687
[ 3.03394412 -1.42911268 -0.17289673  2.44867211  2.15383188 -1.81275063] -203.01818943019188
[ 3.02900463 -1.34451672 -0.14163354  2.33207401  2.09988371 -1.90155737] -203.00941987112438
[ 3.05624661 -1.43169223 -0.08291537  2.37212499  2.14187294 -1.9383153 ] -203.01457008760514
[ 3.02234382 -1.34899786 -0.17170666  2.36328236  2.10699264 -1.85676799] -203.0096569985185
[ 3.06599415 -1.40185559 -0.07247423  2.36840105  2.08003531 -1.90828886] -203.02358508349153
[ 3.02141664 -1.36349021 -0.16942006  2.36499876  2.12849692 -1.87124795] -203.00879969915306
[ 3.03845674 -1.36196728 -0.15201067  2.37571362  2.11703487 -1.83581397] -203.00376783439717
[ 3.04222245 -1.35104337 -0.16101392  2.38423855  2.11912098 -1.79554901] -203.00156119424472
[ 2.99930617 -1.3449955  -0.19991256  2.31779694  2.05704845 -1.81245572] -203.00873164231953
[ 2.99681602 -1.32995739 -0.1709293   2.35971442  2.12184792 -1.79961044] -203.01130149067373
[ 3.00986915 -1.34466572 -0.16578154  2.3583814   2.11269226 -1.82233178] -203.00619458599857
[ 3.01934253 -1.36830619 -0.14758584  2.34918075  2.10198045 -1.8218595 ] -203.0008832218172
[ 3.01784188 -1.37796035 -0.13552543  2.34212995  2.09947435 -1.80440526] -202.9981169101264
[ 3.0089608  -1.38393521 -0.17562292  2.38374109  2.10895292 -1.74468609] -203.005170558887
[ 3.01239685 -1.37177671 -0.14990402  2.35706378  2.07382505 -1.73280821] -203.0032008441856
[ 3.03887088 -1.3991985  -0.10274201  2.41735454  2.15086573 -1.76505128] -203.00335650583466
[ 3.02014733 -1.33965933 -0.17674739  2.36773675  2.11196682 -1.72220322] -203.00078463485028
[ 3.03694425 -1.39652544 -0.13473703  2.39237348  2.10870969 -1.69923591] -202.99858705457987
[ 3.04718041 -1.3614527  -0.11126701  2.36989126  2.11236795 -1.76173154] -202.99422099561616
[ 3.06629022 -1.35021144 -0.07908905  2.36296635  2.11407547 -1.77025427] -202.9917267487504
[ 3.02641012 -1.32986038 -0.1762636   2.31814841  2.05819173 -1.74310068] -202.99879375089165
[ 3.05755524 -1.34331006 -0.13788812  2.36546738  2.1300213  -1.77877457] -202.99236663265123
[ 3.03284056 -1.36146563 -0.11906962  2.33203556  2.0883588  -1.7104423 ] -202.99217728809901
[ 3.05914675 -1.38011844 -0.08411022  2.33663696  2.08764362 -1.77986777] -202.9902415665
[ 3.07864646 -1.40034799 -0.03779164  2.32108707  2.07548202 -1.80870004] -202.99320383716915
[ 3.06379618 -1.40667007 -0.05387622  2.39238815  2.15123601 -1.77122601] -202.99488963997075
[ 3.06221269 -1.34338656 -0.06844919  2.31816797  2.11489349 -1.83908748] -202.99418761363293
[ 3.09610533 -1.35042704 -0.04530205  2.36042418  2.12926855 -1.74547887] -202.98691983765158
[ 3.13523705e+00 -1.33666039e+00 -1.90363582e-04  2.36957129e+00
  2.14416565e+00 -1.71601568e+00] -202.98832034450584
[ 3.06092075 -1.30296966 -0.1240932   2.29951131  2.0701844  -1.77007574] -202.99190870559858
[ 3.06207359 -1.35278086 -0.12806823  2.36751261  2.09162388 -1.67921036] -202.99384836168676
[ 3.06210836 -1.35043229 -0.11316347  2.35517645  2.09744129 -1.71917964] -202.9899942038499
[ 3.06824875 -1.35523144 -0.05038776  2.31678289  2.06563608 -1.71965829] -202.99089301251647
[ 3.10476616 -1.33499781 -0.04631229  2.34513049  2.09972433 -1.79106257] -202.9922882626332
[ 3.05082196 -1.35484867 -0.10088029  2.33530929  2.09120018 -1.73059736] -202.9893617749676
[ 3.07331971 -1.41078679 -0.03355108  2.38958739  2.124904   -1.71826966] -202.9929287969257
[ 3.06402049 -1.32992394 -0.10145767  2.32203033  2.0838643  -1.75712422] -202.9892176390058
[ 3.06719366 -1.3567825  -0.08601143  2.31248702  2.07094254 -1.71371446] -202.98766262051927
[ 3.06488343 -1.35227952 -0.12658729  2.35723852  2.12115075 -1.76232915] -202.98891532615497
[ 3.07589766 -1.31811288 -0.10702385  2.34425163  2.11031225 -1.69627347] -202.98787567872668
[ 3.07753248 -1.3370259  -0.07592406  2.32207054  2.1048049  -1.7493262 ] -202.98609641136224
[ 3.08524454 -1.3303227  -0.05730435  2.30551759  2.10848671 -1.76439949] -202.9874883356306
[ 3.09772239 -1.32666859 -0.07988849  2.33752478  2.11558091 -1.74415143] -202.9851877019871
[ 3.12117261 -1.31257854 -0.06939259  2.33863253  2.12777127 -1.75092846] -202.9854439809281
[ 3.09575783 -1.3505082  -0.07212139  2.35596856  2.133489   -1.7133003 ] -202.98524837654668
[ 3.10518636 -1.32756218 -0.02883647  2.32033705  2.1003153  -1.69175243] -202.98713505384552
[ 3.10393502 -1.36487859 -0.02233745  2.32535241  2.10782149 -1.7563011 ] -202.98638624585968
[ 3.12488614 -1.32890767 -0.0221252   2.36140549  2.15948418 -1.75305566] -202.98861938101757
[ 3.08161678 -1.34981379 -0.07003988  2.32471664  2.09307795 -1.72354976] -202.98555833632733
[ 3.07903693 -1.36554519 -0.09303464  2.35501532  2.12769897 -1.78561679] -202.98776799775575
[ 3.098649   -1.33705794 -0.04488601  2.32900662  2.10716121 -1.71521852] -202.98556797114915
[ 3.08896584 -1.33822396 -0.07643037  2.30445567  2.0913766  -1.72180356] -202.9853666708367
[ 3.07614642 -1.31488753 -0.11742595  2.33256186  2.10734204 -1.69948216] -202.98729116525183
[ 3.09698787 -1.35238083 -0.04610957  2.32715477  2.10770162 -1.74209636] -202.98518408442968
[ 3.10903409 -1.34785854 -0.05390118  2.33753847  2.1113242  -1.70404711] -202.98424991717317
[ 3.1247849  -1.35327486 -0.04288974  2.34527244  2.11458385 -1.68140756] -202.98488646931946
[ 3.09137927 -1.3514267  -0.08794428  2.33344635  2.11035555 -1.73443099] -202.98418971970656
[ 3.08774441 -1.35861108 -0.10947342  2.33566622  2.11195271 -1.74403722] -202.98454825206503
[ 3.11166565 -1.33920848 -0.06875855  2.34064623  2.13019801 -1.72972683] -202.9843313880844
[ 3.1118832  -1.35112649 -0.05981078  2.37297072  2.14483983 -1.73411411] -202.9855496105662
[ 3.09469518 -1.34144959 -0.07227548  2.32158443  2.10474241 -1.7248812 ] -202.98446888744243
[ 3.10473699 -1.3358227  -0.06417113  2.30999645  2.09314523 -1.74647767] -202.98524678090882
[ 3.1024922  -1.33949408 -0.0661587   2.32148948  2.10323118 -1.73818333] -202.98444798103785
[ 3.10436236 -1.36393748 -0.05182743  2.32309513  2.10693675 -1.71363717] -202.98454189367874
[ 3.10755505 -1.34207746 -0.0875123   2.33211193  2.11456107 -1.70620584] -202.9838603147119
[ 3.11283864 -1.33692578 -0.10821366  2.33459051  2.1179908  -1.68826058] -202.98471883769912
[ 3.10124479 -1.32323413 -0.0936894   2.33917717  2.11786739 -1.73218792] -202.98466237197144
[ 3.10358297 -1.35376165 -0.06229292  2.32711564  2.10966941 -1.71827486] -202.98403599842968
[ 3.11387456 -1.34982604 -0.06991384  2.3425316   2.12170406 -1.71874178] -202.98363663818304
[ 3.12346426 -1.35401427 -0.06873302  2.35300518  2.13018489 -1.71567208] -202.98367696887468
[ 3.10987167 -1.35522555 -0.07728233  2.34964059  2.12937292 -1.69895914] -202.9841880078112
[ 3.10010022 -1.36085017 -0.07752373  2.33348196  2.10213106 -1.69715975] -202.98406489968013
[ 3.09975382 -1.35653065 -0.10025529  2.33523755  2.11794049 -1.72054368] -202.98391124861132
[ 3.12020016 -1.3546638  -0.07031585  2.33992674  2.12143746 -1.6855307 ] -202.98424443733367
[ 3.09858449 -1.35223598 -0.08353718  2.33506645  2.11312602 -1.72220592] -202.98374074209352
[ 3.09794537 -1.34986844 -0.08306275  2.31887445  2.09700445 -1.72875147] -202.98410335670337
[ 3.10092695 -1.35120771 -0.08161765  2.32656599  2.10509657 -1.72130339] -202.98374440690645
[ 3.1079924  -1.34102967 -0.08418599  2.33272776  2.12523482 -1.73859874] -202.98424683038496
[ 3.10207326 -1.35589504 -0.0791893   2.33329341  2.107907   -1.7075195 ] -202.98371631620248
[ 3.10400641 -1.34882932 -0.10504893  2.34115333  2.117109   -1.71389851] -202.98369751386352
[ 3.10925309 -1.3434932  -0.06868444  2.33500335  2.10856075 -1.70941463] -202.9838934099364
[ 3.10687827 -1.34675256 -0.07657715  2.3350619   2.11090568 -1.71219689] -202.98369182412392
[ 3.10122627 -1.35950476 -0.07778238  2.3391123   2.1107217  -1.72574949] -202.98364502469764
[ 3.10795414 -1.35314018 -0.08239861  2.34884034  2.12206126 -1.71213397] -202.9836924929502
[ 3.11341981 -1.35241333 -0.08009956  2.34493118  2.11701021 -1.70787413] -202.98347288040588
[ 3.12083747 -1.352502   -0.07838074  2.34986355  2.1189523  -1.70070824] -202.98375482967106
[ 3.11371323 -1.34759369 -0.08475086  2.35058348  2.12526364 -1.72267876] -202.98367806657797
[ 3.11501569 -1.35424754 -0.0521252   2.34586693  2.11877986 -1.7192265 ] -202.98405835073953
[ 3.10675873 -1.35018387 -0.09181799  2.34233173  2.11752671 -1.71523051] -202.98364228953352
[ 3.11066948 -1.34895123 -0.07791532  2.33601039  2.11231608 -1.72202321] -202.9834991296021
[ 3.11300909 -1.35607174 -0.08418283  2.35010499  2.12394178 -1.72523574] -202.9835598856289
[ 3.10593942 -1.35805663 -0.07581978  2.33442392  2.10914321 -1.71560619] -202.98352215970058
[ 3.11999743 -1.34566286 -0.08213406  2.34433231  2.12315898 -1.70915437] -202.9835327742354
[ 3.11887787 -1.35347674 -0.06487046  2.34177973  2.1182314  -1.71764797] -202.98349994414022
[ 3.1134298  -1.35505147 -0.0850935   2.34132924  2.11289649 -1.71377209] -202.9834393246671
[ 3.11320742 -1.35766418 -0.09268333  2.34072806  2.10849271 -1.71128724] -202.98358222645228
[ 3.11443552 -1.34846568 -0.07112806  2.3308306   2.10697701 -1.70345692] -202.98382064198984
[ 3.1133657  -1.35417023 -0.08091914  2.34528639  2.11970059 -1.71979103] -202.9834933492284
[ 3.1052366  -1.36171035 -0.07277186  2.33692131  2.10660701 -1.72308384] -202.98367009147051
[ 3.11630722 -1.34967473 -0.07979351  2.34247956  2.11902099 -1.71263674] -202.98341623085133
[ 3.12275054 -1.34652261 -0.08041071  2.34951491  2.12391538 -1.7156422 ] -202.98367271995818
[ 3.1101422  -1.35517313 -0.07696751  2.33819667  2.11283625 -1.71561519] -202.98341831778203
[ 3.1069002  -1.35166796 -0.09539238  2.34096475  2.11302881 -1.71292283] -202.98349950138964
[ 3.10989462 -1.35212016 -0.0877619   2.34116849  2.11432945 -1.71410411] -202.98337536310865
[ 3.11485031 -1.35724978 -0.08562972  2.34845346  2.11961525 -1.70590788] -202.98357357158832
[ 3.11171469 -1.35102587 -0.07984392  2.33912115  2.11414087 -1.71799438] -202.98342112114824
[ 3.11160375 -1.35098267 -0.08226749  2.33712237  2.1103775  -1.70754118] -202.98352479703124
[ 3.11292521 -1.35337334 -0.08125623  2.34324539  2.11736982 -1.71672857] -202.9833807131221
[ 3.11138477 -1.35305957 -0.08347263  2.33691565  2.11318775 -1.72240956] -202.9833980019621
[ 3.1106931  -1.34975746 -0.0779384   2.3390464   2.11739855 -1.71939077] -202.98344041796994
[ 3.11274563 -1.35372797 -0.08330472  2.34075853  2.11402201 -1.71517676] -202.9833396737211
[ 3.11275186 -1.35468376 -0.08434158  2.34180027  2.11611455 -1.71422926] -202.9833689306156
[ 3.11519424 -1.35037338 -0.08967601  2.34392596  2.11851194 -1.71614647] -202.98343218911464
[ 3.11140521 -1.35397319 -0.08014464  2.33962899  2.11425517 -1.71574801] -202.98339668648333
[ 3.10739521 -1.3573046  -0.08696706  2.33869288  2.1107386  -1.72016202] -202.98339744729887
[ 3.11098781 -1.35533476 -0.08445274  2.3448492   2.11575545 -1.70964002] -202.98345370323807
[ 3.11128553 -1.35362837 -0.08371766  2.33889904  2.11382968 -1.71921717] -202.98337753853048
[ 3.11627414 -1.34986433 -0.07987518  2.34314069  2.11923496 -1.71157261] -202.98342675702423
[ 3.10961494 -1.35544453 -0.08519409  2.33980483  2.11286269 -1.71801467] -202.98339589301185
[ 3.11166739 -1.35368618 -0.08838076  2.34226319  2.11525422 -1.71674217] -202.98340953177083
[ 3.11147075 -1.35390144 -0.08220367  2.34028754  2.11450494 -1.71599655] -202.98331405635662
[ 3.11407626 -1.35170048 -0.0823345   2.34224825  2.11719413 -1.71380281] -202.98340158377027
[ 3.11073027 -1.35450852 -0.08447919  2.34041569  2.11394555 -1.7169617 ] -202.98333536907037
[ 3.11003434 -1.35415007 -0.08734668  2.33786447  2.11154557 -1.71516662] -202.98343045396848
[ 3.11220249 -1.35356752 -0.08277884  2.34190016  2.11591376 -1.71633808] -202.983383605781
[ 3.11110051 -1.35420498 -0.08334143  2.34035162  2.11422524 -1.71647913] -202.98332988035475
[ 3.11210819 -1.3538147  -0.0827542   2.34052304  2.11426347 -1.71558665] -202.98332409893283
[ 3.11211131 -1.3542926  -0.08327263  2.34104391  2.11530974 -1.71511291] -202.9833092006142
[ 3.11068269 -1.3530108  -0.08498278  2.34072802  2.1144172  -1.71505033] -202.9833385670045
[ 3.11137814 -1.3537649  -0.08296067  2.33959329  2.11416731 -1.71760686] -202.98337924003823
[ 3.11219798 -1.35363739 -0.08172995  2.34176646  2.11593738 -1.71636256] -202.98338300626332
[ 3.11075255 -1.35402575 -0.08477518  2.339076    2.11302526 -1.71558158] -202.98339872152243
[ 3.11183662 -1.35373448 -0.08249125  2.34109385  2.11520935 -1.71616732] -202.98331350224237
[ 3.11172522 -1.35388809 -0.08338799  2.34174937  2.11514267 -1.71385743] -202.98340130313994
[ 3.11146491 -1.3537957  -0.0830675   2.34013231  2.11441115 -1.71666951] -202.9833171706549
[ 3.11268141 -1.35490384 -0.08072744  2.34041607  2.11489077 -1.71695369] -202.98330354354624
[ 3.11368078 -1.35585035 -0.07859977  2.3402601   2.11512755 -1.71790536] -202.98329181487574
[ 3.11312368 -1.35425811 -0.08078824  2.34076196  2.11538349 -1.71600031] -202.98330511004752
[ 3.11245449 -1.35479619 -0.08072015  2.34067019  2.1157186  -1.71703066] -202.983301879463
[ 3.11342763 -1.35514869 -0.07962441  2.34124021  2.11600674 -1.7160682 ] -202.98336447614906
[ 3.11195559 -1.35413395 -0.08220672  2.34040928  2.11481005 -1.71651918] -202.9833136770501
[ 3.1135834  -1.35512046 -0.08048925  2.34112555  2.11601466 -1.71691536] -202.98336079425718
[ 3.11199892 -1.35420619 -0.08177506  2.34049704  2.11488237 -1.71622625] -202.9833094527386
[ 3.11311301 -1.35491203 -0.08034231  2.34103307  2.11573365 -1.71629509] -202.98330300631426
[ 3.11365744 -1.35570402 -0.07934147  2.34032824  2.11550912 -1.71668955] -202.9832892988459
[ 3.11456784 -1.35668878 -0.07776657  2.33994543  2.11565901 -1.71695066] -202.9832854742135
[ 3.11435145 -1.35605983 -0.07872149  2.34074117  2.11609499 -1.71687208] -202.98327906173233
[ 3.11552772 -1.35698665 -0.07719471  2.34086324  2.1167013  -1.71719499] -202.98335050057503
[ 3.11498577 -1.3565625  -0.07570689  2.3400934   2.11592936 -1.71857181] -202.98329104831956
[ 3.1145941  -1.35736512 -0.07649749  2.34015249  2.11603756 -1.71854159] -202.98328097790449
[ 3.11509847 -1.3575289  -0.07566181  2.33958786  2.1157887  -1.71899563] -202.98330051780337
[ 3.11663831 -1.35855564 -0.07359785  2.33958996  2.11582712 -1.71891505] -202.98329922456634
[ 3.11450761 -1.35616518 -0.07796821  2.34067299  2.11576983 -1.71692322] -202.98329082166234
[ 3.11225754 -1.35434162 -0.08148895  2.3410319   2.11571231 -1.71633986] -202.98330230720472
[ 3.11554312 -1.35750213 -0.07557063  2.33995045  2.11579842 -1.71827125] -202.98328850239534
[ 3.11583586 -1.35759749 -0.07547733  2.34025855  2.1166355  -1.7174715 ] -202.98328493765945
[ 3.11481422 -1.35723034 -0.07829369  2.34048029  2.11606908 -1.71643828] -202.98327728895816
[ 3.11472845 -1.35756426 -0.07958709  2.34067374  2.11613894 -1.71537152] -202.98327137783383
[ 3.11536599 -1.35809403 -0.07657199  2.33990095  2.11635165 -1.71756965] -202.98327638307939
[ 3.11427144 -1.35695438 -0.07930336  2.340607    2.11650746 -1.71598775] -202.98327202767726
[ 3.11514793 -1.35785625 -0.07761967  2.34083253  2.11692969 -1.71698737] -202.98328689726554
[ 3.11471286 -1.35698065 -0.07772985  2.34016721  2.11597668 -1.71695984] -202.9832954320907
[ 3.11449995 -1.35725932 -0.07944522  2.34064037  2.1163232  -1.71567963] -202.98326977068047
[ 3.11504722 -1.35782915 -0.07807954  2.34028735  2.1162453  -1.71647058] -202.98329138551222
[ 3.11453995 -1.35681205 -0.07915429  2.34070746  2.11611697 -1.7161218 ] -202.98328415865072
[ 3.11466128 -1.35746469 -0.07804229  2.34041312  2.11608825 -1.71695655] -202.98327766228016
[ 3.11528215 -1.35758088 -0.07753221  2.34046615  2.11638722 -1.71642151] -202.98327671716493
[ 3.11464814 -1.35712652 -0.07867683  2.34030959  2.11589898 -1.71616109] -202.9832751458255
[ 3.11440609 -1.35677343 -0.07939977  2.34078279  2.11607256 -1.71576679] -202.98326765018254
[ 3.11408552 -1.35624557 -0.08005989  2.34103052  2.11598619 -1.71541489] -202.98327206717354
[ 3.11486874 -1.35777765 -0.07840684  2.34038779  2.11618609 -1.71599723] -202.9832898801625
[ 3.11462215 -1.35705345 -0.07896743  2.34062754  2.11613425 -1.71609066] -202.98327143335706
[ 3.11473436 -1.35698793 -0.07982723  2.34075361  2.11623013 -1.71487385] -202.98328249490743
[ 3.11467955 -1.3573455  -0.07848852  2.34049824  2.11612372 -1.71643588] -202.98326787253023
[ 3.11391262 -1.35679328 -0.08065608  2.34071128  2.11584333 -1.71541367] -202.98328521907908
[ 3.11493977 -1.35738398 -0.07831317  2.34052743  2.11625125 -1.71616955] -202.98327717890223
[ 3.11454282 -1.35705946 -0.07894415  2.34064052  2.11609814 -1.71610133] -202.98327358358702
[ 3.11445302 -1.35701637 -0.0794225   2.34071158  2.11619788 -1.71572321] -202.9832781438081
[ 3.11456727 -1.35716885 -0.07949343  2.34072827  2.11610575 -1.71556915] -202.98328399447988
[ 3.11451412 -1.35691344 -0.0791836   2.34070517  2.1161034  -1.71592872] -202.9832772939187
[ 3.11452711 -1.35694998 -0.0790383   2.34054619  2.11598577 -1.71596394] -202.9832799134377
[ 3.11484412 -1.35717715 -0.07846599  2.34062447  2.11622989 -1.71609415] -202.98328304774452
[ 3.11452849 -1.35679443 -0.078658    2.34060864  2.11612346 -1.71629023] -202.9832694849203
[ 3.11414643 -1.35665855 -0.07974945  2.34070716  2.11596385 -1.71583059] -202.9832774942592
[ 3.11433654 -1.35678859 -0.07941419  2.34083909  2.11620066 -1.71591635] -202.9832776125871
[ 3.11437181 -1.35664626 -0.07902722  2.34071621  2.11598948 -1.71622146] -202.98327666814396
[ 3.11450005 -1.3568266  -0.07890654  2.34054773  2.1159163  -1.71613002] -202.98328341140106
[ 3.11437741 -1.35679809 -0.07928728  2.34076625  2.11612957 -1.71596977] -202.98327344610198
[ 3.11476715 -1.35700315 -0.07841722  2.34069937  2.11620836 -1.71626217] -202.98327731338156
[ 3.11461197 -1.356917   -0.07875028  2.34070131  2.11614723 -1.71615428] -202.983284694509
[ 3.11446729 -1.35678393 -0.07902889  2.34069572  2.11609801 -1.71602851] -202.98327689526263
[ 3.11439175 -1.35678576 -0.07934352  2.34077452  2.11610107 -1.71586828] -202.98327043342073
[ 3.11447445 -1.35691645 -0.07917196  2.34071165  2.11608535 -1.71593406] -202.98327728024336
[ 3.11438895 -1.35670984 -0.0792135   2.3407495   2.11603102 -1.71599412] -202.9832702581701
[ 3.1144601  -1.35684343 -0.07929168  2.34074398  2.11608798 -1.71584775] -202.98328304568122
[ 3.11427626 -1.35671599 -0.07957461  2.34074498  2.1160182  -1.71579869] -202.983272581183
[ 3.11434149 -1.35671837 -0.07928573  2.34074241  2.11604742 -1.71594906] -202.9832800624972
[ 3.11437114 -1.35674963 -0.07928722  2.3407428   2.11605756 -1.71592373] -202.9832777273854
[ 3.11443045 -1.35681217 -0.0792902   2.34074359  2.11607784 -1.71587308] -202.98328436627682
[ 3.11438597 -1.35676527 -0.07928796  2.340743    2.11606263 -1.71591107] -202.9832808804293
[ 3.11439752 -1.35674164 -0.07930663  2.34076615  2.11605179 -1.71588045] -202.9832737140526
[ 3.11439892 -1.35677959 -0.07937165  2.34077866  2.11608681 -1.71581753] -202.9832818370247
[ 3.11434117 -1.35674471 -0.07948719  2.34076388  2.11604538 -1.71578274] -202.98327146324908
[ 3.11443669 -1.35677868 -0.07921433  2.34073925  2.11608529 -1.71589765] -202.9832763474846
[ 3.11444027 -1.35684494 -0.07928586  2.34074722  2.11607896 -1.71585042] -202.98327509792242
[ 3.11438861 -1.35676153 -0.07934349  2.3407628   2.11606506 -1.71584526] -202.9832717258629
[ 3.11440453 -1.35676871 -0.07930745  2.34074204  2.1160462  -1.7158569 ] -202.9832852403968
[ 3.11440032 -1.35677687 -0.0793556   2.3407695   2.11607666 -1.71582737] -202.98327342036526
[ 3.11435464 -1.35676903 -0.07951185  2.34079153  2.11604485 -1.71575336] -202.98328066894018
[ 3.11441617 -1.35677627 -0.07928871  2.34075232  2.11607518 -1.71586158] -202.98328149101252
[ 3.11437363 -1.35675907 -0.07944348  2.34077334  2.11605897 -1.71577476] -202.98328841897901
[ 3.11439735 -1.35676748 -0.07937163  2.34077279  2.11606881 -1.71580602] -202.98327511965087
[ 3.1144032  -1.35677515 -0.07937768  2.34077615  2.11607461 -1.71579708] -202.98327678431116
[ 3.1144018  -1.35675753 -0.0793532   2.34077447  2.11606218 -1.71582362] -202.98327685705036
[ 3.11442318 -1.35680918 -0.07934282  2.34076501  2.11607576 -1.7158086 ] -202.98327619425524
[ 3.11442139 -1.35677605 -0.07930705  2.34076102  2.11607892 -1.71583222] -202.9832780377123
