 Warning: xe at redshift zero is < 1
 Check input parameters an Reionization_xe
 function in the Reionization module
 Warning: xe at redshift zero is < 1
 Check input parameters an Reionization_xe
 function in the Reionization module
 Warning: xe at redshift zero is < 1
 Check input parameters an Reionization_xe
 function in the Reionization module
 Warning: xe at redshift zero is < 1
 Check input parameters an Reionization_xe
 function in the Reionization module
 Warning: xe at redshift zero is < 1
 Check input parameters an Reionization_xe
 function in the Reionization module
 Warning: xe at redshift zero is < 1
 Check input parameters an Reionization_xe
 function in the Reionization module
 Warning: xe at redshift zero is < 1
 Check input parameters an Reionization_xe
 function in the Reionization module
 Warning: xe at redshift zero is < 1
 Check input parameters an Reionization_xe
 function in the Reionization module
 Warning: xe at redshift zero is < 1
 Check input parameters an Reionization_xe
 function in the Reionization module
 Warning: xe at redshift zero is < 1
 Check input parameters an Reionization_xe
 function in the Reionization module
 Warning: xe at redshift zero is < 1
 Check input parameters an Reionization_xe
 function in the Reionization module
 Warning: xe at redshift zero is < 1
 Check input parameters an Reionization_xe
 function in the Reionization module
 Warning: xe at redshift zero is < 1
 Check input parameters an Reionization_xe
 function in the Reionization module
 Warning: xe at redshift zero is < 1
 Check input parameters an Reionization_xe
 function in the Reionization module
 Warning: xe at redshift zero is < 1
 Check input parameters an Reionization_xe
 function in the Reionization module
 Warning: xe at redshift zero is < 1
 Check input parameters an Reionization_xe
 function in the Reionization module
 Warning: xe at redshift zero is < 1
 Check input parameters an Reionization_xe
 function in the Reionization module
 Warning: xe at redshift zero is < 1
 Check input parameters an Reionization_xe
 function in the Reionization module
 Warning: xe at redshift zero is < 1
 Check input parameters an Reionization_xe
 function in the Reionization module
 Warning: xe at redshift zero is < 1
 Check input parameters an Reionization_xe
 function in the Reionization module
 Warning: xe at redshift zero is < 1
 Check input parameters an Reionization_xe
 function in the Reionization module
 Warning: xe at redshift zero is < 1
 Check input parameters an Reionization_xe
 function in the Reionization module
 Warning: xe at redshift zero is < 1
 Check input parameters an Reionization_xe
 function in the Reionization module
 Warning: xe at redshift zero is < 1
 Check input parameters an Reionization_xe
 function in the Reionization module
 Warning: xe at redshift zero is < 1
 Check input parameters an Reionization_xe
 function in the Reionization module
 Warning: xe at redshift zero is < 1
 Check input parameters an Reionization_xe
 function in the Reionization module
 Warning: xe at redshift zero is < 1
 Check input parameters an Reionization_xe
 function in the Reionization module
 Warning: xe at redshift zero is < 1
 Check input parameters an Reionization_xe
 function in the Reionization module
 Warning: xe at redshift zero is < 1
 Check input parameters an Reionization_xe
 function in the Reionization module
 Warning: xe at redshift zero is < 1
 Check input parameters an Reionization_xe
 function in the Reionization module
 Warning: xe at redshift zero is < 1
 Check input parameters an Reionization_xe
 function in the Reionization module
 Warning: xe at redshift zero is < 1
 Check input parameters an Reionization_xe
 function in the Reionization module
 Warning: xe at redshift zero is < 1
 Check input parameters an Reionization_xe
 function in the Reionization module
 Warning: xe at redshift zero is < 1
 Check input parameters an Reionization_xe
 function in the Reionization module
 Warning: xe at redshift zero is < 1
 Check input parameters an Reionization_xe
 function in the Reionization module
 Warning: xe at redshift zero is < 1
 Check input parameters an Reionization_xe
 function in the Reionization module
 Warning: xe at redshift zero is < 1
 Check input parameters an Reionization_xe
 function in the Reionization module
 Warning: xe at redshift zero is < 1
 Check input parameters an Reionization_xe
 function in the Reionization module
 Warning: xe at redshift zero is < 1
 Check input parameters an Reionization_xe
 function in the Reionization module
 Warning: xe at redshift zero is < 1
 Check input parameters an Reionization_xe
 function in the Reionization module
 Warning: xe at redshift zero is < 1
 Check input parameters an Reionization_xe
 function in the Reionization module
 Warning: xe at redshift zero is < 1
 Check input parameters an Reionization_xe
 function in the Reionization module
 Warning: xe at redshift zero is < 1
 Check input parameters an Reionization_xe
 function in the Reionization module
 Warning: xe at redshift zero is < 1
 Check input parameters an Reionization_xe
 function in the Reionization module
 Warning: xe at redshift zero is < 1
 Check input parameters an Reionization_xe
 function in the Reionization module
 Warning: xe at redshift zero is < 1
 Check input parameters an Reionization_xe
 function in the Reionization module
 Warning: xe at redshift zero is < 1
 Check input parameters an Reionization_xe
 function in the Reionization module
 Warning: xe at redshift zero is < 1
 Check input parameters an Reionization_xe
 function in the Reionization module
 Warning: xe at redshift zero is < 1
 Check input parameters an Reionization_xe
 function in the Reionization module
 Warning: xe at redshift zero is < 1
 Check input parameters an Reionization_xe
 function in the Reionization module
 Warning: xe at redshift zero is < 1
 Check input parameters an Reionization_xe
 function in the Reionization module
 Warning: xe at redshift zero is < 1
 Check input parameters an Reionization_xe
 function in the Reionization module
 Warning: xe at redshift zero is < 1
 Check input parameters an Reionization_xe
 function in the Reionization module
 Warning: xe at redshift zero is < 1
 Check input parameters an Reionization_xe
 function in the Reionization module
 Warning: xe at redshift zero is < 1
 Check input parameters an Reionization_xe
 function in the Reionization module
 Warning: xe at redshift zero is < 1
 Check input parameters an Reionization_xe
 function in the Reionization module
 Warning: xe at redshift zero is < 1
 Check input parameters an Reionization_xe
 function in the Reionization module
 Warning: xe at redshift zero is < 1
 Check input parameters an Reionization_xe
 function in the Reionization module
 Warning: xe at redshift zero is < 1
 Check input parameters an Reionization_xe
 function in the Reionization module
 Warning: xe at redshift zero is < 1
 Check input parameters an Reionization_xe
 function in the Reionization module
 Warning: xe at redshift zero is < 1
 Check input parameters an Reionization_xe
 function in the Reionization module
 Warning: xe at redshift zero is < 1
 Check input parameters an Reionization_xe
 function in the Reionization module
 Warning: xe at redshift zero is < 1
 Check input parameters an Reionization_xe
 function in the Reionization module
 Warning: xe at redshift zero is < 1
 Check input parameters an Reionization_xe
 function in the Reionization module
 Warning: xe at redshift zero is < 1
 Check input parameters an Reionization_xe
 function in the Reionization module
 Warning: xe at redshift zero is < 1
 Check input parameters an Reionization_xe
 function in the Reionization module
 Warning: xe at redshift zero is < 1
 Check input parameters an Reionization_xe
 function in the Reionization module
 Warning: xe at redshift zero is < 1
 Check input parameters an Reionization_xe
 function in the Reionization module
 Warning: xe at redshift zero is < 1
 Check input parameters an Reionization_xe
 function in the Reionization module
 Warning: xe at redshift zero is < 1
 Check input parameters an Reionization_xe
 function in the Reionization module
 Warning: xe at redshift zero is < 1
 Check input parameters an Reionization_xe
 function in the Reionization module
 Warning: xe at redshift zero is < 1
 Check input parameters an Reionization_xe
 function in the Reionization module
 Warning: xe at redshift zero is < 1
 Check input parameters an Reionization_xe
 function in the Reionization module
 Warning: xe at redshift zero is < 1
 Check input parameters an Reionization_xe
 function in the Reionization module
 Warning: xe at redshift zero is < 1
 Check input parameters an Reionization_xe
 function in the Reionization module
 Warning: xe at redshift zero is < 1
 Check input parameters an Reionization_xe
 function in the Reionization module
 Warning: xe at redshift zero is < 1
 Check input parameters an Reionization_xe
 function in the Reionization module
 Warning: xe at redshift zero is < 1
 Check input parameters an Reionization_xe
 function in the Reionization module
 Warning: xe at redshift zero is < 1
 Check input parameters an Reionization_xe
 function in the Reionization module
 Warning: xe at redshift zero is < 1
 Check input parameters an Reionization_xe
 function in the Reionization module
 Warning: xe at redshift zero is < 1
 Check input parameters an Reionization_xe
 function in the Reionization module
 Warning: xe at redshift zero is < 1
 Check input parameters an Reionization_xe
 function in the Reionization module
 Warning: xe at redshift zero is < 1
 Check input parameters an Reionization_xe
 function in the Reionization module
 Warning: xe at redshift zero is < 1
 Check input parameters an Reionization_xe
 function in the Reionization module
 Warning: xe at redshift zero is < 1
 Check input parameters an Reionization_xe
 function in the Reionization module
 Warning: xe at redshift zero is < 1
 Check input parameters an Reionization_xe
 function in the Reionization module
 Warning: xe at redshift zero is < 1
 Check input parameters an Reionization_xe
 function in the Reionization module
 Warning: xe at redshift zero is < 1
 Check input parameters an Reionization_xe
 function in the Reionization module
 Warning: xe at redshift zero is < 1
 Check input parameters an Reionization_xe
 function in the Reionization module
 Warning: xe at redshift zero is < 1
 Check input parameters an Reionization_xe
 function in the Reionization module
 Warning: xe at redshift zero is < 1
 Check input parameters an Reionization_xe
 function in the Reionization module
 Warning: xe at redshift zero is < 1
 Check input parameters an Reionization_xe
 function in the Reionization module
 Warning: xe at redshift zero is < 1
 Check input parameters an Reionization_xe
 function in the Reionization module
 Warning: xe at redshift zero is < 1
 Check input parameters an Reionization_xe
 function in the Reionization module
 Warning: xe at redshift zero is < 1
 Check input parameters an Reionization_xe
 function in the Reionization module
 Warning: xe at redshift zero is < 1
 Check input parameters an Reionization_xe
 function in the Reionization module
 Warning: xe at redshift zero is < 1
 Check input parameters an Reionization_xe
 function in the Reionization module
 Warning: xe at redshift zero is < 1
 Check input parameters an Reionization_xe
 function in the Reionization module
 Warning: xe at redshift zero is < 1
 Check input parameters an Reionization_xe
 function in the Reionization module
 Warning: xe at redshift zero is < 1
 Check input parameters an Reionization_xe
 function in the Reionization module
 Warning: xe at redshift zero is < 1
 Check input parameters an Reionization_xe
 function in the Reionization module
 Warning: xe at redshift zero is < 1
 Check input parameters an Reionization_xe
 function in the Reionization module
 Warning: xe at redshift zero is < 1
 Check input parameters an Reionization_xe
 function in the Reionization module
 Warning: xe at redshift zero is < 1
 Check input parameters an Reionization_xe
 function in the Reionization module
 Warning: xe at redshift zero is < 1
 Check input parameters an Reionization_xe
 function in the Reionization module
 Warning: xe at redshift zero is < 1
 Check input parameters an Reionization_xe
 function in the Reionization module
 Warning: xe at redshift zero is < 1
 Check input parameters an Reionization_xe
 function in the Reionization module
 Warning: xe at redshift zero is < 1
 Check input parameters an Reionization_xe
 function in the Reionization module
 Warning: xe at redshift zero is < 1
 Check input parameters an Reionization_xe
 function in the Reionization module
 Warning: xe at redshift zero is < 1
 Check input parameters an Reionization_xe
 function in the Reionization module
 Warning: xe at redshift zero is < 1
 Check input parameters an Reionization_xe
 function in the Reionization module
 Warning: xe at redshift zero is < 1
 Check input parameters an Reionization_xe
 function in the Reionization module
 Warning: xe at redshift zero is < 1
 Check input parameters an Reionization_xe
 function in the Reionization module
 Warning: xe at redshift zero is < 1
 Check input parameters an Reionization_xe
 function in the Reionization module
 Warning: xe at redshift zero is < 1
 Check input parameters an Reionization_xe
 function in the Reionization module
 Warning: xe at redshift zero is < 1
 Check input parameters an Reionization_xe
 function in the Reionization module
 Warning: xe at redshift zero is < 1
 Check input parameters an Reionization_xe
 function in the Reionization module
 Warning: xe at redshift zero is < 1
 Check input parameters an Reionization_xe
 function in the Reionization module
 Warning: xe at redshift zero is < 1
 Check input parameters an Reionization_xe
 function in the Reionization module
 Warning: xe at redshift zero is < 1
 Check input parameters an Reionization_xe
 function in the Reionization module
 Warning: xe at redshift zero is < 1
 Check input parameters an Reionization_xe
 function in the Reionization module
 Warning: xe at redshift zero is < 1
 Check input parameters an Reionization_xe
 function in the Reionization module
 Warning: xe at redshift zero is < 1
 Check input parameters an Reionization_xe
 function in the Reionization module
 Warning: xe at redshift zero is < 1
 Check input parameters an Reionization_xe
 function in the Reionization module
 Warning: xe at redshift zero is < 1
 Check input parameters an Reionization_xe
 function in the Reionization module
 Warning: xe at redshift zero is < 1
 Check input parameters an Reionization_xe
 function in the Reionization module
 Warning: xe at redshift zero is < 1
 Check input parameters an Reionization_xe
 function in the Reionization module
 Warning: xe at redshift zero is < 1
 Check input parameters an Reionization_xe
 function in the Reionization module
 Warning: xe at redshift zero is < 1
 Check input parameters an Reionization_xe
 function in the Reionization module
 Warning: xe at redshift zero is < 1
 Check input parameters an Reionization_xe
 function in the Reionization module
 Warning: xe at redshift zero is < 1
 Check input parameters an Reionization_xe
 function in the Reionization module
 Warning: xe at redshift zero is < 1
 Check input parameters an Reionization_xe
 function in the Reionization module
 Warning: xe at redshift zero is < 1
 Check input parameters an Reionization_xe
 function in the Reionization module
 Warning: xe at redshift zero is < 1
 Check input parameters an Reionization_xe
 function in the Reionization module
 Warning: xe at redshift zero is < 1
 Check input parameters an Reionization_xe
 function in the Reionization module
 Warning: xe at redshift zero is < 1
 Check input parameters an Reionization_xe
 function in the Reionization module
 Warning: xe at redshift zero is < 1
 Check input parameters an Reionization_xe
 function in the Reionization module
 Warning: xe at redshift zero is < 1
 Check input parameters an Reionization_xe
 function in the Reionization module
 Warning: xe at redshift zero is < 1
 Check input parameters an Reionization_xe
 function in the Reionization module
 Warning: xe at redshift zero is < 1
 Check input parameters an Reionization_xe
 function in the Reionization module
 Warning: xe at redshift zero is < 1
 Check input parameters an Reionization_xe
 function in the Reionization module
 Warning: xe at redshift zero is < 1
 Check input parameters an Reionization_xe
 function in the Reionization module
 Warning: xe at redshift zero is < 1
 Check input parameters an Reionization_xe
 function in the Reionization module
 Warning: xe at redshift zero is < 1
 Check input parameters an Reionization_xe
 function in the Reionization module
[ 1.26921832  0.58992229  0.05033356 -0.168032    1.84880456 -0.24354906] -362.70593230709824
[ 0.43345352  0.26255469  0.38275761 -0.61339585  0.76971821  0.89679454] -340.6065308347257
[ 2.09441869 -0.78780488  0.45628593 -0.90998264  1.48533085 -0.60848368] -342.84484665846605
[ 0.71053325  0.42710162 -1.62762629  0.42828207 -0.34808281 -0.45941734] -360.1228568648198
[-0.72406879 -1.65311145  0.12978034 -0.67283793  1.05223783 -1.6282337 ] -333.92789417913565
[ 0.47860004  0.88104857  1.12784958  1.44979252 -0.32546965  0.3573119 ] -391.5011082082789
[ 1.19526543 -0.90182424  0.4162219   0.98025931 -0.04625911  0.16659504] -362.69605740577975
[ 1.18100676 -1.56876922 -1.1919319  -1.76836153  1.9127195  -0.9827433 ] -327.25535361590585
[ 1.53221012 -2.79367812 -2.35182263 -3.37743855  3.03181407 -1.65277089] -323.09737852793575
[ 0.47805243 -2.40550975 -0.91513461 -1.22033919  0.1327818  -0.85162295] -320.4392258990966
[ 0.08246948 -3.90322577 -1.39786869 -1.74649279 -0.72522958 -1.15565989] -331.14490487252385
[ 0.31293431 -1.41499173 -1.72480845 -3.10216334  2.08752577 -1.60117305] -305.5172897275953
[-0.12823125 -1.67157548 -2.79532362 -5.14337466  3.15441821 -2.48505709] -388.61734218910937
[ 0.66513351 -3.3579487   0.28664569 -3.72700124  3.20121898 -1.35574591] -303.4240923596385
[ 0.64243364 -5.25047386  1.24378167 -5.8046429   4.97586988 -1.80391019] -859.596047051114
[-1.19518032 -2.99975681 -1.85381328 -3.32774273  1.93976803 -1.45576697] -296.1996834611442
[-2.83997982 -4.10573277 -3.00886288 -4.53662278  2.16698663 -1.87940862] -1413.4369082614473
[-0.0770931  -5.13755354 -2.52580859 -4.52911182  3.04539728 -3.74523236] -440.2543111735913
[ 0.30581687 -1.08747237 -0.34438394 -1.59232484  1.33863798 -0.26371219] -320.1846005070636
[ 1.42372442 -3.03334104 -2.43088608 -4.77616537  2.85834438 -0.76536361] -296.23437568253735
[-0.86871638 -1.97266201  0.02436241 -2.53780701  0.82094491 -0.445024  ] -304.663211257527
[-0.26348162 -2.21654781 -1.09915994 -5.13406232  3.94936489 -1.11063896] -413.1798538073458
[ 0.29266891 -2.35826926 -0.96114094 -2.19876997  1.08692757 -0.91637695] -307.09729334911566
[-0.09562872 -3.95818415 -1.87549628 -4.96422505  2.65960523 -1.91610464] -543.7037388123812
[ 0.20545547 -1.80515032 -0.72716202 -2.43529989  1.66887979 -0.6768103 ] -306.93087479742036
[-0.11155191 -2.50301427 -1.1807463  -4.43662322  3.10529972 -1.18358433] -291.0901328798469
[-0.31366232 -2.57538678 -1.29054898 -5.55554984  4.1144858  -1.31718802] -657.3393065257053
[-0.13000759 -3.28875454 -1.56591998 -4.86720108  3.00215414 -1.59207566] -423.32981248820795
[ 0.12158971 -2.17605137 -0.93685151 -3.04327519  2.00219838 -0.90562664] -299.69054678067283
[-0.30126796 -3.93259967 -0.30562124 -4.18070825  2.5550657  -0.43586411] -319.0895574435727
[ 0.15938374 -2.04439372 -1.37001165 -3.37179957  2.20441075 -1.30984581] -298.6274105078763
[ 1.22308277 -3.39883996 -2.51958345 -5.02306209  4.28280184 -1.88028709] -301.6708480260346
[-0.12478404 -2.02718369 -3.71727644 -4.26588815  2.26305539 -1.14441225] -293.7657333266423
[-1.13202223 -1.52907368 -1.3102783  -2.71743598  0.50822371 -0.37457945] -307.0401476173945
[ 0.63430652 -2.93139839 -2.21725717 -4.44665556  3.33915731 -1.50386018] -297.42624624259946
[ 0.14037643 -3.0036446  -3.31981213 -5.16501634  3.23448015 -1.54865108] -419.3063809245361
[ 0.12628639 -2.38294968 -1.53259167 -3.57371048  2.31026882 -1.06638275] -295.1908172970499
[ 0.09154995 -3.24815424 -2.94084533 -4.9037956   3.0675538  -1.06327755] -367.04146618120114
[ 0.14242529 -2.34533385 -1.76272007 -3.75479858  2.42019651 -1.24820375] -294.69395216243055
[-0.54733324 -2.16579473 -1.94208745 -3.59832061  1.62648698 -0.78404437] -293.4867593396952
[-1.99377037 -1.77466996 -1.56552566 -2.87619589  1.69668077 -1.52876786] -304.14820128204525
[ 0.56935073 -2.71867327 -2.21454597 -4.301173    2.56792848 -0.95621468] -291.98740211373695
[ 1.21331139 -1.71455969 -2.26284269 -4.64909528  2.82464393 -0.67184707] -296.771161415432
[-0.59305739 -2.67845753 -1.95607063 -3.65808087  2.16098701 -1.259787  ] -292.5341289922034
[-0.34793657 -2.42986943 -2.72522396 -4.431251    2.40438254 -1.12569937] -305.24434780384
[ 0.00773065 -2.39467962 -1.83074974 -3.78809561  2.33379725 -1.08121191] -292.79424901609167
[-0.40897369 -2.48393385 -2.51777211 -4.26126191  2.26565509 -0.88821443] -293.7143209202423
[-0.23649425 -2.95433407 -0.16338096 -3.74863026  2.42366279 -0.90660666] -290.54544740827765
[-0.29234935 -3.41790926  1.61356679 -3.49000131  2.50396649 -0.78770386] -294.9085205089017
[ 0.10518856 -2.65438398 -0.57808824 -3.58237928  2.47373231 -1.16893522] -295.09352756524237
[-0.28043313 -2.52654638 -2.03285114 -4.09154125  2.3176744  -0.95839463] -289.2839315448028
[ 0.3325148  -3.09277366 -1.18402747 -4.40972746  3.34329624 -1.33122202] -292.33535326708795
[-0.1142877  -3.09658678 -1.07979109 -4.42716308  2.97248563 -1.1173912 ] -303.0976028987405
[-0.02277394 -2.57015641 -1.64301007 -3.94786247  2.49346934 -1.09025673] -291.1264023009767
[ 0.67659483 -2.77670849 -0.85011668 -4.65377168  3.25612331 -0.88230602] -290.1267567102564
[-0.13428403 -2.25703731 -1.51085624 -3.98347317  2.04475644 -0.66123232] -289.43418068115653
[-0.60566487 -2.47725904 -0.24577449 -3.98612769  2.64573353 -0.93791222] -288.4333135737407
[-1.19317267 -2.35655192  0.73861125 -3.82860503  2.68463605 -0.92876099] -300.4608965002575
[-0.20783718 -2.59481012 -0.35156519 -4.35219328  2.77094739 -0.75308866] -294.2556429761389
[-0.06903975 -2.57631983 -1.32014885 -4.04894518  2.56283885 -1.00596471] -289.5866734783717
[-0.10488849 -2.68638744 -0.86029648 -3.73420652  1.97829672 -0.60055452] -290.35435992982156
[ 0.06392243 -2.1457521  -2.10996701 -4.41739157  2.5114783  -0.77551481] -288.7418281750765
[-0.01141302 -2.23348695 -1.82960832 -4.65954366  3.13457156 -1.13988705] -297.12869288582664
[-0.08151962 -2.57316232 -1.10262444 -3.96554081  2.26736543 -0.73538765] -289.0253472523866
[-1.04560115 -2.07531717 -1.92395738 -3.5105682   1.527159   -0.80916276] -295.3979072171396
[ 0.24604583 -2.60136066 -1.11857685 -4.36797081  2.82388224 -0.8640202 ] -288.3459232791736
[-0.19493805 -2.28405277 -1.38673454 -4.22173659  2.30745792 -0.63818923] -288.5766659944917
[-0.14991177 -2.61234044 -1.15465325 -4.36662974  2.91310749 -0.97524059] -290.24261140000885
[-0.13819096 -2.34586309 -1.42180549 -4.07926231  2.26184421 -0.73973439] -288.519622666818
[ 0.04365139 -2.28260361 -0.42897647 -4.25446868  2.62157947 -0.60519154] -287.32340174078263
[ 0.20569364 -2.16063222  0.37296087 -4.33593239  2.77353201 -0.42859   ] -288.0711605259842
[-0.11353846 -2.13913478 -1.13465384 -4.47677841  2.78995979 -0.78479981] -290.0484166172143
[-0.08952433 -2.46465543 -1.11063179 -4.09335021  2.39801402 -0.74774069] -288.1800090875376
[-0.31012943 -2.6728461   0.20580046 -3.91691386  2.5080255  -0.73541461] -288.98985431575136
[-0.02959053 -2.2775256  -1.53102514 -4.29227214  2.5106151  -0.76548976] -287.7262533439898
[ 3.84688632e-03 -2.53236971e+00 -5.65528874e-01 -4.13608069e+00
  2.77976493e+00 -9.15173703e-01] -289.24232209689876
[-0.14524181 -2.346132   -1.18143312 -4.20032262  2.42553467 -0.70743535] -287.5279047370849
[-0.05525048 -2.47064902 -0.45033379 -4.3189084   2.87994214 -0.8028622 ] -287.2813025631474
[-0.01378023 -2.53304198  0.03540205 -4.43873145  3.1889911  -0.83442611] -289.9543659644176
[ 0.59569489 -2.33704973 -1.69455123 -4.52296993  2.57412235 -0.5596677 ] -288.6686659653627
[-0.30532493 -2.44220671 -0.60796868 -4.12033825  2.62783073 -0.84335109] -287.6296883625517
[-0.43980607 -2.1598968  -0.65154614 -4.05858262  2.33062314 -0.62667001] -287.9815056445385
[-0.22099648 -2.19501582 -0.50646266 -4.32161403  2.73402773 -0.70259263] -287.6827581827444
[ 0.20222178 -2.51148079 -0.91718714 -4.44405875  2.93588681 -0.84897085] -287.7494272170591
[ 0.04171482 -2.42358479 -0.85077689 -4.34768972  2.78457089 -0.79339564] -287.34381636192853
[-0.1842253  -2.44253839  0.18904127 -4.22884176  2.84721345 -0.71945305] -287.655084770931
[ 0.01943771 -2.60755569 -0.60368657 -4.16857578  2.66152939 -0.78797033] -288.1273203924681
[-0.16088793 -2.29815079 -0.53076863 -4.28335447  2.71590315 -0.72393705] -286.87819373082027
[-0.00955435 -2.31190392 -1.53912713 -4.27951896  2.50457357 -0.77260457] -287.6743936984101
[-0.14055756 -2.40987977 -0.24300083 -4.24151106  2.76155348 -0.73274093] -287.18830579099983
[ 0.16646774 -2.30145995 -0.62046124 -4.4284134   2.76853053 -0.61183648] -286.8349491322656
[ 0.40236407 -2.23108656 -0.62670752 -4.58245097  2.83888043 -0.49607918] -286.7627450833718
[ 0.18891991 -2.35918618  0.13791174 -4.47580515  3.10860851 -0.67730017] -287.54903695468977
[-0.06170138 -2.34939555 -0.8515969  -4.26919325  2.59630313 -0.69990155] -287.0752327301932
[-0.03250879 -2.25700364 -0.19301782 -4.30227255  2.68681638 -0.56017518] -286.78741700210264
[-0.05983208 -2.3894515  -0.53616537 -4.41142822  2.87155343 -0.73337382] -288.5481248233799
[ 0.01778052 -2.30931558 -0.45577369 -4.29370856  2.68407296 -0.63723711] -287.7563118597153
[ 0.18492764 -2.2440451  -0.40986267 -4.44236176  2.76284841 -0.52812718] -286.63984341813585
[ 0.12073807 -2.26461867 -0.57873807 -4.43290272  2.77739179 -0.61000812] -286.5427058691653
[ 0.17033134 -2.29024106 -0.73915221 -4.42582211  2.71759178 -0.59799037] -286.8131275158117
[ 0.13090325 -2.32048317 -0.43485417 -4.41198101  2.80021696 -0.61441006] -286.7719618631369
[ 0.1735568  -2.35086779 -0.53852066 -4.45067969  2.85941129 -0.64947069] -286.81621840385674
[ 0.22300773 -2.25684509 -0.52784199 -4.41845983  2.73022995 -0.55063536] -287.8411556058033
[ 0.171266   -2.31026903 -0.58143644 -4.4969396   2.85521693 -0.6147265 ] -286.7385113305053
[ 0.21995333 -2.20271341 -0.58506304 -4.4801397   2.72463748 -0.50430978] -286.35947412960513
[ 0.24315159 -2.12863621 -0.60833423 -4.49486971  2.65725058 -0.43172932] -286.16717713146033
[ 0.2474522  -2.20947186 -0.34082549 -4.52801315  2.84634325 -0.50036975] -286.4125462299581
[ 0.32572993 -2.14222598 -0.61378064 -4.58053162  2.77909351 -0.44593663] -286.1712327285575
[ 0.02872441 -2.20200239 -0.41761833 -4.40942188  2.72050105 -0.54755332] -286.3936620369697
[ 0.21230862 -2.08673104 -0.40828337 -4.46576069  2.65925926 -0.40651494] -286.39827018275685
[ 0.20777397 -2.10051695 -0.57933071 -4.52813816  2.71709808 -0.45257684] -286.06857595060893
[ 0.21919713 -2.02875288 -0.66406473 -4.57102636  2.69422291 -0.41480168] -286.18020234163964
[ 0.3009755  -2.02524281 -0.41065285 -4.56934235  2.68245679 -0.31821882] -285.7922362774171
[ 0.39109422 -1.90555487 -0.32661024 -4.63756217  2.63498928 -0.17232417] -285.5362801126457
[ 0.22214205 -1.97908396 -0.64382702 -4.51074826  2.54305401 -0.31850866] -285.61882976442087
[ 0.26056344 -2.06594241 -0.65488368 -4.58799658  2.6914029  -0.38302804] -286.1718424462151
[ 0.52142733 -1.90531774 -0.72463717 -4.70386029  2.62046173 -0.1871479 ] -285.7095924953202
[ 0.37654292 -1.98783616 -0.51062298 -4.56390682  2.62591282 -0.2863798 ] -286.4279685588603
[ 0.28955831 -2.04641585 -0.61881851 -4.58197414  2.67503038 -0.35886598] -285.8540532220559
[ 0.29931922 -1.87961588 -0.55340532 -4.57185262  2.50353451 -0.19444766] -285.3265763506537
[ 0.28611387 -1.74831083 -0.52321767 -4.56751312  2.36575502 -0.06870318] -284.981794352472
[ 0.39621832 -1.76643052 -0.53047954 -4.681729    2.52821225 -0.08764626] -285.34463711498165
[ 0.49441074 -1.68318764 -0.54319934 -4.6996575   2.40540282  0.0548448 ] -285.00105877152
[ 0.48091053 -1.61621267 -0.47850515 -4.6850493   2.35759465  0.09903753] -285.012729368842
[ 0.23553592 -1.66094242 -0.29064247 -4.55689283  2.32454094  0.02271459] -284.841015844991
[ 0.09259021 -1.53875476 -0.07364512 -4.4834091   2.17658055  0.12764583] -284.77556816074974
[ 0.49163725 -1.44039981 -0.181392   -4.7408918   2.27979085  0.30279351] -284.7295559281777
[ 0.62638484 -1.17105773  0.04982551 -4.85596357  2.14815927  0.61344459] -284.8998616220772
[ 0.35619942 -1.3588772  -0.4502027  -4.64852111  2.0694561   0.31498158] -287.0704136422151
[ 0.38237052 -1.76888545 -0.35750835 -4.6403019   2.49360599 -0.05049773] -285.15469416332525
[ 0.34645938 -1.49881987 -0.18867634 -4.59054524  2.16469771  0.24268651] -286.25241241382383
[ 0.38377859 -1.69952786 -0.44502874 -4.65893306  2.43733362 -0.00506307] -285.02295402574345
[ 0.36077654 -1.47324573 -0.39082098 -4.63818273  2.18054651  0.22068287] -284.4841577426077
[ 0.34997955 -1.32542587 -0.4074773  -4.63712314  2.02401678  0.35627317] -286.7269545307832
[ 0.35170112 -1.46717595 -0.28523135 -4.61263479  2.15122318  0.25049685] -286.56037600199437
[ 0.37575922 -1.64143988 -0.40507939 -4.64735849  2.36580601  0.05882691] -284.845031505566
[ 0.21951874 -1.55890021 -0.22727969 -4.57395495  2.23369927  0.13299272] -284.77724052872435
[ 0.11438787 -1.45049611 -0.05727895 -4.5174459   2.12865659  0.20323476] -284.7866675806106
[ 0.26544274 -1.28610134  0.07805229 -4.6329012   2.08927157  0.41742871] -284.8340193734707
[ 0.13902523 -1.27452611  0.1209579  -4.54823673  1.99704244  0.40943255] -284.7849741707175
[ 0.20720254 -1.62600624 -0.3478719  -4.53447253  2.24283383  0.04816537] -284.6950773333616
[ 0.38919563 -1.52011485 -0.30940498 -4.65560338  2.2415079   0.21066953] -284.576126549022
[ 0.44794841 -1.77794776 -0.63109613 -4.66060143  2.45461053 -0.06178261] -285.21641055022695
[ 0.21625602 -1.40038152 -0.0670556  -4.57632791  2.11143446  0.29162876] -284.5943641036557
[ 0.36636732 -1.44073409 -0.22945051 -4.63567421  2.17719877  0.2675359 ] -284.54121187206215
[ 0.58455489 -1.42820598 -0.4350202  -4.77697508  2.23452356  0.31951281] -284.6472114691796
[ 0.2164804  -1.52249633 -0.41181606 -4.53152015  2.11622416  0.14993824] -286.6528840127789
[ 0.42284803 -1.46092394 -0.23899802 -4.68854889  2.23889918  0.26457969] -284.6021330917895
[ 0.57279694 -1.28186246 -0.20904487 -4.7892982   2.15186963  0.47670449] -284.51460916725574
[ 0.19152527 -1.43088155 -0.04657145 -4.55090335  2.13262859  0.25775427] -284.59371496987234
[ 0.27612454 -1.38814946 -0.17845145 -4.59344771  2.09282944  0.31041225] -287.27771521362814
[ 0.38616716 -1.44273032 -0.22386137 -4.66477359  2.20238174  0.27603783] -284.53687263707627
[ 0.5393536  -1.46280815 -0.40266245 -4.73515058  2.25060992  0.2781662 ] -284.7229157397784
[ 0.29703042 -1.41598818 -0.15095732 -4.61603358  2.14622833  0.28826312] -284.5041747105754
[ 0.59925273 -1.42734366 -0.45794189 -4.78228521  2.23394903  0.32221031] -284.6763195602285
[ 0.29345714 -1.42999708 -0.14941406 -4.60874882  2.1579587   0.27386828] -284.50981892262183
[ 0.36966954 -1.3080711  -0.14177806 -4.66196699  2.09722     0.3903613 ] -284.4156129249383
[ 0.3599065  -1.20204923 -0.05796459 -4.66514879  2.02507605  0.48020719] -287.4115935337847
[ 0.39359859 -1.34323087 -0.19250837 -4.69066043  2.13486954  0.37443673] -284.4904769310436
[ 0.3762759  -1.30806816 -0.18764651 -4.67018999  2.08718249  0.39873443] -284.3702741089969
[ 0.37133026 -1.24073707 -0.16953908 -4.67289818  2.02958287  0.46008274] -287.52300654126896
[ 0.1241391  -1.47767124 -0.19533024 -4.50596264  2.11613223  0.17207776] -284.5640943150628
[ 0.46063248 -1.33081466 -0.20561621 -4.71846431  2.14293528  0.4005478 ] -284.44998485933786
[ 0.45920402 -1.29647582 -0.27369509 -4.72308386  2.10503535  0.41714048] -284.38444521501464
[ 0.50968861 -1.27064727 -0.31306442 -4.75148252  2.10303473  0.44570475] -284.3895587229412
[ 0.4518171  -1.31921004 -0.31169872 -4.6971297   2.10378191  0.38328715] -286.6999982253945
[ 0.40815322 -1.33722566 -0.22230596 -4.69227775  2.12709763  0.37664933] -284.42761307482726
[ 0.50043138 -1.14385516 -0.05721443 -4.76763908  2.04028865  0.58902983] -284.4683293433
[ 0.46551767 -1.2262028  -0.14061607 -4.73527499  2.07535311  0.49694309] -284.4120440057716
[ 0.40220384 -1.25141561 -0.22075249 -4.69296105  2.05537249  0.44129666] -284.3319507820824
[ 0.37298952 -1.21171609 -0.22832064 -4.68020942  2.0115911   0.46167109] -287.5405653180132
[ 0.45269997 -1.21640126 -0.20354492 -4.71937539  2.04730176  0.48674424] -287.2388007280813
[ 0.41928991 -1.30701956 -0.2176157  -4.69905216  2.10714866  0.40417306] -284.3975159971809
[ 0.50772377 -1.2452053  -0.30935204 -4.76204787  2.08048895  0.47763619] -284.36727144494756
[ 0.42594434 -1.33340777 -0.36675935 -4.69766416  2.10406778  0.36461877] -284.3452955411159
[ 0.47439025 -1.26138708 -0.33947427 -4.73342432  2.07124526  0.44420403] -284.3214423385416
[ 0.50194042 -1.23857085 -0.40040355 -4.75061041  2.05329356  0.46421952] -287.23395425504873
[ 0.37222543 -1.29467265 -0.25282883 -4.67497456  2.06476271  0.4021721 ] -284.33373042069496
[ 0.39371715 -1.26824304 -0.28524274 -4.68733679  2.04933788  0.42574692] -284.2868952050231
[ 0.36097372 -1.25412665 -0.29101657 -4.66946326  2.02148915  0.43005014] -287.5198619869594
[ 0.48245903 -1.24337567 -0.4038234  -4.74594626  2.05457586  0.45315712] -284.30091620561876
[ 0.34258958 -1.30562864 -0.31360832 -4.64872118  2.05263172  0.36609568] -287.3013212575421
[ 0.46644022 -1.26031114 -0.31041611 -4.7337162   2.07352464  0.44975106] -284.33475957918824
[ 0.43786763 -1.19306062 -0.23741993 -4.72512224  2.01887184  0.50749053] -284.30505757500663
[ 0.38784756 -1.24374042 -0.26943111 -4.68620555  2.03119738  0.44160473] -284.2798243278089
[ 0.34855122 -1.23545506 -0.24893861 -4.66245022  2.01003375  0.43753156] -287.51106772279053
[ 0.48726972 -1.1924015  -0.33255249 -4.74869085  2.02877086  0.50232789] -287.3293452717814
[ 0.4009865  -1.26910486 -0.27275974 -4.69340363  2.05576475  0.42721105] -284.3116111266221
[ 0.45688554 -1.24155495 -0.38196457 -4.73085188  2.03829183  0.45850813] -284.267135565088
[ 0.48422639 -1.23662462 -0.46257061 -4.74979729  2.02975151  0.46711387] -284.2535748858706
[ 0.38797784 -1.22332932 -0.30427491 -4.69584626  2.00858781  0.46323737] -284.2667513952974
[ 0.45704537 -1.20035304 -0.38149449 -4.73668117  2.00834268  0.49223913] -287.61799886938013
[ 0.41500122 -1.25191691 -0.29994343 -4.70422301  2.04390923  0.44346807] -284.29016571624703
[ 0.4125421  -1.29601604 -0.43767547 -4.69799615  2.05358138  0.39061883] -284.2581287092133
[ 0.34464506 -1.26324778 -0.28255602 -4.66118876  2.01754586  0.42410614] -284.2529612886789
[ 0.27573807 -1.27318384 -0.22192234 -4.61881001  1.99903086  0.40958065] -284.26664280535783
[ 0.38865081 -1.2584835  -0.38064019 -4.68856725  2.01942471  0.42734121] -287.5729722110273
[ 0.40841362 -1.25355855 -0.32011762 -4.70030907  2.0377881   0.43943635] -284.2725396583637
[ 0.4148337  -1.23726254 -0.40696584 -4.70977757  2.01014613  0.44962551] -284.23005107996335
[ 0.42539197 -1.22177229 -0.46782738 -4.72099796  1.99055026  0.46156481] -284.21561811552635
[ 0.4332181  -1.25444245 -0.48890956 -4.72250629  2.0147376   0.44042106] -284.2299934313515
[ 0.4209202  -1.24491894 -0.49448703 -4.71580183  2.00046337  0.44291767] -284.2087992239521
[ 0.42717349 -1.24059914 -0.58167173 -4.72354821  1.98180101  0.44465833] -284.19622276421245
[ 0.45442119 -1.28090478 -0.60279535 -4.72949862  2.02073473  0.41292364] -287.59011679633375
[ 0.40458868 -1.23772319 -0.37890502 -4.70425935  2.01162454  0.45065894] -284.2391221778153
[ 0.4272058  -1.18878712 -0.44980464 -4.72943646  1.96175554  0.50555555] -284.2170609091022
[ 0.33651464 -1.2322327  -0.42065418 -4.67084838  1.96292009  0.44187441] -284.2150134161839
[ 0.47338584 -1.19527118 -0.64670148 -4.76267679  1.95691715  0.49080489] -284.25138941426
[ 0.44120064 -1.21226533 -0.55566512 -4.73730478  1.97207433  0.4741302 ] -284.22121088628114
[ 0.4256462  -1.21230982 -0.60927252 -4.73062134  1.94965507  0.47207585] -284.20671151196774
[ 0.39449282 -1.18154635 -0.53938896 -4.71507943  1.92484783  0.49286532] -284.1950433792074
[ 0.37513017 -1.14509831 -0.56462867 -4.711366    1.87990295  0.51908745] -288.49732735727446
[ 0.370941   -1.21348381 -0.46720802 -4.69287248  1.95176894  0.46540122] -284.1852907021117
[ 0.33581117 -1.21409305 -0.42297948 -4.67065632  1.94161625  0.46103672] -288.0722654656574
[ 0.36618091 -1.24519425 -0.57886963 -4.6885528   1.95875886  0.42059109] -284.1798316651457
[ 0.33566846 -1.27339782 -0.64340212 -4.66811097  1.95726052  0.37810886] -287.9972438576793
[ 0.34825772 -1.2200164  -0.59786097 -4.68617625  1.91936701  0.45092393] -284.18831203406216
[ 0.4410494  -1.20548389 -0.7041031  -4.74143512  1.93247948  0.47363084] -288.1661793196879
[ 0.36264833 -1.2255455  -0.49151641 -4.68849507  1.95530994  0.44981352] -284.1954402288081
[ 0.33091855 -1.22981867 -0.47623272 -4.66762007  1.94762946  0.43600862] -284.17840124942717
[ 0.28355473 -1.23857309 -0.40971283 -4.63611943  1.94661666  0.417975  ] -288.0224072641767
[ 0.29730628 -1.19793586 -0.46868717 -4.65605049  1.90409301  0.4605429 ] -284.20587317054003
[ 0.39470669 -1.22993332 -0.55342559 -4.70667378  1.96237401  0.44862947] -284.1848605373709
[ 0.37251756 -1.2144521  -0.57947889 -4.6971632   1.93293877  0.45499303] -288.1325100821771
[ 0.36511564 -1.22277215 -0.51350703 -4.6906621   1.94971715  0.4511084 ] -284.1876711698841
[ 0.33088069 -1.27219318 -0.52297902 -4.66243973  1.97169064  0.39802225] -284.17743022520506
[ 0.29907462 -1.31751659 -0.51477405 -4.63611988  1.99511205  0.35060072] -284.1870179396252
[ 0.37132344 -1.25111539 -0.43954637 -4.68343073  1.99461268  0.42232975] -287.7456852017466
[ 0.35402415 -1.22779115 -0.55828232 -4.68548987  1.93817843  0.44377539] -284.1801664835095
[ 0.35076835 -1.25003264 -0.53882541 -4.67722081  1.9604163   0.41970095] -287.98292303792704
[ 0.36152882 -1.22958727 -0.51983662 -4.68730178  1.95239194  0.44325653] -284.1826403800827
[ 0.3418056  -1.2646888  -0.60266728 -4.67315353  1.95857217  0.39802657] -284.1779067976375
[ 0.30040622 -1.25982446 -0.5328636  -4.64817882  1.94669983  0.39793068] -284.1782637767303
[ 0.31320989 -1.27024956 -0.5707949  -4.65450983  1.95478453  0.388195  ] -288.05150966670357
[ 0.34944909 -1.23975285 -0.53257619 -4.67910379  1.95299008  0.42949115] -284.1787242377137
[ 0.31918954 -1.27603292 -0.5237805  -4.65419304  1.97393526  0.38291473] -287.9058194092498
[ 0.34531549 -1.23985159 -0.54965686 -4.67766566  1.94711763  0.42856022] -284.17707802107117
[ 0.30007764 -1.25684893 -0.4934556  -4.64750107  1.94947441  0.4087554 ] -284.1799293651695
[ 0.34965509 -1.24810792 -0.55751612 -4.67828987  1.95643775  0.41763217] -284.1770364566777
[ 0.31687813 -1.26507536 -0.54806234 -4.65667877  1.95639241  0.39590235] -284.1737995224283
[ 0.30059265 -1.27773662 -0.55580542 -4.64546626  1.95809358  0.37910795] -288.0279328381665
[ 0.33072852 -1.28676177 -0.62834902 -4.66451539  1.96467402  0.37601613] -284.1814559268358
[ 0.33087104 -1.24405444 -0.5142618  -4.6668439   1.9518906   0.4210105 ] -284.17586917206586
[ 0.3713958  -1.25149931 -0.56551754 -4.69017834  1.96733391  0.42178734] -284.1787712818591
[ 0.31815361 -1.25774317 -0.54102709 -4.6586787   1.95185835  0.40389484] -284.1760512607854
[ 0.32211242 -1.24431975 -0.47516713 -4.66037868  1.95322362  0.42364755] -284.17901560613205
[ 0.33688231 -1.25959654 -0.57079224 -4.66995982  1.95723503  0.40443181] -284.17586619857263
[ 0.33503787 -1.2326165  -0.57079313 -4.67359917  1.93528662  0.42578838] -284.176667059323
[ 0.31717719 -1.26254639 -0.55116071 -4.65701774  1.95591595  0.39432646] -288.02691242053726
[ 0.33828092 -1.24552529 -0.55003283 -4.67250368  1.94931721  0.42000178] -284.1758904920516
[ 0.3090462  -1.25342918 -0.54080702 -4.65446481  1.94422233  0.40604439] -284.17501829078725
[ 0.31499953 -1.27585817 -0.51753464 -4.65277739  1.96835203  0.39130684] -284.1769321615603
[ 0.33002829 -1.24342691 -0.55747851 -4.66839373  1.94355297  0.41716799] -284.17528910166686
[ 0.33584202 -1.24595941 -0.55278449 -4.67093621  1.94901184  0.41762476] -284.1738310683235
[ 0.31490174 -1.25832199 -0.54469598 -4.65658873  1.95145118  0.40072549] -284.17365675595397
[ 0.30321216 -1.26472034 -0.54202755 -4.64863125  1.95251816  0.39108734] -288.04930020524125
[ 0.31698852 -1.26454869 -0.59061173 -4.65883012  1.94873132  0.3929551 ] -284.17441075718733
[ 0.30434599 -1.2506573  -0.54068778 -4.6520043   1.94055231  0.40570822] -288.1306537196195
[ 0.32874823 -1.25736173 -0.56326613 -4.66547094  1.95306435  0.40475091] -284.1746505617625
[ 0.31077333 -1.27147187 -0.55593072 -4.65259613  1.95740484  0.388833  ] -284.17305691817245
[ 0.30114584 -1.28549435 -0.55515683 -4.64469734  1.96433078  0.37466551] -284.1737711137754
[ 0.33233112 -1.26748384 -0.57764344 -4.66590215  1.96112966  0.39421949] -284.17393187773956
[ 0.31382339 -1.26692532 -0.55997678 -4.65503976  1.95497606  0.39200249] -288.047702906249
[ 0.32501702 -1.25975263 -0.56244379 -4.66286315  1.95354228  0.40156381] -284.1739126298853
[ 0.32825927 -1.25813968 -0.52324186 -4.66302492  1.96091275  0.40666786] -284.1743094219012
[ 0.32544158 -1.25974193 -0.54008433 -4.66197622  1.95786739  0.40323967] -284.17351055104194
[ 0.31062015 -1.25262389 -0.52369044 -4.65464425  1.94742699  0.40841021] -284.17503726791506
[ 0.32690338 -1.26376885 -0.56415519 -4.66308768  1.95770399  0.39776717] -284.1734158301771
[ 0.31856304 -1.26169384 -0.53946056 -4.6577581   1.9564016   0.39980034] -284.1731287318453
[ 0.30197838 -1.28073188 -0.54467855 -4.64529234  1.9633953   0.37779791] -287.99887940081373
[ 0.32737611 -1.25465252 -0.55075801 -4.66452524  1.9526077   0.40766805] -284.173330587739
[ 0.3244416  -1.25814164 -0.55029925 -4.66216526  1.95475316  0.40344222] -284.1725249482158
[ 0.32822333 -1.25467478 -0.55141771 -4.66490851  1.95393353  0.40721216] -284.1720202685289
[ 0.33085851 -1.26367928 -0.5559062  -4.66502857  1.96052184  0.40078131] -284.17273080620964
[ 0.32212432 -1.26357178 -0.5657918  -4.66065852  1.95499044  0.39744767] -284.1722894398054
[ 0.3190695  -1.25947917 -0.54226647 -4.65873735  1.95424933  0.40281368] -284.1721899075366
[ 0.3158279  -1.27020439 -0.55283315 -4.65537049  1.95989283  0.39129467] -284.1717189790755
[ 0.31005379 -1.27798032 -0.55387072 -4.65079311  1.96353539  0.38310799] -284.17138862834054
[ 0.32180455 -1.26859189 -0.56893398 -4.65981596  1.95847686  0.39359826] -284.17145921108374
[ 0.33327134 -1.25785387 -0.55679823 -4.66738454  1.95783096  0.40615402] -284.17088009029453
[ 0.34452035 -1.25104487 -0.55723199 -4.67477874  1.95804401  0.41481453] -284.1706018498541
[ 0.3177401  -1.261435   -0.55726469 -4.65820216  1.95388802  0.39888345] -284.1701139438568
[ 0.3111809  -1.26031286 -0.55794394 -4.65478896  1.9505711   0.39793451] -288.06927221304704
[ 0.32501289 -1.26083023 -0.54453672 -4.66175342  1.95905193  0.40269568] -284.1697725633717
[ 0.32645718 -1.25945945 -0.53390917 -4.66230088  1.96108268  0.40531969] -284.16883409321855
[ 0.33053027 -1.26491626 -0.56527628 -4.66486244  1.96207083  0.39816501] -284.16918519890686
[ 0.32214542 -1.27313448 -0.56074457 -4.65867592  1.96509906  0.39075081] -284.1680573252874
[ 0.31910646 -1.28236433 -0.565408   -4.65555962  1.97068183  0.38252014] -284.1665323570983
[ 0.32766483 -1.26380818 -0.54205297 -4.66234969  1.96462406  0.400672  ] -284.1669507735347
[ 0.34528594 -1.24969571 -0.55317698 -4.67522474  1.95992842  0.41701695] -284.1665706889843
[ 0.31107458 -1.27618144 -0.54846405 -4.65138777  1.96604793  0.38604455] -284.166076026144
[ 0.2943517  -1.28874973 -0.54408007 -4.63969228  1.97004989  0.37165957] -284.1664272413021
[ 0.33563298 -1.2707068  -0.54549779 -4.66569288  1.97425724  0.397696  ] -284.16538221554737
[ 0.34457942 -1.2753427  -0.53961434 -4.66943824  1.98444185  0.39710228] -284.1652844256262
[ 0.32752587 -1.27070101 -0.52893223 -4.66055787  1.97353143  0.3980602 ] -284.1636560981202
[ 0.32602367 -1.27359339 -0.5107602  -4.65840559  1.97926172  0.39800779] -284.1621391779814
[ 0.33145446 -1.28086914 -0.55258301 -4.66182101  1.98057926  0.38846822] -284.16189009807647
[ 0.3339531  -1.29157398 -0.56191993 -4.66158107  1.99032755  0.38004249] -284.1601420512082
[ 0.33234289 -1.28577567 -0.55106153 -4.66151599  1.9856057   0.3862394 ] -284.16068603456927
[ 0.31040744 -1.31191479 -0.53923237 -4.64407136  1.99886044  0.35963526] -284.1649261175438
[ 0.33368724 -1.28909632 -0.51827614 -4.65990705  1.9974999   0.38650378] -284.1607368031677
[ 0.34925667 -1.29958417 -0.52515746 -4.66691866  2.01261779  0.38313245] -284.1639166143589
[ 0.31731091 -1.30850341 -0.5291882  -4.64802833  2.00361585  0.36741811] -284.15851877013137
[ 0.30367666 -1.32508376 -0.52397513 -4.63732337  2.01320286  0.35257603] -284.1584294147847
[ 0.34923931 -1.27632097 -0.52448443 -4.67114589  1.99397807  0.40253205] -284.1559924366478
[ 0.36865524 -1.25852407 -0.51711046 -4.68468315  1.99153689  0.42398044] -284.1542798028758
[ 0.31685626 -1.27496489 -0.535877   -4.65422008  1.97319375  0.39265086] -284.1562712684883
[ 0.33703346 -1.30141284 -0.55864652 -4.66133798  2.00452716  0.37598988] -284.153593599956
[ 0.34253835 -1.31532257 -0.58258969 -4.66280418  2.01715988  0.36498092] -284.1532756791995
[ 0.33232026 -1.29465199 -0.57256844 -4.66080223  1.99284231  0.3803196 ] -284.1495275647484
[ 0.33163678 -1.29742983 -0.59971459 -4.66124982  1.99051351  0.3772275 ] -284.1454799942539
[ 0.33342924 -1.30185737 -0.55600074 -4.65910457  2.00637244  0.37758001] -284.1443623308223
[ 0.33397241 -1.30989822 -0.55847034 -4.65789886  2.01675581  0.37325032] -284.13847971463764
[ 0.33182547 -1.30216713 -0.54399247 -4.65781208  2.01046002  0.38151287] -284.13683400944626
[ 0.33076165 -1.30746371 -0.53502874 -4.65592758  2.02052625  0.38224806] -284.1273221604249
[ 0.37113024 -1.262784   -0.58562181 -4.68827118  1.99002584  0.41887001] -284.13605795949917
[ 0.37604196 -1.30884258 -0.59030154 -4.68272485  2.03564564  0.38753489] -284.13885425649295
[ 0.32670522 -1.34205624 -0.63346511 -4.651609    2.03200542  0.34405679] -284.1310146678337
[ 0.3475444  -1.29416895 -0.58494436 -4.66975625  2.01133095  0.39608161] -284.1126720014864
[ 0.35004742 -1.28359214 -0.5861217  -4.67323229  2.00841648  0.41163195] -284.09279430660445
[ 0.36458286 -1.30744913 -0.56328849 -4.67530477  2.04394497  0.39530317] -284.11522716032005
[ 0.31635797 -1.29557191 -0.56369719 -4.65135638  2.00157929  0.38758521] -284.1080342573753
[ 0.35255605 -1.28974083 -0.59727068 -4.67400154  2.01541027  0.40664807] -284.092524922938
[ 0.36184787 -1.27966213 -0.61667084 -4.68205289  2.01473751  0.42334695] -284.0711898913035
[ 0.3123041  -1.34248109 -0.58046888 -4.64155646  2.05037747  0.36252071] -284.0874477162342
[ 0.35192874 -1.26335047 -0.51496017 -4.67486778  2.0145219   0.44348856] -284.072043840333
[ 0.354928   -1.28323858 -0.60670701 -4.67686261  2.02399962  0.42571079] -284.05053973646886
[ 0.36701117 -1.27112601 -0.64254615 -4.68733012  2.0257363   0.44744215] -284.0164119116049
[ 0.32191623 -1.27114545 -0.60486649 -4.66149387  1.99451135  0.43003534] -284.035485119852
[ 0.37199387 -1.27488052 -0.61818088 -4.68882142  2.03452105  0.45190334] -284.0175931173422
[ 0.3456199  -1.28395641 -0.60644277 -4.67214189  2.03638538  0.4412804 ] -284.00212072769216
[ 0.34340614 -1.28413854 -0.61660331 -4.67159669  2.05036982  0.45610462] -283.9616504086102
[ 0.39373057 -1.20561995 -0.6241404  -4.71383113  1.99442184  0.52158628] -283.98495981262346
[ 0.36803988 -1.26550707 -0.72604253 -4.69350759  2.02357739  0.46665101] -283.96251312968826
[ 0.36018475 -1.24447705 -0.66078908 -4.69014072  2.02630841  0.5012273 ] -283.9158749709361
[ 0.3593532  -1.22688451 -0.68284819 -4.69418464  2.03209386  0.54016747] -283.84404240259306
[ 0.41259538 -1.23824008 -0.69858734 -4.72159666  2.05906208  0.53124962] -283.9152527162252
[ 0.37605158 -1.22229153 -0.71207509 -4.70519419  2.02723271  0.53583038] -283.871183273147
[ 0.38404774 -1.20976789 -0.71088614 -4.71264018  2.03651627  0.56975431] -283.8265548953362
[ 0.39256603 -1.17908883 -0.74505613 -4.72529521  2.04190625  0.63091038] -283.742819391371
[ 0.35694016 -1.26643024 -0.76959713 -4.68996053  2.08365886  0.53205155] -283.80096421995745
[ 0.37893094 -1.20685084 -0.68221321 -4.70910171  2.07453048  0.608787  ] -283.7598167318445
[ 0.41540629 -1.1624568  -0.81352238 -4.74351429  2.05579159  0.67022751] -283.7065349422568
[ 0.45140637 -1.10161593 -0.91198192 -4.77947309  2.05850247  0.77728895] -283.6301924849273
[ 0.35915404 -1.16281388 -0.80266989 -4.71280646  2.0469128   0.67709563] -283.6179065806623
[ 0.33243338 -1.12510077 -0.85471116 -4.70841137  2.04083816  0.75001863] -283.4869562878766
[ 0.38115845 -1.14636551 -0.83672749 -4.73028133  2.08327732  0.74391095] -283.5535203266528
[ 0.40512524 -1.11493287 -0.91724748 -4.75332311  2.09547732  0.80748835] -283.51610637430815
[ 0.42359998 -1.02488801 -0.87971534 -4.77866808  2.0478518   0.90741654] -283.4602459996388
[ 0.45692989 -0.9041169  -0.93477444 -4.82302186  2.02994827  1.09509904] -283.37642283078117
[ 0.42760884 -0.98355609 -1.05128633 -4.79750028  2.04211945  0.9927851 ] -283.38406979888043
[ 0.42565469 -0.94614053 -1.09052014 -4.80537513  2.07481475  1.09128662] -283.32092911282007
[ 0.44219903 -0.82966638 -1.26325215 -4.84541509  2.091269    1.32147475] -283.29471919486855
[ 0.36374524 -0.93296357 -1.04068443 -4.77317792  2.0691407   1.12630332] -283.1941258852745
[ 0.31991467 -0.84863739 -1.10503569 -4.77003033  2.07445981  1.3008105 ] -283.06275944021263
[ 0.41357857 -0.78897129 -1.20537493 -4.83561935  2.04142669  1.3453145 ] -283.20211466449905
[ 0.39242955 -0.71175008 -1.22089742 -4.84000965  2.01120981  1.46101249] -283.14867160277277
[ 0.48512014 -0.56379861 -1.40549583 -4.92878748  2.05597285  1.75548016] -283.4164723879626
[ 0.44694845 -0.70412415 -1.26779966 -4.87369345  2.05218918  1.50411478] -283.25301615539036
[ 0.39639121 -0.6121993  -1.28109176 -4.8650963   2.05804813  1.68315692] -283.2121210510321
[ 0.3468906  -0.59433263 -1.51304276 -4.85359953  2.07958594  1.77686227] -283.25145607761345
[ 0.32985199 -0.59033857 -1.26782859 -4.83393445  2.01437085  1.70228241] -283.0809366199846
[ 0.28607041 -0.67795227 -1.26329073 -4.79240309  2.04084457  1.58569825] -283.0058615186936
[ 0.2056314  -0.66486634 -1.26103626 -4.7517579   2.03517227  1.62648999] -282.926809413899
[ 0.33904186 -0.81125503 -0.93404545 -4.7785498   1.99864325  1.26282666] -283.1211078834722
[ 0.2704248  -0.85974026 -1.05031435 -4.73820419  2.00037943  1.21642193] -283.0280793227971
[ 0.20551952 -0.70655793 -1.07434432 -4.73520943  2.00331845  1.51130015] -282.8958465132139
[ 0.10148999 -0.66535125 -1.00882902 -4.68500447  1.98426433  1.59429298] -282.84491912571013
[ 0.12968869 -0.76831287 -0.98813237 -4.67915074  2.02455351  1.440029  ] -282.85389391657554
[ 0.11329199 -0.65449386 -1.29301331 -4.70747756  2.04575682  1.69728227] -282.86495011854544
[ 0.05029519 -0.89679542 -0.96762507 -4.60994061  2.0404912   1.25615981] -282.8559809570378
[-0.02964065 -0.65454927 -1.08461444 -4.62048149  1.96907937  1.64274816] -282.8120348479133
[-0.20441831 -0.55750522 -1.07440381 -4.54570707  1.91638915  1.81371699] -282.95441183869985
[-0.0801726  -0.57504941 -1.15076914 -4.61306673  2.03272641  1.86924547] -282.91687717403056
[-0.1106472  -0.73998436 -0.90329152 -4.55328263  1.99711828  1.54009591] -282.83958542629
[ 0.1649986  -0.8847796  -0.93106611 -4.67204577  1.98769477  1.1876239 ] -282.96612544425915
[-0.0188798  -0.65248196 -1.09584338 -4.62781149  2.0214685   1.69884008] -282.82528355392094
[-0.07252324 -0.80466451 -0.72309863 -4.55107958  1.96656824  1.36010637] -282.94864368965847
[ 0.06683818 -0.69203653 -1.15053464 -4.66837807  2.02595967  1.6129883 ] -282.81032280664886
[-4.01212044e-03 -4.94109992e-01 -1.10945672e+00 -4.66809568e+00
  1.96699002e+00  1.92017166e+00] -282.9236098805993
[ 0.03671836 -0.79612406 -1.00308298 -4.62447938  2.02211591  1.42216277] -282.81041014313854
[-0.11439573 -0.63186294 -1.09393296 -4.58066177  1.98211518  1.73034707] -282.8351771794443
[-0.15815893 -0.72366179 -1.10160429 -4.54002714  2.02168797  1.62143445] -282.81944857597966
[ 0.03814101 -0.64358782 -1.27324604 -4.66733048  2.01702392  1.70274437] -282.83318550567316
[ 0.09273511 -0.75561754 -1.14237563 -4.66884091  2.04366326  1.50329231] -282.82229976666446
[-0.04160358 -0.78123589 -0.91943908 -4.58267568  2.01763431  1.46441099] -282.81759739039575
[ 0.00784263 -0.81525974 -1.03804031 -4.6071494   2.01191167  1.39017225] -282.79692947827755
[ 0.02120384 -0.89664863 -1.00913877 -4.59681836  2.00713326  1.23583833] -282.8474539611198
[-0.13206978 -0.73200489 -0.95672961 -4.54555614  1.97913303  1.54801333] -282.8318150596819
[ 0.03653389 -0.74971438 -1.09596413 -4.63801972  2.02753071  1.51447256] -282.7964975363249
[ 0.18372188 -0.77264483 -0.99562091 -4.7070341   2.00305591  1.39421722] -282.89825537398144
[-0.07268873 -0.73590755 -1.07510844 -4.58177888  2.01702995  1.56463014] -282.78903192631526
[ 0.05680481 -0.69996128 -1.2296759  -4.66408664  2.00690812  1.58464707] -282.80413042283215
[ 0.07365703 -0.84178524 -1.11285436 -4.64081587  2.06807264  1.38694287] -282.81867212295487
[-3.81623125e-03 -7.01358266e-01 -1.09167442e+00 -4.62556509e+00
  1.99382769e+00  1.57879684e+00] -282.794095178026
[-0.00621352 -0.66862185 -1.22391629 -4.63717988  2.0056067   1.65973961] -282.7971782206914
[-0.0606839  -0.7649045  -1.10092519 -4.5828818   1.99497861  1.48449786] -282.78405036554875
[-0.12444493 -0.80133848 -1.07612046 -4.54013367  1.97948807  1.42025265] -282.8103437126822
[-0.08981343 -0.77862748 -0.97886703 -4.56010496  2.01005365  1.47945602] -282.80711330914187
[ 0.02015025 -0.71962783 -1.16697368 -4.63809122  2.0076945   1.55834931] -282.7881539310632
[-0.01800718 -0.8269689  -0.96564576 -4.58731548  2.01205101  1.37056671] -282.81735713647487
[-0.00916193 -0.70820861 -1.15934866 -4.62471378  2.00721778  1.58744639] -282.7834297202058
[-0.03773151 -0.64464731 -1.19195786 -4.62320076  2.00418141  1.70589212] -282.8155080925196
[-3.55090738e-03 -7.72606630e-01 -1.07651970e+00 -4.61116224e+00
  2.00997910e+00  1.46910222e+00] -282.7841075570684
[-0.07978437 -0.71782342 -1.12755257 -4.58337795  1.98271184  1.56646836] -282.7854713201875
[-0.06475697 -0.77166792 -1.14380166 -4.58177021  2.01270957  1.49803459] -282.77352173590737
[-0.09522733 -0.80682274 -1.16986528 -4.55987277  2.02215051  1.45765346] -282.77366913826415
[ 0.00675946 -0.74903875 -1.18326538 -4.62555352  1.98806718  1.49000276] -282.78348410801027
[-0.09054312 -0.77512211 -1.0968307  -4.56506195  1.99086019  1.47350142] -282.7859930585378
[-0.06286978 -0.76124854 -1.11436645 -4.58331927  1.99506877  1.49471339] -282.779363230953
[ 0.0150297  -0.79140156 -1.13185644 -4.61975566  2.01996183  1.44146405] -282.785102507925
[-0.00867382 -0.77300703 -1.13078047 -4.61066123  2.01064933  1.47271512] -282.77887381839446
[-0.06291141 -0.73675182 -1.20097624 -4.59180436  1.99291797  1.54003449] -282.776834096036
[-0.00652092 -0.73506973 -1.20992109 -4.62305899  2.0072316   1.54315105] -282.7749813788654
[-0.07839106 -0.74627913 -1.13646615 -4.57955576  2.02053116  1.55536225] -282.7793848917537
[-0.08554605 -0.79979944 -1.15275536 -4.56534282  2.00581836  1.44722391] -282.77670880643336
[-0.01870192 -0.77956903 -1.18106761 -4.6057632   1.98760071  1.44326194] -282.7815368201933
[-0.06346878 -0.7546016  -1.14761651 -4.58610762  2.01229855  1.52733717] -282.77446851921985
[-0.03442287 -0.76238397 -1.21425067 -4.60292914  2.01880636  1.51478539] -282.77236759727134
[-0.02019941 -0.76295168 -1.26419278 -4.61273408  2.03067515  1.52482138] -282.7773659133459
[-0.09720184 -0.74708446 -1.22566004 -4.57300982  2.0059448   1.55080707] -282.7751044893461
[-0.0543944  -0.78678389 -1.16369221 -4.58560184  2.02801844  1.48707857] -282.76920335349166
[-0.0501359  -0.81179992 -1.14505019 -4.58250057  2.04556867  1.46060061] -282.7707033280602
[-0.02137587 -0.71939775 -1.2155587  -4.61881638  2.02251808  1.59317404] -282.7794975653455
[-0.06950351 -0.77969902 -1.1684562  -4.57871121  2.00999329  1.48371144] -282.77186677777036
[-4.87303782e-04 -7.82984243e-01 -1.12358607e+00 -4.61304985e+00
  2.02374113e+00  1.46722566e+00] -282.7785072370616
[-0.07302321 -0.75605941 -1.20014155 -4.58301982  2.01039388  1.52991172] -282.7713535214385
[-0.11333566 -0.80199554 -1.13606517 -4.54965429  2.02350843  1.47046857] -282.78175114222614
[-0.0332246  -0.75180118 -1.19145711 -4.60470781  2.0113008   1.52498043] -282.77137036361876
[-0.04630641 -0.78153019 -1.21298328 -4.59280572  2.0181089   1.48549687] -282.7687207701972
[-0.03772522 -0.79499448 -1.24566667 -4.59615478  2.02101408  1.46457673] -282.76960543454396
[-0.03886803 -0.7677513  -1.23985868 -4.60082164  2.01949765  1.51062022] -282.7695102428965
[-0.07068385 -0.77882436 -1.17794567 -4.57896021  2.0136313   1.49248103] -282.7678950635585
[-0.08881435 -0.78704455 -1.15979318 -4.56697574  2.01104376  1.48132885] -282.7689531874129
[-0.03599666 -0.76121776 -1.2269033  -4.60326114  2.02365704  1.52647817] -282.76858882633894
[-0.07319959 -0.79225445 -1.21571778 -4.57678231  2.02646826  1.48570843] -282.76691004351693
[-0.09318708 -0.81248109 -1.22784812 -4.56281956  2.03405199  1.46607243] -282.76826455587826
[-0.03345977 -0.80006124 -1.21222543 -4.59639113  2.03273331  1.46604271] -282.76735018744506
[-0.0658122  -0.79913933 -1.16329722 -4.57711247  2.02804143  1.47047505] -282.7673442589098
[-0.05409176 -0.78422522 -1.23933202 -4.58950249  2.01952831  1.48848219] -282.7658188635297
[-0.05394043 -0.78294589 -1.27715193 -4.59145282  2.01528325  1.489184  ] -282.7667083465611
[-0.06477487 -0.79037726 -1.19882386 -4.58119753  2.02991098  1.49105899] -282.76382358738346
[-0.0740091  -0.7948008  -1.19174415 -4.57539343  2.03581202  1.49384004] -282.7625442604204
[-0.08775543 -0.82188404 -1.17318412 -4.56145288  2.02841451  1.43919831] -282.7678130376548
[-0.05875876 -0.81863067 -1.22055457 -4.57991803  2.04336799  1.45543455] -282.76524611927806
[-0.03202163 -0.77448653 -1.24110627 -4.60358041  2.03356927  1.51412935] -282.76845166337887
[-0.07382198 -0.81003466 -1.19016466 -4.57198476  2.0297032   1.45793107] -282.7653715709298
[-0.09977135 -0.79963381 -1.19471137 -4.5605067   2.02824043  1.48458106] -282.76659935190105
[-0.07873865 -0.80072055 -1.25411097 -4.5742501   2.03299864  1.48485073] -282.76368080127304
[-0.07319761 -0.81042745 -1.21448813 -4.5737362   2.0367486   1.46933145] -282.76056577645636
[-0.07319662 -0.81951395 -1.2138733  -4.57221314  2.04188876  1.46114296] -282.7577461012804
[-0.0377676  -0.80967481 -1.24188185 -4.59391395  2.03952588  1.46264612] -282.7630134366425
[-0.07800581 -0.83356659 -1.19811114 -4.56638864  2.05490385  1.45013297] -282.7622272686667
[-0.0596702  -0.81560113 -1.24992734 -4.582041    2.05312918  1.47808472] -282.76030674600963
[-0.07503724 -0.80599527 -1.22932835 -4.57481539  2.04271813  1.4881313 ] -282.7563718544453
[-0.08317648 -0.79967757 -1.23371525 -4.57226408  2.0423932   1.50447967] -282.75285949428354
[-0.05653663 -0.82355774 -1.18897338 -4.57982131  2.05621899  1.46525809] -282.7558925972884
[-0.10376401 -0.81923112 -1.18356633 -4.55545992  2.05525612  1.48833337] -282.75834133106235
[-0.07744082 -0.84224856 -1.2309781  -4.56733593  2.06545135  1.45530388] -282.7531359812245
[-0.07325577 -0.80637676 -1.23556675 -4.57665648  2.04987535  1.5007346 ] -282.74902602421633
[-0.07088075 -0.79278185 -1.25429456 -4.5817904   2.0473611   1.52603541] -282.7444088123331
[-0.09532823 -0.8167358  -1.1852063  -4.56092059  2.04972733  1.48876641] -282.74735612898087
[-0.0484225  -0.81227404 -1.25211396 -4.5893219   2.04575745  1.47866211] -282.74860180373383
[-0.07073184 -0.80957791 -1.23455387 -4.5782716   2.06041438  1.51169224] -282.74102923739645
[-0.06949946 -0.80460988 -1.24489416 -4.58130083  2.06967719  1.53696688] -282.7346307779972
[-0.09171279 -0.79921816 -1.27809406 -4.5711566   2.05057021  1.53148003] -282.73859304946296
[-0.07556592 -0.76618387 -1.25179466 -4.58491553  2.03637748  1.56682629] -282.73855589911454
[-0.06729341 -0.7975903  -1.25508399 -4.58420454  2.05743039  1.5384327 ] -282.72817357659414
[-0.05935187 -0.79654666 -1.26576836 -4.59017477  2.06494898  1.55540922] -282.71685845264454
[-0.10569051 -0.77975137 -1.24123674 -4.56743101  2.06046331  1.58983264] -282.7297007660688
[-0.06223886 -0.76296146 -1.32682121 -4.59800246  2.06007209  1.61341708] -282.72932837523445
[-0.08380571 -0.77697529 -1.28190851 -4.58253666  2.06667532  1.6052753 ] -282.7163870333667
[-0.09026819 -0.76907201 -1.29571548 -4.58290979  2.07633242  1.64489524] -282.70563220427425
[-0.06249215 -0.76049026 -1.26398281 -4.5970882   2.07205361  1.63763575] -282.7125569072876
[-0.0742811  -0.79162667 -1.29434492 -4.58738682  2.09813839  1.62589265] -282.70641540837715
[-0.08194144 -0.74887293 -1.31772902 -4.59303019  2.07432575  1.68539398] -282.7021500560381
[-0.08816243 -0.72100445 -1.35414645 -4.59889487  2.07665004  1.75960753] -282.69702381450617
[-0.03990769 -0.75414914 -1.35902301 -4.61738796  2.08893521  1.68911985] -282.69709503911565
[-0.07591561 -0.7680016  -1.28417246 -4.59327834  2.09894746  1.69076967] -282.6779754465073
[-0.08275398 -0.77052167 -1.26284809 -4.59091628  2.11838514  1.72944596] -282.65647333640567
[-0.08660331 -0.72574141 -1.3442519  -4.6013532   2.11188262  1.80678977] -282.6895215161754
[-0.09150008 -0.75021486 -1.37279381 -4.59586144  2.11805433  1.78094792] -282.67267133418164
[-0.0854508  -0.7052745  -1.36858132 -4.60838769  2.09860819  1.84437611] -282.6748671805348
[-0.06785791 -0.70656333 -1.39149937 -4.62135736  2.12783942  1.89186714] -282.6696069020527
[-0.12753514 -0.70562427 -1.33901731 -4.58820232  2.1282047   1.91522496] -282.6719935180702
[-0.09240465 -0.73364223 -1.33885081 -4.60313124  2.15767477  1.89660976] -282.6482483295456
[-0.09452576 -0.73996112 -1.33120299 -4.60524942  2.19818713  1.96511087] -282.6368435410048
[-0.09660459 -0.73364518 -1.34439573 -4.60197164  2.15121035  1.90220121] -282.6269482393364
[-0.10160522 -0.73759707 -1.34446765 -4.60228086  2.17087421  1.94990693] -282.59876766593476
[-0.1031419  -0.76488627 -1.31202842 -4.59290154  2.18857345  1.89979181] -282.6237176029293
[-0.10097322 -0.72483639 -1.2875608  -4.60444115  2.19263369  2.00283464] -282.61694699221056
[-0.05608419 -0.77583101 -1.30418514 -4.61751321  2.20395964  1.89776082] -282.5926703172129
[-0.02035871 -0.81093438 -1.28676905 -4.63216866  2.24183711  1.88902876] -282.5680323356694
[-0.09992836 -0.8096823  -1.21679296 -4.58796195  2.24232416  1.92017251] -282.5666795567682
[-0.11596359 -0.86124179 -1.12943976 -4.57126424  2.29956653  1.9343252 ] -282.54326196583065
[-0.09610216 -0.775964   -1.3009748  -4.61185234  2.31217223  2.15088678] -282.5773383479801
[-0.08485584 -0.81852551 -1.22254384 -4.59972018  2.27036528  1.97714717] -282.5182054384546
[-0.08002088 -0.8578077  -1.16821426 -4.59695556  2.30645435  1.98316532] -282.46644649726005
[-0.06853269 -0.82457417 -1.19378036 -4.6134194   2.31927259  2.0702574 ] -282.48651684850375
[-0.05988786 -0.89786999 -1.18698782 -4.60487253  2.35742532  1.98968882] -282.4590990443742
[-0.03934518 -0.98438679 -1.13670133 -4.60508822  2.43982114  1.98311591] -282.41322112357125
[-0.03850251 -0.96737255 -1.06082554 -4.60796861  2.46883377  2.05368619] -282.4772918775768
[-0.0248057  -0.99280846 -1.02426863 -4.59710256  2.37975626  1.82030615] -282.44282753552835
[-0.10203147 -1.01846277 -0.95097423 -4.56509754  2.49606444  2.05925664] -282.41886685244265
[-1.78255563e-03 -1.02056236e+00 -1.04881502e+00 -4.62394639e+00
  2.50383432e+00  2.05560400e+00] -282.35419401670174
[ 0.05530796 -1.10022264 -1.00850265 -4.65028746  2.60596822  2.1162434 ] -282.30257097581534
[-0.00793323 -1.1491128  -0.92271519 -4.59408058  2.57969347  1.93500047] -282.39483020340583
[-0.02777365 -1.06689451 -1.00963323 -4.59490203  2.46708552  1.91200977] -282.30297179555816
[ 0.03116045 -1.24615495 -0.84938417 -4.60523057  2.68300866  1.95881213] -282.37882970912614
[-0.00539934 -1.19560303 -0.93503497 -4.60779291  2.71079089  2.16783996] -282.31404921394943
[ 0.10403714 -1.22899547 -1.00301628 -4.65402972  2.66605819  1.96508391] -282.31267024755243
[ 0.08914496 -1.34460768 -0.7727275  -4.63035287  2.79771385  2.03521397] -282.3185184050604
[ 0.09009241 -1.24504663 -0.93671774 -4.65345127  2.73051497  2.11673391] -282.21988050794175
[ 0.13910522 -1.29301355 -0.94371902 -4.68313661  2.80592572  2.20760062] -282.1585229621355
[ 0.08698031 -1.16362401 -1.04149372 -4.66826996  2.66817213  2.17585175] -282.17122760390527
[ 0.02827426 -1.00484339 -1.20773913 -4.6557867   2.51028638  2.14632917] -282.27123518153627
[ 0.13404309 -1.09026149 -1.13633303 -4.69434458  2.5303745   2.00653292] -282.21396520965675
[ 0.03460859 -1.01062439 -1.11279065 -4.66154606  2.5298793   2.2231053 ] -282.1726101591316
[ 0.18721346 -1.15396865 -1.14055951 -4.74288843  2.74978323  2.37987795] -282.187965298412
[ 0.14810035 -1.13855585 -1.18570903 -4.71836999  2.65883887  2.2635225 ] -282.06600123150093
[ 0.19449654 -1.15772245 -1.27431222 -4.75241125  2.68527419  2.33716205] -282.00013304255936
[ 0.23054148 -1.28489479 -1.00866359 -4.74507894  2.81284999  2.29704769] -282.0367636819137
[ 0.15693878 -1.26435445 -1.0375132  -4.7234325   2.88692035  2.5336822 ] -282.04794265360596
[ 0.09367685 -1.23744256 -0.99893796 -4.66840335  2.713224    2.21160526] -281.97063067074697
[ 0.04690854 -1.27917952 -0.92812718 -4.6311608   2.69494438  2.12746892] -281.9040028983713
[ 0.2503817  -1.47030519 -0.96515233 -4.7396173   2.98814962  2.33649912] -282.0033303425564
[ 0.25247711 -1.41953264 -1.01100213 -4.75667584  2.95651596  2.43730178] -281.8628591433351
[ 0.33522552 -1.54748696 -0.99575633 -4.80087878  3.10068787  2.5680268 ] -281.7902206246463
[ 0.26572563 -1.37496757 -1.12612259 -4.78105658  2.91701641  2.52569497] -281.75824301090546
[ 0.32903584 -1.41594459 -1.21732438 -4.83001656  2.97256175  2.68474215] -281.6798771187042
[ 0.30525776 -1.45415672 -1.09226548 -4.77628871  2.86456892  2.24996671] -281.7407786796316
[ 0.25656048 -1.49003702 -1.14898238 -4.76504553  2.95587893  2.47090755] -281.5872740882653
[ 0.26956998 -1.59260814 -1.21914178 -4.77502883  3.0273934   2.55783748] -281.4429831531438
[ 0.24311635 -1.34539427 -1.2771568  -4.78231102  2.79366055  2.50523559] -281.5907027910603
[ 0.31520812 -1.72053428 -0.9689451  -4.77948365  3.13266476  2.56059716] -281.382077267012
[ 0.3755639  -2.0019402  -0.81626154 -4.79301984  3.35636004  2.67231471] -281.2919270262252
[ 0.57234791 -1.83999744 -1.27784159 -4.95468711  3.34346646  2.95190556] -281.74799789948304
[ 0.36307173 -1.66919349 -1.30424086 -4.83623857  3.01864917  2.63930727] -281.47816891334907
[ 0.05619061 -1.31974836 -1.03095536 -4.6429474   2.66759815  2.15122907] -281.65760286457913
[ 0.24025838 -1.6607863  -1.19609476 -4.7768987   3.08083877  2.82025538] -281.2763586921156
[ 0.2077587  -1.76410109 -1.2480094  -4.77720369  3.1889737   3.10539972] -281.30482150392464
[ 0.18688782 -1.78061233 -1.06395932 -4.70546489  3.00893827  2.43065102] -281.23002927824166
[ 0.11581381 -1.9629462  -0.98727678 -4.64318906  3.02712653  2.30360546] -281.29673015395076
[ 0.50329878 -2.03042988 -1.26132966 -4.91337322  3.42768192  3.05730475] -281.58144922703246
[ 0.40310051 -2.23312918 -1.00985251 -4.817697    3.51295998  2.88732128] -281.30500544999734
[ 0.10951866 -1.61566    -0.94185393 -4.65474273  2.90736463  2.27859097] -281.33933286460814
[ 0.16522802 -1.95905189 -0.77814709 -4.67137876  3.27930253  2.57634969] -281.1472602373614
[ 0.06630617 -2.10398109 -0.5151002  -4.58894885  3.4096292   2.5448709 ] -281.271929854528
[ 0.22394912 -2.15778516 -0.71624793 -4.69803848  3.35452801  2.6639902 ] -281.1589146654862
[ 0.42214392 -2.31544168 -0.91833379 -4.8327565   3.62361124  3.07170313] -281.3659778459941
[ 0.18767498 -1.79060542 -0.93597389 -4.69924617  3.08642628  2.47686901] -281.1945493194048
[ 0.05675356 -1.55046459 -0.825709   -4.63031861  2.87583799  2.32615539] -281.379673794984
[ 0.31651378 -2.06246303 -0.96381663 -4.7708524   3.35367948  2.74702981] -281.1805069311802
[ 0.06460679 -1.80182785 -1.068485   -4.64760662  3.0315444   2.56606699] -281.1453388267705
[-0.09087176 -1.70177167 -1.19459673 -4.57490001  2.86913659  2.51294313] -281.3281097866754
[ 0.14136179 -2.18999559 -0.64611519 -4.62063041  3.29063422  2.33339686] -281.1942822812156
[ 0.17955701 -2.20663065 -0.63896926 -4.66378605  3.45643337  2.69058316] -281.0955009214294
[ 0.1758916  -2.41963981 -0.42647424 -4.64294664  3.68018091  2.82054924] -281.1955072497068
[ 0.17606386 -2.33531264 -0.66795314 -4.65818474  3.50228105  2.71560323] -281.1203685310208
[ 0.23394441 -1.98436148 -0.96509116 -4.74931861  3.36862206  2.9864775 ] -281.1092139677944
[ 0.03126929 -2.08586019 -0.64781456 -4.59191868  3.31055766  2.65266045] -281.0724295974331
[-0.11135295 -2.09755877 -0.48981353 -4.50245182  3.28899675  2.60547577] -281.2034085112311
[ 0.05960734 -1.96656307 -0.87257214 -4.62935935  3.29505235  2.73192347] -281.0270682645723
[-0.02256355 -1.87095203 -0.95073424 -4.59501978  3.26531452  2.76589011] -281.10045834402126
[ 0.08312154 -2.16780006 -0.842148   -4.64201259  3.37552777  2.87142192] -281.0972361571808
[ 0.18991436 -2.44701485 -0.47636442 -4.66392005  3.73794702  2.98348959] -281.1659532433774
[ 0.09593368 -1.9631246  -0.92045486 -4.65168498  3.20814506  2.67042264] -281.0565819926657
[ 0.05174723 -1.78946738 -0.96106352 -4.65117535  3.16916503  2.81889315] -281.08191774366696
[-0.0668657  -2.07545384 -0.66258295 -4.52732706  3.23633835  2.49215743] -281.1203429710314
[ 0.15874188 -2.00713457 -0.88946411 -4.69382072  3.33555113  2.86289749] -281.04667083826405
[ 0.10916394 -1.83846009 -0.80129815 -4.65190245  3.21610709  2.60437154] -281.1944576341365
[ 0.08963214 -2.08546507 -0.83193554 -4.64448506  3.3356726   2.80465932] -281.03403398825424
[-0.01724648 -1.75924098 -1.06879898 -4.62369533  3.09494791  2.82323568] -281.1104655013464
[ 0.13035613 -2.09478323 -0.74642669 -4.65376337  3.366062    2.72374629] -281.0399297522434
[ 0.13676626 -2.2781762  -0.67515911 -4.6371687   3.44784857  2.66321007] -281.0884982488254
[ 0.07300199 -1.91164458 -0.88958742 -4.64767369  3.23883592  2.77997238] -281.03749068245753
[ 0.1711551  -1.92371152 -1.06899902 -4.71501037  3.2825487   2.87188008] -281.07257875761627
[ 0.06624074 -2.04532302 -0.75311068 -4.62269161  3.30355542  2.70746536] -281.03624430580277
[ 0.09659306 -2.07384659 -0.74057733 -4.64557962  3.41676475  2.86646546] -281.0278160982847
[ 0.01306859 -2.05207395 -0.72193916 -4.58736351  3.31642988  2.67517994] -281.0421017119097
[ 0.04948691 -2.04083911 -0.7638204  -4.61397781  3.32121019  2.72210933] -281.0236778665602
[ 0.01449793 -1.94644392 -0.87077448 -4.614159    3.27096841  2.81378548] -281.02036364763313
[-0.04343117 -1.87227426 -0.93294837 -4.59435682  3.22342161  2.85880508] -281.0446077356849
[ 0.05235072 -2.14118234 -0.72134277 -4.60907712  3.40890532  2.76883043] -281.0126024925113
[ 0.04202509 -2.25595122 -0.63722045 -4.58977884  3.49394003  2.76325945] -281.03315467741606
[ 0.05448196 -2.03945701 -0.84723021 -4.62952105  3.37930246  2.86179248] -280.99700723365777
[ 0.04860256 -2.036524   -0.89428997 -4.63293577  3.41717598  2.93895603] -281.0010969401855
[ 0.01937383 -1.98397894 -0.77350357 -4.60273959  3.36172856  2.7836429 ] -281.09108702708727
[ 0.07206756 -2.06009354 -0.81732755 -4.63404869  3.34218659  2.79940522] -281.00897238725315
[ 4.23775046e-03 -1.99101308e+00 -8.90445177e-01 -4.59780139e+00
  3.25577702e+00  2.69948334e+00] -281.0110048637349
[ 0.02276694 -2.10644659 -0.76440805 -4.60350234  3.36439765  2.82321195] -281.0172856312283
[ 0.02398071 -2.05403972 -0.87335568 -4.61539206  3.35263563  2.86672697] -280.98942359756666
[ 0.0112276  -2.06064002 -0.92812332 -4.61609918  3.36834834  2.93903578] -280.9912934640666
[ 0.06213062 -2.18430017 -0.767262   -4.61562188  3.43009982  2.79269797] -280.99863515095427
[ 0.06698284 -2.0502487  -0.87457974 -4.63031839  3.3585713   2.77310018] -280.9950834812092
[ 0.04227642 -1.98520173 -0.96872402 -4.63182403  3.29728561  2.82890496] -280.99384473813325
[ 0.10306895 -2.13343388 -0.82571455 -4.65444064  3.46425011  2.94139259] -280.99305630798244
[ 0.04557293 -2.0888002  -0.90162785 -4.62499065  3.41852838  2.88879983] -280.9730927374937
[ 0.03232561 -2.10315352 -0.94377801 -4.62046164  3.45669928  2.93349714] -280.96944163479236
[ 0.04557488 -1.93754468 -1.01053207 -4.64503072  3.33948164  2.94244013] -281.0169672915765
[ 0.05799168 -2.1226113  -0.82807952 -4.62297409  3.40744527  2.83013351] -280.9836764872845
[ 0.05439345 -2.11010594 -0.9241803  -4.62894923  3.39965994  2.86279264] -280.96844428896713
[ 0.05434919 -2.1454304  -0.96265534 -4.62866332  3.40983868  2.86329272] -280.9700480582508
[ 0.0376961  -2.11926667 -0.91336428 -4.62769551  3.43408732  2.98138242] -280.9778089446552
[ 0.06087574 -2.22900194 -0.80076677 -4.62481369  3.54097357  2.97640346] -280.97589064261393
[-0.01398118 -2.11262582 -0.9354603  -4.59232143  3.39958356  2.87558613] -280.96232944160226
[-0.07250625 -2.10222179 -0.99033317 -4.56126183  3.36725028  2.8426829 ] -280.9680387136817
[ 0.0524531  -2.21154868 -0.90852071 -4.62367981  3.52684735  2.9532048 ] -280.95324996093797
[ 0.06668929 -2.29030316 -0.92610323 -4.62782368  3.61395321  2.99644372] -280.9583676532926
[ 0.01659592 -2.17262289 -0.9806106  -4.61633301  3.51183839  3.03082202] -280.95130531777306
[-4.10195354e-03 -2.19762869e+00 -1.05687615e+00 -4.61301247e+00
  3.56403495e+00  3.13116627e+00] -280.9626404102395
[ 0.02985811 -2.19375293 -0.91774128 -4.6078241   3.51111338  2.89605298] -280.9554013090356
[-3.66074295e-03 -2.07226798e+00 -1.06933030e+00 -4.60504271e+00
  3.39427373e+00  2.87424844e+00] -280.96052810439767
[ 0.01289393 -2.18782122 -0.96816982 -4.60425513  3.45773951  2.89740519] -280.9486258691612
[ 3.17809485e-03 -2.23015507e+00 -9.80365726e-01 -4.59615187e+00
  3.45825962e+00  2.87935922e+00] -280.9661629040482
[-0.02300707 -2.20677391 -1.0024307  -4.58753617  3.5341387   2.97964721] -280.94569306206336
[-0.06170732 -2.25510789 -1.04155591 -4.56682963  3.60137808  3.0380745 ] -280.962417101895
[ 0.04235894 -2.23563672 -1.01347418 -4.62256888  3.5790668   3.00154075] -280.95364973412967
[ 0.04737839 -2.3304508  -0.86098546 -4.61568965  3.64597431  3.04530921] -280.96357597102684
[ 0.00909904 -2.13681369 -1.01724409 -4.60770445  3.45719888  2.91701363] -280.94608620029186
[ 0.00693985 -2.1899861  -1.04574209 -4.61286838  3.51116316  3.03049156] -280.9478309403143
[-0.01736734 -2.13288544 -0.96076516 -4.5948901   3.4205752   2.93465405] -280.9648957904711
[ 0.02742737 -2.2099489  -1.00029692 -4.61564918  3.5394439   2.98481908] -280.9445851247488
[-0.03580341 -2.15644022 -1.0963107  -4.5911023   3.4769935   2.99352809] -280.94821654914654
[-0.01741269 -2.18997179 -1.06278751 -4.59003885  3.48038749  2.90347957] -280.9379670363022
[-0.034417   -2.19864624 -1.10387596 -4.57689178  3.46466203  2.83980835] -280.93901389230393
[-0.02381291 -2.17549031 -1.10676752 -4.59737798  3.5420357   3.03892119] -280.9643098282476
[ 3.71722425e-03 -2.18473850e+00 -1.00281924e+00 -4.60253584e+00
  3.47881355e+00  2.93278419e+00] -280.9404191119553
[ 0.03805799 -2.21630407 -0.94746282 -4.61434199  3.5233884   2.92255032] -280.94552992571084
[ 0.00568744 -2.19153085 -0.96527167 -4.59306711  3.49329381  2.84960644] -280.95083911730933
[ 0.00662675 -2.19037229 -1.02562449 -4.60791806  3.50669582  2.98527028] -280.9412321199476
[ 2.70414974e-03 -2.26255613e+00 -9.96563137e-01 -4.59830225e+00
  3.56375708e+00  2.98583658e+00] -280.93654913541866
[-4.93295257e-04 -2.32542735e+00 -9.86222659e-01 -4.59360116e+00
  3.61703618e+00  3.02024806e+00] -280.9396519359075
[ 0.04338066 -2.21118999 -1.00942067 -4.62205923  3.49669005  2.92526613] -280.9444561393643
[-0.01591017 -2.19995513 -1.08504117 -4.59782582  3.4985409   2.98326829] -280.94393023129595
[-0.01972539 -2.20297904 -1.06045515 -4.5905775   3.46885106  2.9204826 ] -280.9453811319158
[ 0.01563918 -2.20820644 -1.01533648 -4.60938126  3.52179569  2.96873496] -280.93940716762074
[-0.04492585 -2.20074344 -1.05330334 -4.57994147  3.51997346  2.99452516] -280.9428876158085
[ 0.00469309 -2.21224107 -0.96710356 -4.59821343  3.5252668   2.94027529] -280.94193286350287
[ 0.05024841 -2.2152853  -0.97010813 -4.62218844  3.50559868  2.91093513] -280.9449886957196
[-0.02113228 -2.2043789  -1.03250454 -4.59050321  3.51637977  2.97362765] -280.94001747325314
[-0.00797898 -2.20116695 -1.07810823 -4.6013464   3.497343    2.97630245] -280.94386102563504
[ 1.52507114e-03 -2.20947254e+00 -9.94854730e-01 -4.59899667e+00
  3.51828585e+00  2.94928208e+00] -280.93825833452433
[-0.0116132  -2.22940247 -1.00933073 -4.58866797  3.51977732  2.9193114 ] -280.93655762466295
[-0.01381381 -2.24992426 -1.03430646 -4.58942757  3.56131417  2.96730656] -280.94011170736394
[-0.00943105 -2.23362782 -1.02643466 -4.59270463  3.54068902  2.95867597] -280.93835550482186
[ 0.0149361  -2.24003349 -1.00259787 -4.60219401  3.53185104  2.9214792 ] -280.9358883559239
[ 0.0329703  -2.25786079 -0.98764454 -4.6080394   3.53958668  2.89540497] -280.9386485021018
[-0.02206972 -2.24681498 -1.01551973 -4.5809202   3.52978691  2.91061998] -280.9353450032465
[-0.04092416 -2.26611925 -1.01561136 -4.56668967  3.53378252  2.88156249] -280.9356848120223
[-1.21237091e-03 -2.22578932e+00 -1.00078325e+00 -4.59366868e+00
  3.50725954e+00  2.90466030e+00] -280.93454306384905
[ 2.89697095e-03 -2.22187006e+00 -9.87957539e-01 -4.59415071e+00
  3.49054480e+00  2.87765247e+00] -280.93645730113064
[-0.01308098 -2.25538353 -1.03433934 -4.58560065  3.52598727  2.89918026] -280.93389538414567
[-0.020384   -2.27833902 -1.05408165 -4.57890264  3.52983799  2.87412936] -280.93367411988373
[ 0.00486635 -2.30434001 -0.96350461 -4.59084639  3.58036914  2.93519937] -280.9363216804093
[ 4.56003201e-03 -2.28988851e+00 -1.00168602e+00 -4.59294342e+00
  3.56117658e+00  2.92466353e+00] -280.9333870360783
[ 0.01264665 -2.32013153 -0.99786367 -4.59508115  3.58187621  2.92733959] -280.93557587193715
[-0.00913869 -2.26584565 -1.01616124 -4.58152286  3.51633666  2.83774733] -280.9360172269807
[-0.01596923 -2.21123031 -1.06677197 -4.58587088  3.47838043  2.85590053] -280.93652219926764
[-3.42547189e-04 -2.28106259e+00 -9.89321454e-01 -4.58960252e+00
  3.55487196e+00  2.91537466e+00] -280.9334552442719
[ 9.67852181e-04 -2.25479699e+00 -1.00516875e+00 -4.59788763e+00
  3.55525802e+00  2.97922835e+00] -280.93582347295694
[-0.02776302 -2.28553031 -1.01958908 -4.57578102  3.54754596  2.91474619] -280.9339048389362
[-0.02337173 -2.28101125 -1.02182498 -4.57271853  3.52156829  2.83550299] -280.93537683630535
[-0.01728683 -2.27445769 -1.01766092 -4.57901081  3.52999073  2.87143433] -280.9342766712231
[ 1.26013573e-03 -2.29820750e+00 -1.01218773e+00 -4.58904950e+00
  3.54710734e+00  2.89104948e+00] -280.9342174130617
[-0.01877304 -2.34337255 -1.0307257  -4.57476128  3.58291731  2.89247221] -280.9333928580836
[-3.19398172e-03 -2.31767580e+00 -1.01820296e+00 -4.58800265e+00
  3.57782832e+00  2.93271081e+00] -280.9335302701799
[-0.02322565 -2.30041543 -1.02568123 -4.57761502  3.57095203  2.92698277] -280.9339756580766
[-0.01710421 -2.29986345 -1.02230785 -4.58047364  3.56499086  2.91799945] -280.93389215957006
[ 0.00935044 -2.31787033 -1.01918614 -4.59244769  3.57632839  2.90437048] -280.9339879487117
[-0.01848466 -2.29361531 -1.01948834 -4.57994769  3.55474156  2.91215226] -280.9339363958759
[-0.0071065  -2.31663053 -1.01620586 -4.58385235  3.57204695  2.90856787] -280.9325181585547
[ 2.10874241e-03 -2.28547555e+00 -9.95503739e-01 -4.59127297e+00
  3.55802427e+00  2.92001909e+00] -280.93333277167886
[ 6.83025147e-04 -2.30378216e+00 -1.00994449e+00 -4.59047304e+00
  3.56950245e+00  2.92868717e+00] -280.9332986400626
[-0.00791198 -2.28411376 -1.02788384 -4.58592303  3.54550728  2.89939644] -280.9314629648484
[-0.00627209 -2.29487598 -1.01199694 -4.58670853  3.56308372  2.92133149] -280.93216921429274
[-0.01160149 -2.28770941 -1.01063755 -4.58436222  3.55436127  2.91970486] -280.9346082818744
[ 0.00695523 -2.30387942 -1.01043608 -4.59269556  3.56875248  2.91451701] -280.93345939465826
[ 2.31605265e-03 -2.29983692e+00 -1.01048645e+00 -4.59061223e+00
  3.56515468e+00  2.91581397e+00] -280.9329657141523
[-0.00995428 -2.30501646 -1.02232108 -4.58333729  3.5632632   2.90660848] -280.931716510014
[-0.011524   -2.31594305 -1.03744248 -4.58236252  3.56816182  2.90678271] -280.93205312034115
[-0.0141673  -2.30169008 -1.03216773 -4.58045895  3.55623677  2.89081315] -280.9339260725968
[-3.02955501e-03 -2.30325914e+00 -1.01550030e+00 -4.58796952e+00
  3.56618603e+00  2.91921867e+00] -280.93249249252125
[-0.01758219 -2.30677606 -1.03329705 -4.57943886  3.56092832  2.90482125] -280.9340334173255
[-2.65850857e-03 -2.30157170e+00 -1.01618910e+00 -4.58781888e+00
  3.56409809e+00  2.91306579e+00] -280.9322864137085
[-0.00667697 -2.28496283 -1.02757205 -4.5875209   3.55138644  2.91356666] -280.93160666296916
[-0.01196972 -2.29223546 -1.03230153 -4.5832542   3.55231416  2.90103186] -280.93118842867483
[-0.01643981 -2.28672362 -1.04070214 -4.58089655  3.54537822  2.89193846] -280.93346002343316
[-0.01544451 -2.29081081 -1.03698354 -4.58188328  3.55047412  2.90317343] -280.93361614903375
[-0.00585501 -2.29888148 -1.02138771 -4.58633498  3.5606921   2.9105927 ] -280.9318771740866
[-0.0116919  -2.2988417  -1.04430596 -4.58286911  3.55069128  2.89132813] -280.93154643085757
[-0.00649596 -2.27207418 -1.02114824 -4.58738399  3.53978966  2.90072538] -280.93162420009145
[-0.0123786  -2.28019999 -1.03712319 -4.5837612   3.54029191  2.89362628] -280.93382870372943
[-0.00748591 -2.29421111 -1.02532158 -4.58569154  3.55559205  2.90635109] -280.93156946271324
[-0.00745653 -2.27046323 -1.03718998 -4.58754363  3.53516375  2.8975247 ] -280.9313699629869
[-0.01123505 -2.30286852 -1.04371007 -4.58355015  3.55709532  2.90234092] -280.9316261114295
[-0.00768073 -2.27977276 -1.0267887  -4.58642553  3.54411608  2.90112926] -280.9314318107526
[-0.01138862 -2.28824984 -1.03702514 -4.58304811  3.5430751   2.88535384] -280.9313639483148
[-0.01188059 -2.27701448 -1.0431768  -4.58399634  3.53469717  2.88557032] -280.933851121358
[-0.00858458 -2.28991195 -1.02978538 -4.58526774  3.55036833  2.9011559 ] -280.931495935548
[-0.00663882 -2.2694073  -1.01935223 -4.5876183   3.53949029  2.90386921] -280.93171429378793
[-0.01042863 -2.2914831  -1.03806753 -4.58405641  3.54789103  2.8944634 ] -280.9313237512239
[-0.01036083 -2.27886077 -1.03663352 -4.5848159   3.53898747  2.8918106 ] -280.93118906708685
[-0.01184971 -2.28290796 -1.04145163 -4.58379157  3.54167525  2.89104145] -280.93380794951133
[-0.00889642 -2.28381231 -1.03127578 -4.58539016  3.54454927  2.89730769] -280.93141979132963
[-0.01248619 -2.28859547 -1.04404246 -4.58294395  3.54321085  2.88803477] -280.93383558634287
[-0.00888209 -2.28197844 -1.03110214 -4.58555513  3.54388977  2.89785564] -280.931286667239
[-0.01126573 -2.28394463 -1.0394975  -4.5840343   3.54255782  2.89203899] -280.931209998649
[-0.01397535 -2.30178752 -1.03435247 -4.58071106  3.55440803  2.8899934 ] -280.9340120585305
[-0.00908624 -2.2782943  -1.0364806  -4.58583549  3.53997482  2.89564188] -280.9312476730501
[-0.00927579 -2.28068239 -1.03433579 -4.5861357   3.54546326  2.90559362] -280.9312631664275
[-0.0098515  -2.2738489  -1.0320495  -4.5858205   3.53983807  2.90019413] -280.9326285261867
[-0.01028435 -2.28707455 -1.03656302 -4.58449743  3.54587779  2.89589608] -280.9313326498797
[-0.01116528 -2.28554811 -1.03446752 -4.58403505  3.54565081  2.89642123] -280.93123562774656
[-0.01161773 -2.28809005 -1.03589951 -4.58364425  3.54743599  2.89653542] -280.93120015952115
[-0.01052798 -2.28526488 -1.03439107 -4.58454485  3.54614449  2.89833687] -280.93124141096627
[-0.01062276 -2.28645893 -1.03331866 -4.58469495  3.54888871  2.90331274] -280.9312620141795
[-0.01042591 -2.28710695 -1.03170183 -4.58440467  3.54810196  2.89944375] -280.93129557583694
[-0.01119918 -2.29185928 -1.03518453 -4.58365531  3.55010259  2.89774763] -280.9312015487884
[-0.01194164 -2.28937862 -1.03681911 -4.5835382   3.54874362  2.8983515 ] -280.9311177266397
[-0.0126995  -2.29051445 -1.03937774 -4.58310497  3.54906445  2.89780538] -280.9336928328075
[-0.01218442 -2.29099987 -1.03636909 -4.58286234  3.54790851  2.89282877] -280.93197687175115
[-0.01101317 -2.28759416 -1.03408127 -4.5842368   3.54864366  2.90069174] -280.9312285638731
[-0.01244093 -2.29297035 -1.03519342 -4.58290976  3.55148579  2.89858959] -280.9316010649534
[-0.01100622 -2.28719125 -1.03459166 -4.58413608  3.54747981  2.89840005] -280.93123829827135
[-0.01196269 -2.29104398 -1.03499283 -4.58331853  3.55015046  2.89852641] -280.9311358692878
[-0.01206943 -2.29451907 -1.03529207 -4.58318071  3.55347935  2.90120696] -280.9311839625894
[-0.01257362 -2.29478132 -1.03608192 -4.58262694  3.5520984   2.89710818] -280.9311641308881
[-0.01284577 -2.29149022 -1.0352778  -4.58286564  3.55130473  2.89983915] -280.9337279538424
[-0.01161083 -2.29176702 -1.03520784 -4.58345789  3.55040313  2.89827051] -280.93115921440176
[-0.01242492 -2.29648511 -1.03433226 -4.58281457  3.55496038  2.90162972] -280.9311836091668
[-0.01222465 -2.29375625 -1.03860715 -4.58305808  3.55096429  2.89733257] -280.9312008237881
[-0.01203346 -2.29261566 -1.03387793 -4.58320517  3.55197669  2.90010704] -280.93117629195615
[-0.01211295 -2.29083816 -1.03514523 -4.58313973  3.54929821  2.89679083] -280.93379394723536
[-0.01208031 -2.29359884 -1.03525536 -4.58317047  3.55243406  2.90010293] -280.93117382077645
[-0.0116426  -2.28791004 -1.03641274 -4.58362449  3.54697507  2.89585914] -280.93120221367246
[-0.01222934 -2.29434134 -1.03485238 -4.58301705  3.55296405  2.90018707] -280.93116750835503
[-0.01209935 -2.29235472 -1.03719188 -4.58317119  3.55028788  2.8974085 ] -280.93115091409953
[-0.01205884 -2.29095682 -1.03645996 -4.58320614  3.54911512  2.89651447] -280.9311722284113
[-0.01206421 -2.29161733 -1.03615881 -4.58319722  3.54994485  2.89741158] -280.9311520010512
[-0.01185478 -2.28930632 -1.03729842 -4.5834196   3.54757873  2.89550516] -280.9311416177734
[-0.01127088 -2.28704134 -1.03647438 -4.58407394  3.54693783  2.8980497 ] -280.9312358832994
[-0.01224794 -2.29284633 -1.03618004 -4.58298869  3.55080825  2.89734356] -280.93117353273186
[-0.01195217 -2.2902113  -1.03590597 -4.58342837  3.54944704  2.89843896] -280.9311142191884
[-0.01189821 -2.28934247 -1.03705876 -4.5834789   3.54816117  2.89692833] -280.9311095735529
[-0.0120205  -2.29086667 -1.03700549 -4.5833547   3.54951575  2.89788   ] -280.93114789886346
[-0.01200293 -2.29049797 -1.03648896 -4.58336771  3.54934424  2.89788154] -280.93115169594006
[-0.01177623 -2.29057282 -1.03601348 -4.58349805  3.54957337  2.898311  ] -280.9311223125931
[-0.01225763 -2.29207997 -1.03645051 -4.58308257  3.55042101  2.89772984] -280.9311187859241
[-0.01194587 -2.29031931 -1.03659548 -4.58342589  3.54927642  2.89799834] -280.9311536162662
[-0.01198866 -2.29045331 -1.03651559 -4.58338225  3.54932728  2.89791074] -280.9311318983015
[-0.01191768 -2.28981283 -1.03591565 -4.58344809  3.54904208  2.89801012] -280.93113512737534
[-0.01194339 -2.29007629 -1.03618811 -4.58342474  3.5491605   2.89797759] -280.9311090540782
[-0.01193443 -2.29010051 -1.03629639 -4.58343469  3.54917496  2.89800167] -280.9311258421195
[-0.01194799 -2.29018871 -1.03635119 -4.58342158  3.54921304  2.89797894] -280.93113568490753
[-0.0119208  -2.28970938 -1.03662344 -4.58345182  3.54866084  2.89745296] -280.93113428468376
[-0.01194778 -2.29014379 -1.03604704 -4.58342655  3.54930377  2.89820827] -280.9311335605497
[-0.01194251 -2.28972745 -1.03650361 -4.58348147  3.54895206  2.89816455] -280.93109659614476
[-0.01210051 -2.29107813 -1.03631931 -4.58325366  3.54979075  2.89785372] -280.9311430461312
[-0.01185981 -2.29032455 -1.03610079 -4.58346139  3.54936694  2.8981443 ] -280.9311263352992
[-0.01196602 -2.2902648  -1.03635185 -4.5834035   3.54924389  2.89794417] -280.931142084247
[-0.01175959 -2.28900396 -1.03628563 -4.5836295   3.54843858  2.89811023] -280.9311053366588
[-0.01182527 -2.28939701 -1.03623102 -4.583555    3.548717    2.89807513] -280.9311420231253
[-0.01186046 -2.28961396 -1.03626123 -4.58351712  3.54884872  2.89804239] -280.9311181175233
[-0.01185038 -2.28992062 -1.0358387  -4.58352844  3.54936268  2.89876282] -280.93110405202367
[-0.01179094 -2.28941182 -1.03634565 -4.58358767  3.54873939  2.89819235] -280.93112116034024
[-0.01185595 -2.28892681 -1.03637352 -4.58359492  3.54846704  2.89827234] -280.9311199507664
[-0.01194649 -2.28967788 -1.03613795 -4.58347106  3.5490038   2.89825096] -280.9311087188062
[-0.01191166 -2.29041324 -1.03603156 -4.58342252  3.54945507  2.89816383] -280.9311394217312
[-0.01186987 -2.28929842 -1.03628803 -4.58355182  3.54871405  2.89824522] -280.931113901472
[-0.01191029 -2.28962092 -1.03615278 -4.58351189  3.5490285   2.89846139] -280.93111318249527
[-0.01191434 -2.29004395 -1.0360809  -4.58346388  3.54926799  2.89833063] -280.9311257849766
[-0.01188099 -2.2894848  -1.03623624 -4.58352984  3.54885254  2.89826657] -280.93109489474165
[-0.01186416 -2.28967608 -1.03624397 -4.58350979  3.54889489  2.89804951] -280.93111080466315
[-0.01187569 -2.28966229 -1.03622117 -4.58351032  3.54892829  2.89815248] -280.9311046941351
[-0.0118085  -2.28908272 -1.03621966 -4.58362547  3.54868548  2.89859161] -280.9311124475403
[-0.01190966 -2.28982789 -1.036196   -4.58347492  3.54904174  2.8981311 ] -280.9311362759771
[-0.01191175 -2.28960613 -1.03636993 -4.58350565  3.5489023   2.89821556] -280.9311018189658
[-0.01186569 -2.28970271 -1.03603747 -4.58352914  3.54910761  2.89851469] -280.9311293579761
[-0.01187834 -2.28957355 -1.03622871 -4.58352008  3.54889041  2.89820953] -280.93111460825935
[-0.01182029 -2.28924438 -1.03626094 -4.58357967  3.54864556  2.8981884 ] -280.9311048250078
[-0.01191374 -2.28958134 -1.0361871  -4.58350045  3.54892817  2.89825876] -280.93110133380617
[-0.01191219 -2.28978054 -1.03621218 -4.58347729  3.54900652  2.89812208] -280.9311155184564
[-0.01190675 -2.28938754 -1.03646089 -4.58350852  3.54863422  2.89790561] -280.9310968492004
[-0.01185843 -2.2891787  -1.03636909 -4.58357078  3.54861121  2.89822606] -280.9311078886984
[-0.01188564 -2.28925408 -1.03639935 -4.58354489  3.54863425  2.89814413] -280.9311204115314
[-0.01188017 -2.28949368 -1.03627137 -4.58352628  3.54882637  2.89819318] -280.9311201425547
[-0.01189387 -2.28943617 -1.03634857 -4.58351918  3.54874338  2.89808609] -280.931084235945
[-0.01189737 -2.28953307 -1.03621167 -4.58351514  3.54889035  2.89826267] -280.93112314101694
[-0.01189637 -2.28954547 -1.03630309 -4.58351775  3.54887742  2.89824106] -280.93111460978696
[-0.01185064 -2.28936459 -1.03624859 -4.58355475  3.54874905  2.89822748] -280.93110568776643
[-0.01186971 -2.28933175 -1.03630267 -4.58355031  3.54873187  2.89824631] -280.9311089778152
[-0.01187967 -2.28952917 -1.03623248 -4.58352496  3.54887147  2.89823805] -280.93111400797267
[-0.01185972 -2.28936425 -1.03634554 -4.58355045  3.54871822  2.89817252] -280.9311262976697
[-0.01188795 -2.28949087 -1.03624514 -4.58352397  3.54884732  2.89824013] -280.9311091839119
[-0.01185791 -2.28933365 -1.03623481 -4.58354992  3.54872113  2.89819381] -280.93109181948347
[-0.01186736 -2.28928477 -1.0363062  -4.58355103  3.54867695  2.89818209] -280.93111748121345
[-0.01187659 -2.28946807 -1.03625091 -4.58353148  3.54882284  2.89822406] -280.9311085328796
[-0.01185528 -2.28931548 -1.03629546 -4.58355452  3.54869295  2.89817465] -280.93111057023884
[-0.01187979 -2.28944702 -1.03625772 -4.58353161  3.54880873  2.89822376] -280.93112835195257
[-0.01187589 -2.28938491 -1.03629169 -4.58353455  3.54873225  2.89813995] -280.9311124971333
[-0.01188743 -2.28946049 -1.03629241 -4.58352451  3.54879796  2.89817633] -280.9310941181382
[-0.01187226 -2.28940038 -1.03629858 -4.58353697  3.54874621  2.89815679] -280.93113074773044
[-0.01188523 -2.28945212 -1.03629974 -4.58352533  3.54878311  2.89815507] -280.931126814046
[-0.01188179 -2.28938396 -1.03632562 -4.58353474  3.54873763  2.8981662 ] -280.9311101442619
[-0.01189091 -2.28946352 -1.03629685 -4.58352157  3.54879535  2.89816311] -280.9311217654104
