[-0.22923623  0.61203246  0.1321899  -0.16023265  0.38590737 -1.73906945] -264.3377567379581
[ 0.89495939 -0.35239958  0.72947037 -0.73073822  1.23917773  0.36463355] -261.1314399836659
[-1.00735163  0.04969684 -0.57970572  1.25464174 -1.60551498 -0.34400476] -287.5751561710419
[-0.44338637  0.47814417 -0.72639105 -0.20458129 -1.12363176  0.03504   ] -266.47108638942336
[ 0.8376097  -1.66590608 -1.55867498 -0.18572934 -0.48386532  0.77565645] -248.09050525089418
[-0.20304    -1.01749257 -0.67226463 -0.18369704 -1.84806341 -0.32664392] -269.141545441951
[-1.4444673   1.64272611 -0.23292273 -0.69027033  2.50763663 -0.09834671] -324.07173748235175
[ 1.39431892 -2.27470104 -0.65886931  0.62015806 -3.65296676 -0.31311601] -298.3042075713677
[ 0.68462236 -1.29534425 -0.55238267  0.29255096 -2.11281591 -0.25942368] -264.3230388815967
[ 1.52119458 -1.13001879 -0.30297863 -1.64545093  0.29108454 -0.03926426] -246.68224716215477
[ 2.78546768 -1.71987661 -0.16461509 -3.09549726  1.23938431  0.11310598] -261.3162521962437
[ 1.29162781 -0.10033812 -0.08732439 -0.69436345  1.24668229  0.03916812] -259.6004647314884
[ 2.11031224 -1.78880229  0.17982425 -0.83673991  1.31235533 -0.32113975] -256.1204760366322
[ 2.67601159 -2.72296883 -0.66287858 -1.10659098  0.11163219  1.92561293] -249.77866246393114
[ 2.4259494  -1.29146698 -0.01513799 -2.02575524  3.35183817  1.17431269] -324.51705044699736
[ 1.11995412 -1.29437493 -0.4180715  -0.28702559 -0.74665239  0.09901041] -245.4468468037667
[ 2.29061063 -2.54840343 -1.67950498 -0.85456185 -0.66209884  0.46171442] -246.7200975226626
[ 2.22693648 -3.61648666 -1.39343709 -0.94433609 -1.30586379  0.92802861] -252.38556085059776
[ 1.44712679 -2.53725062 -2.18500617 -0.83782502 -2.24427654  1.70472594] -265.2994319187904
[ 1.94451588 -1.97591437 -0.41138336 -0.83701119  0.42319737  0.18532667] -246.2073430955239
[ 1.23636235 -0.16270881 -0.28439359 -0.69445387  0.95029631  0.20799026] -255.60520192679948
[ 1.97929295 -2.7530422  -1.11617621 -0.88186554 -0.74182377  0.74801902] -245.7090588893522
[ 0.55504769 -1.06625111 -1.1660513  -0.4572905  -0.75168499 -1.18212536] -251.57876992084982
[ 2.14577062 -2.3087894  -0.78867176 -0.94426586 -0.10419711  1.14867836] -245.25067370690482
[ 2.82950322 -2.3376083  -0.01358717 -1.63099764 -0.02963141  0.09217175] -246.13037253582033
[ 1.55613316 -1.3848459   0.66254877 -1.22097706  0.35942459  0.2829329 ] -245.73657644527972
[ 2.33719541 -2.88817291 -0.39213511 -0.2885967  -0.57097878  0.89131063] -242.29817706197028
[ 2.74519582 -3.76724996 -0.43671335  0.38983042 -1.00201045  1.35659808] -244.25667528652556
[ 2.04476728 -2.34636351 -0.2773143  -0.91423161 -1.03448366  0.90204769] -244.74008475958485
[ 0.89820129 -1.98758798 -0.76301954  0.11867686 -0.91660562  1.26516125] -247.74543397373935
[ 2.34667774 -2.25010322 -0.20094526 -1.19357902 -0.25137497  0.38541913] -243.48008007194053
[ 2.43508621 -3.22876949 -1.72698682 -0.28221104 -1.50926148  1.10856218] -251.1563878835312
[ 1.77587142 -1.8458268   0.06516487 -0.98628556 -0.10774693  0.48934022] -243.04123720814277
[ 1.94411925 -1.55816805  0.44551852 -0.65612924 -0.19665418  0.55724979] -241.66428890173268
[ 1.9265324  -0.96073098  1.22636589 -0.54326109  0.07593062  0.46186518] -242.94266122451893
[ 3.07817978 -3.10476636  0.03527715 -1.37400374 -0.00849282  1.35900486] -248.76392725793914
[ 1.60951054 -1.74697279 -0.30473434 -0.55877013 -0.5621125   0.41400902] -242.72642684211365
[ 1.87360993 -1.90307969  0.56718989 -0.58826489 -0.80358656  0.06444714] -242.0920783314528
[ 1.91756081 -1.71774431  0.33733383 -0.50964357  0.20366568  0.03187762] -242.93054209929065
[ 1.47261138 -1.63655163  0.44039115 -0.00231767 -0.42776279  0.43065902] -242.43014273161342
[ 1.94233102 -1.97106967  0.29935645  0.11837816 -0.67806278  0.30717752] -240.81911172458965
[ 2.02556081 -2.0336911   0.41645224  0.67071002 -0.96322071  0.21609617] -242.09352230710078
[ 1.80889836 -2.18359393  0.01452836 -0.14892325 -1.28338488  0.85640675] -244.7379600691266
[ 1.8903952  -1.83420672  0.25663246 -0.41946349 -0.16809696  0.2380099 ] -241.41909715660347
[ 2.21057686 -2.18344343  0.84371879 -0.05336115 -0.38626819  0.41560898] -239.77893555568767
[ 2.51111002 -2.40167876  1.41794536  0.19934334 -0.29834603  0.41640895] -239.13070971126672
[ 2.69364222 -2.54890697  0.42444471 -0.54259326 -0.47747898  0.39420897] -240.8728928799089
[ 1.9478738  -1.18419704  1.52916424 -0.34097976 -0.30309638 -0.23214321] -241.21418946913874
[ 2.43621391 -1.92966271  0.89049735  0.0411168   0.09634146  0.49585684] -240.71911726316932
[ 2.52973614 -2.3984059   1.160495    0.3413965  -0.41292571 -0.01741013] -238.838547973941
[ 2.82254459 -2.81852482  1.51798323  0.84015937 -0.52106148 -0.30474009] -238.98948800301588
[ 2.79657384 -2.31043363  1.65066857  0.35835075 -0.52309252  0.21668974] -238.5820006971487
[ 3.24966315 -2.54854708  2.34768662  0.74725787 -0.7005903   0.20602966] -239.1808216670034
[ 3.02199524 -3.3358555   0.41863824  0.51297719 -0.46142514  0.83645384] -240.37582141313217
[ 2.38567783 -2.23346175  1.52142228  1.06644751 -0.28169126  0.35751662] -239.6048755961077
[ 3.28477131 -2.89876308  2.05386582  0.7214992   0.05101638  0.46132777] -239.2756432597784
[ 3.07374088 -3.2632035   1.8505144   1.0255547  -0.73849622  0.26113876] -239.81858427450393
[ 2.50520809 -1.83279337  2.79966557  0.72455348 -0.27308665 -0.27122993] -240.77336670341325
[ 2.89279846 -2.96008997  1.01389507  0.56587126 -0.41434052  0.55953289] -238.93288144334852
[ 2.39314831 -1.80440753  1.0889163   0.05874816  0.11203634  0.40354986] -240.70153407105963
[ 2.90359274 -2.8985045   1.66011487  0.78385306 -0.52586308  0.29674153] -238.77226714736136
[ 3.25384967 -3.05583019  1.46423928 -0.0763428  -0.42615923  0.28691363] -240.0055530614892
[ 2.60272079 -2.43905386  1.50712653  0.78074993 -0.31780826  0.33986587] -238.74138947485977
[ 2.12740602 -2.23729246  0.74954931  0.28835575 -0.88180842  0.14261519] -240.93101361820436
[ 2.99542999 -2.73339542  1.72778669  0.61321334 -0.18218982  0.38164962] -238.5997162033431
[ 3.0625073  -2.844949    1.48875022  0.94846828 -0.49372727  0.17594756] -238.52804782415546
[ 3.33820594 -3.06658413  1.52415265  1.32303075 -0.59141789  0.05571686] -239.3617624426105
[ 2.73738847 -2.24815747  2.05108556  0.70947269 -0.40419504 -0.09503816] -238.85084725078082
[ 2.77624097 -2.4261406   1.79178794  0.67357233 -0.40673141  0.0686046 ] -238.55012710307128
[ 3.18261907 -2.81908644  2.11491661  1.04467273 -0.40354507  0.51057644] -238.5497564811569
[ 2.90177124 -2.29251515  1.76689731  0.68915606 -0.24983503  0.26770308] -238.27927414770164
[ 2.90086049 -1.98952047  1.82028853  0.64180755 -0.111821    0.25318385] -238.4519718903928
[ 3.30232668 -2.70311955  2.00647592  0.6617279  -0.43523212  0.20052447] -238.36052515359478
[ 3.01191638 -2.39868603  1.87871216  0.84543601 -0.65519798  0.09836568] -238.916864799623
[ 2.99955158 -2.64971808  1.76551806  0.67126901 -0.30044186  0.31082864] -238.33843593817807
[ 3.27843178 -2.93474265  1.99411345  1.20460468 -0.2400784   0.29470519] -238.3844225259481
[ 3.46616158 -2.98856969  1.92043592  1.06639388 -0.30088851  0.51815719] -238.41482503465528
[ 3.15429765 -2.65211827  1.53248035  0.70253387 -0.26985599  0.07871227] -238.17237951429888
[ 3.14013695 -2.56863418  1.24126222  0.53146444 -0.20301145 -0.13721982] -238.3946140155272
[ 3.3050062  -2.56197879  2.17322345  0.71676019 -0.10505003  0.38092939] -238.48265630042206
[ 3.24438148 -2.63272134  2.00210514  0.77468721 -0.20221934  0.32968393] -238.2567276664116
[ 2.82742523 -2.29974198  1.76876082  0.50159903 -0.26499907 -0.02410467] -238.41847633241807
[ 3.30647749 -2.81636277  1.88251715  0.92519517 -0.29191615  0.38259173] -238.23845332851755
[ 3.0245036  -2.31410907  1.65788453  0.27025172 -0.34308843  0.22864285] -238.38253866245262
[ 3.08798564 -2.46926746  1.74194176  0.50383996 -0.31733592  0.24515843] -238.23470867703475
[ 2.92916169 -2.46778147  1.55734401  0.7604992  -0.10863598  0.33770155] -238.4222120229923
[ 3.20903543 -2.64428503  1.89419294  0.68642072 -0.35358308  0.23481874] -238.22132969275677
[ 3.30176473 -2.51937193  1.84119349  0.75600866 -0.26113998  0.20206076] -238.0402053148436
[ 3.4528713  -2.45419886  1.8790312   0.79837848 -0.24148903  0.14767682] -237.97479954520117
[ 3.58324509 -2.93046943  1.8771922   0.77452908 -0.30896481  0.20517756] -238.52441327130995
[ 3.0721397  -2.45200372  1.79447103  0.71049931 -0.26461747  0.2520717 ] -238.13613281017504
[ 3.18322093 -2.53002402  1.572773    0.66760196 -0.37737988  0.11732597] -238.09931564903943
[ 3.0800394  -2.25093635  1.58911295  0.4312296  -0.31617098 -0.02400375] -238.13492004811667
[ 3.29588249 -2.52525462  1.6787454   0.82838136 -0.29036289  0.02370881] -237.98814783015598
[ 3.20378173 -2.31056025  1.45467838  0.69312081 -0.23304233 -0.03632147] -237.94937569105315
[ 3.20115488 -2.14369785  1.23492109  0.69647085 -0.17277196 -0.17189158] -237.9766875143862
[ 3.2750142  -2.18887434  1.79045697  0.67386997 -0.3044982   0.08144042] -237.89961863847313
[ 3.33537247 -1.95725238  1.91944528  0.65953802 -0.32181931  0.0828045 ] -237.89140072569654
[ 3.4449164  -2.22407177  1.57012437  0.64891743 -0.328804   -0.14834141] -237.9836717786455
[ 3.55864238 -2.41618428  1.76915293  1.00074975 -0.2814615   0.08628816] -237.91784223723135
[ 3.58060133 -2.09915003  1.85095285  0.87542665 -0.18827981 -0.06538749] -237.8188400830532
[ 3.77929153 -1.88371303  1.99004278  0.979339   -0.09372978 -0.15674422] -237.90539678174662
[ 3.56284604e+00 -1.96188457e+00  1.80238294e+00  7.30329022e-01
 -2.41269109e-01 -1.46911109e-03] -237.82431195264732
[ 3.45312202 -2.17567168  1.98842349  0.93693015 -0.1736497   0.21953854] -237.84198764083766
[ 3.44525069 -1.8527022   1.71598075  0.83365298 -0.23835156 -0.05252578] -237.7606896916016
[ 3.44144038 -1.55195387  1.63445553  0.85129023 -0.23678282 -0.15262707] -237.85291012720597
[ 3.77482991 -1.84372146  2.22743437  0.98575472 -0.248568    0.12607108] -237.9970413379746
[ 3.34654378 -2.19385055  1.64786737  0.76627928 -0.23692375  0.00427667] -237.82411333728754
[ 3.34926973 -1.66398619  1.8725313   0.59996895 -0.18530291 -0.02387571] -237.93213371621235
[ 3.50629922 -2.22813475  1.79499752  0.90055455 -0.25742186  0.05874719] -237.81627060832326
[ 3.62951522 -2.21321221  1.68075636  1.02151953 -0.12347928 -0.02841117] -237.82647341550035
[ 3.57056341 -2.00730643  1.50922244  0.77232386 -0.25492542 -0.2477951 ] -237.92093091985308
[ 3.48248236 -2.13358036  1.86862323  0.89577858 -0.19396863  0.10270513] -237.78388636929145
[ 3.34515925 -1.94322194  1.87951186  0.64582083 -0.32859229  0.04386003] -237.88361315976232
[ 3.55842623 -2.14571465  1.73044524  0.92759485 -0.17475753 -0.01034337] -237.78374891454942
[ 3.41035516 -2.25582628  1.73390605  1.00276661 -0.18863194  0.01395989] -237.79736404133646
[ 3.64792789 -2.04451887  1.91710117  1.04564546 -0.17688003  0.01144186] -237.80522994363298
[ 3.43631252 -2.12100901  1.73606514  0.99323769 -0.22172403  0.1067158 ] -237.7549428434222
[ 3.36416811 -2.13193851  1.67862128  1.05214321 -0.23844614  0.19276745] -237.782354847334
[ 3.48728573e+00 -1.95631570e+00  1.77237634e+00  9.99004175e-01
 -1.40682719e-01 -1.42934116e-03] -237.74249959090008
[ 3.47777899 -1.82040618  1.76106574  1.04822899 -0.08231315 -0.03151761] -237.76937230858334
[ 3.29210968 -2.11053053  1.60203107  0.83836617 -0.20915878  0.04158559] -237.78318181345867
[ 3.49026724 -1.85079121  1.74126787  0.82644487 -0.20424915  0.04827612] -237.73952471009898
[ 3.53022329 -1.64827367  1.74494878  0.738284   -0.21205775  0.06543423] -237.7864591022092
[ 3.420735   -1.87877407  1.56409891  0.91032167 -0.20233929 -0.05861212] -237.7381538993572
[ 3.38986131 -1.75137092  1.41183674  0.91759322 -0.20652462 -0.13927074] -237.78892733918636
[ 3.29889406 -1.7776596   1.64682812  0.87274767 -0.23074431  0.03834679] -237.78406636865012
[ 3.49354319e+00 -2.05370088e+00  1.70954096e+00  9.13883058e-01
 -1.88754228e-01  1.82917324e-03] -237.74494882089513
[ 3.63235511 -1.7939005   1.81107891  0.98714865 -0.18954155 -0.0268343 ] -237.78538068607457
[ 3.37717103 -2.03137302  1.65429303  0.87556179 -0.20425447  0.02448062] -237.74495042731638
[ 3.45652088 -2.11128577  1.67656666  1.00583144 -0.14898307  0.09294586] -237.7377475431501
[ 3.46215598 -2.24057755  1.65685961  1.09192067 -0.10429883  0.16568168] -237.78407048624845
[ 3.47219517 -1.83973787  1.63664945  0.85044464 -0.14136361 -0.0708857 ] -237.75324790383002
[ 3.46322451 -1.91005566  1.66150337  0.88614291 -0.16145371 -0.02648533] -237.7354562980965
[ 3.56002115 -1.88893474  1.720825    0.97164758 -0.14456625 -0.00563916] -237.73370773019363
[ 3.6514462  -1.8177156   1.75409098  1.01969048 -0.11472215 -0.02069905] -237.76174319001564
[ 3.46580832 -1.81168483  1.66933842  0.95258116 -0.14533717  0.01452284] -237.72644931993446
[ 3.45194088 -1.6906768   1.64923716  0.97193021 -0.12362864  0.02086967] -237.75188001861827
[ 3.46490663 -1.86085972  1.57215707  0.8519857  -0.19496016  0.02309874] -237.72604968649776
[ 3.45371709 -1.81313173  1.47204744  0.77847647 -0.22209889  0.03536279] -237.74748530979565
[ 3.45347159 -1.96974039  1.54689528  1.03305861 -0.12829741 -0.03499917] -237.73420878466865
[ 3.53391603 -1.97207963  1.7183297   0.99009413 -0.10552664  0.07976005] -237.73263960606667
[ 3.52392853 -1.69316589  1.61978295  0.88933859 -0.14439738 -0.0761932 ] -237.75762866927167
[ 3.47337279 -2.0067558   1.66237073  0.97670823 -0.14783665  0.05066109] -237.72195051426587
[ 3.52060766 -1.92662938  1.63513536  1.03921557 -0.12738771  0.06895346] -237.71436615326223
[ 3.54929923 -1.93491624  1.62195136  1.11575189 -0.11035471  0.11667285] -237.72308791999507
[ 3.55273927 -1.85257431  1.77915682  0.89435217 -0.16024079  0.11211818] -237.73512853294486
[ 3.47828851e+00 -1.94044887e+00  1.60496066e+00  9.98382005e-01
 -1.36283254e-01  1.78016480e-03] -237.72118979772114
[ 3.4189455  -1.95055133  1.56660565  0.96467468 -0.14121094  0.08523128] -237.71959875420012
[ 3.40672711e+00 -1.86023035e+00  1.51852627e+00  9.37754985e-01
 -1.92145327e-01  1.65581002e-03] -237.72664693192883
[ 3.43852434 -1.88819267  1.56847713  0.95083977 -0.17049065  0.02118187] -237.7173707023664
[ 3.46574016 -2.04612776  1.53389711  0.97468749 -0.16071929  0.0691127 ] -237.72470554262608
[ 3.46691968 -2.05870888  1.61832514  1.11618354 -0.09968267  0.07587477] -237.74156308667892
[ 3.4654099  -1.91032201  1.58369909  0.91803516 -0.17114079  0.03629275] -237.71653095681418
[ 3.46597607 -1.82817226  1.67318576  0.97459765 -0.13739738  0.01892084] -237.72670758877882
[ 3.46579914 -1.99163888  1.56871927  0.97466503 -0.15488881  0.05656473] -237.71642550599674
[ 3.45581889 -1.86250525  1.51349499  0.97189584 -0.15263074  0.03934032] -237.71645282937814
[ 3.4434133  -1.90283097  1.5404165   0.94139335 -0.1696333   0.1007413 ] -237.70922309762068
[ 3.42597569 -1.88402202  1.50814442  0.91289902 -0.18630832  0.15022187] -237.71042964744566
[ 3.51091224 -1.87682172  1.5700418   0.96734023 -0.17417973  0.0224602 ] -237.7165301372203
[ 3.5154627  -1.93539007  1.56869188  0.98667529 -0.14612971  0.08693572] -237.71099428799678
[ 3.50526141 -1.92161675  1.54846751  1.04235994 -0.13714254  0.08870583] -237.71180438573026
[ 3.45787546 -1.97004871  1.55493337  1.01806144 -0.12175788  0.12462025] -237.7177384816012
[ 3.49765304 -1.90012847  1.56626469  0.98002053 -0.16107426  0.04800022] -237.71093447822304
[ 3.52691353 -1.99690626  1.62907008  1.01621405 -0.14612137  0.11062676] -237.71397799030834
[ 3.53730474 -1.86952842  1.59396273  1.02729454 -0.14094082  0.11142303] -237.70898349110797
[ 3.57305755 -1.80847318  1.60658446  1.0536093  -0.13396682  0.13885218] -237.71952030871296
[ 3.48806192 -1.91550427  1.51382244  0.95877033 -0.17295962  0.11319083] -237.70820106620496
[ 3.47178905 -1.90994171  1.45316598  0.91854772 -0.19574557  0.13530952] -237.7162217186207
[ 3.46880551 -1.81809339  1.48147183  0.96262394 -0.16317204  0.07237221] -237.71435179073706
[ 3.51238652 -1.95220304  1.59217052  1.00281653 -0.15038404  0.10106313] -237.7090031706342
[ 3.49283267 -1.90357833  1.57664208  0.92329692 -0.17656471  0.09841225] -237.70825189650665
[ 3.47508803 -1.87920109  1.55906778  0.95785545 -0.17772254  0.10400786] -237.706363926529
[ 3.45490069 -1.8511066   1.55425573  0.94344553 -0.19351896  0.11254394] -237.70782384150215
[ 3.48537602 -1.9074869   1.55909599  0.95712184 -0.16832741  0.16161259] -237.7036735597158
[ 3.4792375  -1.91116612  1.55551164  0.9456725  -0.17195398  0.21841877] -237.70663594718462
[ 3.55360333 -1.90633638  1.59117068  1.00099186 -0.15933308  0.12916192] -237.709495314081
[ 3.47096081 -1.90370732  1.55310505  0.95629297 -0.16705824  0.10784646] -237.7053673287015
[ 3.47082154 -1.84079907  1.52639483  0.92406083 -0.18414041  0.13110121] -237.70607385536113
[ 3.42374225 -1.91389725  1.50207999  0.86517157 -0.20798349  0.1273007 ] -237.7171708890807
[ 3.50891412 -1.88062062  1.57099205  0.9867638  -0.15770149  0.11539245] -237.7047859476794
[ 3.47357481 -1.87219476  1.5175173   0.99032482 -0.16607186  0.14597155] -237.704839540792
[ 3.47351652 -1.84583233  1.58156856  0.96536957 -0.16738103  0.14211988] -237.70400126724604
[ 3.48596657 -1.87101258  1.54382348  0.96878916 -0.15917094  0.16400685] -237.70405716722232
[ 3.49528141 -1.91948577  1.58230598  1.01749323 -0.14442992  0.14788204] -237.70519641703967
[ 3.50324901 -1.861837    1.56532941  1.00566117 -0.15396931  0.18448199] -237.70403021796278
[ 3.48158427 -1.82684229  1.53046962  0.94051689 -0.17977743  0.15664639] -237.7047667922368
[ 3.50596069 -1.85901581  1.59957574  0.95108266 -0.16270401  0.16211516] -237.70421735417824
[ 3.46963691 -1.84338835  1.55562889  0.94274996 -0.17274189  0.2082685 ] -237.70546230118129
[ 3.49909482 -1.87131255  1.56715126  0.97576034 -0.16146159  0.13861146] -237.7033188998225
[ 3.50280361 -1.9119901   1.60837852  1.00074469 -0.14456067  0.16100292] -237.70495695992582
[ 3.4868891  -1.84812924  1.54994685  0.95557384 -0.17097324  0.15773552] -237.70344823297035
[ 3.47206999 -1.87618772  1.52272945  0.99167598 -0.1643905   0.15407427] -237.70440403704407
[ 3.49748802 -1.86330879  1.58036416  0.96123099 -0.16312563  0.16010494] -237.70303109097782
[ 3.49590459 -1.86162303  1.59066193  0.97145008 -0.1692418   0.15088194] -237.70278404161786
[ 3.5008736  -1.85692825  1.61408115  0.97278054 -0.17427723  0.14431949] -237.70343227823645
[ 3.47617401 -1.87072728  1.57760018  0.92317439 -0.17953426  0.11920678] -237.70536257545396
[ 3.49648026 -1.86405957  1.5683971   0.98503947 -0.16036055  0.16816319] -237.70286212903918
[ 3.51356108 -1.8928077   1.55697053  0.97002262 -0.16378237  0.17025   ] -237.70461257399475
[ 3.48352766 -1.85757617  1.57541905  0.96653283 -0.16648137  0.14915241] -237.7030088992711
[ 3.50108547 -1.81451622  1.58488412  0.98140735 -0.16222064  0.1466039 ] -237.7056425626222
[ 3.48930338 -1.88424423  1.56554303  0.96319322 -0.16680072  0.15786041] -237.70264261495112
[ 3.50037714 -1.8859122   1.599232    0.98549514 -0.15818398  0.1505226 ] -237.70302318289788
[ 3.48859886 -1.86759544  1.59272116  0.96855357 -0.16660309  0.17361704] -237.70266835284943
[ 3.48724261 -1.87702809  1.58362726  0.98552378 -0.1660982   0.15662759] -237.70279748645933
[ 3.47997532 -1.85146331  1.55955785  0.96126918 -0.17367793  0.16824493] -237.70269990108025
[ 3.49564068 -1.87776172  1.57808372  0.97847694 -0.16777939  0.17597929] -237.70197678642168
[ 3.50169719 -1.8878545   1.57941605  0.98444899 -0.16842841  0.18939274] -237.70201270905494
[ 3.48240822 -1.87584571  1.58833455  0.95778279 -0.17637317  0.15957388] -237.70221880231185
[ 3.4900344  -1.86248305  1.57467349  0.94805148 -0.1740605   0.17209158] -237.70286125198416
[ 3.48794056 -1.87339183  1.58138882  0.97615571 -0.16808878  0.16049359] -237.70245578149488
[ 3.47871775 -1.88181105  1.56454778  0.96369371 -0.17053256  0.1810411 ] -237.70417682603573
[ 3.49160788 -1.86667003  1.58413339  0.96951099 -0.16956449  0.15842173] -237.70245351723426
[ 3.49852454 -1.89703968  1.60384371  0.97662189 -0.16472528  0.16040372] -237.70255343968353
[ 3.49320956 -1.89072229  1.5743879   0.97202694 -0.17117418  0.15062717] -237.70217824625507
[ 3.4938071  -1.87623286  1.60451434  0.98033187 -0.17243438  0.16397271] -237.70254676873347
[ 3.48301346 -1.8565018   1.5664372   0.96813985 -0.17707951  0.16261908] -237.70251348828208
[ 3.48413302 -1.8707316   1.55307419  0.96036587 -0.1709188   0.15859887] -237.70249186394588
[ 3.49529985 -1.89520593  1.58669699  0.96996656 -0.16422009  0.15861244] -237.70262833831893
[ 3.48608505 -1.86617783  1.57150215  0.96859653 -0.17386466  0.16161742] -237.70224177938326
[ 3.49483097 -1.8794582   1.60620265  0.98048409 -0.17136276  0.16363883] -237.70253994726735
[ 3.4868075  -1.87291325  1.5663563   0.96539543 -0.17102979  0.15985886] -237.70250016992884
[ 3.49442512 -1.88424201  1.57623581  0.97525194 -0.16947679  0.16330323] -237.7020094090845
[ 3.48902445 -1.87680371  1.58320913  0.96812986 -0.17207628  0.16777659] -237.70216936060402
[ 3.49086287 -1.87196978  1.57479293  0.97353673 -0.17082203  0.16879836] -237.7018579347935
[ 3.49362428 -1.87221588  1.58110855  0.97399396 -0.16867194  0.16720051] -237.70198388037534
[ 3.49179062 -1.87557678  1.57973627  0.97731632 -0.16793409  0.16823644] -237.70192243981595
[ 3.48988685 -1.87424666  1.56557895  0.96942141 -0.1693491   0.16728908] -237.70209501503098
[ 3.49638569 -1.87520056  1.56863628  0.98120257 -0.16593483  0.16915905] -237.70224788033045
[ 3.49086476 -1.87640292  1.57956592  0.97139804 -0.17054092  0.1681222 ] -237.70184489797018
[ 3.49584926 -1.87847636  1.59092878  0.98056991 -0.16905929  0.16992427] -237.701946242428
[ 3.4917857  -1.86655914  1.58516958  0.97651203 -0.16879243  0.17611712] -237.70240043385311
[ 3.49376526 -1.87982129  1.57846925  0.97556696 -0.1693057   0.16650671] -237.70192989378074
[ 3.49263354 -1.88112041  1.57941707  0.97829434 -0.16980853  0.17198858] -237.70190272551295
[ 3.48961476 -1.87669413  1.58288636  0.97375049 -0.17137745  0.16187956] -237.7022951725064
[ 3.4941342  -1.87749482  1.57928438  0.97729533 -0.16867891  0.17245436] -237.70197658068827
[ 3.49112124 -1.87696102  1.5816857   0.97493211 -0.17047794  0.16540449] -237.70184977909443
[ 3.48783017 -1.87547437  1.56696027  0.96977826 -0.17057044  0.16642799] -237.70194789501465
[ 3.49384449 -1.87772587  1.58493665  0.97787199 -0.16943708  0.1690502 ] -237.70192033166202
[ 3.48994057 -1.87343097  1.58157559  0.97554955 -0.17036783  0.17069338] -237.70224051342566
[ 3.49280909 -1.87822371  1.57924584  0.97556261 -0.16957123  0.16755338] -237.7018806793585
[ 3.49225471 -1.87855779  1.5801451   0.97321562 -0.17228515  0.16873596] -237.70172469430625
[ 3.49248675 -1.8800483   1.58034952  0.97116526 -0.17446069  0.16898572] -237.70165373026384
[ 3.48974826 -1.87718285  1.57341567  0.97042437 -0.1724567   0.16790071] -237.7017531778977
[ 3.48999745 -1.87247579  1.57693479  0.9673787  -0.17296797  0.16359971] -237.70211916995663
[ 3.49197452 -1.87895925  1.5787965   0.97556543 -0.17059839  0.16989136] -237.701825851673
[ 3.48954371 -1.87561767  1.57695624  0.97011137 -0.17354766  0.16881424] -237.70167110252737
[ 3.49105021 -1.88308756  1.58213025  0.97099546 -0.17320541  0.16757455] -237.7016696544792
[ 3.49076816 -1.88013849  1.57538567  0.96828787 -0.17445865  0.17169177] -237.70165121360225
[ 3.49059162 -1.88172723  1.57223566  0.96496575 -0.176449    0.17483541] -237.70164453510301
[ 3.4909336  -1.88247136  1.57506203  0.96967784 -0.17636503  0.17121179] -237.70160569451573
[ 3.49096801 -1.88550558  1.57281009  0.96881774 -0.17927709  0.17275658] -237.70159948225935
[ 3.48948834 -1.88209714  1.57383598  0.96326122 -0.17920046  0.17039771] -237.70156342688475
[ 3.48824525 -1.88366609  1.57135572  0.95710912 -0.18350149  0.17065088] -237.70166842331116
[ 3.49162795 -1.88551165  1.57935691  0.96601457 -0.17959007  0.17322069] -237.70156524559084
[ 3.49252726 -1.89037482  1.57661656  0.96496197 -0.18051324  0.17377598] -237.70162260250532
[ 3.4915131  -1.88533401  1.56960465  0.96206672 -0.18329144  0.17708281] -237.70165586153482
[ 3.49139738 -1.8847724   1.57273605  0.9642989  -0.18076993  0.17470575] -237.7015912354938
[ 3.48971344 -1.88994797  1.56884756  0.95960812 -0.18413924  0.17757832] -237.70151364419866
[ 3.48832678 -1.89489781  1.56309658  0.95382955 -0.18897851  0.18187462] -237.7020386020198
[ 3.49131584 -1.89100929  1.57583205  0.96402176 -0.18471434  0.17264293] -237.70144455130065
[ 3.49167794 -1.89565032  1.57763025  0.96354976 -0.18884701  0.1715467 ] -237.70173453825873
[ 3.4889764  -1.88257319  1.57118965  0.96371214 -0.18205046  0.17332468] -237.70155656530162
[ 3.48987177 -1.88646497  1.57445598  0.9581545  -0.18421108  0.17453344] -237.70162141847013
[ 3.49069395 -1.88574543  1.57322156  0.96615193 -0.18051058  0.1732008 ] -237.7015525029953
[ 3.48920792 -1.88752249  1.57469185  0.96329101 -0.18263178  0.17208263] -237.70134164612995
[ 3.4881132  -1.88889754  1.57566975  0.96278707 -0.18356271  0.17077107] -237.70134358070155
[ 3.48817068 -1.88745353  1.56651598  0.96066749 -0.18482556  0.17318833] -237.7015095809634
[ 3.48987107 -1.89265349  1.56959691  0.96255626 -0.1870902   0.17694152] -237.70160484270156
[ 3.48958402 -1.88473623  1.57277621  0.96308498 -0.18117289  0.17203366] -237.70155626936352
[ 3.49058555 -1.89289846  1.57277208  0.96189629 -0.18394767  0.17358421] -237.70151063705566
[ 3.49031177 -1.89345616  1.57118415  0.96212722 -0.18575017  0.17539208] -237.70150934325596
[ 3.48907445 -1.8950172   1.57005967  0.9577187  -0.188159    0.17495537] -237.7017542739849
[ 3.49028908 -1.88806337  1.57243109  0.96404362 -0.18242269  0.17363944] -237.7016003386012
[ 3.49026188 -1.88926589  1.57526195  0.96365638 -0.18367306  0.17236278] -237.70140847120754
[ 3.48975985 -1.89048932  1.572938    0.96270912 -0.18419097  0.17373735] -237.70144313262634
[ 3.4886893  -1.88748801  1.57060391  0.96197925 -0.18372867  0.17263548] -237.70142736545066
[ 3.48989674 -1.89021047  1.57373197  0.96259365 -0.18328973  0.17283342] -237.70140279688454
[ 3.48946068 -1.88873523  1.57176971  0.96144957 -0.18338551  0.17483047] -237.7014169585559
[ 3.48995094 -1.88663396  1.57395671  0.96472147 -0.18157118  0.17264171] -237.70154451031308
[ 3.48914119 -1.89126985  1.57237576  0.96050486 -0.18539539  0.173519  ] -237.7014512955223
[ 3.48934362 -1.89011088  1.572771    0.96155901 -0.18443934  0.17329968] -237.70140478320562
[ 3.48919354 -1.88728833  1.57333879  0.96213384 -0.18285839  0.17227747] -237.70135473813343
[ 3.49043216 -1.89022309  1.57658451  0.96291524 -0.1830306   0.17326   ] -237.70140403444492
[ 3.48998461 -1.88947182  1.57702365  0.96393348 -0.18325546  0.17054152] -237.70137336565398
[ 3.48909098 -1.8890098   1.57411864  0.96181903 -0.1828287   0.17240212] -237.70138949485022
[ 3.48992503 -1.88779779  1.57705881  0.96400308 -0.18152555  0.17116604] -237.70154117260202
[ 3.48948897 -1.88953261  1.57384295  0.96217003 -0.18371089  0.17276627] -237.701418955735
[ 3.48920073 -1.88740541  1.57401532  0.96271243 -0.18274509  0.17218005] -237.70138570554033
[ 3.48959627 -1.88849716  1.57585775  0.96361225 -0.18294362  0.17131207] -237.70136359646017
[ 3.48914945 -1.88826615  1.57440524  0.96255502 -0.18273024  0.17224238] -237.7013330773111
[ 3.48955233 -1.88886648  1.57421191  0.96294233 -0.18296075  0.17245802] -237.7013478586396
[ 3.48982004 -1.88887279  1.57563818  0.96310313 -0.18283119  0.17267132] -237.70140291974988
[ 3.48927577 -1.88881668  1.57373142  0.96242501 -0.18353556  0.17269115] -237.70137079841692
[ 3.48884078 -1.88758533  1.57333299  0.96274289 -0.18301782  0.17165079] -237.70133117408653
[ 3.48835115 -1.8869416   1.57218039  0.96256278 -0.18311114  0.17114052] -237.70136043630143
[ 3.48934012 -1.88911269  1.5747284   0.96314374 -0.18319484  0.17196563] -237.70134088684864
[ 3.48928652 -1.88780008  1.57534462  0.96367074 -0.18229079  0.17121269] -237.70134509046682
[ 3.48886278 -1.88788725  1.57304726  0.962503   -0.18266513  0.17255864] -237.70138677453784
[ 3.48941289 -1.88834468  1.57515513  0.96333494 -0.182874    0.17162371] -237.70133959924107
[ 3.48886023 -1.88734399  1.5750075   0.96330378 -0.18261907  0.17113458] -237.70134255500153
[ 3.48898395 -1.88825836  1.57376241  0.96245306 -0.18339846  0.17235389] -237.70133748504597
[ 3.48945148 -1.88901924  1.57368451  0.96253644 -0.18332998  0.17283842] -237.7014089065418
[ 3.48900804 -1.8877628   1.57467675  0.96311195 -0.1827968   0.17156054] -237.70133346385077
[ 3.48903715 -1.88892085  1.57399512  0.96248952 -0.18337227  0.17171635] -237.7013642035583
[ 3.48916523 -1.88787208  1.57451767  0.96309064 -0.1828169   0.17199106] -237.7013805632413
[ 3.48899512 -1.88792574  1.57386912  0.96264896 -0.18287403  0.17194658] -237.70133868025545
[ 3.48892441 -1.88767407  1.57400487  0.96292742 -0.18290731  0.17160566] -237.70136691191544
[ 3.48891237 -1.88792185  1.5735477   0.96259797 -0.18320814  0.17200234] -237.70132959485167
[ 3.48912684 -1.88796501  1.57424406  0.96303891 -0.18294591  0.17163725] -237.70137542549634
[ 3.48909045 -1.88834901  1.57403069  0.96294332 -0.18310633  0.17180821] -237.70134056832524
[ 3.48902435 -1.88755391  1.57401242  0.96301695 -0.1828248   0.17186671] -237.70135068708146
[ 3.48880232 -1.88770496  1.57335521  0.96258692 -0.18303357  0.17198951] -237.70136623425796
[ 3.48896405 -1.8880062   1.57337784  0.96258492 -0.18311426  0.17214905] -237.70138366393692
[ 3.48893432 -1.8877571   1.57384811  0.96284179 -0.18295905  0.17174151] -237.70138164988427
[ 3.48887658 -1.88775359  1.57344034  0.96267043 -0.18311298  0.17182656] -237.70134602139956
[ 3.48895374 -1.88792379  1.57370841  0.96262347 -0.18304109  0.17197446] -237.70134887024926
[ 3.48900141 -1.88813543  1.5737892   0.96277065 -0.18315724  0.17190527] -237.7013508047701
[ 3.48896836 -1.88773788  1.57378006  0.96280746 -0.18301647  0.17193452] -237.70135698893645
[ 3.48885735 -1.88781341  1.57345145  0.96259245 -0.18312086  0.17199592] -237.7013664147298
[ 3.48891839 -1.88779796  1.57377629  0.9627627  -0.18305773  0.171804  ] -237.70135270012142
[ 3.4890196  -1.88794343  1.57389588  0.96281844 -0.18307703  0.17181979] -237.7013876123775
[ 3.48889791 -1.88784591  1.57356256  0.96264895 -0.1831099   0.17195189] -237.7013402462727
[ 3.4888851  -1.88805496  1.57349477  0.96255059 -0.18321255  0.17188699] -237.7013663937782
[ 3.48894755 -1.88781715  1.57370874  0.96274325 -0.18306549  0.17192264] -237.70135678654475
[ 3.48890592 -1.88797569  1.57356609  0.96261481 -0.18316353  0.17189887] -237.7013420958597
[ 3.48893092 -1.88805413  1.57342848  0.96254606 -0.18320657  0.17204913] -237.70134888011003
[ 3.4888244  -1.88768956  1.57329533  0.96246325 -0.1831235   0.17199581] -237.70135123051156
[ 3.48895716 -1.88802396  1.57366573  0.9626938  -0.1831488   0.17192791] -237.7013460971428
[ 3.48890364 -1.8877608   1.57373513  0.96273708 -0.18305492  0.17181155] -237.7013620741829
[ 3.4889241  -1.8879808   1.57350514  0.96259382 -0.18316865  0.17198973] -237.70137820634142
[ 3.48890514 -1.88788388  1.57355513  0.96262346 -0.18315902  0.17197711] -237.70134373680352
[ 3.48890914 -1.88794877  1.5735569   0.96260639 -0.18318584  0.1719506 ] -237.70133977801953
[ 3.48889447 -1.88783772  1.57349402  0.9626342  -0.18316056  0.17191445] -237.70135829230566
[ 3.48893476 -1.8879729   1.57360672  0.96264589 -0.18317847  0.17196512] -237.7013673986457
[ 3.48893306 -1.88792282  1.57362805  0.96261072 -0.18312461  0.1719884 ] -237.70134590502826
[ 3.48892164 -1.88798799  1.57348809  0.96257202 -0.18320735  0.17202573] -237.70135818097864
